2023-04-20 14:05:11,692 INFO Tickers: ['MDLZ']
2023-04-20 14:05:11,836 INFO Negative OS: -0.00031655425919008273 --- ticker MDLZ --- day 2017-01-04 --- time 50400
2023-04-20 14:05:12,245 INFO Negative OS: -0.00808480859785754 --- ticker MDLZ --- day 2017-01-12 --- time 39600
2023-04-20 14:05:15,778 INFO Negative OS: -0.01788797593447855 --- ticker MDLZ --- day 2017-03-23 --- time 36000
2023-04-20 14:05:15,782 INFO Negative OS: -0.007233623669098632 --- ticker MDLZ --- day 2017-03-23 --- time 37800
2023-04-20 14:05:15,861 INFO Negative OS: -0.027227590990611672 --- ticker MDLZ --- day 2017-03-24 --- time 39600
2023-04-20 14:05:16,298 INFO Negative OS: -0.02949317107486049 --- ticker MDLZ --- day 2017-04-03 --- time 36000
2023-04-20 14:05:16,520 INFO Negative OS: -0.11154329525010764 --- ticker MDLZ --- day 2017-04-06 --- time 36000
2023-04-20 14:05:16,534 INFO Negative OS: -0.035352725861315104 --- ticker MDLZ --- day 2017-04-06 --- time 41400
2023-04-20 14:05:18,518 INFO Negative OS: -0.02459509579742636 --- ticker MDLZ --- day 2017-05-16 --- time 36000
2023-04-20 14:05:20,392 INFO Negative OS: -0.09142955708218814 --- ticker MDLZ --- day 2017-06-21 --- time 50400
2023-04-20 14:05:20,427 INFO Negative OS: -0.1064137631330968 --- ticker MDLZ --- day 2017-06-22 --- time 36000
2023-04-20 14:05:20,737 INFO Negative OS: -0.02426580100527409 --- ticker MDLZ --- day 2017-06-28 --- time 41400
2023-04-20 14:05:21,623 INFO Negative OS: -0.25811465148059165 --- ticker MDLZ --- day 2017-07-17 --- time 46800
2023-04-20 14:05:21,632 INFO Negative OS: -0.06664231894151595 --- ticker MDLZ --- day 2017-07-17 --- time 50400
2023-04-20 14:05:22,135 INFO Negative OS: -0.019809994630124672 --- ticker MDLZ --- day 2017-07-26 --- time 50400
2023-04-20 14:05:22,469 INFO Negative OS: -0.06865128893096406 --- ticker MDLZ --- day 2017-08-02 --- time 36000
2023-04-20 14:05:24,964 INFO Negative OS: -0.030879650788125268 --- ticker MDLZ --- day 2017-09-20 --- time 48600
2023-04-20 14:05:24,969 INFO Negative OS: -0.013984801258338564 --- ticker MDLZ --- day 2017-09-20 --- time 50400
2023-04-20 14:05:25,160 INFO Negative OS: -0.004944699435713629 --- ticker MDLZ --- day 2017-09-25 --- time 39600
2023-04-20 14:05:26,938 INFO Negative OS: -0.00731548241584723 --- ticker MDLZ --- day 2017-10-30 --- time 52200
2023-04-20 14:05:28,456 INFO Negative OS: -0.22484550693372096 --- ticker MDLZ --- day 2017-11-30 --- time 52200
2023-04-20 14:05:28,497 INFO Negative OS: -0.3068514220915852 --- ticker MDLZ --- day 2017-12-01 --- time 39600
2023-04-20 14:05:28,901 INFO Negative OS: -0.024453016306856812 --- ticker MDLZ --- day 2017-12-08 --- time 52200
2023-04-20 14:05:30,777 INFO Negative OS: -0.377051916887297 --- ticker MDLZ --- day 2018-01-19 --- time 45000
2023-04-20 14:05:30,792 INFO Negative OS: -0.20528006384933595 --- ticker MDLZ --- day 2018-01-19 --- time 50400
2023-04-20 14:05:31,361 INFO Negative OS: -0.015465214949816453 --- ticker MDLZ --- day 2018-01-31 --- time 41400
2023-04-20 14:05:31,748 INFO Negative OS: -0.01013983110060801 --- ticker MDLZ --- day 2018-02-07 --- time 46800
2023-04-20 14:05:31,957 INFO Negative OS: -0.03364247939792331 --- ticker MDLZ --- day 2018-02-12 --- time 41400
2023-04-20 14:05:32,579 INFO Negative OS: -0.38041169182754286 --- ticker MDLZ --- day 2018-02-23 --- time 52200
2023-04-20 14:05:33,090 INFO Negative OS: -0.19377973143710592 --- ticker MDLZ --- day 2018-03-06 --- time 48600
2023-04-20 14:05:33,095 INFO Negative OS: -0.04725937691911719 --- ticker MDLZ --- day 2018-03-06 --- time 50400
2023-04-20 14:05:33,099 INFO Negative OS: -0.11895000316809834 --- ticker MDLZ --- day 2018-03-06 --- time 52200
2023-04-20 14:05:34,027 INFO Negative OS: -0.5181948949527311 --- ticker MDLZ --- day 2018-03-23 --- time 37800
2023-04-20 14:05:34,713 INFO Negative OS: -0.020306283416050785 --- ticker MDLZ --- day 2018-04-06 --- time 43200
2023-04-20 14:05:35,221 INFO Negative OS: -0.015167848902668757 --- ticker MDLZ --- day 2018-04-17 --- time 39600
2023-04-20 14:05:35,235 INFO Negative OS: -0.024788453541289224 --- ticker MDLZ --- day 2018-04-17 --- time 45000
2023-04-20 14:05:35,240 INFO Negative OS: -0.019385842090235306 --- ticker MDLZ --- day 2018-04-17 --- time 46800
2023-04-20 14:05:35,370 INFO Negative OS: -0.04236307113970761 --- ticker MDLZ --- day 2018-04-19 --- time 41400
2023-04-20 14:05:35,375 INFO Negative OS: -0.002667459164230168 --- ticker MDLZ --- day 2018-04-19 --- time 43200
2023-04-20 14:05:36,057 INFO Negative OS: -0.009217365531689614 --- ticker MDLZ --- day 2018-05-02 --- time 48600
2023-04-20 14:05:37,599 INFO Negative OS: -0.05708834723902467 --- ticker MDLZ --- day 2018-06-01 --- time 45000
2023-04-20 14:05:38,020 INFO Negative OS: -0.02085725477764888 --- ticker MDLZ --- day 2018-06-11 --- time 36000
2023-04-20 14:05:38,030 INFO Negative OS: -0.030060137105610174 --- ticker MDLZ --- day 2018-06-11 --- time 39600
2023-04-20 14:05:38,035 INFO Negative OS: -0.052516383326257854 --- ticker MDLZ --- day 2018-06-11 --- time 41400
2023-04-20 14:05:38,045 INFO Negative OS: -0.0395049386881301 --- ticker MDLZ --- day 2018-06-11 --- time 45000
2023-04-20 14:05:38,095 INFO Negative OS: -0.08520278178107432 --- ticker MDLZ --- day 2018-06-12 --- time 36000
2023-04-20 14:05:38,109 INFO Negative OS: -0.11302441047728284 --- ticker MDLZ --- day 2018-06-12 --- time 41400
2023-04-20 14:05:38,119 INFO Negative OS: -0.03125663985258975 --- ticker MDLZ --- day 2018-06-12 --- time 45000
2023-04-20 14:05:38,124 INFO Negative OS: -0.09958782705157687 --- ticker MDLZ --- day 2018-06-12 --- time 46800
2023-04-20 14:05:38,133 INFO Negative OS: -0.013171336809898238 --- ticker MDLZ --- day 2018-06-12 --- time 50400
2023-04-20 14:05:38,169 INFO Negative OS: -0.18201821040022215 --- ticker MDLZ --- day 2018-06-13 --- time 36000
2023-04-20 14:05:38,179 INFO Negative OS: -0.0007618860414233541 --- ticker MDLZ --- day 2018-06-13 --- time 39600
2023-04-20 14:05:38,208 INFO Negative OS: -0.12280291983179326 --- ticker MDLZ --- day 2018-06-13 --- time 50400
2023-04-20 14:05:38,282 INFO Negative OS: -0.026440543227728597 --- ticker MDLZ --- day 2018-06-14 --- time 50400
2023-04-20 14:05:38,425 INFO Negative OS: -0.011476433155798382 --- ticker MDLZ --- day 2018-06-18 --- time 48600
2023-04-20 14:05:39,057 INFO Negative OS: -0.010109151536964456 --- ticker MDLZ --- day 2018-06-29 --- time 36000
2023-04-20 14:05:39,076 INFO Negative OS: -0.02179415568800236 --- ticker MDLZ --- day 2018-06-29 --- time 43200
2023-04-20 14:05:39,322 INFO Negative OS: -0.21904927355795345 --- ticker MDLZ --- day 2018-07-06 --- time 50400
2023-04-20 14:05:39,658 INFO Negative OS: -0.14749583779541076 --- ticker MDLZ --- day 2018-07-13 --- time 37800
2023-04-20 14:05:39,663 INFO Negative OS: -0.03645794656680712 --- ticker MDLZ --- day 2018-07-13 --- time 39600
2023-04-20 14:05:39,672 INFO Negative OS: -0.051903387190971095 --- ticker MDLZ --- day 2018-07-13 --- time 43200
2023-04-20 14:05:39,677 INFO Negative OS: -0.00069360153178466 --- ticker MDLZ --- day 2018-07-13 --- time 45000
2023-04-20 14:05:39,696 INFO Negative OS: -0.011004977165139262 --- ticker MDLZ --- day 2018-07-13 --- time 52200
2023-04-20 14:05:39,801 INFO Negative OS: -0.09305634147061381 --- ticker MDLZ --- day 2018-07-17 --- time 36000
2023-04-20 14:05:40,328 INFO Negative OS: -0.04614095947851338 --- ticker MDLZ --- day 2018-07-26 --- time 41400
2023-04-20 14:05:40,338 INFO Negative OS: -0.5358821047573787 --- ticker MDLZ --- day 2018-07-26 --- time 45000
2023-04-20 14:05:40,343 INFO Negative OS: -0.18775957664220422 --- ticker MDLZ --- day 2018-07-26 --- time 46800
2023-04-20 14:05:40,348 INFO Negative OS: -0.15860298819962826 --- ticker MDLZ --- day 2018-07-26 --- time 48600
2023-04-20 14:05:40,353 INFO Negative OS: -0.011594127518571584 --- ticker MDLZ --- day 2018-07-26 --- time 50400
2023-04-20 14:05:40,491 INFO Negative OS: -0.06889492752971726 --- ticker MDLZ --- day 2018-07-30 --- time 46800
2023-04-20 14:05:40,718 INFO Negative OS: -0.31558698146307096 --- ticker MDLZ --- day 2018-08-02 --- time 48600
2023-04-20 14:05:40,773 INFO Negative OS: -0.05215932028387327 --- ticker MDLZ --- day 2018-08-03 --- time 41400
2023-04-20 14:05:40,777 INFO Negative OS: -0.01680195635253945 --- ticker MDLZ --- day 2018-08-03 --- time 43200
2023-04-20 14:05:40,782 INFO Negative OS: -0.014812869225227843 --- ticker MDLZ --- day 2018-08-03 --- time 45000
2023-04-20 14:05:40,857 INFO Negative OS: -0.051240671823223005 --- ticker MDLZ --- day 2018-08-06 --- time 45000
2023-04-20 14:05:40,862 INFO Negative OS: -0.008472217833386697 --- ticker MDLZ --- day 2018-08-06 --- time 46800
2023-04-20 14:05:40,871 INFO Negative OS: -0.0054599658874354695 --- ticker MDLZ --- day 2018-08-06 --- time 50400
2023-04-20 14:05:40,876 INFO Negative OS: -0.002642227848732137 --- ticker MDLZ --- day 2018-08-06 --- time 52200
2023-04-20 14:05:40,907 INFO Negative OS: -0.06934328161177361 --- ticker MDLZ --- day 2018-08-07 --- time 36000
2023-04-20 14:05:40,912 INFO Negative OS: -0.004778525549005597 --- ticker MDLZ --- day 2018-08-07 --- time 37800
2023-04-20 14:05:40,982 INFO Negative OS: -0.14053458504332927 --- ticker MDLZ --- day 2018-08-08 --- time 36000
2023-04-20 14:05:41,056 INFO Negative OS: -0.013917658401364053 --- ticker MDLZ --- day 2018-08-09 --- time 36000
2023-04-20 14:05:44,681 INFO Negative OS: -0.042168013103790036 --- ticker MDLZ --- day 2018-10-18 --- time 37800
2023-04-20 14:05:44,690 INFO Negative OS: -0.040164333340759084 --- ticker MDLZ --- day 2018-10-18 --- time 41400
2023-04-20 14:05:45,228 INFO Negative OS: -0.007653987737260781 --- ticker MDLZ --- day 2018-10-29 --- time 48600
2023-04-20 14:05:45,284 INFO Negative OS: -0.01505032673495621 --- ticker MDLZ --- day 2018-10-30 --- time 41400
2023-04-20 14:05:46,245 INFO Negative OS: -0.04071876232021654 --- ticker MDLZ --- day 2018-11-16 --- time 39600
2023-04-20 14:05:46,575 INFO Negative OS: -0.008096351252746992 --- ticker MDLZ --- day 2018-11-26 --- time 48600
2023-04-20 14:05:47,766 INFO Negative OS: -0.12286615351881358 --- ticker MDLZ --- day 2018-12-19 --- time 48600
2023-04-20 14:05:47,771 INFO Negative OS: -0.06117502695700572 --- ticker MDLZ --- day 2018-12-19 --- time 50400
2023-04-20 14:05:48,848 INFO Negative OS: -0.25498016237045795 --- ticker MDLZ --- day 2019-01-14 --- time 37800
2023-04-20 14:05:49,698 INFO Negative OS: -0.025632987192260703 --- ticker MDLZ --- day 2019-01-30 --- time 50400
2023-04-20 14:05:50,574 INFO Negative OS: -0.018701553104455426 --- ticker MDLZ --- day 2019-02-15 --- time 45000
2023-04-20 14:05:51,982 INFO Negative OS: -0.0041914278758030665 --- ticker MDLZ --- day 2019-03-15 --- time 46800
2023-04-20 14:05:52,214 INFO Negative OS: -0.12757799241847412 --- ticker MDLZ --- day 2019-03-20 --- time 50400
2023-04-20 14:05:52,472 INFO Negative OS: -0.003695128366535405 --- ticker MDLZ --- day 2019-03-26 --- time 36000
2023-04-20 14:05:53,548 INFO Negative OS: -0.0399037925120429 --- ticker MDLZ --- day 2019-04-15 --- time 52200
2023-04-20 14:05:53,954 INFO Negative OS: -0.0067856146180378385 --- ticker MDLZ --- day 2019-04-24 --- time 37800
2023-04-20 14:05:54,335 INFO Negative OS: -0.07174841998568438 --- ticker MDLZ --- day 2019-05-01 --- time 41400
2023-04-20 14:05:56,494 INFO Negative OS: -2.8557093388705734 --- ticker MDLZ --- day 2019-06-12 --- time 41400
2023-04-20 14:05:56,504 INFO Negative OS: -0.694697504760061 --- ticker MDLZ --- day 2019-06-12 --- time 45000
2023-04-20 14:05:56,815 INFO Negative OS: -0.1559980729055912 --- ticker MDLZ --- day 2019-06-18 --- time 50400
2023-04-20 14:05:56,885 INFO Negative OS: -0.33320143694599746 --- ticker MDLZ --- day 2019-06-19 --- time 48600
2023-04-20 14:05:56,890 INFO Negative OS: -0.015898744003036924 --- ticker MDLZ --- day 2019-06-19 --- time 50400
2023-04-20 14:05:58,776 INFO Negative OS: -0.7940682533257917 --- ticker MDLZ --- day 2019-07-26 --- time 39600
2023-04-20 14:05:58,988 INFO Negative OS: -0.005098195681252804 --- ticker MDLZ --- day 2019-07-31 --- time 36000
2023-04-20 14:05:59,984 INFO Negative OS: -0.029401737483265578 --- ticker MDLZ --- day 2019-08-19 --- time 46800
2023-04-20 14:06:00,142 INFO Negative OS: -0.029325312651769853 --- ticker MDLZ --- day 2019-08-21 --- time 50400
2023-04-20 14:06:00,783 INFO Negative OS: -0.026745780327567914 --- ticker MDLZ --- day 2019-09-04 --- time 39600
2023-04-20 14:06:01,104 INFO Negative OS: -3.656346783449777 --- ticker MDLZ --- day 2019-09-10 --- time 48600
2023-04-20 14:06:01,109 INFO Negative OS: -0.16069459452939672 --- ticker MDLZ --- day 2019-09-10 --- time 50400
2023-04-20 14:06:01,544 INFO Negative OS: -1.0154666096416363 --- ticker MDLZ --- day 2019-09-18 --- time 46800
2023-04-20 14:06:02,596 INFO Negative OS: -0.028095243654845392 --- ticker MDLZ --- day 2019-10-08 --- time 52200
2023-04-20 14:06:02,998 INFO Negative OS: -4.659622157948828 --- ticker MDLZ --- day 2019-10-16 --- time 36000
2023-04-20 14:06:03,041 INFO Negative OS: -0.06379472574444178 --- ticker MDLZ --- day 2019-10-16 --- time 52200
2023-04-20 14:06:03,740 INFO Negative OS: -0.10568566328104967 --- ticker MDLZ --- day 2019-10-30 --- time 36000
2023-04-20 14:06:03,774 INFO Negative OS: -0.13258461665603583 --- ticker MDLZ --- day 2019-10-30 --- time 48600
2023-04-20 14:06:04,646 INFO Negative OS: -0.12337854688321603 --- ticker MDLZ --- day 2019-11-15 --- time 43200
2023-04-20 14:06:04,798 INFO Negative OS: -0.44112194668615845 --- ticker MDLZ --- day 2019-11-19 --- time 45000
2023-04-20 14:06:06,093 INFO in_r2: 0.7421199783262749 , std 0.20533224929322805 
2023-04-20 14:06:06,093 INFO os_r2: 0.7191375982520384 , std 0.2312402609439792 
2023-04-20 14:06:06,093 INFO intercept: -2.4279258220352186e-07 , std 1.2697838284251592e-05 
2023-04-20 14:06:06,093 INFO pca_1: 2.034697835269322e-06 , std 0.0002338823635757145 
2023-04-20 14:06:06,093 INFO t_intercept: -0.05017408202181156 , std 2.270033511300841 
2023-04-20 14:06:06,093 INFO t_pca_1: 0.1450343856493628 , std 29.36961757963866 
2023-04-20 14:06:06,093 INFO p_intercept: 0.29160215594346095 , std 0.3103023136476204 
2023-04-20 14:06:06,093 INFO p_pca_1: 0.0040369621866878595 , std 0.04640418344071143 
2023-04-20 14:06:06,093 INFO pca_explained_1: 0.6316170926932734 , std 0.12352395490758869 
