2023-04-20 14:07:33,990 INFO Tickers: ['RTN']
2023-04-20 14:07:34,046 INFO Negative OS: -0.07437059519340816 --- ticker RTN --- day 2017-01-03 --- time 45000
2023-04-20 14:07:34,051 INFO Negative OS: -0.019490214417241303 --- ticker RTN --- day 2017-01-03 --- time 46800
2023-04-20 14:07:34,056 INFO Negative OS: -0.0037039371662976883 --- ticker RTN --- day 2017-01-03 --- time 48600
2023-04-20 14:07:34,096 INFO Negative OS: -0.034318293301972114 --- ticker RTN --- day 2017-01-04 --- time 36000
2023-04-20 14:07:34,162 INFO Negative OS: -0.6320549855113395 --- ticker RTN --- day 2017-01-05 --- time 36000
2023-04-20 14:07:34,168 INFO Negative OS: -0.1745526070410537 --- ticker RTN --- day 2017-01-05 --- time 37800
2023-04-20 14:07:34,183 INFO Negative OS: -0.7086896310323043 --- ticker RTN --- day 2017-01-05 --- time 43200
2023-04-20 14:07:34,195 INFO Negative OS: -0.7811925555956822 --- ticker RTN --- day 2017-01-05 --- time 48600
2023-04-20 14:07:34,426 INFO Negative OS: -0.0020126031689116086 --- ticker RTN --- day 2017-01-11 --- time 41400
2023-04-20 14:07:34,438 INFO Negative OS: -0.016047436775977975 --- ticker RTN --- day 2017-01-11 --- time 46800
2023-04-20 14:07:34,444 INFO Negative OS: -0.05648848305604459 --- ticker RTN --- day 2017-01-11 --- time 48600
2023-04-20 14:07:34,485 INFO Negative OS: -0.004106379799309723 --- ticker RTN --- day 2017-01-12 --- time 36000
2023-04-20 14:07:34,491 INFO Negative OS: -0.10899272795308379 --- ticker RTN --- day 2017-01-12 --- time 37800
2023-04-20 14:07:34,496 INFO Negative OS: -0.02144340915292875 --- ticker RTN --- day 2017-01-12 --- time 39600
2023-04-20 14:07:34,733 INFO Negative OS: -0.2018651333205621 --- ticker RTN --- day 2017-01-19 --- time 36000
2023-04-20 14:07:34,765 INFO Negative OS: -0.09890333843326138 --- ticker RTN --- day 2017-01-19 --- time 52200
2023-04-20 14:07:34,811 INFO Negative OS: -0.04483121863320294 --- ticker RTN --- day 2017-01-20 --- time 43200
2023-04-20 14:07:35,006 INFO Negative OS: -0.017038284418107175 --- ticker RTN --- day 2017-01-25 --- time 50400
2023-04-20 14:07:35,011 INFO Negative OS: -0.0009082814908101255 --- ticker RTN --- day 2017-01-25 --- time 52200
2023-04-20 14:07:35,044 INFO Negative OS: -0.019640594092007024 --- ticker RTN --- day 2017-01-26 --- time 36000
2023-04-20 14:07:35,049 INFO Negative OS: -0.02802977547487928 --- ticker RTN --- day 2017-01-26 --- time 37800
2023-04-20 14:07:35,054 INFO Negative OS: -0.022383150296928944 --- ticker RTN --- day 2017-01-26 --- time 39600
2023-04-20 14:07:35,112 INFO Negative OS: -0.5743882400343647 --- ticker RTN --- day 2017-01-27 --- time 36000
2023-04-20 14:07:35,149 INFO Negative OS: -0.07536647705632649 --- ticker RTN --- day 2017-01-27 --- time 52200
2023-04-20 14:07:35,185 INFO Negative OS: -0.040245427919052945 --- ticker RTN --- day 2017-01-30 --- time 37800
2023-04-20 14:07:35,256 INFO Negative OS: -0.009507825760094235 --- ticker RTN --- day 2017-01-31 --- time 41400
2023-04-20 14:07:35,311 INFO Negative OS: -0.0834858515702055 --- ticker RTN --- day 2017-02-01 --- time 36000
2023-04-20 14:07:35,399 INFO Negative OS: -0.10154845490517972 --- ticker RTN --- day 2017-02-02 --- time 50400
2023-04-20 14:07:35,436 INFO Negative OS: -0.20508034443227818 --- ticker RTN --- day 2017-02-03 --- time 36000
2023-04-20 14:07:35,467 INFO Negative OS: -0.046009978334181856 --- ticker RTN --- day 2017-02-03 --- time 52200
2023-04-20 14:07:35,576 INFO Negative OS: -0.004228079423687969 --- ticker RTN --- day 2017-02-07 --- time 45000
2023-04-20 14:07:35,591 INFO Negative OS: -0.01078360133954126 --- ticker RTN --- day 2017-02-07 --- time 52200
2023-04-20 14:07:35,655 INFO Negative OS: -0.026812615881274482 --- ticker RTN --- day 2017-02-08 --- time 52200
2023-04-20 14:07:35,719 INFO Negative OS: -0.037146775597840964 --- ticker RTN --- day 2017-02-09 --- time 52200
2023-04-20 14:07:36,161 INFO Negative OS: -0.029452852398542673 --- ticker RTN --- day 2017-02-21 --- time 50400
2023-04-20 14:07:36,166 INFO Negative OS: -0.08391755527973932 --- ticker RTN --- day 2017-02-21 --- time 52200
2023-04-20 14:07:36,861 INFO Negative OS: -0.3272666277738723 --- ticker RTN --- day 2017-03-08 --- time 48600
2023-04-20 14:07:38,952 INFO Negative OS: -0.03543441950744164 --- ticker RTN --- day 2017-04-26 --- time 39600
2023-04-20 14:07:39,939 INFO Negative OS: -0.033382036396109926 --- ticker RTN --- day 2017-05-18 --- time 37800
2023-04-20 14:07:39,944 INFO Negative OS: -0.0592358012503047 --- ticker RTN --- day 2017-05-18 --- time 39600
2023-04-20 14:07:40,496 INFO Negative OS: -0.031642627100366694 --- ticker RTN --- day 2017-06-01 --- time 36000
2023-04-20 14:07:41,087 INFO Negative OS: -0.09340801566667678 --- ticker RTN --- day 2017-06-14 --- time 50400
2023-04-20 14:07:42,886 INFO Negative OS: -0.09174025803046582 --- ticker RTN --- day 2017-07-27 --- time 48600
2023-04-20 14:07:43,476 INFO Negative OS: -0.021807034068303643 --- ticker RTN --- day 2017-08-10 --- time 39600
2023-04-20 14:07:43,538 INFO Negative OS: -0.061521697976104406 --- ticker RTN --- day 2017-08-11 --- time 36000
2023-04-20 14:07:43,660 INFO Negative OS: -0.014188877734313987 --- ticker RTN --- day 2017-08-15 --- time 36000
2023-04-20 14:07:43,850 INFO Negative OS: -0.003241757195526107 --- ticker RTN --- day 2017-08-18 --- time 39600
2023-04-20 14:07:48,104 INFO Negative OS: -0.0005012426414432447 --- ticker RTN --- day 2017-11-30 --- time 39600
2023-04-20 14:07:48,160 INFO Negative OS: -0.00459564227892062 --- ticker RTN --- day 2017-12-01 --- time 36000
2023-04-20 14:07:48,165 INFO Negative OS: -0.018107517943900087 --- ticker RTN --- day 2017-12-01 --- time 37800
2023-04-20 14:07:48,170 INFO Negative OS: -0.03205315112975504 --- ticker RTN --- day 2017-12-01 --- time 39600
2023-04-20 14:07:48,175 INFO Negative OS: -0.0629919606640823 --- ticker RTN --- day 2017-12-01 --- time 41400
2023-04-20 14:07:48,180 INFO Negative OS: -0.016833593742312525 --- ticker RTN --- day 2017-12-01 --- time 43200
2023-04-20 14:07:48,236 INFO Negative OS: -0.17613657454002096 --- ticker RTN --- day 2017-12-04 --- time 37800
2023-04-20 14:07:48,241 INFO Negative OS: -0.003959867482847823 --- ticker RTN --- day 2017-12-04 --- time 39600
2023-04-20 14:07:48,355 INFO Negative OS: -0.029800164381331262 --- ticker RTN --- day 2017-12-06 --- time 36000
2023-04-20 14:07:48,423 INFO Negative OS: -0.031004716988156655 --- ticker RTN --- day 2017-12-07 --- time 37800
2023-04-20 14:07:48,836 INFO Negative OS: -0.004297127867147754 --- ticker RTN --- day 2017-12-18 --- time 36000
2023-04-20 14:07:49,077 INFO Negative OS: -0.05135521232082518 --- ticker RTN --- day 2017-12-22 --- time 36000
2023-04-20 14:07:49,082 INFO Negative OS: -0.023045605948004644 --- ticker RTN --- day 2017-12-22 --- time 37800
2023-04-20 14:07:50,334 INFO Negative OS: -0.0032901105785347884 --- ticker RTN --- day 2018-01-25 --- time 36000
2023-04-20 14:07:50,462 INFO Negative OS: -0.053085944450445455 --- ticker RTN --- day 2018-01-29 --- time 36000
2023-04-20 14:07:50,645 INFO Negative OS: -0.05925713958821266 --- ticker RTN --- day 2018-02-01 --- time 36000
2023-04-20 14:07:50,708 INFO Negative OS: -0.03660294331702274 --- ticker RTN --- day 2018-02-02 --- time 36000
2023-04-20 14:07:50,868 INFO Negative OS: -0.10819309767508334 --- ticker RTN --- day 2018-02-06 --- time 52200
2023-04-20 14:07:50,960 INFO Negative OS: -0.5139586111597478 --- ticker RTN --- day 2018-02-08 --- time 36000
2023-04-20 14:07:50,966 INFO Negative OS: -0.008073704860069641 --- ticker RTN --- day 2018-02-08 --- time 37800
2023-04-20 14:07:51,030 INFO Negative OS: -0.42831956332387167 --- ticker RTN --- day 2018-02-09 --- time 36000
2023-04-20 14:07:51,035 INFO Negative OS: -0.001735862091894802 --- ticker RTN --- day 2018-02-09 --- time 37800
2023-04-20 14:07:51,104 INFO Negative OS: -0.19506688723862964 --- ticker RTN --- day 2018-02-12 --- time 36000
2023-04-20 14:07:51,553 INFO Negative OS: -0.0021117409735733617 --- ticker RTN --- day 2018-02-22 --- time 36000
2023-04-20 14:07:51,673 INFO Negative OS: -0.009906426718306216 --- ticker RTN --- day 2018-02-26 --- time 36000
2023-04-20 14:07:51,678 INFO Negative OS: -0.0038801231671514724 --- ticker RTN --- day 2018-02-26 --- time 37800
2023-04-20 14:07:51,859 INFO Negative OS: -0.4493967757675239 --- ticker RTN --- day 2018-03-01 --- time 36000
2023-04-20 14:07:51,864 INFO Negative OS: -0.035425136438164806 --- ticker RTN --- day 2018-03-01 --- time 37800
2023-04-20 14:07:52,958 INFO Negative OS: -0.07388985393097669 --- ticker RTN --- day 2018-03-21 --- time 52200
2023-04-20 14:07:53,638 INFO Negative OS: -2.0659283006606595 --- ticker RTN --- day 2018-04-06 --- time 52200
2023-04-20 14:07:54,397 INFO Negative OS: -0.10922247946401153 --- ticker RTN --- day 2018-04-25 --- time 36000
2023-04-20 14:07:54,921 INFO Negative OS: -0.12563984566421293 --- ticker RTN --- day 2018-05-07 --- time 36000
2023-04-20 14:07:55,016 INFO Negative OS: -0.014891057776911687 --- ticker RTN --- day 2018-05-08 --- time 50400
2023-04-20 14:07:55,235 INFO Negative OS: -0.07887345901558884 --- ticker RTN --- day 2018-05-14 --- time 36000
2023-04-20 14:07:56,483 INFO Negative OS: -0.013973671798243714 --- ticker RTN --- day 2018-06-12 --- time 52200
2023-04-20 14:07:56,812 INFO Negative OS: -6.519814589027921 --- ticker RTN --- day 2018-06-19 --- time 48600
2023-04-20 14:07:57,069 INFO Negative OS: -0.1489563366100506 --- ticker RTN --- day 2018-06-25 --- time 46800
2023-04-20 14:07:57,132 INFO Negative OS: -0.029082407205626826 --- ticker RTN --- day 2018-06-26 --- time 41400
2023-04-20 14:07:57,260 INFO Negative OS: -0.0030419593712354143 --- ticker RTN --- day 2018-06-28 --- time 37800
2023-04-20 14:07:57,465 INFO Negative OS: -0.5339039490162307 --- ticker RTN --- day 2018-07-03 --- time 43200
2023-04-20 14:07:58,128 INFO Negative OS: -0.041445233049064 --- ticker RTN --- day 2018-07-19 --- time 36000
2023-04-20 14:07:58,317 INFO Negative OS: -0.031892742064169255 --- ticker RTN --- day 2018-07-24 --- time 36000
2023-04-20 14:07:58,337 INFO Negative OS: -0.34194324065987103 --- ticker RTN --- day 2018-07-24 --- time 43200
2023-04-20 14:07:58,354 INFO Negative OS: -0.21827351022963692 --- ticker RTN --- day 2018-07-24 --- time 50400
2023-04-20 14:07:58,932 INFO Negative OS: -0.24699608115022276 --- ticker RTN --- day 2018-08-06 --- time 36000
2023-04-20 14:07:59,319 INFO Negative OS: -0.042096615719484864 --- ticker RTN --- day 2018-08-14 --- time 43200
2023-04-20 14:07:59,388 INFO Negative OS: -0.06461471480904502 --- ticker RTN --- day 2018-08-15 --- time 43200
2023-04-20 14:08:00,386 INFO Negative OS: -1.922585981776329 --- ticker RTN --- day 2018-09-07 --- time 39600
2023-04-20 14:08:00,391 INFO Negative OS: -0.005253578560928895 --- ticker RTN --- day 2018-09-07 --- time 41400
2023-04-20 14:08:00,601 INFO Negative OS: -0.18423988231767696 --- ticker RTN --- day 2018-09-12 --- time 43200
2023-04-20 14:08:00,843 INFO Negative OS: -0.0006390514260032898 --- ticker RTN --- day 2018-09-18 --- time 37800
2023-04-20 14:08:01,250 INFO Negative OS: -0.8817433323114501 --- ticker RTN --- day 2018-09-26 --- time 50400
2023-04-20 14:08:01,493 INFO Negative OS: -6.518471311068906 --- ticker RTN --- day 2018-10-02 --- time 52200
2023-04-20 14:08:01,597 INFO Negative OS: -0.8967090961897786 --- ticker RTN --- day 2018-10-04 --- time 43200
2023-04-20 14:08:01,602 INFO Negative OS: -0.007456985584181064 --- ticker RTN --- day 2018-10-04 --- time 45000
2023-04-20 14:08:01,734 INFO Negative OS: -0.12031429293551055 --- ticker RTN --- day 2018-10-08 --- time 46800
2023-04-20 14:08:01,739 INFO Negative OS: -0.03508272665721357 --- ticker RTN --- day 2018-10-08 --- time 48600
2023-04-20 14:08:01,868 INFO Negative OS: -0.8264819422124337 --- ticker RTN --- day 2018-10-10 --- time 46800
2023-04-20 14:08:01,878 INFO Negative OS: -0.7714437043924234 --- ticker RTN --- day 2018-10-10 --- time 50400
2023-04-20 14:08:01,930 INFO Negative OS: -2.6720401388634865 --- ticker RTN --- day 2018-10-11 --- time 41400
2023-04-20 14:08:01,950 INFO Negative OS: -0.004163067998699699 --- ticker RTN --- day 2018-10-11 --- time 50400
2023-04-20 14:08:01,955 INFO Negative OS: -0.007311313092313254 --- ticker RTN --- day 2018-10-11 --- time 52200
2023-04-20 14:08:02,031 INFO Negative OS: -0.0022012616774360616 --- ticker RTN --- day 2018-10-12 --- time 52200
2023-04-20 14:08:02,078 INFO Negative OS: -0.0650441252433589 --- ticker RTN --- day 2018-10-15 --- time 41400
2023-04-20 14:08:02,276 INFO Negative OS: -0.16400503625216722 --- ticker RTN --- day 2018-10-18 --- time 37800
2023-04-20 14:08:02,291 INFO Negative OS: -0.05780047020252832 --- ticker RTN --- day 2018-10-18 --- time 43200
2023-04-20 14:08:02,296 INFO Negative OS: -0.025116092484862573 --- ticker RTN --- day 2018-10-18 --- time 45000
2023-04-20 14:08:02,348 INFO Negative OS: -0.09759729044353094 --- ticker RTN --- day 2018-10-19 --- time 36000
2023-04-20 14:08:02,362 INFO Negative OS: -0.03454462149657678 --- ticker RTN --- day 2018-10-19 --- time 41400
2023-04-20 14:08:02,372 INFO Negative OS: -0.006330679752186041 --- ticker RTN --- day 2018-10-19 --- time 45000
2023-04-20 14:08:02,392 INFO Negative OS: -0.18242372743324453 --- ticker RTN --- day 2018-10-19 --- time 52200
2023-04-20 14:08:02,434 INFO Negative OS: -0.16416901961459618 --- ticker RTN --- day 2018-10-22 --- time 39600
2023-04-20 14:08:02,439 INFO Negative OS: -0.413412102789809 --- ticker RTN --- day 2018-10-22 --- time 41400
2023-04-20 14:08:02,454 INFO Negative OS: -0.30389324607109436 --- ticker RTN --- day 2018-10-22 --- time 46800
2023-04-20 14:08:02,459 INFO Negative OS: -0.001067215353142581 --- ticker RTN --- day 2018-10-22 --- time 48600
2023-04-20 14:08:02,506 INFO Negative OS: -0.0934328926780279 --- ticker RTN --- day 2018-10-23 --- time 37800
2023-04-20 14:08:02,525 INFO Negative OS: -0.03679603924154473 --- ticker RTN --- day 2018-10-23 --- time 46800
2023-04-20 14:08:02,530 INFO Negative OS: -0.1606279549654519 --- ticker RTN --- day 2018-10-23 --- time 48600
2023-04-20 14:08:02,577 INFO Negative OS: -0.25566816363091505 --- ticker RTN --- day 2018-10-24 --- time 37800
2023-04-20 14:08:02,587 INFO Negative OS: -0.02332098309278141 --- ticker RTN --- day 2018-10-24 --- time 41400
2023-04-20 14:08:02,607 INFO Negative OS: -0.4412697091654205 --- ticker RTN --- day 2018-10-24 --- time 48600
2023-04-20 14:08:02,617 INFO Negative OS: -0.06781614334561814 --- ticker RTN --- day 2018-10-24 --- time 52200
2023-04-20 14:08:02,654 INFO Negative OS: -0.00451499487606144 --- ticker RTN --- day 2018-10-25 --- time 37800
2023-04-20 14:08:02,664 INFO Negative OS: -1.4016693400348665 --- ticker RTN --- day 2018-10-25 --- time 41400
2023-04-20 14:08:02,678 INFO Negative OS: -0.16025029320566864 --- ticker RTN --- day 2018-10-25 --- time 46800
2023-04-20 14:08:02,683 INFO Negative OS: -0.0254478528754849 --- ticker RTN --- day 2018-10-25 --- time 48600
2023-04-20 14:08:02,807 INFO Negative OS: -0.013961651551703369 --- ticker RTN --- day 2018-10-29 --- time 37800
2023-04-20 14:08:02,812 INFO Negative OS: -0.002748420142929975 --- ticker RTN --- day 2018-10-29 --- time 39600
2023-04-20 14:08:02,831 INFO Negative OS: -0.15522329938863644 --- ticker RTN --- day 2018-10-29 --- time 46800
2023-04-20 14:08:02,883 INFO Negative OS: -0.025763152872166906 --- ticker RTN --- day 2018-10-30 --- time 37800
2023-04-20 14:08:02,888 INFO Negative OS: -0.025123610581024414 --- ticker RTN --- day 2018-10-30 --- time 39600
2023-04-20 14:08:02,959 INFO Negative OS: -0.1307924249560013 --- ticker RTN --- day 2018-10-31 --- time 37800
2023-04-20 14:08:02,990 INFO Negative OS: -0.014137813280640454 --- ticker RTN --- day 2018-10-31 --- time 48600
2023-04-20 14:08:03,047 INFO Negative OS: -0.39088693855279244 --- ticker RTN --- day 2018-11-01 --- time 41400
2023-04-20 14:08:03,057 INFO Negative OS: -0.9733796773184475 --- ticker RTN --- day 2018-11-01 --- time 45000
2023-04-20 14:08:03,076 INFO Negative OS: -0.19042061809298683 --- ticker RTN --- day 2018-11-01 --- time 52200
2023-04-20 14:08:03,109 INFO Negative OS: -0.04633966201222939 --- ticker RTN --- day 2018-11-02 --- time 36000
2023-04-20 14:08:03,118 INFO Negative OS: -0.012282194330793805 --- ticker RTN --- day 2018-11-02 --- time 39600
2023-04-20 14:08:03,123 INFO Negative OS: -0.19113799226214812 --- ticker RTN --- day 2018-11-02 --- time 41400
2023-04-20 14:08:03,143 INFO Negative OS: -0.5557816306524648 --- ticker RTN --- day 2018-11-02 --- time 48600
2023-04-20 14:08:03,148 INFO Negative OS: -0.14155031505070115 --- ticker RTN --- day 2018-11-02 --- time 50400
2023-04-20 14:08:03,185 INFO Negative OS: -0.07530846992401785 --- ticker RTN --- day 2018-11-05 --- time 36000
2023-04-20 14:08:03,190 INFO Negative OS: -0.21724254539902588 --- ticker RTN --- day 2018-11-05 --- time 37800
2023-04-20 14:08:03,195 INFO Negative OS: -0.03157568920496456 --- ticker RTN --- day 2018-11-05 --- time 39600
2023-04-20 14:08:03,210 INFO Negative OS: -0.0033224289453448463 --- ticker RTN --- day 2018-11-05 --- time 45000
2023-04-20 14:08:03,262 INFO Negative OS: -0.024465161549241277 --- ticker RTN --- day 2018-11-06 --- time 36000
2023-04-20 14:08:03,267 INFO Negative OS: -0.014131653221416629 --- ticker RTN --- day 2018-11-06 --- time 37800
2023-04-20 14:08:03,293 INFO Negative OS: -0.06299332446300232 --- ticker RTN --- day 2018-11-06 --- time 50400
2023-04-20 14:08:03,404 INFO Negative OS: -0.39984753765841563 --- ticker RTN --- day 2018-11-08 --- time 41400
2023-04-20 14:08:03,427 INFO Negative OS: -0.010370715739429492 --- ticker RTN --- day 2018-11-08 --- time 52200
2023-04-20 14:08:03,459 INFO Negative OS: -0.0012418439955546035 --- ticker RTN --- day 2018-11-09 --- time 36000
2023-04-20 14:08:03,485 INFO Negative OS: -0.028226941003905326 --- ticker RTN --- day 2018-11-09 --- time 46800
2023-04-20 14:08:03,615 INFO Negative OS: -0.11522335395231376 --- ticker RTN --- day 2018-11-13 --- time 46800
2023-04-20 14:08:03,795 INFO Negative OS: -0.0016626761643756538 --- ticker RTN --- day 2018-11-16 --- time 37800
2023-04-20 14:08:03,812 INFO Negative OS: -0.046447391457159926 --- ticker RTN --- day 2018-11-16 --- time 45000
2023-04-20 14:08:03,863 INFO Negative OS: -0.08378430825962813 --- ticker RTN --- day 2018-11-19 --- time 36000
2023-04-20 14:08:03,883 INFO Negative OS: -0.11242870987774212 --- ticker RTN --- day 2018-11-19 --- time 43200
2023-04-20 14:08:03,975 INFO Negative OS: -0.05123315291749142 --- ticker RTN --- day 2018-11-20 --- time 50400
2023-04-20 14:08:04,013 INFO Negative OS: -0.037465192299658945 --- ticker RTN --- day 2018-11-21 --- time 36000
2023-04-20 14:08:04,161 INFO Negative OS: -0.040846955343619706 --- ticker RTN --- day 2018-11-26 --- time 39600
2023-04-20 14:08:04,250 INFO Negative OS: -0.8477354560547532 --- ticker RTN --- day 2018-11-27 --- time 48600
2023-04-20 14:08:04,301 INFO Negative OS: -0.00013393023273455817 --- ticker RTN --- day 2018-11-28 --- time 41400
2023-04-20 14:08:04,306 INFO Negative OS: -0.0031972412456826582 --- ticker RTN --- day 2018-11-28 --- time 43200
2023-04-20 14:08:04,496 INFO Negative OS: -0.41400254278973314 --- ticker RTN --- day 2018-12-03 --- time 41400
2023-04-20 14:08:04,506 INFO Negative OS: -1.0528552212118143 --- ticker RTN --- day 2018-12-03 --- time 45000
2023-04-20 14:08:04,511 INFO Negative OS: -0.0035148039476549098 --- ticker RTN --- day 2018-12-03 --- time 46800
2023-04-20 14:08:04,516 INFO Negative OS: -0.22905034466677376 --- ticker RTN --- day 2018-12-03 --- time 48600
2023-04-20 14:08:04,526 INFO Negative OS: -0.0567138105340137 --- ticker RTN --- day 2018-12-03 --- time 52200
2023-04-20 14:08:04,558 INFO Negative OS: -0.8164783164554179 --- ticker RTN --- day 2018-12-04 --- time 36000
2023-04-20 14:08:04,573 INFO Negative OS: -0.19917376838027723 --- ticker RTN --- day 2018-12-04 --- time 41400
2023-04-20 14:08:04,583 INFO Negative OS: -0.03218366262309469 --- ticker RTN --- day 2018-12-04 --- time 45000
2023-04-20 14:08:04,654 INFO Negative OS: -0.001061937283330261 --- ticker RTN --- day 2018-12-06 --- time 43200
2023-04-20 14:08:04,659 INFO Negative OS: -0.05741934276667915 --- ticker RTN --- day 2018-12-06 --- time 45000
2023-04-20 14:08:04,734 INFO Negative OS: -0.009472462754124944 --- ticker RTN --- day 2018-12-07 --- time 46800
2023-04-20 14:08:04,744 INFO Negative OS: -0.37005391944356125 --- ticker RTN --- day 2018-12-07 --- time 50400
2023-04-20 14:08:04,781 INFO Negative OS: -0.18744878251143904 --- ticker RTN --- day 2018-12-10 --- time 36000
2023-04-20 14:08:04,786 INFO Negative OS: -0.0043791557486632104 --- ticker RTN --- day 2018-12-10 --- time 37800
2023-04-20 14:08:04,791 INFO Negative OS: -0.055333895468605565 --- ticker RTN --- day 2018-12-10 --- time 39600
2023-04-20 14:08:04,796 INFO Negative OS: -0.024059139056514578 --- ticker RTN --- day 2018-12-10 --- time 41400
2023-04-20 14:08:04,877 INFO Negative OS: -0.6377018837275661 --- ticker RTN --- day 2018-12-11 --- time 43200
2023-04-20 14:08:04,901 INFO Negative OS: -0.41908391975783843 --- ticker RTN --- day 2018-12-11 --- time 52200
2023-04-20 14:08:04,943 INFO Negative OS: -0.32224399853749786 --- ticker RTN --- day 2018-12-12 --- time 39600
2023-04-20 14:08:04,948 INFO Negative OS: -0.06290677595152272 --- ticker RTN --- day 2018-12-12 --- time 41400
2023-04-20 14:08:04,958 INFO Negative OS: -0.011864303806049747 --- ticker RTN --- day 2018-12-12 --- time 45000
2023-04-20 14:08:04,968 INFO Negative OS: -0.039465194842510654 --- ticker RTN --- day 2018-12-12 --- time 48600
2023-04-20 14:08:04,973 INFO Negative OS: -0.01354689403161391 --- ticker RTN --- day 2018-12-12 --- time 50400
2023-04-20 14:08:05,010 INFO Negative OS: -0.06503832138593446 --- ticker RTN --- day 2018-12-13 --- time 36000
2023-04-20 14:08:05,025 INFO Negative OS: -0.957339521198568 --- ticker RTN --- day 2018-12-13 --- time 41400
2023-04-20 14:08:05,030 INFO Negative OS: -0.006164934710893855 --- ticker RTN --- day 2018-12-13 --- time 43200
2023-04-20 14:08:05,049 INFO Negative OS: -0.040908452213397783 --- ticker RTN --- day 2018-12-13 --- time 50400
2023-04-20 14:08:05,103 INFO Negative OS: -0.1670611658792447 --- ticker RTN --- day 2018-12-14 --- time 41400
2023-04-20 14:08:05,108 INFO Negative OS: -0.009807464279137035 --- ticker RTN --- day 2018-12-14 --- time 43200
2023-04-20 14:08:05,117 INFO Negative OS: -0.5814228022097392 --- ticker RTN --- day 2018-12-14 --- time 46800
2023-04-20 14:08:05,122 INFO Negative OS: -0.011562003128621434 --- ticker RTN --- day 2018-12-14 --- time 48600
2023-04-20 14:08:05,165 INFO Negative OS: -0.039328326882862585 --- ticker RTN --- day 2018-12-17 --- time 36000
2023-04-20 14:08:05,179 INFO Negative OS: -0.058364329341925814 --- ticker RTN --- day 2018-12-17 --- time 41400
2023-04-20 14:08:05,189 INFO Negative OS: -0.08380128919783636 --- ticker RTN --- day 2018-12-17 --- time 45000
2023-04-20 14:08:05,194 INFO Negative OS: -0.001408946724250404 --- ticker RTN --- day 2018-12-17 --- time 46800
2023-04-20 14:08:05,199 INFO Negative OS: -0.0469089389341899 --- ticker RTN --- day 2018-12-17 --- time 48600
2023-04-20 14:08:05,204 INFO Negative OS: -0.003973400193999499 --- ticker RTN --- day 2018-12-17 --- time 50400
2023-04-20 14:08:05,241 INFO Negative OS: -0.1639485501327338 --- ticker RTN --- day 2018-12-18 --- time 36000
2023-04-20 14:08:05,261 INFO Negative OS: -0.13006539792980432 --- ticker RTN --- day 2018-12-18 --- time 43200
2023-04-20 14:08:05,265 INFO Negative OS: -0.0019460940447797448 --- ticker RTN --- day 2018-12-18 --- time 45000
2023-04-20 14:08:05,280 INFO Negative OS: -0.20345260288352462 --- ticker RTN --- day 2018-12-18 --- time 50400
2023-04-20 14:08:05,285 INFO Negative OS: -0.01862425234011833 --- ticker RTN --- day 2018-12-18 --- time 52200
2023-04-20 14:08:05,322 INFO Negative OS: -0.053220674563424275 --- ticker RTN --- day 2018-12-19 --- time 37800
2023-04-20 14:08:05,337 INFO Negative OS: -1.0792009973673289 --- ticker RTN --- day 2018-12-19 --- time 43200
2023-04-20 14:08:05,347 INFO Negative OS: -0.282995689196319 --- ticker RTN --- day 2018-12-19 --- time 46800
2023-04-20 14:08:05,352 INFO Negative OS: -0.02383918935165452 --- ticker RTN --- day 2018-12-19 --- time 48600
2023-04-20 14:08:05,362 INFO Negative OS: -0.007879014777024018 --- ticker RTN --- day 2018-12-19 --- time 52200
2023-04-20 14:08:05,409 INFO Negative OS: -0.7335525730010426 --- ticker RTN --- day 2018-12-20 --- time 41400
2023-04-20 14:08:05,434 INFO Negative OS: -0.1797596191789801 --- ticker RTN --- day 2018-12-20 --- time 50400
2023-04-20 14:08:05,471 INFO Negative OS: -0.3431796723533316 --- ticker RTN --- day 2018-12-21 --- time 36000
2023-04-20 14:08:05,476 INFO Negative OS: -0.08242449622075121 --- ticker RTN --- day 2018-12-21 --- time 37800
2023-04-20 14:08:05,491 INFO Negative OS: -0.1216106898713667 --- ticker RTN --- day 2018-12-21 --- time 43200
2023-04-20 14:08:05,502 INFO Negative OS: -0.22013567948579293 --- ticker RTN --- day 2018-12-21 --- time 48600
2023-04-20 14:08:05,507 INFO Negative OS: -0.025456212810517354 --- ticker RTN --- day 2018-12-21 --- time 50400
2023-04-20 14:08:05,512 INFO Negative OS: -0.0016212996411280045 --- ticker RTN --- day 2018-12-21 --- time 52200
2023-04-20 14:08:05,549 INFO Negative OS: -0.3470123881115499 --- ticker RTN --- day 2018-12-24 --- time 37800
2023-04-20 14:08:05,622 INFO Negative OS: -0.02712738124687708 --- ticker RTN --- day 2018-12-26 --- time 39600
2023-04-20 14:08:05,627 INFO Negative OS: -0.010901853435038023 --- ticker RTN --- day 2018-12-26 --- time 41400
2023-04-20 14:08:05,641 INFO Negative OS: -0.019864865361747253 --- ticker RTN --- day 2018-12-26 --- time 46800
2023-04-20 14:08:05,698 INFO Negative OS: -0.044674905029462364 --- ticker RTN --- day 2018-12-27 --- time 39600
2023-04-20 14:08:05,718 INFO Negative OS: -1.1405231057907033 --- ticker RTN --- day 2018-12-27 --- time 46800
2023-04-20 14:08:05,727 INFO Negative OS: -0.009473823522060165 --- ticker RTN --- day 2018-12-27 --- time 50400
2023-04-20 14:08:05,765 INFO Negative OS: -0.01358068377413546 --- ticker RTN --- day 2018-12-28 --- time 36000
2023-04-20 14:08:05,796 INFO Negative OS: -0.006484625497183316 --- ticker RTN --- day 2018-12-28 --- time 50400
2023-04-20 14:08:05,801 INFO Negative OS: -0.02668573931209406 --- ticker RTN --- day 2018-12-28 --- time 52200
2023-04-20 14:08:05,837 INFO Negative OS: -0.04327162454543054 --- ticker RTN --- day 2018-12-31 --- time 37800
2023-04-20 14:08:05,851 INFO Negative OS: -0.01471189556364072 --- ticker RTN --- day 2018-12-31 --- time 43200
2023-04-20 14:08:05,905 INFO Negative OS: -0.00036553487881807456 --- ticker RTN --- day 2019-01-02 --- time 36000
2023-04-20 14:08:05,915 INFO Negative OS: -0.0018011426377098072 --- ticker RTN --- day 2019-01-02 --- time 39600
2023-04-20 14:08:05,931 INFO Negative OS: -0.00524379849931389 --- ticker RTN --- day 2019-01-02 --- time 46800
2023-04-20 14:08:05,936 INFO Negative OS: -0.004491704627129556 --- ticker RTN --- day 2019-01-02 --- time 48600
2023-04-20 14:08:05,975 INFO Negative OS: -0.010679021600213945 --- ticker RTN --- day 2019-01-03 --- time 36000
2023-04-20 14:08:06,048 INFO Negative OS: -0.008029006108347891 --- ticker RTN --- day 2019-01-04 --- time 36000
2023-04-20 14:08:06,058 INFO Negative OS: -0.0004773446187054109 --- ticker RTN --- day 2019-01-04 --- time 39600
2023-04-20 14:08:06,203 INFO Negative OS: -0.3922605812318718 --- ticker RTN --- day 2019-01-08 --- time 41400
2023-04-20 14:08:06,223 INFO Negative OS: -0.199988483106895 --- ticker RTN --- day 2019-01-08 --- time 48600
2023-04-20 14:08:06,262 INFO Negative OS: -0.10807843308785858 --- ticker RTN --- day 2019-01-10 --- time 36000
2023-04-20 14:08:06,272 INFO Negative OS: -0.1255547805771562 --- ticker RTN --- day 2019-01-10 --- time 39600
2023-04-20 14:08:06,282 INFO Negative OS: -0.027128245441763843 --- ticker RTN --- day 2019-01-10 --- time 43200
2023-04-20 14:08:06,292 INFO Negative OS: -0.043654099061543494 --- ticker RTN --- day 2019-01-10 --- time 46800
2023-04-20 14:08:06,301 INFO Negative OS: -0.004081096549768626 --- ticker RTN --- day 2019-01-10 --- time 50400
2023-04-20 14:08:06,355 INFO Negative OS: -1.3837552592578568 --- ticker RTN --- day 2019-01-11 --- time 45000
2023-04-20 14:08:06,423 INFO Negative OS: -0.06296814079232282 --- ticker RTN --- day 2019-01-14 --- time 43200
2023-04-20 14:08:06,552 INFO Negative OS: -0.05576199856797648 --- ticker RTN --- day 2019-01-16 --- time 41400
2023-04-20 14:08:06,561 INFO Negative OS: -0.034260548340506736 --- ticker RTN --- day 2019-01-16 --- time 45000
2023-04-20 14:08:06,749 INFO Negative OS: -0.01490821789660024 --- ticker RTN --- day 2019-01-22 --- time 41400
2023-04-20 14:08:06,754 INFO Negative OS: -0.014892466163096696 --- ticker RTN --- day 2019-01-22 --- time 43200
2023-04-20 14:08:06,759 INFO Negative OS: -0.11718610279608965 --- ticker RTN --- day 2019-01-22 --- time 45000
2023-04-20 14:08:06,895 INFO Negative OS: -0.048731865940919494 --- ticker RTN --- day 2019-01-24 --- time 41400
2023-04-20 14:08:06,960 INFO Negative OS: -0.023105775243970728 --- ticker RTN --- day 2019-01-25 --- time 39600
2023-04-20 14:08:06,965 INFO Negative OS: -0.0013226407763313741 --- ticker RTN --- day 2019-01-25 --- time 41400
2023-04-20 14:08:06,975 INFO Negative OS: -0.06999370375751424 --- ticker RTN --- day 2019-01-25 --- time 45000
2023-04-20 14:08:06,980 INFO Negative OS: -0.006140144473503195 --- ticker RTN --- day 2019-01-25 --- time 46800
2023-04-20 14:08:06,984 INFO Negative OS: -0.05108871143246718 --- ticker RTN --- day 2019-01-25 --- time 48600
2023-04-20 14:08:06,989 INFO Negative OS: -0.039680986520267636 --- ticker RTN --- day 2019-01-25 --- time 50400
2023-04-20 14:08:06,994 INFO Negative OS: -0.030779563887396222 --- ticker RTN --- day 2019-01-25 --- time 52200
2023-04-20 14:08:07,027 INFO Negative OS: -0.017123113702090187 --- ticker RTN --- day 2019-01-28 --- time 36000
2023-04-20 14:08:07,032 INFO Negative OS: -0.00106372027710111 --- ticker RTN --- day 2019-01-28 --- time 37800
2023-04-20 14:08:07,036 INFO Negative OS: -0.016811709843356892 --- ticker RTN --- day 2019-01-28 --- time 39600
2023-04-20 14:08:07,042 INFO Negative OS: -0.021431281781371547 --- ticker RTN --- day 2019-01-28 --- time 41400
2023-04-20 14:08:07,051 INFO Negative OS: -0.21725242849203075 --- ticker RTN --- day 2019-01-28 --- time 45000
2023-04-20 14:08:07,103 INFO Negative OS: -0.05358990376069661 --- ticker RTN --- day 2019-01-29 --- time 36000
2023-04-20 14:08:07,108 INFO Negative OS: -0.012842341201603658 --- ticker RTN --- day 2019-01-29 --- time 37800
2023-04-20 14:08:07,113 INFO Negative OS: -0.0021099788292664456 --- ticker RTN --- day 2019-01-29 --- time 39600
2023-04-20 14:08:07,118 INFO Negative OS: -0.09909181598523675 --- ticker RTN --- day 2019-01-29 --- time 41400
2023-04-20 14:08:07,186 INFO Negative OS: -0.06995341044691061 --- ticker RTN --- day 2019-01-30 --- time 37800
2023-04-20 14:08:07,191 INFO Negative OS: -0.04329759105137776 --- ticker RTN --- day 2019-01-30 --- time 39600
2023-04-20 14:08:07,196 INFO Negative OS: -0.01609416907101746 --- ticker RTN --- day 2019-01-30 --- time 41400
2023-04-20 14:08:07,216 INFO Negative OS: -0.23380016310208673 --- ticker RTN --- day 2019-01-30 --- time 48600
2023-04-20 14:08:07,221 INFO Negative OS: -0.33913732304900224 --- ticker RTN --- day 2019-01-30 --- time 50400
2023-04-20 14:08:07,225 INFO Negative OS: -0.2961078302566271 --- ticker RTN --- day 2019-01-30 --- time 52200
2023-04-20 14:08:07,327 INFO Negative OS: -0.0019353214094584015 --- ticker RTN --- day 2019-02-01 --- time 36000
2023-04-20 14:08:07,362 INFO Negative OS: -0.014476140701856544 --- ticker RTN --- day 2019-02-01 --- time 52200
2023-04-20 14:08:07,634 INFO Negative OS: -0.5638403665662646 --- ticker RTN --- day 2019-02-07 --- time 50400
2023-04-20 14:08:07,749 INFO Negative OS: -0.7788633371094587 --- ticker RTN --- day 2019-02-11 --- time 37800
2023-04-20 14:08:07,933 INFO Negative OS: -0.09730004615801113 --- ticker RTN --- day 2019-02-13 --- time 50400
2023-04-20 14:08:08,205 INFO Negative OS: -0.5931011960269117 --- ticker RTN --- day 2019-02-20 --- time 39600
2023-04-20 14:08:08,226 INFO Negative OS: -0.02958636887200239 --- ticker RTN --- day 2019-02-20 --- time 48600
2023-04-20 14:08:08,535 INFO Negative OS: -0.10352676863625287 --- ticker RTN --- day 2019-02-27 --- time 41400
2023-04-20 14:08:08,728 INFO Negative OS: -0.028484863651422554 --- ticker RTN --- day 2019-03-04 --- time 41400
2023-04-20 14:08:08,747 INFO Negative OS: -40.79706185099854 --- ticker RTN --- day 2019-03-04 --- time 48600
2023-04-20 14:08:08,861 INFO Negative OS: -0.2237998084941395 --- ticker RTN --- day 2019-03-06 --- time 37800
2023-04-20 14:08:08,875 INFO Negative OS: -0.05916461047595378 --- ticker RTN --- day 2019-03-06 --- time 43200
2023-04-20 14:08:08,900 INFO Negative OS: -12.801230964065148 --- ticker RTN --- day 2019-03-06 --- time 52200
2023-04-20 14:08:09,031 INFO Negative OS: -0.2230036526885808 --- ticker RTN --- day 2019-03-08 --- time 50400
2023-04-20 14:08:09,068 INFO Negative OS: -0.44786456018967913 --- ticker RTN --- day 2019-03-11 --- time 36000
2023-04-20 14:08:09,738 INFO Negative OS: -0.6150248313800732 --- ticker RTN --- day 2019-03-25 --- time 41400
2023-04-20 14:08:09,744 INFO Negative OS: -0.017167518929578574 --- ticker RTN --- day 2019-03-25 --- time 43200
2023-04-20 14:08:09,800 INFO Negative OS: -0.10091262610946727 --- ticker RTN --- day 2019-03-26 --- time 36000
2023-04-20 14:08:09,824 INFO Negative OS: -0.08489509376098914 --- ticker RTN --- day 2019-03-26 --- time 45000
2023-04-20 14:08:09,829 INFO Negative OS: -0.6365487409540675 --- ticker RTN --- day 2019-03-26 --- time 46800
2023-04-20 14:08:10,091 INFO Negative OS: -0.17704710900585208 --- ticker RTN --- day 2019-04-01 --- time 37800
2023-04-20 14:08:10,248 INFO Negative OS: -6.315358658021847 --- ticker RTN --- day 2019-04-03 --- time 48600
2023-04-20 14:08:10,301 INFO Negative OS: -0.0263407960837434 --- ticker RTN --- day 2019-04-04 --- time 39600
2023-04-20 14:08:10,448 INFO Negative OS: -0.6019295800515523 --- ticker RTN --- day 2019-04-08 --- time 41400
2023-04-20 14:08:10,469 INFO Negative OS: -0.047924879579119395 --- ticker RTN --- day 2019-04-08 --- time 52200
2023-04-20 14:08:10,937 INFO Negative OS: -0.02777158193158824 --- ticker RTN --- day 2019-04-18 --- time 36000
2023-04-20 14:08:11,078 INFO Negative OS: -0.1054671599108492 --- ticker RTN --- day 2019-04-23 --- time 43200
2023-04-20 14:08:11,515 INFO Negative OS: -0.30305128393359904 --- ticker RTN --- day 2019-05-02 --- time 37800
2023-04-20 14:08:11,703 INFO Negative OS: -0.4477572786523749 --- ticker RTN --- day 2019-05-07 --- time 39600
2023-04-20 14:08:11,765 INFO Negative OS: -0.10600182438755645 --- ticker RTN --- day 2019-05-08 --- time 36000
2023-04-20 14:08:11,770 INFO Negative OS: -0.017931719328720508 --- ticker RTN --- day 2019-05-08 --- time 37800
2023-04-20 14:08:11,775 INFO Negative OS: -0.0077803340683120226 --- ticker RTN --- day 2019-05-08 --- time 39600
2023-04-20 14:08:11,780 INFO Negative OS: -0.35376222163211324 --- ticker RTN --- day 2019-05-08 --- time 41400
2023-04-20 14:08:11,809 INFO Negative OS: -0.25269264181239226 --- ticker RTN --- day 2019-05-08 --- time 52200
2023-04-20 14:08:11,884 INFO Negative OS: -0.328548983659809 --- ticker RTN --- day 2019-05-09 --- time 52200
2023-04-20 14:08:11,949 INFO Negative OS: -0.3022281299143179 --- ticker RTN --- day 2019-05-10 --- time 48600
2023-04-20 14:08:11,999 INFO Negative OS: -0.15335932534365915 --- ticker RTN --- day 2019-05-13 --- time 39600
2023-04-20 14:08:12,076 INFO Negative OS: -5.347910752497329 --- ticker RTN --- day 2019-05-14 --- time 41400
2023-04-20 14:08:12,139 INFO Negative OS: -1.0841678431470738 --- ticker RTN --- day 2019-05-15 --- time 39600
2023-04-20 14:08:12,926 INFO Negative OS: -0.07063162568270043 --- ticker RTN --- day 2019-06-03 --- time 45000
2023-04-20 14:08:13,038 INFO Negative OS: -0.4144914944680995 --- ticker RTN --- day 2019-06-05 --- time 36000
2023-04-20 14:08:13,172 INFO Negative OS: -0.7191421110570626 --- ticker RTN --- day 2019-06-07 --- time 36000
2023-04-20 14:08:13,255 INFO Negative OS: -0.19919217444739612 --- ticker RTN --- day 2019-06-10 --- time 45000
2023-04-20 14:08:13,309 INFO Negative OS: -0.0048615032675352055 --- ticker RTN --- day 2019-06-11 --- time 39600
2023-04-20 14:08:13,448 INFO Negative OS: -0.44402105036304174 --- ticker RTN --- day 2019-06-13 --- time 41400
2023-04-20 14:08:15,447 INFO Negative OS: -0.07101983323806071 --- ticker RTN --- day 2019-08-01 --- time 48600
2023-04-20 14:08:15,577 INFO Negative OS: -0.3767086706638578 --- ticker RTN --- day 2019-08-05 --- time 52200
2023-04-20 14:08:16,374 INFO Negative OS: -0.23719496272584273 --- ticker RTN --- day 2019-08-23 --- time 39600
2023-04-20 14:08:18,749 INFO Negative OS: -85.87296977650414 --- ticker RTN --- day 2019-10-22 --- time 36000
2023-04-20 14:08:20,926 INFO in_r2: 0.23868116471453563 , std 0.19827381890563187 
2023-04-20 14:08:20,926 INFO os_r2: 0.0496227514402675 , std 2.477623981906363 
2023-04-20 14:08:20,926 INFO intercept: -9.167204648160102e-07 , std 2.140989991628571e-05 
2023-04-20 14:08:20,926 INFO pca_1: 2.430241130889701e-06 , std 7.052422901272513e-05 
2023-04-20 14:08:20,926 INFO t_intercept: -0.05712364346952691 , std 1.1825667983763475 
2023-04-20 14:08:20,926 INFO t_pca_1: 0.46529339381888896 , std 8.922175006456037 
2023-04-20 14:08:20,926 INFO p_intercept: 0.4765901187559213 , std 0.3052923177299388 
2023-04-20 14:08:20,926 INFO p_pca_1: 0.05221169379876595 , std 0.16693094813089657 
2023-04-20 14:08:20,926 INFO pca_explained_1: 0.5810261166564196 , std 0.10502686234217423 
