2023-05-13 12:11:56,344 INFO Starting...
2023-05-13 12:11:56,344 INFO Tickers: ['ABT']
2023-05-13 12:11:57,847 INFO in_r2: 0.8937318330025913 , std 0.05155292759381755 
2023-05-13 12:11:57,847 INFO os_r2: 0.8412799230167451 , std 0.8009527611072016 
2023-05-13 12:11:57,847 INFO intercept: 3.4420712848063333e-07 , std 1.0015044143621724e-05 
2023-05-13 12:11:57,847 INFO ofi_add_1: 0.00017328838054801393 , std 0.0001028422800311316 
2023-05-13 12:11:57,847 INFO ofi_add_2: 0.00045123842974267235 , std 0.00013444958129328412 
2023-05-13 12:11:57,847 INFO ofi_cancel_1: 0.00014358779415006044 , std 0.00010522239483445569 
2023-05-13 12:11:57,847 INFO ofi_cancel_2: 0.0004330059998603116 , std 0.0001367249455295863 
2023-05-13 12:11:57,847 INFO ofi_trade_1: 0.00020645797045005992 , std 0.00026592928532031244 
2023-05-13 12:11:57,847 INFO ofi_trade_2: 0.00046953552952887033 , std 0.00018000518257961588 
2023-05-13 12:11:57,847 INFO t_intercept: 0.07299111609363018 , std 1.4892474539738656 
2023-05-13 12:11:57,847 INFO t_ofi_add_1: 4.126449309772963 , std 2.287891267744991 
2023-05-13 12:11:57,847 INFO t_ofi_add_2: 11.943963073831666 , std 3.6193269755177946 
2023-05-13 12:11:57,847 INFO t_ofi_cancel_1: 2.903013672568029 , std 2.0460622928728456 
2023-05-13 12:11:57,847 INFO t_ofi_cancel_2: 11.22506193022067 , std 3.4314553015676204 
2023-05-13 12:11:57,847 INFO t_ofi_trade_1: 1.6302614071603903 , std 1.9444163241942147 
2023-05-13 12:11:57,847 INFO t_ofi_trade_2: 7.0140897155061825 , std 3.413791440686139 
2023-05-13 12:11:57,848 INFO Grouping by ofi type:
2023-05-13 12:11:57,848 INFO add: 16.07041238360463
2023-05-13 12:11:57,848 INFO cancel: 14.1280756027887
2023-05-13 12:11:57,848 INFO trade: 8.644351122666572
2023-05-13 12:11:57,848 INFO Grouping by level:
2023-05-13 12:11:57,848 INFO 1: 8.659724389501381
2023-05-13 12:11:57,848 INFO 2: 30.183114719558517
2023-05-13 12:11:57,848 INFO Non empty regressions: 1.0 --- 6645 / 6645
