2023-05-13 12:11:53,606 INFO Starting...
2023-05-13 12:11:53,606 INFO Tickers: ['ADBE']
2023-05-13 12:11:54,977 INFO in_r2: 0.7959171742671616 , std 0.07676425872618432 
2023-05-13 12:11:54,977 INFO os_r2: 0.7266371407307106 , std 0.2099749036266232 
2023-05-13 12:11:54,977 INFO intercept: 1.119500551853541e-06 , std 2.008614707449139e-05 
2023-05-13 12:11:54,977 INFO ofi_add_1: 9.91533217304244e-05 , std 7.0089573279283e-05 
2023-05-13 12:11:54,977 INFO ofi_add_2: 0.0002456416657524383 , std 9.66331823150964e-05 
2023-05-13 12:11:54,977 INFO ofi_cancel_1: 0.00011224028705026616 , std 7.397829049568064e-05 
2023-05-13 12:11:54,977 INFO ofi_cancel_2: 0.000248409607491131 , std 9.929022198265954e-05 
2023-05-13 12:11:54,977 INFO ofi_trade_1: 0.00019179127782360922 , std 0.0001551544655525904 
2023-05-13 12:11:54,977 INFO ofi_trade_2: 0.0002839064694048734 , std 0.0001621270484605973 
2023-05-13 12:11:54,977 INFO t_intercept: 0.048257121984306345 , std 1.650451174869809 
2023-05-13 12:11:54,977 INFO t_ofi_add_1: 3.120055326659415 , std 1.9121293687769554 
2023-05-13 12:11:54,977 INFO t_ofi_add_2: 8.116952244391666 , std 2.4291092440138335 
2023-05-13 12:11:54,978 INFO t_ofi_cancel_1: 2.877983213336691 , std 1.6790767927520613 
2023-05-13 12:11:54,978 INFO t_ofi_cancel_2: 7.854325668086708 , std 2.4984042550153593 
2023-05-13 12:11:54,978 INFO t_ofi_trade_1: 2.6221729525947732 , std 1.7295628690499254 
2023-05-13 12:11:54,978 INFO t_ofi_trade_2: 4.297290714200033 , std 1.8893817287192773 
2023-05-13 12:11:54,978 INFO Grouping by ofi type:
2023-05-13 12:11:54,978 INFO add: 11.23700757105108
2023-05-13 12:11:54,978 INFO cancel: 10.7323088814234
2023-05-13 12:11:54,978 INFO trade: 6.919463666794806
2023-05-13 12:11:54,978 INFO Grouping by level:
2023-05-13 12:11:54,978 INFO 1: 8.62021149259088
2023-05-13 12:11:54,978 INFO 2: 20.26856862667841
2023-05-13 12:11:54,978 INFO Non empty regressions: 1.0 --- 6332 / 6332
