2023-05-13 12:12:41,832 INFO Starting...
2023-05-13 12:12:41,832 INFO Tickers: ['AXP']
2023-05-13 12:12:43,098 INFO in_r2: 0.8601866040941885 , std 0.0565991993880047 
2023-05-13 12:12:43,098 INFO os_r2: 0.8276147305410118 , std 0.10221174541716749 
2023-05-13 12:12:43,098 INFO intercept: -1.4488122301765767e-07 , std 1.0088338287508417e-05 
2023-05-13 12:12:43,099 INFO ofi_add_1: 0.00014849878644079386 , std 9.178458591311655e-05 
2023-05-13 12:12:43,099 INFO ofi_add_2: 0.00037468426026172837 , std 0.00010984707202018389 
2023-05-13 12:12:43,099 INFO ofi_cancel_1: 0.0001392871212294414 , std 9.669432896124515e-05 
2023-05-13 12:12:43,099 INFO ofi_cancel_2: 0.00036973422016001086 , std 0.00010950449975478457 
2023-05-13 12:12:43,099 INFO ofi_trade_1: 0.00021426914912090904 , std 0.00022701214920599808 
2023-05-13 12:12:43,099 INFO ofi_trade_2: 0.00038435375438563446 , std 0.00014746757121599058 
2023-05-13 12:12:43,099 INFO t_intercept: 0.013071684620222967 , std 1.4749560408414064 
2023-05-13 12:12:43,099 INFO t_ofi_add_1: 3.4470588208664426 , std 1.9793652474754848 
2023-05-13 12:12:43,099 INFO t_ofi_add_2: 10.351582346227358 , std 2.67116934650512 
2023-05-13 12:12:43,099 INFO t_ofi_cancel_1: 2.7916184460710407 , std 1.8161946730425338 
2023-05-13 12:12:43,099 INFO t_ofi_cancel_2: 9.986449577269333 , std 2.6359681750473682 
2023-05-13 12:12:43,099 INFO t_ofi_trade_1: 2.028789684284468 , std 1.8482035183768302 
2023-05-13 12:12:43,099 INFO t_ofi_trade_2: 5.287878687584906 , std 2.0694789491995205 
2023-05-13 12:12:43,099 INFO Grouping by ofi type:
2023-05-13 12:12:43,099 INFO add: 13.798641167093802
2023-05-13 12:12:43,100 INFO cancel: 12.778068023340374
2023-05-13 12:12:43,100 INFO trade: 7.316668371869374
2023-05-13 12:12:43,100 INFO Grouping by level:
2023-05-13 12:12:43,100 INFO 1: 8.267466951221952
2023-05-13 12:12:43,100 INFO 2: 25.6259106110816
2023-05-13 12:12:43,100 INFO Non empty regressions: 1.0 --- 6625 / 6625
