2023-05-13 12:12:41,126 INFO Starting...
2023-05-13 12:12:41,126 INFO Tickers: ['BKNG']
2023-05-13 12:12:41,830 INFO in_r2: 0.48769817671258225 , std 0.1179067092955491 
2023-05-13 12:12:41,830 INFO os_r2: 0.16941228692031338 , std 1.043428414782008 
2023-05-13 12:12:41,830 INFO intercept: 1.2955002296843118e-06 , std 2.5771054633445626e-05 
2023-05-13 12:12:41,830 INFO ofi_add_1: 9.447826966352518e-05 , std 0.0001727370307008522 
2023-05-13 12:12:41,830 INFO ofi_add_2: 0.0003490012549449135 , std 0.0002483030339180203 
2023-05-13 12:12:41,830 INFO ofi_cancel_1: 0.00011956557124598705 , std 0.00017994418791543633 
2023-05-13 12:12:41,830 INFO ofi_cancel_2: 0.00035188259723457194 , std 0.00025328328041913575 
2023-05-13 12:12:41,830 INFO ofi_trade_1: 0.0004657807905478045 , std 0.000496948704088942 
2023-05-13 12:12:41,831 INFO ofi_trade_2: 0.0006233192546047221 , std 0.0006853807040131366 
2023-05-13 12:12:41,831 INFO t_intercept: 0.11379785893069763 , std 1.2222633016217213 
2023-05-13 12:12:41,831 INFO t_ofi_add_1: 1.6765302737762662 , std 1.8624582162486931 
2023-05-13 12:12:41,831 INFO t_ofi_add_2: 5.131618615220661 , std 1.9799498740235297 
2023-05-13 12:12:41,831 INFO t_ofi_cancel_1: 1.6946964618435763 , std 1.5722115606539164 
2023-05-13 12:12:41,831 INFO t_ofi_cancel_2: 4.99806088055405 , std 2.02655972043232 
2023-05-13 12:12:41,831 INFO t_ofi_trade_1: 3.080524062760064 , std 2.163488033003236 
2023-05-13 12:12:41,831 INFO t_ofi_trade_2: 3.3261912520891626 , std 2.195320717464647 
2023-05-13 12:12:41,831 INFO Grouping by ofi type:
2023-05-13 12:12:41,831 INFO add: 6.808148888996927
2023-05-13 12:12:41,831 INFO cancel: 6.692757342397626
2023-05-13 12:12:41,831 INFO trade: 6.406715314849226
2023-05-13 12:12:41,831 INFO Grouping by level:
2023-05-13 12:12:41,831 INFO 1: 6.451750798379907
2023-05-13 12:12:41,831 INFO 2: 13.455870747863873
2023-05-13 12:12:41,831 INFO Non empty regressions: 1.0 --- 271 / 271
