2023-05-13 12:12:59,516 INFO Starting...
2023-05-13 12:12:59,516 INFO Tickers: ['CB']
2023-05-13 12:13:00,774 INFO in_r2: 0.745838451415915 , std 0.10406566968113977 
2023-05-13 12:13:00,774 INFO os_r2: 0.6717373806584918 , std 0.20197336436638405 
2023-05-13 12:13:00,774 INFO intercept: 2.6865078420056128e-06 , std 1.3683430949710768e-05 
2023-05-13 12:13:00,774 INFO ofi_add_1: 0.0001714017962136523 , std 0.00011799004544602326 
2023-05-13 12:13:00,774 INFO ofi_add_2: 0.0002886787124756822 , std 0.00015161372441737723 
2023-05-13 12:13:00,774 INFO ofi_cancel_1: 0.000191656304859371 , std 0.00013762003647753283 
2023-05-13 12:13:00,774 INFO ofi_cancel_2: 0.0002839437374146492 , std 0.00015331609264543006 
2023-05-13 12:13:00,774 INFO ofi_trade_1: 0.0003486862745860975 , std 0.0003013639051223478 
2023-05-13 12:13:00,775 INFO ofi_trade_2: 0.00036475260136287587 , std 0.00028142077237696886 
2023-05-13 12:13:00,775 INFO t_intercept: 0.3124700688553381 , std 1.2959211029906856 
2023-05-13 12:13:00,775 INFO t_ofi_add_1: 3.9433562464746266 , std 1.8369695526351202 
2023-05-13 12:13:00,775 INFO t_ofi_add_2: 7.478412771906189 , std 2.124484959793298 
2023-05-13 12:13:00,775 INFO t_ofi_cancel_1: 3.5827056873820116 , std 1.6461437426468544 
2023-05-13 12:13:00,775 INFO t_ofi_cancel_2: 6.768782682697404 , std 2.108675767661092 
2023-05-13 12:13:00,775 INFO t_ofi_trade_1: 3.197173334480722 , std 1.6968206500945378 
2023-05-13 12:13:00,775 INFO t_ofi_trade_2: 3.653382296587709 , std 1.7267483570044728 
2023-05-13 12:13:00,775 INFO Grouping by ofi type:
2023-05-13 12:13:00,775 INFO add: 11.421769018380816
2023-05-13 12:13:00,775 INFO cancel: 10.351488370079416
2023-05-13 12:13:00,775 INFO trade: 6.850555631068431
2023-05-13 12:13:00,775 INFO Grouping by level:
2023-05-13 12:13:00,775 INFO 1: 10.72323526833736
2023-05-13 12:13:00,775 INFO 2: 17.900577751191303
2023-05-13 12:13:00,776 INFO Non empty regressions: 1.0 --- 2229 / 2229
