2023-05-13 12:12:53,213 INFO Starting...
2023-05-13 12:12:53,213 INFO Tickers: ['CI']
2023-05-13 12:12:54,347 INFO in_r2: 0.6890200069741309 , std 0.14695399575970708 
2023-05-13 12:12:54,347 INFO os_r2: 0.5331895802701991 , std 0.837739974238169 
2023-05-13 12:12:54,347 INFO intercept: -1.2923584920924544e-06 , std 2.558038714643959e-05 
2023-05-13 12:12:54,347 INFO ofi_add_1: 0.00019591639752222567 , std 0.00018449946927626937 
2023-05-13 12:12:54,347 INFO ofi_add_2: 0.00038629468287579825 , std 0.00024329955751839315 
2023-05-13 12:12:54,347 INFO ofi_cancel_1: 0.00023755144178907322 , std 0.00022350968456018124 
2023-05-13 12:12:54,347 INFO ofi_cancel_2: 0.0003838115314921522 , std 0.00024446837472056883 
2023-05-13 12:12:54,347 INFO ofi_trade_1: 0.0004025687275179623 , std 0.0003671158222336695 
2023-05-13 12:12:54,347 INFO ofi_trade_2: 0.00045447699338029083 , std 0.00044595383112218883 
2023-05-13 12:12:54,347 INFO t_intercept: -0.10161025766353607 , std 1.3774142469644621 
2023-05-13 12:12:54,347 INFO t_ofi_add_1: 3.4053852677228065 , std 1.8694618723646368 
2023-05-13 12:12:54,347 INFO t_ofi_add_2: 7.027160514675021 , std 2.528390348769218 
2023-05-13 12:12:54,347 INFO t_ofi_cancel_1: 3.222944437597516 , std 1.731064457331758 
2023-05-13 12:12:54,347 INFO t_ofi_cancel_2: 6.446534566753601 , std 2.485076673164678 
2023-05-13 12:12:54,348 INFO t_ofi_trade_1: 3.2901644132514685 , std 1.8331163428601598 
2023-05-13 12:12:54,348 INFO t_ofi_trade_2: 3.553931624439809 , std 1.9757242599574212 
2023-05-13 12:12:54,348 INFO Grouping by ofi type:
2023-05-13 12:12:54,348 INFO add: 10.432545782397828
2023-05-13 12:12:54,348 INFO cancel: 9.669479004351118
2023-05-13 12:12:54,348 INFO trade: 6.844096037691278
2023-05-13 12:12:54,348 INFO Grouping by level:
2023-05-13 12:12:54,348 INFO 1: 9.91849411857179
2023-05-13 12:12:54,348 INFO 2: 17.027626705868432
2023-05-13 12:12:54,349 INFO Non empty regressions: 1.0 --- 1401 / 1401
