2023-05-13 12:11:45,648 INFO Starting...
2023-05-13 12:11:45,648 INFO Tickers: ['CMCSA']
2023-05-13 12:11:46,963 INFO in_r2: 0.9474869914514261 , std 0.030036166563352826 
2023-05-13 12:11:46,964 INFO os_r2: 0.9158252706947944 , std 0.1583593700050841 
2023-05-13 12:11:46,964 INFO intercept: 3.951637202660109e-07 , std 7.861316798432624e-06 
2023-05-13 12:11:46,964 INFO ofi_add_1: 8.985757305384463e-05 , std 0.00011271761959509201 
2023-05-13 12:11:46,964 INFO ofi_add_2: 0.000714128870504801 , std 0.00020662898353392698 
2023-05-13 12:11:46,964 INFO ofi_cancel_1: 7.332147237961902e-05 , std 0.00011238009533988156 
2023-05-13 12:11:46,964 INFO ofi_cancel_2: 0.0006110110099659993 , std 0.0002350633035649963 
2023-05-13 12:11:46,964 INFO ofi_trade_1: 0.00010031686900963192 , std 0.00024883404946384363 
2023-05-13 12:11:46,964 INFO ofi_trade_2: 0.0007518711283845813 , std 0.00021473327793347253 
2023-05-13 12:11:46,964 INFO t_intercept: 0.07815763100289196 , std 1.3541127023271868 
2023-05-13 12:11:46,964 INFO t_ofi_add_1: 2.1785173384795593 , std 2.643416059984224 
2023-05-13 12:11:46,964 INFO t_ofi_add_2: 16.371446869892182 , std 5.3562100109952375 
2023-05-13 12:11:46,964 INFO t_ofi_cancel_1: 1.520225174629133 , std 2.3558317545279874 
2023-05-13 12:11:46,964 INFO t_ofi_cancel_2: 12.326575216022206 , std 5.194034363753994 
2023-05-13 12:11:46,964 INFO t_ofi_trade_1: 0.964297019930116 , std 2.244905536815451 
2023-05-13 12:11:46,964 INFO t_ofi_trade_2: 13.671988255959437 , std 4.623700797212278 
2023-05-13 12:11:46,965 INFO Grouping by ofi type:
2023-05-13 12:11:46,965 INFO add: 18.54996420837174
2023-05-13 12:11:46,965 INFO cancel: 13.846800390651339
2023-05-13 12:11:46,965 INFO trade: 14.636285275889554
2023-05-13 12:11:46,965 INFO Grouping by level:
2023-05-13 12:11:46,965 INFO 1: 4.663039533038809
2023-05-13 12:11:46,965 INFO 2: 42.37001034187382
2023-05-13 12:11:46,965 INFO Non empty regressions: 1.0 --- 7346 / 7346
