2023-05-13 12:11:22,003 INFO Starting...
2023-05-13 12:11:22,003 INFO Tickers: ['GOOGL']
2023-05-13 12:11:23,237 INFO in_r2: 0.6141170029634468 , std 0.10067608291227056 
2023-05-13 12:11:23,238 INFO os_r2: 0.45353749235830604 , std 0.40599438112505987 
2023-05-13 12:11:23,238 INFO intercept: 8.79959543898114e-07 , std 1.9929377901520544e-05 
2023-05-13 12:11:23,238 INFO ofi_add_1: 3.0499875303138564e-05 , std 4.183188609261268e-05 
2023-05-13 12:11:23,238 INFO ofi_add_2: 0.00013791603318660334 , std 7.859190765917957e-05 
2023-05-13 12:11:23,238 INFO ofi_cancel_1: 3.81821627094184e-05 , std 4.810903057621968e-05 
2023-05-13 12:11:23,238 INFO ofi_cancel_2: 0.0001403526162036012 , std 7.955063007233526e-05 
2023-05-13 12:11:23,238 INFO ofi_trade_1: 0.00015439196186130011 , std 0.00011694519447294483 
2023-05-13 12:11:23,238 INFO ofi_trade_2: 0.00017356972266963701 , std 0.0001296588306948549 
2023-05-13 12:11:23,238 INFO t_intercept: 0.04579826982664893 , std 1.4726551017843919 
2023-05-13 12:11:23,238 INFO t_ofi_add_1: 1.7746003284645089 , std 1.9636973616973425 
2023-05-13 12:11:23,238 INFO t_ofi_add_2: 6.6413696343256134 , std 2.534666072315992 
2023-05-13 12:11:23,238 INFO t_ofi_cancel_1: 1.699919453715455 , std 1.7502380547018574 
2023-05-13 12:11:23,238 INFO t_ofi_cancel_2: 6.54650143359243 , std 2.6648045543721555 
2023-05-13 12:11:23,238 INFO t_ofi_trade_1: 3.1429155350834646 , std 1.8663370351497426 
2023-05-13 12:11:23,238 INFO t_ofi_trade_2: 3.4867223139789307 , std 1.9529769249284998 
2023-05-13 12:11:23,238 INFO Grouping by ofi type:
2023-05-13 12:11:23,238 INFO add: 8.415969962790122
2023-05-13 12:11:23,238 INFO cancel: 8.246420887307885
2023-05-13 12:11:23,238 INFO trade: 6.629637849062395
2023-05-13 12:11:23,238 INFO Grouping by level:
2023-05-13 12:11:23,238 INFO 1: 6.617435317263428
2023-05-13 12:11:23,238 INFO 2: 16.674593381896972
2023-05-13 12:11:23,238 INFO Non empty regressions: 1.0 --- 6575 / 6575
