2023-05-13 12:07:59,369 INFO Starting...
2023-05-13 12:07:59,369 INFO Tickers: ['JPM']
2023-05-13 12:11:19,208 INFO Starting...
2023-05-13 12:11:19,208 INFO Tickers: ['JPM']
2023-05-13 12:11:20,691 INFO in_r2: 0.9145411270700092 , std 0.036747193831359666 
2023-05-13 12:11:20,691 INFO os_r2: 0.891214865802902 , std 0.08152000603734155 
2023-05-13 12:11:20,692 INFO intercept: -1.4879129406730284e-06 , std 1.0666201224781825e-05 
2023-05-13 12:11:20,692 INFO ofi_add_1: 0.00010037565226430932 , std 7.002806470168818e-05 
2023-05-13 12:11:20,692 INFO ofi_add_2: 0.0003467204434168256 , std 7.678719751836798e-05 
2023-05-13 12:11:20,692 INFO ofi_cancel_1: 9.410754694164319e-05 , std 7.350747387771456e-05 
2023-05-13 12:11:20,692 INFO ofi_cancel_2: 0.00034323376045995014 , std 7.627725763544293e-05 
2023-05-13 12:11:20,692 INFO ofi_trade_1: 6.164599444838911e-05 , std 0.000146005245371157 
2023-05-13 12:11:20,692 INFO ofi_trade_2: 0.0003463073186853431 , std 9.179094261396223e-05 
2023-05-13 12:11:20,692 INFO t_intercept: -0.28193388860059315 , std 1.932035588635688 
2023-05-13 12:11:20,692 INFO t_ofi_add_1: 3.130497106827804 , std 2.112172500793718 
2023-05-13 12:11:20,692 INFO t_ofi_add_2: 12.365242650283447 , std 3.0003561895915953 
2023-05-13 12:11:20,692 INFO t_ofi_cancel_1: 2.560594819917046 , std 1.9342098375438115 
2023-05-13 12:11:20,692 INFO t_ofi_cancel_2: 11.957904496531066 , std 2.975335402066703 
2023-05-13 12:11:20,692 INFO t_ofi_trade_1: 0.7731370229494716 , std 1.7791222647996645 
2023-05-13 12:11:20,692 INFO t_ofi_trade_2: 7.851660546695324 , std 2.434798723941971 
2023-05-13 12:11:20,692 INFO Grouping by ofi type:
2023-05-13 12:11:20,692 INFO add: 15.49573975711125
2023-05-13 12:11:20,692 INFO cancel: 14.518499316448112
2023-05-13 12:11:20,692 INFO trade: 8.624797569644796
2023-05-13 12:11:20,693 INFO Grouping by level:
2023-05-13 12:11:20,693 INFO 1: 6.464228949694322
2023-05-13 12:11:20,693 INFO 2: 32.174807693509834
2023-05-13 12:11:20,693 INFO Non empty regressions: 1.0 --- 7348 / 7348
