2023-05-13 12:07:12,442 INFO Experiment: individual_price_impact
2023-05-13 12:07:27,337 INFO AAPL --- INS : 0.8633333222576339 --- OOS : 0.7778792256629108
2023-05-13 12:07:35,990 INFO MSFT --- INS : 0.9174997109133796 --- OOS : 0.8732347784665249
2023-05-13 12:07:44,099 INFO AMZN --- INS : 0.6401615977896188 --- OOS : 0.5102561826501372
2023-05-13 12:07:52,061 INFO FB --- INS : 0.856909026847618 --- OOS : 0.8057852053262171
2023-05-13 12:07:59,368 INFO BRK.B --- INS : 0.7997136309353242 --- OOS : 0.7341807017965495
2023-05-13 12:11:11,436 INFO Experiment: individual_price_impact
2023-05-13 12:11:13,994 INFO AAPL --- INS : 0.8633333222576339 --- OOS : 0.7778792256629108
2023-05-13 12:11:15,368 INFO MSFT --- INS : 0.9174997109133796 --- OOS : 0.8732347784665249
2023-05-13 12:11:16,631 INFO AMZN --- INS : 0.6401615977896188 --- OOS : 0.5102561826501372
2023-05-13 12:11:17,952 INFO FB --- INS : 0.856909026847618 --- OOS : 0.8057852053262171
2023-05-13 12:11:19,206 INFO BRK.B --- INS : 0.7997136309353242 --- OOS : 0.7341807017965495
2023-05-13 12:11:20,693 INFO JPM --- INS : 0.9145411270700092 --- OOS : 0.891214865802902
2023-05-13 12:11:22,002 INFO GOOG --- INS : 0.5945977956666779 --- OOS : 0.4265614086169964
2023-05-13 12:11:23,238 INFO GOOGL --- INS : 0.6141170029634468 --- OOS : 0.45353749235830604
2023-05-13 12:11:24,521 INFO JNJ --- INS : 0.842347648546224 --- OOS : 0.773561364146196
2023-05-13 12:11:25,993 INFO V --- INS : 0.8553845709282464 --- OOS : 0.8163116313509011
2023-05-13 12:11:27,334 INFO PG --- INS : 0.8902536117305349 --- OOS : 0.8552858477006203
2023-05-13 12:11:28,658 INFO XOM --- INS : 0.9074657782092297 --- OOS : 0.8678647596476912
2023-05-13 12:11:30,010 INFO BAC --- INS : 0.9529577583261012 --- OOS : 0.8987395007514188
2023-05-13 12:11:31,273 INFO T --- INS : 0.9297430626950781 --- OOS : 0.8410833884105504
2023-05-13 12:11:32,515 INFO UNH --- INS : 0.8199285363338749 --- OOS : 0.7478930830913575
2023-05-13 12:11:33,829 INFO DIS --- INS : 0.8632514222839588 --- OOS : 0.8244991472934468
2023-05-13 12:11:35,134 INFO MA --- INS : 0.7696835001389961 --- OOS : 0.6892087851216526
2023-05-13 12:11:36,433 INFO INTC --- INS : 0.9470619492802895 --- OOS : 0.9116307179380262
2023-05-13 12:11:37,755 INFO VZ --- INS : 0.929407794137227 --- OOS : 0.8853692443502267
2023-05-13 12:11:39,019 INFO HD --- INS : 0.822923694842842 --- OOS : 0.771652416071702
2023-05-13 12:11:40,331 INFO MRK --- INS : 0.9161277264378866 --- OOS : 0.8870249741528308
2023-05-13 12:11:41,687 INFO CVX --- INS : 0.8643981588505384 --- OOS : 0.8299361100692383
2023-05-13 12:11:42,978 INFO WFC --- INS : 0.9457042289974465 --- OOS : 0.9216714039403887
2023-05-13 12:11:44,258 INFO PFE --- INS : 0.9324238362559344 --- OOS : 0.8413339972417108
2023-05-13 12:11:45,646 INFO KO --- INS : 0.9312871420623748 --- OOS : 0.8784296861125624
2023-05-13 12:11:46,965 INFO CMCSA --- INS : 0.9474869914514261 --- OOS : 0.9158252706947944
2023-05-13 12:11:48,300 INFO CSCO --- INS : 0.9519709794529435 --- OOS : 0.9059666518117715
2023-05-13 12:11:49,607 INFO PEP --- INS : 0.8623074799163694 --- OOS : 0.8204263104592309
2023-05-13 12:11:50,860 INFO BA --- INS : 0.7677296750174759 --- OOS : 0.6727991478377617
2023-05-13 12:11:52,292 INFO C --- INS : 0.9268085491203155 --- OOS : 0.8980291801258354
2023-05-13 12:11:53,605 INFO WMT --- INS : 0.8787771238070738 --- OOS : 0.8366099516194887
2023-05-13 12:11:54,978 INFO ADBE --- INS : 0.7959171742671616 --- OOS : 0.7266371407307106
2023-05-13 12:11:56,343 INFO MDT --- INS : 0.8509920310099037 --- OOS : 0.8017325291008058
2023-05-13 12:11:57,848 INFO ABT --- INS : 0.8937318330025913 --- OOS : 0.8412799230167451
2023-05-13 12:11:59,223 INFO MCD --- INS : 0.8102670748445457 --- OOS : 0.7486834100947639
2023-05-13 12:12:00,563 INFO BMY --- INS : 0.917528100812565 --- OOS : 0.8861573616009473
2023-05-13 12:12:01,845 INFO AMGN --- INS : 0.795151679946664 --- OOS : 0.7213690035600101
2023-05-13 12:12:03,199 INFO CRM --- INS : 0.8156774648479914 --- OOS : 0.759172089657952
2023-05-13 12:12:04,526 INFO NVDA --- INS : 0.8015224414724782 --- OOS : 0.737505216081667
2023-05-13 12:12:05,799 INFO PM --- INS : 0.8425149856227683 --- OOS : 0.7826094488609519
2023-05-13 12:12:07,102 INFO NFLX --- INS : 0.7508119469897695 --- OOS : 0.6665779150245089
2023-05-13 12:12:08,458 INFO ABBV --- INS : 0.8501639596045264 --- OOS : 0.7928107102493197
2023-05-13 12:12:09,714 INFO ACN --- INS : 0.7763747421982641 --- OOS : 0.6979018856601318
2023-05-13 12:12:10,987 INFO COST --- INS : 0.7729371458043586 --- OOS : 0.6903502606462243
2023-05-13 12:12:12,309 INFO PYPL --- INS : 0.8932476442264691 --- OOS : 0.8483497148821031
2023-05-13 12:12:13,496 INFO TMO --- INS : 0.668280544516285 --- OOS : 0.5108151243822473
2023-05-13 12:12:14,864 INFO AVGO --- INS : 0.766774192742856 --- OOS : 0.6495503133305347
2023-05-13 12:12:16,135 INFO HON --- INS : 0.8044293914544492 --- OOS : 0.7236575555942666
2023-05-13 12:12:17,428 INFO UNP --- INS : 0.8233151790032064 --- OOS : 0.7740647389513076
2023-05-13 12:12:18,784 INFO NKE --- INS : 0.8898211787746549 --- OOS : 0.837799548730691
2023-05-13 12:12:20,031 INFO UTX --- INS : 0.8401657886748928 --- OOS : 0.7920763694476987
2023-05-13 12:12:21,414 INFO ORCL --- INS : 0.9312264382047444 --- OOS : 0.8326417395688238
2023-05-13 12:12:22,691 INFO IBM --- INS : 0.8283033677719125 --- OOS : -2.2996522434606157
2023-05-13 12:12:24,036 INFO TXN --- INS : 0.8681487305111023 --- OOS : 0.830321529838607
2023-05-13 12:12:25,242 INFO NEE --- INS : 0.7671529323700966 --- OOS : 0.6863326599284985
2023-05-13 12:12:25,751 INFO LIN --- INS : 0.7276877896187752 --- OOS : 0.5710546699581579
2023-05-13 12:12:27,134 INFO SBUX --- INS : 0.9207016250987325 --- OOS : 0.8711392840394979
2023-05-13 12:12:28,416 INFO LLY --- INS : 0.8416168385956855 --- OOS : 0.7921651575497374
2023-05-13 12:12:29,715 INFO QCOM --- INS : 0.9141783289525908 --- OOS : 0.8662811975080805
2023-05-13 12:12:30,981 INFO MMM --- INS : 0.8001350087162417 --- OOS : 0.7336276392550986
2023-05-13 12:12:32,322 INFO GE --- INS : 0.9585246354792507 --- OOS : 0.8179039378308753
2023-05-13 12:12:33,640 INFO CVS --- INS : 0.867930958469008 --- OOS : 0.8223033403770135
2023-05-13 12:12:34,885 INFO DHR --- INS : 0.8209139186423712 --- OOS : 0.7703338249311965
2023-05-13 12:12:36,050 INFO LMT --- INS : 0.629802890403512 --- OOS : 0.42076902489273166
2023-05-13 12:12:37,217 INFO AMT --- INS : 0.7111481297442436 --- OOS : 0.5983104264533675
2023-05-13 12:12:38,549 INFO MO --- INS : 0.9076091555457084 --- OOS : 0.8707864618016056
2023-05-13 12:12:39,857 INFO LOW --- INS : 0.8352954074735732 --- OOS : 0.7913148528211154
2023-05-13 12:12:41,125 INFO USB --- INS : 0.9511274666012517 --- OOS : 0.9309150169808225
2023-05-13 12:12:41,831 INFO BKNG --- INS : 0.48769817671258225 --- OOS : 0.16941228692031338
2023-05-13 12:12:43,100 INFO AXP --- INS : 0.8601866040941885 --- OOS : 0.8276147305410118
2023-05-13 12:12:44,302 INFO FIS --- INS : 0.7734322533407163 --- OOS : 0.7013677316001333
2023-05-13 12:12:45,725 INFO GILD --- INS : 0.892578354525652 --- OOS : 0.8460946042228206
2023-05-13 12:12:46,989 INFO UPS --- INS : 0.8104713917296595 --- OOS : 0.7504655406229647
2023-05-13 12:12:48,270 INFO CAT --- INS : 0.843720341277275 --- OOS : 0.7941369610154266
2023-05-13 12:12:49,557 INFO MDLZ --- INS : 0.9436931607564453 --- OOS : 0.9111874497731697
2023-05-13 12:12:50,758 INFO CHTR --- INS : 0.6489514853590144 --- OOS : 0.4744606283835811
2023-05-13 12:12:50,837 INFO TFC --- INS : 0.8858060434068039 --- OOS : 0.846713391996938
2023-05-13 12:12:51,985 INFO ANTM --- INS : 0.6387717779176756 --- OOS : 0.4386570827939236
2023-05-13 12:12:53,212 INFO GS --- INS : 0.8063777896560482 --- OOS : 0.7483005602474564
2023-05-13 12:12:54,349 INFO CI --- INS : 0.6890200069741309 --- OOS : 0.5331895802701991
2023-05-13 12:12:55,651 INFO TJX --- INS : 0.882473389906175 --- OOS : 0.8433285571996623
2023-05-13 12:12:57,084 INFO ADP --- INS : 0.8108391390801062 --- OOS : 0.7475762318336266
2023-05-13 12:12:58,293 INFO BDX --- INS : 0.6515890983522743 --- OOS : 0.4903822577567482
2023-05-13 12:12:59,514 INFO CME --- INS : 0.7673011771663315 --- OOS : 0.6704474872700701
2023-05-13 12:13:00,776 INFO CB --- INS : 0.745838451415915 --- OOS : 0.6717373806584918
2023-05-13 12:13:02,053 INFO PNC --- INS : 0.8055261793389963 --- OOS : 0.7586781519821014
2023-05-13 12:13:02,962 INFO COP --- INS : 0.9019265683245431 --- OOS : 0.876396286417203
2023-05-13 12:13:04,163 INFO INTU --- INS : 0.7557095449377178 --- OOS : 0.6657317350626497
2023-05-13 12:13:05,322 INFO ISRG --- INS : 0.5950208559235536 --- OOS : 0.3897594510557199
2023-05-13 12:13:06,711 INFO D --- INS : 0.8667429207214625 --- OOS : 0.8266866541438553
2023-05-13 12:13:07,826 INFO SPGI --- INS : 0.7015165752341377 --- OOS : 0.5727476578115643
2023-05-13 12:13:09,081 INFO FISV --- INS : 0.837078980919175 --- OOS : 0.7800333713000572
2023-05-13 12:13:10,346 INFO DUK --- INS : 0.8577138473440219 --- OOS : 0.8144115432383844
2023-05-13 12:13:11,505 INFO SYK --- INS : 0.6294878917266729 --- OOS : 0.4863894237403187
2023-05-13 12:13:12,776 INFO SO --- INS : 0.9320332292609582 --- OOS : 0.9035539469196803
2023-05-13 12:13:14,170 INFO TGT --- INS : 0.8532822952294331 --- OOS : 0.8044529825940725
2023-05-13 12:13:15,495 INFO MS --- INS : 0.9404833442185041 --- OOS : 0.9167875531380922
2023-05-13 12:13:16,773 INFO BSX --- INS : 0.9370616906516238 --- OOS : 0.9011784609418259
2023-05-13 12:13:17,596 INFO AGN --- INS : 0.74528734594376 --- OOS : 0.6576291378138501
2023-05-13 12:13:18,815 INFO RTN --- INS : 0.701025551306008 --- OOS : 0.6047161764907231
2023-05-13 12:13:18,926 INFO in_r2: 0.8542317838010343 , std 0.10392445209255026 
2023-05-13 12:13:18,927 INFO os_r2: 0.7600706356294067 , std 25.228418661303063 
2023-05-13 12:13:18,927 INFO intercept: 1.2377671888071343e-07 , std 1.2619120411876576e-05 
2023-05-13 12:13:18,927 INFO ofi_add_1: 0.00013086879430472531 , std 0.00011294339586158455 
2023-05-13 12:13:18,927 INFO ofi_add_2: 0.00042677326944389724 , std 0.00029380744205998875 
2023-05-13 12:13:18,927 INFO ofi_cancel_1: 0.00012045317872156323 , std 0.00011657955160523737 
2023-05-13 12:13:18,927 INFO ofi_cancel_2: 0.00039910579467999 , std 0.0002647462058993991 
2023-05-13 12:13:18,927 INFO ofi_trade_1: 0.00017574087744037873 , std 0.00029627614153440127 
2023-05-13 12:13:18,927 INFO ofi_trade_2: 0.00045307884903287123 , std 0.0003321674965372241 
2023-05-13 12:13:18,927 INFO t_intercept: 0.014495784463958364 , std 1.4578431465796033 
2023-05-13 12:13:18,927 INFO t_ofi_add_1: 3.2658873850346675 , std 2.328854388500305 
2023-05-13 12:13:18,927 INFO t_ofi_add_2: 11.30256411483043 , std 4.935105643902376 
2023-05-13 12:13:18,927 INFO t_ofi_cancel_1: 2.531105454929561 , std 2.0592083161674553 
2023-05-13 12:13:18,927 INFO t_ofi_cancel_2: 10.036436329884442 , std 4.321626889447588 
2023-05-13 12:13:18,927 INFO t_ofi_trade_1: 3671928866.4815245 , std 2901341733510.1143 
2023-05-13 12:13:18,927 INFO t_ofi_trade_2: 20141951031.773155 , std 4723233921607.627 
2023-05-13 12:13:18,927 INFO Grouping by ofi type:
2023-05-13 12:13:18,927 INFO add: 14.568451499865098
2023-05-13 12:13:18,927 INFO cancel: 12.567541784814003
2023-05-13 12:13:18,927 INFO trade: 23813879898.25468
2023-05-13 12:13:18,927 INFO Grouping by level:
2023-05-13 12:13:18,927 INFO 1: 3671928872.2785172
2023-05-13 12:13:18,927 INFO 2: 20141951053.112156
2023-05-13 12:13:18,931 INFO Non empty regressions: 1.0 --- 541487 / 541487
