2023-05-13 12:12:38,550 INFO Starting...
2023-05-13 12:12:38,550 INFO Tickers: ['LOW']
2023-05-13 12:12:39,857 INFO in_r2: 0.8352954074735732 , std 0.06801107254076706 
2023-05-13 12:12:39,857 INFO os_r2: 0.7913148528211154 , std 0.15083130497820824 
2023-05-13 12:12:39,857 INFO intercept: -3.185966169192953e-08 , std 1.3301618313848103e-05 
2023-05-13 12:12:39,857 INFO ofi_add_1: 0.000200276871155763 , std 9.824841562864622e-05 
2023-05-13 12:12:39,857 INFO ofi_add_2: 0.000366804328684196 , std 0.00011958445748779237 
2023-05-13 12:12:39,857 INFO ofi_cancel_1: 0.0001770066253629366 , std 0.00010496990643293625 
2023-05-13 12:12:39,857 INFO ofi_cancel_2: 0.0003546700786172241 , std 0.00012177416454736741 
2023-05-13 12:12:39,857 INFO ofi_trade_1: 0.0002672497916645277 , std 0.0002243438993627038 
2023-05-13 12:12:39,857 INFO ofi_trade_2: 0.0003620238425467331 , std 0.00017195197319056171 
2023-05-13 12:12:39,857 INFO t_intercept: -0.005504065225808354 , std 1.4787250821500353 
2023-05-13 12:12:39,857 INFO t_ofi_add_1: 4.338897764362567 , std 1.826705230237219 
2023-05-13 12:12:39,857 INFO t_ofi_add_2: 9.216452395406426 , std 2.4237009304373114 
2023-05-13 12:12:39,857 INFO t_ofi_cancel_1: 3.240504746721413 , std 1.6901701138507763 
2023-05-13 12:12:39,857 INFO t_ofi_cancel_2: 8.558610524533686 , std 2.489149653213526 
2023-05-13 12:12:39,857 INFO t_ofi_trade_1: 2.5569173706866337 , std 1.864087137662911 
2023-05-13 12:12:39,857 INFO t_ofi_trade_2: 4.706743214993688 , std 1.9926683095083841 
2023-05-13 12:12:39,857 INFO Grouping by ofi type:
2023-05-13 12:12:39,857 INFO add: 13.555350159768993
2023-05-13 12:12:39,857 INFO cancel: 11.799115271255099
2023-05-13 12:12:39,857 INFO trade: 7.263660585680322
2023-05-13 12:12:39,857 INFO Grouping by level:
2023-05-13 12:12:39,857 INFO 1: 10.136319881770614
2023-05-13 12:12:39,857 INFO 2: 22.481806134933798
2023-05-13 12:12:39,857 INFO Non empty regressions: 1.0 --- 6772 / 6772
