2023-05-13 12:12:04,527 INFO Starting...
2023-05-13 12:12:04,527 INFO Tickers: ['PM']
2023-05-13 12:12:05,798 INFO in_r2: 0.8425149856227683 , std 0.06290509037629831 
2023-05-13 12:12:05,798 INFO os_r2: 0.7826094488609519 , std 0.5975791486037453 
2023-05-13 12:12:05,798 INFO intercept: -2.7231054697602606e-07 , std 1.051136145457519e-05 
2023-05-13 12:12:05,798 INFO ofi_add_1: 0.00018823864425875143 , std 9.821581932094688e-05 
2023-05-13 12:12:05,798 INFO ofi_add_2: 0.00036762950204752303 , std 0.00012893975991828095 
2023-05-13 12:12:05,798 INFO ofi_cancel_1: 0.00016412809251069015 , std 9.987835903315193e-05 
2023-05-13 12:12:05,798 INFO ofi_cancel_2: 0.0003595514688213325 , std 0.00012700671535725586 
2023-05-13 12:12:05,798 INFO ofi_trade_1: 0.00024855846228319763 , std 0.0002056628352163407 
2023-05-13 12:12:05,798 INFO ofi_trade_2: 0.00038695121767105904 , std 0.00017195373527232355 
2023-05-13 12:12:05,799 INFO t_intercept: -0.03968266745571618 , std 1.4129056383185192 
2023-05-13 12:12:05,799 INFO t_ofi_add_1: 4.202556680808164 , std 1.7748546015321676 
2023-05-13 12:12:05,799 INFO t_ofi_add_2: 9.817208973646235 , std 2.4666535870854513 
2023-05-13 12:12:05,799 INFO t_ofi_cancel_1: 3.170932855524319 , std 1.6651887550541395 
2023-05-13 12:12:05,799 INFO t_ofi_cancel_2: 9.073950082357813 , std 2.540851791693165 
2023-05-13 12:12:05,799 INFO t_ofi_trade_1: 2.408768747759513 , std 1.7835006985075994 
2023-05-13 12:12:05,799 INFO t_ofi_trade_2: 5.1918172673539775 , std 2.070060007671247 
2023-05-13 12:12:05,799 INFO Grouping by ofi type:
2023-05-13 12:12:05,799 INFO add: 14.0197656544544
2023-05-13 12:12:05,799 INFO cancel: 12.244882937882132
2023-05-13 12:12:05,799 INFO trade: 7.600586015113491
2023-05-13 12:12:05,799 INFO Grouping by level:
2023-05-13 12:12:05,799 INFO 1: 9.782258284091997
2023-05-13 12:12:05,799 INFO 2: 24.082976323358025
2023-05-13 12:12:05,799 INFO Non empty regressions: 1.0 --- 6689 / 6689
