2023-05-13 12:13:17,598 INFO Starting...
2023-05-13 12:13:17,598 INFO Tickers: ['RTN']
2023-05-13 12:13:18,813 INFO in_r2: 0.701025551306008 , std 0.12807748119589907 
2023-05-13 12:13:18,813 INFO os_r2: 0.6047161764907231 , std 0.22924610077570648 
2023-05-13 12:13:18,814 INFO intercept: -8.266625182665459e-07 , std 1.9902649921042186e-05 
2023-05-13 12:13:18,814 INFO ofi_add_1: 0.0001861001530673817 , std 0.00016232125544087496 
2023-05-13 12:13:18,814 INFO ofi_add_2: 0.0003351948796353178 , std 0.00020586090043241224 
2023-05-13 12:13:18,814 INFO ofi_cancel_1: 0.00021043386471795108 , std 0.00019213258124555315 
2023-05-13 12:13:18,814 INFO ofi_cancel_2: 0.0003290977196630288 , std 0.00020529394528787882 
2023-05-13 12:13:18,814 INFO ofi_trade_1: 0.00035675301741776164 , std 0.0003525418285869561 
2023-05-13 12:13:18,814 INFO ofi_trade_2: 0.0004419671635283887 , std 0.000415957083314162 
2023-05-13 12:13:18,814 INFO t_intercept: -0.034879112814076164 , std 1.3971474264614474 
2023-05-13 12:13:18,814 INFO t_ofi_add_1: 3.4616700766452193 , std 1.8396645878642082 
2023-05-13 12:13:18,814 INFO t_ofi_add_2: 6.896926572374189 , std 2.159049339497662 
2023-05-13 12:13:18,814 INFO t_ofi_cancel_1: 3.06621968323349 , std 1.6197522241134366 
2023-05-13 12:13:18,814 INFO t_ofi_cancel_2: 6.301975144218693 , std 2.1579933232514303 
2023-05-13 12:13:18,814 INFO t_ofi_trade_1: 3.1643203114644516 , std 1.9171626130197879 
2023-05-13 12:13:18,814 INFO t_ofi_trade_2: 3.563876729862441 , std 1.8650786712203933 
2023-05-13 12:13:18,814 INFO Grouping by ofi type:
2023-05-13 12:13:18,814 INFO add: 10.358596649019407
2023-05-13 12:13:18,814 INFO cancel: 9.368194827452182
2023-05-13 12:13:18,814 INFO trade: 6.728197041326893
2023-05-13 12:13:18,815 INFO Grouping by level:
2023-05-13 12:13:18,815 INFO 1: 9.692210071343162
2023-05-13 12:13:18,815 INFO 2: 16.76277844645532
2023-05-13 12:13:18,815 INFO Non empty regressions: 1.0 --- 1624 / 1624
