2023-05-13 12:12:50,759 INFO Starting...
2023-05-13 12:12:50,759 INFO Tickers: ['TFC']
2023-05-13 12:12:50,837 INFO in_r2: 0.8858060434068039 , std 0.042553518574925814 
2023-05-13 12:12:50,837 INFO os_r2: 0.846713391996938 , std 0.08021505857851625 
2023-05-13 12:12:50,837 INFO intercept: 7.262448308792154e-06 , std 1.0217359359076978e-05 
2023-05-13 12:12:50,837 INFO ofi_add_1: 0.0001789004471363886 , std 0.00011106984274467318 
2023-05-13 12:12:50,837 INFO ofi_add_2: 0.000605995564029679 , std 0.00016350033087194203 
2023-05-13 12:12:50,837 INFO ofi_cancel_1: 0.00017907812560573412 , std 8.254405404558513e-05 
2023-05-13 12:12:50,837 INFO ofi_cancel_2: 0.0005681414619520125 , std 0.00016505027273232555 
2023-05-13 12:12:50,837 INFO ofi_trade_1: 0.00018257789822002796 , std 0.00028412610780879954 
2023-05-13 12:12:50,837 INFO ofi_trade_2: 0.0006509793831687546 , std 0.00023012280454636 
2023-05-13 12:12:50,837 INFO t_intercept: 0.980176696861585 , std 1.094913652103467 
2023-05-13 12:12:50,837 INFO t_ofi_add_1: 4.1453607228979 , std 2.52902131165999 
2023-05-13 12:12:50,837 INFO t_ofi_add_2: 12.44155867427501 , std 2.7461340736125095 
2023-05-13 12:12:50,837 INFO t_ofi_cancel_1: 3.5308886319878394 , std 2.12680211584702 
2023-05-13 12:12:50,837 INFO t_ofi_cancel_2: 10.88899902258567 , std 2.8951881326079025 
2023-05-13 12:12:50,837 INFO t_ofi_trade_1: 1.8139954266450369 , std 3.0326656394230724 
2023-05-13 12:12:50,837 INFO t_ofi_trade_2: 8.46809686357703 , std 2.452688608831143 
2023-05-13 12:12:50,837 INFO Grouping by ofi type:
2023-05-13 12:12:50,837 INFO add: 16.58691939717291
2023-05-13 12:12:50,837 INFO cancel: 14.41988765457351
2023-05-13 12:12:50,837 INFO trade: 10.282092290222067
2023-05-13 12:12:50,837 INFO Grouping by level:
2023-05-13 12:12:50,837 INFO 1: 9.490244781530777
2023-05-13 12:12:50,837 INFO 2: 31.79865456043771
2023-05-13 12:12:50,837 INFO Non empty regressions: 1.0 --- 24 / 24
