2023-05-13 12:12:16,137 INFO Starting...
2023-05-13 12:12:16,137 INFO Tickers: ['UNP']
2023-05-13 12:12:17,426 INFO in_r2: 0.8233151790032064 , std 0.06283736238895497 
2023-05-13 12:12:17,426 INFO os_r2: 0.7740647389513076 , std 0.15304171311141926 
2023-05-13 12:12:17,426 INFO intercept: -4.2014470991077767e-07 , std 1.297672136189818e-05 
2023-05-13 12:12:17,426 INFO ofi_add_1: 0.00016231562835661862 , std 8.667518139989706e-05 
2023-05-13 12:12:17,426 INFO ofi_add_2: 0.0003160563476097189 , std 0.00010458930708645156 
2023-05-13 12:12:17,426 INFO ofi_cancel_1: 0.00016298424088092347 , std 9.238498827432459e-05 
2023-05-13 12:12:17,426 INFO ofi_cancel_2: 0.00030529859663511253 , std 0.00010528538948276718 
2023-05-13 12:12:17,426 INFO ofi_trade_1: 0.00024247729045737766 , std 0.000171716346479768 
2023-05-13 12:12:17,427 INFO ofi_trade_2: 0.00032683706297520417 , std 0.00017043422271383762 
2023-05-13 12:12:17,427 INFO t_intercept: -0.017638965833553753 , std 1.4270374726822277 
2023-05-13 12:12:17,427 INFO t_ofi_add_1: 3.8550797372160868 , std 1.646613474664925 
2023-05-13 12:12:17,427 INFO t_ofi_add_2: 8.794309027556693 , std 2.002191498097934 
2023-05-13 12:12:17,427 INFO t_ofi_cancel_1: 3.264544720428717 , std 1.5831969034222557 
2023-05-13 12:12:17,427 INFO t_ofi_cancel_2: 8.008001153612346 , std 2.1459142887948173 
2023-05-13 12:12:17,427 INFO t_ofi_trade_1: 2.8975363433891377 , std 1.6143498295130292 
2023-05-13 12:12:17,427 INFO t_ofi_trade_2: 4.457990928171313 , std 1.8154961610128826 
2023-05-13 12:12:17,428 INFO Grouping by ofi type:
2023-05-13 12:12:17,428 INFO add: 12.64938876477278
2023-05-13 12:12:17,428 INFO cancel: 11.272545874041063
2023-05-13 12:12:17,428 INFO trade: 7.355527271560451
2023-05-13 12:12:17,428 INFO Grouping by level:
2023-05-13 12:12:17,428 INFO 1: 10.017160801033942
2023-05-13 12:12:17,428 INFO 2: 21.260301109340354
2023-05-13 12:12:17,428 INFO Non empty regressions: 1.0 --- 5680 / 5680
