2023-05-13 12:11:36,434 INFO Starting...
2023-05-13 12:11:36,434 INFO Tickers: ['VZ']
2023-05-13 12:11:37,753 INFO in_r2: 0.929407794137227 , std 0.0364494081118495 
2023-05-13 12:11:37,753 INFO os_r2: 0.8853692443502267 , std 0.19780756833447805 
2023-05-13 12:11:37,753 INFO intercept: -7.26677717618021e-08 , std 6.826891925830097e-06 
2023-05-13 12:11:37,753 INFO ofi_add_1: 0.00011240958623817077 , std 0.00011930663929304606 
2023-05-13 12:11:37,753 INFO ofi_add_2: 0.000534795229404985 , std 0.0001752143254131765 
2023-05-13 12:11:37,753 INFO ofi_cancel_1: 8.51557186095358e-05 , std 0.00011858034026202845 
2023-05-13 12:11:37,753 INFO ofi_cancel_2: 0.0004782743893819544 , std 0.00019002112136380932 
2023-05-13 12:11:37,753 INFO ofi_trade_1: 7.655064968617255e-05 , std 0.0002356029947627289 
2023-05-13 12:11:37,753 INFO ofi_trade_2: 0.0005468137097758848 , std 0.00018489078164725988 
2023-05-13 12:11:37,753 INFO t_intercept: 0.0014737411549066988 , std 1.394035049573546 
2023-05-13 12:11:37,753 INFO t_ofi_add_1: 3.2853946614371154 , std 3.291166622840755 
2023-05-13 12:11:37,753 INFO t_ofi_add_2: 14.581108149187203 , std 5.179617557833456 
2023-05-13 12:11:37,753 INFO t_ofi_cancel_1: 2.0244017525907396 , std 2.757571788399301 
2023-05-13 12:11:37,753 INFO t_ofi_cancel_2: 12.418252529453868 , std 5.064682708337106 
2023-05-13 12:11:37,753 INFO t_ofi_trade_1: 0.7470350468163354 , std 2.1933910980847746 
2023-05-13 12:11:37,753 INFO t_ofi_trade_2: 10.758903481577015 , std 4.39679510205008 
2023-05-13 12:11:37,754 INFO Grouping by ofi type:
2023-05-13 12:11:37,754 INFO add: 17.86650281062432
2023-05-13 12:11:37,754 INFO cancel: 14.442654282044607
2023-05-13 12:11:37,754 INFO trade: 11.50593852839335
2023-05-13 12:11:37,754 INFO Grouping by level:
2023-05-13 12:11:37,754 INFO 1: 6.05683146084419
2023-05-13 12:11:37,754 INFO 2: 37.75826416021809
2023-05-13 12:11:37,755 INFO Non empty regressions: 1.0 --- 7269 / 7269
