2023-05-09 10:42:52,997 INFO Starting...
2023-05-09 10:42:52,997 INFO Tickers: ['AAPL']
2023-05-09 10:43:22,002 INFO in_r2: -0.37603368259806963 , std 0.1883090429769322 
2023-05-09 10:43:22,002 INFO os_r2: -0.11143042327702384 , std 0.0966280250017939 
2023-05-09 10:43:22,002 INFO intercept: -5.2656330566820035e-06 , std 0.00011955090795127117 
2023-05-09 10:43:22,002 INFO ofi_add_1_1: -6.270062291344432e-07 , std 3.080303119460588e-05 
2023-05-09 10:43:22,002 INFO ofi_cancel_1_1: -7.568286946904194e-07 , std 4.155197059946101e-05 
2023-05-09 10:43:22,002 INFO ofi_trade_1_1: -6.446173390294906e-07 , std 6.7067843783126e-05 
2023-05-09 10:43:22,002 INFO ofi_add_1_2: -2.0634924835856858e-06 , std 2.9037452808530732e-05 
2023-05-09 10:43:22,002 INFO ofi_cancel_1_2: -1.1769227052924474e-06 , std 3.901592745147251e-05 
2023-05-09 10:43:22,003 INFO ofi_trade_1_2: -1.988512764643561e-06 , std 6.412451313191364e-05 
2023-05-09 10:43:22,003 INFO ofi_add_1_3: -2.8776226658458485e-06 , std 2.5171145040127237e-05 
2023-05-09 10:43:22,003 INFO ofi_cancel_1_3: -2.2580397863501833e-07 , std 3.205856158078954e-05 
2023-05-09 10:43:22,003 INFO ofi_trade_1_3: -2.929150542974047e-06 , std 5.589340244025771e-05 
2023-05-09 10:43:22,003 INFO used_intercept: 0.9846373753841798 , std 0.12299030197838207 
2023-05-09 10:43:22,003 INFO used_ofi_add_1_1: 0.12765044092194014 , std 0.33370017359056675 
2023-05-09 10:43:22,003 INFO used_ofi_cancel_1_1: 0.06994926315116476 , std 0.2550614901073345 
2023-05-09 10:43:22,003 INFO used_ofi_trade_1_1: 0.04050727715289099 , std 0.1971457269396166 
2023-05-09 10:43:22,003 INFO used_ofi_add_1_2: 0.1512378238412955 , std 0.3582805387975249 
2023-05-09 10:43:22,003 INFO used_ofi_cancel_1_2: 0.0885634301945902 , std 0.28411256400722257 
2023-05-09 10:43:22,003 INFO used_ofi_trade_1_2: 0.05277362962557028 , std 0.22358124617622432 
2023-05-09 10:43:22,003 INFO used_ofi_add_1_3: 0.21668424874299572 , std 0.41198566126708736 
2023-05-09 10:43:22,003 INFO used_ofi_cancel_1_3: 0.14550652363533403 , std 0.35261079849445054 
2023-05-09 10:43:22,003 INFO used_ofi_trade_1_3: 0.08129769423627571 , std 0.27329174731070954 
2023-05-09 10:43:22,703 INFO Grouping by horizont:
2023-05-09 10:43:22,704 INFO 1: 0.23810698122599588
2023-05-09 10:43:22,704 INFO 2: 0.292574883661456
2023-05-09 10:43:22,704 INFO 3: 0.44348846661460545
2023-05-09 10:43:22,704 INFO Grouping by ofi type:
2023-05-09 10:43:22,704 INFO add: 0.4955725135062313
2023-05-09 10:43:22,704 INFO cancel: 0.304019216981089
2023-05-09 10:43:22,704 INFO trade: 0.174578601014737
2023-05-09 10:43:22,704 INFO Grouping by ofi type and horizont:
2023-05-09 10:43:22,704 INFO add_1: 0.12765044092194014
2023-05-09 10:43:22,704 INFO cancel_1: 0.06994926315116476
2023-05-09 10:43:22,704 INFO trade_1: 0.04050727715289099
2023-05-09 10:43:22,704 INFO add_2: 0.1512378238412955
2023-05-09 10:43:22,704 INFO cancel_2: 0.0885634301945902
2023-05-09 10:43:22,704 INFO trade_2: 0.05277362962557028
2023-05-09 10:43:22,704 INFO add_3: 0.21668424874299572
2023-05-09 10:43:22,704 INFO cancel_3: 0.14550652363533403
2023-05-09 10:43:22,704 INFO trade_3: 0.08129769423627571
2023-05-09 10:43:22,704 INFO Grouping by level:
2023-05-09 10:43:22,704 INFO 1: 0.9741703315020575
2023-05-09 10:43:22,704 INFO Grouping by level and horizont:
2023-05-09 10:43:22,704 INFO 1_1: 0.23810698122599588
2023-05-09 10:43:22,704 INFO 1_2: 0.292574883661456
2023-05-09 10:43:22,704 INFO 1_3: 0.44348846661460545
2023-05-09 10:43:22,707 INFO Non empty regressions: 0.3612271832600366 --- 79099 / 218973
