2023-05-09 11:15:48,663 INFO Starting...
2023-05-09 11:15:48,663 INFO Tickers: ['CAT']
2023-05-09 11:16:14,351 INFO in_r2: -0.37484805246532654 , std 0.18869476218789216 
2023-05-09 11:16:14,351 INFO os_r2: -0.12673135367662805 , std 0.4257447267416082 
2023-05-09 11:16:14,351 INFO intercept: -1.007051008271646e-06 , std 0.00013571496489630448 
2023-05-09 11:16:14,351 INFO ofi_add_1_1: -2.2932586530455843e-06 , std 6.573851602248569e-05 
2023-05-09 11:16:14,351 INFO ofi_cancel_1_1: -1.594355496315177e-06 , std 8.328437168201604e-05 
2023-05-09 11:16:14,351 INFO ofi_trade_1_1: -2.1369318454859094e-06 , std 0.00014372165015061314 
2023-05-09 11:16:14,351 INFO ofi_add_1_2: -4.282920623560146e-06 , std 5.993672855525059e-05 
2023-05-09 11:16:14,351 INFO ofi_cancel_1_2: -3.2013870153672226e-06 , std 7.616887741225199e-05 
2023-05-09 11:16:14,351 INFO ofi_trade_1_2: -3.0891865605808e-06 , std 0.00014251322860676615 
2023-05-09 11:16:14,351 INFO ofi_add_1_3: -4.589137551671624e-06 , std 5.116859768019575e-05 
2023-05-09 11:16:14,351 INFO ofi_cancel_1_3: -5.491928782398183e-06 , std 6.55489481392846e-05 
2023-05-09 11:16:14,351 INFO ofi_trade_1_3: -5.6835773551738664e-06 , std 0.00011777639504408896 
2023-05-09 11:16:14,351 INFO used_intercept: 0.9882131586999311 , std 0.10792549129948838 
2023-05-09 11:16:14,351 INFO used_ofi_add_1_1: 0.1279244473062889 , std 0.33400566325688164 
2023-05-09 11:16:14,351 INFO used_ofi_cancel_1_1: 0.07822882273156964 , std 0.26853132782899336 
2023-05-09 11:16:14,351 INFO used_ofi_trade_1_1: 0.03585373539203463 , std 0.1859253749504693 
2023-05-09 11:16:14,351 INFO used_ofi_add_1_2: 0.15463550300722007 , std 0.3615568616648342 
2023-05-09 11:16:14,351 INFO used_ofi_cancel_1_2: 0.10079324848268964 , std 0.30105476170125 
2023-05-09 11:16:14,351 INFO used_ofi_trade_1_2: 0.04630251218186717 , std 0.21013945262019507 
2023-05-09 11:16:14,351 INFO used_ofi_add_1_3: 0.22020523078187723 , std 0.4143849504002015 
2023-05-09 11:16:14,351 INFO used_ofi_cancel_1_3: 0.15611970425577582 , std 0.362968789565804 
2023-05-09 11:16:14,351 INFO used_ofi_trade_1_3: 0.06873906828695775 , std 0.2530098985771084 
2023-05-09 11:16:15,027 INFO Grouping by horizont:
2023-05-09 11:16:15,027 INFO 1: 0.24200700542989317
2023-05-09 11:16:15,027 INFO 2: 0.3017312636717769
2023-05-09 11:16:15,027 INFO 3: 0.4450640033246108
2023-05-09 11:16:15,028 INFO Grouping by ofi type:
2023-05-09 11:16:15,028 INFO add: 0.5027651810953863
2023-05-09 11:16:15,028 INFO cancel: 0.3351417754700351
2023-05-09 11:16:15,028 INFO trade: 0.15089531586085955
2023-05-09 11:16:15,028 INFO Grouping by ofi type and horizont:
2023-05-09 11:16:15,028 INFO add_1: 0.1279244473062889
2023-05-09 11:16:15,028 INFO cancel_1: 0.07822882273156964
2023-05-09 11:16:15,028 INFO trade_1: 0.03585373539203463
2023-05-09 11:16:15,028 INFO add_2: 0.15463550300722007
2023-05-09 11:16:15,028 INFO cancel_2: 0.10079324848268964
2023-05-09 11:16:15,028 INFO trade_2: 0.04630251218186717
2023-05-09 11:16:15,028 INFO add_3: 0.22020523078187723
2023-05-09 11:16:15,028 INFO cancel_3: 0.15611970425577582
2023-05-09 11:16:15,028 INFO trade_3: 0.06873906828695775
2023-05-09 11:16:15,028 INFO Grouping by level:
2023-05-09 11:16:15,028 INFO 1: 0.9888022724262809
2023-05-09 11:16:15,028 INFO Grouping by level and horizont:
2023-05-09 11:16:15,028 INFO 1_1: 0.24200700542989317
2023-05-09 11:16:15,028 INFO 1_2: 0.3017312636717769
2023-05-09 11:16:15,028 INFO 1_3: 0.4450640033246108
2023-05-09 11:16:15,030 INFO Non empty regressions: 0.3646659633836135 --- 79852 / 218973
