2023-05-09 11:21:12,689 INFO Starting...
2023-05-09 11:21:12,689 INFO Tickers: ['COP']
2023-05-09 11:21:30,929 INFO in_r2: -0.3742471841933387 , std 0.18854625809746964 
2023-05-09 11:21:30,929 INFO os_r2: -0.10924057931445985 , std 0.05544671373349534 
2023-05-09 11:21:30,929 INFO intercept: -2.8398530181881787e-06 , std 0.00016269060928207044 
2023-05-09 11:21:30,929 INFO ofi_add_1_1: -1.303672537263643e-06 , std 7.16578271914109e-05 
2023-05-09 11:21:30,929 INFO ofi_cancel_1_1: -1.6828032002861205e-06 , std 0.00010299429331422322 
2023-05-09 11:21:30,930 INFO ofi_trade_1_1: -2.0764110375492948e-06 , std 0.00023919306605995382 
2023-05-09 11:21:30,930 INFO ofi_add_1_2: -4.475089468645999e-06 , std 6.518163938360162e-05 
2023-05-09 11:21:30,930 INFO ofi_cancel_1_2: -2.469262115341966e-06 , std 9.261064956042343e-05 
2023-05-09 11:21:30,930 INFO ofi_trade_1_2: -5.229549225921041e-07 , std 0.00022946274013429724 
2023-05-09 11:21:30,930 INFO ofi_add_1_3: -7.845939848059303e-06 , std 5.4208717977774896e-05 
2023-05-09 11:21:30,930 INFO ofi_cancel_1_3: -6.162883483615211e-06 , std 7.583720767971389e-05 
2023-05-09 11:21:30,930 INFO ofi_trade_1_3: -4.57635881887425e-06 , std 0.00018452843041001093 
2023-05-09 11:21:30,930 INFO used_intercept: 0.9902535728840721 , std 0.0982417135151959 
2023-05-09 11:21:30,930 INFO used_ofi_add_1_1: 0.1448218220499962 , std 0.3519211018227174 
2023-05-09 11:21:30,930 INFO used_ofi_cancel_1_1: 0.08263395293256245 , std 0.2753281365122379 
2023-05-09 11:21:30,930 INFO used_ofi_trade_1_1: 0.027830159355119465 , std 0.16448599206433395 
2023-05-09 11:21:30,930 INFO used_ofi_add_1_2: 0.16896339736549448 , std 0.3747195854451759 
2023-05-09 11:21:30,930 INFO used_ofi_cancel_1_2: 0.10325272326640005 , std 0.30428867610292737 
2023-05-09 11:21:30,930 INFO used_ofi_trade_1_2: 0.03559414523626969 , std 0.1852760158821671 
2023-05-09 11:21:30,930 INFO used_ofi_add_1_3: 0.229431308756588 , std 0.42046710135137466 
2023-05-09 11:21:30,930 INFO used_ofi_cancel_1_3: 0.15793909001112102 , std 0.3646838820918468 
2023-05-09 11:21:30,930 INFO used_ofi_trade_1_3: 0.052393089776267346 , std 0.22281843263061368 
2023-05-09 11:21:31,378 INFO Grouping by horizont:
2023-05-09 11:21:31,378 INFO 1: 0.2552859343376781
2023-05-09 11:21:31,378 INFO 2: 0.30781026586816423
2023-05-09 11:21:31,378 INFO 3: 0.43976348854397634
2023-05-09 11:21:31,378 INFO Grouping by ofi type:
2023-05-09 11:21:31,378 INFO add: 0.5432165281720787
2023-05-09 11:21:31,378 INFO cancel: 0.34382576621008354
2023-05-09 11:21:31,378 INFO trade: 0.1158173943676565
2023-05-09 11:21:31,378 INFO Grouping by ofi type and horizont:
2023-05-09 11:21:31,378 INFO add_1: 0.1448218220499962
2023-05-09 11:21:31,378 INFO cancel_1: 0.08263395293256245
2023-05-09 11:21:31,378 INFO trade_1: 0.027830159355119465
2023-05-09 11:21:31,378 INFO add_2: 0.16896339736549448
2023-05-09 11:21:31,378 INFO cancel_2: 0.10325272326640005
2023-05-09 11:21:31,378 INFO trade_2: 0.03559414523626969
2023-05-09 11:21:31,378 INFO add_3: 0.229431308756588
2023-05-09 11:21:31,378 INFO cancel_3: 0.15793909001112102
2023-05-09 11:21:31,378 INFO trade_3: 0.052393089776267346
2023-05-09 11:21:31,378 INFO Grouping by level:
2023-05-09 11:21:31,378 INFO 1: 1.0028596887498187
2023-05-09 11:21:31,378 INFO Grouping by level and horizont:
2023-05-09 11:21:31,378 INFO 1_1: 0.2552859343376781
2023-05-09 11:21:31,378 INFO 1_2: 0.30781026586816423
2023-05-09 11:21:31,378 INFO 1_3: 0.43976348854397634
2023-05-09 11:21:31,382 INFO Non empty regressions: 0.36575004662536004 --- 52950 / 144771
