2023-05-09 11:23:45,952 INFO Starting...
2023-05-09 11:23:45,952 INFO Tickers: ['DUK']
2023-05-09 11:24:12,036 INFO in_r2: -0.37255627633720934 , std 0.1899839779516073 
2023-05-09 11:24:12,036 INFO os_r2: -0.10604263026282641 , std 0.07076290147182673 
2023-05-09 11:24:12,036 INFO intercept: 1.173658149761242e-06 , std 8.581213908777163e-05 
2023-05-09 11:24:12,036 INFO ofi_add_1_1: -3.2977496130657925e-06 , std 6.915427495304285e-05 
2023-05-09 11:24:12,036 INFO ofi_cancel_1_1: -2.5091753541016895e-06 , std 8.366377246709452e-05 
2023-05-09 11:24:12,036 INFO ofi_trade_1_1: -3.025155752722266e-06 , std 0.0001826822733592092 
2023-05-09 11:24:12,036 INFO ofi_add_1_2: -5.340671508272764e-06 , std 6.035581516691287e-05 
2023-05-09 11:24:12,036 INFO ofi_cancel_1_2: -3.2860752866197373e-06 , std 7.942758650320601e-05 
2023-05-09 11:24:12,036 INFO ofi_trade_1_2: -2.904969475466239e-06 , std 0.00017580965970556911 
2023-05-09 11:24:12,036 INFO ofi_add_1_3: -5.457749832542609e-06 , std 5.1981064054949065e-05 
2023-05-09 11:24:12,036 INFO ofi_cancel_1_3: -5.689646212570643e-06 , std 6.702352518486604e-05 
2023-05-09 11:24:12,036 INFO ofi_trade_1_3: -7.272704924380745e-06 , std 0.0001578866834233703 
2023-05-09 11:24:12,036 INFO used_intercept: 0.9839614929694529 , std 0.12562353809210372 
2023-05-09 11:24:12,036 INFO used_ofi_add_1_1: 0.14259748918816476 , std 0.3496619013638689 
2023-05-09 11:24:12,036 INFO used_ofi_cancel_1_1: 0.08394642261831367 , std 0.2773074480570278 
2023-05-09 11:24:12,036 INFO used_ofi_trade_1_1: 0.03147876678859951 , std 0.1746077146923024 
2023-05-09 11:24:12,036 INFO used_ofi_add_1_2: 0.16327127088727833 , std 0.369612990829775 
2023-05-09 11:24:12,036 INFO used_ofi_cancel_1_2: 0.10488507715563106 , std 0.30640528348200585 
2023-05-09 11:24:12,037 INFO used_ofi_trade_1_2: 0.0385481315047974 , std 0.19251538396264922 
2023-05-09 11:24:12,037 INFO used_ofi_add_1_3: 0.22195887164170924 , std 0.41556363043612043 
2023-05-09 11:24:12,037 INFO used_ofi_cancel_1_3: 0.16584236412708417 , std 0.37193907348895705 
2023-05-09 11:24:12,037 INFO used_ofi_trade_1_3: 0.05869216752750339 , std 0.2350476483575764 
2023-05-09 11:24:12,703 INFO Grouping by horizont:
2023-05-09 11:24:12,704 INFO 1: 0.25802267859507794
2023-05-09 11:24:12,704 INFO 2: 0.3067044795477068
2023-05-09 11:24:12,704 INFO 3: 0.44649340329629683
2023-05-09 11:24:12,704 INFO Grouping by ofi type:
2023-05-09 11:24:12,704 INFO add: 0.5278276317171523
2023-05-09 11:24:12,704 INFO cancel: 0.3546738639010289
2023-05-09 11:24:12,704 INFO trade: 0.1287190658209003
2023-05-09 11:24:12,704 INFO Grouping by ofi type and horizont:
2023-05-09 11:24:12,704 INFO add_1: 0.14259748918816476
2023-05-09 11:24:12,704 INFO cancel_1: 0.08394642261831367
2023-05-09 11:24:12,704 INFO trade_1: 0.03147876678859951
2023-05-09 11:24:12,704 INFO add_2: 0.16327127088727833
2023-05-09 11:24:12,704 INFO cancel_2: 0.10488507715563106
2023-05-09 11:24:12,704 INFO trade_2: 0.0385481315047974
2023-05-09 11:24:12,704 INFO add_3: 0.22195887164170924
2023-05-09 11:24:12,704 INFO cancel_3: 0.16584236412708417
2023-05-09 11:24:12,704 INFO trade_3: 0.05869216752750339
2023-05-09 11:24:12,704 INFO Grouping by level:
2023-05-09 11:24:12,704 INFO 1: 1.0112205614390817
2023-05-09 11:24:12,704 INFO Grouping by level and horizont:
2023-05-09 11:24:12,704 INFO 1_1: 0.25802267859507794
2023-05-09 11:24:12,704 INFO 1_2: 0.3067044795477068
2023-05-09 11:24:12,704 INFO 1_3: 0.44649340329629683
2023-05-09 11:24:12,706 INFO Non empty regressions: 0.37084024057760545 --- 81204 / 218973
