2023-05-09 10:46:07,277 INFO Starting...
2023-05-09 10:46:07,277 INFO Tickers: ['GOOGL']
2023-05-09 10:46:34,505 INFO in_r2: -0.37775105305894113 , std 0.1835121703483542 
2023-05-09 10:46:34,505 INFO os_r2: -0.110852967281469 , std 0.049145220713905785 
2023-05-09 10:46:34,505 INFO intercept: -6.901074002446542e-07 , std 0.00012670905353570188 
2023-05-09 10:46:34,505 INFO ofi_add_1_1: 2.8641758925733404e-07 , std 1.7709797100468522e-05 
2023-05-09 10:46:34,505 INFO ofi_cancel_1_1: -8.210107769940298e-08 , std 2.6697779081729385e-05 
2023-05-09 10:46:34,505 INFO ofi_trade_1_1: -2.827218645976853e-07 , std 3.6916323412329696e-05 
2023-05-09 10:46:34,505 INFO ofi_add_1_2: -3.1254953647505445e-07 , std 1.6142047418018936e-05 
2023-05-09 10:46:34,505 INFO ofi_cancel_1_2: -3.328310629751967e-07 , std 2.3892285179133527e-05 
2023-05-09 10:46:34,506 INFO ofi_trade_1_2: -1.2166247318344411e-06 , std 3.578188694322364e-05 
2023-05-09 10:46:34,506 INFO ofi_add_1_3: -1.0296050325600185e-06 , std 1.338506093137217e-05 
2023-05-09 10:46:34,506 INFO ofi_cancel_1_3: -7.864983497954156e-07 , std 2.1734617321220528e-05 
2023-05-09 10:46:34,506 INFO ofi_trade_1_3: -1.6093368798149084e-06 , std 3.191218277410028e-05 
2023-05-09 10:46:34,506 INFO used_intercept: 0.986555420074621 , std 0.11516867280649294 
2023-05-09 10:46:34,506 INFO used_ofi_add_1_1: 0.15117845579135328 , std 0.3582227383847864 
2023-05-09 10:46:34,506 INFO used_ofi_cancel_1_1: 0.06719549898845976 , std 0.2503602682219198 
2023-05-09 10:46:34,506 INFO used_ofi_trade_1_1: 0.034625273435537715 , std 0.18282878295020166 
2023-05-09 10:46:34,506 INFO used_ofi_add_1_2: 0.17673868467801968 , std 0.3814474039973312 
2023-05-09 10:46:34,506 INFO used_ofi_cancel_1_2: 0.08087755111360762 , std 0.2726469747484344 
2023-05-09 10:46:34,506 INFO used_ofi_trade_1_2: 0.044845711571746286 , std 0.20696515099255244 
2023-05-09 10:46:34,506 INFO used_ofi_add_1_3: 0.2535381074379033 , std 0.43503624620795633 
2023-05-09 10:46:34,506 INFO used_ofi_cancel_1_3: 0.12205614390815306 , std 0.32735064020469745 
2023-05-09 10:46:34,506 INFO used_ofi_trade_1_3: 0.06381608691482511 , std 0.24442502728997412 
2023-05-09 10:46:35,197 INFO Grouping by horizont:
2023-05-09 10:46:35,197 INFO 1: 0.25299922821535076
2023-05-09 10:46:35,197 INFO 2: 0.30246194736337356
2023-05-09 10:46:35,197 INFO 3: 0.43941033826088144
2023-05-09 10:46:35,197 INFO Grouping by ofi type:
2023-05-09 10:46:35,197 INFO add: 0.5814552479072762
2023-05-09 10:46:35,197 INFO cancel: 0.27012919401022045
2023-05-09 10:46:35,197 INFO trade: 0.1432870719221091
2023-05-09 10:46:35,197 INFO Grouping by ofi type and horizont:
2023-05-09 10:46:35,197 INFO add_1: 0.15117845579135328
2023-05-09 10:46:35,197 INFO cancel_1: 0.06719549898845976
2023-05-09 10:46:35,197 INFO trade_1: 0.034625273435537715
2023-05-09 10:46:35,197 INFO add_2: 0.17673868467801968
2023-05-09 10:46:35,197 INFO cancel_2: 0.08087755111360762
2023-05-09 10:46:35,197 INFO trade_2: 0.044845711571746286
2023-05-09 10:46:35,197 INFO add_3: 0.2535381074379033
2023-05-09 10:46:35,197 INFO cancel_3: 0.12205614390815306
2023-05-09 10:46:35,197 INFO trade_3: 0.06381608691482511
2023-05-09 10:46:35,197 INFO Grouping by level:
2023-05-09 10:46:35,197 INFO 1: 0.9948715138396057
2023-05-09 10:46:35,197 INFO Grouping by level and horizont:
2023-05-09 10:46:35,197 INFO 1_1: 0.25299922821535076
2023-05-09 10:46:35,198 INFO 1_2: 0.30246194736337356
2023-05-09 10:46:35,198 INFO 1_3: 0.43941033826088144
2023-05-09 10:46:35,200 INFO Non empty regressions: 0.3766628762450165 --- 82479 / 218973
