2023-05-09 10:46:35,204 INFO Starting...
2023-05-09 10:46:35,204 INFO Tickers: ['JNJ']
2023-05-09 10:47:01,211 INFO in_r2: -0.37159610619040634 , std 0.19346879814352325 
2023-05-09 10:47:01,211 INFO os_r2: -0.11806759855233119 , std 0.17888952644144696 
2023-05-09 10:47:01,211 INFO intercept: -3.400316732688635e-08 , std 0.00010050326864090077 
2023-05-09 10:47:01,211 INFO ofi_add_1_1: -2.6640694486852032e-06 , std 5.445724785050891e-05 
2023-05-09 10:47:01,211 INFO ofi_cancel_1_1: -2.302264127488067e-06 , std 6.60742462269634e-05 
2023-05-09 10:47:01,211 INFO ofi_trade_1_1: -2.7867222117349486e-06 , std 0.00012206225031942981 
2023-05-09 10:47:01,211 INFO ofi_add_1_2: -3.6800067571629503e-06 , std 4.942395782468112e-05 
2023-05-09 10:47:01,211 INFO ofi_cancel_1_2: -2.292137984147241e-06 , std 6.291605827023929e-05 
2023-05-09 10:47:01,211 INFO ofi_trade_1_2: -3.853730295772941e-06 , std 0.0001097558421655337 
2023-05-09 10:47:01,211 INFO ofi_add_1_3: -4.786335514759295e-06 , std 4.1842738584827016e-05 
2023-05-09 10:47:01,211 INFO ofi_cancel_1_3: -4.311769656826321e-06 , std 5.2979423772384604e-05 
2023-05-09 10:47:01,211 INFO ofi_trade_1_3: -4.6369324195771475e-06 , std 9.452442629118466e-05 
2023-05-09 10:47:01,211 INFO used_intercept: 0.9810661588415011 , std 0.13629141872283715 
2023-05-09 10:47:01,211 INFO used_ofi_add_1_1: 0.12923967795116292 , std 0.33546502588830723 
2023-05-09 10:47:01,211 INFO used_ofi_cancel_1_1: 0.08157170062062447 , std 0.2737110854139519 
2023-05-09 10:47:01,211 INFO used_ofi_trade_1_1: 0.04010083434944034 , std 0.19619571206812622 
2023-05-09 10:47:01,211 INFO used_ofi_add_1_2: 0.15305996629721472 , std 0.36004529300396393 
2023-05-09 10:47:01,211 INFO used_ofi_cancel_1_2: 0.10309946888429167 , std 0.3040887508607785 
2023-05-09 10:47:01,211 INFO used_ofi_trade_1_2: 0.04850826357587465 , std 0.21483764088429225 
2023-05-09 10:47:01,211 INFO used_ofi_add_1_3: 0.21830088641065337 , std 0.4130927370494141 
2023-05-09 10:47:01,211 INFO used_ofi_cancel_1_3: 0.1636503130522941 , std 0.3699579544896693 
2023-05-09 10:47:01,211 INFO used_ofi_trade_1_3: 0.07387212122042444 , std 0.2615626711264804 
2023-05-09 10:47:01,896 INFO Grouping by horizont:
2023-05-09 10:47:01,896 INFO 1: 0.25091221292122773
2023-05-09 10:47:01,896 INFO 2: 0.3046676987573811
2023-05-09 10:47:01,896 INFO 3: 0.45582332068337195
2023-05-09 10:47:01,896 INFO Grouping by ofi type:
2023-05-09 10:47:01,896 INFO add: 0.500600530659031
2023-05-09 10:47:01,896 INFO cancel: 0.34832148255721024
2023-05-09 10:47:01,896 INFO trade: 0.16248121914573943
2023-05-09 10:47:01,896 INFO Grouping by ofi type and horizont:
2023-05-09 10:47:01,896 INFO add_1: 0.12923967795116292
2023-05-09 10:47:01,896 INFO cancel_1: 0.08157170062062447
2023-05-09 10:47:01,896 INFO trade_1: 0.04010083434944034
2023-05-09 10:47:01,896 INFO add_2: 0.15305996629721472
2023-05-09 10:47:01,896 INFO cancel_2: 0.10309946888429167
2023-05-09 10:47:01,896 INFO trade_2: 0.04850826357587465
2023-05-09 10:47:01,897 INFO add_3: 0.21830088641065337
2023-05-09 10:47:01,897 INFO cancel_3: 0.1636503130522941
2023-05-09 10:47:01,897 INFO trade_3: 0.07387212122042444
2023-05-09 10:47:01,897 INFO Grouping by level:
2023-05-09 10:47:01,897 INFO 1: 1.0114032323619808
2023-05-09 10:47:01,897 INFO Grouping by level and horizont:
2023-05-09 10:47:01,897 INFO 1_1: 0.25091221292122773
2023-05-09 10:47:01,897 INFO 1_2: 0.3046676987573811
2023-05-09 10:47:01,897 INFO 1_3: 0.45582332068337195
2023-05-09 10:47:01,899 INFO Non empty regressions: 0.36689911541605585 --- 80341 / 218973
