2023-05-09 11:08:00,248 INFO Starting...
2023-05-09 11:08:00,248 INFO Tickers: ['LIN']
2023-05-09 11:08:10,674 INFO in_r2: -0.37086068045454473 , std 0.1948525499071921 
2023-05-09 11:08:10,674 INFO os_r2: -0.18770083449126868 , std 0.3841276687332368 
2023-05-09 11:08:10,674 INFO intercept: -2.75844410647961e-07 , std 0.00010765895121029852 
2023-05-09 11:08:10,674 INFO ofi_add_1_1: 1.2087752970042642e-06 , std 7.446808153731221e-05 
2023-05-09 11:08:10,674 INFO ofi_cancel_1_1: -2.4013984307069604e-06 , std 9.913863487837223e-05 
2023-05-09 11:08:10,674 INFO ofi_trade_1_1: 2.722824172403549e-06 , std 0.0001249880584479811 
2023-05-09 11:08:10,674 INFO ofi_add_1_2: -1.0379258681161063e-06 , std 6.939872570455656e-05 
2023-05-09 11:08:10,674 INFO ofi_cancel_1_2: -1.6417864254153465e-06 , std 9.24122040724201e-05 
2023-05-09 11:08:10,674 INFO ofi_trade_1_2: -2.959828178789416e-06 , std 0.00010680859349830135 
2023-05-09 11:08:10,674 INFO ofi_add_1_3: -2.812567566108154e-06 , std 5.108656921707502e-05 
2023-05-09 11:08:10,674 INFO ofi_cancel_1_3: -3.5201950558372795e-06 , std 7.19857142713897e-05 
2023-05-09 11:08:10,674 INFO ofi_trade_1_3: -1.0571230170018679e-06 , std 9.725087300207127e-05 
2023-05-09 11:08:10,674 INFO used_intercept: 0.9851495350895271 , std 0.12095424177107525 
2023-05-09 11:08:10,674 INFO used_ofi_add_1_1: 0.13179939143400937 , std 0.33827254078868735 
2023-05-09 11:08:10,675 INFO used_ofi_cancel_1_1: 0.07374316575543406 , std 0.26135246557054065 
2023-05-09 11:08:10,675 INFO used_ofi_trade_1_1: 0.04771545296948684 , std 0.21316352529784155 
2023-05-09 11:08:10,675 INFO used_ofi_add_1_2: 0.15805743796142516 , std 0.3647948523026269 
2023-05-09 11:08:10,675 INFO used_ofi_cancel_1_2: 0.09446107965910606 , std 0.2924691164699994 
2023-05-09 11:08:10,675 INFO used_ofi_trade_1_2: 0.059329122670901575 , std 0.23623966194100998 
2023-05-09 11:08:10,675 INFO used_ofi_add_1_3: 0.22771521051291688 , std 0.4193578345684921 
2023-05-09 11:08:10,675 INFO used_ofi_cancel_1_3: 0.14269781425402175 , std 0.34976441794606045 
2023-05-09 11:08:10,675 INFO used_ofi_trade_1_3: 0.0866176096206767 , std 0.2812738866732509 
2023-05-09 11:08:10,932 INFO Grouping by horizont:
2023-05-09 11:08:10,932 INFO 1: 0.25325801015893024
2023-05-09 11:08:10,932 INFO 2: 0.3118476402914328
2023-05-09 11:08:10,932 INFO 3: 0.4570306343876153
2023-05-09 11:08:10,932 INFO Grouping by ofi type:
2023-05-09 11:08:10,932 INFO add: 0.5175720399083514
2023-05-09 11:08:10,932 INFO cancel: 0.3109020596685619
2023-05-09 11:08:10,932 INFO trade: 0.1936621852610651
2023-05-09 11:08:10,932 INFO Grouping by ofi type and horizont:
2023-05-09 11:08:10,932 INFO add_1: 0.13179939143400937
2023-05-09 11:08:10,932 INFO cancel_1: 0.07374316575543406
2023-05-09 11:08:10,932 INFO trade_1: 0.04771545296948684
2023-05-09 11:08:10,932 INFO add_2: 0.15805743796142516
2023-05-09 11:08:10,932 INFO cancel_2: 0.09446107965910606
2023-05-09 11:08:10,932 INFO trade_2: 0.059329122670901575
2023-05-09 11:08:10,932 INFO add_3: 0.22771521051291688
2023-05-09 11:08:10,932 INFO cancel_3: 0.14269781425402175
2023-05-09 11:08:10,932 INFO trade_3: 0.0866176096206767
2023-05-09 11:08:10,932 INFO Grouping by level:
2023-05-09 11:08:10,932 INFO 1: 1.0221362848379785
2023-05-09 11:08:10,932 INFO Grouping by level and horizont:
2023-05-09 11:08:10,932 INFO 1_1: 0.25325801015893024
2023-05-09 11:08:10,932 INFO 1_2: 0.3118476402914328
2023-05-09 11:08:10,932 INFO 1_3: 0.4570306343876153
2023-05-09 11:08:10,933 INFO Non empty regressions: 0.37767459903744743 --- 31154 / 82489
