2023-05-09 11:16:15,033 INFO Starting...
2023-05-09 11:16:15,033 INFO Tickers: ['MDLZ']
2023-05-09 11:16:42,989 INFO in_r2: -0.3711093322333708 , std 0.1918328847492009 
2023-05-09 11:16:42,990 INFO os_r2: -0.10935250975077636 , std 0.05948572205664298 
2023-05-09 11:16:42,990 INFO intercept: -1.5066917751039367e-06 , std 9.252084770442105e-05 
2023-05-09 11:16:42,990 INFO ofi_add_1_1: -8.895523959858745e-07 , std 6.914010111121336e-05 
2023-05-09 11:16:42,990 INFO ofi_cancel_1_1: -2.3225740915245808e-06 , std 0.00011261478317028066 
2023-05-09 11:16:42,990 INFO ofi_trade_1_1: -3.499498436336242e-06 , std 0.0003080293966330161 
2023-05-09 11:16:42,990 INFO ofi_add_1_2: -3.3745007521745297e-06 , std 6.490160282440172e-05 
2023-05-09 11:16:42,990 INFO ofi_cancel_1_2: -2.1779154142109283e-06 , std 0.00010617557347619687 
2023-05-09 11:16:42,990 INFO ofi_trade_1_2: -4.832054681989411e-06 , std 0.0003102251261399767 
2023-05-09 11:16:42,990 INFO ofi_add_1_3: -6.380712252281481e-06 , std 5.6048185878705646e-05 
2023-05-09 11:16:42,990 INFO ofi_cancel_1_3: -1.6200388437669112e-06 , std 8.868073477048505e-05 
2023-05-09 11:16:42,990 INFO ofi_trade_1_3: -5.739843317953415e-07 , std 0.00023956230638608428 
2023-05-09 11:16:42,990 INFO used_intercept: 0.9808592554702521 , std 0.13701962059717865 
2023-05-09 11:16:42,990 INFO used_ofi_add_1_1: 0.17329429979402347 , std 0.37850149993483856 
2023-05-09 11:16:42,990 INFO used_ofi_cancel_1_1: 0.08198870097781756 , std 0.27434750571089145 
2023-05-09 11:16:42,990 INFO used_ofi_trade_1_1: 0.02638874299519997 , std 0.16028841891519566 
2023-05-09 11:16:42,990 INFO used_ofi_add_1_2: 0.19465465822056385 , std 0.39593461866020174 
2023-05-09 11:16:42,990 INFO used_ofi_cancel_1_2: 0.09476289865133336 , std 0.2928871654588683 
2023-05-09 11:16:42,990 INFO used_ofi_trade_1_2: 0.03328050713153724 , std 0.17936809910517798 
2023-05-09 11:16:42,990 INFO used_ofi_add_1_3: 0.24748694949236608 , std 0.43155203547582666 
2023-05-09 11:16:42,990 INFO used_ofi_cancel_1_3: 0.13797229593025115 , std 0.3448709055371102 
2023-05-09 11:16:42,990 INFO used_ofi_trade_1_3: 0.046150614047507046 , std 0.20981118862097198 
2023-05-09 11:16:43,653 INFO Grouping by horizont:
2023-05-09 11:16:43,653 INFO 1: 0.28167174376704096
2023-05-09 11:16:43,653 INFO 2: 0.3226980640034344
2023-05-09 11:16:43,653 INFO 3: 0.43160985947012426
2023-05-09 11:16:43,653 INFO Grouping by ofi type:
2023-05-09 11:16:43,653 INFO add: 0.6154359075069534
2023-05-09 11:16:43,653 INFO cancel: 0.31472389555940206
2023-05-09 11:16:43,653 INFO trade: 0.10581986417424426
2023-05-09 11:16:43,653 INFO Grouping by ofi type and horizont:
2023-05-09 11:16:43,653 INFO add_1: 0.17329429979402347
2023-05-09 11:16:43,653 INFO cancel_1: 0.08198870097781756
2023-05-09 11:16:43,653 INFO trade_1: 0.02638874299519997
2023-05-09 11:16:43,653 INFO add_2: 0.19465465822056385
2023-05-09 11:16:43,653 INFO cancel_2: 0.09476289865133336
2023-05-09 11:16:43,653 INFO trade_2: 0.03328050713153724
2023-05-09 11:16:43,653 INFO add_3: 0.24748694949236608
2023-05-09 11:16:43,653 INFO cancel_3: 0.13797229593025115
2023-05-09 11:16:43,653 INFO trade_3: 0.046150614047507046
2023-05-09 11:16:43,653 INFO Grouping by level:
2023-05-09 11:16:43,653 INFO 1: 1.0359796672405996
2023-05-09 11:16:43,653 INFO Grouping by level and horizont:
2023-05-09 11:16:43,653 INFO 1_1: 0.28167174376704096
2023-05-09 11:16:43,653 INFO 1_2: 0.3226980640034344
2023-05-09 11:16:43,653 INFO 1_3: 0.43160985947012426
2023-05-09 11:16:43,656 INFO Non empty regressions: 0.37257087007951334 --- 81577 / 218957
