2023-05-09 10:57:39,162 INFO Starting...
2023-05-09 10:57:39,162 INFO Tickers: ['MDT']
2023-05-09 10:58:05,331 INFO in_r2: -0.3690052949498239 , std 0.19511403193306745 
2023-05-09 10:58:05,332 INFO os_r2: -0.11556097653330595 , std 0.2277897833890634 
2023-05-09 10:58:05,332 INFO intercept: -4.7169461588385174e-07 , std 9.711737594686484e-05 
2023-05-09 10:58:05,332 INFO ofi_add_1_1: -2.697918647179843e-06 , std 6.727738558439532e-05 
2023-05-09 10:58:05,332 INFO ofi_cancel_1_1: -2.5497141661630054e-06 , std 8.604617213199676e-05 
2023-05-09 10:58:05,332 INFO ofi_trade_1_1: -2.067698387352644e-06 , std 0.00016156262634937948 
2023-05-09 10:58:05,332 INFO ofi_add_1_2: -4.785401384761059e-06 , std 6.378848955380759e-05 
2023-05-09 10:58:05,332 INFO ofi_cancel_1_2: -3.1719904520965698e-06 , std 8.246174686009883e-05 
2023-05-09 10:58:05,332 INFO ofi_trade_1_2: -4.255151513549688e-06 , std 0.0001559138764334653 
2023-05-09 10:58:05,332 INFO ofi_add_1_3: -5.974760406947654e-06 , std 5.376033829124521e-05 
2023-05-09 10:58:05,332 INFO ofi_cancel_1_3: -5.348112695350572e-06 , std 6.95441299079656e-05 
2023-05-09 10:58:05,332 INFO ofi_trade_1_3: -3.986245082531177e-06 , std 0.00013524725821972838 
2023-05-09 10:58:05,332 INFO used_intercept: 0.9831760080009864 , std 0.12861160636673002 
2023-05-09 10:58:05,332 INFO used_ofi_add_1_1: 0.1430450329492677 , std 0.35011876770291916 
2023-05-09 10:58:05,332 INFO used_ofi_cancel_1_1: 0.0815854009398419 , std 0.2737320282563353 
2023-05-09 10:58:05,332 INFO used_ofi_trade_1_1: 0.03606837372644116 , std 0.1864603071518733 
2023-05-09 10:58:05,332 INFO used_ofi_add_1_2: 0.1636092120946418 , std 0.3699205831153659 
2023-05-09 10:58:05,332 INFO used_ofi_cancel_1_2: 0.10353787909924968 , std 0.3046601166724631 
2023-05-09 10:58:05,332 INFO used_ofi_trade_1_2: 0.04644408214711403 , std 0.21044483690655413 
2023-05-09 10:58:05,332 INFO used_ofi_add_1_3: 0.22685445237540702 , std 0.41879769556775404 
2023-05-09 10:58:05,332 INFO used_ofi_cancel_1_3: 0.15921597639891677 , std 0.36587736915291214 
2023-05-09 10:58:05,332 INFO used_ofi_trade_1_3: 0.07059774492745681 , std 0.25615171937469905 
2023-05-09 10:58:06,008 INFO Grouping by horizont:
2023-05-09 10:58:06,008 INFO 1: 0.26069880761555075
2023-05-09 10:58:06,008 INFO 2: 0.3135911733410055
2023-05-09 10:58:06,008 INFO 3: 0.4566681737017806
2023-05-09 10:58:06,008 INFO Grouping by ofi type:
2023-05-09 10:58:06,008 INFO add: 0.5335086974193165
2023-05-09 10:58:06,008 INFO cancel: 0.34433925643800833
2023-05-09 10:58:06,008 INFO trade: 0.153110200801012
2023-05-09 10:58:06,008 INFO Grouping by ofi type and horizont:
2023-05-09 10:58:06,008 INFO add_1: 0.1430450329492677
2023-05-09 10:58:06,008 INFO cancel_1: 0.0815854009398419
2023-05-09 10:58:06,008 INFO trade_1: 0.03606837372644116
2023-05-09 10:58:06,008 INFO add_2: 0.1636092120946418
2023-05-09 10:58:06,009 INFO cancel_2: 0.10353787909924968
2023-05-09 10:58:06,009 INFO trade_2: 0.04644408214711403
2023-05-09 10:58:06,009 INFO add_3: 0.22685445237540702
2023-05-09 10:58:06,009 INFO cancel_3: 0.15921597639891677
2023-05-09 10:58:06,009 INFO trade_3: 0.07059774492745681
2023-05-09 10:58:06,009 INFO Grouping by level:
2023-05-09 10:58:06,009 INFO 1: 1.0309581546583368
2023-05-09 10:58:06,009 INFO Grouping by level and horizont:
2023-05-09 10:58:06,009 INFO 1_1: 0.26069880761555075
2023-05-09 10:58:06,009 INFO 1_2: 0.3135911733410055
2023-05-09 10:58:06,009 INFO 1_3: 0.4566681737017806
2023-05-09 10:58:06,011 INFO Non empty regressions: 0.37229247441465385 --- 81522 / 218973
