2023-05-09 11:01:15,266 INFO Starting...
2023-05-09 11:01:15,266 INFO Tickers: ['NFLX']
2023-05-09 11:01:41,723 INFO in_r2: -0.3762837024085087 , std 0.18553427306355522 
2023-05-09 11:01:41,723 INFO os_r2: -0.1059041824163967 , std 0.059931575597492515 
2023-05-09 11:01:41,723 INFO intercept: -3.4696593376836735e-06 , std 0.00020123113882608494 
2023-05-09 11:01:41,723 INFO ofi_add_1_1: -4.6681891435152664e-07 , std 3.895751266186628e-05 
2023-05-09 11:01:41,723 INFO ofi_cancel_1_1: -5.133065319468942e-07 , std 5.7163026110539107e-05 
2023-05-09 11:01:41,723 INFO ofi_trade_1_1: -1.1187552914024318e-06 , std 5.389378260214326e-05 
2023-05-09 11:01:41,723 INFO ofi_add_1_2: -1.736932057041576e-06 , std 3.678104104162377e-05 
2023-05-09 11:01:41,723 INFO ofi_cancel_1_2: -1.2711631601760365e-06 , std 5.846925265463953e-05 
2023-05-09 11:01:41,723 INFO ofi_trade_1_2: -3.0145473918152884e-06 , std 5.3192918742004886e-05 
2023-05-09 11:01:41,723 INFO ofi_add_1_3: -2.7668544795515627e-06 , std 3.28189687674371e-05 
2023-05-09 11:01:41,723 INFO ofi_cancel_1_3: -1.7133995431142075e-06 , std 5.235831035765836e-05 
2023-05-09 11:01:41,723 INFO ofi_trade_1_3: -5.221697140827113e-06 , std 4.702748693852972e-05 
2023-05-09 11:01:41,723 INFO used_intercept: 0.9913413982545793 , std 0.09264788373856613 
2023-05-09 11:01:41,723 INFO used_ofi_add_1_1: 0.12346727678754915 , std 0.328972807919159 
2023-05-09 11:01:41,723 INFO used_ofi_cancel_1_1: 0.052860398313947385 , std 0.2237547242049611 
2023-05-09 11:01:41,723 INFO used_ofi_trade_1_1: 0.0598338607956232 , std 0.23717877202210402 
2023-05-09 11:01:41,723 INFO used_ofi_add_1_2: 0.1495161503929708 , std 0.356596510309113 
2023-05-09 11:01:41,723 INFO used_ofi_cancel_1_2: 0.0702461034008759 , std 0.2555613201520711 
2023-05-09 11:01:41,723 INFO used_ofi_trade_1_2: 0.08024733642960548 , std 0.2716757284439653 
2023-05-09 11:01:41,723 INFO used_ofi_add_1_3: 0.22504601023870524 , std 0.41761262374878677 
2023-05-09 11:01:41,723 INFO used_ofi_cancel_1_3: 0.11164390130290036 , std 0.314927833963225 
2023-05-09 11:01:41,723 INFO used_ofi_trade_1_3: 0.1192749791070132 , std 0.324111799331704 
2023-05-09 11:01:42,405 INFO Grouping by horizont:
2023-05-09 11:01:42,405 INFO 1: 0.23616153589711975
2023-05-09 11:01:42,405 INFO 2: 0.3000095902234522
2023-05-09 11:01:42,405 INFO 3: 0.4559648906486188
2023-05-09 11:01:42,405 INFO Grouping by ofi type:
2023-05-09 11:01:42,405 INFO add: 0.4980294374192252
2023-05-09 11:01:42,405 INFO cancel: 0.23475040301772365
2023-05-09 11:01:42,405 INFO trade: 0.2593561763322419
2023-05-09 11:01:42,405 INFO Grouping by ofi type and horizont:
2023-05-09 11:01:42,405 INFO add_1: 0.12346727678754915
2023-05-09 11:01:42,405 INFO cancel_1: 0.052860398313947385
2023-05-09 11:01:42,405 INFO trade_1: 0.0598338607956232
2023-05-09 11:01:42,405 INFO add_2: 0.1495161503929708
2023-05-09 11:01:42,405 INFO cancel_2: 0.0702461034008759
2023-05-09 11:01:42,405 INFO trade_2: 0.08024733642960548
2023-05-09 11:01:42,405 INFO add_3: 0.22504601023870524
2023-05-09 11:01:42,405 INFO cancel_3: 0.11164390130290036
2023-05-09 11:01:42,405 INFO trade_3: 0.1192749791070132
2023-05-09 11:01:42,405 INFO Grouping by level:
2023-05-09 11:01:42,405 INFO 1: 0.9921360167691908
2023-05-09 11:01:42,405 INFO Grouping by level and horizont:
2023-05-09 11:01:42,405 INFO 1_1: 0.23616153589711975
2023-05-09 11:01:42,405 INFO 1_2: 0.3000095902234522
2023-05-09 11:01:42,405 INFO 1_3: 0.4559648906486188
2023-05-09 11:01:42,407 INFO Non empty regressions: 0.36648353906646025 --- 80250 / 218973
