2023-05-09 10:47:29,264 INFO Starting...
2023-05-09 10:47:29,264 INFO Tickers: ['PG']
2023-05-09 10:47:56,034 INFO in_r2: -0.37034300279246957 , std 0.19298718624618524 
2023-05-09 10:47:56,035 INFO os_r2: -0.11217638052554939 , std 0.12562003772658875 
2023-05-09 10:47:56,035 INFO intercept: -1.2121195025568418e-06 , std 8.372466586420148e-05 
2023-05-09 10:47:56,035 INFO ofi_add_1_1: -2.193514790940791e-06 , std 5.2268891099239985e-05 
2023-05-09 10:47:56,035 INFO ofi_cancel_1_1: -1.391241566810347e-06 , std 8.1105873988126e-05 
2023-05-09 10:47:56,035 INFO ofi_trade_1_1: -3.848772082550288e-06 , std 0.0001657104551350793 
2023-05-09 10:47:56,035 INFO ofi_add_1_2: -3.4632841183645364e-06 , std 4.9338267558301924e-05 
2023-05-09 10:47:56,035 INFO ofi_cancel_1_2: -1.7095186190483546e-06 , std 7.469265971790388e-05 
2023-05-09 10:47:56,035 INFO ofi_trade_1_2: -2.9104218088027535e-06 , std 0.00015323914372228437 
2023-05-09 10:47:56,035 INFO ofi_add_1_3: -5.784661035559523e-06 , std 4.196381488331138e-05 
2023-05-09 10:47:56,035 INFO ofi_cancel_1_3: -3.4714191711363622e-06 , std 6.14724786799404e-05 
2023-05-09 10:47:56,035 INFO ofi_trade_1_3: -2.710503855038427e-06 , std 0.00013850219468525737 
2023-05-09 10:47:56,035 INFO used_intercept: 0.9800888694039904 , std 0.13969494434086796 
2023-05-09 10:47:56,035 INFO used_ofi_add_1_1: 0.1578824786617528 , std 0.3646307743366898 
2023-05-09 10:47:56,035 INFO used_ofi_cancel_1_1: 0.07868550003881757 , std 0.26924726948004285 
2023-05-09 10:47:56,035 INFO used_ofi_trade_1_1: 0.03060194635868349 , std 0.17223666055095163 
2023-05-09 10:47:56,035 INFO used_ofi_add_1_2: 0.18055194019353984 , std 0.38464650925998045 
2023-05-09 10:47:56,035 INFO used_ofi_cancel_1_2: 0.09882496928845108 , std 0.29842686664170803 
2023-05-09 10:47:56,035 INFO used_ofi_trade_1_2: 0.03706849702931412 , std 0.18892967886836054 
2023-05-09 10:47:56,035 INFO used_ofi_add_1_3: 0.238193749914373 , std 0.42597827106098046 
2023-05-09 10:47:56,035 INFO used_ofi_cancel_1_3: 0.14966228713129015 , std 0.3567400831724989 
2023-05-09 10:47:56,035 INFO used_ofi_trade_1_3: 0.054134528001169094 , std 0.22628296639221374 
2023-05-09 10:47:56,714 INFO Grouping by horizont:
2023-05-09 10:47:56,714 INFO 1: 0.26716992505925385
2023-05-09 10:47:56,714 INFO 2: 0.31644540651130504
2023-05-09 10:47:56,714 INFO 3: 0.44199056504683226
2023-05-09 10:47:56,714 INFO Grouping by ofi type:
2023-05-09 10:47:56,714 INFO add: 0.5766281687696657
2023-05-09 10:47:56,714 INFO cancel: 0.3271727564585588
2023-05-09 10:47:56,714 INFO trade: 0.1218049713891667
2023-05-09 10:47:56,714 INFO Grouping by ofi type and horizont:
2023-05-09 10:47:56,714 INFO add_1: 0.1578824786617528
2023-05-09 10:47:56,714 INFO cancel_1: 0.07868550003881757
2023-05-09 10:47:56,714 INFO trade_1: 0.03060194635868349
2023-05-09 10:47:56,714 INFO add_2: 0.18055194019353984
2023-05-09 10:47:56,714 INFO cancel_2: 0.09882496928845108
2023-05-09 10:47:56,714 INFO trade_2: 0.03706849702931412
2023-05-09 10:47:56,714 INFO add_3: 0.238193749914373
2023-05-09 10:47:56,714 INFO cancel_3: 0.14966228713129015
2023-05-09 10:47:56,714 INFO trade_3: 0.054134528001169094
2023-05-09 10:47:56,714 INFO Grouping by level:
2023-05-09 10:47:56,714 INFO 1: 1.025605896617391
2023-05-09 10:47:56,714 INFO Grouping by level and horizont:
2023-05-09 10:47:56,714 INFO 1_1: 0.26716992505925385
2023-05-09 10:47:56,714 INFO 1_2: 0.31644540651130504
2023-05-09 10:47:56,714 INFO 1_3: 0.44199056504683226
2023-05-09 10:47:56,718 INFO Non empty regressions: 0.3708082731660981 --- 81197 / 218973
