2023-05-09 11:20:46,441 INFO Starting...
2023-05-09 11:20:46,441 INFO Tickers: ['PNC']
2023-05-09 11:21:12,010 INFO in_r2: -0.37651187856126034 , std 0.18590059075562476 
2023-05-09 11:21:12,011 INFO os_r2: -0.10481163648041907 , std 0.07902488304775657 
2023-05-09 11:21:12,011 INFO intercept: -2.28894171322936e-06 , std 0.00011716474298882779 
2023-05-09 11:21:12,011 INFO ofi_add_1_1: -2.3896418517183465e-06 , std 6.135425103509967e-05 
2023-05-09 11:21:12,011 INFO ofi_cancel_1_1: -2.4721212146635636e-06 , std 7.791666412521934e-05 
2023-05-09 11:21:12,011 INFO ofi_trade_1_1: -3.3124530961680214e-06 , std 0.00011462858250534096 
2023-05-09 11:21:12,011 INFO ofi_add_1_2: -2.7807970014447145e-06 , std 5.6114941920341724e-05 
2023-05-09 11:21:12,011 INFO ofi_cancel_1_2: -3.351270249490102e-06 , std 7.206014737147072e-05 
2023-05-09 11:21:12,011 INFO ofi_trade_1_2: -4.777172181689529e-06 , std 0.00011197446351197828 
2023-05-09 11:21:12,011 INFO ofi_add_1_3: -5.168812020032822e-06 , std 4.757837881294466e-05 
2023-05-09 11:21:12,011 INFO ofi_cancel_1_3: -5.515586657811558e-06 , std 6.024391759645823e-05 
2023-05-09 11:21:12,011 INFO ofi_trade_1_3: -3.940910074016131e-06 , std 9.783628230324071e-05 
2023-05-09 11:21:12,011 INFO used_intercept: 0.9878249829887703 , std 0.10966670402636325 
2023-05-09 11:21:12,011 INFO used_ofi_add_1_1: 0.12115192283980217 , std 0.32630374566042114 
2023-05-09 11:21:12,011 INFO used_ofi_cancel_1_1: 0.0801103332374311 , std 0.27146393452173134 
2023-05-09 11:21:12,011 INFO used_ofi_trade_1_1: 0.04108725733309586 , std 0.19849205177522808 
2023-05-09 11:21:12,011 INFO used_ofi_add_1_2: 0.14460686934005562 , std 0.3517040271019422 
2023-05-09 11:21:12,011 INFO used_ofi_cancel_1_2: 0.10344197686472761 , std 0.3045352759321074 
2023-05-09 11:21:12,011 INFO used_ofi_trade_1_2: 0.05098345458115841 , std 0.2199639560021809 
2023-05-09 11:21:12,011 INFO used_ofi_add_1_3: 0.21821868449534873 , std 0.41303666935572225 
2023-05-09 11:21:12,011 INFO used_ofi_cancel_1_3: 0.1632347367026985 , std 0.36957970376672367 
2023-05-09 11:21:12,011 INFO used_ofi_trade_1_3: 0.06918204527498824 , std 0.2537634526218417 
2023-05-09 11:21:12,684 INFO Grouping by horizont:
2023-05-09 11:21:12,684 INFO 1: 0.24234951341032912
2023-05-09 11:21:12,684 INFO 2: 0.2990323007859417
2023-05-09 11:21:12,684 INFO 3: 0.4506354664730355
2023-05-09 11:21:12,684 INFO Grouping by ofi type:
2023-05-09 11:21:12,684 INFO add: 0.4839774766752065
2023-05-09 11:21:12,684 INFO cancel: 0.3467870468048572
2023-05-09 11:21:12,684 INFO trade: 0.1612527571892425
2023-05-09 11:21:12,684 INFO Grouping by ofi type and horizont:
2023-05-09 11:21:12,685 INFO add_1: 0.12115192283980217
2023-05-09 11:21:12,685 INFO cancel_1: 0.0801103332374311
2023-05-09 11:21:12,685 INFO trade_1: 0.04108725733309586
2023-05-09 11:21:12,685 INFO add_2: 0.14460686934005562
2023-05-09 11:21:12,685 INFO cancel_2: 0.10344197686472761
2023-05-09 11:21:12,685 INFO trade_2: 0.05098345458115841
2023-05-09 11:21:12,685 INFO add_3: 0.21821868449534873
2023-05-09 11:21:12,685 INFO cancel_3: 0.1632347367026985
2023-05-09 11:21:12,685 INFO trade_3: 0.06918204527498824
2023-05-09 11:21:12,685 INFO Grouping by level:
2023-05-09 11:21:12,685 INFO 1: 0.9920172806693063
2023-05-09 11:21:12,685 INFO Grouping by level and horizont:
2023-05-09 11:21:12,685 INFO 1_1: 0.24234951341032912
2023-05-09 11:21:12,685 INFO 1_2: 0.2990323007859417
2023-05-09 11:21:12,685 INFO 1_3: 0.4506354664730355
2023-05-09 11:21:12,687 INFO Non empty regressions: 0.36630543491663353 --- 80211 / 218973
