2023-05-09 11:17:11,031 INFO Starting...
2023-05-09 11:17:11,031 INFO Tickers: ['TFC']
2023-05-09 11:17:12,990 INFO in_r2: -0.3726852757873808 , std 0.19503186431737407 
2023-05-09 11:17:12,991 INFO os_r2: -0.10295986258608934 , std 0.03506413828220707 
2023-05-09 11:17:12,991 INFO intercept: 1.1854222567841578e-05 , std 0.000111589867154384 
2023-05-09 11:17:12,991 INFO ofi_add_1_1: -3.7645308902108206e-07 , std 7.993127601606565e-05 
2023-05-09 11:17:12,991 INFO ofi_cancel_1_1: -1.1813432149472828e-05 , std 0.0001359302410741571 
2023-05-09 11:17:12,991 INFO ofi_trade_1_1: 1.0025028470692136e-06 , std 0.0001812172608835856 
2023-05-09 11:17:12,991 INFO ofi_add_1_2: -5.605581799320443e-07 , std 7.858988207188379e-05 
2023-05-09 11:17:12,991 INFO ofi_cancel_1_2: -2.7366702815944114e-06 , std 6.44847942645155e-05 
2023-05-09 11:17:12,991 INFO ofi_trade_1_2: -9.54759878732216e-06 , std 0.0002547322649389372 
2023-05-09 11:17:12,991 INFO ofi_add_1_3: -1.6595184869883175e-05 , std 6.612700660036839e-05 
2023-05-09 11:17:12,991 INFO ofi_cancel_1_3: -5.950353093973398e-06 , std 8.46531055896051e-05 
2023-05-09 11:17:12,991 INFO ofi_trade_1_3: 1.9964513016194955e-05 , std 0.00020692314745427866 
2023-05-09 11:17:12,991 INFO used_intercept: 0.9791946308724833 , std 0.14273228696754126 
2023-05-09 11:17:12,991 INFO used_ofi_add_1_1: 0.1261744966442953 , std 0.33204592007861505 
2023-05-09 11:17:12,991 INFO used_ofi_cancel_1_1: 0.12013422818791947 , std 0.3251184328911733 
2023-05-09 11:17:12,991 INFO used_ofi_trade_1_1: 0.030201342281879196 , std 0.17114093959731544 
2023-05-09 11:17:12,991 INFO used_ofi_add_1_2: 0.187248322147651 , std 0.3901107381251387 
2023-05-09 11:17:12,991 INFO used_ofi_cancel_1_2: 0.10939597315436242 , std 0.3121353780204552 
2023-05-09 11:17:12,991 INFO used_ofi_trade_1_2: 0.02953020134228188 , std 0.16928723682240837 
2023-05-09 11:17:12,991 INFO used_ofi_add_1_3: 0.21677852348993287 , std 0.4120504765722975 
2023-05-09 11:17:12,991 INFO used_ofi_cancel_1_3: 0.13691275167785236 , std 0.3437552182961753 
2023-05-09 11:17:12,991 INFO used_ofi_trade_1_3: 0.056375838926174496 , std 0.23064605722089535 
2023-05-09 11:17:13,003 INFO Grouping by horizont:
2023-05-09 11:17:13,003 INFO 1: 0.276510067114094
2023-05-09 11:17:13,003 INFO 2: 0.3261744966442953
2023-05-09 11:17:13,003 INFO 3: 0.4100671140939597
2023-05-09 11:17:13,003 INFO Grouping by ofi type:
2023-05-09 11:17:13,003 INFO add: 0.5302013422818792
2023-05-09 11:17:13,003 INFO cancel: 0.36644295302013424
2023-05-09 11:17:13,003 INFO trade: 0.11610738255033556
2023-05-09 11:17:13,003 INFO Grouping by ofi type and horizont:
2023-05-09 11:17:13,003 INFO add_1: 0.1261744966442953
2023-05-09 11:17:13,003 INFO cancel_1: 0.12013422818791947
2023-05-09 11:17:13,003 INFO trade_1: 0.030201342281879196
2023-05-09 11:17:13,004 INFO add_2: 0.187248322147651
2023-05-09 11:17:13,004 INFO cancel_2: 0.10939597315436242
2023-05-09 11:17:13,004 INFO trade_2: 0.02953020134228188
2023-05-09 11:17:13,004 INFO add_3: 0.21677852348993287
2023-05-09 11:17:13,004 INFO cancel_3: 0.13691275167785236
2023-05-09 11:17:13,004 INFO trade_3: 0.056375838926174496
2023-05-09 11:17:13,004 INFO Grouping by level:
2023-05-09 11:17:13,004 INFO 1: 1.012751677852349
2023-05-09 11:17:13,004 INFO Grouping by level and horizont:
2023-05-09 11:17:13,004 INFO 1_1: 0.276510067114094
2023-05-09 11:17:13,004 INFO 1_2: 0.3261744966442953
2023-05-09 11:17:13,004 INFO 1_3: 0.4100671140939597
2023-05-09 11:17:13,004 INFO Non empty regressions: 0.34563758389261745 --- 515 / 1490
