2023-05-09 11:15:21,930 INFO Starting...
2023-05-09 11:15:21,930 INFO Tickers: ['UPS']
2023-05-09 11:15:47,990 INFO in_r2: -0.37044150800341774 , std 0.19407410176910958 
2023-05-09 11:15:47,990 INFO os_r2: -0.11052396412707943 , std 0.07837118638455637 
2023-05-09 11:15:47,990 INFO intercept: -7.700618859214194e-08 , std 0.00010650031353348804 
2023-05-09 11:15:47,990 INFO ofi_add_1_1: -3.2018897001476744e-06 , std 6.740245968975328e-05 
2023-05-09 11:15:47,990 INFO ofi_cancel_1_1: -3.051780491348985e-06 , std 8.674249316851959e-05 
2023-05-09 11:15:47,990 INFO ofi_trade_1_1: -3.437200728236469e-06 , std 0.00013446368150137213 
2023-05-09 11:15:47,990 INFO ofi_add_1_2: -4.1762112099780734e-06 , std 6.371149443455565e-05 
2023-05-09 11:15:47,990 INFO ofi_cancel_1_2: -4.270636767821502e-06 , std 8.200795731308941e-05 
2023-05-09 11:15:47,991 INFO ofi_trade_1_2: -3.5560492388458425e-06 , std 0.0001251286793486868 
2023-05-09 11:15:47,991 INFO ofi_add_1_3: -4.6896063643509755e-06 , std 5.270297460465165e-05 
2023-05-09 11:15:47,991 INFO ofi_cancel_1_3: -6.39257394893306e-06 , std 6.583788499925934e-05 
2023-05-09 11:15:47,991 INFO ofi_trade_1_3: -5.928565434923667e-06 , std 0.00011107530730962437 
2023-05-09 11:15:47,991 INFO used_intercept: 0.9851305868760075 , std 0.1210302180339294 
2023-05-09 11:15:47,991 INFO used_ofi_add_1_1: 0.13443209893457184 , std 0.34111597692077883 
2023-05-09 11:15:47,991 INFO used_ofi_cancel_1_1: 0.08249875555433775 , std 0.27512308315792655 
2023-05-09 11:15:47,991 INFO used_ofi_trade_1_1: 0.04447580295287547 , std 0.2061497172071125 
2023-05-09 11:15:47,991 INFO used_ofi_add_1_2: 0.1592707776757865 , std 0.36592840427375506 
2023-05-09 11:15:47,991 INFO used_ofi_cancel_1_2: 0.10402652381800497 , std 0.30529494945109564 
2023-05-09 11:15:47,991 INFO used_ofi_trade_1_2: 0.05329880852890539 , std 0.22462868369445713 
2023-05-09 11:15:47,991 INFO used_ofi_add_1_3: 0.222013672918579 , std 0.4156002910920314 
2023-05-09 11:15:47,991 INFO used_ofi_cancel_1_3: 0.1558593981906445 , std 0.362721995729918 
2023-05-09 11:15:47,991 INFO used_ofi_trade_1_3: 0.07953948660337119 , std 0.2705789287328992 
2023-05-09 11:15:48,657 INFO Grouping by horizont:
2023-05-09 11:15:48,658 INFO 1: 0.26140665744178504
2023-05-09 11:15:48,658 INFO 2: 0.3165961100226969
2023-05-09 11:15:48,658 INFO 3: 0.4574125577125947
2023-05-09 11:15:48,658 INFO Grouping by ofi type:
2023-05-09 11:15:48,658 INFO add: 0.5157165495289373
2023-05-09 11:15:48,658 INFO cancel: 0.3423846775629872
2023-05-09 11:15:48,658 INFO trade: 0.17731409808515203
2023-05-09 11:15:48,658 INFO Grouping by ofi type and horizont:
2023-05-09 11:15:48,658 INFO add_1: 0.13443209893457184
2023-05-09 11:15:48,658 INFO cancel_1: 0.08249875555433775
2023-05-09 11:15:48,658 INFO trade_1: 0.04447580295287547
2023-05-09 11:15:48,658 INFO add_2: 0.1592707776757865
2023-05-09 11:15:48,658 INFO cancel_2: 0.10402652381800497
2023-05-09 11:15:48,658 INFO trade_2: 0.05329880852890539
2023-05-09 11:15:48,658 INFO add_3: 0.222013672918579
2023-05-09 11:15:48,658 INFO cancel_3: 0.1558593981906445
2023-05-09 11:15:48,658 INFO trade_3: 0.07953948660337119
2023-05-09 11:15:48,658 INFO Grouping by level:
2023-05-09 11:15:48,658 INFO 1: 1.0354153251770766
2023-05-09 11:15:48,658 INFO Grouping by level and horizont:
2023-05-09 11:15:48,658 INFO 1_1: 0.26140665744178504
2023-05-09 11:15:48,658 INFO 1_2: 0.3165961100226969
2023-05-09 11:15:48,658 INFO 1_3: 0.4574125577125947
2023-05-09 11:15:48,660 INFO Non empty regressions: 0.3736488060171802 --- 81819 / 218973
