2023-05-09 12:42:31,480 INFO Starting...
2023-05-09 12:42:31,480 INFO Tickers: ['CAT']
2023-05-09 12:43:31,723 INFO in_r2: -2.6728590942880968 , std 0.5819720118159633 
2023-05-09 12:43:31,723 INFO os_r2: -0.11812195042086437 , std 0.10285362068732197 
2023-05-09 12:43:31,723 INFO intercept: 6.426412009050917e-08 , std 0.0003598947947818106 
2023-05-09 12:43:31,723 INFO ofi_add_1_1: -1.511418588637261e-06 , std 2.250339594680163e-05 
2023-05-09 12:43:31,723 INFO ofi_cancel_1_1: -6.992878450188725e-07 , std 2.146037340625563e-05 
2023-05-09 12:43:31,724 INFO ofi_trade_1_1: -3.5700976690930923e-07 , std 1.7779007328618222e-05 
2023-05-09 12:43:31,724 INFO ofi_add_1_2: -1.9811557083656027e-06 , std 2.186614375699577e-05 
2023-05-09 12:43:31,724 INFO ofi_cancel_1_2: -1.488580007397796e-06 , std 2.287473622670045e-05 
2023-05-09 12:43:31,724 INFO ofi_trade_1_2: -5.970024307086734e-07 , std 2.3185448276385954e-05 
2023-05-09 12:43:31,724 INFO ofi_add_1_3: -2.2383957120685243e-06 , std 2.2681855102516798e-05 
2023-05-09 12:43:31,724 INFO ofi_cancel_1_3: -1.8369219624600246e-06 , std 2.4369213449869545e-05 
2023-05-09 12:43:31,724 INFO ofi_trade_1_3: -8.561915382176783e-07 , std 2.260096988386483e-05 
2023-05-09 12:43:31,724 INFO ofi_add_1_5: -3.53151555945565e-06 , std 2.4757881981681316e-05 
2023-05-09 12:43:31,724 INFO ofi_cancel_1_5: -2.4812704260959734e-06 , std 2.5275138543655292e-05 
2023-05-09 12:43:31,724 INFO ofi_trade_1_5: -1.292971538052031e-06 , std 2.7356621663920534e-05 
2023-05-09 12:43:31,724 INFO ofi_add_1_10: -3.7258469521043215e-06 , std 2.29080490594339e-05 
2023-05-09 12:43:31,724 INFO ofi_cancel_1_10: -3.1688675406328664e-06 , std 2.6079384643412155e-05 
2023-05-09 12:43:31,724 INFO ofi_trade_1_10: -1.3212503643119028e-06 , std 2.4482943590059e-05 
2023-05-09 12:43:31,724 INFO ofi_add_1_20: -4.32610130341331e-06 , std 2.3569524443354715e-05 
2023-05-09 12:43:31,724 INFO ofi_cancel_1_20: -3.497012381489758e-06 , std 2.5408713915771445e-05 
2023-05-09 12:43:31,724 INFO ofi_trade_1_20: -1.610782966999658e-06 , std 2.691728869912663e-05 
2023-05-09 12:43:31,724 INFO ofi_add_1_30: -4.561222961183671e-06 , std 2.3951742888132264e-05 
2023-05-09 12:43:31,724 INFO ofi_cancel_1_30: -3.3059118742363244e-06 , std 2.412212254788996e-05 
2023-05-09 12:43:31,724 INFO ofi_trade_1_30: -1.5424101639295883e-06 , std 2.6029684646354012e-05 
2023-05-09 12:43:31,724 INFO used_intercept: 0.988881523442208 , std 0.104856359067182 
2023-05-09 12:43:31,724 INFO used_ofi_add_1_1: 0.0381613836326383 , std 0.19158573128466774 
2023-05-09 12:43:31,724 INFO used_ofi_cancel_1_1: 0.01526656221124101 , std 0.12261115075510595 
2023-05-09 12:43:31,724 INFO used_ofi_trade_1_1: 0.00426358924912619 , std 0.0651568189512113 
2023-05-09 12:43:31,724 INFO used_ofi_add_1_2: 0.05099232654373067 , std 0.2199820655812382 
2023-05-09 12:43:31,724 INFO used_ofi_cancel_1_2: 0.025390703467116627 , std 0.15730866360299925 
2023-05-09 12:43:31,724 INFO used_ofi_trade_1_2: 0.006217106584709333 , std 0.07860314351489832 
2023-05-09 12:43:31,724 INFO used_ofi_add_1_3: 0.06650998352818288 , std 0.24917143820924523 
2023-05-09 12:43:31,724 INFO used_ofi_cancel_1_3: 0.033847575428869875 , std 0.1808367138234292 
2023-05-09 12:43:31,724 INFO used_ofi_trade_1_3: 0.007588084046442489 , std 0.08677848251119982 
2023-05-09 12:43:31,724 INFO used_ofi_add_1_5: 0.09919247920935277 , std 0.2989202757888044 
2023-05-09 12:43:31,724 INFO used_ofi_cancel_1_5: 0.05061568438391387 , std 0.21921162578262557 
2023-05-09 12:43:31,724 INFO used_ofi_trade_1_5: 0.011937045518460488 , std 0.10860272769479912 
2023-05-09 12:43:31,724 INFO used_ofi_add_1_10: 0.13276887228315457 , std 0.33932476896892444 
2023-05-09 12:43:31,724 INFO used_ofi_cancel_1_10: 0.07905970029327869 , std 0.26983191820615965 
2023-05-09 12:43:31,724 INFO used_ofi_trade_1_10: 0.014493190309750513 , std 0.11951208200176193 
2023-05-09 12:43:31,724 INFO used_ofi_add_1_20: 0.16440681370776586 , std 0.3706443218426876 
2023-05-09 12:43:31,724 INFO used_ofi_cancel_1_20: 0.10133180667711221 , std 0.3017675788295764 
2023-05-09 12:43:31,724 INFO used_ofi_trade_1_20: 0.019098268450443937 , std 0.136870466473373 
2023-05-09 12:43:31,724 INFO used_ofi_add_1_30: 0.18301795829818007 , std 0.3866812450049079 
2023-05-09 12:43:31,724 INFO used_ofi_cancel_1_30: 0.11394178618777871 , std 0.31774054753543374 
2023-05-09 12:43:31,724 INFO used_ofi_trade_1_30: 0.021639347555341287 , std 0.14550287348612895 
2023-05-09 12:43:32,348 INFO Grouping by horizont:
2023-05-09 12:43:32,348 INFO 1: 0.0576915350930055
2023-05-09 12:43:32,348 INFO 2: 0.08260013659555664
2023-05-09 12:43:32,348 INFO 3: 0.10794564300349524
2023-05-09 12:43:32,348 INFO 5: 0.16174520911172713
2023-05-09 12:43:32,348 INFO 10: 0.22632176288618377
2023-05-09 12:43:32,349 INFO 20: 0.284836888835322
2023-05-09 12:43:32,349 INFO 30: 0.3185990920413001
2023-05-09 12:43:32,349 INFO Grouping by ofi type:
2023-05-09 12:43:32,349 INFO add: 0.7350498172030051
2023-05-09 12:43:32,349 INFO cancel: 0.419453818649311
2023-05-09 12:43:32,349 INFO trade: 0.08523663171427424
2023-05-09 12:43:32,349 INFO Grouping by ofi type and horizont:
2023-05-09 12:43:32,349 INFO add_1: 0.0381613836326383
2023-05-09 12:43:32,349 INFO cancel_1: 0.01526656221124101
2023-05-09 12:43:32,349 INFO trade_1: 0.00426358924912619
2023-05-09 12:43:32,349 INFO add_2: 0.05099232654373067
2023-05-09 12:43:32,349 INFO cancel_2: 0.025390703467116627
2023-05-09 12:43:32,349 INFO trade_2: 0.006217106584709333
2023-05-09 12:43:32,349 INFO add_3: 0.06650998352818288
2023-05-09 12:43:32,349 INFO cancel_3: 0.033847575428869875
2023-05-09 12:43:32,349 INFO trade_3: 0.007588084046442489
2023-05-09 12:43:32,349 INFO add_5: 0.09919247920935277
2023-05-09 12:43:32,349 INFO cancel_5: 0.05061568438391387
2023-05-09 12:43:32,349 INFO trade_5: 0.011937045518460488
2023-05-09 12:43:32,349 INFO add_10: 0.13276887228315457
2023-05-09 12:43:32,349 INFO cancel_10: 0.07905970029327869
2023-05-09 12:43:32,349 INFO trade_10: 0.014493190309750513
2023-05-09 12:43:32,349 INFO add_20: 0.16440681370776586
2023-05-09 12:43:32,349 INFO cancel_20: 0.10133180667711221
2023-05-09 12:43:32,349 INFO trade_20: 0.019098268450443937
2023-05-09 12:43:32,349 INFO add_30: 0.18301795829818007
2023-05-09 12:43:32,349 INFO cancel_30: 0.11394178618777871
2023-05-09 12:43:32,349 INFO trade_30: 0.021639347555341287
2023-05-09 12:43:32,349 INFO Grouping by level:
2023-05-09 12:43:32,349 INFO 1: 1.2397402675665903
2023-05-09 12:43:32,349 INFO Grouping by level and horizont:
2023-05-09 12:43:32,349 INFO 1_1: 0.0576915350930055
2023-05-09 12:43:32,349 INFO 1_2: 0.08260013659555664
2023-05-09 12:43:32,349 INFO 1_3: 0.10794564300349524
2023-05-09 12:43:32,349 INFO 1_5: 0.16174520911172713
2023-05-09 12:43:32,349 INFO 1_10: 0.22632176288618377
2023-05-09 12:43:32,349 INFO 1_20: 0.284836888835322
2023-05-09 12:43:32,349 INFO 1_30: 0.3185990920413001
2023-05-09 12:43:32,352 INFO Non empty regressions: 0.44328271262705393 --- 88270 / 199128
