2023-05-09 12:30:36,365 INFO Starting...
2023-05-09 12:30:36,365 INFO Tickers: ['CVS']
2023-05-09 12:31:38,610 INFO in_r2: -2.684682667818577 , std 0.5723754144586102 
2023-05-09 12:31:38,611 INFO os_r2: -0.11364046389346127 , std 0.06915898180803823 
2023-05-09 12:31:38,611 INFO intercept: 3.6622783860095543e-06 , std 0.0003546561726751458 
2023-05-09 12:31:38,611 INFO ofi_add_1_1: -1.5017447409452257e-06 , std 2.2241628471431925e-05 
2023-05-09 12:31:38,611 INFO ofi_cancel_1_1: -8.164878530807748e-07 , std 2.408999450969468e-05 
2023-05-09 12:31:38,611 INFO ofi_trade_1_1: -4.4505466553355946e-07 , std 2.4133093638691718e-05 
2023-05-09 12:31:38,611 INFO ofi_add_1_2: -2.009258129262308e-06 , std 2.1296644432909387e-05 
2023-05-09 12:31:38,611 INFO ofi_cancel_1_2: -1.153080748943598e-06 , std 2.4784141783606715e-05 
2023-05-09 12:31:38,611 INFO ofi_trade_1_2: -7.684610907882697e-07 , std 2.7185618990157235e-05 
2023-05-09 12:31:38,611 INFO ofi_add_1_3: -2.3089990397371336e-06 , std 2.2508234072824612e-05 
2023-05-09 12:31:38,611 INFO ofi_cancel_1_3: -1.490004796978998e-06 , std 2.4200844090395713e-05 
2023-05-09 12:31:38,611 INFO ofi_trade_1_3: -8.613194212747323e-07 , std 2.739717294877887e-05 
2023-05-09 12:31:38,611 INFO ofi_add_1_5: -3.5661198841929585e-06 , std 2.3967186929051346e-05 
2023-05-09 12:31:38,611 INFO ofi_cancel_1_5: -1.6958159743783644e-06 , std 2.5414061775201177e-05 
2023-05-09 12:31:38,611 INFO ofi_trade_1_5: -1.0438060063410913e-06 , std 2.8518714084154797e-05 
2023-05-09 12:31:38,611 INFO ofi_add_1_10: -3.932096471678885e-06 , std 2.2775680514629668e-05 
2023-05-09 12:31:38,611 INFO ofi_cancel_1_10: -2.004407567524373e-06 , std 2.7175499506078535e-05 
2023-05-09 12:31:38,611 INFO ofi_trade_1_10: -1.2535603963484114e-06 , std 2.5634689237091705e-05 
2023-05-09 12:31:38,611 INFO ofi_add_1_20: -4.394768913564317e-06 , std 2.3609211585306784e-05 
2023-05-09 12:31:38,611 INFO ofi_cancel_1_20: -2.2750526610022664e-06 , std 2.5410069731513775e-05 
2023-05-09 12:31:38,611 INFO ofi_trade_1_20: -1.4517941614252121e-06 , std 2.671078950583725e-05 
2023-05-09 12:31:38,611 INFO ofi_add_1_30: -4.642390579864335e-06 , std 2.40108022142147e-05 
2023-05-09 12:31:38,611 INFO ofi_cancel_1_30: -2.385752547887798e-06 , std 2.437729938235502e-05 
2023-05-09 12:31:38,611 INFO ofi_trade_1_30: -1.6178750816086342e-06 , std 3.2539598422913824e-05 
2023-05-09 12:31:38,611 INFO used_intercept: 0.9890623116789201 , std 0.10400988075789155 
2023-05-09 12:31:38,611 INFO used_ofi_add_1_1: 0.045985496765899324 , std 0.2094536484597315 
2023-05-09 12:31:38,611 INFO used_ofi_cancel_1_1: 0.01410148246354104 , std 0.11790941716364932 
2023-05-09 12:31:38,611 INFO used_ofi_trade_1_1: 0.003806596761881805 , std 0.061580082680800584 
2023-05-09 12:31:38,611 INFO used_ofi_add_1_2: 0.05699851351894259 , std 0.23183977867392286 
2023-05-09 12:31:38,611 INFO used_ofi_cancel_1_2: 0.02081575669920855 , std 0.14276715649002714 
2023-05-09 12:31:38,611 INFO used_ofi_trade_1_2: 0.005418625205897714 , std 0.07341160471462074 
2023-05-09 12:31:38,611 INFO used_ofi_add_1_3: 0.07221987867100559 , std 0.25885163278556084 
2023-05-09 12:31:38,611 INFO used_ofi_cancel_1_3: 0.027600337471375195 , std 0.16382478091803265 
2023-05-09 12:31:38,611 INFO used_ofi_trade_1_3: 0.006171909525531316 , std 0.07831868907444745 
2023-05-09 12:31:38,611 INFO used_ofi_add_1_5: 0.10290365995741432 , std 0.30383300795796225 
2023-05-09 12:31:38,611 INFO used_ofi_cancel_1_5: 0.03939676991683741 , std 0.19453705157876017 
2023-05-09 12:31:38,611 INFO used_ofi_trade_1_5: 0.008396609216182556 , std 0.0912474995265803 
2023-05-09 12:31:38,611 INFO used_ofi_add_1_10: 0.14129605078140695 , std 0.34832668117011223 
2023-05-09 12:31:38,611 INFO used_ofi_cancel_1_10: 0.06217608774255755 , std 0.24147509572539227 
2023-05-09 12:31:38,611 INFO used_ofi_trade_1_10: 0.011294242899039814 , std 0.10567252706535084 
2023-05-09 12:31:38,611 INFO used_ofi_add_1_20: 0.17184926278574586 , std 0.37724937861544783 
2023-05-09 12:31:38,611 INFO used_ofi_cancel_1_20: 0.07762846008597485 , std 0.2675860277941564 
2023-05-09 12:31:38,611 INFO used_ofi_trade_1_20: 0.014663934755534128 , std 0.12020359301210408 
2023-05-09 12:31:38,611 INFO used_ofi_add_1_30: 0.19168072797396649 , std 0.39362320370798354 
2023-05-09 12:31:38,611 INFO used_ofi_cancel_1_30: 0.0930908762203206 , std 0.29055974426071746 
2023-05-09 12:31:38,611 INFO used_ofi_trade_1_30: 0.017481218110963804 , std 0.13105580919715354 
2023-05-09 12:31:39,233 INFO Grouping by horizont:
2023-05-09 12:31:39,234 INFO 1: 0.06389357599132217
2023-05-09 12:31:39,234 INFO 2: 0.08323289542404885
2023-05-09 12:31:39,234 INFO 3: 0.1059921256679121
2023-05-09 12:31:39,234 INFO 5: 0.15069703909043428
2023-05-09 12:31:39,234 INFO 10: 0.21476638142300433
2023-05-09 12:31:39,234 INFO 20: 0.26414165762725483
2023-05-09 12:31:39,234 INFO 30: 0.3022528223052509
2023-05-09 12:31:39,234 INFO Grouping by ofi type:
2023-05-09 12:31:39,234 INFO add: 0.7829335904543812
2023-05-09 12:31:39,234 INFO cancel: 0.3348097705998152
2023-05-09 12:31:39,234 INFO trade: 0.06723313647503112
2023-05-09 12:31:39,234 INFO Grouping by ofi type and horizont:
2023-05-09 12:31:39,234 INFO add_1: 0.045985496765899324
2023-05-09 12:31:39,234 INFO cancel_1: 0.01410148246354104
2023-05-09 12:31:39,234 INFO trade_1: 0.003806596761881805
2023-05-09 12:31:39,234 INFO add_2: 0.05699851351894259
2023-05-09 12:31:39,234 INFO cancel_2: 0.02081575669920855
2023-05-09 12:31:39,234 INFO trade_2: 0.005418625205897714
2023-05-09 12:31:39,234 INFO add_3: 0.07221987867100559
2023-05-09 12:31:39,234 INFO cancel_3: 0.027600337471375195
2023-05-09 12:31:39,234 INFO trade_3: 0.006171909525531316
2023-05-09 12:31:39,234 INFO add_5: 0.10290365995741432
2023-05-09 12:31:39,234 INFO cancel_5: 0.03939676991683741
2023-05-09 12:31:39,234 INFO trade_5: 0.008396609216182556
2023-05-09 12:31:39,234 INFO add_10: 0.14129605078140695
2023-05-09 12:31:39,234 INFO cancel_10: 0.06217608774255755
2023-05-09 12:31:39,234 INFO trade_10: 0.011294242899039814
2023-05-09 12:31:39,234 INFO add_20: 0.17184926278574586
2023-05-09 12:31:39,234 INFO cancel_20: 0.07762846008597485
2023-05-09 12:31:39,234 INFO trade_20: 0.014663934755534128
2023-05-09 12:31:39,234 INFO add_30: 0.19168072797396649
2023-05-09 12:31:39,234 INFO cancel_30: 0.0930908762203206
2023-05-09 12:31:39,234 INFO trade_30: 0.017481218110963804
2023-05-09 12:31:39,234 INFO Grouping by level:
2023-05-09 12:31:39,234 INFO 1: 1.1849764975292276
2023-05-09 12:31:39,235 INFO Grouping by level and horizont:
2023-05-09 12:31:39,235 INFO 1_1: 0.06389357599132217
2023-05-09 12:31:39,235 INFO 1_2: 0.08323289542404885
2023-05-09 12:31:39,235 INFO 1_3: 0.1059921256679121
2023-05-09 12:31:39,235 INFO 1_5: 0.15069703909043428
2023-05-09 12:31:39,235 INFO 1_10: 0.21476638142300433
2023-05-09 12:31:39,235 INFO 1_20: 0.26414165762725483
2023-05-09 12:31:39,235 INFO 1_30: 0.3022528223052509
2023-05-09 12:31:39,238 INFO Non empty regressions: 0.43326403117592704 --- 86275 / 199128
