2023-05-09 12:46:44,359 INFO Starting...
2023-05-09 12:46:44,360 INFO Tickers: ['GS']
2023-05-09 12:47:45,587 INFO in_r2: -2.672019427576559 , std 0.5825622156975896 
2023-05-09 12:47:45,587 INFO os_r2: -0.10708387871674213 , std 0.03994247486189282 
2023-05-09 12:47:45,587 INFO intercept: 1.256640935996071e-06 , std 0.00033344641464585665 
2023-05-09 12:47:45,587 INFO ofi_add_1_1: -1.1765082834201855e-06 , std 1.7835813957023366e-05 
2023-05-09 12:47:45,587 INFO ofi_cancel_1_1: -6.635975866873236e-07 , std 1.6850122532743503e-05 
2023-05-09 12:47:45,587 INFO ofi_trade_1_1: -4.1878157567764795e-07 , std 1.5512763800688248e-05 
2023-05-09 12:47:45,587 INFO ofi_add_1_2: -1.2349765097017078e-06 , std 1.7220211683735778e-05 
2023-05-09 12:47:45,587 INFO ofi_cancel_1_2: -1.054955202631198e-06 , std 1.7297356817501507e-05 
2023-05-09 12:47:45,587 INFO ofi_trade_1_2: -6.897224318999934e-07 , std 1.7825313103325083e-05 
2023-05-09 12:47:45,587 INFO ofi_add_1_3: -1.786207699787422e-06 , std 1.76359980275375e-05 
2023-05-09 12:47:45,587 INFO ofi_cancel_1_3: -1.1811165923567627e-06 , std 1.8107473552001267e-05 
2023-05-09 12:47:45,587 INFO ofi_trade_1_3: -7.316844244179524e-07 , std 1.691941914362012e-05 
2023-05-09 12:47:45,587 INFO ofi_add_1_5: -2.399038297625199e-06 , std 1.8251712407851276e-05 
2023-05-09 12:47:45,587 INFO ofi_cancel_1_5: -1.8645643666684107e-06 , std 1.965149977466935e-05 
2023-05-09 12:47:45,587 INFO ofi_trade_1_5: -1.0765553951229607e-06 , std 2.0123251018480846e-05 
2023-05-09 12:47:45,587 INFO ofi_add_1_10: -3.1543506685866783e-06 , std 1.837279872624986e-05 
2023-05-09 12:47:45,587 INFO ofi_cancel_1_10: -1.9965939075093456e-06 , std 1.903599002286592e-05 
2023-05-09 12:47:45,587 INFO ofi_trade_1_10: -1.1284327370364249e-06 , std 2.0227957991201278e-05 
2023-05-09 12:47:45,587 INFO ofi_add_1_20: -3.138743285966082e-06 , std 1.7782576930727808e-05 
2023-05-09 12:47:45,587 INFO ofi_cancel_1_20: -2.435700308487429e-06 , std 1.9598686152244443e-05 
2023-05-09 12:47:45,587 INFO ofi_trade_1_20: -1.43993679767625e-06 , std 1.9928304215414066e-05 
2023-05-09 12:47:45,587 INFO ofi_add_1_30: -3.477467109306902e-06 , std 1.787974387084565e-05 
2023-05-09 12:47:45,587 INFO ofi_cancel_1_30: -2.3200239040273678e-06 , std 1.8263440590798753e-05 
2023-05-09 12:47:45,587 INFO ofi_trade_1_30: -1.4847974770351457e-06 , std 1.9449761772314973e-05 
2023-05-09 12:47:45,587 INFO used_intercept: 0.9888865453376723 , std 0.10483294228340696 
2023-05-09 12:47:45,588 INFO used_ofi_add_1_1: 0.034816801253465104 , std 0.18331555199693728 
2023-05-09 12:47:45,588 INFO used_ofi_cancel_1_1: 0.015356956329597044 , std 0.12296796420973999 
2023-05-09 12:47:45,588 INFO used_ofi_trade_1_1: 0.0046603189907998875 , std 0.06810727140110574 
2023-05-09 12:47:45,588 INFO used_ofi_add_1_2: 0.04717568599092041 , std 0.21201448215206073 
2023-05-09 12:47:45,588 INFO used_ofi_cancel_1_2: 0.023823872082278735 , std 0.15250014820086552 
2023-05-09 12:47:45,588 INFO used_ofi_trade_1_2: 0.006910128158772247 , std 0.08283947300412761 
2023-05-09 12:47:45,588 INFO used_ofi_add_1_3: 0.06255272990237436 , std 0.24215673825878758 
2023-05-09 12:47:45,588 INFO used_ofi_cancel_1_3: 0.03167309469286087 , std 0.17512826660889996 
2023-05-09 12:47:45,588 INFO used_ofi_trade_1_3: 0.009355791249849343 , std 0.09627180490641372 
2023-05-09 12:47:45,588 INFO used_ofi_add_1_5: 0.0949941746012615 , std 0.29320689178988707 
2023-05-09 12:47:45,588 INFO used_ofi_cancel_1_5: 0.05015869189666948 , std 0.21827230132081454 
2023-05-09 12:47:45,588 INFO used_ofi_trade_1_5: 0.01287613997027038 , std 0.1127401658227288 
2023-05-09 12:47:45,588 INFO used_ofi_add_1_10: 0.1381121690570889 , std 0.3450176775404921 
2023-05-09 12:47:45,588 INFO used_ofi_cancel_1_10: 0.07528323490418223 , std 0.26384781493608006 
2023-05-09 12:47:45,588 INFO used_ofi_trade_1_10: 0.01714977301032502 , std 0.12982934296999019 
2023-05-09 12:47:45,588 INFO used_ofi_add_1_20: 0.16448716403519345 , std 0.3707170577446536 
2023-05-09 12:47:45,588 INFO used_ofi_cancel_1_20: 0.092965328833715 , std 0.29038384333250056 
2023-05-09 12:47:45,588 INFO used_ofi_trade_1_20: 0.02319111325378651 , std 0.15051008444564953 
2023-05-09 12:47:45,588 INFO used_ofi_add_1_30: 0.18699027761038126 , std 0.38990372361593806 
2023-05-09 12:47:45,588 INFO used_ofi_cancel_1_30: 0.10761419790285645 , std 0.3098925334895652 
2023-05-09 12:47:45,588 INFO used_ofi_trade_1_30: 0.02665622112410108 , std 0.16107658737223146 
2023-05-09 12:47:46,210 INFO Grouping by horizont:
2023-05-09 12:47:46,210 INFO 1: 0.05483407657386204
2023-05-09 12:47:46,210 INFO 2: 0.07790968623197139
2023-05-09 12:47:46,210 INFO 3: 0.10358161584508457
2023-05-09 12:47:46,210 INFO 5: 0.15802900646820134
2023-05-09 12:47:46,210 INFO 10: 0.23054517697159616
2023-05-09 12:47:46,210 INFO 20: 0.280643606122695
2023-05-09 12:47:46,210 INFO 30: 0.3212606966373388
2023-05-09 12:47:46,210 INFO Grouping by ofi type:
2023-05-09 12:47:46,210 INFO add: 0.729129002450685
2023-05-09 12:47:46,210 INFO cancel: 0.39687537664215977
2023-05-09 12:47:46,210 INFO trade: 0.10079948575790447
2023-05-09 12:47:46,210 INFO Grouping by ofi type and horizont:
2023-05-09 12:47:46,210 INFO add_1: 0.034816801253465104
2023-05-09 12:47:46,210 INFO cancel_1: 0.015356956329597044
2023-05-09 12:47:46,210 INFO trade_1: 0.0046603189907998875
2023-05-09 12:47:46,210 INFO add_2: 0.04717568599092041
2023-05-09 12:47:46,210 INFO cancel_2: 0.023823872082278735
2023-05-09 12:47:46,210 INFO trade_2: 0.006910128158772247
2023-05-09 12:47:46,211 INFO add_3: 0.06255272990237436
2023-05-09 12:47:46,211 INFO cancel_3: 0.03167309469286087
2023-05-09 12:47:46,211 INFO trade_3: 0.009355791249849343
2023-05-09 12:47:46,211 INFO add_5: 0.0949941746012615
2023-05-09 12:47:46,211 INFO cancel_5: 0.05015869189666948
2023-05-09 12:47:46,211 INFO trade_5: 0.01287613997027038
2023-05-09 12:47:46,211 INFO add_10: 0.1381121690570889
2023-05-09 12:47:46,211 INFO cancel_10: 0.07528323490418223
2023-05-09 12:47:46,211 INFO trade_10: 0.01714977301032502
2023-05-09 12:47:46,211 INFO add_20: 0.16448716403519345
2023-05-09 12:47:46,211 INFO cancel_20: 0.092965328833715
2023-05-09 12:47:46,211 INFO trade_20: 0.02319111325378651
2023-05-09 12:47:46,211 INFO add_30: 0.18699027761038126
2023-05-09 12:47:46,211 INFO cancel_30: 0.10761419790285645
2023-05-09 12:47:46,211 INFO trade_30: 0.02665622112410108
2023-05-09 12:47:46,211 INFO Grouping by level:
2023-05-09 12:47:46,211 INFO 1: 1.2268038648507493
2023-05-09 12:47:46,211 INFO Grouping by level and horizont:
2023-05-09 12:47:46,211 INFO 1_1: 0.05483407657386204
2023-05-09 12:47:46,211 INFO 1_2: 0.07790968623197139
2023-05-09 12:47:46,211 INFO 1_3: 0.10358161584508457
2023-05-09 12:47:46,211 INFO 1_5: 0.15802900646820134
2023-05-09 12:47:46,211 INFO 1_10: 0.23054517697159616
2023-05-09 12:47:46,211 INFO 1_20: 0.280643606122695
2023-05-09 12:47:46,211 INFO 1_30: 0.3212606966373388
2023-05-09 12:47:46,214 INFO Non empty regressions: 0.4416807279739665 --- 87951 / 199128
