2023-05-09 12:16:53,249 INFO Starting...
2023-05-09 12:16:53,249 INFO Tickers: ['HON']
2023-05-09 12:17:52,149 INFO in_r2: -2.6799396998146747 , std 0.5771985909370974 
2023-05-09 12:17:52,149 INFO os_r2: -0.16189549998932076 , std 1.2644941996108845 
2023-05-09 12:17:52,149 INFO intercept: -1.3177206884093147e-06 , std 0.00027990268496931885 
2023-05-09 12:17:52,149 INFO ofi_add_1_1: -1.310919475498152e-06 , std 1.957938683777731e-05 
2023-05-09 12:17:52,149 INFO ofi_cancel_1_1: -7.379396178063139e-07 , std 1.8838523320183674e-05 
2023-05-09 12:17:52,149 INFO ofi_trade_1_1: -7.455835799227671e-07 , std 2.035719754667263e-05 
2023-05-09 12:17:52,149 INFO ofi_add_1_2: -1.5267766374384372e-06 , std 1.8337020919486498e-05 
2023-05-09 12:17:52,149 INFO ofi_cancel_1_2: -1.1394665239673352e-06 , std 1.8993340461015448e-05 
2023-05-09 12:17:52,149 INFO ofi_trade_1_2: -7.939997169519817e-07 , std 2.1517749500995495e-05 
2023-05-09 12:17:52,149 INFO ofi_add_1_3: -2.208668338144667e-06 , std 1.9593865455646015e-05 
2023-05-09 12:17:52,149 INFO ofi_cancel_1_3: -1.494405978507491e-06 , std 2.068756259688347e-05 
2023-05-09 12:17:52,149 INFO ofi_trade_1_3: -1.0124498470448744e-06 , std 2.2153349188143196e-05 
2023-05-09 12:17:52,149 INFO ofi_add_1_5: -2.7468557243277825e-06 , std 1.992418459511272e-05 
2023-05-09 12:17:52,149 INFO ofi_cancel_1_5: -1.9712309086629335e-06 , std 2.1446493189410146e-05 
2023-05-09 12:17:52,149 INFO ofi_trade_1_5: -1.4181017348411077e-06 , std 2.165196871704339e-05 
2023-05-09 12:17:52,149 INFO ofi_add_1_10: -3.044684449272284e-06 , std 1.897893543409845e-05 
2023-05-09 12:17:52,149 INFO ofi_cancel_1_10: -2.3670417168195773e-06 , std 2.0773796628783165e-05 
2023-05-09 12:17:52,149 INFO ofi_trade_1_10: -1.3902805132834824e-06 , std 2.240693495367123e-05 
2023-05-09 12:17:52,149 INFO ofi_add_1_20: -3.3691592231315763e-06 , std 1.9435814839937084e-05 
2023-05-09 12:17:52,149 INFO ofi_cancel_1_20: -2.4790034442047064e-06 , std 2.0202843793660683e-05 
2023-05-09 12:17:52,149 INFO ofi_trade_1_20: -1.6008864006442067e-06 , std 2.172563728468255e-05 
2023-05-09 12:17:52,149 INFO ofi_add_1_30: -3.7371792878429637e-06 , std 1.9640410869899933e-05 
2023-05-09 12:17:52,149 INFO ofi_cancel_1_30: -2.6722771434942916e-06 , std 2.0607747151044753e-05 
2023-05-09 12:17:52,149 INFO ofi_trade_1_30: -1.8565663935245325e-06 , std 2.5403834498078485e-05 
2023-05-09 12:17:52,149 INFO used_intercept: 0.9833775260134185 , std 0.12785213078062846 
2023-05-09 12:17:52,149 INFO used_ofi_add_1_1: 0.037513559117753406 , std 0.19001655717350585 
2023-05-09 12:17:52,149 INFO used_ofi_cancel_1_1: 0.016160459603872884 , std 0.12609242304462423 
2023-05-09 12:17:52,149 INFO used_ofi_trade_1_1: 0.007532843196336025 , std 0.0864644404926987 
2023-05-09 12:17:52,149 INFO used_ofi_add_1_2: 0.049490779799927685 , std 0.21689039285944123 
2023-05-09 12:17:52,149 INFO used_ofi_cancel_1_2: 0.0237334779639227 , std 0.15221760735098516 
2023-05-09 12:17:52,149 INFO used_ofi_trade_1_2: 0.008898798762604958 , std 0.09391277944554521 
2023-05-09 12:17:52,149 INFO used_ofi_add_1_3: 0.06696195411996304 , std 0.24995609778598923 
2023-05-09 12:17:52,149 INFO used_ofi_cancel_1_3: 0.03304407215459403 , std 0.1787516753768647 
2023-05-09 12:17:52,150 INFO used_ofi_trade_1_3: 0.011706038327106183 , std 0.10755931848887154 
2023-05-09 12:17:52,150 INFO used_ofi_add_1_5: 0.09575750271182355 , std 0.29425839560872113 
2023-05-09 12:17:52,150 INFO used_ofi_cancel_1_5: 0.04821019645655056 , std 0.2142101151070401 
2023-05-09 12:17:52,150 INFO used_ofi_trade_1_5: 0.01614037202201599 , std 0.12601531816809777 
2023-05-09 12:17:52,150 INFO used_ofi_add_1_10: 0.13276887228315457 , std 0.33932476896892444 
2023-05-09 12:17:52,150 INFO used_ofi_cancel_1_10: 0.0744797316299064 , std 0.2625499975361712 
2023-05-09 12:17:52,150 INFO used_ofi_trade_1_10: 0.019344341328190913 , std 0.13773212329289547 
2023-05-09 12:17:52,150 INFO used_ofi_add_1_20: 0.16481358724036801 , std 0.3710122217681375 
2023-05-09 12:17:52,150 INFO used_ofi_cancel_1_20: 0.0939697079265598 , std 0.29178656911989087 
2023-05-09 12:17:52,150 INFO used_ofi_trade_1_20: 0.023497448877104175 , std 0.1514771229373335 
2023-05-09 12:17:52,150 INFO used_ofi_add_1_30: 0.18265638182475594 , std 0.3863845597373747 
2023-05-09 12:17:52,150 INFO used_ofi_cancel_1_30: 0.1067654975694026 , std 0.30881487350540693 
2023-05-09 12:17:52,150 INFO used_ofi_trade_1_30: 0.027761038126230365 , std 0.16428743983757355 
2023-05-09 12:17:52,772 INFO Grouping by horizont:
2023-05-09 12:17:52,772 INFO 1: 0.06120686191796232
2023-05-09 12:17:52,772 INFO 2: 0.08212305652645535
2023-05-09 12:17:52,772 INFO 3: 0.11171206460166325
2023-05-09 12:17:52,772 INFO 5: 0.16010807119039008
2023-05-09 12:17:52,772 INFO 10: 0.22659294524125187
2023-05-09 12:17:52,772 INFO 20: 0.28228074404403203
2023-05-09 12:17:52,772 INFO 30: 0.3171829175203889
2023-05-09 12:17:52,772 INFO Grouping by ofi type:
2023-05-09 12:17:52,772 INFO add: 0.7299626370977462
2023-05-09 12:17:52,772 INFO cancel: 0.39636314330480893
2023-05-09 12:17:52,772 INFO trade: 0.11488088063958861
2023-05-09 12:17:52,772 INFO Grouping by ofi type and horizont:
2023-05-09 12:17:52,772 INFO add_1: 0.037513559117753406
2023-05-09 12:17:52,772 INFO cancel_1: 0.016160459603872884
2023-05-09 12:17:52,772 INFO trade_1: 0.007532843196336025
2023-05-09 12:17:52,772 INFO add_2: 0.049490779799927685
2023-05-09 12:17:52,772 INFO cancel_2: 0.0237334779639227
2023-05-09 12:17:52,772 INFO trade_2: 0.008898798762604958
2023-05-09 12:17:52,772 INFO add_3: 0.06696195411996304
2023-05-09 12:17:52,772 INFO cancel_3: 0.03304407215459403
2023-05-09 12:17:52,772 INFO trade_3: 0.011706038327106183
2023-05-09 12:17:52,772 INFO add_5: 0.09575750271182355
2023-05-09 12:17:52,772 INFO cancel_5: 0.04821019645655056
2023-05-09 12:17:52,772 INFO trade_5: 0.01614037202201599
2023-05-09 12:17:52,772 INFO add_10: 0.13276887228315457
2023-05-09 12:17:52,772 INFO cancel_10: 0.0744797316299064
2023-05-09 12:17:52,773 INFO trade_10: 0.019344341328190913
2023-05-09 12:17:52,773 INFO add_20: 0.16481358724036801
2023-05-09 12:17:52,773 INFO cancel_20: 0.0939697079265598
2023-05-09 12:17:52,773 INFO trade_20: 0.023497448877104175
2023-05-09 12:17:52,773 INFO add_30: 0.18265638182475594
2023-05-09 12:17:52,773 INFO cancel_30: 0.1067654975694026
2023-05-09 12:17:52,773 INFO trade_30: 0.027761038126230365
2023-05-09 12:17:52,773 INFO Grouping by level:
2023-05-09 12:17:52,773 INFO 1: 1.2412066610421437
2023-05-09 12:17:52,773 INFO Grouping by level and horizont:
2023-05-09 12:17:52,773 INFO 1_1: 0.06120686191796232
2023-05-09 12:17:52,773 INFO 1_2: 0.08212305652645535
2023-05-09 12:17:52,773 INFO 1_3: 0.11171206460166325
2023-05-09 12:17:52,773 INFO 1_5: 0.16010807119039008
2023-05-09 12:17:52,773 INFO 1_10: 0.22659294524125187
2023-05-09 12:17:52,773 INFO 1_20: 0.28228074404403203
2023-05-09 12:17:52,773 INFO 1_30: 0.3171829175203889
2023-05-09 12:17:52,776 INFO Non empty regressions: 0.44227833353420914 --- 88070 / 199128
