2023-05-09 11:46:04,678 INFO Starting...
2023-05-09 11:46:04,678 INFO Tickers: ['INTC']
2023-05-09 11:47:08,149 INFO in_r2: -2.6868655891209396 , std 0.5529481663971729 
2023-05-09 11:47:08,149 INFO os_r2: -0.10591617909098126 , std 0.04779686637217618 
2023-05-09 11:47:08,149 INFO intercept: -7.725737377730347e-07 , std 0.0003860517257436981 
2023-05-09 11:47:08,149 INFO ofi_add_1_1: -1.0725675782280524e-06 , std 1.864287305855028e-05 
2023-05-09 11:47:08,149 INFO ofi_cancel_1_1: -4.832446776037205e-07 , std 2.1613085293780036e-05 
2023-05-09 11:47:08,149 INFO ofi_trade_1_1: -1.3869696134359392e-07 , std 2.5889679378018932e-05 
2023-05-09 11:47:08,149 INFO ofi_add_1_2: -1.913665651364791e-06 , std 1.9558457182398125e-05 
2023-05-09 11:47:08,149 INFO ofi_cancel_1_2: -9.215935506415142e-07 , std 2.325740860011888e-05 
2023-05-09 11:47:08,150 INFO ofi_trade_1_2: -1.5195068425299985e-07 , std 2.3839491775537173e-05 
2023-05-09 11:47:08,150 INFO ofi_add_1_3: -2.134637209092747e-06 , std 1.838604651316317e-05 
2023-05-09 11:47:08,150 INFO ofi_cancel_1_3: -8.782942120902209e-07 , std 2.1043629642940205e-05 
2023-05-09 11:47:08,150 INFO ofi_trade_1_3: -3.350974925730255e-07 , std 2.8028841152822542e-05 
2023-05-09 11:47:08,150 INFO ofi_add_1_5: -3.2185458142283784e-06 , std 2.1051056216406288e-05 
2023-05-09 11:47:08,150 INFO ofi_cancel_1_5: -1.1106365188504176e-06 , std 2.4051453162515278e-05 
2023-05-09 11:47:08,150 INFO ofi_trade_1_5: -4.833651232421978e-07 , std 3.0273009911615927e-05 
2023-05-09 11:47:08,150 INFO ofi_add_1_10: -3.6468918090533495e-06 , std 2.1058009737589167e-05 
2023-05-09 11:47:08,150 INFO ofi_cancel_1_10: -1.0705140289812297e-06 , std 2.3143032211173702e-05 
2023-05-09 11:47:08,150 INFO ofi_trade_1_10: -3.834761781868521e-07 , std 2.6681678909579363e-05 
2023-05-09 11:47:08,150 INFO ofi_add_1_20: -3.98859733909566e-06 , std 2.0422692894404686e-05 
2023-05-09 11:47:08,150 INFO ofi_cancel_1_20: -1.3212958915354523e-06 , std 2.2876743374801215e-05 
2023-05-09 11:47:08,150 INFO ofi_trade_1_20: -4.1030921721759275e-07 , std 3.635858183625942e-05 
2023-05-09 11:47:08,150 INFO ofi_add_1_30: -4.785953446880511e-06 , std 2.2271414015882047e-05 
2023-05-09 11:47:08,150 INFO ofi_cancel_1_30: -1.2656393413344087e-06 , std 2.3783683272698687e-05 
2023-05-09 11:47:08,150 INFO ofi_trade_1_30: -3.6345078549123917e-07 , std 2.8413299313083583e-05 
2023-05-09 11:47:08,150 INFO used_intercept: 0.9827629503882355 , std 0.13015350065382855 
2023-05-09 11:47:08,150 INFO used_ofi_add_1_1: 0.044142316153204825 , std 0.20541122675704784 
2023-05-09 11:47:08,150 INFO used_ofi_cancel_1_1: 0.011732444024790815 , std 0.1076791241698964 
2023-05-09 11:47:08,150 INFO used_ofi_trade_1_1: 0.0011149839783833736 , std 0.033372755192092284 
2023-05-09 11:47:08,150 INFO used_ofi_add_1_2: 0.05587476017799564 , std 0.22967971471822912 
2023-05-09 11:47:08,150 INFO used_ofi_cancel_1_2: 0.01612708808373429 , std 0.1259643009494109 
2023-05-09 11:47:08,150 INFO used_ofi_trade_1_2: 0.0016473637158096691 , std 0.04055428348026264 
2023-05-09 11:47:08,150 INFO used_ofi_add_1_3: 0.07527146344158388 , std 0.2638288654278492 
2023-05-09 11:47:08,150 INFO used_ofi_cancel_1_3: 0.020285676976083092 , std 0.1409757719812348 
2023-05-09 11:47:08,150 INFO used_ofi_trade_1_3: 0.0018181270278143302 , std 0.04260072114325132 
2023-05-09 11:47:08,150 INFO used_ofi_add_1_5: 0.10973049531405382 , std 0.31255353735350083 
2023-05-09 11:47:08,150 INFO used_ofi_cancel_1_5: 0.029627434632808654 , std 0.16955721674375085 
2023-05-09 11:47:08,150 INFO used_ofi_trade_1_5: 0.002240012857472904 , std 0.04727573584695705 
2023-05-09 11:47:08,150 INFO used_ofi_add_1_10: 0.15751911042359346 , std 0.3642895006378213 
2023-05-09 11:47:08,150 INFO used_ofi_cancel_1_10: 0.04320311793717919 , std 0.2033140637970856 
2023-05-09 11:47:08,150 INFO used_ofi_trade_1_10: 0.0025212700772452865 , std 0.0501489109995708 
2023-05-09 11:47:08,150 INFO used_ofi_add_1_20: 0.19605134953240988 , std 0.3970078310045417 
2023-05-09 11:47:08,150 INFO used_ofi_cancel_1_20: 0.05263527970026016 , std 0.22330429246016648 
2023-05-09 11:47:08,150 INFO used_ofi_trade_1_20: 0.0034805580946832343 , std 0.05889349548152807 
2023-05-09 11:47:08,150 INFO used_ofi_add_1_30: 0.22913423000813637 , std 0.42027578403557214 
2023-05-09 11:47:08,150 INFO used_ofi_cancel_1_30: 0.06256968649864895 , std 0.24218736719760955 
2023-05-09 11:47:08,150 INFO used_ofi_trade_1_30: 0.004002892931403373 , std 0.06314166437134117 
2023-05-09 11:47:08,785 INFO Grouping by horizont:
2023-05-09 11:47:08,785 INFO 1: 0.056989744156379016
2023-05-09 11:47:08,785 INFO 2: 0.07364921197753961
2023-05-09 11:47:08,785 INFO 3: 0.0973752674454813
2023-05-09 11:47:08,785 INFO 5: 0.14159794280433538
2023-05-09 11:47:08,785 INFO 10: 0.20324349843801792
2023-05-09 11:47:08,785 INFO 20: 0.25216718732735327
2023-05-09 11:47:08,785 INFO 30: 0.2957068094381887
2023-05-09 11:47:08,785 INFO Grouping by ofi type:
2023-05-09 11:47:08,785 INFO add: 0.8677237250509778
2023-05-09 11:47:08,785 INFO cancel: 0.23618072785350513
2023-05-09 11:47:08,785 INFO trade: 0.01682520868281217
2023-05-09 11:47:08,785 INFO Grouping by ofi type and horizont:
2023-05-09 11:47:08,786 INFO add_1: 0.044142316153204825
2023-05-09 11:47:08,786 INFO cancel_1: 0.011732444024790815
2023-05-09 11:47:08,786 INFO trade_1: 0.0011149839783833736
2023-05-09 11:47:08,786 INFO add_2: 0.05587476017799564
2023-05-09 11:47:08,786 INFO cancel_2: 0.01612708808373429
2023-05-09 11:47:08,786 INFO trade_2: 0.0016473637158096691
2023-05-09 11:47:08,786 INFO add_3: 0.07527146344158388
2023-05-09 11:47:08,786 INFO cancel_3: 0.020285676976083092
2023-05-09 11:47:08,786 INFO trade_3: 0.0018181270278143302
2023-05-09 11:47:08,786 INFO add_5: 0.10973049531405382
2023-05-09 11:47:08,786 INFO cancel_5: 0.029627434632808654
2023-05-09 11:47:08,786 INFO trade_5: 0.002240012857472904
2023-05-09 11:47:08,786 INFO add_10: 0.15751911042359346
2023-05-09 11:47:08,786 INFO cancel_10: 0.04320311793717919
2023-05-09 11:47:08,786 INFO trade_10: 0.0025212700772452865
2023-05-09 11:47:08,786 INFO add_20: 0.19605134953240988
2023-05-09 11:47:08,786 INFO cancel_20: 0.05263527970026016
2023-05-09 11:47:08,786 INFO trade_20: 0.0034805580946832343
2023-05-09 11:47:08,786 INFO add_30: 0.22913423000813637
2023-05-09 11:47:08,786 INFO cancel_30: 0.06256968649864895
2023-05-09 11:47:08,786 INFO trade_30: 0.004002892931403373
2023-05-09 11:47:08,786 INFO Grouping by level:
2023-05-09 11:47:08,786 INFO 1: 1.120729661587295
2023-05-09 11:47:08,786 INFO Grouping by level and horizont:
2023-05-09 11:47:08,786 INFO 1_1: 0.056989744156379016
2023-05-09 11:47:08,786 INFO 1_2: 0.07364921197753961
2023-05-09 11:47:08,786 INFO 1_3: 0.0973752674454813
2023-05-09 11:47:08,786 INFO 1_5: 0.14159794280433538
2023-05-09 11:47:08,786 INFO 1_10: 0.20324349843801792
2023-05-09 11:47:08,786 INFO 1_20: 0.25216718732735327
2023-05-09 11:47:08,786 INFO 1_30: 0.2957068094381887
2023-05-09 11:47:08,790 INFO Non empty regressions: 0.44089078179462193 --- 87784 / 199106
