2023-05-09 12:28:31,775 INFO Starting...
2023-05-09 12:28:31,775 INFO Tickers: ['MMM']
2023-05-09 12:29:31,026 INFO in_r2: -2.681082129821258 , std 0.5770259035741698 
2023-05-09 12:29:31,026 INFO os_r2: -0.1153653226212154 , std 0.0675477120175064 
2023-05-09 12:29:31,026 INFO intercept: 3.4936689897326743e-06 , std 0.0002834087917713788 
2023-05-09 12:29:31,026 INFO ofi_add_1_1: -1.034423174489613e-06 , std 1.7285723990601528e-05 
2023-05-09 12:29:31,026 INFO ofi_cancel_1_1: -8.721018753437603e-07 , std 1.8728453363496448e-05 
2023-05-09 12:29:31,026 INFO ofi_trade_1_1: -4.24193086240861e-07 , std 1.7197069496097148e-05 
2023-05-09 12:29:31,026 INFO ofi_add_1_2: -1.277029662429807e-06 , std 1.7306494571509773e-05 
2023-05-09 12:29:31,026 INFO ofi_cancel_1_2: -1.058740002082054e-06 , std 1.777429567967859e-05 
2023-05-09 12:29:31,026 INFO ofi_trade_1_2: -6.30762360652469e-07 , std 1.6156029130010225e-05 
2023-05-09 12:29:31,026 INFO ofi_add_1_3: -1.7078212809113004e-06 , std 1.6836975726261512e-05 
2023-05-09 12:29:31,026 INFO ofi_cancel_1_3: -1.3070090773529916e-06 , std 1.8605067058798122e-05 
2023-05-09 12:29:31,026 INFO ofi_trade_1_3: -8.350735659253934e-07 , std 1.699750569104146e-05 
2023-05-09 12:29:31,026 INFO ofi_add_1_5: -2.1259510268799483e-06 , std 1.7463603003536398e-05 
2023-05-09 12:29:31,026 INFO ofi_cancel_1_5: -1.6728242314629302e-06 , std 1.808695663948271e-05 
2023-05-09 12:29:31,027 INFO ofi_trade_1_5: -1.1207088514657192e-06 , std 2.0134406966053424e-05 
2023-05-09 12:29:31,027 INFO ofi_add_1_10: -2.606724169777447e-06 , std 1.7972420789552786e-05 
2023-05-09 12:29:31,027 INFO ofi_cancel_1_10: -2.139039024726955e-06 , std 1.9811597018666977e-05 
2023-05-09 12:29:31,027 INFO ofi_trade_1_10: -1.255049819395026e-06 , std 1.9286554818959826e-05 
2023-05-09 12:29:31,027 INFO ofi_add_1_20: -2.776483005874914e-06 , std 1.6679021791561686e-05 
2023-05-09 12:29:31,027 INFO ofi_cancel_1_20: -2.369153677326438e-06 , std 1.8976563631514686e-05 
2023-05-09 12:29:31,027 INFO ofi_trade_1_20: -1.3661881299717481e-06 , std 1.9536612134588082e-05 
2023-05-09 12:29:31,027 INFO ofi_add_1_30: -3.239510174556534e-06 , std 1.7527008738448028e-05 
2023-05-09 12:29:31,027 INFO ofi_cancel_1_30: -2.564302402055514e-06 , std 1.88214205245571e-05 
2023-05-09 12:29:31,027 INFO ofi_trade_1_30: -1.4608111545268173e-06 , std 2.0082183827407952e-05 
2023-05-09 12:29:31,027 INFO used_intercept: 0.984241292033265 , std 0.124540640314534 
2023-05-09 12:29:31,027 INFO used_ofi_add_1_1: 0.03601201237395042 , std 0.18632001325335093 
2023-05-09 12:29:31,027 INFO used_ofi_cancel_1_1: 0.017114619742075447 , std 0.12969853327296965 
2023-05-09 12:29:31,027 INFO used_ofi_trade_1_1: 0.00551404121971797 , std 0.07405158046352031 
2023-05-09 12:29:31,027 INFO used_ofi_add_1_2: 0.04915431280382468 , std 0.21619011618621337 
2023-05-09 12:29:31,027 INFO used_ofi_cancel_1_2: 0.02431601783777269 , std 0.1540284035958492 
2023-05-09 12:29:31,027 INFO used_ofi_trade_1_2: 0.007588084046442489 , std 0.08677848251119982 
2023-05-09 12:29:31,027 INFO used_ofi_add_1_3: 0.06389357599132217 , std 0.2445632575395644 
2023-05-09 12:29:31,027 INFO used_ofi_cancel_1_3: 0.033812422160620303 , std 0.1807460712387749 
2023-05-09 12:29:31,027 INFO used_ofi_trade_1_3: 0.010284841910730787 , std 0.10089134718895403 
2023-05-09 12:29:31,027 INFO used_ofi_add_1_5: 0.09444678799566109 , std 0.292449298568083 
2023-05-09 12:29:31,027 INFO used_ofi_cancel_1_5: 0.04903880920814752 , std 0.21594907825595 
2023-05-09 12:29:31,027 INFO used_ofi_trade_1_5: 0.012424169378490217 , std 0.11076917167580883 
2023-05-09 12:29:31,027 INFO used_ofi_add_1_10: 0.13160881443091882 , std 0.33806498546138547 
2023-05-09 12:29:31,027 INFO used_ofi_cancel_1_10: 0.07261660841267928 , std 0.2595061398027393 
2023-05-09 12:29:31,027 INFO used_ofi_trade_1_10: 0.016321160258728054 , std 0.12670745829088742 
2023-05-09 12:29:31,027 INFO used_ofi_add_1_20: 0.1630358362460327 , std 0.3693983653802349 
2023-05-09 12:29:31,027 INFO used_ofi_cancel_1_20: 0.0971485677554136 , std 0.29615996275405865 
2023-05-09 12:29:31,027 INFO used_ofi_trade_1_20: 0.0199268812020409 , std 0.139749062993641 
2023-05-09 12:29:31,027 INFO used_ofi_add_1_30: 0.18639769394560282 , std 0.3894272636030562 
2023-05-09 12:29:31,027 INFO used_ofi_cancel_1_30: 0.11002972962114821 , std 0.3129268096866186 
2023-05-09 12:29:31,027 INFO used_ofi_trade_1_30: 0.0237334779639227 , std 0.1522176073509852 
2023-05-09 12:29:31,638 INFO Grouping by horizont:
2023-05-09 12:29:31,638 INFO 1: 0.05864067333574384
2023-05-09 12:29:31,638 INFO 2: 0.08105841468803986
2023-05-09 12:29:31,638 INFO 3: 0.10799084006267326
2023-05-09 12:29:31,638 INFO 5: 0.15590976658229883
2023-05-09 12:29:31,638 INFO 10: 0.22054658310232617
2023-05-09 12:29:31,638 INFO 20: 0.2801112852034872
2023-05-09 12:29:31,638 INFO 30: 0.3201609015306737
2023-05-09 12:29:31,638 INFO Grouping by ofi type:
2023-05-09 12:29:31,638 INFO add: 0.7245490337873127
2023-05-09 12:29:31,638 INFO cancel: 0.404076774737857
2023-05-09 12:29:31,638 INFO trade: 0.09579265598007311
2023-05-09 12:29:31,638 INFO Grouping by ofi type and horizont:
2023-05-09 12:29:31,638 INFO add_1: 0.03601201237395042
2023-05-09 12:29:31,638 INFO cancel_1: 0.017114619742075447
2023-05-09 12:29:31,638 INFO trade_1: 0.00551404121971797
2023-05-09 12:29:31,638 INFO add_2: 0.04915431280382468
2023-05-09 12:29:31,638 INFO cancel_2: 0.02431601783777269
2023-05-09 12:29:31,638 INFO trade_2: 0.007588084046442489
2023-05-09 12:29:31,638 INFO add_3: 0.06389357599132217
2023-05-09 12:29:31,638 INFO cancel_3: 0.033812422160620303
2023-05-09 12:29:31,638 INFO trade_3: 0.010284841910730787
2023-05-09 12:29:31,638 INFO add_5: 0.09444678799566109
2023-05-09 12:29:31,638 INFO cancel_5: 0.04903880920814752
2023-05-09 12:29:31,638 INFO trade_5: 0.012424169378490217
2023-05-09 12:29:31,639 INFO add_10: 0.13160881443091882
2023-05-09 12:29:31,639 INFO cancel_10: 0.07261660841267928
2023-05-09 12:29:31,639 INFO trade_10: 0.016321160258728054
2023-05-09 12:29:31,639 INFO add_20: 0.1630358362460327
2023-05-09 12:29:31,639 INFO cancel_20: 0.0971485677554136
2023-05-09 12:29:31,639 INFO trade_20: 0.0199268812020409
2023-05-09 12:29:31,639 INFO add_30: 0.18639769394560282
2023-05-09 12:29:31,639 INFO cancel_30: 0.11002972962114821
2023-05-09 12:29:31,639 INFO trade_30: 0.0237334779639227
2023-05-09 12:29:31,639 INFO Grouping by level:
2023-05-09 12:29:31,639 INFO 1: 1.2244184645052427
2023-05-09 12:29:31,639 INFO Grouping by level and horizont:
2023-05-09 12:29:31,639 INFO 1_1: 0.05864067333574384
2023-05-09 12:29:31,639 INFO 1_2: 0.08105841468803986
2023-05-09 12:29:31,639 INFO 1_3: 0.10799084006267326
2023-05-09 12:29:31,639 INFO 1_5: 0.15590976658229883
2023-05-09 12:29:31,639 INFO 1_10: 0.22054658310232617
2023-05-09 12:29:31,639 INFO 1_20: 0.2801112852034872
2023-05-09 12:29:31,639 INFO 1_30: 0.3201609015306737
2023-05-09 12:29:31,642 INFO Non empty regressions: 0.43945602828331526 --- 87508 / 199128
