2023-05-09 11:56:30,328 INFO Starting...
2023-05-09 11:56:30,328 INFO Tickers: ['PEP']
2023-05-09 11:57:29,204 INFO in_r2: -2.6839434759816307 , std 0.5719585992507233 
2023-05-09 11:57:29,204 INFO os_r2: -0.10791800762108548 , std 0.043170907274610155 
2023-05-09 11:57:29,204 INFO intercept: 6.354342428339692e-07 , std 0.0002702504751757499 
2023-05-09 11:57:29,204 INFO ofi_add_1_1: -1.0755976483337853e-06 , std 1.704483252002908e-05 
2023-05-09 11:57:29,204 INFO ofi_cancel_1_1: -6.387110090992743e-07 , std 1.6911000309082127e-05 
2023-05-09 11:57:29,204 INFO ofi_trade_1_1: -3.804031981203843e-07 , std 2.0725939621977226e-05 
2023-05-09 11:57:29,204 INFO ofi_add_1_2: -1.5566736794151622e-06 , std 1.6259138162377113e-05 
2023-05-09 11:57:29,204 INFO ofi_cancel_1_2: -9.457570014324348e-07 , std 1.687324744830366e-05 
2023-05-09 11:57:29,204 INFO ofi_trade_1_2: -4.7453884634998126e-07 , std 1.791560587170873e-05 
2023-05-09 11:57:29,204 INFO ofi_add_1_3: -1.939872913799988e-06 , std 1.6813332181889115e-05 
2023-05-09 11:57:29,204 INFO ofi_cancel_1_3: -1.2488736442482335e-06 , std 1.7370639799892944e-05 
2023-05-09 11:57:29,204 INFO ofi_trade_1_3: -7.788119893656962e-07 , std 1.9483985610359708e-05 
2023-05-09 11:57:29,204 INFO ofi_add_1_5: -2.6024751411679255e-06 , std 1.770529711704963e-05 
2023-05-09 11:57:29,204 INFO ofi_cancel_1_5: -1.6836377523196294e-06 , std 1.9363464329403548e-05 
2023-05-09 11:57:29,204 INFO ofi_trade_1_5: -1.1051605968675532e-06 , std 2.035357348757221e-05 
2023-05-09 11:57:29,204 INFO ofi_add_1_10: -3.196327524584307e-06 , std 1.8041526878433375e-05 
2023-05-09 11:57:29,204 INFO ofi_cancel_1_10: -1.779053197765164e-06 , std 1.8120003365380883e-05 
2023-05-09 11:57:29,204 INFO ofi_trade_1_10: -1.1961975554817398e-06 , std 2.1137669368750204e-05 
2023-05-09 11:57:29,204 INFO ofi_add_1_20: -3.4430085441738408e-06 , std 1.792995020543072e-05 
2023-05-09 11:57:29,204 INFO ofi_cancel_1_20: -2.1684905966787816e-06 , std 1.9323837754558505e-05 
2023-05-09 11:57:29,204 INFO ofi_trade_1_20: -1.2596059633517392e-06 , std 2.0104607138536433e-05 
2023-05-09 11:57:29,204 INFO ofi_add_1_30: -3.6596329842180118e-06 , std 1.8017544660269133e-05 
2023-05-09 11:57:29,204 INFO ofi_cancel_1_30: -2.2095913211506225e-06 , std 1.848172672375568e-05 
2023-05-09 11:57:29,204 INFO ofi_trade_1_30: -1.3609401291784882e-06 , std 2.1552840360531223e-05 
2023-05-09 11:57:29,204 INFO used_intercept: 0.9827748985577116 , std 0.1301091746288142 
2023-05-09 11:57:29,204 INFO used_ofi_add_1_1: 0.041721907516773134 , std 0.19995296934513115 
2023-05-09 11:57:29,204 INFO used_ofi_cancel_1_1: 0.01445301514603672 , std 0.11934875575063676 
2023-05-09 11:57:29,204 INFO used_ofi_trade_1_1: 0.004022538266843437 , std 0.06329579332574338 
2023-05-09 11:57:29,204 INFO used_ofi_add_1_2: 0.05430175565465429 , std 0.22661216866593129 
2023-05-09 11:57:29,204 INFO used_ofi_cancel_1_2: 0.021453537423164998 , std 0.14489059029211612 
2023-05-09 11:57:29,204 INFO used_ofi_trade_1_2: 0.005483909846932626 , std 0.07385009532643368 
2023-05-09 11:57:29,204 INFO used_ofi_add_1_3: 0.07044212767667028 , std 0.25589066869476496 
2023-05-09 11:57:29,204 INFO used_ofi_cancel_1_3: 0.028298380940902333 , std 0.1658239505530667 
2023-05-09 11:57:29,204 INFO used_ofi_trade_1_3: 0.006834799726808886 , std 0.08238983699160532 
2023-05-09 11:57:29,204 INFO used_ofi_add_1_5: 0.10042786549355188 , std 0.3005696413910775 
2023-05-09 11:57:29,204 INFO used_ofi_cancel_1_5: 0.04345948334739464 , std 0.2038890792920802 
2023-05-09 11:57:29,204 INFO used_ofi_trade_1_5: 0.009722389618737696 , std 0.0981216834284816 
2023-05-09 11:57:29,205 INFO used_ofi_add_1_10: 0.13887549716765096 , std 0.34581656041041287 
2023-05-09 11:57:29,205 INFO used_ofi_cancel_1_10: 0.0657215459402997 , std 0.24779472217849352 
2023-05-09 11:57:29,205 INFO used_ofi_trade_1_10: 0.012529629183238921 , std 0.11123235849234453 
2023-05-09 11:57:29,205 INFO used_ofi_add_1_20: 0.16754549837290586 , std 0.37346218596784403 
2023-05-09 11:57:29,205 INFO used_ofi_cancel_1_20: 0.08579908400626733 , std 0.2800671369331875 
2023-05-09 11:57:29,205 INFO used_ofi_trade_1_20: 0.015452372343417299 , std 0.12334340895393517 
2023-05-09 11:57:29,205 INFO used_ofi_add_1_30: 0.19054075770358764 , std 0.3927276121656464 
2023-05-09 11:57:29,205 INFO used_ofi_cancel_1_30: 0.1047818488610341 , std 0.306272122483091 
2023-05-09 11:57:29,205 INFO used_ofi_trade_1_30: 0.01907818086858704 , std 0.1367998679945727 
2023-05-09 11:57:29,821 INFO Grouping by horizont:
2023-05-09 11:57:29,821 INFO 1: 0.060197460929653286
2023-05-09 11:57:29,821 INFO 2: 0.08123920292475191
2023-05-09 11:57:29,821 INFO 3: 0.1055753083443815
2023-05-09 11:57:29,821 INFO 5: 0.15360973845968423
2023-05-09 11:57:29,821 INFO 10: 0.2171266722911896
2023-05-09 11:57:29,821 INFO 20: 0.26879695472259046
2023-05-09 11:57:29,821 INFO 30: 0.31440078743320876
2023-05-09 11:57:29,821 INFO Grouping by ofi type:
2023-05-09 11:57:29,821 INFO add: 0.7638554095857941
2023-05-09 11:57:29,821 INFO cancel: 0.3639668956650998
2023-05-09 11:57:29,821 INFO trade: 0.0731238198545659
2023-05-09 11:57:29,822 INFO Grouping by ofi type and horizont:
2023-05-09 11:57:29,822 INFO add_1: 0.041721907516773134
2023-05-09 11:57:29,822 INFO cancel_1: 0.01445301514603672
2023-05-09 11:57:29,822 INFO trade_1: 0.004022538266843437
2023-05-09 11:57:29,822 INFO add_2: 0.05430175565465429
2023-05-09 11:57:29,822 INFO cancel_2: 0.021453537423164998
2023-05-09 11:57:29,822 INFO trade_2: 0.005483909846932626
2023-05-09 11:57:29,822 INFO add_3: 0.07044212767667028
2023-05-09 11:57:29,822 INFO cancel_3: 0.028298380940902333
2023-05-09 11:57:29,822 INFO trade_3: 0.006834799726808886
2023-05-09 11:57:29,822 INFO add_5: 0.10042786549355188
2023-05-09 11:57:29,822 INFO cancel_5: 0.04345948334739464
2023-05-09 11:57:29,822 INFO trade_5: 0.009722389618737696
2023-05-09 11:57:29,822 INFO add_10: 0.13887549716765096
2023-05-09 11:57:29,822 INFO cancel_10: 0.0657215459402997
2023-05-09 11:57:29,822 INFO trade_10: 0.012529629183238921
2023-05-09 11:57:29,822 INFO add_20: 0.16754549837290586
2023-05-09 11:57:29,822 INFO cancel_20: 0.08579908400626733
2023-05-09 11:57:29,822 INFO trade_20: 0.015452372343417299
2023-05-09 11:57:29,822 INFO add_30: 0.19054075770358764
2023-05-09 11:57:29,822 INFO cancel_30: 0.1047818488610341
2023-05-09 11:57:29,822 INFO trade_30: 0.01907818086858704
2023-05-09 11:57:29,822 INFO Grouping by level:
2023-05-09 11:57:29,822 INFO 1: 1.20094612510546
2023-05-09 11:57:29,822 INFO Grouping by level and horizont:
2023-05-09 11:57:29,822 INFO 1_1: 0.060197460929653286
2023-05-09 11:57:29,822 INFO 1_2: 0.08123920292475191
2023-05-09 11:57:29,822 INFO 1_3: 0.1055753083443815
2023-05-09 11:57:29,822 INFO 1_5: 0.15360973845968423
2023-05-09 11:57:29,822 INFO 1_10: 0.2171266722911896
2023-05-09 11:57:29,822 INFO 1_20: 0.26879695472259046
2023-05-09 11:57:29,822 INFO 1_30: 0.31440078743320876
2023-05-09 11:57:29,825 INFO Non empty regressions: 0.4373066570246274 --- 87080 / 199128
