2023-05-09 12:08:35,761 INFO Starting...
2023-05-09 12:08:35,761 INFO Tickers: ['PM']
2023-05-09 12:09:36,385 INFO in_r2: -2.669866711406288 , std 0.5864938913365481 
2023-05-09 12:09:36,386 INFO os_r2: -0.10965506755113262 , std 0.05002419125189118 
2023-05-09 12:09:36,386 INFO intercept: 6.105153244663082e-07 , std 0.0002994644175280082 
2023-05-09 12:09:36,386 INFO ofi_add_1_1: -1.5735947570833809e-06 , std 2.2830653075239368e-05 
2023-05-09 12:09:36,386 INFO ofi_cancel_1_1: -1.2026257688965094e-06 , std 2.3168878974288207e-05 
2023-05-09 12:09:36,386 INFO ofi_trade_1_1: -5.571523693916847e-07 , std 2.0674853506856353e-05 
2023-05-09 12:09:36,386 INFO ofi_add_1_2: -1.9886187606204306e-06 , std 2.1486525608945444e-05 
2023-05-09 12:09:36,386 INFO ofi_cancel_1_2: -1.3252497272407601e-06 , std 2.2198163479894115e-05 
2023-05-09 12:09:36,386 INFO ofi_trade_1_2: -7.784851874194237e-07 , std 2.162549942369499e-05 
2023-05-09 12:09:36,386 INFO ofi_add_1_3: -2.582986588864873e-06 , std 2.2762375211146417e-05 
2023-05-09 12:09:36,386 INFO ofi_cancel_1_3: -1.8499332673751127e-06 , std 2.435005556372763e-05 
2023-05-09 12:09:36,386 INFO ofi_trade_1_3: -1.0788520488213919e-06 , std 2.3692054554435188e-05 
2023-05-09 12:09:36,386 INFO ofi_add_1_5: -3.4895529444145786e-06 , std 2.399679876669299e-05 
2023-05-09 12:09:36,386 INFO ofi_cancel_1_5: -2.5392302381228015e-06 , std 2.4791369631596924e-05 
2023-05-09 12:09:36,386 INFO ofi_trade_1_5: -1.4438568407689242e-06 , std 2.7571697874756272e-05 
2023-05-09 12:09:36,386 INFO ofi_add_1_10: -3.931509239404067e-06 , std 2.3267664815092062e-05 
2023-05-09 12:09:36,386 INFO ofi_cancel_1_10: -2.8849513634575322e-06 , std 2.4677680968315764e-05 
2023-05-09 12:09:36,386 INFO ofi_trade_1_10: -1.3561221994714016e-06 , std 2.447767251948327e-05 
2023-05-09 12:09:36,386 INFO ofi_add_1_20: -4.15552817950477e-06 , std 2.317095759694202e-05 
2023-05-09 12:09:36,386 INFO ofi_cancel_1_20: -3.2227472079845825e-06 , std 2.5580479948887503e-05 
2023-05-09 12:09:36,386 INFO ofi_trade_1_20: -1.468205381079382e-06 , std 2.6729380225109713e-05 
2023-05-09 12:09:36,386 INFO ofi_add_1_30: -4.6246239563451395e-06 , std 2.349777617117675e-05 
2023-05-09 12:09:36,386 INFO ofi_cancel_1_30: -3.603996794889681e-06 , std 2.5692642026736605e-05 
2023-05-09 12:09:36,386 INFO ofi_trade_1_30: -1.6178612140837865e-06 , std 2.6701239018891655e-05 
2023-05-09 12:09:36,386 INFO used_intercept: 0.9860391306094572 , std 0.11732844291305913 
2023-05-09 12:09:36,386 INFO used_ofi_add_1_1: 0.04054176208268049 , std 0.1972260824787427 
2023-05-09 12:09:36,386 INFO used_ofi_cancel_1_1: 0.017898035434494395 , std 0.13258090270502754 
2023-05-09 12:09:36,386 INFO used_ofi_trade_1_1: 0.004931501345867984 , std 0.07005127864888468 
2023-05-09 12:09:36,386 INFO used_ofi_add_1_2: 0.052087099754931504 , std 0.22220268628900805 
2023-05-09 12:09:36,386 INFO used_ofi_cancel_1_2: 0.02520489333494034 , std 0.1567469511247814 
2023-05-09 12:09:36,386 INFO used_ofi_trade_1_2: 0.006628902012775702 , std 0.08114776442318496 
2023-05-09 12:09:36,386 INFO used_ofi_add_1_3: 0.068081836808485 , std 0.25188628447231465 
2023-05-09 12:09:36,386 INFO used_ofi_cancel_1_3: 0.036805471857297815 , std 0.18828390557522304 
2023-05-09 12:09:36,386 INFO used_ofi_trade_1_3: 0.008301193202362299 , std 0.09073193150032326 
2023-05-09 12:09:36,386 INFO used_ofi_add_1_5: 0.09752520991523041 , std 0.29667160859479064 
2023-05-09 12:09:36,386 INFO used_ofi_cancel_1_5: 0.05435699650476076 , std 0.22672078298149512 
2023-05-09 12:09:36,386 INFO used_ofi_trade_1_5: 0.012750592583664778 , std 0.1121963233463119 
2023-05-09 12:09:36,386 INFO used_ofi_add_1_10: 0.13261821541922783 , std 0.3391616493034658 
2023-05-09 12:09:36,386 INFO used_ofi_cancel_1_10: 0.0796673496444498 , std 0.2707775157672416 
2023-05-09 12:09:36,386 INFO used_ofi_trade_1_10: 0.013985978867863886 , std 0.11743241146707137 
2023-05-09 12:09:36,386 INFO used_ofi_add_1_20: 0.15698947410710698 , std 0.36379084530356315 
2023-05-09 12:09:36,386 INFO used_ofi_cancel_1_20: 0.10155779197300228 , std 0.30206589821191443 
2023-05-09 12:09:36,386 INFO used_ofi_trade_1_20: 0.018093889357599133 , std 0.13329103692864758 
2023-05-09 12:09:36,386 INFO used_ofi_add_1_30: 0.18029106906110642 , std 0.38442970680985333 
2023-05-09 12:09:36,386 INFO used_ofi_cancel_1_30: 0.1202543087863083 , std 0.3252586816745027 
2023-05-09 12:09:36,386 INFO used_ofi_trade_1_30: 0.022538266843437387 , std 0.14842605354563398 
2023-05-09 12:09:37,002 INFO Grouping by horizont:
2023-05-09 12:09:37,002 INFO 1: 0.06337129886304287
2023-05-09 12:09:37,002 INFO 2: 0.08392089510264754
2023-05-09 12:09:37,002 INFO 3: 0.11318850186814511
2023-05-09 12:09:37,002 INFO 5: 0.16463279900365596
2023-05-09 12:09:37,002 INFO 10: 0.2262715439315415
2023-05-09 12:09:37,002 INFO 20: 0.2766411554377084
2023-05-09 12:09:37,002 INFO 30: 0.32308364469085216
2023-05-09 12:09:37,002 INFO Grouping by ofi type:
2023-05-09 12:09:37,002 INFO add: 0.7281346671487685
2023-05-09 12:09:37,002 INFO cancel: 0.43574484753525367
2023-05-09 12:09:37,002 INFO trade: 0.08723032421357117
2023-05-09 12:09:37,002 INFO Grouping by ofi type and horizont:
2023-05-09 12:09:37,002 INFO add_1: 0.04054176208268049
2023-05-09 12:09:37,002 INFO cancel_1: 0.017898035434494395
2023-05-09 12:09:37,002 INFO trade_1: 0.004931501345867984
2023-05-09 12:09:37,002 INFO add_2: 0.052087099754931504
2023-05-09 12:09:37,002 INFO cancel_2: 0.02520489333494034
2023-05-09 12:09:37,002 INFO trade_2: 0.006628902012775702
2023-05-09 12:09:37,002 INFO add_3: 0.068081836808485
2023-05-09 12:09:37,002 INFO cancel_3: 0.036805471857297815
2023-05-09 12:09:37,002 INFO trade_3: 0.008301193202362299
2023-05-09 12:09:37,002 INFO add_5: 0.09752520991523041
2023-05-09 12:09:37,002 INFO cancel_5: 0.05435699650476076
2023-05-09 12:09:37,002 INFO trade_5: 0.012750592583664778
2023-05-09 12:09:37,002 INFO add_10: 0.13261821541922783
2023-05-09 12:09:37,002 INFO cancel_10: 0.0796673496444498
2023-05-09 12:09:37,002 INFO trade_10: 0.013985978867863886
2023-05-09 12:09:37,002 INFO add_20: 0.15698947410710698
2023-05-09 12:09:37,002 INFO cancel_20: 0.10155779197300228
2023-05-09 12:09:37,002 INFO trade_20: 0.018093889357599133
2023-05-09 12:09:37,003 INFO add_30: 0.18029106906110642
2023-05-09 12:09:37,003 INFO cancel_30: 0.1202543087863083
2023-05-09 12:09:37,003 INFO trade_30: 0.022538266843437387
2023-05-09 12:09:37,003 INFO Grouping by level:
2023-05-09 12:09:37,003 INFO 1: 1.2511098388975934
2023-05-09 12:09:37,003 INFO Grouping by level and horizont:
2023-05-09 12:09:37,003 INFO 1_1: 0.06337129886304287
2023-05-09 12:09:37,003 INFO 1_2: 0.08392089510264754
2023-05-09 12:09:37,003 INFO 1_3: 0.11318850186814511
2023-05-09 12:09:37,003 INFO 1_5: 0.16463279900365596
2023-05-09 12:09:37,003 INFO 1_10: 0.2262715439315415
2023-05-09 12:09:37,003 INFO 1_20: 0.2766411554377084
2023-05-09 12:09:37,003 INFO 1_30: 0.32308364469085216
2023-05-09 12:09:37,006 INFO Non empty regressions: 0.4452362299626371 --- 88659 / 199128
