2023-05-09 12:13:45,240 INFO Starting...
2023-05-09 12:13:45,240 INFO Tickers: ['PYPL']
2023-05-09 12:14:46,857 INFO in_r2: -2.677540854280019 , std 0.5765150606403158 
2023-05-09 12:14:46,857 INFO os_r2: -0.10744830962992405 , std 0.04195335099379114 
2023-05-09 12:14:46,857 INFO intercept: -4.728884293222323e-06 , std 0.00041568640945179356 
2023-05-09 12:14:46,857 INFO ofi_add_1_1: -1.1991853497480387e-06 , std 2.149234348553268e-05 
2023-05-09 12:14:46,857 INFO ofi_cancel_1_1: -8.806844443448687e-07 , std 2.4483204409375757e-05 
2023-05-09 12:14:46,857 INFO ofi_trade_1_1: -5.717300837705646e-07 , std 2.0256434475593866e-05 
2023-05-09 12:14:46,857 INFO ofi_add_1_2: -1.8972555106466552e-06 , std 2.098245626444361e-05 
2023-05-09 12:14:46,857 INFO ofi_cancel_1_2: -1.059089222495361e-06 , std 2.2870766406763953e-05 
2023-05-09 12:14:46,857 INFO ofi_trade_1_2: -8.555815111499054e-07 , std 2.331585091902013e-05 
2023-05-09 12:14:46,857 INFO ofi_add_1_3: -2.585766912419342e-06 , std 2.375019490797789e-05 
2023-05-09 12:14:46,857 INFO ofi_cancel_1_3: -1.5497053084595265e-06 , std 2.715070278545902e-05 
2023-05-09 12:14:46,857 INFO ofi_trade_1_3: -1.117755100200843e-06 , std 2.8660890351103472e-05 
2023-05-09 12:14:46,857 INFO ofi_add_1_5: -3.3671671135062938e-06 , std 2.2998234697757647e-05 
2023-05-09 12:14:46,857 INFO ofi_cancel_1_5: -1.7332845160945936e-06 , std 2.744897134357347e-05 
2023-05-09 12:14:46,857 INFO ofi_trade_1_5: -1.3351228276289423e-06 , std 3.021790958161326e-05 
2023-05-09 12:14:46,857 INFO ofi_add_1_10: -3.865682081518678e-06 , std 2.350345469100031e-05 
2023-05-09 12:14:46,857 INFO ofi_cancel_1_10: -1.9744403465219723e-06 , std 2.600674826719424e-05 
2023-05-09 12:14:46,857 INFO ofi_trade_1_10: -1.5807593615165063e-06 , std 3.038328763813823e-05 
2023-05-09 12:14:46,857 INFO ofi_add_1_20: -4.317584861488847e-06 , std 2.322437875609293e-05 
2023-05-09 12:14:46,857 INFO ofi_cancel_1_20: -2.1916692167918185e-06 , std 2.5693654218048512e-05 
2023-05-09 12:14:46,857 INFO ofi_trade_1_20: -1.6947716280350975e-06 , std 2.685122794967435e-05 
2023-05-09 12:14:46,857 INFO ofi_add_1_30: -5.263334227809028e-06 , std 2.506590407486122e-05 
2023-05-09 12:14:46,857 INFO ofi_cancel_1_30: -2.4131394711014237e-06 , std 2.633658230956284e-05 
2023-05-09 12:14:46,857 INFO ofi_trade_1_30: -1.7634380993533073e-06 , std 3.0479070142662736e-05 
2023-05-09 12:14:46,857 INFO used_intercept: 0.98896176290389 , std 0.1044815506102396 
2023-05-09 12:14:46,857 INFO used_ofi_add_1_1: 0.042591123208420796 , std 0.20193345297960394 
2023-05-09 12:14:46,857 INFO used_ofi_cancel_1_1: 0.011645892550445446 , std 0.10728590651688098 
2023-05-09 12:14:46,857 INFO used_ofi_trade_1_1: 0.004826090013358376 , std 0.0693022284529245 
2023-05-09 12:14:46,857 INFO used_ofi_add_1_2: 0.05641151833512449 , std 0.2307146699589136 
2023-05-09 12:14:46,858 INFO used_ofi_cancel_1_2: 0.01817442222512379 , std 0.13358185730819408 
2023-05-09 12:14:46,858 INFO used_ofi_trade_1_2: 0.006859978104315861 , std 0.08254040710297089 
2023-05-09 12:14:46,858 INFO used_ofi_add_1_3: 0.07080441529483844 , std 0.25649785587718754 
2023-05-09 12:14:46,858 INFO used_ofi_cancel_1_3: 0.026520896316904876 , std 0.16067836934526333 
2023-05-09 12:14:46,858 INFO used_ofi_trade_1_3: 0.008944085654309332 , std 0.09414929094856586 
2023-05-09 12:14:46,858 INFO used_ofi_add_1_5: 0.10234223556943844 , std 0.3030978429287942 
2023-05-09 12:14:46,858 INFO used_ofi_cancel_1_5: 0.03986420658276669 , std 0.19564010738162355 
2023-05-09 12:14:46,858 INFO used_ofi_trade_1_5: 0.011761397306228218 , std 0.10781032807497277 
2023-05-09 12:14:46,858 INFO used_ofi_add_1_10: 0.1431053704689493 , std 0.3501802727337651 
2023-05-09 12:14:46,858 INFO used_ofi_cancel_1_10: 0.058385143075238795 , std 0.23447029266694464 
2023-05-09 12:14:46,858 INFO used_ofi_trade_1_10: 0.015321956951879715 , std 0.12282994173671359 
2023-05-09 12:14:46,858 INFO used_ofi_add_1_20: 0.17596898446209938 , std 0.38079377748261173 
2023-05-09 12:14:46,858 INFO used_ofi_cancel_1_20: 0.07478681839639223 , std 0.2630470493857273 
2023-05-09 12:14:46,858 INFO used_ofi_trade_1_20: 0.021197633659090224 , std 0.14404268112731458 
2023-05-09 12:14:46,858 INFO used_ofi_add_1_30: 0.20226891515924592 , std 0.40169167419744667 
2023-05-09 12:14:46,858 INFO used_ofi_cancel_1_30: 0.08661852294527084 , std 0.28127522896275536 
2023-05-09 12:14:46,858 INFO used_ofi_trade_1_30: 0.024908851681849684 , std 0.1558473637561486 
2023-05-09 12:14:47,490 INFO Grouping by horizont:
2023-05-09 12:14:47,490 INFO 1: 0.059063105772224615
2023-05-09 12:14:47,490 INFO 2: 0.08144591866456415
2023-05-09 12:14:47,490 INFO 3: 0.10626939726605265
2023-05-09 12:14:47,490 INFO 5: 0.15396783945843334
2023-05-09 12:14:47,490 INFO 10: 0.2168124704960678
2023-05-09 12:14:47,490 INFO 20: 0.27195343651758186
2023-05-09 12:14:47,490 INFO 30: 0.3137962897863665
2023-05-09 12:14:47,490 INFO Grouping by ofi type:
2023-05-09 12:14:47,491 INFO add: 0.7934925624981168
2023-05-09 12:14:47,491 INFO cancel: 0.3159959020921427
2023-05-09 12:14:47,491 INFO trade: 0.0938199933710314
2023-05-09 12:14:47,491 INFO Grouping by ofi type and horizont:
2023-05-09 12:14:47,491 INFO add_1: 0.042591123208420796
2023-05-09 12:14:47,491 INFO cancel_1: 0.011645892550445446
2023-05-09 12:14:47,491 INFO trade_1: 0.004826090013358376
2023-05-09 12:14:47,491 INFO add_2: 0.05641151833512449
2023-05-09 12:14:47,491 INFO cancel_2: 0.01817442222512379
2023-05-09 12:14:47,491 INFO trade_2: 0.006859978104315861
2023-05-09 12:14:47,491 INFO add_3: 0.07080441529483844
2023-05-09 12:14:47,491 INFO cancel_3: 0.026520896316904876
2023-05-09 12:14:47,491 INFO trade_3: 0.008944085654309332
2023-05-09 12:14:47,491 INFO add_5: 0.10234223556943844
2023-05-09 12:14:47,491 INFO cancel_5: 0.03986420658276669
2023-05-09 12:14:47,491 INFO trade_5: 0.011761397306228218
2023-05-09 12:14:47,491 INFO add_10: 0.1431053704689493
2023-05-09 12:14:47,491 INFO cancel_10: 0.058385143075238795
2023-05-09 12:14:47,491 INFO trade_10: 0.015321956951879715
2023-05-09 12:14:47,491 INFO add_20: 0.17596898446209938
2023-05-09 12:14:47,491 INFO cancel_20: 0.07478681839639223
2023-05-09 12:14:47,491 INFO trade_20: 0.021197633659090224
2023-05-09 12:14:47,491 INFO add_30: 0.20226891515924592
2023-05-09 12:14:47,491 INFO cancel_30: 0.08661852294527084
2023-05-09 12:14:47,491 INFO trade_30: 0.024908851681849684
2023-05-09 12:14:47,491 INFO Grouping by level:
2023-05-09 12:14:47,491 INFO 1: 1.2033084579612907
2023-05-09 12:14:47,491 INFO Grouping by level and horizont:
2023-05-09 12:14:47,491 INFO 1_1: 0.059063105772224615
2023-05-09 12:14:47,491 INFO 1_2: 0.08144591866456415
2023-05-09 12:14:47,491 INFO 1_3: 0.10626939726605265
2023-05-09 12:14:47,491 INFO 1_5: 0.15396783945843334
2023-05-09 12:14:47,491 INFO 1_10: 0.2168124704960678
2023-05-09 12:14:47,491 INFO 1_20: 0.27195343651758186
2023-05-09 12:14:47,491 INFO 1_30: 0.3137962897863665
2023-05-09 12:14:47,494 INFO Non empty regressions: 0.43934493737633457 --- 87485 / 199126
