2023-05-09 12:25:26,097 INFO Starting...
2023-05-09 12:25:26,097 INFO Tickers: ['SBUX']
2023-05-09 12:26:27,084 INFO in_r2: -2.672452202314122 , std 0.5757759506420489 
2023-05-09 12:26:27,084 INFO os_r2: -0.10822723542573202 , std 0.11379652953174764 
2023-05-09 12:26:27,084 INFO intercept: -1.5930256980406506e-05 , std 0.00030486282849788383 
2023-05-09 12:26:27,084 INFO ofi_add_1_1: -1.2026514261563376e-06 , std 1.9589146556321886e-05 
2023-05-09 12:26:27,084 INFO ofi_cancel_1_1: -4.835194118029613e-07 , std 2.1618247471004733e-05 
2023-05-09 12:26:27,084 INFO ofi_trade_1_1: -2.1781472299786132e-07 , std 2.260290964730767e-05 
2023-05-09 12:26:27,085 INFO ofi_add_1_2: -1.8167491827789779e-06 , std 1.9276727861139815e-05 
2023-05-09 12:26:27,085 INFO ofi_cancel_1_2: -7.733751792082465e-07 , std 2.261567776203046e-05 
2023-05-09 12:26:27,085 INFO ofi_trade_1_2: -3.7001918962023373e-07 , std 2.08631300442776e-05 
2023-05-09 12:26:27,085 INFO ofi_add_1_3: -2.3534331925456136e-06 , std 1.9188841013814725e-05 
2023-05-09 12:26:27,085 INFO ofi_cancel_1_3: -9.37996144763002e-07 , std 2.2631916373824425e-05 
2023-05-09 12:26:27,085 INFO ofi_trade_1_3: -4.5350397191430974e-07 , std 2.4223871732946324e-05 
2023-05-09 12:26:27,085 INFO ofi_add_1_5: -3.4253103613615427e-06 , std 2.17590311729551e-05 
2023-05-09 12:26:27,085 INFO ofi_cancel_1_5: -1.2873799650563548e-06 , std 2.6068808863123072e-05 
2023-05-09 12:26:27,085 INFO ofi_trade_1_5: -4.534903294633182e-07 , std 2.7341348061291717e-05 
2023-05-09 12:26:27,085 INFO ofi_add_1_10: -4.295000514257104e-06 , std 2.1501669972648963e-05 
2023-05-09 12:26:27,085 INFO ofi_cancel_1_10: -1.2463926575325076e-06 , std 2.4152925623597882e-05 
2023-05-09 12:26:27,085 INFO ofi_trade_1_10: -6.976631816519493e-07 , std 2.5286228532025235e-05 
2023-05-09 12:26:27,085 INFO ofi_add_1_20: -4.698508353996941e-06 , std 2.1354224423684456e-05 
2023-05-09 12:26:27,085 INFO ofi_cancel_1_20: -1.3833467734334783e-06 , std 2.4562638795457628e-05 
2023-05-09 12:26:27,085 INFO ofi_trade_1_20: -7.526014242715612e-07 , std 2.8621186507080693e-05 
2023-05-09 12:26:27,085 INFO ofi_add_1_30: -5.295174505274195e-06 , std 2.233509109190642e-05 
2023-05-09 12:26:27,085 INFO ofi_cancel_1_30: -1.2090379204339554e-06 , std 2.4094993554934713e-05 
2023-05-09 12:26:27,085 INFO ofi_trade_1_30: -8.634774031864019e-07 , std 2.450838644155792e-05 
2023-05-09 12:26:27,085 INFO used_intercept: 0.9843516165643864 , std 0.12411088401693723 
2023-05-09 12:26:27,085 INFO used_ofi_add_1_1: 0.049380794070086276 , std 0.21666179000251523 
2023-05-09 12:26:27,085 INFO used_ofi_cancel_1_1: 0.010305032994184586 , std 0.10098930284526847 
2023-05-09 12:26:27,085 INFO used_ofi_trade_1_1: 0.0019384711187891083 , std 0.04398537766702395 
2023-05-09 12:26:27,085 INFO used_ofi_add_1_2: 0.06339704508703033 , std 0.24367572665586407 
2023-05-09 12:26:27,085 INFO used_ofi_cancel_1_2: 0.014161887448148409 , std 0.11815806528567734 
2023-05-09 12:26:27,085 INFO used_ofi_trade_1_2: 0.003068408947098822 , std 0.05530817130978194 
2023-05-09 12:26:27,085 INFO used_ofi_add_1_3: 0.08016030051324287 , std 0.2715412063294805 
2023-05-09 12:26:27,085 INFO used_ofi_cancel_1_3: 0.020343902855478442 , std 0.14117375277325914 
2023-05-09 12:26:27,085 INFO used_ofi_trade_1_3: 0.0035655815915550957 , std 0.0596059411423816 
2023-05-09 12:26:27,085 INFO used_ofi_add_1_5: 0.11331518736880167 , std 0.31697768956249117 
2023-05-09 12:26:27,085 INFO used_ofi_cancel_1_5: 0.029277944617980577 , std 0.16858453836852014 
2023-05-09 12:26:27,085 INFO used_ofi_trade_1_5: 0.004861243634683567 , std 0.06955294346760471 
2023-05-09 12:26:27,085 INFO used_ofi_add_1_10: 0.16448881612647268 , std 0.370718552942504 
2023-05-09 12:26:27,085 INFO used_ofi_cancel_1_10: 0.041159868625895164 , std 0.19865984455997698 
2023-05-09 12:26:27,085 INFO used_ofi_trade_1_10: 0.006644034430461115 , std 0.0812397146532899 
2023-05-09 12:26:27,085 INFO used_ofi_add_1_20: 0.19503731305806374 , std 0.39622942794945776 
2023-05-09 12:26:27,085 INFO used_ofi_cancel_1_20: 0.05537197553307956 , std 0.22870487502159545 
2023-05-09 12:26:27,085 INFO used_ofi_trade_1_20: 0.007512831071783695 , std 0.08635038182353647 
2023-05-09 12:26:27,085 INFO used_ofi_add_1_30: 0.2259373462029067 , std 0.41819811309198246 
2023-05-09 12:26:27,085 INFO used_ofi_cancel_1_30: 0.06478310215642358 , std 0.24614274685924417 
2023-05-09 12:26:27,085 INFO used_ofi_trade_1_30: 0.009375973002018822 , std 0.0963746031498145 
2023-05-09 12:26:27,699 INFO Grouping by horizont:
2023-05-09 12:26:27,699 INFO 1: 0.06162429818305997
2023-05-09 12:26:27,699 INFO 2: 0.08062734148227756
2023-05-09 12:26:27,699 INFO 3: 0.10406978496027641
2023-05-09 12:26:27,699 INFO 5: 0.14745437562146582
2023-05-09 12:26:27,699 INFO 10: 0.21229271918282894
2023-05-09 12:26:27,699 INFO 20: 0.257922119662927
2023-05-09 12:26:27,699 INFO 30: 0.3000964213613491
2023-05-09 12:26:27,699 INFO Grouping by ofi type:
2023-05-09 12:26:27,699 INFO add: 0.8917168024266042
2023-05-09 12:26:27,699 INFO cancel: 0.23540371423119033
2023-05-09 12:26:27,699 INFO trade: 0.03696654379639022
2023-05-09 12:26:27,699 INFO Grouping by ofi type and horizont:
2023-05-09 12:26:27,699 INFO add_1: 0.049380794070086276
2023-05-09 12:26:27,699 INFO cancel_1: 0.010305032994184586
2023-05-09 12:26:27,700 INFO trade_1: 0.0019384711187891083
2023-05-09 12:26:27,700 INFO add_2: 0.06339704508703033
2023-05-09 12:26:27,700 INFO cancel_2: 0.014161887448148409
2023-05-09 12:26:27,700 INFO trade_2: 0.003068408947098822
2023-05-09 12:26:27,700 INFO add_3: 0.08016030051324287
2023-05-09 12:26:27,700 INFO cancel_3: 0.020343902855478442
2023-05-09 12:26:27,700 INFO trade_3: 0.0035655815915550957
2023-05-09 12:26:27,700 INFO add_5: 0.11331518736880167
2023-05-09 12:26:27,700 INFO cancel_5: 0.029277944617980577
2023-05-09 12:26:27,700 INFO trade_5: 0.004861243634683567
2023-05-09 12:26:27,700 INFO add_10: 0.16448881612647268
2023-05-09 12:26:27,700 INFO cancel_10: 0.041159868625895164
2023-05-09 12:26:27,700 INFO trade_10: 0.006644034430461115
2023-05-09 12:26:27,700 INFO add_20: 0.19503731305806374
2023-05-09 12:26:27,700 INFO cancel_20: 0.05537197553307956
2023-05-09 12:26:27,700 INFO trade_20: 0.007512831071783695
2023-05-09 12:26:27,700 INFO add_30: 0.2259373462029067
2023-05-09 12:26:27,700 INFO cancel_30: 0.06478310215642358
2023-05-09 12:26:27,700 INFO trade_30: 0.009375973002018822
2023-05-09 12:26:27,700 INFO Grouping by level:
2023-05-09 12:26:27,700 INFO 1: 1.1640870604541849
2023-05-09 12:26:27,700 INFO Grouping by level and horizont:
2023-05-09 12:26:27,700 INFO 1_1: 0.06162429818305997
2023-05-09 12:26:27,700 INFO 1_2: 0.08062734148227756
2023-05-09 12:26:27,700 INFO 1_3: 0.10406978496027641
2023-05-09 12:26:27,700 INFO 1_5: 0.14745437562146582
2023-05-09 12:26:27,700 INFO 1_10: 0.21229271918282894
2023-05-09 12:26:27,700 INFO 1_20: 0.257922119662927
2023-05-09 12:26:27,700 INFO 1_30: 0.3000964213613491
2023-05-09 12:26:27,703 INFO Non empty regressions: 0.44099715757861857 --- 87814 / 199126
