2023-05-09 13:02:49,059 INFO Starting...
2023-05-09 13:02:49,059 INFO Tickers: ['SO']
2023-05-09 13:03:48,232 INFO in_r2: -2.67331707523725 , std 0.575380701263668 
2023-05-09 13:03:48,232 INFO os_r2: -0.10633610407538138 , std 0.04811317166563092 
2023-05-09 13:03:48,233 INFO intercept: -3.08507656707238e-06 , std 0.00025723990928991217 
2023-05-09 13:03:48,233 INFO ofi_add_1_1: -1.3074091653486022e-06 , std 2.1741351885580862e-05 
2023-05-09 13:03:48,233 INFO ofi_cancel_1_1: -4.5039223535592156e-07 , std 2.612044886110535e-05 
2023-05-09 13:03:48,233 INFO ofi_trade_1_1: -2.4218330438411455e-07 , std 2.831874777412681e-05 
2023-05-09 13:03:48,233 INFO ofi_add_1_2: -1.775731884929292e-06 , std 2.2136588520679082e-05 
2023-05-09 13:03:48,233 INFO ofi_cancel_1_2: -6.815907748804412e-07 , std 2.4738648429100798e-05 
2023-05-09 13:03:48,233 INFO ofi_trade_1_2: -2.2627631277176092e-07 , std 2.9642687163105767e-05 
2023-05-09 13:03:48,233 INFO ofi_add_1_3: -2.409517566740725e-06 , std 2.2187203518424457e-05 
2023-05-09 13:03:48,233 INFO ofi_cancel_1_3: -1.1783992474983598e-06 , std 2.721012544073071e-05 
2023-05-09 13:03:48,233 INFO ofi_trade_1_3: -3.725997197937524e-07 , std 3.209859925241971e-05 
2023-05-09 13:03:48,233 INFO ofi_add_1_5: -3.7702428337485715e-06 , std 2.4078875086101515e-05 
2023-05-09 13:03:48,233 INFO ofi_cancel_1_5: -1.605524941171091e-06 , std 2.8601735598841174e-05 
2023-05-09 13:03:48,233 INFO ofi_trade_1_5: -5.026387879281283e-07 , std 3.135788350386664e-05 
2023-05-09 13:03:48,233 INFO ofi_add_1_10: -4.797759345813595e-06 , std 2.5001810367518582e-05 
2023-05-09 13:03:48,233 INFO ofi_cancel_1_10: -1.7047965685572096e-06 , std 2.801497433525141e-05 
2023-05-09 13:03:48,233 INFO ofi_trade_1_10: -4.565519922073094e-07 , std 2.9799002132461817e-05 
2023-05-09 13:03:48,233 INFO ofi_add_1_20: -5.395601094660293e-06 , std 2.4598358426234216e-05 
2023-05-09 13:03:48,233 INFO ofi_cancel_1_20: -2.0067677208192166e-06 , std 2.950041371814847e-05 
2023-05-09 13:03:48,233 INFO ofi_trade_1_20: -4.939683241012187e-07 , std 3.127329317879609e-05 
2023-05-09 13:03:48,233 INFO ofi_add_1_30: -6.518845698546769e-06 , std 2.6603025848968883e-05 
2023-05-09 13:03:48,233 INFO ofi_cancel_1_30: -2.2110227397668317e-06 , std 2.928772615418797e-05 
2023-05-09 13:03:48,233 INFO ofi_trade_1_30: -8.294070172302995e-07 , std 3.992512186744913e-05 
2023-05-09 13:03:48,233 INFO used_intercept: 0.9785966815314773 , std 0.14472462273938652 
2023-05-09 13:03:48,233 INFO used_ofi_add_1_1: 0.05118315857137118 , std 0.22037114795278678 
2023-05-09 13:03:48,233 INFO used_ofi_cancel_1_1: 0.011886826563818247 , std 0.10837679603153047 
2023-05-09 13:03:48,233 INFO used_ofi_trade_1_1: 0.0012253424932706601 , std 0.03498343935414077 
2023-05-09 13:03:48,233 INFO used_ofi_add_1_2: 0.06389859788678638 , std 0.24457221239316856 
2023-05-09 13:03:48,233 INFO used_ofi_cancel_1_2: 0.015683379534771603 , std 0.1242473788099367 
2023-05-09 13:03:48,233 INFO used_ofi_trade_1_2: 0.0015869189666947892 , std 0.03980453058243413 
2023-05-09 13:03:48,233 INFO used_ofi_add_1_3: 0.08042565585954763 , std 0.27195104290866257 
2023-05-09 13:03:48,233 INFO used_ofi_cancel_1_3: 0.02109196094974087 , std 0.14369095355322645 
2023-05-09 13:03:48,233 INFO used_ofi_trade_1_3: 0.0023100719135430475 , std 0.048007660652205374 
2023-05-09 13:03:48,233 INFO used_ofi_add_1_5: 0.11668876300670926 , std 0.32104905481043433 
2023-05-09 13:03:48,233 INFO used_ofi_cancel_1_5: 0.03141697802418545 , std 0.1744418284586965 
2023-05-09 13:03:48,233 INFO used_ofi_trade_1_5: 0.002656582700574505 , std 0.05147353950263682 
2023-05-09 13:03:48,233 INFO used_ofi_add_1_10: 0.16258888754971676 , std 0.3689901640898607 
2023-05-09 13:03:48,233 INFO used_ofi_cancel_1_10: 0.043986782371138164 , std 0.2050657098292454 
2023-05-09 13:03:48,233 INFO used_ofi_trade_1_10: 0.0032039693061749227 , std 0.056512864790771423 
2023-05-09 13:03:48,233 INFO used_ofi_add_1_20: 0.19755132377164436 , std 0.3981517276713933 
2023-05-09 13:03:48,233 INFO used_ofi_cancel_1_20: 0.057505724960829216 , std 0.23280639286230673 
2023-05-09 13:03:48,233 INFO used_ofi_trade_1_20: 0.0040627134305572295 , std 0.06360980891449369 
2023-05-09 13:03:48,233 INFO used_ofi_add_1_30: 0.2259501426218312 , std 0.41820649883879774 
2023-05-09 13:03:48,233 INFO used_ofi_cancel_1_30: 0.0677704792897031 , std 0.2513516290509115 
2023-05-09 13:03:48,233 INFO used_ofi_trade_1_30: 0.005303121610220562 , std 0.07262918498377754 
2023-05-09 13:03:48,850 INFO Grouping by horizont:
2023-05-09 13:03:48,850 INFO 1: 0.06429532762846009
2023-05-09 13:03:48,850 INFO 2: 0.08116889638825277
2023-05-09 13:03:48,850 INFO 3: 0.10382768872283155
2023-05-09 13:03:48,850 INFO 5: 0.15076232373146922
2023-05-09 13:03:48,850 INFO 10: 0.20977963922702983
2023-05-09 13:03:48,850 INFO 20: 0.25911976216303084
2023-05-09 13:03:48,850 INFO 30: 0.29902374352175487
2023-05-09 13:03:48,850 INFO Grouping by ofi type:
2023-05-09 13:03:48,850 INFO add: 0.8982865292676069
2023-05-09 13:03:48,850 INFO cancel: 0.24934213169418667
2023-05-09 13:03:48,850 INFO trade: 0.020348720421035714
2023-05-09 13:03:48,850 INFO Grouping by ofi type and horizont:
2023-05-09 13:03:48,850 INFO add_1: 0.05118315857137118
2023-05-09 13:03:48,850 INFO cancel_1: 0.011886826563818247
2023-05-09 13:03:48,850 INFO trade_1: 0.0012253424932706601
2023-05-09 13:03:48,850 INFO add_2: 0.06389859788678638
2023-05-09 13:03:48,850 INFO cancel_2: 0.015683379534771603
2023-05-09 13:03:48,850 INFO trade_2: 0.0015869189666947892
2023-05-09 13:03:48,850 INFO add_3: 0.08042565585954763
2023-05-09 13:03:48,850 INFO cancel_3: 0.02109196094974087
2023-05-09 13:03:48,850 INFO trade_3: 0.0023100719135430475
2023-05-09 13:03:48,850 INFO add_5: 0.11668876300670926
2023-05-09 13:03:48,850 INFO cancel_5: 0.03141697802418545
2023-05-09 13:03:48,850 INFO trade_5: 0.002656582700574505
2023-05-09 13:03:48,850 INFO add_10: 0.16258888754971676
2023-05-09 13:03:48,850 INFO cancel_10: 0.043986782371138164
2023-05-09 13:03:48,850 INFO trade_10: 0.0032039693061749227
2023-05-09 13:03:48,850 INFO add_20: 0.19755132377164436
2023-05-09 13:03:48,850 INFO cancel_20: 0.057505724960829216
2023-05-09 13:03:48,851 INFO trade_20: 0.0040627134305572295
2023-05-09 13:03:48,851 INFO add_30: 0.2259501426218312
2023-05-09 13:03:48,851 INFO cancel_30: 0.0677704792897031
2023-05-09 13:03:48,851 INFO trade_30: 0.005303121610220562
2023-05-09 13:03:48,851 INFO Grouping by level:
2023-05-09 13:03:48,851 INFO 1: 1.1679773813828291
2023-05-09 13:03:48,851 INFO Grouping by level and horizont:
2023-05-09 13:03:48,851 INFO 1_1: 0.06429532762846009
2023-05-09 13:03:48,851 INFO 1_2: 0.08116889638825277
2023-05-09 13:03:48,851 INFO 1_3: 0.10382768872283155
2023-05-09 13:03:48,851 INFO 1_5: 0.15076232373146922
2023-05-09 13:03:48,851 INFO 1_10: 0.20977963922702983
2023-05-09 13:03:48,851 INFO 1_20: 0.25911976216303084
2023-05-09 13:03:48,851 INFO 1_30: 0.29902374352175487
2023-05-09 13:03:48,854 INFO Non empty regressions: 0.4375276204250532 --- 87124 / 199128
