2023-05-09 12:17:52,779 INFO Starting...
2023-05-09 12:17:52,779 INFO Tickers: ['UNP']
2023-05-09 12:18:53,579 INFO in_r2: -2.6782099943830726 , std 0.5791907110774459 
2023-05-09 12:18:53,579 INFO os_r2: -0.10968379830824808 , std 0.052334953883692345 
2023-05-09 12:18:53,579 INFO intercept: 6.111569742643391e-06 , std 0.00033188080852018846 
2023-05-09 12:18:53,579 INFO ofi_add_1_1: -1.7099638834470683e-06 , std 2.2254848643630084e-05 
2023-05-09 12:18:53,579 INFO ofi_cancel_1_1: -9.562588112616784e-07 , std 2.1218932866856193e-05 
2023-05-09 12:18:53,579 INFO ofi_trade_1_1: -7.594140074044721e-07 , std 2.3658180217274263e-05 
2023-05-09 12:18:53,580 INFO ofi_add_1_2: -1.7637670182512022e-06 , std 2.037997560709244e-05 
2023-05-09 12:18:53,580 INFO ofi_cancel_1_2: -1.2257773355100161e-06 , std 2.0571118853470235e-05 
2023-05-09 12:18:53,580 INFO ofi_trade_1_2: -8.394959523047738e-07 , std 1.9714405237690302e-05 
2023-05-09 12:18:53,580 INFO ofi_add_1_3: -2.266144408279833e-06 , std 2.0910828438018145e-05 
2023-05-09 12:18:53,580 INFO ofi_cancel_1_3: -1.8265119123526088e-06 , std 2.3402627798748396e-05 
2023-05-09 12:18:53,580 INFO ofi_trade_1_3: -1.2448971708460689e-06 , std 2.4433950222640374e-05 
2023-05-09 12:18:53,580 INFO ofi_add_1_5: -2.991932432274421e-06 , std 2.157623962226011e-05 
2023-05-09 12:18:53,580 INFO ofi_cancel_1_5: -2.196006085730999e-06 , std 2.3309697997956465e-05 
2023-05-09 12:18:53,580 INFO ofi_trade_1_5: -1.3570096379067687e-06 , std 2.491623045370495e-05 
2023-05-09 12:18:53,580 INFO ofi_add_1_10: -3.685919521003553e-06 , std 2.238485103314229e-05 
2023-05-09 12:18:53,580 INFO ofi_cancel_1_10: -2.5042905679573883e-06 , std 2.2833590294752626e-05 
2023-05-09 12:18:53,580 INFO ofi_trade_1_10: -1.7863858598801551e-06 , std 2.4821198269735338e-05 
2023-05-09 12:18:53,580 INFO ofi_add_1_20: -3.935576471480067e-06 , std 2.1668727749545058e-05 
2023-05-09 12:18:53,580 INFO ofi_cancel_1_20: -2.655635510302183e-06 , std 2.2600535254990728e-05 
2023-05-09 12:18:53,580 INFO ofi_trade_1_20: -1.6689290400025984e-06 , std 2.4311675306727233e-05 
2023-05-09 12:18:53,580 INFO ofi_add_1_30: -4.17696390767311e-06 , std 2.2140995244619165e-05 
2023-05-09 12:18:53,580 INFO ofi_cancel_1_30: -3.011312060170171e-06 , std 2.3351900744347935e-05 
2023-05-09 12:18:53,580 INFO ofi_trade_1_30: -1.8911123145211855e-06 , std 2.4327659289559804e-05 
2023-05-09 12:18:53,580 INFO used_intercept: 0.9877013780081154 , std 0.11021508920735557 
2023-05-09 12:18:53,580 INFO used_ofi_add_1_1: 0.03811618657346029 , std 0.1914767424377108 
2023-05-09 12:18:53,580 INFO used_ofi_cancel_1_1: 0.014257161222931983 , std 0.1185491230536747 
2023-05-09 12:18:53,580 INFO used_ofi_trade_1_1: 0.007979791892651963 , std 0.08897255090196036 
2023-05-09 12:18:53,580 INFO used_ofi_add_1_2: 0.049340122936000964 , std 0.21657718071085258 
2023-05-09 12:18:53,580 INFO used_ofi_cancel_1_2: 0.02172974167369732 , std 0.1457997256530056 
2023-05-09 12:18:53,580 INFO used_ofi_trade_1_2: 0.009546623277489856 , std 0.09723931952398447 
2023-05-09 12:18:53,580 INFO used_ofi_add_1_3: 0.06550560443533808 , std 0.24741588514664756 
2023-05-09 12:18:53,580 INFO used_ofi_cancel_1_3: 0.030216745008235908 , std 0.17118321567648845 
2023-05-09 12:18:53,580 INFO used_ofi_trade_1_3: 0.013363263830300108 , std 0.11482459235765614 
2023-05-09 12:18:53,580 INFO used_ofi_add_1_5: 0.0949740870194046 , std 0.29317914287042174 
2023-05-09 12:18:53,580 INFO used_ofi_cancel_1_5: 0.04528243140090796 , std 0.2079229011132012 
2023-05-09 12:18:53,580 INFO used_ofi_trade_1_5: 0.016742999477722873 , std 0.12830694231494974 
2023-05-09 12:18:53,580 INFO used_ofi_add_1_10: 0.13762002330159495 , std 0.3445007292997555 
2023-05-09 12:18:53,580 INFO used_ofi_cancel_1_10: 0.06710758908842554 , std 0.2502082344271759 
2023-05-09 12:18:53,580 INFO used_ofi_trade_1_10: 0.02223193122011972 , std 0.147437011819772 
2023-05-09 12:18:53,580 INFO used_ofi_add_1_20: 0.1692680085171347 , std 0.37498846623566695 
2023-05-09 12:18:53,580 INFO used_ofi_cancel_1_20: 0.08833514121570045 , std 0.2837816837678266 
2023-05-09 12:18:53,580 INFO used_ofi_trade_1_20: 0.025897914909003256 , std 0.1588307681539357 
2023-05-09 12:18:53,580 INFO used_ofi_add_1_30: 0.19201217307460527 , std 0.39388259477384 
2023-05-09 12:18:53,580 INFO used_ofi_cancel_1_30: 0.1005132377164437 , std 0.30068310022380934 
2023-05-09 12:18:53,580 INFO used_ofi_trade_1_30: 0.03017154794905789 , std 0.17105912908528323 
2023-05-09 12:18:54,197 INFO Grouping by horizont:
2023-05-09 12:18:54,197 INFO 1: 0.06035313968904424
2023-05-09 12:18:54,197 INFO 2: 0.08061648788718814
2023-05-09 12:18:54,197 INFO 3: 0.1090856132738741
2023-05-09 12:18:54,197 INFO 5: 0.15699951789803543
2023-05-09 12:18:54,197 INFO 10: 0.2269595436101402
2023-05-09 12:18:54,197 INFO 20: 0.28350106464183844
2023-05-09 12:18:54,197 INFO 30: 0.3226969587401069
2023-05-09 12:18:54,197 INFO Grouping by ofi type:
2023-05-09 12:18:54,197 INFO add: 0.746836205857539
2023-05-09 12:18:54,197 INFO cancel: 0.3674420473263429
2023-05-09 12:18:54,197 INFO trade: 0.12593407255634567
2023-05-09 12:18:54,197 INFO Grouping by ofi type and horizont:
2023-05-09 12:18:54,197 INFO add_1: 0.03811618657346029
2023-05-09 12:18:54,197 INFO cancel_1: 0.014257161222931983
2023-05-09 12:18:54,197 INFO trade_1: 0.007979791892651963
2023-05-09 12:18:54,198 INFO add_2: 0.049340122936000964
2023-05-09 12:18:54,198 INFO cancel_2: 0.02172974167369732
2023-05-09 12:18:54,198 INFO trade_2: 0.009546623277489856
2023-05-09 12:18:54,198 INFO add_3: 0.06550560443533808
2023-05-09 12:18:54,198 INFO cancel_3: 0.030216745008235908
2023-05-09 12:18:54,198 INFO trade_3: 0.013363263830300108
2023-05-09 12:18:54,198 INFO add_5: 0.0949740870194046
2023-05-09 12:18:54,198 INFO cancel_5: 0.04528243140090796
2023-05-09 12:18:54,198 INFO trade_5: 0.016742999477722873
2023-05-09 12:18:54,198 INFO add_10: 0.13762002330159495
2023-05-09 12:18:54,198 INFO cancel_10: 0.06710758908842554
2023-05-09 12:18:54,198 INFO trade_10: 0.02223193122011972
2023-05-09 12:18:54,198 INFO add_20: 0.1692680085171347
2023-05-09 12:18:54,198 INFO cancel_20: 0.08833514121570045
2023-05-09 12:18:54,198 INFO trade_20: 0.025897914909003256
2023-05-09 12:18:54,198 INFO add_30: 0.19201217307460527
2023-05-09 12:18:54,198 INFO cancel_30: 0.1005132377164437
2023-05-09 12:18:54,198 INFO trade_30: 0.03017154794905789
2023-05-09 12:18:54,198 INFO Grouping by level:
2023-05-09 12:18:54,198 INFO 1: 1.2402123257402273
2023-05-09 12:18:54,198 INFO Grouping by level and horizont:
2023-05-09 12:18:54,198 INFO 1_1: 0.06035313968904424
2023-05-09 12:18:54,198 INFO 1_2: 0.08061648788718814
2023-05-09 12:18:54,198 INFO 1_3: 0.1090856132738741
2023-05-09 12:18:54,198 INFO 1_5: 0.15699951789803543
2023-05-09 12:18:54,198 INFO 1_10: 0.2269595436101402
2023-05-09 12:18:54,198 INFO 1_20: 0.28350106464183844
2023-05-09 12:18:54,198 INFO 1_30: 0.3226969587401069
2023-05-09 12:18:54,201 INFO Non empty regressions: 0.44395564661925996 --- 88404 / 199128
