2023-05-09 11:47:08,793 INFO Starting...
2023-05-09 11:47:08,793 INFO Tickers: ['VZ']
2023-05-09 11:48:10,340 INFO in_r2: -2.6816683357679345 , std 0.5652947766193419 
2023-05-09 11:48:10,340 INFO os_r2: -0.10843187809027317 , std 0.05455499770724736 
2023-05-09 11:48:10,340 INFO intercept: -6.46022128994669e-06 , std 0.0002534865654965533 
2023-05-09 11:48:10,340 INFO ofi_add_1_1: -1.0573725941657645e-06 , std 1.7878957254600565e-05 
2023-05-09 11:48:10,340 INFO ofi_cancel_1_1: -3.85634255262524e-07 , std 2.2965406037358475e-05 
2023-05-09 11:48:10,340 INFO ofi_trade_1_1: -1.615118269293531e-07 , std 2.0557015652827643e-05 
2023-05-09 11:48:10,340 INFO ofi_add_1_2: -1.6217443981616206e-06 , std 1.6942621015532985e-05 
2023-05-09 11:48:10,340 INFO ofi_cancel_1_2: -6.259706497201193e-07 , std 2.007347398452458e-05 
2023-05-09 11:48:10,340 INFO ofi_trade_1_2: -2.925605031410425e-07 , std 2.2643052080474675e-05 
2023-05-09 11:48:10,340 INFO ofi_add_1_3: -2.0904753259571344e-06 , std 1.830787711649382e-05 
2023-05-09 11:48:10,340 INFO ofi_cancel_1_3: -7.643366096116867e-07 , std 2.263265871904181e-05 
2023-05-09 11:48:10,340 INFO ofi_trade_1_3: -2.9109023209704815e-07 , std 2.3879820723828694e-05 
2023-05-09 11:48:10,340 INFO ofi_add_1_5: -2.6370513994716285e-06 , std 1.8720582754906604e-05 
2023-05-09 11:48:10,340 INFO ofi_cancel_1_5: -9.121524903335562e-07 , std 2.159653930645382e-05 
2023-05-09 11:48:10,341 INFO ofi_trade_1_5: -3.8373259705058693e-07 , std 2.4411189758623508e-05 
2023-05-09 11:48:10,341 INFO ofi_add_1_10: -3.3154047609809806e-06 , std 1.9267542365153874e-05 
2023-05-09 11:48:10,341 INFO ofi_cancel_1_10: -9.578477358087428e-07 , std 2.38034112891425e-05 
2023-05-09 11:48:10,341 INFO ofi_trade_1_10: -3.79641468004216e-07 , std 2.4970374894357392e-05 
2023-05-09 11:48:10,341 INFO ofi_add_1_20: -4.048649670237841e-06 , std 1.953930505324821e-05 
2023-05-09 11:48:10,341 INFO ofi_cancel_1_20: -1.2575169966286256e-06 , std 2.3203149195074926e-05 
2023-05-09 11:48:10,341 INFO ofi_trade_1_20: -3.714550963701073e-07 , std 2.7862592804104435e-05 
2023-05-09 11:48:10,341 INFO ofi_add_1_30: -4.676693271868766e-06 , std 2.029470195769767e-05 
2023-05-09 11:48:10,341 INFO ofi_cancel_1_30: -1.0542991258279615e-06 , std 2.4592515424922704e-05 
2023-05-09 11:48:10,341 INFO ofi_trade_1_30: -5.215803463181029e-07 , std 3.1611629764565454e-05 
2023-05-09 11:48:10,341 INFO used_intercept: 0.9785163312040497 , std 0.14499007128426503 
2023-05-09 11:48:10,341 INFO used_ofi_add_1_1: 0.050475071310915595 , std 0.21892313374121422 
2023-05-09 11:48:10,341 INFO used_ofi_cancel_1_1: 0.011188783094291109 , std 0.1051836214776807 
2023-05-09 11:48:10,341 INFO used_ofi_trade_1_1: 0.001190189225021092 , std 0.03447858283963735 
2023-05-09 11:48:10,341 INFO used_ofi_add_1_2: 0.06328090474468684 , std 0.24346751701075176 
2023-05-09 11:48:10,341 INFO used_ofi_cancel_1_2: 0.015075730183600498 , std 0.12185422661127422 
2023-05-09 11:48:10,341 INFO used_ofi_trade_1_2: 0.0015818970712305654 , std 0.03974159877114404 
2023-05-09 11:48:10,341 INFO used_ofi_add_1_3: 0.07974267807641316 , std 0.27089441369215184 
2023-05-09 11:48:10,341 INFO used_ofi_cancel_1_3: 0.01947993250572496 , std 0.1382044309539219 
2023-05-09 11:48:10,341 INFO used_ofi_trade_1_3: 0.0021744807360089993 , std 0.046580600785495724 
2023-05-09 11:48:10,341 INFO used_ofi_add_1_5: 0.11215399140251496 , std 0.31555581695636603 
2023-05-09 11:48:10,341 INFO used_ofi_cancel_1_5: 0.027163432565987706 , std 0.16255946757178044 
2023-05-09 11:48:10,341 INFO used_ofi_trade_1_5: 0.002611385641396489 , std 0.05103495181175736 
2023-05-09 11:48:10,341 INFO used_ofi_add_1_10: 0.16085131171909525 , std 0.3673937495893768 
2023-05-09 11:48:10,341 INFO used_ofi_cancel_1_10: 0.039210959784661124 , std 0.19409652345528192 
2023-05-09 11:48:10,341 INFO used_ofi_trade_1_10: 0.00293780884657105 , std 0.054121882134235307 
2023-05-09 11:48:10,341 INFO used_ofi_add_1_20: 0.19759652083082238 , std 0.39818605674530694 
2023-05-09 11:48:10,341 INFO used_ofi_cancel_1_20: 0.05103250170744446 , std 0.22006404857887205 
2023-05-09 11:48:10,341 INFO used_ofi_trade_1_20: 0.003490217347635692 , std 0.05897487372179746 
2023-05-09 11:48:10,341 INFO used_ofi_add_1_30: 0.23071089952191556 , std 0.4212877643175792 
2023-05-09 11:48:10,341 INFO used_ofi_cancel_1_30: 0.05712406090554819 , std 0.2320795177761437 
2023-05-09 11:48:10,341 INFO used_ofi_trade_1_30: 0.004198304608091278 , std 0.06465816921711408 
2023-05-09 11:48:10,945 INFO Grouping by horizont:
2023-05-09 11:48:10,945 INFO 1: 0.0628540436302278
2023-05-09 11:48:10,945 INFO 2: 0.0799385319995179
2023-05-09 11:48:10,945 INFO 3: 0.10139709131814713
2023-05-09 11:48:10,945 INFO 5: 0.14192880960989915
2023-05-09 11:48:10,945 INFO 10: 0.20300008035032743
2023-05-09 11:48:10,945 INFO 20: 0.25211923988590257
2023-05-09 11:48:10,945 INFO 30: 0.29203326503555505
2023-05-09 11:48:10,945 INFO Grouping by ofi type:
2023-05-09 11:48:10,945 INFO add: 0.8948113776063638
2023-05-09 11:48:10,945 INFO cancel: 0.22027540074725807
2023-05-09 11:48:10,945 INFO trade: 0.018184283475955163
2023-05-09 11:48:10,945 INFO Grouping by ofi type and horizont:
2023-05-09 11:48:10,945 INFO add_1: 0.050475071310915595
2023-05-09 11:48:10,945 INFO cancel_1: 0.011188783094291109
2023-05-09 11:48:10,945 INFO trade_1: 0.001190189225021092
2023-05-09 11:48:10,945 INFO add_2: 0.06328090474468684
2023-05-09 11:48:10,945 INFO cancel_2: 0.015075730183600498
2023-05-09 11:48:10,945 INFO trade_2: 0.0015818970712305654
2023-05-09 11:48:10,945 INFO add_3: 0.07974267807641316
2023-05-09 11:48:10,945 INFO cancel_3: 0.01947993250572496
2023-05-09 11:48:10,945 INFO trade_3: 0.0021744807360089993
2023-05-09 11:48:10,945 INFO add_5: 0.11215399140251496
2023-05-09 11:48:10,945 INFO cancel_5: 0.027163432565987706
2023-05-09 11:48:10,945 INFO trade_5: 0.002611385641396489
2023-05-09 11:48:10,945 INFO add_10: 0.16085131171909525
2023-05-09 11:48:10,945 INFO cancel_10: 0.039210959784661124
2023-05-09 11:48:10,945 INFO trade_10: 0.00293780884657105
2023-05-09 11:48:10,945 INFO add_20: 0.19759652083082238
2023-05-09 11:48:10,945 INFO cancel_20: 0.05103250170744446
2023-05-09 11:48:10,945 INFO trade_20: 0.003490217347635692
2023-05-09 11:48:10,945 INFO add_30: 0.23071089952191556
2023-05-09 11:48:10,945 INFO cancel_30: 0.05712406090554819
2023-05-09 11:48:10,945 INFO trade_30: 0.004198304608091278
2023-05-09 11:48:10,946 INFO Grouping by level:
2023-05-09 11:48:10,946 INFO 1: 1.133271061829577
2023-05-09 11:48:10,946 INFO Grouping by level and horizont:
2023-05-09 11:48:10,946 INFO 1_1: 0.0628540436302278
2023-05-09 11:48:10,946 INFO 1_2: 0.0799385319995179
2023-05-09 11:48:10,946 INFO 1_3: 0.10139709131814713
2023-05-09 11:48:10,946 INFO 1_5: 0.14192880960989915
2023-05-09 11:48:10,946 INFO 1_10: 0.20300008035032743
2023-05-09 11:48:10,946 INFO 1_20: 0.25211923988590257
2023-05-09 11:48:10,946 INFO 1_30: 0.29203326503555505
2023-05-09 11:48:10,949 INFO Non empty regressions: 0.435393314852758 --- 86699 / 199128
