2023-04-21 09:55:32,421 INFO Tickers: ['ADP']
2023-04-21 09:55:33,037 INFO Negative OS: -0.11526703472096811 --- ticker ADP --- day 2017-01-12 --- time 39600
2023-04-21 09:55:35,926 INFO Negative OS: -0.561078354326195 --- ticker ADP --- day 2017-03-06 --- time 43200
2023-04-21 09:55:36,677 INFO Negative OS: -1.9109093006090436 --- ticker ADP --- day 2017-03-17 --- time 48600
2023-04-21 09:55:36,682 INFO Negative OS: -11.422987266852225 --- ticker ADP --- day 2017-03-17 --- time 50400
2023-04-21 09:55:42,917 INFO Negative OS: -0.489596160933796 --- ticker ADP --- day 2017-07-07 --- time 36000
2023-04-21 09:55:44,072 INFO Negative OS: -0.9645744775025635 --- ticker ADP --- day 2017-07-27 --- time 45000
2023-04-21 09:55:55,435 INFO Negative OS: -0.37481485293660377 --- ticker ADP --- day 2018-02-28 --- time 41400
2023-04-21 09:56:05,883 INFO Negative OS: -1.3662500428816244 --- ticker ADP --- day 2018-09-05 --- time 45000
2023-04-21 09:56:07,014 INFO Negative OS: -0.28283378059881215 --- ticker ADP --- day 2018-09-25 --- time 50400
2023-04-21 09:56:12,028 INFO Negative OS: -0.03241395725638263 --- ticker ADP --- day 2018-12-21 --- time 41400
2023-04-21 09:56:31,693 INFO in_r2: 0.7953081709868601 , std 0.08485018952214152 
2023-04-21 09:56:31,693 INFO os_r2: 0.7658591766975428 , std 0.20906512538285071 
2023-04-21 09:56:31,693 INFO intercept: -9.724158663989952e-07 , std 1.701925557488157e-05 
2023-04-21 09:56:31,693 INFO ofi_1: 0.00013991540007326776 , std 7.604961500115354e-05 
2023-04-21 09:56:31,693 INFO ofi_2: 0.00029623352399795226 , std 0.00010652438583726262 
2023-04-21 09:56:31,693 INFO t_intercept: -0.17622375715928473 , std 1.7737784983375802 
2023-04-21 09:56:31,693 INFO t_ofi_1: 4.602648045819716 , std 2.391742655029531 
2023-04-21 09:56:31,693 INFO t_ofi_2: 9.753714535420121 , std 2.616777747736054 
2023-04-21 09:56:31,694 INFO p_intercept: 0.3309756496573279 , std 0.30795771675112293 
2023-04-21 09:56:31,694 INFO p_ofi_1: 0.03982360039661165 , std 0.13779633777166855 
2023-04-21 09:56:31,694 INFO p_ofi_2: 0.00016030631449715115 , std 0.006588150066485963 
