2023-04-21 09:53:39,594 INFO Tickers: ['AMT']
2023-04-21 09:53:46,560 INFO Negative OS: -0.2656810714901561 --- ticker AMT --- day 2017-05-18 --- time 50400
2023-04-21 09:53:55,299 INFO Negative OS: -0.4815926392777694 --- ticker AMT --- day 2017-11-13 --- time 36000
2023-04-21 09:53:59,346 INFO Negative OS: -2.1501441600564735 --- ticker AMT --- day 2018-02-06 --- time 52200
2023-04-21 09:54:00,396 INFO Negative OS: -0.3733610496351438 --- ticker AMT --- day 2018-02-27 --- time 52200
2023-04-21 09:54:00,657 INFO Negative OS: -0.24626389806498783 --- ticker AMT --- day 2018-03-05 --- time 36000
2023-04-21 09:54:00,808 INFO Negative OS: -0.08231993405075944 --- ticker AMT --- day 2018-03-07 --- time 36000
2023-04-21 09:54:01,583 INFO Negative OS: -0.7177831093687925 --- ticker AMT --- day 2018-03-21 --- time 52200
2023-04-21 09:54:02,527 INFO Negative OS: -0.035918552559675465 --- ticker AMT --- day 2018-04-10 --- time 46800
2023-04-21 09:54:03,739 INFO Negative OS: -1.3594248975169485 --- ticker AMT --- day 2018-05-03 --- time 41400
2023-04-21 09:54:11,860 INFO Negative OS: -0.4208487296912604 --- ticker AMT --- day 2018-10-12 --- time 36000
2023-04-21 09:54:12,021 INFO Negative OS: -1.1284561405028963 --- ticker AMT --- day 2018-10-16 --- time 36000
2023-04-21 09:54:12,191 INFO Negative OS: -0.49458022817983593 --- ticker AMT --- day 2018-10-18 --- time 41400
2023-04-21 09:54:12,271 INFO Negative OS: -0.07502984617516328 --- ticker AMT --- day 2018-10-19 --- time 41400
2023-04-21 09:54:12,676 INFO Negative OS: -0.3994052847583165 --- ticker AMT --- day 2018-10-26 --- time 45000
2023-04-21 09:54:13,158 INFO Negative OS: -0.2640171518999721 --- ticker AMT --- day 2018-11-05 --- time 41400
2023-04-21 09:54:13,779 INFO Negative OS: -0.5575474826880871 --- ticker AMT --- day 2018-11-15 --- time 46800
2023-04-21 09:54:14,899 INFO Negative OS: -6.10091088819066 --- ticker AMT --- day 2018-12-10 --- time 43200
2023-04-21 09:54:15,522 INFO Negative OS: -0.2577691423667148 --- ticker AMT --- day 2018-12-20 --- time 43200
2023-04-21 09:54:15,527 INFO Negative OS: -0.03630330068344079 --- ticker AMT --- day 2018-12-20 --- time 45000
2023-04-21 09:54:15,537 INFO Negative OS: -0.08194459968174095 --- ticker AMT --- day 2018-12-20 --- time 48600
2023-04-21 09:54:15,860 INFO Negative OS: -0.07560076785192882 --- ticker AMT --- day 2018-12-28 --- time 41400
2023-04-21 09:54:15,953 INFO Negative OS: -0.5245375449232923 --- ticker AMT --- day 2018-12-31 --- time 46800
2023-04-21 09:54:16,100 INFO Negative OS: -0.09000443306120132 --- ticker AMT --- day 2019-01-03 --- time 39600
2023-04-21 09:54:16,184 INFO Negative OS: -0.07282623460013338 --- ticker AMT --- day 2019-01-04 --- time 41400
2023-04-21 09:54:16,188 INFO Negative OS: -0.09513009976844655 --- ticker AMT --- day 2019-01-04 --- time 43200
2023-04-21 09:54:16,411 INFO Negative OS: -0.4624725661085638 --- ticker AMT --- day 2019-01-10 --- time 41400
2023-04-21 09:54:17,288 INFO Negative OS: -0.02251733854168725 --- ticker AMT --- day 2019-01-28 --- time 52200
2023-04-21 09:54:17,603 INFO Negative OS: -0.31360642023657825 --- ticker AMT --- day 2019-02-01 --- time 52200
2023-04-21 09:54:24,757 INFO Negative OS: -0.170307446622733 --- ticker AMT --- day 2019-06-19 --- time 52200
2023-04-21 09:54:33,833 INFO in_r2: 0.687631651691384 , std 0.15031642839790552 
2023-04-21 09:54:33,833 INFO os_r2: 0.624113512797489 , std 0.2999229375959028 
2023-04-21 09:54:33,833 INFO intercept: -9.905242880356354e-07 , std 2.1159082698589606e-05 
2023-04-21 09:54:33,833 INFO ofi_1: 0.0001944107840572558 , std 0.00014454395238579836 
2023-04-21 09:54:33,833 INFO ofi_2: 0.0003676493363989801 , std 0.00020230321566286767 
2023-04-21 09:54:33,833 INFO t_intercept: -0.08113455433653335 , std 1.6109030488387692 
2023-04-21 09:54:33,833 INFO t_ofi_1: 4.509364037314208 , std 2.214034186666667 
2023-04-21 09:54:33,833 INFO t_ofi_2: 8.629264280626815 , std 2.748245340581335 
2023-04-21 09:54:33,833 INFO p_intercept: 0.3520059585083848 , std 0.3090206471487056 
2023-04-21 09:54:33,833 INFO p_ofi_1: 0.04293357712536316 , std 0.1516510859543611 
2023-04-21 09:54:33,834 INFO p_ofi_2: 0.001421057112320835 , std 0.024172035830552517 
