2023-04-21 09:55:43,594 INFO Tickers: ['BDX']
2023-04-21 09:56:15,057 INFO Negative OS: -0.3973312191327032 --- ticker BDX --- day 2018-10-08 --- time 45000
2023-04-21 09:56:15,278 INFO Negative OS: -0.312707078388498 --- ticker BDX --- day 2018-10-11 --- time 43200
2023-04-21 09:56:15,293 INFO Negative OS: -0.03787272997553326 --- ticker BDX --- day 2018-10-11 --- time 50400
2023-04-21 09:56:15,583 INFO Negative OS: -0.832238965707331 --- ticker BDX --- day 2018-10-17 --- time 41400
2023-04-21 09:56:15,756 INFO Negative OS: -0.5488168142530132 --- ticker BDX --- day 2018-10-19 --- time 52200
2023-04-21 09:56:16,496 INFO Negative OS: -1.0363460540392295 --- ticker BDX --- day 2018-11-02 --- time 41400
2023-04-21 09:56:17,209 INFO Negative OS: -0.27123139837223764 --- ticker BDX --- day 2018-11-16 --- time 36000
2023-04-21 09:56:17,386 INFO Negative OS: -0.6361270489212021 --- ticker BDX --- day 2018-11-20 --- time 45000
2023-04-21 09:56:17,626 INFO Negative OS: -1.3888691828244335 --- ticker BDX --- day 2018-11-27 --- time 45000
2023-04-21 09:56:17,999 INFO Negative OS: -0.5720326017787232 --- ticker BDX --- day 2018-12-04 --- time 48600
2023-04-21 09:56:18,055 INFO Negative OS: -0.16092169461564132 --- ticker BDX --- day 2018-12-06 --- time 37800
2023-04-21 09:56:18,135 INFO Negative OS: -1.6708506676828807 --- ticker BDX --- day 2018-12-07 --- time 37800
2023-04-21 09:56:18,446 INFO Negative OS: -2.1204146196711835 --- ticker BDX --- day 2018-12-13 --- time 41400
2023-04-21 09:56:18,757 INFO Negative OS: -3.3880532631099944 --- ticker BDX --- day 2018-12-19 --- time 45000
2023-04-21 09:56:18,766 INFO Negative OS: -0.4508751702185403 --- ticker BDX --- day 2018-12-19 --- time 48600
2023-04-21 09:56:18,771 INFO Negative OS: -0.0041505812898756655 --- ticker BDX --- day 2018-12-19 --- time 50400
2023-04-21 09:56:18,830 INFO Negative OS: -1.6198543725810008 --- ticker BDX --- day 2018-12-20 --- time 41400
2023-04-21 09:56:18,853 INFO Negative OS: -2.279547839138174 --- ticker BDX --- day 2018-12-20 --- time 50400
2023-04-21 09:56:18,920 INFO Negative OS: -0.0967754831014156 --- ticker BDX --- day 2018-12-21 --- time 45000
2023-04-21 09:56:18,938 INFO Negative OS: -0.7641283506801335 --- ticker BDX --- day 2018-12-21 --- time 52200
2023-04-21 09:56:19,139 INFO Negative OS: -0.16862093921120214 --- ticker BDX --- day 2018-12-27 --- time 39600
2023-04-21 09:56:19,148 INFO Negative OS: -0.035482038275607586 --- ticker BDX --- day 2018-12-27 --- time 43200
2023-04-21 09:56:19,438 INFO Negative OS: -0.4707953333394477 --- ticker BDX --- day 2019-01-03 --- time 37800
2023-04-21 09:56:19,512 INFO Negative OS: -0.4103351804813944 --- ticker BDX --- day 2019-01-04 --- time 36000
2023-04-21 09:56:19,526 INFO Negative OS: -2.7435848730856036 --- ticker BDX --- day 2019-01-04 --- time 41400
2023-04-21 09:56:19,551 INFO Negative OS: -0.6886638743237699 --- ticker BDX --- day 2019-01-04 --- time 52200
2023-04-21 09:56:20,695 INFO Negative OS: -0.17040004765645445 --- ticker BDX --- day 2019-01-30 --- time 50400
2023-04-21 09:56:23,357 INFO Negative OS: -0.050381991953203586 --- ticker BDX --- day 2019-03-25 --- time 37800
2023-04-21 09:56:27,743 INFO Negative OS: -0.05951863786442657 --- ticker BDX --- day 2019-06-19 --- time 36000
2023-04-21 09:56:30,979 INFO Negative OS: -0.37084275365276387 --- ticker BDX --- day 2019-08-22 --- time 39600
2023-04-21 09:56:36,570 INFO in_r2: 0.6183165261816989 , std 0.1757619968389687 
2023-04-21 09:56:36,570 INFO os_r2: 0.5238467456882138 , std 0.37180874822231 
2023-04-21 09:56:36,570 INFO intercept: 8.762069965448339e-07 , std 2.6002496320433837e-05 
2023-04-21 09:56:36,570 INFO ofi_1: 0.00022304478256723734 , std 0.00019600518973710124 
2023-04-21 09:56:36,570 INFO ofi_2: 0.000424511092029298 , std 0.0003221610800693793 
2023-04-21 09:56:36,570 INFO t_intercept: 0.013428642603240806 , std 1.5664802516223837 
2023-04-21 09:56:36,570 INFO t_ofi_1: 4.296233718997164 , std 2.2352005346180746 
2023-04-21 09:56:36,570 INFO t_ofi_2: 7.842916521266475 , std 2.696482012128708 
2023-04-21 09:56:36,570 INFO p_intercept: 0.35042086090422847 , std 0.30717257899913525 
2023-04-21 09:56:36,571 INFO p_ofi_1: 0.04599538793287912 , std 0.14452663255270606 
2023-04-21 09:56:36,571 INFO p_ofi_2: 0.005085073713282285 , std 0.048594646683197594 
