2023-04-21 09:48:58,221 INFO Tickers: ['KO']
2023-04-21 09:48:59,771 INFO Negative OS: -0.33032231661433875 --- ticker KO --- day 2017-01-30 --- time 50400
2023-04-21 09:49:10,989 INFO Negative OS: -1.3002644231975151 --- ticker KO --- day 2017-08-15 --- time 39600
2023-04-21 09:49:16,766 INFO Negative OS: -0.003887310793730947 --- ticker KO --- day 2017-11-27 --- time 36000
2023-04-21 09:49:17,433 INFO Negative OS: -0.35426924043389096 --- ticker KO --- day 2017-12-07 --- time 43200
2023-04-21 09:49:25,097 INFO Negative OS: -0.5508133002569215 --- ticker KO --- day 2018-04-24 --- time 43200
2023-04-21 09:49:26,605 INFO Negative OS: -0.9565729068319588 --- ticker KO --- day 2018-05-18 --- time 52200
2023-04-21 09:49:31,263 INFO Negative OS: -0.020242914979757165 --- ticker KO --- day 2018-08-09 --- time 50400
2023-04-21 09:49:52,986 INFO Negative OS: -0.7908152451724744 --- ticker KO --- day 2019-08-28 --- time 50400
2023-04-21 09:49:59,218 INFO in_r2: 0.9142229866165897 , std 0.05052598734381256 
2023-04-21 09:49:59,218 INFO os_r2: 0.886549214459419 , std 0.09590248438859612 
2023-04-21 09:49:59,218 INFO intercept: -1.0540961283231739e-07 , std 5.115127454865868e-06 
2023-04-21 09:49:59,218 INFO ofi_1: 0.00015781456456482484 , std 0.00011490472015522596 
2023-04-21 09:49:59,218 INFO ofi_2: 0.00047368484487778485 , std 0.00019980900982786634 
2023-04-21 09:49:59,218 INFO t_intercept: 0.0057338608255467095 , std 1.2572447786355345 
2023-04-21 09:49:59,218 INFO t_ofi_1: 6.882610297142289 , std 4.796299418948114 
2023-04-21 09:49:59,218 INFO t_ofi_2: 15.746084357865488 , std 6.963286061714522 
2023-04-21 09:49:59,218 INFO p_intercept: 0.45951032205807185 , std 0.3052222848348014 
2023-04-21 09:49:59,218 INFO p_ofi_1: 0.05547386829777339 , std 0.17143156062192644 
2023-04-21 09:49:59,218 INFO p_ofi_2: 0.00092516255806461 , std 0.020550106872939265 
