2023-04-21 09:53:17,614 INFO Tickers: ['LMT']
2023-04-21 09:53:30,636 INFO Negative OS: -0.1148075087355871 --- ticker LMT --- day 2017-09-25 --- time 36000
2023-04-21 09:53:32,560 INFO Negative OS: -0.5609183378516394 --- ticker LMT --- day 2017-11-01 --- time 36000
2023-04-21 09:53:33,124 INFO Negative OS: -0.08655003339982414 --- ticker LMT --- day 2017-11-13 --- time 36000
2023-04-21 09:53:34,184 INFO Negative OS: -0.23856283532627343 --- ticker LMT --- day 2017-12-05 --- time 36000
2023-04-21 09:53:34,257 INFO Negative OS: -0.13682826061851938 --- ticker LMT --- day 2017-12-06 --- time 36000
2023-04-21 09:53:34,399 INFO Negative OS: -0.4564386389216202 --- ticker LMT --- day 2017-12-08 --- time 36000
2023-04-21 09:53:34,759 INFO Negative OS: -0.532232324477137 --- ticker LMT --- day 2017-12-15 --- time 36000
2023-04-21 09:53:37,209 INFO Negative OS: -0.20214286570237472 --- ticker LMT --- day 2018-02-06 --- time 52200
2023-04-21 09:53:38,353 INFO Negative OS: -0.20431491408039704 --- ticker LMT --- day 2018-03-01 --- time 37800
2023-04-21 09:53:38,505 INFO Negative OS: -0.011517373722559787 --- ticker LMT --- day 2018-03-05 --- time 36000
2023-04-21 09:53:39,365 INFO Negative OS: -0.24723966931207841 --- ticker LMT --- day 2018-03-21 --- time 36000
2023-04-21 09:53:40,155 INFO Negative OS: -3.0635642492573734 --- ticker LMT --- day 2018-04-06 --- time 36000
2023-04-21 09:53:48,262 INFO Negative OS: -1.275565526739857 --- ticker LMT --- day 2018-09-13 --- time 36000
2023-04-21 09:53:49,587 INFO Negative OS: -0.46959955555353927 --- ticker LMT --- day 2018-10-09 --- time 36000
2023-04-21 09:53:49,761 INFO Negative OS: -0.1604679749749207 --- ticker LMT --- day 2018-10-11 --- time 41400
2023-04-21 09:53:49,830 INFO Negative OS: -0.4830046744260956 --- ticker LMT --- day 2018-10-12 --- time 36000
2023-04-21 09:53:49,846 INFO Negative OS: -0.13097738980512785 --- ticker LMT --- day 2018-10-12 --- time 43200
2023-04-21 09:53:49,851 INFO Negative OS: -0.9951908635758402 --- ticker LMT --- day 2018-10-12 --- time 45000
2023-04-21 09:53:50,387 INFO Negative OS: -0.20925929815624977 --- ticker LMT --- day 2018-10-23 --- time 43200
2023-04-21 09:53:50,401 INFO Negative OS: -0.08983498319871774 --- ticker LMT --- day 2018-10-23 --- time 48600
2023-04-21 09:53:50,461 INFO Negative OS: -0.06676875837617824 --- ticker LMT --- day 2018-10-24 --- time 39600
2023-04-21 09:53:50,471 INFO Negative OS: -0.7826240571731695 --- ticker LMT --- day 2018-10-24 --- time 43200
2023-04-21 09:53:50,799 INFO Negative OS: -0.5121203085132688 --- ticker LMT --- day 2018-10-30 --- time 41400
2023-04-21 09:53:50,812 INFO Negative OS: -0.1281272471712127 --- ticker LMT --- day 2018-10-30 --- time 46800
2023-04-21 09:53:50,822 INFO Negative OS: -0.5495858805564979 --- ticker LMT --- day 2018-10-30 --- time 50400
2023-04-21 09:53:50,952 INFO Negative OS: -0.5975863732858877 --- ticker LMT --- day 2018-11-01 --- time 36000
2023-04-21 09:53:50,965 INFO Negative OS: -0.07607135553251121 --- ticker LMT --- day 2018-11-01 --- time 41400
2023-04-21 09:53:51,358 INFO Negative OS: -0.6376368626866269 --- ticker LMT --- day 2018-11-08 --- time 37800
2023-04-21 09:53:51,450 INFO Negative OS: -0.18319123826553319 --- ticker LMT --- day 2018-11-09 --- time 45000
2023-04-21 09:53:51,511 INFO Negative OS: -1.1098575463337248 --- ticker LMT --- day 2018-11-12 --- time 36000
2023-04-21 09:53:51,525 INFO Negative OS: -0.6572195221680914 --- ticker LMT --- day 2018-11-12 --- time 41400
2023-04-21 09:53:51,545 INFO Negative OS: -3.446857685225707 --- ticker LMT --- day 2018-11-12 --- time 50400
2023-04-21 09:53:51,896 INFO Negative OS: -0.07501308210802704 --- ticker LMT --- day 2018-11-19 --- time 36000
2023-04-21 09:53:52,142 INFO Negative OS: -0.13936967297910452 --- ticker LMT --- day 2018-11-23 --- time 41400
2023-04-21 09:53:52,222 INFO Negative OS: -0.42293503629340035 --- ticker LMT --- day 2018-11-26 --- time 45000
2023-04-21 09:53:52,709 INFO Negative OS: -0.5680357613233378 --- ticker LMT --- day 2018-12-04 --- time 52200
2023-04-21 09:53:52,751 INFO Negative OS: -0.14877929984968308 --- ticker LMT --- day 2018-12-06 --- time 36000
2023-04-21 09:53:52,853 INFO Negative OS: -0.16367439201309542 --- ticker LMT --- day 2018-12-07 --- time 43200
2023-04-21 09:53:52,857 INFO Negative OS: -0.16985214739399623 --- ticker LMT --- day 2018-12-07 --- time 45000
2023-04-21 09:53:52,932 INFO Negative OS: -0.3304811695573828 --- ticker LMT --- day 2018-12-10 --- time 41400
2023-04-21 09:53:52,955 INFO Negative OS: -1.3762808853359072 --- ticker LMT --- day 2018-12-10 --- time 50400
2023-04-21 09:53:53,273 INFO Negative OS: -0.38869598043273745 --- ticker LMT --- day 2018-12-14 --- time 52200
2023-04-21 09:53:53,318 INFO Negative OS: -0.35130654121615246 --- ticker LMT --- day 2018-12-17 --- time 37800
2023-04-21 09:53:53,335 INFO Negative OS: -0.08688090949808602 --- ticker LMT --- day 2018-12-17 --- time 45000
2023-04-21 09:53:53,353 INFO Negative OS: -0.46364781170538727 --- ticker LMT --- day 2018-12-17 --- time 52200
2023-04-21 09:53:53,400 INFO Negative OS: -1.1250162779872452 --- ticker LMT --- day 2018-12-18 --- time 37800
2023-04-21 09:53:53,409 INFO Negative OS: -2.4967033285691644 --- ticker LMT --- day 2018-12-18 --- time 41400
2023-04-21 09:53:53,479 INFO Negative OS: -0.13624953094554892 --- ticker LMT --- day 2018-12-19 --- time 36000
2023-04-21 09:53:53,572 INFO Negative OS: -0.4275772190968117 --- ticker LMT --- day 2018-12-20 --- time 39600
2023-04-21 09:53:53,582 INFO Negative OS: -0.0868184139342969 --- ticker LMT --- day 2018-12-20 --- time 43200
2023-04-21 09:53:53,598 INFO Negative OS: -0.0794087953808782 --- ticker LMT --- day 2018-12-20 --- time 50400
2023-04-21 09:53:53,677 INFO Negative OS: -0.24249490562477716 --- ticker LMT --- day 2018-12-21 --- time 48600
2023-04-21 09:53:53,686 INFO Negative OS: -0.5824702727885571 --- ticker LMT --- day 2018-12-21 --- time 52200
2023-04-21 09:53:53,814 INFO Negative OS: -1.6815907121311477 --- ticker LMT --- day 2018-12-26 --- time 39600
2023-04-21 09:53:53,833 INFO Negative OS: -0.17957458629006773 --- ticker LMT --- day 2018-12-26 --- time 46800
2023-04-21 09:53:53,893 INFO Negative OS: -0.13360109302376988 --- ticker LMT --- day 2018-12-27 --- time 37800
2023-04-21 09:53:53,980 INFO Negative OS: -0.9910586036443472 --- ticker LMT --- day 2018-12-28 --- time 41400
2023-04-21 09:53:54,464 INFO Negative OS: -0.06021822701640556 --- ticker LMT --- day 2019-01-08 --- time 41400
2023-04-21 09:53:54,551 INFO Negative OS: -0.03647527491095026 --- ticker LMT --- day 2019-01-10 --- time 46800
2023-04-21 09:53:54,975 INFO Negative OS: -0.3833231618416695 --- ticker LMT --- day 2019-01-18 --- time 36000
2023-04-21 09:53:55,156 INFO Negative OS: -0.11108951722499061 --- ticker LMT --- day 2019-01-23 --- time 52200
2023-04-21 09:53:55,198 INFO Negative OS: -2.851651314624082 --- ticker LMT --- day 2019-01-24 --- time 36000
2023-04-21 09:53:55,494 INFO Negative OS: -0.5599592332590468 --- ticker LMT --- day 2019-01-30 --- time 36000
2023-04-21 09:53:55,523 INFO Negative OS: -1.109187007849458 --- ticker LMT --- day 2019-01-30 --- time 50400
2023-04-21 09:54:05,487 INFO Negative OS: -0.05303337252245721 --- ticker LMT --- day 2019-08-13 --- time 36000
2023-04-21 09:54:06,698 INFO Negative OS: -1.3024690902039047 --- ticker LMT --- day 2019-09-05 --- time 41400
2023-04-21 09:54:11,758 INFO in_r2: 0.6082542668886849 , std 0.15958586189450466 
2023-04-21 09:54:11,758 INFO os_r2: 0.5001658769310142 , std 0.3519051227891678 
2023-04-21 09:54:11,758 INFO intercept: -2.2013255781290216e-06 , std 2.5130813200878138e-05 
2023-04-21 09:54:11,758 INFO ofi_1: 0.0002602335328428008 , std 0.00021309282998185477 
2023-04-21 09:54:11,758 INFO ofi_2: 0.00037142817949650125 , std 0.0002616377345859646 
2023-04-21 09:54:11,758 INFO t_intercept: -0.1165188351505618 , std 1.4730604615486884 
2023-04-21 09:54:11,758 INFO t_ofi_1: 4.829723911704866 , std 2.1388515656789644 
2023-04-21 09:54:11,758 INFO t_ofi_2: 7.068894531574065 , std 2.6144571438098603 
2023-04-21 09:54:11,758 INFO p_intercept: 0.3939929928831943 , std 0.3093152715310892 
2023-04-21 09:54:11,758 INFO p_ofi_1: 0.021238898087441897 , std 0.0902447586075451 
2023-04-21 09:54:11,759 INFO p_ofi_2: 0.007357991293272248 , std 0.05975945821254259 
