2023-04-21 09:47:59,502 INFO Tickers: ['MA']
2023-04-21 09:47:59,817 INFO Negative OS: -0.030623131145457005 --- ticker MA --- day 2017-01-06 --- time 46800
2023-04-21 09:48:03,334 INFO Negative OS: -0.16047061843875188 --- ticker MA --- day 2017-03-14 --- time 50400
2023-04-21 09:48:21,042 INFO Negative OS: -0.816212556569514 --- ticker MA --- day 2018-02-21 --- time 41400
2023-04-21 09:48:29,126 INFO Negative OS: -0.8489183088056165 --- ticker MA --- day 2018-07-18 --- time 41400
2023-04-21 09:48:33,722 INFO Negative OS: -0.0025276029397702793 --- ticker MA --- day 2018-10-05 --- time 43200
2023-04-21 09:48:34,452 INFO Negative OS: -0.20097747175834835 --- ticker MA --- day 2018-10-18 --- time 37800
2023-04-21 09:48:34,793 INFO Negative OS: -0.054358930341531275 --- ticker MA --- day 2018-10-24 --- time 41400
2023-04-21 09:48:37,838 INFO Negative OS: -0.017398988888156053 --- ticker MA --- day 2018-12-18 --- time 36000
2023-04-21 09:48:38,610 INFO Negative OS: -0.52965146394286 --- ticker MA --- day 2019-01-02 --- time 48600
2023-04-21 09:48:40,064 INFO Negative OS: -1.1271136681734544 --- ticker MA --- day 2019-01-30 --- time 36000
2023-04-21 09:48:40,352 INFO Negative OS: -0.009659366579633177 --- ticker MA --- day 2019-02-04 --- time 50400
2023-04-21 09:48:40,357 INFO Negative OS: -0.8699654790791373 --- ticker MA --- day 2019-02-04 --- time 52200
2023-04-21 09:48:43,965 INFO Negative OS: -1.0708086104790864 --- ticker MA --- day 2019-04-08 --- time 39600
2023-04-21 09:48:55,479 INFO Negative OS: -0.6617843195718305 --- ticker MA --- day 2019-10-28 --- time 39600
2023-04-21 09:48:56,298 INFO Negative OS: -2.834077511875604 --- ticker MA --- day 2019-11-11 --- time 37800
2023-04-21 09:48:58,218 INFO in_r2: 0.7584879508841043 , std 0.09403651171102174 
2023-04-21 09:48:58,218 INFO os_r2: 0.7196232247766543 , std 0.1430740465319186 
2023-04-21 09:48:58,218 INFO intercept: -6.96014606791989e-07 , std 1.6399342293239268e-05 
2023-04-21 09:48:58,218 INFO ofi_1: 0.00016021906173258467 , std 0.0001012859517230811 
2023-04-21 09:48:58,218 INFO ofi_2: 0.00028669945016197287 , std 0.00011760432230285473 
2023-04-21 09:48:58,218 INFO t_intercept: -0.1450492500900307 , std 1.6236970198272676 
2023-04-21 09:48:58,218 INFO t_ofi_1: 4.510065733612612 , std 2.0788079964319106 
2023-04-21 09:48:58,218 INFO t_ofi_2: 9.305326651771944 , std 2.756958210730467 
2023-04-21 09:48:58,218 INFO p_intercept: 0.3599127240076475 , std 0.3119876492314819 
2023-04-21 09:48:58,218 INFO p_ofi_1: 0.031564901904578 , std 0.11897687789521373 
2023-04-21 09:48:58,218 INFO p_ofi_2: 0.0005171916380065562 , std 0.01708702445261061 
