2023-04-21 09:49:59,222 INFO Tickers: ['MDT']
2023-04-21 09:50:02,034 INFO Negative OS: -0.2959553396437842 --- ticker MDT --- day 2017-02-21 --- time 43200
2023-04-21 09:50:17,485 INFO Negative OS: -0.10970967813915777 --- ticker MDT --- day 2017-11-28 --- time 36000
2023-04-21 09:50:17,489 INFO Negative OS: -0.14325962902713063 --- ticker MDT --- day 2017-11-28 --- time 37800
2023-04-21 09:50:18,287 INFO Negative OS: -0.052665018329038915 --- ticker MDT --- day 2017-12-12 --- time 41400
2023-04-21 09:50:26,613 INFO Negative OS: -0.12042131326220451 --- ticker MDT --- day 2018-05-11 --- time 36000
2023-04-21 09:50:30,968 INFO Negative OS: -0.5518725504077064 --- ticker MDT --- day 2018-07-31 --- time 36000
2023-04-21 09:50:30,972 INFO Negative OS: -4.499763100607012 --- ticker MDT --- day 2018-07-31 --- time 37800
2023-04-21 09:50:52,690 INFO Negative OS: -0.25159253088547207 --- ticker MDT --- day 2019-08-21 --- time 37800
2023-04-21 09:50:55,424 INFO Negative OS: -0.14424583488235343 --- ticker MDT --- day 2019-10-08 --- time 52200
2023-04-21 09:50:59,145 INFO Negative OS: -0.8488481212184726 --- ticker MDT --- day 2019-12-13 --- time 45000
2023-04-21 09:50:59,192 INFO in_r2: 0.8422922904140112 , std 0.06692282933041385 
2023-04-21 09:50:59,192 INFO os_r2: 0.8183513634563276 , std 0.11523885727324863 
2023-04-21 09:50:59,192 INFO intercept: -8.476588552183403e-07 , std 9.85707102378384e-06 
2023-04-21 09:50:59,192 INFO ofi_1: 0.0001857637054129502 , std 9.976146125838606e-05 
2023-04-21 09:50:59,192 INFO ofi_2: 0.0003835423922232142 , std 0.0001057913525054782 
2023-04-21 09:50:59,192 INFO t_intercept: -0.10245856893591938 , std 1.4933349944056786 
2023-04-21 09:50:59,192 INFO t_ofi_1: 4.5942138009748765 , std 2.2269478589486384 
2023-04-21 09:50:59,192 INFO t_ofi_2: 11.230523887382057 , std 2.7880700469703132 
2023-04-21 09:50:59,192 INFO p_intercept: 0.3850165003523163 , std 0.3111954230638138 
2023-04-21 09:50:59,192 INFO p_ofi_1: 0.039749116949989026 , std 0.1390755744025303 
2023-04-21 09:50:59,192 INFO p_ofi_2: 5.461066268616698e-05 , std 0.0032903738656677546 
