2023-04-21 09:52:08,660 INFO Tickers: ['NKE']
2023-04-21 09:52:11,553 INFO Negative OS: -12.318405861202102 --- ticker NKE --- day 2017-02-22 --- time 48600
2023-04-21 09:52:14,609 INFO Negative OS: -5.464471993217476 --- ticker NKE --- day 2017-04-17 --- time 48600
2023-04-21 09:52:20,602 INFO Negative OS: -2.3573309054841514 --- ticker NKE --- day 2017-07-31 --- time 46800
2023-04-21 09:52:29,127 INFO Negative OS: -1.8671187107687652 --- ticker NKE --- day 2017-12-28 --- time 46800
2023-04-21 09:52:29,141 INFO Negative OS: -3.0872926151011297 --- ticker NKE --- day 2017-12-28 --- time 52200
2023-04-21 09:52:41,660 INFO Negative OS: -0.3317408271816773 --- ticker NKE --- day 2018-08-07 --- time 46800
2023-04-21 09:52:43,041 INFO Negative OS: -0.6307283261874306 --- ticker NKE --- day 2018-08-30 --- time 45000
2023-04-21 09:52:44,024 INFO Negative OS: -0.44572163732592474 --- ticker NKE --- day 2018-09-18 --- time 39600
2023-04-21 09:52:47,101 INFO Negative OS: -0.06411835058599569 --- ticker NKE --- day 2018-11-08 --- time 43200
2023-04-21 09:52:54,980 INFO Negative OS: -0.37668314481223475 --- ticker NKE --- day 2019-04-01 --- time 48600
2023-04-21 09:52:56,061 INFO Negative OS: -0.1722651105129962 --- ticker NKE --- day 2019-04-18 --- time 50400
2023-04-21 09:53:00,524 INFO Negative OS: -3.856580352738736 --- ticker NKE --- day 2019-07-08 --- time 45000
2023-04-21 09:53:00,755 INFO Negative OS: -0.49543353846565763 --- ticker NKE --- day 2019-07-11 --- time 37800
2023-04-21 09:53:00,851 INFO Negative OS: -0.219078176122685 --- ticker NKE --- day 2019-07-12 --- time 43200
2023-04-21 09:53:06,156 INFO Negative OS: -0.24598362554157482 --- ticker NKE --- day 2019-10-11 --- time 41400
2023-04-21 09:53:06,225 INFO Negative OS: -1.4180229492386163 --- ticker NKE --- day 2019-10-14 --- time 36000
2023-04-21 09:53:07,057 INFO Negative OS: -32.69920159663161 --- ticker NKE --- day 2019-10-28 --- time 36000
2023-04-21 09:53:07,089 INFO Negative OS: -0.06452094964759958 --- ticker NKE --- day 2019-10-28 --- time 48600
2023-04-21 09:53:07,655 INFO Negative OS: -3.673075828231112 --- ticker NKE --- day 2019-11-06 --- time 43200
2023-04-21 09:53:08,215 INFO Negative OS: -0.05221053440221479 --- ticker NKE --- day 2019-11-15 --- time 36000
2023-04-21 09:53:08,714 INFO Negative OS: -2.5927385854928717 --- ticker NKE --- day 2019-11-25 --- time 37800
2023-04-21 09:53:09,847 INFO in_r2: 0.8813953722995317 , std 0.0665359200238493 
2023-04-21 09:53:09,847 INFO os_r2: 0.8488685670490915 , std 0.4567288679976385 
2023-04-21 09:53:09,847 INFO intercept: 7.440098085897082e-08 , std 1.0505282438736419e-05 
2023-04-21 09:53:09,847 INFO ofi_1: 0.00018493710937884394 , std 0.00010478478774288708 
2023-04-21 09:53:09,847 INFO ofi_2: 0.00045888169927495875 , std 0.00013811458243462071 
2023-04-21 09:53:09,847 INFO t_intercept: 0.049393815302999834 , std 1.5549795700554112 
2023-04-21 09:53:09,847 INFO t_ofi_1: 4.877707449198299 , std 2.598534114744565 
2023-04-21 09:53:09,847 INFO t_ofi_2: 12.358769522823108 , std 3.7477435051132857 
2023-04-21 09:53:09,847 INFO p_intercept: 0.3748528354338588 , std 0.3111416167725155 
2023-04-21 09:53:09,847 INFO p_ofi_1: 0.035611078754771736 , std 0.12745375970251055 
2023-04-21 09:53:09,847 INFO p_ofi_2: 9.227689492964113e-05 , std 0.0028029157379375496 
