2023-04-21 09:51:14,489 INFO Tickers: ['PYPL']
2023-04-21 09:51:14,628 INFO Negative OS: -0.31141701152065093 --- ticker PYPL --- day 2017-01-04 --- time 41400
2023-04-21 09:51:15,142 INFO Negative OS: -1.0310390246602839 --- ticker PYPL --- day 2017-01-12 --- time 48600
2023-04-21 09:51:15,352 INFO Negative OS: -1.2102259971553346 --- ticker PYPL --- day 2017-01-18 --- time 37800
2023-04-21 09:51:15,638 INFO Negative OS: -2.316355462413381 --- ticker PYPL --- day 2017-01-23 --- time 52200
2023-04-21 09:51:17,279 INFO Negative OS: -0.48855869429866106 --- ticker PYPL --- day 2017-02-21 --- time 48600
2023-04-21 09:51:17,512 INFO Negative OS: -0.29575475085437697 --- ticker PYPL --- day 2017-02-24 --- time 43200
2023-04-21 09:51:17,934 INFO Negative OS: -1.2988869839099992 --- ticker PYPL --- day 2017-03-03 --- time 48600
2023-04-21 09:51:17,939 INFO Negative OS: -0.5852080923260912 --- ticker PYPL --- day 2017-03-03 --- time 50400
2023-04-21 09:51:18,010 INFO Negative OS: -0.966343644226604 --- ticker PYPL --- day 2017-03-06 --- time 45000
2023-04-21 09:51:21,222 INFO Negative OS: -0.5802980832005429 --- ticker PYPL --- day 2017-05-01 --- time 41400
2023-04-21 09:51:21,292 INFO Negative OS: -0.5497248483582071 --- ticker PYPL --- day 2017-05-02 --- time 36000
2023-04-21 09:51:22,041 INFO Negative OS: -0.8792278849732902 --- ticker PYPL --- day 2017-05-15 --- time 37800
2023-04-21 09:51:23,204 INFO Negative OS: -0.46235164399268713 --- ticker PYPL --- day 2017-06-05 --- time 41400
2023-04-21 09:51:23,209 INFO Negative OS: -0.06450470156491206 --- ticker PYPL --- day 2017-06-05 --- time 43200
2023-04-21 09:51:25,715 INFO Negative OS: -0.8710955545221375 --- ticker PYPL --- day 2017-07-18 --- time 50400
2023-04-21 09:51:26,188 INFO Negative OS: -0.294992441484915 --- ticker PYPL --- day 2017-07-26 --- time 39600
2023-04-21 09:51:29,263 INFO Negative OS: -1.388714346016768 --- ticker PYPL --- day 2017-09-18 --- time 46800
2023-04-21 09:51:29,571 INFO Negative OS: -0.07767938296468224 --- ticker PYPL --- day 2017-09-22 --- time 37800
2023-04-21 09:51:34,898 INFO Negative OS: -0.1135486855447907 --- ticker PYPL --- day 2017-12-22 --- time 50400
2023-04-21 09:51:34,903 INFO Negative OS: -1.532038163270658 --- ticker PYPL --- day 2017-12-22 --- time 52200
2023-04-21 09:51:39,681 INFO Negative OS: -0.08795029884227912 --- ticker PYPL --- day 2018-03-20 --- time 36000
2023-04-21 09:51:40,767 INFO Negative OS: -1.5068068287019258 --- ticker PYPL --- day 2018-04-09 --- time 37800
2023-04-21 09:51:43,939 INFO Negative OS: -0.16056414033379718 --- ticker PYPL --- day 2018-06-01 --- time 41400
2023-04-21 09:51:43,948 INFO Negative OS: -0.5311623400964116 --- ticker PYPL --- day 2018-06-01 --- time 45000
2023-04-21 09:51:44,018 INFO Negative OS: -0.5231741406388941 --- ticker PYPL --- day 2018-06-04 --- time 39600
2023-04-21 09:51:44,124 INFO Negative OS: -0.3969210076317853 --- ticker PYPL --- day 2018-06-05 --- time 48600
2023-04-21 09:51:52,261 INFO Negative OS: -0.6229331953880564 --- ticker PYPL --- day 2018-10-23 --- time 48600
2023-04-21 09:51:58,372 INFO Negative OS: -0.6464773925364036 --- ticker PYPL --- day 2019-02-12 --- time 37800
2023-04-21 09:51:58,710 INFO Negative OS: -0.1376762934844964 --- ticker PYPL --- day 2019-02-19 --- time 39600
2023-04-21 09:52:00,213 INFO Negative OS: -0.78885647352897 --- ticker PYPL --- day 2019-03-15 --- time 41400
2023-04-21 09:52:11,480 INFO Negative OS: -0.16154895901720479 --- ticker PYPL --- day 2019-09-26 --- time 52200
2023-04-21 09:52:12,634 INFO Negative OS: -1.1865591296559583 --- ticker PYPL --- day 2019-10-16 --- time 50400
2023-04-21 09:52:13,466 INFO Negative OS: -0.2967306056839367 --- ticker PYPL --- day 2019-10-30 --- time 52200
2023-04-21 09:52:14,680 INFO Negative OS: -0.677204933741516 --- ticker PYPL --- day 2019-11-20 --- time 43200
2023-04-21 09:52:16,054 INFO in_r2: 0.8856642067180848 , std 0.06659174475472796 
2023-04-21 09:52:16,054 INFO os_r2: 0.8599594609619907 , std 0.14121593919015588 
2023-04-21 09:52:16,054 INFO intercept: -3.294202938272283e-08 , std 1.2947426002038082e-05 
2023-04-21 09:52:16,054 INFO ofi_1: 0.000138509208126649 , std 0.00011374079565292223 
2023-04-21 09:52:16,054 INFO ofi_2: 0.0004887332494222616 , std 0.00018096842125727474 
2023-04-21 09:52:16,054 INFO t_intercept: 0.0027750456051682374 , std 1.6478286803427278 
2023-04-21 09:52:16,054 INFO t_ofi_1: 3.605543706983285 , std 2.624250063438074 
2023-04-21 09:52:16,054 INFO t_ofi_2: 13.14494553806586 , std 4.024160378964918 
2023-04-21 09:52:16,054 INFO p_intercept: 0.37335086966531206 , std 0.31536323552260004 
2023-04-21 09:52:16,054 INFO p_ofi_1: 0.09120728529597243 , std 0.20554724500591492 
2023-04-21 09:52:16,054 INFO p_ofi_2: 0.0002186911418841017 , std 0.00974036928196313 
