2023-04-21 09:56:56,923 INFO Tickers: ['SYK']
2023-04-21 09:57:13,832 INFO Negative OS: -0.06468413849182286 --- ticker SYK --- day 2017-12-14 --- time 36000
2023-04-21 09:57:15,663 INFO Negative OS: -0.37721403725177205 --- ticker SYK --- day 2018-01-24 --- time 37800
2023-04-21 09:57:16,297 INFO Negative OS: -0.21338082625497812 --- ticker SYK --- day 2018-02-06 --- time 36000
2023-04-21 09:57:22,372 INFO Negative OS: -1.1540183313632406 --- ticker SYK --- day 2018-06-11 --- time 37800
2023-04-21 09:57:28,450 INFO Negative OS: -0.1741657908064882 --- ticker SYK --- day 2018-10-11 --- time 43200
2023-04-21 09:57:28,469 INFO Negative OS: -0.3468679124518457 --- ticker SYK --- day 2018-10-11 --- time 50400
2023-04-21 09:57:28,474 INFO Negative OS: -0.011775644654896888 --- ticker SYK --- day 2018-10-11 --- time 52200
2023-04-21 09:57:28,540 INFO Negative OS: -0.06559859033115956 --- ticker SYK --- day 2018-10-12 --- time 48600
2023-04-21 09:57:31,170 INFO Negative OS: -0.1216502401598678 --- ticker SYK --- day 2018-12-06 --- time 39600
2023-04-21 09:57:31,255 INFO Negative OS: -1.7651750820850345 --- ticker SYK --- day 2018-12-07 --- time 41400
2023-04-21 09:57:31,260 INFO Negative OS: -0.8533159278333386 --- ticker SYK --- day 2018-12-07 --- time 43200
2023-04-21 09:57:31,272 INFO Negative OS: -0.29753226004087097 --- ticker SYK --- day 2018-12-07 --- time 48600
2023-04-21 09:57:31,695 INFO Negative OS: -0.5799643806140389 --- ticker SYK --- day 2018-12-17 --- time 41400
2023-04-21 09:57:31,721 INFO Negative OS: -0.032689440780049095 --- ticker SYK --- day 2018-12-17 --- time 52200
2023-04-21 09:57:32,230 INFO Negative OS: -1.6218118020809302 --- ticker SYK --- day 2018-12-27 --- time 36000
2023-04-21 09:57:32,244 INFO Negative OS: -0.02806023708551786 --- ticker SYK --- day 2018-12-27 --- time 41400
2023-04-21 09:57:32,718 INFO Negative OS: -0.5203229209737097 --- ticker SYK --- day 2019-01-07 --- time 41400
2023-04-21 09:57:32,797 INFO Negative OS: -0.7988812342506828 --- ticker SYK --- day 2019-01-08 --- time 41400
2023-04-21 09:57:33,736 INFO Negative OS: -0.11683967887557123 --- ticker SYK --- day 2019-01-29 --- time 37800
2023-04-21 09:57:42,912 INFO Negative OS: -0.1919669760976619 --- ticker SYK --- day 2019-08-01 --- time 52200
2023-04-21 09:57:45,871 INFO Negative OS: -1.7113721136466653 --- ticker SYK --- day 2019-10-01 --- time 36000
2023-04-21 09:57:47,555 INFO Negative OS: -0.17314352871894578 --- ticker SYK --- day 2019-11-04 --- time 45000
2023-04-21 09:57:49,528 INFO in_r2: 0.6029537460861687 , std 0.16884423058495124 
2023-04-21 09:57:49,529 INFO os_r2: 0.5115025795251 , std 0.30495024021884354 
2023-04-21 09:57:49,529 INFO intercept: -2.1407478548533377e-06 , std 2.6537316994375827e-05 
2023-04-21 09:57:49,529 INFO ofi_1: 0.00023416087664220882 , std 0.00020776250367983678 
2023-04-21 09:57:49,529 INFO ofi_2: 0.000481746949083377 , std 0.00033631363099533723 
2023-04-21 09:57:49,529 INFO t_intercept: -0.14365738476604206 , std 1.4598702673736454 
2023-04-21 09:57:49,529 INFO t_ofi_1: 4.053697923779697 , std 2.380253231759102 
2023-04-21 09:57:49,529 INFO t_ofi_2: 7.70171988129676 , std 2.472240284587359 
2023-04-21 09:57:49,529 INFO p_intercept: 0.37813597848062985 , std 0.3046797951102689 
2023-04-21 09:57:49,529 INFO p_ofi_1: 0.05566846594764261 , std 0.1611002431037003 
2023-04-21 09:57:49,529 INFO p_ofi_2: 0.003772235202657983 , std 0.04536755213503547 
