2023-04-21 09:48:12,501 INFO Tickers: ['VZ']
2023-04-21 09:48:16,582 INFO Negative OS: -4.108934842157726 --- ticker VZ --- day 2017-03-15 --- time 43200
2023-04-21 09:48:28,279 INFO Negative OS: -0.0837453780198143 --- ticker VZ --- day 2017-10-06 --- time 43200
2023-04-21 09:48:29,402 INFO Negative OS: -0.0710219017759477 --- ticker VZ --- day 2017-10-26 --- time 39600
2023-04-21 09:48:32,019 INFO Negative OS: -0.1496129697526103 --- ticker VZ --- day 2017-12-12 --- time 37800
2023-04-21 09:48:46,096 INFO Negative OS: -0.27241592925647584 --- ticker VZ --- day 2018-08-17 --- time 41400
2023-04-21 09:48:49,695 INFO Negative OS: -1.6250012595841867 --- ticker VZ --- day 2018-10-19 --- time 36000
2023-04-21 09:48:58,284 INFO Negative OS: -7.698208383568687 --- ticker VZ --- day 2019-03-25 --- time 45000
2023-04-21 09:48:58,293 INFO Negative OS: -0.3014068318326557 --- ticker VZ --- day 2019-03-25 --- time 48600
2023-04-21 09:48:59,104 INFO Negative OS: -0.9412105379920424 --- ticker VZ --- day 2019-04-08 --- time 43200
2023-04-21 09:49:00,107 INFO Negative OS: -0.14899286919066457 --- ticker VZ --- day 2019-04-25 --- time 48600
2023-04-21 09:49:03,741 INFO Negative OS: -0.005795576410572156 --- ticker VZ --- day 2019-06-27 --- time 45000
2023-04-21 09:49:04,551 INFO Negative OS: -0.10471292371311725 --- ticker VZ --- day 2019-07-12 --- time 41400
2023-04-21 09:49:07,297 INFO Negative OS: -0.6796462899130347 --- ticker VZ --- day 2019-08-28 --- time 45000
2023-04-21 09:49:09,767 INFO Negative OS: -0.08251122123271881 --- ticker VZ --- day 2019-10-10 --- time 39600
2023-04-21 09:49:13,066 INFO Negative OS: -0.03800822097235823 --- ticker VZ --- day 2019-12-06 --- time 37800
2023-04-21 09:49:13,550 INFO in_r2: 0.918673823309176 , std 0.04587981157176949 
2023-04-21 09:49:13,550 INFO os_r2: 0.8914171050706106 , std 0.1484520890118832 
2023-04-21 09:49:13,550 INFO intercept: -3.7089712051423626e-08 , std 7.081769758759853e-06 
2023-04-21 09:49:13,550 INFO ofi_1: 0.00014534469655735875 , std 0.00011762894435266096 
2023-04-21 09:49:13,550 INFO ofi_2: 0.0005248477322666245 , std 0.00017882907141638065 
2023-04-21 09:49:13,550 INFO t_intercept: 0.005622558365971836 , std 1.4119001686147197 
2023-04-21 09:49:13,550 INFO t_ofi_1: 5.468650893717668 , std 4.321345561753688 
2023-04-21 09:49:13,550 INFO t_ofi_2: 15.44136649709867 , std 5.75262038713065 
2023-04-21 09:49:13,550 INFO p_intercept: 0.41937652363885364 , std 0.3084091018969427 
2023-04-21 09:49:13,550 INFO p_ofi_1: 0.07466354591434553 , std 0.1943695731935295 
2023-04-21 09:49:13,550 INFO p_ofi_2: 0.0006415355081512147 , std 0.017947858833434378 
