2023-05-13 15:59:18,167 INFO Starting...
2023-05-13 15:59:18,167 INFO Tickers: ['AGN']
2023-05-13 15:59:19,938 INFO in_r2: 0.8109692959042024 , std 0.10289515123018424 
2023-05-13 15:59:19,938 INFO os_r2: 0.7324065346982743 , std 0.18080246209704975 
2023-05-13 15:59:19,939 INFO intercept: -3.19843404927339e-07 , std 1.4422125435679788e-05 
2023-05-13 15:59:19,939 INFO ofi_add_1: 0.0001065161225157535 , std 0.00010975307197804522 
2023-05-13 15:59:19,939 INFO ofi_add_2: 0.00012115843029933095 , std 0.00011795192440211617 
2023-05-13 15:59:19,939 INFO ofi_add_3: 8.65367971373269e-05 , std 9.42505470247226e-05 
2023-05-13 15:59:19,939 INFO ofi_add_4: 5.7585423205266714e-05 , std 6.764908336709002e-05 
2023-05-13 15:59:19,939 INFO ofi_add_5: 4.335262751473099e-05 , std 6.19117920047116e-05 
2023-05-13 15:59:19,939 INFO ofi_add_6: 3.619059319900113e-05 , std 6.16333318946826e-05 
2023-05-13 15:59:19,939 INFO ofi_add_7: 3.101021504620887e-05 , std 5.4485193890878936e-05 
2023-05-13 15:59:19,939 INFO ofi_add_8: 2.7910275183989133e-05 , std 4.943151220023565e-05 
2023-05-13 15:59:19,939 INFO ofi_add_9: 3.2900548100343154e-05 , std 5.076818935793401e-05 
2023-05-13 15:59:19,939 INFO ofi_cancel_1: 0.00012995678138038298 , std 0.00013913337691611138 
2023-05-13 15:59:19,939 INFO ofi_cancel_2: 0.00012821022516995622 , std 0.00012648905378083965 
2023-05-13 15:59:19,939 INFO ofi_cancel_3: 8.003880528895421e-05 , std 8.939004637763488e-05 
2023-05-13 15:59:19,939 INFO ofi_cancel_4: 5.455545083868871e-05 , std 6.841983669844066e-05 
2023-05-13 15:59:19,939 INFO ofi_cancel_5: 3.964471985036759e-05 , std 6.112163748329769e-05 
2023-05-13 15:59:19,939 INFO ofi_cancel_6: 3.10566375166692e-05 , std 5.941115601143647e-05 
2023-05-13 15:59:19,939 INFO ofi_cancel_7: 2.655761817398314e-05 , std 5.313178280584866e-05 
2023-05-13 15:59:19,939 INFO ofi_cancel_8: 2.2237568615033223e-05 , std 5.1415000543397604e-05 
2023-05-13 15:59:19,939 INFO ofi_cancel_9: 3.098903124590178e-05 , std 5.4477537012024984e-05 
2023-05-13 15:59:19,939 INFO ofi_trade_1: 8.300291737273292e-05 , std 0.00014546528852778478 
2023-05-13 15:59:19,939 INFO ofi_trade_2: 8.653352808382966e-05 , std 0.00015378370757944347 
2023-05-13 15:59:19,939 INFO ofi_trade_3: 7.506160058836706e-05 , std 0.00014768629469167371 
2023-05-13 15:59:19,939 INFO ofi_trade_4: 6.1152325064955e-05 , std 0.00012237285091946254 
2023-05-13 15:59:19,939 INFO ofi_trade_5: 6.003810674490836e-05 , std 0.00012983932164473513 
2023-05-13 15:59:19,939 INFO ofi_trade_6: 5.697771067610742e-05 , std 0.0001274785663031436 
2023-05-13 15:59:19,940 INFO ofi_trade_7: 7.12312356489922e-05 , std 0.000151884322129903 
2023-05-13 15:59:19,940 INFO ofi_trade_8: 7.00657091229037e-05 , std 0.00014083440156696357 
2023-05-13 15:59:19,940 INFO ofi_trade_9: 8.843833158924937e-05 , std 0.00017214565869409798 
2023-05-13 15:59:19,940 INFO used_intercept: 0.9995915032679739 , std 0.020207173539267376 
2023-05-13 15:59:19,940 INFO used_ofi_add_1: 0.928921568627451 , std 0.2569558093645031 
2023-05-13 15:59:19,940 INFO used_ofi_add_2: 0.9562908496732027 , std 0.20444720713305628 
2023-05-13 15:59:19,940 INFO used_ofi_add_3: 0.9027777777777778 , std 0.2962601251069658 
2023-05-13 15:59:19,940 INFO used_ofi_add_4: 0.8435457516339869 , std 0.36328544773254956 
2023-05-13 15:59:19,940 INFO used_ofi_add_5: 0.7691993464052288 , std 0.42134512207333985 
2023-05-13 15:59:19,940 INFO used_ofi_add_6: 0.7312091503267973 , std 0.4433309472675694 
2023-05-13 15:59:19,940 INFO used_ofi_add_7: 0.6952614379084967 , std 0.4602966118340502 
2023-05-13 15:59:19,940 INFO used_ofi_add_8: 0.7054738562091504 , std 0.4558294575984986 
2023-05-13 15:59:19,940 INFO used_ofi_add_9: 0.7242647058823529 , std 0.44688403607144184 
2023-05-13 15:59:19,940 INFO used_ofi_cancel_1: 0.8995098039215687 , std 0.30065248472372513 
2023-05-13 15:59:19,940 INFO used_ofi_cancel_2: 0.9485294117647058 , std 0.22095557648995173 
2023-05-13 15:59:19,940 INFO used_ofi_cancel_3: 0.8676470588235294 , std 0.33887407711185036 
2023-05-13 15:59:19,940 INFO used_ofi_cancel_4: 0.8022875816993464 , std 0.3982740488035355 
2023-05-13 15:59:19,940 INFO used_ofi_cancel_5: 0.7201797385620915 , std 0.44891077368083854 
2023-05-13 15:59:19,940 INFO used_ofi_cancel_6: 0.6646241830065359 , std 0.47212167750425377 
2023-05-13 15:59:19,940 INFO used_ofi_cancel_7: 0.6356209150326797 , std 0.4812556154536783 
2023-05-13 15:59:19,940 INFO used_ofi_cancel_8: 0.5915032679738562 , std 0.49155584825135046 
2023-05-13 15:59:19,940 INFO used_ofi_cancel_9: 0.6772875816993464 , std 0.467513757418108 
2023-05-13 15:59:19,940 INFO used_ofi_trade_1: 0.5747549019607843 , std 0.49438012159959827 
2023-05-13 15:59:19,940 INFO used_ofi_trade_2: 0.5702614379084967 , std 0.4950387160041429 
2023-05-13 15:59:19,940 INFO used_ofi_trade_3: 0.5465686274509803 , std 0.49782663944121336 
2023-05-13 15:59:19,941 INFO used_ofi_trade_4: 0.4987745098039216 , std 0.4999984981715238 
2023-05-13 15:59:19,941 INFO used_ofi_trade_5: 0.5 , std 0.5 
2023-05-13 15:59:19,941 INFO used_ofi_trade_6: 0.5159313725490197 , std 0.4997461269171622 
2023-05-13 15:59:19,941 INFO used_ofi_trade_7: 0.5118464052287581 , std 0.4998596429830639 
2023-05-13 15:59:19,941 INFO used_ofi_trade_8: 0.5232843137254902 , std 0.49945754647850993 
2023-05-13 15:59:19,941 INFO used_ofi_trade_9: 0.551062091503268 , std 0.49738582892088096 
2023-05-13 15:59:19,942 INFO Grouping by ofi type:
2023-05-13 15:59:19,942 INFO add: 7.256944444444444
2023-05-13 15:59:19,942 INFO cancel: 6.807189542483659
2023-05-13 15:59:19,942 INFO trade: 4.792483660130719
2023-05-13 15:59:19,942 INFO Grouping by level:
2023-05-13 15:59:19,942 INFO 1: 2.403186274509804
2023-05-13 15:59:19,942 INFO 2: 2.475081699346405
2023-05-13 15:59:19,942 INFO 3: 2.3169934640522873
2023-05-13 15:59:19,942 INFO 4: 2.144607843137255
2023-05-13 15:59:19,942 INFO 5: 1.9893790849673203
2023-05-13 15:59:19,942 INFO 6: 1.9117647058823528
2023-05-13 15:59:19,942 INFO 7: 1.8427287581699345
2023-05-13 15:59:19,942 INFO 8: 1.820261437908497
2023-05-13 15:59:19,943 INFO 9: 1.9526143790849675
2023-05-13 15:59:19,943 INFO Non empty regressions: 1.0 --- 2448 / 2448
