2023-05-13 15:58:17,426 INFO Starting...
2023-05-13 15:58:17,426 INFO Tickers: ['CAT']
2023-05-13 15:58:21,003 INFO in_r2: 0.9056583061718795 , std 0.05686438645871494 
2023-05-13 15:58:21,003 INFO os_r2: 0.8663816935147671 , std 0.2923252435360853 
2023-05-13 15:58:21,003 INFO intercept: -1.0994633478357459e-07 , std 8.478775621581716e-06 
2023-05-13 15:58:21,003 INFO ofi_add_1: 6.556469967274174e-05 , std 5.612318927715913e-05 
2023-05-13 15:58:21,003 INFO ofi_add_2: 8.43592949826502e-05 , std 5.83111551116415e-05 
2023-05-13 15:58:21,003 INFO ofi_add_3: 6.190895442064781e-05 , std 4.848655588131586e-05 
2023-05-13 15:58:21,003 INFO ofi_add_4: 4.976810314379097e-05 , std 4.284097534595161e-05 
2023-05-13 15:58:21,003 INFO ofi_add_5: 3.966729486280367e-05 , std 3.930476453892912e-05 
2023-05-13 15:58:21,003 INFO ofi_add_6: 3.7044015157037795e-05 , std 3.9171376395363914e-05 
2023-05-13 15:58:21,003 INFO ofi_add_7: 3.402952718131925e-05 , std 3.8867790152331544e-05 
2023-05-13 15:58:21,003 INFO ofi_add_8: 3.861167526343281e-05 , std 3.9907226443889846e-05 
2023-05-13 15:58:21,003 INFO ofi_add_9: 4.719529392601808e-05 , std 4.182762717889398e-05 
2023-05-13 15:58:21,003 INFO ofi_cancel_1: 7.109961626661505e-05 , std 6.848939667338476e-05 
2023-05-13 15:58:21,003 INFO ofi_cancel_2: 9.048770738159352e-05 , std 6.0576561021341265e-05 
2023-05-13 15:58:21,003 INFO ofi_cancel_3: 6.114101560638148e-05 , std 5.028666835878972e-05 
2023-05-13 15:58:21,003 INFO ofi_cancel_4: 4.9170696826179825e-05 , std 4.439805261556865e-05 
2023-05-13 15:58:21,003 INFO ofi_cancel_5: 3.70199770956034e-05 , std 4.105999321712576e-05 
2023-05-13 15:58:21,003 INFO ofi_cancel_6: 3.287833340682071e-05 , std 3.9904410262596366e-05 
2023-05-13 15:58:21,003 INFO ofi_cancel_7: 2.849596597196458e-05 , std 3.847177918788913e-05 
2023-05-13 15:58:21,003 INFO ofi_cancel_8: 3.129695005146608e-05 , std 4.049307806757392e-05 
2023-05-13 15:58:21,003 INFO ofi_cancel_9: 4.1452497673294985e-05 , std 4.538207080923119e-05 
2023-05-13 15:58:21,003 INFO ofi_trade_1: 3.3596988405994104e-05 , std 7.22411606243602e-05 
2023-05-13 15:58:21,003 INFO ofi_trade_2: 5.648709830108709e-05 , std 8.157426765064452e-05 
2023-05-13 15:58:21,003 INFO ofi_trade_3: 5.377815874048908e-05 , std 7.043736350413473e-05 
2023-05-13 15:58:21,003 INFO ofi_trade_4: 5.1743491143628706e-05 , std 6.654866207039955e-05 
2023-05-13 15:58:21,003 INFO ofi_trade_5: 4.7135165561807524e-05 , std 6.39352249617488e-05 
2023-05-13 15:58:21,003 INFO ofi_trade_6: 4.80063194599538e-05 , std 6.56124934652732e-05 
2023-05-13 15:58:21,003 INFO ofi_trade_7: 4.862716507642788e-05 , std 6.866140609965477e-05 
2023-05-13 15:58:21,003 INFO ofi_trade_8: 5.304112887716444e-05 , std 7.006013865112964e-05 
2023-05-13 15:58:21,003 INFO ofi_trade_9: 6.221738933157877e-05 , std 7.627662206074429e-05 
2023-05-13 15:58:21,003 INFO used_intercept: 1.0 , std 0.0 
2023-05-13 15:58:21,003 INFO used_ofi_add_1: 0.8796482024378954 , std 0.3253724671598302 
2023-05-13 15:58:21,003 INFO used_ofi_add_2: 0.9409041814534794 , std 0.23580394987539396 
2023-05-13 15:58:21,003 INFO used_ofi_add_3: 0.9068045054775498 , std 0.290706199320149 
2023-05-13 15:58:21,003 INFO used_ofi_add_4: 0.8791853109088104 , std 0.32591179787020413 
2023-05-13 15:58:21,003 INFO used_ofi_add_5: 0.842153988582009 , std 0.3645965552462372 
2023-05-13 15:58:21,003 INFO used_ofi_add_6: 0.8307359975312452 , std 0.3749849329466614 
2023-05-13 15:58:21,003 INFO used_ofi_add_7: 0.8099058787224194 , std 0.39237526213216484 
2023-05-13 15:58:21,003 INFO used_ofi_add_8: 0.8305817003548835 , std 0.37512096634349035 
2023-05-13 15:58:21,003 INFO used_ofi_add_9: 0.8649899706835364 , std 0.3417342846429535 
2023-05-13 15:58:21,003 INFO used_ofi_cancel_1: 0.800648048140719 , std 0.39951314264886945 
2023-05-13 15:58:21,003 INFO used_ofi_cancel_2: 0.9436815306279895 , std 0.2305356791900213 
2023-05-13 15:58:21,003 INFO used_ofi_cancel_3: 0.8875173584323407 , std 0.31595932794209575 
2023-05-13 15:58:21,003 INFO used_ofi_cancel_4: 0.8558864372781978 , std 0.3512048458683783 
2023-05-13 15:58:21,003 INFO used_ofi_cancel_5: 0.7867613022681685 , std 0.40959486754775637 
2023-05-13 15:58:21,004 INFO used_ofi_cancel_6: 0.7579077302885358 , std 0.4283498601113533 
2023-05-13 15:58:21,004 INFO used_ofi_cancel_7: 0.7083783366764388 , std 0.45450904149858307 
2023-05-13 15:58:21,004 INFO used_ofi_cancel_8: 0.7028236383274186 , std 0.4570148484848479 
2023-05-13 15:58:21,004 INFO used_ofi_cancel_9: 0.7582163246412591 , std 0.4281639051680558 
2023-05-13 15:58:21,004 INFO used_ofi_trade_1: 0.34300262305199813 , std 0.4747123588357976 
2023-05-13 15:58:21,004 INFO used_ofi_trade_2: 0.5599444530165097 , std 0.49639365684157516 
2023-05-13 15:58:21,004 INFO used_ofi_trade_3: 0.6154914365067119 , std 0.48647890816932254 
2023-05-13 15:58:21,004 INFO used_ofi_trade_4: 0.6576145656534486 , std 0.474507796241405 
2023-05-13 15:58:21,004 INFO used_ofi_trade_5: 0.6457336830735998 , std 0.4782903862903828 
2023-05-13 15:58:21,004 INFO used_ofi_trade_6: 0.652677056009875 , std 0.47611943519263894 
2023-05-13 15:58:21,004 INFO used_ofi_trade_7: 0.6400246875482178 , std 0.47999279877621487 
2023-05-13 15:58:21,004 INFO used_ofi_trade_8: 0.6495911124826416 , std 0.4770979973403846 
2023-05-13 15:58:21,004 INFO used_ofi_trade_9: 0.6718099058787225 , std 0.46955442308846856 
2023-05-13 15:58:21,007 INFO Grouping by ofi type:
2023-05-13 15:58:21,007 INFO add: 7.784909736151828
2023-05-13 15:58:21,007 INFO cancel: 7.201820706681068
2023-05-13 15:58:21,007 INFO trade: 5.435889523221726
2023-05-13 15:58:21,007 INFO Grouping by level:
2023-05-13 15:58:21,007 INFO 1: 2.023298873630613
2023-05-13 15:58:21,007 INFO 2: 2.4445301650979787
2023-05-13 15:58:21,007 INFO 3: 2.4098133004166025
2023-05-13 15:58:21,007 INFO 4: 2.3926863138404566
2023-05-13 15:58:21,007 INFO 5: 2.274648973923777
2023-05-13 15:58:21,007 INFO 6: 2.241320783829656
2023-05-13 15:58:21,007 INFO 7: 2.158308902947076
2023-05-13 15:58:21,007 INFO 8: 2.182996451164944
2023-05-13 15:58:21,007 INFO 9: 2.295016201203518
2023-05-13 15:58:21,007 INFO Non empty regressions: 1.0 --- 6481 / 6481
