2023-05-13 15:58:30,706 INFO Starting...
2023-05-13 15:58:30,706 INFO Tickers: ['CI']
2023-05-13 15:58:32,628 INFO in_r2: 0.7574931559102216 , std 0.1859154099838848 
2023-05-13 15:58:32,628 INFO os_r2: 0.615665749293195 , std 0.3611856743241763 
2023-05-13 15:58:32,628 INFO intercept: 2.423414484113036e-08 , std 2.157385232422198e-05 
2023-05-13 15:58:32,628 INFO ofi_add_1: 0.0001230026833709755 , std 0.00013923536464150908 
2023-05-13 15:58:32,628 INFO ofi_add_2: 0.000120763643379614 , std 0.00011912569954283426 
2023-05-13 15:58:32,628 INFO ofi_add_3: 0.00010153457671741397 , std 0.00011299135617317028 
2023-05-13 15:58:32,628 INFO ofi_add_4: 6.874241994609289e-05 , std 8.710823760323371e-05 
2023-05-13 15:58:32,628 INFO ofi_add_5: 5.3706272210533835e-05 , std 0.00010035849383894038 
2023-05-13 15:58:32,628 INFO ofi_add_6: 4.86185052360247e-05 , std 9.359327890150657e-05 
2023-05-13 15:58:32,629 INFO ofi_add_7: 4.123903586713286e-05 , std 8.837199105826236e-05 
2023-05-13 15:58:32,629 INFO ofi_add_8: 4.360996220800576e-05 , std 8.67802052881738e-05 
2023-05-13 15:58:32,629 INFO ofi_add_9: 4.812642174972532e-05 , std 9.920067774216668e-05 
2023-05-13 15:58:32,629 INFO ofi_cancel_1: 0.00015073360811710063 , std 0.00017897765428965103 
2023-05-13 15:58:32,629 INFO ofi_cancel_2: 0.0001247187268793127 , std 0.00012344119105662472 
2023-05-13 15:58:32,629 INFO ofi_cancel_3: 8.99587715388358e-05 , std 0.00011873686871959363 
2023-05-13 15:58:32,629 INFO ofi_cancel_4: 5.994227793674758e-05 , std 9.072375053324202e-05 
2023-05-13 15:58:32,629 INFO ofi_cancel_5: 4.3819935204668875e-05 , std 9.698818598824282e-05 
2023-05-13 15:58:32,629 INFO ofi_cancel_6: 4.232549245390404e-05 , std 9.616306313737504e-05 
2023-05-13 15:58:32,629 INFO ofi_cancel_7: 3.422298041645469e-05 , std 9.209214607961885e-05 
2023-05-13 15:58:32,629 INFO ofi_cancel_8: 3.772965566790021e-05 , std 8.90150849423436e-05 
2023-05-13 15:58:32,629 INFO ofi_cancel_9: 5.121276577635369e-05 , std 0.00010780716645733681 
2023-05-13 15:58:32,629 INFO ofi_trade_1: 0.00015654782763869346 , std 0.00018985873970673488 
2023-05-13 15:58:32,629 INFO ofi_trade_2: 8.494985845294869e-05 , std 0.00016445214561716206 
2023-05-13 15:58:32,629 INFO ofi_trade_3: 6.769062964878518e-05 , std 0.00018494771914754818 
2023-05-13 15:58:32,629 INFO ofi_trade_4: 6.393081903200104e-05 , std 0.00017524764272114043 
2023-05-13 15:58:32,629 INFO ofi_trade_5: 8.131593953017236e-05 , std 0.0002009138329035735 
2023-05-13 15:58:32,629 INFO ofi_trade_6: 8.184467957349008e-05 , std 0.000177914933283852 
2023-05-13 15:58:32,629 INFO ofi_trade_7: 9.067323030237804e-05 , std 0.00018678052188269163 
2023-05-13 15:58:32,629 INFO ofi_trade_8: 0.00010098790227491304 , std 0.00019493905702836864 
2023-05-13 15:58:32,629 INFO ofi_trade_9: 0.00012648850523473243 , std 0.0001937796341616662 
2023-05-13 15:58:32,630 INFO used_intercept: 1.0 , std 0.0 
2023-05-13 15:58:32,630 INFO used_ofi_add_1: 0.9186295503211992 , std 0.27340318139676173 
2023-05-13 15:58:32,630 INFO used_ofi_add_2: 0.9250535331905781 , std 0.2633049447355785 
2023-05-13 15:58:32,630 INFO used_ofi_add_3: 0.8907922912205567 , std 0.3118996395037794 
2023-05-13 15:58:32,630 INFO used_ofi_add_4: 0.8137044967880086 , std 0.3893449482078615 
2023-05-13 15:58:32,630 INFO used_ofi_add_5: 0.7508922198429693 , std 0.43249635145543963 
2023-05-13 15:58:32,630 INFO used_ofi_add_6: 0.7123483226266952 , std 0.45266785823341704 
2023-05-13 15:58:32,630 INFO used_ofi_add_7: 0.7002141327623126 , std 0.45816405472519894 
2023-05-13 15:58:32,630 INFO used_ofi_add_8: 0.7059243397573162 , std 0.45562612556295917 
2023-05-13 15:58:32,630 INFO used_ofi_add_9: 0.7387580299785867 , std 0.43931151034402033 
2023-05-13 15:58:32,630 INFO used_ofi_cancel_1: 0.8936473947180585 , std 0.3082883854959266 
2023-05-13 15:58:32,630 INFO used_ofi_cancel_2: 0.8907922912205567 , std 0.31189963950377947 
2023-05-13 15:58:32,630 INFO used_ofi_cancel_3: 0.8058529621698787 , std 0.395542621637556 
2023-05-13 15:58:32,630 INFO used_ofi_cancel_4: 0.728051391862955 , std 0.44496355206844634 
2023-05-13 15:58:32,630 INFO used_ofi_cancel_5: 0.6523911491791577 , std 0.4762110221864417 
2023-05-13 15:58:32,630 INFO used_ofi_cancel_6: 0.6466809421841542 , std 0.47800073347220795 
2023-05-13 15:58:32,630 INFO used_ofi_cancel_7: 0.6067094932191291 , std 0.48848038246885267 
2023-05-13 15:58:32,630 INFO used_ofi_cancel_8: 0.6231263383297645 , std 0.4846028320279447 
2023-05-13 15:58:32,630 INFO used_ofi_cancel_9: 0.7037830121341898 , std 0.45658787102322007 
2023-05-13 15:58:32,630 INFO used_ofi_trade_1: 0.7837259100642399 , std 0.4117033008833168 
2023-05-13 15:58:32,630 INFO used_ofi_trade_2: 0.6031406138472519 , std 0.48924637328774556 
2023-05-13 15:58:32,630 INFO used_ofi_trade_3: 0.5339043540328337 , std 0.49884917036877613 
2023-05-13 15:58:32,630 INFO used_ofi_trade_4: 0.4739471805852962 , std 0.4993207892733337 
2023-05-13 15:58:32,630 INFO used_ofi_trade_5: 0.5060670949321913 , std 0.49996318900403436 
2023-05-13 15:58:32,631 INFO used_ofi_trade_6: 0.5110635260528195 , std 0.49987758340545596 
2023-05-13 15:58:32,631 INFO used_ofi_trade_7: 0.5289079229122056 , std 0.49916363248227724 
2023-05-13 15:58:32,631 INFO used_ofi_trade_8: 0.5767309064953604 , std 0.49407728948859836 
2023-05-13 15:58:32,631 INFO used_ofi_trade_9: 0.6374018558172734 , std 0.48075017422562544 
2023-05-13 15:58:32,631 INFO Grouping by ofi type:
2023-05-13 15:58:32,631 INFO add: 7.1563169164882225
2023-05-13 15:58:32,631 INFO cancel: 6.551034975017844
2023-05-13 15:58:32,631 INFO trade: 5.154889364739472
2023-05-13 15:58:32,631 INFO Grouping by level:
2023-05-13 15:58:32,632 INFO 1: 2.5960028551034977
2023-05-13 15:58:32,632 INFO 2: 2.4189864382583868
2023-05-13 15:58:32,632 INFO 3: 2.230549607423269
2023-05-13 15:58:32,632 INFO 4: 2.01570306923626
2023-05-13 15:58:32,632 INFO 5: 1.9093504639543184
2023-05-13 15:58:32,632 INFO 6: 1.8700927908636689
2023-05-13 15:58:32,632 INFO 7: 1.8358315488936472
2023-05-13 15:58:32,632 INFO 8: 1.9057815845824413
2023-05-13 15:58:32,632 INFO 9: 2.0799428979300503
2023-05-13 15:58:32,632 INFO Non empty regressions: 0.9950035688793719 --- 1394 / 1401
