2023-05-13 15:55:17,743 INFO Starting...
2023-05-13 15:55:17,743 INFO Tickers: ['DIS']
2023-05-13 15:55:21,420 INFO in_r2: 0.9235874855995763 , std 0.04183269091012695 
2023-05-13 15:55:21,421 INFO os_r2: 0.8952688802885024 , std 0.06929744024750514 
2023-05-13 15:55:21,421 INFO intercept: -9.916659466676431e-08 , std 4.69171673886445e-06 
2023-05-13 15:55:21,421 INFO ofi_add_1: 5.205668353947226e-05 , std 4.059972013265126e-05 
2023-05-13 15:55:21,421 INFO ofi_add_2: 5.5279555533490714e-05 , std 4.3288951974449306e-05 
2023-05-13 15:55:21,421 INFO ofi_add_3: 5.33119352256497e-05 , std 4.0088843831922576e-05 
2023-05-13 15:55:21,421 INFO ofi_add_4: 5.1411823093064646e-05 , std 3.945097645976145e-05 
2023-05-13 15:55:21,421 INFO ofi_add_5: 3.981570734354634e-05 , std 3.3824228258911094e-05 
2023-05-13 15:55:21,421 INFO ofi_add_6: 3.7779454100821716e-05 , std 3.334210991564379e-05 
2023-05-13 15:55:21,421 INFO ofi_add_7: 3.2678641876503705e-05 , std 3.117449249080969e-05 
2023-05-13 15:55:21,421 INFO ofi_add_8: 3.9167804723768456e-05 , std 3.619759236610469e-05 
2023-05-13 15:55:21,421 INFO ofi_add_9: 4.451546581338223e-05 , std 4.131608398095533e-05 
2023-05-13 15:55:21,421 INFO ofi_cancel_1: 4.2924816960102e-05 , std 4.719167714233646e-05 
2023-05-13 15:55:21,421 INFO ofi_cancel_2: 5.663756594895853e-05 , std 4.71640254435737e-05 
2023-05-13 15:55:21,421 INFO ofi_cancel_3: 5.38384054158403e-05 , std 4.1898924931526386e-05 
2023-05-13 15:55:21,421 INFO ofi_cancel_4: 5.430733268850676e-05 , std 4.335023245679291e-05 
2023-05-13 15:55:21,421 INFO ofi_cancel_5: 4.095078903901026e-05 , std 3.726075418976512e-05 
2023-05-13 15:55:21,421 INFO ofi_cancel_6: 3.474507105242676e-05 , std 3.508281802417038e-05 
2023-05-13 15:55:21,421 INFO ofi_cancel_7: 2.7129230843395378e-05 , std 3.2541512332781274e-05 
2023-05-13 15:55:21,421 INFO ofi_cancel_8: 3.273813152277909e-05 , std 3.7978656760980284e-05 
2023-05-13 15:55:21,421 INFO ofi_cancel_9: 4.0657621035664e-05 , std 4.44870433335848e-05 
2023-05-13 15:55:21,421 INFO ofi_trade_1: 2.2468217047061807e-05 , std 5.086727848769223e-05 
2023-05-13 15:55:21,421 INFO ofi_trade_2: 4.008956461999036e-05 , std 5.5213474338154856e-05 
2023-05-13 15:55:21,421 INFO ofi_trade_3: 4.965906883699343e-05 , std 5.382040822840082e-05 
2023-05-13 15:55:21,421 INFO ofi_trade_4: 5.537075614244563e-05 , std 5.473406414583583e-05 
2023-05-13 15:55:21,421 INFO ofi_trade_5: 4.779655704231576e-05 , std 5.108822175806387e-05 
2023-05-13 15:55:21,421 INFO ofi_trade_6: 4.326143151476372e-05 , std 4.723941240969571e-05 
2023-05-13 15:55:21,421 INFO ofi_trade_7: 3.7495107844845656e-05 , std 4.5366660850421246e-05 
2023-05-13 15:55:21,421 INFO ofi_trade_8: 4.484817050265535e-05 , std 5.0861393631415305e-05 
2023-05-13 15:55:21,421 INFO ofi_trade_9: 4.961460455040813e-05 , std 5.6782533054049055e-05 
2023-05-13 15:55:21,421 INFO used_intercept: 0.9997239856472536 , std 0.016611386721867048 
2023-05-13 15:55:21,422 INFO used_ofi_add_1: 0.9094672922991995 , std 0.286943437870884 
2023-05-13 15:55:21,422 INFO used_ofi_add_2: 0.8947005244272702 , std 0.3069389125165427 
2023-05-13 15:55:21,422 INFO used_ofi_add_3: 0.8996687827767044 , std 0.3004411158177047 
2023-05-13 15:55:21,422 INFO used_ofi_add_4: 0.9071211703008556 , std 0.2902625582000919 
2023-05-13 15:55:21,422 INFO used_ofi_add_5: 0.8720673475020702 , std 0.3340148034485505 
2023-05-13 15:55:21,422 INFO used_ofi_add_6: 0.858266629864753 , std 0.3487764641218672 
2023-05-13 15:55:21,422 INFO used_ofi_add_7: 0.8247308860060724 , std 0.38019712212707674 
2023-05-13 15:55:21,422 INFO used_ofi_add_8: 0.8182445487165333 , std 0.38564284929479775 
2023-05-13 15:55:21,422 INFO used_ofi_add_9: 0.8018216947281258 , std 0.39862722510064713 
2023-05-13 15:55:21,422 INFO used_ofi_cancel_1: 0.6894838531603643 , std 0.46270494852713806 
2023-05-13 15:55:21,422 INFO used_ofi_cancel_2: 0.8386696108197627 , std 0.3678354179618794 
2023-05-13 15:55:21,422 INFO used_ofi_cancel_3: 0.8757935412641458 , std 0.3298169406567116 
2023-05-13 15:55:21,422 INFO used_ofi_cancel_4: 0.8851780292575214 , std 0.3188069725982981 
2023-05-13 15:55:21,422 INFO used_ofi_cancel_5: 0.8288711012972675 , std 0.3766215590370823 
2023-05-13 15:55:21,422 INFO used_ofi_cancel_6: 0.7751863096881038 , std 0.4174595728453751 
2023-05-13 15:55:21,422 INFO used_ofi_cancel_7: 0.6770632072867789 , std 0.4675987816764701 
2023-05-13 15:55:21,422 INFO used_ofi_cancel_8: 0.6722329561137179 , std 0.4693994128973002 
2023-05-13 15:55:21,422 INFO used_ofi_cancel_9: 0.6914159536295887 , std 0.4619090091090183 
2023-05-13 15:55:21,422 INFO used_ofi_trade_1: 0.2727021805133867 , std 0.44534896570737753 
2023-05-13 15:55:21,422 INFO used_ofi_trade_2: 0.5420921887938173 , std 0.4982250973631754 
2023-05-13 15:55:21,422 INFO used_ofi_trade_3: 0.6958321832735302 , std 0.4600540794236287 
2023-05-13 15:55:21,422 INFO used_ofi_trade_4: 0.7571073695832183 , std 0.42883073642872005 
2023-05-13 15:55:21,422 INFO used_ofi_trade_5: 0.7321280706596743 , std 0.4428504926177877 
2023-05-13 15:55:21,422 INFO used_ofi_trade_6: 0.7052166712669059 , std 0.4559453013620501 
2023-05-13 15:55:21,422 INFO used_ofi_trade_7: 0.6386972122550373 , std 0.48037806289700735 
2023-05-13 15:55:21,422 INFO used_ofi_trade_8: 0.6522219155396081 , std 0.4762651450919461 
2023-05-13 15:55:21,422 INFO used_ofi_trade_9: 0.6392492409605299 , std 0.48021833460616253 
2023-05-13 15:55:21,424 INFO Grouping by ofi type:
2023-05-13 15:55:21,424 INFO add: 7.786088876621585
2023-05-13 15:55:21,424 INFO cancel: 6.933894562517251
2023-05-13 15:55:21,424 INFO trade: 5.635247032845709
2023-05-13 15:55:21,424 INFO Grouping by level:
2023-05-13 15:55:21,424 INFO 1: 1.8716533259729506
2023-05-13 15:55:21,424 INFO 2: 2.2754623240408502
2023-05-13 15:55:21,424 INFO 3: 2.4712945073143806
2023-05-13 15:55:21,424 INFO 4: 2.5494065691415955
2023-05-13 15:55:21,424 INFO 5: 2.433066519459012
2023-05-13 15:55:21,424 INFO 6: 2.3386696108197627
2023-05-13 15:55:21,424 INFO 7: 2.1404913055478887
2023-05-13 15:55:21,425 INFO 8: 2.1426994203698593
2023-05-13 15:55:21,425 INFO 9: 2.1324868893182445
2023-05-13 15:55:21,425 INFO Non empty regressions: 1.0 --- 7246 / 7246
