2023-05-13 15:55:24,586 INFO Starting...
2023-05-13 15:55:24,586 INFO Tickers: ['INTC']
2023-05-13 15:55:27,891 INFO in_r2: 0.985799997206705 , std 0.03249695200757322 
2023-05-13 15:55:27,891 INFO os_r2: 0.9633070752787235 , std 0.09398231803041968 
2023-05-13 15:55:27,891 INFO intercept: 7.87286047240293e-08 , std 2.957687331900871e-06 
2023-05-13 15:55:27,891 INFO ofi_add_1: 3.988111889547192e-05 , std 3.475232602453743e-05 
2023-05-13 15:55:27,891 INFO ofi_add_2: 0.00014774633435914191 , std 9.083575229440886e-05 
2023-05-13 15:55:27,891 INFO ofi_add_3: 9.321146845959352e-05 , std 6.513529498179687e-05 
2023-05-13 15:55:27,891 INFO ofi_add_4: 0.0001030365397623042 , std 0.00010857299818225153 
2023-05-13 15:55:27,891 INFO ofi_add_5: 0.00013478836447150267 , std 9.306191714296762e-05 
2023-05-13 15:55:27,891 INFO ofi_add_6: 0.0001283904355157067 , std 9.226401896758963e-05 
2023-05-13 15:55:27,891 INFO ofi_add_7: 9.115133570226114e-05 , std 8.148542477776236e-05 
2023-05-13 15:55:27,891 INFO ofi_add_8: 7.716485043902089e-05 , std 7.465879020004461e-05 
2023-05-13 15:55:27,891 INFO ofi_add_9: 8.926728053309191e-05 , std 8.812089757697195e-05 
2023-05-13 15:55:27,891 INFO ofi_cancel_1: 1.8478689136306137e-05 , std 2.6968640152202623e-05 
2023-05-13 15:55:27,891 INFO ofi_cancel_2: 6.833359837196416e-05 , std 6.05801555847152e-05 
2023-05-13 15:55:27,891 INFO ofi_cancel_3: 9.072215529740463e-05 , std 7.237537325562346e-05 
2023-05-13 15:55:27,891 INFO ofi_cancel_4: 7.669785502743484e-05 , std 8.512247384447341e-05 
2023-05-13 15:55:27,891 INFO ofi_cancel_5: 0.00011145415680469807 , std 0.00010360206723888742 
2023-05-13 15:55:27,891 INFO ofi_cancel_6: 0.00010818075122377048 , std 0.0001030328127263002 
2023-05-13 15:55:27,891 INFO ofi_cancel_7: 7.494790544007429e-05 , std 8.861468831982169e-05 
2023-05-13 15:55:27,891 INFO ofi_cancel_8: 7.819729733038878e-05 , std 9.23047018051718e-05 
2023-05-13 15:55:27,892 INFO ofi_cancel_9: 8.653265980184874e-05 , std 0.00010338550002339449 
2023-05-13 15:55:27,892 INFO ofi_trade_1: 6.686607764623906e-06 , std 3.0516538090814972e-05 
2023-05-13 15:55:27,892 INFO ofi_trade_2: 0.00014892695055667297 , std 0.00011859379970284051 
2023-05-13 15:55:27,892 INFO ofi_trade_3: 0.0001338400482150485 , std 0.0001034653078087395 
2023-05-13 15:55:27,892 INFO ofi_trade_4: 0.00010322237462864234 , std 0.00010971325201288681 
2023-05-13 15:55:27,892 INFO ofi_trade_5: 0.00012815261316664314 , std 9.505294143439124e-05 
2023-05-13 15:55:27,892 INFO ofi_trade_6: 0.00010747549449110241 , std 8.787345148086847e-05 
2023-05-13 15:55:27,892 INFO ofi_trade_7: 8.093538400231426e-05 , std 7.910573632506086e-05 
2023-05-13 15:55:27,892 INFO ofi_trade_8: 6.971672175693137e-05 , std 7.342983270438624e-05 
2023-05-13 15:55:27,892 INFO ofi_trade_9: 8.728468583043487e-05 , std 8.867259473515439e-05 
2023-05-13 15:55:27,892 INFO used_intercept: 0.9993195427327164 , std 0.026076699277151918 
2023-05-13 15:55:27,892 INFO used_ofi_add_1: 0.9703320631464344 , std 0.16966953284670303 
2023-05-13 15:55:27,892 INFO used_ofi_add_2: 0.9914262384322264 , std 0.09219681220276822 
2023-05-13 15:55:27,892 INFO used_ofi_add_3: 0.905688622754491 , std 0.29226142641060976 
2023-05-13 15:55:27,892 INFO used_ofi_add_4: 0.9232444202504083 , std 0.2662032319993426 
2023-05-13 15:55:27,892 INFO used_ofi_add_5: 0.8965704953728906 , std 0.3045190342157616 
2023-05-13 15:55:27,892 INFO used_ofi_add_6: 0.8405008165487208 , std 0.3661409481738616 
2023-05-13 15:55:27,892 INFO used_ofi_add_7: 0.7314915623298857 , std 0.443183547269152 
2023-05-13 15:55:27,892 INFO used_ofi_add_8: 0.6695699510070767 , std 0.47036797479787845 
2023-05-13 15:55:27,892 INFO used_ofi_add_9: 0.6430321175830158 , std 0.47910522157425756 
2023-05-13 15:55:27,892 INFO used_ofi_cancel_1: 0.566276537833424 , std 0.49558795438631753 
2023-05-13 15:55:27,892 INFO used_ofi_cancel_2: 0.7426510615133369 , std 0.4371732635311208 
2023-05-13 15:55:27,892 INFO used_ofi_cancel_3: 0.8731627653783343 , std 0.33279055054973283 
2023-05-13 15:55:27,892 INFO used_ofi_cancel_4: 0.8062057702776265 , std 0.3952695615003581 
2023-05-13 15:55:27,892 INFO used_ofi_cancel_5: 0.7776265650517148 , std 0.415840703127515 
2023-05-13 15:55:27,892 INFO used_ofi_cancel_6: 0.6754218835057159 , std 0.4682170039493515 
2023-05-13 15:55:27,892 INFO used_ofi_cancel_7: 0.5574305933587371 , std 0.4966907759828678 
2023-05-13 15:55:27,892 INFO used_ofi_cancel_8: 0.5572945019052804 , std 0.49670649286215884 
2023-05-13 15:55:27,892 INFO used_ofi_cancel_9: 0.5170114316820904 , std 0.4997105273977382 
2023-05-13 15:55:27,892 INFO used_ofi_trade_1: 0.12955906369080022 , std 0.3358176777752526 
2023-05-13 15:55:27,892 INFO used_ofi_trade_2: 0.9239248775176919 , std 0.2651182721383231 
2023-05-13 15:55:27,892 INFO used_ofi_trade_3: 0.9267827980402831 , std 0.2604926933656814 
2023-05-13 15:55:27,893 INFO used_ofi_trade_4: 0.8564235166031573 , std 0.3506597735872177 
2023-05-13 15:55:27,893 INFO used_ofi_trade_5: 0.8579205225911812 , std 0.34913163636092287 
2023-05-13 15:55:27,893 INFO used_ofi_trade_6: 0.7663309744148068 , std 0.42316404864692786 
2023-05-13 15:55:27,893 INFO used_ofi_trade_7: 0.6714752313554708 , std 0.4696767452531451 
2023-05-13 15:55:27,893 INFO used_ofi_trade_8: 0.6241154055525313 , std 0.4843504579377732 
2023-05-13 15:55:27,893 INFO used_ofi_trade_9: 0.6149972781709309 , std 0.48659595766228636 
2023-05-13 15:55:27,894 INFO Grouping by ofi type:
2023-05-13 15:55:27,894 INFO add: 7.57185628742515
2023-05-13 15:55:27,894 INFO cancel: 6.07308111050626
2023-05-13 15:55:27,894 INFO trade: 6.371529667936853
2023-05-13 15:55:27,894 INFO Grouping by level:
2023-05-13 15:55:27,894 INFO 1: 1.6661676646706587
2023-05-13 15:55:27,894 INFO 2: 2.6580021774632554
2023-05-13 15:55:27,894 INFO 3: 2.7056341861731084
2023-05-13 15:55:27,894 INFO 4: 2.585873707131192
2023-05-13 15:55:27,894 INFO 5: 2.5321175830157863
2023-05-13 15:55:27,895 INFO 6: 2.2822536744692434
2023-05-13 15:55:27,895 INFO 7: 1.9603973870440936
2023-05-13 15:55:27,895 INFO 8: 1.8509798584648884
2023-05-13 15:55:27,895 INFO 9: 1.7750408274360372
2023-05-13 15:55:27,895 INFO Non empty regressions: 0.9995917256396298 --- 7345 / 7348
