2023-05-13 15:57:33,322 INFO Starting...
2023-05-13 15:57:33,322 INFO Tickers: ['LLY']
2023-05-13 15:57:36,416 INFO in_r2: 0.9038489046555502 , std 0.06519375753284926 
2023-05-13 15:57:36,416 INFO os_r2: 0.860343352178891 , std 0.2578506377759251 
2023-05-13 15:57:36,416 INFO intercept: -5.584187450801937e-07 , std 7.2235169006769405e-06 
2023-05-13 15:57:36,416 INFO ofi_add_1: 8.207844333897584e-05 , std 6.85160199300007e-05 
2023-05-13 15:57:36,416 INFO ofi_add_2: 8.94137718779953e-05 , std 6.421472647760776e-05 
2023-05-13 15:57:36,416 INFO ofi_add_3: 7.104402170734589e-05 , std 5.1809688052489744e-05 
2023-05-13 15:57:36,416 INFO ofi_add_4: 6.122638196859336e-05 , std 4.905351468759321e-05 
2023-05-13 15:57:36,416 INFO ofi_add_5: 5.1677632615539624e-05 , std 4.608002082246482e-05 
2023-05-13 15:57:36,416 INFO ofi_add_6: 4.599320356375943e-05 , std 4.527053057443914e-05 
2023-05-13 15:57:36,416 INFO ofi_add_7: 4.136343693349146e-05 , std 4.455742343194371e-05 
2023-05-13 15:57:36,416 INFO ofi_add_8: 3.756255545447709e-05 , std 4.3184062287400795e-05 
2023-05-13 15:57:36,416 INFO ofi_add_9: 3.910018712310531e-05 , std 4.724173223433795e-05 
2023-05-13 15:57:36,416 INFO ofi_cancel_1: 7.435318155146424e-05 , std 7.431556161536714e-05 
2023-05-13 15:57:36,416 INFO ofi_cancel_2: 9.325753122823061e-05 , std 7.00901114452783e-05 
2023-05-13 15:57:36,416 INFO ofi_cancel_3: 6.745348554612924e-05 , std 5.453286453732778e-05 
2023-05-13 15:57:36,416 INFO ofi_cancel_4: 5.6449575407316807e-05 , std 5.09724906378752e-05 
2023-05-13 15:57:36,416 INFO ofi_cancel_5: 4.71808363153234e-05 , std 4.938984683473572e-05 
2023-05-13 15:57:36,416 INFO ofi_cancel_6: 3.9800644596300156e-05 , std 4.763531641620736e-05 
2023-05-13 15:57:36,416 INFO ofi_cancel_7: 3.2900051646544395e-05 , std 4.4679057772738535e-05 
2023-05-13 15:57:36,416 INFO ofi_cancel_8: 3.2208856574973834e-05 , std 4.4632682735131e-05 
2023-05-13 15:57:36,416 INFO ofi_cancel_9: 3.6926487234385554e-05 , std 5.003840547248666e-05 
2023-05-13 15:57:36,416 INFO ofi_trade_1: 4.881266213358826e-05 , std 8.388402229189889e-05 
2023-05-13 15:57:36,416 INFO ofi_trade_2: 6.064943355653607e-05 , std 7.890385599344358e-05 
2023-05-13 15:57:36,416 INFO ofi_trade_3: 6.103382130430227e-05 , std 7.448956996571502e-05 
2023-05-13 15:57:36,416 INFO ofi_trade_4: 5.819721702101786e-05 , std 6.990061253291086e-05 
2023-05-13 15:57:36,416 INFO ofi_trade_5: 5.79007998449706e-05 , std 7.131138569928032e-05 
2023-05-13 15:57:36,416 INFO ofi_trade_6: 6.09399757110984e-05 , std 7.507129427132778e-05 
2023-05-13 15:57:36,416 INFO ofi_trade_7: 5.586931221858161e-05 , std 7.65406100037482e-05 
2023-05-13 15:57:36,416 INFO ofi_trade_8: 5.901454620611156e-05 , std 8.001886174457162e-05 
2023-05-13 15:57:36,416 INFO ofi_trade_9: 6.281161315546488e-05 , std 8.5801787533267e-05 
2023-05-13 15:57:36,416 INFO used_intercept: 0.9998137455764574 , std 0.013646235115674579 
2023-05-13 15:57:36,416 INFO used_ofi_add_1: 0.9241944496181784 , std 0.26468673732004533 
2023-05-13 15:57:36,416 INFO used_ofi_add_2: 0.9495250512199664 , std 0.2189228821427457 
2023-05-13 15:57:36,416 INFO used_ofi_add_3: 0.9268020115477743 , std 0.2604612119659539 
2023-05-13 15:57:36,416 INFO used_ofi_add_4: 0.8970013037809648 , std 0.30395717592485644 
2023-05-13 15:57:36,416 INFO used_ofi_add_5: 0.8563978394486869 , std 0.35068587088205877 
2023-05-13 15:57:36,416 INFO used_ofi_add_6: 0.8238033153287391 , std 0.3809874184039641 
2023-05-13 15:57:36,416 INFO used_ofi_add_7: 0.7835723598435462 , std 0.41180907801159783 
2023-05-13 15:57:36,416 INFO used_ofi_add_8: 0.7472527472527473 , std 0.4345872512809932 
2023-05-13 15:57:36,416 INFO used_ofi_add_9: 0.7185695660271931 , std 0.44969694774001356 
2023-05-13 15:57:36,416 INFO used_ofi_cancel_1: 0.7949338796796424 , std 0.4037499307951819 
2023-05-13 15:57:36,416 INFO used_ofi_cancel_2: 0.927733283665487 , std 0.2589290212485653 
2023-05-13 15:57:36,416 INFO used_ofi_cancel_3: 0.8878748370273793 , std 0.315520380959747 
2023-05-13 15:57:36,417 INFO used_ofi_cancel_4: 0.8355373440119203 , std 0.370694875569418 
2023-05-13 15:57:36,417 INFO used_ofi_cancel_5: 0.77947476252561 , std 0.4146008407025411 
2023-05-13 15:57:36,417 INFO used_ofi_cancel_6: 0.7217358912274167 , std 0.44814416713997657 
2023-05-13 15:57:36,417 INFO used_ofi_cancel_7: 0.6530080089402124 , std 0.4760131817504132 
2023-05-13 15:57:36,417 INFO used_ofi_cancel_8: 0.636245110821382 , std 0.48107927597982153 
2023-05-13 15:57:36,417 INFO used_ofi_cancel_9: 0.6548705531756379 , std 0.47541046660656505 
2023-05-13 15:57:36,417 INFO used_ofi_trade_1: 0.47289998137455763 , std 0.49926504883728917 
2023-05-13 15:57:36,417 INFO used_ofi_trade_2: 0.631588750232818 , std 0.48237371488521746 
2023-05-13 15:57:36,417 INFO used_ofi_trade_3: 0.6790836282361706 , std 0.4668287203008926 
2023-05-13 15:57:36,417 INFO used_ofi_trade_4: 0.6796423915067983 , std 0.4666139851887406 
2023-05-13 15:57:36,417 INFO used_ofi_trade_5: 0.6720059601415533 , std 0.46948264044135046 
2023-05-13 15:57:36,417 INFO used_ofi_trade_6: 0.6731234866828087 , std 0.4690716985267683 
2023-05-13 15:57:36,417 INFO used_ofi_trade_7: 0.6137083255727324 , std 0.4868987745881535 
2023-05-13 15:57:36,417 INFO used_ofi_trade_8: 0.6070031663252002 , std 0.48841613650286125 
2023-05-13 15:57:36,417 INFO used_ofi_trade_9: 0.6010430247718384 , std 0.4896838849145004 
2023-05-13 15:57:36,418 INFO Grouping by ofi type:
2023-05-13 15:57:36,418 INFO add: 7.627118644067796
2023-05-13 15:57:36,418 INFO cancel: 6.891413671074688
2023-05-13 15:57:36,418 INFO trade: 5.630098714844478
2023-05-13 15:57:36,418 INFO Grouping by level:
2023-05-13 15:57:36,418 INFO 1: 2.1920283106723786
2023-05-13 15:57:36,418 INFO 2: 2.5088470851182714
2023-05-13 15:57:36,418 INFO 3: 2.493760476811324
2023-05-13 15:57:36,418 INFO 4: 2.4121810392996834
2023-05-13 15:57:36,418 INFO 5: 2.3078785621158504
2023-05-13 15:57:36,418 INFO 6: 2.2186626932389646
2023-05-13 15:57:36,418 INFO 7: 2.050288694356491
2023-05-13 15:57:36,418 INFO 8: 1.9905010243993295
2023-05-13 15:57:36,418 INFO 9: 1.9744831439746695
2023-05-13 15:57:36,418 INFO Non empty regressions: 0.9996274911529148 --- 5367 / 5369
