2023-05-13 15:57:26,916 INFO Starting...
2023-05-13 15:57:26,916 INFO Tickers: ['NEE']
2023-05-13 15:57:29,053 INFO in_r2: 0.8172336602568975 , std 0.08712377001321425 
2023-05-13 15:57:29,053 INFO os_r2: 0.7258583548116196 , std 0.5994829487206348 
2023-05-13 15:57:29,053 INFO intercept: 2.441540241506394e-07 , std 8.607058555667172e-06 
2023-05-13 15:57:29,053 INFO ofi_add_1: 7.815988776489959e-05 , std 6.626837396705896e-05 
2023-05-13 15:57:29,053 INFO ofi_add_2: 9.880936288506389e-05 , std 6.449805353307422e-05 
2023-05-13 15:57:29,053 INFO ofi_add_3: 6.629114977853684e-05 , std 5.318926701993614e-05 
2023-05-13 15:57:29,053 INFO ofi_add_4: 4.25811575709766e-05 , std 4.2200001304925185e-05 
2023-05-13 15:57:29,053 INFO ofi_add_5: 3.006107187234152e-05 , std 3.792907502186308e-05 
2023-05-13 15:57:29,053 INFO ofi_add_6: 2.5374166712790394e-05 , std 3.526277056438916e-05 
2023-05-13 15:57:29,053 INFO ofi_add_7: 2.2226823582338253e-05 , std 3.5373183961804606e-05 
2023-05-13 15:57:29,053 INFO ofi_add_8: 1.815655070881141e-05 , std 3.16557609048439e-05 
2023-05-13 15:57:29,053 INFO ofi_add_9: 1.779698566463266e-05 , std 3.2412005675475586e-05 
2023-05-13 15:57:29,053 INFO ofi_cancel_1: 9.459777267670487e-05 , std 8.056132618235777e-05 
2023-05-13 15:57:29,053 INFO ofi_cancel_2: 0.00010534008227411122 , std 6.850699406884316e-05 
2023-05-13 15:57:29,053 INFO ofi_cancel_3: 6.188909088566274e-05 , std 5.1439639836213566e-05 
2023-05-13 15:57:29,053 INFO ofi_cancel_4: 3.973942885998825e-05 , std 4.453320185656564e-05 
2023-05-13 15:57:29,053 INFO ofi_cancel_5: 2.5608426536740887e-05 , std 3.681260909216549e-05 
2023-05-13 15:57:29,053 INFO ofi_cancel_6: 2.0577425380183185e-05 , std 3.84786851274384e-05 
2023-05-13 15:57:29,053 INFO ofi_cancel_7: 1.6241985598081897e-05 , std 3.698252276466905e-05 
2023-05-13 15:57:29,053 INFO ofi_cancel_8: 1.365745524051304e-05 , std 3.2095278443681134e-05 
2023-05-13 15:57:29,053 INFO ofi_cancel_9: 1.2650192650830858e-05 , std 3.396860939439737e-05 
2023-05-13 15:57:29,053 INFO ofi_trade_1: 6.125685535452454e-05 , std 0.00010911802806833507 
2023-05-13 15:57:29,053 INFO ofi_trade_2: 6.86398730390369e-05 , std 0.0001113979570077626 
2023-05-13 15:57:29,054 INFO ofi_trade_3: 6.0603874016047825e-05 , std 9.933415136977393e-05 
2023-05-13 15:57:29,054 INFO ofi_trade_4: 5.4815803040803264e-05 , std 9.62879253185819e-05 
2023-05-13 15:57:29,054 INFO ofi_trade_5: 4.8795668612668e-05 , std 8.732312586687032e-05 
2023-05-13 15:57:29,054 INFO ofi_trade_6: 4.9886814299197465e-05 , std 9.157535699651379e-05 
2023-05-13 15:57:29,054 INFO ofi_trade_7: 5.255478548284643e-05 , std 9.139432708188652e-05 
2023-05-13 15:57:29,054 INFO ofi_trade_8: 5.5183459259713934e-05 , std 9.769574671337616e-05 
2023-05-13 15:57:29,054 INFO ofi_trade_9: 6.182698989324421e-05 , std 0.0001115571479166192 
2023-05-13 15:57:29,054 INFO used_intercept: 1.0 , std 0.0 
2023-05-13 15:57:29,054 INFO used_ofi_add_1: 0.9058916567813365 , std 0.29197938789459393 
2023-05-13 15:57:29,054 INFO used_ofi_add_2: 0.9533412415974694 , std 0.2109068957309479 
2023-05-13 15:57:29,054 INFO used_ofi_add_3: 0.900355871886121 , std 0.2995249169039262 
2023-05-13 15:57:29,054 INFO used_ofi_add_4: 0.8252273625939106 , std 0.3797725143032457 
2023-05-13 15:57:29,054 INFO used_ofi_add_5: 0.7330960854092526 , std 0.4423417400233471 
2023-05-13 15:57:29,054 INFO used_ofi_add_6: 0.6982997232107553 , std 0.4589958820888679 
2023-05-13 15:57:29,054 INFO used_ofi_add_7: 0.6702253855278766 , std 0.4701311711872398 
2023-05-13 15:57:29,054 INFO used_ofi_add_8: 0.6540134440490313 , std 0.4756888258642996 
2023-05-13 15:57:29,054 INFO used_ofi_add_9: 0.6555950968762356 , std 0.47517382696027655 
2023-05-13 15:57:29,054 INFO used_ofi_cancel_1: 0.8896797153024911 , std 0.31328855625727775 
2023-05-13 15:57:29,054 INFO used_ofi_cancel_2: 0.9545274812178727 , std 0.20833811177443365 
2023-05-13 15:57:29,054 INFO used_ofi_cancel_3: 0.8687228153420324 , std 0.3377032505710383 
2023-05-13 15:57:29,054 INFO used_ofi_cancel_4: 0.7659153815737446 , std 0.42342532971291386 
2023-05-13 15:57:29,054 INFO used_ofi_cancel_5: 0.6536180308422301 , std 0.47581666700542935 
2023-05-13 15:57:29,054 INFO used_ofi_cancel_6: 0.6156583629893239 , std 0.48643924910581565 
2023-05-13 15:57:29,054 INFO used_ofi_cancel_7: 0.5377619612495057 , std 0.49857199508455224 
2023-05-13 15:57:29,054 INFO used_ofi_cancel_8: 0.5001977066034006 , std 0.4999999609120974 
2023-05-13 15:57:29,054 INFO used_ofi_cancel_9: 0.561091340450771 , std 0.4962538142139846 
2023-05-13 15:57:29,054 INFO used_ofi_trade_1: 0.4800316330565441 , std 0.4996011052045536 
2023-05-13 15:57:29,054 INFO used_ofi_trade_2: 0.5353894820086991 , std 0.49874601207744607 
2023-05-13 15:57:29,054 INFO used_ofi_trade_3: 0.5401344404903123 , std 0.4983866237034553 
2023-05-13 15:57:29,054 INFO used_ofi_trade_4: 0.5219454329774614 , std 0.49951816580724245 
2023-05-13 15:57:29,054 INFO used_ofi_trade_5: 0.4930802688809806 , std 0.49995211502826997 
2023-05-13 15:57:29,055 INFO used_ofi_trade_6: 0.49110320284697506 , std 0.4999208407342286 
2023-05-13 15:57:29,055 INFO used_ofi_trade_7: 0.505338078291815 , std 0.49997150410813457 
2023-05-13 15:57:29,055 INFO used_ofi_trade_8: 0.5211546065638593 , std 0.4995522821698729 
2023-05-13 15:57:29,055 INFO used_ofi_trade_9: 0.520363780150257 , std 0.499585144352784 
2023-05-13 15:57:29,055 INFO Grouping by ofi type:
2023-05-13 15:57:29,055 INFO add: 6.996045867931989
2023-05-13 15:57:29,055 INFO cancel: 6.347172795571372
2023-05-13 15:57:29,055 INFO trade: 4.608540925266904
2023-05-13 15:57:29,056 INFO Grouping by level:
2023-05-13 15:57:29,056 INFO 1: 2.2756030051403715
2023-05-13 15:57:29,056 INFO 2: 2.443258204824041
2023-05-13 15:57:29,056 INFO 3: 2.3092131277184658
2023-05-13 15:57:29,056 INFO 4: 2.1130881771451167
2023-05-13 15:57:29,056 INFO 5: 1.8797943851324632
2023-05-13 15:57:29,056 INFO 6: 1.805061289047054
2023-05-13 15:57:29,056 INFO 7: 1.7133254250691974
2023-05-13 15:57:29,056 INFO 8: 1.6753657572162912
2023-05-13 15:57:29,056 INFO 9: 1.7370502174772637
2023-05-13 15:57:29,056 INFO Non empty regressions: 1.0 --- 2529 / 2529
