2023-05-13 15:56:34,718 INFO Starting...
2023-05-13 15:56:34,718 INFO Tickers: ['NVDA']
2023-05-13 15:56:38,841 INFO in_r2: 0.91944567837272 , std 0.05675213259329515 
2023-05-13 15:56:38,841 INFO os_r2: 0.8721998724761242 , std 0.17883576006927018 
2023-05-13 15:56:38,841 INFO intercept: 8.577805396318454e-07 , std 1.2244207599432594e-05 
2023-05-13 15:56:38,841 INFO ofi_add_1: 3.114230706077591e-05 , std 3.007348717234791e-05 
2023-05-13 15:56:38,841 INFO ofi_add_2: 3.7942755954677976e-05 , std 3.301104568432429e-05 
2023-05-13 15:56:38,841 INFO ofi_add_3: 3.99187714664043e-05 , std 3.3231883285941656e-05 
2023-05-13 15:56:38,841 INFO ofi_add_4: 3.8453796085299684e-05 , std 3.347659031472285e-05 
2023-05-13 15:56:38,841 INFO ofi_add_5: 3.628330078447824e-05 , std 3.207764248719895e-05 
2023-05-13 15:56:38,841 INFO ofi_add_6: 3.412110458771749e-05 , std 3.167873148476612e-05 
2023-05-13 15:56:38,841 INFO ofi_add_7: 3.3704317363831315e-05 , std 3.084706715487428e-05 
2023-05-13 15:56:38,841 INFO ofi_add_8: 3.556732521901292e-05 , std 3.3050169320092334e-05 
2023-05-13 15:56:38,842 INFO ofi_add_9: 6.248628671235817e-05 , std 4.0249068804897307e-05 
2023-05-13 15:56:38,842 INFO ofi_cancel_1: 3.176383962820819e-05 , std 3.865983523966266e-05 
2023-05-13 15:56:38,842 INFO ofi_cancel_2: 3.931186125196196e-05 , std 3.575745754030214e-05 
2023-05-13 15:56:38,842 INFO ofi_cancel_3: 3.931770840905601e-05 , std 3.491507344029772e-05 
2023-05-13 15:56:38,842 INFO ofi_cancel_4: 3.6590853001764526e-05 , std 3.4493523683401504e-05 
2023-05-13 15:56:38,842 INFO ofi_cancel_5: 3.458027359619352e-05 , std 3.339264680805354e-05 
2023-05-13 15:56:38,842 INFO ofi_cancel_6: 3.236088477438724e-05 , std 3.251561887856376e-05 
2023-05-13 15:56:38,842 INFO ofi_cancel_7: 3.187649950859749e-05 , std 3.184554447645362e-05 
2023-05-13 15:56:38,842 INFO ofi_cancel_8: 3.372270341816464e-05 , std 3.412878062105854e-05 
2023-05-13 15:56:38,842 INFO ofi_cancel_9: 6.148139017802573e-05 , std 4.1998007727274204e-05 
2023-05-13 15:56:38,842 INFO ofi_trade_1: 1.9888209260347396e-05 , std 3.491954403795913e-05 
2023-05-13 15:56:38,842 INFO ofi_trade_2: 3.0382729320256648e-05 , std 3.692051704544226e-05 
2023-05-13 15:56:38,842 INFO ofi_trade_3: 3.6866023524133734e-05 , std 4.0597244519888533e-05 
2023-05-13 15:56:38,842 INFO ofi_trade_4: 3.846898521891715e-05 , std 4.0775569323819515e-05 
2023-05-13 15:56:38,842 INFO ofi_trade_5: 3.863015164630409e-05 , std 4.059140427301414e-05 
2023-05-13 15:56:38,842 INFO ofi_trade_6: 3.6682691770982246e-05 , std 3.88715869421014e-05 
2023-05-13 15:56:38,842 INFO ofi_trade_7: 3.7925234595730476e-05 , std 3.856038889018738e-05 
2023-05-13 15:56:38,842 INFO ofi_trade_8: 4.142870150112157e-05 , std 4.075004331534847e-05 
2023-05-13 15:56:38,842 INFO ofi_trade_9: 7.09699283188533e-05 , std 4.8229105775425936e-05 
2023-05-13 15:56:38,842 INFO used_intercept: 0.9997276688453159 , std 0.016500211829739774 
2023-05-13 15:56:38,842 INFO used_ofi_add_1: 0.8356481481481481 , std 0.3705945502091454 
2023-05-13 15:56:38,842 INFO used_ofi_add_2: 0.8849400871459695 , std 0.31909423264617837 
2023-05-13 15:56:38,842 INFO used_ofi_add_3: 0.9057734204793029 , std 0.29214368251346273 
2023-05-13 15:56:38,842 INFO used_ofi_add_4: 0.9015522875816994 , std 0.29791904997482827 
2023-05-13 15:56:38,842 INFO used_ofi_add_5: 0.8910675381263616 , std 0.3115544585201545 
2023-05-13 15:56:38,842 INFO used_ofi_add_6: 0.8813997821350763 , std 0.32331750058930675 
2023-05-13 15:56:38,842 INFO used_ofi_add_7: 0.8823529411764706 , std 0.32218973970892123 
2023-05-13 15:56:38,842 INFO used_ofi_add_8: 0.8956971677559913 , std 0.30565299185495776 
2023-05-13 15:56:38,842 INFO used_ofi_add_9: 0.9797113289760349 , std 0.14098595976921413 
2023-05-13 15:56:38,842 INFO used_ofi_cancel_1: 0.6759259259259259 , std 0.4680278502259301 
2023-05-13 15:56:38,842 INFO used_ofi_cancel_2: 0.8604302832244008 , std 0.34654005675358535 
2023-05-13 15:56:38,842 INFO used_ofi_cancel_3: 0.8691448801742919 , std 0.33724183821273956 
2023-05-13 15:56:38,842 INFO used_ofi_cancel_4: 0.8523965141612201 , std 0.3547064938889913 
2023-05-13 15:56:38,843 INFO used_ofi_cancel_5: 0.8479030501089324 , std 0.3591148391878309 
2023-05-13 15:56:38,843 INFO used_ofi_cancel_6: 0.8421840958605664 , std 0.3645682988687945 
2023-05-13 15:56:38,843 INFO used_ofi_cancel_7: 0.8359204793028322 , std 0.37034771713209663 
2023-05-13 15:56:38,843 INFO used_ofi_cancel_8: 0.840958605664488 , std 0.36571468281069625 
2023-05-13 15:56:38,843 INFO used_ofi_cancel_9: 0.9557461873638344 , std 0.2056584856098302 
2023-05-13 15:56:38,843 INFO used_ofi_trade_1: 0.5513344226579521 , std 0.4973577958073792 
2023-05-13 15:56:38,843 INFO used_ofi_trade_2: 0.6910403050108932 , std 0.4620644996765548 
2023-05-13 15:56:38,843 INFO used_ofi_trade_3: 0.7410130718954249 , std 0.4380784166967494 
2023-05-13 15:56:38,843 INFO used_ofi_trade_4: 0.7674291938997821 , std 0.42247085846258403 
2023-05-13 15:56:38,843 INFO used_ofi_trade_5: 0.7754629629629629 , std 0.41727707346038717 
2023-05-13 15:56:38,843 INFO used_ofi_trade_6: 0.7664760348583878 , std 0.4230727157902661 
2023-05-13 15:56:38,843 INFO used_ofi_trade_7: 0.7854030501089324 , std 0.4105424448074988 
2023-05-13 15:56:38,843 INFO used_ofi_trade_8: 0.815359477124183 , std 0.3880056703038782 
2023-05-13 15:56:38,843 INFO used_ofi_trade_9: 0.9410403050108932 , std 0.2355492503827984 
2023-05-13 15:56:38,845 INFO Grouping by ofi type:
2023-05-13 15:56:38,845 INFO add: 8.058142701525055
2023-05-13 15:56:38,845 INFO cancel: 7.580610021786492
2023-05-13 15:56:38,845 INFO trade: 6.834558823529411
2023-05-13 15:56:38,845 INFO Grouping by level:
2023-05-13 15:56:38,845 INFO 1: 2.062908496732026
2023-05-13 15:56:38,845 INFO 2: 2.4364106753812633
2023-05-13 15:56:38,845 INFO 3: 2.5159313725490198
2023-05-13 15:56:38,845 INFO 4: 2.521377995642702
2023-05-13 15:56:38,845 INFO 5: 2.5144335511982567
2023-05-13 15:56:38,845 INFO 6: 2.4900599128540306
2023-05-13 15:56:38,845 INFO 7: 2.5036764705882355
2023-05-13 15:56:38,845 INFO 8: 2.5520152505446623
2023-05-13 15:56:38,845 INFO 9: 2.8764978213507626
2023-05-13 15:56:38,846 INFO Non empty regressions: 1.0 --- 7344 / 7344
