2023-05-13 15:55:57,418 INFO Starting...
2023-05-13 15:55:57,418 INFO Tickers: ['PEP']
2023-05-13 15:56:00,752 INFO in_r2: 0.9183331919845189 , std 0.05137810620545017 
2023-05-13 15:56:00,752 INFO os_r2: 0.8839168085218984 , std 0.08970976307978906 
2023-05-13 15:56:00,752 INFO intercept: -6.418363552042395e-08 , std 4.046445570338351e-06 
2023-05-13 15:56:00,752 INFO ofi_add_1: 4.760311002706628e-05 , std 4.002154233649754e-05 
2023-05-13 15:56:00,752 INFO ofi_add_2: 5.2512668923797905e-05 , std 4.191576334615174e-05 
2023-05-13 15:56:00,752 INFO ofi_add_3: 4.976900382124804e-05 , std 3.765233882213058e-05 
2023-05-13 15:56:00,752 INFO ofi_add_4: 4.847034939778759e-05 , std 3.6582098285966364e-05 
2023-05-13 15:56:00,752 INFO ofi_add_5: 3.9413419124879514e-05 , std 3.2399693779156906e-05 
2023-05-13 15:56:00,752 INFO ofi_add_6: 3.457319532246481e-05 , std 3.1005744857301176e-05 
2023-05-13 15:56:00,752 INFO ofi_add_7: 3.028297252243765e-05 , std 2.948774862532125e-05 
2023-05-13 15:56:00,752 INFO ofi_add_8: 3.51895033748708e-05 , std 3.305294692015412e-05 
2023-05-13 15:56:00,752 INFO ofi_add_9: 4.436807424363177e-05 , std 3.946377558683516e-05 
2023-05-13 15:56:00,752 INFO ofi_cancel_1: 3.492113141585635e-05 , std 4.1384344973767694e-05 
2023-05-13 15:56:00,753 INFO ofi_cancel_2: 5.4939348351546634e-05 , std 4.635301739723952e-05 
2023-05-13 15:56:00,753 INFO ofi_cancel_3: 5.044880403231626e-05 , std 3.9959039200955546e-05 
2023-05-13 15:56:00,753 INFO ofi_cancel_4: 5.0065665212858975e-05 , std 3.963548094232922e-05 
2023-05-13 15:56:00,753 INFO ofi_cancel_5: 3.788938364714565e-05 , std 3.455137255710419e-05 
2023-05-13 15:56:00,753 INFO ofi_cancel_6: 3.1840139791184264e-05 , std 3.255771009091866e-05 
2023-05-13 15:56:00,753 INFO ofi_cancel_7: 2.623358471288223e-05 , std 3.050232688885776e-05 
2023-05-13 15:56:00,753 INFO ofi_cancel_8: 3.0040862733748313e-05 , std 3.471225950478851e-05 
2023-05-13 15:56:00,753 INFO ofi_cancel_9: 4.079341170980399e-05 , std 4.227980139041359e-05 
2023-05-13 15:56:00,753 INFO ofi_trade_1: 2.1012206132113404e-05 , std 4.704434991096796e-05 
2023-05-13 15:56:00,753 INFO ofi_trade_2: 3.7827190839838665e-05 , std 5.242422175016949e-05 
2023-05-13 15:56:00,753 INFO ofi_trade_3: 4.928954407173982e-05 , std 5.319692687087737e-05 
2023-05-13 15:56:00,753 INFO ofi_trade_4: 5.136131089415495e-05 , std 5.1639274874661035e-05 
2023-05-13 15:56:00,753 INFO ofi_trade_5: 4.5956198226752434e-05 , std 4.760023290160007e-05 
2023-05-13 15:56:00,753 INFO ofi_trade_6: 3.987604029235925e-05 , std 4.404711771579321e-05 
2023-05-13 15:56:00,753 INFO ofi_trade_7: 3.751503332217043e-05 , std 4.4730829843104694e-05 
2023-05-13 15:56:00,753 INFO ofi_trade_8: 4.242163860314206e-05 , std 5.003959535866968e-05 
2023-05-13 15:56:00,753 INFO ofi_trade_9: 5.0793405244865096e-05 , std 5.563015190861867e-05 
2023-05-13 15:56:00,753 INFO used_intercept: 0.9998479087452471 , std 0.012331590449049117 
2023-05-13 15:56:00,753 INFO used_ofi_add_1: 0.8901901140684411 , std 0.3126526425336222 
2023-05-13 15:56:00,753 INFO used_ofi_add_2: 0.8842585551330798 , std 0.3199146179952361 
2023-05-13 15:56:00,753 INFO used_ofi_add_3: 0.8883650190114069 , std 0.3149168334787291 
2023-05-13 15:56:00,753 INFO used_ofi_add_4: 0.8926235741444867 , std 0.30959122892292795 
2023-05-13 15:56:00,753 INFO used_ofi_add_5: 0.8736121673003803 , std 0.3322859437970747 
2023-05-13 15:56:00,753 INFO used_ofi_add_6: 0.8511026615969581 , std 0.35598724839456247 
2023-05-13 15:56:00,753 INFO used_ofi_add_7: 0.8253992395437262 , std 0.3796252558831731 
2023-05-13 15:56:00,753 INFO used_ofi_add_8: 0.8089733840304183 , std 0.39310996929713155 
2023-05-13 15:56:00,753 INFO used_ofi_add_9: 0.7966539923954372 , std 0.40248777471601277 
2023-05-13 15:56:00,753 INFO used_ofi_cancel_1: 0.6483650190114069 , std 0.47748070236790185 
2023-05-13 15:56:00,753 INFO used_ofi_cancel_2: 0.8371102661596959 , std 0.3692650382174557 
2023-05-13 15:56:00,753 INFO used_ofi_cancel_3: 0.8617490494296578 , std 0.34516318638687266 
2023-05-13 15:56:00,753 INFO used_ofi_cancel_4: 0.8781749049429658 , std 0.32708369153991584 
2023-05-13 15:56:00,753 INFO used_ofi_cancel_5: 0.8240304182509506 , std 0.3807942857345867 
2023-05-13 15:56:00,754 INFO used_ofi_cancel_6: 0.7773384030418251 , std 0.41603294364534427 
2023-05-13 15:56:00,754 INFO used_ofi_cancel_7: 0.7041825095057034 , std 0.45640935881284617 
2023-05-13 15:56:00,754 INFO used_ofi_cancel_8: 0.6739163498098859 , std 0.46877830929854825 
2023-05-13 15:56:00,754 INFO used_ofi_cancel_9: 0.6886692015209126 , std 0.4630377224346428 
2023-05-13 15:56:00,754 INFO used_ofi_trade_1: 0.27269961977186313 , std 0.44534765874330634 
2023-05-13 15:56:00,754 INFO used_ofi_trade_2: 0.532319391634981 , std 0.49895436356879846 
2023-05-13 15:56:00,754 INFO used_ofi_trade_3: 0.698555133079848 , std 0.45888545316630364 
2023-05-13 15:56:00,754 INFO used_ofi_trade_4: 0.7458555133079848 , std 0.43537922157134157 
2023-05-13 15:56:00,754 INFO used_ofi_trade_5: 0.7355133079847909 , std 0.44105949911781867 
2023-05-13 15:56:00,754 INFO used_ofi_trade_6: 0.703574144486692 , std 0.4566810349647897 
2023-05-13 15:56:00,754 INFO used_ofi_trade_7: 0.6647908745247149 , std 0.4720635208034822 
2023-05-13 15:56:00,754 INFO used_ofi_trade_8: 0.6459315589353612 , std 0.47823004935563723 
2023-05-13 15:56:00,754 INFO used_ofi_trade_9: 0.6477566539923955 , std 0.4776693115545226 
2023-05-13 15:56:00,755 INFO Grouping by ofi type:
2023-05-13 15:56:00,755 INFO add: 7.711178707224334
2023-05-13 15:56:00,755 INFO cancel: 6.893536121673005
2023-05-13 15:56:00,755 INFO trade: 5.6469961977186305
2023-05-13 15:56:00,755 INFO Grouping by level:
2023-05-13 15:56:00,755 INFO 1: 1.8112547528517111
2023-05-13 15:56:00,755 INFO 2: 2.2536882129277567
2023-05-13 15:56:00,755 INFO 3: 2.4486692015209126
2023-05-13 15:56:00,755 INFO 4: 2.516653992395437
2023-05-13 15:56:00,755 INFO 5: 2.4331558935361217
2023-05-13 15:56:00,755 INFO 6: 2.3320152091254753
2023-05-13 15:56:00,755 INFO 7: 2.1943726235741443
2023-05-13 15:56:00,755 INFO 8: 2.1288212927756653
2023-05-13 15:56:00,755 INFO 9: 2.1330798479087454
2023-05-13 15:56:00,756 INFO Non empty regressions: 0.9996958174904943 --- 6573 / 6575
