2023-05-13 15:55:45,129 INFO Starting...
2023-05-13 15:55:45,129 INFO Tickers: ['PFE']
2023-05-13 15:55:48,092 INFO in_r2: 0.9724897742839773 , std 0.04219486801160926 
2023-05-13 15:55:48,093 INFO os_r2: 0.917963747044637 , std 0.4738435078975579 
2023-05-13 15:55:48,093 INFO intercept: 1.716903544871076e-07 , std 2.924138020103645e-06 
2023-05-13 15:55:48,093 INFO ofi_add_1: 5.6451828592688507e-05 , std 5.048147772981946e-05 
2023-05-13 15:55:48,093 INFO ofi_add_2: 0.00018506461110455596 , std 0.0001093280587407173 
2023-05-13 15:55:48,093 INFO ofi_add_3: 7.098880363021139e-05 , std 7.617219591337916e-05 
2023-05-13 15:55:48,093 INFO ofi_add_4: 0.00014527242781785233 , std 0.00012431530543679348 
2023-05-13 15:55:48,093 INFO ofi_add_5: 0.00014368800981052305 , std 0.00012155056330569723 
2023-05-13 15:55:48,093 INFO ofi_add_6: 0.00012346713126887472 , std 0.000124781622398366 
2023-05-13 15:55:48,093 INFO ofi_add_7: 7.839402280780932e-05 , std 0.00010108290765138095 
2023-05-13 15:55:48,093 INFO ofi_add_8: 5.5058494334176167e-05 , std 8.43885079039047e-05 
2023-05-13 15:55:48,093 INFO ofi_add_9: 5.150045100690869e-05 , std 8.59823533335036e-05 
2023-05-13 15:55:48,093 INFO ofi_cancel_1: 2.496202367698703e-05 , std 3.4807360888281404e-05 
2023-05-13 15:55:48,093 INFO ofi_cancel_2: 6.370940443169814e-05 , std 7.137067500358424e-05 
2023-05-13 15:55:48,093 INFO ofi_cancel_3: 7.36121217146191e-05 , std 8.123923828064066e-05 
2023-05-13 15:55:48,093 INFO ofi_cancel_4: 0.0001039374661226461 , std 0.00011612515030969406 
2023-05-13 15:55:48,093 INFO ofi_cancel_5: 0.00013942118836886115 , std 0.0001503036001732303 
2023-05-13 15:55:48,093 INFO ofi_cancel_6: 0.0001157644177169576 , std 0.0001441594867314097 
2023-05-13 15:55:48,093 INFO ofi_cancel_7: 7.032936520996223e-05 , std 0.00011371753410879812 
2023-05-13 15:55:48,093 INFO ofi_cancel_8: 5.753469355227262e-05 , std 0.00010601633346904064 
2023-05-13 15:55:48,093 INFO ofi_cancel_9: 4.255219752074413e-05 , std 9.077257131434412e-05 
2023-05-13 15:55:48,093 INFO ofi_trade_1: 8.391882515888636e-06 , std 3.167841684889988e-05 
2023-05-13 15:55:48,093 INFO ofi_trade_2: 0.00016945257258385512 , std 0.00012875137989007003 
2023-05-13 15:55:48,093 INFO ofi_trade_3: 0.00013757338023514975 , std 0.00011420954830297333 
2023-05-13 15:55:48,093 INFO ofi_trade_4: 0.00014105278194330648 , std 0.00013307188700896656 
2023-05-13 15:55:48,093 INFO ofi_trade_5: 0.0001295285764933284 , std 0.00012853837598529594 
2023-05-13 15:55:48,093 INFO ofi_trade_6: 9.364980689071971e-05 , std 0.0001185629678936534 
2023-05-13 15:55:48,093 INFO ofi_trade_7: 6.199351374394016e-05 , std 9.512680208931758e-05 
2023-05-13 15:55:48,093 INFO ofi_trade_8: 4.6700861997489254e-05 , std 8.281663593168843e-05 
2023-05-13 15:55:48,093 INFO ofi_trade_9: 4.610112327290639e-05 , std 8.589404371676121e-05 
2023-05-13 15:55:48,093 INFO used_intercept: 0.9995860356009383 , std 0.02034190336566345 
2023-05-13 15:55:48,093 INFO used_ofi_add_1: 0.968952670070374 , std 0.17344564922149816 
2023-05-13 15:55:48,093 INFO used_ofi_add_2: 0.9877190561611702 , std 0.11013683424385036 
2023-05-13 15:55:48,093 INFO used_ofi_add_3: 0.7997792189871671 , std 0.40016549059538364 
2023-05-13 15:55:48,093 INFO used_ofi_add_4: 0.856906306057679 , std 0.3501683719245105 
2023-05-13 15:55:48,093 INFO used_ofi_add_5: 0.787912239547399 , std 0.4087866709162631 
2023-05-13 15:55:48,093 INFO used_ofi_add_6: 0.6635849316958742 , std 0.4724827723018652 
2023-05-13 15:55:48,093 INFO used_ofi_add_7: 0.5157996412308542 , std 0.49975030899137646 
2023-05-13 15:55:48,093 INFO used_ofi_add_8: 0.42058782944666756 , std 0.4936534281943238 
2023-05-13 15:55:48,093 INFO used_ofi_add_9: 0.3762936387470677 , std 0.48445509202149895 
2023-05-13 15:55:48,093 INFO used_ofi_cancel_1: 0.5863115772043604 , std 0.49249397117172483 
2023-05-13 15:55:48,093 INFO used_ofi_cancel_2: 0.6325376017662481 , std 0.48211387048917337 
2023-05-13 15:55:48,093 INFO used_ofi_cancel_3: 0.8021250172485166 , std 0.39839738196000174 
2023-05-13 15:55:48,093 INFO used_ofi_cancel_4: 0.7120187663860909 , std 0.4528223080857659 
2023-05-13 15:55:48,094 INFO used_ofi_cancel_5: 0.6594452877052573 , std 0.4738957693719028 
2023-05-13 15:55:48,094 INFO used_ofi_cancel_6: 0.5331861459914448 , std 0.4988974641288874 
2023-05-13 15:55:48,094 INFO used_ofi_cancel_7: 0.38912653511797984 , std 0.4875521251979684 
2023-05-13 15:55:48,094 INFO used_ofi_cancel_8: 0.3324134124465296 , std 0.471078269157242 
2023-05-13 15:55:48,094 INFO used_ofi_cancel_9: 0.2534842003587691 , std 0.4350057017180861 
2023-05-13 15:55:48,094 INFO used_ofi_trade_1: 0.11563405547122947 , std 0.31978558548894304 
2023-05-13 15:55:48,094 INFO used_ofi_trade_2: 0.8558024009935146 , std 0.3512899819910188 
2023-05-13 15:55:48,094 INFO used_ofi_trade_3: 0.8523526976680006 , std 0.3547500196562117 
2023-05-13 15:55:48,094 INFO used_ofi_trade_4: 0.7807368566303298 , std 0.4137472867939096 
2023-05-13 15:55:48,094 INFO used_ofi_trade_5: 0.6935283565613357 , std 0.461027954908017 
2023-05-13 15:55:48,094 INFO used_ofi_trade_6: 0.5311163239961363 , std 0.4990308351003647 
2023-05-13 15:55:48,094 INFO used_ofi_trade_7: 0.41299848213053675 , std 0.49237255801720864 
2023-05-13 15:55:48,094 INFO used_ofi_trade_8: 0.3417966054919277 , std 0.47431180247398785 
2023-05-13 15:55:48,094 INFO used_ofi_trade_9: 0.3140609907547951 , std 0.464140802818403 
2023-05-13 15:55:48,095 INFO Grouping by ofi type:
2023-05-13 15:55:48,095 INFO add: 6.377535531944254
2023-05-13 15:55:48,095 INFO cancel: 4.900648544225197
2023-05-13 15:55:48,095 INFO trade: 4.898026769697806
2023-05-13 15:55:48,095 INFO Grouping by level:
2023-05-13 15:55:48,095 INFO 1: 1.6708983027459638
2023-05-13 15:55:48,095 INFO 2: 2.476059058920933
2023-05-13 15:55:48,095 INFO 3: 2.454256933903684
2023-05-13 15:55:48,095 INFO 4: 2.3496619290740997
2023-05-13 15:55:48,095 INFO 5: 2.140885883813992
2023-05-13 15:55:48,095 INFO 6: 1.7278874016834551
2023-05-13 15:55:48,095 INFO 7: 1.317924658479371
2023-05-13 15:55:48,095 INFO 8: 1.094797847385125
2023-05-13 15:55:48,095 INFO 9: 0.943838829860632
2023-05-13 15:55:48,095 INFO Non empty regressions: 0.9997240237339589 --- 7245 / 7247
