2023-05-13 15:58:44,491 INFO Starting...
2023-05-13 15:58:44,491 INFO Tickers: ['PNC']
2023-05-13 15:58:47,501 INFO in_r2: 0.8625912917362216 , std 0.07721910805950237 
2023-05-13 15:58:47,501 INFO os_r2: 0.8124454170986352 , std 0.2825451200653598 
2023-05-13 15:58:47,501 INFO intercept: -8.020754358731448e-07 , std 9.543010070287645e-06 
2023-05-13 15:58:47,501 INFO ofi_add_1: 8.503268723550812e-05 , std 7.030397182741552e-05 
2023-05-13 15:58:47,501 INFO ofi_add_2: 9.444197557210257e-05 , std 6.296114065224954e-05 
2023-05-13 15:58:47,501 INFO ofi_add_3: 6.869741219766569e-05 , std 5.4452001789352994e-05 
2023-05-13 15:58:47,501 INFO ofi_add_4: 4.9425958145206834e-05 , std 4.6731503241859646e-05 
2023-05-13 15:58:47,501 INFO ofi_add_5: 4.001889701477535e-05 , std 4.4916397269008104e-05 
2023-05-13 15:58:47,501 INFO ofi_add_6: 3.5636852950328107e-05 , std 4.160224402949383e-05 
2023-05-13 15:58:47,501 INFO ofi_add_7: 3.156898354520239e-05 , std 4.179874781258482e-05 
2023-05-13 15:58:47,502 INFO ofi_add_8: 2.9138708534314534e-05 , std 4.06195630891688e-05 
2023-05-13 15:58:47,502 INFO ofi_add_9: 2.823482956923882e-05 , std 4.090749302014861e-05 
2023-05-13 15:58:47,502 INFO ofi_cancel_1: 9.902981795597878e-05 , std 8.554255252708921e-05 
2023-05-13 15:58:47,502 INFO ofi_cancel_2: 0.00010176619611240548 , std 6.919770339840214e-05 
2023-05-13 15:58:47,502 INFO ofi_cancel_3: 6.365738044522787e-05 , std 5.551656193217357e-05 
2023-05-13 15:58:47,502 INFO ofi_cancel_4: 4.4957425594433654e-05 , std 4.830854440853486e-05 
2023-05-13 15:58:47,502 INFO ofi_cancel_5: 3.3316676138979235e-05 , std 4.509269538789328e-05 
2023-05-13 15:58:47,502 INFO ofi_cancel_6: 2.8593244513150286e-05 , std 4.1386293747998785e-05 
2023-05-13 15:58:47,502 INFO ofi_cancel_7: 2.5426567870420063e-05 , std 4.120347653321277e-05 
2023-05-13 15:58:47,502 INFO ofi_cancel_8: 2.4753336945262817e-05 , std 4.159959922045436e-05 
2023-05-13 15:58:47,502 INFO ofi_cancel_9: 2.61584577163545e-05 , std 4.205473475235423e-05 
2023-05-13 15:58:47,502 INFO ofi_trade_1: 7.025009372031809e-05 , std 0.0001143365754049937 
2023-05-13 15:58:47,502 INFO ofi_trade_2: 6.165259309580763e-05 , std 9.459807449709604e-05 
2023-05-13 15:58:47,502 INFO ofi_trade_3: 5.10979260693897e-05 , std 8.578613101209883e-05 
2023-05-13 15:58:47,502 INFO ofi_trade_4: 4.5384871959707025e-05 , std 8.000183143091894e-05 
2023-05-13 15:58:47,502 INFO ofi_trade_5: 4.901151374390332e-05 , std 8.600224608760125e-05 
2023-05-13 15:58:47,502 INFO ofi_trade_6: 5.906527427285672e-05 , std 0.0001017666864815071 
2023-05-13 15:58:47,502 INFO ofi_trade_7: 6.52686574886928e-05 , std 0.00010748090411439412 
2023-05-13 15:58:47,502 INFO ofi_trade_8: 6.883345506791889e-05 , std 0.00011090987148666921 
2023-05-13 15:58:47,502 INFO ofi_trade_9: 8.069363331302088e-05 , std 0.00011397829326629688 
2023-05-13 15:58:47,502 INFO used_intercept: 0.9997989949748743 , std 0.01417619914171293 
2023-05-13 15:58:47,502 INFO used_ofi_add_1: 0.9101507537688442 , std 0.28596566084557934 
2023-05-13 15:58:47,502 INFO used_ofi_add_2: 0.9537688442211055 , std 0.2099853233305653 
2023-05-13 15:58:47,502 INFO used_ofi_add_3: 0.9109547738693468 , std 0.2848090129086404 
2023-05-13 15:58:47,502 INFO used_ofi_add_4: 0.8395979899497488 , std 0.3669784805981004 
2023-05-13 15:58:47,502 INFO used_ofi_add_5: 0.7807035175879397 , std 0.41376990612387127 
2023-05-13 15:58:47,502 INFO used_ofi_add_6: 0.7390954773869347 , std 0.4391279456981915 
2023-05-13 15:58:47,502 INFO used_ofi_add_7: 0.708140703517588 , std 0.4546179137904748 
2023-05-13 15:58:47,502 INFO used_ofi_add_8: 0.6896482412060302 , std 0.4626375953243093 
2023-05-13 15:58:47,502 INFO used_ofi_add_9: 0.7021105527638191 , std 0.45733065112837507 
2023-05-13 15:58:47,502 INFO used_ofi_cancel_1: 0.8779899497487437 , std 0.3272974150355334 
2023-05-13 15:58:47,502 INFO used_ofi_cancel_2: 0.9499497487437186 , std 0.21804867256065677 
2023-05-13 15:58:47,502 INFO used_ofi_cancel_3: 0.8615075376884422 , std 0.3454161261354767 
2023-05-13 15:58:47,502 INFO used_ofi_cancel_4: 0.7829145728643216 , std 0.4122612575309478 
2023-05-13 15:58:47,503 INFO used_ofi_cancel_5: 0.701105527638191 , std 0.45777348847805155 
2023-05-13 15:58:47,503 INFO used_ofi_cancel_6: 0.6317587939698492 , std 0.4823272957355937 
2023-05-13 15:58:47,503 INFO used_ofi_cancel_7: 0.6120603015075377 , std 0.4872807084484669 
2023-05-13 15:58:47,503 INFO used_ofi_cancel_8: 0.6090452261306533 , std 0.48796428010471693 
2023-05-13 15:58:47,503 INFO used_ofi_cancel_9: 0.6345728643216081 , std 0.4815497317913053 
2023-05-13 15:58:47,503 INFO used_ofi_trade_1: 0.5097487437185929 , std 0.4999049529619698 
2023-05-13 15:58:47,503 INFO used_ofi_trade_2: 0.5465326633165829 , std 0.49783000235488567 
2023-05-13 15:58:47,503 INFO used_ofi_trade_3: 0.5262311557788945 , std 0.4993114523686628 
2023-05-13 15:58:47,503 INFO used_ofi_trade_4: 0.5081407035175879 , std 0.49993372455380397 
2023-05-13 15:58:47,503 INFO used_ofi_trade_5: 0.5085427135678392 , std 0.49992701671833845 
2023-05-13 15:58:47,503 INFO used_ofi_trade_6: 0.5429145728643217 , std 0.49815493517165205 
2023-05-13 15:58:47,503 INFO used_ofi_trade_7: 0.5678391959798995 , std 0.49537646642609173 
2023-05-13 15:58:47,503 INFO used_ofi_trade_8: 0.588140703517588 , std 0.49216990601155675 
2023-05-13 15:58:47,503 INFO used_ofi_trade_9: 0.6393969849246232 , std 0.48017546854657667 
2023-05-13 15:58:47,504 INFO Grouping by ofi type:
2023-05-13 15:58:47,504 INFO add: 7.2341708542713565
2023-05-13 15:58:47,504 INFO cancel: 6.660904522613066
2023-05-13 15:58:47,504 INFO trade: 4.93748743718593
2023-05-13 15:58:47,504 INFO Grouping by level:
2023-05-13 15:58:47,504 INFO 1: 2.297889447236181
2023-05-13 15:58:47,504 INFO 2: 2.450251256281407
2023-05-13 15:58:47,504 INFO 3: 2.2986934673366832
2023-05-13 15:58:47,504 INFO 4: 2.130653266331658
2023-05-13 15:58:47,504 INFO 5: 1.9903517587939699
2023-05-13 15:58:47,504 INFO 6: 1.9137688442211056
2023-05-13 15:58:47,504 INFO 7: 1.8880402010050252
2023-05-13 15:58:47,504 INFO 8: 1.8868341708542715
2023-05-13 15:58:47,504 INFO 9: 1.9760804020100502
2023-05-13 15:58:47,504 INFO Non empty regressions: 0.9997989949748743 --- 4974 / 4975
