2023-05-13 15:55:14,750 INFO Starting...
2023-05-13 15:55:14,751 INFO Tickers: ['UNH']
2023-05-13 15:55:17,739 INFO in_r2: 0.8668339770291507 , std 0.08499623034106892 
2023-05-13 15:55:17,739 INFO os_r2: 0.7597849371194887 , std 2.5939061086088167 
2023-05-13 15:55:17,739 INFO intercept: 3.7722693769771184e-07 , std 9.237481795638024e-06 
2023-05-13 15:55:17,739 INFO ofi_add_1: 6.0718875806148494e-05 , std 5.743752608532626e-05 
2023-05-13 15:55:17,739 INFO ofi_add_2: 7.714127955711029e-05 , std 6.026381720344328e-05 
2023-05-13 15:55:17,739 INFO ofi_add_3: 5.708017761452424e-05 , std 5.042600206656327e-05 
2023-05-13 15:55:17,739 INFO ofi_add_4: 4.192206694824791e-05 , std 4.330973757446161e-05 
2023-05-13 15:55:17,739 INFO ofi_add_5: 3.269729425547973e-05 , std 3.919865819131632e-05 
2023-05-13 15:55:17,739 INFO ofi_add_6: 2.792925190888242e-05 , std 3.55915493832036e-05 
2023-05-13 15:55:17,739 INFO ofi_add_7: 2.4352467582321782e-05 , std 3.312730694713334e-05 
2023-05-13 15:55:17,739 INFO ofi_add_8: 2.2315961363211625e-05 , std 3.28539344518508e-05 
2023-05-13 15:55:17,739 INFO ofi_add_9: 2.338541555265699e-05 , std 3.281128215228241e-05 
2023-05-13 15:55:17,739 INFO ofi_cancel_1: 7.187741129598448e-05 , std 6.837709165224879e-05 
2023-05-13 15:55:17,739 INFO ofi_cancel_2: 8.473918456453346e-05 , std 6.34563760589653e-05 
2023-05-13 15:55:17,739 INFO ofi_cancel_3: 5.418135098226505e-05 , std 4.8221417276972014e-05 
2023-05-13 15:55:17,739 INFO ofi_cancel_4: 3.741753090517992e-05 , std 4.316880511301027e-05 
2023-05-13 15:55:17,739 INFO ofi_cancel_5: 2.7982904342130513e-05 , std 3.828954420792437e-05 
2023-05-13 15:55:17,739 INFO ofi_cancel_6: 2.264385753502523e-05 , std 3.507142707882759e-05 
2023-05-13 15:55:17,739 INFO ofi_cancel_7: 1.9162876205664062e-05 , std 3.315165582812661e-05 
2023-05-13 15:55:17,739 INFO ofi_cancel_8: 1.809441218876274e-05 , std 3.437321769911607e-05 
2023-05-13 15:55:17,739 INFO ofi_cancel_9: 2.0130504797847727e-05 , std 3.495583956907493e-05 
2023-05-13 15:55:17,739 INFO ofi_trade_1: 3.715665055059456e-05 , std 7.468903709191463e-05 
2023-05-13 15:55:17,739 INFO ofi_trade_2: 5.9249652550034144e-05 , std 9.066004683769568e-05 
2023-05-13 15:55:17,739 INFO ofi_trade_3: 4.931682583112094e-05 , std 7.54963998619967e-05 
2023-05-13 15:55:17,739 INFO ofi_trade_4: 4.0350337509936704e-05 , std 6.940788427427045e-05 
2023-05-13 15:55:17,739 INFO ofi_trade_5: 3.79315832345009e-05 , std 6.687060915327998e-05 
2023-05-13 15:55:17,739 INFO ofi_trade_6: 4.114875324841245e-05 , std 7.124365614333038e-05 
2023-05-13 15:55:17,739 INFO ofi_trade_7: 3.8825851712399564e-05 , std 6.274418049762387e-05 
2023-05-13 15:55:17,739 INFO ofi_trade_8: 4.3031575728166965e-05 , std 7.00015662228339e-05 
2023-05-13 15:55:17,739 INFO ofi_trade_9: 4.5407828731613364e-05 , std 7.400930271009026e-05 
2023-05-13 15:55:17,739 INFO used_intercept: 0.9995764506565015 , std 0.020575955614555053 
2023-05-13 15:55:17,739 INFO used_ofi_add_1: 0.855993223210504 , std 0.3510966035554834 
2023-05-13 15:55:17,739 INFO used_ofi_add_2: 0.9171961033460398 , std 0.2755855790002091 
2023-05-13 15:55:17,739 INFO used_ofi_add_3: 0.8744176196526895 , std 0.33137810140927226 
2023-05-13 15:55:17,739 INFO used_ofi_add_4: 0.8259212198221093 , std 0.37917721248733866 
2023-05-13 15:55:17,739 INFO used_ofi_add_5: 0.7738246505717916 , std 0.4183539897493942 
2023-05-13 15:55:17,739 INFO used_ofi_add_6: 0.7433290978398983 , std 0.4367962341234425 
2023-05-13 15:55:17,739 INFO used_ofi_add_7: 0.7282930961457009 , std 0.44483959159702696 
2023-05-13 15:55:17,739 INFO used_ofi_add_8: 0.7052096569250318 , std 0.4559484583861544 
2023-05-13 15:55:17,739 INFO used_ofi_add_9: 0.7488352393053791 , std 0.4336830913003581 
2023-05-13 15:55:17,739 INFO used_ofi_cancel_1: 0.8153324862346464 , std 0.38802760613785786 
2023-05-13 15:55:17,739 INFO used_ofi_cancel_2: 0.928843710292249 , std 0.2570857291698191 
2023-05-13 15:55:17,739 INFO used_ofi_cancel_3: 0.8498517577297755 , std 0.357216667602992 
2023-05-13 15:55:17,740 INFO used_ofi_cancel_4: 0.765988987717069 , std 0.42337909538999313 
2023-05-13 15:55:17,740 INFO used_ofi_cancel_5: 0.6869970351545955 , std 0.46371554733844206 
2023-05-13 15:55:17,740 INFO used_ofi_cancel_6: 0.6425243540872512 , std 0.4792565163792892 
2023-05-13 15:55:17,740 INFO used_ofi_cancel_7: 0.6056755612028801 , std 0.4887051010215223 
2023-05-13 15:55:17,740 INFO used_ofi_cancel_8: 0.6058873358746294 , std 0.48865925971107255 
2023-05-13 15:55:17,740 INFO used_ofi_cancel_9: 0.6526895383312156 , std 0.4761154323104852 
2023-05-13 15:55:17,740 INFO used_ofi_trade_1: 0.4040660736975858 , std 0.4907103848342756 
2023-05-13 15:55:17,740 INFO used_ofi_trade_2: 0.5576027107157984 , std 0.4966708444414591 
2023-05-13 15:55:17,740 INFO used_ofi_trade_3: 0.5573909360440491 , std 0.4966953598132238 
2023-05-13 15:55:17,740 INFO used_ofi_trade_4: 0.5241423125794155 , std 0.49941680863114507 
2023-05-13 15:55:17,740 INFO used_ofi_trade_5: 0.5182126217704363 , std 0.49966819031057697 
2023-05-13 15:55:17,740 INFO used_ofi_trade_6: 0.5444726810673444 , std 0.4980182533187737 
2023-05-13 15:55:17,740 INFO used_ofi_trade_7: 0.5321897501058873 , std 0.4989627440882942 
2023-05-13 15:55:17,740 INFO used_ofi_trade_8: 0.5658619229140195 , std 0.49564322562713164 
2023-05-13 15:55:17,740 INFO used_ofi_trade_9: 0.5779330792037273 , std 0.49388909196886055 
2023-05-13 15:55:17,740 INFO Grouping by ofi type:
2023-05-13 15:55:17,740 INFO add: 7.173019906819143
2023-05-13 15:55:17,741 INFO cancel: 6.553790766624312
2023-05-13 15:55:17,741 INFO trade: 4.781872088098264
2023-05-13 15:55:17,741 INFO Grouping by level:
2023-05-13 15:55:17,741 INFO 1: 2.075391783142736
2023-05-13 15:55:17,741 INFO 2: 2.4036425243540873
2023-05-13 15:55:17,741 INFO 3: 2.281660313426514
2023-05-13 15:55:17,741 INFO 4: 2.116052520118594
2023-05-13 15:55:17,741 INFO 5: 1.9790343074968235
2023-05-13 15:55:17,741 INFO 6: 1.9303261329944938
2023-05-13 15:55:17,741 INFO 7: 1.8661584074544684
2023-05-13 15:55:17,741 INFO 8: 1.8769589157136806
2023-05-13 15:55:17,741 INFO 9: 1.9794578568403218
2023-05-13 15:55:17,741 INFO Non empty regressions: 0.9995764506565015 --- 4720 / 4722
