2023-05-13 15:57:06,920 INFO Starting...
2023-05-13 15:57:06,920 INFO Tickers: ['UNP']
2023-05-13 15:57:10,204 INFO in_r2: 0.8756021010003866 , std 0.07172764103609323 
2023-05-13 15:57:10,205 INFO os_r2: 0.8251163030616082 , std 0.21660097707048248 
2023-05-13 15:57:10,205 INFO intercept: -6.591119403227269e-07 , std 9.067496754707432e-06 
2023-05-13 15:57:10,205 INFO ofi_add_1: 7.846518594437557e-05 , std 5.969603413484458e-05 
2023-05-13 15:57:10,205 INFO ofi_add_2: 9.154948155724861e-05 , std 6.0219854648229114e-05 
2023-05-13 15:57:10,205 INFO ofi_add_3: 6.714065467778484e-05 , std 5.110977365552549e-05 
2023-05-13 15:57:10,205 INFO ofi_add_4: 4.600162520295321e-05 , std 4.354367103675153e-05 
2023-05-13 15:57:10,205 INFO ofi_add_5: 3.618305005094867e-05 , std 4.024102750655233e-05 
2023-05-13 15:57:10,205 INFO ofi_add_6: 2.9960086674779825e-05 , std 3.686193803340096e-05 
2023-05-13 15:57:10,205 INFO ofi_add_7: 2.7724813995987006e-05 , std 3.6665000793203084e-05 
2023-05-13 15:57:10,205 INFO ofi_add_8: 2.7452551185088643e-05 , std 3.5488241961907334e-05 
2023-05-13 15:57:10,205 INFO ofi_add_9: 3.034611287543794e-05 , std 3.7163826105604926e-05 
2023-05-13 15:57:10,205 INFO ofi_cancel_1: 8.568835227007986e-05 , std 7.039300737451239e-05 
2023-05-13 15:57:10,205 INFO ofi_cancel_2: 9.970074797956094e-05 , std 6.469713193674502e-05 
2023-05-13 15:57:10,205 INFO ofi_cancel_3: 6.332247377759507e-05 , std 5.2604906583769285e-05 
2023-05-13 15:57:10,205 INFO ofi_cancel_4: 4.152233604433285e-05 , std 4.359453201151165e-05 
2023-05-13 15:57:10,205 INFO ofi_cancel_5: 3.0927373322888943e-05 , std 4.190762722140942e-05 
2023-05-13 15:57:10,205 INFO ofi_cancel_6: 2.5166190170553332e-05 , std 3.784156899262433e-05 
2023-05-13 15:57:10,205 INFO ofi_cancel_7: 2.205602433761715e-05 , std 3.689295042503349e-05 
2023-05-13 15:57:10,205 INFO ofi_cancel_8: 2.0868095961483498e-05 , std 3.5637744150142356e-05 
2023-05-13 15:57:10,205 INFO ofi_cancel_9: 2.2972754531533458e-05 , std 3.815228400194799e-05 
2023-05-13 15:57:10,205 INFO ofi_trade_1: 5.809151440651099e-05 , std 8.700555832314488e-05 
2023-05-13 15:57:10,205 INFO ofi_trade_2: 5.941392063373656e-05 , std 8.080938119405433e-05 
2023-05-13 15:57:10,205 INFO ofi_trade_3: 5.26550437976826e-05 , std 7.42420255183443e-05 
2023-05-13 15:57:10,205 INFO ofi_trade_4: 4.7689331521393715e-05 , std 6.799045018030948e-05 
2023-05-13 15:57:10,205 INFO ofi_trade_5: 4.411371622341031e-05 , std 6.642359912481822e-05 
2023-05-13 15:57:10,205 INFO ofi_trade_6: 4.497520043181081e-05 , std 7.318674882093394e-05 
2023-05-13 15:57:10,205 INFO ofi_trade_7: 4.6645297608653926e-05 , std 7.30772697091537e-05 
2023-05-13 15:57:10,205 INFO ofi_trade_8: 5.1268847839286426e-05 , std 7.71470601708887e-05 
2023-05-13 15:57:10,205 INFO ofi_trade_9: 6.087794974754968e-05 , std 8.535085860448464e-05 
2023-05-13 15:57:10,205 INFO used_intercept: 0.9994718309859155 , std 0.02297585801612353 
2023-05-13 15:57:10,205 INFO used_ofi_add_1: 0.9214788732394367 , std 0.26898988719432354 
2023-05-13 15:57:10,205 INFO used_ofi_add_2: 0.9565140845070422 , std 0.20394825482630904 
2023-05-13 15:57:10,205 INFO used_ofi_add_3: 0.913556338028169 , std 0.2810180693064608 
2023-05-13 15:57:10,205 INFO used_ofi_add_4: 0.8459507042253521 , std 0.3609959975484257 
2023-05-13 15:57:10,205 INFO used_ofi_add_5: 0.8024647887323944 , std 0.39813948758829243 
2023-05-13 15:57:10,205 INFO used_ofi_add_6: 0.7552816901408451 , std 0.42992006080064876 
2023-05-13 15:57:10,205 INFO used_ofi_add_7: 0.7225352112676057 , std 0.44774778586396397 
2023-05-13 15:57:10,205 INFO used_ofi_add_8: 0.731338028169014 , std 0.44326371013525623 
2023-05-13 15:57:10,205 INFO used_ofi_add_9: 0.7609154929577465 , std 0.4265244489295029 
2023-05-13 15:57:10,205 INFO used_ofi_cancel_1: 0.8642605633802817 , std 0.3425116669047637 
2023-05-13 15:57:10,205 INFO used_ofi_cancel_2: 0.946830985915493 , std 0.22437038580389468 
2023-05-13 15:57:10,205 INFO used_ofi_cancel_3: 0.8769366197183098 , std 0.32850994614369633 
2023-05-13 15:57:10,205 INFO used_ofi_cancel_4: 0.7892605633802817 , std 0.4078336995307303 
2023-05-13 15:57:10,205 INFO used_ofi_cancel_5: 0.7040492957746479 , std 0.4564689309184911 
2023-05-13 15:57:10,205 INFO used_ofi_cancel_6: 0.6621478873239437 , std 0.4729778669624845 
2023-05-13 15:57:10,205 INFO used_ofi_cancel_7: 0.6117957746478874 , std 0.48734146629532643 
2023-05-13 15:57:10,205 INFO used_ofi_cancel_8: 0.5806338028169014 , std 0.4934553574978035 
2023-05-13 15:57:10,205 INFO used_ofi_cancel_9: 0.6130281690140845 , std 0.4870571147302168 
2023-05-13 15:57:10,205 INFO used_ofi_trade_1: 0.5632042253521127 , std 0.4959891388908021 
2023-05-13 15:57:10,205 INFO used_ofi_trade_2: 0.615669014084507 , std 0.486436716522014 
2023-05-13 15:57:10,206 INFO used_ofi_trade_3: 0.6190140845070422 , std 0.4856291256596442 
2023-05-13 15:57:10,206 INFO used_ofi_trade_4: 0.6084507042253521 , std 0.4880967575727432 
2023-05-13 15:57:10,206 INFO used_ofi_trade_5: 0.5878521126760563 , std 0.4922215012556374 
2023-05-13 15:57:10,206 INFO used_ofi_trade_6: 0.5919014084507043 , std 0.4914815674313502 
2023-05-13 15:57:10,206 INFO used_ofi_trade_7: 0.5982394366197183 , std 0.49025402914472865 
2023-05-13 15:57:10,206 INFO used_ofi_trade_8: 0.6077464788732394 , std 0.488252697166558 
2023-05-13 15:57:10,206 INFO used_ofi_trade_9: 0.6545774647887324 , std 0.4755058436859511 
2023-05-13 15:57:10,207 INFO Grouping by ofi type:
2023-05-13 15:57:10,207 INFO add: 7.410035211267606
2023-05-13 15:57:10,207 INFO cancel: 6.64894366197183
2023-05-13 15:57:10,207 INFO trade: 5.446654929577465
2023-05-13 15:57:10,207 INFO Grouping by level:
2023-05-13 15:57:10,207 INFO 1: 2.348943661971831
2023-05-13 15:57:10,207 INFO 2: 2.519014084507042
2023-05-13 15:57:10,207 INFO 3: 2.409507042253521
2023-05-13 15:57:10,207 INFO 4: 2.243661971830986
2023-05-13 15:57:10,207 INFO 5: 2.0943661971830987
2023-05-13 15:57:10,207 INFO 6: 2.009330985915493
2023-05-13 15:57:10,207 INFO 7: 1.9325704225352114
2023-05-13 15:57:10,207 INFO 8: 1.9197183098591548
2023-05-13 15:57:10,207 INFO 9: 2.0285211267605634
2023-05-13 15:57:10,207 INFO Non empty regressions: 0.9992957746478873 --- 5676 / 5680
