2023-05-09 03:53:59,655 INFO Starting...
2023-05-09 03:53:59,655 INFO Tickers: ['ANTM']
2023-05-09 03:55:07,086 INFO in_r2: 0.08374006187560731 , std 0.16337372651192145 
2023-05-09 03:55:07,086 INFO os_r2: -0.10258618034793039 , std 0.052081677795622824 
2023-05-09 03:55:07,086 INFO intercept: -2.0945458405497296e-07 , std 0.00011598642778832974 
2023-05-09 03:55:07,086 INFO ofi_1_1: -1.9837845475308088e-06 , std 6.280321582173398e-05 
2023-05-09 03:55:07,086 INFO ofi_2_1: -2.2016952445982248e-06 , std 5.782991608191222e-05 
2023-05-09 03:55:07,086 INFO ofi_3_1: -1.3228195719952004e-06 , std 5.663092158346362e-05 
2023-05-09 03:55:07,086 INFO ofi_4_1: -8.289169298575423e-07 , std 6.252430093854458e-05 
2023-05-09 03:55:07,086 INFO ofi_5_1: -5.354900691561103e-07 , std 6.750656948099582e-05 
2023-05-09 03:55:07,086 INFO ofi_6_1: -3.1463189092346166e-07 , std 5.334024605279822e-05 
2023-05-09 03:55:07,086 INFO ofi_7_1: -1.0337389275313893e-06 , std 6.338804597785069e-05 
2023-05-09 03:55:07,086 INFO ofi_8_1: -4.2402580083608846e-07 , std 5.2563104966714856e-05 
2023-05-09 03:55:07,086 INFO ofi_9_1: -5.850274111731595e-07 , std 5.708991575196184e-05 
2023-05-09 03:55:07,086 INFO ofi_10_1: -4.6127550120215494e-07 , std 6.45526449759609e-05 
2023-05-09 03:55:07,086 INFO ofi_1_2: -1.5515901767938762e-06 , std 5.3296352014867084e-05 
2023-05-09 03:55:07,086 INFO ofi_2_2: -2.0954269636506958e-06 , std 5.1066321057473496e-05 
2023-05-09 03:55:07,086 INFO ofi_3_2: -1.6216164824456633e-06 , std 5.417886024497627e-05 
2023-05-09 03:55:07,086 INFO ofi_4_2: -9.87229757574755e-07 , std 5.6770654020053196e-05 
2023-05-09 03:55:07,086 INFO ofi_5_2: -3.647231252722083e-07 , std 5.667353668842101e-05 
2023-05-09 03:55:07,086 INFO ofi_6_2: -8.79383644891486e-07 , std 5.553514868218695e-05 
2023-05-09 03:55:07,086 INFO ofi_7_2: -9.540072287799275e-07 , std 5.2243218813933086e-05 
2023-05-09 03:55:07,087 INFO ofi_8_2: -4.5799727014490155e-07 , std 5.631090053809899e-05 
2023-05-09 03:55:07,087 INFO ofi_9_2: -1.0129232905932668e-06 , std 5.246316863425366e-05 
2023-05-09 03:55:07,087 INFO ofi_10_2: -8.681270249663312e-07 , std 6.22185711737968e-05 
2023-05-09 03:55:07,087 INFO ofi_1_3: -2.090245822292507e-06 , std 5.085211934654149e-05 
2023-05-09 03:55:07,087 INFO ofi_2_3: -1.8068232643213189e-06 , std 5.1774962488809264e-05 
2023-05-09 03:55:07,087 INFO ofi_3_3: -1.0892147977718773e-06 , std 5.537671218557562e-05 
2023-05-09 03:55:07,087 INFO ofi_4_3: -1.1835039930840421e-06 , std 5.4205757779010026e-05 
2023-05-09 03:55:07,087 INFO ofi_5_3: -1.3631881428789626e-06 , std 6.124671166582923e-05 
2023-05-09 03:55:07,087 INFO ofi_6_3: -1.0879664540472698e-06 , std 5.115973187897276e-05 
2023-05-09 03:55:07,087 INFO ofi_7_3: -1.0326776128060683e-06 , std 5.3868973847306574e-05 
2023-05-09 03:55:07,087 INFO ofi_8_3: -1.855964479036972e-07 , std 5.353403223552229e-05 
2023-05-09 03:55:07,087 INFO ofi_9_3: -4.7288158895280785e-07 , std 4.8692431612420304e-05 
2023-05-09 03:55:07,087 INFO ofi_10_3: -5.595713410045987e-07 , std 5.4475650723083134e-05 
2023-05-09 03:55:07,087 INFO used_intercept: 0.9874769360054074 , std 0.11120358295837351 
2023-05-09 03:55:07,087 INFO used_ofi_1_1: 0.07382305120663513 , std 0.26148271131602113 
2023-05-09 03:55:07,087 INFO used_ofi_2_1: 0.04766254407278175 , std 0.21305122849984198 
2023-05-09 03:55:07,087 INFO used_ofi_3_1: 0.03513948007818923 , std 0.18413228130347967 
2023-05-09 03:55:07,087 INFO used_ofi_4_1: 0.029110871590639215 , std 0.16811730650314538 
2023-05-09 03:55:07,087 INFO used_ofi_5_1: 0.025320155647710042 , std 0.15709565673717968 
2023-05-09 03:55:07,087 INFO used_ofi_6_1: 0.022205374595809204 , std 0.14735092783850734 
2023-05-09 03:55:07,087 INFO used_ofi_7_1: 0.02117320374869837 , std 0.14396145036680644 
2023-05-09 03:55:07,087 INFO used_ofi_8_1: 0.019487933648769617 , std 0.13823224692838773 
2023-05-09 03:55:07,087 INFO used_ofi_9_1: 0.020858071941394617 , std 0.14290910669471776 
2023-05-09 03:55:07,087 INFO used_ofi_10_1: 0.02751694404355213 , std 0.16358411241332746 
2023-05-09 03:55:07,087 INFO used_ofi_1_2: 0.09627505069511683 , std 0.2949680750670647 
2023-05-09 03:55:07,087 INFO used_ofi_2_2: 0.0637159977347047 , std 0.24424632928127252 
2023-05-09 03:55:07,087 INFO used_ofi_3_2: 0.046456822375271746 , std 0.2104722927847373 
2023-05-09 03:55:07,087 INFO used_ofi_4_2: 0.04036427410073257 , std 0.19681209179583833 
2023-05-09 03:55:07,087 INFO used_ofi_5_2: 0.03311167540510422 , std 0.17892817653173365 
2023-05-09 03:55:07,087 INFO used_ofi_6_2: 0.030407935840990885 , std 0.17170699833984945 
2023-05-09 03:55:07,087 INFO used_ofi_7_2: 0.02685014340780796 , std 0.16164533153415875 
2023-05-09 03:55:07,087 INFO used_ofi_8_2: 0.024639653629039623 , std 0.1550243242142361 
2023-05-09 03:55:07,087 INFO used_ofi_9_2: 0.02464878788432379 , std 0.15505233032804575 
2023-05-09 03:55:07,087 INFO used_ofi_10_2: 0.03336743455306089 , std 0.17959412257757237 
2023-05-09 03:55:07,087 INFO used_ofi_1_3: 0.14000529786806482 , std 0.3469925279266677 
2023-05-09 03:55:07,087 INFO used_ofi_2_3: 0.08402144723140723 , std 0.27741997699615484 
2023-05-09 03:55:07,087 INFO used_ofi_3_3: 0.06592648751347302 , std 0.24815355278054937 
2023-05-09 03:55:07,087 INFO used_ofi_4_3: 0.057682822119512596 , std 0.23314269053916586 
2023-05-09 03:55:07,087 INFO used_ofi_5_3: 0.04680392407607008 , std 0.2112186468263433 
2023-05-09 03:55:07,087 INFO used_ofi_6_3: 0.0418622919673359 , std 0.20027441294028908 
2023-05-09 03:55:07,087 INFO used_ofi_7_3: 0.03500246624892672 , std 0.18378599948151514 
2023-05-09 03:55:07,087 INFO used_ofi_8_3: 0.033308061893713804 , std 0.1794397807248948 
2023-05-09 03:55:07,087 INFO used_ofi_9_3: 0.030175012331244633 , std 0.17106864400600674 
2023-05-09 03:55:07,087 INFO used_ofi_10_3: 0.04118178994866548 , std 0.1987104680818036 
2023-05-09 03:55:07,783 INFO Grouping by horizont:
2023-05-09 03:55:07,783 INFO 1: 0.3222976305741793
2023-05-09 03:55:07,783 INFO 2: 0.4198377756261532
2023-05-09 03:55:07,783 INFO 3: 0.5759696011984142
2023-05-09 03:55:07,783 INFO Grouping by level:
2023-05-09 03:55:07,783 INFO 1: 0.31010339976981677
2023-05-09 03:55:07,783 INFO 2: 0.19539998903889366
2023-05-09 03:55:07,783 INFO 3: 0.147522789966934
2023-05-09 03:55:07,783 INFO 4: 0.12715796781088437
2023-05-09 03:55:07,783 INFO 5: 0.10523575512888433
2023-05-09 03:55:07,783 INFO 6: 0.094475602404136
2023-05-09 03:55:07,783 INFO 7: 0.08302581340543305
2023-05-09 03:55:07,783 INFO 8: 0.07743564917152304
2023-05-09 03:55:07,783 INFO 9: 0.07568187215696304
2023-05-09 03:55:07,783 INFO 10: 0.1020661685452785
2023-05-09 03:55:07,783 INFO Grouping by level and horizont:
2023-05-09 03:55:07,783 INFO 1_1: 0.07382305120663513
2023-05-09 03:55:07,783 INFO 2_1: 0.04766254407278175
2023-05-09 03:55:07,783 INFO 3_1: 0.03513948007818923
2023-05-09 03:55:07,783 INFO 4_1: 0.029110871590639215
2023-05-09 03:55:07,783 INFO 5_1: 0.025320155647710042
2023-05-09 03:55:07,783 INFO 6_1: 0.022205374595809204
2023-05-09 03:55:07,783 INFO 7_1: 0.02117320374869837
2023-05-09 03:55:07,783 INFO 8_1: 0.019487933648769617
2023-05-09 03:55:07,783 INFO 9_1: 0.020858071941394617
2023-05-09 03:55:07,783 INFO 10_1: 0.02751694404355213
2023-05-09 03:55:07,783 INFO 1_2: 0.09627505069511683
2023-05-09 03:55:07,783 INFO 2_2: 0.0637159977347047
2023-05-09 03:55:07,783 INFO 3_2: 0.046456822375271746
2023-05-09 03:55:07,783 INFO 4_2: 0.04036427410073257
2023-05-09 03:55:07,783 INFO 5_2: 0.03311167540510422
2023-05-09 03:55:07,783 INFO 6_2: 0.030407935840990885
2023-05-09 03:55:07,783 INFO 7_2: 0.02685014340780796
2023-05-09 03:55:07,783 INFO 8_2: 0.024639653629039623
2023-05-09 03:55:07,783 INFO 9_2: 0.02464878788432379
2023-05-09 03:55:07,783 INFO 10_2: 0.03336743455306089
2023-05-09 03:55:07,783 INFO 1_3: 0.14000529786806482
2023-05-09 03:55:07,783 INFO 2_3: 0.08402144723140723
2023-05-09 03:55:07,783 INFO 3_3: 0.06592648751347302
2023-05-09 03:55:07,784 INFO 4_3: 0.057682822119512596
2023-05-09 03:55:07,784 INFO 5_3: 0.04680392407607008
2023-05-09 03:55:07,784 INFO 6_3: 0.0418622919673359
2023-05-09 03:55:07,784 INFO 7_3: 0.03500246624892672
2023-05-09 03:55:07,784 INFO 8_3: 0.033308061893713804
2023-05-09 03:55:07,784 INFO 9_3: 0.030175012331244633
2023-05-09 03:55:07,784 INFO 10_3: 0.04118178994866548
2023-05-09 03:55:07,788 INFO Non empty regressions: 0.3763039149418148 --- 82394 / 218956
