2023-05-09 03:01:02,251 INFO Starting...
2023-05-09 03:01:02,251 INFO Tickers: ['BA']
2023-05-09 03:02:11,668 INFO in_r2: 0.08297062880713985 , std 0.1644542851869127 
2023-05-09 03:02:11,668 INFO os_r2: -0.10868239894079997 , std 0.08050550306648893 
2023-05-09 03:02:11,668 INFO intercept: 6.896454218850118e-07 , std 0.00012806661768125624 
2023-05-09 03:02:11,668 INFO ofi_1_1: -3.2083409974843867e-07 , std 3.576395626762931e-05 
2023-05-09 03:02:11,668 INFO ofi_2_1: -4.4194417755012827e-07 , std 2.8004463711345087e-05 
2023-05-09 03:02:11,668 INFO ofi_3_1: -1.4998812612081772e-07 , std 3.0204222692701682e-05 
2023-05-09 03:02:11,668 INFO ofi_4_1: -1.4418122728513256e-07 , std 3.0180512775239186e-05 
2023-05-09 03:02:11,668 INFO ofi_5_1: -1.9084474639594914e-07 , std 2.889084033076511e-05 
2023-05-09 03:02:11,668 INFO ofi_6_1: -1.9571898986594867e-07 , std 3.058853801821356e-05 
2023-05-09 03:02:11,668 INFO ofi_7_1: -2.9570903969962283e-09 , std 3.162974600957243e-05 
2023-05-09 03:02:11,668 INFO ofi_8_1: -1.4608019526237945e-07 , std 2.565780109711019e-05 
2023-05-09 03:02:11,668 INFO ofi_9_1: -1.0838122083497019e-07 , std 2.5674233480245878e-05 
2023-05-09 03:02:11,668 INFO ofi_10_1: -7.435094757522634e-08 , std 2.7334401028314407e-05 
2023-05-09 03:02:11,668 INFO ofi_1_2: -5.059661924910897e-07 , std 3.1081523171996e-05 
2023-05-09 03:02:11,668 INFO ofi_2_2: -4.029585408215257e-07 , std 3.147839965323771e-05 
2023-05-09 03:02:11,668 INFO ofi_3_2: -3.232004179209434e-07 , std 3.094772440529783e-05 
2023-05-09 03:02:11,668 INFO ofi_4_2: -4.1558468100815153e-07 , std 3.566368658795173e-05 
2023-05-09 03:02:11,668 INFO ofi_5_2: -3.000609569272913e-07 , std 2.8100238835660923e-05 
2023-05-09 03:02:11,668 INFO ofi_6_2: -8.368667639010611e-08 , std 4.1396564764476804e-05 
2023-05-09 03:02:11,668 INFO ofi_7_2: -3.676138110113898e-07 , std 2.8020068736014343e-05 
2023-05-09 03:02:11,668 INFO ofi_8_2: -1.835848497174496e-07 , std 2.980549278986999e-05 
2023-05-09 03:02:11,668 INFO ofi_9_2: -4.317346373668497e-07 , std 2.755409685674195e-05 
2023-05-09 03:02:11,668 INFO ofi_10_2: -4.1418726119655595e-07 , std 2.8331481262587125e-05 
2023-05-09 03:02:11,668 INFO ofi_1_3: -5.183236380750148e-07 , std 3.4390814521524265e-05 
2023-05-09 03:02:11,668 INFO ofi_2_3: -5.691181775967772e-07 , std 3.426595578786583e-05 
2023-05-09 03:02:11,669 INFO ofi_3_3: -2.8848675223821783e-07 , std 3.121115502587764e-05 
2023-05-09 03:02:11,669 INFO ofi_4_3: -4.899659997689543e-07 , std 3.317740567929362e-05 
2023-05-09 03:02:11,669 INFO ofi_5_3: -6.187116189432916e-07 , std 3.526024206532038e-05 
2023-05-09 03:02:11,669 INFO ofi_6_3: -6.555257812695418e-07 , std 3.492302739565451e-05 
2023-05-09 03:02:11,669 INFO ofi_7_3: -7.641986056796536e-07 , std 3.7998407824848854e-05 
2023-05-09 03:02:11,669 INFO ofi_8_3: -7.224677780463365e-07 , std 3.6874630699902216e-05 
2023-05-09 03:02:11,669 INFO ofi_9_3: -5.042208434736177e-07 , std 3.068603849679327e-05 
2023-05-09 03:02:11,669 INFO ofi_10_3: -3.3391747883707626e-07 , std 3.345046178530127e-05 
2023-05-09 03:02:11,669 INFO used_intercept: 0.9875966443351464 , std 0.11067751548126115 
2023-05-09 03:02:11,669 INFO used_ofi_1_1: 0.0372694350445032 , std 0.18942128775817874 
2023-05-09 03:02:11,669 INFO used_ofi_2_1: 0.028053686984240066 , std 0.1651262475526842 
2023-05-09 03:02:11,669 INFO used_ofi_3_1: 0.02593013750553721 , std 0.15892691865911557 
2023-05-09 03:02:11,669 INFO used_ofi_4_1: 0.02803085311887767 , std 0.16506097174167364 
2023-05-09 03:02:11,669 INFO used_ofi_5_1: 0.028236357907139235 , std 0.16564741470750208 
2023-05-09 03:02:11,669 INFO used_ofi_6_1: 0.028743269718184434 , std 0.16708409309115016 
2023-05-09 03:02:11,669 INFO used_ofi_7_1: 0.02920908057157732 , std 0.1683921321907304 
2023-05-09 03:02:11,669 INFO used_ofi_8_1: 0.03078005050851018 , std 0.17272127546774238 
2023-05-09 03:02:11,669 INFO used_ofi_9_1: 0.030035666497696064 , std 0.17068545701299584 
2023-05-09 03:02:11,669 INFO used_ofi_10_1: 0.039698958319062165 , std 0.195250994946104 
2023-05-09 03:02:11,669 INFO used_ofi_1_2: 0.053225740159745724 , std 0.2244833195232843 
2023-05-09 03:02:11,669 INFO used_ofi_2_2: 0.04143889885967676 , std 0.19930307704843458 
2023-05-09 03:02:11,669 INFO used_ofi_3_2: 0.035552328369251006 , std 0.18517116491715432 
2023-05-09 03:02:11,669 INFO used_ofi_4_2: 0.0352006868426701 , std 0.1842867290080172 
2023-05-09 03:02:11,669 INFO used_ofi_5_2: 0.03714156539847378 , std 0.18910861830764 
2023-05-09 03:02:11,669 INFO used_ofi_6_2: 0.0382604248012312 , std 0.1918243068416006 
2023-05-09 03:02:11,669 INFO used_ofi_7_2: 0.03626931174163025 , std 0.18695948429384024 
2023-05-09 03:02:11,669 INFO used_ofi_8_2: 0.03662095326821115 , std 0.18782933490256162 
2023-05-09 03:02:11,669 INFO used_ofi_9_2: 0.03780374749398328 , std 0.19072132594283847 
2023-05-09 03:02:11,669 INFO used_ofi_10_2: 0.04998789805135793 , std 0.21791995801157124 
2023-05-09 03:02:11,669 INFO used_ofi_1_3: 0.0795805875610235 , std 0.2706427860565763 
2023-05-09 03:02:11,669 INFO used_ofi_2_3: 0.06354664730354884 , std 0.24394358142822123 
2023-05-09 03:02:11,669 INFO used_ofi_3_3: 0.05348604622487704 , std 0.22500064240821038 
2023-05-09 03:02:11,669 INFO used_ofi_4_3: 0.052367186822119625 , std 0.22276639011856533 
2023-05-09 03:02:11,669 INFO used_ofi_5_3: 0.05564612988815973 , std 0.22923707840711496 
2023-05-09 03:02:11,669 INFO used_ofi_6_3: 0.05590643595329105 , std 0.2297409549303119 
2023-05-09 03:02:11,669 INFO used_ofi_7_3: 0.05399752480899472 , std 0.22601281406923973 
2023-05-09 03:02:11,669 INFO used_ofi_8_3: 0.05244482196435177 , std 0.2229223241702796 
2023-05-09 03:02:11,669 INFO used_ofi_9_3: 0.052549857745018795 , std 0.22313307732381832 
2023-05-09 03:02:11,669 INFO used_ofi_10_3: 0.06683015714266143 , std 0.24972762610281746 
2023-05-09 03:02:12,368 INFO Grouping by horizont:
2023-05-09 03:02:12,368 INFO 1: 0.30598749617532756
2023-05-09 03:02:12,368 INFO 2: 0.4015015549862312
2023-05-09 03:02:12,368 INFO 3: 0.5863553954140465
2023-05-09 03:02:12,368 INFO Grouping by level:
2023-05-09 03:02:12,368 INFO 1: 0.17007576276527242
2023-05-09 03:02:12,368 INFO 2: 0.13303923314746566
2023-05-09 03:02:12,368 INFO 3: 0.11496851209966526
2023-05-09 03:02:12,368 INFO 4: 0.1155987267836674
2023-05-09 03:02:12,368 INFO 5: 0.12102405319377274
2023-05-09 03:02:12,368 INFO 6: 0.12291013047270669
2023-05-09 03:02:12,368 INFO 7: 0.11947591712220229
2023-05-09 03:02:12,368 INFO 8: 0.11984582574107311
2023-05-09 03:02:12,368 INFO 9: 0.12038927173669814
2023-05-09 03:02:12,368 INFO 10: 0.1565170135130815
2023-05-09 03:02:12,368 INFO Grouping by level and horizont:
2023-05-09 03:02:12,368 INFO 1_1: 0.0372694350445032
2023-05-09 03:02:12,368 INFO 2_1: 0.028053686984240066
2023-05-09 03:02:12,368 INFO 3_1: 0.02593013750553721
2023-05-09 03:02:12,368 INFO 4_1: 0.02803085311887767
2023-05-09 03:02:12,368 INFO 5_1: 0.028236357907139235
2023-05-09 03:02:12,368 INFO 6_1: 0.028743269718184434
2023-05-09 03:02:12,368 INFO 7_1: 0.02920908057157732
2023-05-09 03:02:12,368 INFO 8_1: 0.03078005050851018
2023-05-09 03:02:12,368 INFO 9_1: 0.030035666497696064
2023-05-09 03:02:12,368 INFO 10_1: 0.039698958319062165
2023-05-09 03:02:12,369 INFO 1_2: 0.053225740159745724
2023-05-09 03:02:12,369 INFO 2_2: 0.04143889885967676
2023-05-09 03:02:12,369 INFO 3_2: 0.035552328369251006
2023-05-09 03:02:12,369 INFO 4_2: 0.0352006868426701
2023-05-09 03:02:12,369 INFO 5_2: 0.03714156539847378
2023-05-09 03:02:12,369 INFO 6_2: 0.0382604248012312
2023-05-09 03:02:12,369 INFO 7_2: 0.03626931174163025
2023-05-09 03:02:12,369 INFO 8_2: 0.03662095326821115
2023-05-09 03:02:12,369 INFO 9_2: 0.03780374749398328
2023-05-09 03:02:12,369 INFO 10_2: 0.04998789805135793
2023-05-09 03:02:12,369 INFO 1_3: 0.0795805875610235
2023-05-09 03:02:12,369 INFO 2_3: 0.06354664730354884
2023-05-09 03:02:12,369 INFO 3_3: 0.05348604622487704
2023-05-09 03:02:12,369 INFO 4_3: 0.052367186822119625
2023-05-09 03:02:12,369 INFO 5_3: 0.05564612988815973
2023-05-09 03:02:12,369 INFO 6_3: 0.05590643595329105
2023-05-09 03:02:12,369 INFO 7_3: 0.05399752480899472
2023-05-09 03:02:12,369 INFO 8_3: 0.05244482196435177
2023-05-09 03:02:12,369 INFO 9_3: 0.052549857745018795
2023-05-09 03:02:12,369 INFO 10_3: 0.06683015714266143
2023-05-09 03:02:12,373 INFO Non empty regressions: 0.36658857484712726 --- 80273 / 218973
