2023-05-09 02:43:11,930 INFO Starting...
2023-05-09 02:43:11,930 INFO Tickers: ['BAC']
2023-05-09 02:44:18,082 INFO in_r2: 0.08391251909415039 , std 0.16331638826889605 
2023-05-09 02:44:18,082 INFO os_r2: -0.12254536970694707 , std 0.12988206467916633 
2023-05-09 02:44:18,082 INFO intercept: 1.870342324733621e-07 , std 0.000118026085377691 
2023-05-09 02:44:18,082 INFO ofi_1_1: 9.589496986071616e-06 , std 0.00012613159674177077 
2023-05-09 02:44:18,082 INFO ofi_2_1: -2.6066078890239154e-06 , std 0.00015584615596529868 
2023-05-09 02:44:18,082 INFO ofi_3_1: -2.6553098465445115e-06 , std 0.00016504363228598 
2023-05-09 02:44:18,082 INFO ofi_4_1: -4.149178626362608e-06 , std 0.00015540538638874143 
2023-05-09 02:44:18,082 INFO ofi_5_1: -1.8020722897997031e-06 , std 0.00015134492273608132 
2023-05-09 02:44:18,082 INFO ofi_6_1: -2.9323840829802756e-06 , std 0.00014268254341939617 
2023-05-09 02:44:18,082 INFO ofi_7_1: -2.428643139944555e-06 , std 0.00013596720591696975 
2023-05-09 02:44:18,082 INFO ofi_8_1: -3.912192024079546e-06 , std 0.00013698163075404952 
2023-05-09 02:44:18,082 INFO ofi_9_1: -2.9003869322397055e-06 , std 0.00015289347873546186 
2023-05-09 02:44:18,082 INFO ofi_10_1: -1.9297028504998107e-06 , std 0.00017316183693057158 
2023-05-09 02:44:18,082 INFO ofi_1_2: 5.22375809796414e-06 , std 0.00012197298240490282 
2023-05-09 02:44:18,082 INFO ofi_2_2: -2.388161663714815e-06 , std 0.00016227416934844855 
2023-05-09 02:44:18,082 INFO ofi_3_2: -5.380031837298997e-06 , std 0.0001670534054503697 
2023-05-09 02:44:18,082 INFO ofi_4_2: -4.9750695790707974e-06 , std 0.00016496960409877637 
2023-05-09 02:44:18,082 INFO ofi_5_2: -3.099143347785179e-06 , std 0.00014285632461479128 
2023-05-09 02:44:18,082 INFO ofi_6_2: -2.9837786010584846e-06 , std 0.00015710289233706787 
2023-05-09 02:44:18,083 INFO ofi_7_2: -1.8763687000499503e-06 , std 0.00015754463600494667 
2023-05-09 02:44:18,083 INFO ofi_8_2: -3.7749997841585187e-06 , std 0.000152272891593094 
2023-05-09 02:44:18,083 INFO ofi_9_2: -2.5848745518070684e-06 , std 0.0001633983445195004 
2023-05-09 02:44:18,083 INFO ofi_10_2: -3.440152095148967e-06 , std 0.0001593913985214498 
2023-05-09 02:44:18,083 INFO ofi_1_3: 2.7751809948658735e-06 , std 0.0001234799919288642 
2023-05-09 02:44:18,083 INFO ofi_2_3: -1.3054869837270856e-06 , std 0.00018311761863249056 
2023-05-09 02:44:18,083 INFO ofi_3_3: -4.921075932565946e-06 , std 0.00018554750548552357 
2023-05-09 02:44:18,083 INFO ofi_4_3: -3.6479466899767252e-06 , std 0.00018639721736337061 
2023-05-09 02:44:18,083 INFO ofi_5_3: -2.906481782676656e-06 , std 0.00017362349021128717 
2023-05-09 02:44:18,083 INFO ofi_6_3: -4.56065514036929e-06 , std 0.00017207473967753407 
2023-05-09 02:44:18,083 INFO ofi_7_3: -2.6901365192570447e-06 , std 0.00016112201897559996 
2023-05-09 02:44:18,083 INFO ofi_8_3: -5.326523529430659e-06 , std 0.0001795391320707016 
2023-05-09 02:44:18,083 INFO ofi_9_3: -3.5327744541431585e-06 , std 0.00018102163205862832 
2023-05-09 02:44:18,083 INFO ofi_10_3: -4.175312786140952e-06 , std 0.0001596095529423692 
2023-05-09 02:44:18,083 INFO used_intercept: 0.9764438314624189 , std 0.1516617138944772 
2023-05-09 02:44:18,083 INFO used_ofi_1_1: 0.15789665975539582 , std 0.36464407933419757 
2023-05-09 02:44:18,083 INFO used_ofi_2_1: 0.043527305609089996 , std 0.20404087648190225 
2023-05-09 02:44:18,083 INFO used_ofi_3_1: 0.047240210808984044 , std 0.21215224083593084 
2023-05-09 02:44:18,083 INFO used_ofi_4_1: 0.022724989267740196 , std 0.1490253808266273 
2023-05-09 02:44:18,083 INFO used_ofi_5_1: 0.018021062630728057 , std 0.13302745555857043 
2023-05-09 02:44:18,083 INFO used_ofi_6_1: 0.015564060173725601 , std 0.12378134029260733 
2023-05-09 02:44:18,083 INFO used_ofi_7_1: 0.013938236986564123 , std 0.11723464733716947 
2023-05-09 02:44:18,083 INFO used_ofi_8_1: 0.014372094297744855 , std 0.11901906235238782 
2023-05-09 02:44:18,083 INFO used_ofi_9_1: 0.013134459231113506 , std 0.11385053891756383 
2023-05-09 02:44:18,083 INFO used_ofi_10_1: 0.014737447822949681 , std 0.12050002263325729 
2023-05-09 02:44:18,083 INFO used_ofi_1_2: 0.17186686517541536 , std 0.3772646893497866 
2023-05-09 02:44:18,083 INFO used_ofi_2_2: 0.05587625476101313 , std 0.229682604728559 
2023-05-09 02:44:18,083 INFO used_ofi_3_2: 0.057689321629842076 , std 0.23315502096187146 
2023-05-09 02:44:18,083 INFO used_ofi_4_2: 0.02914151055414996 , std 0.16820310019964652 
2023-05-09 02:44:18,083 INFO used_ofi_5_2: 0.020345624434843765 , std 0.1411796019303074 
2023-05-09 02:44:18,083 INFO used_ofi_6_2: 0.01956011435565339 , std 0.13848290971108004 
2023-05-09 02:44:18,083 INFO used_ofi_7_2: 0.01738169396161961 , std 0.13068883149161678 
2023-05-09 02:44:18,083 INFO used_ofi_8_2: 0.017751614405889498 , std 0.13204731951794443 
2023-05-09 02:44:18,083 INFO used_ofi_9_2: 0.0158517760748244 , std 0.1249019506256729 
2023-05-09 02:44:18,083 INFO used_ofi_10_2: 0.017546103047961784 , std 0.13129446795578284 
2023-05-09 02:44:18,083 INFO used_ofi_1_3: 0.21493291195893427 , std 0.41077579689629634 
2023-05-09 02:44:18,083 INFO used_ofi_2_3: 0.07719006603764968 , std 0.26689278698150115 
2023-05-09 02:44:18,083 INFO used_ofi_3_3: 0.07557337668861833 , std 0.2643142853205224 
2023-05-09 02:44:18,083 INFO used_ofi_4_3: 0.03453960888905127 , std 0.1826105810374707 
2023-05-09 02:44:18,083 INFO used_ofi_5_3: 0.026547500525195694 , std 0.16075674399869025 
2023-05-09 02:44:18,083 INFO used_ofi_6_3: 0.02401286044408721 , std 0.1530890034502152 
2023-05-09 02:44:18,083 INFO used_ofi_7_3: 0.02192577843135464 , std 0.14644124648313323 
2023-05-09 02:44:18,083 INFO used_ofi_8_3: 0.022683886996154656 , std 0.14889368108452536 
2023-05-09 02:44:18,083 INFO used_ofi_9_3: 0.020482632006795575 , std 0.1416442508288627 
2023-05-09 02:44:18,083 INFO used_ofi_10_3: 0.022039951407981147 , std 0.14681345970283166 
2023-05-09 02:44:18,764 INFO Grouping by horizont:
2023-05-09 02:44:18,764 INFO 1: 0.3611565265840358
2023-05-09 02:44:18,764 INFO 2: 0.42301087840121304
2023-05-09 02:44:18,764 INFO 3: 0.5399285733858225
2023-05-09 02:44:18,764 INFO Grouping by level:
2023-05-09 02:44:18,764 INFO 1: 0.5446964368897455
2023-05-09 02:44:18,764 INFO 2: 0.17659362640775278
2023-05-09 02:44:18,764 INFO 3: 0.18050290912744443
2023-05-09 02:44:18,764 INFO 4: 0.08640610871094143
2023-05-09 02:44:18,764 INFO 5: 0.06491418759076752
2023-05-09 02:44:18,764 INFO 6: 0.0591370349734662
2023-05-09 02:44:18,764 INFO 7: 0.053245709379538375
2023-05-09 02:44:18,764 INFO 8: 0.054807595699789005
2023-05-09 02:44:18,764 INFO 9: 0.04946886731273348
2023-05-09 02:44:18,764 INFO 10: 0.05432350227889261
2023-05-09 02:44:18,764 INFO Grouping by level and horizont:
2023-05-09 02:44:18,764 INFO 1_1: 0.15789665975539582
2023-05-09 02:44:18,764 INFO 2_1: 0.043527305609089996
2023-05-09 02:44:18,764 INFO 3_1: 0.047240210808984044
2023-05-09 02:44:18,764 INFO 4_1: 0.022724989267740196
2023-05-09 02:44:18,764 INFO 5_1: 0.018021062630728057
2023-05-09 02:44:18,764 INFO 6_1: 0.015564060173725601
2023-05-09 02:44:18,764 INFO 7_1: 0.013938236986564123
2023-05-09 02:44:18,764 INFO 8_1: 0.014372094297744855
2023-05-09 02:44:18,764 INFO 9_1: 0.013134459231113506
2023-05-09 02:44:18,764 INFO 10_1: 0.014737447822949681
2023-05-09 02:44:18,764 INFO 1_2: 0.17186686517541536
2023-05-09 02:44:18,764 INFO 2_2: 0.05587625476101313
2023-05-09 02:44:18,764 INFO 3_2: 0.057689321629842076
2023-05-09 02:44:18,764 INFO 4_2: 0.02914151055414996
2023-05-09 02:44:18,764 INFO 5_2: 0.020345624434843765
2023-05-09 02:44:18,764 INFO 6_2: 0.01956011435565339
2023-05-09 02:44:18,764 INFO 7_2: 0.01738169396161961
2023-05-09 02:44:18,764 INFO 8_2: 0.017751614405889498
2023-05-09 02:44:18,764 INFO 9_2: 0.0158517760748244
2023-05-09 02:44:18,765 INFO 10_2: 0.017546103047961784
2023-05-09 02:44:18,765 INFO 1_3: 0.21493291195893427
2023-05-09 02:44:18,765 INFO 2_3: 0.07719006603764968
2023-05-09 02:44:18,765 INFO 3_3: 0.07557337668861833
2023-05-09 02:44:18,765 INFO 4_3: 0.03453960888905127
2023-05-09 02:44:18,765 INFO 5_3: 0.026547500525195694
2023-05-09 02:44:18,765 INFO 6_3: 0.02401286044408721
2023-05-09 02:44:18,765 INFO 7_3: 0.02192577843135464
2023-05-09 02:44:18,765 INFO 8_3: 0.022683886996154656
2023-05-09 02:44:18,765 INFO 9_3: 0.020482632006795575
2023-05-09 02:44:18,765 INFO 10_3: 0.022039951407981147
2023-05-09 02:44:18,774 INFO Non empty regressions: 0.3735374441694144 --- 81792 / 218966
