2023-05-09 03:08:46,726 INFO Starting...
2023-05-09 03:08:46,727 INFO Tickers: ['BMY']
2023-05-09 03:09:54,301 INFO in_r2: 0.08473106300229775 , std 0.1644438060399563 
2023-05-09 03:09:54,301 INFO os_r2: -0.11258292433946501 , std 0.1312243242802847 
2023-05-09 03:09:54,301 INFO intercept: 1.1662013135060934e-06 , std 0.0001233137039674501 
2023-05-09 03:09:54,301 INFO ofi_1_1: 3.2176281282879e-06 , std 8.389647090755989e-05 
2023-05-09 03:09:54,301 INFO ofi_2_1: 4.3047358822347647e-07 , std 9.034452718223153e-05 
2023-05-09 03:09:54,301 INFO ofi_3_1: -9.9328234185908e-07 , std 8.74907133380844e-05 
2023-05-09 03:09:54,301 INFO ofi_4_1: -7.72021747166817e-07 , std 8.321349983950539e-05 
2023-05-09 03:09:54,301 INFO ofi_5_1: -7.106303510740458e-07 , std 8.049504590549667e-05 
2023-05-09 03:09:54,301 INFO ofi_6_1: -5.398863451687011e-07 , std 7.900329035774317e-05 
2023-05-09 03:09:54,301 INFO ofi_7_1: -8.891028524150748e-07 , std 7.613568117446573e-05 
2023-05-09 03:09:54,301 INFO ofi_8_1: -1.8018852597468013e-06 , std 7.848737064903482e-05 
2023-05-09 03:09:54,301 INFO ofi_9_1: -9.779124364081183e-07 , std 8.020008792773338e-05 
2023-05-09 03:09:54,301 INFO ofi_10_1: -8.085191653015643e-07 , std 8.284676276016742e-05 
2023-05-09 03:09:54,301 INFO ofi_1_2: -3.9992723959829426e-07 , std 8.219171738480541e-05 
2023-05-09 03:09:54,301 INFO ofi_2_2: -7.923620860498638e-08 , std 9.175443762735352e-05 
2023-05-09 03:09:54,301 INFO ofi_3_2: -8.414219686183245e-07 , std 8.654241714106491e-05 
2023-05-09 03:09:54,301 INFO ofi_4_2: -1.2272326918845861e-06 , std 8.621485680111871e-05 
2023-05-09 03:09:54,301 INFO ofi_5_2: -1.3514568722559409e-06 , std 8.597432211764309e-05 
2023-05-09 03:09:54,301 INFO ofi_6_2: -2.221997233768212e-06 , std 9.630572625926317e-05 
2023-05-09 03:09:54,301 INFO ofi_7_2: -1.3509574843588182e-06 , std 9.30378616896446e-05 
2023-05-09 03:09:54,302 INFO ofi_8_2: -1.529417967011299e-06 , std 8.833908030657223e-05 
2023-05-09 03:09:54,302 INFO ofi_9_2: -7.504294026547268e-07 , std 9.425604804481501e-05 
2023-05-09 03:09:54,302 INFO ofi_10_2: -8.129140511024526e-07 , std 9.616632246264556e-05 
2023-05-09 03:09:54,302 INFO ofi_1_3: 4.6190381301384183e-07 , std 8.392091771053477e-05 
2023-05-09 03:09:54,302 INFO ofi_2_3: -7.423793891864858e-08 , std 0.00010362522325794539 
2023-05-09 03:09:54,302 INFO ofi_3_3: -3.1365432744282256e-06 , std 9.332224370371225e-05 
2023-05-09 03:09:54,302 INFO ofi_4_3: -2.724961597999719e-06 , std 0.00010062617430267328 
2023-05-09 03:09:54,302 INFO ofi_5_3: -6.816395777052962e-07 , std 9.887850303178472e-05 
2023-05-09 03:09:54,302 INFO ofi_6_3: -2.411244441813997e-06 , std 0.00010207108666256048 
2023-05-09 03:09:54,302 INFO ofi_7_3: -1.064750436913917e-06 , std 0.00010650806086888124 
2023-05-09 03:09:54,302 INFO ofi_8_3: -1.4874282280168808e-06 , std 9.974081127222423e-05 
2023-05-09 03:09:54,302 INFO ofi_9_3: -1.4695424880939381e-06 , std 9.37207404590284e-05 
2023-05-09 03:09:54,302 INFO ofi_10_3: -7.282605301862036e-07 , std 0.00010235956009781278 
2023-05-09 03:09:54,302 INFO used_intercept: 0.98624031273262 , std 0.11649188072000508 
2023-05-09 03:09:54,302 INFO used_ofi_1_1: 0.09824498910824622 , std 0.29764561347912855 
2023-05-09 03:09:54,302 INFO used_ofi_2_1: 0.04659478565850584 , std 0.21076933270270543 
2023-05-09 03:09:54,302 INFO used_ofi_3_1: 0.0405940458412681 , std 0.1973478383046167 
2023-05-09 03:09:54,302 INFO used_ofi_4_1: 0.036337813337717434 , std 0.1871293046520257 
2023-05-09 03:09:54,302 INFO used_ofi_5_1: 0.029428285679056324 , std 0.1690037327429432 
2023-05-09 03:09:54,302 INFO used_ofi_6_1: 0.022578126070337438 , std 0.14855421331449803 
2023-05-09 03:09:54,302 INFO used_ofi_7_1: 0.016486050791650112 , std 0.12733523047823506 
2023-05-09 03:09:54,302 INFO used_ofi_8_1: 0.013435446379233969 , std 0.11513007930087038 
2023-05-09 03:09:54,302 INFO used_ofi_9_1: 0.012430756303288533 , std 0.11079816154168258 
2023-05-09 03:09:54,302 INFO used_ofi_10_1: 0.012430756303288533 , std 0.11079816154168257 
2023-05-09 03:09:54,302 INFO used_ofi_1_2: 0.11500961305731756 , std 0.3190335436309537 
2023-05-09 03:09:54,302 INFO used_ofi_2_2: 0.06109885693669996 , std 0.23951155842198646 
2023-05-09 03:09:54,302 INFO used_ofi_3_2: 0.053892489028327696 , std 0.22580542211085033 
2023-05-09 03:09:54,302 INFO used_ofi_4_2: 0.04539829111351628 , std 0.2081760943948385 
2023-05-09 03:09:54,302 INFO used_ofi_5_2: 0.03703652961780676 , std 0.18885133065900297 
2023-05-09 03:09:54,302 INFO used_ofi_6_2: 0.029396318267548967 , std 0.1689146966366809 
2023-05-09 03:09:54,302 INFO used_ofi_7_2: 0.021596269859754397 , std 0.14536117427944456 
2023-05-09 03:09:54,302 INFO used_ofi_8_2: 0.01686509295666589 , std 0.12876591783631608 
2023-05-09 03:09:54,302 INFO used_ofi_9_2: 0.015805601603850705 , std 0.1247228309564494 
2023-05-09 03:09:54,302 INFO used_ofi_10_2: 0.016225744726518793 , std 0.1263426687013878 
2023-05-09 03:09:54,302 INFO used_ofi_1_3: 0.15680015344357523 , std 0.36361224583840196 
2023-05-09 03:09:54,302 INFO used_ofi_2_3: 0.09296123266338772 , std 0.2903781015935795 
2023-05-09 03:09:54,302 INFO used_ofi_3_3: 0.07454343686207889 , std 0.2626532179183574 
2023-05-09 03:09:54,302 INFO used_ofi_4_3: 0.06177930612449937 , std 0.2407542802512029 
2023-05-09 03:09:54,302 INFO used_ofi_5_3: 0.051650203449740376 , std 0.22131981369353446 
2023-05-09 03:09:54,302 INFO used_ofi_6_3: 0.04305096975426194 , std 0.20297187922832954 
2023-05-09 03:09:54,302 INFO used_ofi_7_3: 0.03115452590045348 , std 0.17373520488482305 
2023-05-09 03:09:54,302 INFO used_ofi_8_3: 0.02250962447425025 , std 0.14833388446433432 
2023-05-09 03:09:54,302 INFO used_ofi_9_3: 0.0204728436839245 , std 0.14161110957625497 
2023-05-09 03:09:54,302 INFO used_ofi_10_3: 0.021678471775059025 , std 0.14563143766562556 
2023-05-09 03:09:54,975 INFO Grouping by horizont:
2023-05-09 03:09:54,975 INFO 1: 0.32856105547259257
2023-05-09 03:09:54,975 INFO 2: 0.4123248071680069
2023-05-09 03:09:54,975 INFO 3: 0.5766007681312307
2023-05-09 03:09:54,976 INFO Grouping by level:
2023-05-09 03:09:54,976 INFO 1: 0.37005475560913903
2023-05-09 03:09:54,976 INFO 2: 0.20065487525859355
2023-05-09 03:09:54,976 INFO 3: 0.16902997173167467
2023-05-09 03:09:54,976 INFO 4: 0.14351541057573308
2023-05-09 03:09:54,976 INFO 5: 0.11811501874660346
2023-05-09 03:09:54,976 INFO 6: 0.09502541409214835
2023-05-09 03:09:54,976 INFO 7: 0.069236846551858
2023-05-09 03:09:54,976 INFO 8: 0.05281016381015011
2023-05-09 03:09:54,976 INFO 9: 0.04870920159106373
2023-05-09 03:09:54,976 INFO 10: 0.050334972804866346
2023-05-09 03:09:54,976 INFO Grouping by level and horizont:
2023-05-09 03:09:54,976 INFO 1_1: 0.09824498910824622
2023-05-09 03:09:54,976 INFO 2_1: 0.04659478565850584
2023-05-09 03:09:54,976 INFO 3_1: 0.0405940458412681
2023-05-09 03:09:54,976 INFO 4_1: 0.036337813337717434
2023-05-09 03:09:54,976 INFO 5_1: 0.029428285679056324
2023-05-09 03:09:54,976 INFO 6_1: 0.022578126070337438
2023-05-09 03:09:54,976 INFO 7_1: 0.016486050791650112
2023-05-09 03:09:54,976 INFO 8_1: 0.013435446379233969
2023-05-09 03:09:54,976 INFO 9_1: 0.012430756303288533
2023-05-09 03:09:54,976 INFO 10_1: 0.012430756303288533
2023-05-09 03:09:54,976 INFO 1_2: 0.11500961305731756
2023-05-09 03:09:54,976 INFO 2_2: 0.06109885693669996
2023-05-09 03:09:54,976 INFO 3_2: 0.053892489028327696
2023-05-09 03:09:54,976 INFO 4_2: 0.04539829111351628
2023-05-09 03:09:54,976 INFO 5_2: 0.03703652961780676
2023-05-09 03:09:54,976 INFO 6_2: 0.029396318267548967
2023-05-09 03:09:54,976 INFO 7_2: 0.021596269859754397
2023-05-09 03:09:54,976 INFO 8_2: 0.01686509295666589
2023-05-09 03:09:54,976 INFO 9_2: 0.015805601603850705
2023-05-09 03:09:54,976 INFO 10_2: 0.016225744726518793
2023-05-09 03:09:54,976 INFO 1_3: 0.15680015344357523
2023-05-09 03:09:54,976 INFO 2_3: 0.09296123266338772
2023-05-09 03:09:54,976 INFO 3_3: 0.07454343686207889
2023-05-09 03:09:54,976 INFO 4_3: 0.06177930612449937
2023-05-09 03:09:54,976 INFO 5_3: 0.051650203449740376
2023-05-09 03:09:54,976 INFO 6_3: 0.04305096975426194
2023-05-09 03:09:54,976 INFO 7_3: 0.03115452590045348
2023-05-09 03:09:54,976 INFO 8_3: 0.02250962447425025
2023-05-09 03:09:54,976 INFO 9_3: 0.0204728436839245
2023-05-09 03:09:54,976 INFO 10_3: 0.021678471775059025
2023-05-09 03:09:54,981 INFO Non empty regressions: 0.3745210596740237 --- 82010 / 218973
