2023-05-09 04:00:45,170 INFO Starting...
2023-05-09 04:00:45,170 INFO Tickers: ['CME']
2023-05-09 04:01:52,717 INFO in_r2: 0.08289377866266237 , std 0.16337911946410694 
2023-05-09 04:01:52,717 INFO os_r2: -0.1073345102151246 , std 0.07306315517627783 
2023-05-09 04:01:52,717 INFO intercept: 1.8124947788498084e-06 , std 0.00010009807621711914 
2023-05-09 04:01:52,717 INFO ofi_1_1: 4.327329849585709e-07 , std 3.3981134585451086e-05 
2023-05-09 04:01:52,717 INFO ofi_2_1: -2.2647621539716865e-07 , std 3.3553457859653425e-05 
2023-05-09 04:01:52,717 INFO ofi_3_1: -7.816773474107345e-07 , std 3.358955417263636e-05 
2023-05-09 04:01:52,717 INFO ofi_4_1: -5.16245535288306e-07 , std 3.317895171785439e-05 
2023-05-09 04:01:52,717 INFO ofi_5_1: -1.7838947120391658e-07 , std 3.19561204097414e-05 
2023-05-09 04:01:52,717 INFO ofi_6_1: -2.0390774402634905e-07 , std 2.968718425843385e-05 
2023-05-09 04:01:52,717 INFO ofi_7_1: -7.081587323584e-08 , std 2.792571249046818e-05 
2023-05-09 04:01:52,717 INFO ofi_8_1: 1.8996360438710232e-08 , std 2.7858803869422237e-05 
2023-05-09 04:01:52,717 INFO ofi_9_1: 6.442133799143249e-08 , std 2.9655015147510633e-05 
2023-05-09 04:01:52,717 INFO ofi_10_1: -6.200290601681172e-08 , std 3.178145731280001e-05 
2023-05-09 04:01:52,717 INFO ofi_1_2: 8.946788177826697e-08 , std 3.060270639217865e-05 
2023-05-09 04:01:52,717 INFO ofi_2_2: -3.413885636747645e-07 , std 3.239498420519754e-05 
2023-05-09 04:01:52,717 INFO ofi_3_2: -9.68813350667386e-07 , std 3.2489289355855405e-05 
2023-05-09 04:01:52,717 INFO ofi_4_2: -6.819632720043772e-07 , std 3.357238824890744e-05 
2023-05-09 04:01:52,717 INFO ofi_5_2: -6.357309166602321e-07 , std 3.310816337150356e-05 
2023-05-09 04:01:52,717 INFO ofi_6_2: -7.410493273878403e-07 , std 3.302147777259955e-05 
2023-05-09 04:01:52,717 INFO ofi_7_2: -5.081279615637705e-07 , std 3.144300319131895e-05 
2023-05-09 04:01:52,717 INFO ofi_8_2: -4.1641359396048683e-07 , std 3.0292251020451103e-05 
2023-05-09 04:01:52,717 INFO ofi_9_2: -3.0731713792163375e-07 , std 3.263741385011602e-05 
2023-05-09 04:01:52,717 INFO ofi_10_2: -5.006424408769429e-07 , std 3.41625570521942e-05 
2023-05-09 04:01:52,717 INFO ofi_1_3: -1.5990097556887962e-07 , std 3.3703922555829825e-05 
2023-05-09 04:01:52,717 INFO ofi_2_3: -2.3043326864705604e-07 , std 3.6769441272882065e-05 
2023-05-09 04:01:52,718 INFO ofi_3_3: -9.859092103857993e-07 , std 3.702411820258155e-05 
2023-05-09 04:01:52,718 INFO ofi_4_3: -1.045286831653323e-06 , std 3.8720730653069225e-05 
2023-05-09 04:01:52,718 INFO ofi_5_3: -1.3068376376771594e-06 , std 3.7309666249564075e-05 
2023-05-09 04:01:52,718 INFO ofi_6_3: -9.833980725923238e-07 , std 3.627269372823471e-05 
2023-05-09 04:01:52,718 INFO ofi_7_3: -5.053274211143002e-07 , std 3.4601812840833646e-05 
2023-05-09 04:01:52,718 INFO ofi_8_3: -4.756065306956049e-08 , std 3.274120418338306e-05 
2023-05-09 04:01:52,718 INFO ofi_9_3: -3.191172996614397e-07 , std 3.5019952105396874e-05 
2023-05-09 04:01:52,718 INFO ofi_10_3: 1.9078305329591327e-07 , std 3.522692553642218e-05 
2023-05-09 04:01:52,718 INFO used_intercept: 0.9862129120941852 , std 0.11660619242944262 
2023-05-09 04:01:52,718 INFO used_ofi_1_1: 0.07421919597393285 , std 0.2621272723753021 
2023-05-09 04:01:52,718 INFO used_ofi_2_1: 0.04509231731766017 , std 0.20750662697028163 
2023-05-09 04:01:52,718 INFO used_ofi_3_1: 0.035059116877423246 , std 0.18392926684244248 
2023-05-09 04:01:52,718 INFO used_ofi_4_1: 0.03127326200033794 , std 0.1740552931806331 
2023-05-09 04:01:52,718 INFO used_ofi_5_1: 0.028976175144880875 , std 0.16773954935808688 
2023-05-09 04:01:52,718 INFO used_ofi_6_1: 0.025592196298173747 , std 0.15791528040949518 
2023-05-09 04:01:52,718 INFO used_ofi_7_1: 0.017184767071739437 , std 0.12995942002190336 
2023-05-09 04:01:52,718 INFO used_ofi_8_1: 0.015403725573472528 , std 0.12315214497494423 
2023-05-09 04:01:52,718 INFO used_ofi_9_1: 0.016897060368173244 , std 0.12888580107633094 
2023-05-09 04:01:52,718 INFO used_ofi_10_1: 0.02049111077621442 , std 0.14167295138935776 
2023-05-09 04:01:52,718 INFO used_ofi_1_2: 0.09181497262219543 , std 0.2887645813194218 
2023-05-09 04:01:52,718 INFO used_ofi_2_2: 0.05817612217031323 , std 0.23407618627177354 
2023-05-09 04:01:52,718 INFO used_ofi_3_2: 0.046325346047229564 , std 0.21018874461025258 
2023-05-09 04:01:52,718 INFO used_ofi_4_2: 0.043105771031131696 , std 0.20309520805509748 
2023-05-09 04:01:52,718 INFO used_ofi_5_2: 0.038525297639435 , std 0.19246064294090867 
2023-05-09 04:01:52,718 INFO used_ofi_6_2: 0.034575038931740444 , std 0.18270086374894093 
2023-05-09 04:01:52,718 INFO used_ofi_7_2: 0.02429523274558964 , std 0.15396419847298032 
2023-05-09 04:01:52,718 INFO used_ofi_8_2: 0.0207377165221283 , std 0.14250496003850585 
2023-05-09 04:01:52,718 INFO used_ofi_9_2: 0.022043813620857364 , std 0.1468260327799749 
2023-05-09 04:01:52,718 INFO used_ofi_10_2: 0.027510240988615035 , std 0.16356475057103034 
2023-05-09 04:01:52,718 INFO used_ofi_1_3: 0.13820882026551218 , std 0.3451190262305565 
2023-05-09 04:01:52,718 INFO used_ofi_2_3: 0.08256725715042494 , std 0.2752270066637367 
2023-05-09 04:01:52,718 INFO used_ofi_3_3: 0.06737360313828646 , std 0.2506679092713128 
2023-05-09 04:01:52,718 INFO used_ofi_4_3: 0.06125412722116425 , std 0.23979586968823643 
2023-05-09 04:01:52,718 INFO used_ofi_5_3: 0.055897302407146084 , std 0.22972329875471956 
2023-05-09 04:01:52,718 INFO used_ofi_6_3: 0.048827937690948196 , std 0.21550816734359998 
2023-05-09 04:01:52,718 INFO used_ofi_7_3: 0.03569846510757034 , std 0.18553728653975168 
2023-05-09 04:01:52,718 INFO used_ofi_8_3: 0.029715992382622514 , std 0.1698026860192101 
2023-05-09 04:01:52,718 INFO used_ofi_9_3: 0.029647490786535325 , std 0.1696128446686678 
2023-05-09 04:01:52,718 INFO used_ofi_10_3: 0.035739566065222654 , std 0.18564010741941578 
2023-05-09 04:01:53,400 INFO Grouping by horizont:
2023-05-09 04:01:53,400 INFO 1: 0.31018892740200843
2023-05-09 04:01:53,400 INFO 2: 0.4071095523192358
2023-05-09 04:01:53,400 INFO 3: 0.5849305622154329
2023-05-09 04:01:53,400 INFO Grouping by level:
2023-05-09 04:01:53,400 INFO 1: 0.3042429888616405
2023-05-09 04:01:53,400 INFO 2: 0.18583569663839833
2023-05-09 04:01:53,400 INFO 3: 0.1487580660629393
2023-05-09 04:01:53,400 INFO 4: 0.1356331602526339
2023-05-09 04:01:53,400 INFO 5: 0.12339877519146195
2023-05-09 04:01:53,400 INFO 6: 0.10899517292086239
2023-05-09 04:01:53,400 INFO 7: 0.07717846492489941
2023-05-09 04:01:53,400 INFO 8: 0.06585743447822334
2023-05-09 04:01:53,400 INFO 9: 0.06858836477556593
2023-05-09 04:01:53,400 INFO 10: 0.08374091783005211
2023-05-09 04:01:53,400 INFO Grouping by level and horizont:
2023-05-09 04:01:53,400 INFO 1_1: 0.07421919597393285
2023-05-09 04:01:53,400 INFO 2_1: 0.04509231731766017
2023-05-09 04:01:53,400 INFO 3_1: 0.035059116877423246
2023-05-09 04:01:53,400 INFO 4_1: 0.03127326200033794
2023-05-09 04:01:53,400 INFO 5_1: 0.028976175144880875
2023-05-09 04:01:53,400 INFO 6_1: 0.025592196298173747
2023-05-09 04:01:53,400 INFO 7_1: 0.017184767071739437
2023-05-09 04:01:53,400 INFO 8_1: 0.015403725573472528
2023-05-09 04:01:53,400 INFO 9_1: 0.016897060368173244
2023-05-09 04:01:53,400 INFO 10_1: 0.02049111077621442
2023-05-09 04:01:53,400 INFO 1_2: 0.09181497262219543
2023-05-09 04:01:53,401 INFO 2_2: 0.05817612217031323
2023-05-09 04:01:53,401 INFO 3_2: 0.046325346047229564
2023-05-09 04:01:53,401 INFO 4_2: 0.043105771031131696
2023-05-09 04:01:53,401 INFO 5_2: 0.038525297639435
2023-05-09 04:01:53,401 INFO 6_2: 0.034575038931740444
2023-05-09 04:01:53,401 INFO 7_2: 0.02429523274558964
2023-05-09 04:01:53,401 INFO 8_2: 0.0207377165221283
2023-05-09 04:01:53,401 INFO 9_2: 0.022043813620857364
2023-05-09 04:01:53,401 INFO 10_2: 0.027510240988615035
2023-05-09 04:01:53,401 INFO 1_3: 0.13820882026551218
2023-05-09 04:01:53,401 INFO 2_3: 0.08256725715042494
2023-05-09 04:01:53,401 INFO 3_3: 0.06737360313828646
2023-05-09 04:01:53,401 INFO 4_3: 0.06125412722116425
2023-05-09 04:01:53,401 INFO 5_3: 0.055897302407146084
2023-05-09 04:01:53,401 INFO 6_3: 0.048827937690948196
2023-05-09 04:01:53,401 INFO 7_3: 0.03569846510757034
2023-05-09 04:01:53,401 INFO 8_3: 0.029715992382622514
2023-05-09 04:01:53,401 INFO 9_3: 0.029647490786535325
2023-05-09 04:01:53,401 INFO 10_3: 0.035739566065222654
2023-05-09 04:01:53,405 INFO Non empty regressions: 0.37154809040383974 --- 81359 / 218973
