2023-05-09 04:04:08,336 INFO Starting...
2023-05-09 04:04:08,336 INFO Tickers: ['COP']
2023-05-09 04:04:53,771 INFO in_r2: 0.08336159468675902 , std 0.1626803728837993 
2023-05-09 04:04:53,771 INFO os_r2: -0.10681331836128173 , std 0.06778177818573991 
2023-05-09 04:04:53,771 INFO intercept: -3.1118842098135417e-06 , std 0.00014869034085728366 
2023-05-09 04:04:53,771 INFO ofi_1_1: 1.0472758548260176e-06 , std 7.457185045322194e-05 
2023-05-09 04:04:53,771 INFO ofi_2_1: 4.88253145884577e-07 , std 6.738789050518413e-05 
2023-05-09 04:04:53,771 INFO ofi_3_1: 3.474826450760775e-07 , std 6.727867755178249e-05 
2023-05-09 04:04:53,771 INFO ofi_4_1: -9.736997819513491e-07 , std 6.821848683069964e-05 
2023-05-09 04:04:53,771 INFO ofi_5_1: -5.314996797235058e-07 , std 6.610454955537354e-05 
2023-05-09 04:04:53,771 INFO ofi_6_1: -3.2568553819733524e-07 , std 6.387628969931847e-05 
2023-05-09 04:04:53,771 INFO ofi_7_1: -3.4703505231780233e-07 , std 7.436582893141835e-05 
2023-05-09 04:04:53,771 INFO ofi_8_1: -5.875530361301779e-07 , std 6.785990056138876e-05 
2023-05-09 04:04:53,771 INFO ofi_9_1: -8.196642243864912e-07 , std 6.377765339704533e-05 
2023-05-09 04:04:53,771 INFO ofi_10_1: -1.1101461837409165e-06 , std 6.671994855292347e-05 
2023-05-09 04:04:53,771 INFO ofi_1_2: -3.360935939607214e-07 , std 7.230235597832773e-05 
2023-05-09 04:04:53,771 INFO ofi_2_2: 3.483631218008319e-07 , std 7.669062951236037e-05 
2023-05-09 04:04:53,771 INFO ofi_3_2: -5.229359623332916e-07 , std 7.365524612817074e-05 
2023-05-09 04:04:53,771 INFO ofi_4_2: -2.0716466830602798e-06 , std 6.992478514655925e-05 
2023-05-09 04:04:53,771 INFO ofi_5_2: -7.99275121583588e-07 , std 7.162452192400447e-05 
2023-05-09 04:04:53,771 INFO ofi_6_2: -2.5504598036302564e-07 , std 7.762194841427441e-05 
2023-05-09 04:04:53,771 INFO ofi_7_2: -1.0152407582356197e-06 , std 6.912569475205916e-05 
2023-05-09 04:04:53,771 INFO ofi_8_2: -1.2328272756983465e-06 , std 7.091383664234171e-05 
2023-05-09 04:04:53,771 INFO ofi_9_2: -8.375117863610978e-07 , std 7.579634207129317e-05 
2023-05-09 04:04:53,771 INFO ofi_10_2: -1.431069045082801e-06 , std 7.122295723918454e-05 
2023-05-09 04:04:53,771 INFO ofi_1_3: -3.3467063687047426e-07 , std 8.10615983912203e-05 
2023-05-09 04:04:53,771 INFO ofi_2_3: -7.370234984622111e-07 , std 8.45715671543402e-05 
2023-05-09 04:04:53,771 INFO ofi_3_3: -1.6677875264681829e-06 , std 8.387014213795961e-05 
2023-05-09 04:04:53,771 INFO ofi_4_3: -3.122641047382914e-06 , std 8.987087431973646e-05 
2023-05-09 04:04:53,772 INFO ofi_5_3: -9.622829220378378e-07 , std 8.033177019617373e-05 
2023-05-09 04:04:53,772 INFO ofi_6_3: -2.032561564239934e-06 , std 8.661132736404345e-05 
2023-05-09 04:04:53,772 INFO ofi_7_3: -1.5906282933872968e-06 , std 8.547078145899065e-05 
2023-05-09 04:04:53,772 INFO ofi_8_3: -2.579375166916038e-07 , std 8.296429618896151e-05 
2023-05-09 04:04:53,772 INFO ofi_9_3: -5.963309368829502e-07 , std 8.100647104725719e-05 
2023-05-09 04:04:53,772 INFO ofi_10_3: -6.400212138099346e-07 , std 8.746569180537928e-05 
2023-05-09 04:04:53,772 INFO used_intercept: 0.9911446353206098 , std 0.09368536276166743 
2023-05-09 04:04:53,772 INFO used_ofi_1_1: 0.06944070290320575 , std 0.2542020686058917 
2023-05-09 04:04:53,772 INFO used_ofi_2_1: 0.03976625152827569 , std 0.19540956160757741 
2023-05-09 04:04:53,772 INFO used_ofi_3_1: 0.0403395707703891 , std 0.19675438953286373 
2023-05-09 04:04:53,772 INFO used_ofi_4_1: 0.0375282342458089 , std 0.19005227144183412 
2023-05-09 04:04:53,772 INFO used_ofi_5_1: 0.032126599940595836 , std 0.17633627396781623 
2023-05-09 04:04:53,772 INFO used_ofi_6_1: 0.02758149076817871 , std 0.16377042509312717 
2023-05-09 04:04:53,772 INFO used_ofi_7_1: 0.02059114049084416 , std 0.14201107500519272 
2023-05-09 04:04:53,772 INFO used_ofi_8_1: 0.015203321107127809 , std 0.12236086030443463 
2023-05-09 04:04:53,772 INFO used_ofi_9_1: 0.012613023326494947 , std 0.11159719964703524 
2023-05-09 04:04:53,772 INFO used_ofi_10_1: 0.012868599374184057 , std 0.11270757971108603 
2023-05-09 04:04:53,772 INFO used_ofi_1_2: 0.08839477519668995 , std 0.2838681717181702 
2023-05-09 04:04:53,772 INFO used_ofi_2_2: 0.056019506669153354 , std 0.22995939107089766 
2023-05-09 04:04:53,772 INFO used_ofi_3_2: 0.055190611379350836 , std 0.2283519384523028 
2023-05-09 04:04:53,772 INFO used_ofi_4_2: 0.05144676765374281 , std 0.22090721525501292 
2023-05-09 04:04:53,772 INFO used_ofi_5_2: 0.04059514681807821 , std 0.19735040124838077 
2023-05-09 04:04:53,772 INFO used_ofi_6_2: 0.03473762010347376 , std 0.18311449383656248 
2023-05-09 04:04:53,772 INFO used_ofi_7_2: 0.025295121260473438 , std 0.15701999267893052 
2023-05-09 04:04:53,772 INFO used_ofi_8_2: 0.01882283053926546 , std 0.13589897567588785 
2023-05-09 04:04:53,772 INFO used_ofi_9_2: 0.01557632398753894 , std 0.12382932656917002 
2023-05-09 04:04:53,772 INFO used_ofi_10_2: 0.015569416526790586 , std 0.12380230125407965 
2023-05-09 04:04:53,772 INFO used_ofi_1_3: 0.12708346284822236 , std 0.3330664443001229 
2023-05-09 04:04:53,772 INFO used_ofi_2_3: 0.08064460423703643 , std 0.27228854556240184 
2023-05-09 04:04:53,772 INFO used_ofi_3_3: 0.08526569547768545 , std 0.2792766668599296 
2023-05-09 04:04:53,772 INFO used_ofi_4_3: 0.07478017006168362 , std 0.26303630210909923 
2023-05-09 04:04:53,772 INFO used_ofi_5_3: 0.054534402608257176 , std 0.22706915585437337 
2023-05-09 04:04:53,772 INFO used_ofi_6_3: 0.05338085666328201 , std 0.22479177210293122 
2023-05-09 04:04:53,772 INFO used_ofi_7_3: 0.03947613817684481 , std 0.19472486408131723 
2023-05-09 04:04:53,772 INFO used_ofi_8_3: 0.02856235019444502 , std 0.16657293401334716 
2023-05-09 04:04:53,772 INFO used_ofi_9_3: 0.023830739581822327 , std 0.15252159005467286 
2023-05-09 04:04:53,772 INFO used_ofi_10_3: 0.02155127753486541 , std 0.14521301584734272 
2023-05-09 04:04:54,238 INFO Grouping by horizont:
2023-05-09 04:04:54,238 INFO 1: 0.3080589344551049
2023-05-09 04:04:54,238 INFO 2: 0.4016481201345573
2023-05-09 04:04:54,238 INFO 3: 0.5891096973841446
2023-05-09 04:04:54,238 INFO Grouping by level:
2023-05-09 04:04:54,238 INFO 1: 0.2849189409481181
2023-05-09 04:04:54,238 INFO 2: 0.17643036243446547
2023-05-09 04:04:54,238 INFO 3: 0.18079587762742538
2023-05-09 04:04:54,238 INFO 4: 0.16375517196123535
2023-05-09 04:04:54,238 INFO 5: 0.12725614936693122
2023-05-09 04:04:54,238 INFO 6: 0.11569996753493447
2023-05-09 04:04:54,238 INFO 7: 0.08536239992816241
2023-05-09 04:04:54,238 INFO 8: 0.06258850184083829
2023-05-09 04:04:54,238 INFO 9: 0.052020086895856216
2023-05-09 04:04:54,238 INFO 10: 0.04998929343584005
2023-05-09 04:04:54,238 INFO Grouping by level and horizont:
2023-05-09 04:04:54,238 INFO 1_1: 0.06944070290320575
2023-05-09 04:04:54,238 INFO 2_1: 0.03976625152827569
2023-05-09 04:04:54,238 INFO 3_1: 0.0403395707703891
2023-05-09 04:04:54,238 INFO 4_1: 0.0375282342458089
2023-05-09 04:04:54,238 INFO 5_1: 0.032126599940595836
2023-05-09 04:04:54,238 INFO 6_1: 0.02758149076817871
2023-05-09 04:04:54,238 INFO 7_1: 0.02059114049084416
2023-05-09 04:04:54,238 INFO 8_1: 0.015203321107127809
2023-05-09 04:04:54,238 INFO 9_1: 0.012613023326494947
2023-05-09 04:04:54,238 INFO 10_1: 0.012868599374184057
2023-05-09 04:04:54,238 INFO 1_2: 0.08839477519668995
2023-05-09 04:04:54,238 INFO 2_2: 0.056019506669153354
2023-05-09 04:04:54,238 INFO 3_2: 0.055190611379350836
2023-05-09 04:04:54,238 INFO 4_2: 0.05144676765374281
2023-05-09 04:04:54,238 INFO 5_2: 0.04059514681807821
2023-05-09 04:04:54,238 INFO 6_2: 0.03473762010347376
2023-05-09 04:04:54,238 INFO 7_2: 0.025295121260473438
2023-05-09 04:04:54,239 INFO 8_2: 0.01882283053926546
2023-05-09 04:04:54,239 INFO 9_2: 0.01557632398753894
2023-05-09 04:04:54,239 INFO 10_2: 0.015569416526790586
2023-05-09 04:04:54,239 INFO 1_3: 0.12708346284822236
2023-05-09 04:04:54,239 INFO 2_3: 0.08064460423703643
2023-05-09 04:04:54,239 INFO 3_3: 0.08526569547768545
2023-05-09 04:04:54,239 INFO 4_3: 0.07478017006168362
2023-05-09 04:04:54,239 INFO 5_3: 0.054534402608257176
2023-05-09 04:04:54,239 INFO 6_3: 0.05338085666328201
2023-05-09 04:04:54,239 INFO 7_3: 0.03947613817684481
2023-05-09 04:04:54,239 INFO 8_3: 0.02856235019444502
2023-05-09 04:04:54,239 INFO 9_3: 0.023830739581822327
2023-05-09 04:04:54,239 INFO 10_3: 0.02155127753486541
2023-05-09 04:04:54,242 INFO Non empty regressions: 0.37054382438471795 --- 53644 / 144771
