2023-05-09 02:32:56,739 INFO Starting...
2023-05-09 02:32:56,739 INFO Tickers: ['FB']
2023-05-09 02:34:08,449 INFO in_r2: 0.08070229370776352 , std 0.160707634741301 
2023-05-09 02:34:08,449 INFO os_r2: -0.10633454284603513 , std 0.04845394446755449 
2023-05-09 02:34:08,449 INFO intercept: -9.803641619025501e-07 , std 0.00013358034081638502 
2023-05-09 02:34:08,449 INFO ofi_1_1: 1.908340102042552e-07 , std 3.2674558301444896e-05 
2023-05-09 02:34:08,449 INFO ofi_2_1: -2.5019875771926443e-07 , std 2.8801459392718508e-05 
2023-05-09 02:34:08,449 INFO ofi_3_1: 4.252560617174177e-09 , std 2.5601398128962294e-05 
2023-05-09 02:34:08,449 INFO ofi_4_1: -1.6722181398613685e-07 , std 2.7110589066020947e-05 
2023-05-09 02:34:08,449 INFO ofi_5_1: -1.2009961681681108e-07 , std 2.3318359832366712e-05 
2023-05-09 02:34:08,449 INFO ofi_6_1: 6.836937440414139e-08 , std 2.3961580747448215e-05 
2023-05-09 02:34:08,449 INFO ofi_7_1: 1.6085827385762378e-07 , std 2.4756480003760614e-05 
2023-05-09 02:34:08,449 INFO ofi_8_1: -5.962039693529654e-08 , std 2.3848297011187715e-05 
2023-05-09 02:34:08,449 INFO ofi_9_1: -7.9030386420757e-08 , std 2.70024175042042e-05 
2023-05-09 02:34:08,449 INFO ofi_10_1: -2.3588895882490557e-07 , std 2.674799373409614e-05 
2023-05-09 02:34:08,449 INFO ofi_1_2: -3.5078406991445694e-07 , std 3.396610621295214e-05 
2023-05-09 02:34:08,449 INFO ofi_2_2: -4.899535377436656e-07 , std 3.0776623170443875e-05 
2023-05-09 02:34:08,449 INFO ofi_3_2: -3.197310616425338e-07 , std 3.0512840753590932e-05 
2023-05-09 02:34:08,449 INFO ofi_4_2: -8.939756002309017e-08 , std 2.8658058221742707e-05 
2023-05-09 02:34:08,449 INFO ofi_5_2: -1.5494440680658202e-07 , std 2.798938076103958e-05 
2023-05-09 02:34:08,449 INFO ofi_6_2: -3.6087151056668807e-07 , std 2.9071391765259126e-05 
2023-05-09 02:34:08,449 INFO ofi_7_2: -3.3101137978486726e-07 , std 2.853796059951151e-05 
2023-05-09 02:34:08,449 INFO ofi_8_2: -1.8381718540317029e-07 , std 2.7928915438217958e-05 
2023-05-09 02:34:08,449 INFO ofi_9_2: -3.166922439037406e-07 , std 2.721289343784871e-05 
2023-05-09 02:34:08,449 INFO ofi_10_2: -1.6483609880542096e-07 , std 3.067970415365176e-05 
2023-05-09 02:34:08,449 INFO ofi_1_3: -1.0277828516632337e-06 , std 3.429782848972017e-05 
2023-05-09 02:34:08,449 INFO ofi_2_3: -1.0138085599880162e-06 , std 3.3866166821123305e-05 
2023-05-09 02:34:08,449 INFO ofi_3_3: -6.590696009616497e-07 , std 3.213404363221596e-05 
2023-05-09 02:34:08,449 INFO ofi_4_3: -2.1277431722697855e-07 , std 3.202191234933861e-05 
2023-05-09 02:34:08,449 INFO ofi_5_3: -2.413487285921736e-07 , std 3.2628729616173054e-05 
2023-05-09 02:34:08,449 INFO ofi_6_3: -6.262724600644856e-07 , std 3.287222598223947e-05 
2023-05-09 02:34:08,449 INFO ofi_7_3: -7.795986517278628e-07 , std 3.491977321769781e-05 
2023-05-09 02:34:08,449 INFO ofi_8_3: -1.945876229697909e-07 , std 3.2233705631980914e-05 
2023-05-09 02:34:08,449 INFO ofi_9_3: -3.5498580628925435e-07 , std 3.2832371491983334e-05 
2023-05-09 02:34:08,449 INFO ofi_10_3: -3.172466379706982e-07 , std 3.327028249827136e-05 
2023-05-09 02:34:08,449 INFO used_intercept: 0.9878660839464226 , std 0.10948371629964943 
2023-05-09 02:34:08,449 INFO used_ofi_1_1: 0.04261255953930393 , std 0.20198200243787368 
2023-05-09 02:34:08,449 INFO used_ofi_2_1: 0.033798687509418966 , std 0.18071064227670605 
2023-05-09 02:34:08,449 INFO used_ofi_3_1: 0.02539582505605714 , std 0.15732411488954665 
2023-05-09 02:34:08,449 INFO used_ofi_4_1: 0.026409648678147535 , std 0.16035017659748416 
2023-05-09 02:34:08,450 INFO used_ofi_5_1: 0.02593470427860969 , std 0.1589405404312907 
2023-05-09 02:34:08,450 INFO used_ofi_6_1: 0.027085531092874465 , std 0.16233269879568746 
2023-05-09 02:34:08,450 INFO used_ofi_7_1: 0.027259068469628677 , std 0.16283737794436745 
2023-05-09 02:34:08,450 INFO used_ofi_8_1: 0.02778881414603627 , std 0.1643672593748321 
2023-05-09 02:34:08,450 INFO used_ofi_9_1: 0.029743393021057392 , std 0.16987855542313837 
2023-05-09 02:34:08,450 INFO used_ofi_10_1: 0.03590853666890439 , std 0.18606212312881504 
2023-05-09 02:34:08,450 INFO used_ofi_1_2: 0.05648641613349591 , std 0.23085861674602806 
2023-05-09 02:34:08,450 INFO used_ofi_2_2: 0.04382732117658342 , std 0.2047107400579365 
2023-05-09 02:34:08,450 INFO used_ofi_3_2: 0.035534061276961085 , std 0.18512534069145226 
2023-05-09 02:34:08,450 INFO used_ofi_4_2: 0.034109228078347556 , std 0.18150974805295397 
2023-05-09 02:34:08,450 INFO used_ofi_5_2: 0.0332415411945765 , std 0.17926667602648788 
2023-05-09 02:34:08,450 INFO used_ofi_6_2: 0.036716855502733216 , std 0.18806575452411484 
2023-05-09 02:34:08,450 INFO used_ofi_7_2: 0.0364565494376019 , std 0.18742323612803616 
2023-05-09 02:34:08,450 INFO used_ofi_8_2: 0.03419599676672466 , std 0.18173230470077362 
2023-05-09 02:34:08,450 INFO used_ofi_9_2: 0.03685385869490759 , std 0.1884028975207212 
2023-05-09 02:34:08,450 INFO used_ofi_10_2: 0.04317883940029136 , std 0.2032595071044285 
2023-05-09 02:34:08,450 INFO used_ofi_1_3: 0.09081941609239495 , std 0.2873521354593199 
2023-05-09 02:34:08,450 INFO used_ofi_2_3: 0.07115489124229928 , std 0.25708339638062166 
2023-05-09 02:34:08,450 INFO used_ofi_3_3: 0.055710064711174435 , std 0.22936096747496337 
2023-05-09 02:34:08,450 INFO used_ofi_4_3: 0.049088243756079515 , std 0.21605228089752543 
2023-05-09 02:34:08,450 INFO used_ofi_5_3: 0.04959515556712472 , std 0.2171070614038093 
2023-05-09 02:34:08,450 INFO used_ofi_6_3: 0.053381010444210016 , std 0.22479207763656878 
2023-05-09 02:34:08,450 INFO used_ofi_7_3: 0.05181460728034963 , std 0.2216525518750749 
2023-05-09 02:34:08,450 INFO used_ofi_8_3: 0.048595032264251756 , std 0.21501989466904703 
2023-05-09 02:34:08,450 INFO used_ofi_9_3: 0.049960497412923056 , std 0.21786336569321688 
2023-05-09 02:34:08,450 INFO used_ofi_10_3: 0.061190192398149545 , std 0.23967885336930958 
2023-05-09 02:34:09,127 INFO Grouping by horizont:
2023-05-09 02:34:09,127 INFO 1: 0.3019367684600384
2023-05-09 02:34:09,127 INFO 2: 0.39060066766222323
2023-05-09 02:34:09,128 INFO 3: 0.581309111168957
2023-05-09 02:34:09,128 INFO Grouping by level:
2023-05-09 02:34:09,128 INFO 1: 0.18991839176519482
2023-05-09 02:34:09,128 INFO 2: 0.14878089992830168
2023-05-09 02:34:09,128 INFO 3: 0.11663995104419267
2023-05-09 02:34:09,128 INFO 4: 0.1096071205125746
2023-05-09 02:34:09,128 INFO 5: 0.10877140104031091
2023-05-09 02:34:09,128 INFO 6: 0.1171833970398177
2023-05-09 02:34:09,128 INFO 7: 0.1155302251875802
2023-05-09 02:34:09,128 INFO 8: 0.1105798431770127
2023-05-09 02:34:09,128 INFO 9: 0.11655774912888803
2023-05-09 02:34:09,128 INFO 10: 0.1402775684673453
2023-05-09 02:34:09,128 INFO Grouping by level and horizont:
2023-05-09 02:34:09,128 INFO 1_1: 0.04261255953930393
2023-05-09 02:34:09,128 INFO 2_1: 0.033798687509418966
2023-05-09 02:34:09,128 INFO 3_1: 0.02539582505605714
2023-05-09 02:34:09,128 INFO 4_1: 0.026409648678147535
2023-05-09 02:34:09,128 INFO 5_1: 0.02593470427860969
2023-05-09 02:34:09,128 INFO 6_1: 0.027085531092874465
2023-05-09 02:34:09,128 INFO 7_1: 0.027259068469628677
2023-05-09 02:34:09,128 INFO 8_1: 0.02778881414603627
2023-05-09 02:34:09,128 INFO 9_1: 0.029743393021057392
2023-05-09 02:34:09,128 INFO 10_1: 0.03590853666890439
2023-05-09 02:34:09,128 INFO 1_2: 0.05648641613349591
2023-05-09 02:34:09,128 INFO 2_2: 0.04382732117658342
2023-05-09 02:34:09,128 INFO 3_2: 0.035534061276961085
2023-05-09 02:34:09,128 INFO 4_2: 0.034109228078347556
2023-05-09 02:34:09,128 INFO 5_2: 0.0332415411945765
2023-05-09 02:34:09,128 INFO 6_2: 0.036716855502733216
2023-05-09 02:34:09,128 INFO 7_2: 0.0364565494376019
2023-05-09 02:34:09,128 INFO 8_2: 0.03419599676672466
2023-05-09 02:34:09,128 INFO 9_2: 0.03685385869490759
2023-05-09 02:34:09,128 INFO 10_2: 0.04317883940029136
2023-05-09 02:34:09,128 INFO 1_3: 0.09081941609239495
2023-05-09 02:34:09,128 INFO 2_3: 0.07115489124229928
2023-05-09 02:34:09,128 INFO 3_3: 0.055710064711174435
2023-05-09 02:34:09,128 INFO 4_3: 0.049088243756079515
2023-05-09 02:34:09,128 INFO 5_3: 0.04959515556712472
2023-05-09 02:34:09,128 INFO 6_3: 0.053381010444210016
2023-05-09 02:34:09,128 INFO 7_3: 0.05181460728034963
2023-05-09 02:34:09,128 INFO 8_3: 0.048595032264251756
2023-05-09 02:34:09,128 INFO 9_3: 0.049960497412923056
2023-05-09 02:34:09,128 INFO 10_3: 0.061190192398149545
2023-05-09 02:34:09,133 INFO Non empty regressions: 0.36079790659122357 --- 79005 / 218973
