2023-05-09 02:35:18,121 INFO Starting...
2023-05-09 02:35:18,121 INFO Tickers: ['JPM']
2023-05-09 02:36:26,765 INFO in_r2: 0.08384227376246628 , std 0.16510697946047032 
2023-05-09 02:36:26,765 INFO os_r2: -0.11100898514247202 , std 0.09308045434289287 
2023-05-09 02:36:26,765 INFO intercept: -1.9185619137870846e-06 , std 0.00011129897072614856 
2023-05-09 02:36:26,765 INFO ofi_1_1: 4.695389707396071e-07 , std 5.082898937314203e-05 
2023-05-09 02:36:26,765 INFO ofi_2_1: -8.121334510728724e-08 , std 4.681790294500364e-05 
2023-05-09 02:36:26,765 INFO ofi_3_1: -4.7375327121544127e-07 , std 4.6468473291070204e-05 
2023-05-09 02:36:26,765 INFO ofi_4_1: -2.8150429634536714e-07 , std 4.383902234235028e-05 
2023-05-09 02:36:26,765 INFO ofi_5_1: -1.518245700899373e-07 , std 4.470225931135784e-05 
2023-05-09 02:36:26,765 INFO ofi_6_1: -6.440223890485815e-07 , std 4.364628515218721e-05 
2023-05-09 02:36:26,765 INFO ofi_7_1: -4.76051342743139e-07 , std 4.401189292972265e-05 
2023-05-09 02:36:26,765 INFO ofi_8_1: -4.79237354788169e-07 , std 4.106375060110967e-05 
2023-05-09 02:36:26,765 INFO ofi_9_1: -2.7840215132303166e-07 , std 4.250208469082227e-05 
2023-05-09 02:36:26,765 INFO ofi_10_1: -5.621891579743235e-07 , std 4.097145694466263e-05 
2023-05-09 02:36:26,766 INFO ofi_1_2: -4.776819384712381e-07 , std 5.013624017658657e-05 
2023-05-09 02:36:26,766 INFO ofi_2_2: -2.829790248279295e-07 , std 5.0215508448635563e-05 
2023-05-09 02:36:26,766 INFO ofi_3_2: -6.392630706500693e-07 , std 4.6918586324618204e-05 
2023-05-09 02:36:26,766 INFO ofi_4_2: -2.015570664339335e-07 , std 4.534766457743105e-05 
2023-05-09 02:36:26,766 INFO ofi_5_2: -3.2768069198659253e-07 , std 5.071487615040807e-05 
2023-05-09 02:36:26,766 INFO ofi_6_2: -1.2470663673965981e-06 , std 4.887866714374393e-05 
2023-05-09 02:36:26,766 INFO ofi_7_2: -3.9820592081906036e-07 , std 4.7302694978693276e-05 
2023-05-09 02:36:26,766 INFO ofi_8_2: -4.010352525310584e-07 , std 4.5335068184162864e-05 
2023-05-09 02:36:26,766 INFO ofi_9_2: -4.896537888639575e-07 , std 4.9358698140978626e-05 
2023-05-09 02:36:26,766 INFO ofi_10_2: -5.635533130943353e-07 , std 5.0327077374471936e-05 
2023-05-09 02:36:26,766 INFO ofi_1_3: -3.3742096419363514e-07 , std 5.533561956183895e-05 
2023-05-09 02:36:26,766 INFO ofi_2_3: -1.5591092215869556e-06 , std 6.032823584174516e-05 
2023-05-09 02:36:26,766 INFO ofi_3_3: -1.0054870578723384e-06 , std 5.686490299486689e-05 
2023-05-09 02:36:26,766 INFO ofi_4_3: -9.228148753090823e-07 , std 5.4807126632153045e-05 
2023-05-09 02:36:26,766 INFO ofi_5_3: -9.428919757967198e-07 , std 5.658558212375745e-05 
2023-05-09 02:36:26,766 INFO ofi_6_3: -8.659650958086577e-07 , std 5.900500426276777e-05 
2023-05-09 02:36:26,766 INFO ofi_7_3: -4.475491134162272e-07 , std 5.5960139416097786e-05 
2023-05-09 02:36:26,766 INFO ofi_8_3: -4.3739938019094623e-07 , std 5.2701848657343126e-05 
2023-05-09 02:36:26,766 INFO ofi_9_3: -6.807445866464082e-07 , std 5.838320581614045e-05 
2023-05-09 02:36:26,766 INFO ofi_10_3: -2.4529851104018256e-07 , std 5.984284086355205e-05 
2023-05-09 02:36:26,766 INFO used_intercept: 0.9863316481940696 , std 0.11610998219291799 
2023-05-09 02:36:26,766 INFO used_ofi_1_1: 0.05200641174939376 , std 0.22203996236341397 
2023-05-09 02:36:26,766 INFO used_ofi_2_1: 0.03652961780676157 , std 0.1876038507857808 
2023-05-09 02:36:26,766 INFO used_ofi_3_1: 0.0379087832746503 , std 0.19097567233887644 
2023-05-09 02:36:26,766 INFO used_ofi_4_1: 0.038840404981436066 , std 0.19321446095547326 
2023-05-09 02:36:26,766 INFO used_ofi_5_1: 0.038406561539550535 , std 0.19217569453564945 
2023-05-09 02:36:26,766 INFO used_ofi_6_1: 0.0351778529773077 , std 0.18422912809112088 
2023-05-09 02:36:26,766 INFO used_ofi_7_1: 0.024756476825910045 , std 0.1553820893188086 
2023-05-09 02:36:26,766 INFO used_ofi_8_1: 0.015070351139181542 , std 0.12183281846745281 
2023-05-09 02:36:26,766 INFO used_ofi_9_1: 0.013974325601786521 , std 0.11738417195585518 
2023-05-09 02:36:26,766 INFO used_ofi_10_1: 0.012111082188214986 , std 0.1093819175021415 
2023-05-09 02:36:26,766 INFO used_ofi_1_2: 0.06669772072355952 , std 0.24949776506782895 
2023-05-09 02:36:26,766 INFO used_ofi_2_2: 0.050636379827649985 , std 0.2192540464064459 
2023-05-09 02:36:26,766 INFO used_ofi_3_2: 0.05324400725203564 , std 0.2245196716187266 
2023-05-09 02:36:26,766 INFO used_ofi_4_2: 0.050019865462865284 , std 0.21798595946056287 
2023-05-09 02:36:26,766 INFO used_ofi_5_2: 0.04764514346517607 , std 0.21301428067000305 
2023-05-09 02:36:26,766 INFO used_ofi_6_2: 0.04477264320258662 , std 0.20680438492266187 
2023-05-09 02:36:26,766 INFO used_ofi_7_2: 0.032634160375936756 , std 0.17767715652974186 
2023-05-09 02:36:26,766 INFO used_ofi_8_2: 0.021071090956419285 , std 0.14362137752551185 
2023-05-09 02:36:26,766 INFO used_ofi_9_2: 0.018440629666671232 , std 0.1345383694124762 
2023-05-09 02:36:26,766 INFO used_ofi_10_2: 0.017189333844811916 , std 0.12997638495812813 
2023-05-09 02:36:26,766 INFO used_ofi_1_3: 0.1002315353947747 , std 0.3003084659265881 
2023-05-09 02:36:26,766 INFO used_ofi_2_3: 0.07861243166965791 , std 0.26913289887459185 
2023-05-09 02:36:26,766 INFO used_ofi_3_3: 0.0777538783320318 , std 0.2677838918537846 
2023-05-09 02:36:26,766 INFO used_ofi_4_3: 0.07889557160015162 , std 0.26957570436157063 
2023-05-09 02:36:26,766 INFO used_ofi_5_3: 0.06922771300571304 , std 0.2538409674534662 
2023-05-09 02:36:26,766 INFO used_ofi_6_3: 0.06559256164001954 , std 0.24756853091117975 
2023-05-09 02:36:26,766 INFO used_ofi_7_3: 0.04900604184077489 , std 0.2158806376307869 
2023-05-09 02:36:26,766 INFO used_ofi_8_3: 0.030428408981929278 , std 0.17176297886552186 
2023-05-09 02:36:26,766 INFO used_ofi_9_3: 0.026035173286204236 , std 0.15923989147874207 
2023-05-09 02:36:26,766 INFO used_ofi_10_3: 0.025249688317737804 , std 0.15688257251076332 
2023-05-09 02:36:27,468 INFO Grouping by horizont:
2023-05-09 02:36:27,468 INFO 1: 0.304781868084193
2023-05-09 02:36:27,468 INFO 2: 0.4023509747777123
2023-05-09 02:36:27,468 INFO 3: 0.6010330040689947
2023-05-09 02:36:27,468 INFO Grouping by level:
2023-05-09 02:36:27,468 INFO 1: 0.21893566786772797
2023-05-09 02:36:27,468 INFO 2: 0.16577842930406944
2023-05-09 02:36:27,468 INFO 3: 0.16890666885871775
2023-05-09 02:36:27,468 INFO 4: 0.16775584204445299
2023-05-09 02:36:27,468 INFO 5: 0.15527941801043965
2023-05-09 02:36:27,468 INFO 6: 0.1455430578199139
2023-05-09 02:36:27,468 INFO 7: 0.10639667904262168
2023-05-09 02:36:27,468 INFO 8: 0.0665698510775301
2023-05-09 02:36:27,468 INFO 9: 0.05845012855466199
2023-05-09 02:36:27,468 INFO 10: 0.05455010435076471
2023-05-09 02:36:27,468 INFO Grouping by level and horizont:
2023-05-09 02:36:27,468 INFO 1_1: 0.05200641174939376
2023-05-09 02:36:27,468 INFO 2_1: 0.03652961780676157
2023-05-09 02:36:27,468 INFO 3_1: 0.0379087832746503
2023-05-09 02:36:27,468 INFO 4_1: 0.038840404981436066
2023-05-09 02:36:27,468 INFO 5_1: 0.038406561539550535
2023-05-09 02:36:27,468 INFO 6_1: 0.0351778529773077
2023-05-09 02:36:27,468 INFO 7_1: 0.024756476825910045
2023-05-09 02:36:27,468 INFO 8_1: 0.015070351139181542
2023-05-09 02:36:27,468 INFO 9_1: 0.013974325601786521
2023-05-09 02:36:27,468 INFO 10_1: 0.012111082188214986
2023-05-09 02:36:27,468 INFO 1_2: 0.06669772072355952
2023-05-09 02:36:27,468 INFO 2_2: 0.050636379827649985
2023-05-09 02:36:27,468 INFO 3_2: 0.05324400725203564
2023-05-09 02:36:27,469 INFO 4_2: 0.050019865462865284
2023-05-09 02:36:27,469 INFO 5_2: 0.04764514346517607
2023-05-09 02:36:27,469 INFO 6_2: 0.04477264320258662
2023-05-09 02:36:27,469 INFO 7_2: 0.032634160375936756
2023-05-09 02:36:27,469 INFO 8_2: 0.021071090956419285
2023-05-09 02:36:27,469 INFO 9_2: 0.018440629666671232
2023-05-09 02:36:27,469 INFO 10_2: 0.017189333844811916
2023-05-09 02:36:27,469 INFO 1_3: 0.1002315353947747
2023-05-09 02:36:27,469 INFO 2_3: 0.07861243166965791
2023-05-09 02:36:27,469 INFO 3_3: 0.0777538783320318
2023-05-09 02:36:27,469 INFO 4_3: 0.07889557160015162
2023-05-09 02:36:27,469 INFO 5_3: 0.06922771300571304
2023-05-09 02:36:27,469 INFO 6_3: 0.06559256164001954
2023-05-09 02:36:27,469 INFO 7_3: 0.04900604184077489
2023-05-09 02:36:27,469 INFO 8_3: 0.030428408981929278
2023-05-09 02:36:27,469 INFO 9_3: 0.026035173286204236
2023-05-09 02:36:27,469 INFO 10_3: 0.025249688317737804
2023-05-09 02:36:27,476 INFO Non empty regressions: 0.3638165435921324 --- 79666 / 218973
