2023-05-09 02:47:43,042 INFO Starting...
2023-05-09 02:47:43,042 INFO Tickers: ['MA']
2023-05-09 02:48:50,669 INFO in_r2: 0.08747429056094998 , std 0.16949388546655592 
2023-05-09 02:48:50,669 INFO os_r2: -0.10074742108334975 , std 0.04440284983617397 
2023-05-09 02:48:50,669 INFO intercept: 8.883273117384616e-07 , std 0.00010632319784896875 
2023-05-09 02:48:50,669 INFO ofi_1_1: -6.299109234653926e-07 , std 3.0760095862232706e-05 
2023-05-09 02:48:50,669 INFO ofi_2_1: -5.613047662895854e-07 , std 2.887214171196839e-05 
2023-05-09 02:48:50,669 INFO ofi_3_1: -4.4477703787882473e-07 , std 2.7718668092112477e-05 
2023-05-09 02:48:50,669 INFO ofi_4_1: -4.4510867026856846e-07 , std 2.705038720353073e-05 
2023-05-09 02:48:50,669 INFO ofi_5_1: -5.836735225854353e-07 , std 2.8152361276725276e-05 
2023-05-09 02:48:50,669 INFO ofi_6_1: -4.1311706266392567e-07 , std 2.7363221692167135e-05 
2023-05-09 02:48:50,669 INFO ofi_7_1: -4.3220543960407976e-07 , std 2.7218229365577105e-05 
2023-05-09 02:48:50,669 INFO ofi_8_1: -2.4896987836378103e-07 , std 2.439711534993311e-05 
2023-05-09 02:48:50,670 INFO ofi_9_1: -5.176307464203508e-07 , std 2.7042136176825045e-05 
2023-05-09 02:48:50,670 INFO ofi_10_1: -8.639283296761865e-08 , std 3.0813331249726865e-05 
2023-05-09 02:48:50,670 INFO ofi_1_2: -3.0717061264518744e-07 , std 3.0457215860033397e-05 
2023-05-09 02:48:50,670 INFO ofi_2_2: -4.778688743083951e-07 , std 2.8843204098829347e-05 
2023-05-09 02:48:50,670 INFO ofi_3_2: -5.788386007525704e-07 , std 3.125279007196182e-05 
2023-05-09 02:48:50,670 INFO ofi_4_2: -5.228658364696852e-07 , std 2.9202112804503022e-05 
2023-05-09 02:48:50,670 INFO ofi_5_2: -7.244834777735133e-07 , std 2.952041737109799e-05 
2023-05-09 02:48:50,670 INFO ofi_6_2: -7.188330026480682e-07 , std 2.9131124996219744e-05 
2023-05-09 02:48:50,670 INFO ofi_7_2: -4.969241094341069e-07 , std 2.7554549383008142e-05 
2023-05-09 02:48:50,670 INFO ofi_8_2: -4.201652938542249e-07 , std 2.962598090031152e-05 
2023-05-09 02:48:50,670 INFO ofi_9_2: -4.748309022287282e-07 , std 2.7295784812187618e-05 
2023-05-09 02:48:50,670 INFO ofi_10_2: -5.86007598777217e-07 , std 3.08403051238822e-05 
2023-05-09 02:48:50,670 INFO ofi_1_3: -3.658771182262443e-07 , std 3.21282154068657e-05 
2023-05-09 02:48:50,670 INFO ofi_2_3: -3.316010215658825e-07 , std 3.353725141715599e-05 
2023-05-09 02:48:50,670 INFO ofi_3_3: -1.0105425993201265e-06 , std 3.232163294693425e-05 
2023-05-09 02:48:50,670 INFO ofi_4_3: -6.681078231394959e-07 , std 3.0906761447424846e-05 
2023-05-09 02:48:50,670 INFO ofi_5_3: -7.480318266802614e-07 , std 3.1578880068517344e-05 
2023-05-09 02:48:50,670 INFO ofi_6_3: -1.0028753356951421e-06 , std 3.0846715917040917e-05 
2023-05-09 02:48:50,670 INFO ofi_7_3: -5.384115135798939e-07 , std 3.086046621154879e-05 
2023-05-09 02:48:50,670 INFO ofi_8_3: -5.311407846865553e-07 , std 2.9911026432996795e-05 
2023-05-09 02:48:50,670 INFO ofi_9_3: -3.8455277646195446e-07 , std 2.9909153672637903e-05 
2023-05-09 02:48:50,670 INFO ofi_10_3: -4.573739190570724e-07 , std 3.143470559445855e-05 
2023-05-09 02:48:50,670 INFO used_intercept: 0.9853589255296316 , std 0.12011125429667954 
2023-05-09 02:48:50,670 INFO used_ofi_1_1: 0.04125622793677759 , std 0.19888225560166553 
2023-05-09 02:48:50,670 INFO used_ofi_2_1: 0.0318989099112676 , std 0.17573095759637922 
2023-05-09 02:48:50,670 INFO used_ofi_3_1: 0.03192631054970248 , std 0.17580392840999437 
2023-05-09 02:48:50,670 INFO used_ofi_4_1: 0.032456056226110065 , std 0.17720795873875886 
2023-05-09 02:48:50,670 INFO used_ofi_5_1: 0.03396309134002822 , std 0.1811342037458887 
2023-05-09 02:48:50,670 INFO used_ofi_6_1: 0.03618254305325314 , std 0.1867441207413305 
2023-05-09 02:48:50,670 INFO used_ofi_7_1: 0.03208614760723925 , std 0.1762289043799731 
2023-05-09 02:48:50,670 INFO used_ofi_8_1: 0.025902736867102337 , std 0.15884516073804703 
2023-05-09 02:48:50,670 INFO used_ofi_9_1: 0.024939147748809214 , std 0.155939689169795 
2023-05-09 02:48:50,670 INFO used_ofi_10_1: 0.029113178337055252 , std 0.16812376745769786 
2023-05-09 02:48:50,670 INFO used_ofi_1_2: 0.056276344572161865 , std 0.23045458904902974 
2023-05-09 02:48:50,670 INFO used_ofi_2_2: 0.044667607421919595 , std 0.2065730192186794 
2023-05-09 02:48:50,670 INFO used_ofi_3_2: 0.043137738442639045 , std 0.20316710847155728 
2023-05-09 02:48:50,670 INFO used_ofi_4_2: 0.04483201125252885 , std 0.2069350188334057 
2023-05-09 02:48:50,670 INFO used_ofi_5_2: 0.04661305275079576 , std 0.21080862426392158 
2023-05-09 02:48:50,670 INFO used_ofi_6_2: 0.04539829111351628 , std 0.2081760943948385 
2023-05-09 02:48:50,670 INFO used_ofi_7_2: 0.038790170477638795 , std 0.19309451869992197 
2023-05-09 02:48:50,670 INFO used_ofi_8_2: 0.03461613988939276 , std 0.1828055325983072 
2023-05-09 02:48:50,670 INFO used_ofi_9_2: 0.0310403565736415 , std 0.17342679388555474 
2023-05-09 02:48:50,670 INFO used_ofi_10_2: 0.036351513656934877 , std 0.1871632472249414 
2023-05-09 02:48:50,670 INFO used_ofi_1_3: 0.08932151452462175 , std 0.2852072607204269 
2023-05-09 02:48:50,670 INFO used_ofi_2_3: 0.06781658012631694 , std 0.2514308882899788 
2023-05-09 02:48:50,670 INFO used_ofi_3_3: 0.0639530901069995 , std 0.2446693531539361 
2023-05-09 02:48:50,670 INFO used_ofi_4_3: 0.06583460061286095 , std 0.24799275387600747 
2023-05-09 02:48:50,670 INFO used_ofi_5_3: 0.06693519292332845 , std 0.2499097294457446 
2023-05-09 02:48:50,670 INFO used_ofi_6_3: 0.06482534376384302 , std 0.2462174213367986 
2023-05-09 02:48:50,670 INFO used_ofi_7_3: 0.054778443004388666 , std 0.22754728121074883 
2023-05-09 02:48:50,670 INFO used_ofi_8_3: 0.048827937690948196 , std 0.21550816734359995 
2023-05-09 02:48:50,670 INFO used_ofi_9_3: 0.04429769880304878 , std 0.20575571118149585 
2023-05-09 02:48:50,670 INFO used_ofi_10_3: 0.05262292611417846 , std 0.22327954174388703 
2023-05-09 02:48:51,366 INFO Grouping by horizont:
2023-05-09 02:48:51,366 INFO 1: 0.31972434957734513
2023-05-09 02:48:51,366 INFO 2: 0.42172322615116936
2023-05-09 02:48:51,366 INFO 3: 0.6192133276705347
2023-05-09 02:48:51,366 INFO Grouping by level:
2023-05-09 02:48:51,366 INFO 1: 0.1868540870335612
2023-05-09 02:48:51,366 INFO 2: 0.14438309745950414
2023-05-09 02:48:51,366 INFO 3: 0.13901713909934102
2023-05-09 02:48:51,366 INFO 4: 0.14312266809149987
2023-05-09 02:48:51,366 INFO 5: 0.14751133701415242
2023-05-09 02:48:51,366 INFO 6: 0.14640617793061245
2023-05-09 02:48:51,366 INFO 7: 0.1256547610892667
2023-05-09 02:48:51,366 INFO 8: 0.10934681444744329
2023-05-09 02:48:51,367 INFO 9: 0.1002772031254995
2023-05-09 02:48:51,367 INFO 10: 0.11808761810816859
2023-05-09 02:48:51,367 INFO Grouping by level and horizont:
2023-05-09 02:48:51,367 INFO 1_1: 0.04125622793677759
2023-05-09 02:48:51,367 INFO 2_1: 0.0318989099112676
2023-05-09 02:48:51,367 INFO 3_1: 0.03192631054970248
2023-05-09 02:48:51,367 INFO 4_1: 0.032456056226110065
2023-05-09 02:48:51,367 INFO 5_1: 0.03396309134002822
2023-05-09 02:48:51,367 INFO 6_1: 0.03618254305325314
2023-05-09 02:48:51,367 INFO 7_1: 0.03208614760723925
2023-05-09 02:48:51,367 INFO 8_1: 0.025902736867102337
2023-05-09 02:48:51,367 INFO 9_1: 0.024939147748809214
2023-05-09 02:48:51,367 INFO 10_1: 0.029113178337055252
2023-05-09 02:48:51,367 INFO 1_2: 0.056276344572161865
2023-05-09 02:48:51,367 INFO 2_2: 0.044667607421919595
2023-05-09 02:48:51,367 INFO 3_2: 0.043137738442639045
2023-05-09 02:48:51,367 INFO 4_2: 0.04483201125252885
2023-05-09 02:48:51,367 INFO 5_2: 0.04661305275079576
2023-05-09 02:48:51,367 INFO 6_2: 0.04539829111351628
2023-05-09 02:48:51,367 INFO 7_2: 0.038790170477638795
2023-05-09 02:48:51,367 INFO 8_2: 0.03461613988939276
2023-05-09 02:48:51,367 INFO 9_2: 0.0310403565736415
2023-05-09 02:48:51,367 INFO 10_2: 0.036351513656934877
2023-05-09 02:48:51,367 INFO 1_3: 0.08932151452462175
2023-05-09 02:48:51,367 INFO 2_3: 0.06781658012631694
2023-05-09 02:48:51,367 INFO 3_3: 0.0639530901069995
2023-05-09 02:48:51,367 INFO 4_3: 0.06583460061286095
2023-05-09 02:48:51,367 INFO 5_3: 0.06693519292332845
2023-05-09 02:48:51,367 INFO 6_3: 0.06482534376384302
2023-05-09 02:48:51,367 INFO 7_3: 0.054778443004388666
2023-05-09 02:48:51,367 INFO 8_3: 0.048827937690948196
2023-05-09 02:48:51,367 INFO 9_3: 0.04429769880304878
2023-05-09 02:48:51,367 INFO 10_3: 0.05262292611417846
2023-05-09 02:48:51,371 INFO Non empty regressions: 0.3703515958588502 --- 81097 / 218973
