2023-05-09 03:14:35,181 INFO Starting...
2023-05-09 03:14:35,181 INFO Tickers: ['NFLX']
2023-05-09 03:15:46,540 INFO in_r2: 0.07990894760295637 , std 0.16186854506998802 
2023-05-09 03:15:46,541 INFO os_r2: -0.10631871362695175 , std 0.05525142984946794 
2023-05-09 03:15:46,541 INFO intercept: -2.7243516956220728e-06 , std 0.0001851756053200737 
2023-05-09 03:15:46,541 INFO ofi_1_1: 1.8983152990718355e-07 , std 3.156473554938374e-05 
2023-05-09 03:15:46,541 INFO ofi_2_1: -3.2862691972271264e-07 , std 2.8642072953655095e-05 
2023-05-09 03:15:46,541 INFO ofi_3_1: -1.0138540690146125e-07 , std 2.9117654945765027e-05 
2023-05-09 03:15:46,541 INFO ofi_4_1: -1.8349301441678297e-07 , std 2.8688508126043212e-05 
2023-05-09 03:15:46,541 INFO ofi_5_1: -1.241848344466788e-07 , std 2.7368460795507663e-05 
2023-05-09 03:15:46,541 INFO ofi_6_1: -1.6340704542673783e-07 , std 2.818893897142214e-05 
2023-05-09 03:15:46,541 INFO ofi_7_1: -1.6504367976810843e-08 , std 2.7383305454804383e-05 
2023-05-09 03:15:46,541 INFO ofi_8_1: 3.628681577164837e-08 , std 2.685761423709151e-05 
2023-05-09 03:15:46,541 INFO ofi_9_1: 8.703888399804889e-08 , std 2.7165304778442794e-05 
2023-05-09 03:15:46,541 INFO ofi_10_1: 9.310440457650233e-08 , std 2.749429677088768e-05 
2023-05-09 03:15:46,541 INFO ofi_1_2: -2.4152231047424615e-07 , std 3.0298878101183956e-05 
2023-05-09 03:15:46,541 INFO ofi_2_2: -2.6718870696503815e-07 , std 3.064159809931971e-05 
2023-05-09 03:15:46,541 INFO ofi_3_2: -4.6640226045906204e-07 , std 3.020509032248646e-05 
2023-05-09 03:15:46,541 INFO ofi_4_2: -4.94198330042802e-07 , std 3.0588662495772094e-05 
2023-05-09 03:15:46,541 INFO ofi_5_2: -2.0608893690970983e-07 , std 3.145085347362403e-05 
2023-05-09 03:15:46,541 INFO ofi_6_2: -2.1685753186947518e-07 , std 3.1768273558127646e-05 
2023-05-09 03:15:46,541 INFO ofi_7_2: -2.451100571373689e-07 , std 2.9076763442185474e-05 
2023-05-09 03:15:46,541 INFO ofi_8_2: -4.10669612382927e-07 , std 3.0448703504598964e-05 
2023-05-09 03:15:46,541 INFO ofi_9_2: -3.585041520272668e-07 , std 2.8211336207533535e-05 
2023-05-09 03:15:46,541 INFO ofi_10_2: -1.2982625496313436e-07 , std 2.9805375727157662e-05 
2023-05-09 03:15:46,541 INFO ofi_1_3: -6.37325349982069e-07 , std 3.092490772754763e-05 
2023-05-09 03:15:46,541 INFO ofi_2_3: -8.397326477290506e-07 , std 3.3395439654156785e-05 
2023-05-09 03:15:46,541 INFO ofi_3_3: -9.290269384854724e-07 , std 3.364711437002717e-05 
2023-05-09 03:15:46,541 INFO ofi_4_3: -5.700081785131618e-07 , std 3.374926562290244e-05 
2023-05-09 03:15:46,541 INFO ofi_5_3: -6.831569502868898e-07 , std 3.353157276114781e-05 
2023-05-09 03:15:46,541 INFO ofi_6_3: -9.741166544404901e-07 , std 3.3740367908556694e-05 
2023-05-09 03:15:46,541 INFO ofi_7_3: -6.327671377557152e-07 , std 3.1378013751280276e-05 
2023-05-09 03:15:46,541 INFO ofi_8_3: -3.46132868613185e-07 , std 3.096517122597167e-05 
2023-05-09 03:15:46,541 INFO ofi_9_3: -2.5609657470788786e-07 , std 3.169150966619747e-05 
2023-05-09 03:15:46,541 INFO ofi_10_3: -1.4744541988917178e-08 , std 3.282621091407664e-05 
2023-05-09 03:15:46,541 INFO used_intercept: 0.9913459650276518 , std 0.09262366139948024 
2023-05-09 03:15:46,541 INFO used_ofi_1_1: 0.05479214332360611 , std 0.2275740854174998 
2023-05-09 03:15:46,541 INFO used_ofi_2_1: 0.0302914057897549 , std 0.17138797077109966 
2023-05-09 03:15:46,541 INFO used_ofi_3_1: 0.028035419891950148 , std 0.16507402922153502 
2023-05-09 03:15:46,541 INFO used_ofi_4_1: 0.02661972023948158 , std 0.16096928506349686 
2023-05-09 03:15:46,541 INFO used_ofi_5_1: 0.025592196298173747 , std 0.15791528040949515 
2023-05-09 03:15:46,541 INFO used_ofi_6_1: 0.025048750302548717 , std 0.15627319159353367 
2023-05-09 03:15:46,541 INFO used_ofi_7_1: 0.02293433436999082 , std 0.14969419052520463 
2023-05-09 03:15:46,541 INFO used_ofi_8_1: 0.02361935033086271 , std 0.1518600560411153 
2023-05-09 03:15:46,541 INFO used_ofi_9_1: 0.02558306275202879 , std 0.15788783883584745 
2023-05-09 03:15:46,541 INFO used_ofi_10_1: 0.03507738396971316 , std 0.18397543614176992 
2023-05-09 03:15:46,541 INFO used_ofi_1_2: 0.07364378256680047 , std 0.2611903058232719 
2023-05-09 03:15:46,542 INFO used_ofi_2_2: 0.04121512697912528 , std 0.1987874248719467 
2023-05-09 03:15:46,542 INFO used_ofi_3_2: 0.03743840564818494 , std 0.18983353610652384 
2023-05-09 03:15:46,542 INFO used_ofi_4_2: 0.03526005489261233 , std 0.18443639397250827 
2023-05-09 03:15:46,542 INFO used_ofi_5_2: 0.03428276545510177 , std 0.18195454775259742 
2023-05-09 03:15:46,542 INFO used_ofi_6_2: 0.03281683129883593 , std 0.17815691645945067 
2023-05-09 03:15:46,542 INFO used_ofi_7_2: 0.028665634575952285 , std 0.16686496327962397 
2023-05-09 03:15:46,542 INFO used_ofi_8_2: 0.029661191105752764 , std 0.1696508321463257 
2023-05-09 03:15:46,542 INFO used_ofi_9_2: 0.032241417891703546 , std 0.17664062065118566 
2023-05-09 03:15:46,542 INFO used_ofi_10_2: 0.0475949089613788 , std 0.2129075705613515 
2023-05-09 03:15:46,542 INFO used_ofi_1_3: 0.11801454973900892 , std 0.322625348955887 
2023-05-09 03:15:46,542 INFO used_ofi_2_3: 0.06187064158594895 , std 0.24092045429081357 
2023-05-09 03:15:46,542 INFO used_ofi_3_3: 0.05673758865248227 , std 0.23134051674184528 
2023-05-09 03:15:46,542 INFO used_ofi_4_3: 0.05407059317815439 , std 0.22615694579542964 
2023-05-09 03:15:46,542 INFO used_ofi_5_3: 0.049914829682198264 , std 0.21776900481931627 
2023-05-09 03:15:46,542 INFO used_ofi_6_3: 0.04806528658784416 , std 0.21390421878278273 
2023-05-09 03:15:46,542 INFO used_ofi_7_3: 0.04208738063596882 , std 0.20078852812641437 
2023-05-09 03:15:46,542 INFO used_ofi_8_3: 0.040858918679471896 , std 0.19796329822423195 
2023-05-09 03:15:46,542 INFO used_ofi_9_3: 0.04397802468797523 , std 0.20504623389011337 
2023-05-09 03:15:46,542 INFO used_ofi_10_3: 0.06077461604855393 , std 0.2389164332830724 
2023-05-09 03:15:47,232 INFO Grouping by horizont:
2023-05-09 03:15:47,232 INFO 1: 0.2975937672681107
2023-05-09 03:15:47,232 INFO 2: 0.39282011937544814
2023-05-09 03:15:47,232 INFO 3: 0.5763724294776068
2023-05-09 03:15:47,233 INFO Grouping by level:
2023-05-09 03:15:47,233 INFO 1: 0.24645047562941552
2023-05-09 03:15:47,233 INFO 2: 0.13337717435482913
2023-05-09 03:15:47,233 INFO 3: 0.12221141419261736
2023-05-09 03:15:47,233 INFO 4: 0.1159503683102483
2023-05-09 03:15:47,233 INFO 5: 0.10978979143547378
2023-05-09 03:15:47,233 INFO 6: 0.10593086818922881
2023-05-09 03:15:47,233 INFO 7: 0.09368734958191192
2023-05-09 03:15:47,233 INFO 8: 0.09413946011608737
2023-05-09 03:15:47,233 INFO 9: 0.10180250533170757
2023-05-09 03:15:47,233 INFO 10: 0.1434469089796459
2023-05-09 03:15:47,233 INFO Grouping by level and horizont:
2023-05-09 03:15:47,233 INFO 1_1: 0.05479214332360611
2023-05-09 03:15:47,233 INFO 2_1: 0.0302914057897549
2023-05-09 03:15:47,233 INFO 3_1: 0.028035419891950148
2023-05-09 03:15:47,233 INFO 4_1: 0.02661972023948158
2023-05-09 03:15:47,233 INFO 5_1: 0.025592196298173747
2023-05-09 03:15:47,233 INFO 6_1: 0.025048750302548717
2023-05-09 03:15:47,233 INFO 7_1: 0.02293433436999082
2023-05-09 03:15:47,233 INFO 8_1: 0.02361935033086271
2023-05-09 03:15:47,233 INFO 9_1: 0.02558306275202879
2023-05-09 03:15:47,233 INFO 10_1: 0.03507738396971316
2023-05-09 03:15:47,233 INFO 1_2: 0.07364378256680047
2023-05-09 03:15:47,233 INFO 2_2: 0.04121512697912528
2023-05-09 03:15:47,233 INFO 3_2: 0.03743840564818494
2023-05-09 03:15:47,233 INFO 4_2: 0.03526005489261233
2023-05-09 03:15:47,233 INFO 5_2: 0.03428276545510177
2023-05-09 03:15:47,233 INFO 6_2: 0.03281683129883593
2023-05-09 03:15:47,233 INFO 7_2: 0.028665634575952285
2023-05-09 03:15:47,233 INFO 8_2: 0.029661191105752764
2023-05-09 03:15:47,233 INFO 9_2: 0.032241417891703546
2023-05-09 03:15:47,233 INFO 10_2: 0.0475949089613788
2023-05-09 03:15:47,233 INFO 1_3: 0.11801454973900892
2023-05-09 03:15:47,233 INFO 2_3: 0.06187064158594895
2023-05-09 03:15:47,233 INFO 3_3: 0.05673758865248227
2023-05-09 03:15:47,233 INFO 4_3: 0.05407059317815439
2023-05-09 03:15:47,233 INFO 5_3: 0.049914829682198264
2023-05-09 03:15:47,233 INFO 6_3: 0.04806528658784416
2023-05-09 03:15:47,233 INFO 7_3: 0.04208738063596882
2023-05-09 03:15:47,233 INFO 8_3: 0.040858918679471896
2023-05-09 03:15:47,233 INFO 9_3: 0.04397802468797523
2023-05-09 03:15:47,233 INFO 10_3: 0.06077461604855393
2023-05-09 03:15:47,238 INFO Non empty regressions: 0.35576532266535144 --- 77903 / 218973
