2023-05-09 03:12:14,135 INFO Starting...
2023-05-09 03:12:14,135 INFO Tickers: ['NVDA']
2023-05-09 03:13:26,539 INFO in_r2: 0.07833640676033317 , std 0.16049516852849868 
2023-05-09 03:13:26,539 INFO os_r2: -0.105527274316283 , std 0.048960538444756854 
2023-05-09 03:13:26,539 INFO intercept: -3.2885014938923104e-06 , std 0.0001931115098319258 
2023-05-09 03:13:26,539 INFO ofi_1_1: -3.0027121615184034e-07 , std 3.663479936973494e-05 
2023-05-09 03:13:26,539 INFO ofi_2_1: 7.140912700428265e-08 , std 3.3895476783661e-05 
2023-05-09 03:13:26,539 INFO ofi_3_1: -8.715124578081071e-09 , std 3.231083209325583e-05 
2023-05-09 03:13:26,539 INFO ofi_4_1: 1.6879843327908524e-07 , std 2.9610036261657396e-05 
2023-05-09 03:13:26,539 INFO ofi_5_1: -1.41550201824513e-07 , std 3.096890326542118e-05 
2023-05-09 03:13:26,539 INFO ofi_6_1: 6.634664699945775e-08 , std 3.482711835157689e-05 
2023-05-09 03:13:26,539 INFO ofi_7_1: -2.5688120673997025e-07 , std 3.0171232939729615e-05 
2023-05-09 03:13:26,539 INFO ofi_8_1: 8.77497863261902e-08 , std 2.9703638994096812e-05 
2023-05-09 03:13:26,539 INFO ofi_9_1: -6.49120568153705e-09 , std 2.963691163035925e-05 
2023-05-09 03:13:26,539 INFO ofi_10_1: 1.9298415017934582e-07 , std 3.282866719754156e-05 
2023-05-09 03:13:26,539 INFO ofi_1_2: -4.244436208969671e-07 , std 3.652970802163805e-05 
2023-05-09 03:13:26,539 INFO ofi_2_2: -1.791107444476577e-08 , std 3.443288581573707e-05 
2023-05-09 03:13:26,539 INFO ofi_3_2: -4.543925826454165e-07 , std 3.358488247480102e-05 
2023-05-09 03:13:26,539 INFO ofi_4_2: 1.2550310261474622e-08 , std 3.5369754977463996e-05 
2023-05-09 03:13:26,539 INFO ofi_5_2: -2.9396040128600617e-07 , std 3.530848103202694e-05 
2023-05-09 03:13:26,539 INFO ofi_6_2: -3.8401106457869355e-07 , std 3.204643138170336e-05 
2023-05-09 03:13:26,540 INFO ofi_7_2: -3.767910153899448e-07 , std 3.167466700909434e-05 
2023-05-09 03:13:26,540 INFO ofi_8_2: -1.64446207915134e-07 , std 3.345407861101008e-05 
2023-05-09 03:13:26,540 INFO ofi_9_2: -3.7963825542515765e-07 , std 3.206267623623798e-05 
2023-05-09 03:13:26,540 INFO ofi_10_2: -5.116464132603046e-07 , std 3.275984502163093e-05 
2023-05-09 03:13:26,540 INFO ofi_1_3: -9.845501442390565e-07 , std 3.9080955459802055e-05 
2023-05-09 03:13:26,540 INFO ofi_2_3: -6.002761379938637e-07 , std 4.0284916512187875e-05 
2023-05-09 03:13:26,540 INFO ofi_3_3: -2.6868377290629483e-07 , std 4.1136000358463334e-05 
2023-05-09 03:13:26,540 INFO ofi_4_3: 3.213735397182976e-08 , std 3.873737311690559e-05 
2023-05-09 03:13:26,540 INFO ofi_5_3: -6.200410812582984e-07 , std 3.7459284496384365e-05 
2023-05-09 03:13:26,540 INFO ofi_6_3: -8.744081979284282e-07 , std 3.844404412323181e-05 
2023-05-09 03:13:26,540 INFO ofi_7_3: -5.191047347054924e-07 , std 3.7879254049022475e-05 
2023-05-09 03:13:26,540 INFO ofi_8_3: -3.405254169942411e-07 , std 3.582380340099361e-05 
2023-05-09 03:13:26,540 INFO ofi_9_3: -6.665850963622275e-07 , std 3.5580957063952796e-05 
2023-05-09 03:13:26,540 INFO ofi_10_3: -8.595184913087284e-07 , std 3.731486810943868e-05 
2023-05-09 03:13:26,540 INFO used_intercept: 0.9917524078311024 , std 0.09044097186736261 
2023-05-09 03:13:26,540 INFO used_ofi_1_1: 0.041863608755417336 , std 0.20027742513171742 
2023-05-09 03:13:26,540 INFO used_ofi_2_1: 0.03055171185488622 , std 0.17209969424035074 
2023-05-09 03:13:26,540 INFO used_ofi_3_1: 0.026268078712900676 , std 0.15993144391780348 
2023-05-09 03:13:26,540 INFO used_ofi_4_1: 0.024149096007270304 , std 0.1535119447121361 
2023-05-09 03:13:26,540 INFO used_ofi_5_1: 0.024788444237417398 , std 0.15547982914097197 
2023-05-09 03:13:26,540 INFO used_ofi_6_1: 0.02504418352947624 , std 0.1562593114051708 
2023-05-09 03:13:26,540 INFO used_ofi_7_1: 0.026363980947422743 , std 0.16021523478129873 
2023-05-09 03:13:26,540 INFO used_ofi_8_1: 0.025793134313362834 , std 0.15851766001192316 
2023-05-09 03:13:26,540 INFO used_ofi_9_1: 0.02883460517963402 , std 0.1673414793880126 
2023-05-09 03:13:26,540 INFO used_ofi_10_1: 0.04258059212779658 , std 0.2019095968542427 
2023-05-09 03:13:26,540 INFO used_ofi_1_2: 0.060934453106090705 , std 0.23921004479484623 
2023-05-09 03:13:26,540 INFO used_ofi_2_2: 0.038863238846798466 , std 0.19326895123929025 
2023-05-09 03:13:26,540 INFO used_ofi_3_2: 0.03668945486429834 , std 0.18799824139086768 
2023-05-09 03:13:26,540 INFO used_ofi_4_2: 0.0349586478698287 , std 0.1836750957776857 
2023-05-09 03:13:26,540 INFO used_ofi_5_2: 0.0324925904106899 , std 0.17730432024937534 
2023-05-09 03:13:26,540 INFO used_ofi_6_2: 0.03246975654532751 , std 0.17724410132699667 
2023-05-09 03:13:26,540 INFO used_ofi_7_2: 0.03196741150735479 , std 0.17591331987338032 
2023-05-09 03:13:26,540 INFO used_ofi_8_2: 0.03288076612185064 , std 0.17832448329124861 
2023-05-09 03:13:26,540 INFO used_ofi_9_2: 0.03661181972206619 , std 0.1878068006721405 
2023-05-09 03:13:26,540 INFO used_ofi_10_2: 0.0506774807853023 , std 0.21933826325235095 
2023-05-09 03:13:26,540 INFO used_ofi_1_3: 0.09603467094116626 , std 0.29463878379871883 
2023-05-09 03:13:26,540 INFO used_ofi_2_3: 0.05903924228101182 , std 0.23569813353502786 
2023-05-09 03:13:26,540 INFO used_ofi_3_3: 0.05289693249852721 , std 0.2238277172978661 
2023-05-09 03:13:26,540 INFO used_ofi_4_3: 0.051695871180465175 , std 0.2214123033694332 
2023-05-09 03:13:26,540 INFO used_ofi_5_3: 0.04796025080717714 , std 0.21368215917499944 
2023-05-09 03:13:26,540 INFO used_ofi_6_3: 0.04924808081361629 , std 0.2163855525440453 
2023-05-09 03:13:26,540 INFO used_ofi_7_3: 0.04669525466610039 , std 0.2109853261669361 
2023-05-09 03:13:26,540 INFO used_ofi_8_3: 0.04538915756737132 , std 0.20815614798197934 
2023-05-09 03:13:26,540 INFO used_ofi_9_3: 0.05028930507414156 , std 0.2185412795544619 
2023-05-09 03:13:26,540 INFO used_ofi_10_3: 0.07091741904253036 , std 0.2566868495246231 
2023-05-09 03:13:27,233 INFO Grouping by horizont:
2023-05-09 03:13:27,234 INFO 1: 0.29623743566558436
2023-05-09 03:13:27,234 INFO 2: 0.38854561977960755
2023-05-09 03:13:27,234 INFO 3: 0.5701661848721076
2023-05-09 03:13:27,234 INFO Grouping by level:
2023-05-09 03:13:27,234 INFO 1: 0.1988327328026743
2023-05-09 03:13:27,234 INFO 2: 0.1284541929826965
2023-05-09 03:13:27,234 INFO 3: 0.11585446607572623
2023-05-09 03:13:27,234 INFO 4: 0.11080361505756417
2023-05-09 03:13:27,234 INFO 5: 0.10524128545528444
2023-05-09 03:13:27,234 INFO 6: 0.10676202088842005
2023-05-09 03:13:27,234 INFO 7: 0.10502664712087792
2023-05-09 03:13:27,234 INFO 8: 0.10406305800258481
2023-05-09 03:13:27,234 INFO 9: 0.11573572997584176
2023-05-09 03:13:27,234 INFO 10: 0.16417549195562925
2023-05-09 03:13:27,234 INFO Grouping by level and horizont:
2023-05-09 03:13:27,234 INFO 1_1: 0.041863608755417336
2023-05-09 03:13:27,234 INFO 2_1: 0.03055171185488622
2023-05-09 03:13:27,234 INFO 3_1: 0.026268078712900676
2023-05-09 03:13:27,234 INFO 4_1: 0.024149096007270304
2023-05-09 03:13:27,234 INFO 5_1: 0.024788444237417398
2023-05-09 03:13:27,234 INFO 6_1: 0.02504418352947624
2023-05-09 03:13:27,234 INFO 7_1: 0.026363980947422743
2023-05-09 03:13:27,234 INFO 8_1: 0.025793134313362834
2023-05-09 03:13:27,234 INFO 9_1: 0.02883460517963402
2023-05-09 03:13:27,234 INFO 10_1: 0.04258059212779658
2023-05-09 03:13:27,234 INFO 1_2: 0.060934453106090705
2023-05-09 03:13:27,234 INFO 2_2: 0.038863238846798466
2023-05-09 03:13:27,234 INFO 3_2: 0.03668945486429834
2023-05-09 03:13:27,234 INFO 4_2: 0.0349586478698287
2023-05-09 03:13:27,234 INFO 5_2: 0.0324925904106899
2023-05-09 03:13:27,234 INFO 6_2: 0.03246975654532751
2023-05-09 03:13:27,234 INFO 7_2: 0.03196741150735479
2023-05-09 03:13:27,234 INFO 8_2: 0.03288076612185064
2023-05-09 03:13:27,234 INFO 9_2: 0.03661181972206619
2023-05-09 03:13:27,234 INFO 10_2: 0.0506774807853023
2023-05-09 03:13:27,234 INFO 1_3: 0.09603467094116626
2023-05-09 03:13:27,234 INFO 2_3: 0.05903924228101182
2023-05-09 03:13:27,234 INFO 3_3: 0.05289693249852721
2023-05-09 03:13:27,234 INFO 4_3: 0.051695871180465175
2023-05-09 03:13:27,234 INFO 5_3: 0.04796025080717714
2023-05-09 03:13:27,234 INFO 6_3: 0.04924808081361629
2023-05-09 03:13:27,234 INFO 7_3: 0.04669525466610039
2023-05-09 03:13:27,234 INFO 8_3: 0.04538915756737132
2023-05-09 03:13:27,234 INFO 9_3: 0.05028930507414156
2023-05-09 03:13:27,234 INFO 10_3: 0.07091741904253036
2023-05-09 03:13:27,239 INFO Non empty regressions: 0.3476912678732081 --- 76135 / 218973
