2023-05-09 03:27:01,080 INFO Starting...
2023-05-09 03:27:01,080 INFO Tickers: ['ORCL']
2023-05-09 03:28:05,770 INFO in_r2: 0.08487279880227501 , std 0.16213558378722373 
2023-05-09 03:28:05,771 INFO os_r2: -0.11288578415939354 , std 0.07950257791314011 
2023-05-09 03:28:05,771 INFO intercept: -1.7497774622100448e-06 , std 0.00010238432670740141 
2023-05-09 03:28:05,771 INFO ofi_1_1: 4.271358230343739e-06 , std 7.231054405457706e-05 
2023-05-09 03:28:05,771 INFO ofi_2_1: 1.8033161583354952e-07 , std 7.86833156948805e-05 
2023-05-09 03:28:05,771 INFO ofi_3_1: -1.0354735237434705e-06 , std 7.800773906004106e-05 
2023-05-09 03:28:05,771 INFO ofi_4_1: -1.6466699947074591e-06 , std 8.149837036030175e-05 
2023-05-09 03:28:05,771 INFO ofi_5_1: -1.2923495509698638e-06 , std 7.252103567554662e-05 
2023-05-09 03:28:05,771 INFO ofi_6_1: -1.7556702396520997e-06 , std 6.936060989866472e-05 
2023-05-09 03:28:05,771 INFO ofi_7_1: -2.9693128602654057e-07 , std 7.523563870596139e-05 
2023-05-09 03:28:05,771 INFO ofi_8_1: -9.371368884524362e-07 , std 6.08532289660992e-05 
2023-05-09 03:28:05,771 INFO ofi_9_1: -3.397679658654239e-07 , std 5.571368233334118e-05 
2023-05-09 03:28:05,771 INFO ofi_10_1: -1.0618835396786268e-06 , std 7.085276024140102e-05 
2023-05-09 03:28:05,771 INFO ofi_1_2: 8.095592403509238e-07 , std 6.539078628427523e-05 
2023-05-09 03:28:05,771 INFO ofi_2_2: -1.3239357227763749e-06 , std 7.780453818352132e-05 
2023-05-09 03:28:05,771 INFO ofi_3_2: -2.197042312243066e-06 , std 7.966634891319243e-05 
2023-05-09 03:28:05,771 INFO ofi_4_2: -1.1243705573443024e-06 , std 7.832980568106214e-05 
2023-05-09 03:28:05,771 INFO ofi_5_2: -1.2414706409828112e-06 , std 7.84450999610751e-05 
2023-05-09 03:28:05,771 INFO ofi_6_2: -2.194953570329647e-06 , std 7.637284002651733e-05 
2023-05-09 03:28:05,771 INFO ofi_7_2: -1.2656139706409423e-06 , std 7.248760568328502e-05 
2023-05-09 03:28:05,771 INFO ofi_8_2: -9.965594002495376e-07 , std 7.338567226698512e-05 
2023-05-09 03:28:05,771 INFO ofi_9_2: -9.179613710711788e-07 , std 7.056054910484487e-05 
2023-05-09 03:28:05,771 INFO ofi_10_2: -1.1547444758926758e-06 , std 7.243645037077294e-05 
2023-05-09 03:28:05,771 INFO ofi_1_3: 4.398301161139982e-07 , std 6.701900328752096e-05 
2023-05-09 03:28:05,771 INFO ofi_2_3: -1.4463962382770835e-06 , std 8.971058859525527e-05 
2023-05-09 03:28:05,771 INFO ofi_3_3: -3.6293620910041307e-06 , std 8.495628724252639e-05 
2023-05-09 03:28:05,771 INFO ofi_4_3: -2.430081349218064e-06 , std 8.647122329867625e-05 
2023-05-09 03:28:05,771 INFO ofi_5_3: -8.465680245094025e-07 , std 8.590410656119113e-05 
2023-05-09 03:28:05,771 INFO ofi_6_3: -2.089438917270051e-06 , std 8.746434361580711e-05 
2023-05-09 03:28:05,771 INFO ofi_7_3: -1.3927758085081896e-06 , std 8.207739798626624e-05 
2023-05-09 03:28:05,771 INFO ofi_8_3: -1.0952063579265115e-06 , std 8.040318433777167e-05 
2023-05-09 03:28:05,771 INFO ofi_9_3: -7.339424719190486e-07 , std 7.824185205083798e-05 
2023-05-09 03:28:05,771 INFO ofi_10_3: -1.6487071518479357e-06 , std 8.653150100986546e-05 
2023-05-09 03:28:05,771 INFO used_intercept: 0.9761705781078033 , std 0.15251747619364953 
2023-05-09 03:28:05,771 INFO used_ofi_1_1: 0.12213377905038521 , std 0.3274402526649051 
2023-05-09 03:28:05,771 INFO used_ofi_2_1: 0.039520854169235474 , std 0.1948305834692529 
2023-05-09 03:28:05,771 INFO used_ofi_3_1: 0.0484762961643673 , std 0.21477044693009284 
2023-05-09 03:28:05,771 INFO used_ofi_4_1: 0.052138848168495656 , std 0.22230696948174664 
2023-05-09 03:28:05,771 INFO used_ofi_5_1: 0.02336817781187635 , std 0.15106987150861312 
2023-05-09 03:28:05,771 INFO used_ofi_6_1: 0.015303256565877985 , std 0.12275612776703614 
2023-05-09 03:28:05,771 INFO used_ofi_7_1: 0.009339050933220077 , std 0.09618644946605938 
2023-05-09 03:28:05,771 INFO used_ofi_8_1: 0.008681435610783064 , std 0.09276889719361166 
2023-05-09 03:28:05,771 INFO used_ofi_9_1: 0.007589976846460522 , std 0.08678922224522302 
2023-05-09 03:28:05,771 INFO used_ofi_10_1: 0.008622067560840834 , std 0.0924539210191603 
2023-05-09 03:28:05,771 INFO used_ofi_1_2: 0.1350120791147767 , std 0.34173647392088835 
2023-05-09 03:28:05,771 INFO used_ofi_2_2: 0.05401122512821215 , std 0.2260398475675511 
2023-05-09 03:28:05,771 INFO used_ofi_3_2: 0.0634461782959543 , std 0.2437637396242359 
2023-05-09 03:28:05,771 INFO used_ofi_4_2: 0.06404442556844908 , std 0.24483205901608648 
2023-05-09 03:28:05,771 INFO used_ofi_5_2: 0.030949021112191916 , std 0.17317961544127825 
2023-05-09 03:28:05,771 INFO used_ofi_6_2: 0.020185136980358308 , std 0.14063320100688345 
2023-05-09 03:28:05,771 INFO used_ofi_7_2: 0.012937668114333731 , std 0.11300568506981003 
2023-05-09 03:28:05,771 INFO used_ofi_8_2: 0.011521968461865161 , std 0.10672025442543205 
2023-05-09 03:28:05,771 INFO used_ofi_9_2: 0.010476177428267413 , std 0.10181565270015645 
2023-05-09 03:28:05,772 INFO used_ofi_10_2: 0.012490124353230764 , std 0.11105908853791122 
2023-05-09 03:28:05,772 INFO used_ofi_1_3: 0.18052910632817745 , std 0.38462754464095134 
2023-05-09 03:28:05,772 INFO used_ofi_2_3: 0.07598653715298233 , std 0.26497657127467095 
2023-05-09 03:28:05,772 INFO used_ofi_3_3: 0.0929246984788079 , std 0.29032688282594593 
2023-05-09 03:28:05,772 INFO used_ofi_4_3: 0.0907006799925105 , std 0.28718298459589603 
2023-05-09 03:28:05,772 INFO used_ofi_5_3: 0.03976289314207688 , std 0.19540165165895773 
2023-05-09 03:28:05,772 INFO used_ofi_6_3: 0.027428039073310408 , std 0.1633271004637729 
2023-05-09 03:28:05,772 INFO used_ofi_7_3: 0.017390271860001003 , std 0.13072050453022382 
2023-05-09 03:28:05,772 INFO used_ofi_8_3: 0.014823745393267663 , std 0.12084701885352093 
2023-05-09 03:28:05,772 INFO used_ofi_9_3: 0.014257465532280236 , std 0.11855036992298283 
2023-05-09 03:28:05,772 INFO used_ofi_10_3: 0.014924214400862206 , std 0.12124966897018441 
2023-05-09 03:28:06,444 INFO Grouping by horizont:
2023-05-09 03:28:06,444 INFO 1: 0.33517374288154245
2023-05-09 03:28:06,444 INFO 2: 0.41507400455763943
2023-05-09 03:28:06,444 INFO 3: 0.5687276513542766
2023-05-09 03:28:06,444 INFO Grouping by level:
2023-05-09 03:28:06,444 INFO 1: 0.4376749644933393
2023-05-09 03:28:06,444 INFO 2: 0.16951861645042995
2023-05-09 03:28:06,444 INFO 3: 0.2048471729391295
2023-05-09 03:28:06,444 INFO 4: 0.20688395372945523
2023-05-09 03:28:06,444 INFO 5: 0.09408009206614515
2023-05-09 03:28:06,444 INFO 6: 0.0629164326195467
2023-05-09 03:28:06,444 INFO 7: 0.03966699090755481
2023-05-09 03:28:06,444 INFO 8: 0.03502714946591589
2023-05-09 03:28:06,444 INFO 9: 0.03232361980700817
2023-05-09 03:28:06,444 INFO 10: 0.03603640631493381
2023-05-09 03:28:06,444 INFO Grouping by level and horizont:
2023-05-09 03:28:06,445 INFO 1_1: 0.12213377905038521
2023-05-09 03:28:06,445 INFO 2_1: 0.039520854169235474
2023-05-09 03:28:06,445 INFO 3_1: 0.0484762961643673
2023-05-09 03:28:06,445 INFO 4_1: 0.052138848168495656
2023-05-09 03:28:06,445 INFO 5_1: 0.02336817781187635
2023-05-09 03:28:06,445 INFO 6_1: 0.015303256565877985
2023-05-09 03:28:06,445 INFO 7_1: 0.009339050933220077
2023-05-09 03:28:06,445 INFO 8_1: 0.008681435610783064
2023-05-09 03:28:06,445 INFO 9_1: 0.007589976846460522
2023-05-09 03:28:06,445 INFO 10_1: 0.008622067560840834
2023-05-09 03:28:06,445 INFO 1_2: 0.1350120791147767
2023-05-09 03:28:06,445 INFO 2_2: 0.05401122512821215
2023-05-09 03:28:06,445 INFO 3_2: 0.0634461782959543
2023-05-09 03:28:06,445 INFO 4_2: 0.06404442556844908
2023-05-09 03:28:06,445 INFO 5_2: 0.030949021112191916
2023-05-09 03:28:06,445 INFO 6_2: 0.020185136980358308
2023-05-09 03:28:06,446 INFO 7_2: 0.012937668114333731
2023-05-09 03:28:06,446 INFO 8_2: 0.011521968461865161
2023-05-09 03:28:06,446 INFO 9_2: 0.010476177428267413
2023-05-09 03:28:06,446 INFO 10_2: 0.012490124353230764
2023-05-09 03:28:06,446 INFO 1_3: 0.18052910632817745
2023-05-09 03:28:06,446 INFO 2_3: 0.07598653715298233
2023-05-09 03:28:06,446 INFO 3_3: 0.0929246984788079
2023-05-09 03:28:06,446 INFO 4_3: 0.0907006799925105
2023-05-09 03:28:06,446 INFO 5_3: 0.03976289314207688
2023-05-09 03:28:06,446 INFO 6_3: 0.027428039073310408
2023-05-09 03:28:06,446 INFO 7_3: 0.017390271860001003
2023-05-09 03:28:06,446 INFO 8_3: 0.014823745393267663
2023-05-09 03:28:06,446 INFO 9_3: 0.014257465532280236
2023-05-09 03:28:06,446 INFO 10_3: 0.014924214400862206
2023-05-09 03:28:06,451 INFO Non empty regressions: 0.3797500148420125 --- 83155 / 218973
