2023-05-09 03:34:04,097 INFO Starting...
2023-05-09 03:34:04,097 INFO Tickers: ['QCOM']
2023-05-09 03:35:10,914 INFO in_r2: 0.08644695224013953 , std 0.16720621141331002 
2023-05-09 03:35:10,915 INFO os_r2: -0.11467902105943678 , std 0.10933721827005788 
2023-05-09 03:35:10,915 INFO intercept: 3.370765020746598e-07 , std 0.00014808674025470692 
2023-05-09 03:35:10,915 INFO ofi_1_1: 1.7393825271213106e-06 , std 7.315153168511807e-05 
2023-05-09 03:35:10,915 INFO ofi_2_1: 4.782609228832559e-07 , std 7.761900316936966e-05 
2023-05-09 03:35:10,915 INFO ofi_3_1: -4.487244285520012e-07 , std 8.053602727956072e-05 
2023-05-09 03:35:10,915 INFO ofi_4_1: -3.057370349199933e-07 , std 7.540280564792966e-05 
2023-05-09 03:35:10,915 INFO ofi_5_1: -6.868591356233337e-07 , std 7.007345563771937e-05 
2023-05-09 03:35:10,915 INFO ofi_6_1: -1.0614731656067135e-06 , std 7.212939681270562e-05 
2023-05-09 03:35:10,915 INFO ofi_7_1: -4.430872280360618e-07 , std 7.035506132373563e-05 
2023-05-09 03:35:10,915 INFO ofi_8_1: 2.6640157587007858e-08 , std 6.588653568754288e-05 
2023-05-09 03:35:10,915 INFO ofi_9_1: -2.963604778584402e-07 , std 7.681330130794826e-05 
2023-05-09 03:35:10,915 INFO ofi_10_1: -1.3316828947042159e-06 , std 7.360366082339545e-05 
2023-05-09 03:35:10,915 INFO ofi_1_2: -1.1211929830476033e-06 , std 6.866763144488172e-05 
2023-05-09 03:35:10,915 INFO ofi_2_2: -7.000908511200355e-07 , std 7.867541482404252e-05 
2023-05-09 03:35:10,915 INFO ofi_3_2: -4.306755515822131e-07 , std 7.585027145212777e-05 
2023-05-09 03:35:10,915 INFO ofi_4_2: -1.037831395467009e-06 , std 7.581644752077335e-05 
2023-05-09 03:35:10,915 INFO ofi_5_2: -8.076517349010442e-07 , std 8.038467239211662e-05 
2023-05-09 03:35:10,915 INFO ofi_6_2: -1.108357449528307e-06 , std 7.429503487351036e-05 
2023-05-09 03:35:10,915 INFO ofi_7_2: -1.2940478692898063e-06 , std 7.113988777216478e-05 
2023-05-09 03:35:10,915 INFO ofi_8_2: -9.651070395900577e-07 , std 7.277350061936763e-05 
2023-05-09 03:35:10,915 INFO ofi_9_2: -1.1054899733274585e-06 , std 7.220464902914952e-05 
2023-05-09 03:35:10,915 INFO ofi_10_2: -9.200264099918278e-07 , std 7.706961675522632e-05 
2023-05-09 03:35:10,915 INFO ofi_1_3: -5.209095529421051e-07 , std 7.496136037588446e-05 
2023-05-09 03:35:10,915 INFO ofi_2_3: 2.5732581372339006e-08 , std 8.500885180824607e-05 
2023-05-09 03:35:10,915 INFO ofi_3_3: -1.4500915149404158e-06 , std 8.710565371977467e-05 
2023-05-09 03:35:10,915 INFO ofi_4_3: -1.8599924307447226e-06 , std 8.688725469533496e-05 
2023-05-09 03:35:10,915 INFO ofi_5_3: -5.64520621798351e-07 , std 8.562057717183247e-05 
2023-05-09 03:35:10,915 INFO ofi_6_3: -2.1193670971554843e-06 , std 8.78848221884355e-05 
2023-05-09 03:35:10,915 INFO ofi_7_3: -1.924385850014065e-06 , std 8.271318057702499e-05 
2023-05-09 03:35:10,915 INFO ofi_8_3: -1.0947406933871652e-06 , std 8.756386269902288e-05 
2023-05-09 03:35:10,915 INFO ofi_9_3: -1.1596395944566998e-06 , std 8.424848458315401e-05 
2023-05-09 03:35:10,915 INFO ofi_10_3: -1.4411952809726645e-06 , std 9.551489824031506e-05 
2023-05-09 03:35:10,915 INFO used_intercept: 0.9867654916359552 , std 0.11427754001730572 
2023-05-09 03:35:10,915 INFO used_ofi_1_1: 0.09786138017015797 , std 0.2971271284170292 
2023-05-09 03:35:10,915 INFO used_ofi_2_1: 0.03875820306613144 , std 0.19301814619671376 
2023-05-09 03:35:10,915 INFO used_ofi_3_1: 0.034757709854639614 , std 0.18316553021870766 
2023-05-09 03:35:10,915 INFO used_ofi_4_1: 0.03756170852114188 , std 0.19013370709612396 
2023-05-09 03:35:10,915 INFO used_ofi_5_1: 0.029391751494476488 , std 0.16890197286758796 
2023-05-09 03:35:10,915 INFO used_ofi_6_1: 0.024130828914980387 , std 0.1534553094906016 
2023-05-09 03:35:10,915 INFO used_ofi_7_1: 0.019267215592789978 , std 0.13746268583179552 
2023-05-09 03:35:10,915 INFO used_ofi_8_1: 0.018047887182438018 , std 0.13312460685646363 
2023-05-09 03:35:10,915 INFO used_ofi_9_1: 0.01845889675896115 , std 0.13460373653581525 
2023-05-09 03:35:10,916 INFO used_ofi_10_1: 0.021153292871723912 , std 0.1438952086499303 
2023-05-09 03:35:10,916 INFO used_ofi_1_2: 0.11364414790864627 , std 0.31737856820327986 
2023-05-09 03:35:10,916 INFO used_ofi_2_2: 0.05207491334548095 , std 0.22217811941219953 
2023-05-09 03:35:10,916 INFO used_ofi_3_2: 0.04669525466610039 , std 0.2109853261669361 
2023-05-09 03:35:10,916 INFO used_ofi_4_2: 0.045128851502240004 , std 0.20758670059598902 
2023-05-09 03:35:10,916 INFO used_ofi_5_2: 0.036776223552675444 , std 0.18821193621521215 
2023-05-09 03:35:10,916 INFO used_ofi_6_2: 0.03133719682335265 , std 0.17422737132439067 
2023-05-09 03:35:10,916 INFO used_ofi_7_2: 0.024573805903010875 , std 0.15482226573220026 
2023-05-09 03:35:10,916 INFO used_ofi_8_2: 0.0219479113863353 , std 0.14651348256086494 
2023-05-09 03:35:10,916 INFO used_ofi_9_2: 0.02336361103880387 , std 0.15105546239057804 
2023-05-09 03:35:10,916 INFO used_ofi_10_2: 0.025911870413247294 , std 0.15887241857834977 
2023-05-09 03:35:10,916 INFO used_ofi_1_3: 0.1627506587570157 , std 0.3691380254473564 
2023-05-09 03:35:10,916 INFO used_ofi_2_3: 0.07609613970672183 , std 0.26515187577774535 
2023-05-09 03:35:10,916 INFO used_ofi_3_3: 0.06450566964876948 , std 0.24565155857827017 
2023-05-09 03:35:10,916 INFO used_ofi_4_3: 0.06303516871943116 , std 0.2430262048091605 
2023-05-09 03:35:10,916 INFO used_ofi_5_3: 0.04891927315239778 , std 0.21569927646294712 
2023-05-09 03:35:10,916 INFO used_ofi_6_3: 0.04328387518095838 , std 0.2034954086221053 
2023-05-09 03:35:10,916 INFO used_ofi_7_3: 0.0342325309513045 , std 0.18182591887839444 
2023-05-09 03:35:10,916 INFO used_ofi_8_3: 0.03183040831518041 , std 0.17554837914851085 
2023-05-09 03:35:10,916 INFO used_ofi_9_3: 0.032424088814602715 , std 0.1771235932312392 
2023-05-09 03:35:10,916 INFO used_ofi_10_3: 0.03467094116626251 , std 0.18294498354671568 
2023-05-09 03:35:11,603 INFO Grouping by horizont:
2023-05-09 03:35:11,603 INFO 1: 0.3393888744274408
2023-05-09 03:35:11,603 INFO 2: 0.421453786539893
2023-05-09 03:35:11,603 INFO 3: 0.5917487544126444
2023-05-09 03:35:11,604 INFO Grouping by level:
2023-05-09 03:35:11,604 INFO 1: 0.37425618683581996
2023-05-09 03:35:11,604 INFO 2: 0.1669292561183342
2023-05-09 03:35:11,604 INFO 3: 0.1459586341695095
2023-05-09 03:35:11,604 INFO 4: 0.14572572874281303
2023-05-09 03:35:11,604 INFO 5: 0.11508724819954971
2023-05-09 03:35:11,604 INFO 6: 0.09875190091929142
2023-05-09 03:35:11,604 INFO 7: 0.07807355244710534
2023-05-09 03:35:11,604 INFO 8: 0.07182620688395372
2023-05-09 03:35:11,604 INFO 9: 0.07424659661236774
2023-05-09 03:35:11,604 INFO 10: 0.08173610445123372
2023-05-09 03:35:11,604 INFO Grouping by level and horizont:
2023-05-09 03:35:11,604 INFO 1_1: 0.09786138017015797
2023-05-09 03:35:11,604 INFO 2_1: 0.03875820306613144
2023-05-09 03:35:11,604 INFO 3_1: 0.034757709854639614
2023-05-09 03:35:11,604 INFO 4_1: 0.03756170852114188
2023-05-09 03:35:11,604 INFO 5_1: 0.029391751494476488
2023-05-09 03:35:11,604 INFO 6_1: 0.024130828914980387
2023-05-09 03:35:11,604 INFO 7_1: 0.019267215592789978
2023-05-09 03:35:11,604 INFO 8_1: 0.018047887182438018
2023-05-09 03:35:11,604 INFO 9_1: 0.01845889675896115
2023-05-09 03:35:11,604 INFO 10_1: 0.021153292871723912
2023-05-09 03:35:11,604 INFO 1_2: 0.11364414790864627
2023-05-09 03:35:11,604 INFO 2_2: 0.05207491334548095
2023-05-09 03:35:11,604 INFO 3_2: 0.04669525466610039
2023-05-09 03:35:11,604 INFO 4_2: 0.045128851502240004
2023-05-09 03:35:11,604 INFO 5_2: 0.036776223552675444
2023-05-09 03:35:11,604 INFO 6_2: 0.03133719682335265
2023-05-09 03:35:11,604 INFO 7_2: 0.024573805903010875
2023-05-09 03:35:11,604 INFO 8_2: 0.0219479113863353
2023-05-09 03:35:11,604 INFO 9_2: 0.02336361103880387
2023-05-09 03:35:11,604 INFO 10_2: 0.025911870413247294
2023-05-09 03:35:11,604 INFO 1_3: 0.1627506587570157
2023-05-09 03:35:11,604 INFO 2_3: 0.07609613970672183
2023-05-09 03:35:11,604 INFO 3_3: 0.06450566964876948
2023-05-09 03:35:11,604 INFO 4_3: 0.06303516871943116
2023-05-09 03:35:11,604 INFO 5_3: 0.04891927315239778
2023-05-09 03:35:11,604 INFO 6_3: 0.04328387518095838
2023-05-09 03:35:11,604 INFO 7_3: 0.0342325309513045
2023-05-09 03:35:11,604 INFO 8_3: 0.03183040831518041
2023-05-09 03:35:11,604 INFO 9_3: 0.032424088814602715
2023-05-09 03:35:11,604 INFO 10_3: 0.03467094116626251
2023-05-09 03:35:11,614 INFO Non empty regressions: 0.37753512990186006 --- 82670 / 218973
