2023-05-09 04:17:51,220 INFO Starting...
2023-05-09 04:17:51,220 INFO Tickers: ['RTN']
2023-05-09 04:18:56,819 INFO in_r2: 0.08615314606802664 , std 0.167563000330453 
2023-05-09 04:18:56,819 INFO os_r2: -0.10480047754284377 , std 0.04928536227287649 
2023-05-09 04:18:56,819 INFO intercept: 9.404504096182798e-08 , std 0.0001005245713408649 
2023-05-09 04:18:56,819 INFO ofi_1_1: -5.145820878789096e-07 , std 4.290410606379702e-05 
2023-05-09 04:18:56,820 INFO ofi_2_1: -6.775970734378111e-07 , std 4.191792722884687e-05 
2023-05-09 04:18:56,820 INFO ofi_3_1: -4.6131692939953415e-07 , std 4.053642606821838e-05 
2023-05-09 04:18:56,820 INFO ofi_4_1: -8.047390877191533e-07 , std 3.87192690296489e-05 
2023-05-09 04:18:56,820 INFO ofi_5_1: -7.262757417747459e-07 , std 3.780256400670548e-05 
2023-05-09 04:18:56,820 INFO ofi_6_1: -4.7654337895205844e-07 , std 3.684375019319527e-05 
2023-05-09 04:18:56,820 INFO ofi_7_1: -4.423167069872848e-07 , std 4.177978383082811e-05 
2023-05-09 04:18:56,820 INFO ofi_8_1: -3.38812992278842e-07 , std 3.769263129259436e-05 
2023-05-09 04:18:56,820 INFO ofi_9_1: -4.233673765923424e-07 , std 3.9696100388693615e-05 
2023-05-09 04:18:56,820 INFO ofi_10_1: -1.5442453871576415e-07 , std 4.142264281228975e-05 
2023-05-09 04:18:56,820 INFO ofi_1_2: -1.2263083118189942e-06 , std 3.752516329781507e-05 
2023-05-09 04:18:56,820 INFO ofi_2_2: -8.259598758181078e-07 , std 4.0993551664067006e-05 
2023-05-09 04:18:56,820 INFO ofi_3_2: -9.961959355258813e-07 , std 3.725433558751785e-05 
2023-05-09 04:18:56,820 INFO ofi_4_2: -9.612688020287745e-07 , std 4.2153357612230526e-05 
2023-05-09 04:18:56,820 INFO ofi_5_2: -6.412659040294138e-07 , std 3.936894390431154e-05 
2023-05-09 04:18:56,820 INFO ofi_6_2: -7.714704361656419e-07 , std 4.1896054283409216e-05 
2023-05-09 04:18:56,820 INFO ofi_7_2: -6.154274218319038e-07 , std 3.631092051385847e-05 
2023-05-09 04:18:56,820 INFO ofi_8_2: -6.383062011316891e-07 , std 4.0010917920773216e-05 
2023-05-09 04:18:56,820 INFO ofi_9_2: -2.9317041613754973e-07 , std 3.6556819430238175e-05 
2023-05-09 04:18:56,820 INFO ofi_10_2: -6.276390489858657e-07 , std 4.108448324056565e-05 
2023-05-09 04:18:56,820 INFO ofi_1_3: -8.534287245406826e-07 , std 3.890158365393182e-05 
2023-05-09 04:18:56,820 INFO ofi_2_3: -1.2508499434044641e-06 , std 4.06465125793852e-05 
2023-05-09 04:18:56,820 INFO ofi_3_3: -1.3574019880538776e-06 , std 4.0231937145039245e-05 
2023-05-09 04:18:56,820 INFO ofi_4_3: -1.687059293347082e-06 , std 4.106341869001098e-05 
2023-05-09 04:18:56,820 INFO ofi_5_3: -1.1705652652586675e-06 , std 4.060306861548513e-05 
2023-05-09 04:18:56,820 INFO ofi_6_3: -8.485406758982475e-07 , std 4.068280510154537e-05 
2023-05-09 04:18:56,820 INFO ofi_7_3: -4.6094481128505404e-07 , std 4.004196709027252e-05 
2023-05-09 04:18:56,820 INFO ofi_8_3: -2.5169776507511314e-07 , std 3.91210186273033e-05 
2023-05-09 04:18:56,820 INFO ofi_9_3: -4.4103566970293316e-07 , std 4.020791924745142e-05 
2023-05-09 04:18:56,820 INFO ofi_10_3: -6.403522749002311e-08 , std 4.251454975186056e-05 
2023-05-09 04:18:56,820 INFO used_intercept: 0.984941354866998 , std 0.12178621572148612 
2023-05-09 04:18:56,820 INFO used_ofi_1_1: 0.060275686933645135 , std 0.23799690858984351 
2023-05-09 04:18:56,820 INFO used_ofi_2_1: 0.042901381175095 , std 0.20263477655221035 
2023-05-09 04:18:56,820 INFO used_ofi_3_1: 0.03751644256065478 , std 0.19002357511174203 
2023-05-09 04:18:56,820 INFO used_ofi_4_1: 0.034163987138263664 , std 0.1816502384283605 
2023-05-09 04:18:56,820 INFO used_ofi_5_1: 0.030834368605670858 , std 0.17286876617353542 
2023-05-09 04:18:56,820 INFO used_ofi_6_1: 0.028052835428237357 , std 0.1651238137055755 
2023-05-09 04:18:56,820 INFO used_ofi_7_1: 0.023859982461268636 , std 0.1526128556125485 
2023-05-09 04:18:56,820 INFO used_ofi_8_1: 0.021777258111663256 , std 0.1459555039757023 
2023-05-09 04:18:56,820 INFO used_ofi_9_1: 0.023056123940368312 , std 0.15008177467372477 
2023-05-09 04:18:56,820 INFO used_ofi_10_1: 0.026929260450160773 , std 0.16187672896920108 
2023-05-09 04:18:56,820 INFO used_ofi_1_2: 0.07784182256650102 , std 0.267922513473628 
2023-05-09 04:18:56,820 INFO used_ofi_2_2: 0.06113435399006138 , std 0.23957659475057083 
2023-05-09 04:18:56,820 INFO used_ofi_3_2: 0.04940532738965215 , std 0.21671280768605589 
2023-05-09 04:18:56,820 INFO used_ofi_4_2: 0.0435910552470038 , std 0.2041834350515645 
2023-05-09 04:18:56,820 INFO used_ofi_5_2: 0.041385011692487574 , std 0.19917904633695846 
2023-05-09 04:18:56,820 INFO used_ofi_6_2: 0.035310399006138554 , std 0.18456319982099859 
2023-05-09 04:18:56,820 INFO used_ofi_7_2: 0.03025887898275358 , std 0.1712988010041537 
2023-05-09 04:18:56,820 INFO used_ofi_8_2: 0.027395133002046185 , std 0.16323185868526519 
2023-05-09 04:18:56,820 INFO used_ofi_9_2: 0.026531898567670274 , std 0.16071078658903118 
2023-05-09 04:18:56,820 INFO used_ofi_10_2: 0.03390821397252265 , std 0.18099294737010135 
2023-05-09 04:18:56,820 INFO used_ofi_1_3: 0.11655948553054662 , std 0.32089464293347264 
2023-05-09 04:18:56,820 INFO used_ofi_2_3: 0.0831856547793043 , std 0.27616263617340187 
2023-05-09 04:18:56,820 INFO used_ofi_3_3: 0.0707852236188249 , std 0.2564657398875293 
2023-05-09 04:18:56,820 INFO used_ofi_4_3: 0.06494811458637825 , std 0.24643428535423584 
2023-05-09 04:18:56,820 INFO used_ofi_5_3: 0.05756266442560655 , std 0.23291458539522927 
2023-05-09 04:18:56,821 INFO used_ofi_6_3: 0.04977985238234434 , std 0.21748981281691412 
2023-05-09 04:18:56,821 INFO used_ofi_7_3: 0.03975902513884829 , std 0.1953925409498958 
2023-05-09 04:18:56,821 INFO used_ofi_8_3: 0.03655272581116632 , std 0.1876609283973092 
2023-05-09 04:18:56,821 INFO used_ofi_9_3: 0.03574429991230634 , std 0.18565194568354365 
2023-05-09 04:18:56,821 INFO used_ofi_10_3: 0.04145352236188249 , std 0.19933671976250492 
2023-05-09 04:18:57,503 INFO Grouping by horizont:
2023-05-09 04:18:57,503 INFO 1: 0.3293673268050278
2023-05-09 04:18:57,503 INFO 2: 0.42676209441683727
2023-05-09 04:18:57,503 INFO 3: 0.5963305685472083
2023-05-09 04:18:57,503 INFO Grouping by level:
2023-05-09 04:18:57,503 INFO 1: 0.25467699503069274
2023-05-09 04:18:57,503 INFO 2: 0.1872213899444607
2023-05-09 04:18:57,503 INFO 3: 0.15770699356913181
2023-05-09 04:18:57,503 INFO 4: 0.1427031569716457
2023-05-09 04:18:57,503 INFO 5: 0.12978204472376498
2023-05-09 04:18:57,503 INFO 6: 0.11314308681672025
2023-05-09 04:18:57,503 INFO 7: 0.0938778865828705
2023-05-09 04:18:57,503 INFO 8: 0.08572511692487576
2023-05-09 04:18:57,503 INFO 9: 0.08533232242034493
2023-05-09 04:18:57,503 INFO 10: 0.10229099678456591
2023-05-09 04:18:57,503 INFO Grouping by level and horizont:
2023-05-09 04:18:57,503 INFO 1_1: 0.060275686933645135
2023-05-09 04:18:57,503 INFO 2_1: 0.042901381175095
2023-05-09 04:18:57,503 INFO 3_1: 0.03751644256065478
2023-05-09 04:18:57,503 INFO 4_1: 0.034163987138263664
2023-05-09 04:18:57,503 INFO 5_1: 0.030834368605670858
2023-05-09 04:18:57,503 INFO 6_1: 0.028052835428237357
2023-05-09 04:18:57,503 INFO 7_1: 0.023859982461268636
2023-05-09 04:18:57,503 INFO 8_1: 0.021777258111663256
2023-05-09 04:18:57,503 INFO 9_1: 0.023056123940368312
2023-05-09 04:18:57,503 INFO 10_1: 0.026929260450160773
2023-05-09 04:18:57,503 INFO 1_2: 0.07784182256650102
2023-05-09 04:18:57,503 INFO 2_2: 0.06113435399006138
2023-05-09 04:18:57,503 INFO 3_2: 0.04940532738965215
2023-05-09 04:18:57,503 INFO 4_2: 0.0435910552470038
2023-05-09 04:18:57,503 INFO 5_2: 0.041385011692487574
2023-05-09 04:18:57,503 INFO 6_2: 0.035310399006138554
2023-05-09 04:18:57,503 INFO 7_2: 0.03025887898275358
2023-05-09 04:18:57,503 INFO 8_2: 0.027395133002046185
2023-05-09 04:18:57,503 INFO 9_2: 0.026531898567670274
2023-05-09 04:18:57,503 INFO 10_2: 0.03390821397252265
2023-05-09 04:18:57,503 INFO 1_3: 0.11655948553054662
2023-05-09 04:18:57,503 INFO 2_3: 0.0831856547793043
2023-05-09 04:18:57,503 INFO 3_3: 0.0707852236188249
2023-05-09 04:18:57,503 INFO 4_3: 0.06494811458637825
2023-05-09 04:18:57,504 INFO 5_3: 0.05756266442560655
2023-05-09 04:18:57,504 INFO 6_3: 0.04977985238234434
2023-05-09 04:18:57,504 INFO 7_3: 0.03975902513884829
2023-05-09 04:18:57,504 INFO 8_3: 0.03655272581116632
2023-05-09 04:18:57,504 INFO 9_3: 0.03574429991230634
2023-05-09 04:18:57,504 INFO 10_3: 0.04145352236188249
2023-05-09 04:18:57,508 INFO Non empty regressions: 0.37266606986261325 --- 81593 / 218944
