2023-05-09 04:12:41,598 INFO Starting...
2023-05-09 04:12:41,598 INFO Tickers: ['SO']
2023-05-09 04:13:45,776 INFO in_r2: 0.08870809169255675 , std 0.1674392271555304 
2023-05-09 04:13:45,777 INFO os_r2: -0.1323319062114446 , std 0.6008700296089501 
2023-05-09 04:13:45,777 INFO intercept: 1.5660168621564888e-06 , std 8.269522389142993e-05 
2023-05-09 04:13:45,777 INFO ofi_1_1: 4.422797863314499e-06 , std 9.533953639073725e-05 
2023-05-09 04:13:45,777 INFO ofi_2_1: 6.690563850592675e-07 , std 0.00010029342024242865 
2023-05-09 04:13:45,777 INFO ofi_3_1: -1.967161794463064e-06 , std 9.184043609817958e-05 
2023-05-09 04:13:45,777 INFO ofi_4_1: -1.7073358476555157e-06 , std 9.250335937993352e-05 
2023-05-09 04:13:45,777 INFO ofi_5_1: -2.044636963056294e-06 , std 9.258594352952982e-05 
2023-05-09 04:13:45,777 INFO ofi_6_1: -2.702072783395589e-06 , std 9.879712015815828e-05 
2023-05-09 04:13:45,777 INFO ofi_7_1: -1.4000115846298215e-06 , std 8.933856040987411e-05 
2023-05-09 04:13:45,777 INFO ofi_8_1: -1.3221717817037544e-06 , std 8.75552539708243e-05 
2023-05-09 04:13:45,777 INFO ofi_9_1: -1.4994193372206834e-06 , std 9.658713866350875e-05 
2023-05-09 04:13:45,777 INFO ofi_10_1: -1.042213391062949e-06 , std 0.00010237589094314177 
2023-05-09 04:13:45,777 INFO ofi_1_2: 2.0348413883634307e-06 , std 9.075042538477036e-05 
2023-05-09 04:13:45,777 INFO ofi_2_2: 1.72805748904444e-07 , std 0.00010967143247563103 
2023-05-09 04:13:45,777 INFO ofi_3_2: -2.9829628753135485e-06 , std 0.00010179058568233717 
2023-05-09 04:13:45,777 INFO ofi_4_2: -2.189070043817887e-06 , std 0.00010247182326144739 
2023-05-09 04:13:45,777 INFO ofi_5_2: 3.309874161067809e-07 , std 0.00010147476108691866 
2023-05-09 04:13:45,777 INFO ofi_6_2: -2.911486881531539e-06 , std 0.00010570863570408246 
2023-05-09 04:13:45,777 INFO ofi_7_2: -9.194679610136124e-07 , std 9.371891870215333e-05 
2023-05-09 04:13:45,777 INFO ofi_8_2: -1.187710290284891e-06 , std 9.705712688840713e-05 
2023-05-09 04:13:45,777 INFO ofi_9_2: -3.059008242055524e-06 , std 0.00010401200182562913 
2023-05-09 04:13:45,777 INFO ofi_10_2: -2.594378956069566e-06 , std 0.00010511251268732374 
2023-05-09 04:13:45,777 INFO ofi_1_3: 1.7878400463866888e-06 , std 9.640824475533086e-05 
2023-05-09 04:13:45,777 INFO ofi_2_3: -1.2179030238090641e-06 , std 0.00011381277279899251 
2023-05-09 04:13:45,777 INFO ofi_3_3: -3.564098806902282e-06 , std 0.00011437830978238014 
2023-05-09 04:13:45,777 INFO ofi_4_3: -1.7934017632100565e-06 , std 0.00011508397422228043 
2023-05-09 04:13:45,777 INFO ofi_5_3: 1.4007597986553698e-07 , std 0.00011807262609902974 
2023-05-09 04:13:45,777 INFO ofi_6_3: -3.5312768571759645e-06 , std 0.00011455693876151518 
2023-05-09 04:13:45,777 INFO ofi_7_3: -2.192527033303378e-06 , std 0.0001058696260611359 
2023-05-09 04:13:45,777 INFO ofi_8_3: -7.850554997979004e-07 , std 0.00010756526455292584 
2023-05-09 04:13:45,777 INFO ofi_9_3: -3.282012128993324e-06 , std 0.00011672305982499132 
2023-05-09 04:13:45,777 INFO ofi_10_3: -2.2997408632700103e-06 , std 0.00011415402603541908 
2023-05-09 04:13:45,777 INFO used_intercept: 0.97745384134117 , std 0.14845143781237333 
2023-05-09 04:13:45,777 INFO used_ofi_1_1: 0.11907404109182411 , std 0.323875614750303 
2023-05-09 04:13:45,777 INFO used_ofi_2_1: 0.05607997333004525 , std 0.23007609593642422 
2023-05-09 04:13:45,777 INFO used_ofi_3_1: 0.04223808414736063 , std 0.20113186817339793 
2023-05-09 04:13:45,777 INFO used_ofi_4_1: 0.034122928397565 , std 0.18154490947184293 
2023-05-09 04:13:45,777 INFO used_ofi_5_1: 0.028788937448909226 , std 0.16721284199926756 
2023-05-09 04:13:45,777 INFO used_ofi_6_1: 0.02366958483465998 , std 0.15201755026448366 
2023-05-09 04:13:45,777 INFO used_ofi_7_1: 0.015810168376923183 , std 0.12474055857184754 
2023-05-09 04:13:45,777 INFO used_ofi_8_1: 0.012987902618131002 , std 0.11322198109781047 
2023-05-09 04:13:45,777 INFO used_ofi_9_1: 0.01263169431847762 , std 0.1116787115663597 
2023-05-09 04:13:45,778 INFO used_ofi_10_1: 0.012745863645289603 , std 0.11217578439763766 
2023-05-09 04:13:45,778 INFO used_ofi_1_2: 0.1380763838464103 , std 0.34498013866063226 
2023-05-09 04:13:45,778 INFO used_ofi_2_2: 0.06906330917510378 , std 0.2535617646666938 
2023-05-09 04:13:45,778 INFO used_ofi_3_2: 0.053440378494152244 , std 0.22490999186464344 
2023-05-09 04:13:45,778 INFO used_ofi_4_2: 0.04184077489005494 , std 0.20022518434666178 
2023-05-09 04:13:45,778 INFO used_ofi_5_2: 0.03501801591977093 , std 0.1838253368848092 
2023-05-09 04:13:45,778 INFO used_ofi_6_2: 0.029547021778940783 , std 0.16933397557175459 
2023-05-09 04:13:45,778 INFO used_ofi_7_2: 0.01981522836148749 , std 0.1393649349243546 
2023-05-09 04:13:45,778 INFO used_ofi_8_2: 0.016152676357359126 , std 0.1260625535353522 
2023-05-09 04:13:45,778 INFO used_ofi_9_2: 0.016107008626634334 , std 0.12588714350455277 
2023-05-09 04:13:45,778 INFO used_ofi_10_2: 0.016029373484402188 , std 0.12558834607597846 
2023-05-09 04:13:45,778 INFO used_ofi_1_3: 0.1778118763500523 , std 0.38235430294286743 
2023-05-09 04:13:45,778 INFO used_ofi_2_3: 0.09514871696510528 , std 0.2934202423572708 
2023-05-09 04:13:45,778 INFO used_ofi_3_3: 0.07155676727267746 , std 0.2577525874364045 
2023-05-09 04:13:45,778 INFO used_ofi_4_3: 0.05513465130404205 , std 0.22824290028306188 
2023-05-09 04:13:45,778 INFO used_ofi_5_3: 0.04485941189096373 , std 0.2069952778586038 
2023-05-09 04:13:45,778 INFO used_ofi_6_3: 0.04046617619523868 , std 0.1970499042866415 
2023-05-09 04:13:45,778 INFO used_ofi_7_3: 0.024971115160316568 , std 0.1560370422943436 
2023-05-09 04:13:45,778 INFO used_ofi_8_3: 0.02152320149059473 , std 0.1451204785279803 
2023-05-09 04:13:45,778 INFO used_ofi_9_3: 0.02182917528645084 , std 0.14612550219850143 
2023-05-09 04:13:45,778 INFO used_ofi_10_3: 0.02086101939508524 , std 0.14291898846858353 
2023-05-09 04:13:46,448 INFO Grouping by horizont:
2023-05-09 04:13:46,448 INFO 1: 0.35814917820918557
2023-05-09 04:13:46,448 INFO 2: 0.4350901709343161
2023-05-09 04:13:46,448 INFO 3: 0.5741621113105267
2023-05-09 04:13:46,448 INFO Grouping by level:
2023-05-09 04:13:46,448 INFO 1: 0.4349623012882867
2023-05-09 04:13:46,448 INFO 2: 0.2202919994702543
2023-05-09 04:13:46,448 INFO 3: 0.16723522991419032
2023-05-09 04:13:46,448 INFO 4: 0.13109835459166197
2023-05-09 04:13:46,448 INFO 5: 0.10866636525964388
2023-05-09 04:13:46,448 INFO 6: 0.09368278280883945
2023-05-09 04:13:46,448 INFO 7: 0.06059651189872724
2023-05-09 04:13:46,448 INFO 8: 0.05066378046608486
2023-05-09 04:13:46,448 INFO 9: 0.05056787823156279
2023-05-09 04:13:46,448 INFO 10: 0.04963625652477703
2023-05-09 04:13:46,448 INFO Grouping by level and horizont:
2023-05-09 04:13:46,448 INFO 1_1: 0.11907404109182411
2023-05-09 04:13:46,448 INFO 2_1: 0.05607997333004525
2023-05-09 04:13:46,448 INFO 3_1: 0.04223808414736063
2023-05-09 04:13:46,448 INFO 4_1: 0.034122928397565
2023-05-09 04:13:46,448 INFO 5_1: 0.028788937448909226
2023-05-09 04:13:46,448 INFO 6_1: 0.02366958483465998
2023-05-09 04:13:46,448 INFO 7_1: 0.015810168376923183
2023-05-09 04:13:46,448 INFO 8_1: 0.012987902618131002
2023-05-09 04:13:46,448 INFO 9_1: 0.01263169431847762
2023-05-09 04:13:46,448 INFO 10_1: 0.012745863645289603
2023-05-09 04:13:46,448 INFO 1_2: 0.1380763838464103
2023-05-09 04:13:46,448 INFO 2_2: 0.06906330917510378
2023-05-09 04:13:46,448 INFO 3_2: 0.053440378494152244
2023-05-09 04:13:46,448 INFO 4_2: 0.04184077489005494
2023-05-09 04:13:46,448 INFO 5_2: 0.03501801591977093
2023-05-09 04:13:46,448 INFO 6_2: 0.029547021778940783
2023-05-09 04:13:46,448 INFO 7_2: 0.01981522836148749
2023-05-09 04:13:46,448 INFO 8_2: 0.016152676357359126
2023-05-09 04:13:46,448 INFO 9_2: 0.016107008626634334
2023-05-09 04:13:46,448 INFO 10_2: 0.016029373484402188
2023-05-09 04:13:46,448 INFO 1_3: 0.1778118763500523
2023-05-09 04:13:46,448 INFO 2_3: 0.09514871696510528
2023-05-09 04:13:46,448 INFO 3_3: 0.07155676727267746
2023-05-09 04:13:46,449 INFO 4_3: 0.05513465130404205
2023-05-09 04:13:46,449 INFO 5_3: 0.04485941189096373
2023-05-09 04:13:46,449 INFO 6_3: 0.04046617619523868
2023-05-09 04:13:46,449 INFO 7_3: 0.024971115160316568
2023-05-09 04:13:46,449 INFO 8_3: 0.02152320149059473
2023-05-09 04:13:46,449 INFO 9_3: 0.02182917528645084
2023-05-09 04:13:46,449 INFO 10_3: 0.02086101939508524
2023-05-09 04:13:46,453 INFO Non empty regressions: 0.38411584989930264 --- 84111 / 218973
