2023-05-09 03:49:22,262 INFO Starting...
2023-05-09 03:49:22,262 INFO Tickers: ['UPS']
2023-05-09 03:50:29,699 INFO in_r2: 0.0878702337298519 , std 0.1702745470464243 
2023-05-09 03:50:29,699 INFO os_r2: -0.10208670036610197 , std 0.04896011498906981 
2023-05-09 03:50:29,699 INFO intercept: 2.577778234813252e-07 , std 0.00010205445997626828 
2023-05-09 03:50:29,699 INFO ofi_1_1: -6.949985152164984e-07 , std 3.9738560543935634e-05 
2023-05-09 03:50:29,699 INFO ofi_2_1: -6.583885596361235e-07 , std 3.579885833639841e-05 
2023-05-09 03:50:29,699 INFO ofi_3_1: -7.670581261192137e-07 , std 3.308325464107243e-05 
2023-05-09 03:50:29,699 INFO ofi_4_1: -6.107775241263743e-07 , std 3.3787965176009794e-05 
2023-05-09 03:50:29,699 INFO ofi_5_1: -5.793123178883661e-07 , std 3.344618761131636e-05 
2023-05-09 03:50:29,699 INFO ofi_6_1: -6.975687571351128e-07 , std 3.3321882999596714e-05 
2023-05-09 03:50:29,699 INFO ofi_7_1: -1.6536250021276693e-07 , std 3.291718283042696e-05 
2023-05-09 03:50:29,699 INFO ofi_8_1: -2.251751311049105e-07 , std 3.2349379688832687e-05 
2023-05-09 03:50:29,699 INFO ofi_9_1: -3.7469620088453445e-07 , std 3.002186803663775e-05 
2023-05-09 03:50:29,699 INFO ofi_10_1: -5.928370010037892e-07 , std 3.360695666870244e-05 
2023-05-09 03:50:29,699 INFO ofi_1_2: -3.675899213288029e-07 , std 3.785281537390367e-05 
2023-05-09 03:50:29,699 INFO ofi_2_2: -5.991899226177462e-07 , std 3.475958892134792e-05 
2023-05-09 03:50:29,699 INFO ofi_3_2: -9.021440049825067e-07 , std 3.498989997896353e-05 
2023-05-09 03:50:29,699 INFO ofi_4_2: -7.591262700347745e-07 , std 3.4501463974949526e-05 
2023-05-09 03:50:29,699 INFO ofi_5_2: -4.709263968824922e-07 , std 3.3357794352924874e-05 
2023-05-09 03:50:29,699 INFO ofi_6_2: -6.145854529266701e-07 , std 3.3548265941175946e-05 
2023-05-09 03:50:29,699 INFO ofi_7_2: -3.537440748945674e-07 , std 3.543956460477253e-05 
2023-05-09 03:50:29,699 INFO ofi_8_2: -5.003825904408183e-07 , std 3.352508115763417e-05 
2023-05-09 03:50:29,699 INFO ofi_9_2: -5.039710700552473e-07 , std 3.652911700599148e-05 
2023-05-09 03:50:29,699 INFO ofi_10_2: -4.364433348896188e-07 , std 3.736680285336233e-05 
2023-05-09 03:50:29,699 INFO ofi_1_3: 4.257987340576876e-09 , std 4.2364714164820654e-05 
2023-05-09 03:50:29,699 INFO ofi_2_3: -1.0032050676826834e-06 , std 3.95923551995641e-05 
2023-05-09 03:50:29,699 INFO ofi_3_3: -1.3074152853931993e-06 , std 3.8097428166820065e-05 
2023-05-09 03:50:29,699 INFO ofi_4_3: -1.746153183711851e-06 , std 3.7600852408603384e-05 
2023-05-09 03:50:29,700 INFO ofi_5_3: -1.44881101290843e-06 , std 3.7128384218944916e-05 
2023-05-09 03:50:29,700 INFO ofi_6_3: -6.707082607960569e-07 , std 3.735445431750533e-05 
2023-05-09 03:50:29,700 INFO ofi_7_3: -3.2649872156188734e-07 , std 3.907706615376556e-05 
2023-05-09 03:50:29,700 INFO ofi_8_3: -5.974103068565593e-07 , std 3.919474743270842e-05 
2023-05-09 03:50:29,700 INFO ofi_9_3: -5.336747071509158e-07 , std 3.893400285177552e-05 
2023-05-09 03:50:29,700 INFO ofi_10_3: -3.977967496711551e-07 , std 4.1889696602078624e-05 
2023-05-09 03:50:29,700 INFO used_intercept: 0.9851945216990222 , std 0.12077365653675069 
2023-05-09 03:50:29,700 INFO used_ofi_1_1: 0.035401624857859186 , std 0.1847927212183494 
2023-05-09 03:50:29,700 INFO used_ofi_2_1: 0.03182127476903545 , std 0.1755240189863171 
2023-05-09 03:50:29,700 INFO used_ofi_3_1: 0.03640174816073215 , std 0.1872876421218837 
2023-05-09 03:50:29,700 INFO used_ofi_4_1: 0.04076758321802231 , std 0.19775132711712434 
2023-05-09 03:50:29,700 INFO used_ofi_5_1: 0.04116032570225553 , std 0.19866090025553537 
2023-05-09 03:50:29,700 INFO used_ofi_6_1: 0.0392742484233216 , std 0.19424670353471848 
2023-05-09 03:50:29,700 INFO used_ofi_7_1: 0.03251999104912478 , std 0.1773765520898679 
2023-05-09 03:50:29,700 INFO used_ofi_8_1: 0.023404711996456183 , std 0.15118509004799094 
2023-05-09 03:50:29,700 INFO used_ofi_9_1: 0.021906810428682987 , std 0.14637930893922382 
2023-05-09 03:50:29,700 INFO used_ofi_10_1: 0.02300740273915049 , std 0.14992685602769446 
2023-05-09 03:50:29,700 INFO used_ofi_1_2: 0.050220803478054375 , std 0.21840026184982703 
2023-05-09 03:50:29,700 INFO used_ofi_2_2: 0.041607869463358496 , std 0.19969139856808713 
2023-05-09 03:50:29,700 INFO used_ofi_3_2: 0.04824795751074333 , std 0.21428973868756482 
2023-05-09 03:50:29,700 INFO used_ofi_4_2: 0.05152233380371096 , std 0.2210605865438928 
2023-05-09 03:50:29,700 INFO used_ofi_5_2: 0.051385330611536585 , std 0.22078242323491165 
2023-05-09 03:50:29,700 INFO used_ofi_6_2: 0.05008380028587999 , std 0.21811788838791757 
2023-05-09 03:50:29,700 INFO used_ofi_7_2: 0.04276326305069575 , std 0.202322925996914 
2023-05-09 03:50:29,700 INFO used_ofi_8_2: 0.030592812812538533 , std 0.17221176677787003 
2023-05-09 03:50:29,700 INFO used_ofi_9_2: 0.0273412703849333 , std 0.16307582689862798 
2023-05-09 03:50:29,700 INFO used_ofi_10_2: 0.028756970037401873 , std 0.16712272948845064 
2023-05-09 03:50:29,700 INFO used_ofi_1_3: 0.07556639403031425 , std 0.26430307248227275 
2023-05-09 03:50:29,700 INFO used_ofi_2_3: 0.06409009329917387 , std 0.2449133586394933 
2023-05-09 03:50:29,700 INFO used_ofi_3_3: 0.0711274906038644 , std 0.25703768339343086 
2023-05-09 03:50:29,700 INFO used_ofi_4_3: 0.07855306361971567 , std 0.26903992234549984 
2023-05-09 03:50:29,700 INFO used_ofi_5_3: 0.0754430911573573 , std 0.264104962380452 
2023-05-09 03:50:29,700 INFO used_ofi_6_3: 0.06917291172884328 , std 0.2537479458277385 
2023-05-09 03:50:29,700 INFO used_ofi_7_3: 0.055166618715549405 , std 0.22830519682005182 
2023-05-09 03:50:29,700 INFO used_ofi_8_3: 0.044612806145049845 , std 0.20645218253366582 
2023-05-09 03:50:29,700 INFO used_ofi_9_3: 0.037653043982591464 , std 0.1903556993143008 
2023-05-09 03:50:29,700 INFO used_ofi_10_3: 0.04038854105300654 , std 0.19686875527776404 
2023-05-09 03:50:30,379 INFO Grouping by horizont:
2023-05-09 03:50:30,379 INFO 1: 0.3256657213446406
2023-05-09 03:50:30,379 INFO 2: 0.42252241143885316
2023-05-09 03:50:30,379 INFO 3: 0.6117740543354659
2023-05-09 03:50:30,379 INFO Grouping by level:
2023-05-09 03:50:30,379 INFO 1: 0.1611888223662278
2023-05-09 03:50:30,379 INFO 2: 0.1375192375315678
2023-05-09 03:50:30,379 INFO 3: 0.15577719627533987
2023-05-09 03:50:30,379 INFO 4: 0.17084298064144895
2023-05-09 03:50:30,379 INFO 5: 0.1679887474711494
2023-05-09 03:50:30,379 INFO 6: 0.15853096043804488
2023-05-09 03:50:30,379 INFO 7: 0.13044987281536993
2023-05-09 03:50:30,379 INFO 8: 0.09861033095404456
2023-05-09 03:50:30,379 INFO 9: 0.08690112479620775
2023-05-09 03:50:30,379 INFO 10: 0.0921529138295589
2023-05-09 03:50:30,379 INFO Grouping by level and horizont:
2023-05-09 03:50:30,379 INFO 1_1: 0.035401624857859186
2023-05-09 03:50:30,379 INFO 2_1: 0.03182127476903545
2023-05-09 03:50:30,379 INFO 3_1: 0.03640174816073215
2023-05-09 03:50:30,379 INFO 4_1: 0.04076758321802231
2023-05-09 03:50:30,379 INFO 5_1: 0.04116032570225553
2023-05-09 03:50:30,379 INFO 6_1: 0.0392742484233216
2023-05-09 03:50:30,379 INFO 7_1: 0.03251999104912478
2023-05-09 03:50:30,379 INFO 8_1: 0.023404711996456183
2023-05-09 03:50:30,379 INFO 9_1: 0.021906810428682987
2023-05-09 03:50:30,379 INFO 10_1: 0.02300740273915049
2023-05-09 03:50:30,379 INFO 1_2: 0.050220803478054375
2023-05-09 03:50:30,379 INFO 2_2: 0.041607869463358496
2023-05-09 03:50:30,379 INFO 3_2: 0.04824795751074333
2023-05-09 03:50:30,379 INFO 4_2: 0.05152233380371096
2023-05-09 03:50:30,379 INFO 5_2: 0.051385330611536585
2023-05-09 03:50:30,379 INFO 6_2: 0.05008380028587999
2023-05-09 03:50:30,379 INFO 7_2: 0.04276326305069575
2023-05-09 03:50:30,379 INFO 8_2: 0.030592812812538533
2023-05-09 03:50:30,379 INFO 9_2: 0.0273412703849333
2023-05-09 03:50:30,379 INFO 10_2: 0.028756970037401873
2023-05-09 03:50:30,379 INFO 1_3: 0.07556639403031425
2023-05-09 03:50:30,380 INFO 2_3: 0.06409009329917387
2023-05-09 03:50:30,380 INFO 3_3: 0.0711274906038644
2023-05-09 03:50:30,380 INFO 4_3: 0.07855306361971567
2023-05-09 03:50:30,380 INFO 5_3: 0.0754430911573573
2023-05-09 03:50:30,380 INFO 6_3: 0.06917291172884328
2023-05-09 03:50:30,380 INFO 7_3: 0.055166618715549405
2023-05-09 03:50:30,380 INFO 8_3: 0.044612806145049845
2023-05-09 03:50:30,380 INFO 9_3: 0.037653043982591464
2023-05-09 03:50:30,380 INFO 10_3: 0.04038854105300654
2023-05-09 03:50:30,384 INFO Non empty regressions: 0.37097267699670733 --- 81233 / 218973
