2023-05-09 02:42:05,075 INFO Starting...
2023-05-09 02:42:05,075 INFO Tickers: ['XOM']
2023-05-09 02:43:11,234 INFO in_r2: 0.08487912679621985 , std 0.164442215796744 
2023-05-09 02:43:11,234 INFO os_r2: -0.11617120567440754 , std 0.21238249772119314 
2023-05-09 02:43:11,234 INFO intercept: -2.7598784175566243e-06 , std 9.286145873964632e-05 
2023-05-09 02:43:11,234 INFO ofi_1_1: 9.777188482650721e-07 , std 5.770163522062819e-05 
2023-05-09 02:43:11,234 INFO ofi_2_1: -7.825498086721622e-08 , std 5.33790809793777e-05 
2023-05-09 02:43:11,234 INFO ofi_3_1: -2.3846088191091644e-07 , std 5.4454072581936945e-05 
2023-05-09 02:43:11,234 INFO ofi_4_1: -3.4143518352208275e-07 , std 5.179030039094154e-05 
2023-05-09 02:43:11,234 INFO ofi_5_1: -2.8571355553273604e-07 , std 5.411537664991925e-05 
2023-05-09 02:43:11,234 INFO ofi_6_1: -1.051237410959075e-06 , std 5.476243303277139e-05 
2023-05-09 02:43:11,234 INFO ofi_7_1: -7.23140955286379e-07 , std 4.989664719264923e-05 
2023-05-09 02:43:11,234 INFO ofi_8_1: -4.3090945167496843e-07 , std 4.885102382458772e-05 
2023-05-09 02:43:11,234 INFO ofi_9_1: -3.3092026503608536e-07 , std 4.534784012887438e-05 
2023-05-09 02:43:11,234 INFO ofi_10_1: -5.438524508049121e-07 , std 5.301726597405885e-05 
2023-05-09 02:43:11,234 INFO ofi_1_2: 7.991519943263967e-08 , std 5.699139857254622e-05 
2023-05-09 02:43:11,234 INFO ofi_2_2: -3.1952111242049103e-07 , std 6.105761470996257e-05 
2023-05-09 02:43:11,234 INFO ofi_3_2: -1.0334766598376993e-06 , std 5.6265917160848344e-05 
2023-05-09 02:43:11,234 INFO ofi_4_2: -1.0077756692842804e-06 , std 5.702244432692908e-05 
2023-05-09 02:43:11,234 INFO ofi_5_2: -4.7200327146353767e-07 , std 7.758582923764706e-05 
2023-05-09 02:43:11,234 INFO ofi_6_2: -1.2128271568439532e-06 , std 5.812880386848441e-05 
2023-05-09 02:43:11,234 INFO ofi_7_2: -9.13100829662052e-07 , std 5.656149791792161e-05 
2023-05-09 02:43:11,234 INFO ofi_8_2: -5.734448312743134e-07 , std 5.919028228282039e-05 
2023-05-09 02:43:11,234 INFO ofi_9_2: -8.082979173569934e-07 , std 5.51659599276938e-05 
2023-05-09 02:43:11,234 INFO ofi_10_2: -5.059520238883548e-07 , std 6.257233600122376e-05 
2023-05-09 02:43:11,234 INFO ofi_1_3: -1.0243692167900629e-07 , std 6.178993593608882e-05 
2023-05-09 02:43:11,234 INFO ofi_2_3: -1.6736661990823789e-06 , std 6.662929906192749e-05 
2023-05-09 02:43:11,234 INFO ofi_3_3: -1.6145469054037856e-06 , std 6.261522718118757e-05 
2023-05-09 02:43:11,234 INFO ofi_4_3: -1.4079471616081489e-06 , std 6.406237787004534e-05 
2023-05-09 02:43:11,234 INFO ofi_5_3: -1.275209651590692e-06 , std 7.1650541788546e-05 
2023-05-09 02:43:11,234 INFO ofi_6_3: -1.4737713022273638e-06 , std 6.58683807317887e-05 
2023-05-09 02:43:11,234 INFO ofi_7_3: -1.3815035092844683e-06 , std 6.050048897121989e-05 
2023-05-09 02:43:11,234 INFO ofi_8_3: -4.817368393674717e-07 , std 5.798757266646975e-05 
2023-05-09 02:43:11,234 INFO ofi_9_3: -4.3774500223927224e-07 , std 6.162139162138885e-05 
2023-05-09 02:43:11,234 INFO ofi_10_3: 2.9149956565344046e-08 , std 6.312254935962379e-05 
2023-05-09 02:43:11,235 INFO used_intercept: 0.9829659364396524 , std 0.12939823893303054 
2023-05-09 02:43:11,235 INFO used_ofi_1_1: 0.0567969567024245 , std 0.2314542339465136 
2023-05-09 02:43:11,235 INFO used_ofi_2_1: 0.033716485594114345 , std 0.18049843266160573 
2023-05-09 02:43:11,235 INFO used_ofi_3_1: 0.042233517374288154 , std 0.20112147420025503 
2023-05-09 02:43:11,235 INFO used_ofi_4_1: 0.049143045032949265 , std 0.21616661665909193 
2023-05-09 02:43:11,235 INFO used_ofi_5_1: 0.04941248464422554 , std 0.2167276885991029 
2023-05-09 02:43:11,235 INFO used_ofi_6_1: 0.034259931589739376 , std 0.1818960930784544 
2023-05-09 02:43:11,235 INFO used_ofi_7_1: 0.016221177953446315 , std 0.12632518093891235 
2023-05-09 02:43:11,235 INFO used_ofi_8_1: 0.011786841300068959 , std 0.1079254912994884 
2023-05-09 02:43:11,235 INFO used_ofi_9_1: 0.010814118635630877 , std 0.10342714089524749 
2023-05-09 02:43:11,235 INFO used_ofi_10_1: 0.012019746726765401 , std 0.10897372350887992 
2023-05-09 02:43:11,235 INFO used_ofi_1_2: 0.07256602412169537 , std 0.2594228136939095 
2023-05-09 02:43:11,235 INFO used_ofi_2_2: 0.04808355368013408 , std 0.2139428090533163 
2023-05-09 02:43:11,235 INFO used_ofi_3_2: 0.05729473496732474 , std 0.23240492316719275 
2023-05-09 02:43:11,235 INFO used_ofi_4_2: 0.06583460061286095 , std 0.24799275387600747 
2023-05-09 02:43:11,235 INFO used_ofi_5_2: 0.06345987861517173 , std 0.2437882737567978 
2023-05-09 02:43:11,235 INFO used_ofi_6_2: 0.04214218191283857 , std 0.20091346001814758 
2023-05-09 02:43:11,235 INFO used_ofi_7_2: 0.020943221310389865 , std 0.14319428337588724 
2023-05-09 02:43:11,235 INFO used_ofi_8_2: 0.015143419508341211 , std 0.12212328342267743 
2023-05-09 02:43:11,235 INFO used_ofi_9_2: 0.013882990140336936 , std 0.11700535340359539 
2023-05-09 02:43:11,235 INFO used_ofi_10_2: 0.01336694478314678 , std 0.11484019144145954 
2023-05-09 02:43:11,235 INFO used_ofi_1_3: 0.10363378133377174 , std 0.3047848761015476 
2023-05-09 02:43:11,235 INFO used_ofi_2_3: 0.07236508610650629 , std 0.25909145184529764 
2023-05-09 02:43:11,235 INFO used_ofi_3_3: 0.08001899777598151 , std 0.2713226082929857 
2023-05-09 02:43:11,235 INFO used_ofi_4_3: 0.09345901092828796 , std 0.2910746024726206 
2023-05-09 02:43:11,235 INFO used_ofi_5_3: 0.08732126791887584 , std 0.2823052675525481 
2023-05-09 02:43:11,235 INFO used_ofi_6_3: 0.058609965612198764 , std 0.23489324712118828 
2023-05-09 02:43:11,235 INFO used_ofi_7_3: 0.02815415599183461 , std 0.16541311765462274 
2023-05-09 02:43:11,235 INFO used_ofi_8_3: 0.020271905668735414 , std 0.14092890232061456 
2023-05-09 02:43:11,235 INFO used_ofi_9_3: 0.0182716590629895 , std 0.1339320930101347 
2023-05-09 02:43:11,235 INFO used_ofi_10_3: 0.017938284628698516 , std 0.13272717345471619 
2023-05-09 02:43:11,921 INFO Grouping by horizont:
2023-05-09 02:43:11,921 INFO 1: 0.31640430555365273
2023-05-09 02:43:11,921 INFO 2: 0.41271754965224017
2023-05-09 02:43:11,921 INFO 3: 0.5800441150278802
2023-05-09 02:43:11,921 INFO Grouping by level:
2023-05-09 02:43:11,921 INFO 1: 0.2329967621578916
2023-05-09 02:43:11,921 INFO 2: 0.15416512538075472
2023-05-09 02:43:11,921 INFO 3: 0.1795472501175944
2023-05-09 02:43:11,921 INFO 4: 0.20843665657409816
2023-05-09 02:43:11,921 INFO 5: 0.2001936311782731
2023-05-09 02:43:11,921 INFO 6: 0.1350120791147767
2023-05-09 02:43:11,921 INFO 7: 0.06531855525567079
2023-05-09 02:43:11,921 INFO 8: 0.047202166477145584
2023-05-09 02:43:11,921 INFO 9: 0.04296876783895731
2023-05-09 02:43:11,921 INFO 10: 0.043324976138610694
2023-05-09 02:43:11,922 INFO Grouping by level and horizont:
2023-05-09 02:43:11,922 INFO 1_1: 0.0567969567024245
2023-05-09 02:43:11,922 INFO 2_1: 0.033716485594114345
2023-05-09 02:43:11,922 INFO 3_1: 0.042233517374288154
2023-05-09 02:43:11,922 INFO 4_1: 0.049143045032949265
2023-05-09 02:43:11,922 INFO 5_1: 0.04941248464422554
2023-05-09 02:43:11,922 INFO 6_1: 0.034259931589739376
2023-05-09 02:43:11,922 INFO 7_1: 0.016221177953446315
2023-05-09 02:43:11,922 INFO 8_1: 0.011786841300068959
2023-05-09 02:43:11,922 INFO 9_1: 0.010814118635630877
2023-05-09 02:43:11,922 INFO 10_1: 0.012019746726765401
2023-05-09 02:43:11,922 INFO 1_2: 0.07256602412169537
2023-05-09 02:43:11,922 INFO 2_2: 0.04808355368013408
2023-05-09 02:43:11,922 INFO 3_2: 0.05729473496732474
2023-05-09 02:43:11,922 INFO 4_2: 0.06583460061286095
2023-05-09 02:43:11,922 INFO 5_2: 0.06345987861517173
2023-05-09 02:43:11,922 INFO 6_2: 0.04214218191283857
2023-05-09 02:43:11,922 INFO 7_2: 0.020943221310389865
2023-05-09 02:43:11,922 INFO 8_2: 0.015143419508341211
2023-05-09 02:43:11,922 INFO 9_2: 0.013882990140336936
2023-05-09 02:43:11,922 INFO 10_2: 0.01336694478314678
2023-05-09 02:43:11,922 INFO 1_3: 0.10363378133377174
2023-05-09 02:43:11,922 INFO 2_3: 0.07236508610650629
2023-05-09 02:43:11,922 INFO 3_3: 0.08001899777598151
2023-05-09 02:43:11,922 INFO 4_3: 0.09345901092828796
2023-05-09 02:43:11,922 INFO 5_3: 0.08732126791887584
2023-05-09 02:43:11,922 INFO 6_3: 0.058609965612198764
2023-05-09 02:43:11,922 INFO 7_3: 0.02815415599183461
2023-05-09 02:43:11,922 INFO 8_3: 0.020271905668735414
2023-05-09 02:43:11,922 INFO 9_3: 0.0182716590629895
2023-05-09 02:43:11,922 INFO 10_3: 0.017938284628698516
2023-05-09 02:43:11,927 INFO Non empty regressions: 0.370835673804533 --- 81203 / 218973
