2023-05-11 22:58:02,023 INFO Starting...
2023-05-11 22:58:02,024 INFO Tickers: ['ABBV']
2023-05-11 23:41:27,961 INFO Starting...
2023-05-11 23:41:27,961 INFO Tickers: ['ABBV']
2023-05-11 23:41:31,662 INFO in_r2: 0.9169073777357133 , std 0.09408781001037499 
2023-05-11 23:41:31,662 INFO os_r2: 0.8618947028477376 , std 0.3753296491558941 
2023-05-11 23:41:31,662 INFO intercept: -2.459121561334874e-07 , std 1.1867666448116567e-05 
2023-05-11 23:41:31,662 INFO ofi_add_1: 8.769387566853256e-05 , std 9.994611956792103e-05 
2023-05-11 23:41:31,662 INFO ofi_add_2: 0.000103641360012368 , std 9.094875704734536e-05 
2023-05-11 23:41:31,662 INFO ofi_add_3: 8.535770935149969e-05 , std 6.984329725321234e-05 
2023-05-11 23:41:31,662 INFO ofi_add_4: 8.470568231843128e-05 , std 6.811174216206123e-05 
2023-05-11 23:41:31,662 INFO ofi_add_5: 7.134702897146654e-05 , std 6.299496914565003e-05 
2023-05-11 23:41:31,663 INFO ofi_add_6: 6.440693471982909e-05 , std 6.0182990720512045e-05 
2023-05-11 23:41:31,663 INFO ofi_add_7: 4.972882264828377e-05 , std 5.2940765326240375e-05 
2023-05-11 23:41:31,663 INFO ofi_add_8: 4.502406988559807e-05 , std 5.255596754939789e-05 
2023-05-11 23:41:31,663 INFO ofi_add_9: 3.708378339453928e-05 , std 4.6471117369925623e-05 
2023-05-11 23:41:31,663 INFO ofi_add_10: 3.54033199685669e-05 , std 4.929761719764579e-05 
2023-05-11 23:41:31,663 INFO ofi_cancel_1: 7.361861284511194e-05 , std 0.00011297634168377808 
2023-05-11 23:41:31,663 INFO ofi_cancel_2: 0.00010302429464214598 , std 9.97560638251367e-05 
2023-05-11 23:41:31,663 INFO ofi_cancel_3: 8.446464019189847e-05 , std 7.400363075014846e-05 
2023-05-11 23:41:31,663 INFO ofi_cancel_4: 8.163138705886425e-05 , std 7.229102053804077e-05 
2023-05-11 23:41:31,663 INFO ofi_cancel_5: 6.986793794295489e-05 , std 6.989007288629949e-05 
2023-05-11 23:41:31,663 INFO ofi_cancel_6: 5.917021156693315e-05 , std 6.458324601824885e-05 
2023-05-11 23:41:31,663 INFO ofi_cancel_7: 4.392567759553712e-05 , std 5.711982005391781e-05 
2023-05-11 23:41:31,663 INFO ofi_cancel_8: 4.087618031748576e-05 , std 5.6019219153374044e-05 
2023-05-11 23:41:31,663 INFO ofi_cancel_9: 3.2606369850065287e-05 , std 4.98898119278342e-05 
2023-05-11 23:41:31,663 INFO ofi_cancel_10: 3.377690478182889e-05 , std 5.244604942725326e-05 
2023-05-11 23:41:31,663 INFO ofi_trade_1: 4.640932588237461e-05 , std 0.0001049340465827709 
2023-05-11 23:41:31,663 INFO ofi_trade_2: 7.380664450468881e-05 , std 0.00010169458584743811 
2023-05-11 23:41:31,663 INFO ofi_trade_3: 8.057109457340085e-05 , std 9.817697258224176e-05 
2023-05-11 23:41:31,663 INFO ofi_trade_4: 7.84835945492165e-05 , std 9.346842678587286e-05 
2023-05-11 23:41:31,663 INFO ofi_trade_5: 7.852167903277092e-05 , std 9.49790705746166e-05 
2023-05-11 23:41:31,663 INFO ofi_trade_6: 7.19566265791862e-05 , std 8.869319781643634e-05 
2023-05-11 23:41:31,663 INFO ofi_trade_7: 6.294365827436272e-05 , std 8.265012027275657e-05 
2023-05-11 23:41:31,663 INFO ofi_trade_8: 6.026406522367921e-05 , std 8.490202260168411e-05 
2023-05-11 23:41:31,663 INFO ofi_trade_9: 5.372477047576089e-05 , std 8.073701572950167e-05 
2023-05-11 23:41:31,663 INFO ofi_trade_10: 5.61577662764953e-05 , std 8.277182836286436e-05 
2023-05-11 23:41:31,663 INFO used_intercept: 1.0 , std 0.0 
2023-05-11 23:41:31,663 INFO used_ofi_add_1: 0.9130856219709208 , std 0.2817095470886592 
2023-05-11 23:41:31,663 INFO used_ofi_add_2: 0.945718901453958 , std 0.22657153591454704 
2023-05-11 23:41:31,663 INFO used_ofi_add_3: 0.9331179321486268 , std 0.24981764719750585 
2023-05-11 23:41:31,663 INFO used_ofi_add_4: 0.9231017770597738 , std 0.2664298899314066 
2023-05-11 23:41:31,663 INFO used_ofi_add_5: 0.8904684975767366 , std 0.3123049029396849 
2023-05-11 23:41:31,663 INFO used_ofi_add_6: 0.8654281098546042 , std 0.3412657271512792 
2023-05-11 23:41:31,663 INFO used_ofi_add_7: 0.7954765751211632 , std 0.4033529391918046 
2023-05-11 23:41:31,663 INFO used_ofi_add_8: 0.7512116316639742 , std 0.4323109021488167 
2023-05-11 23:41:31,664 INFO used_ofi_add_9: 0.704200323101777 , std 0.45640138917966705 
2023-05-11 23:41:31,664 INFO used_ofi_add_10: 0.6903069466882068 , std 0.46236702525397727 
2023-05-11 23:41:31,664 INFO used_ofi_cancel_1: 0.6592891760904684 , std 0.4739482655105087 
2023-05-11 23:41:31,664 INFO used_ofi_cancel_2: 0.8869143780290791 , std 0.31669743300881176 
2023-05-11 23:41:31,664 INFO used_ofi_cancel_3: 0.8977382875605816 , std 0.3029921692195627 
2023-05-11 23:41:31,664 INFO used_ofi_cancel_4: 0.8678513731825525 , std 0.33865228073602355 
2023-05-11 23:41:31,664 INFO used_ofi_cancel_5: 0.832956381260097 , std 0.3730148095963228 
2023-05-11 23:41:31,664 INFO used_ofi_cancel_6: 0.7825525040387722 , std 0.412509493783379 
2023-05-11 23:41:31,664 INFO used_ofi_cancel_7: 0.6883683360258481 , std 0.4631601990487235 
2023-05-11 23:41:31,664 INFO used_ofi_cancel_8: 0.6697899838449112 , std 0.4702885937229871 
2023-05-11 23:41:31,664 INFO used_ofi_cancel_9: 0.5977382875605816 , std 0.49035418540553427 
2023-05-11 23:41:31,664 INFO used_ofi_cancel_10: 0.607269789983845 , std 0.488357647791884 
2023-05-11 23:41:31,664 INFO used_ofi_trade_1: 0.3597738287560582 , std 0.4799339755614982 
2023-05-11 23:41:31,664 INFO used_ofi_trade_2: 0.6316639741518578 , std 0.4823531879344625 
2023-05-11 23:41:31,664 INFO used_ofi_trade_3: 0.7449111470113086 , std 0.43591114928343505 
2023-05-11 23:41:31,664 INFO used_ofi_trade_4: 0.7386106623586429 , std 0.4393915700246987 
2023-05-11 23:41:31,664 INFO used_ofi_trade_5: 0.738449111470113 , std 0.43947926144371546 
2023-05-11 23:41:31,664 INFO used_ofi_trade_6: 0.7095315024232633 , std 0.45397857823057025 
2023-05-11 23:41:31,664 INFO used_ofi_trade_7: 0.6465266558966074 , std 0.4780480510490103 
2023-05-11 23:41:31,664 INFO used_ofi_trade_8: 0.6138933764135702 , std 0.48685552149392 
2023-05-11 23:41:31,664 INFO used_ofi_trade_9: 0.5583198707592891 , std 0.49658714509602425 
2023-05-11 23:41:31,664 INFO used_ofi_trade_10: 0.5604200323101777 , std 0.49633599476124746 
2023-05-11 23:41:31,665 INFO Grouping by ofi type:
2023-05-11 23:41:31,665 INFO add: 8.412116316639741
2023-05-11 23:41:31,665 INFO cancel: 7.490468497576736
2023-05-11 23:41:31,665 INFO trade: 6.3021001615508885
2023-05-11 23:41:31,665 INFO Grouping by level:
2023-05-11 23:41:31,665 INFO 1: 1.9321486268174475
2023-05-11 23:41:31,665 INFO 2: 2.464297253634895
2023-05-11 23:41:31,665 INFO 3: 2.575767366720517
2023-05-11 23:41:31,665 INFO 4: 2.529563812600969
2023-05-11 23:41:31,665 INFO 5: 2.4618739903069464
2023-05-11 23:41:31,665 INFO 6: 2.3575121163166397
2023-05-11 23:41:31,665 INFO 7: 2.1303715670436185
2023-05-11 23:41:31,665 INFO 8: 2.0348949919224557
2023-05-11 23:41:31,665 INFO 9: 1.8602584814216478
2023-05-11 23:41:31,665 INFO 10: 1.8579967689822294
2023-05-11 23:41:31,666 INFO Non empty regressions: 0.9998384491114701 --- 6189 / 6190
