2023-05-11 22:58:01,924 INFO Starting...
2023-05-11 22:58:01,924 INFO Tickers: ['AMZN']
2023-05-11 22:58:04,152 INFO Negative OS: -0.08943043418313446 --- ticker AMZN --- day 2017-01-04 --- time 41400
2023-05-11 23:38:47,417 INFO Starting...
2023-05-11 23:38:47,417 INFO Tickers: ['AMZN']
2023-05-11 23:38:51,910 INFO in_r2: 0.7874502817286051 , std 0.12385763915730312 
2023-05-11 23:38:51,910 INFO os_r2: 0.6667941374543959 , std 0.7074843781668496 
2023-05-11 23:38:51,910 INFO intercept: 1.2690066343539467e-06 , std 1.1474363566823578e-05 
2023-05-11 23:38:51,910 INFO ofi_add_1: 1.7226128223219705e-05 , std 2.1849243985604436e-05 
2023-05-11 23:38:51,910 INFO ofi_add_2: 2.1231680187040932e-05 , std 2.3260573294905683e-05 
2023-05-11 23:38:51,910 INFO ofi_add_3: 2.2398576903764677e-05 , std 2.407360103157422e-05 
2023-05-11 23:38:51,910 INFO ofi_add_4: 1.9666533077198477e-05 , std 2.2395594326421056e-05 
2023-05-11 23:38:51,910 INFO ofi_add_5: 1.7932344521040684e-05 , std 2.1499467296917485e-05 
2023-05-11 23:38:51,910 INFO ofi_add_6: 1.7043891680245014e-05 , std 2.098346478901132e-05 
2023-05-11 23:38:51,910 INFO ofi_add_7: 1.5811321772758156e-05 , std 1.9164902888268492e-05 
2023-05-11 23:38:51,910 INFO ofi_add_8: 1.5146382417210303e-05 , std 1.9244973510789902e-05 
2023-05-11 23:38:51,910 INFO ofi_add_9: 1.543907298557582e-05 , std 1.9865584588268225e-05 
2023-05-11 23:38:51,910 INFO ofi_add_10: 2.264009331768204e-05 , std 2.3702666495014616e-05 
2023-05-11 23:38:51,910 INFO ofi_cancel_1: 1.673255277485435e-05 , std 2.685316127211822e-05 
2023-05-11 23:38:51,910 INFO ofi_cancel_2: 2.049368685142215e-05 , std 2.4989693619660996e-05 
2023-05-11 23:38:51,911 INFO ofi_cancel_3: 2.1572566559093924e-05 , std 2.5185611933588867e-05 
2023-05-11 23:38:51,911 INFO ofi_cancel_4: 1.8560371367897837e-05 , std 2.3090911327141905e-05 
2023-05-11 23:38:51,911 INFO ofi_cancel_5: 1.72183791750996e-05 , std 2.204698608217593e-05 
2023-05-11 23:38:51,911 INFO ofi_cancel_6: 1.6253416225528722e-05 , std 2.1160722553876686e-05 
2023-05-11 23:38:51,911 INFO ofi_cancel_7: 1.4777061137215385e-05 , std 1.9389071184476503e-05 
2023-05-11 23:38:51,911 INFO ofi_cancel_8: 1.3915763343375697e-05 , std 1.943947038117793e-05 
2023-05-11 23:38:51,911 INFO ofi_cancel_9: 1.4185447031086431e-05 , std 2.0028831114296968e-05 
2023-05-11 23:38:51,911 INFO ofi_cancel_10: 2.162522794882131e-05 , std 2.44341413873037e-05 
2023-05-11 23:38:51,911 INFO ofi_trade_1: 2.1367414351166487e-05 , std 2.8787110972550655e-05 
2023-05-11 23:38:51,911 INFO ofi_trade_2: 1.8223426776751646e-05 , std 2.8827031098479362e-05 
2023-05-11 23:38:51,911 INFO ofi_trade_3: 1.732217802173076e-05 , std 2.8825838110342608e-05 
2023-05-11 23:38:51,911 INFO ofi_trade_4: 1.630030153502616e-05 , std 2.7641011039148496e-05 
2023-05-11 23:38:51,911 INFO ofi_trade_5: 1.875496917292413e-05 , std 3.014289999972473e-05 
2023-05-11 23:38:51,911 INFO ofi_trade_6: 1.9379454785043692e-05 , std 2.9863843607056128e-05 
2023-05-11 23:38:51,911 INFO ofi_trade_7: 1.99171597846578e-05 , std 2.922623000566725e-05 
2023-05-11 23:38:51,911 INFO ofi_trade_8: 2.139722606820565e-05 , std 3.0089612564422177e-05 
2023-05-11 23:38:51,911 INFO ofi_trade_9: 2.3233025503836747e-05 , std 3.0690431366016386e-05 
2023-05-11 23:38:51,911 INFO ofi_trade_10: 3.232297279489527e-05 , std 3.395208090918548e-05 
2023-05-11 23:38:51,911 INFO used_intercept: 0.9997091332169866 , std 0.017052336482955035 
2023-05-11 23:38:51,911 INFO used_ofi_add_1: 0.789848749272833 , std 0.4074158840116256 
2023-05-11 23:38:51,911 INFO used_ofi_add_2: 0.8352239674229203 , std 0.37097829001875143 
2023-05-11 23:38:51,911 INFO used_ofi_add_3: 0.8598022105875509 , std 0.347192121535486 
2023-05-11 23:38:51,911 INFO used_ofi_add_4: 0.8339150668993601 , std 0.3721568595331757 
2023-05-11 23:38:51,911 INFO used_ofi_add_5: 0.8019197207678883 , std 0.3985529854504171 
2023-05-11 23:38:51,911 INFO used_ofi_add_6: 0.7968295520651542 , std 0.40235831918925197 
2023-05-11 23:38:51,911 INFO used_ofi_add_7: 0.795956951716114 , std 0.40300059892127427 
2023-05-11 23:38:51,911 INFO used_ofi_add_8: 0.7872309482257126 , std 0.40926566235314443 
2023-05-11 23:38:51,911 INFO used_ofi_add_9: 0.7952297847585805 , std 0.40353360974199187 
2023-05-11 23:38:51,911 INFO used_ofi_add_10: 0.8835078534031413 , std 0.3208141617480666 
2023-05-11 23:38:51,911 INFO used_ofi_cancel_1: 0.6146015125072717 , std 0.4866893191051614 
2023-05-11 23:38:51,911 INFO used_ofi_cancel_2: 0.7574171029668412 , std 0.42864488227454517 
2023-05-11 23:38:51,911 INFO used_ofi_cancel_3: 0.7827225130890052 , std 0.4123929928995366 
2023-05-11 23:38:51,912 INFO used_ofi_cancel_4: 0.7755962769051774 , std 0.4171890364762774 
2023-05-11 23:38:51,912 INFO used_ofi_cancel_5: 0.7505817335660268 , std 0.4326763164341732 
2023-05-11 23:38:51,912 INFO used_ofi_cancel_6: 0.7488365328679465 , std 0.4336823490877388 
2023-05-11 23:38:51,912 INFO used_ofi_cancel_7: 0.7274578243164631 , std 0.4452672659843985 
2023-05-11 23:38:51,912 INFO used_ofi_cancel_8: 0.725130890052356 , std 0.44644829750401555 
2023-05-11 23:38:51,912 INFO used_ofi_cancel_9: 0.7321116928446771 , std 0.442859076958775 
2023-05-11 23:38:51,912 INFO used_ofi_cancel_10: 0.825043630017452 , std 0.3799297811241938 
2023-05-11 23:38:51,912 INFO used_ofi_trade_1: 0.6742292030250145 , std 0.4686621222301502 
2023-05-11 23:38:51,912 INFO used_ofi_trade_2: 0.6009307737056429 , std 0.4897070337652711 
2023-05-11 23:38:51,912 INFO used_ofi_trade_3: 0.5471204188481675 , std 0.4977747142308187 
2023-05-11 23:38:51,912 INFO used_ofi_trade_4: 0.5260325770796975 , std 0.49932184503643506 
2023-05-11 23:38:51,912 INFO used_ofi_trade_5: 0.5609365910413031 , std 0.49627284015173045 
2023-05-11 23:38:51,912 INFO used_ofi_trade_6: 0.5828970331588132 , std 0.4930801982370278 
2023-05-11 23:38:51,912 INFO used_ofi_trade_7: 0.606020942408377 , std 0.48863028945291515 
2023-05-11 23:38:51,912 INFO used_ofi_trade_8: 0.6355439208842351 , std 0.4812773062500747 
2023-05-11 23:38:51,912 INFO used_ofi_trade_9: 0.6631762652705061 , std 0.47262406461411743 
2023-05-11 23:38:51,912 INFO used_ofi_trade_10: 0.7897033158813264 , std 0.4075193109134394 
2023-05-11 23:38:51,914 INFO Grouping by ofi type:
2023-05-11 23:38:51,914 INFO add: 8.179464805119254
2023-05-11 23:38:51,914 INFO cancel: 7.439499709133218
2023-05-11 23:38:51,914 INFO trade: 6.186591041303084
2023-05-11 23:38:51,914 INFO Grouping by level:
2023-05-11 23:38:51,914 INFO 1: 2.078679464805119
2023-05-11 23:38:51,914 INFO 2: 2.1935718440954046
2023-05-11 23:38:51,914 INFO 3: 2.1896451425247236
2023-05-11 23:38:51,914 INFO 4: 2.1355439208842353
2023-05-11 23:38:51,914 INFO 5: 2.113438045375218
2023-05-11 23:38:51,914 INFO 6: 2.128563118091914
2023-05-11 23:38:51,914 INFO 7: 2.1294357184409543
2023-05-11 23:38:51,914 INFO 8: 2.1479057591623034
2023-05-11 23:38:51,914 INFO 9: 2.1905177428737637
2023-05-11 23:38:51,914 INFO 10: 2.4982547993019195
2023-05-11 23:38:51,915 INFO Non empty regressions: 0.9991273996509599 --- 6870 / 6876
