2023-05-11 22:58:01,961 INFO Starting...
2023-05-11 22:58:01,961 INFO Tickers: ['BA']
2023-05-11 23:40:34,142 INFO Starting...
2023-05-11 23:40:34,142 INFO Tickers: ['BA']
2023-05-11 23:40:37,744 INFO in_r2: 0.8424738773158088 , std 0.09182658953507779 
2023-05-11 23:40:37,745 INFO os_r2: 0.7440470616759998 , std 0.6936766831200927 
2023-05-11 23:40:37,745 INFO intercept: -4.975593255382162e-08 , std 1.5473365353895293e-05 
2023-05-11 23:40:37,745 INFO ofi_add_1: 6.880075853920349e-05 , std 6.568055912843914e-05 
2023-05-11 23:40:37,745 INFO ofi_add_2: 6.790126396540682e-05 , std 5.744568606547372e-05 
2023-05-11 23:40:37,745 INFO ofi_add_3: 5.315349727432705e-05 , std 4.8171225910231504e-05 
2023-05-11 23:40:37,745 INFO ofi_add_4: 3.990779102029883e-05 , std 4.0394481019394394e-05 
2023-05-11 23:40:37,745 INFO ofi_add_5: 3.235353707147451e-05 , std 3.7030889558655594e-05 
2023-05-11 23:40:37,745 INFO ofi_add_6: 2.835284635399266e-05 , std 3.762738312408985e-05 
2023-05-11 23:40:37,745 INFO ofi_add_7: 2.540426197432605e-05 , std 3.4240469013996095e-05 
2023-05-11 23:40:37,745 INFO ofi_add_8: 2.3963657581249653e-05 , std 3.243761911001287e-05 
2023-05-11 23:40:37,745 INFO ofi_add_9: 2.2996446980347803e-05 , std 3.3078915980114034e-05 
2023-05-11 23:40:37,745 INFO ofi_add_10: 2.4961572303644955e-05 , std 3.232568857614976e-05 
2023-05-11 23:40:37,745 INFO ofi_cancel_1: 7.498572172674963e-05 , std 7.19362933473353e-05 
2023-05-11 23:40:37,745 INFO ofi_cancel_2: 7.347661838321639e-05 , std 5.936732339806213e-05 
2023-05-11 23:40:37,745 INFO ofi_cancel_3: 4.976087035978683e-05 , std 4.7995948103023354e-05 
2023-05-11 23:40:37,745 INFO ofi_cancel_4: 3.676600788108907e-05 , std 3.9793129663127095e-05 
2023-05-11 23:40:37,745 INFO ofi_cancel_5: 2.8067218962956847e-05 , std 3.760534736624547e-05 
2023-05-11 23:40:37,745 INFO ofi_cancel_6: 2.4160378365858825e-05 , std 3.8003424872794324e-05 
2023-05-11 23:40:37,745 INFO ofi_cancel_7: 2.1175975367939535e-05 , std 3.455064445577076e-05 
2023-05-11 23:40:37,745 INFO ofi_cancel_8: 1.996039092433462e-05 , std 3.234380625093195e-05 
2023-05-11 23:40:37,745 INFO ofi_cancel_9: 1.9427143566093704e-05 , std 3.309547895720094e-05 
2023-05-11 23:40:37,745 INFO ofi_cancel_10: 2.2433407588228634e-05 , std 3.435830911995896e-05 
2023-05-11 23:40:37,745 INFO ofi_trade_1: 4.4674941527103846e-05 , std 7.513595064938383e-05 
2023-05-11 23:40:37,746 INFO ofi_trade_2: 5.376126097491889e-05 , std 8.177232008291837e-05 
2023-05-11 23:40:37,746 INFO ofi_trade_3: 4.4084380402998266e-05 , std 6.815267007016441e-05 
2023-05-11 23:40:37,746 INFO ofi_trade_4: 3.835890611976364e-05 , std 6.612783441544397e-05 
2023-05-11 23:40:37,746 INFO ofi_trade_5: 3.400699124726528e-05 , std 6.157010946022308e-05 
2023-05-11 23:40:37,746 INFO ofi_trade_6: 3.6461127855300513e-05 , std 6.673154450950794e-05 
2023-05-11 23:40:37,746 INFO ofi_trade_7: 3.658081676339532e-05 , std 6.810943273728048e-05 
2023-05-11 23:40:37,746 INFO ofi_trade_8: 4.063618380002728e-05 , std 6.974855084600105e-05 
2023-05-11 23:40:37,746 INFO ofi_trade_9: 4.0798711419009394e-05 , std 7.030234584109486e-05 
2023-05-11 23:40:37,746 INFO ofi_trade_10: 4.2392931596635626e-05 , std 6.871997782721391e-05 
2023-05-11 23:40:37,746 INFO used_intercept: 1.0 , std 0.0 
2023-05-11 23:40:37,746 INFO used_ofi_add_1: 0.8837630942788074 , std 0.3205087946836329 
2023-05-11 23:40:37,746 INFO used_ofi_add_2: 0.9149879129734085 , std 0.278899681043157 
2023-05-11 23:40:37,746 INFO used_ofi_add_3: 0.8779210314262691 , std 0.3273769906479454 
2023-05-11 23:40:37,746 INFO used_ofi_add_4: 0.8261482675261885 , std 0.3789819357036239 
2023-05-11 23:40:37,746 INFO used_ofi_add_5: 0.7886784850926672 , std 0.4082459212834866 
2023-05-11 23:40:37,746 INFO used_ofi_add_6: 0.7558420628525383 , std 0.4295868234424304 
2023-05-11 23:40:37,746 INFO used_ofi_add_7: 0.7395245769540693 , std 0.4388940385047103 
2023-05-11 23:40:37,746 INFO used_ofi_add_8: 0.7211925866236906 , std 0.4484125774582166 
2023-05-11 23:40:37,746 INFO used_ofi_add_9: 0.708904109589041 , std 0.45426762265960574 
2023-05-11 23:40:37,746 INFO used_ofi_add_10: 0.7683319903303787 , std 0.42189802436766344 
2023-05-11 23:40:37,746 INFO used_ofi_cancel_1: 0.8376309427880742 , std 0.3687890270493907 
2023-05-11 23:40:37,746 INFO used_ofi_cancel_2: 0.9119661563255439 , std 0.28334411241872937 
2023-05-11 23:40:37,746 INFO used_ofi_cancel_3: 0.8376309427880742 , std 0.36878902704939065 
2023-05-11 23:40:37,746 INFO used_ofi_cancel_4: 0.782836422240129 , std 0.41231487755646595 
2023-05-11 23:40:37,746 INFO used_ofi_cancel_5: 0.709709911361805 , std 0.4538961919609195 
2023-05-11 23:40:37,746 INFO used_ofi_cancel_6: 0.6663980660757454 , std 0.4714993993699799 
2023-05-11 23:40:37,747 INFO used_ofi_cancel_7: 0.6392022562449637 , std 0.4802319563047751 
2023-05-11 23:40:37,747 INFO used_ofi_cancel_8: 0.6299355358581789 , std 0.48282166119722497 
2023-05-11 23:40:37,747 INFO used_ofi_cancel_9: 0.6363819500402901 , std 0.48104050110485275 
2023-05-11 23:40:37,747 INFO used_ofi_cancel_10: 0.6798952457695407 , std 0.46651655978058976 
2023-05-11 23:40:37,747 INFO used_ofi_trade_1: 0.5215551974214343 , std 0.4995351573854667 
2023-05-11 23:40:37,747 INFO used_ofi_trade_2: 0.5898468976631749 , std 0.49186129648540444 
2023-05-11 23:40:37,747 INFO used_ofi_trade_3: 0.5558017727639001 , std 0.4968764053126351 
2023-05-11 23:40:37,747 INFO used_ofi_trade_4: 0.5205479452054794 , std 0.49957760352905395 
2023-05-11 23:40:37,747 INFO used_ofi_trade_5: 0.5022159548751007 , std 0.4999950895198787 
2023-05-11 23:40:37,747 INFO used_ofi_trade_6: 0.5054391619661563 , std 0.4999704146418125 
2023-05-11 23:40:37,747 INFO used_ofi_trade_7: 0.5066478646253022 , std 0.4999558039426322 
2023-05-11 23:40:37,747 INFO used_ofi_trade_8: 0.5302175664786463 , std 0.49908606339599243 
2023-05-11 23:40:37,747 INFO used_ofi_trade_9: 0.5390813859790492 , std 0.4984703053040939 
2023-05-11 23:40:37,747 INFO used_ofi_trade_10: 0.5519742143432715 , std 0.4972913442273047 
2023-05-11 23:40:37,748 INFO Grouping by ofi type:
2023-05-11 23:40:37,748 INFO add: 7.98529411764706
2023-05-11 23:40:37,748 INFO cancel: 7.3315874294923455
2023-05-11 23:40:37,748 INFO trade: 5.323327961321515
2023-05-11 23:40:37,748 INFO Grouping by level:
2023-05-11 23:40:37,748 INFO 1: 2.242949234488316
2023-05-11 23:40:37,748 INFO 2: 2.4168009669621275
2023-05-11 23:40:37,748 INFO 3: 2.271353746978243
2023-05-11 23:40:37,749 INFO 4: 2.1295326349717967
2023-05-11 23:40:37,749 INFO 5: 2.000604351329573
2023-05-11 23:40:37,749 INFO 6: 1.92767929089444
2023-05-11 23:40:37,749 INFO 7: 1.8853746978243353
2023-05-11 23:40:37,749 INFO 8: 1.8813456889605158
2023-05-11 23:40:37,749 INFO 9: 1.88436744560838
2023-05-11 23:40:37,749 INFO 10: 2.000201450443191
2023-05-11 23:40:37,749 INFO Non empty regressions: 0.9993956486704271 --- 4961 / 4964
