2023-05-11 22:58:01,982 INFO Starting...
2023-05-11 22:58:01,982 INFO Tickers: ['BMY']
2023-05-11 23:41:00,670 INFO Starting...
2023-05-11 23:41:00,671 INFO Tickers: ['BMY']
2023-05-11 23:41:04,138 INFO in_r2: 0.9771496857407781 , std 0.029917652752362595 
2023-05-11 23:41:04,138 INFO os_r2: 0.9600006921268553 , std 0.052810651341692466 
2023-05-11 23:41:04,138 INFO intercept: 1.1702557319033945e-07 , std 4.673180369924174e-06 
2023-05-11 23:41:04,138 INFO ofi_add_1: 5.7681329873219125e-05 , std 4.798514567269653e-05 
2023-05-11 23:41:04,138 INFO ofi_add_2: 9.912870972372703e-05 , std 5.8446793908920784e-05 
2023-05-11 23:41:04,138 INFO ofi_add_3: 0.00010210809803362095 , std 5.227134414881778e-05 
2023-05-11 23:41:04,138 INFO ofi_add_4: 0.0001224771737418932 , std 6.139721943434127e-05 
2023-05-11 23:41:04,138 INFO ofi_add_5: 0.00010268665257753305 , std 5.8604826067460295e-05 
2023-05-11 23:41:04,138 INFO ofi_add_6: 0.00010274660356785205 , std 6.083451482280333e-05 
2023-05-11 23:41:04,138 INFO ofi_add_7: 7.674179340340304e-05 , std 5.7444194392383905e-05 
2023-05-11 23:41:04,138 INFO ofi_add_8: 6.112637318812695e-05 , std 5.719301342502862e-05 
2023-05-11 23:41:04,138 INFO ofi_add_9: 4.987992451535886e-05 , std 5.363488421121721e-05 
2023-05-11 23:41:04,138 INFO ofi_add_10: 4.223839562237564e-05 , std 5.3524266177261335e-05 
2023-05-11 23:41:04,138 INFO ofi_cancel_1: 3.329444070246539e-05 , std 4.847919386492513e-05 
2023-05-11 23:41:04,138 INFO ofi_cancel_2: 7.276177093771463e-05 , std 5.850588509478175e-05 
2023-05-11 23:41:04,138 INFO ofi_cancel_3: 0.00010414845071939308 , std 5.8382784891484446e-05 
2023-05-11 23:41:04,138 INFO ofi_cancel_4: 0.00012751299994956633 , std 7.10512093235503e-05 
2023-05-11 23:41:04,138 INFO ofi_cancel_5: 0.00011119805462644299 , std 7.043702282958415e-05 
2023-05-11 23:41:04,139 INFO ofi_cancel_6: 0.00010267793219516574 , std 7.10652252848386e-05 
2023-05-11 23:41:04,139 INFO ofi_cancel_7: 6.88699468869864e-05 , std 6.444627098857804e-05 
2023-05-11 23:41:04,139 INFO ofi_cancel_8: 5.7507530261860446e-05 , std 6.31415936067768e-05 
2023-05-11 23:41:04,139 INFO ofi_cancel_9: 4.544096720103042e-05 , std 5.86063351506323e-05 
2023-05-11 23:41:04,139 INFO ofi_cancel_10: 3.7290128213751916e-05 , std 5.730604068546927e-05 
2023-05-11 23:41:04,139 INFO ofi_trade_1: 1.9218461177641927e-05 , std 5.3258275478153646e-05 
2023-05-11 23:41:04,139 INFO ofi_trade_2: 8.866194093483837e-05 , std 7.130099456785356e-05 
2023-05-11 23:41:04,139 INFO ofi_trade_3: 0.00011099639438904984 , std 7.393673748878862e-05 
2023-05-11 23:41:04,139 INFO ofi_trade_4: 0.00011426227683111909 , std 7.624962940414562e-05 
2023-05-11 23:41:04,139 INFO ofi_trade_5: 0.00010425928788553748 , std 7.522399891206404e-05 
2023-05-11 23:41:04,139 INFO ofi_trade_6: 9.906231439551577e-05 , std 7.598573945479012e-05 
2023-05-11 23:41:04,139 INFO ofi_trade_7: 7.321879025723902e-05 , std 7.101632018122821e-05 
2023-05-11 23:41:04,139 INFO ofi_trade_8: 5.8238509293037966e-05 , std 6.928544975096405e-05 
2023-05-11 23:41:04,139 INFO ofi_trade_9: 4.9840241121858764e-05 , std 6.739472246974835e-05 
2023-05-11 23:41:04,139 INFO ofi_trade_10: 4.535615030458593e-05 , std 6.742307811968212e-05 
2023-05-11 23:41:04,139 INFO used_intercept: 0.9996953077391835 , std 0.017452776955051413 
2023-05-11 23:41:04,139 INFO used_ofi_add_1: 0.9785191956124314 , std 0.144980617430164 
2023-05-11 23:41:04,139 INFO used_ofi_add_2: 0.9779098110907983 , std 0.14697691132677096 
2023-05-11 23:41:04,139 INFO used_ofi_add_3: 0.9681596587446679 , std 0.17557486700571956 
2023-05-11 23:41:04,139 INFO used_ofi_add_4: 0.9701401584399756 , std 0.17020056234347353 
2023-05-11 23:41:04,139 INFO used_ofi_add_5: 0.9413467397928093 , std 0.23497458431553467 
2023-05-11 23:41:04,139 INFO used_ofi_add_6: 0.9323583180987203 , std 0.2511300156708588 
2023-05-11 23:41:04,139 INFO used_ofi_add_7: 0.8516148689823279 , std 0.3554813411566638 
2023-05-11 23:41:04,139 INFO used_ofi_add_8: 0.7481718464351006 , std 0.4340630537571619 
2023-05-11 23:41:04,139 INFO used_ofi_add_9: 0.6709323583180987 , std 0.4698745884593176 
2023-05-11 23:41:04,139 INFO used_ofi_add_10: 0.5929311395490554 , std 0.4912879026620887 
2023-05-11 23:41:04,139 INFO used_ofi_cancel_1: 0.6756550883607556 , std 0.4681295653267107 
2023-05-11 23:41:04,139 INFO used_ofi_cancel_2: 0.8453686776355881 , std 0.3615528682063597 
2023-05-11 23:41:04,139 INFO used_ofi_cancel_3: 0.9445460085313833 , std 0.22886425299468524 
2023-05-11 23:41:04,139 INFO used_ofi_cancel_4: 0.9609993906154783 , std 0.19359638904731047 
2023-05-11 23:41:04,139 INFO used_ofi_cancel_5: 0.9280926264472883 , std 0.2583344792734073 
2023-05-11 23:41:04,139 INFO used_ofi_cancel_6: 0.873400365630713 , std 0.3325239343969842 
2023-05-11 23:41:04,140 INFO used_ofi_cancel_7: 0.7170932358318098 , std 0.45041150846317657 
2023-05-11 23:41:04,140 INFO used_ofi_cancel_8: 0.6357404021937842 , std 0.48122192719396084 
2023-05-11 23:41:04,140 INFO used_ofi_cancel_9: 0.5423522242535039 , std 0.4982030601078048 
2023-05-11 23:41:04,140 INFO used_ofi_cancel_10: 0.44911639244363194 , std 0.49740411988849625 
2023-05-11 23:41:04,140 INFO used_ofi_trade_1: 0.2254722730042657 , std 0.4178929613077439 
2023-05-11 23:41:04,140 INFO used_ofi_trade_2: 0.8375990249847654 , std 0.36881824565676763 
2023-05-11 23:41:04,140 INFO used_ofi_trade_3: 0.9017367458866545 , std 0.2976702655698107 
2023-05-11 23:41:04,140 INFO used_ofi_trade_4: 0.8964046313223644 , std 0.3047349147475234 
2023-05-11 23:41:04,140 INFO used_ofi_trade_5: 0.8683729433272395 , std 0.33808486305131497 
2023-05-11 23:41:04,140 INFO used_ofi_trade_6: 0.8248019500304692 , std 0.3801364140100295 
2023-05-11 23:41:04,140 INFO used_ofi_trade_7: 0.6960694698354661 , std 0.45995300085817376 
2023-05-11 23:41:04,140 INFO used_ofi_trade_8: 0.5869896404631323 , std 0.49237465658997415 
2023-05-11 23:41:04,140 INFO used_ofi_trade_9: 0.5073126142595978 , std 0.49994652281288077 
2023-05-11 23:41:04,140 INFO used_ofi_trade_10: 0.4418037781840341 , std 0.49660165099035564 
2023-05-11 23:41:04,141 INFO Grouping by ofi type:
2023-05-11 23:41:04,141 INFO add: 8.632084095063986
2023-05-11 23:41:04,141 INFO cancel: 7.572364411943936
2023-05-11 23:41:04,141 INFO trade: 6.786563071297988
2023-05-11 23:41:04,141 INFO Grouping by level:
2023-05-11 23:41:04,141 INFO 1: 1.8796465569774528
2023-05-11 23:41:04,141 INFO 2: 2.660877513711152
2023-05-11 23:41:04,141 INFO 3: 2.8144424131627055
2023-05-11 23:41:04,142 INFO 4: 2.827544180377818
2023-05-11 23:41:04,142 INFO 5: 2.737812309567337
2023-05-11 23:41:04,142 INFO 6: 2.6305606337599023
2023-05-11 23:41:04,142 INFO 7: 2.264777574649604
2023-05-11 23:41:04,142 INFO 8: 1.9709018890920171
2023-05-11 23:41:04,142 INFO 9: 1.7205971968312006
2023-05-11 23:41:04,142 INFO 10: 1.4838513101767214
2023-05-11 23:41:04,142 INFO Non empty regressions: 1.0 --- 6564 / 6564
