2023-05-11 22:58:01,961 INFO Starting...
2023-05-11 22:58:01,961 INFO Tickers: ['C']
2023-05-11 23:00:21,321 INFO Negative OS: -0.04585069611566639 --- ticker C --- day 2019-07-31 --- time 48600
2023-05-11 23:40:37,753 INFO Starting...
2023-05-11 23:40:37,753 INFO Tickers: ['C']
2023-05-11 23:40:41,758 INFO in_r2: 0.9745931859300967 , std 0.017515380496840646 
2023-05-11 23:40:41,758 INFO os_r2: 0.9568946107479869 , std 0.039848600639038 
2023-05-11 23:40:41,758 INFO intercept: 5.184279806443635e-07 , std 3.5524843607646525e-06 
2023-05-11 23:40:41,758 INFO ofi_add_1: 4.3004968964550507e-05 , std 3.246894344395233e-05 
2023-05-11 23:40:41,758 INFO ofi_add_2: 7.153826562108066e-05 , std 4.9767437032791046e-05 
2023-05-11 23:40:41,758 INFO ofi_add_3: 7.907663544628478e-05 , std 5.201903327072715e-05 
2023-05-11 23:40:41,758 INFO ofi_add_4: 7.63654527894617e-05 , std 5.316189421788382e-05 
2023-05-11 23:40:41,758 INFO ofi_add_5: 6.061525045972026e-05 , std 4.964161431298993e-05 
2023-05-11 23:40:41,758 INFO ofi_add_6: 9.096643368728293e-05 , std 5.9323519754658164e-05 
2023-05-11 23:40:41,758 INFO ofi_add_7: 8.431949573166152e-05 , std 6.14176107385326e-05 
2023-05-11 23:40:41,758 INFO ofi_add_8: 6.66251691350552e-05 , std 5.965432640743623e-05 
2023-05-11 23:40:41,758 INFO ofi_add_9: 4.661501742294208e-05 , std 5.0696945099870764e-05 
2023-05-11 23:40:41,758 INFO ofi_add_10: 4.966426696212734e-05 , std 5.253396641430132e-05 
2023-05-11 23:40:41,758 INFO ofi_cancel_1: 2.507433699070084e-05 , std 2.7640300595488164e-05 
2023-05-11 23:40:41,758 INFO ofi_cancel_2: 5.925543158891447e-05 , std 4.87635051859092e-05 
2023-05-11 23:40:41,758 INFO ofi_cancel_3: 8.388588162130892e-05 , std 5.7044188059671674e-05 
2023-05-11 23:40:41,758 INFO ofi_cancel_4: 7.786475233539281e-05 , std 5.750288303587668e-05 
2023-05-11 23:40:41,758 INFO ofi_cancel_5: 6.423008521284167e-05 , std 5.411594226726083e-05 
2023-05-11 23:40:41,759 INFO ofi_cancel_6: 8.785458831384376e-05 , std 6.239727932445454e-05 
2023-05-11 23:40:41,759 INFO ofi_cancel_7: 8.062031033642504e-05 , std 6.756324584386968e-05 
2023-05-11 23:40:41,759 INFO ofi_cancel_8: 6.788597078638333e-05 , std 6.666554464654889e-05 
2023-05-11 23:40:41,759 INFO ofi_cancel_9: 4.767009093126271e-05 , std 5.602602374218358e-05 
2023-05-11 23:40:41,759 INFO ofi_cancel_10: 3.9617278316525076e-05 , std 5.5548015937391785e-05 
2023-05-11 23:40:41,759 INFO ofi_trade_1: 7.844345616589196e-06 , std 2.7193543975337684e-05 
2023-05-11 23:40:41,759 INFO ofi_trade_2: 6.319978565581802e-05 , std 6.151114554300206e-05 
2023-05-11 23:40:41,759 INFO ofi_trade_3: 8.809287644729002e-05 , std 6.836887682643468e-05 
2023-05-11 23:40:41,759 INFO ofi_trade_4: 7.57509646698673e-05 , std 6.409097007187049e-05 
2023-05-11 23:40:41,759 INFO ofi_trade_5: 6.469011448050576e-05 , std 5.871581154163849e-05 
2023-05-11 23:40:41,759 INFO ofi_trade_6: 8.940585811967509e-05 , std 6.993669841119158e-05 
2023-05-11 23:40:41,759 INFO ofi_trade_7: 7.738698040302366e-05 , std 7.10911733479894e-05 
2023-05-11 23:40:41,759 INFO ofi_trade_8: 5.6985870657455736e-05 , std 6.373822147392102e-05 
2023-05-11 23:40:41,759 INFO ofi_trade_9: 4.358929158039399e-05 , std 5.666826933193565e-05 
2023-05-11 23:40:41,759 INFO ofi_trade_10: 4.0146384626823777e-05 , std 5.6678547395103903e-05 
2023-05-11 23:40:41,759 INFO used_intercept: 0.9995917256396298 , std 0.020201674990377238 
2023-05-11 23:40:41,759 INFO used_ofi_add_1: 0.9443385955362004 , std 0.22926668427165114 
2023-05-11 23:40:41,759 INFO used_ofi_add_2: 0.9522318998366902 , std 0.21327519492453353 
2023-05-11 23:40:41,759 INFO used_ofi_add_3: 0.9461077844311377 , std 0.2258048818558659 
2023-05-11 23:40:41,759 INFO used_ofi_add_4: 0.9580838323353293 , std 0.2003976111458864 
2023-05-11 23:40:41,759 INFO used_ofi_add_5: 0.9360370168753402 , std 0.24468698354112392 
2023-05-11 23:40:41,759 INFO used_ofi_add_6: 0.9425694066412629 , std 0.232663534541192 
2023-05-11 23:40:41,759 INFO used_ofi_add_7: 0.8859553620032662 , std 0.31786547239504914 
2023-05-11 23:40:41,759 INFO used_ofi_add_8: 0.7875612411540556 , std 0.4090336570331824 
2023-05-11 23:40:41,759 INFO used_ofi_add_9: 0.6786880783886772 , std 0.46698026793619657 
2023-05-11 23:40:41,759 INFO used_ofi_add_10: 0.6946107784431138 , std 0.460572084383938 
2023-05-11 23:40:41,759 INFO used_ofi_cancel_1: 0.6898475775721284 , std 0.4625558315381989 
2023-05-11 23:40:41,759 INFO used_ofi_cancel_2: 0.8387316276537834 , std 0.36777830880439194 
2023-05-11 23:40:41,759 INFO used_ofi_cancel_3: 0.9440664126292869 , std 0.22979343153048548 
2023-05-11 23:40:41,759 INFO used_ofi_cancel_4: 0.9455634186173109 , std 0.22687714735084058 
2023-05-11 23:40:41,759 INFO used_ofi_cancel_5: 0.9153511159499184 , std 0.27835849273761615 
2023-05-11 23:40:41,760 INFO used_ofi_cancel_6: 0.8969787697332607 , std 0.30398660559483 
2023-05-11 23:40:41,760 INFO used_ofi_cancel_7: 0.8063418617310832 , std 0.39516409724459267 
2023-05-11 23:40:41,760 INFO used_ofi_cancel_8: 0.735302123026674 , std 0.4411722009591493 
2023-05-11 23:40:41,760 INFO used_ofi_cancel_9: 0.6219379422972238 , std 0.4849032256320006 
2023-05-11 23:40:41,760 INFO used_ofi_cancel_10: 0.47890582471420795 , std 0.49955483759944935 
2023-05-11 23:40:41,760 INFO used_ofi_trade_1: 0.14330430048992923 , std 0.35038290191021204 
2023-05-11 23:40:41,760 INFO used_ofi_trade_2: 0.738704409363092 , std 0.439340647960802 
2023-05-11 23:40:41,760 INFO used_ofi_trade_3: 0.8848666303756124 , std 0.3191828266422267 
2023-05-11 23:40:41,760 INFO used_ofi_trade_4: 0.8577844311377245 , std 0.3492710993418363 
2023-05-11 23:40:41,760 INFO used_ofi_trade_5: 0.829613500272183 , std 0.37597199422073935 
2023-05-11 23:40:41,760 INFO used_ofi_trade_6: 0.856559608056614 , std 0.35052139150487494 
2023-05-11 23:40:41,760 INFO used_ofi_trade_7: 0.7505443658138269 , std 0.432697955575188 
2023-05-11 23:40:41,760 INFO used_ofi_trade_8: 0.6222101252041372 , std 0.48483469894139086 
2023-05-11 23:40:41,760 INFO used_ofi_trade_9: 0.533886771910724 , std 0.4988503650289038 
2023-05-11 23:40:41,760 INFO used_ofi_trade_10: 0.4595808383233533 , std 0.4983636136089363 
2023-05-11 23:40:41,763 INFO Grouping by ofi type:
2023-05-11 23:40:41,763 INFO add: 8.726183995645075
2023-05-11 23:40:41,763 INFO cancel: 7.873026673924879
2023-05-11 23:40:41,763 INFO trade: 6.677054980947197
2023-05-11 23:40:41,763 INFO Grouping by level:
2023-05-11 23:40:41,763 INFO 1: 1.777490473598258
2023-05-11 23:40:41,763 INFO 2: 2.5296679368535657
2023-05-11 23:40:41,763 INFO 3: 2.775040827436037
2023-05-11 23:40:41,763 INFO 4: 2.7614316820903646
2023-05-11 23:40:41,763 INFO 5: 2.6810016330974413
2023-05-11 23:40:41,763 INFO 6: 2.6961077844311374
2023-05-11 23:40:41,763 INFO 7: 2.442841589548176
2023-05-11 23:40:41,763 INFO 8: 2.145073489384867
2023-05-11 23:40:41,763 INFO 9: 1.834512792596625
2023-05-11 23:40:41,763 INFO 10: 1.633097441480675
2023-05-11 23:40:41,764 INFO Non empty regressions: 1.0 --- 7348 / 7348
