2023-05-11 22:58:02,053 INFO Starting...
2023-05-11 22:58:02,053 INFO Tickers: ['CRM']
2023-05-11 23:41:07,986 INFO Starting...
2023-05-11 23:41:07,986 INFO Tickers: ['CRM']
2023-05-11 23:41:14,695 INFO in_r2: 0.8841311580997024 , std 0.071185100156296 
2023-05-11 23:41:14,696 INFO os_r2: 0.8326601948607923 , std 0.12651080209879567 
2023-05-11 23:41:14,696 INFO intercept: -3.0329377850519984e-07 , std 1.0743451251704701e-05 
2023-05-11 23:41:14,696 INFO ofi_add_1: 7.429904137841822e-05 , std 5.686705251819598e-05 
2023-05-11 23:41:14,696 INFO ofi_add_2: 9.076654064388118e-05 , std 5.916528694758632e-05 
2023-05-11 23:41:14,696 INFO ofi_add_3: 6.83352045636217e-05 , std 5.2080668664796224e-05 
2023-05-11 23:41:14,696 INFO ofi_add_4: 5.5195221816255314e-05 , std 4.792448007284266e-05 
2023-05-11 23:41:14,696 INFO ofi_add_5: 4.484603356198081e-05 , std 4.3945738684682114e-05 
2023-05-11 23:41:14,696 INFO ofi_add_6: 3.8616741533226246e-05 , std 4.193798918770758e-05 
2023-05-11 23:41:14,696 INFO ofi_add_7: 3.355436403766217e-05 , std 3.9577596831460444e-05 
2023-05-11 23:41:14,696 INFO ofi_add_8: 2.935040801461092e-05 , std 3.7433312453894056e-05 
2023-05-11 23:41:14,696 INFO ofi_add_9: 2.5091687801834897e-05 , std 3.388055218675677e-05 
2023-05-11 23:41:14,696 INFO ofi_add_10: 2.5941044739016465e-05 , std 3.572344212867239e-05 
2023-05-11 23:41:14,696 INFO ofi_cancel_1: 7.807121201929839e-05 , std 6.599537411839428e-05 
2023-05-11 23:41:14,696 INFO ofi_cancel_2: 9.751792818458969e-05 , std 6.149017649598858e-05 
2023-05-11 23:41:14,696 INFO ofi_cancel_3: 6.706778782873037e-05 , std 5.392705871708955e-05 
2023-05-11 23:41:14,696 INFO ofi_cancel_4: 5.143548100809501e-05 , std 4.958333321620831e-05 
2023-05-11 23:41:14,696 INFO ofi_cancel_5: 4.179105525071911e-05 , std 4.543143862651265e-05 
2023-05-11 23:41:14,696 INFO ofi_cancel_6: 3.4720480908764315e-05 , std 4.31563533752551e-05 
2023-05-11 23:41:14,696 INFO ofi_cancel_7: 2.6867729741007014e-05 , std 3.824611040237576e-05 
2023-05-11 23:41:14,696 INFO ofi_cancel_8: 2.5228206255731474e-05 , std 3.747458849806366e-05 
2023-05-11 23:41:14,696 INFO ofi_cancel_9: 2.1532797551938178e-05 , std 3.5000154641416504e-05 
2023-05-11 23:41:14,696 INFO ofi_cancel_10: 2.438692113846714e-05 , std 3.7568327617544926e-05 
2023-05-11 23:41:14,696 INFO ofi_trade_1: 4.398114254912482e-05 , std 7.822927024102379e-05 
2023-05-11 23:41:14,696 INFO ofi_trade_2: 5.8939831931627685e-05 , std 8.11418080118336e-05 
2023-05-11 23:41:14,696 INFO ofi_trade_3: 5.345372811853793e-05 , std 7.320007908378659e-05 
2023-05-11 23:41:14,696 INFO ofi_trade_4: 5.180853671909473e-05 , std 7.042835607436778e-05 
2023-05-11 23:41:14,697 INFO ofi_trade_5: 4.9546357014135055e-05 , std 6.771495144995777e-05 
2023-05-11 23:41:14,697 INFO ofi_trade_6: 5.112583773529514e-05 , std 7.10511191240615e-05 
2023-05-11 23:41:14,697 INFO ofi_trade_7: 5.1068526249659334e-05 , std 7.108915460200738e-05 
2023-05-11 23:41:14,697 INFO ofi_trade_8: 5.025204981597814e-05 , std 7.231353213229623e-05 
2023-05-11 23:41:14,697 INFO ofi_trade_9: 5.0541932637601136e-05 , std 7.397073796683376e-05 
2023-05-11 23:41:14,697 INFO ofi_trade_10: 5.224397132191495e-05 , std 7.399852534691025e-05 
2023-05-11 23:41:14,697 INFO used_intercept: 0.9996939087848179 , std 0.017492784894067394 
2023-05-11 23:41:14,697 INFO used_ofi_add_1: 0.9303642485460667 , std 0.25453214644397926 
2023-05-11 23:41:14,697 INFO used_ofi_add_2: 0.9609733700642792 , std 0.19365833855422068 
2023-05-11 23:41:14,697 INFO used_ofi_add_3: 0.9155188246097337 , std 0.27810808401581094 
2023-05-11 23:41:14,697 INFO used_ofi_add_4: 0.8738904193449648 , std 0.3319728216617233 
2023-05-11 23:41:14,697 INFO used_ofi_add_5: 0.8307315580042853 , std 0.3749888485542711 
2023-05-11 23:41:14,697 INFO used_ofi_add_6: 0.8042546678910315 , std 0.3967733573042905 
2023-05-11 23:41:14,697 INFO used_ofi_add_7: 0.7715029078665442 , std 0.419864467441591 
2023-05-11 23:41:14,697 INFO used_ofi_add_8: 0.7335475971839608 , std 0.44210351711968815 
2023-05-11 23:41:14,697 INFO used_ofi_add_9: 0.6940618304254668 , std 0.4608036522988044 
2023-05-11 23:41:14,697 INFO used_ofi_add_10: 0.716865625956535 , std 0.45052114298718576 
2023-05-11 23:41:14,697 INFO used_ofi_cancel_1: 0.869452096724824 , std 0.33690525111020647 
2023-05-11 23:41:14,697 INFO used_ofi_cancel_2: 0.955769819406183 , std 0.20560610817399197 
2023-05-11 23:41:14,697 INFO used_ofi_cancel_3: 0.8898071625344353 , std 0.3131299666861228 
2023-05-11 23:41:14,697 INFO used_ofi_cancel_4: 0.8325681052953781 , std 0.3733610254703112 
2023-05-11 23:41:14,697 INFO used_ofi_cancel_5: 0.7803795531068258 , std 0.41398950010793345 
2023-05-11 23:41:14,697 INFO used_ofi_cancel_6: 0.7220691766146312 , std 0.4479791075459878 
2023-05-11 23:41:14,697 INFO used_ofi_cancel_7: 0.6515151515151515 , std 0.47649046040958754 
2023-05-11 23:41:14,697 INFO used_ofi_cancel_8: 0.6441689623507806 , std 0.4787643577948334 
2023-05-11 23:41:14,697 INFO used_ofi_cancel_9: 0.6114172023262933 , std 0.4874281557581403 
2023-05-11 23:41:14,697 INFO used_ofi_cancel_10: 0.6587082950719314 , std 0.47414309767765334 
2023-05-11 23:41:14,697 INFO used_ofi_trade_1: 0.4660238751147842 , std 0.49884428726586033 
2023-05-11 23:41:14,697 INFO used_ofi_trade_2: 0.6077441077441077 , std 0.4882532204158269 
2023-05-11 23:41:14,697 INFO used_ofi_trade_3: 0.6147842056932966 , std 0.4866462638543103 
2023-05-11 23:41:14,697 INFO used_ofi_trade_4: 0.6212121212121212 , std 0.48508516950248853 
2023-05-11 23:41:14,697 INFO used_ofi_trade_5: 0.6134067952249771 , std 0.48696909429326224 
2023-05-11 23:41:14,697 INFO used_ofi_trade_6: 0.6167737985919804 , std 0.4861726853314567 
2023-05-11 23:41:14,697 INFO used_ofi_trade_7: 0.6086623813896541 , std 0.4880496766423776 
2023-05-11 23:41:14,697 INFO used_ofi_trade_8: 0.5979491888582797 , std 0.4903121010152666 
2023-05-11 23:41:14,698 INFO used_ofi_trade_9: 0.5863177226813591 , std 0.49249289411229474 
2023-05-11 23:41:14,698 INFO used_ofi_trade_10: 0.5964187327823691 , std 0.4906153564337771 
2023-05-11 23:41:14,698 INFO Grouping by ofi type:
2023-05-11 23:41:14,698 INFO add: 8.23171104989287
2023-05-11 23:41:14,698 INFO cancel: 7.615855524946434
2023-05-11 23:41:14,698 INFO trade: 5.929292929292929
2023-05-11 23:41:14,698 INFO Grouping by level:
2023-05-11 23:41:14,698 INFO 1: 2.265840220385675
2023-05-11 23:41:14,698 INFO 2: 2.52448729721457
2023-05-11 23:41:14,698 INFO 3: 2.4201101928374653
2023-05-11 23:41:14,699 INFO 4: 2.327670645852464
2023-05-11 23:41:14,699 INFO 5: 2.2245179063360885
2023-05-11 23:41:14,699 INFO 6: 2.143097643097643
2023-05-11 23:41:14,699 INFO 7: 2.03168044077135
2023-05-11 23:41:14,699 INFO 8: 1.9756657483930211
2023-05-11 23:41:14,699 INFO 9: 1.891796755433119
2023-05-11 23:41:14,699 INFO 10: 1.9719926538108357
2023-05-11 23:41:14,699 INFO Non empty regressions: 0.9993878175696358 --- 6530 / 6534
