2023-05-11 22:58:03,532 INFO Starting...
2023-05-11 22:58:03,532 INFO Tickers: ['CVS']
2023-05-11 23:42:38,901 INFO Starting...
2023-05-11 23:42:38,901 INFO Tickers: ['CVS']
2023-05-11 23:42:45,515 INFO in_r2: 0.9408391144989924 , std 0.07395988725845364 
2023-05-11 23:42:45,516 INFO os_r2: 0.879084411099119 , std 2.1138903542240906 
2023-05-11 23:42:45,516 INFO intercept: -3.566695576036901e-07 , std 9.053697529434755e-06 
2023-05-11 23:42:45,516 INFO ofi_add_1: 6.87409136972001e-05 , std 7.397444816652552e-05 
2023-05-11 23:42:45,516 INFO ofi_add_2: 8.386611500200297e-05 , std 6.097504472401954e-05 
2023-05-11 23:42:45,516 INFO ofi_add_3: 8.654203677234683e-05 , std 5.7842210405143496e-05 
2023-05-11 23:42:45,516 INFO ofi_add_4: 8.207918725497612e-05 , std 5.53475001393866e-05 
2023-05-11 23:42:45,516 INFO ofi_add_5: 7.580160726321552e-05 , std 5.6195519773870334e-05 
2023-05-11 23:42:45,516 INFO ofi_add_6: 7.661742486995682e-05 , std 5.4374418512240534e-05 
2023-05-11 23:42:45,516 INFO ofi_add_7: 6.945727696415933e-05 , std 5.3432799554992526e-05 
2023-05-11 23:42:45,516 INFO ofi_add_8: 5.87332530732333e-05 , std 5.179941192358235e-05 
2023-05-11 23:42:45,516 INFO ofi_add_9: 5.368926700925848e-05 , std 5.3278477351532116e-05 
2023-05-11 23:42:45,516 INFO ofi_add_10: 5.0866599296619035e-05 , std 5.320312374377716e-05 
2023-05-11 23:42:45,516 INFO ofi_cancel_1: 4.7736220241234665e-05 , std 7.227636965902702e-05 
2023-05-11 23:42:45,516 INFO ofi_cancel_2: 7.933638905930254e-05 , std 6.69182176531873e-05 
2023-05-11 23:42:45,516 INFO ofi_cancel_3: 8.537059737226837e-05 , std 6.145711030139724e-05 
2023-05-11 23:42:45,516 INFO ofi_cancel_4: 8.388722975316401e-05 , std 6.167607319006596e-05 
2023-05-11 23:42:45,516 INFO ofi_cancel_5: 7.70797448593925e-05 , std 6.320866428703038e-05 
2023-05-11 23:42:45,516 INFO ofi_cancel_6: 7.338850069478447e-05 , std 6.118957229081745e-05 
2023-05-11 23:42:45,516 INFO ofi_cancel_7: 6.182757442911085e-05 , std 5.7995418630277724e-05 
2023-05-11 23:42:45,516 INFO ofi_cancel_8: 5.4771651019942736e-05 , std 5.710014885036832e-05 
2023-05-11 23:42:45,516 INFO ofi_cancel_9: 5.0184404578200104e-05 , std 5.817762713518063e-05 
2023-05-11 23:42:45,516 INFO ofi_cancel_10: 4.793833502346043e-05 , std 5.816080643780341e-05 
2023-05-11 23:42:45,516 INFO ofi_trade_1: 3.726251329321901e-05 , std 8.355212871461608e-05 
2023-05-11 23:42:45,516 INFO ofi_trade_2: 6.765096631695587e-05 , std 7.207972815384573e-05 
2023-05-11 23:42:45,516 INFO ofi_trade_3: 7.886955658773131e-05 , std 7.277701312414332e-05 
2023-05-11 23:42:45,516 INFO ofi_trade_4: 8.121078940182463e-05 , std 7.300077209648986e-05 
2023-05-11 23:42:45,516 INFO ofi_trade_5: 7.889658608418436e-05 , std 7.259069234100333e-05 
2023-05-11 23:42:45,516 INFO ofi_trade_6: 7.892357637274649e-05 , std 7.119396526153916e-05 
2023-05-11 23:42:45,517 INFO ofi_trade_7: 7.34849670593172e-05 , std 7.398792989355096e-05 
2023-05-11 23:42:45,517 INFO ofi_trade_8: 6.802483932511798e-05 , std 7.647771058743478e-05 
2023-05-11 23:42:45,517 INFO ofi_trade_9: 6.260203403976239e-05 , std 7.613943735485631e-05 
2023-05-11 23:42:45,517 INFO ofi_trade_10: 6.227253455405245e-05 , std 7.648256005295679e-05 
2023-05-11 23:42:45,517 INFO used_intercept: 0.9996955396559598 , std 0.017446135616207267 
2023-05-11 23:42:45,517 INFO used_ofi_add_1: 0.9503729639214492 , std 0.21717318749930664 
2023-05-11 23:42:45,517 INFO used_ofi_add_2: 0.9529608768457908 , std 0.21172256385915109 
2023-05-11 23:42:45,517 INFO used_ofi_add_3: 0.9496118130613488 , std 0.21874464006161795 
2023-05-11 23:42:45,517 INFO used_ofi_add_4: 0.9448926777287259 , std 0.22818962575753543 
2023-05-11 23:42:45,517 INFO used_ofi_add_5: 0.9251027553661135 , std 0.2632254687148229 
2023-05-11 23:42:45,517 INFO used_ofi_add_6: 0.9232759933018724 , std 0.2661530264609314 
2023-05-11 23:42:45,517 INFO used_ofi_add_7: 0.8888719744253311 , std 0.3142906099560479 
2023-05-11 23:42:45,517 INFO used_ofi_add_8: 0.8170193332318465 , std 0.386650672257576 
2023-05-11 23:42:45,517 INFO used_ofi_add_9: 0.7800274014309636 , std 0.41422778087402823 
2023-05-11 23:42:45,517 INFO used_ofi_add_10: 0.7506469782310854 , std 0.4326385238321084 
2023-05-11 23:42:45,517 INFO used_ofi_cancel_1: 0.6684426853402344 , std 0.47077283455544755 
2023-05-11 23:42:45,517 INFO used_ofi_cancel_2: 0.8853706804688689 , std 0.3185740708767129 
2023-05-11 23:42:45,517 INFO used_ofi_cancel_3: 0.9170345562490486 , std 0.27582998186230434 
2023-05-11 23:42:45,517 INFO used_ofi_cancel_4: 0.9167300959050084 , std 0.27628975219324103 
2023-05-11 23:42:45,517 INFO used_ofi_cancel_5: 0.8908509666615924 , std 0.31182610836762664 
2023-05-11 23:42:45,517 INFO used_ofi_cancel_6: 0.857969249505252 , std 0.34908167584198213 
2023-05-11 23:42:45,517 INFO used_ofi_cancel_7: 0.7788095600548028 , std 0.4150484661121485 
2023-05-11 23:42:45,517 INFO used_ofi_cancel_8: 0.7313137463845334 , std 0.44327638188104695 
2023-05-11 23:42:45,517 INFO used_ofi_cancel_9: 0.6851880042624449 , std 0.4644409575794244 
2023-05-11 23:42:45,517 INFO used_ofi_cancel_10: 0.6405845638605572 , std 0.47982911583618704 
2023-05-11 23:42:45,517 INFO used_ofi_trade_1: 0.3352108387882478 , std 0.4720641188939561 
2023-05-11 23:42:45,517 INFO used_ofi_trade_2: 0.7227888567514081 , std 0.4476216318582029 
2023-05-11 23:42:45,517 INFO used_ofi_trade_3: 0.801644085857817 , std 0.3987616399141245 
2023-05-11 23:42:45,517 INFO used_ofi_trade_4: 0.8174760237479068 , std 0.3862757749914153 
2023-05-11 23:42:45,517 INFO used_ofi_trade_5: 0.8144314203075049 , std 0.3887581277907964 
2023-05-11 23:42:45,517 INFO used_ofi_trade_6: 0.7996650936215558 , std 0.40025096085429224 
2023-05-11 23:42:45,517 INFO used_ofi_trade_7: 0.7494291368549246 , std 0.43334178853164773 
2023-05-11 23:42:45,517 INFO used_ofi_trade_8: 0.691886131831329 , std 0.4617138858761017 
2023-05-11 23:42:45,518 INFO used_ofi_trade_9: 0.6398234130004566 , std 0.4800514692998072 
2023-05-11 23:42:45,518 INFO used_ofi_trade_10: 0.6054193941239153 , std 0.48876042325718905 
2023-05-11 23:42:45,518 INFO Grouping by ofi type:
2023-05-11 23:42:45,518 INFO add: 8.882782767544526
2023-05-11 23:42:45,518 INFO cancel: 7.972294108692342
2023-05-11 23:42:45,518 INFO trade: 6.977774394885067
2023-05-11 23:42:45,518 INFO Grouping by level:
2023-05-11 23:42:45,518 INFO 1: 1.9540264880499314
2023-05-11 23:42:45,518 INFO 2: 2.561120414066068
2023-05-11 23:42:45,518 INFO 3: 2.6682904551682145
2023-05-11 23:42:45,518 INFO 4: 2.6790987973816414
2023-05-11 23:42:45,518 INFO 5: 2.6303851423352107
2023-05-11 23:42:45,518 INFO 6: 2.5809103364286803
2023-05-11 23:42:45,518 INFO 7: 2.4171106713350587
2023-05-11 23:42:45,518 INFO 8: 2.240219211447709
2023-05-11 23:42:45,518 INFO 9: 2.105038818693865
2023-05-11 23:42:45,518 INFO 10: 1.9966509362155578
2023-05-11 23:42:45,519 INFO Non empty regressions: 0.9996955396559598 --- 6567 / 6569
