2023-05-11 22:58:03,540 INFO Starting...
2023-05-11 22:58:03,540 INFO Tickers: ['DHR']
2023-05-11 23:42:45,523 INFO Starting...
2023-05-11 23:42:45,523 INFO Tickers: ['DHR']
2023-05-11 23:42:51,841 INFO in_r2: 0.8816936507421163 , std 0.07631296985237579 
2023-05-11 23:42:51,841 INFO os_r2: 0.8360308854198468 , std 0.20483247213021835 
2023-05-11 23:42:51,841 INFO intercept: -5.11202559915144e-07 , std 7.686655296711022e-06 
2023-05-11 23:42:51,841 INFO ofi_add_1: 7.328496635309903e-05 , std 6.378440983840994e-05 
2023-05-11 23:42:51,841 INFO ofi_add_2: 8.571647087831506e-05 , std 6.499542519564043e-05 
2023-05-11 23:42:51,841 INFO ofi_add_3: 6.835986298206615e-05 , std 5.407720061077818e-05 
2023-05-11 23:42:51,841 INFO ofi_add_4: 5.8845194677117597e-05 , std 5.3020193082752685e-05 
2023-05-11 23:42:51,841 INFO ofi_add_5: 4.954593998399987e-05 , std 4.952354662730367e-05 
2023-05-11 23:42:51,841 INFO ofi_add_6: 4.487839911200708e-05 , std 4.704745247342393e-05 
2023-05-11 23:42:51,841 INFO ofi_add_7: 3.7658772023378336e-05 , std 4.2859665470975516e-05 
2023-05-11 23:42:51,841 INFO ofi_add_8: 3.059415139452823e-05 , std 4.156947314215667e-05 
2023-05-11 23:42:51,841 INFO ofi_add_9: 2.5246896235838824e-05 , std 3.782945171323618e-05 
2023-05-11 23:42:51,841 INFO ofi_add_10: 2.2434143363591813e-05 , std 3.74363335823315e-05 
2023-05-11 23:42:51,841 INFO ofi_cancel_1: 6.959709573171556e-05 , std 7.592087474982605e-05 
2023-05-11 23:42:51,842 INFO ofi_cancel_2: 9.221933349717057e-05 , std 7.17748277837607e-05 
2023-05-11 23:42:51,842 INFO ofi_cancel_3: 6.668654148316575e-05 , std 5.6661529078275784e-05 
2023-05-11 23:42:51,842 INFO ofi_cancel_4: 5.593852341506289e-05 , std 5.606698478956765e-05 
2023-05-11 23:42:51,842 INFO ofi_cancel_5: 4.637768004688315e-05 , std 5.366020277692034e-05 
2023-05-11 23:42:51,842 INFO ofi_cancel_6: 3.897043329628993e-05 , std 4.992681240195615e-05 
2023-05-11 23:42:51,842 INFO ofi_cancel_7: 2.901257087953611e-05 , std 4.389377659300151e-05 
2023-05-11 23:42:51,842 INFO ofi_cancel_8: 2.6121393346443998e-05 , std 4.2641177733691575e-05 
2023-05-11 23:42:51,842 INFO ofi_cancel_9: 2.2113859967646817e-05 , std 3.9816472008285836e-05 
2023-05-11 23:42:51,842 INFO ofi_cancel_10: 2.2184506997446826e-05 , std 3.9315831756849504e-05 
2023-05-11 23:42:51,842 INFO ofi_trade_1: 4.264053830512685e-05 , std 9.197273949458724e-05 
2023-05-11 23:42:51,842 INFO ofi_trade_2: 5.336192946239707e-05 , std 8.765602791249499e-05 
2023-05-11 23:42:51,842 INFO ofi_trade_3: 5.566145613353536e-05 , std 8.0700858761693e-05 
2023-05-11 23:42:51,842 INFO ofi_trade_4: 5.856788723883542e-05 , std 8.106117341167701e-05 
2023-05-11 23:42:51,842 INFO ofi_trade_5: 5.834760617527887e-05 , std 8.083496735371363e-05 
2023-05-11 23:42:51,842 INFO ofi_trade_6: 6.0797582423767866e-05 , std 8.848362302794557e-05 
2023-05-11 23:42:51,842 INFO ofi_trade_7: 5.2300813906220474e-05 , std 8.256863241342518e-05 
2023-05-11 23:42:51,842 INFO ofi_trade_8: 4.87269691393194e-05 , std 8.883054527212213e-05 
2023-05-11 23:42:51,842 INFO ofi_trade_9: 4.7991526960452286e-05 , std 8.59822829957692e-05 
2023-05-11 23:42:51,842 INFO ofi_trade_10: 4.500839352451678e-05 , std 8.907022903555375e-05 
2023-05-11 23:42:51,842 INFO used_intercept: 0.9997642621404997 , std 0.01535194734103247 
2023-05-11 23:42:51,842 INFO used_ofi_add_1: 0.9151343705799151 , std 0.278681636214548 
2023-05-11 23:42:51,842 INFO used_ofi_add_2: 0.9292786421499293 , std 0.25635882546523137 
2023-05-11 23:42:51,842 INFO used_ofi_add_3: 0.9012258368694013 , std 0.29835855581573095 
2023-05-11 23:42:51,842 INFO used_ofi_add_4: 0.8611504007543611 , std 0.34578951406160996 
2023-05-11 23:42:51,842 INFO used_ofi_add_5: 0.8267326732673267 , std 0.3784782163078694 
2023-05-11 23:42:51,842 INFO used_ofi_add_6: 0.7972654408297972 , std 0.402036388512615 
2023-05-11 23:42:51,843 INFO used_ofi_add_7: 0.7421027817067422 , std 0.43747713436230884 
2023-05-11 23:42:51,843 INFO used_ofi_add_8: 0.6661951909476662 , std 0.4715709474786045 
2023-05-11 23:42:51,843 INFO used_ofi_add_9: 0.6155115511551155 , std 0.48647413245694693 
2023-05-11 23:42:51,843 INFO used_ofi_add_10: 0.6206977840641207 , std 0.48521340142458025 
2023-05-11 23:42:51,843 INFO used_ofi_cancel_1: 0.7404526166902404 , std 0.43838628984813877 
2023-05-11 23:42:51,843 INFO used_ofi_cancel_2: 0.9042904290429042 , std 0.2941925372682053 
2023-05-11 23:42:51,843 INFO used_ofi_cancel_3: 0.8701084394153701 , std 0.33618409104762725 
2023-05-11 23:42:51,843 INFO used_ofi_cancel_4: 0.8116454502593117 , std 0.3909950298055858 
2023-05-11 23:42:51,843 INFO used_ofi_cancel_5: 0.7534181989627534 , std 0.43102113223654626 
2023-05-11 23:42:51,843 INFO used_ofi_cancel_6: 0.6937765205091938 , std 0.460923703121623 
2023-05-11 23:42:51,843 INFO used_ofi_cancel_7: 0.6131541725601132 , std 0.48702785673125115 
2023-05-11 23:42:51,843 INFO used_ofi_cancel_8: 0.5702498821310702 , std 0.4950403559918835 
2023-05-11 23:42:51,843 INFO used_ofi_cancel_9: 0.5443187175860443 , std 0.49803197816157196 
2023-05-11 23:42:51,843 INFO used_ofi_cancel_10: 0.5407826496935407 , std 0.49833399992773314 
2023-05-11 23:42:51,843 INFO used_ofi_trade_1: 0.35596416784535595 , std 0.4788044267292431 
2023-05-11 23:42:51,843 INFO used_ofi_trade_2: 0.4884488448844885 , std 0.4998665530073975 
2023-05-11 23:42:51,843 INFO used_ofi_trade_3: 0.5792079207920792 , std 0.4936862417404355 
2023-05-11 23:42:51,843 INFO used_ofi_trade_4: 0.6023102310231023 , std 0.48942069493228363 
2023-05-11 23:42:51,843 INFO used_ofi_trade_5: 0.6006600660066007 , std 0.4897627498203051 
2023-05-11 23:42:51,843 INFO used_ofi_trade_6: 0.5862800565770863 , std 0.4924994942505573 
2023-05-11 23:42:51,843 INFO used_ofi_trade_7: 0.5221593587930221 , std 0.4995087214632815 
2023-05-11 23:42:51,843 INFO used_ofi_trade_8: 0.4757190004714757 , std 0.49941008506226203 
2023-05-11 23:42:51,843 INFO used_ofi_trade_9: 0.4417727487034418 , std 0.49659801369563245 
2023-05-11 23:42:51,843 INFO used_ofi_trade_10: 0.4045261669024045 , std 0.4908001092029753 
2023-05-11 23:42:51,844 INFO Grouping by ofi type:
2023-05-11 23:42:51,844 INFO add: 7.875294672324375
2023-05-11 23:42:51,844 INFO cancel: 7.042197076850543
2023-05-11 23:42:51,844 INFO trade: 5.057048561999057
2023-05-11 23:42:51,844 INFO Grouping by level:
2023-05-11 23:42:51,844 INFO 1: 2.0115511551155114
2023-05-11 23:42:51,844 INFO 2: 2.322017916077322
2023-05-11 23:42:51,844 INFO 3: 2.3505421970768507
2023-05-11 23:42:51,844 INFO 4: 2.275106082036775
2023-05-11 23:42:51,844 INFO 5: 2.180810938236681
2023-05-11 23:42:51,844 INFO 6: 2.077322017916077
2023-05-11 23:42:51,845 INFO 7: 1.8774163130598773
2023-05-11 23:42:51,845 INFO 8: 1.7121640735502122
2023-05-11 23:42:51,845 INFO 9: 1.6016030174446017
2023-05-11 23:42:51,845 INFO 10: 1.566006600660066
2023-05-11 23:42:51,845 INFO Non empty regressions: 0.9995285242809995 --- 4240 / 4242
