2023-05-11 22:58:03,973 INFO Starting...
2023-05-11 22:58:03,973 INFO Tickers: ['FIS']
2023-05-11 23:43:12,019 INFO Starting...
2023-05-11 23:43:12,019 INFO Tickers: ['FIS']
2023-05-11 23:43:15,571 INFO in_r2: 0.8457812671641224 , std 0.10711266477515857 
2023-05-11 23:43:15,571 INFO os_r2: 0.7700213105294986 , std 0.20703260401833026 
2023-05-11 23:43:15,571 INFO intercept: 3.9075938995853286e-07 , std 1.0956059500850383e-05 
2023-05-11 23:43:15,572 INFO ofi_add_1: 9.297764891107147e-05 , std 7.893807584609715e-05 
2023-05-11 23:43:15,572 INFO ofi_add_2: 0.00010001478753338533 , std 8.205772874885957e-05 
2023-05-11 23:43:15,572 INFO ofi_add_3: 7.175410580090896e-05 , std 6.115484277713307e-05 
2023-05-11 23:43:15,572 INFO ofi_add_4: 5.5502143029023234e-05 , std 6.068451067946781e-05 
2023-05-11 23:43:15,572 INFO ofi_add_5: 4.433960556001641e-05 , std 5.624114696509445e-05 
2023-05-11 23:43:15,572 INFO ofi_add_6: 4.064792877425426e-05 , std 5.183410142387802e-05 
2023-05-11 23:43:15,572 INFO ofi_add_7: 3.647167904073182e-05 , std 5.6904774230907e-05 
2023-05-11 23:43:15,572 INFO ofi_add_8: 3.436245295280049e-05 , std 5.62596435078087e-05 
2023-05-11 23:43:15,572 INFO ofi_add_9: 2.865762557981113e-05 , std 5.1124658657365655e-05 
2023-05-11 23:43:15,572 INFO ofi_add_10: 2.7786914936147805e-05 , std 5.691067742083549e-05 
2023-05-11 23:43:15,572 INFO ofi_cancel_1: 0.00010024278417157973 , std 9.795134265267351e-05 
2023-05-11 23:43:15,572 INFO ofi_cancel_2: 0.00010192991811616365 , std 8.634437308759475e-05 
2023-05-11 23:43:15,572 INFO ofi_cancel_3: 6.607859155487868e-05 , std 6.31141521554166e-05 
2023-05-11 23:43:15,572 INFO ofi_cancel_4: 5.1538261202627426e-05 , std 6.183401764249309e-05 
2023-05-11 23:43:15,572 INFO ofi_cancel_5: 3.988445295987489e-05 , std 5.560274710700954e-05 
2023-05-11 23:43:15,572 INFO ofi_cancel_6: 3.639667264134607e-05 , std 5.690916344371095e-05 
2023-05-11 23:43:15,572 INFO ofi_cancel_7: 3.481043288027512e-05 , std 6.190578061360575e-05 
2023-05-11 23:43:15,572 INFO ofi_cancel_8: 3.1642937590316075e-05 , std 5.756275591838962e-05 
2023-05-11 23:43:15,572 INFO ofi_cancel_9: 2.9112094405757038e-05 , std 5.133175406123938e-05 
2023-05-11 23:43:15,572 INFO ofi_cancel_10: 3.188777168859386e-05 , std 6.0875950289470136e-05 
2023-05-11 23:43:15,572 INFO ofi_trade_1: 7.79139858434316e-05 , std 0.0001419235692349285 
2023-05-11 23:43:15,572 INFO ofi_trade_2: 6.619742714489713e-05 , std 0.00011990349584969889 
2023-05-11 23:43:15,572 INFO ofi_trade_3: 5.723081091353677e-05 , std 0.00011098660821516206 
2023-05-11 23:43:15,572 INFO ofi_trade_4: 5.703264073623109e-05 , std 0.00011039769534251013 
2023-05-11 23:43:15,572 INFO ofi_trade_5: 5.2103571069855947e-05 , std 0.00011946887328385745 
2023-05-11 23:43:15,573 INFO ofi_trade_6: 5.7189286901904534e-05 , std 0.00012323324082079006 
2023-05-11 23:43:15,573 INFO ofi_trade_7: 7.131906145511853e-05 , std 0.00016055648932902398 
2023-05-11 23:43:15,573 INFO ofi_trade_8: 7.668114440585725e-05 , std 0.0001492304705674383 
2023-05-11 23:43:15,573 INFO ofi_trade_9: 7.503999171217752e-05 , std 0.00014720696736687718 
2023-05-11 23:43:15,573 INFO ofi_trade_10: 8.749126562534033e-05 , std 0.0001674139135214913 
2023-05-11 23:43:15,573 INFO used_intercept: 1.0 , std 0.0 
2023-05-11 23:43:15,573 INFO used_ofi_add_1: 0.9610843900306077 , std 0.19339386047675441 
2023-05-11 23:43:15,573 INFO used_ofi_add_2: 0.9623961521644075 , std 0.1902361649727782 
2023-05-11 23:43:15,573 INFO used_ofi_add_3: 0.9134236991692173 , std 0.2812131664151601 
2023-05-11 23:43:15,573 INFO used_ofi_add_4: 0.8666375163970267 , std 0.3399660741459653 
2023-05-11 23:43:15,573 INFO used_ofi_add_5: 0.8032356799300393 , std 0.3975526662184103 
2023-05-11 23:43:15,573 INFO used_ofi_add_6: 0.7739396589418452 , std 0.4182786908973794 
2023-05-11 23:43:15,573 INFO used_ofi_add_7: 0.7284652383034543 , std 0.44475120560482556 
2023-05-11 23:43:15,573 INFO used_ofi_add_8: 0.7114123305640577 , std 0.4531057564029325 
2023-05-11 23:43:15,573 INFO used_ofi_add_9: 0.6410144293834718 , std 0.4797029609098258 
2023-05-11 23:43:15,573 INFO used_ofi_add_10: 0.6720594665500655 , std 0.46946303365707814 
2023-05-11 23:43:15,573 INFO used_ofi_cancel_1: 0.8885002186270223 , std 0.3147500280011995 
2023-05-11 23:43:15,573 INFO used_ofi_cancel_2: 0.939658941845212 , std 0.23811764918953077 
2023-05-11 23:43:15,573 INFO used_ofi_cancel_3: 0.8705728027984259 , std 0.3356721582528389 
2023-05-11 23:43:15,573 INFO used_ofi_cancel_4: 0.8067337122868387 , std 0.3948600128485219 
2023-05-11 23:43:15,573 INFO used_ofi_cancel_5: 0.7472671622212506 , std 0.4345790497562552 
2023-05-11 23:43:15,573 INFO used_ofi_cancel_6: 0.70004372540446 , std 0.4582384836810468 
2023-05-11 23:43:15,573 INFO used_ofi_cancel_7: 0.6659379099256668 , std 0.471661541838532 
2023-05-11 23:43:15,573 INFO used_ofi_cancel_8: 0.6523830345430696 , std 0.47621361885549396 
2023-05-11 23:43:15,574 INFO used_ofi_cancel_9: 0.6252732837778749 , std 0.48405227442034393 
2023-05-11 23:43:15,574 INFO used_ofi_cancel_10: 0.6471359860078706 , std 0.477860860106257 
2023-05-11 23:43:15,574 INFO used_ofi_trade_1: 0.5483165719282903 , std 0.49766003343356635 
2023-05-11 23:43:15,574 INFO used_ofi_trade_2: 0.5426322693484915 , std 0.4981791742036169 
2023-05-11 23:43:15,574 INFO used_ofi_trade_3: 0.5426322693484915 , std 0.49817917420361696 
2023-05-11 23:43:15,574 INFO used_ofi_trade_4: 0.5592479230432882 , std 0.4964772740167032 
2023-05-11 23:43:15,574 INFO used_ofi_trade_5: 0.5588106689986883 , std 0.4965292591700178 
2023-05-11 23:43:15,574 INFO used_ofi_trade_6: 0.5478793178836904 , std 0.4977022914544321 
2023-05-11 23:43:15,574 INFO used_ofi_trade_7: 0.5605596851770879 , std 0.49631897458313234 
2023-05-11 23:43:15,574 INFO used_ofi_trade_8: 0.5588106689986883 , std 0.4965292591700178 
2023-05-11 23:43:15,574 INFO used_ofi_trade_9: 0.5535636204634893 , std 0.49712265947434264 
2023-05-11 23:43:15,574 INFO used_ofi_trade_10: 0.5763008307826848 , std 0.49414388918803004 
2023-05-11 23:43:15,574 INFO Grouping by ofi type:
2023-05-11 23:43:15,574 INFO add: 8.033668561434194
2023-05-11 23:43:15,574 INFO cancel: 7.543506777437691
2023-05-11 23:43:15,574 INFO trade: 5.548753825972891
2023-05-11 23:43:15,575 INFO Grouping by level:
2023-05-11 23:43:15,575 INFO 1: 2.3979011805859205
2023-05-11 23:43:15,575 INFO 2: 2.4446873633581108
2023-05-11 23:43:15,575 INFO 3: 2.326628771316135
2023-05-11 23:43:15,575 INFO 4: 2.2326191517271536
2023-05-11 23:43:15,575 INFO 5: 2.109313511149978
2023-05-11 23:43:15,575 INFO 6: 2.0218627022299955
2023-05-11 23:43:15,575 INFO 7: 1.954962833406209
2023-05-11 23:43:15,575 INFO 8: 1.9226060341058155
2023-05-11 23:43:15,575 INFO 9: 1.8198513336248359
2023-05-11 23:43:15,575 INFO 10: 1.8954962833406208
2023-05-11 23:43:15,575 INFO Non empty regressions: 1.0 --- 2287 / 2287
