2023-05-11 22:58:03,995 INFO Starting...
2023-05-11 22:58:03,995 INFO Tickers: ['GILD']
2023-05-11 22:58:12,827 INFO Negative OS: -0.9622896313164768 --- ticker GILD --- day 2017-02-24 --- time 46800
2023-05-11 23:43:15,578 INFO Starting...
2023-05-11 23:43:15,578 INFO Tickers: ['GILD']
2023-05-11 23:43:19,737 INFO in_r2: 0.9632587538923173 , std 0.03554802458850991 
2023-05-11 23:43:19,738 INFO os_r2: 0.9344842119223031 , std 0.08872963524078252 
2023-05-11 23:43:19,738 INFO intercept: -1.791056108178288e-07 , std 4.9667203264749005e-06 
2023-05-11 23:43:19,738 INFO ofi_add_1: 4.579873885762956e-05 , std 4.082559747120152e-05 
2023-05-11 23:43:19,738 INFO ofi_add_2: 6.804371169097383e-05 , std 4.7299253042626914e-05 
2023-05-11 23:43:19,738 INFO ofi_add_3: 8.166331415380905e-05 , std 4.992147537653464e-05 
2023-05-11 23:43:19,738 INFO ofi_add_4: 7.673293062970916e-05 , std 4.8718214243884417e-05 
2023-05-11 23:43:19,738 INFO ofi_add_5: 6.357439678421854e-05 , std 4.403826934469872e-05 
2023-05-11 23:43:19,738 INFO ofi_add_6: 8.052050677244949e-05 , std 5.221914571960021e-05 
2023-05-11 23:43:19,738 INFO ofi_add_7: 7.044505695526706e-05 , std 5.1663646487067055e-05 
2023-05-11 23:43:19,738 INFO ofi_add_8: 6.122616410571532e-05 , std 5.153865123176437e-05 
2023-05-11 23:43:19,738 INFO ofi_add_9: 5.418524007841979e-05 , std 4.9034098416553504e-05 
2023-05-11 23:43:19,738 INFO ofi_add_10: 5.225753505072668e-05 , std 4.933268046130502e-05 
2023-05-11 23:43:19,738 INFO ofi_cancel_1: 3.15720611316426e-05 , std 4.3192977956492794e-05 
2023-05-11 23:43:19,738 INFO ofi_cancel_2: 6.13103207979094e-05 , std 5.10365057901565e-05 
2023-05-11 23:43:19,738 INFO ofi_cancel_3: 8.44572495963968e-05 , std 5.431971629372067e-05 
2023-05-11 23:43:19,738 INFO ofi_cancel_4: 7.944639118978763e-05 , std 5.458453578476581e-05 
2023-05-11 23:43:19,738 INFO ofi_cancel_5: 6.453415475453608e-05 , std 4.9185473105680525e-05 
2023-05-11 23:43:19,738 INFO ofi_cancel_6: 7.315687170772079e-05 , std 5.675750097303873e-05 
2023-05-11 23:43:19,738 INFO ofi_cancel_7: 6.125428084170482e-05 , std 5.6352768800281193e-05 
2023-05-11 23:43:19,738 INFO ofi_cancel_8: 5.807001197812315e-05 , std 5.810813976354745e-05 
2023-05-11 23:43:19,738 INFO ofi_cancel_9: 5.046099629171813e-05 , std 5.428453240408201e-05 
2023-05-11 23:43:19,738 INFO ofi_cancel_10: 5.0156623568653885e-05 , std 5.5626318589907947e-05 
2023-05-11 23:43:19,738 INFO ofi_trade_1: 2.3440958947550144e-05 , std 4.99275738318686e-05 
2023-05-11 23:43:19,738 INFO ofi_trade_2: 6.500115655539167e-05 , std 5.879904707295645e-05 
2023-05-11 23:43:19,738 INFO ofi_trade_3: 8.163277434932996e-05 , std 6.420612778728214e-05 
2023-05-11 23:43:19,738 INFO ofi_trade_4: 7.603901007391674e-05 , std 6.062010301861804e-05 
2023-05-11 23:43:19,739 INFO ofi_trade_5: 6.531100807556448e-05 , std 5.6342808897029386e-05 
2023-05-11 23:43:19,739 INFO ofi_trade_6: 7.52148624014173e-05 , std 6.190963477046755e-05 
2023-05-11 23:43:19,739 INFO ofi_trade_7: 7.076689681447588e-05 , std 6.248979951699859e-05 
2023-05-11 23:43:19,739 INFO ofi_trade_8: 6.349184404170688e-05 , std 6.260366144842633e-05 
2023-05-11 23:43:19,739 INFO ofi_trade_9: 5.7044955864297895e-05 , std 6.050301504689119e-05 
2023-05-11 23:43:19,739 INFO ofi_trade_10: 5.81863529433018e-05 , std 6.12371028686521e-05 
2023-05-11 23:43:19,739 INFO used_intercept: 0.9997253501785224 , std 0.016570286326831482 
2023-05-11 23:43:19,739 INFO used_ofi_add_1: 0.8909640208733864 , std 0.3116843505576022 
2023-05-11 23:43:19,739 INFO used_ofi_add_2: 0.9364185663279319 , std 0.24400580928386215 
2023-05-11 23:43:19,739 INFO used_ofi_add_3: 0.9555067289206262 , std 0.20618831176386107 
2023-05-11 23:43:19,739 INFO used_ofi_add_4: 0.9589398516890965 , std 0.19842936408603995 
2023-05-11 23:43:19,739 INFO used_ofi_add_5: 0.9401263389178797 , std 0.2372526201978467 
2023-05-11 23:43:19,739 INFO used_ofi_add_6: 0.9478165339192529 , std 0.22239683439416705 
2023-05-11 23:43:19,739 INFO used_ofi_add_7: 0.9016753639110134 , std 0.29775308903008024 
2023-05-11 23:43:19,739 INFO used_ofi_add_8: 0.8382312551496841 , std 0.36823853415940766 
2023-05-11 23:43:19,739 INFO used_ofi_add_9: 0.7977204064817358 , std 0.40169958870323735 
2023-05-11 23:43:19,739 INFO used_ofi_add_10: 0.7673716012084593 , std 0.4225073098388058 
2023-05-11 23:43:19,739 INFO used_ofi_cancel_1: 0.5937929140346059 , std 0.491124107814814 
2023-05-11 23:43:19,739 INFO used_ofi_cancel_2: 0.8343861576489975 , std 0.3717336379354709 
2023-05-11 23:43:19,739 INFO used_ofi_cancel_3: 0.9414995880252678 , std 0.23468726802602402 
2023-05-11 23:43:19,739 INFO used_ofi_cancel_4: 0.936281241417193 , std 0.24425126076946438 
2023-05-11 23:43:19,739 INFO used_ofi_cancel_5: 0.8981049162318044 , std 0.3025102901920329 
2023-05-11 23:43:19,739 INFO used_ofi_cancel_6: 0.863361713814886 , std 0.3434650854650424 
2023-05-11 23:43:19,739 INFO used_ofi_cancel_7: 0.7647624279044218 , std 0.4241472112016721 
2023-05-11 23:43:19,739 INFO used_ofi_cancel_8: 0.733177698434496 , std 0.4422987236617253 
2023-05-11 23:43:19,739 INFO used_ofi_cancel_9: 0.67742378467454 , std 0.4674620846996711 
2023-05-11 23:43:19,739 INFO used_ofi_cancel_10: 0.6432298819005767 , std 0.4790461365367086 
2023-05-11 23:43:19,739 INFO used_ofi_trade_1: 0.31419939577039274 , std 0.4641962251762856 
2023-05-11 23:43:19,739 INFO used_ofi_trade_2: 0.78110409228234 , std 0.41349787097652846 
2023-05-11 23:43:19,739 INFO used_ofi_trade_3: 0.8751716561384235 , std 0.3305241722330645 
2023-05-11 23:43:19,739 INFO used_ofi_trade_4: 0.8772315297995056 , std 0.3281712554827505 
2023-05-11 23:43:19,739 INFO used_ofi_trade_5: 0.8383685800604229 , std 0.3681123524522006 
2023-05-11 23:43:19,739 INFO used_ofi_trade_6: 0.8389178797033782 , std 0.3676066795059177 
2023-05-11 23:43:19,740 INFO used_ofi_trade_7: 0.7885196374622356 , std 0.408358199132404 
2023-05-11 23:43:19,740 INFO used_ofi_trade_8: 0.7285086514693766 , std 0.4447289019207622 
2023-05-11 23:43:19,740 INFO used_ofi_trade_9: 0.6789343586926668 , std 0.4668859553244711 
2023-05-11 23:43:19,740 INFO used_ofi_trade_10: 0.6549024993133754 , std 0.4754000585890474 
2023-05-11 23:43:19,742 INFO Grouping by ofi type:
2023-05-11 23:43:19,742 INFO add: 8.934770667399066
2023-05-11 23:43:19,742 INFO cancel: 7.886020324086787
2023-05-11 23:43:19,742 INFO trade: 7.375858280692118
2023-05-11 23:43:19,743 INFO Grouping by level:
2023-05-11 23:43:19,743 INFO 1: 1.7989563306783851
2023-05-11 23:43:19,743 INFO 2: 2.551908816259269
2023-05-11 23:43:19,743 INFO 3: 2.7721779730843172
2023-05-11 23:43:19,743 INFO 4: 2.7724526229057953
2023-05-11 23:43:19,743 INFO 5: 2.676599835210107
2023-05-11 23:43:19,743 INFO 6: 2.650096127437517
2023-05-11 23:43:19,743 INFO 7: 2.4549574292776706
2023-05-11 23:43:19,743 INFO 8: 2.2999176050535564
2023-05-11 23:43:19,743 INFO 9: 2.1540785498489425
2023-05-11 23:43:19,743 INFO 10: 2.0655039824224115
2023-05-11 23:43:19,743 INFO Non empty regressions: 1.0 --- 7282 / 7282
