2023-05-11 22:58:02,085 INFO Starting...
2023-05-11 22:58:02,085 INFO Tickers: ['GOOGL']
2023-05-11 23:39:08,687 INFO Starting...
2023-05-11 23:39:08,687 INFO Tickers: ['GOOGL']
2023-05-11 23:39:13,182 INFO in_r2: 0.7522297128780764 , std 0.11787368990995907 
2023-05-11 23:39:13,182 INFO os_r2: 0.6028863257383605 , std 0.3679406385965946 
2023-05-11 23:39:13,182 INFO intercept: 9.927546211986903e-07 , std 1.1761917256225125e-05 
2023-05-11 23:39:13,182 INFO ofi_add_1: 1.547743156148108e-05 , std 2.114966399807475e-05 
2023-05-11 23:39:13,182 INFO ofi_add_2: 2.7647010936243872e-05 , std 2.585318508290888e-05 
2023-05-11 23:39:13,182 INFO ofi_add_3: 2.7799545206909515e-05 , std 2.6768097437439538e-05 
2023-05-11 23:39:13,182 INFO ofi_add_4: 2.381927590049476e-05 , std 2.460303154012372e-05 
2023-05-11 23:39:13,182 INFO ofi_add_5: 2.0332608796220787e-05 , std 2.329925056691109e-05 
2023-05-11 23:39:13,182 INFO ofi_add_6: 1.820250978054979e-05 , std 2.2755898334341754e-05 
2023-05-11 23:39:13,182 INFO ofi_add_7: 1.6317784909625132e-05 , std 2.1598739196809878e-05 
2023-05-11 23:39:13,182 INFO ofi_add_8: 1.5192108307658663e-05 , std 2.0899408787919518e-05 
2023-05-11 23:39:13,182 INFO ofi_add_9: 1.541448644155911e-05 , std 2.1958916581652773e-05 
2023-05-11 23:39:13,182 INFO ofi_add_10: 2.1730935910027626e-05 , std 2.6513028506961703e-05 
2023-05-11 23:39:13,182 INFO ofi_cancel_1: 1.7169141709987364e-05 , std 2.4844933475901525e-05 
2023-05-11 23:39:13,182 INFO ofi_cancel_2: 2.7426997266659614e-05 , std 2.747127170966532e-05 
2023-05-11 23:39:13,182 INFO ofi_cancel_3: 2.6985315687867655e-05 , std 2.7682031585682265e-05 
2023-05-11 23:39:13,182 INFO ofi_cancel_4: 2.2792640226965065e-05 , std 2.5277162799842433e-05 
2023-05-11 23:39:13,182 INFO ofi_cancel_5: 1.9564685854216032e-05 , std 2.366437235012766e-05 
2023-05-11 23:39:13,182 INFO ofi_cancel_6: 1.799213656356253e-05 , std 2.305629354110716e-05 
2023-05-11 23:39:13,183 INFO ofi_cancel_7: 1.6198419696391637e-05 , std 2.1803887924053915e-05 
2023-05-11 23:39:13,183 INFO ofi_cancel_8: 1.4925075367959175e-05 , std 2.126951141115655e-05 
2023-05-11 23:39:13,183 INFO ofi_cancel_9: 1.5296607092934464e-05 , std 2.2148139459469718e-05 
2023-05-11 23:39:13,183 INFO ofi_cancel_10: 2.1574865352114364e-05 , std 2.6946182651135755e-05 
2023-05-11 23:39:13,183 INFO ofi_trade_1: 5.5771160084978434e-05 , std 5.70643553287332e-05 
2023-05-11 23:39:13,183 INFO ofi_trade_2: 2.7362729035004972e-05 , std 4.411498555427884e-05 
2023-05-11 23:39:13,183 INFO ofi_trade_3: 2.1883892416617692e-05 , std 4.2756387303760564e-05 
2023-05-11 23:39:13,183 INFO ofi_trade_4: 2.0754433912600337e-05 , std 4.059050514255118e-05 
2023-05-11 23:39:13,183 INFO ofi_trade_5: 2.0809301899714182e-05 , std 4.286580763441236e-05 
2023-05-11 23:39:13,183 INFO ofi_trade_6: 2.2574997225534172e-05 , std 4.470861493696976e-05 
2023-05-11 23:39:13,183 INFO ofi_trade_7: 2.4988621466577583e-05 , std 4.725949169733764e-05 
2023-05-11 23:39:13,183 INFO ofi_trade_8: 2.7182247972220264e-05 , std 4.788822731791499e-05 
2023-05-11 23:39:13,183 INFO ofi_trade_9: 3.0760459571194e-05 , std 4.99755421237497e-05 
2023-05-11 23:39:13,183 INFO ofi_trade_10: 4.362047831442796e-05 , std 5.7080300692959175e-05 
2023-05-11 23:39:13,183 INFO used_intercept: 0.9998479087452471 , std 0.012331590449049116 
2023-05-11 23:39:13,183 INFO used_ofi_add_1: 0.8101901140684411 , std 0.39215060006865665 
2023-05-11 23:39:13,183 INFO used_ofi_add_2: 0.8757414448669202 , std 0.3298762898562417 
2023-05-11 23:39:13,183 INFO used_ofi_add_3: 0.8754372623574145 , std 0.3302224432614627 
2023-05-11 23:39:13,183 INFO used_ofi_add_4: 0.8520152091254752 , std 0.3550849089222856 
2023-05-11 23:39:13,183 INFO used_ofi_add_5: 0.8001520912547528 , std 0.3998858863668466 
2023-05-11 23:39:13,183 INFO used_ofi_add_6: 0.7785551330798479 , std 0.41521926476846927 
2023-05-11 23:39:13,183 INFO used_ofi_add_7: 0.7616730038022814 , std 0.4260601355220777 
2023-05-11 23:39:13,183 INFO used_ofi_add_8: 0.7554372623574145 , std 0.42982764568993165 
2023-05-11 23:39:13,183 INFO used_ofi_add_9: 0.7472243346007604 , std 0.4346034150593058 
2023-05-11 23:39:13,183 INFO used_ofi_add_10: 0.8288973384030418 , std 0.376598646826293 
2023-05-11 23:39:13,183 INFO used_ofi_cancel_1: 0.7190874524714829 , std 0.4494448666628152 
2023-05-11 23:39:13,183 INFO used_ofi_cancel_2: 0.8249429657794677 , std 0.3800158799187788 
2023-05-11 23:39:13,183 INFO used_ofi_cancel_3: 0.8299619771863118 , std 0.375666199718979 
2023-05-11 23:39:13,183 INFO used_ofi_cancel_4: 0.7875285171102662 , std 0.4090566609265413 
2023-05-11 23:39:13,183 INFO used_ofi_cancel_5: 0.7595437262357414 , std 0.42736056693577434 
2023-05-11 23:39:13,183 INFO used_ofi_cancel_6: 0.7505703422053231 , std 0.4326829134679427 
2023-05-11 23:39:13,184 INFO used_ofi_cancel_7: 0.7463117870722433 , std 0.4351212515486665 
2023-05-11 23:39:13,184 INFO used_ofi_cancel_8: 0.7289733840304182 , std 0.4444898079885057 
2023-05-11 23:39:13,184 INFO used_ofi_cancel_9: 0.7314068441064638 , std 0.4432277885023532 
2023-05-11 23:39:13,184 INFO used_ofi_cancel_10: 0.8089733840304183 , std 0.39310996929713155 
2023-05-11 23:39:13,184 INFO used_ofi_trade_1: 0.7885931558935361 , std 0.4083062458148407 
2023-05-11 23:39:13,184 INFO used_ofi_trade_2: 0.5560456273764258 , std 0.4968489585900154 
2023-05-11 23:39:13,184 INFO used_ofi_trade_3: 0.4705703422053232 , std 0.499133143802421 
2023-05-11 23:39:13,184 INFO used_ofi_trade_4: 0.44258555133079847 , std 0.4966926424701816 
2023-05-11 23:39:13,184 INFO used_ofi_trade_5: 0.43102661596958175 , std 0.4952198221955503 
2023-05-11 23:39:13,184 INFO used_ofi_trade_6: 0.45688212927756655 , std 0.4981373798706171 
2023-05-11 23:39:13,184 INFO used_ofi_trade_7: 0.4704182509505703 , std 0.49912415301523577 
2023-05-11 23:39:13,184 INFO used_ofi_trade_8: 0.49049429657794674 , std 0.49990963343633615 
2023-05-11 23:39:13,184 INFO used_ofi_trade_9: 0.5338403041825095 , std 0.4988535193950577 
2023-05-11 23:39:13,184 INFO used_ofi_trade_10: 0.6506463878326996 , std 0.4767658396246105 
2023-05-11 23:39:13,186 INFO Grouping by ofi type:
2023-05-11 23:39:13,186 INFO add: 8.08532319391635
2023-05-11 23:39:13,186 INFO cancel: 7.6873003802281366
2023-05-11 23:39:13,186 INFO trade: 5.291102661596959
2023-05-11 23:39:13,186 INFO Grouping by level:
2023-05-11 23:39:13,186 INFO 1: 2.31787072243346
2023-05-11 23:39:13,186 INFO 2: 2.2567300380228135
2023-05-11 23:39:13,186 INFO 3: 2.1759695817490496
2023-05-11 23:39:13,186 INFO 4: 2.08212927756654
2023-05-11 23:39:13,187 INFO 5: 1.990722433460076
2023-05-11 23:39:13,187 INFO 6: 1.9860076045627375
2023-05-11 23:39:13,187 INFO 7: 1.978403041825095
2023-05-11 23:39:13,187 INFO 8: 1.9749049429657792
2023-05-11 23:39:13,187 INFO 9: 2.0124714828897337
2023-05-11 23:39:13,187 INFO 10: 2.2885171102661594
2023-05-11 23:39:13,187 INFO Non empty regressions: 0.9977186311787072 --- 6560 / 6575
