2023-05-11 22:58:00,893 INFO Experiment: individual_price_impact
2023-05-11 23:35:29,739 INFO Experiment: individual_price_impact
2023-05-11 23:38:38,150 INFO Experiment: individual_price_impact
2023-05-11 23:38:43,519 INFO AAPL --- INS : 0.9482153173064156 --- OOS : 0.916875592115802
2023-05-11 23:38:47,412 INFO MSFT --- INS : 0.9716311806720254 --- OOS : 0.9485630475802758
2023-05-11 23:38:51,915 INFO AMZN --- INS : 0.7874502817286051 --- OOS : 0.6667941374543959
2023-05-11 23:38:56,154 INFO FB --- INS : 0.9500086023140099 --- OOS : 0.9227322664786205
2023-05-11 23:39:00,045 INFO BRK.B --- INS : 0.8526172685090732 --- OOS : 0.8055431503418664
2023-05-11 23:39:03,982 INFO JPM --- INS : 0.9666308342849628 --- OOS : 0.9517770566995135
2023-05-11 23:39:08,683 INFO GOOG --- INS : 0.7323385675204458 --- OOS : 0.5697689065041868
2023-05-11 23:39:13,187 INFO GOOGL --- INS : 0.7522297128780764 --- OOS : 0.6028863257383605
2023-05-11 23:39:17,196 INFO JNJ --- INS : 0.8995760768890764 --- OOS : 0.8625139682994373
2023-05-11 23:39:21,342 INFO V --- INS : 0.9212071194957504 --- OOS : 0.8870998546408496
2023-05-11 23:39:25,093 INFO PG --- INS : 0.9487390345713088 --- OOS : 0.924412957352894
2023-05-11 23:39:28,835 INFO XOM --- INS : 0.9618805419696932 --- OOS : 0.9386709279142749
2023-05-11 23:39:32,015 INFO BAC --- INS : 0.9798589759267086 --- OOS : 0.9300651279636014
2023-05-11 23:39:35,189 INFO T --- INS : 0.9730022920283398 --- OOS : 0.915181854900706
2023-05-11 23:39:38,609 INFO UNH --- INS : 0.8653079790670137 --- OOS : 0.735286930339293
2023-05-11 23:39:45,257 INFO DIS --- INS : 0.9240029781321453 --- OOS : 0.8951247796255021
2023-05-11 23:39:48,960 INFO MA --- INS : 0.828739686213962 --- OOS : 0.7323036069372607
2023-05-11 23:39:52,487 INFO INTC --- INS : 0.9866470547755544 --- OOS : 0.9646376276972922
2023-05-11 23:39:55,981 INFO VZ --- INS : 0.9793193046546409 --- OOS : 0.9520379700051743
2023-05-11 23:40:00,286 INFO HD --- INS : 0.8756100209078812 --- OOS : 0.8252792215985195
2023-05-11 23:40:04,263 INFO MRK --- INS : 0.9713403662079299 --- OOS : 0.9527533595652099
2023-05-11 23:40:11,153 INFO CVX --- INS : 0.9199024492952741 --- OOS : 0.8926169255388342
2023-05-11 23:40:14,770 INFO WFC --- INS : 0.9871433659073463 --- OOS : 0.9719963337059688
2023-05-11 23:40:18,015 INFO PFE --- INS : 0.9729455299754969 --- OOS : 0.9196532357432339
2023-05-11 23:40:21,284 INFO KO --- INS : 0.965191660933468 --- OOS : 0.91771945668964
2023-05-11 23:40:24,811 INFO CMCSA --- INS : 0.982726947420666 --- OOS : 0.9591347534023328
2023-05-11 23:40:30,402 INFO CSCO --- INS : 0.9809276646642934 --- OOS : 0.9412491906558508
2023-05-11 23:40:34,140 INFO PEP --- INS : 0.9187583955236209 --- OOS : 0.8814853917388779
2023-05-11 23:40:37,749 INFO BA --- INS : 0.8424738773158088 --- OOS : 0.7440470616759998
2023-05-11 23:40:41,764 INFO C --- INS : 0.9745931859300967 --- OOS : 0.9568946107479869
2023-05-11 23:40:45,766 INFO WMT --- INS : 0.9434498293821394 --- OOS : 0.9133738463912724
2023-05-11 23:40:49,909 INFO ADBE --- INS : 0.8710873456308118 --- OOS : 0.8049295920371499
2023-05-11 23:40:53,618 INFO MDT --- INS : 0.9184768056681878 --- OOS : 0.8776575878139218
2023-05-11 23:40:57,185 INFO ABT --- INS : 0.9559211823989443 --- OOS : 0.9204604683845108
2023-05-11 23:41:00,667 INFO MCD --- INS : 0.8619806600475379 --- OOS : 0.7957965068345821
2023-05-11 23:41:04,142 INFO BMY --- INS : 0.9771496857407781 --- OOS : 0.9600006921268553
2023-05-11 23:41:07,982 INFO AMGN --- INS : 0.8678769824763055 --- OOS : 0.7745923633290901
2023-05-11 23:41:14,699 INFO CRM --- INS : 0.8841311580997024 --- OOS : 0.8326601948607923
2023-05-11 23:41:19,322 INFO NVDA --- INS : 0.9216234688237606 --- OOS : 0.8718221073984304
2023-05-11 23:41:23,223 INFO PM --- INS : 0.9029476470645955 --- OOS : 0.8647789039308602
2023-05-11 23:41:27,957 INFO NFLX --- INS : 0.8729595882646661 --- OOS : 0.8005716469393632
2023-05-11 23:41:31,666 INFO ABBV --- INS : 0.9169073777357133 --- OOS : 0.8618947028477376
2023-05-11 23:41:34,923 INFO ACN --- INS : 0.8290744853318748 --- OOS : 0.7509485383943718
2023-05-11 23:41:40,960 INFO COST --- INS : 0.845538172747393 --- OOS : 0.7487106927647912
2023-05-11 23:41:45,091 INFO PYPL --- INS : 0.9621292624428409 --- OOS : 0.937068154087923
2023-05-11 23:41:47,871 INFO TMO --- INS : 0.7188760961494314 --- OOS : 0.5443035428432728
2023-05-11 23:41:51,617 INFO AVGO --- INS : 0.8407360149366528 --- OOS : 0.709959028131923
2023-05-11 23:41:55,268 INFO HON --- INS : 0.8577340328838426 --- OOS : 0.8014149161633388
2023-05-11 23:41:59,095 INFO UNP --- INS : 0.8747039243922315 --- OOS : 0.8248634419504303
2023-05-11 23:42:02,958 INFO NKE --- INS : 0.9564798403301042 --- OOS : 0.9296972530785157
2023-05-11 23:42:06,447 INFO UTX --- INS : 0.8920947404302645 --- OOS : 0.847589914270813
2023-05-11 23:42:09,856 INFO ORCL --- INS : 0.9782194672476715 --- OOS : 0.9423064829182561
2023-05-11 23:42:13,778 INFO IBM --- INS : 0.8862615705254734 --- OOS : -0.2025789525774072
2023-05-11 23:42:17,941 INFO TXN --- INS : 0.9363145033523037 --- OOS : 0.9073412092438367
2023-05-11 23:42:20,546 INFO NEE --- INS : 0.8154870151731869 --- OOS : 0.7185871678389985
2023-05-11 23:42:21,594 INFO LIN --- INS : 0.7697222418038465 --- OOS : 0.5987729187165056
2023-05-11 23:42:25,190 INFO SBUX --- INS : 0.9752106163033168 --- OOS : 0.945849454547034
2023-05-11 23:42:28,596 INFO LLY --- INS : 0.903905797628246 --- OOS : 0.8595010787534351
2023-05-11 23:42:32,412 INFO QCOM --- INS : 0.9774628307500587 --- OOS : 0.9461018676645572
2023-05-11 23:42:35,468 INFO MMM --- INS : 0.8525435857259634 --- OOS : 0.7845419099733613
2023-05-11 23:42:38,898 INFO GE --- INS : 0.9602779384937491 --- OOS : 0.8713241263182676
2023-05-11 23:42:45,519 INFO CVS --- INS : 0.9408391144989924 --- OOS : 0.879084411099119
2023-05-11 23:42:51,845 INFO DHR --- INS : 0.8816936507421163 --- OOS : 0.8360308854198468
2023-05-11 23:42:54,059 INFO LMT --- INS : 0.6847263088603509 --- OOS : 0.2773613348108141
2023-05-11 23:42:56,234 INFO AMT --- INS : 0.766268366086764 --- OOS : 0.6436361335938026
2023-05-11 23:42:59,721 INFO MO --- INS : 0.9704127938970193 --- OOS : 0.9483934923875299
2023-05-11 23:43:03,771 INFO LOW --- INS : 0.9059419212447052 --- OOS : 0.8571124057124596
2023-05-11 23:43:07,182 INFO USB --- INS : 0.9897119359480943 --- OOS : 0.9801237207460779
2023-05-11 23:43:08,222 INFO BKNG --- INS : 0.6327193236542823 --- OOS : 0.26718597062192273
2023-05-11 23:43:12,015 INFO AXP --- INS : 0.9198186289088386 --- OOS : 0.8898846309175613
2023-05-11 23:43:15,575 INFO FIS --- INS : 0.8457812671641224 --- OOS : 0.7700213105294986
2023-05-11 23:43:19,743 INFO GILD --- INS : 0.9632587538923173 --- OOS : 0.9344842119223031
2023-05-11 23:43:23,056 INFO UPS --- INS : 0.8740691478688034 --- OOS : 0.815154358051569
2023-05-11 23:43:27,086 INFO CAT --- INS : 0.9051675434093929 --- OOS : 0.8645427643122137
2023-05-11 23:43:30,391 INFO MDLZ --- INS : 0.9795169715028037 --- OOS : 0.9526548749038943
2023-05-11 23:43:32,779 INFO CHTR --- INS : 0.732853819185495 --- OOS : 0.5116725160948472
2023-05-11 23:43:33,058 INFO TFC --- INS : 0.9690522018996682 --- OOS : 0.9415054077429552
2023-05-11 23:43:35,052 INFO ANTM --- INS : 0.7020359396218169 --- OOS : 0.4074526549158475
2023-05-11 23:43:39,037 INFO GS --- INS : 0.873615090814449 --- OOS : 0.824158751228894
2023-05-11 23:43:41,395 INFO CI --- INS : 0.7560727576366265 --- OOS : 0.6146796064338856
2023-05-11 23:43:45,039 INFO TJX --- INS : 0.9455140195543543 --- OOS : 0.9217033616684899
2023-05-11 23:43:48,437 INFO ADP --- INS : 0.8704877078986636 --- OOS : 0.8060115454383886
2023-05-11 23:43:50,318 INFO BDX --- INS : 0.7083200236931558 --- OOS : 0.5435425022597451
2023-05-11 23:43:52,978 INFO CME --- INS : 0.8297659035923406 --- OOS : 0.7189659127810327
2023-05-11 23:43:55,325 INFO CB --- INS : 0.8104061356701372 --- OOS : 0.697772396851758
2023-05-11 23:43:58,812 INFO PNC --- INS : 0.8624184292898103 --- OOS : 0.8120023398364898
2023-05-11 23:44:01,565 INFO COP --- INS : 0.9632302254456393 --- OOS : 0.9463234460309814
2023-05-11 23:44:04,386 INFO INTU --- INS : 0.8307208283266585 --- OOS : 0.7260608674126722
2023-05-11 23:44:06,593 INFO ISRG --- INS : 0.7000439109825352 --- OOS : 0.4803615586729215
2023-05-11 23:44:14,943 INFO D --- INS : 0.9334024822458371 --- OOS : 0.9077409440701785
2023-05-11 23:44:17,242 INFO SPGI --- INS : 0.7628346544869106 --- OOS : 0.6148921672445292
2023-05-11 23:44:21,017 INFO FISV --- INS : 0.9120396791202986 --- OOS : 0.8617265062067393
2023-05-11 23:44:27,902 INFO DUK --- INS : 0.9289680813639098 --- OOS : 0.9021654626780246
2023-05-11 23:44:29,650 INFO SYK --- INS : 0.7023151655699844 --- OOS : 0.5265622246704363
2023-05-11 23:44:32,954 INFO SO --- INS : 0.9842162390626 --- OOS : 0.9675550209683675
2023-05-11 23:44:36,885 INFO TGT --- INS : 0.9317170287389824 --- OOS : 0.8967410445882972
2023-05-11 23:44:40,583 INFO MS --- INS : 0.9873904792431497 --- OOS : 0.9744233845079876
2023-05-11 23:44:43,482 INFO BSX --- INS : 0.9829698233937013 --- OOS : 0.9619534005908899
2023-05-11 23:44:45,428 INFO AGN --- INS : 0.810670165130062 --- OOS : 0.7299459594027699
2023-05-11 23:44:47,618 INFO RTN --- INS : 0.7692215377240815 --- OOS : 0.6440420122256928
2023-05-11 23:44:47,959 INFO in_r2: 0.9165509406854896 , std 0.09310965884947857 
2023-05-11 23:44:47,959 INFO os_r2: 0.8539201710463478 , std 8.619357028372706 
2023-05-11 23:44:47,959 INFO intercept: 7.618292798202365e-08 , std 7.952700885071104e-06 
2023-05-11 23:44:47,959 INFO ofi_add_1: 5.4542208710353024e-05 , std 5.5929733803889234e-05 
2023-05-11 23:44:47,959 INFO ofi_add_2: 9.577374640246834e-05 , std 0.00012173992046473822 
2023-05-11 23:44:47,959 INFO ofi_add_3: 7.175046676636365e-05 , std 7.763094735888954e-05 
2023-05-11 23:44:47,959 INFO ofi_add_4: 6.94831326125359e-05 , std 8.28517606000131e-05 
2023-05-11 23:44:47,959 INFO ofi_add_5: 6.681792554026229e-05 , std 8.101187492774306e-05 
2023-05-11 23:44:47,959 INFO ofi_add_6: 6.393124021585046e-05 , std 8.07690420166255e-05 
2023-05-11 23:44:47,959 INFO ofi_add_7: 5.0220777547762725e-05 , std 6.675802970298267e-05 
2023-05-11 23:44:47,959 INFO ofi_add_8: 4.119950269625468e-05 , std 6.017779511902573e-05 
2023-05-11 23:44:47,959 INFO ofi_add_9: 3.497099811682228e-05 , std 5.5034573825028064e-05 
2023-05-11 23:44:47,959 INFO ofi_add_10: 3.3891534243828854e-05 , std 5.4050299786225696e-05 
2023-05-11 23:44:47,959 INFO ofi_cancel_1: 4.3597689301291064e-05 , std 6.316795486144724e-05 
2023-05-11 23:44:47,959 INFO ofi_cancel_2: 6.851633161787389e-05 , std 6.85010916341907e-05 
2023-05-11 23:44:47,959 INFO ofi_cancel_3: 6.982572138375464e-05 , std 7.330385812787021e-05 
2023-05-11 23:44:47,959 INFO ofi_cancel_4: 6.663850382755668e-05 , std 9.137644971107716e-05 
2023-05-11 23:44:47,959 INFO ofi_cancel_5: 6.231661484462719e-05 , std 8.696426909517352e-05 
2023-05-11 23:44:47,959 INFO ofi_cancel_6: 5.690805134730393e-05 , std 8.416900050918311e-05 
2023-05-11 23:44:47,959 INFO ofi_cancel_7: 4.25006688078838e-05 , std 7.097418587526778e-05 
2023-05-11 23:44:47,959 INFO ofi_cancel_8: 3.751473342892776e-05 , std 6.646533584890517e-05 
2023-05-11 23:44:47,959 INFO ofi_cancel_9: 3.079169069413856e-05 , std 5.6023277738999655e-05 
2023-05-11 23:44:47,959 INFO ofi_cancel_10: 2.96036193268966e-05 , std 5.62886445732245e-05 
2023-05-11 23:44:47,959 INFO ofi_trade_1: 2.878760791953952e-05 , std 7.369793289755129e-05 
2023-05-11 23:44:47,959 INFO ofi_trade_2: 7.710577203343919e-05 , std 0.0001264802088019227 
2023-05-11 23:44:47,959 INFO ofi_trade_3: 7.749178101880061e-05 , std 0.00011041969074954209 
2023-05-11 23:44:47,959 INFO ofi_trade_4: 7.134285894007497e-05 , std 0.00010071289427442294 
2023-05-11 23:44:47,959 INFO ofi_trade_5: 6.960814241428573e-05 , std 9.563219349653895e-05 
2023-05-11 23:44:47,959 INFO ofi_trade_6: 6.357064007348623e-05 , std 9.219484740585774e-05 
2023-05-11 23:44:47,959 INFO ofi_trade_7: 5.34713246218926e-05 , std 8.396227926837541e-05 
2023-05-11 23:44:47,959 INFO ofi_trade_8: 4.8506043526559675e-05 , std 8.161802396275965e-05 
2023-05-11 23:44:47,959 INFO ofi_trade_9: 4.48384526256407e-05 , std 7.95288156691244e-05 
2023-05-11 23:44:47,959 INFO ofi_trade_10: 4.6180273888895974e-05 , std 8.145324000278995e-05 
2023-05-11 23:44:47,959 INFO used_intercept: 0.9996583488461425 , std 0.01848065010616743 
2023-05-11 23:44:47,959 INFO used_ofi_add_1: 0.9081623230801051 , std 0.2887966724494101 
2023-05-11 23:44:47,960 INFO used_ofi_add_2: 0.9347076943533374 , std 0.24704092873450206 
2023-05-11 23:44:47,960 INFO used_ofi_add_3: 0.8987789203084833 , std 0.30162124049476413 
2023-05-11 23:44:47,960 INFO used_ofi_add_4: 0.8804774990396832 , std 0.324402331564537 
2023-05-11 23:44:47,960 INFO used_ofi_add_5: 0.8517400200927814 , std 0.355357507680828 
2023-05-11 23:44:47,960 INFO used_ofi_add_6: 0.8188842596696511 , std 0.38511404666012716 
2023-05-11 23:44:47,960 INFO used_ofi_add_7: 0.759361241615696 , std 0.42747133979667523 
2023-05-11 23:44:47,960 INFO used_ofi_add_8: 0.6921944715303017 , std 0.4615856205658795 
2023-05-11 23:44:47,960 INFO used_ofi_add_9: 0.6437150961794167 , std 0.4789007946643448 
2023-05-11 23:44:47,960 INFO used_ofi_add_10: 0.633698253700913 , std 0.48179329276913596 
2023-05-11 23:44:47,960 INFO used_ofi_cancel_1: 0.6684635670596578 , std 0.4707653625464986 
2023-05-11 23:44:47,960 INFO used_ofi_cancel_2: 0.8260681677156281 , std 0.3790508541113885 
2023-05-11 23:44:47,960 INFO used_ofi_cancel_3: 0.8669721212658452 , std 0.339604861881637 
2023-05-11 23:44:47,960 INFO used_ofi_cancel_4: 0.8341292881836717 , std 0.3719645396780087 
2023-05-11 23:44:47,960 INFO used_ofi_cancel_5: 0.7829074697869575 , std 0.4122661319326895 
2023-05-11 23:44:47,960 INFO used_ofi_cancel_6: 0.7256707443193571 , std 0.44617565504893625 
2023-05-11 23:44:47,960 INFO used_ofi_cancel_7: 0.6343224595928257 , std 0.48161963918525347 
2023-05-11 23:44:47,960 INFO used_ofi_cancel_8: 0.5906963773897114 , std 0.4917053661781444 
2023-05-11 23:44:47,960 INFO used_ofi_cancel_9: 0.5424921697249062 , std 0.49819114355041444 
2023-05-11 23:44:47,960 INFO used_ofi_cancel_10: 0.522371686907189 , std 0.49949925688125574 
2023-05-11 23:44:47,960 INFO used_ofi_trade_1: 0.3087252164406229 , std 0.461967484975202 
2023-05-11 23:44:47,960 INFO used_ofi_trade_2: 0.6528861212067488 , std 0.4760523437000971 
2023-05-11 23:44:47,960 INFO used_ofi_trade_3: 0.7200214963212481 , std 0.4489883530299633 
2023-05-11 23:44:47,960 INFO used_ofi_trade_4: 0.7151792837514405 , std 0.45132901063882097 
2023-05-11 23:44:47,960 INFO used_ofi_trade_5: 0.6967781372809739 , std 0.4596502634484507 
2023-05-11 23:44:47,960 INFO used_ofi_trade_6: 0.656766170256774 , std 0.4747887613065669 
2023-05-11 23:44:47,960 INFO used_ofi_trade_7: 0.5930159117099548 , std 0.49127185973630316 
2023-05-11 23:44:47,960 INFO used_ofi_trade_8: 0.5494323050556984 , std 0.49755044690652267 
2023-05-11 23:44:47,960 INFO used_ofi_trade_9: 0.5128922524598883 , std 0.4998337621915015 
2023-05-11 23:44:47,960 INFO used_ofi_trade_10: 0.49932408474426027 , std 0.4999995431383583 
2023-05-11 23:44:47,960 INFO Grouping by ofi type:
2023-05-11 23:44:47,960 INFO add: 8.021719779570368
2023-05-11 23:44:47,960 INFO cancel: 6.994094051945751
2023-05-11 23:44:47,960 INFO trade: 5.9050209792276105
2023-05-11 23:44:47,960 INFO Grouping by level:
2023-05-11 23:44:47,960 INFO 1: 1.8853511065803858
2023-05-11 23:44:47,960 INFO 2: 2.4136619832757145
2023-05-11 23:44:47,960 INFO 3: 2.485772537895577
2023-05-11 23:44:47,960 INFO 4: 2.4297860709747954
2023-05-11 23:44:47,960 INFO 5: 2.3314256271607126
2023-05-11 23:44:47,960 INFO 6: 2.2013211742457823
2023-05-11 23:44:47,960 INFO 7: 1.9866996129184766
2023-05-11 23:44:47,960 INFO 8: 1.8323231539757114
2023-05-11 23:44:47,960 INFO 9: 1.6990995183642115
2023-05-11 23:44:47,960 INFO 10: 1.6553940253523622
2023-05-11 23:44:47,971 INFO Non empty regressions: 0.9994792128357415 --- 541206 / 541488
