2023-05-11 22:58:02,056 INFO Starting...
2023-05-11 22:58:02,056 INFO Tickers: ['MA']
2023-05-11 23:39:45,262 INFO Starting...
2023-05-11 23:39:45,262 INFO Tickers: ['MA']
2023-05-11 23:39:48,955 INFO in_r2: 0.828739686213962 , std 0.10388513447580007 
2023-05-11 23:39:48,955 INFO os_r2: 0.7323036069372607 , std 0.663737701390291 
2023-05-11 23:39:48,955 INFO intercept: -5.820402789148237e-08 , std 1.1542867388856225e-05 
2023-05-11 23:39:48,955 INFO ofi_add_1: 7.603839287307497e-05 , std 6.248146628258864e-05 
2023-05-11 23:39:48,955 INFO ofi_add_2: 7.741232215883186e-05 , std 5.9107914997006936e-05 
2023-05-11 23:39:48,955 INFO ofi_add_3: 5.713751961199184e-05 , std 4.9758276124197306e-05 
2023-05-11 23:39:48,955 INFO ofi_add_4: 4.2098873078831036e-05 , std 4.290004923128752e-05 
2023-05-11 23:39:48,955 INFO ofi_add_5: 3.30465861486014e-05 , std 4.005285089867773e-05 
2023-05-11 23:39:48,955 INFO ofi_add_6: 2.765149527767082e-05 , std 3.6819165052563625e-05 
2023-05-11 23:39:48,955 INFO ofi_add_7: 2.2960390891207996e-05 , std 3.3230403712235495e-05 
2023-05-11 23:39:48,955 INFO ofi_add_8: 2.0812155490924566e-05 , std 3.2090234540315906e-05 
2023-05-11 23:39:48,956 INFO ofi_add_9: 1.7623801174630514e-05 , std 3.0369523515448548e-05 
2023-05-11 23:39:48,956 INFO ofi_add_10: 1.8432667737801134e-05 , std 3.151995890164815e-05 
2023-05-11 23:39:48,956 INFO ofi_cancel_1: 8.099070152280526e-05 , std 7.218828505531454e-05 
2023-05-11 23:39:48,956 INFO ofi_cancel_2: 8.302423383332938e-05 , std 6.125768472367626e-05 
2023-05-11 23:39:48,956 INFO ofi_cancel_3: 5.481599698099774e-05 , std 5.003207538548512e-05 
2023-05-11 23:39:48,956 INFO ofi_cancel_4: 3.8768983300184697e-05 , std 4.27878790918247e-05 
2023-05-11 23:39:48,956 INFO ofi_cancel_5: 2.9595871241829875e-05 , std 4.195137691270333e-05 
2023-05-11 23:39:48,956 INFO ofi_cancel_6: 2.3593582259558652e-05 , std 3.802416543811286e-05 
2023-05-11 23:39:48,956 INFO ofi_cancel_7: 1.9060775442141448e-05 , std 3.293322543306302e-05 
2023-05-11 23:39:48,956 INFO ofi_cancel_8: 1.6532106835635286e-05 , std 3.2340574841719586e-05 
2023-05-11 23:39:48,956 INFO ofi_cancel_9: 1.383765736643838e-05 , std 3.0438603164819986e-05 
2023-05-11 23:39:48,956 INFO ofi_cancel_10: 1.601392852771321e-05 , std 3.298230171144906e-05 
2023-05-11 23:39:48,956 INFO ofi_trade_1: 5.311044149825744e-05 , std 9.455945613801514e-05 
2023-05-11 23:39:48,956 INFO ofi_trade_2: 5.387257025839579e-05 , std 8.564807614594513e-05 
2023-05-11 23:39:48,956 INFO ofi_trade_3: 4.471825314549981e-05 , std 7.610512226895847e-05 
2023-05-11 23:39:48,956 INFO ofi_trade_4: 4.054857439530117e-05 , std 6.681770473600746e-05 
2023-05-11 23:39:48,956 INFO ofi_trade_5: 3.915432662401372e-05 , std 7.0005017795122e-05 
2023-05-11 23:39:48,956 INFO ofi_trade_6: 3.6987425715856213e-05 , std 6.712138489941027e-05 
2023-05-11 23:39:48,956 INFO ofi_trade_7: 3.855622194193694e-05 , std 7.18298749236954e-05 
2023-05-11 23:39:48,956 INFO ofi_trade_8: 4.1607254223110584e-05 , std 8.302591705797711e-05 
2023-05-11 23:39:48,956 INFO ofi_trade_9: 4.3831231423631236e-05 , std 8.753332932250831e-05 
2023-05-11 23:39:48,956 INFO ofi_trade_10: 4.528424050959208e-05 , std 8.763542700496846e-05 
2023-05-11 23:39:48,956 INFO used_intercept: 0.999621427219383 , std 0.019453263563393403 
2023-05-11 23:39:48,956 INFO used_ofi_add_1: 0.9195532841188718 , std 0.2719835321946334 
2023-05-11 23:39:48,956 INFO used_ofi_add_2: 0.9346961953435547 , std 0.24706116196973987 
2023-05-11 23:39:48,957 INFO used_ofi_add_3: 0.8911603255725913 , std 0.31143795481274333 
2023-05-11 23:39:48,957 INFO used_ofi_add_4: 0.8372137043346584 , std 0.36917058063840574 
2023-05-11 23:39:48,957 INFO used_ofi_add_5: 0.7779670641680864 , std 0.415613175005046 
2023-05-11 23:39:48,957 INFO used_ofi_add_6: 0.7484383872799546 , std 0.43391055267847006 
2023-05-11 23:39:48,957 INFO used_ofi_add_7: 0.7081203861442362 , std 0.45462721527771954 
2023-05-11 23:39:48,957 INFO used_ofi_add_8: 0.6706416808631459 , std 0.46998023017165336 
2023-05-11 23:39:48,957 INFO used_ofi_add_9: 0.655120196857846 , std 0.47532906972620886 
2023-05-11 23:39:48,957 INFO used_ofi_add_10: 0.6831345826235093 , std 0.4652544730008655 
2023-05-11 23:39:48,957 INFO used_ofi_cancel_1: 0.8644709445390877 , std 0.34228778912895114 
2023-05-11 23:39:48,957 INFO used_ofi_cancel_2: 0.9418890781752792 , std 0.23395307775150553 
2023-05-11 23:39:48,957 INFO used_ofi_cancel_3: 0.8587923528298316 , std 0.3482356207380768 
2023-05-11 23:39:48,957 INFO used_ofi_cancel_4: 0.7802385008517888 , std 0.41408499446411 
2023-05-11 23:39:48,957 INFO used_ofi_cancel_5: 0.7050918038992996 , std 0.4560014824244887 
2023-05-11 23:39:48,957 INFO used_ofi_cancel_6: 0.6564452015900056 , std 0.4748946187307901 
2023-05-11 23:39:48,957 INFO used_ofi_cancel_7: 0.6121521862578081 , std 0.4872595685233836 
2023-05-11 23:39:48,957 INFO used_ofi_cancel_8: 0.5822449365890593 , std 0.49318938594160927 
2023-05-11 23:39:48,957 INFO used_ofi_cancel_9: 0.5364376301343934 , std 0.49867053162402647 
2023-05-11 23:39:48,957 INFO used_ofi_cancel_10: 0.588869960249858 , std 0.4920387486420035 
2023-05-11 23:39:48,957 INFO used_ofi_trade_1: 0.49630891538898353 , std 0.49998637570877297 
2023-05-11 23:39:48,957 INFO used_ofi_trade_2: 0.5426840810145751 , std 0.49817473764527764 
2023-05-11 23:39:48,957 INFO used_ofi_trade_3: 0.5407912171114897 , std 0.49833329871338444 
2023-05-11 23:39:48,957 INFO used_ofi_trade_4: 0.526784024228658 , std 0.4992821006666659 
2023-05-11 23:39:48,957 INFO used_ofi_trade_5: 0.5203482869581677 , std 0.49958577563604434 
2023-05-11 23:39:48,957 INFO used_ofi_trade_6: 0.5122089721749006 , std 0.4998509187732203 
2023-05-11 23:39:48,957 INFO used_ofi_trade_7: 0.5048268029528676 , std 0.4999767014304308 
2023-05-11 23:39:48,957 INFO used_ofi_trade_8: 0.5061518076850274 , std 0.49996215382987386 
2023-05-11 23:39:48,957 INFO used_ofi_trade_9: 0.5133446905167518 , std 0.49982188751095336 
2023-05-11 23:39:48,957 INFO used_ofi_trade_10: 0.4957410562180579 , std 0.49998186106884135 
2023-05-11 23:39:48,959 INFO Grouping by ofi type:
2023-05-11 23:39:48,959 INFO add: 7.826045807306454
2023-05-11 23:39:48,959 INFO cancel: 7.126632595116411
2023-05-11 23:39:48,959 INFO trade: 5.159189854249479
2023-05-11 23:39:48,959 INFO Grouping by level:
2023-05-11 23:39:48,960 INFO 1: 2.280333144046943
2023-05-11 23:39:48,960 INFO 2: 2.419269354533409
2023-05-11 23:39:48,960 INFO 3: 2.2907438955139128
2023-05-11 23:39:48,960 INFO 4: 2.144236229415105
2023-05-11 23:39:48,960 INFO 5: 2.0034071550255534
2023-05-11 23:39:48,960 INFO 6: 1.9170925610448608
2023-05-11 23:39:48,960 INFO 7: 1.8250993753549118
2023-05-11 23:39:48,960 INFO 8: 1.7590384251372324
2023-05-11 23:39:48,960 INFO 9: 1.7049025175089911
2023-05-11 23:39:48,960 INFO 10: 1.7677455990914255
2023-05-11 23:39:48,960 INFO Non empty regressions: 1.0 --- 5283 / 5283
