2023-05-11 22:58:02,004 INFO Starting...
2023-05-11 22:58:02,004 INFO Tickers: ['MRK']
2023-05-11 23:40:00,291 INFO Starting...
2023-05-11 23:40:00,291 INFO Tickers: ['MRK']
2023-05-11 23:40:04,259 INFO in_r2: 0.9713403662079299 , std 0.016644031558519585 
2023-05-11 23:40:04,259 INFO os_r2: 0.9527533595652099 , std 0.0358141570344996 
2023-05-11 23:40:04,259 INFO intercept: 3.7266053169400106e-07 , std 2.9501437884423002e-06 
2023-05-11 23:40:04,259 INFO ofi_add_1: 4.402481206266297e-05 , std 3.601034010739239e-05 
2023-05-11 23:40:04,259 INFO ofi_add_2: 7.638622269093302e-05 , std 5.489039074420966e-05 
2023-05-11 23:40:04,259 INFO ofi_add_3: 8.172732223001757e-05 , std 5.157511274006668e-05 
2023-05-11 23:40:04,259 INFO ofi_add_4: 8.365772240206299e-05 , std 5.877709042737076e-05 
2023-05-11 23:40:04,259 INFO ofi_add_5: 7.163160321507395e-05 , std 5.621601957589601e-05 
2023-05-11 23:40:04,259 INFO ofi_add_6: 9.678920680252202e-05 , std 7.057058727123224e-05 
2023-05-11 23:40:04,259 INFO ofi_add_7: 6.616579688839063e-05 , std 6.029742419209415e-05 
2023-05-11 23:40:04,259 INFO ofi_add_8: 5.1848394410353555e-05 , std 5.855994995527276e-05 
2023-05-11 23:40:04,259 INFO ofi_add_9: 3.855367787619522e-05 , std 5.001998947005356e-05 
2023-05-11 23:40:04,259 INFO ofi_add_10: 3.099599740587316e-05 , std 4.621049779694895e-05 
2023-05-11 23:40:04,259 INFO ofi_cancel_1: 1.9479206452391133e-05 , std 2.7587022908075744e-05 
2023-05-11 23:40:04,259 INFO ofi_cancel_2: 5.023145004794622e-05 , std 4.655046011165011e-05 
2023-05-11 23:40:04,259 INFO ofi_cancel_3: 8.819612024625434e-05 , std 5.802000095368119e-05 
2023-05-11 23:40:04,259 INFO ofi_cancel_4: 8.816309725712158e-05 , std 6.468775639577032e-05 
2023-05-11 23:40:04,259 INFO ofi_cancel_5: 7.590339993088665e-05 , std 6.217836500750073e-05 
2023-05-11 23:40:04,259 INFO ofi_cancel_6: 8.601145311288085e-05 , std 7.324955324586438e-05 
2023-05-11 23:40:04,259 INFO ofi_cancel_7: 6.299729898478873e-05 , std 6.802737065648239e-05 
2023-05-11 23:40:04,260 INFO ofi_cancel_8: 5.130159081053085e-05 , std 6.700652588929969e-05 
2023-05-11 23:40:04,260 INFO ofi_cancel_9: 3.69373575401195e-05 , std 5.65705235481884e-05 
2023-05-11 23:40:04,260 INFO ofi_cancel_10: 2.490539482751827e-05 , std 4.757991834072549e-05 
2023-05-11 23:40:04,260 INFO ofi_trade_1: 6.857705082783435e-06 , std 2.5768834531785685e-05 
2023-05-11 23:40:04,260 INFO ofi_trade_2: 6.517841533767783e-05 , std 6.911833674232895e-05 
2023-05-11 23:40:04,260 INFO ofi_trade_3: 9.794556746052499e-05 , std 7.778839703811696e-05 
2023-05-11 23:40:04,260 INFO ofi_trade_4: 8.259678844414978e-05 , std 7.257734638537377e-05 
2023-05-11 23:40:04,260 INFO ofi_trade_5: 8.079318893104545e-05 , std 7.178229939155294e-05 
2023-05-11 23:40:04,260 INFO ofi_trade_6: 8.404106240157818e-05 , std 7.833674591825056e-05 
2023-05-11 23:40:04,260 INFO ofi_trade_7: 6.058104166720967e-05 , std 7.085047228257672e-05 
2023-05-11 23:40:04,260 INFO ofi_trade_8: 4.199720562698164e-05 , std 6.234210489256395e-05 
2023-05-11 23:40:04,260 INFO ofi_trade_9: 3.052558323533607e-05 , std 5.378636948346118e-05 
2023-05-11 23:40:04,260 INFO ofi_trade_10: 2.3834588401548292e-05 , std 4.816982732175578e-05 
2023-05-11 23:40:04,260 INFO used_intercept: 0.9998611111111111 , std 0.01178429458073041 
2023-05-11 23:40:04,260 INFO used_ofi_add_1: 0.9131944444444444 , std 0.28154990868449403 
2023-05-11 23:40:04,260 INFO used_ofi_add_2: 0.935 , std 0.246525860712421 
2023-05-11 23:40:04,260 INFO used_ofi_add_3: 0.9448611111111112 , std 0.22825115951729064 
2023-05-11 23:40:04,260 INFO used_ofi_add_4: 0.9527777777777777 , std 0.21211384667347222 
2023-05-11 23:40:04,260 INFO used_ofi_add_5: 0.9259722222222222 , std 0.26181609174201215 
2023-05-11 23:40:04,260 INFO used_ofi_add_6: 0.9269444444444445 , std 0.2602276721604079 
2023-05-11 23:40:04,260 INFO used_ofi_add_7: 0.7779166666666667 , std 0.4156468770349284 
2023-05-11 23:40:04,260 INFO used_ofi_add_8: 0.65625 , std 0.47495887979908324 
2023-05-11 23:40:04,260 INFO used_ofi_add_9: 0.5693055555555555 , std 0.4951734443294953 
2023-05-11 23:40:04,260 INFO used_ofi_add_10: 0.49875 , std 0.4999984374975585 
2023-05-11 23:40:04,260 INFO used_ofi_cancel_1: 0.53875 , std 0.4984961760134174 
2023-05-11 23:40:04,260 INFO used_ofi_cancel_2: 0.7568055555555555 , std 0.42901154604019975 
2023-05-11 23:40:04,260 INFO used_ofi_cancel_3: 0.9434722222222223 , std 0.23093806121400595 
2023-05-11 23:40:04,260 INFO used_ofi_cancel_4: 0.9480555555555555 , std 0.22191489164948452 
2023-05-11 23:40:04,260 INFO used_ofi_cancel_5: 0.9079166666666667 , std 0.28914355094927424 
2023-05-11 23:40:04,260 INFO used_ofi_cancel_6: 0.8429166666666666 , std 0.3638793202728375 
2023-05-11 23:40:04,260 INFO used_ofi_cancel_7: 0.6741666666666667 , std 0.468685365914301 
2023-05-11 23:40:04,260 INFO used_ofi_cancel_8: 0.5698611111111112 , std 0.49509536975649543 
2023-05-11 23:40:04,260 INFO used_ofi_cancel_9: 0.4584722222222222 , std 0.49827245927588604 
2023-05-11 23:40:04,261 INFO used_ofi_cancel_10: 0.33208333333333334 , std 0.4709607128578302 
2023-05-11 23:40:04,261 INFO used_ofi_trade_1: 0.12152777777777778 , std 0.326739616523881 
2023-05-11 23:40:04,261 INFO used_ofi_trade_2: 0.6744444444444444 , std 0.46858204810093734 
2023-05-11 23:40:04,261 INFO used_ofi_trade_3: 0.8704166666666666 , std 0.33584444770690425 
2023-05-11 23:40:04,261 INFO used_ofi_trade_4: 0.83625 , std 0.3700485610024717 
2023-05-11 23:40:04,261 INFO used_ofi_trade_5: 0.8254166666666667 , std 0.3796103173723754 
2023-05-11 23:40:04,261 INFO used_ofi_trade_6: 0.7743055555555556 , std 0.41803882856901947 
2023-05-11 23:40:04,261 INFO used_ofi_trade_7: 0.6058333333333333 , std 0.48867095837133145 
2023-05-11 23:40:04,261 INFO used_ofi_trade_8: 0.4626388888888889 , std 0.4986021935135697 
2023-05-11 23:40:04,261 INFO used_ofi_trade_9: 0.3611111111111111 , std 0.48032267960529396 
2023-05-11 23:40:04,261 INFO used_ofi_trade_10: 0.28430555555555553 , std 0.4510830374064208 
2023-05-11 23:40:04,262 INFO Grouping by ofi type:
2023-05-11 23:40:04,262 INFO add: 8.100972222222223
2023-05-11 23:40:04,262 INFO cancel: 6.972499999999999
2023-05-11 23:40:04,262 INFO trade: 5.816249999999998
2023-05-11 23:40:04,262 INFO Grouping by level:
2023-05-11 23:40:04,262 INFO 1: 1.5734722222222222
2023-05-11 23:40:04,262 INFO 2: 2.36625
2023-05-11 23:40:04,262 INFO 3: 2.75875
2023-05-11 23:40:04,262 INFO 4: 2.7370833333333335
2023-05-11 23:40:04,262 INFO 5: 2.6593055555555556
2023-05-11 23:40:04,262 INFO 6: 2.5441666666666665
2023-05-11 23:40:04,262 INFO 7: 2.057916666666667
2023-05-11 23:40:04,262 INFO 8: 1.68875
2023-05-11 23:40:04,262 INFO 9: 1.3888888888888888
2023-05-11 23:40:04,262 INFO 10: 1.115138888888889
2023-05-11 23:40:04,263 INFO Non empty regressions: 1.0 --- 7200 / 7200
