2023-05-11 22:58:02,118 INFO Starting...
2023-05-11 22:58:02,118 INFO Tickers: ['NKE']
2023-05-11 23:41:59,098 INFO Starting...
2023-05-11 23:41:59,099 INFO Tickers: ['NKE']
2023-05-11 23:42:02,953 INFO in_r2: 0.9564798403301042 , std 0.03522128769057982 
2023-05-11 23:42:02,953 INFO os_r2: 0.9296972530785157 , std 0.08235613177371645 
2023-05-11 23:42:02,953 INFO intercept: 3.100412569507721e-07 , std 4.729128266734747e-06 
2023-05-11 23:42:02,953 INFO ofi_add_1: 6.016676939268797e-05 , std 4.659105683655935e-05 
2023-05-11 23:42:02,953 INFO ofi_add_2: 7.989980104444409e-05 , std 5.291817252131238e-05 
2023-05-11 23:42:02,953 INFO ofi_add_3: 7.595783899658484e-05 , std 4.760815419173474e-05 
2023-05-11 23:42:02,953 INFO ofi_add_4: 6.492976234498204e-05 , std 4.6206302688524166e-05 
2023-05-11 23:42:02,953 INFO ofi_add_5: 7.96767136061849e-05 , std 6.945518027499937e-05 
2023-05-11 23:42:02,953 INFO ofi_add_6: 8.180722659936027e-05 , std 6.864258277649159e-05 
2023-05-11 23:42:02,953 INFO ofi_add_7: 7.41748430808497e-05 , std 6.012599017467753e-05 
2023-05-11 23:42:02,954 INFO ofi_add_8: 5.303274112043467e-05 , std 5.451193333976469e-05 
2023-05-11 23:42:02,954 INFO ofi_add_9: 4.194703989090702e-05 , std 4.964942632258565e-05 
2023-05-11 23:42:02,954 INFO ofi_add_10: 3.837277205989381e-05 , std 4.9153863777872534e-05 
2023-05-11 23:42:02,954 INFO ofi_cancel_1: 3.054361997830828e-05 , std 4.186708033422733e-05 
2023-05-11 23:42:02,954 INFO ofi_cancel_2: 6.783404800033662e-05 , std 5.408932552754239e-05 
2023-05-11 23:42:02,954 INFO ofi_cancel_3: 8.10755359262039e-05 , std 5.290149850870357e-05 
2023-05-11 23:42:02,954 INFO ofi_cancel_4: 6.67379949616144e-05 , std 5.056154569556407e-05 
2023-05-11 23:42:02,954 INFO ofi_cancel_5: 7.353034044554907e-05 , std 6.696625698359548e-05 
2023-05-11 23:42:02,954 INFO ofi_cancel_6: 8.224292052782565e-05 , std 7.604567204166099e-05 
2023-05-11 23:42:02,954 INFO ofi_cancel_7: 6.568656628874723e-05 , std 6.71817746414708e-05 
2023-05-11 23:42:02,954 INFO ofi_cancel_8: 4.851629203548033e-05 , std 6.1020341969691824e-05 
2023-05-11 23:42:02,954 INFO ofi_cancel_9: 3.8031776498300584e-05 , std 5.4207878845129515e-05 
2023-05-11 23:42:02,954 INFO ofi_cancel_10: 3.3011857282550354e-05 , std 5.207418962242601e-05 
2023-05-11 23:42:02,954 INFO ofi_trade_1: 1.637627150179695e-05 , std 4.6901969513663745e-05 
2023-05-11 23:42:02,954 INFO ofi_trade_2: 6.203222762338026e-05 , std 6.968154073333681e-05 
2023-05-11 23:42:02,954 INFO ofi_trade_3: 8.319240136515784e-05 , std 7.013386399485027e-05 
2023-05-11 23:42:02,954 INFO ofi_trade_4: 7.126880324922578e-05 , std 6.267198392290699e-05 
2023-05-11 23:42:02,954 INFO ofi_trade_5: 8.174301429699166e-05 , std 7.904587579496578e-05 
2023-05-11 23:42:02,954 INFO ofi_trade_6: 8.064563046752904e-05 , std 8.073885789423338e-05 
2023-05-11 23:42:02,954 INFO ofi_trade_7: 6.289091359731794e-05 , std 6.91792429813609e-05 
2023-05-11 23:42:02,954 INFO ofi_trade_8: 4.8461230463448376e-05 , std 6.482269949672086e-05 
2023-05-11 23:42:02,954 INFO ofi_trade_9: 3.868990087361043e-05 , std 5.846466333181109e-05 
2023-05-11 23:42:02,954 INFO ofi_trade_10: 3.724817441880446e-05 , std 6.224322150735293e-05 
2023-05-11 23:42:02,954 INFO used_intercept: 0.99958071278826 , std 0.02047221067628294 
2023-05-11 23:42:02,954 INFO used_ofi_add_1: 0.9378057302585604 , std 0.24150805898099673 
2023-05-11 23:42:02,954 INFO used_ofi_add_2: 0.9429769392033543 , std 0.23188667778470531 
2023-05-11 23:42:02,954 INFO used_ofi_add_3: 0.9526205450733752 , std 0.21244915198108155 
2023-05-11 23:42:02,954 INFO used_ofi_add_4: 0.9487071977638015 , std 0.22059431242658245 
2023-05-11 23:42:02,954 INFO used_ofi_add_5: 0.9403214535290007 , std 0.2368903070243865 
2023-05-11 23:42:02,954 INFO used_ofi_add_6: 0.916701607267645 , std 0.27633271702887685 
2023-05-11 23:42:02,954 INFO used_ofi_add_7: 0.876869322152341 , std 0.3285871482886009 
2023-05-11 23:42:02,954 INFO used_ofi_add_8: 0.7382250174703004 , std 0.43960077462542646 
2023-05-11 23:42:02,954 INFO used_ofi_add_9: 0.6457023060796646 , std 0.47829994564401507 
2023-05-11 23:42:02,955 INFO used_ofi_add_10: 0.6039133473095737 , std 0.4890828316869443 
2023-05-11 23:42:02,955 INFO used_ofi_cancel_1: 0.5772187281621244 , std 0.4940012834204219 
2023-05-11 23:42:02,955 INFO used_ofi_cancel_2: 0.8522711390635919 , std 0.3548310084855036 
2023-05-11 23:42:02,955 INFO used_ofi_cancel_3: 0.9447938504542278 , std 0.22838220289265543 
2023-05-11 23:42:02,955 INFO used_ofi_cancel_4: 0.93361285814116 , std 0.24895760533603756 
2023-05-11 23:42:02,955 INFO used_ofi_cancel_5: 0.8958770090845563 , std 0.3054200282860739 
2023-05-11 23:42:02,955 INFO used_ofi_cancel_6: 0.8661076170510132 , std 0.3405366540289439 
2023-05-11 23:42:02,955 INFO used_ofi_cancel_7: 0.7535988819007687 , std 0.43091484901158833 
2023-05-11 23:42:02,955 INFO used_ofi_cancel_8: 0.6135569531795947 , std 0.48693410065897763 
2023-05-11 23:42:02,955 INFO used_ofi_cancel_9: 0.5266247379454927 , std 0.4992906201095048 
2023-05-11 23:42:02,955 INFO used_ofi_cancel_10: 0.45632424877707894 , std 0.49808877597785073 
2023-05-11 23:42:02,955 INFO used_ofi_trade_1: 0.1914744933612858 , std 0.3934615759554225 
2023-05-11 23:42:02,955 INFO used_ofi_trade_2: 0.6468204053109714 , std 0.4779579150765495 
2023-05-11 23:42:02,955 INFO used_ofi_trade_3: 0.8389937106918239 , std 0.36753675205533937 
2023-05-11 23:42:02,955 INFO used_ofi_trade_4: 0.8278127183787561 , std 0.3775431388187717 
2023-05-11 23:42:02,955 INFO used_ofi_trade_5: 0.8166317260656883 , std 0.3869681512071283 
2023-05-11 23:42:02,955 INFO used_ofi_trade_6: 0.7800139762403914 , std 0.4142368562912354 
2023-05-11 23:42:02,955 INFO used_ofi_trade_7: 0.6633123689727464 , std 0.4725770520671836 
2023-05-11 23:42:02,955 INFO used_ofi_trade_8: 0.5378057302585605 , std 0.4985686780771702 
2023-05-11 23:42:02,955 INFO used_ofi_trade_9: 0.4533892382948987 , std 0.497822696241614 
2023-05-11 23:42:02,955 INFO used_ofi_trade_10: 0.40545073375262053 , std 0.49097905887327026 
2023-05-11 23:42:02,958 INFO Grouping by ofi type:
2023-05-11 23:42:02,958 INFO add: 8.503843466107618
2023-05-11 23:42:02,958 INFO cancel: 7.419986023759609
2023-05-11 23:42:02,958 INFO trade: 6.161705101327743
2023-05-11 23:42:02,958 INFO Grouping by level:
2023-05-11 23:42:02,958 INFO 1: 1.7064989517819706
2023-05-11 23:42:02,958 INFO 2: 2.4420684835779176
2023-05-11 23:42:02,958 INFO 3: 2.736408106219427
2023-05-11 23:42:02,958 INFO 4: 2.710132774283718
2023-05-11 23:42:02,958 INFO 5: 2.6528301886792454
2023-05-11 23:42:02,958 INFO 6: 2.5628232005590497
2023-05-11 23:42:02,958 INFO 7: 2.293780573025856
2023-05-11 23:42:02,958 INFO 8: 1.8895877009084554
2023-05-11 23:42:02,958 INFO 9: 1.6257162823200562
2023-05-11 23:42:02,958 INFO 10: 1.465688329839273
2023-05-11 23:42:02,958 INFO Non empty regressions: 1.0 --- 7155 / 7155
