2023-05-11 22:58:02,023 INFO Starting...
2023-05-11 22:58:02,023 INFO Tickers: ['PEP']
2023-05-11 23:40:30,407 INFO Starting...
2023-05-11 23:40:30,407 INFO Tickers: ['PEP']
2023-05-11 23:40:34,137 INFO in_r2: 0.9187583955236209 , std 0.049633817341336484 
2023-05-11 23:40:34,137 INFO os_r2: 0.8814853917388779 , std 0.20702834827745986 
2023-05-11 23:40:34,137 INFO intercept: -2.9432602952326338e-08 , std 4.0360277854769925e-06 
2023-05-11 23:40:34,137 INFO ofi_add_1: 4.6869006256724646e-05 , std 3.9509262603211844e-05 
2023-05-11 23:40:34,137 INFO ofi_add_2: 5.008140291446228e-05 , std 4.1030117252939656e-05 
2023-05-11 23:40:34,137 INFO ofi_add_3: 4.822580378524427e-05 , std 3.7017260362532974e-05 
2023-05-11 23:40:34,137 INFO ofi_add_4: 4.6428960336833733e-05 , std 3.6013123564921426e-05 
2023-05-11 23:40:34,137 INFO ofi_add_5: 3.836075048342634e-05 , std 3.202787533697264e-05 
2023-05-11 23:40:34,137 INFO ofi_add_6: 3.322399671486006e-05 , std 3.014866136844925e-05 
2023-05-11 23:40:34,137 INFO ofi_add_7: 2.8798406316737398e-05 , std 2.867348692742986e-05 
2023-05-11 23:40:34,138 INFO ofi_add_8: 3.161241142929646e-05 , std 3.096400310324266e-05 
2023-05-11 23:40:34,138 INFO ofi_add_9: 3.0304286060537874e-05 , std 3.2394887704050535e-05 
2023-05-11 23:40:34,138 INFO ofi_add_10: 3.059523601449407e-05 , std 3.404687935413387e-05 
2023-05-11 23:40:34,138 INFO ofi_cancel_1: 3.317351009142737e-05 , std 4.04561482204657e-05 
2023-05-11 23:40:34,138 INFO ofi_cancel_2: 5.266551753039357e-05 , std 4.563327826822255e-05 
2023-05-11 23:40:34,138 INFO ofi_cancel_3: 4.92970628338464e-05 , std 3.938151386595853e-05 
2023-05-11 23:40:34,138 INFO ofi_cancel_4: 4.842253459407415e-05 , std 3.9229192909857136e-05 
2023-05-11 23:40:34,138 INFO ofi_cancel_5: 3.7203172094411404e-05 , std 3.432272328376592e-05 
2023-05-11 23:40:34,138 INFO ofi_cancel_6: 3.086179808148406e-05 , std 3.173346125559356e-05 
2023-05-11 23:40:34,138 INFO ofi_cancel_7: 2.485741314713542e-05 , std 2.9500094971881815e-05 
2023-05-11 23:40:34,138 INFO ofi_cancel_8: 2.6348243646962007e-05 , std 3.223397185654844e-05 
2023-05-11 23:40:34,138 INFO ofi_cancel_9: 2.595397861025467e-05 , std 3.331579037348283e-05 
2023-05-11 23:40:34,138 INFO ofi_cancel_10: 2.8882998287250525e-05 , std 3.713702509903506e-05 
2023-05-11 23:40:34,138 INFO ofi_trade_1: 1.7996566177284694e-05 , std 4.308129971217154e-05 
2023-05-11 23:40:34,138 INFO ofi_trade_2: 3.439146772693501e-05 , std 4.980233314768389e-05 
2023-05-11 23:40:34,138 INFO ofi_trade_3: 4.669942006563761e-05 , std 5.165180203333138e-05 
2023-05-11 23:40:34,138 INFO ofi_trade_4: 4.889068591372717e-05 , std 5.120252714379991e-05 
2023-05-11 23:40:34,138 INFO ofi_trade_5: 4.4318572447563254e-05 , std 4.7070735285259384e-05 
2023-05-11 23:40:34,138 INFO ofi_trade_6: 3.79477043690559e-05 , std 4.2878287140671556e-05 
2023-05-11 23:40:34,138 INFO ofi_trade_7: 3.5455761652971126e-05 , std 4.324091754739639e-05 
2023-05-11 23:40:34,138 INFO ofi_trade_8: 3.799926708853492e-05 , std 4.7018768566918423e-05 
2023-05-11 23:40:34,138 INFO ofi_trade_9: 3.613889514713438e-05 , std 4.747593525525868e-05 
2023-05-11 23:40:34,138 INFO ofi_trade_10: 3.694347723071359e-05 , std 5.054972525476091e-05 
2023-05-11 23:40:34,138 INFO used_intercept: 1.0 , std 0.0 
2023-05-11 23:40:34,138 INFO used_ofi_add_1: 0.888212927756654 , std 0.31510430451297705 
2023-05-11 23:40:34,138 INFO used_ofi_add_2: 0.8749809885931559 , std 0.33074046954326514 
2023-05-11 23:40:34,138 INFO used_ofi_add_3: 0.8803041825095057 , std 0.3246054971280933 
2023-05-11 23:40:34,138 INFO used_ofi_add_4: 0.8853231939163498 , std 0.3186315053947163 
2023-05-11 23:40:34,138 INFO used_ofi_add_5: 0.8669201520912547 , std 0.3396610104049778 
2023-05-11 23:40:34,138 INFO used_ofi_add_6: 0.8444106463878327 , std 0.3624655937530005 
2023-05-11 23:40:34,138 INFO used_ofi_add_7: 0.818555133079848 , std 0.3853863349789149 
2023-05-11 23:40:34,138 INFO used_ofi_add_8: 0.7937642585551331 , std 0.40460173058892485 
2023-05-11 23:40:34,138 INFO used_ofi_add_9: 0.7269961977186312 , std 0.4455027791397986 
2023-05-11 23:40:34,138 INFO used_ofi_add_10: 0.6958174904942965 , std 0.46006033345259845 
2023-05-11 23:40:34,138 INFO used_ofi_cancel_1: 0.6368060836501901 , std 0.4809200510233454 
2023-05-11 23:40:34,138 INFO used_ofi_cancel_2: 0.8278326996197719 , std 0.37752578860259656 
2023-05-11 23:40:34,138 INFO used_ofi_cancel_3: 0.8588593155893536 , std 0.3481666147331486 
2023-05-11 23:40:34,138 INFO used_ofi_cancel_4: 0.8719391634980989 , std 0.334157535686889 
2023-05-11 23:40:34,138 INFO used_ofi_cancel_5: 0.8170342205323194 , std 0.3866384655094015 
2023-05-11 23:40:34,138 INFO used_ofi_cancel_6: 0.769277566539924 , std 0.4212951366421606 
2023-05-11 23:40:34,138 INFO used_ofi_cancel_7: 0.6921673003802281 , std 0.4615969331186844 
2023-05-11 23:40:34,138 INFO used_ofi_cancel_8: 0.6442585551330798 , std 0.4787373698291331 
2023-05-11 23:40:34,138 INFO used_ofi_cancel_9: 0.5983269961977187 , std 0.4902364754062408 
2023-05-11 23:40:34,138 INFO used_ofi_cancel_10: 0.5945247148288973 , std 0.49098378617477345 
2023-05-11 23:40:34,138 INFO used_ofi_trade_1: 0.24775665399239544 , std 0.43170973395892737 
2023-05-11 23:40:34,138 INFO used_ofi_trade_2: 0.5044866920152091 , std 0.4999798691895111 
2023-05-11 23:40:34,138 INFO used_ofi_trade_3: 0.6830418250950571 , std 0.4652909737635908 
2023-05-11 23:40:34,138 INFO used_ofi_trade_4: 0.7254752851711027 , std 0.44627446238498786 
2023-05-11 23:40:34,138 INFO used_ofi_trade_5: 0.7231939163498099 , std 0.44741979806936805 
2023-05-11 23:40:34,138 INFO used_ofi_trade_6: 0.6921673003802281 , std 0.4615969331186844 
2023-05-11 23:40:34,138 INFO used_ofi_trade_7: 0.6474524714828898 , std 0.4777632977255448 
2023-05-11 23:40:34,138 INFO used_ofi_trade_8: 0.6180988593155894 , std 0.4858525078955101 
2023-05-11 23:40:34,138 INFO used_ofi_trade_9: 0.5686692015209125 , std 0.4952620929997372 
2023-05-11 23:40:34,138 INFO used_ofi_trade_10: 0.5301901140684411 , std 0.49908772476643287 
2023-05-11 23:40:34,139 INFO Grouping by ofi type:
2023-05-11 23:40:34,139 INFO add: 8.275285171102661
2023-05-11 23:40:34,139 INFO cancel: 7.311026615969582
2023-05-11 23:40:34,139 INFO trade: 5.940532319391635
2023-05-11 23:40:34,139 INFO Grouping by level:
2023-05-11 23:40:34,139 INFO 1: 1.7727756653992395
2023-05-11 23:40:34,139 INFO 2: 2.207300380228137
2023-05-11 23:40:34,139 INFO 3: 2.4222053231939165
2023-05-11 23:40:34,139 INFO 4: 2.482737642585551
2023-05-11 23:40:34,139 INFO 5: 2.407148288973384
2023-05-11 23:40:34,140 INFO 6: 2.3058555133079848
2023-05-11 23:40:34,140 INFO 7: 2.1581749049429657
2023-05-11 23:40:34,140 INFO 8: 2.056121673003802
2023-05-11 23:40:34,140 INFO 9: 1.8939923954372624
2023-05-11 23:40:34,140 INFO 10: 1.820532319391635
2023-05-11 23:40:34,140 INFO Non empty regressions: 0.9998479087452471 --- 6574 / 6575
