2023-05-11 22:58:01,984 INFO Starting...
2023-05-11 22:58:01,984 INFO Tickers: ['PFE']
2023-05-11 23:40:14,774 INFO Starting...
2023-05-11 23:40:14,775 INFO Tickers: ['PFE']
2023-05-11 23:40:18,010 INFO in_r2: 0.9729455299754969 , std 0.04439466091347557 
2023-05-11 23:40:18,011 INFO os_r2: 0.9196532357432339 , std 0.4531978719459794 
2023-05-11 23:40:18,011 INFO intercept: 1.4466018860309264e-07 , std 2.861849252617926e-06 
2023-05-11 23:40:18,011 INFO ofi_add_1: 5.610425142887557e-05 , std 4.894937475100646e-05 
2023-05-11 23:40:18,011 INFO ofi_add_2: 0.00018425581563196307 , std 0.00010882485609394453 
2023-05-11 23:40:18,011 INFO ofi_add_3: 6.995027989991266e-05 , std 7.521048406078688e-05 
2023-05-11 23:40:18,011 INFO ofi_add_4: 0.00014329545209781366 , std 0.00012318450259230366 
2023-05-11 23:40:18,011 INFO ofi_add_5: 0.00013890623730028332 , std 0.00011887015229561762 
2023-05-11 23:40:18,011 INFO ofi_add_6: 0.00011931748748927564 , std 0.00012182309161112589 
2023-05-11 23:40:18,011 INFO ofi_add_7: 7.372617501232507e-05 , std 9.672254011727819e-05 
2023-05-11 23:40:18,011 INFO ofi_add_8: 5.042815520536866e-05 , std 7.88286389675855e-05 
2023-05-11 23:40:18,011 INFO ofi_add_9: 4.006634081585978e-05 , std 6.986615518276404e-05 
2023-05-11 23:40:18,011 INFO ofi_add_10: 3.7093526445082215e-05 , std 6.842406591176645e-05 
2023-05-11 23:40:18,011 INFO ofi_cancel_1: 2.4504006128709378e-05 , std 3.4120720340392924e-05 
2023-05-11 23:40:18,011 INFO ofi_cancel_2: 6.13750554451047e-05 , std 6.906530255768735e-05 
2023-05-11 23:40:18,011 INFO ofi_cancel_3: 7.328690418180281e-05 , std 8.093527847508576e-05 
2023-05-11 23:40:18,011 INFO ofi_cancel_4: 0.00010275444748468922 , std 0.00011498377495594782 
2023-05-11 23:40:18,011 INFO ofi_cancel_5: 0.0001352885627622735 , std 0.00014776104011930734 
2023-05-11 23:40:18,011 INFO ofi_cancel_6: 0.00011211375252756305 , std 0.00014066092014809959 
2023-05-11 23:40:18,011 INFO ofi_cancel_7: 6.604910914141867e-05 , std 0.00010828223731128601 
2023-05-11 23:40:18,011 INFO ofi_cancel_8: 5.298798252569849e-05 , std 9.827517972761599e-05 
2023-05-11 23:40:18,011 INFO ofi_cancel_9: 3.220899201753956e-05 , std 7.232992939031198e-05 
2023-05-11 23:40:18,011 INFO ofi_cancel_10: 2.783633577277432e-05 , std 6.975457115342836e-05 
2023-05-11 23:40:18,011 INFO ofi_trade_1: 7.224503672077146e-06 , std 2.8542656191068607e-05 
2023-05-11 23:40:18,011 INFO ofi_trade_2: 0.00016659254477215007 , std 0.00012724224308385606 
2023-05-11 23:40:18,011 INFO ofi_trade_3: 0.0001368444172360094 , std 0.00011360861604185587 
2023-05-11 23:40:18,011 INFO ofi_trade_4: 0.00013882400733292833 , std 0.00013052551240010798 
2023-05-11 23:40:18,011 INFO ofi_trade_5: 0.00012476061505303765 , std 0.00012474641598237188 
2023-05-11 23:40:18,011 INFO ofi_trade_6: 9.00303250758225e-05 , std 0.00011435737554602672 
2023-05-11 23:40:18,011 INFO ofi_trade_7: 5.8617683112727075e-05 , std 9.071854637032232e-05 
2023-05-11 23:40:18,011 INFO ofi_trade_8: 4.320320939675844e-05 , std 7.720491085394767e-05 
2023-05-11 23:40:18,011 INFO ofi_trade_9: 3.5581712875347054e-05 , std 6.992658568367474e-05 
2023-05-11 23:40:18,012 INFO ofi_trade_10: 3.3803585126775464e-05 , std 6.930288069771829e-05 
2023-05-11 23:40:18,012 INFO used_intercept: 0.9997240237339589 , std 0.016610240911609394 
2023-05-11 23:40:18,012 INFO used_ofi_add_1: 0.9717124327307851 , std 0.16579318685399744 
2023-05-11 23:40:18,012 INFO used_ofi_add_2: 0.9879950324272112 , std 0.10890752189984414 
2023-05-11 23:40:18,012 INFO used_ofi_add_3: 0.7948116461984269 , std 0.4038391923349856 
2023-05-11 23:40:18,012 INFO used_ofi_add_4: 0.8537325789982062 , std 0.35337411132577023 
2023-05-11 23:40:18,012 INFO used_ofi_add_5: 0.7828066786256382 , std 0.4123352792628045 
2023-05-11 23:40:18,012 INFO used_ofi_add_6: 0.6577894301090106 , std 0.47444967672649296 
2023-05-11 23:40:18,012 INFO used_ofi_add_7: 0.5068304125845178 , std 0.49995334328707636 
2023-05-11 23:40:18,012 INFO used_ofi_add_8: 0.406651028011591 , std 0.49120868215933167 
2023-05-11 23:40:18,012 INFO used_ofi_add_9: 0.3560093831930454 , std 0.47881802626003206 
2023-05-11 23:40:18,012 INFO used_ofi_add_10: 0.3335173175106941 , std 0.4714695286348472 
2023-05-11 23:40:18,012 INFO used_ofi_cancel_1: 0.5825858976128053 , std 0.49313240566351674 
2023-05-11 23:40:18,012 INFO used_ofi_cancel_2: 0.6261901476473023 , std 0.4838140620494118 
2023-05-11 23:40:18,012 INFO used_ofi_cancel_3: 0.801987029115496 , std 0.39850198775664414 
2023-05-11 23:40:18,012 INFO used_ofi_cancel_4: 0.7098109562577618 , std 0.45384949337220104 
2023-05-11 23:40:18,012 INFO used_ofi_cancel_5: 0.6544777149165172 , std 0.475538258812234 
2023-05-11 23:40:18,012 INFO used_ofi_cancel_6: 0.5275286325376017 , std 0.49924159921886485 
2023-05-11 23:40:18,012 INFO used_ofi_cancel_7: 0.382503104732993 , std 0.4859984358026412 
2023-05-11 23:40:18,012 INFO used_ofi_cancel_8: 0.3289637091210156 , std 0.4698367665502131 
2023-05-11 23:40:18,012 INFO used_ofi_cancel_9: 0.2380295294604664 , std 0.4258772975462478 
2023-05-11 23:40:18,012 INFO used_ofi_cancel_10: 0.20132468607699738 , std 0.40099009570436506 
2023-05-11 23:40:18,012 INFO used_ofi_trade_1: 0.10749275562301643 , std 0.30973870134612963 
2023-05-11 23:40:18,012 INFO used_ofi_trade_2: 0.8542845315302884 , std 0.3528207345357754 
2023-05-11 23:40:18,012 INFO used_ofi_trade_3: 0.8523526976680006 , std 0.3547500196562117 
2023-05-11 23:40:18,012 INFO used_ofi_trade_4: 0.7786670346350214 , std 0.4151441723157436 
2023-05-11 23:40:18,012 INFO used_ofi_trade_5: 0.6915965226990479 , std 0.4618341395886983 
2023-05-11 23:40:18,012 INFO used_ofi_trade_6: 0.5287705257347868 , std 0.4991715705535964 
2023-05-11 23:40:18,012 INFO used_ofi_trade_7: 0.40720298054367327 , std 0.49131325361730493 
2023-05-11 23:40:18,012 INFO used_ofi_trade_8: 0.3337932937767352 , std 0.4715668890055931 
2023-05-11 23:40:18,012 INFO used_ofi_trade_9: 0.2911549606733821 , std 0.4542947826562213 
2023-05-11 23:40:18,013 INFO used_ofi_trade_10: 0.2686628949910308 , std 0.44326419192854855 
2023-05-11 23:40:18,015 INFO Grouping by ofi type:
2023-05-11 23:40:18,015 INFO add: 6.651855940389127
2023-05-11 23:40:18,015 INFO cancel: 5.053401407478957
2023-05-11 23:40:18,015 INFO trade: 5.113978197874983
2023-05-11 23:40:18,015 INFO Grouping by level:
2023-05-11 23:40:18,015 INFO 1: 1.661791085966607
2023-05-11 23:40:18,015 INFO 2: 2.468469711604802
2023-05-11 23:40:18,015 INFO 3: 2.4491513729819236
2023-05-11 23:40:18,015 INFO 4: 2.3422105698909896
2023-05-11 23:40:18,015 INFO 5: 2.1288809162412035
2023-05-11 23:40:18,015 INFO 6: 1.7140885883813992
2023-05-11 23:40:18,015 INFO 7: 1.296536497861184
2023-05-11 23:40:18,015 INFO 8: 1.0694080309093417
2023-05-11 23:40:18,015 INFO 9: 0.8851938733268939
2023-05-11 23:40:18,015 INFO 10: 0.8035048985787223
2023-05-11 23:40:18,015 INFO Non empty regressions: 0.9995860356009383 --- 7244 / 7247
