2023-05-11 22:58:01,996 INFO Starting...
2023-05-11 22:58:01,996 INFO Tickers: ['PM']
2023-05-11 23:41:19,327 INFO Starting...
2023-05-11 23:41:19,327 INFO Tickers: ['PM']
2023-05-11 23:41:23,220 INFO in_r2: 0.9029476470645955 , std 0.056697552955633494 
2023-05-11 23:41:23,220 INFO os_r2: 0.8647789039308602 , std 0.11045730144258 
2023-05-11 23:41:23,220 INFO intercept: -2.461809375786628e-07 , std 6.904118489322764e-06 
2023-05-11 23:41:23,220 INFO ofi_add_1: 7.760080227668449e-05 , std 6.032989228021198e-05 
2023-05-11 23:41:23,220 INFO ofi_add_2: 9.670259889251819e-05 , std 6.437637319137344e-05 
2023-05-11 23:41:23,220 INFO ofi_add_3: 7.207987202204585e-05 , std 5.125864911663776e-05 
2023-05-11 23:41:23,220 INFO ofi_add_4: 6.281884663363109e-05 , std 4.7749148207843763e-05 
2023-05-11 23:41:23,220 INFO ofi_add_5: 5.098137690250997e-05 , std 4.5807505188785645e-05 
2023-05-11 23:41:23,220 INFO ofi_add_6: 4.7097477305395694e-05 , std 4.350505490212914e-05 
2023-05-11 23:41:23,220 INFO ofi_add_7: 3.6917460988253164e-05 , std 3.871646438310541e-05 
2023-05-11 23:41:23,220 INFO ofi_add_8: 3.20325248411138e-05 , std 3.830964494255932e-05 
2023-05-11 23:41:23,220 INFO ofi_add_9: 2.581035397780053e-05 , std 3.7378134421074396e-05 
2023-05-11 23:41:23,220 INFO ofi_add_10: 2.3875036927805578e-05 , std 3.727698697859043e-05 
2023-05-11 23:41:23,220 INFO ofi_cancel_1: 6.955238445871699e-05 , std 6.828277780415939e-05 
2023-05-11 23:41:23,221 INFO ofi_cancel_2: 0.0001010315543831925 , std 6.761995810564673e-05 
2023-05-11 23:41:23,221 INFO ofi_cancel_3: 7.089807691457155e-05 , std 5.397593711029596e-05 
2023-05-11 23:41:23,221 INFO ofi_cancel_4: 6.047829209901367e-05 , std 5.0897841662090254e-05 
2023-05-11 23:41:23,221 INFO ofi_cancel_5: 4.7265455727342374e-05 , std 4.8706229897707057e-05 
2023-05-11 23:41:23,221 INFO ofi_cancel_6: 4.0954645383565405e-05 , std 4.5422782732279863e-05 
2023-05-11 23:41:23,221 INFO ofi_cancel_7: 2.967979231353213e-05 , std 4.075966157315764e-05 
2023-05-11 23:41:23,221 INFO ofi_cancel_8: 2.508430608664486e-05 , std 3.920901481479431e-05 
2023-05-11 23:41:23,221 INFO ofi_cancel_9: 2.2435333728230676e-05 , std 3.819721409554118e-05 
2023-05-11 23:41:23,221 INFO ofi_cancel_10: 2.328501143083098e-05 , std 3.932179553126523e-05 
2023-05-11 23:41:23,221 INFO ofi_trade_1: 3.724911102076271e-05 , std 7.38087068343199e-05 
2023-05-11 23:41:23,221 INFO ofi_trade_2: 6.714886830845689e-05 , std 8.356981693538034e-05 
2023-05-11 23:41:23,221 INFO ofi_trade_3: 6.514479925647203e-05 , std 7.469753304462478e-05 
2023-05-11 23:41:23,221 INFO ofi_trade_4: 6.697918261623127e-05 , std 7.170771383797973e-05 
2023-05-11 23:41:23,221 INFO ofi_trade_5: 6.208332572626967e-05 , std 7.037595533308117e-05 
2023-05-11 23:41:23,221 INFO ofi_trade_6: 5.4657233194261964e-05 , std 6.732515035611461e-05 
2023-05-11 23:41:23,221 INFO ofi_trade_7: 4.483390174196958e-05 , std 6.45085797385122e-05 
2023-05-11 23:41:23,221 INFO ofi_trade_8: 4.497902655050604e-05 , std 6.759481188954197e-05 
2023-05-11 23:41:23,221 INFO ofi_trade_9: 4.266461587069988e-05 , std 6.709310505175999e-05 
2023-05-11 23:41:23,221 INFO ofi_trade_10: 4.458858381957906e-05 , std 7.334117528537038e-05 
2023-05-11 23:41:23,221 INFO used_intercept: 0.9998505008222455 , std 0.01222607164016198 
2023-05-11 23:41:23,221 INFO used_ofi_add_1: 0.9265959037225295 , std 0.26079864824641696 
2023-05-11 23:41:23,221 INFO used_ofi_add_2: 0.9569442368066976 , std 0.20298267031730738 
2023-05-11 23:41:23,221 INFO used_ofi_add_3: 0.9316788757661832 , std 0.2522961518082353 
2023-05-11 23:41:23,221 INFO used_ofi_add_4: 0.9032740319928241 , std 0.29558426060981446 
2023-05-11 23:41:23,221 INFO used_ofi_add_5: 0.8516968156675139 , std 0.355400267092374 
2023-05-11 23:41:23,221 INFO used_ofi_add_6: 0.8354014052922709 , std 0.3708178762249331 
2023-05-11 23:41:23,221 INFO used_ofi_add_7: 0.772163253102108 , std 0.4194367218793294 
2023-05-11 23:41:23,221 INFO used_ofi_add_8: 0.7027956346240095 , std 0.45702727552898326 
2023-05-11 23:41:23,221 INFO used_ofi_add_9: 0.6177306024816863 , std 0.4859418743422912 
2023-05-11 23:41:23,221 INFO used_ofi_add_10: 0.5869337718642548 , std 0.4923845238321912 
2023-05-11 23:41:23,221 INFO used_ofi_cancel_1: 0.782179698011661 , std 0.4127646036544895 
2023-05-11 23:41:23,221 INFO used_ofi_cancel_2: 0.9466287935416355 , std 0.22477259792853554 
2023-05-11 23:41:23,221 INFO used_ofi_cancel_3: 0.9004335476154881 , std 0.2994210646298531 
2023-05-11 23:41:23,221 INFO used_ofi_cancel_4: 0.8578262819554493 , std 0.34922822328949776 
2023-05-11 23:41:23,221 INFO used_ofi_cancel_5: 0.7773957243235162 , std 0.4159947260807904 
2023-05-11 23:41:23,221 INFO used_ofi_cancel_6: 0.7225295260876066 , std 0.4477506114113361 
2023-05-11 23:41:23,221 INFO used_ofi_cancel_7: 0.6096576468829421 , std 0.48782701901401077 
2023-05-11 23:41:23,221 INFO used_ofi_cancel_8: 0.551502466736433 , std 0.49734042256794553 
2023-05-11 23:41:23,221 INFO used_ofi_cancel_9: 0.5235461204963373 , std 0.4994452724869582 
2023-05-11 23:41:23,221 INFO used_ofi_cancel_10: 0.535805053072208 , std 0.4987163504182477 
2023-05-11 23:41:23,221 INFO used_ofi_trade_1: 0.34369860965764687 , std 0.47494197053645126 
2023-05-11 23:41:23,221 INFO used_ofi_trade_2: 0.6286440424577665 , std 0.483167373008696 
2023-05-11 23:41:23,221 INFO used_ofi_trade_3: 0.6909851995814023 , std 0.46208727913766673 
2023-05-11 23:41:23,221 INFO used_ofi_trade_4: 0.7267155030647331 , std 0.44564568961239254 
2023-05-11 23:41:23,221 INFO used_ofi_trade_5: 0.7008521453132007 , std 0.4578847188136822 
2023-05-11 23:41:23,221 INFO used_ofi_trade_6: 0.6437434594109732 , std 0.47889228212257284 
2023-05-11 23:41:23,221 INFO used_ofi_trade_7: 0.5495589774256242 , std 0.49753784555200076 
2023-05-11 23:41:23,221 INFO used_ofi_trade_8: 0.5136791747645388 , std 0.4998128451508237 
2023-05-11 23:41:23,221 INFO used_ofi_trade_9: 0.47451039019285396 , std 0.4993498571060969 
2023-05-11 23:41:23,221 INFO used_ofi_trade_10: 0.45791598146210194 , std 0.4982257875538979 
2023-05-11 23:41:23,222 INFO Grouping by ofi type:
2023-05-11 23:41:23,222 INFO add: 8.085214531320078
2023-05-11 23:41:23,222 INFO cancel: 7.2075048587232775
2023-05-11 23:41:23,222 INFO trade: 5.73030348333084
2023-05-11 23:41:23,222 INFO Grouping by level:
2023-05-11 23:41:23,222 INFO 1: 2.0524742113918375
2023-05-11 23:41:23,222 INFO 2: 2.5322170728060995
2023-05-11 23:41:23,222 INFO 3: 2.523097622963074
2023-05-11 23:41:23,222 INFO 4: 2.4878158170130065
2023-05-11 23:41:23,222 INFO 5: 2.329944685304231
2023-05-11 23:41:23,222 INFO 6: 2.201674390790851
2023-05-11 23:41:23,222 INFO 7: 1.9313798774106743
2023-05-11 23:41:23,222 INFO 8: 1.7679772761249815
2023-05-11 23:41:23,222 INFO 9: 1.6157871131708776
2023-05-11 23:41:23,222 INFO 10: 1.5806548063985646
2023-05-11 23:41:23,223 INFO Non empty regressions: 0.9998505008222455 --- 6688 / 6689
