2023-05-11 22:58:02,075 INFO Starting...
2023-05-11 22:58:02,075 INFO Tickers: ['XOM']
2023-05-11 23:39:25,098 INFO Starting...
2023-05-11 23:39:25,098 INFO Tickers: ['XOM']
2023-05-11 23:39:28,830 INFO in_r2: 0.9618805419696932 , std 0.01965492324274763 
2023-05-11 23:39:28,831 INFO os_r2: 0.9386709279142749 , std 0.05891443550972694 
2023-05-11 23:39:28,831 INFO intercept: 6.374395628179511e-08 , std 3.003125978432019e-06 
2023-05-11 23:39:28,831 INFO ofi_add_1: 3.388309471548632e-05 , std 2.9075452559938626e-05 
2023-05-11 23:39:28,831 INFO ofi_add_2: 5.795808615178674e-05 , std 4.345061960344467e-05 
2023-05-11 23:39:28,831 INFO ofi_add_3: 7.140231322069675e-05 , std 4.593653203557666e-05 
2023-05-11 23:39:28,831 INFO ofi_add_4: 6.801150591224027e-05 , std 4.5558942618675694e-05 
2023-05-11 23:39:28,831 INFO ofi_add_5: 5.366436523471419e-05 , std 4.0033597455067944e-05 
2023-05-11 23:39:28,831 INFO ofi_add_6: 5.9747755251342866e-05 , std 4.453664206945306e-05 
2023-05-11 23:39:28,831 INFO ofi_add_7: 6.550106105250521e-05 , std 5.133198630404941e-05 
2023-05-11 23:39:28,831 INFO ofi_add_8: 5.005008211325854e-05 , std 5.01775313917603e-05 
2023-05-11 23:39:28,831 INFO ofi_add_9: 4.1239181389264255e-05 , std 4.717111462360279e-05 
2023-05-11 23:39:28,831 INFO ofi_add_10: 3.920043183500712e-05 , std 4.630785680609472e-05 
2023-05-11 23:39:28,831 INFO ofi_cancel_1: 1.4223677196964963e-05 , std 2.3085929040915454e-05 
2023-05-11 23:39:28,831 INFO ofi_cancel_2: 4.752992377366544e-05 , std 4.225310771082021e-05 
2023-05-11 23:39:28,831 INFO ofi_cancel_3: 7.765270556287873e-05 , std 5.166996339211902e-05 
2023-05-11 23:39:28,831 INFO ofi_cancel_4: 7.243679042608236e-05 , std 5.1990861089472474e-05 
2023-05-11 23:39:28,831 INFO ofi_cancel_5: 5.6613613949775216e-05 , std 4.4873455978044726e-05 
2023-05-11 23:39:28,831 INFO ofi_cancel_6: 5.6766252426477146e-05 , std 4.828397637766278e-05 
2023-05-11 23:39:28,831 INFO ofi_cancel_7: 5.392148454185567e-05 , std 5.5168156458136e-05 
2023-05-11 23:39:28,831 INFO ofi_cancel_8: 4.8145013276034325e-05 , std 5.5654606390695374e-05 
2023-05-11 23:39:28,831 INFO ofi_cancel_9: 3.9846094649543084e-05 , std 5.206425974391263e-05 
2023-05-11 23:39:28,831 INFO ofi_cancel_10: 3.284345526735761e-05 , std 4.9243837827057876e-05 
2023-05-11 23:39:28,831 INFO ofi_trade_1: 7.142033287582026e-06 , std 3.377326164267406e-05 
2023-05-11 23:39:28,831 INFO ofi_trade_2: 4.1494062606500767e-05 , std 5.056158380997175e-05 
2023-05-11 23:39:28,831 INFO ofi_trade_3: 7.517535839660648e-05 , std 6.218498867112423e-05 
2023-05-11 23:39:28,831 INFO ofi_trade_4: 6.995377436753781e-05 , std 5.849207338600014e-05 
2023-05-11 23:39:28,831 INFO ofi_trade_5: 5.5027787371447115e-05 , std 5.028864151327113e-05 
2023-05-11 23:39:28,831 INFO ofi_trade_6: 5.76465470222814e-05 , std 5.442712865076011e-05 
2023-05-11 23:39:28,831 INFO ofi_trade_7: 5.760868202864826e-05 , std 6.108112329527586e-05 
2023-05-11 23:39:28,832 INFO ofi_trade_8: 4.32166786881974e-05 , std 5.554988619415173e-05 
2023-05-11 23:39:28,832 INFO ofi_trade_9: 3.481659025362722e-05 , std 5.02645664046788e-05 
2023-05-11 23:39:28,832 INFO ofi_trade_10: 3.141983041622856e-05 , std 4.9946499595056364e-05 
2023-05-11 23:39:28,832 INFO used_intercept: 0.9995915032679739 , std 0.020207173539267376 
2023-05-11 23:39:28,832 INFO used_ofi_add_1: 0.8995098039215687 , std 0.30065248472372513 
2023-05-11 23:39:28,832 INFO used_ofi_add_2: 0.9060457516339869 , std 0.2917650554469994 
2023-05-11 23:39:28,832 INFO used_ofi_add_3: 0.9358660130718954 , std 0.24499146648161096 
2023-05-11 23:39:28,832 INFO used_ofi_add_4: 0.9473039215686274 , std 0.22342605432072418 
2023-05-11 23:39:28,832 INFO used_ofi_add_5: 0.9342320261437909 , std 0.24787607280868829 
2023-05-11 23:39:28,832 INFO used_ofi_add_6: 0.9227941176470589 , std 0.26691784144759784 
2023-05-11 23:39:28,832 INFO used_ofi_add_7: 0.8736383442265795 , std 0.3322565089258901 
2023-05-11 23:39:28,832 INFO used_ofi_add_8: 0.7276688453159041 , std 0.4451594061373105 
2023-05-11 23:39:28,832 INFO used_ofi_add_9: 0.6471949891067538 , std 0.47784268873957114 
2023-05-11 23:39:28,832 INFO used_ofi_add_10: 0.628131808278867 , std 0.4833034654409046 
2023-05-11 23:39:28,832 INFO used_ofi_cancel_1: 0.45479302832244006 , std 0.49795213596463694 
2023-05-11 23:39:28,832 INFO used_ofi_cancel_2: 0.7826797385620915 , std 0.41242231438959215 
2023-05-11 23:39:28,832 INFO used_ofi_cancel_3: 0.9332788671023965 , std 0.24953842053372022 
2023-05-11 23:39:28,832 INFO used_ofi_cancel_4: 0.9362745098039216 , std 0.24426328437845082 
2023-05-11 23:39:28,832 INFO used_ofi_cancel_5: 0.9121732026143791 , std 0.283042843129103 
2023-05-11 23:39:28,832 INFO used_ofi_cancel_6: 0.8405501089324618 , std 0.3660951014505498 
2023-05-11 23:39:28,832 INFO used_ofi_cancel_7: 0.6941721132897604 , std 0.46075719247841207 
2023-05-11 23:39:28,832 INFO used_ofi_cancel_8: 0.6247276688453159 , std 0.4841931521866178 
2023-05-11 23:39:28,832 INFO used_ofi_cancel_9: 0.5424836601307189 , std 0.4981918692852158 
2023-05-11 23:39:28,832 INFO used_ofi_cancel_10: 0.4464869281045752 , std 0.49712810334592344 
2023-05-11 23:39:28,832 INFO used_ofi_trade_1: 0.09899237472766885 , std 0.2986517779512548 
2023-05-11 23:39:28,832 INFO used_ofi_trade_2: 0.5825163398692811 , std 0.49314404959867186 
2023-05-11 23:39:28,832 INFO used_ofi_trade_3: 0.8529411764705882 , std 0.35416454643506756 
2023-05-11 23:39:28,832 INFO used_ofi_trade_4: 0.8586601307189542 , std 0.3483717994222016 
2023-05-11 23:39:28,832 INFO used_ofi_trade_5: 0.8190359477124183 , std 0.3849883947176059 
2023-05-11 23:39:28,832 INFO used_ofi_trade_6: 0.7888071895424836 , std 0.4081548814709582 
2023-05-11 23:39:28,832 INFO used_ofi_trade_7: 0.693082788671024 , std 0.4612147403531469 
2023-05-11 23:39:28,833 INFO used_ofi_trade_8: 0.554057734204793 , std 0.49706917161763714 
2023-05-11 23:39:28,833 INFO used_ofi_trade_9: 0.47862200435729846 , std 0.49954277224508087 
2023-05-11 23:39:28,833 INFO used_ofi_trade_10: 0.41013071895424835 , std 0.49185720725055937 
2023-05-11 23:39:28,834 INFO Grouping by ofi type:
2023-05-11 23:39:28,834 INFO add: 8.422385620915032
2023-05-11 23:39:28,834 INFO cancel: 7.167619825708061
2023-05-11 23:39:28,834 INFO trade: 6.136846405228758
2023-05-11 23:39:28,835 INFO Grouping by level:
2023-05-11 23:39:28,835 INFO 1: 1.4532952069716776
2023-05-11 23:39:28,835 INFO 2: 2.2712418300653594
2023-05-11 23:39:28,835 INFO 3: 2.7220860566448803
2023-05-11 23:39:28,835 INFO 4: 2.742238562091503
2023-05-11 23:39:28,835 INFO 5: 2.6654411764705883
2023-05-11 23:39:28,835 INFO 6: 2.5521514161220042
2023-05-11 23:39:28,835 INFO 7: 2.260893246187364
2023-05-11 23:39:28,835 INFO 8: 1.906454248366013
2023-05-11 23:39:28,835 INFO 9: 1.668300653594771
2023-05-11 23:39:28,835 INFO 10: 1.4847494553376905
2023-05-11 23:39:28,835 INFO Non empty regressions: 1.0 --- 7344 / 7344
