2023-05-13 15:38:06,702 INFO Starting...
2023-05-13 15:38:06,702 INFO Tickers: ['ABT']
2023-05-13 15:38:09,191 INFO in_r2: 0.9426763824703615 , std 0.04317018252789007 
2023-05-13 15:38:09,191 INFO os_r2: 0.9096808323045875 , std 0.2407236637936044 
2023-05-13 15:38:09,191 INFO intercept: 5.138350164330222e-08 , std 5.056438699193754e-06 
2023-05-13 15:38:09,191 INFO ofi_add_1: 8.343944749933807e-05 , std 6.453264861996793e-05 
2023-05-13 15:38:09,191 INFO ofi_add_2: 0.00013733989868805542 , std 7.052767405075527e-05 
2023-05-13 15:38:09,191 INFO ofi_add_3: 0.00011169275089569809 , std 6.212457851449638e-05 
2023-05-13 15:38:09,191 INFO ofi_add_4: 0.00010117405631087212 , std 6.157135336904077e-05 
2023-05-13 15:38:09,191 INFO ofi_add_5: 0.00017030118196745942 , std 0.0001104036143291797 
2023-05-13 15:38:09,191 INFO ofi_cancel_1: 5.873980765201241e-05 , std 6.379390517103947e-05 
2023-05-13 15:38:09,191 INFO ofi_cancel_2: 0.00011926225281878473 , std 7.476105141621434e-05 
2023-05-13 15:38:09,191 INFO ofi_cancel_3: 0.00011218043230782752 , std 6.32179609907381e-05 
2023-05-13 15:38:09,191 INFO ofi_cancel_4: 9.90311983815048e-05 , std 6.41658301762064e-05 
2023-05-13 15:38:09,191 INFO ofi_cancel_5: 0.0001649864956063986 , std 0.00011198458983650091 
2023-05-13 15:38:09,191 INFO ofi_trade_1: 5.299036873088266e-05 , std 0.00012052656479297869 
2023-05-13 15:38:09,191 INFO ofi_trade_2: 0.000143276128844334 , std 0.00011589024869981625 
2023-05-13 15:38:09,192 INFO ofi_trade_3: 0.00012497574737311794 , std 9.736858810238733e-05 
2023-05-13 15:38:09,192 INFO ofi_trade_4: 0.00010349536251096612 , std 8.749395399238643e-05 
2023-05-13 15:38:09,192 INFO ofi_trade_5: 0.0001545055309710437 , std 0.00011634145047027578 
2023-05-13 15:38:09,192 INFO used_intercept: 0.999548532731377 , std 0.02124296226820513 
2023-05-13 15:38:09,192 INFO used_ofi_add_1: 0.944920993227991 , std 0.2281344116634271 
2023-05-13 15:38:09,192 INFO used_ofi_add_2: 0.9849510910458992 , std 0.12174744060304517 
2023-05-13 15:38:09,192 INFO used_ofi_add_3: 0.9712565838976674 , std 0.16708450596360142 
2023-05-13 15:38:09,192 INFO used_ofi_add_4: 0.9717080511662904 , std 0.16580565269284495 
2023-05-13 15:38:09,192 INFO used_ofi_add_5: 0.981941309255079 , std 0.1331637129007009 
2023-05-13 15:38:09,192 INFO used_ofi_cancel_1: 0.7190368698269376 , std 0.4494695202751987 
2023-05-13 15:38:09,192 INFO used_ofi_cancel_2: 0.9057938299473288 , std 0.29211533266276596 
2023-05-13 15:38:09,192 INFO used_ofi_cancel_3: 0.9673438675696012 , std 0.1777349415424189 
2023-05-13 15:38:09,192 INFO used_ofi_cancel_4: 0.9614747930775018 , std 0.192460425423194 
2023-05-13 15:38:09,192 INFO used_ofi_cancel_5: 0.9566591422121896 , std 0.2036232497384009 
2023-05-13 15:38:09,192 INFO used_ofi_trade_1: 0.28457486832204665 , std 0.4512117159843441 
2023-05-13 15:38:09,192 INFO used_ofi_trade_2: 0.8189616252821671 , std 0.38504997285723636 
2023-05-13 15:38:09,192 INFO used_ofi_trade_3: 0.8830699774266366 , std 0.3213368830283199 
2023-05-13 15:38:09,192 INFO used_ofi_trade_4: 0.8642588412340105 , std 0.34251349839510836 
2023-05-13 15:38:09,192 INFO used_ofi_trade_5: 0.8975169300225734 , std 0.3032825256183226 
2023-05-13 15:38:09,193 INFO Grouping by ofi type:
2023-05-13 15:38:09,193 INFO add: 4.854778028592927
2023-05-13 15:38:09,193 INFO cancel: 4.510308502633559
2023-05-13 15:38:09,193 INFO trade: 3.748382242287434
2023-05-13 15:38:09,193 INFO Grouping by level:
2023-05-13 15:38:09,193 INFO 1: 1.9485327313769751
2023-05-13 15:38:09,193 INFO 2: 2.7097065462753953
2023-05-13 15:38:09,193 INFO 3: 2.8216704288939054
2023-05-13 15:38:09,193 INFO 4: 2.7974416854778026
2023-05-13 15:38:09,193 INFO 5: 2.836117381489842
2023-05-13 15:38:09,193 INFO Non empty regressions: 1.0 --- 6645 / 6645
