2023-05-13 15:37:53,698 INFO Starting...
2023-05-13 15:37:53,698 INFO Tickers: ['BA']
2023-05-13 15:37:56,054 INFO in_r2: 0.8303313832059477 , std 0.08979449632504581 
2023-05-13 15:37:56,054 INFO os_r2: 0.7448136093808521 , std 0.5174908873344258 
2023-05-13 15:37:56,054 INFO intercept: -1.5479961898998919e-07 , std 1.535952349997634e-05 
2023-05-13 15:37:56,054 INFO ofi_add_1: 8.61797617610049e-05 , std 7.463675673057251e-05 
2023-05-13 15:37:56,054 INFO ofi_add_2: 8.199753115447447e-05 , std 6.468981290484521e-05 
2023-05-13 15:37:56,054 INFO ofi_add_3: 6.836552688411594e-05 , std 5.7134252080252545e-05 
2023-05-13 15:37:56,054 INFO ofi_add_4: 5.905124423869651e-05 , std 5.337663117102813e-05 
2023-05-13 15:37:56,054 INFO ofi_add_5: 0.0001083057890674083 , std 6.808786371011856e-05 
2023-05-13 15:37:56,054 INFO ofi_cancel_1: 8.853462335836132e-05 , std 8.074070129433519e-05 
2023-05-13 15:37:56,054 INFO ofi_cancel_2: 8.436658902925476e-05 , std 6.591252066942903e-05 
2023-05-13 15:37:56,054 INFO ofi_cancel_3: 6.037112128746233e-05 , std 5.694851358739135e-05 
2023-05-13 15:37:56,054 INFO ofi_cancel_4: 5.2178196218382756e-05 , std 5.3180607884675955e-05 
2023-05-13 15:37:56,054 INFO ofi_cancel_5: 9.719324016411104e-05 , std 6.989283996567552e-05 
2023-05-13 15:37:56,054 INFO ofi_trade_1: 7.573770831258008e-05 , std 0.00010287194535158823 
2023-05-13 15:37:56,054 INFO ofi_trade_2: 8.427027144526787e-05 , std 0.00011035722896615338 
2023-05-13 15:37:56,055 INFO ofi_trade_3: 7.585021086983998e-05 , std 9.893403249425781e-05 
2023-05-13 15:37:56,055 INFO ofi_trade_4: 7.338618211179516e-05 , std 0.00010194535912760427 
2023-05-13 15:37:56,055 INFO ofi_trade_5: 0.0001176201680985487 , std 0.00011100488678187804 
2023-05-13 15:37:56,055 INFO used_intercept: 1.0 , std 0.0 
2023-05-13 15:37:56,055 INFO used_ofi_add_1: 0.9222401289282837 , std 0.2677933410722276 
2023-05-13 15:37:56,055 INFO used_ofi_add_2: 0.9413779210314263 , std 0.2349160080240937 
2023-05-13 15:37:56,055 INFO used_ofi_add_3: 0.9188154713940371 , std 0.2731182910773105 
2023-05-13 15:37:56,055 INFO used_ofi_add_4: 0.8982675261885577 , std 0.30229617527128355 
2023-05-13 15:37:56,055 INFO used_ofi_add_5: 0.9887187751813054 , std 0.10561230413775032 
2023-05-13 15:37:56,055 INFO used_ofi_cancel_1: 0.8612006446414182 , std 0.34573703057471866 
2023-05-13 15:37:56,055 INFO used_ofi_cancel_2: 0.9311039484286865 , std 0.25327729003840116 
2023-05-13 15:37:56,055 INFO used_ofi_cancel_3: 0.871273166800967 , std 0.33489735086079936 
2023-05-13 15:37:56,055 INFO used_ofi_cancel_4: 0.8505237711522965 , std 0.35655726869210286 
2023-05-13 15:37:56,055 INFO used_ofi_cancel_5: 0.9619258662369057 , std 0.19137527034934343 
2023-05-13 15:37:56,055 INFO used_ofi_trade_1: 0.6742546333601934 , std 0.4686526674974811 
2023-05-13 15:37:56,055 INFO used_ofi_trade_2: 0.7300564061240935 , std 0.4439302310062541 
2023-05-13 15:37:56,055 INFO used_ofi_trade_3: 0.7107171635777598 , std 0.4534294619604505 
2023-05-13 15:37:56,055 INFO used_ofi_trade_4: 0.709307010475423 , std 0.45408212403247183 
2023-05-13 15:37:56,055 INFO used_ofi_trade_5: 0.862812248186946 , std 0.3440454513077217 
2023-05-13 15:37:56,056 INFO Grouping by ofi type:
2023-05-13 15:37:56,056 INFO add: 4.66941982272361
2023-05-13 15:37:56,056 INFO cancel: 4.476027397260275
2023-05-13 15:37:56,056 INFO trade: 3.687147461724416
2023-05-13 15:37:56,056 INFO Grouping by level:
2023-05-13 15:37:56,056 INFO 1: 2.4576954069298953
2023-05-13 15:37:56,056 INFO 2: 2.602538275584206
2023-05-13 15:37:56,056 INFO 3: 2.500805801772764
2023-05-13 15:37:56,056 INFO 4: 2.458098307816277
2023-05-13 15:37:56,056 INFO 5: 2.813456889605157
2023-05-13 15:37:56,057 INFO Non empty regressions: 0.9989927477840451 --- 4959 / 4964
