2023-05-13 15:39:51,816 INFO Starting...
2023-05-13 15:39:51,816 INFO Tickers: ['CI']
2023-05-13 15:39:53,555 INFO in_r2: 0.7434681907471876 , std 0.16537733638769314 
2023-05-13 15:39:53,555 INFO os_r2: 0.6079407984579628 , std 0.4143691878553001 
2023-05-13 15:39:53,555 INFO intercept: -5.989514188961269e-08 , std 2.3308575383880638e-05 
2023-05-13 15:39:53,555 INFO ofi_add_1: 0.00013894405669957386 , std 0.00015342697443719745 
2023-05-13 15:39:53,555 INFO ofi_add_2: 0.00014413956926238427 , std 0.00013891502651161005 
2023-05-13 15:39:53,555 INFO ofi_add_3: 0.0001228878757142624 , std 0.000128071153671759 
2023-05-13 15:39:53,555 INFO ofi_add_4: 0.00010183918538290259 , std 0.00011449826794014082 
2023-05-13 15:39:53,555 INFO ofi_add_5: 0.00013623488753305207 , std 0.0001531958602525175 
2023-05-13 15:39:53,555 INFO ofi_cancel_1: 0.00017171893958459723 , std 0.00019878230603584117 
2023-05-13 15:39:53,555 INFO ofi_cancel_2: 0.0001446255538050618 , std 0.0001402524551520348 
2023-05-13 15:39:53,555 INFO ofi_cancel_3: 0.0001094365360340666 , std 0.00013300109164398696 
2023-05-13 15:39:53,556 INFO ofi_cancel_4: 8.914412870737219e-05 , std 0.00011791098706378225 
2023-05-13 15:39:53,556 INFO ofi_cancel_5: 0.00012569417122097355 , std 0.00015494298367527202 
2023-05-13 15:39:53,556 INFO ofi_trade_1: 0.0002251260044377396 , std 0.00024285500911869947 
2023-05-13 15:39:53,556 INFO ofi_trade_2: 0.00014139363260858132 , std 0.00023991035438975382 
2023-05-13 15:39:53,556 INFO ofi_trade_3: 0.00010907891934019893 , std 0.0002482045696039981 
2023-05-13 15:39:53,556 INFO ofi_trade_4: 0.0001229255016177053 , std 0.0002338420537869072 
2023-05-13 15:39:53,556 INFO ofi_trade_5: 0.0002260780217114464 , std 0.00032190692561086086 
2023-05-13 15:39:53,556 INFO used_intercept: 1.0 , std 0.0 
2023-05-13 15:39:53,556 INFO used_ofi_add_1: 0.939329050678087 , std 0.2387257531777642 
2023-05-13 15:39:53,556 INFO used_ofi_add_2: 0.9414703783012134 , std 0.23474220984429603 
2023-05-13 15:39:53,556 INFO used_ofi_add_3: 0.9200571020699501 , std 0.2712047768764326 
2023-05-13 15:39:53,556 INFO used_ofi_add_4: 0.8965024982155603 , std 0.3046075654162575 
2023-05-13 15:39:53,556 INFO used_ofi_add_5: 0.9107780157030693 , std 0.28506389075968386 
2023-05-13 15:39:53,556 INFO used_ofi_cancel_1: 0.9164882226980728 , std 0.2766542252592585 
2023-05-13 15:39:53,556 INFO used_ofi_cancel_2: 0.9250535331905781 , std 0.2633049447355785 
2023-05-13 15:39:53,556 INFO used_ofi_cancel_3: 0.8615274803711634 , std 0.3453952532049015 
2023-05-13 15:39:53,556 INFO used_ofi_cancel_4: 0.8201284796573876 , std 0.3840804037076737 
2023-05-13 15:39:53,556 INFO used_ofi_cancel_5: 0.8643825838686653 , std 0.342381851991596 
2023-05-13 15:39:53,556 INFO used_ofi_trade_1: 0.8843683083511777 , std 0.3197827442737553 
2023-05-13 15:39:53,556 INFO used_ofi_trade_2: 0.7394718058529621 , std 0.4389228339942241 
2023-05-13 15:39:53,556 INFO used_ofi_trade_3: 0.6909350463954318 , std 0.46210800475427205 
2023-05-13 15:39:53,556 INFO used_ofi_trade_4: 0.6538187009279086 , std 0.47575183367471174 
2023-05-13 15:39:53,556 INFO used_ofi_trade_5: 0.7908636688079943 , std 0.4066919302955905 
2023-05-13 15:39:53,557 INFO Grouping by ofi type:
2023-05-13 15:39:53,557 INFO add: 4.60813704496788
2023-05-13 15:39:53,557 INFO cancel: 4.387580299785867
2023-05-13 15:39:53,557 INFO trade: 3.759457530335475
2023-05-13 15:39:53,557 INFO Grouping by level:
2023-05-13 15:39:53,557 INFO 1: 2.7401855817273377
2023-05-13 15:39:53,557 INFO 2: 2.6059957173447534
2023-05-13 15:39:53,557 INFO 3: 2.4725196288365456
2023-05-13 15:39:53,557 INFO 4: 2.370449678800856
2023-05-13 15:39:53,557 INFO 5: 2.5660242683797287
2023-05-13 15:39:53,557 INFO Non empty regressions: 0.9978586723768736 --- 1398 / 1401
