2023-05-13 15:37:48,191 INFO Starting...
2023-05-13 15:37:48,191 INFO Tickers: ['CSCO']
2023-05-13 15:37:51,013 INFO in_r2: 0.9734071152159666 , std 0.03944053031172997 
2023-05-13 15:37:51,013 INFO os_r2: 0.934245934656786 , std 0.311883619666845 
2023-05-13 15:37:51,014 INFO intercept: -1.0846765439212585e-07 , std 3.857039879046845e-06 
2023-05-13 15:37:51,014 INFO ofi_add_1: 5.123991719777964e-05 , std 5.4846051700359586e-05 
2023-05-13 15:37:51,014 INFO ofi_add_2: 0.00024216313483229755 , std 0.00011786923065837888 
2023-05-13 15:37:51,014 INFO ofi_add_3: 0.0001296853379633554 , std 0.00010200771691167252 
2023-05-13 15:37:51,014 INFO ofi_add_4: 0.00014076166588585851 , std 0.00013989316993270328 
2023-05-13 15:37:51,014 INFO ofi_add_5: 0.0002514140527939442 , std 0.0001685007495078503 
2023-05-13 15:37:51,014 INFO ofi_cancel_1: 2.6921978615357314e-05 , std 4.313881128766503e-05 
2023-05-13 15:37:51,014 INFO ofi_cancel_2: 0.00012130207412732595 , std 0.00011092294753688379 
2023-05-13 15:37:51,014 INFO ofi_cancel_3: 0.00011610917287073961 , std 0.00010353535718941595 
2023-05-13 15:37:51,014 INFO ofi_cancel_4: 0.00010048641848102151 , std 0.00011907226537035093 
2023-05-13 15:37:51,014 INFO ofi_cancel_5: 0.00021493851573991735 , std 0.00018870493123020115 
2023-05-13 15:37:51,014 INFO ofi_trade_1: 1.37282066651624e-05 , std 6.216830596961837e-05 
2023-05-13 15:37:51,014 INFO ofi_trade_2: 0.00024332228753385835 , std 0.00015862717471484808 
2023-05-13 15:37:51,014 INFO ofi_trade_3: 0.00017523592394398034 , std 0.00014093274663188422 
2023-05-13 15:37:51,014 INFO ofi_trade_4: 0.00013351943032555353 , std 0.00014250080398783604 
2023-05-13 15:37:51,014 INFO ofi_trade_5: 0.00022782781896608982 , std 0.00017168636601799954 
2023-05-13 15:37:51,014 INFO used_intercept: 0.9997277429893819 , std 0.016497966139442544 
2023-05-13 15:37:51,014 INFO used_ofi_add_1: 0.9245848080588075 , std 0.264060108243683 
2023-05-13 15:37:51,014 INFO used_ofi_add_2: 0.9944187312823305 , std 0.07449911514354143 
2023-05-13 15:37:51,014 INFO used_ofi_add_3: 0.8497141301388511 , std 0.35735140573562424 
2023-05-13 15:37:51,014 INFO used_ofi_add_4: 0.8823849714130139 , std 0.322151724560755 
2023-05-13 15:37:51,014 INFO used_ofi_add_5: 0.8518921862237953 , std 0.35520682605298814 
2023-05-13 15:37:51,014 INFO used_ofi_cancel_1: 0.5273618295671113 , std 0.4992507689355524 
2023-05-13 15:37:51,014 INFO used_ofi_cancel_2: 0.7041927579635175 , std 0.4564047738523912 
2023-05-13 15:37:51,014 INFO used_ofi_cancel_3: 0.7919956438878301 , std 0.405879962489566 
2023-05-13 15:37:51,014 INFO used_ofi_cancel_4: 0.7265178328341955 , std 0.4457461961790583 
2023-05-13 15:37:51,014 INFO used_ofi_cancel_5: 0.697522461203376 , std 0.4593309017692591 
2023-05-13 15:37:51,014 INFO used_ofi_trade_1: 0.1441600871222434 , std 0.3512519841981688 
2023-05-13 15:37:51,014 INFO used_ofi_trade_2: 0.9166893547508849 , std 0.2763511925743966 
2023-05-13 15:37:51,014 INFO used_ofi_trade_3: 0.8792540157909066 , std 0.32583184544557753 
2023-05-13 15:37:51,014 INFO used_ofi_trade_4: 0.7847808331064525 , std 0.4109743022321406 
2023-05-13 15:37:51,015 INFO used_ofi_trade_5: 0.7986659406479717 , std 0.40099707716748045 
2023-05-13 15:37:51,015 INFO Grouping by ofi type:
2023-05-13 15:37:51,015 INFO add: 4.502994827116798
2023-05-13 15:37:51,015 INFO cancel: 3.4475905254560306
2023-05-13 15:37:51,015 INFO trade: 3.523550231418459
2023-05-13 15:37:51,015 INFO Grouping by level:
2023-05-13 15:37:51,015 INFO 1: 1.5961067247481622
2023-05-13 15:37:51,015 INFO 2: 2.615300843996733
2023-05-13 15:37:51,015 INFO 3: 2.5209637898175874
2023-05-13 15:37:51,015 INFO 4: 2.3936836373536616
2023-05-13 15:37:51,015 INFO 5: 2.3480805880751427
2023-05-13 15:37:51,015 INFO Non empty regressions: 0.9997277429893819 --- 7344 / 7346
