2023-05-13 15:39:15,297 INFO Starting...
2023-05-13 15:39:15,297 INFO Tickers: ['CVS']
2023-05-13 15:39:17,905 INFO in_r2: 0.9226775988353138 , std 0.07709135393609114 
2023-05-13 15:39:17,905 INFO os_r2: 0.8873005734834307 , std 0.13845824939249265 
2023-05-13 15:39:17,905 INFO intercept: -4.170640411666887e-07 , std 9.921347488303931e-06 
2023-05-13 15:39:17,905 INFO ofi_add_1: 8.8652943458679e-05 , std 8.880906151618091e-05 
2023-05-13 15:39:17,905 INFO ofi_add_2: 0.0001255427780035622 , std 7.44001216105186e-05 
2023-05-13 15:39:17,905 INFO ofi_add_3: 0.0001298162834775505 , std 7.50707902859802e-05 
2023-05-13 15:39:17,905 INFO ofi_add_4: 0.00013199676228986776 , std 7.587327962658766e-05 
2023-05-13 15:39:17,905 INFO ofi_add_5: 0.00018637889520272478 , std 9.592417058213393e-05 
2023-05-13 15:39:17,905 INFO ofi_cancel_1: 6.550192666854045e-05 , std 8.239819553077224e-05 
2023-05-13 15:39:17,905 INFO ofi_cancel_2: 0.00011593362457971072 , std 7.871307202370409e-05 
2023-05-13 15:39:17,905 INFO ofi_cancel_3: 0.00012312177735622796 , std 7.924157596330312e-05 
2023-05-13 15:39:17,905 INFO ofi_cancel_4: 0.0001286502495838025 , std 8.230343286840302e-05 
2023-05-13 15:39:17,905 INFO ofi_cancel_5: 0.00018810309048675113 , std 0.00010324196609028924 
2023-05-13 15:39:17,905 INFO ofi_trade_1: 7.319067204748047e-05 , std 0.00013564572595430586 
2023-05-13 15:39:17,906 INFO ofi_trade_2: 0.00012787037197810542 , std 0.00010505528742813544 
2023-05-13 15:39:17,906 INFO ofi_trade_3: 0.00012802739479712683 , std 0.00010208103269975237 
2023-05-13 15:39:17,906 INFO ofi_trade_4: 0.0001308992953029137 , std 9.800739613414479e-05 
2023-05-13 15:39:17,906 INFO ofi_trade_5: 0.0001846572285978203 , std 0.00011668400852274352 
2023-05-13 15:39:17,906 INFO used_intercept: 0.99984776982798 , std 0.012337220027008561 
2023-05-13 15:39:17,906 INFO used_ofi_add_1: 0.9407824630841833 , std 0.236031396719675 
2023-05-13 15:39:17,906 INFO used_ofi_add_2: 0.9762520931648653 , std 0.15226274579188595 
2023-05-13 15:39:17,906 INFO used_ofi_add_3: 0.9760998629928452 , std 0.15273807795763977 
2023-05-13 15:39:17,906 INFO used_ofi_add_4: 0.9779266250570863 , std 0.14692222793554155 
2023-05-13 15:39:17,906 INFO used_ofi_add_5: 0.991931800882935 , std 0.08946006528095313 
2023-05-13 15:39:17,906 INFO used_ofi_cancel_1: 0.7249200791596895 , std 0.4465545408914784 
2023-05-13 15:39:17,906 INFO used_ofi_cancel_2: 0.9243416045060131 , std 0.26445075663582884 
2023-05-13 15:39:17,906 INFO used_ofi_cancel_3: 0.9470239001370071 , std 0.22398578683992215 
2023-05-13 15:39:17,906 INFO used_ofi_cancel_4: 0.9521997259856904 , std 0.2133434035035219 
2023-05-13 15:39:17,906 INFO used_ofi_cancel_5: 0.9783833155731466 , std 0.14542834449048517 
2023-05-13 15:39:17,906 INFO used_ofi_trade_1: 0.45410260313594153 , std 0.49788897252409914 
2023-05-13 15:39:17,906 INFO used_ofi_trade_2: 0.8494443598721266 , std 0.35761521130058166 
2023-05-13 15:39:17,906 INFO used_ofi_trade_3: 0.8906987364895722 , std 0.31201682215138943 
2023-05-13 15:39:17,906 INFO used_ofi_trade_4: 0.9045516821434009 , std 0.29383317796829006 
2023-05-13 15:39:17,906 INFO used_ofi_trade_5: 0.9546354087380119 , std 0.208102487062555 
2023-05-13 15:39:17,907 INFO Grouping by ofi type:
2023-05-13 15:39:17,907 INFO add: 4.862992845181915
2023-05-13 15:39:17,907 INFO cancel: 4.526868625361547
2023-05-13 15:39:17,907 INFO trade: 4.053432790379054
2023-05-13 15:39:17,907 INFO Grouping by level:
2023-05-13 15:39:17,907 INFO 1: 2.1198051453798143
2023-05-13 15:39:17,907 INFO 2: 2.750038057543005
2023-05-13 15:39:17,908 INFO 3: 2.8138224996194245
2023-05-13 15:39:17,908 INFO 4: 2.8346780331861776
2023-05-13 15:39:17,908 INFO 5: 2.9249505251940935
2023-05-13 15:39:17,908 INFO Non empty regressions: 1.0 --- 6569 / 6569
