2023-05-13 15:39:20,016 INFO Starting...
2023-05-13 15:39:20,016 INFO Tickers: ['LMT']
2023-05-13 15:39:21,430 INFO in_r2: 0.6735661097651657 , std 0.17670215654771537 
2023-05-13 15:39:21,430 INFO os_r2: 0.3885636099361669 , std 3.281121158655949 
2023-05-13 15:39:21,430 INFO intercept: 8.103885417871807e-07 , std 2.013661483157324e-05 
2023-05-13 15:39:21,430 INFO ofi_add_1: 0.00016521651443890007 , std 0.0001597750417698899 
2023-05-13 15:39:21,430 INFO ofi_add_2: 0.00013207165507612796 , std 0.00014609577567601737 
2023-05-13 15:39:21,430 INFO ofi_add_3: 0.00010700313549135732 , std 0.000123110619170329 
2023-05-13 15:39:21,430 INFO ofi_add_4: 8.523103125659746e-05 , std 0.00011758823800007738 
2023-05-13 15:39:21,430 INFO ofi_add_5: 0.00011536873012922737 , std 0.00014192544401755804 
2023-05-13 15:39:21,430 INFO ofi_cancel_1: 0.00017170040378590548 , std 0.00020808880571376612 
2023-05-13 15:39:21,430 INFO ofi_cancel_2: 0.00013639341305767168 , std 0.0001506535403057729 
2023-05-13 15:39:21,430 INFO ofi_cancel_3: 9.111875906059872e-05 , std 0.00012254549422284695 
2023-05-13 15:39:21,430 INFO ofi_cancel_4: 7.428593296112366e-05 , std 0.00011867973274621775 
2023-05-13 15:39:21,430 INFO ofi_cancel_5: 0.00010556120933327854 , std 0.0001462989000427746 
2023-05-13 15:39:21,430 INFO ofi_trade_1: 0.00024202464541045972 , std 0.00030727271070656834 
2023-05-13 15:39:21,430 INFO ofi_trade_2: 0.0001481399554164503 , std 0.0002444430949382976 
2023-05-13 15:39:21,430 INFO ofi_trade_3: 0.0001147650543969855 , std 0.0002116437920896597 
2023-05-13 15:39:21,430 INFO ofi_trade_4: 0.00012411640835642828 , std 0.000240314424260204 
2023-05-13 15:39:21,430 INFO ofi_trade_5: 0.00019575738181311781 , std 0.0003173647394354788 
2023-05-13 15:39:21,430 INFO used_intercept: 1.0 , std 0.0 
2023-05-13 15:39:21,430 INFO used_ofi_add_1: 0.9534313725490197 , std 0.21071305224952772 
2023-05-13 15:39:21,430 INFO used_ofi_add_2: 0.9183006535947712 , std 0.27390612114771584 
2023-05-13 15:39:21,430 INFO used_ofi_add_3: 0.8978758169934641 , std 0.3028115490726592 
2023-05-13 15:39:21,430 INFO used_ofi_add_4: 0.863562091503268 , std 0.343252976129515 
2023-05-13 15:39:21,430 INFO used_ofi_add_5: 0.8888888888888888 , std 0.3142696805273545 
2023-05-13 15:39:21,430 INFO used_ofi_cancel_1: 0.8799019607843137 , std 0.32507614522175227 
2023-05-13 15:39:21,430 INFO used_ofi_cancel_2: 0.8978758169934641 , std 0.3028115490726592 
2023-05-13 15:39:21,430 INFO used_ofi_cancel_3: 0.8243464052287581 , std 0.38052517579679557 
2023-05-13 15:39:21,430 INFO used_ofi_cancel_4: 0.7712418300653595 , std 0.42003317681201646 
2023-05-13 15:39:21,430 INFO used_ofi_cancel_5: 0.8063725490196079 , std 0.3951403057234582 
2023-05-13 15:39:21,430 INFO used_ofi_trade_1: 0.8374183006535948 , std 0.36898359094144056 
2023-05-13 15:39:21,430 INFO used_ofi_trade_2: 0.6968954248366013 , std 0.45960003446302555 
2023-05-13 15:39:21,430 INFO used_ofi_trade_3: 0.6176470588235294 , std 0.4859621071134796 
2023-05-13 15:39:21,430 INFO used_ofi_trade_4: 0.6127450980392157 , std 0.4871227184890144 
2023-05-13 15:39:21,430 INFO used_ofi_trade_5: 0.6977124183006536 , std 0.45924916946000827 
2023-05-13 15:39:21,431 INFO Grouping by ofi type:
2023-05-13 15:39:21,431 INFO add: 4.522058823529411
2023-05-13 15:39:21,431 INFO cancel: 4.1797385620915035
2023-05-13 15:39:21,431 INFO trade: 3.462418300653595
2023-05-13 15:39:21,431 INFO Grouping by level:
2023-05-13 15:39:21,431 INFO 1: 2.6707516339869284
2023-05-13 15:39:21,431 INFO 2: 2.5130718954248366
2023-05-13 15:39:21,431 INFO 3: 2.3398692810457518
2023-05-13 15:39:21,431 INFO 4: 2.247549019607843
2023-05-13 15:39:21,431 INFO 5: 2.3929738562091503
2023-05-13 15:39:21,431 INFO Non empty regressions: 0.9967320261437909 --- 1220 / 1224
