2023-05-13 15:39:00,117 INFO Starting...
2023-05-13 15:39:00,118 INFO Tickers: ['NEE']
2023-05-13 15:39:02,042 INFO in_r2: 0.8137189845796486 , std 0.08676761443298651 
2023-05-13 15:39:02,042 INFO os_r2: 0.7181726034532498 , std 0.7533110830839533 
2023-05-13 15:39:02,042 INFO intercept: 3.635392228983211e-07 , std 8.733970059727664e-06 
2023-05-13 15:39:02,042 INFO ofi_add_1: 9.315517224775631e-05 , std 7.200508089595257e-05 
2023-05-13 15:39:02,042 INFO ofi_add_2: 0.00010855808747758473 , std 6.743991478083797e-05 
2023-05-13 15:39:02,042 INFO ofi_add_3: 7.621506555425987e-05 , std 5.862552145786754e-05 
2023-05-13 15:39:02,042 INFO ofi_add_4: 5.631461496294674e-05 , std 5.1266855920153506e-05 
2023-05-13 15:39:02,042 INFO ofi_add_5: 7.615841017466002e-05 , std 5.7696473889358674e-05 
2023-05-13 15:39:02,042 INFO ofi_cancel_1: 0.00010818959577333028 , std 8.854276141784838e-05 
2023-05-13 15:39:02,042 INFO ofi_cancel_2: 0.00011239627989920302 , std 7.165973398949829e-05 
2023-05-13 15:39:02,042 INFO ofi_cancel_3: 6.852404684936205e-05 , std 5.7164401533633597e-05 
2023-05-13 15:39:02,042 INFO ofi_cancel_4: 5.034520516910003e-05 , std 5.4478675382415856e-05 
2023-05-13 15:39:02,042 INFO ofi_cancel_5: 6.288429426440884e-05 , std 5.854848892758031e-05 
2023-05-13 15:39:02,042 INFO ofi_trade_1: 0.00010653752773378205 , std 0.0001453612192246715 
2023-05-13 15:39:02,042 INFO ofi_trade_2: 0.00011041945061380926 , std 0.0001457261397149732 
2023-05-13 15:39:02,042 INFO ofi_trade_3: 9.909639939202562e-05 , std 0.0001270605477606506 
2023-05-13 15:39:02,042 INFO ofi_trade_4: 9.883390753506203e-05 , std 0.000136372677117258 
2023-05-13 15:39:02,042 INFO ofi_trade_5: 0.00012303277459674484 , std 0.00013196522391272536 
2023-05-13 15:39:02,042 INFO used_intercept: 1.0 , std 0.0 
2023-05-13 15:39:02,042 INFO used_ofi_add_1: 0.9339659944642151 , std 0.24834153025356998 
2023-05-13 15:39:02,042 INFO used_ofi_add_2: 0.966785290628707 , std 0.1791967981094348 
2023-05-13 15:39:02,042 INFO used_ofi_add_3: 0.9248714907077896 , std 0.26359858949497555 
2023-05-13 15:39:02,042 INFO used_ofi_add_4: 0.8841439304072756 , std 0.3200522468773656 
2023-05-13 15:39:02,042 INFO used_ofi_add_5: 0.9545274812178727 , std 0.20833811177443365 
2023-05-13 15:39:02,042 INFO used_ofi_cancel_1: 0.9027283511269276 , std 0.29632731092254405 
2023-05-13 15:39:02,042 INFO used_ofi_cancel_2: 0.9616449189402926 , std 0.19205199508625434 
2023-05-13 15:39:02,042 INFO used_ofi_cancel_3: 0.8845393436140767 , std 0.3195770536394236 
2023-05-13 15:39:02,042 INFO used_ofi_cancel_4: 0.8240411229735073 , std 0.3807851764736494 
2023-05-13 15:39:02,042 INFO used_ofi_cancel_5: 0.8975879794385132 , std 0.3031893774623385 
2023-05-13 15:39:02,042 INFO used_ofi_trade_1: 0.656781336496639 , std 0.47478375343552737 
2023-05-13 15:39:02,042 INFO used_ofi_trade_2: 0.701067615658363 , std 0.45779014180458366 
2023-05-13 15:39:02,042 INFO used_ofi_trade_3: 0.7164887307236062 , std 0.4507023734901803 
2023-05-13 15:39:02,042 INFO used_ofi_trade_4: 0.7251878212732306 , std 0.4464195841920643 
2023-05-13 15:39:02,042 INFO used_ofi_trade_5: 0.8133649663898774 , std 0.3896182719527807 
2023-05-13 15:39:02,043 INFO Grouping by ofi type:
2023-05-13 15:39:02,043 INFO add: 4.66429418742586
2023-05-13 15:39:02,043 INFO cancel: 4.470541716093317
2023-05-13 15:39:02,043 INFO trade: 3.612890470541716
2023-05-13 15:39:02,043 INFO Grouping by level:
2023-05-13 15:39:02,043 INFO 1: 2.493475682087782
2023-05-13 15:39:02,043 INFO 2: 2.6294978252273626
2023-05-13 15:39:02,043 INFO 3: 2.5258995650454725
2023-05-13 15:39:02,043 INFO 4: 2.4333728746540135
2023-05-13 15:39:02,043 INFO 5: 2.6654804270462633
2023-05-13 15:39:02,043 INFO Non empty regressions: 0.9996045867931989 --- 2528 / 2529
