2023-05-13 15:38:25,373 INFO Starting...
2023-05-13 15:38:25,374 INFO Tickers: ['NFLX']
2023-05-13 15:38:28,373 INFO in_r2: 0.8400916374367481 , std 0.07505757199585222 
2023-05-13 15:38:28,373 INFO os_r2: 0.7782244554984897 , std 0.13344058194809386 
2023-05-13 15:38:28,373 INFO intercept: 9.299187263335351e-07 , std 1.909487461457781e-05 
2023-05-13 15:38:28,373 INFO ofi_add_1: 5.007470823758862e-05 , std 4.443136988434961e-05 
2023-05-13 15:38:28,373 INFO ofi_add_2: 6.256907645854405e-05 , std 5.153722558896937e-05 
2023-05-13 15:38:28,373 INFO ofi_add_3: 6.21938163981973e-05 , std 5.091128740869402e-05 
2023-05-13 15:38:28,373 INFO ofi_add_4: 5.762347488685882e-05 , std 5.134264451941896e-05 
2023-05-13 15:38:28,373 INFO ofi_add_5: 0.00012972170768654049 , std 7.210895337605446e-05 
2023-05-13 15:38:28,373 INFO ofi_cancel_1: 4.998181802600342e-05 , std 5.683800044378439e-05 
2023-05-13 15:38:28,373 INFO ofi_cancel_2: 6.10761061798494e-05 , std 5.395264039000236e-05 
2023-05-13 15:38:28,373 INFO ofi_cancel_3: 5.8508815306067e-05 , std 5.2472034211388444e-05 
2023-05-13 15:38:28,373 INFO ofi_cancel_4: 5.489893018834773e-05 , std 5.304827046832841e-05 
2023-05-13 15:38:28,374 INFO ofi_cancel_5: 0.00012621348287046022 , std 7.419826186070171e-05 
2023-05-13 15:38:28,374 INFO ofi_trade_1: 4.9525971466272874e-05 , std 6.119359280962408e-05 
2023-05-13 15:38:28,374 INFO ofi_trade_2: 5.7316868631609374e-05 , std 6.458270766463719e-05 
2023-05-13 15:38:28,374 INFO ofi_trade_3: 6.245822437000118e-05 , std 6.763567853188741e-05 
2023-05-13 15:38:28,374 INFO ofi_trade_4: 6.218329894051608e-05 , std 6.65809196022543e-05 
2023-05-13 15:38:28,374 INFO ofi_trade_5: 0.0001409404340710464 , std 9.006274678276865e-05 
2023-05-13 15:38:28,374 INFO used_intercept: 0.9998597672135745 , std 0.011841162155425359 
2023-05-13 15:38:28,374 INFO used_ofi_add_1: 0.8834665544804375 , std 0.32086352487451986 
2023-05-13 15:38:28,374 INFO used_ofi_add_2: 0.9310054690786705 , std 0.25344483743859364 
2023-05-13 15:38:28,374 INFO used_ofi_add_3: 0.93381012480718 , std 0.24861370761641238 
2023-05-13 15:38:28,374 INFO used_ofi_add_4: 0.9151591642125929 , std 0.2786446991606001 
2023-05-13 15:38:28,374 INFO used_ofi_add_5: 0.9973355770579161 , std 0.051549236584740574 
2023-05-13 15:38:28,374 INFO used_ofi_cancel_1: 0.7491235450848408 , std 0.4335175420722456 
2023-05-13 15:38:28,374 INFO used_ofi_cancel_2: 0.8854298134903941 , std 0.31850252569290566 
2023-05-13 15:38:28,374 INFO used_ofi_cancel_3: 0.889636797083158 , std 0.31334193201481647 
2023-05-13 15:38:28,374 INFO used_ofi_cancel_4: 0.8791193381012481 , std 0.32598853887471496 
2023-05-13 15:38:28,374 INFO used_ofi_cancel_5: 0.9869583508624317 , std 0.11345291765900481 
2023-05-13 15:38:28,374 INFO used_ofi_trade_1: 0.7395877156079091 , std 0.4388595749551144 
2023-05-13 15:38:28,374 INFO used_ofi_trade_2: 0.77142055812649 , std 0.41991770696924013 
2023-05-13 15:38:28,374 INFO used_ofi_trade_3: 0.7976440891880522 , std 0.40175614017885886 
2023-05-13 15:38:28,374 INFO used_ofi_trade_4: 0.8019913055672416 , std 0.39849874700153437 
2023-05-13 15:38:28,374 INFO used_ofi_trade_5: 0.9659234328986117 , std 0.18142589306924436 
2023-05-13 15:38:28,375 INFO Grouping by ofi type:
2023-05-13 15:38:28,376 INFO add: 4.6607768896367965
2023-05-13 15:38:28,376 INFO cancel: 4.390267844622072
2023-05-13 15:38:28,376 INFO trade: 4.076567101388305
2023-05-13 15:38:28,376 INFO Grouping by level:
2023-05-13 15:38:28,376 INFO 1: 2.3721778151731874
2023-05-13 15:38:28,376 INFO 2: 2.5878558406955547
2023-05-13 15:38:28,376 INFO 3: 2.62109101107839
2023-05-13 15:38:28,376 INFO 4: 2.5962698078810824
2023-05-13 15:38:28,376 INFO 5: 2.9502173608189595
2023-05-13 15:38:28,376 INFO Non empty regressions: 0.9998597672135745 --- 7130 / 7131
