2023-05-13 15:38:22,705 INFO Starting...
2023-05-13 15:38:22,705 INFO Tickers: ['PM']
2023-05-13 15:38:25,368 INFO in_r2: 0.8936830674030428 , std 0.05612625556238667 
2023-05-13 15:38:25,368 INFO os_r2: 0.8544763511836228 , std 0.16649530981468275 
2023-05-13 15:38:25,368 INFO intercept: 9.916073659781544e-08 , std 7.668571348365702e-06 
2023-05-13 15:38:25,368 INFO ofi_add_1: 9.486328574079596e-05 , std 7.008941498704401e-05 
2023-05-13 15:38:25,368 INFO ofi_add_2: 0.00011627845096852605 , std 7.040712878428598e-05 
2023-05-13 15:38:25,368 INFO ofi_add_3: 8.463405086398822e-05 , std 5.802795739911355e-05 
2023-05-13 15:38:25,368 INFO ofi_add_4: 8.729096237034146e-05 , std 5.7899710367452763e-05 
2023-05-13 15:38:25,368 INFO ofi_add_5: 0.00012173680764696373 , std 7.329189448741094e-05 
2023-05-13 15:38:25,368 INFO ofi_cancel_1: 8.600966010562059e-05 , std 7.736062273683293e-05 
2023-05-13 15:38:25,368 INFO ofi_cancel_2: 0.00011748525735355474 , std 7.223362202577287e-05 
2023-05-13 15:38:25,368 INFO ofi_cancel_3: 7.918276580194619e-05 , std 6.005045859746143e-05 
2023-05-13 15:38:25,368 INFO ofi_cancel_4: 7.933242263296016e-05 , std 6.145313357925834e-05 
2023-05-13 15:38:25,368 INFO ofi_cancel_5: 0.00011356489143867393 , std 7.895030037170466e-05 
2023-05-13 15:38:25,368 INFO ofi_trade_1: 7.985814102191074e-05 , std 0.0001192764145653396 
2023-05-13 15:38:25,368 INFO ofi_trade_2: 0.00011101028449335349 , std 0.00010796173415543464 
2023-05-13 15:38:25,368 INFO ofi_trade_3: 9.338518826396076e-05 , std 9.400595166807234e-05 
2023-05-13 15:38:25,368 INFO ofi_trade_4: 0.0001023792030839367 , std 8.905372753345021e-05 
2023-05-13 15:38:25,368 INFO ofi_trade_5: 0.00013638403373273652 , std 0.00010544706160382275 
2023-05-13 15:38:25,369 INFO used_intercept: 0.9998505008222455 , std 0.012226071640161984 
2023-05-13 15:38:25,369 INFO used_ofi_add_1: 0.9463297951861265 , std 0.2253657337065917 
2023-05-13 15:38:25,369 INFO used_ofi_add_2: 0.9751831364927492 , std 0.15556666350125659 
2023-05-13 15:38:25,369 INFO used_ofi_add_3: 0.9490207803857079 , std 0.21995531087429987 
2023-05-13 15:38:25,369 INFO used_ofi_add_4: 0.9491702795634624 , std 0.219649857630004 
2023-05-13 15:38:25,369 INFO used_ofi_add_5: 0.9832560920914934 , std 0.12831036379208796 
2023-05-13 15:38:25,369 INFO used_ofi_cancel_1: 0.8273284496935267 , std 0.37796307494414366 
2023-05-13 15:38:25,369 INFO used_ofi_cancel_2: 0.959934220361788 , std 0.19611352054408238 
2023-05-13 15:38:25,369 INFO used_ofi_cancel_3: 0.9088055015697414 , std 0.28788550134786606 
2023-05-13 15:38:25,369 INFO used_ofi_cancel_4: 0.9067125130811781 , std 0.2908348873556826 
2023-05-13 15:38:25,369 INFO used_ofi_cancel_5: 0.9472267902526537 , std 0.2235804062978439 
2023-05-13 15:38:25,369 INFO used_ofi_trade_1: 0.5006727462998953 , std 0.49999954741221114 
2023-05-13 15:38:25,369 INFO used_ofi_trade_2: 0.7714157572133353 , std 0.41992081007770005 
2023-05-13 15:38:25,369 INFO used_ofi_trade_3: 0.7968306174316041 , std 0.4023575332402423 
2023-05-13 15:38:25,369 INFO used_ofi_trade_4: 0.8484078337569143 , std 0.3586251265274288 
2023-05-13 15:38:25,369 INFO used_ofi_trade_5: 0.9089550007474959 , std 0.28767309113578143 
2023-05-13 15:38:25,370 INFO Grouping by ofi type:
2023-05-13 15:38:25,370 INFO add: 4.802960083719539
2023-05-13 15:38:25,370 INFO cancel: 4.550007474958887
2023-05-13 15:38:25,370 INFO trade: 3.826281955449245
2023-05-13 15:38:25,370 INFO Grouping by level:
2023-05-13 15:38:25,370 INFO 1: 2.2743309911795486
2023-05-13 15:38:25,370 INFO 2: 2.706533114067873
2023-05-13 15:38:25,370 INFO 3: 2.6546568993870534
2023-05-13 15:38:25,370 INFO 4: 2.704290626401555
2023-05-13 15:38:25,370 INFO 5: 2.839437883091643
2023-05-13 15:38:25,370 INFO Non empty regressions: 1.0 --- 6689 / 6689
