2023-05-13 15:39:02,815 INFO Starting...
2023-05-13 15:39:02,815 INFO Tickers: ['SBUX']
2023-05-13 15:39:05,546 INFO in_r2: 0.9597754197288225 , std 0.03381416380564138 
2023-05-13 15:39:05,546 INFO os_r2: 0.927548683273384 , std 0.11828575629093949 
2023-05-13 15:39:05,547 INFO intercept: 5.139901621794184e-07 , std 4.090801055730473e-06 
2023-05-13 15:39:05,547 INFO ofi_add_1: 6.490113993327918e-05 , std 6.079854914363087e-05 
2023-05-13 15:39:05,547 INFO ofi_add_2: 0.00014421004008398274 , std 8.055680269103256e-05 
2023-05-13 15:39:05,547 INFO ofi_add_3: 0.0001271140885704479 , std 7.349087367658305e-05 
2023-05-13 15:39:05,547 INFO ofi_add_4: 0.00010536600413496722 , std 6.930418833742243e-05 
2023-05-13 15:39:05,547 INFO ofi_add_5: 0.0001918560552925187 , std 0.00010404735451568646 
2023-05-13 15:39:05,547 INFO ofi_cancel_1: 3.072984525228659e-05 , std 4.400919427795815e-05 
2023-05-13 15:39:05,547 INFO ofi_cancel_2: 9.851237225665095e-05 , std 8.099127913568745e-05 
2023-05-13 15:39:05,547 INFO ofi_cancel_3: 0.00011693655708424551 , std 7.715574516063288e-05 
2023-05-13 15:39:05,547 INFO ofi_cancel_4: 0.00010687029073693211 , std 7.528670651375356e-05 
2023-05-13 15:39:05,547 INFO ofi_cancel_5: 0.000181063118925175 , std 0.00011157212781998494 
2023-05-13 15:39:05,547 INFO ofi_trade_1: 2.1960596520733664e-05 , std 6.098112579269202e-05 
2023-05-13 15:39:05,547 INFO ofi_trade_2: 0.00014840958832730005 , std 0.00010456751183868047 
2023-05-13 15:39:05,547 INFO ofi_trade_3: 0.00012965035243360203 , std 9.115303558440984e-05 
2023-05-13 15:39:05,547 INFO ofi_trade_4: 0.00010978334708640546 , std 8.059829578620985e-05 
2023-05-13 15:39:05,547 INFO ofi_trade_5: 0.00017830184399098332 , std 0.0001119092513005055 
2023-05-13 15:39:05,547 INFO used_intercept: 0.9994542974079127 , std 0.023353903330456383 
2023-05-13 15:39:05,547 INFO used_ofi_add_1: 0.9156889495225102 , std 0.277853733544957 
2023-05-13 15:39:05,547 INFO used_ofi_add_2: 0.9815825375170532 , std 0.13445541848001533 
2023-05-13 15:39:05,547 INFO used_ofi_add_3: 0.9485675306957708 , std 0.22087818001219292 
2023-05-13 15:39:05,547 INFO used_ofi_add_4: 0.9398362892223738 , std 0.2377899045020464 
2023-05-13 15:39:05,547 INFO used_ofi_add_5: 0.973806275579809 , std 0.1597110303679432 
2023-05-13 15:39:05,547 INFO used_ofi_cancel_1: 0.5598908594815826 , std 0.49640012585670984 
2023-05-13 15:39:05,547 INFO used_ofi_cancel_2: 0.7886766712141883 , std 0.40824720390554475 
2023-05-13 15:39:05,547 INFO used_ofi_cancel_3: 0.9 , std 0.3 
2023-05-13 15:39:05,547 INFO used_ofi_cancel_4: 0.9120054570259208 , std 0.2832869629560494 
2023-05-13 15:39:05,547 INFO used_ofi_cancel_5: 0.9069577080491132 , std 0.2904916932709311 
2023-05-13 15:39:05,547 INFO used_ofi_trade_1: 0.23942701227830832 , std 0.42673377891818115 
2023-05-13 15:39:05,547 INFO used_ofi_trade_2: 0.8923601637107776 , std 0.3099249940434811 
2023-05-13 15:39:05,547 INFO used_ofi_trade_3: 0.896043656207367 , std 0.30520390295325667 
2023-05-13 15:39:05,548 INFO used_ofi_trade_4: 0.8854024556616644 , std 0.318535629357155 
2023-05-13 15:39:05,548 INFO used_ofi_trade_5: 0.921418826739427 , std 0.26908395059825624 
2023-05-13 15:39:05,548 INFO Grouping by ofi type:
2023-05-13 15:39:05,548 INFO add: 4.759481582537517
2023-05-13 15:39:05,548 INFO cancel: 4.067530695770805
2023-05-13 15:39:05,548 INFO trade: 3.834652114597544
2023-05-13 15:39:05,548 INFO Grouping by level:
2023-05-13 15:39:05,548 INFO 1: 1.715006821282401
2023-05-13 15:39:05,549 INFO 2: 2.662619372442019
2023-05-13 15:39:05,549 INFO 3: 2.744611186903138
2023-05-13 15:39:05,549 INFO 4: 2.737244201909959
2023-05-13 15:39:05,549 INFO 5: 2.8021828103683495
2023-05-13 15:39:05,549 INFO Non empty regressions: 0.9997271487039563 --- 7328 / 7330
