2023-05-13 15:40:19,567 INFO Starting...
2023-05-13 15:40:19,567 INFO Tickers: ['SYK']
2023-05-13 15:40:20,857 INFO in_r2: 0.6860276369853383 , std 0.16341368226144648 
2023-05-13 15:40:20,858 INFO os_r2: 0.5270876748245248 , std 0.3170381044877689 
2023-05-13 15:40:20,858 INFO intercept: 1.193654536486707e-06 , std 1.9885555343368805e-05 
2023-05-13 15:40:20,858 INFO ofi_add_1: 0.00015032334903880985 , std 0.00014821339054711544 
2023-05-13 15:40:20,858 INFO ofi_add_2: 0.00017298633697724813 , std 0.00016634897967529182 
2023-05-13 15:40:20,858 INFO ofi_add_3: 0.00013491658339433396 , std 0.0001565048693700672 
2023-05-13 15:40:20,858 INFO ofi_add_4: 0.00011619155513684455 , std 0.00019123018487022625 
2023-05-13 15:40:20,858 INFO ofi_add_5: 0.00014798264177331568 , std 0.0002072366012528958 
2023-05-13 15:40:20,858 INFO ofi_cancel_1: 0.0001829696201216678 , std 0.00018909401066851542 
2023-05-13 15:40:20,858 INFO ofi_cancel_2: 0.0001725583388792105 , std 0.00017516909784410345 
2023-05-13 15:40:20,858 INFO ofi_cancel_3: 0.00012732802994111197 , std 0.00016587511663781557 
2023-05-13 15:40:20,858 INFO ofi_cancel_4: 9.846863792427533e-05 , std 0.0001873721997321697 
2023-05-13 15:40:20,858 INFO ofi_cancel_5: 0.00014114387009976526 , std 0.00020591333973569122 
2023-05-13 15:40:20,858 INFO ofi_trade_1: 0.00022665630624118017 , std 0.00029366385659890693 
2023-05-13 15:40:20,858 INFO ofi_trade_2: 0.00018697512661240129 , std 0.00027760209170474726 
2023-05-13 15:40:20,858 INFO ofi_trade_3: 0.0001610400933778578 , std 0.0002898467188039171 
2023-05-13 15:40:20,858 INFO ofi_trade_4: 0.00016187867660366867 , std 0.00031435255859072587 
2023-05-13 15:40:20,858 INFO ofi_trade_5: 0.00025041862311747334 , std 0.0003958730659945421 
2023-05-13 15:40:20,859 INFO used_intercept: 1.0 , std 0.0 
2023-05-13 15:40:20,859 INFO used_ofi_add_1: 0.9283088235294118 , std 0.25797587423410584 
2023-05-13 15:40:20,859 INFO used_ofi_add_2: 0.9466911764705882 , std 0.22464859862309805 
2023-05-13 15:40:20,859 INFO used_ofi_add_3: 0.9007352941176471 , std 0.2990170965821903 
2023-05-13 15:40:20,859 INFO used_ofi_add_4: 0.8823529411764706 , std 0.32218973970892123 
2023-05-13 15:40:20,859 INFO used_ofi_add_5: 0.8823529411764706 , std 0.32218973970892123 
2023-05-13 15:40:20,859 INFO used_ofi_cancel_1: 0.9007352941176471 , std 0.2990170965821903 
2023-05-13 15:40:20,859 INFO used_ofi_cancel_2: 0.9025735294117647 , std 0.29653760877324653 
2023-05-13 15:40:20,859 INFO used_ofi_cancel_3: 0.8511029411764706 , std 0.3559869726510112 
2023-05-13 15:40:20,859 INFO used_ofi_cancel_4: 0.7757352941176471 , std 0.41709716802905134 
2023-05-13 15:40:20,859 INFO used_ofi_cancel_5: 0.8529411764705882 , std 0.35416454643506756 
2023-05-13 15:40:20,859 INFO used_ofi_trade_1: 0.8051470588235294 , std 0.3960874556096791 
2023-05-13 15:40:20,859 INFO used_ofi_trade_2: 0.7536764705882353 , std 0.43086917767449573 
2023-05-13 15:40:20,859 INFO used_ofi_trade_3: 0.6819852941176471 , std 0.46570522084781646 
2023-05-13 15:40:20,859 INFO used_ofi_trade_4: 0.6875 , std 0.46351240544347894 
2023-05-13 15:40:20,859 INFO used_ofi_trade_5: 0.7463235294117647 , std 0.4351146042804487 
2023-05-13 15:40:20,859 INFO Grouping by ofi type:
2023-05-13 15:40:20,860 INFO add: 4.540441176470589
2023-05-13 15:40:20,860 INFO cancel: 4.283088235294118
2023-05-13 15:40:20,860 INFO trade: 3.6746323529411766
2023-05-13 15:40:20,860 INFO Grouping by level:
2023-05-13 15:40:20,860 INFO 1: 2.6341911764705883
2023-05-13 15:40:20,860 INFO 2: 2.602941176470588
2023-05-13 15:40:20,860 INFO 3: 2.433823529411765
2023-05-13 15:40:20,860 INFO 4: 2.3455882352941178
2023-05-13 15:40:20,860 INFO 5: 2.4816176470588234
2023-05-13 15:40:20,860 INFO Non empty regressions: 0.9981617647058824 --- 543 / 544
