2023-05-13 15:37:13,471 INFO Starting...
2023-05-13 15:37:13,471 INFO Tickers: ['T']
2023-05-13 15:37:15,996 INFO in_r2: 0.960035717325174 , std 0.05379828442454047 
2023-05-13 15:37:15,996 INFO os_r2: 0.8918041396066687 , std 0.29793582898189824 
2023-05-13 15:37:15,996 INFO intercept: 2.2755857941524256e-07 , std 4.039915826792101e-06 
2023-05-13 15:37:15,996 INFO ofi_add_1: 7.574549342726991e-05 , std 7.913412162097993e-05 
2023-05-13 15:37:15,996 INFO ofi_add_2: 0.00027555628872310753 , std 0.00016108356515113562 
2023-05-13 15:37:15,996 INFO ofi_add_3: 0.00010503778028221549 , std 0.00011088191791164314 
2023-05-13 15:37:15,996 INFO ofi_add_4: 0.00022547031025721973 , std 0.000167570018063939 
2023-05-13 15:37:15,996 INFO ofi_add_5: 0.00024286320046509188 , std 0.00019961141497215016 
2023-05-13 15:37:15,996 INFO ofi_cancel_1: 3.9197339671303485e-05 , std 6.30671047421295e-05 
2023-05-13 15:37:15,996 INFO ofi_cancel_2: 9.998083536928705e-05 , std 0.0001245346064270129 
2023-05-13 15:37:15,996 INFO ofi_cancel_3: 0.00010390149403777351 , std 0.00011682124251289757 
2023-05-13 15:37:15,996 INFO ofi_cancel_4: 0.0001684732747994692 , std 0.0001840891734879915 
2023-05-13 15:37:15,996 INFO ofi_cancel_5: 0.00022857786615992147 , std 0.0002476507584358646 
2023-05-13 15:37:15,996 INFO ofi_trade_1: 2.2212708483540437e-05 , std 8.499771014978093e-05 
2023-05-13 15:37:15,996 INFO ofi_trade_2: 0.0002567226150707642 , std 0.00017855338719863546 
2023-05-13 15:37:15,996 INFO ofi_trade_3: 0.00017756060399746207 , std 0.00014500883251050684 
2023-05-13 15:37:15,997 INFO ofi_trade_4: 0.00020365049993255417 , std 0.00017034294533216417 
2023-05-13 15:37:15,997 INFO ofi_trade_5: 0.00021749132281933276 , std 0.00020070350310031953 
2023-05-13 15:37:15,997 INFO used_intercept: 0.9998634252936356 , std 0.011685720076827222 
2023-05-13 15:37:15,997 INFO used_ofi_add_1: 0.9584812892652281 , std 0.19948660955987566 
2023-05-13 15:37:15,997 INFO used_ofi_add_2: 0.989620322316307 , std 0.10135057954879008 
2023-05-13 15:37:15,997 INFO used_ofi_add_3: 0.7751980333242283 , std 0.4174518444736792 
2023-05-13 15:37:15,997 INFO used_ofi_add_4: 0.8544113630155695 , std 0.3526933310475919 
2023-05-13 15:37:15,997 INFO used_ofi_add_5: 0.7810707456978967 , std 0.4135205386831811 
2023-05-13 15:37:15,997 INFO used_ofi_cancel_1: 0.565555859054903 , std 0.49568379975905374 
2023-05-13 15:37:15,997 INFO used_ofi_cancel_2: 0.5767549849767823 , std 0.49407354946527343 
2023-05-13 15:37:15,997 INFO used_ofi_cancel_3: 0.7261677137394155 , std 0.4459239456027068 
2023-05-13 15:37:15,997 INFO used_ofi_cancel_4: 0.6342529363561868 , std 0.4816390236263478 
2023-05-13 15:37:15,997 INFO used_ofi_cancel_5: 0.589183283255941 , std 0.4919820545382632 
2023-05-13 15:37:15,997 INFO used_ofi_trade_1: 0.15651461349358098 , std 0.36334252332549233 
2023-05-13 15:37:15,997 INFO used_ofi_trade_2: 0.8865064190111991 , std 0.31719518921815215 
2023-05-13 15:37:15,997 INFO used_ofi_trade_3: 0.8568697077301284 , std 0.3502056705774662 
2023-05-13 15:37:15,997 INFO used_ofi_trade_4: 0.7944550669216062 , std 0.4040992620188664 
2023-05-13 15:37:15,997 INFO used_ofi_trade_5: 0.7346353455340071 , std 0.4415271844701491 
2023-05-13 15:37:15,998 INFO Grouping by ofi type:
2023-05-13 15:37:15,998 INFO add: 4.35878175361923
2023-05-13 15:37:15,998 INFO cancel: 3.091914777383229
2023-05-13 15:37:15,998 INFO trade: 3.428981152690522
2023-05-13 15:37:15,998 INFO Grouping by level:
2023-05-13 15:37:15,998 INFO 1: 1.680551761813712
2023-05-13 15:37:15,998 INFO 2: 2.4528817263042884
2023-05-13 15:37:15,998 INFO 3: 2.358235454793772
2023-05-13 15:37:15,998 INFO 4: 2.2831193662933624
2023-05-13 15:37:15,998 INFO 5: 2.1048893744878447
2023-05-13 15:37:15,999 INFO Non empty regressions: 0.9994537011745425 --- 7318 / 7322
