2023-05-13 15:38:44,370 INFO Starting...
2023-05-13 15:38:44,370 INFO Tickers: ['UNP']
2023-05-13 15:38:46,811 INFO in_r2: 0.8686965297750953 , std 0.06508070958327777 
2023-05-13 15:38:46,812 INFO os_r2: 0.8181104927842604 , std 0.3621794685735297 
2023-05-13 15:38:46,812 INFO intercept: -5.554678158073728e-07 , std 9.460089413242636e-06 
2023-05-13 15:38:46,812 INFO ofi_add_1: 9.504397319222682e-05 , std 6.597877250408576e-05 
2023-05-13 15:38:46,812 INFO ofi_add_2: 0.00010663733728387282 , std 6.509784720337483e-05 
2023-05-13 15:38:46,812 INFO ofi_add_3: 8.086595009487114e-05 , std 5.783223924850536e-05 
2023-05-13 15:38:46,812 INFO ofi_add_4: 6.378777099168119e-05 , std 5.344299997860879e-05 
2023-05-13 15:38:46,812 INFO ofi_add_5: 9.893851405738068e-05 , std 6.461984282210287e-05 
2023-05-13 15:38:46,812 INFO ofi_cancel_1: 9.895320153236855e-05 , std 7.587440311597517e-05 
2023-05-13 15:38:46,812 INFO ofi_cancel_2: 0.00011058257151082141 , std 6.893821893071408e-05 
2023-05-13 15:38:46,812 INFO ofi_cancel_3: 7.15570397259041e-05 , std 5.8950282372374726e-05 
2023-05-13 15:38:46,812 INFO ofi_cancel_4: 5.411886089752292e-05 , std 5.324577379583453e-05 
2023-05-13 15:38:46,812 INFO ofi_cancel_5: 8.66911408775284e-05 , std 6.669073421871602e-05 
2023-05-13 15:38:46,812 INFO ofi_trade_1: 0.00010255608635406784 , std 0.00011673282818937517 
2023-05-13 15:38:46,812 INFO ofi_trade_2: 9.491212207976958e-05 , std 0.00010485151115548308 
2023-05-13 15:38:46,812 INFO ofi_trade_3: 8.439880505199855e-05 , std 9.894898420651768e-05 
2023-05-13 15:38:46,812 INFO ofi_trade_4: 8.119443560448337e-05 , std 9.4175121412011e-05 
2023-05-13 15:38:46,812 INFO ofi_trade_5: 0.00011943705563867694 , std 0.00011147295649429828 
2023-05-13 15:38:46,812 INFO used_intercept: 1.0 , std 0.0 
2023-05-13 15:38:46,812 INFO used_ofi_add_1: 0.9466549295774648 , std 0.2247206574486422 
2023-05-13 15:38:46,812 INFO used_ofi_add_2: 0.9741197183098591 , std 0.1587781241537379 
2023-05-13 15:38:46,812 INFO used_ofi_add_3: 0.9426056338028169 , std 0.23259461069854293 
2023-05-13 15:38:46,812 INFO used_ofi_add_4: 0.9054577464788732 , std 0.29258163958162814 
2023-05-13 15:38:46,813 INFO used_ofi_add_5: 0.9804577464788733 , std 0.13842092995079455 
2023-05-13 15:38:46,813 INFO used_ofi_cancel_1: 0.8785211267605634 , std 0.3266829603697039 
2023-05-13 15:38:46,813 INFO used_ofi_cancel_2: 0.9545774647887324 , std 0.20822902897110374 
2023-05-13 15:38:46,813 INFO used_ofi_cancel_3: 0.8931338028169014 , std 0.3089430579940609 
2023-05-13 15:38:46,813 INFO used_ofi_cancel_4: 0.844894366197183 , std 0.3620053537800834 
2023-05-13 15:38:46,813 INFO used_ofi_cancel_5: 0.9403169014084507 , std 0.2368987681142743 
2023-05-13 15:38:46,813 INFO used_ofi_trade_1: 0.7346830985915493 , std 0.44150180433999264 
2023-05-13 15:38:46,813 INFO used_ofi_trade_2: 0.7676056338028169 , std 0.42235911823588307 
2023-05-13 15:38:46,813 INFO used_ofi_trade_3: 0.7610915492957746 , std 0.42641670099367834 
2023-05-13 15:38:46,813 INFO used_ofi_trade_4: 0.7753521126760563 , std 0.4173502294773927 
2023-05-13 15:38:46,813 INFO used_ofi_trade_5: 0.891725352112676 , std 0.31072696779037373 
2023-05-13 15:38:46,814 INFO Grouping by ofi type:
2023-05-13 15:38:46,814 INFO add: 4.749295774647887
2023-05-13 15:38:46,814 INFO cancel: 4.51144366197183
2023-05-13 15:38:46,814 INFO trade: 3.930457746478873
2023-05-13 15:38:46,814 INFO Grouping by level:
2023-05-13 15:38:46,814 INFO 1: 2.5598591549295775
2023-05-13 15:38:46,814 INFO 2: 2.6963028169014085
2023-05-13 15:38:46,814 INFO 3: 2.596830985915493
2023-05-13 15:38:46,814 INFO 4: 2.5257042253521127
2023-05-13 15:38:46,814 INFO 5: 2.8125
2023-05-13 15:38:46,814 INFO Non empty regressions: 0.9994718309859155 --- 5677 / 5680
