2023-05-13 12:30:04,646 INFO Starting...
2023-05-13 12:30:04,646 INFO Tickers: ['ABT']
2023-05-13 12:30:06,014 INFO in_r2: 0.9650297689619425 , std 0.032916820343827466 
2023-05-13 12:30:06,014 INFO os_r2: 0.9169762577672689 , std 0.4321165313231058 
2023-05-13 12:30:06,014 INFO intercept: -3.1630259767476264e-08 , std 4.11081063009075e-06 
2023-05-13 12:30:06,014 INFO ofi_add_1: 4.838867532456285e-05 , std 5.621434595104725e-05 
2023-05-13 12:30:06,014 INFO ofi_add_2: 8.594472293091533e-05 , std 6.20765071120266e-05 
2023-05-13 12:30:06,014 INFO ofi_add_3: 6.659484692538638e-05 , std 5.001531490218698e-05 
2023-05-13 12:30:06,014 INFO ofi_add_4: 5.318532959588533e-05 , std 4.74128240035306e-05 
2023-05-13 12:30:06,014 INFO ofi_add_5: 6.615355180637262e-05 , std 6.72247725293137e-05 
2023-05-13 12:30:06,014 INFO ofi_add_6: 0.00010094834743129021 , std 8.579066344463375e-05 
2023-05-13 12:30:06,014 INFO ofi_add_7: 0.00011221773031971608 , std 0.00010766464778063879 
2023-05-13 12:30:06,014 INFO ofi_add_8: 9.878759549429778e-05 , std 0.00012179719812437139 
2023-05-13 12:30:06,014 INFO ofi_add_9: 8.95457723771082e-05 , std 0.000129922686353512 
2023-05-13 12:30:06,014 INFO ofi_add_10: 0.0001102959263413737 , std 0.00014382391172264086 
2023-05-13 12:30:06,014 INFO ofi_cancel_1: 4.5210395930279565e-05 , std 6.172844539317775e-05 
2023-05-13 12:30:06,014 INFO ofi_cancel_2: 8.581282099537467e-05 , std 6.498863481570836e-05 
2023-05-13 12:30:06,014 INFO ofi_cancel_3: 6.695336379558047e-05 , std 5.2441357724675255e-05 
2023-05-13 12:30:06,014 INFO ofi_cancel_4: 5.2626325292316155e-05 , std 5.0273374551382034e-05 
2023-05-13 12:30:06,014 INFO ofi_cancel_5: 6.343173244721822e-05 , std 7.016478086346131e-05 
2023-05-13 12:30:06,014 INFO ofi_cancel_6: 9.941460132124549e-05 , std 9.67876758346012e-05 
2023-05-13 12:30:06,014 INFO ofi_cancel_7: 0.00010773683058896807 , std 0.00011486603942561558 
2023-05-13 12:30:06,014 INFO ofi_cancel_8: 0.00010200247043290027 , std 0.00014266506729994065 
2023-05-13 12:30:06,014 INFO ofi_cancel_9: 9.217895696160306e-05 , std 0.0001581172849744476 
2023-05-13 12:30:06,014 INFO ofi_cancel_10: 0.00011440774655894768 , std 0.0001794634350403533 
2023-05-13 12:30:06,014 INFO ofi_trade_1: 3.7339245787867926e-05 , std 0.00014643449111509892 
2023-05-13 12:30:06,014 INFO ofi_trade_2: 9.634002669557171e-05 , std 0.00014607778384501683 
2023-05-13 12:30:06,014 INFO ofi_trade_3: 7.159744143671142e-05 , std 0.00010042204750095323 
2023-05-13 12:30:06,014 INFO ofi_trade_4: 5.958793732483898e-05 , std 0.00010631942299870026 
2023-05-13 12:30:06,014 INFO ofi_trade_5: 7.211058220136208e-05 , std 0.0001486831344614733 
2023-05-13 12:30:06,014 INFO ofi_trade_6: 9.550734850029551e-05 , std 0.00016417323065676193 
2023-05-13 12:30:06,014 INFO ofi_trade_7: 9.07902050149513e-05 , std 0.00023750699900223956 
2023-05-13 12:30:06,014 INFO ofi_trade_8: 9.448182761102429e-05 , std 0.00021192633259853625 
2023-05-13 12:30:06,014 INFO ofi_trade_9: 8.75570533567229e-05 , std 0.000281446818102561 
2023-05-13 12:30:06,014 INFO ofi_trade_10: 0.00012048099190532716 , std 0.00023639097542378708 
2023-05-13 12:30:06,014 INFO t_intercept: -0.0025987051274781793 , std 1.0250923773694378 
2023-05-13 12:30:06,014 INFO t_ofi_add_1: 1.8415446674303633 , std 1.8354025024013734 
2023-05-13 12:30:06,014 INFO t_ofi_add_2: 2.756914937680891 , std 1.8406807452846203 
2023-05-13 12:30:06,014 INFO t_ofi_add_3: 2.4491531486719933 , std 1.7040702823037448 
2023-05-13 12:30:06,014 INFO t_ofi_add_4: 2.1128486090910594 , std 1.6638692252231642 
2023-05-13 12:30:06,014 INFO t_ofi_add_5: 2.2446450079567954 , std 2.127701855754138 
2023-05-13 12:30:06,014 INFO t_ofi_add_6: 2.597067793882653 , std 2.1410116302031725 
2023-05-13 12:30:06,014 INFO t_ofi_add_7: 2.209537578878933 , std 1.953102888849663 
2023-05-13 12:30:06,014 INFO t_ofi_add_8: 1.64387281263394 , std 1.7983996988823006 
2023-05-13 12:30:06,015 INFO t_ofi_add_9: 1.3969656415726508 , std 1.771152216896486 
2023-05-13 12:30:06,015 INFO t_ofi_add_10: 1.6945485532641504 , std 1.8811047238567518 
2023-05-13 12:30:06,015 INFO t_ofi_cancel_1: 1.394605156203595 , std 1.6474705045043634 
2023-05-13 12:30:06,015 INFO t_ofi_cancel_2: 2.6394616765643146 , std 1.7761451521730256 
2023-05-13 12:30:06,015 INFO t_ofi_cancel_3: 2.2955155795205684 , std 1.6533635952164871 
2023-05-13 12:30:06,015 INFO t_ofi_cancel_4: 1.9037600148774745 , std 1.5768574959346473 
2023-05-13 12:30:06,015 INFO t_ofi_cancel_5: 1.8933208990344772 , std 1.8790227920046796 
2023-05-13 12:30:06,015 INFO t_ofi_cancel_6: 2.2256200600438003 , std 2.0000016378492322 
2023-05-13 12:30:06,015 INFO t_ofi_cancel_7: 1.872595689352896 , std 1.7650743310483916 
2023-05-13 12:30:06,015 INFO t_ofi_cancel_8: 1.4439331329866365 , std 1.7128855297527514 
2023-05-13 12:30:06,015 INFO t_ofi_cancel_9: -279704491.42453015 , std 22798918915.23488 
2023-05-13 12:30:06,015 INFO t_ofi_cancel_10: 389995198.61949295 , std 31788795354.11659 
2023-05-13 12:30:06,015 INFO t_ofi_trade_1: 0.5018232325650271 , std 1.7487721429956777 
2023-05-13 12:30:06,015 INFO t_ofi_trade_2: 12880059982.51439 , std 1111717400199.231 
2023-05-13 12:30:06,015 INFO t_ofi_trade_3: -10628925781.924608 , std 1008891920521.9131 
2023-05-13 12:30:06,015 INFO t_ofi_trade_4: -7026089440.344689 , std 1156311432408.6235 
2023-05-13 12:30:06,015 INFO t_ofi_trade_5: -5980941294.451985 , std 599130636248.242 
2023-05-13 12:30:06,015 INFO t_ofi_trade_6: 10415866045.744871 , std 1186760411395.2168 
2023-05-13 12:30:06,015 INFO t_ofi_trade_7: -18951032903.03882 , std 1146722016852.595 
2023-05-13 12:30:06,015 INFO t_ofi_trade_8: -7994131724.016331 , std 1014789748841.4963 
2023-05-13 12:30:06,015 INFO t_ofi_trade_9: 9230574296.0631 , std 1310228499090.1963 
2023-05-13 12:30:06,015 INFO t_ofi_trade_10: -18266771244.766804 , std 1303912214096.4885 
2023-05-13 12:30:06,016 INFO Grouping by ofi type:
2023-05-13 12:30:06,016 INFO add: 20.947098751063432
2023-05-13 12:30:06,016 INFO cancel: 110290722.86377501
2023-05-13 12:30:06,016 INFO trade: -36321392063.719055
2023-05-13 12:30:06,016 INFO Grouping by level:
2023-05-13 12:30:06,016 INFO 1: 3.7379730561989857
2023-05-13 12:30:06,016 INFO 2: 12880059987.910769
2023-05-13 12:30:06,016 INFO 3: -10628925777.17994
2023-05-13 12:30:06,016 INFO 4: -7026089436.328081
2023-05-13 12:30:06,016 INFO 5: -5980941290.314019
2023-05-13 12:30:06,016 INFO 6: 10415866050.567558
2023-05-13 12:30:06,016 INFO 7: -18951032898.956684
2023-05-13 12:30:06,016 INFO 8: -7994131720.928525
2023-05-13 12:30:06,016 INFO 9: 8950869806.035536
2023-05-13 12:30:06,016 INFO 10: -17876776044.452763
2023-05-13 12:30:06,016 INFO Non empty regressions: 1.0 --- 6645 / 6645
