2023-05-13 12:30:17,428 INFO Starting...
2023-05-13 12:30:17,428 INFO Tickers: ['ACN']
2023-05-13 12:30:18,683 INFO in_r2: 0.8486302463702894 , std 0.06490649066557803 
2023-05-13 12:30:18,683 INFO os_r2: 0.7062941323931247 , std 0.7619029979707117 
2023-05-13 12:30:18,683 INFO intercept: -5.99777124332911e-08 , std 1.0108977573067548e-05 
2023-05-13 12:30:18,683 INFO ofi_add_1: 0.00010810886996585649 , std 8.134447196721299e-05 
2023-05-13 12:30:18,683 INFO ofi_add_2: 0.00011437240988971343 , std 8.210005904378015e-05 
2023-05-13 12:30:18,683 INFO ofi_add_3: 7.325997813378244e-05 , std 7.864972689736119e-05 
2023-05-13 12:30:18,683 INFO ofi_add_4: 4.401918006104609e-05 , std 7.940739907094486e-05 
2023-05-13 12:30:18,684 INFO ofi_add_5: 3.349721336514262e-05 , std 8.191499454316935e-05 
2023-05-13 12:30:18,684 INFO ofi_add_6: 2.6923391866162833e-05 , std 8.750797855187114e-05 
2023-05-13 12:30:18,684 INFO ofi_add_7: 1.970555132214636e-05 , std 9.30140288855639e-05 
2023-05-13 12:30:18,684 INFO ofi_add_8: 1.5181153869506311e-05 , std 9.535269241390463e-05 
2023-05-13 12:30:18,684 INFO ofi_add_9: 1.3216226005221772e-05 , std 9.25410706751737e-05 
2023-05-13 12:30:18,684 INFO ofi_add_10: 1.1528014250166509e-05 , std 7.880117573581616e-05 
2023-05-13 12:30:18,684 INFO ofi_cancel_1: 0.00012836008183252003 , std 9.416130710263138e-05 
2023-05-13 12:30:18,684 INFO ofi_cancel_2: 0.000128455874818486 , std 8.635604117484138e-05 
2023-05-13 12:30:18,684 INFO ofi_cancel_3: 7.175067534125161e-05 , std 8.08621844924407e-05 
2023-05-13 12:30:18,684 INFO ofi_cancel_4: 4.020357499213509e-05 , std 8.111001095370687e-05 
2023-05-13 12:30:18,684 INFO ofi_cancel_5: 2.8603542747278673e-05 , std 8.320592988197655e-05 
2023-05-13 12:30:18,684 INFO ofi_cancel_6: 2.0838751057427113e-05 , std 9.149661093656783e-05 
2023-05-13 12:30:18,684 INFO ofi_cancel_7: 1.4414163390484278e-05 , std 9.761111910290802e-05 
2023-05-13 12:30:18,684 INFO ofi_cancel_8: 1.0232535390086243e-05 , std 0.00010107525777472609 
2023-05-13 12:30:18,684 INFO ofi_cancel_9: 7.2501087388984855e-06 , std 9.336092329530435e-05 
2023-05-13 12:30:18,684 INFO ofi_cancel_10: 1.3266892511373826e-05 , std 8.11545718841078e-05 
2023-05-13 12:30:18,684 INFO ofi_trade_1: 8.991414792795489e-05 , std 0.00018375055561805528 
2023-05-13 12:30:18,684 INFO ofi_trade_2: 8.566843273032603e-05 , std 0.00018896160219945192 
2023-05-13 12:30:18,684 INFO ofi_trade_3: 4.239195863250096e-05 , std 0.00019901765781210425 
2023-05-13 12:30:18,684 INFO ofi_trade_4: 3.327066116172317e-05 , std 0.00021016946996187387 
2023-05-13 12:30:18,684 INFO ofi_trade_5: 3.887503915340271e-05 , std 0.0002270123276823669 
2023-05-13 12:30:18,684 INFO ofi_trade_6: 5.11890185216614e-05 , std 0.0002274425086091711 
2023-05-13 12:30:18,684 INFO ofi_trade_7: 5.950609496329007e-05 , std 0.0002330042905672144 
2023-05-13 12:30:18,684 INFO ofi_trade_8: 6.836503642035709e-05 , std 0.0002477886517352744 
2023-05-13 12:30:18,685 INFO ofi_trade_9: 7.809148836297165e-05 , std 0.00023463137569554478 
2023-05-13 12:30:18,685 INFO ofi_trade_10: 9.140340139964995e-05 , std 0.00023048373412740242 
2023-05-13 12:30:18,685 INFO t_intercept: 0.010712368684847698 , std 1.0237344046555583 
2023-05-13 12:30:18,685 INFO t_ofi_add_1: 2.4919571271543464 , std 1.471959087662387 
2023-05-13 12:30:18,685 INFO t_ofi_add_2: 2.3803924173692446 , std 1.3546759271077191 
2023-05-13 12:30:18,685 INFO t_ofi_add_3: 1.4751393965067645 , std 1.261848338739239 
2023-05-13 12:30:18,685 INFO t_ofi_add_4: 0.8562513542282215 , std 1.2061836978293707 
2023-05-13 12:30:18,685 INFO t_ofi_add_5: 0.633167975882588 , std 1.1947898468273728 
2023-05-13 12:30:18,685 INFO t_ofi_add_6: 0.5092325718942414 , std 1.2065949142960148 
2023-05-13 12:30:18,685 INFO t_ofi_add_7: 0.35530458023970174 , std 1.2292124121082695 
2023-05-13 12:30:18,685 INFO t_ofi_add_8: 0.2923496967827852 , std 1.2356523815421174 
2023-05-13 12:30:18,685 INFO t_ofi_add_9: 0.2567188907510674 , std 1.2477071525737915 
2023-05-13 12:30:18,685 INFO t_ofi_add_10: 0.2878546062645899 , std 1.2815931867463235 
2023-05-13 12:30:18,685 INFO t_ofi_cancel_1: 2.503510844654312 , std 1.4261301460847766 
2023-05-13 12:30:18,685 INFO t_ofi_cancel_2: 2.543755883911402 , std 1.3422855469782515 
2023-05-13 12:30:18,685 INFO t_ofi_cancel_3: 1.3852757188289013 , std 1.2832070724661908 
2023-05-13 12:30:18,685 INFO t_ofi_cancel_4: 0.7438762793318406 , std 1.1892289120641732 
2023-05-13 12:30:18,685 INFO t_ofi_cancel_5: 0.5181866389923135 , std 1.16966420359176 
2023-05-13 12:30:18,685 INFO t_ofi_cancel_6: 0.35769266696924845 , std 1.227614364733612 
2023-05-13 12:30:18,685 INFO t_ofi_cancel_7: 0.23550281258177785 , std 1.2164812143148924 
2023-05-13 12:30:18,685 INFO t_ofi_cancel_8: 0.17934936952988867 , std 1.217805992134917 
2023-05-13 12:30:18,685 INFO t_ofi_cancel_9: 0.13298586858501543 , std 1.2234603015295755 
2023-05-13 12:30:18,685 INFO t_ofi_cancel_10: 0.28496686068764876 , std 1.2733108508150082 
2023-05-13 12:30:18,685 INFO t_ofi_trade_1: 0.8126507911504903 , std 1.3715548240370825 
2023-05-13 12:30:18,686 INFO t_ofi_trade_2: 0.7561240246027833 , std 1.3182399960876114 
2023-05-13 12:30:18,686 INFO t_ofi_trade_3: 0.4612529689710737 , std 1.3068183204978496 
2023-05-13 12:30:18,686 INFO t_ofi_trade_4: 0.33758251996798094 , std 1.2832811771514052 
2023-05-13 12:30:18,686 INFO t_ofi_trade_5: 0.3587273340872107 , std 1.257807898780042 
2023-05-13 12:30:18,686 INFO t_ofi_trade_6: 0.41007811493297236 , std 1.282652083447139 
2023-05-13 12:30:18,686 INFO t_ofi_trade_7: 0.4288057397689724 , std 1.2752226415626633 
2023-05-13 12:30:18,686 INFO t_ofi_trade_8: 0.5052180404061054 , std 1.3004386589515387 
2023-05-13 12:30:18,686 INFO t_ofi_trade_9: 0.5655778703406684 , std 1.307826991927426 
2023-05-13 12:30:18,686 INFO t_ofi_trade_10: 0.6707834796724582 , std 1.3344370555240637 
2023-05-13 12:30:18,686 INFO Grouping by ofi type:
2023-05-13 12:30:18,686 INFO add: 9.538368617073552
2023-05-13 12:30:18,686 INFO cancel: 8.885102944072347
2023-05-13 12:30:18,686 INFO trade: 5.306800883900716
2023-05-13 12:30:18,686 INFO Grouping by level:
2023-05-13 12:30:18,687 INFO 1: 5.808118762959149
2023-05-13 12:30:18,687 INFO 2: 5.68027232588343
2023-05-13 12:30:18,687 INFO 3: 3.3216680843067397
2023-05-13 12:30:18,687 INFO 4: 1.9377101535280432
2023-05-13 12:30:18,687 INFO 5: 1.5100819489621125
2023-05-13 12:30:18,687 INFO 6: 1.2770033537964622
2023-05-13 12:30:18,687 INFO 7: 1.019613132590452
2023-05-13 12:30:18,687 INFO 8: 0.9769171067187793
2023-05-13 12:30:18,687 INFO 9: 0.9552826296767513
2023-05-13 12:30:18,687 INFO 10: 1.2436049466246968
2023-05-13 12:30:18,687 INFO Non empty regressions: 1.0 --- 3289 / 3289
