2023-05-13 12:31:12,130 INFO Starting...
2023-05-13 12:31:12,130 INFO Tickers: ['CB']
2023-05-13 12:31:13,355 INFO in_r2: 0.8326183104901723 , std 0.08381942221584039 
2023-05-13 12:31:13,356 INFO os_r2: 0.6562551560741985 , std 0.5673741141183747 
2023-05-13 12:31:13,356 INFO intercept: -2.399033554973133e-07 , std 1.1110789841965485e-05 
2023-05-13 12:31:13,356 INFO ofi_add_1: 0.00011958570078930754 , std 0.00010702545072087985 
2023-05-13 12:31:13,356 INFO ofi_add_2: 0.00011315565019307685 , std 9.861430947448135e-05 
2023-05-13 12:31:13,356 INFO ofi_add_3: 6.518402974388233e-05 , std 9.937269674034628e-05 
2023-05-13 12:31:13,356 INFO ofi_add_4: 4.6358363699517686e-05 , std 0.00010865353412520213 
2023-05-13 12:31:13,356 INFO ofi_add_5: 4.054425889326417e-05 , std 0.00013954264734338543 
2023-05-13 12:31:13,356 INFO ofi_add_6: 3.950857784521557e-05 , std 0.0001367384162529941 
2023-05-13 12:31:13,356 INFO ofi_add_7: 3.629367991204458e-05 , std 0.00012692444038696365 
2023-05-13 12:31:13,356 INFO ofi_add_8: 3.31066500561065e-05 , std 0.00012825651201371532 
2023-05-13 12:31:13,356 INFO ofi_add_9: 1.6302051342664177e-05 , std 0.00012175728936795089 
2023-05-13 12:31:13,356 INFO ofi_add_10: 1.1715685844796002e-05 , std 0.00011262261336598724 
2023-05-13 12:31:13,356 INFO ofi_cancel_1: 0.00014593649744131247 , std 0.00012724446211669104 
2023-05-13 12:31:13,356 INFO ofi_cancel_2: 0.0001253046576536395 , std 0.0001125326429916434 
2023-05-13 12:31:13,356 INFO ofi_cancel_3: 6.326909718986357e-05 , std 0.00010941001138929989 
2023-05-13 12:31:13,356 INFO ofi_cancel_4: 4.2216453576664363e-05 , std 0.00011862964135709064 
2023-05-13 12:31:13,356 INFO ofi_cancel_5: 3.3594039314153926e-05 , std 0.0001436017974049983 
2023-05-13 12:31:13,356 INFO ofi_cancel_6: 3.5734419235384235e-05 , std 0.00014240349062668802 
2023-05-13 12:31:13,356 INFO ofi_cancel_7: 3.291267832645777e-05 , std 0.0001319428870376745 
2023-05-13 12:31:13,356 INFO ofi_cancel_8: 2.8506613347077603e-05 , std 0.00012859520967336654 
2023-05-13 12:31:13,356 INFO ofi_cancel_9: 1.334224740422777e-05 , std 0.000126731390848462 
2023-05-13 12:31:13,357 INFO ofi_cancel_10: 1.4244896760208208e-05 , std 0.0001191657034802788 
2023-05-13 12:31:13,357 INFO ofi_trade_1: 0.00013500727465011616 , std 0.00024761050048180454 
2023-05-13 12:31:13,357 INFO ofi_trade_2: 7.606258686281872e-05 , std 0.0002403049649328459 
2023-05-13 12:31:13,357 INFO ofi_trade_3: 3.61790462728805e-05 , std 0.0002697739313872992 
2023-05-13 12:31:13,357 INFO ofi_trade_4: 1.1516618865489524e-05 , std 0.0002642323660116984 
2023-05-13 12:31:13,357 INFO ofi_trade_5: 5.82798911521029e-05 , std 0.00029437334260044303 
2023-05-13 12:31:13,357 INFO ofi_trade_6: 7.670594758008856e-05 , std 0.0003299428295557028 
2023-05-13 12:31:13,357 INFO ofi_trade_7: 9.208212273648127e-05 , std 0.00032409307344838774 
2023-05-13 12:31:13,357 INFO ofi_trade_8: 0.00010842148348514322 , std 0.0003290595879632499 
2023-05-13 12:31:13,357 INFO ofi_trade_9: 9.345475515168291e-05 , std 0.00029471619933980523 
2023-05-13 12:31:13,357 INFO ofi_trade_10: 0.00010601337771082494 , std 0.0003007995838702374 
2023-05-13 12:31:13,357 INFO t_intercept: -0.018509420067659408 , std 0.9889451622823956 
2023-05-13 12:31:13,357 INFO t_ofi_add_1: 2.792776239963093 , std 1.5250032553444435 
2023-05-13 12:31:13,357 INFO t_ofi_add_2: 2.4297543987540107 , std 1.4292751381461464 
2023-05-13 12:31:13,357 INFO t_ofi_add_3: 1.4431888432574858 , std 1.3186675094918083 
2023-05-13 12:31:13,357 INFO t_ofi_add_4: 0.9066029014800531 , std 1.304711520152467 
2023-05-13 12:31:13,357 INFO t_ofi_add_5: 0.6860621297419246 , std 1.2786514666370152 
2023-05-13 12:31:13,357 INFO t_ofi_add_6: 0.5496950299421933 , std 1.2682166525743435 
2023-05-13 12:31:13,357 INFO t_ofi_add_7: 0.5246590262503722 , std 1.263028319119518 
2023-05-13 12:31:13,357 INFO t_ofi_add_8: 0.43918953978389064 , std 1.2746683173921447 
2023-05-13 12:31:13,357 INFO t_ofi_add_9: 0.30393741732540264 , std 1.2759805898528698 
2023-05-13 12:31:13,357 INFO t_ofi_add_10: 0.21944779054881997 , std 1.360176650901053 
2023-05-13 12:31:13,357 INFO t_ofi_cancel_1: 2.825958475925729 , std 1.5035639176507933 
2023-05-13 12:31:13,357 INFO t_ofi_cancel_2: 2.519265163003609 , std 1.4473209533854043 
2023-05-13 12:31:13,358 INFO t_ofi_cancel_3: 1.3127307590164572 , std 1.334787758007088 
2023-05-13 12:31:13,358 INFO t_ofi_cancel_4: 0.7626826949908896 , std 1.2864703840754308 
2023-05-13 12:31:13,358 INFO t_ofi_cancel_5: 0.5491557432801384 , std 1.278767597911781 
2023-05-13 12:31:13,358 INFO t_ofi_cancel_6: 0.43484178559845593 , std 1.2614382711964631 
2023-05-13 12:31:13,358 INFO t_ofi_cancel_7: 0.4356378207641255 , std 1.2574212019563755 
2023-05-13 12:31:13,358 INFO t_ofi_cancel_8: 0.3586035094836915 , std 1.2925566648118756 
2023-05-13 12:31:13,358 INFO t_ofi_cancel_9: 0.2630464613914189 , std 1.2847789633245743 
2023-05-13 12:31:13,358 INFO t_ofi_cancel_10: 0.22974576160727622 , std 1.3972862815267704 
2023-05-13 12:31:13,358 INFO t_ofi_trade_1: 1.185791450178013 , std 1.4461360815417337 
2023-05-13 12:31:13,358 INFO t_ofi_trade_2: 0.6145653012203575 , std 1.3610115103451275 
2023-05-13 12:31:13,358 INFO t_ofi_trade_3: 0.3506569923609654 , std 1.3530060059552305 
2023-05-13 12:31:13,358 INFO t_ofi_trade_4: 0.23052404623871695 , std 1.3327345000495423 
2023-05-13 12:31:13,358 INFO t_ofi_trade_5: 0.3965958269462864 , std 1.3507954869995646 
2023-05-13 12:31:13,358 INFO t_ofi_trade_6: 0.5114269753745241 , std 1.3821365479941372 
2023-05-13 12:31:13,358 INFO t_ofi_trade_7: 0.5748361506094554 , std 1.3659134296459934 
2023-05-13 12:31:13,358 INFO t_ofi_trade_8: 0.61719679505944 , std 1.3662070762800602 
2023-05-13 12:31:13,358 INFO t_ofi_trade_9: 0.6369858923731568 , std 1.422867315358985 
2023-05-13 12:31:13,358 INFO t_ofi_trade_10: 0.694064285364886 , std 1.4486211042348203 
2023-05-13 12:31:13,359 INFO Grouping by ofi type:
2023-05-13 12:31:13,359 INFO add: 10.295313317047246
2023-05-13 12:31:13,359 INFO cancel: 9.69166817506179
2023-05-13 12:31:13,359 INFO trade: 5.812643715725802
2023-05-13 12:31:13,359 INFO Grouping by level:
2023-05-13 12:31:13,359 INFO 1: 6.804526166066835
2023-05-13 12:31:13,359 INFO 2: 5.563584862977978
2023-05-13 12:31:13,359 INFO 3: 3.1065765946349084
2023-05-13 12:31:13,359 INFO 4: 1.8998096427096598
2023-05-13 12:31:13,359 INFO 5: 1.6318136999683495
2023-05-13 12:31:13,359 INFO 6: 1.4959637909151735
2023-05-13 12:31:13,359 INFO 7: 1.5351329976239532
2023-05-13 12:31:13,359 INFO 8: 1.4149898443270224
2023-05-13 12:31:13,359 INFO 9: 1.2039697710899784
2023-05-13 12:31:13,359 INFO 10: 1.143257837520982
2023-05-13 12:31:13,359 INFO Non empty regressions: 1.0 --- 2229 / 2229
