2023-05-13 12:29:53,071 INFO Starting...
2023-05-13 12:29:53,071 INFO Tickers: ['CMCSA']
2023-05-13 12:29:54,543 INFO in_r2: 0.9933705565422395 , std 0.007032461936624533 
2023-05-13 12:29:54,543 INFO os_r2: 0.8994965850440803 , std 5.400467885742026 
2023-05-13 12:29:54,543 INFO intercept: 7.638022178442552e-08 , std 2.2913851813370824e-06 
2023-05-13 12:29:54,543 INFO ofi_add_1: 2.275476846210806e-05 , std 2.99521905098268e-05 
2023-05-13 12:29:54,543 INFO ofi_add_2: 9.408697593135668e-05 , std 6.391762014808636e-05 
2023-05-13 12:29:54,543 INFO ofi_add_3: 6.82154621289053e-05 , std 6.668842000125141e-05 
2023-05-13 12:29:54,543 INFO ofi_add_4: 0.00010714748919231808 , std 9.418040702285605e-05 
2023-05-13 12:29:54,543 INFO ofi_add_5: 0.00013096329075508272 , std 9.838417529403017e-05 
2023-05-13 12:29:54,543 INFO ofi_add_6: 0.00017318436372904287 , std 0.0001340404483024992 
2023-05-13 12:29:54,543 INFO ofi_add_7: 0.0001807637300691046 , std 0.00015371898149478828 
2023-05-13 12:29:54,543 INFO ofi_add_8: 0.0001755604552068274 , std 0.00015421925878697068 
2023-05-13 12:29:54,543 INFO ofi_add_9: 0.0001711170445544895 , std 0.00013893788979670678 
2023-05-13 12:29:54,544 INFO ofi_add_10: 0.00018524623166611464 , std 0.0001563956587726323 
2023-05-13 12:29:54,544 INFO ofi_cancel_1: 1.9101327426846462e-05 , std 3.245551299013267e-05 
2023-05-13 12:29:54,544 INFO ofi_cancel_2: 7.08282334532175e-05 , std 6.30104430081578e-05 
2023-05-13 12:29:54,544 INFO ofi_cancel_3: 6.161394194740114e-05 , std 6.686189691816757e-05 
2023-05-13 12:29:54,544 INFO ofi_cancel_4: 8.772380222877913e-05 , std 9.394493173021373e-05 
2023-05-13 12:29:54,544 INFO ofi_cancel_5: 0.0001232739018123062 , std 0.0001172468394644967 
2023-05-13 12:29:54,544 INFO ofi_cancel_6: 0.00015994809188938765 , std 0.0001623448806713009 
2023-05-13 12:29:54,544 INFO ofi_cancel_7: 0.00016857479999921689 , std 0.0001785260504112541 
2023-05-13 12:29:54,544 INFO ofi_cancel_8: 0.00019633379942054366 , std 0.00018926526241720012 
2023-05-13 12:29:54,544 INFO ofi_cancel_9: 0.00019526360276497776 , std 0.0001963408104255412 
2023-05-13 12:29:54,544 INFO ofi_cancel_10: 0.00021519860838551275 , std 0.00020259269439600413 
2023-05-13 12:29:54,544 INFO ofi_trade_1: 3.236848781525073e-05 , std 0.0001055883456444635 
2023-05-13 12:29:54,544 INFO ofi_trade_2: 0.00011077826914080311 , std 0.00017826242084977606 
2023-05-13 12:29:54,544 INFO ofi_trade_3: 9.279603871096729e-05 , std 0.0003163178862394712 
2023-05-13 12:29:54,544 INFO ofi_trade_4: 0.00011346431736564509 , std 0.00021631034690834642 
2023-05-13 12:29:54,544 INFO ofi_trade_5: 0.00013472409650631308 , std 0.0004761381370999374 
2023-05-13 12:29:54,544 INFO ofi_trade_6: 0.0001665217629049533 , std 0.0004480577844693106 
2023-05-13 12:29:54,544 INFO ofi_trade_7: 0.00015497084121236885 , std 0.0005013825711348295 
2023-05-13 12:29:54,544 INFO ofi_trade_8: 0.00016768308974567426 , std 0.00038202820211962217 
2023-05-13 12:29:54,544 INFO ofi_trade_9: 0.00015506952548745788 , std 0.0008293787421517338 
2023-05-13 12:29:54,544 INFO ofi_trade_10: 0.0001621234771237138 , std 0.00044330889183697537 
2023-05-13 12:29:54,544 INFO t_intercept: 0.051346345947952024 , std 1.1546477866755172 
2023-05-13 12:29:54,544 INFO t_ofi_add_1: 1.6008693850109033 , std 1.9186691767439719 
2023-05-13 12:29:54,544 INFO t_ofi_add_2: 3.4974590092941553 , std 2.558768828417114 
2023-05-13 12:29:54,544 INFO t_ofi_add_3: 2.506287043958524 , std 2.2723927902987784 
2023-05-13 12:29:54,544 INFO t_ofi_add_4: 3.332210115384086 , std 2.8365305389082285 
2023-05-13 12:29:54,544 INFO t_ofi_add_5: 3.5249185666694713 , std 2.709633926754091 
2023-05-13 12:29:54,544 INFO t_ofi_add_6: 3.6644846825599307 , std 2.944208444782217 
2023-05-13 12:29:54,544 INFO t_ofi_add_7: 3.3241242990830804 , std 2.7270653417906883 
2023-05-13 12:29:54,544 INFO t_ofi_add_8: 3.4399212937188324 , std 2.9537003119060703 
2023-05-13 12:29:54,544 INFO t_ofi_add_9: 3.6834896257393237 , std 3.0222097064604254 
2023-05-13 12:29:54,544 INFO t_ofi_add_10: 3.873357648943618 , std 3.0036540316460454 
2023-05-13 12:29:54,545 INFO t_ofi_cancel_1: 1.2077939708459595 , std 1.8151736305987611 
2023-05-13 12:29:54,545 INFO t_ofi_cancel_2: 2.4641240133857223 , std 2.058607843030037 
2023-05-13 12:29:54,545 INFO t_ofi_cancel_3: 1.9606827001047196 , std 1.8507704887831793 
2023-05-13 12:29:54,545 INFO t_ofi_cancel_4: 2.1428947487802 , std 2.0160634821931436 
2023-05-13 12:29:54,545 INFO t_ofi_cancel_5: 2.3799052110294587 , std 2.0417280441606667 
2023-05-13 12:29:54,545 INFO t_ofi_cancel_6: 2.429797455308981 , std 2.275421624692415 
2023-05-13 12:29:54,545 INFO t_ofi_cancel_7: 2.291355170072965 , std 2.1940765825500272 
2023-05-13 12:29:54,545 INFO t_ofi_cancel_8: 2.8071712514524934 , std 2.4931857032597393 
2023-05-13 12:29:54,545 INFO t_ofi_cancel_9: 2.8198299184292694 , std 2.3782319746330707 
2023-05-13 12:29:54,545 INFO t_ofi_cancel_10: 3.032686127447665 , std 2.4477118240853977 
2023-05-13 12:29:54,545 INFO t_ofi_trade_1: 0.7828620475616047 , std 2.145202137823311 
2023-05-13 12:29:54,545 INFO t_ofi_trade_2: 2235857489.113835 , std 1265980184845.3484 
2023-05-13 12:29:54,545 INFO t_ofi_trade_3: 7896002097.4801035 , std 908612268997.6235 
2023-05-13 12:29:54,545 INFO t_ofi_trade_4: 14273552542.222181 , std 894664142925.7532 
2023-05-13 12:29:54,545 INFO t_ofi_trade_5: 9630203360.342861 , std 725407483690.0953 
2023-05-13 12:29:54,545 INFO t_ofi_trade_6: 13116933221.357119 , std 790774425333.7701 
2023-05-13 12:29:54,545 INFO t_ofi_trade_7: -1471164436.7285402 , std 773764756556.7208 
2023-05-13 12:29:54,545 INFO t_ofi_trade_8: 9579450377.738039 , std 654534190923.6794 
2023-05-13 12:29:54,545 INFO t_ofi_trade_9: 27216879590.70379 , std 1426089530231.5547 
2023-05-13 12:29:54,545 INFO t_ofi_trade_10: 13565756153.95364 , std 971722534566.1072 
2023-05-13 12:29:54,546 INFO Grouping by ofi type:
2023-05-13 12:29:54,546 INFO add: 32.44712167036193
2023-05-13 12:29:54,546 INFO cancel: 23.536240566857433
2023-05-13 12:29:54,546 INFO trade: 96043470396.9659
2023-05-13 12:29:54,546 INFO Grouping by level:
2023-05-13 12:29:54,547 INFO 1: 3.5915254034184674
2023-05-13 12:29:54,547 INFO 2: 2235857495.075418
2023-05-13 12:29:54,547 INFO 3: 7896002101.947073
2023-05-13 12:29:54,547 INFO 4: 14273552547.697287
2023-05-13 12:29:54,547 INFO 5: 9630203366.247684
2023-05-13 12:29:54,547 INFO 6: 13116933227.4514
2023-05-13 12:29:54,547 INFO 7: -1471164431.1130607
2023-05-13 12:29:54,547 INFO 8: 9579450383.985132
2023-05-13 12:29:54,547 INFO 9: 27216879597.207108
2023-05-13 12:29:54,547 INFO 10: 13565756160.859684
2023-05-13 12:29:54,547 INFO Non empty regressions: 1.0 --- 7346 / 7346
