2023-05-13 12:31:10,808 INFO Starting...
2023-05-13 12:31:10,808 INFO Tickers: ['CME']
2023-05-13 12:31:12,124 INFO in_r2: 0.8535630888386366 , std 0.06779622231630462 
2023-05-13 12:31:12,124 INFO os_r2: 0.6484049722379006 , std 0.8971937347195056 
2023-05-13 12:31:12,124 INFO intercept: -1.7554416796815948e-07 , std 9.814303331253305e-06 
2023-05-13 12:31:12,124 INFO ofi_add_1: 7.4063387940994e-05 , std 5.98811417736844e-05 
2023-05-13 12:31:12,124 INFO ofi_add_2: 8.815225876100448e-05 , std 7.080494372517827e-05 
2023-05-13 12:31:12,124 INFO ofi_add_3: 7.340621901539846e-05 , std 7.310443391885748e-05 
2023-05-13 12:31:12,124 INFO ofi_add_4: 4.26121051793002e-05 , std 7.581689271775499e-05 
2023-05-13 12:31:12,124 INFO ofi_add_5: 3.015015911090155e-05 , std 7.900730158516895e-05 
2023-05-13 12:31:12,124 INFO ofi_add_6: 2.6162073152598167e-05 , std 9.053568132016317e-05 
2023-05-13 12:31:12,124 INFO ofi_add_7: 2.8305902550546647e-05 , std 9.556232076104474e-05 
2023-05-13 12:31:12,124 INFO ofi_add_8: 2.3956427131335356e-05 , std 0.00010152528767690732 
2023-05-13 12:31:12,124 INFO ofi_add_9: 1.6990445905762e-05 , std 0.00010079225989884769 
2023-05-13 12:31:12,124 INFO ofi_add_10: 1.5138568857360097e-05 , std 8.898943715587817e-05 
2023-05-13 12:31:12,124 INFO ofi_cancel_1: 0.00010718612520896317 , std 8.34247134965291e-05 
2023-05-13 12:31:12,124 INFO ofi_cancel_2: 0.00010331950191562296 , std 7.549922726458109e-05 
2023-05-13 12:31:12,125 INFO ofi_cancel_3: 7.31869621178199e-05 , std 7.656701002472004e-05 
2023-05-13 12:31:12,125 INFO ofi_cancel_4: 4.1799607966358014e-05 , std 7.97921055998408e-05 
2023-05-13 12:31:12,125 INFO ofi_cancel_5: 2.5798248239462026e-05 , std 8.552452653782258e-05 
2023-05-13 12:31:12,125 INFO ofi_cancel_6: 1.8539519186440788e-05 , std 9.28080489944729e-05 
2023-05-13 12:31:12,125 INFO ofi_cancel_7: 2.2469433597636977e-05 , std 9.895983907735741e-05 
2023-05-13 12:31:12,125 INFO ofi_cancel_8: 1.6000494376672842e-05 , std 0.000103582071322457 
2023-05-13 12:31:12,125 INFO ofi_cancel_9: 1.20591862845814e-05 , std 0.0001059125816656323 
2023-05-13 12:31:12,125 INFO ofi_cancel_10: 1.4492444361100766e-05 , std 9.231516608907182e-05 
2023-05-13 12:31:12,125 INFO ofi_trade_1: 0.00011968244426432183 , std 0.00016650112467757417 
2023-05-13 12:31:12,125 INFO ofi_trade_2: 5.9698777905197496e-05 , std 0.0001725698243823038 
2023-05-13 12:31:12,125 INFO ofi_trade_3: 5.2121008288848874e-05 , std 0.00017369633765403856 
2023-05-13 12:31:12,125 INFO ofi_trade_4: 3.532059461347795e-05 , std 0.00017551158193180897 
2023-05-13 12:31:12,125 INFO ofi_trade_5: 3.0247312573053907e-05 , std 0.0001992443879108564 
2023-05-13 12:31:12,125 INFO ofi_trade_6: 4.450365374833335e-05 , std 0.00021022525172318643 
2023-05-13 12:31:12,125 INFO ofi_trade_7: 6.662846249657318e-05 , std 0.00023595779087057212 
2023-05-13 12:31:12,125 INFO ofi_trade_8: 8.133351160654588e-05 , std 0.00023917941469931637 
2023-05-13 12:31:12,125 INFO ofi_trade_9: 8.572341788241078e-05 , std 0.00024227098104431888 
2023-05-13 12:31:12,125 INFO ofi_trade_10: 0.0001115396287842352 , std 0.00022852821163958423 
2023-05-13 12:31:12,125 INFO t_intercept: -0.031168760963265596 , std 1.0406905421822041 
2023-05-13 12:31:12,125 INFO t_ofi_add_1: 2.3179703388011874 , std 1.5976082380612275 
2023-05-13 12:31:12,125 INFO t_ofi_add_2: 2.1776874992076616 , std 1.4680084773107525 
2023-05-13 12:31:12,125 INFO t_ofi_add_3: 1.6415931651686169 , std 1.3854244034721588 
2023-05-13 12:31:12,125 INFO t_ofi_add_4: 0.9056960597174656 , std 1.3339460419595721 
2023-05-13 12:31:12,125 INFO t_ofi_add_5: 0.6234888812012049 , std 1.2769839551586766 
2023-05-13 12:31:12,126 INFO t_ofi_add_6: 0.4795623178616153 , std 1.278082852803083 
2023-05-13 12:31:12,126 INFO t_ofi_add_7: 0.49322677159383566 , std 1.2997045686304527 
2023-05-13 12:31:12,126 INFO t_ofi_add_8: 0.38683539261921707 , std 1.2965340998567734 
2023-05-13 12:31:12,126 INFO t_ofi_add_9: 0.2900759783406405 , std 1.2715615436087537 
2023-05-13 12:31:12,126 INFO t_ofi_add_10: 0.3494770411931985 , std 1.3483301192451225 
2023-05-13 12:31:12,126 INFO t_ofi_cancel_1: 2.4604735150223194 , std 1.4791553371103305 
2023-05-13 12:31:12,126 INFO t_ofi_cancel_2: 2.389105715492914 , std 1.4288884972813614 
2023-05-13 12:31:12,126 INFO t_ofi_cancel_3: 1.5619278614545984 , std 1.388213503315593 
2023-05-13 12:31:12,126 INFO t_ofi_cancel_4: 0.8574040262506101 , std 1.356709053518989 
2023-05-13 12:31:12,126 INFO t_ofi_cancel_5: 0.5130397199698651 , std 1.2861080113864882 
2023-05-13 12:31:12,126 INFO t_ofi_cancel_6: 0.31497568957985994 , std 1.2925514087691885 
2023-05-13 12:31:12,126 INFO t_ofi_cancel_7: 0.35731785664716303 , std 1.283048994408573 
2023-05-13 12:31:12,126 INFO t_ofi_cancel_8: 0.24502366273510007 , std 1.2871140764778022 
2023-05-13 12:31:12,126 INFO t_ofi_cancel_9: 0.18460818194145087 , std 1.283753038793002 
2023-05-13 12:31:12,126 INFO t_ofi_cancel_10: 0.294437516803476 , std 1.3453907773880007 
2023-05-13 12:31:12,126 INFO t_ofi_trade_1: 1.4279296800635777 , std 1.6039007086181265 
2023-05-13 12:31:12,126 INFO t_ofi_trade_2: 0.7002482157486235 , std 1.5158257117006138 
2023-05-13 12:31:12,126 INFO t_ofi_trade_3: 0.5895008233287599 , std 1.473385913125931 
2023-05-13 12:31:12,126 INFO t_ofi_trade_4: 0.41279342149600573 , std 1.4267367633404797 
2023-05-13 12:31:12,126 INFO t_ofi_trade_5: 0.34895776709269827 , std 1.4436431599817219 
2023-05-13 12:31:12,126 INFO t_ofi_trade_6: 0.40559221499071985 , std 1.4411816975690102 
2023-05-13 12:31:12,126 INFO t_ofi_trade_7: 0.556298085765886 , std 1.4824111143873162 
2023-05-13 12:31:12,126 INFO t_ofi_trade_8: 0.6494845764650273 , std 1.503607341233155 
2023-05-13 12:31:12,126 INFO t_ofi_trade_9: 0.6532800850266082 , std 1.493935764249878 
2023-05-13 12:31:12,127 INFO t_ofi_trade_10: 0.9450083471103237 , std 1.503598484672846 
2023-05-13 12:31:12,127 INFO Grouping by ofi type:
2023-05-13 12:31:12,127 INFO add: 9.665613445704643
2023-05-13 12:31:12,127 INFO cancel: 9.178313745897357
2023-05-13 12:31:12,127 INFO trade: 6.68909321708823
2023-05-13 12:31:12,127 INFO Grouping by level:
2023-05-13 12:31:12,127 INFO 1: 6.206373533887085
2023-05-13 12:31:12,127 INFO 2: 5.2670414304492
2023-05-13 12:31:12,127 INFO 3: 3.793021849951975
2023-05-13 12:31:12,127 INFO 4: 2.1758935074640813
2023-05-13 12:31:12,127 INFO 5: 1.4854863682637682
2023-05-13 12:31:12,127 INFO 6: 1.200130222432195
2023-05-13 12:31:12,127 INFO 7: 1.4068427140068849
2023-05-13 12:31:12,128 INFO 8: 1.2813436318193445
2023-05-13 12:31:12,128 INFO 9: 1.1279642453086995
2023-05-13 12:31:12,128 INFO 10: 1.5889229051069982
2023-05-13 12:31:12,128 INFO Non empty regressions: 1.0 --- 2751 / 2751
