2023-05-13 12:30:42,951 INFO Starting...
2023-05-13 12:30:42,951 INFO Tickers: ['CVS']
2023-05-13 12:30:44,343 INFO in_r2: 0.9475578244811556 , std 0.05937520380510071 
2023-05-13 12:30:44,343 INFO os_r2: 0.8815224311036253 , std 1.1727248663117815 
2023-05-13 12:30:44,343 INFO intercept: -3.452118305466741e-07 , std 8.280448164069593e-06 
2023-05-13 12:30:44,343 INFO ofi_add_1: 5.963553565391582e-05 , std 9.097710986257964e-05 
2023-05-13 12:30:44,343 INFO ofi_add_2: 9.058548015260352e-05 , std 7.16390154592488e-05 
2023-05-13 12:30:44,343 INFO ofi_add_3: 8.438808393655837e-05 , std 7.072385906733648e-05 
2023-05-13 12:30:44,343 INFO ofi_add_4: 7.686774023533712e-05 , std 6.801574872497909e-05 
2023-05-13 12:30:44,343 INFO ofi_add_5: 6.891120201099074e-05 , std 6.892468262774255e-05 
2023-05-13 12:30:44,343 INFO ofi_add_6: 7.416539051116222e-05 , std 7.484056749060397e-05 
2023-05-13 12:30:44,343 INFO ofi_add_7: 7.687146236923932e-05 , std 7.99613158598505e-05 
2023-05-13 12:30:44,343 INFO ofi_add_8: 7.322118295197822e-05 , std 8.639693460521102e-05 
2023-05-13 12:30:44,343 INFO ofi_add_9: 7.152643385599756e-05 , std 9.194130381563219e-05 
2023-05-13 12:30:44,343 INFO ofi_add_10: 8.21786798424353e-05 , std 8.786277708044672e-05 
2023-05-13 12:30:44,343 INFO ofi_cancel_1: 5.829153084941724e-05 , std 0.00010109812245691634 
2023-05-13 12:30:44,343 INFO ofi_cancel_2: 9.300081656914541e-05 , std 7.727615952633702e-05 
2023-05-13 12:30:44,343 INFO ofi_cancel_3: 8.313171330630297e-05 , std 7.411413933612428e-05 
2023-05-13 12:30:44,344 INFO ofi_cancel_4: 7.518994067183952e-05 , std 7.433947521793286e-05 
2023-05-13 12:30:44,344 INFO ofi_cancel_5: 6.700849400204098e-05 , std 7.442031310420245e-05 
2023-05-13 12:30:44,344 INFO ofi_cancel_6: 7.114009547630002e-05 , std 8.092595957195505e-05 
2023-05-13 12:30:44,344 INFO ofi_cancel_7: 7.229800186730506e-05 , std 8.695168517894967e-05 
2023-05-13 12:30:44,344 INFO ofi_cancel_8: 7.056095716576397e-05 , std 9.3490851662967e-05 
2023-05-13 12:30:44,344 INFO ofi_cancel_9: 7.001181689744058e-05 , std 9.970794068310244e-05 
2023-05-13 12:30:44,344 INFO ofi_cancel_10: 8.421378181533377e-05 , std 9.730069252215753e-05 
2023-05-13 12:30:44,344 INFO ofi_trade_1: 4.6190057816886454e-05 , std 0.00013955590006676214 
2023-05-13 12:30:44,344 INFO ofi_trade_2: 8.086731482165469e-05 , std 0.00010763976223200819 
2023-05-13 12:30:44,344 INFO ofi_trade_3: 7.298197954841257e-05 , std 0.00011258737113539021 
2023-05-13 12:30:44,344 INFO ofi_trade_4: 7.605791676945193e-05 , std 0.00010351170944027398 
2023-05-13 12:30:44,344 INFO ofi_trade_5: 7.073457309091555e-05 , std 0.00010114769577579314 
2023-05-13 12:30:44,344 INFO ofi_trade_6: 7.826054772875372e-05 , std 0.00010716397355101384 
2023-05-13 12:30:44,344 INFO ofi_trade_7: 8.712888293586594e-05 , std 0.00011471874585753151 
2023-05-13 12:30:44,344 INFO ofi_trade_8: 8.760906947484886e-05 , std 0.00012648104445169703 
2023-05-13 12:30:44,344 INFO ofi_trade_9: 8.392957024566429e-05 , std 0.00012679215628553624 
2023-05-13 12:30:44,344 INFO ofi_trade_10: 0.0001000364742983581 , std 0.00012058228975609673 
2023-05-13 12:30:44,344 INFO t_intercept: -0.04837257491614672 , std 1.028164527670343 
2023-05-13 12:30:44,344 INFO t_ofi_add_1: 1.5910809627718931 , std 1.7656496555263497 
2023-05-13 12:30:44,344 INFO t_ofi_add_2: 2.4254066397252263 , std 1.6089899561542889 
2023-05-13 12:30:44,344 INFO t_ofi_add_3: 2.3550099047775714 , std 1.8233083067619311 
2023-05-13 12:30:44,344 INFO t_ofi_add_4: 2.198213389841982 , std 1.8894912236704156 
2023-05-13 12:30:44,344 INFO t_ofi_add_5: 2.0572774978376454 , std 2.014754020062569 
2023-05-13 12:30:44,344 INFO t_ofi_add_6: 2.1639215474677873 , std 2.1833345357883784 
2023-05-13 12:30:44,344 INFO t_ofi_add_7: 2.0766635889298724 , std 2.074943667588481 
2023-05-13 12:30:44,344 INFO t_ofi_add_8: 1.8757489174756916 , std 2.082766606845866 
2023-05-13 12:30:44,344 INFO t_ofi_add_9: 1.7902376106817244 , std 2.0905167488423353 
2023-05-13 12:30:44,344 INFO t_ofi_add_10: 2.172994591053533 , std 2.31870910105482 
2023-05-13 12:30:44,344 INFO t_ofi_cancel_1: 1.266529309131157 , std 1.6634255493175694 
2023-05-13 12:30:44,344 INFO t_ofi_cancel_2: 2.3154324573643503 , std 1.5404125183495032 
2023-05-13 12:30:44,344 INFO t_ofi_cancel_3: 2.0891408240885085 , std 1.665669635923422 
2023-05-13 12:30:44,344 INFO t_ofi_cancel_4: 1.9234022075200703 , std 1.7330600186472804 
2023-05-13 12:30:44,344 INFO t_ofi_cancel_5: 1.7726892475127969 , std 1.8220816672386257 
2023-05-13 12:30:44,344 INFO t_ofi_cancel_6: 1.8324164696425007 , std 1.9612717380282778 
2023-05-13 12:30:44,344 INFO t_ofi_cancel_7: 1.7478134379833286 , std 1.9031114677183714 
2023-05-13 12:30:44,344 INFO t_ofi_cancel_8: 1.5912160989313724 , std 1.8694374023130331 
2023-05-13 12:30:44,344 INFO t_ofi_cancel_9: 1.530144259886922 , std 1.8778364286395097 
2023-05-13 12:30:44,344 INFO t_ofi_cancel_10: 1.9169443491219886 , std 2.090990327431001 
2023-05-13 12:30:44,344 INFO t_ofi_trade_1: 0.5992690367658161 , std 1.5711526252672452 
2023-05-13 12:30:44,344 INFO t_ofi_trade_2: 1.4969501811827628 , std 1.6583452714638476 
2023-05-13 12:30:44,344 INFO t_ofi_trade_3: 1.4832227640504545 , std 1.7628602298190665 
2023-05-13 12:30:44,344 INFO t_ofi_trade_4: 1.5621122236941678 , std 1.8355041151308638 
2023-05-13 12:30:44,344 INFO t_ofi_trade_5: 1.4979924121592925 , std 1.8258235121442068 
2023-05-13 12:30:44,344 INFO t_ofi_trade_6: 1.6173089799476277 , std 1.9675933126425784 
2023-05-13 12:30:44,344 INFO t_ofi_trade_7: 1.6020593503830824 , std 1.8404073744101799 
2023-05-13 12:30:44,344 INFO t_ofi_trade_8: 1.5394195746611692 , std 1.8527999627191822 
2023-05-13 12:30:44,344 INFO t_ofi_trade_9: 1.4673687279300178 , std 1.8573682986088114 
2023-05-13 12:30:44,344 INFO t_ofi_trade_10: 1.8344275685639504 , std 2.073834409462094 
2023-05-13 12:30:44,345 INFO Grouping by ofi type:
2023-05-13 12:30:44,345 INFO add: 20.70655465056293
2023-05-13 12:30:44,345 INFO cancel: 17.985728661182996
2023-05-13 12:30:44,345 INFO trade: 14.70013081933834
2023-05-13 12:30:44,345 INFO Grouping by level:
2023-05-13 12:30:44,345 INFO 1: 3.4568793086688663
2023-05-13 12:30:44,345 INFO 2: 6.23778927827234
2023-05-13 12:30:44,345 INFO 3: 5.9273734929165345
2023-05-13 12:30:44,345 INFO 4: 5.68372782105622
2023-05-13 12:30:44,345 INFO 5: 5.327959157509735
2023-05-13 12:30:44,345 INFO 6: 5.6136469970579155
2023-05-13 12:30:44,345 INFO 7: 5.426536377296284
2023-05-13 12:30:44,345 INFO 8: 5.006384591068233
2023-05-13 12:30:44,345 INFO 9: 4.787750598498664
2023-05-13 12:30:44,345 INFO 10: 5.924366508739472
2023-05-13 12:30:44,345 INFO Non empty regressions: 1.0 --- 6569 / 6569
