2023-05-13 12:31:20,953 INFO Starting...
2023-05-13 12:31:20,953 INFO Tickers: ['FISV']
2023-05-13 12:31:22,207 INFO in_r2: 0.9209898604492065 , std 0.05164282297089871 
2023-05-13 12:31:22,207 INFO os_r2: 0.8333632140223537 , std 0.419042826433145 
2023-05-13 12:31:22,207 INFO intercept: 3.9948939978439514e-08 , std 7.702304278223765e-06 
2023-05-13 12:31:22,207 INFO ofi_add_1: 7.315427679637994e-05 , std 6.503814755570421e-05 
2023-05-13 12:31:22,207 INFO ofi_add_2: 8.810727703498461e-05 , std 6.556792643662811e-05 
2023-05-13 12:31:22,207 INFO ofi_add_3: 7.45002011675865e-05 , std 6.836380740127126e-05 
2023-05-13 12:31:22,207 INFO ofi_add_4: 6.384438303853772e-05 , std 6.669681560162218e-05 
2023-05-13 12:31:22,207 INFO ofi_add_5: 5.729001913364663e-05 , std 7.02114943105291e-05 
2023-05-13 12:31:22,208 INFO ofi_add_6: 5.1854483303705374e-05 , std 7.610408278261654e-05 
2023-05-13 12:31:22,208 INFO ofi_add_7: 4.625908081287822e-05 , std 8.182807573616836e-05 
2023-05-13 12:31:22,208 INFO ofi_add_8: 4.199769496785836e-05 , std 8.247962329011504e-05 
2023-05-13 12:31:22,208 INFO ofi_add_9: 3.43238756349893e-05 , std 8.198857285659844e-05 
2023-05-13 12:31:22,208 INFO ofi_add_10: 3.259415180639025e-05 , std 7.88662251461087e-05 
2023-05-13 12:31:22,208 INFO ofi_cancel_1: 8.702729592428272e-05 , std 8.275231158732769e-05 
2023-05-13 12:31:22,208 INFO ofi_cancel_2: 9.746572293865004e-05 , std 7.182064683272578e-05 
2023-05-13 12:31:22,208 INFO ofi_cancel_3: 7.554390573147019e-05 , std 7.397372301458843e-05 
2023-05-13 12:31:22,208 INFO ofi_cancel_4: 6.136540520111514e-05 , std 7.24323434881953e-05 
2023-05-13 12:31:22,208 INFO ofi_cancel_5: 5.317421684005241e-05 , std 7.531507398981158e-05 
2023-05-13 12:31:22,208 INFO ofi_cancel_6: 4.752780286235365e-05 , std 8.240670488453144e-05 
2023-05-13 12:31:22,208 INFO ofi_cancel_7: 4.12743971464284e-05 , std 8.794097604744843e-05 
2023-05-13 12:31:22,208 INFO ofi_cancel_8: 4.00008973620351e-05 , std 8.860211562780738e-05 
2023-05-13 12:31:22,208 INFO ofi_cancel_9: 3.216917760849528e-05 , std 9.153884937808356e-05 
2023-05-13 12:31:22,208 INFO ofi_cancel_10: 3.607540979523985e-05 , std 8.628936679852302e-05 
2023-05-13 12:31:22,208 INFO ofi_trade_1: 9.903999724078481e-05 , std 0.00015621818030404978 
2023-05-13 12:31:22,208 INFO ofi_trade_2: 6.322737217797982e-05 , std 0.0001328082685175873 
2023-05-13 12:31:22,208 INFO ofi_trade_3: 5.744453272581907e-05 , std 0.00013676912206631224 
2023-05-13 12:31:22,208 INFO ofi_trade_4: 4.9227030501164645e-05 , std 0.00013231360186872983 
2023-05-13 12:31:22,208 INFO ofi_trade_5: 6.301270425833977e-05 , std 0.00014704018836038138 
2023-05-13 12:31:22,208 INFO ofi_trade_6: 6.701210501010168e-05 , std 0.00015758682257268502 
2023-05-13 12:31:22,208 INFO ofi_trade_7: 7.739945944238975e-05 , std 0.0001634945561875425 
2023-05-13 12:31:22,208 INFO ofi_trade_8: 7.6417250820281e-05 , std 0.00017044635812126405 
2023-05-13 12:31:22,208 INFO ofi_trade_9: 7.501074478143802e-05 , std 0.00016783631708149107 
2023-05-13 12:31:22,208 INFO ofi_trade_10: 8.62494168978789e-05 , std 0.00016436806492843884 
2023-05-13 12:31:22,208 INFO t_intercept: 0.01606693393488327 , std 0.987134888043758 
2023-05-13 12:31:22,208 INFO t_ofi_add_1: 2.0849575791048816 , std 1.7119353366874144 
2023-05-13 12:31:22,208 INFO t_ofi_add_2: 2.171984965317025 , std 1.4303616703531534 
2023-05-13 12:31:22,208 INFO t_ofi_add_3: 1.7077316870435233 , std 1.3579777460400169 
2023-05-13 12:31:22,208 INFO t_ofi_add_4: 1.476570761825311 , std 1.4113734882143847 
2023-05-13 12:31:22,208 INFO t_ofi_add_5: 1.3006325459595975 , std 1.3951455191637967 
2023-05-13 12:31:22,208 INFO t_ofi_add_6: 1.165895116297143 , std 1.4467755651295549 
2023-05-13 12:31:22,209 INFO t_ofi_add_7: 1.0662807756711667 , std 1.5007484995232696 
2023-05-13 12:31:22,209 INFO t_ofi_add_8: 0.9874780107028156 , std 1.4844133649401265 
2023-05-13 12:31:22,209 INFO t_ofi_add_9: 0.848148817950964 , std 1.5107687588747578 
2023-05-13 12:31:22,209 INFO t_ofi_add_10: 1.0134345359769765 , std 1.6576294701338252 
2023-05-13 12:31:22,209 INFO t_ofi_cancel_1: 1.9466950447918447 , std 1.6364146314305477 
2023-05-13 12:31:22,209 INFO t_ofi_cancel_2: 2.230485741683518 , std 1.4358353942467605 
2023-05-13 12:31:22,209 INFO t_ofi_cancel_3: 1.5824675134848643 , std 1.3690745178500079 
2023-05-13 12:31:22,209 INFO t_ofi_cancel_4: 1.301207710251626 , std 1.3857510107124722 
2023-05-13 12:31:22,209 INFO t_ofi_cancel_5: 1.1226210274409472 , std 1.3672999119164821 
2023-05-13 12:31:22,209 INFO t_ofi_cancel_6: 0.9903070189259906 , std 1.4454948250098438 
2023-05-13 12:31:22,209 INFO t_ofi_cancel_7: 0.9033243804268374 , std 1.4753529822197893 
2023-05-13 12:31:22,209 INFO t_ofi_cancel_8: 0.8563318035977683 , std 1.435153391356167 
2023-05-13 12:31:22,209 INFO t_ofi_cancel_9: 0.7141866640328882 , std 1.4929225896337512 
2023-05-13 12:31:22,209 INFO t_ofi_cancel_10: 0.949865203699454 , std 1.6071893075436772 
2023-05-13 12:31:22,209 INFO t_ofi_trade_1: 1.1197838905681523 , std 1.5141927826211308 
2023-05-13 12:31:22,209 INFO t_ofi_trade_2: 0.8758223522276571 , std 1.3670431961486078 
2023-05-13 12:31:22,209 INFO t_ofi_trade_3: 0.8160643167516822 , std 1.4011405070922838 
2023-05-13 12:31:22,209 INFO t_ofi_trade_4: 0.7747414689419984 , std 1.4369432542386 
2023-05-13 12:31:22,209 INFO t_ofi_trade_5: 0.8832543538500107 , std 1.410637556149223 
2023-05-13 12:31:22,209 INFO t_ofi_trade_6: 0.9038044063897108 , std 1.4226767943918883 
2023-05-13 12:31:22,209 INFO t_ofi_trade_7: 0.9709363420711842 , std 1.4283918681118872 
2023-05-13 12:31:22,209 INFO t_ofi_trade_8: 0.9830842851801366 , std 1.4282791701316695 
2023-05-13 12:31:22,209 INFO t_ofi_trade_9: 0.9380639056486243 , std 1.4372471670494786 
2023-05-13 12:31:22,209 INFO t_ofi_trade_10: 1.1818062667998153 , std 1.5658726931229368 
2023-05-13 12:31:22,210 INFO Grouping by ofi type:
2023-05-13 12:31:22,210 INFO add: 13.823114795849406
2023-05-13 12:31:22,210 INFO cancel: 12.597492108335743
2023-05-13 12:31:22,210 INFO trade: 9.447361588428972
2023-05-13 12:31:22,210 INFO Grouping by level:
2023-05-13 12:31:22,210 INFO 1: 5.151436514464879
2023-05-13 12:31:22,210 INFO 2: 5.2782930592282
2023-05-13 12:31:22,210 INFO 3: 4.10626351728007
2023-05-13 12:31:22,210 INFO 4: 3.5525199410189354
2023-05-13 12:31:22,210 INFO 5: 3.3065079272505553
2023-05-13 12:31:22,210 INFO 6: 3.0600065416128444
2023-05-13 12:31:22,210 INFO 7: 2.940541498169188
2023-05-13 12:31:22,210 INFO 8: 2.8268940994807203
2023-05-13 12:31:22,210 INFO 9: 2.5003993876324766
2023-05-13 12:31:22,210 INFO 10: 3.1451060064762455
2023-05-13 12:31:22,210 INFO Non empty regressions: 1.0 --- 3290 / 3290
