2023-05-13 12:30:06,019 INFO Starting...
2023-05-13 12:30:06,019 INFO Tickers: ['MCD']
2023-05-13 12:30:07,383 INFO in_r2: 0.8769624494282192 , std 0.052495884356624736 
2023-05-13 12:30:07,383 INFO os_r2: 0.7671490357860238 , std 0.8606298019969 
2023-05-13 12:30:07,383 INFO intercept: -5.086394227158485e-08 , std 5.599237160172777e-06 
2023-05-13 12:30:07,383 INFO ofi_add_1: 6.674099722415507e-05 , std 5.259849731139147e-05 
2023-05-13 12:30:07,383 INFO ofi_add_2: 8.13894437795999e-05 , std 5.767004334142801e-05 
2023-05-13 12:30:07,383 INFO ofi_add_3: 5.3231583374108006e-05 , std 5.2312056561445804e-05 
2023-05-13 12:30:07,383 INFO ofi_add_4: 3.501521966937529e-05 , std 5.0670366880306626e-05 
2023-05-13 12:30:07,383 INFO ofi_add_5: 2.4719765556935816e-05 , std 5.2165905768033364e-05 
2023-05-13 12:30:07,383 INFO ofi_add_6: 2.2505060622032878e-05 , std 5.040258171941313e-05 
2023-05-13 12:30:07,383 INFO ofi_add_7: 1.8523387653314338e-05 , std 5.2060188890797677e-05 
2023-05-13 12:30:07,383 INFO ofi_add_8: 1.7640242962588627e-05 , std 5.4111148658880545e-05 
2023-05-13 12:30:07,383 INFO ofi_add_9: 1.536929857583403e-05 , std 5.63636899661599e-05 
2023-05-13 12:30:07,383 INFO ofi_add_10: 2.2429758194249668e-05 , std 5.291104346748163e-05 
2023-05-13 12:30:07,383 INFO ofi_cancel_1: 7.304759291264743e-05 , std 5.950419831323508e-05 
2023-05-13 12:30:07,383 INFO ofi_cancel_2: 9.05174566014484e-05 , std 5.9543762458062035e-05 
2023-05-13 12:30:07,383 INFO ofi_cancel_3: 5.3115453115721046e-05 , std 5.681361139710524e-05 
2023-05-13 12:30:07,383 INFO ofi_cancel_4: 3.4726889455605e-05 , std 5.419232947919092e-05 
2023-05-13 12:30:07,383 INFO ofi_cancel_5: 2.1538395079308213e-05 , std 5.458305614920974e-05 
2023-05-13 12:30:07,383 INFO ofi_cancel_6: 1.9308826460569308e-05 , std 5.244128381813417e-05 
2023-05-13 12:30:07,383 INFO ofi_cancel_7: 1.531007498081046e-05 , std 5.553200206307587e-05 
2023-05-13 12:30:07,383 INFO ofi_cancel_8: 1.3740501680311616e-05 , std 5.6559020754645024e-05 
2023-05-13 12:30:07,383 INFO ofi_cancel_9: 1.0510531466465962e-05 , std 6.0002708911504415e-05 
2023-05-13 12:30:07,383 INFO ofi_cancel_10: 1.8851781138209146e-05 , std 5.692305318210025e-05 
2023-05-13 12:30:07,384 INFO ofi_trade_1: 4.704471339881311e-05 , std 0.00012661784424309162 
2023-05-13 12:30:07,384 INFO ofi_trade_2: 7.412476062275217e-05 , std 0.00012471074751010475 
2023-05-13 12:30:07,384 INFO ofi_trade_3: 5.5076815694050945e-05 , std 0.00011172773250883002 
2023-05-13 12:30:07,384 INFO ofi_trade_4: 3.962579885460875e-05 , std 0.00010559582593819838 
2023-05-13 12:30:07,384 INFO ofi_trade_5: 3.152635719566777e-05 , std 0.00010437247131011619 
2023-05-13 12:30:07,384 INFO ofi_trade_6: 3.0397149707979646e-05 , std 0.00010383511944329718 
2023-05-13 12:30:07,384 INFO ofi_trade_7: 3.083807644766722e-05 , std 0.00010583334253794502 
2023-05-13 12:30:07,384 INFO ofi_trade_8: 3.4230175562065986e-05 , std 0.00010935211607144223 
2023-05-13 12:30:07,384 INFO ofi_trade_9: 3.3931161200000726e-05 , std 0.00011073592834769246 
2023-05-13 12:30:07,384 INFO ofi_trade_10: 4.4984444386041354e-05 , std 0.0001125843375201029 
2023-05-13 12:30:07,384 INFO t_intercept: -0.019508674414862117 , std 0.9212745384277083 
2023-05-13 12:30:07,384 INFO t_ofi_add_1: 1.8498508170821586 , std 1.380079597874876 
2023-05-13 12:30:07,384 INFO t_ofi_add_2: 2.0302332895303823 , std 1.321939081733064 
2023-05-13 12:30:07,384 INFO t_ofi_add_3: 1.3330149150803168 , std 1.2276841489628774 
2023-05-13 12:30:07,384 INFO t_ofi_add_4: 0.9043596376265154 , std 1.230008369979586 
2023-05-13 12:30:07,384 INFO t_ofi_add_5: 0.6561972071079087 , std 1.2347467480946244 
2023-05-13 12:30:07,384 INFO t_ofi_add_6: 0.5865380580542295 , std 1.2068543564003864 
2023-05-13 12:30:07,384 INFO t_ofi_add_7: 0.4869862640473334 , std 1.2152072403851046 
2023-05-13 12:30:07,384 INFO t_ofi_add_8: 0.4552110556547522 , std 1.2210465760766367 
2023-05-13 12:30:07,384 INFO t_ofi_add_9: 0.36769146402462033 , std 1.2122110487061462 
2023-05-13 12:30:07,384 INFO t_ofi_add_10: 0.6088593708589212 , std 1.2871111142481109 
2023-05-13 12:30:07,384 INFO t_ofi_cancel_1: 1.7392512074990119 , std 1.341789261635709 
2023-05-13 12:30:07,384 INFO t_ofi_cancel_2: 2.164588671208919 , std 1.311559379755299 
2023-05-13 12:30:07,384 INFO t_ofi_cancel_3: 1.2529548177498118 , std 1.2653921383201872 
2023-05-13 12:30:07,384 INFO t_ofi_cancel_4: 0.8311607862501512 , std 1.2356430816821597 
2023-05-13 12:30:07,384 INFO t_ofi_cancel_5: 0.5257691268523744 , std 1.2280768509859872 
2023-05-13 12:30:07,384 INFO t_ofi_cancel_6: 0.4703388901159388 , std 1.1799912526413128 
2023-05-13 12:30:07,384 INFO t_ofi_cancel_7: 0.3712724067014728 , std 1.2124363972450223 
2023-05-13 12:30:07,384 INFO t_ofi_cancel_8: 0.32884097353919434 , std 1.1980834954118766 
2023-05-13 12:30:07,384 INFO t_ofi_cancel_9: 0.22215642293054033 , std 1.1966191602712173 
2023-05-13 12:30:07,384 INFO t_ofi_cancel_10: 0.4643335389918559 , std 1.2706964617076701 
2023-05-13 12:30:07,384 INFO t_ofi_trade_1: 0.5674501782391547 , std 1.3042602334356004 
2023-05-13 12:30:07,385 INFO t_ofi_trade_2: 0.8413522271827741 , std 1.3049155598959588 
2023-05-13 12:30:07,385 INFO t_ofi_trade_3: 0.6792086835911502 , std 1.2451619584836116 
2023-05-13 12:30:07,385 INFO t_ofi_trade_4: 0.554362685672498 , std 1.2509068735440696 
2023-05-13 12:30:07,385 INFO t_ofi_trade_5: 0.4385144601897076 , std 1.2497362137563077 
2023-05-13 12:30:07,385 INFO t_ofi_trade_6: 0.4381531685920756 , std 1.248134101135381 
2023-05-13 12:30:07,385 INFO t_ofi_trade_7: 0.42286695811436004 , std 1.2498579258862006 
2023-05-13 12:30:07,385 INFO t_ofi_trade_8: 0.46105587026397316 , std 1.2332753900911844 
2023-05-13 12:30:07,385 INFO t_ofi_trade_9: 0.4443773845795349 , std 1.2235230069610274 
2023-05-13 12:30:07,385 INFO t_ofi_trade_10: 0.5967990484022918 , std 1.2733658555768563 
2023-05-13 12:30:07,386 INFO Grouping by ofi type:
2023-05-13 12:30:07,386 INFO add: 9.278942079067138
2023-05-13 12:30:07,386 INFO cancel: 8.37066684183927
2023-05-13 12:30:07,386 INFO trade: 5.44414066482752
2023-05-13 12:30:07,386 INFO Grouping by level:
2023-05-13 12:30:07,386 INFO 1: 4.1565522028203254
2023-05-13 12:30:07,386 INFO 2: 5.036174187922075
2023-05-13 12:30:07,386 INFO 3: 3.2651784164212785
2023-05-13 12:30:07,386 INFO 4: 2.2898831095491645
2023-05-13 12:30:07,386 INFO 5: 1.6204807941499906
2023-05-13 12:30:07,386 INFO 6: 1.495030116762244
2023-05-13 12:30:07,386 INFO 7: 1.2811256288631663
2023-05-13 12:30:07,386 INFO 8: 1.2451078994579197
2023-05-13 12:30:07,386 INFO 9: 1.0342252715346956
2023-05-13 12:30:07,386 INFO 10: 1.669991958253069
2023-05-13 12:30:07,386 INFO Non empty regressions: 1.0 --- 5412 / 5412
