2023-05-13 12:30:03,147 INFO Starting...
2023-05-13 12:30:03,147 INFO Tickers: ['MDT']
2023-05-13 12:30:04,636 INFO in_r2: 0.9279247529966967 , std 0.04258755331740002 
2023-05-13 12:30:04,636 INFO os_r2: 0.860375145841258 , std 0.5994784878083789 
2023-05-13 12:30:04,636 INFO intercept: 1.3831058576206443e-07 , std 5.594575841940281e-06 
2023-05-13 12:30:04,636 INFO ofi_add_1: 6.638742373485414e-05 , std 7.792928059390306e-05 
2023-05-13 12:30:04,636 INFO ofi_add_2: 8.88823274079751e-05 , std 6.867483481898116e-05 
2023-05-13 12:30:04,636 INFO ofi_add_3: 6.677666931090862e-05 , std 5.7510528651604585e-05 
2023-05-13 12:30:04,636 INFO ofi_add_4: 5.666323251991014e-05 , std 6.116046116231259e-05 
2023-05-13 12:30:04,637 INFO ofi_add_5: 4.669585534387098e-05 , std 6.151720653090391e-05 
2023-05-13 12:30:04,637 INFO ofi_add_6: 4.7235077698515113e-05 , std 6.419815644888999e-05 
2023-05-13 12:30:04,637 INFO ofi_add_7: 5.582066651579478e-05 , std 7.440210486280161e-05 
2023-05-13 12:30:04,637 INFO ofi_add_8: 5.241528235697882e-05 , std 8.3674520584126e-05 
2023-05-13 12:30:04,637 INFO ofi_add_9: 4.9134527692048905e-05 , std 9.268550685359956e-05 
2023-05-13 12:30:04,637 INFO ofi_add_10: 5.626567670216508e-05 , std 9.052066824426363e-05 
2023-05-13 12:30:04,637 INFO ofi_cancel_1: 6.42223096130541e-05 , std 8.394907486121872e-05 
2023-05-13 12:30:04,637 INFO ofi_cancel_2: 9.54634676156748e-05 , std 7.37263321899974e-05 
2023-05-13 12:30:04,637 INFO ofi_cancel_3: 6.479352996659506e-05 , std 6.163016741922473e-05 
2023-05-13 12:30:04,637 INFO ofi_cancel_4: 5.188038524630414e-05 , std 6.56586645156986e-05 
2023-05-13 12:30:04,637 INFO ofi_cancel_5: 4.4660453613929584e-05 , std 6.689876428959294e-05 
2023-05-13 12:30:04,637 INFO ofi_cancel_6: 4.4273345231612904e-05 , std 7.084394541809582e-05 
2023-05-13 12:30:04,637 INFO ofi_cancel_7: 4.9454922115992915e-05 , std 8.011943289581412e-05 
2023-05-13 12:30:04,637 INFO ofi_cancel_8: 4.90485230221076e-05 , std 9.195901828553654e-05 
2023-05-13 12:30:04,637 INFO ofi_cancel_9: 4.8135027330838695e-05 , std 0.00010293839857571259 
2023-05-13 12:30:04,637 INFO ofi_cancel_10: 5.920441386019371e-05 , std 0.00010287428729402795 
2023-05-13 12:30:04,637 INFO ofi_trade_1: 4.3569256337438115e-05 , std 0.00015285860010235428 
2023-05-13 12:30:04,637 INFO ofi_trade_2: 8.692244302790885e-05 , std 0.00012242281661589845 
2023-05-13 12:30:04,637 INFO ofi_trade_3: 5.580299763738852e-05 , std 0.00011182519295867967 
2023-05-13 12:30:04,637 INFO ofi_trade_4: 5.177543180773849e-05 , std 0.00010727543642342205 
2023-05-13 12:30:04,637 INFO ofi_trade_5: 4.7256136082630634e-05 , std 0.00010569881935680491 
2023-05-13 12:30:04,637 INFO ofi_trade_6: 5.201612971169857e-05 , std 0.00011161391713706129 
2023-05-13 12:30:04,637 INFO ofi_trade_7: 6.161687909956662e-05 , std 0.00012559661664617686 
2023-05-13 12:30:04,637 INFO ofi_trade_8: 6.445188876976407e-05 , std 0.00014131129462520244 
2023-05-13 12:30:04,637 INFO ofi_trade_9: 6.718898108395565e-05 , std 0.00015225075049276541 
2023-05-13 12:30:04,637 INFO ofi_trade_10: 7.714539005771292e-05 , std 0.00015153063728703237 
2023-05-13 12:30:04,637 INFO t_intercept: 0.05497639631004007 , std 0.9726791314712356 
2023-05-13 12:30:04,637 INFO t_ofi_add_1: 1.6019190093689537 , std 1.8034277350936079 
2023-05-13 12:30:04,637 INFO t_ofi_add_2: 2.1447225370981458 , std 1.507810405331453 
2023-05-13 12:30:04,637 INFO t_ofi_add_3: 1.7123647358551162 , std 1.3915678989339817 
2023-05-13 12:30:04,637 INFO t_ofi_add_4: 1.4231102434973015 , std 1.4130561117670315 
2023-05-13 12:30:04,638 INFO t_ofi_add_5: 1.1958528122678849 , std 1.4000000707604348 
2023-05-13 12:30:04,638 INFO t_ofi_add_6: 1.1437186068455958 , std 1.3563418084718895 
2023-05-13 12:30:04,638 INFO t_ofi_add_7: 1.1887809488175667 , std 1.442434135354554 
2023-05-13 12:30:04,638 INFO t_ofi_add_8: 0.960341914697409 , std 1.3813176391686972 
2023-05-13 12:30:04,638 INFO t_ofi_add_9: 0.8184808895915693 , std 1.385351106362099 
2023-05-13 12:30:04,638 INFO t_ofi_add_10: 0.9839420472385098 , std 1.4478352489653252 
2023-05-13 12:30:04,638 INFO t_ofi_cancel_1: 1.33285898807508 , std 1.707538573411577 
2023-05-13 12:30:04,638 INFO t_ofi_cancel_2: 2.1774470590856567 , std 1.5139483987214692 
2023-05-13 12:30:04,638 INFO t_ofi_cancel_3: 1.5206752134895671 , std 1.3514167377967536 
2023-05-13 12:30:04,638 INFO t_ofi_cancel_4: 1.1913478387170795 , std 1.3684986611268304 
2023-05-13 12:30:04,638 INFO t_ofi_cancel_5: 1.0153746278980127 , std 1.3440049453136664 
2023-05-13 12:30:04,638 INFO t_ofi_cancel_6: 0.9510995982081432 , std 1.3450878177118233 
2023-05-13 12:30:04,638 INFO t_ofi_cancel_7: 0.9409529636804358 , std 1.3686785575983964 
2023-05-13 12:30:04,638 INFO t_ofi_cancel_8: 0.7975805399461854 , std 1.3537469418760335 
2023-05-13 12:30:04,638 INFO t_ofi_cancel_9: 0.7082612430568027 , std 1.3720048778333878 
2023-05-13 12:30:04,638 INFO t_ofi_cancel_10: 0.9111523807758882 , std 1.4337246983713008 
2023-05-13 12:30:04,638 INFO t_ofi_trade_1: 0.45437927298386 , std 1.4754687207442914 
2023-05-13 12:30:04,638 INFO t_ofi_trade_2: 1.0926622844531653 , std 1.366577968936901 
2023-05-13 12:30:04,638 INFO t_ofi_trade_3: 0.8124062731489661 , std 1.401451784311528 
2023-05-13 12:30:04,638 INFO t_ofi_trade_4: 0.7864954430168808 , std 1.349134681409016 
2023-05-13 12:30:04,638 INFO t_ofi_trade_5: 0.7332210784259056 , std 1.3608899120299287 
2023-05-13 12:30:04,638 INFO t_ofi_trade_6: 0.7257782322400134 , std 1.3074589115582902 
2023-05-13 12:30:04,638 INFO t_ofi_trade_7: 0.7882885612284428 , std 1.3516926399007645 
2023-05-13 12:30:04,638 INFO t_ofi_trade_8: 0.7225957190134856 , std 1.325405900799668 
2023-05-13 12:30:04,638 INFO t_ofi_trade_9: 0.6821978646261966 , std 1.3436811604879129 
2023-05-13 12:30:04,638 INFO t_ofi_trade_10: 0.7931707949014262 , std 1.356765816507193 
2023-05-13 12:30:04,641 INFO Grouping by ofi type:
2023-05-13 12:30:04,641 INFO add: 13.173233745278052
2023-05-13 12:30:04,641 INFO cancel: 11.546750452932853
2023-05-13 12:30:04,641 INFO trade: 7.591195524038342
2023-05-13 12:30:04,641 INFO Grouping by level:
2023-05-13 12:30:04,641 INFO 1: 3.3891572704278934
2023-05-13 12:30:04,641 INFO 2: 5.414831880636967
2023-05-13 12:30:04,641 INFO 3: 4.045446222493649
2023-05-13 12:30:04,641 INFO 4: 3.400953525231262
2023-05-13 12:30:04,641 INFO 5: 2.9444485185918032
2023-05-13 12:30:04,642 INFO 6: 2.8205964372937524
2023-05-13 12:30:04,642 INFO 7: 2.9180224737264453
2023-05-13 12:30:04,642 INFO 8: 2.4805181736570803
2023-05-13 12:30:04,642 INFO 9: 2.2089399972745687
2023-05-13 12:30:04,642 INFO 10: 2.688265222915824
2023-05-13 12:30:04,642 INFO Non empty regressions: 1.0 --- 6517 / 6517
