2023-05-13 12:29:45,674 INFO Starting...
2023-05-13 12:29:45,674 INFO Tickers: ['MRK']
2023-05-13 12:29:47,175 INFO in_r2: 0.979202278631717 , std 0.011727160701809056 
2023-05-13 12:29:47,175 INFO os_r2: 0.9484682173165488 , std 0.08420692805335332 
2023-05-13 12:29:47,175 INFO intercept: 1.5905012235629197e-07 , std 2.7602185623506014e-06 
2023-05-13 12:29:47,175 INFO ofi_add_1: 1.7395421568921148e-05 , std 3.687210828225163e-05 
2023-05-13 12:29:47,175 INFO ofi_add_2: 5.835633572618754e-05 , std 5.260829605789812e-05 
2023-05-13 12:29:47,175 INFO ofi_add_3: 6.584424919214812e-05 , std 5.3727997317050276e-05 
2023-05-13 12:29:47,175 INFO ofi_add_4: 6.322309893852392e-05 , std 5.7473193314794365e-05 
2023-05-13 12:29:47,175 INFO ofi_add_5: 5.655578260015822e-05 , std 5.8294155864094974e-05 
2023-05-13 12:29:47,175 INFO ofi_add_6: 9.581212110381347e-05 , std 8.159222384979951e-05 
2023-05-13 12:29:47,175 INFO ofi_add_7: 9.968359395619843e-05 , std 9.645912812719983e-05 
2023-05-13 12:29:47,175 INFO ofi_add_8: 0.00010541323987785018 , std 0.00012191957286089806 
2023-05-13 12:29:47,176 INFO ofi_add_9: 9.88967269773845e-05 , std 0.00013409588945197953 
2023-05-13 12:29:47,176 INFO ofi_add_10: 0.00012129502867475346 , std 0.00015559991207377273 
2023-05-13 12:29:47,176 INFO ofi_cancel_1: 1.283634405312733e-05 , std 4.0930047365755784e-05 
2023-05-13 12:29:47,176 INFO ofi_cancel_2: 5.1383646215835785e-05 , std 5.290998782834035e-05 
2023-05-13 12:29:47,176 INFO ofi_cancel_3: 6.422090974950642e-05 , std 5.863822265070813e-05 
2023-05-13 12:29:47,176 INFO ofi_cancel_4: 6.200913804240138e-05 , std 6.104754744485332e-05 
2023-05-13 12:29:47,176 INFO ofi_cancel_5: 5.589041433855007e-05 , std 6.285726905529234e-05 
2023-05-13 12:29:47,176 INFO ofi_cancel_6: 9.02193448671268e-05 , std 8.7471385897591e-05 
2023-05-13 12:29:47,176 INFO ofi_cancel_7: 0.0001041517420363266 , std 0.0001102434449617766 
2023-05-13 12:29:47,176 INFO ofi_cancel_8: 0.00010832534054113379 , std 0.00014166806038006291 
2023-05-13 12:29:47,176 INFO ofi_cancel_9: 0.00010650859314824416 , std 0.0001676999710404974 
2023-05-13 12:29:47,176 INFO ofi_cancel_10: 0.0001293879030996679 , std 0.0001914483115299262 
2023-05-13 12:29:47,176 INFO ofi_trade_1: 1.077568235680731e-05 , std 0.00011675906478303295 
2023-05-13 12:29:47,176 INFO ofi_trade_2: 6.985265400277977e-05 , std 9.450981169186529e-05 
2023-05-13 12:29:47,176 INFO ofi_trade_3: 7.602013811475911e-05 , std 9.928898232987981e-05 
2023-05-13 12:29:47,176 INFO ofi_trade_4: 6.277773607856638e-05 , std 9.120436865343882e-05 
2023-05-13 12:29:47,176 INFO ofi_trade_5: 6.548686245929639e-05 , std 9.356157021948928e-05 
2023-05-13 12:29:47,176 INFO ofi_trade_6: 8.928965034163492e-05 , std 0.00011820590463165387 
2023-05-13 12:29:47,176 INFO ofi_trade_7: 0.00010262572690466626 , std 0.00015921956857881415 
2023-05-13 12:29:47,176 INFO ofi_trade_8: 9.010660865705823e-05 , std 0.0001938372268766064 
2023-05-13 12:29:47,176 INFO ofi_trade_9: 7.976813485840848e-05 , std 0.000224650244533384 
2023-05-13 12:29:47,176 INFO ofi_trade_10: 0.0001002748007584403 , std 0.00022990780547453964 
2023-05-13 12:29:47,176 INFO t_intercept: 0.07084149746136727 , std 1.018792387463283 
2023-05-13 12:29:47,176 INFO t_ofi_add_1: 0.9003809649166232 , std 1.6398821648058732 
2023-05-13 12:29:47,176 INFO t_ofi_add_2: 2.057077009281228 , std 1.9073453374897582 
2023-05-13 12:29:47,176 INFO t_ofi_add_3: 2.1647413205316384 , std 1.7353949363595726 
2023-05-13 12:29:47,176 INFO t_ofi_add_4: 2.114872235897168 , std 1.7302346811606006 
2023-05-13 12:29:47,176 INFO t_ofi_add_5: 1.8980028519745524 , std 1.8931521370500648 
2023-05-13 12:29:47,176 INFO t_ofi_add_6: 2.499171697747395 , std 2.1039480732612255 
2023-05-13 12:29:47,176 INFO t_ofi_add_7: 2.0804077752140397 , std 1.8664439713385372 
2023-05-13 12:29:47,176 INFO t_ofi_add_8: 1.8579424431073195 , std 1.9041842317443245 
2023-05-13 12:29:47,177 INFO t_ofi_add_9: 1.6392295358953284 , std 1.874455168340152 
2023-05-13 12:29:47,177 INFO t_ofi_add_10: 1.9360683037991906 , std 2.009113779870222 
2023-05-13 12:29:47,177 INFO t_ofi_cancel_1: 0.5801909978343994 , std 1.552145701745348 
2023-05-13 12:29:47,177 INFO t_ofi_cancel_2: 1.7327929998989984 , std 1.765496229724743 
2023-05-13 12:29:47,177 INFO t_ofi_cancel_3: 1.9019737976329416 , std 1.642110420972155 
2023-05-13 12:29:47,177 INFO t_ofi_cancel_4: 1.8233973777991812 , std 1.5892735265700408 
2023-05-13 12:29:47,177 INFO t_ofi_cancel_5: 1.6022579189649182 , std 1.6593174713781136 
2023-05-13 12:29:47,177 INFO t_ofi_cancel_6: 2.0047327744064125 , std 1.8266247242720106 
2023-05-13 12:29:47,177 INFO t_ofi_cancel_7: 1.8425801094290697 , std 1.7315230796867338 
2023-05-13 12:29:47,177 INFO t_ofi_cancel_8: 1.6051340035512243 , std 1.767003201354623 
2023-05-13 12:29:47,177 INFO t_ofi_cancel_9: 1.4441228095706649 , std 1.7757995252414962 
2023-05-13 12:29:47,177 INFO t_ofi_cancel_10: 1.7019431526003121 , std 1.9156126507018914 
2023-05-13 12:29:47,177 INFO t_ofi_trade_1: 0.26868075680341885 , std 1.7292648961382344 
2023-05-13 12:29:47,177 INFO t_ofi_trade_2: 1.479648845748014 , std 1.8536417335928073 
2023-05-13 12:29:47,177 INFO t_ofi_trade_3: 1.6303408317171584 , std 1.8803764907602991 
2023-05-13 12:29:47,177 INFO t_ofi_trade_4: 1.4501100108001908 , std 1.8389353136989528 
2023-05-13 12:29:47,177 INFO t_ofi_trade_5: 1.5157681252033623 , std 1.9433434863532972 
2023-05-13 12:29:47,177 INFO t_ofi_trade_6: 1.6516433338718863 , std 1.897112977357416 
2023-05-13 12:29:47,177 INFO t_ofi_trade_7: 1.5085628998519083 , std 1.861991630148528 
2023-05-13 12:29:47,177 INFO t_ofi_trade_8: 1.238164144213162 , std 1.8768826575275155 
2023-05-13 12:29:47,177 INFO t_ofi_trade_9: 1.101792327118729 , std 1.8658840478411969 
2023-05-13 12:29:47,177 INFO t_ofi_trade_10: 1.3318297955624852 , std 1.9843798507045922 
2023-05-13 12:29:47,178 INFO Grouping by ofi type:
2023-05-13 12:29:47,178 INFO add: 19.14789413836448
2023-05-13 12:29:47,178 INFO cancel: 16.239125941688123
2023-05-13 12:29:47,178 INFO trade: 13.176541070890313
2023-05-13 12:29:47,179 INFO Grouping by level:
2023-05-13 12:29:47,179 INFO 1: 1.7492527195544416
2023-05-13 12:29:47,179 INFO 2: 5.26951885492824
2023-05-13 12:29:47,179 INFO 3: 5.697055949881738
2023-05-13 12:29:47,179 INFO 4: 5.38837962449654
2023-05-13 12:29:47,179 INFO 5: 5.016028896142833
2023-05-13 12:29:47,179 INFO 6: 6.1555478060256945
2023-05-13 12:29:47,179 INFO 7: 5.431550784495018
2023-05-13 12:29:47,179 INFO 8: 4.701240590871706
2023-05-13 12:29:47,179 INFO 9: 4.185144672584722
2023-05-13 12:29:47,179 INFO 10: 4.969841251961988
2023-05-13 12:29:47,179 INFO Non empty regressions: 1.0 --- 7200 / 7200
