2023-05-13 12:30:26,917 INFO Starting...
2023-05-13 12:30:26,917 INFO Tickers: ['NKE']
2023-05-13 12:30:28,329 INFO in_r2: 0.9631307571364386 , std 0.03319191157569646 
2023-05-13 12:30:28,329 INFO os_r2: 0.9187399810523075 , std 0.36146287430631097 
2023-05-13 12:30:28,329 INFO intercept: 1.3970084526204622e-07 , std 4.520102051909346e-06 
2023-05-13 12:30:28,329 INFO ofi_add_1: 3.762432187264985e-05 , std 5.3543617438606894e-05 
2023-05-13 12:30:28,329 INFO ofi_add_2: 7.901496265011179e-05 , std 5.8227457106656796e-05 
2023-05-13 12:30:28,329 INFO ofi_add_3: 6.83257631195249e-05 , std 5.1669502780782085e-05 
2023-05-13 12:30:28,329 INFO ofi_add_4: 5.3514790031883496e-05 , std 4.954891376656208e-05 
2023-05-13 12:30:28,329 INFO ofi_add_5: 6.199256972458728e-05 , std 6.040085587854765e-05 
2023-05-13 12:30:28,329 INFO ofi_add_6: 8.10153557218379e-05 , std 7.902123962683549e-05 
2023-05-13 12:30:28,329 INFO ofi_add_7: 9.3660593944853e-05 , std 8.608729694335001e-05 
2023-05-13 12:30:28,329 INFO ofi_add_8: 8.772722666798569e-05 , std 9.631555145866373e-05 
2023-05-13 12:30:28,329 INFO ofi_add_9: 8.284594747830057e-05 , std 0.0001033740360705262 
2023-05-13 12:30:28,329 INFO ofi_add_10: 0.00010465571837479504 , std 0.00010859986055699105 
2023-05-13 12:30:28,329 INFO ofi_cancel_1: 3.3885464113265314e-05 , std 5.937147571805664e-05 
2023-05-13 12:30:28,329 INFO ofi_cancel_2: 7.787702871103855e-05 , std 6.143009079226776e-05 
2023-05-13 12:30:28,329 INFO ofi_cancel_3: 6.823516463165449e-05 , std 5.560552424616601e-05 
2023-05-13 12:30:28,329 INFO ofi_cancel_4: 5.271762940227002e-05 , std 5.284783418836152e-05 
2023-05-13 12:30:28,329 INFO ofi_cancel_5: 5.53818418936704e-05 , std 6.09095302947249e-05 
2023-05-13 12:30:28,329 INFO ofi_cancel_6: 8.219031376924702e-05 , std 8.717097723326944e-05 
2023-05-13 12:30:28,329 INFO ofi_cancel_7: 9.181407890504753e-05 , std 9.444627484005045e-05 
2023-05-13 12:30:28,329 INFO ofi_cancel_8: 8.731475985432253e-05 , std 0.00011054622328215463 
2023-05-13 12:30:28,329 INFO ofi_cancel_9: 8.552118149219634e-05 , std 0.00012412963238238645 
2023-05-13 12:30:28,329 INFO ofi_cancel_10: 0.00011053892337358082 , std 0.0001326231243220978 
2023-05-13 12:30:28,329 INFO ofi_trade_1: 2.792075262580884e-05 , std 0.00011918360328626101 
2023-05-13 12:30:28,329 INFO ofi_trade_2: 7.962578629818574e-05 , std 9.550405222276076e-05 
2023-05-13 12:30:28,329 INFO ofi_trade_3: 7.024206881304082e-05 , std 8.480129191019257e-05 
2023-05-13 12:30:28,329 INFO ofi_trade_4: 5.762834496932567e-05 , std 7.695514622823099e-05 
2023-05-13 12:30:28,329 INFO ofi_trade_5: 6.643166777565748e-05 , std 9.029509907245188e-05 
2023-05-13 12:30:28,329 INFO ofi_trade_6: 8.458539386440541e-05 , std 0.0001122031345768505 
2023-05-13 12:30:28,329 INFO ofi_trade_7: 8.784502627095871e-05 , std 0.00012074127414777466 
2023-05-13 12:30:28,329 INFO ofi_trade_8: 8.2483150639883e-05 , std 0.00013524783865118885 
2023-05-13 12:30:28,329 INFO ofi_trade_9: 7.67892887712318e-05 , std 0.00014027560061152659 
2023-05-13 12:30:28,329 INFO ofi_trade_10: 9.98419981062959e-05 , std 0.00014455935689273346 
2023-05-13 12:30:28,329 INFO t_intercept: 0.04264599973521993 , std 0.992696342297848 
2023-05-13 12:30:28,329 INFO t_ofi_add_1: 1.3681807312107561 , std 1.7294934303770881 
2023-05-13 12:30:28,329 INFO t_ofi_add_2: 2.4932118774519707 , std 1.881213114565119 
2023-05-13 12:30:28,329 INFO t_ofi_add_3: 2.3250608286908783 , std 1.7064681199491034 
2023-05-13 12:30:28,329 INFO t_ofi_add_4: 1.994071670324151 , std 1.612205157746743 
2023-05-13 12:30:28,329 INFO t_ofi_add_5: 2.3006922318815435 , std 2.278978533521691 
2023-05-13 12:30:28,330 INFO t_ofi_add_6: 2.320269834972754 , std 2.096039981515354 
2023-05-13 12:30:28,330 INFO t_ofi_add_7: 2.254535703201369 , std 1.9605903323536262 
2023-05-13 12:30:28,330 INFO t_ofi_add_8: 1.8031592402448486 , std 1.8752430229809447 
2023-05-13 12:30:28,330 INFO t_ofi_add_9: 1.5907387360166771 , std 1.8500534353425557 
2023-05-13 12:30:28,330 INFO t_ofi_add_10: 2.060936608126458 , std 1.9760981802602957 
2023-05-13 12:30:28,330 INFO t_ofi_cancel_1: 0.9922921227693662 , std 1.6048683902045136 
2023-05-13 12:30:28,330 INFO t_ofi_cancel_2: 2.3008491850128516 , std 1.73359355023907 
2023-05-13 12:30:28,330 INFO t_ofi_cancel_3: 2.113943767660556 , std 1.6113438735306578 
2023-05-13 12:30:28,330 INFO t_ofi_cancel_4: 1.7580177666989525 , std 1.5269172369344823 
2023-05-13 12:30:28,330 INFO t_ofi_cancel_5: 1.7591933587370534 , std 1.8030012931918649 
2023-05-13 12:30:28,330 INFO t_ofi_cancel_6: 2.0056607858619806 , std 1.930806243775139 
2023-05-13 12:30:28,330 INFO t_ofi_cancel_7: 1.900681738101764 , std 1.7897223765382155 
2023-05-13 12:30:28,330 INFO t_ofi_cancel_8: 1.5158034605179156 , std 1.6941671198650725 
2023-05-13 12:30:28,330 INFO t_ofi_cancel_9: 1.3572528642000152 , std 1.7050846553999333 
2023-05-13 12:30:28,330 INFO t_ofi_cancel_10: 1.800054491319533 , std 1.8430515311650726 
2023-05-13 12:30:28,330 INFO t_ofi_trade_1: 0.4359844350037836 , std 1.6015019424154333 
2023-05-13 12:30:28,330 INFO t_ofi_trade_2: 1.5538160589692611 , std 1.8249979217683858 
2023-05-13 12:30:28,330 INFO t_ofi_trade_3: 1.5250693585050201 , std 1.7950961475362137 
2023-05-13 12:30:28,330 INFO t_ofi_trade_4: 1.4301228526987815 , std 1.755281311713733 
2023-05-13 12:30:28,330 INFO t_ofi_trade_5: 1.6359444931146823 , std 2.0704726829539837 
2023-05-13 12:30:28,330 INFO t_ofi_trade_6: 1.6397930771847111 , std 1.9052448239219468 
2023-05-13 12:30:28,330 INFO t_ofi_trade_7: 1.4847622930983906 , std 1.7662798565860178 
2023-05-13 12:30:28,330 INFO t_ofi_trade_8: 1.2323267150679935 , std 1.7762103645742353 
2023-05-13 12:30:28,330 INFO t_ofi_trade_9: 1.1086666055520575 , std 1.7492769272398805 
2023-05-13 12:30:28,330 INFO t_ofi_trade_10: 1.4726863356232112 , std 1.8735029578701448 
2023-05-13 12:30:28,332 INFO Grouping by ofi type:
2023-05-13 12:30:28,332 INFO add: 20.510857462121407
2023-05-13 12:30:28,332 INFO cancel: 17.503749540879987
2023-05-13 12:30:28,332 INFO trade: 13.519172224817892
2023-05-13 12:30:28,332 INFO Grouping by level:
2023-05-13 12:30:28,332 INFO 1: 2.796457288983906
2023-05-13 12:30:28,332 INFO 2: 6.347877121434083
2023-05-13 12:30:28,332 INFO 3: 5.964073954856454
2023-05-13 12:30:28,332 INFO 4: 5.182212289721885
2023-05-13 12:30:28,332 INFO 5: 5.695830083733279
2023-05-13 12:30:28,332 INFO 6: 5.9657236980194455
2023-05-13 12:30:28,332 INFO 7: 5.639979734401524
2023-05-13 12:30:28,332 INFO 8: 4.551289415830758
2023-05-13 12:30:28,332 INFO 9: 4.05665820576875
2023-05-13 12:30:28,332 INFO 10: 5.333677435069203
2023-05-13 12:30:28,332 INFO Non empty regressions: 1.0 --- 7155 / 7155
