2023-05-13 12:30:11,709 INFO Starting...
2023-05-13 12:30:11,709 INFO Tickers: ['NVDA']
2023-05-13 12:30:13,126 INFO in_r2: 0.9275784023068068 , std 0.03944795939027225 
2023-05-13 12:30:13,126 INFO os_r2: 0.8623200395021506 , std 0.21869870912000017 
2023-05-13 12:30:13,126 INFO intercept: 6.593937536874579e-07 , std 1.1583181797950069e-05 
2023-05-13 12:30:13,126 INFO ofi_add_1: 3.7464903288429656e-05 , std 3.8059236714306376e-05 
2023-05-13 12:30:13,126 INFO ofi_add_2: 4.476799294144456e-05 , std 4.4582324796303664e-05 
2023-05-13 12:30:13,126 INFO ofi_add_3: 4.294530711790147e-05 , std 4.6544739617649725e-05 
2023-05-13 12:30:13,127 INFO ofi_add_4: 3.88478699082095e-05 , std 4.961347568459722e-05 
2023-05-13 12:30:13,127 INFO ofi_add_5: 3.43306763450159e-05 , std 4.941697701160966e-05 
2023-05-13 12:30:13,127 INFO ofi_add_6: 3.153071978436293e-05 , std 4.9443103688895104e-05 
2023-05-13 12:30:13,127 INFO ofi_add_7: 3.133605987519208e-05 , std 4.8058833408511554e-05 
2023-05-13 12:30:13,127 INFO ofi_add_8: 2.9933958431033068e-05 , std 4.843699056075103e-05 
2023-05-13 12:30:13,127 INFO ofi_add_9: 2.674447813563565e-05 , std 4.802806477711185e-05 
2023-05-13 12:30:13,127 INFO ofi_add_10: 4.739294238986863e-05 , std 4.2209241574817064e-05 
2023-05-13 12:30:13,127 INFO ofi_cancel_1: 5.010039652307543e-05 , std 5.00659761388206e-05 
2023-05-13 12:30:13,127 INFO ofi_cancel_2: 4.8542413646452164e-05 , std 4.708582004004722e-05 
2023-05-13 12:30:13,127 INFO ofi_cancel_3: 4.320228600935295e-05 , std 4.80591422777559e-05 
2023-05-13 12:30:13,127 INFO ofi_cancel_4: 3.79183442712725e-05 , std 5.083126102062354e-05 
2023-05-13 12:30:13,127 INFO ofi_cancel_5: 3.3055509677345224e-05 , std 5.072136206470494e-05 
2023-05-13 12:30:13,127 INFO ofi_cancel_6: 3.0083785928123437e-05 , std 5.068033321921459e-05 
2023-05-13 12:30:13,127 INFO ofi_cancel_7: 2.9711487467298248e-05 , std 4.9471639381895446e-05 
2023-05-13 12:30:13,127 INFO ofi_cancel_8: 2.791743032523931e-05 , std 4.978494405277787e-05 
2023-05-13 12:30:13,127 INFO ofi_cancel_9: 2.4946887684359956e-05 , std 4.9044120746504795e-05 
2023-05-13 12:30:13,127 INFO ofi_cancel_10: 4.730910389709253e-05 , std 4.385821557675087e-05 
2023-05-13 12:30:13,127 INFO ofi_trade_1: 1.984121823805282e-05 , std 5.393490505505463e-05 
2023-05-13 12:30:13,127 INFO ofi_trade_2: 3.614127950682741e-05 , std 5.6636574520826236e-05 
2023-05-13 12:30:13,127 INFO ofi_trade_3: 3.97496033197077e-05 , std 6.060140168399815e-05 
2023-05-13 12:30:13,127 INFO ofi_trade_4: 3.8853752544377686e-05 , std 6.232166233684738e-05 
2023-05-13 12:30:13,127 INFO ofi_trade_5: 3.6395772273683486e-05 , std 6.314074912677836e-05 
2023-05-13 12:30:13,127 INFO ofi_trade_6: 3.380910793278639e-05 , std 6.090136184472693e-05 
2023-05-13 12:30:13,127 INFO ofi_trade_7: 3.5724316650816176e-05 , std 6.0260002667333994e-05 
2023-05-13 12:30:13,127 INFO ofi_trade_8: 3.5899919760196156e-05 , std 6.015166446183881e-05 
2023-05-13 12:30:13,127 INFO ofi_trade_9: 3.416931460802867e-05 , std 5.7932706159945474e-05 
2023-05-13 12:30:13,127 INFO ofi_trade_10: 5.892360045772908e-05 , std 5.2660430949237213e-05 
2023-05-13 12:30:13,127 INFO t_intercept: 0.028009881033883865 , std 1.0568919206633531 
2023-05-13 12:30:13,127 INFO t_ofi_add_1: 1.4397025264230388 , std 1.342181336289657 
2023-05-13 12:30:13,127 INFO t_ofi_add_2: 1.4054880861683596 , std 1.2556119021059275 
2023-05-13 12:30:13,127 INFO t_ofi_add_3: 1.292364517436435 , std 1.246387020467429 
2023-05-13 12:30:13,127 INFO t_ofi_add_4: 1.1295124685998805 , std 1.2346068510345483 
2023-05-13 12:30:13,127 INFO t_ofi_add_5: 0.9850965206777001 , std 1.2423159011643568 
2023-05-13 12:30:13,127 INFO t_ofi_add_6: 0.9016714295479134 , std 1.2429279276084768 
2023-05-13 12:30:13,127 INFO t_ofi_add_7: 0.9244811341853022 , std 1.2510500581853194 
2023-05-13 12:30:13,127 INFO t_ofi_add_8: 0.8945563914566723 , std 1.261422318326851 
2023-05-13 12:30:13,127 INFO t_ofi_add_9: 0.8248468304567258 , std 1.2613614034265768 
2023-05-13 12:30:13,127 INFO t_ofi_add_10: 1.8404287550198604 , std 1.4091463929366181 
2023-05-13 12:30:13,127 INFO t_ofi_cancel_1: 1.4633527802692983 , std 1.2970477730672247 
2023-05-13 12:30:13,127 INFO t_ofi_cancel_2: 1.4658120045315945 , std 1.2616108250420888 
2023-05-13 12:30:13,127 INFO t_ofi_cancel_3: 1.2516207467629512 , std 1.2380401787525408 
2023-05-13 12:30:13,127 INFO t_ofi_cancel_4: 1.0639093052927995 , std 1.2260252338389936 
2023-05-13 12:30:13,127 INFO t_ofi_cancel_5: 0.9155089357722807 , std 1.2339520191507238 
2023-05-13 12:30:13,127 INFO t_ofi_cancel_6: 0.8296126471600478 , std 1.2286885767770712 
2023-05-13 12:30:13,127 INFO t_ofi_cancel_7: 0.8513099558693419 , std 1.2485914060248198 
2023-05-13 12:30:13,127 INFO t_ofi_cancel_8: 0.8086906928990146 , std 1.2491498909151528 
2023-05-13 12:30:13,127 INFO t_ofi_cancel_9: 0.7417307293054433 , std 1.2513931478542095 
2023-05-13 12:30:13,127 INFO t_ofi_cancel_10: 1.7530914877955865 , std 1.405664116209015 
2023-05-13 12:30:13,127 INFO t_ofi_trade_1: 0.5124169035682411 , std 1.3057717694927073 
2023-05-13 12:30:13,127 INFO t_ofi_trade_2: 0.8625538165646809 , std 1.2457610697417003 
2023-05-13 12:30:13,127 INFO t_ofi_trade_3: 0.9164709773884824 , std 1.2524734549011656 
2023-05-13 12:30:13,127 INFO t_ofi_trade_4: 0.8822257665558227 , std 1.243037674432864 
2023-05-13 12:30:13,127 INFO t_ofi_trade_5: 0.8281848569790496 , std 1.2550787122300415 
2023-05-13 12:30:13,128 INFO t_ofi_trade_6: 0.7755640979525645 , std 1.233269594148208 
2023-05-13 12:30:13,128 INFO t_ofi_trade_7: 0.854052258623603 , std 1.2481901000848241 
2023-05-13 12:30:13,128 INFO t_ofi_trade_8: 0.8670777419008928 , std 1.2494830421982004 
2023-05-13 12:30:13,128 INFO t_ofi_trade_9: 0.8545979840449478 , std 1.250409806229839 
2023-05-13 12:30:13,128 INFO t_ofi_trade_10: 1.749140861277537 , std 1.3817569446138311 
2023-05-13 12:30:13,128 INFO Grouping by ofi type:
2023-05-13 12:30:13,128 INFO add: 11.638148659971892
2023-05-13 12:30:13,128 INFO cancel: 11.144639285658359
2023-05-13 12:30:13,129 INFO trade: 9.102285264855823
2023-05-13 12:30:13,129 INFO Grouping by level:
2023-05-13 12:30:13,129 INFO 1: 3.415472210260578
2023-05-13 12:30:13,129 INFO 2: 3.733853907264635
2023-05-13 12:30:13,129 INFO 3: 3.4604562415878686
2023-05-13 12:30:13,129 INFO 4: 3.075647540448503
2023-05-13 12:30:13,129 INFO 5: 2.7287903134290303
2023-05-13 12:30:13,129 INFO 6: 2.506848174660526
2023-05-13 12:30:13,129 INFO 7: 2.6298433486782473
2023-05-13 12:30:13,129 INFO 8: 2.57032482625658
2023-05-13 12:30:13,129 INFO 9: 2.421175543807117
2023-05-13 12:30:13,129 INFO 10: 5.342661104092984
2023-05-13 12:30:13,129 INFO Non empty regressions: 1.0 --- 7344 / 7344
