2023-05-13 12:29:55,968 INFO Starting...
2023-05-13 12:29:55,968 INFO Tickers: ['PEP']
2023-05-13 12:29:57,341 INFO in_r2: 0.9277367074811639 , std 0.03996138936983706 
2023-05-13 12:29:57,341 INFO os_r2: 0.8681389781117358 , std 0.2278913992543028 
2023-05-13 12:29:57,341 INFO intercept: -7.431635268370589e-08 , std 3.971796078442353e-06 
2023-05-13 12:29:57,341 INFO ofi_add_1: 4.863230795363849e-05 , std 4.9499575132589165e-05 
2023-05-13 12:29:57,341 INFO ofi_add_2: 5.942431848746502e-05 , std 5.2518597646463454e-05 
2023-05-13 12:29:57,341 INFO ofi_add_3: 4.7671331239167834e-05 , std 4.9473665433325215e-05 
2023-05-13 12:29:57,341 INFO ofi_add_4: 4.064340307154829e-05 , std 4.765302113223739e-05 
2023-05-13 12:29:57,341 INFO ofi_add_5: 3.207243399712299e-05 , std 4.470801064509124e-05 
2023-05-13 12:29:57,341 INFO ofi_add_6: 3.00622190171627e-05 , std 4.5095128963940975e-05 
2023-05-13 12:29:57,341 INFO ofi_add_7: 2.8117158292722522e-05 , std 4.595580547487374e-05 
2023-05-13 12:29:57,341 INFO ofi_add_8: 3.76725670459474e-05 , std 5.626540657976456e-05 
2023-05-13 12:29:57,341 INFO ofi_add_9: 3.986525353137934e-05 , std 6.398726929874354e-05 
2023-05-13 12:29:57,341 INFO ofi_add_10: 4.960502176020367e-05 , std 6.463501584174729e-05 
2023-05-13 12:29:57,341 INFO ofi_cancel_1: 5.2856851751609513e-05 , std 5.5542465895631656e-05 
2023-05-13 12:29:57,341 INFO ofi_cancel_2: 6.41728574365669e-05 , std 5.6729557203759754e-05 
2023-05-13 12:29:57,341 INFO ofi_cancel_3: 4.755486147195246e-05 , std 5.309302253711784e-05 
2023-05-13 12:29:57,341 INFO ofi_cancel_4: 4.185797689592593e-05 , std 5.145593684909324e-05 
2023-05-13 12:29:57,341 INFO ofi_cancel_5: 3.073983077202209e-05 , std 4.809645391225776e-05 
2023-05-13 12:29:57,341 INFO ofi_cancel_6: 2.7907236978933268e-05 , std 4.832630496713821e-05 
2023-05-13 12:29:57,341 INFO ofi_cancel_7: 2.533073114735571e-05 , std 4.8910175718199354e-05 
2023-05-13 12:29:57,341 INFO ofi_cancel_8: 3.393780111139467e-05 , std 6.131434073731108e-05 
2023-05-13 12:29:57,341 INFO ofi_cancel_9: 3.7603918959492824e-05 , std 6.932295480304052e-05 
2023-05-13 12:29:57,341 INFO ofi_cancel_10: 5.139895263348559e-05 , std 7.229211149616204e-05 
2023-05-13 12:29:57,341 INFO ofi_trade_1: 4.761312230979277e-05 , std 0.00010684096540619794 
2023-05-13 12:29:57,341 INFO ofi_trade_2: 5.132877254773788e-05 , std 9.227471010196573e-05 
2023-05-13 12:29:57,341 INFO ofi_trade_3: 4.516302005766746e-05 , std 8.402119557705181e-05 
2023-05-13 12:29:57,341 INFO ofi_trade_4: 4.185766699418754e-05 , std 7.973200163998207e-05 
2023-05-13 12:29:57,341 INFO ofi_trade_5: 3.5720296873572604e-05 , std 7.540255513683993e-05 
2023-05-13 12:29:57,341 INFO ofi_trade_6: 3.382159532824009e-05 , std 7.432826423795191e-05 
2023-05-13 12:29:57,341 INFO ofi_trade_7: 3.63578727934313e-05 , std 7.76898047393439e-05 
2023-05-13 12:29:57,341 INFO ofi_trade_8: 4.8431928221191713e-05 , std 9.112467580589907e-05 
2023-05-13 12:29:57,341 INFO ofi_trade_9: 4.801505955165174e-05 , std 0.00010011428166178637 
2023-05-13 12:29:57,341 INFO ofi_trade_10: 6.381398582533211e-05 , std 0.00010416952882036983 
2023-05-13 12:29:57,341 INFO t_intercept: -0.008121091996603809 , std 0.9771407773321321 
2023-05-13 12:29:57,341 INFO t_ofi_add_1: 1.5578552257598477 , std 1.4641276306861812 
2023-05-13 12:29:57,341 INFO t_ofi_add_2: 1.6568033707880576 , std 1.4014685112927563 
2023-05-13 12:29:57,341 INFO t_ofi_add_3: 1.3361263171126883 , std 1.348066282932759 
2023-05-13 12:29:57,341 INFO t_ofi_add_4: 1.1887971413711895 , std 1.3276647004979272 
2023-05-13 12:29:57,341 INFO t_ofi_add_5: 1.013572983782324 , std 1.3025608474009696 
2023-05-13 12:29:57,341 INFO t_ofi_add_6: 0.9643240970752994 , std 1.3155767888115855 
2023-05-13 12:29:57,341 INFO t_ofi_add_7: 0.8818161439989772 , std 1.2750082273929535 
2023-05-13 12:29:57,341 INFO t_ofi_add_8: 1.0139715435149825 , std 1.3429085275081654 
2023-05-13 12:29:57,342 INFO t_ofi_add_9: 0.9651418701156332 , std 1.3622350126546827 
2023-05-13 12:29:57,342 INFO t_ofi_add_10: 1.2654089138783202 , std 1.462528991852334 
2023-05-13 12:29:57,342 INFO t_ofi_cancel_1: 1.426912622241452 , std 1.3938257269887964 
2023-05-13 12:29:57,342 INFO t_ofi_cancel_2: 1.6929122775056964 , std 1.429462276486824 
2023-05-13 12:29:57,342 INFO t_ofi_cancel_3: 1.2404914981300648 , std 1.3428604161274595 
2023-05-13 12:29:57,342 INFO t_ofi_cancel_4: 1.1253945547602051 , std 1.3044269026434865 
2023-05-13 12:29:57,342 INFO t_ofi_cancel_5: 0.8752044593725029 , std 1.265274196763735 
2023-05-13 12:29:57,342 INFO t_ofi_cancel_6: 0.8089026442304199 , std 1.2758704441840654 
2023-05-13 12:29:57,342 INFO t_ofi_cancel_7: 0.7087003017842701 , std 1.2532117662190205 
2023-05-13 12:29:57,342 INFO t_ofi_cancel_8: 0.8284803237953905 , std 1.325874893516853 
2023-05-13 12:29:57,342 INFO t_ofi_cancel_9: 0.8200191801987413 , std 1.3298990619480942 
2023-05-13 12:29:57,342 INFO t_ofi_cancel_10: 1.1749397663032293 , std 1.4533343267513479 
2023-05-13 12:29:57,342 INFO t_ofi_trade_1: 0.6665136589941134 , std 1.3256481372872164 
2023-05-13 12:29:57,342 INFO t_ofi_trade_2: 0.8121911735642074 , std 1.3166710869345786 
2023-05-13 12:29:57,342 INFO t_ofi_trade_3: 0.7847338180369252 , std 1.3053906945097127 
2023-05-13 12:29:57,342 INFO t_ofi_trade_4: 0.7715543549416802 , std 1.30580354357034 
2023-05-13 12:29:57,342 INFO t_ofi_trade_5: 0.716348066409282 , std 1.2938462281556768 
2023-05-13 12:29:57,342 INFO t_ofi_trade_6: 0.694142321726224 , std 1.2874626358946415 
2023-05-13 12:29:57,342 INFO t_ofi_trade_7: 0.7179172457399825 , std 1.2945318365599143 
2023-05-13 12:29:57,342 INFO t_ofi_trade_8: 0.8521194841139781 , std 1.3100389730488224 
2023-05-13 12:29:57,342 INFO t_ofi_trade_9: 0.7998917972139427 , std 1.321274904768008 
2023-05-13 12:29:57,342 INFO t_ofi_trade_10: 1.0335292428406742 , std 1.3590282963677123 
2023-05-13 12:29:57,343 INFO Grouping by ofi type:
2023-05-13 12:29:57,343 INFO add: 11.84381760739732
2023-05-13 12:29:57,343 INFO cancel: 10.701957628321972
2023-05-13 12:29:57,343 INFO trade: 7.848941163581009
2023-05-13 12:29:57,343 INFO Grouping by level:
2023-05-13 12:29:57,343 INFO 1: 3.6512815069954137
2023-05-13 12:29:57,343 INFO 2: 4.161906821857961
2023-05-13 12:29:57,343 INFO 3: 3.3613516332796785
2023-05-13 12:29:57,343 INFO 4: 3.0857460510730745
2023-05-13 12:29:57,343 INFO 5: 2.605125509564109
2023-05-13 12:29:57,343 INFO 6: 2.4673690630319434
2023-05-13 12:29:57,343 INFO 7: 2.3084336915232297
2023-05-13 12:29:57,343 INFO 8: 2.694571351424351
2023-05-13 12:29:57,343 INFO 9: 2.585052847528317
2023-05-13 12:29:57,343 INFO 10: 3.473877923022224
2023-05-13 12:29:57,343 INFO Non empty regressions: 1.0 --- 6575 / 6575
