2023-05-13 12:29:31,164 INFO Starting...
2023-05-13 12:29:31,164 INFO Tickers: ['PG']
2023-05-13 12:29:32,599 INFO in_r2: 0.9589186159126886 , std 0.02482501269817367 
2023-05-13 12:29:32,599 INFO os_r2: 0.9182199819934982 , std 0.12311301645889233 
2023-05-13 12:29:32,599 INFO intercept: 4.936195270013629e-08 , std 3.0777827232447685e-06 
2023-05-13 12:29:32,599 INFO ofi_add_1: 1.867245705519889e-05 , std 4.068093157941193e-05 
2023-05-13 12:29:32,599 INFO ofi_add_2: 5.25987133444056e-05 , std 4.937879121803107e-05 
2023-05-13 12:29:32,599 INFO ofi_add_3: 5.6887039802171066e-05 , std 4.863761420759205e-05 
2023-05-13 12:29:32,599 INFO ofi_add_4: 5.07336848647602e-05 , std 5.2803238292136575e-05 
2023-05-13 12:29:32,599 INFO ofi_add_5: 4.5598285673613725e-05 , std 4.848948106001405e-05 
2023-05-13 12:29:32,599 INFO ofi_add_6: 4.30605410974725e-05 , std 5.351798336333196e-05 
2023-05-13 12:29:32,599 INFO ofi_add_7: 6.158873721700953e-05 , std 7.13518298290844e-05 
2023-05-13 12:29:32,599 INFO ofi_add_8: 6.98902985848499e-05 , std 8.800095002687493e-05 
2023-05-13 12:29:32,599 INFO ofi_add_9: 6.673854912440984e-05 , std 9.043243386628608e-05 
2023-05-13 12:29:32,599 INFO ofi_add_10: 8.487597096004413e-05 , std 9.874240985221941e-05 
2023-05-13 12:29:32,599 INFO ofi_cancel_1: 1.8727598099243128e-05 , std 4.654975092595762e-05 
2023-05-13 12:29:32,599 INFO ofi_cancel_2: 5.431141902216519e-05 , std 5.0678686587635234e-05 
2023-05-13 12:29:32,599 INFO ofi_cancel_3: 5.531673169849147e-05 , std 5.333648603187163e-05 
2023-05-13 12:29:32,599 INFO ofi_cancel_4: 5.013568116094312e-05 , std 5.800719145782574e-05 
2023-05-13 12:29:32,599 INFO ofi_cancel_5: 4.54331417957357e-05 , std 5.466544661093072e-05 
2023-05-13 12:29:32,599 INFO ofi_cancel_6: 4.345194602114776e-05 , std 6.018699075329709e-05 
2023-05-13 12:29:32,599 INFO ofi_cancel_7: 5.655645683221957e-05 , std 7.876560534132886e-05 
2023-05-13 12:29:32,599 INFO ofi_cancel_8: 7.00903016356557e-05 , std 0.00010177675140745347 
2023-05-13 12:29:32,599 INFO ofi_cancel_9: 7.027090728828673e-05 , std 0.0001123758813357723 
2023-05-13 12:29:32,599 INFO ofi_cancel_10: 8.713313971115778e-05 , std 0.00012258584492686662 
2023-05-13 12:29:32,599 INFO ofi_trade_1: 1.128147261844592e-05 , std 0.00010418766149473221 
2023-05-13 12:29:32,599 INFO ofi_trade_2: 5.385295482728639e-05 , std 8.291396330455914e-05 
2023-05-13 12:29:32,599 INFO ofi_trade_3: 5.352096237673964e-05 , std 8.021774939720459e-05 
2023-05-13 12:29:32,599 INFO ofi_trade_4: 5.071040947871772e-05 , std 7.908331571704118e-05 
2023-05-13 12:29:32,599 INFO ofi_trade_5: 4.4958759455480693e-05 , std 7.754962704740662e-05 
2023-05-13 12:29:32,599 INFO ofi_trade_6: 4.439637059096219e-05 , std 8.408422661758844e-05 
2023-05-13 12:29:32,600 INFO ofi_trade_7: 6.0751234935654835e-05 , std 0.00010369011166896304 
2023-05-13 12:29:32,600 INFO ofi_trade_8: 6.644253662322467e-05 , std 0.00012131287978188209 
2023-05-13 12:29:32,600 INFO ofi_trade_9: 6.155085969696808e-05 , std 0.0001315664402004069 
2023-05-13 12:29:32,600 INFO ofi_trade_10: 7.460880147365113e-05 , std 0.00013284098450755342 
2023-05-13 12:29:32,600 INFO t_intercept: 0.027965504986200512 , std 0.9793384427047971 
2023-05-13 12:29:32,600 INFO t_ofi_add_1: 0.7120043501180029 , std 1.5095556310117735 
2023-05-13 12:29:32,600 INFO t_ofi_add_2: 1.6303601762253193 , std 1.4887382002162566 
2023-05-13 12:29:32,600 INFO t_ofi_add_3: 1.7875327535137817 , std 1.4872695969563283 
2023-05-13 12:29:32,600 INFO t_ofi_add_4: 1.6206244786879611 , std 1.5529638596022206 
2023-05-13 12:29:32,600 INFO t_ofi_add_5: 1.5424389108025562 , std 1.48853768380726 
2023-05-13 12:29:32,600 INFO t_ofi_add_6: 1.3949797908292996 , std 1.511754208380477 
2023-05-13 12:29:32,600 INFO t_ofi_add_7: 1.579781482575347 , std 1.6032908862121635 
2023-05-13 12:29:32,600 INFO t_ofi_add_8: 1.4368141651109134 , std 1.5448106364392393 
2023-05-13 12:29:32,600 INFO t_ofi_add_9: 1.2980309886998753 , std 1.5586871529188324 
2023-05-13 12:29:32,600 INFO t_ofi_add_10: 1.6356952974096266 , std 1.6549041549732604 
2023-05-13 12:29:32,600 INFO t_ofi_cancel_1: 0.5859198835875611 , std 1.459160483716564 
2023-05-13 12:29:32,600 INFO t_ofi_cancel_2: 1.616595215396399 , std 1.4609304973288297 
2023-05-13 12:29:32,600 INFO t_ofi_cancel_3: 1.591947888090717 , std 1.461252757824936 
2023-05-13 12:29:32,600 INFO t_ofi_cancel_4: 1.4470026119826542 , std 1.5135837558466123 
2023-05-13 12:29:32,600 INFO t_ofi_cancel_5: 1.337254972296253 , std 1.429001343990466 
2023-05-13 12:29:32,600 INFO t_ofi_cancel_6: 1.214368442419089 , std 1.4396013456783119 
2023-05-13 12:29:32,600 INFO t_ofi_cancel_7: 1.2571098428347205 , std 1.507967316670758 
2023-05-13 12:29:32,600 INFO t_ofi_cancel_8: 1.2171769140123792 , std 1.4804847159701593 
2023-05-13 12:29:32,600 INFO t_ofi_cancel_9: 1.1288550959771568 , std 1.5070235027724 
2023-05-13 12:29:32,600 INFO t_ofi_cancel_10: 1.4193277675484302 , std 1.6071230625175612 
2023-05-13 12:29:32,600 INFO t_ofi_trade_1: 0.20892542093488534 , std 1.4285485761305765 
2023-05-13 12:29:32,600 INFO t_ofi_trade_2: 1.0152028195759537 , std 1.4375668579854475 
2023-05-13 12:29:32,600 INFO t_ofi_trade_3: 1.0813702633622555 , std 1.4560351735287131 
2023-05-13 12:29:32,600 INFO t_ofi_trade_4: 1.0814989403783501 , std 1.4727286295302044 
2023-05-13 12:29:32,600 INFO t_ofi_trade_5: 1.0085144364741825 , std 1.448598253660158 
2023-05-13 12:29:32,600 INFO t_ofi_trade_6: 0.9725516840970251 , std 1.4607887179927967 
2023-05-13 12:29:32,600 INFO t_ofi_trade_7: 1.1141049975072261 , std 1.5196929138308986 
2023-05-13 12:29:32,600 INFO t_ofi_trade_8: 1.0141371659123224 , std 1.4660586171782788 
2023-05-13 12:29:32,600 INFO t_ofi_trade_9: 0.8814728886979181 , std 1.4647439786676912 
2023-05-13 12:29:32,600 INFO t_ofi_trade_10: 1.0891330837280684 , std 1.5502639430455893 
2023-05-13 12:29:32,601 INFO Grouping by ofi type:
2023-05-13 12:29:32,601 INFO add: 14.638262393972683
2023-05-13 12:29:32,601 INFO cancel: 12.815558634145361
2023-05-13 12:29:32,601 INFO trade: 9.466911700668186
2023-05-13 12:29:32,601 INFO Grouping by level:
2023-05-13 12:29:32,601 INFO 1: 1.5068496546404493
2023-05-13 12:29:32,601 INFO 2: 4.262158211197672
2023-05-13 12:29:32,601 INFO 3: 4.460850904966754
2023-05-13 12:29:32,601 INFO 4: 4.149126031048965
2023-05-13 12:29:32,601 INFO 5: 3.8882083195729917
2023-05-13 12:29:32,601 INFO 6: 3.5818999173454134
2023-05-13 12:29:32,601 INFO 7: 3.9509963229172937
2023-05-13 12:29:32,601 INFO 8: 3.6681282450356147
2023-05-13 12:29:32,601 INFO 9: 3.30835897337495
2023-05-13 12:29:32,601 INFO 10: 4.144156148686125
2023-05-13 12:29:32,601 INFO Non empty regressions: 1.0 --- 7274 / 7274
