2023-05-13 12:31:31,051 INFO Starting...
2023-05-13 12:31:31,051 INFO Tickers: ['RTN']
2023-05-13 12:31:32,248 INFO in_r2: 0.8012176209176558 , std 0.10842988998964259 
2023-05-13 12:31:32,248 INFO os_r2: 0.5697364923564708 , std 0.3893788040640042 
2023-05-13 12:31:32,248 INFO intercept: 2.558994435018393e-07 , std 1.624995589022538e-05 
2023-05-13 12:31:32,248 INFO ofi_add_1: 0.00013642843863750662 , std 0.00013807672924569326 
2023-05-13 12:31:32,248 INFO ofi_add_2: 0.00013146070185178672 , std 0.00015506067307128937 
2023-05-13 12:31:32,248 INFO ofi_add_3: 9.273855296422796e-05 , std 0.00012819848164580424 
2023-05-13 12:31:32,248 INFO ofi_add_4: 5.785570143661767e-05 , std 0.00013256275637817949 
2023-05-13 12:31:32,248 INFO ofi_add_5: 4.2531267846148706e-05 , std 0.00013597718870501772 
2023-05-13 12:31:32,248 INFO ofi_add_6: 3.0010312506470773e-05 , std 0.00014714139799116335 
2023-05-13 12:31:32,248 INFO ofi_add_7: 3.401938067454826e-05 , std 0.00014514309255707488 
2023-05-13 12:31:32,248 INFO ofi_add_8: 2.4574807739507637e-05 , std 0.0001363224773317386 
2023-05-13 12:31:32,248 INFO ofi_add_9: 2.9483258432715368e-05 , std 0.00015054464718597743 
2023-05-13 12:31:32,248 INFO ofi_add_10: 3.382762841910495e-05 , std 0.00012731205387996486 
2023-05-13 12:31:32,248 INFO ofi_cancel_1: 0.00017683334804863247 , std 0.00018096709164245846 
2023-05-13 12:31:32,248 INFO ofi_cancel_2: 0.00014740579483484096 , std 0.00016035456196822123 
2023-05-13 12:31:32,249 INFO ofi_cancel_3: 9.177082368991647e-05 , std 0.00013185162446013556 
2023-05-13 12:31:32,249 INFO ofi_cancel_4: 5.39806923091534e-05 , std 0.00013318260043700635 
2023-05-13 12:31:32,249 INFO ofi_cancel_5: 3.562513775260834e-05 , std 0.0001412932696869784 
2023-05-13 12:31:32,249 INFO ofi_cancel_6: 2.4201786353190785e-05 , std 0.00015185924793622918 
2023-05-13 12:31:32,249 INFO ofi_cancel_7: 2.3819708939814253e-05 , std 0.00014812189684857327 
2023-05-13 12:31:32,249 INFO ofi_cancel_8: 1.5753962320061575e-05 , std 0.0001447281415954509 
2023-05-13 12:31:32,249 INFO ofi_cancel_9: 2.266995141915695e-05 , std 0.00015505885576808085 
2023-05-13 12:31:32,249 INFO ofi_cancel_10: 3.5930832492149005e-05 , std 0.00013361676396230976 
2023-05-13 12:31:32,249 INFO ofi_trade_1: 0.00014804012367852594 , std 0.0003170603092004253 
2023-05-13 12:31:32,249 INFO ofi_trade_2: 0.00012025320448159094 , std 0.00034388383398556866 
2023-05-13 12:31:32,249 INFO ofi_trade_3: 6.018024788807587e-05 , std 0.00031383406622538437 
2023-05-13 12:31:32,249 INFO ofi_trade_4: 4.569145597931364e-05 , std 0.0003068200174546175 
2023-05-13 12:31:32,249 INFO ofi_trade_5: 5.686383197373308e-05 , std 0.00033694739776857224 
2023-05-13 12:31:32,249 INFO ofi_trade_6: 6.560798799702019e-05 , std 0.0003564935792005202 
2023-05-13 12:31:32,249 INFO ofi_trade_7: 8.275479947217622e-05 , std 0.00033651515609557783 
2023-05-13 12:31:32,249 INFO ofi_trade_8: 0.00010625252229038847 , std 0.0003401372553602292 
2023-05-13 12:31:32,249 INFO ofi_trade_9: 0.00011432048610378082 , std 0.00033733520608731293 
2023-05-13 12:31:32,249 INFO ofi_trade_10: 0.00013570750887795854 , std 0.0002748186170947931 
2023-05-13 12:31:32,249 INFO t_intercept: 0.024337851757803935 , std 1.079066208200908 
2023-05-13 12:31:32,249 INFO t_ofi_add_1: 2.63679008729643 , std 1.5432506108553943 
2023-05-13 12:31:32,249 INFO t_ofi_add_2: 2.095604111516939 , std 1.4114510633421242 
2023-05-13 12:31:32,249 INFO t_ofi_add_3: 1.5264729010777345 , std 1.3555917041068957 
2023-05-13 12:31:32,249 INFO t_ofi_add_4: 0.9203628793078387 , std 1.2806985558383377 
2023-05-13 12:31:32,249 INFO t_ofi_add_5: 0.6247641133591593 , std 1.2487152321687782 
2023-05-13 12:31:32,250 INFO t_ofi_add_6: 0.5024609543605382 , std 1.2395303773947068 
2023-05-13 12:31:32,250 INFO t_ofi_add_7: 0.4838184429247372 , std 1.2666901385240574 
2023-05-13 12:31:32,250 INFO t_ofi_add_8: 0.3964955833106521 , std 1.2471861318821467 
2023-05-13 12:31:32,250 INFO t_ofi_add_9: 0.44085333466371024 , std 1.3060871389569726 
2023-05-13 12:31:32,250 INFO t_ofi_add_10: 0.5838031535491309 , std 1.4085167628958344 
2023-05-13 12:31:32,250 INFO t_ofi_cancel_1: 2.668150291221161 , std 1.463724245345114 
2023-05-13 12:31:32,250 INFO t_ofi_cancel_2: 2.2658871415661164 , std 1.4282759439539865 
2023-05-13 12:31:32,250 INFO t_ofi_cancel_3: 1.4766164662033066 , std 1.3703050350487003 
2023-05-13 12:31:32,250 INFO t_ofi_cancel_4: 0.8163819967901207 , std 1.3101135704327227 
2023-05-13 12:31:32,250 INFO t_ofi_cancel_5: 0.5071665029923857 , std 1.2780354678346535 
2023-05-13 12:31:32,250 INFO t_ofi_cancel_6: 0.3670923243063866 , std 1.2385911218095251 
2023-05-13 12:31:32,250 INFO t_ofi_cancel_7: 0.3094228661920874 , std 1.279545754540677 
2023-05-13 12:31:32,250 INFO t_ofi_cancel_8: 0.2533314743339997 , std 1.2625500045370361 
2023-05-13 12:31:32,250 INFO t_ofi_cancel_9: 0.3033828227501645 , std 1.3036280619177438 
2023-05-13 12:31:32,250 INFO t_ofi_cancel_10: 0.5572493765845202 , std 1.4617437644358933 
2023-05-13 12:31:32,250 INFO t_ofi_trade_1: 1.388476760281135 , std 1.5938464904429928 
2023-05-13 12:31:32,250 INFO t_ofi_trade_2: 0.7042069051114297 , std 1.4478697055367498 
2023-05-13 12:31:32,250 INFO t_ofi_trade_3: 0.48227099128707435 , std 1.3923187393591507 
2023-05-13 12:31:32,250 INFO t_ofi_trade_4: 0.357404813811462 , std 1.363447996554494 
2023-05-13 12:31:32,250 INFO t_ofi_trade_5: 0.3897301596765593 , std 1.4260098490997584 
2023-05-13 12:31:32,250 INFO t_ofi_trade_6: 0.4245239431379728 , std 1.3779645393972586 
2023-05-13 12:31:32,250 INFO t_ofi_trade_7: 0.5511332175063387 , std 1.4434037545496023 
2023-05-13 12:31:32,250 INFO t_ofi_trade_8: 0.68004502198622 , std 1.4102619219407087 
2023-05-13 12:31:32,250 INFO t_ofi_trade_9: 0.7062232202877786 , std 1.4063510971610325 
2023-05-13 12:31:32,251 INFO t_ofi_trade_10: 0.9803132547831829 , std 1.4680123003820476 
2023-05-13 12:31:32,251 INFO Grouping by ofi type:
2023-05-13 12:31:32,251 INFO add: 10.21142556136687
2023-05-13 12:31:32,251 INFO cancel: 9.524681262940247
2023-05-13 12:31:32,251 INFO trade: 6.664328287869153
2023-05-13 12:31:32,251 INFO Grouping by level:
2023-05-13 12:31:32,251 INFO 1: 6.693417138798726
2023-05-13 12:31:32,251 INFO 2: 5.065698158194485
2023-05-13 12:31:32,251 INFO 3: 3.4853603585681157
2023-05-13 12:31:32,251 INFO 4: 2.0941496899094214
2023-05-13 12:31:32,251 INFO 5: 1.5216607760281042
2023-05-13 12:31:32,251 INFO 6: 1.2940772218048977
2023-05-13 12:31:32,251 INFO 7: 1.3443745266231635
2023-05-13 12:31:32,251 INFO 8: 1.3298720796308718
2023-05-13 12:31:32,251 INFO 9: 1.4504593777016535
2023-05-13 12:31:32,252 INFO 10: 2.121365784916834
2023-05-13 12:31:32,252 INFO Non empty regressions: 1.0 --- 1624 / 1624
