2023-05-13 12:30:21,477 INFO Starting...
2023-05-13 12:30:21,478 INFO Tickers: ['TMO']
2023-05-13 12:30:22,794 INFO in_r2: 0.7655419409131992 , std 0.14360489716334618 
2023-05-13 12:30:22,794 INFO os_r2: 0.38970313995893524 , std 1.362935189637027 
2023-05-13 12:30:22,794 INFO intercept: -6.679798195259992e-07 , std 1.991336697874859e-05 
2023-05-13 12:30:22,794 INFO ofi_add_1: 0.00014208325804519346 , std 0.00015814925271092674 
2023-05-13 12:30:22,794 INFO ofi_add_2: 0.00015069361938189343 , std 0.00017976043238270334 
2023-05-13 12:30:22,794 INFO ofi_add_3: 0.00010769514185892096 , std 0.00017559718120527447 
2023-05-13 12:30:22,794 INFO ofi_add_4: 5.4202566164093425e-05 , std 0.00022438892271486467 
2023-05-13 12:30:22,794 INFO ofi_add_5: 4.258712149190793e-05 , std 0.00022249278010132801 
2023-05-13 12:30:22,794 INFO ofi_add_6: 2.4661346044621248e-05 , std 0.000247515056397778 
2023-05-13 12:30:22,794 INFO ofi_add_7: 1.4775455178297687e-05 , std 0.0002480362967800262 
2023-05-13 12:30:22,794 INFO ofi_add_8: 3.367057166369227e-05 , std 0.0002471429521711483 
2023-05-13 12:30:22,794 INFO ofi_add_9: 3.0898122829157294e-05 , std 0.00024473724423861113 
2023-05-13 12:30:22,794 INFO ofi_add_10: 4.642857726062368e-05 , std 0.0002302404797658949 
2023-05-13 12:30:22,794 INFO ofi_cancel_1: 0.00018282240263406294 , std 0.00020202852670714823 
2023-05-13 12:30:22,795 INFO ofi_cancel_2: 0.00016785833508921514 , std 0.0001832769664006299 
2023-05-13 12:30:22,795 INFO ofi_cancel_3: 0.00010737577485031395 , std 0.00017631215314253818 
2023-05-13 12:30:22,795 INFO ofi_cancel_4: 4.710024675098905e-05 , std 0.0002260987084652588 
2023-05-13 12:30:22,795 INFO ofi_cancel_5: 3.488026192773997e-05 , std 0.00021614876173297638 
2023-05-13 12:30:22,795 INFO ofi_cancel_6: 1.960536522127861e-05 , std 0.00024711329552500706 
2023-05-13 12:30:22,795 INFO ofi_cancel_7: 4.656128908647115e-06 , std 0.00025104122715888 
2023-05-13 12:30:22,795 INFO ofi_cancel_8: 2.980183660671006e-05 , std 0.0002555536625530079 
2023-05-13 12:30:22,795 INFO ofi_cancel_9: 2.4948754537732783e-05 , std 0.0002407446585402192 
2023-05-13 12:30:22,795 INFO ofi_cancel_10: 5.164160061135914e-05 , std 0.00023072557185342742 
2023-05-13 12:30:22,795 INFO ofi_trade_1: 0.00015805240636193311 , std 0.0003982951314063402 
2023-05-13 12:30:22,795 INFO ofi_trade_2: 0.0001226899402908901 , std 0.00046306907999200497 
2023-05-13 12:30:22,795 INFO ofi_trade_3: 9.581606060712077e-05 , std 0.0005242540881725815 
2023-05-13 12:30:22,795 INFO ofi_trade_4: 4.9958759934552845e-05 , std 0.0004994010094409726 
2023-05-13 12:30:22,795 INFO ofi_trade_5: 5.3377640220170925e-05 , std 0.0004965331032380396 
2023-05-13 12:30:22,795 INFO ofi_trade_6: 4.620590252691295e-05 , std 0.0004804921544715849 
2023-05-13 12:30:22,795 INFO ofi_trade_7: 7.040201679684637e-05 , std 0.0004964508066922688 
2023-05-13 12:30:22,795 INFO ofi_trade_8: 0.00012127127545850338 , std 0.00048024875273246285 
2023-05-13 12:30:22,795 INFO ofi_trade_9: 0.00012241463378318451 , std 0.0004364781713765578 
2023-05-13 12:30:22,795 INFO ofi_trade_10: 0.0001620955979369958 , std 0.00039409539275852434 
2023-05-13 12:30:22,795 INFO t_intercept: 0.0018230648308799645 , std 1.0830766456801464 
2023-05-13 12:30:22,795 INFO t_ofi_add_1: 2.5993991371959164 , std 1.6085840317114792 
2023-05-13 12:30:22,795 INFO t_ofi_add_2: 2.104671152991173 , std 1.4149299837101585 
2023-05-13 12:30:22,795 INFO t_ofi_add_3: 1.4213832532393484 , std 1.3472494147123024 
2023-05-13 12:30:22,795 INFO t_ofi_add_4: 0.731898785230127 , std 1.3158261429760425 
2023-05-13 12:30:22,795 INFO t_ofi_add_5: 0.4751778263633885 , std 1.2413625159647452 
2023-05-13 12:30:22,796 INFO t_ofi_add_6: 0.33483623103477883 , std 1.3008008566227227 
2023-05-13 12:30:22,796 INFO t_ofi_add_7: 0.2933586053818181 , std 1.3074623551015627 
2023-05-13 12:30:22,796 INFO t_ofi_add_8: 0.30688501749090713 , std 1.3105337528782903 
2023-05-13 12:30:22,796 INFO t_ofi_add_9: 0.3050704274204695 , std 1.3735691630105795 
2023-05-13 12:30:22,796 INFO t_ofi_add_10: 0.4093042357447576 , std 1.4885640025013778 
2023-05-13 12:30:22,796 INFO t_ofi_cancel_1: 2.4642748902596887 , std 1.4704949121242659 
2023-05-13 12:30:22,796 INFO t_ofi_cancel_2: 2.304046180761246 , std 1.4842951090036505 
2023-05-13 12:30:22,796 INFO t_ofi_cancel_3: 1.3791066729487755 , std 1.3303346737083726 
2023-05-13 12:30:22,796 INFO t_ofi_cancel_4: 0.6476181291367514 , std 1.3017235398626779 
2023-05-13 12:30:22,796 INFO t_ofi_cancel_5: 0.38413754691331914 , std 1.2525078886807217 
2023-05-13 12:30:22,796 INFO t_ofi_cancel_6: 0.2529360804842967 , std 1.2998559412753694 
2023-05-13 12:30:22,796 INFO t_ofi_cancel_7: 0.16400274714393814 , std 1.3123998495862317 
2023-05-13 12:30:22,796 INFO t_ofi_cancel_8: 0.239600619356313 , std 1.3198746066466027 
2023-05-13 12:30:22,796 INFO t_ofi_cancel_9: 0.23054816723460636 , std 1.3411380852769872 
2023-05-13 12:30:22,796 INFO t_ofi_cancel_10: 0.43340480532452436 , std 1.4643427930372053 
2023-05-13 12:30:22,796 INFO t_ofi_trade_1: 1.1829846220793419 , std 1.5503450368005183 
2023-05-13 12:30:22,796 INFO t_ofi_trade_2: 0.6762476666650874 , std 1.3926398686402222 
2023-05-13 12:30:22,796 INFO t_ofi_trade_3: 0.4780415347412988 , std 1.4176205064481875 
2023-05-13 12:30:22,796 INFO t_ofi_trade_4: 0.2654887767851808 , std 1.3770645433642648 
2023-05-13 12:30:22,796 INFO t_ofi_trade_5: 0.27701473087821143 , std 1.3478309913816617 
2023-05-13 12:30:22,796 INFO t_ofi_trade_6: 0.2540562462707997 , std 1.355337004068127 
2023-05-13 12:30:22,796 INFO t_ofi_trade_7: 0.3981888999877559 , std 1.3806415521998547 
2023-05-13 12:30:22,796 INFO t_ofi_trade_8: 0.5381514277995815 , std 1.4354508020970527 
2023-05-13 12:30:22,796 INFO t_ofi_trade_9: 0.6337243283546694 , std 1.4528881561779003 
2023-05-13 12:30:22,797 INFO t_ofi_trade_10: 0.8543474717442868 , std 1.5317843207198683 
2023-05-13 12:30:22,797 INFO Grouping by ofi type:
2023-05-13 12:30:22,797 INFO add: 8.981984672092684
2023-05-13 12:30:22,797 INFO cancel: 8.49967583956346
2023-05-13 12:30:22,797 INFO trade: 5.558245705306214
2023-05-13 12:30:22,797 INFO Grouping by level:
2023-05-13 12:30:22,797 INFO 1: 6.246658649534947
2023-05-13 12:30:22,797 INFO 2: 5.084965000417506
2023-05-13 12:30:22,797 INFO 3: 3.278531460929423
2023-05-13 12:30:22,797 INFO 4: 1.6450056911520592
2023-05-13 12:30:22,797 INFO 5: 1.136330104154919
2023-05-13 12:30:22,797 INFO 6: 0.8418285577898753
2023-05-13 12:30:22,797 INFO 7: 0.8555502525135121
2023-05-13 12:30:22,797 INFO 8: 1.0846370646468015
2023-05-13 12:30:22,797 INFO 9: 1.1693429230097454
2023-05-13 12:30:22,797 INFO 10: 1.6970565128135688
2023-05-13 12:30:22,798 INFO Non empty regressions: 1.0 --- 1283 / 1283
