2023-05-13 12:30:00,249 INFO Starting...
2023-05-13 12:30:00,249 INFO Tickers: ['WMT']
2023-05-13 12:30:01,643 INFO in_r2: 0.9519321004531184 , std 0.03310852841625817 
2023-05-13 12:30:01,643 INFO os_r2: 0.9046976861193436 , std 0.2555144143870752 
2023-05-13 12:30:01,643 INFO intercept: -7.251449716001921e-08 , std 3.808497079364673e-06 
2023-05-13 12:30:01,643 INFO ofi_add_1: 3.220313204032132e-05 , std 5.073350616893031e-05 
2023-05-13 12:30:01,644 INFO ofi_add_2: 6.291740438166676e-05 , std 5.365611183631121e-05 
2023-05-13 12:30:01,644 INFO ofi_add_3: 5.926831931239154e-05 , std 5.083643514684821e-05 
2023-05-13 12:30:01,644 INFO ofi_add_4: 4.893682163515893e-05 , std 5.007596579751066e-05 
2023-05-13 12:30:01,644 INFO ofi_add_5: 3.9532986218317413e-05 , std 4.5699417893291976e-05 
2023-05-13 12:30:01,644 INFO ofi_add_6: 4.435039810665513e-05 , std 5.6925803688423823e-05 
2023-05-13 12:30:01,644 INFO ofi_add_7: 6.664724685426278e-05 , std 7.750565165416272e-05 
2023-05-13 12:30:01,644 INFO ofi_add_8: 6.456920481858242e-05 , std 8.005355477807507e-05 
2023-05-13 12:30:01,644 INFO ofi_add_9: 6.285169912428369e-05 , std 8.794535117754067e-05 
2023-05-13 12:30:01,644 INFO ofi_add_10: 7.847764909323024e-05 , std 9.62372181939065e-05 
2023-05-13 12:30:01,644 INFO ofi_cancel_1: 3.39519368890693e-05 , std 5.8038130384070764e-05 
2023-05-13 12:30:01,644 INFO ofi_cancel_2: 6.678691565718818e-05 , std 5.6673870272611e-05 
2023-05-13 12:30:01,644 INFO ofi_cancel_3: 5.69944603648506e-05 , std 5.355714096404538e-05 
2023-05-13 12:30:01,644 INFO ofi_cancel_4: 4.803480865611372e-05 , std 5.4309567916944244e-05 
2023-05-13 12:30:01,644 INFO ofi_cancel_5: 3.8928821209882726e-05 , std 4.927170175607561e-05 
2023-05-13 12:30:01,644 INFO ofi_cancel_6: 4.263483489454904e-05 , std 6.180219719554708e-05 
2023-05-13 12:30:01,644 INFO ofi_cancel_7: 6.0062842667043744e-05 , std 8.042519098314372e-05 
2023-05-13 12:30:01,644 INFO ofi_cancel_8: 6.521816680636387e-05 , std 9.221922134907467e-05 
2023-05-13 12:30:01,644 INFO ofi_cancel_9: 6.709912414267508e-05 , std 0.00010338991196496548 
2023-05-13 12:30:01,644 INFO ofi_cancel_10: 8.158475924377853e-05 , std 0.00010996107151028852 
2023-05-13 12:30:01,644 INFO ofi_trade_1: 2.1523565359300466e-05 , std 0.00011483069291252545 
2023-05-13 12:30:01,644 INFO ofi_trade_2: 6.371588468764796e-05 , std 9.286746836795072e-05 
2023-05-13 12:30:01,644 INFO ofi_trade_3: 5.423934605736319e-05 , std 8.53206624393862e-05 
2023-05-13 12:30:01,644 INFO ofi_trade_4: 5.073909504799275e-05 , std 8.082109777868362e-05 
2023-05-13 12:30:01,644 INFO ofi_trade_5: 4.1051701908164075e-05 , std 7.826758480659002e-05 
2023-05-13 12:30:01,644 INFO ofi_trade_6: 4.384649557876806e-05 , std 8.666042494679483e-05 
2023-05-13 12:30:01,644 INFO ofi_trade_7: 6.953583567207095e-05 , std 0.00011427345990115409 
2023-05-13 12:30:01,644 INFO ofi_trade_8: 6.976093880695321e-05 , std 0.00011959505640882207 
2023-05-13 12:30:01,644 INFO ofi_trade_9: 5.539217754143621e-05 , std 0.00012538218799109546 
2023-05-13 12:30:01,644 INFO ofi_trade_10: 7.598718291912706e-05 , std 0.00012500445958559393 
2023-05-13 12:30:01,644 INFO t_intercept: -0.030340682090637505 , std 1.000170343875935 
2023-05-13 12:30:01,644 INFO t_ofi_add_1: 1.0139324699091914 , std 1.557587290121473 
2023-05-13 12:30:01,644 INFO t_ofi_add_2: 1.7910323706881435 , std 1.4573388693434943 
2023-05-13 12:30:01,644 INFO t_ofi_add_3: 1.793370700341559 , std 1.4492449018408358 
2023-05-13 12:30:01,644 INFO t_ofi_add_4: 1.609715725941761 , std 1.4916685181024294 
2023-05-13 12:30:01,644 INFO t_ofi_add_5: 1.4350710358104366 , std 1.4500068583707761 
2023-05-13 12:30:01,644 INFO t_ofi_add_6: 1.437227326047558 , std 1.4789349566417358 
2023-05-13 12:30:01,644 INFO t_ofi_add_7: 1.725757970317147 , std 1.6372114630574424 
2023-05-13 12:30:01,644 INFO t_ofi_add_8: 1.4677738431008809 , std 1.517235708612254 
2023-05-13 12:30:01,644 INFO t_ofi_add_9: 1.2980289116839743 , std 1.506074772637455 
2023-05-13 12:30:01,644 INFO t_ofi_add_10: 1.6683842045546557 , std 1.6403135350679903 
2023-05-13 12:30:01,644 INFO t_ofi_cancel_1: 0.8839589806780416 , std 1.5187343479674955 
2023-05-13 12:30:01,644 INFO t_ofi_cancel_2: 1.8190709265499296 , std 1.4549041458233496 
2023-05-13 12:30:01,644 INFO t_ofi_cancel_3: 1.5970144274160576 , std 1.4219101788755608 
2023-05-13 12:30:01,644 INFO t_ofi_cancel_4: 1.434485716014493 , std 1.4450348596510616 
2023-05-13 12:30:01,644 INFO t_ofi_cancel_5: 1.2564270760943759 , std 1.3804210143972167 
2023-05-13 12:30:01,644 INFO t_ofi_cancel_6: 1.219360877214554 , std 1.4137909990415822 
2023-05-13 12:30:01,644 INFO t_ofi_cancel_7: 1.365114003142095 , std 1.490880463749578 
2023-05-13 12:30:01,644 INFO t_ofi_cancel_8: 1.2782401328308393 , std 1.4669485190812173 
2023-05-13 12:30:01,644 INFO t_ofi_cancel_9: 1.1667150877099308 , std 1.4648455253808284 
2023-05-13 12:30:01,644 INFO t_ofi_cancel_10: 1.504832225328427 , std 1.5821912639589888 
2023-05-13 12:30:01,644 INFO t_ofi_trade_1: 0.3096416947364618 , std 1.422733225175525 
2023-05-13 12:30:01,644 INFO t_ofi_trade_2: 1.089587101233973 , std 1.439874911913291 
2023-05-13 12:30:01,645 INFO t_ofi_trade_3: 1.0369002888453558 , std 1.458317516940797 
2023-05-13 12:30:01,645 INFO t_ofi_trade_4: 1.0680963168441948 , std 1.4429384370830303 
2023-05-13 12:30:01,645 INFO t_ofi_trade_5: 0.9510468532818981 , std 1.4809695948970485 
2023-05-13 12:30:01,645 INFO t_ofi_trade_6: 1.0039834955666154 , std 1.4915729529756616 
2023-05-13 12:30:01,645 INFO t_ofi_trade_7: 1.2579416722062569 , std 1.5539531583179538 
2023-05-13 12:30:01,645 INFO t_ofi_trade_8: 1.1287153196879125 , std 1.4640729036999818 
2023-05-13 12:30:01,645 INFO t_ofi_trade_9: 0.897981011843773 , std 1.4781946095256229 
2023-05-13 12:30:01,645 INFO t_ofi_trade_10: 1.232244013706917 , std 1.56279437103679 
2023-05-13 12:30:01,646 INFO Grouping by ofi type:
2023-05-13 12:30:01,646 INFO add: 15.240294558395309
2023-05-13 12:30:01,646 INFO cancel: 13.525219452978744
2023-05-13 12:30:01,646 INFO trade: 9.976137767953357
2023-05-13 12:30:01,646 INFO Grouping by level:
2023-05-13 12:30:01,646 INFO 1: 2.2075331453236946
2023-05-13 12:30:01,646 INFO 2: 4.699690398472046
2023-05-13 12:30:01,646 INFO 3: 4.427285416602972
2023-05-13 12:30:01,646 INFO 4: 4.112297758800449
2023-05-13 12:30:01,646 INFO 5: 3.642544965186711
2023-05-13 12:30:01,646 INFO 6: 3.6605716988287273
2023-05-13 12:30:01,646 INFO 7: 4.348813645665499
2023-05-13 12:30:01,646 INFO 8: 3.874729295619632
2023-05-13 12:30:01,646 INFO 9: 3.3627250112376776
2023-05-13 12:30:01,646 INFO 10: 4.40546044359
2023-05-13 12:30:01,646 INFO Non empty regressions: 1.0 --- 7284 / 7284
