2023-05-13 12:17:46,134 INFO Starting...
2023-05-13 12:17:46,134 INFO Tickers: ['AGN']
2023-05-13 12:17:46,993 INFO in_r2: 0.8008581447553242 , std 0.08569085295475454 
2023-05-13 12:17:46,993 INFO os_r2: 0.7079697945388105 , std 0.2335239944125452 
2023-05-13 12:17:46,993 INFO intercept: 8.43970839326207e-07 , std 1.466909385491849e-05 
2023-05-13 12:17:46,993 INFO ofi_add_1: 0.00015290654558263464 , std 0.00013871351691216956 
2023-05-13 12:17:46,993 INFO ofi_add_2: 0.00015377375512541723 , std 0.0001472024367360077 
2023-05-13 12:17:46,993 INFO ofi_add_3: 0.00011341579434658426 , std 0.00013072114444772089 
2023-05-13 12:17:46,993 INFO ofi_add_4: 0.00016210587547456443 , std 0.0001257339493195313 
2023-05-13 12:17:46,993 INFO ofi_cancel_1: 0.00018315301425212888 , std 0.00017371593028917974 
2023-05-13 12:17:46,993 INFO ofi_cancel_2: 0.00016361602864760932 , std 0.00015680970500891425 
2023-05-13 12:17:46,993 INFO ofi_cancel_3: 0.00010386202627945897 , std 0.00012851953001676724 
2023-05-13 12:17:46,993 INFO ofi_cancel_4: 0.0001533038205840957 , std 0.00012828639917062453 
2023-05-13 12:17:46,993 INFO ofi_trade_1: 0.00020164978352202895 , std 0.0002632791367007196 
2023-05-13 12:17:46,993 INFO ofi_trade_2: 0.00017549779961424801 , std 0.0003127717208706313 
2023-05-13 12:17:46,993 INFO ofi_trade_3: 0.00015787932169726148 , std 0.00032876843983504285 
2023-05-13 12:17:46,993 INFO ofi_trade_4: 0.00023421550055544824 , std 0.0003129514903400807 
2023-05-13 12:17:46,994 INFO t_intercept: 0.14256000311184588 , std 1.2136642946644078 
2023-05-13 12:17:46,994 INFO t_ofi_add_1: 3.0496684579194624 , std 1.571798698206646 
2023-05-13 12:17:46,994 INFO t_ofi_add_2: 2.5848766481984318 , std 1.460919332021327 
2023-05-13 12:17:46,994 INFO t_ofi_add_3: 1.8110263393231185 , std 1.4123007648428971 
2023-05-13 12:17:46,994 INFO t_ofi_add_4: 3.4701592936788845 , std 1.7986187844225687 
2023-05-13 12:17:46,994 INFO t_ofi_cancel_1: 2.9490784894475075 , std 1.5583874106723563 
2023-05-13 12:17:46,994 INFO t_ofi_cancel_2: 2.667168690550531 , std 1.43863667747321 
2023-05-13 12:17:46,994 INFO t_ofi_cancel_3: 1.6666706987432272 , std 1.3871344921243343 
2023-05-13 12:17:46,994 INFO t_ofi_cancel_4: 3.1052056903325105 , std 1.7475429324143719 
2023-05-13 12:17:46,994 INFO t_ofi_trade_1: 1.7606562306376712 , std 1.5850193255251215 
2023-05-13 12:17:46,994 INFO t_ofi_trade_2: 1.2409108384444654 , std 1.4864850203518782 
2023-05-13 12:17:46,994 INFO t_ofi_trade_3: 1.0773199112218472 , std 1.405198130226829 
2023-05-13 12:17:46,994 INFO t_ofi_trade_4: 1.889239524634772 , std 1.613658882787244 
2023-05-13 12:17:46,994 INFO Grouping by ofi type:
2023-05-13 12:17:46,994 INFO add: 10.915730739119898
2023-05-13 12:17:46,994 INFO cancel: 10.388123569073777
2023-05-13 12:17:46,994 INFO trade: 5.9681265049387555
2023-05-13 12:17:46,994 INFO Grouping by level:
2023-05-13 12:17:46,994 INFO 1: 7.759403178004641
2023-05-13 12:17:46,994 INFO 2: 6.492956177193428
2023-05-13 12:17:46,994 INFO 3: 4.555016949288193
2023-05-13 12:17:46,994 INFO 4: 8.464604508646168
2023-05-13 12:17:46,995 INFO Non empty regressions: 1.0 --- 2448 / 2448
