2023-05-13 12:17:27,373 INFO Starting...
2023-05-13 12:17:27,373 INFO Tickers: ['CME']
2023-05-13 12:17:28,581 INFO in_r2: 0.8154538092006725 , std 0.0813076577857764 
2023-05-13 12:17:28,581 INFO os_r2: 0.7041321874752902 , std 0.44408044871230457 
2023-05-13 12:17:28,581 INFO intercept: 1.7119045744985168e-07 , std 1.1675981736765218e-05 
2023-05-13 12:17:28,581 INFO ofi_add_1: 8.484367995826405e-05 , std 6.49799543519289e-05 
2023-05-13 12:17:28,581 INFO ofi_add_2: 0.00010418781118269333 , std 7.437250297027226e-05 
2023-05-13 12:17:28,581 INFO ofi_add_3: 9.39809747290632e-05 , std 7.836980148241048e-05 
2023-05-13 12:17:28,581 INFO ofi_add_4: 0.0001239277869325321 , std 8.44949995442641e-05 
2023-05-13 12:17:28,581 INFO ofi_cancel_1: 0.00011308254988193931 , std 8.628759951010707e-05 
2023-05-13 12:17:28,581 INFO ofi_cancel_2: 0.00011101897278202187 , std 7.73010584323933e-05 
2023-05-13 12:17:28,581 INFO ofi_cancel_3: 8.637944519832861e-05 , std 8.014593102150109e-05 
2023-05-13 12:17:28,581 INFO ofi_cancel_4: 0.000114176565726742 , std 8.684643977624956e-05 
2023-05-13 12:17:28,581 INFO ofi_trade_1: 0.0001866537719605141 , std 0.0001893938394452097 
2023-05-13 12:17:28,581 INFO ofi_trade_2: 0.00011381870278936928 , std 0.00017417748316314832 
2023-05-13 12:17:28,581 INFO ofi_trade_3: 0.00011133416979269477 , std 0.00017409476517447298 
2023-05-13 12:17:28,581 INFO ofi_trade_4: 0.0001774183539224175 , std 0.0001852236966671476 
2023-05-13 12:17:28,582 INFO t_intercept: 0.013264909912290597 , std 1.1682033714883246 
2023-05-13 12:17:28,582 INFO t_ofi_add_1: 2.653350417419391 , std 1.7178551253965206 
2023-05-13 12:17:28,582 INFO t_ofi_add_2: 2.5595547912915793 , std 1.542192672931312 
2023-05-13 12:17:28,582 INFO t_ofi_add_3: 2.086277380914418 , std 1.4630281258346887 
2023-05-13 12:17:28,582 INFO t_ofi_add_4: 3.0990218021592812 , std 1.6875196583712764 
2023-05-13 12:17:28,582 INFO t_ofi_cancel_1: 2.5924805492471523 , std 1.5491870739634983 
2023-05-13 12:17:28,582 INFO t_ofi_cancel_2: 2.574754061789151 , std 1.496958608864813 
2023-05-13 12:17:28,582 INFO t_ofi_cancel_3: 1.850264341334815 , std 1.4514132282818377 
2023-05-13 12:17:28,582 INFO t_ofi_cancel_4: 2.703270025095909 , std 1.6925025021329831 
2023-05-13 12:17:28,582 INFO t_ofi_trade_1: 2.3014889661121734 , std 1.749483290706704 
2023-05-13 12:17:28,582 INFO t_ofi_trade_2: 1.3310645448668308 , std 1.5949594523491204 
2023-05-13 12:17:28,582 INFO t_ofi_trade_3: 1.244820984325777 , std 1.5268732041679367 
2023-05-13 12:17:28,582 INFO t_ofi_trade_4: 2.1074142801742193 , std 1.6429058282116193 
2023-05-13 12:17:28,582 INFO Grouping by ofi type:
2023-05-13 12:17:28,582 INFO add: 10.39820439178467
2023-05-13 12:17:28,582 INFO cancel: 9.720768977467028
2023-05-13 12:17:28,583 INFO trade: 6.984788775479
2023-05-13 12:17:28,583 INFO Grouping by level:
2023-05-13 12:17:28,583 INFO 1: 7.547319932778717
2023-05-13 12:17:28,583 INFO 2: 6.465373397947561
2023-05-13 12:17:28,583 INFO 3: 5.18136270657501
2023-05-13 12:17:28,583 INFO 4: 7.90970610742941
2023-05-13 12:17:28,583 INFO Non empty regressions: 1.0 --- 2751 / 2751
