2023-05-13 12:16:37,567 INFO Starting...
2023-05-13 12:16:37,567 INFO Tickers: ['COST']
2023-05-13 12:16:38,932 INFO in_r2: 0.8264358355697788 , std 0.06334516088720293 
2023-05-13 12:16:38,932 INFO os_r2: 0.7347328626253982 , std 0.34286375294940497 
2023-05-13 12:16:38,932 INFO intercept: 4.2742304966522383e-07 , std 9.238536750326372e-06 
2023-05-13 12:16:38,932 INFO ofi_add_1: 7.240556223597834e-05 , std 5.192961993897995e-05 
2023-05-13 12:16:38,932 INFO ofi_add_2: 8.511453618482427e-05 , std 5.416753007476676e-05 
2023-05-13 12:16:38,932 INFO ofi_add_3: 6.977343839445467e-05 , std 5.406163131187574e-05 
2023-05-13 12:16:38,932 INFO ofi_add_4: 0.0001044183589668446 , std 5.8625570218571615e-05 
2023-05-13 12:16:38,932 INFO ofi_cancel_1: 8.591064342541761e-05 , std 6.717214709551983e-05 
2023-05-13 12:16:38,932 INFO ofi_cancel_2: 8.832248797368399e-05 , std 5.763141372857811e-05 
2023-05-13 12:16:38,932 INFO ofi_cancel_3: 6.510044193005635e-05 , std 5.558832664241212e-05 
2023-05-13 12:16:38,932 INFO ofi_cancel_4: 9.97993322441152e-05 , std 6.1028975800126126e-05 
2023-05-13 12:16:38,932 INFO ofi_trade_1: 0.00011027759225858483 , std 0.00012086513891314917 
2023-05-13 12:16:38,932 INFO ofi_trade_2: 9.219030654859456e-05 , std 0.00011270654375576329 
2023-05-13 12:16:38,932 INFO ofi_trade_3: 8.466008808720122e-05 , std 0.00011126012698791395 
2023-05-13 12:16:38,932 INFO ofi_trade_4: 0.00013570422770317178 , std 0.00011059072799157095 
2023-05-13 12:16:38,932 INFO t_intercept: 0.023009371496415715 , std 1.1764130429230728 
2023-05-13 12:16:38,932 INFO t_ofi_add_1: 2.540657419468533 , std 1.6430187414858877 
2023-05-13 12:16:38,932 INFO t_ofi_add_2: 2.4859092082411873 , std 1.4202024168662908 
2023-05-13 12:16:38,932 INFO t_ofi_add_3: 1.944968413827323 , std 1.3972837448217563 
2023-05-13 12:16:38,933 INFO t_ofi_add_4: 3.5082651509303124 , std 1.6049673905155406 
2023-05-13 12:16:38,933 INFO t_ofi_cancel_1: 2.302251608214686 , std 1.5479749390667634 
2023-05-13 12:16:38,933 INFO t_ofi_cancel_2: 2.462492689480158 , std 1.442287310772265 
2023-05-13 12:16:38,933 INFO t_ofi_cancel_3: 1.7344651361539896 , std 1.385780632692298 
2023-05-13 12:16:38,933 INFO t_ofi_cancel_4: 3.1596160176764854 , std 1.6274213353237585 
2023-05-13 12:16:38,933 INFO t_ofi_trade_1: 1.762854369813862 , std 1.6308925284138285 
2023-05-13 12:16:38,933 INFO t_ofi_trade_2: 1.3947893723881808 , std 1.4672493269383708 
2023-05-13 12:16:38,933 INFO t_ofi_trade_3: 1.2979761350792496 , std 1.4350848682850672 
2023-05-13 12:16:38,933 INFO t_ofi_trade_4: 2.4065210104856214 , std 1.636286010330578 
2023-05-13 12:16:38,933 INFO Grouping by ofi type:
2023-05-13 12:16:38,933 INFO add: 10.479800192467355
2023-05-13 12:16:38,933 INFO cancel: 9.658825451525319
2023-05-13 12:16:38,933 INFO trade: 6.862140887766914
2023-05-13 12:16:38,934 INFO Grouping by level:
2023-05-13 12:16:38,934 INFO 1: 6.605763397497082
2023-05-13 12:16:38,934 INFO 2: 6.343191270109526
2023-05-13 12:16:38,934 INFO 3: 4.977409685060562
2023-05-13 12:16:38,934 INFO 4: 9.074402179092418
2023-05-13 12:16:38,934 INFO Non empty regressions: 1.0 --- 5304 / 5304
