2023-05-13 12:08:00,745 INFO Starting...
2023-05-13 12:08:00,745 INFO Tickers: ['JPM']
2023-05-13 12:15:46,515 INFO Starting...
2023-05-13 12:15:46,515 INFO Tickers: ['JPM']
2023-05-13 12:15:47,970 INFO in_r2: 0.9504973552640271 , std 0.02303907038778735 
2023-05-13 12:15:47,970 INFO os_r2: 0.9326971337895971 , std 0.05264919438982843 
2023-05-13 12:15:47,970 INFO intercept: -1.1249317955240847e-07 , std 6.565246101446312e-06 
2023-05-13 12:15:47,970 INFO ofi_add_1: 3.8214070019586406e-05 , std 4.615399018366714e-05 
2023-05-13 12:15:47,970 INFO ofi_add_2: 9.402874545149148e-05 , std 5.365260334601738e-05 
2023-05-13 12:15:47,970 INFO ofi_add_3: 9.751744534117204e-05 , std 5.600107014479485e-05 
2023-05-13 12:15:47,970 INFO ofi_add_4: 0.0001807620277190029 , std 6.006109151864667e-05 
2023-05-13 12:15:47,970 INFO ofi_cancel_1: 3.808219081306157e-05 , std 4.9869760298159926e-05 
2023-05-13 12:15:47,970 INFO ofi_cancel_2: 9.08606419512074e-05 , std 5.4273312879731537e-05 
2023-05-13 12:15:47,970 INFO ofi_cancel_3: 9.457258709003682e-05 , std 5.766981845589797e-05 
2023-05-13 12:15:47,971 INFO ofi_cancel_4: 0.00018335145241454693 , std 6.156804008814003e-05 
2023-05-13 12:15:47,971 INFO ofi_trade_1: 2.971094612364542e-05 , std 9.697801776569342e-05 
2023-05-13 12:15:47,971 INFO ofi_trade_2: 0.00010914425446081986 , std 8.071313712456824e-05 
2023-05-13 12:15:47,971 INFO ofi_trade_3: 9.535156940531308e-05 , std 7.463355212588192e-05 
2023-05-13 12:15:47,971 INFO ofi_trade_4: 0.00016890478165430017 , std 7.229646646611817e-05 
2023-05-13 12:15:47,971 INFO t_intercept: -0.02749030869347409 , std 1.291998212999196 
2023-05-13 12:15:47,971 INFO t_ofi_add_1: 1.3962400750333082 , std 1.6144827540030624 
2023-05-13 12:15:47,971 INFO t_ofi_add_2: 2.754076780532955 , std 1.557493408758807 
2023-05-13 12:15:47,971 INFO t_ofi_add_3: 2.714570141559794 , std 1.5370435520952057 
2023-05-13 12:15:47,971 INFO t_ofi_add_4: 5.887012896488802 , std 1.905287140520354 
2023-05-13 12:15:47,971 INFO t_ofi_cancel_1: 1.219803733685208 , std 1.5449604928886422 
2023-05-13 12:15:47,971 INFO t_ofi_cancel_2: 2.6154229429999254 , std 1.5504622028206745 
2023-05-13 12:15:47,971 INFO t_ofi_cancel_3: 2.5228763141649924 , std 1.4958964512112591 
2023-05-13 12:15:47,971 INFO t_ofi_cancel_4: 5.6309507616210315 , std 1.8254630422092029 
2023-05-13 12:15:47,971 INFO t_ofi_trade_1: 0.46345084228028594 , std 1.4136630499417022 
2023-05-13 12:15:47,971 INFO t_ofi_trade_2: 2.0195465039020273 , std 1.4446368820126714 
2023-05-13 12:15:47,971 INFO t_ofi_trade_3: 1.884621467295962 , std 1.4374387504142818 
2023-05-13 12:15:47,971 INFO t_ofi_trade_4: 4.014930544824963 , std 1.78234751308896 
2023-05-13 12:15:47,971 INFO Grouping by ofi type:
2023-05-13 12:15:47,971 INFO add: 12.751899893614858
2023-05-13 12:15:47,971 INFO cancel: 11.989053752471158
2023-05-13 12:15:47,971 INFO trade: 8.382549358303237
2023-05-13 12:15:47,971 INFO Grouping by level:
2023-05-13 12:15:47,971 INFO 1: 3.079494650998802
2023-05-13 12:15:47,971 INFO 2: 7.389046227434909
2023-05-13 12:15:47,971 INFO 3: 7.122067923020748
2023-05-13 12:15:47,971 INFO 4: 15.532894202934795
2023-05-13 12:15:47,971 INFO Non empty regressions: 1.0 --- 7348 / 7348
