2023-05-13 12:07:12,456 INFO Experiment: individual_price_impact
2023-05-13 12:07:27,419 INFO AAPL --- INS : 0.9133402945923554 --- OOS : 0.8454770119397488
2023-05-13 12:07:36,004 INFO MSFT --- INS : 0.9520483205495135 --- OOS : 0.9182457093309075
2023-05-13 12:07:44,233 INFO AMZN --- INS : 0.734607205637187 --- OOS : 0.6094207945638541
2023-05-13 12:07:52,701 INFO FB --- INS : 0.9167148606263397 --- OOS : 0.8784338966860279
2023-05-13 12:08:00,743 INFO BRK.B --- INS : 0.8472239971909553 --- OOS : 0.7877150878703508
2023-05-13 12:15:38,535 INFO Experiment: individual_price_impact
2023-05-13 12:15:41,075 INFO AAPL --- INS : 0.9133402945923554 --- OOS : 0.8454770119397488
2023-05-13 12:15:42,435 INFO MSFT --- INS : 0.9520483205495135 --- OOS : 0.9182457093309075
2023-05-13 12:15:43,830 INFO AMZN --- INS : 0.734607205637187 --- OOS : 0.6094207945638541
2023-05-13 12:15:45,167 INFO FB --- INS : 0.9167148606263397 --- OOS : 0.8784338966860279
2023-05-13 12:15:46,512 INFO BRK.B --- INS : 0.8472239971909553 --- OOS : 0.7877150878703508
2023-05-13 12:15:47,971 INFO JPM --- INS : 0.9504973552640271 --- OOS : 0.9326971337895971
2023-05-13 12:15:49,365 INFO GOOG --- INS : 0.6887317008089534 --- OOS : 0.5081055100822321
2023-05-13 12:15:50,722 INFO GOOGL --- INS : 0.7111498813590265 --- OOS : 0.5482311167238046
2023-05-13 12:15:52,063 INFO JNJ --- INS : 0.8877278981069212 --- OOS : 0.8340548614986897
2023-05-13 12:15:53,445 INFO V --- INS : 0.9043633819332513 --- OOS : 0.8695717997515804
2023-05-13 12:15:54,754 INFO PG --- INS : 0.9352168410825588 --- OOS : 0.907532154546711
2023-05-13 12:15:56,058 INFO XOM --- INS : 0.9456256394730798 --- OOS : 0.9147817238671064
2023-05-13 12:15:57,413 INFO BAC --- INS : 0.9810378574484461 --- OOS : 0.9301897495662296
2023-05-13 12:15:58,805 INFO T --- INS : 0.9667056951051486 --- OOS : 0.8591385310796135
2023-05-13 12:16:00,040 INFO UNH --- INS : 0.8636232908195638 --- OOS : 0.7925035342270996
2023-05-13 12:16:01,409 INFO DIS --- INS : 0.9075278286013855 --- OOS : 0.8749989012464089
2023-05-13 12:16:02,700 INFO MA --- INS : 0.8214010685417722 --- OOS : 0.734897609540412
2023-05-13 12:16:04,043 INFO INTC --- INS : 0.9738045664634769 --- OOS : 0.9426912706171983
2023-05-13 12:16:05,373 INFO VZ --- INS : 0.960123818370391 --- OOS : 0.9176362830561227
2023-05-13 12:16:06,684 INFO HD --- INS : 0.8672387700990383 --- OOS : 0.8147667925253917
2023-05-13 12:16:08,029 INFO MRK --- INS : 0.955940246583637 --- OOS : 0.931662654838705
2023-05-13 12:16:09,420 INFO CVX --- INS : 0.90649755959887 --- OOS : 0.876769103879738
2023-05-13 12:16:10,723 INFO WFC --- INS : 0.9728633223220745 --- OOS : 0.9524625399799888
2023-05-13 12:16:12,049 INFO PFE --- INS : 0.9687607264306056 --- OOS : 0.8794540591511386
2023-05-13 12:16:13,406 INFO KO --- INS : 0.9570535303716045 --- OOS : 0.3609584486066814
2023-05-13 12:16:14,799 INFO CMCSA --- INS : 0.974459486227075 --- OOS : 0.9483045029824194
2023-05-13 12:16:16,106 INFO CSCO --- INS : 0.9754185119766837 --- OOS : 0.9278313432787495
2023-05-13 12:16:17,486 INFO PEP --- INS : 0.9027884446574965 --- OOS : 0.8646845783836462
2023-05-13 12:16:18,740 INFO BA --- INS : 0.8284035411134242 --- OOS : 0.7376237178129
2023-05-13 12:16:20,232 INFO C --- INS : 0.9567712601076948 --- OOS : 0.93220467415319
2023-05-13 12:16:21,589 INFO WMT --- INS : 0.9233151846747005 --- OOS : 0.8878097310445189
2023-05-13 12:16:22,936 INFO ADBE --- INS : 0.8502306208754088 --- OOS : 0.7823224291687142
2023-05-13 12:16:24,225 INFO MDT --- INS : 0.9018740530467608 --- OOS : 0.8611846719667636
2023-05-13 12:16:25,605 INFO ABT --- INS : 0.9362163854520038 --- OOS : 0.8977926120293637
2023-05-13 12:16:26,945 INFO MCD --- INS : 0.8557233519604573 --- OOS : 0.7852570227109505
2023-05-13 12:16:28,247 INFO BMY --- INS : 0.9611181942729654 --- OOS : 0.9398791561835731
2023-05-13 12:16:29,613 INFO AMGN --- INS : 0.8481798305391115 --- OOS : 0.7698585512196524
2023-05-13 12:16:30,950 INFO CRM --- INS : 0.8668018851720534 --- OOS : 0.8117458819345639
2023-05-13 12:16:32,261 INFO NVDA --- INS : 0.8768775435324988 --- OOS : 0.8203909514657854
2023-05-13 12:16:33,548 INFO PM --- INS : 0.8890502124802349 --- OOS : 0.8439929013437647
2023-05-13 12:16:34,987 INFO NFLX --- INS : 0.8286719829349061 --- OOS : 0.7529576473517986
2023-05-13 12:16:36,310 INFO ABBV --- INS : 0.8987650443170535 --- OOS : 0.8435379096546133
2023-05-13 12:16:37,565 INFO ACN --- INS : 0.8218023737139056 --- OOS : 0.7327021524403672
2023-05-13 12:16:38,934 INFO COST --- INS : 0.8264358355697788 --- OOS : 0.7347328626253982
2023-05-13 12:16:40,274 INFO PYPL --- INS : 0.9403123436926025 --- OOS : 0.903901561828063
2023-05-13 12:16:41,531 INFO TMO --- INS : 0.7178200252410634 --- OOS : 0.4893502359988252
2023-05-13 12:16:42,812 INFO AVGO --- INS : 0.8207545201666281 --- OOS : 0.6943676507464156
2023-05-13 12:16:44,198 INFO HON --- INS : 0.8509638568051254 --- OOS : 0.7922032699134938
2023-05-13 12:16:45,510 INFO UNP --- INS : 0.8659640359292644 --- OOS : 0.8117359564157557
2023-05-13 12:16:46,882 INFO NKE --- INS : 0.932608171037397 --- OOS : 0.8904916878962106
2023-05-13 12:16:48,167 INFO UTX --- INS : 0.882183527188727 --- OOS : 0.835673731346811
2023-05-13 12:16:49,583 INFO ORCL --- INS : 0.9622958271550132 --- OOS : 0.8381800573014964
2023-05-13 12:16:50,916 INFO IBM --- INS : 0.8726671037487983 --- OOS : 0.7848181362321919
2023-05-13 12:16:52,239 INFO TXN --- INS : 0.9158471432825238 --- OOS : 0.8836891008975407
2023-05-13 12:16:53,420 INFO NEE --- INS : 0.8149371432757905 --- OOS : 0.7032164813766202
2023-05-13 12:16:53,912 INFO LIN --- INS : 0.7748207109647695 --- OOS : 0.6000853950350264
2023-05-13 12:16:55,335 INFO SBUX --- INS : 0.9552662053516349 --- OOS : 0.9128274128235495
2023-05-13 12:16:56,621 INFO LLY --- INS : 0.8892588210563285 --- OOS : 0.8455804229017919
2023-05-13 12:16:58,005 INFO QCOM --- INS : 0.9556035712155543 --- OOS : 0.9164670343083289
2023-05-13 12:16:59,221 INFO MMM --- INS : 0.8430634017478781 --- OOS : 0.7740796352565297
2023-05-13 12:17:00,563 INFO GE --- INS : 0.9879942409547149 --- OOS : -2.9018684498467513
2023-05-13 12:17:01,863 INFO CVS --- INS : 0.9161100655022046 --- OOS : 0.8666355097974351
2023-05-13 12:17:03,142 INFO DHR --- INS : 0.8692575910540776 --- OOS : 0.81803172532916
2023-05-13 12:17:04,306 INFO LMT --- INS : 0.6849028675234612 --- OOS : 0.3632152757403167
2023-05-13 12:17:05,603 INFO AMT --- INS : 0.759261295186866 --- OOS : 0.6209638801524374
2023-05-13 12:17:06,969 INFO MO --- INS : 0.9560661652734105 --- OOS : 0.9239591011660806
2023-05-13 12:17:08,315 INFO LOW --- INS : 0.8834527446012257 --- OOS : 0.8369734042969158
2023-05-13 12:17:09,705 INFO USB --- INS : 0.9844554270890524 --- OOS : 0.9725699887667922
2023-05-13 12:17:10,441 INFO BKNG --- INS : 0.5858843187181432 --- OOS : 0.23587850664337828
2023-05-13 12:17:11,806 INFO AXP --- INS : 0.9047311528489317 --- OOS : 0.8717021642408209
2023-05-13 12:17:13,103 INFO FIS --- INS : 0.8242557276424428 --- OOS : 0.7426546314458488
2023-05-13 12:17:14,482 INFO GILD --- INS : 0.9372533739648677 --- OOS : 0.9001578449411635
2023-05-13 12:17:15,841 INFO UPS --- INS : 0.8566216503499794 --- OOS : 0.7939616153131691
2023-05-13 12:17:17,162 INFO CAT --- INS : 0.8888886227908944 --- OOS : 0.8403062536808412
2023-05-13 12:17:18,503 INFO MDLZ --- INS : 0.9738640153444865 --- OOS : 0.9445548144244478
2023-05-13 12:17:19,803 INFO CHTR --- INS : 0.7197857948268503 --- OOS : 0.5093698934613323
2023-05-13 12:17:19,892 INFO TFC --- INS : 0.9417090063821423 --- OOS : 0.9118946481521117
2023-05-13 12:17:21,083 INFO ANTM --- INS : 0.697650858801285 --- OOS : 0.42931408939449534
2023-05-13 12:17:22,434 INFO GS --- INS : 0.8603144590847676 --- OOS : 0.8061291003187931
2023-05-13 12:17:23,622 INFO CI --- INS : 0.7442838660595911 --- OOS : 0.5732656726898875
2023-05-13 12:17:24,898 INFO TJX --- INS : 0.9294644710509864 --- OOS : 0.9009713624740661
2023-05-13 12:17:26,174 INFO ADP --- INS : 0.8581985441449014 --- OOS : 0.7945049467896308
2023-05-13 12:17:27,372 INFO BDX --- INS : 0.7095954918123424 --- OOS : 0.5217952754620745
2023-05-13 12:17:28,583 INFO CME --- INS : 0.8154538092006725 --- OOS : 0.7041321874752902
2023-05-13 12:17:29,771 INFO CB --- INS : 0.7938062362228713 --- OOS : 0.6967673533600665
2023-05-13 12:17:31,037 INFO PNC --- INS : 0.8511439091641744 --- OOS : 0.8000694532900071
2023-05-13 12:17:31,952 INFO COP --- INS : 0.9452774545308501 --- OOS : 0.9268206093582613
2023-05-13 12:17:33,155 INFO INTU --- INS : 0.8102604474399722 --- OOS : 0.7061269940430662
2023-05-13 12:17:34,358 INFO ISRG --- INS : 0.6722086308535378 --- OOS : 0.43763961010689245
2023-05-13 12:17:35,750 INFO D --- INS : 0.9189905596401399 --- OOS : 0.8899082485000681
2023-05-13 12:17:36,943 INFO SPGI --- INS : 0.7549437842303772 --- OOS : 0.591808627065407
2023-05-13 12:17:38,193 INFO FISV --- INS : 0.8862763873979924 --- OOS : 0.8311674743525338
2023-05-13 12:17:39,490 INFO DUK --- INS : 0.9112322223890106 --- OOS : 0.8763450703374824
2023-05-13 12:17:40,664 INFO SYK --- INS : 0.6890047045316382 --- OOS : 0.49511770986471015
2023-05-13 12:17:41,997 INFO SO --- INS : 0.9753192555470612 --- OOS : 0.9556479803743109
2023-05-13 12:17:43,320 INFO TGT --- INS : 0.9019196966356825 --- OOS : 0.8559465721247632
2023-05-13 12:17:44,699 INFO MS --- INS : 0.968817508024273 --- OOS : 0.9489420037715096
2023-05-13 12:17:46,131 INFO BSX --- INS : 0.9755239078643049 --- OOS : 0.9519729661694604
2023-05-13 12:17:46,995 INFO AGN --- INS : 0.8008581447553242 --- OOS : 0.7079697945388105
2023-05-13 12:17:48,179 INFO RTN --- INS : 0.7537188510702787 --- OOS : 0.6250963660557317
2023-05-13 12:17:48,383 INFO in_r2: 0.9001371174818356 , std 0.08753185686695993 
2023-05-13 12:17:48,383 INFO os_r2: 0.7838441648435024 , std 13.795383818491697 
2023-05-13 12:17:48,383 INFO intercept: 2.1612522273167793e-07 , std 9.238052500215545e-06 
2023-05-13 12:17:48,383 INFO ofi_add_1: 7.215582103657346e-05 , std 8.5128670607321e-05 
2023-05-13 12:17:48,383 INFO ofi_add_2: 0.00015968263170995149 , std 0.00015221699614796072 
2023-05-13 12:17:48,383 INFO ofi_add_3: 0.00013908628344635394 , std 0.00016023163295020878 
2023-05-13 12:17:48,383 INFO ofi_add_4: 0.00021100803690057228 , std 0.00020410606872848703 
2023-05-13 12:17:48,383 INFO ofi_cancel_1: 7.155131643520483e-05 , std 9.439796498124638e-05 
2023-05-13 12:17:48,383 INFO ofi_cancel_2: 0.0001425290942210828 , std 0.00013275498541001296 
2023-05-13 12:17:48,383 INFO ofi_cancel_3: 0.0001308525521779961 , std 0.00016061705727529355 
2023-05-13 12:17:48,383 INFO ofi_cancel_4: 0.00021278972686785482 , std 0.00023840394524881223 
2023-05-13 12:17:48,384 INFO ofi_trade_1: 9.581252309064443e-05 , std 0.0002143171282577706 
2023-05-13 12:17:48,384 INFO ofi_trade_2: 0.00018271744990556882 , std 0.0013856232788671153 
2023-05-13 12:17:48,384 INFO ofi_trade_3: 0.0001480052414590224 , std 0.0011804757379085434 
2023-05-13 12:17:48,384 INFO ofi_trade_4: 0.00021290849490467463 , std 0.0025661232253072356 
2023-05-13 12:17:48,384 INFO t_intercept: 0.03881068707727054 , std 1.1829911979791001 
2023-05-13 12:17:48,384 INFO t_ofi_add_1: 2.005194878563898 , std 2.0281581800717285 
2023-05-13 12:17:48,384 INFO t_ofi_add_2: 3.723503618689684 , std 2.7538007282445336 
2023-05-13 12:17:48,384 INFO t_ofi_add_3: 3.2097015982792336 , std 2.439572399257747 
2023-05-13 12:17:48,384 INFO t_ofi_add_4: 5.386609837190514 , std 3.076457365454421 
2023-05-13 12:17:48,384 INFO t_ofi_cancel_1: 1.6391129303625334 , std 1.8947529933955887 
2023-05-13 12:17:48,384 INFO t_ofi_cancel_2: 3.1811774736175074 , std 2.2029363613269575 
2023-05-13 12:17:48,384 INFO t_ofi_cancel_3: 2.7959976890040186 , std 2.1329280061834015 
2023-05-13 12:17:48,384 INFO t_ofi_cancel_4: 4.807118851633865 , std 2.649742101082718 
2023-05-13 12:17:48,384 INFO t_ofi_trade_1: 1104377646.7705412 , std 806701569551.5989 
2023-05-13 12:17:48,384 INFO t_ofi_trade_2: 13760296904.793892 , std 2776737220626.8066 
2023-05-13 12:17:48,384 INFO t_ofi_trade_3: 15434058147.297869 , std 2736473449899.9854 
2023-05-13 12:17:48,384 INFO t_ofi_trade_4: 16994524875.36098 , std 3449092043186.933 
2023-05-13 12:17:48,384 INFO Grouping by ofi type:
2023-05-13 12:17:48,384 INFO add: 14.32500993272333
2023-05-13 12:17:48,384 INFO cancel: 12.423406944617923
2023-05-13 12:17:48,384 INFO trade: 47293257574.22328
2023-05-13 12:17:48,384 INFO Grouping by level:
2023-05-13 12:17:48,384 INFO 1: 1104377650.414849
2023-05-13 12:17:48,384 INFO 2: 13760296911.698572
2023-05-13 12:17:48,384 INFO 3: 15434058153.303568
2023-05-13 12:17:48,384 INFO 4: 16994524885.554708
2023-05-13 12:17:48,391 INFO Non empty regressions: 1.0 --- 541487 / 541487
