2023-05-13 12:16:30,951 INFO Starting...
2023-05-13 12:16:30,951 INFO Tickers: ['NVDA']
2023-05-13 12:16:32,259 INFO in_r2: 0.8768775435324988 , std 0.06060678749757166 
2023-05-13 12:16:32,259 INFO os_r2: 0.8203909514657854 , std 0.3514228349031803 
2023-05-13 12:16:32,259 INFO intercept: 2.4773533094136284e-07 , std 1.595556157330697e-05 
2023-05-13 12:16:32,259 INFO ofi_add_1: 6.0833178487655284e-05 , std 5.184798077248063e-05 
2023-05-13 12:16:32,259 INFO ofi_add_2: 7.272765494796478e-05 , std 5.802172037441086e-05 
2023-05-13 12:16:32,259 INFO ofi_add_3: 6.695495723962114e-05 , std 6.0758077838774614e-05 
2023-05-13 12:16:32,259 INFO ofi_add_4: 0.00018586131417095182 , std 7.826861297207149e-05 
2023-05-13 12:16:32,259 INFO ofi_cancel_1: 6.948745343480589e-05 , std 6.36216323102881e-05 
2023-05-13 12:16:32,259 INFO ofi_cancel_2: 7.098376706095601e-05 , std 5.9835457337038945e-05 
2023-05-13 12:16:32,259 INFO ofi_cancel_3: 6.394114112244849e-05 , std 6.270267677077493e-05 
2023-05-13 12:16:32,259 INFO ofi_cancel_4: 0.0001837585693395182 , std 8.037537186548472e-05 
2023-05-13 12:16:32,259 INFO ofi_trade_1: 4.284423455225296e-05 , std 7.562957306873943e-05 
2023-05-13 12:16:32,259 INFO ofi_trade_2: 6.280967177509169e-05 , std 7.573362938092649e-05 
2023-05-13 12:16:32,259 INFO ofi_trade_3: 6.846072769382346e-05 , std 7.976771915688091e-05 
2023-05-13 12:16:32,259 INFO ofi_trade_4: 0.00019688911336401764 , std 8.848904741213569e-05 
2023-05-13 12:16:32,259 INFO t_intercept: -0.04172055618685962 , std 1.3393718659222678 
2023-05-13 12:16:32,259 INFO t_ofi_add_1: 1.9414217629801207 , std 1.5201735904164253 
2023-05-13 12:16:32,259 INFO t_ofi_add_2: 1.9040641894999568 , std 1.4099825826229422 
2023-05-13 12:16:32,259 INFO t_ofi_add_3: 1.7084288003389634 , std 1.4326214124193941 
2023-05-13 12:16:32,259 INFO t_ofi_add_4: 5.738114338986112 , std 1.8335140201789335 
2023-05-13 12:16:32,259 INFO t_ofi_cancel_1: 1.7287869098538384 , std 1.443993848343121 
2023-05-13 12:16:32,259 INFO t_ofi_cancel_2: 1.8177531537646654 , std 1.4173680837455633 
2023-05-13 12:16:32,259 INFO t_ofi_cancel_3: 1.5878179110035546 , std 1.4216983551833837 
2023-05-13 12:16:32,260 INFO t_ofi_cancel_4: 5.436636604589032 , std 1.8224817928329848 
2023-05-13 12:16:32,260 INFO t_ofi_trade_1: 0.9388635643266894 , std 1.5354924473560292 
2023-05-13 12:16:32,260 INFO t_ofi_trade_2: 1.244409176570098 , std 1.4039472718144212 
2023-05-13 12:16:32,260 INFO t_ofi_trade_3: 1.3382950711589647 , std 1.441347902328088 
2023-05-13 12:16:32,260 INFO t_ofi_trade_4: 4.627471131792922 , std 1.8435407575699145 
2023-05-13 12:16:32,260 INFO Grouping by ofi type:
2023-05-13 12:16:32,260 INFO add: 11.292029091805151
2023-05-13 12:16:32,260 INFO cancel: 10.57099457921109
2023-05-13 12:16:32,261 INFO trade: 8.149038943848673
2023-05-13 12:16:32,261 INFO Grouping by level:
2023-05-13 12:16:32,261 INFO 1: 4.609072237160648
2023-05-13 12:16:32,261 INFO 2: 4.96622651983472
2023-05-13 12:16:32,261 INFO 3: 4.634541782501483
2023-05-13 12:16:32,261 INFO 4: 15.802222075368068
2023-05-13 12:16:32,261 INFO Non empty regressions: 1.0 --- 7344 / 7344
