2023-05-13 12:17:29,772 INFO Starting...
2023-05-13 12:17:29,772 INFO Tickers: ['PNC']
2023-05-13 12:17:31,035 INFO in_r2: 0.8511439091641744 , std 0.06737685613848314 
2023-05-13 12:17:31,035 INFO os_r2: 0.8000694532900071 , std 0.15348209672448987 
2023-05-13 12:17:31,035 INFO intercept: 6.655535441624552e-07 , std 1.0592369331945018e-05 
2023-05-13 12:17:31,035 INFO ofi_add_1: 0.00012216821876022993 , std 8.394800349371984e-05 
2023-05-13 12:17:31,035 INFO ofi_add_2: 0.00012412322060644012 , std 7.575631323097776e-05 
2023-05-13 12:17:31,035 INFO ofi_add_3: 9.157934231117613e-05 , std 7.345939540616998e-05 
2023-05-13 12:17:31,035 INFO ofi_add_4: 0.00014902387762789736 , std 7.630326825696896e-05 
2023-05-13 12:17:31,035 INFO ofi_cancel_1: 0.00013956813344091922 , std 9.926193899309804e-05 
2023-05-13 12:17:31,036 INFO ofi_cancel_2: 0.0001279949852336393 , std 8.148385752965767e-05 
2023-05-13 12:17:31,036 INFO ofi_cancel_3: 8.05148506627479e-05 , std 7.593959667710346e-05 
2023-05-13 12:17:31,036 INFO ofi_cancel_4: 0.00013576863566984167 , std 7.885726443341754e-05 
2023-05-13 12:17:31,036 INFO ofi_trade_1: 0.00019637691675268695 , std 0.0002075676635807933 
2023-05-13 12:17:31,036 INFO ofi_trade_2: 0.0001406416460898476 , std 0.00017159832614386877 
2023-05-13 12:17:31,036 INFO ofi_trade_3: 0.00010166856152340384 , std 0.00016808299699710692 
2023-05-13 12:17:31,036 INFO ofi_trade_4: 0.00018810147407763978 , std 0.0001682338586034335 
2023-05-13 12:17:31,036 INFO t_intercept: 0.021725716464541012 , std 1.1414620656714554 
2023-05-13 12:17:31,036 INFO t_ofi_add_1: 2.7965090699154747 , std 1.5894775846204767 
2023-05-13 12:17:31,036 INFO t_ofi_add_2: 2.6080315405917833 , std 1.3938845363637526 
2023-05-13 12:17:31,036 INFO t_ofi_add_3: 1.9099110288472623 , std 1.3322166854966084 
2023-05-13 12:17:31,036 INFO t_ofi_add_4: 3.7344089649731336 , std 1.5928052871060703 
2023-05-13 12:17:31,036 INFO t_ofi_cancel_1: 2.743722257895215 , std 1.5776477743581887 
2023-05-13 12:17:31,036 INFO t_ofi_cancel_2: 2.583704321882386 , std 1.41079199631919 
2023-05-13 12:17:31,036 INFO t_ofi_cancel_3: 1.6261943600280564 , std 1.3464207060681779 
2023-05-13 12:17:31,036 INFO t_ofi_cancel_4: 3.2279608210219974 , std 1.6242703056918302 
2023-05-13 12:17:31,036 INFO t_ofi_trade_1: 1.8011231431177015 , std 1.4853627152913405 
2023-05-13 12:17:31,036 INFO t_ofi_trade_2: 1.2966784759948038 , std 1.3393617746078827 
2023-05-13 12:17:31,036 INFO t_ofi_trade_3: 1.010166801110908 , std 1.343619227937371 
2023-05-13 12:17:31,036 INFO t_ofi_trade_4: 2.0370614700674397 , std 1.4771001869011977 
2023-05-13 12:17:31,036 INFO Grouping by ofi type:
2023-05-13 12:17:31,036 INFO add: 11.048860604327654
2023-05-13 12:17:31,037 INFO cancel: 10.181581760827655
2023-05-13 12:17:31,037 INFO trade: 6.145029890290853
2023-05-13 12:17:31,037 INFO Grouping by level:
2023-05-13 12:17:31,037 INFO 1: 7.34135447092839
2023-05-13 12:17:31,037 INFO 2: 6.488414338468973
2023-05-13 12:17:31,037 INFO 3: 4.546272189986227
2023-05-13 12:17:31,037 INFO 4: 8.999431256062572
2023-05-13 12:17:31,037 INFO Non empty regressions: 1.0 --- 4975 / 4975
