2023-05-13 12:17:35,753 INFO Starting...
2023-05-13 12:17:35,753 INFO Tickers: ['SPGI']
2023-05-13 12:17:36,941 INFO in_r2: 0.7549437842303772 , std 0.1198477301655392 
2023-05-13 12:17:36,941 INFO os_r2: 0.591808627065407 , std 0.5358586858604668 
2023-05-13 12:17:36,941 INFO intercept: -3.6524352851687985e-08 , std 1.7288596077400175e-05 
2023-05-13 12:17:36,941 INFO ofi_add_1: 0.00012107034691119965 , std 0.00013173847912708784 
2023-05-13 12:17:36,941 INFO ofi_add_2: 0.00011886388540065487 , std 0.0001252422147111083 
2023-05-13 12:17:36,941 INFO ofi_add_3: 9.975562720519992e-05 , std 0.00012784314236943757 
2023-05-13 12:17:36,941 INFO ofi_add_4: 0.00013945480476701424 , std 0.00018409545708266073 
2023-05-13 12:17:36,941 INFO ofi_cancel_1: 0.0001356477329368178 , std 0.00015689229242471918 
2023-05-13 12:17:36,941 INFO ofi_cancel_2: 0.00012272564422183288 , std 0.00012613457564218113 
2023-05-13 12:17:36,941 INFO ofi_cancel_3: 9.443222121988946e-05 , std 0.00012354205025197695 
2023-05-13 12:17:36,941 INFO ofi_cancel_4: 0.0001273435241894614 , std 0.00019252647145965267 
2023-05-13 12:17:36,941 INFO ofi_trade_1: 0.00020549398396135118 , std 0.0002787132154795987 
2023-05-13 12:17:36,941 INFO ofi_trade_2: 0.0001317385995964368 , std 0.00023367936891436253 
2023-05-13 12:17:36,941 INFO ofi_trade_3: 0.00011847712861625328 , std 0.0003094195171159156 
2023-05-13 12:17:36,941 INFO ofi_trade_4: 0.0002211952583651632 , std 0.00035989325349374126 
2023-05-13 12:17:36,941 INFO t_intercept: 0.019997361126743496 , std 1.2143743559611313 
2023-05-13 12:17:36,941 INFO t_ofi_add_1: 3.0891900224040643 , std 1.6296128128859177 
2023-05-13 12:17:36,941 INFO t_ofi_add_2: 2.6031109033539446 , std 1.6030726484853408 
2023-05-13 12:17:36,941 INFO t_ofi_add_3: 2.012564171029294 , std 1.4378839161289632 
2023-05-13 12:17:36,942 INFO t_ofi_add_4: 2.8818389684985104 , std 1.6061699239297957 
2023-05-13 12:17:36,942 INFO t_ofi_cancel_1: 2.711424515021435 , std 1.553404791376459 
2023-05-13 12:17:36,942 INFO t_ofi_cancel_2: 2.6195930689040705 , std 1.6456705042017583 
2023-05-13 12:17:36,942 INFO t_ofi_cancel_3: 1.889159462430831 , std 1.405717018324198 
2023-05-13 12:17:36,942 INFO t_ofi_cancel_4: 2.411264068431382 , std 1.6158107492804556 
2023-05-13 12:17:36,942 INFO t_ofi_trade_1: 2.2733383163312215 , std 1.7595867387458215 
2023-05-13 12:17:36,942 INFO t_ofi_trade_2: 1.2821996020437105 , std 1.4662225027179063 
2023-05-13 12:17:36,942 INFO t_ofi_trade_3: 1.0781762068029368 , std 1.4367142970529425 
2023-05-13 12:17:36,942 INFO t_ofi_trade_4: 1.7539958865318037 , std 1.571625749644244 
2023-05-13 12:17:36,942 INFO Grouping by ofi type:
2023-05-13 12:17:36,942 INFO add: 10.586704065285813
2023-05-13 12:17:36,942 INFO cancel: 9.631441114787718
2023-05-13 12:17:36,942 INFO trade: 6.387710011709672
2023-05-13 12:17:36,942 INFO Grouping by level:
2023-05-13 12:17:36,942 INFO 1: 8.07395285375672
2023-05-13 12:17:36,942 INFO 2: 6.504903574301726
2023-05-13 12:17:36,942 INFO 3: 4.979899840263061
2023-05-13 12:17:36,943 INFO 4: 7.0470989234616965
2023-05-13 12:17:36,943 INFO Non empty regressions: 1.0 --- 905 / 905
