2023-05-13 12:15:57,416 INFO Starting...
2023-05-13 12:15:57,416 INFO Tickers: ['T']
2023-05-13 12:15:58,803 INFO in_r2: 0.9667056951051486 , std 0.02995587826102254 
2023-05-13 12:15:58,803 INFO os_r2: 0.8591385310796135 , std 1.6159561772479598 
2023-05-13 12:15:58,803 INFO intercept: 1.576508003593249e-07 , std 3.7310818044380497e-06 
2023-05-13 12:15:58,803 INFO ofi_add_1: 6.799986030151384e-05 , std 0.00011301368900203755 
2023-05-13 12:15:58,803 INFO ofi_add_2: 0.0003368631034234626 , std 0.00019648346090441883 
2023-05-13 12:15:58,803 INFO ofi_add_3: 0.000187786594076248 , std 0.00015675699929797618 
2023-05-13 12:15:58,803 INFO ofi_add_4: 0.00043746995319497375 , std 0.00025302735834386897 
2023-05-13 12:15:58,803 INFO ofi_cancel_1: 5.5084125750991315e-05 , std 0.00010829291695699917 
2023-05-13 12:15:58,803 INFO ofi_cancel_2: 0.00023586949888473505 , std 0.00019634295980452407 
2023-05-13 12:15:58,803 INFO ofi_cancel_3: 0.0001889296041174212 , std 0.00017329760035020262 
2023-05-13 12:15:58,804 INFO ofi_cancel_4: 0.0004396672281209425 , std 0.00028837209045218937 
2023-05-13 12:15:58,804 INFO ofi_trade_1: 9.5325879833553e-05 , std 0.00029507803082258813 
2023-05-13 12:15:58,804 INFO ofi_trade_2: 0.00037571651762981754 , std 0.00030460841064768756 
2023-05-13 12:15:58,804 INFO ofi_trade_3: 0.00022640166776632432 , std 0.0003152100215373095 
2023-05-13 12:15:58,804 INFO ofi_trade_4: 0.0003995390560758204 , std 0.0002764903510913353 
2023-05-13 12:15:58,804 INFO t_intercept: 0.054770099412388265 , std 1.1334786791018545 
2023-05-13 12:15:58,804 INFO t_ofi_add_1: 1.9211418204064825 , std 2.699906981877955 
2023-05-13 12:15:58,804 INFO t_ofi_add_2: 7.34300809950571 , std 3.5355725599166945 
2023-05-13 12:15:58,804 INFO t_ofi_add_3: 4.466176417885056 , std 2.991780144803904 
2023-05-13 12:15:58,804 INFO t_ofi_add_4: 8.595341220793106 , std 6.287672883276103 
2023-05-13 12:15:58,804 INFO t_ofi_cancel_1: 1.3257483283150318 , std 2.394821710273049 
2023-05-13 12:15:58,804 INFO t_ofi_cancel_2: 4.48009343916934 , std 3.114136957632109 
2023-05-13 12:15:58,804 INFO t_ofi_cancel_3: 3.6728658072142153 , std 2.364056219023306 
2023-05-13 12:15:58,804 INFO t_ofi_cancel_4: 6.434597083691002 , std 3.735166656946664 
2023-05-13 12:15:58,804 INFO t_ofi_trade_1: 0.9784555918204013 , std 2.541303702259756 
2023-05-13 12:15:58,804 INFO t_ofi_trade_2: -31709853198.716465 , std 2713185172365.7334 
2023-05-13 12:15:58,804 INFO t_ofi_trade_3: 82397141701.94225 , std 7050133649516.361 
2023-05-13 12:15:58,804 INFO t_ofi_trade_4: 36326084537.60569 , std 3108163045850.0347 
2023-05-13 12:15:58,805 INFO Grouping by ofi type:
2023-05-13 12:15:58,805 INFO add: 22.325667558590354
2023-05-13 12:15:58,805 INFO cancel: 15.913304658389588
2023-05-13 12:15:58,805 INFO trade: 87013373041.80994
2023-05-13 12:15:58,805 INFO Grouping by level:
2023-05-13 12:15:58,805 INFO 1: 4.225345740541916
2023-05-13 12:15:58,805 INFO 2: -31709853186.893364
2023-05-13 12:15:58,805 INFO 3: 82397141710.08128
2023-05-13 12:15:58,805 INFO 4: 36326084552.63563
2023-05-13 12:15:58,805 INFO Non empty regressions: 1.0 --- 7322 / 7322
