2023-05-13 12:17:23,623 INFO Starting...
2023-05-13 12:17:23,624 INFO Tickers: ['TJX']
2023-05-13 12:17:24,896 INFO in_r2: 0.9294644710509864 , std 0.05193008865727156 
2023-05-13 12:17:24,897 INFO os_r2: 0.9009713624740661 , std 0.13260947965055933 
2023-05-13 12:17:24,897 INFO intercept: -1.1829734861247189e-07 , std 6.676984509029344e-06 
2023-05-13 12:17:24,897 INFO ofi_add_1: 7.867969164740712e-05 , std 8.818091938308224e-05 
2023-05-13 12:17:24,897 INFO ofi_add_2: 0.00016850695460418386 , std 8.419901779724168e-05 
2023-05-13 12:17:24,897 INFO ofi_add_3: 0.00016024070905140542 , std 8.679258836415558e-05 
2023-05-13 12:17:24,897 INFO ofi_add_4: 0.0002601126838841395 , std 0.00011234529398401829 
2023-05-13 12:17:24,897 INFO ofi_cancel_1: 6.871343945579367e-05 , std 9.358845686219446e-05 
2023-05-13 12:17:24,897 INFO ofi_cancel_2: 0.00015425296679991976 , std 8.322444395349677e-05 
2023-05-13 12:17:24,897 INFO ofi_cancel_3: 0.00015409123245521797 , std 9.432273537612219e-05 
2023-05-13 12:17:24,897 INFO ofi_cancel_4: 0.00025931192565776157 , std 0.0001242263934962909 
2023-05-13 12:17:24,897 INFO ofi_trade_1: 9.128856474304666e-05 , std 0.00017087942628530111 
2023-05-13 12:17:24,897 INFO ofi_trade_2: 0.00018767844819374832 , std 0.00013540444479934153 
2023-05-13 12:17:24,897 INFO ofi_trade_3: 0.00015636597458674607 , std 0.00012471718284788486 
2023-05-13 12:17:24,897 INFO ofi_trade_4: 0.000251530501726428 , std 0.00013535436030823777 
2023-05-13 12:17:24,897 INFO t_intercept: 0.020525728203427344 , std 1.1164761228395432 
2023-05-13 12:17:24,897 INFO t_ofi_add_1: 1.8438155770837803 , std 1.9826954866445858 
2023-05-13 12:17:24,897 INFO t_ofi_add_2: 3.885305495216353 , std 1.9398076618642377 
2023-05-13 12:17:24,897 INFO t_ofi_add_3: 3.679286886584767 , std 2.1257093563388745 
2023-05-13 12:17:24,897 INFO t_ofi_add_4: 6.384511377173553 , std 2.753244010937784 
2023-05-13 12:17:24,897 INFO t_ofi_cancel_1: 1.33576309524794 , std 1.8533045862115871 
2023-05-13 12:17:24,897 INFO t_ofi_cancel_2: 3.3231998068806123 , std 1.6629906084882664 
2023-05-13 12:17:24,897 INFO t_ofi_cancel_3: 3.1397701311124773 , std 1.9448146325154965 
2023-05-13 12:17:24,897 INFO t_ofi_cancel_4: 5.574476206863401 , std 2.6316378491298806 
2023-05-13 12:17:24,897 INFO t_ofi_trade_1: 0.9616908730492132 , std 1.6943206299563462 
2023-05-13 12:17:24,897 INFO t_ofi_trade_2: 2.6673061877278443 , std 1.880487000234575 
2023-05-13 12:17:24,897 INFO t_ofi_trade_3: 2.3446473848695635 , std 1.8400828878079762 
2023-05-13 12:17:24,897 INFO t_ofi_trade_4: 4.002669735544443 , std 2.3205642810469578 
2023-05-13 12:17:24,898 INFO Grouping by ofi type:
2023-05-13 12:17:24,898 INFO add: 15.792919336058453
2023-05-13 12:17:24,898 INFO cancel: 13.37320924010443
2023-05-13 12:17:24,898 INFO trade: 9.976314181191064
2023-05-13 12:17:24,898 INFO Grouping by level:
2023-05-13 12:17:24,898 INFO 1: 4.141269545380934
2023-05-13 12:17:24,898 INFO 2: 9.875811489824809
2023-05-13 12:17:24,898 INFO 3: 9.163704402566808
2023-05-13 12:17:24,898 INFO 4: 15.961657319581398
2023-05-13 12:17:24,898 INFO Non empty regressions: 1.0 --- 6077 / 6077
