2023-05-13 12:15:54,757 INFO Starting...
2023-05-13 12:15:54,757 INFO Tickers: ['XOM']
2023-05-13 12:15:56,056 INFO in_r2: 0.9456256394730798 , std 0.0241934422438808 
2023-05-13 12:15:56,057 INFO os_r2: 0.9147817238671064 , std 0.13535857198952306 
2023-05-13 12:15:56,057 INFO intercept: 1.833381532878389e-08 , std 4.6680188024543055e-06 
2023-05-13 12:15:56,057 INFO ofi_add_1: 3.4327697369753475e-05 , std 6.538517006322889e-05 
2023-05-13 12:15:56,057 INFO ofi_add_2: 0.0001503349678099292 , std 8.735687664200506e-05 
2023-05-13 12:15:56,057 INFO ofi_add_3: 0.0001454784065028674 , std 7.098703284794741e-05 
2023-05-13 12:15:56,057 INFO ofi_add_4: 0.00017166678524260678 , std 7.987721749104794e-05 
2023-05-13 12:15:56,057 INFO ofi_cancel_1: 3.151538047427053e-05 , std 6.695907199063571e-05 
2023-05-13 12:15:56,057 INFO ofi_cancel_2: 0.00014114133148817798 , std 8.599219731993653e-05 
2023-05-13 12:15:56,057 INFO ofi_cancel_3: 0.000143585379239031 , std 7.505041974943911e-05 
2023-05-13 12:15:56,057 INFO ofi_cancel_4: 0.00017360819336880123 , std 8.360534846053054e-05 
2023-05-13 12:15:56,057 INFO ofi_trade_1: 3.668286564694646e-05 , std 0.00015047302342858105 
2023-05-13 12:15:56,057 INFO ofi_trade_2: 0.00017026665773878978 , std 0.0001197294229828854 
2023-05-13 12:15:56,057 INFO ofi_trade_3: 0.0001314453319170105 , std 0.00010002055426909242 
2023-05-13 12:15:56,057 INFO ofi_trade_4: 0.00015219308847157166 , std 0.00010028041266683267 
2023-05-13 12:15:56,057 INFO t_intercept: 0.022595712311482583 , std 1.1689131202095302 
2023-05-13 12:15:56,057 INFO t_ofi_add_1: 1.0386118406659066 , std 1.9023887791639107 
2023-05-13 12:15:56,057 INFO t_ofi_add_2: 3.6362421606001605 , std 1.9324463999619177 
2023-05-13 12:15:56,057 INFO t_ofi_add_3: 3.797311593576849 , std 1.756995757130522 
2023-05-13 12:15:56,057 INFO t_ofi_add_4: 5.332636070721995 , std 2.121101171173978 
2023-05-13 12:15:56,057 INFO t_ofi_cancel_1: 0.8210343142622436 , std 1.7289015855715002 
2023-05-13 12:15:56,057 INFO t_ofi_cancel_2: 3.36210300155531 , std 1.9073528605513204 
2023-05-13 12:15:56,057 INFO t_ofi_cancel_3: 3.52018863873241 , std 1.7324290272344973 
2023-05-13 12:15:56,057 INFO t_ofi_cancel_4: 4.973599286278148 , std 1.994649044988839 
2023-05-13 12:15:56,057 INFO t_ofi_trade_1: 0.43006581686533496 , std 1.6522773633168228 
2023-05-13 12:15:56,057 INFO t_ofi_trade_2: 2.6264365542080346 , std 1.6811642114862686 
2023-05-13 12:15:56,057 INFO t_ofi_trade_3: 2.339212843980771 , std 1.659160513915992 
2023-05-13 12:15:56,057 INFO t_ofi_trade_4: 3.2905054113304493 , std 2.0491561400077476 
2023-05-13 12:15:56,058 INFO Grouping by ofi type:
2023-05-13 12:15:56,058 INFO add: 13.804801665564913
2023-05-13 12:15:56,058 INFO cancel: 12.676925240828112
2023-05-13 12:15:56,058 INFO trade: 8.68622062638459
2023-05-13 12:15:56,058 INFO Grouping by level:
2023-05-13 12:15:56,058 INFO 1: 2.2897119717934853
2023-05-13 12:15:56,058 INFO 2: 9.624781716363504
2023-05-13 12:15:56,058 INFO 3: 9.65671307629003
2023-05-13 12:15:56,058 INFO 4: 13.596740768330594
2023-05-13 12:15:56,058 INFO Non empty regressions: 1.0 --- 7344 / 7344
