2023-05-09 06:20:42,206 INFO Starting...
2023-05-09 06:20:42,206 INFO Tickers: ['MCD']
2023-05-09 06:22:01,823 INFO in_r2: 0.10146427121777515 , std 0.16421598060746204 
2023-05-09 06:22:01,823 INFO os_r2: -0.0921196422965067 , std 0.03807823153028744 
2023-05-09 06:22:01,823 INFO intercept: -4.788181679900951e-07 , std 0.0001857671699056144 
2023-05-09 06:22:01,823 INFO ofi_1_1: -2.5434074088757547e-08 , std 5.945166249543003e-06 
2023-05-09 06:22:01,823 INFO ofi_2_1: -5.430571642736171e-08 , std 5.899558669663337e-06 
2023-05-09 06:22:01,823 INFO ofi_3_1: -1.1663040026857273e-07 , std 5.277595963176574e-06 
2023-05-09 06:22:01,823 INFO ofi_4_1: -1.349491677980967e-07 , std 5.4079816240284976e-06 
2023-05-09 06:22:01,823 INFO ofi_5_1: -1.3967897791634717e-07 , std 4.857356183794551e-06 
2023-05-09 06:22:01,823 INFO ofi_6_1: -1.4612524104098207e-07 , std 5.741620577728897e-06 
2023-05-09 06:22:01,823 INFO ofi_7_1: -1.1382570387336054e-07 , std 5.436548760500439e-06 
2023-05-09 06:22:01,823 INFO ofi_8_1: -5.151942689555037e-08 , std 5.637395093604082e-06 
2023-05-09 06:22:01,823 INFO ofi_9_1: -6.867465743991938e-08 , std 5.142846410476707e-06 
2023-05-09 06:22:01,823 INFO ofi_10_1: -5.5017447468160565e-08 , std 4.498603245894818e-06 
2023-05-09 06:22:01,823 INFO ofi_1_2: -8.105995860129392e-08 , std 6.6519237519917935e-06 
2023-05-09 06:22:01,823 INFO ofi_2_2: -1.1788717624892048e-07 , std 6.052190369954289e-06 
2023-05-09 06:22:01,823 INFO ofi_3_2: -1.590294218657837e-07 , std 5.4655301604061935e-06 
2023-05-09 06:22:01,823 INFO ofi_4_2: -1.9641825641049176e-07 , std 6.101370991881558e-06 
2023-05-09 06:22:01,823 INFO ofi_5_2: -2.1457226011218564e-07 , std 5.964843671480136e-06 
2023-05-09 06:22:01,823 INFO ofi_6_2: -2.1147565289393635e-07 , std 5.615670051274759e-06 
2023-05-09 06:22:01,823 INFO ofi_7_2: -1.1904580892628692e-07 , std 4.694000061677401e-06 
2023-05-09 06:22:01,823 INFO ofi_8_2: -1.3056567695552365e-07 , std 5.362935532770664e-06 
2023-05-09 06:22:01,823 INFO ofi_9_2: -7.164164365794873e-08 , std 4.862785811775903e-06 
2023-05-09 06:22:01,823 INFO ofi_10_2: -1.0391615148593986e-07 , std 5.435751181640908e-06 
2023-05-09 06:22:01,823 INFO ofi_1_3: -1.5510461933562344e-07 , std 7.27905416110831e-06 
2023-05-09 06:22:01,823 INFO ofi_2_3: -1.2930085940232153e-07 , std 6.424266900791744e-06 
2023-05-09 06:22:01,823 INFO ofi_3_3: -1.9296112424456888e-07 , std 6.166356188924733e-06 
2023-05-09 06:22:01,823 INFO ofi_4_3: -2.3787512810094766e-07 , std 6.503335737906661e-06 
2023-05-09 06:22:01,823 INFO ofi_5_3: -3.3985135183090183e-07 , std 5.937680372935791e-06 
2023-05-09 06:22:01,823 INFO ofi_6_3: -3.136813053395723e-07 , std 6.169677176272379e-06 
2023-05-09 06:22:01,823 INFO ofi_7_3: -2.2199652770488528e-07 , std 5.794416165926457e-06 
2023-05-09 06:22:01,823 INFO ofi_8_3: -1.6679163293369894e-07 , std 5.9562196355598905e-06 
2023-05-09 06:22:01,823 INFO ofi_9_3: -7.746958767223302e-08 , std 5.383574008246433e-06 
2023-05-09 06:22:01,823 INFO ofi_10_3: -7.17216117972688e-08 , std 5.230922688470084e-06 
2023-05-09 06:22:01,823 INFO ofi_1_5: -1.4169702008091366e-07 , std 7.209832046744534e-06 
2023-05-09 06:22:01,824 INFO ofi_2_5: -1.948940702068687e-07 , std 6.45191486344351e-06 
2023-05-09 06:22:01,824 INFO ofi_3_5: -2.9513027954924044e-07 , std 6.3388226201136105e-06 
2023-05-09 06:22:01,824 INFO ofi_4_5: -3.599321223206034e-07 , std 6.234861954516146e-06 
2023-05-09 06:22:01,824 INFO ofi_5_5: -5.221985800067385e-07 , std 6.522989298176783e-06 
2023-05-09 06:22:01,824 INFO ofi_6_5: -4.4793484984531016e-07 , std 6.137584220534262e-06 
2023-05-09 06:22:01,824 INFO ofi_7_5: -3.1116598687036886e-07 , std 5.951792576349613e-06 
2023-05-09 06:22:01,824 INFO ofi_8_5: -2.048915578666801e-07 , std 5.376620757092743e-06 
2023-05-09 06:22:01,824 INFO ofi_9_5: -1.4563644363622843e-07 , std 5.6566637893780565e-06 
2023-05-09 06:22:01,824 INFO ofi_10_5: -1.2142208886422921e-07 , std 5.890897940572598e-06 
2023-05-09 06:22:01,824 INFO ofi_1_10: -1.805826230659524e-07 , std 7.826816341848154e-06 
2023-05-09 06:22:01,824 INFO ofi_2_10: -3.0264199651784895e-07 , std 7.731279701602702e-06 
2023-05-09 06:22:01,824 INFO ofi_3_10: -3.515174647646564e-07 , std 7.120903214634132e-06 
2023-05-09 06:22:01,824 INFO ofi_4_10: -5.795916568552582e-07 , std 6.699359188352343e-06 
2023-05-09 06:22:01,824 INFO ofi_5_10: -7.145979180951117e-07 , std 7.0274259151075596e-06 
2023-05-09 06:22:01,824 INFO ofi_6_10: -6.916989195788908e-07 , std 7.007252791370007e-06 
2023-05-09 06:22:01,824 INFO ofi_7_10: -4.0245021154504895e-07 , std 6.083940825662665e-06 
2023-05-09 06:22:01,824 INFO ofi_8_10: -2.6416908338960156e-07 , std 6.265231211776991e-06 
2023-05-09 06:22:01,824 INFO ofi_9_10: -1.7600607754532061e-07 , std 5.888335328257111e-06 
2023-05-09 06:22:01,824 INFO ofi_10_10: -1.8251162358153804e-07 , std 6.4987119243202485e-06 
2023-05-09 06:22:01,824 INFO ofi_1_20: -2.2277596945102644e-07 , std 8.256733339236086e-06 
2023-05-09 06:22:01,824 INFO ofi_2_20: -3.536080779284955e-07 , std 7.637468355771724e-06 
2023-05-09 06:22:01,824 INFO ofi_3_20: -5.469492933817241e-07 , std 7.419651517301884e-06 
2023-05-09 06:22:01,824 INFO ofi_4_20: -7.012035541417263e-07 , std 7.320941884569725e-06 
2023-05-09 06:22:01,824 INFO ofi_5_20: -8.899675076920112e-07 , std 7.2040950821035506e-06 
2023-05-09 06:22:01,824 INFO ofi_6_20: -8.026092154233306e-07 , std 7.117286578298641e-06 
2023-05-09 06:22:01,824 INFO ofi_7_20: -4.794584677510947e-07 , std 6.315442775296188e-06 
2023-05-09 06:22:01,824 INFO ofi_8_20: -3.8674141202642035e-07 , std 6.8362563855322905e-06 
2023-05-09 06:22:01,824 INFO ofi_9_20: -2.1229893687570093e-07 , std 6.274614850722638e-06 
2023-05-09 06:22:01,824 INFO ofi_10_20: -1.5404993879846272e-07 , std 5.804572280342595e-06 
2023-05-09 06:22:01,824 INFO ofi_1_30: -3.1930480247920255e-07 , std 8.611989035291517e-06 
2023-05-09 06:22:01,824 INFO ofi_2_30: -4.6822901406198357e-07 , std 8.15603986544273e-06 
2023-05-09 06:22:01,824 INFO ofi_3_30: -6.329721296459742e-07 , std 8.05478198074489e-06 
2023-05-09 06:22:01,824 INFO ofi_4_30: -9.904101441528408e-07 , std 8.033455696526885e-06 
2023-05-09 06:22:01,824 INFO ofi_5_30: -1.1751998739707597e-06 , std 8.554384898537555e-06 
2023-05-09 06:22:01,824 INFO ofi_6_30: -9.580028410841974e-07 , std 8.070475532725285e-06 
2023-05-09 06:22:01,824 INFO ofi_7_30: -6.590513520081485e-07 , std 7.317746470683456e-06 
2023-05-09 06:22:01,824 INFO ofi_8_30: -4.2453392227982103e-07 , std 6.47769705826364e-06 
2023-05-09 06:22:01,824 INFO ofi_9_30: -2.670219670129587e-07 , std 7.6102877769310674e-06 
2023-05-09 06:22:01,824 INFO ofi_10_30: -2.340032352382338e-07 , std 7.194679002943689e-06 
2023-05-09 06:22:01,824 INFO used_intercept: 0.9848052417896048 , std 0.12232692889680002 
2023-05-09 06:22:01,824 INFO used_ofi_1_1: 0.003904208706837641 , std 0.06236157359473136 
2023-05-09 06:22:01,824 INFO used_ofi_2_1: 0.004029826747598183 , std 0.06335287873477041 
2023-05-09 06:22:01,824 INFO used_ofi_3_1: 0.006250753708244563 , std 0.0788142232488745 
2023-05-09 06:22:01,824 INFO used_ofi_4_1: 0.008225469309000281 , std 0.09032060099250322 
2023-05-09 06:22:01,824 INFO used_ofi_5_1: 0.010134863528560517 , std 0.10016061136903054 
2023-05-09 06:22:01,824 INFO used_ofi_6_1: 0.010029344374321663 , std 0.09964314640627783 
2023-05-09 06:22:01,824 INFO used_ofi_7_1: 0.0071401294368292 , std 0.08419707826554629 
2023-05-09 06:22:01,824 INFO used_ofi_8_1: 0.0053463038147686616 , std 0.07292270462818048 
2023-05-09 06:22:01,824 INFO used_ofi_9_1: 0.004095148128793665 , std 0.06386217887448646 
2023-05-09 06:22:01,824 INFO used_ofi_10_1: 0.0033012421111870403 , std 0.057361519433417774 
2023-05-09 06:22:01,824 INFO used_ofi_1_2: 0.006084937894440648 , std 0.07776831890468927 
2023-05-09 06:22:01,824 INFO used_ofi_2_2: 0.005150339671182217 , std 0.07158081916584683 
2023-05-09 06:22:01,824 INFO used_ofi_3_2: 0.008687743698999075 , std 0.09280229958583773 
2023-05-09 06:22:01,825 INFO used_ofi_4_2: 0.012797965992684006 , std 0.11240185967827271 
2023-05-09 06:22:01,825 INFO used_ofi_5_2: 0.014903324355830687 , std 0.12116606488194451 
2023-05-09 06:22:01,825 INFO used_ofi_6_2: 0.013978775575833099 , std 0.11740259541097717 
2023-05-09 06:22:01,825 INFO used_ofi_7_2: 0.0091801664187804 , std 0.09537238050559449 
2023-05-09 06:22:01,825 INFO used_ofi_8_2: 0.007516983559110825 , std 0.08637406160001328 
2023-05-09 06:22:01,825 INFO used_ofi_9_2: 0.005210636330747276 , std 0.07199642768760109 
2023-05-09 06:22:01,825 INFO used_ofi_10_2: 0.004487076415966555 , std 0.06683518954266407 
2023-05-09 06:22:01,825 INFO used_ofi_1_3: 0.008647545925955702 , std 0.0925892319625462 
2023-05-09 06:22:01,825 INFO used_ofi_2_3: 0.00735116774530691 , std 0.08542322914809103 
2023-05-09 06:22:01,825 INFO used_ofi_3_3: 0.0108031515054066 , std 0.1033752553707019 
2023-05-09 06:22:01,825 INFO used_ofi_4_3: 0.017169473811150863 , std 0.12990259035215218 
2023-05-09 06:22:01,825 INFO used_ofi_5_3: 0.021083731961249345 , std 0.14366352427751294 
2023-05-09 06:22:01,825 INFO used_ofi_6_3: 0.018757285846364113 , std 0.13566668741456725 
2023-05-09 06:22:01,825 INFO used_ofi_7_3: 0.013506451742573462 , std 0.11542975138108456 
2023-05-09 06:22:01,825 INFO used_ofi_8_3: 0.010285605177473168 , std 0.10089505192826013 
2023-05-09 06:22:01,825 INFO used_ofi_9_3: 0.006748201149656309 , std 0.081869792542183 
2023-05-09 06:22:01,825 INFO used_ofi_10_3: 0.005260883547051494 , std 0.07234090579579341 
2023-05-09 06:22:01,825 INFO used_ofi_1_5: 0.01217992523214214 , std 0.10968853474033449 
2023-05-09 06:22:01,825 INFO used_ofi_2_5: 0.01146641476062226 , std 0.10646565687187419 
2023-05-09 06:22:01,825 INFO used_ofi_3_5: 0.01698355911082526 , std 0.12920958877248376 
2023-05-09 06:22:01,825 INFO used_ofi_4_5: 0.025616030871889697 , std 0.15798686601822345 
2023-05-09 06:22:01,825 INFO used_ofi_5_5: 0.031952204847851426 , std 0.17587285593067617 
2023-05-09 06:22:01,825 INFO used_ofi_6_5: 0.02773143867829722 , std 0.16420233246555624 
2023-05-09 06:22:01,825 INFO used_ofi_7_5: 0.018380431724082484 , std 0.13432271384140074 
2023-05-09 06:22:01,825 INFO used_ofi_8_5: 0.013009004301161716 , std 0.11331270938537333 
2023-05-09 06:22:01,825 INFO used_ofi_9_5: 0.009396229448888531 , std 0.09647766747300836 
2023-05-09 06:22:01,825 INFO used_ofi_10_5: 0.006878843912047273 , std 0.08265304240305352 
2023-05-09 06:22:01,825 INFO used_ofi_1_10: 0.01842062949712586 , std 0.1344667613429262 
2023-05-09 06:22:01,825 INFO used_ofi_2_10: 0.016812718575390923 , std 0.12856924620412005 
2023-05-09 06:22:01,825 INFO used_ofi_3_10: 0.023782007476785785 , std 0.15236936567814374 
2023-05-09 06:22:01,825 INFO used_ofi_4_10: 0.039645053664027013 , std 0.19512386677186216 
2023-05-09 06:22:01,825 INFO used_ofi_5_10: 0.04955380471921855 , std 0.2170212550813125 
2023-05-09 06:22:01,825 INFO used_ofi_6_10: 0.04423764923423242 , std 0.20562266320729686 
2023-05-09 06:22:01,825 INFO used_ofi_7_10: 0.027118422639385777 , std 0.16242848824309555 
2023-05-09 06:22:01,825 INFO used_ofi_8_10: 0.019646661574948748 , std 0.13878281688994562 
2023-05-09 06:22:01,825 INFO used_ofi_9_10: 0.01196888692366443 , std 0.10874572483308467 
2023-05-09 06:22:01,825 INFO used_ofi_10_10: 0.009979097158017446 , std 0.09939574828899017 
2023-05-09 06:22:01,825 INFO used_ofi_1_20: 0.0244804437834144 , std 0.154535276411509 
2023-05-09 06:22:01,825 INFO used_ofi_2_20: 0.02172689632994332 , std 0.14579039167863983 
2023-05-09 06:22:01,825 INFO used_ofi_3_20: 0.03313301443100052 , std 0.17898384783470167 
2023-05-09 06:22:01,825 INFO used_ofi_4_20: 0.049965831892913135 , std 0.2178743847637034 
2023-05-09 06:22:01,825 INFO used_ofi_5_20: 0.06317582505929172 , std 0.24327893494375846 
2023-05-09 06:22:01,825 INFO used_ofi_6_20: 0.05398058447562005 , std 0.2259793817481819 
2023-05-09 06:22:01,825 INFO used_ofi_7_20: 0.03336415162599992 , std 0.17958559244070002 
2023-05-09 06:22:01,825 INFO used_ofi_8_20: 0.02451059211319693 , std 0.1546280148855873 
2023-05-09 06:22:01,825 INFO used_ofi_9_20: 0.016154480041805683 , std 0.12606947614860856 
2023-05-09 06:22:01,825 INFO used_ofi_10_20: 0.012094504964424971 , std 0.10930794991257713 
2023-05-09 06:22:01,825 INFO used_ofi_1_30: 0.028098243357318003 , std 0.16525353877466875 
2023-05-09 06:22:01,825 INFO used_ofi_2_30: 0.0251537564818909 , std 0.15659196983479276 
2023-05-09 06:22:01,825 INFO used_ofi_3_30: 0.03868533183261647 , std 0.19284391858084826 
2023-05-09 06:22:01,825 INFO used_ofi_4_30: 0.06205028741407726 , std 0.24124686370170215 
2023-05-09 06:22:01,825 INFO used_ofi_5_30: 0.07741086143827632 , std 0.2672422495969908 
2023-05-09 06:22:01,825 INFO used_ofi_6_30: 0.06665293242754351 , std 0.24941996517190204 
2023-05-09 06:22:01,825 INFO used_ofi_7_30: 0.03928327370663665 , std 0.19426810884323276 
2023-05-09 06:22:01,826 INFO used_ofi_8_30: 0.027821883667644813 , std 0.16446223413546598 
2023-05-09 06:22:01,826 INFO used_ofi_9_30: 0.018320135064517427 , std 0.13410632988690452 
2023-05-09 06:22:01,826 INFO used_ofi_10_30: 0.014968645737026168 , std 0.12142728433851092 
2023-05-09 06:22:02,462 INFO Grouping by horizont:
2023-05-09 06:22:02,462 INFO 1: 0.06245728986614141
2023-05-09 06:22:02,462 INFO 2: 0.0879979499135748
2023-05-09 06:22:02,462 INFO 3: 0.11961349841218798
2023-05-09 06:22:02,462 INFO 5: 0.17359408288780803
2023-05-09 06:22:02,462 INFO 10: 0.2611649314627969
2023-05-09 06:22:02,462 INFO 20: 0.3325863247176107
2023-05-09 06:22:02,462 INFO 30: 0.3984453511275475
2023-05-09 06:22:02,462 INFO Grouping by level:
2023-05-09 06:22:02,462 INFO 1: 0.10181593439723438
2023-05-09 06:22:02,462 INFO 2: 0.09169112031193472
2023-05-09 06:22:02,462 INFO 3: 0.13832556176387828
2023-05-09 06:22:02,462 INFO 4: 0.21547011295574225
2023-05-09 06:22:02,462 INFO 5: 0.26821461591027856
2023-05-09 06:22:02,462 INFO 6: 0.23536801061221208
2023-05-09 06:22:02,462 INFO 7: 0.14797302729428788
2023-05-09 06:22:02,462 INFO 8: 0.10813703420830487
2023-05-09 06:22:02,462 INFO 9: 0.07189371708807332
2023-05-09 06:22:02,462 INFO 10: 0.05697029384572094
2023-05-09 06:22:02,462 INFO Grouping by level and horizont:
2023-05-09 06:22:02,462 INFO 1_1: 0.003904208706837641
2023-05-09 06:22:02,463 INFO 2_1: 0.004029826747598183
2023-05-09 06:22:02,463 INFO 3_1: 0.006250753708244563
2023-05-09 06:22:02,463 INFO 4_1: 0.008225469309000281
2023-05-09 06:22:02,463 INFO 5_1: 0.010134863528560517
2023-05-09 06:22:02,463 INFO 6_1: 0.010029344374321663
2023-05-09 06:22:02,463 INFO 7_1: 0.0071401294368292
2023-05-09 06:22:02,463 INFO 8_1: 0.0053463038147686616
2023-05-09 06:22:02,463 INFO 9_1: 0.004095148128793665
2023-05-09 06:22:02,463 INFO 10_1: 0.0033012421111870403
2023-05-09 06:22:02,463 INFO 1_2: 0.006084937894440648
2023-05-09 06:22:02,463 INFO 2_2: 0.005150339671182217
2023-05-09 06:22:02,463 INFO 3_2: 0.008687743698999075
2023-05-09 06:22:02,463 INFO 4_2: 0.012797965992684006
2023-05-09 06:22:02,463 INFO 5_2: 0.014903324355830687
2023-05-09 06:22:02,463 INFO 6_2: 0.013978775575833099
2023-05-09 06:22:02,463 INFO 7_2: 0.0091801664187804
2023-05-09 06:22:02,463 INFO 8_2: 0.007516983559110825
2023-05-09 06:22:02,463 INFO 9_2: 0.005210636330747276
2023-05-09 06:22:02,463 INFO 10_2: 0.004487076415966555
2023-05-09 06:22:02,463 INFO 1_3: 0.008647545925955702
2023-05-09 06:22:02,463 INFO 2_3: 0.00735116774530691
2023-05-09 06:22:02,463 INFO 3_3: 0.0108031515054066
2023-05-09 06:22:02,463 INFO 4_3: 0.017169473811150863
2023-05-09 06:22:02,463 INFO 5_3: 0.021083731961249345
2023-05-09 06:22:02,463 INFO 6_3: 0.018757285846364113
2023-05-09 06:22:02,463 INFO 7_3: 0.013506451742573462
2023-05-09 06:22:02,463 INFO 8_3: 0.010285605177473168
2023-05-09 06:22:02,463 INFO 9_3: 0.006748201149656309
2023-05-09 06:22:02,463 INFO 10_3: 0.005260883547051494
2023-05-09 06:22:02,463 INFO 1_5: 0.01217992523214214
2023-05-09 06:22:02,463 INFO 2_5: 0.01146641476062226
2023-05-09 06:22:02,463 INFO 3_5: 0.01698355911082526
2023-05-09 06:22:02,463 INFO 4_5: 0.025616030871889697
2023-05-09 06:22:02,463 INFO 5_5: 0.031952204847851426
2023-05-09 06:22:02,463 INFO 6_5: 0.02773143867829722
2023-05-09 06:22:02,463 INFO 7_5: 0.018380431724082484
2023-05-09 06:22:02,463 INFO 8_5: 0.013009004301161716
2023-05-09 06:22:02,463 INFO 9_5: 0.009396229448888531
2023-05-09 06:22:02,463 INFO 10_5: 0.006878843912047273
2023-05-09 06:22:02,463 INFO 1_10: 0.01842062949712586
2023-05-09 06:22:02,463 INFO 2_10: 0.016812718575390923
2023-05-09 06:22:02,463 INFO 3_10: 0.023782007476785785
2023-05-09 06:22:02,463 INFO 4_10: 0.039645053664027013
2023-05-09 06:22:02,463 INFO 5_10: 0.04955380471921855
2023-05-09 06:22:02,463 INFO 6_10: 0.04423764923423242
2023-05-09 06:22:02,463 INFO 7_10: 0.027118422639385777
2023-05-09 06:22:02,463 INFO 8_10: 0.019646661574948748
2023-05-09 06:22:02,463 INFO 9_10: 0.01196888692366443
2023-05-09 06:22:02,463 INFO 10_10: 0.009979097158017446
2023-05-09 06:22:02,463 INFO 1_20: 0.0244804437834144
2023-05-09 06:22:02,463 INFO 2_20: 0.02172689632994332
2023-05-09 06:22:02,463 INFO 3_20: 0.03313301443100052
2023-05-09 06:22:02,464 INFO 4_20: 0.049965831892913135
2023-05-09 06:22:02,464 INFO 5_20: 0.06317582505929172
2023-05-09 06:22:02,464 INFO 6_20: 0.05398058447562005
2023-05-09 06:22:02,464 INFO 7_20: 0.03336415162599992
2023-05-09 06:22:02,464 INFO 8_20: 0.02451059211319693
2023-05-09 06:22:02,464 INFO 9_20: 0.016154480041805683
2023-05-09 06:22:02,464 INFO 10_20: 0.012094504964424971
2023-05-09 06:22:02,464 INFO 1_30: 0.028098243357318003
2023-05-09 06:22:02,464 INFO 2_30: 0.0251537564818909
2023-05-09 06:22:02,464 INFO 3_30: 0.03868533183261647
2023-05-09 06:22:02,464 INFO 4_30: 0.06205028741407726
2023-05-09 06:22:02,464 INFO 5_30: 0.07741086143827632
2023-05-09 06:22:02,464 INFO 6_30: 0.06665293242754351
2023-05-09 06:22:02,464 INFO 7_30: 0.03928327370663665
2023-05-09 06:22:02,464 INFO 8_30: 0.027821883667644813
2023-05-09 06:22:02,464 INFO 9_30: 0.018320135064517427
2023-05-09 06:22:02,464 INFO 10_30: 0.014968645737026168
2023-05-09 06:22:02,472 INFO Non empty regressions: 0.48139848052417894 --- 95806 / 199016
