2023-05-13 15:49:35,022 INFO Starting...
2023-05-13 15:49:35,022 INFO Tickers: ['AAPL']
2023-05-13 15:49:39,799 INFO in_r2: 0.9426163777098733 , std 0.03650340712144642 
2023-05-13 15:49:39,799 INFO os_r2: 0.9127937331544398 , std 0.11188598059230205 
2023-05-13 15:49:39,799 INFO intercept: 6.028562090351486e-07 , std 5.243906649634073e-06 
2023-05-13 15:49:39,799 INFO ofi_add_1: 1.8227311581016634e-05 , std 1.883088896560069e-05 
2023-05-13 15:49:39,800 INFO ofi_add_2: 2.1731686427221347e-05 , std 2.0349540301336743e-05 
2023-05-13 15:49:39,800 INFO ofi_add_3: 2.5164607062989753e-05 , std 2.2439571460309513e-05 
2023-05-13 15:49:39,800 INFO ofi_add_4: 3.281715285215596e-05 , std 2.5671561006823294e-05 
2023-05-13 15:49:39,800 INFO ofi_add_5: 3.301196259326178e-05 , std 2.5122743855231054e-05 
2023-05-13 15:49:39,800 INFO ofi_add_6: 3.659285151567054e-05 , std 2.7239287058421668e-05 
2023-05-13 15:49:39,800 INFO ofi_add_7: 3.2268420483057325e-05 , std 2.5074396330056987e-05 
2023-05-13 15:49:39,800 INFO ofi_add_8: 6.0709367567472835e-05 , std 2.9860455004044908e-05 
2023-05-13 15:49:39,800 INFO ofi_cancel_1: 1.2301143212021562e-05 , std 1.721301746877654e-05 
2023-05-13 15:49:39,800 INFO ofi_cancel_2: 2.0609549642359996e-05 , std 2.1469791954818152e-05 
2023-05-13 15:49:39,800 INFO ofi_cancel_3: 2.5556066058633265e-05 , std 2.3785426105496255e-05 
2023-05-13 15:49:39,800 INFO ofi_cancel_4: 3.281102688149487e-05 , std 2.737705229442241e-05 
2023-05-13 15:49:39,800 INFO ofi_cancel_5: 3.301061920913754e-05 , std 2.6729730525932008e-05 
2023-05-13 15:49:39,800 INFO ofi_cancel_6: 3.559902087790774e-05 , std 2.8843117935456616e-05 
2023-05-13 15:49:39,800 INFO ofi_cancel_7: 3.123867245325525e-05 , std 2.6473653818517693e-05 
2023-05-13 15:49:39,800 INFO ofi_cancel_8: 6.060174067745425e-05 , std 3.181839217753563e-05 
2023-05-13 15:49:39,800 INFO ofi_trade_1: 5.0701145518140545e-06 , std 1.900293281607709e-05 
2023-05-13 15:49:39,800 INFO ofi_trade_2: 1.988071791986069e-05 , std 2.4803008612856982e-05 
2023-05-13 15:49:39,800 INFO ofi_trade_3: 2.6002708684126766e-05 , std 2.6821906564556273e-05 
2023-05-13 15:49:39,800 INFO ofi_trade_4: 3.252992491967203e-05 , std 2.9217463045813767e-05 
2023-05-13 15:49:39,800 INFO ofi_trade_5: 3.412999539500314e-05 , std 2.8915430524123106e-05 
2023-05-13 15:49:39,800 INFO ofi_trade_6: 3.60958519227112e-05 , std 2.986303497978603e-05 
2023-05-13 15:49:39,800 INFO ofi_trade_7: 3.313111546259133e-05 , std 2.875353920048927e-05 
2023-05-13 15:49:39,800 INFO ofi_trade_8: 6.136432514302506e-05 , std 3.296415862478237e-05 
2023-05-13 15:49:39,800 INFO used_intercept: 1.0 , std 0.0 
2023-05-13 15:49:39,800 INFO used_ofi_add_1: 0.8527490473598258 , std 0.3543559080736984 
2023-05-13 15:49:39,800 INFO used_ofi_add_2: 0.8456722917800762 , std 0.36126260074288047 
2023-05-13 15:49:39,800 INFO used_ofi_add_3: 0.8545182362547632 , std 0.35258590465702383 
2023-05-13 15:49:39,800 INFO used_ofi_add_4: 0.9122210125204138 , std 0.2829732086905841 
2023-05-13 15:49:39,800 INFO used_ofi_add_5: 0.9207947740881872 , std 0.2700588048926964 
2023-05-13 15:49:39,800 INFO used_ofi_add_6: 0.9410724006532389 , std 0.23548914493451417 
2023-05-13 15:49:39,800 INFO used_ofi_add_7: 0.9261023407729995 , std 0.26160427211299636 
2023-05-13 15:49:39,800 INFO used_ofi_add_8: 0.9817637452367991 , std 0.1338046851773603 
2023-05-13 15:49:39,800 INFO used_ofi_cancel_1: 0.5828796951551443 , std 0.4930831128024873 
2023-05-13 15:49:39,800 INFO used_ofi_cancel_2: 0.7389765922700055 , std 0.4391926551605976 
2023-05-13 15:49:39,800 INFO used_ofi_cancel_3: 0.8180457267283615 , std 0.38580683730311005 
2023-05-13 15:49:39,800 INFO used_ofi_cancel_4: 0.878198149156233 , std 0.3270568145977083 
2023-05-13 15:49:39,800 INFO used_ofi_cancel_5: 0.8889493739793141 , std 0.31419481930977106 
2023-05-13 15:49:39,800 INFO used_ofi_cancel_6: 0.8953456722917801 , std 0.30610749647821506 
2023-05-13 15:49:39,800 INFO used_ofi_cancel_7: 0.8704409363091998 , std 0.33581767777525257 
2023-05-13 15:49:39,800 INFO used_ofi_cancel_8: 0.9609417528579205 , std 0.19373358116823142 
2023-05-13 15:49:39,800 INFO used_ofi_trade_1: 0.28456722917800764 , std 0.4512080686955397 
2023-05-13 15:49:39,800 INFO used_ofi_trade_2: 0.628198149156233 , std 0.4832858724946512 
2023-05-13 15:49:39,800 INFO used_ofi_trade_3: 0.7479586281981492 , std 0.4341848899974435 
2023-05-13 15:49:39,800 INFO used_ofi_trade_4: 0.8191344583560153 , std 0.3849067386910922 
2023-05-13 15:49:39,800 INFO used_ofi_trade_5: 0.8426782798040283 , std 0.36410382660795 
2023-05-13 15:49:39,800 INFO used_ofi_trade_6: 0.8609145345672292 , std 0.3460356899773784 
2023-05-13 15:49:39,800 INFO used_ofi_trade_7: 0.8455362003266195 , std 0.36139277007688225 
2023-05-13 15:49:39,800 INFO used_ofi_trade_8: 0.9493739793140991 , std 0.2192328139567881 
2023-05-13 15:49:39,802 INFO Grouping by ofi type:
2023-05-13 15:49:39,802 INFO add: 7.234893848666304
2023-05-13 15:49:39,802 INFO cancel: 6.633777898747958
2023-05-13 15:49:39,802 INFO trade: 5.97836145890038
2023-05-13 15:49:39,802 INFO Grouping by level:
2023-05-13 15:49:39,802 INFO 1: 1.7201959716929778
2023-05-13 15:49:39,802 INFO 2: 2.2128470332063146
2023-05-13 15:49:39,802 INFO 3: 2.4205225911812738
2023-05-13 15:49:39,802 INFO 4: 2.609553620032662
2023-05-13 15:49:39,802 INFO 5: 2.6524224278715294
2023-05-13 15:49:39,802 INFO 6: 2.6973326075122483
2023-05-13 15:49:39,802 INFO 7: 2.6420794774088185
2023-05-13 15:49:39,802 INFO 8: 2.8920794774088185
2023-05-13 15:49:39,802 INFO Non empty regressions: 1.0 --- 7348 / 7348
