2023-05-13 15:51:54,257 INFO Starting...
2023-05-13 15:51:54,257 INFO Tickers: ['ACN']
2023-05-13 15:51:56,656 INFO in_r2: 0.8297362133256128 , std 0.08988633347622381 
2023-05-13 15:51:56,656 INFO os_r2: 0.7572036852729607 , std 0.37061641412039387 
2023-05-13 15:51:56,656 INFO intercept: 1.0206926233198266e-07 , std 1.0288743638384847e-05 
2023-05-13 15:51:56,656 INFO ofi_add_1: 8.817021650167605e-05 , std 7.329784837143158e-05 
2023-05-13 15:51:56,656 INFO ofi_add_2: 0.00010125552641315558 , std 7.034025116886451e-05 
2023-05-13 15:51:56,656 INFO ofi_add_3: 7.03294595863832e-05 , std 6.130313764473844e-05 
2023-05-13 15:51:56,656 INFO ofi_add_4: 4.658424213166709e-05 , std 5.1962898617137246e-05 
2023-05-13 15:51:56,656 INFO ofi_add_5: 3.7646542911161366e-05 , std 4.698737958490414e-05 
2023-05-13 15:51:56,656 INFO ofi_add_6: 3.23894510472604e-05 , std 4.454397221516222e-05 
2023-05-13 15:51:56,657 INFO ofi_add_7: 2.8295693644063577e-05 , std 4.482283050696879e-05 
2023-05-13 15:51:56,657 INFO ofi_add_8: 3.210537820855175e-05 , std 4.218577501878108e-05 
2023-05-13 15:51:56,657 INFO ofi_cancel_1: 9.773174824945281e-05 , std 8.620228900199311e-05 
2023-05-13 15:51:56,657 INFO ofi_cancel_2: 0.00010829594494465339 , std 7.410834439655749e-05 
2023-05-13 15:51:56,657 INFO ofi_cancel_3: 6.508780561553904e-05 , std 6.214786032677369e-05 
2023-05-13 15:51:56,657 INFO ofi_cancel_4: 4.054780542439225e-05 , std 5.058988511010675e-05 
2023-05-13 15:51:56,657 INFO ofi_cancel_5: 3.094813523233199e-05 , std 4.5969070307036045e-05 
2023-05-13 15:51:56,657 INFO ofi_cancel_6: 2.4923636646006823e-05 , std 4.457124372169056e-05 
2023-05-13 15:51:56,657 INFO ofi_cancel_7: 2.2232024650454702e-05 , std 4.616815233247438e-05 
2023-05-13 15:51:56,657 INFO ofi_cancel_8: 2.8522587005067955e-05 , std 4.729933353710484e-05 
2023-05-13 15:51:56,657 INFO ofi_trade_1: 6.960817704319673e-05 , std 0.00011829912102329017 
2023-05-13 15:51:56,657 INFO ofi_trade_2: 7.45496873668876e-05 , std 0.00010999659187169771 
2023-05-13 15:51:56,657 INFO ofi_trade_3: 5.8753432029893046e-05 , std 9.858754040571636e-05 
2023-05-13 15:51:56,657 INFO ofi_trade_4: 5.587530721598333e-05 , std 9.976066561257865e-05 
2023-05-13 15:51:56,657 INFO ofi_trade_5: 5.565989906759496e-05 , std 9.620393142224604e-05 
2023-05-13 15:51:56,657 INFO ofi_trade_6: 6.357057845925982e-05 , std 0.00010814391595747326 
2023-05-13 15:51:56,657 INFO ofi_trade_7: 7.106578680808365e-05 , std 0.00012043359590802973 
2023-05-13 15:51:56,657 INFO ofi_trade_8: 8.952300754866978e-05 , std 0.0001331485952991567 
2023-05-13 15:51:56,657 INFO used_intercept: 1.0 , std 0.0 
2023-05-13 15:51:56,657 INFO used_ofi_add_1: 0.9136515658254789 , std 0.2808778775377825 
2023-05-13 15:51:56,657 INFO used_ofi_add_2: 0.9610823958650045 , std 0.19339861484350712 
2023-05-13 15:51:56,657 INFO used_ofi_add_3: 0.9112192155670417 , std 0.2844270675382829 
2023-05-13 15:51:56,657 INFO used_ofi_add_4: 0.8215262997871694 , std 0.3829110060381802 
2023-05-13 15:51:56,657 INFO used_ofi_add_5: 0.7783520826999087 , std 0.4153554117338826 
2023-05-13 15:51:56,657 INFO used_ofi_add_6: 0.7543326238978413 , std 0.430482190597055 
2023-05-13 15:51:56,658 INFO used_ofi_add_7: 0.7211918516266342 , std 0.4484129400162099 
2023-05-13 15:51:56,658 INFO used_ofi_add_8: 0.7631498935846762 , std 0.42514954252165627 
2023-05-13 15:51:56,658 INFO used_ofi_cancel_1: 0.8738218303435695 , std 0.33205005520039227 
2023-05-13 15:51:56,658 INFO used_ofi_cancel_2: 0.9534813013073883 , std 0.21060557771473604 
2023-05-13 15:51:56,658 INFO used_ofi_cancel_3: 0.8595317725752508 , std 0.3474721636460943 
2023-05-13 15:51:56,658 INFO used_ofi_cancel_4: 0.7570690179385832 , std 0.42885372799602944 
2023-05-13 15:51:56,658 INFO used_ofi_cancel_5: 0.6959562176953481 , std 0.46000126167928423 
2023-05-13 15:51:56,658 INFO used_ofi_cancel_6: 0.6391000304043782 , std 0.48026157616605253 
2023-05-13 15:51:56,658 INFO used_ofi_cancel_7: 0.6117360899969596 , std 0.4873551540634318 
2023-05-13 15:51:56,658 INFO used_ofi_cancel_8: 0.6731529340224992 , std 0.46906082914628466 
2023-05-13 15:51:56,658 INFO used_ofi_trade_1: 0.5019762845849802 , std 0.49999609428398456 
2023-05-13 15:51:56,658 INFO used_ofi_trade_2: 0.5980541197932502 , std 0.49029112738409913 
2023-05-13 15:51:56,658 INFO used_ofi_trade_3: 0.5597446032228641 , std 0.4964177498697468 
2023-05-13 15:51:56,658 INFO used_ofi_trade_4: 0.5579203405290362 , std 0.4966339035476741 
2023-05-13 15:51:56,658 INFO used_ofi_trade_5: 0.5640012161751292 , std 0.4958869269582577 
2023-05-13 15:51:56,658 INFO used_ofi_trade_6: 0.5916692003648525 , std 0.4915249309083604 
2023-05-13 15:51:56,658 INFO used_ofi_trade_7: 0.6083916083916084 , std 0.4881098843808433 
2023-05-13 15:51:56,658 INFO used_ofi_trade_8: 0.6615992702949225 , std 0.47316559029598565 
2023-05-13 15:51:56,659 INFO Grouping by ofi type:
2023-05-13 15:51:56,659 INFO add: 6.624505928853755
2023-05-13 15:51:56,660 INFO cancel: 6.063849194283978
2023-05-13 15:51:56,660 INFO trade: 4.643356643356642
2023-05-13 15:51:56,660 INFO Grouping by level:
2023-05-13 15:51:56,660 INFO 1: 2.2894496807540285
2023-05-13 15:51:56,660 INFO 2: 2.5126178169656432
2023-05-13 15:51:56,660 INFO 3: 2.330495591365157
2023-05-13 15:51:56,660 INFO 4: 2.1365156582547886
2023-05-13 15:51:56,660 INFO 5: 2.038309516570386
2023-05-13 15:51:56,660 INFO 6: 1.985101854667072
2023-05-13 15:51:56,660 INFO 7: 1.9413195500152023
2023-05-13 15:51:56,660 INFO 8: 2.097902097902098
2023-05-13 15:51:56,660 INFO Non empty regressions: 0.9987838248707814 --- 3285 / 3289
