2023-05-13 15:51:08,067 INFO Starting...
2023-05-13 15:51:08,067 INFO Tickers: ['BA']
2023-05-13 15:51:11,033 INFO in_r2: 0.842148111894986 , std 0.08840994689728011 
2023-05-13 15:51:11,034 INFO os_r2: 0.7485692992003266 , std 0.5582189372413692 
2023-05-13 15:51:11,034 INFO intercept: 5.062825813640355e-08 , std 1.5228828703253882e-05 
2023-05-13 15:51:11,034 INFO ofi_add_1: 7.295168131002402e-05 , std 6.758328762002298e-05 
2023-05-13 15:51:11,034 INFO ofi_add_2: 7.100626027561504e-05 , std 5.8830817950324305e-05 
2023-05-13 15:51:11,034 INFO ofi_add_3: 5.606260754115292e-05 , std 5.036337384600892e-05 
2023-05-13 15:51:11,034 INFO ofi_add_4: 4.2167409235624796e-05 , std 4.225267470887072e-05 
2023-05-13 15:51:11,034 INFO ofi_add_5: 3.5215976680956834e-05 , std 3.981829153330729e-05 
2023-05-13 15:51:11,034 INFO ofi_add_6: 3.2369316159479586e-05 , std 4.334377095028189e-05 
2023-05-13 15:51:11,034 INFO ofi_add_7: 3.309074157559053e-05 , std 4.196600481590639e-05 
2023-05-13 15:51:11,034 INFO ofi_add_8: 4.9512059186476605e-05 , std 4.744889377372183e-05 
2023-05-13 15:51:11,034 INFO ofi_cancel_1: 7.898170426770982e-05 , std 7.42570958397348e-05 
2023-05-13 15:51:11,034 INFO ofi_cancel_2: 7.599377092892964e-05 , std 6.0609041642520055e-05 
2023-05-13 15:51:11,034 INFO ofi_cancel_3: 5.180596281607299e-05 , std 4.983329307745937e-05 
2023-05-13 15:51:11,034 INFO ofi_cancel_4: 3.82466443311035e-05 , std 4.206113154904517e-05 
2023-05-13 15:51:11,034 INFO ofi_cancel_5: 2.9921160679399182e-05 , std 4.025842895752311e-05 
2023-05-13 15:51:11,034 INFO ofi_cancel_6: 2.758180168891728e-05 , std 4.421061728268655e-05 
2023-05-13 15:51:11,034 INFO ofi_cancel_7: 2.8238439609217176e-05 , std 4.261592863526321e-05 
2023-05-13 15:51:11,034 INFO ofi_cancel_8: 4.391255570741122e-05 , std 4.897044935081964e-05 
2023-05-13 15:51:11,034 INFO ofi_trade_1: 5.2564134462031767e-05 , std 8.268328085778323e-05 
2023-05-13 15:51:11,034 INFO ofi_trade_2: 6.16012069354603e-05 , std 9.082331589776606e-05 
2023-05-13 15:51:11,034 INFO ofi_trade_3: 5.140938638794798e-05 , std 7.692835192118931e-05 
2023-05-13 15:51:11,034 INFO ofi_trade_4: 4.536269770672138e-05 , std 7.444264696806218e-05 
2023-05-13 15:51:11,034 INFO ofi_trade_5: 4.209756927629336e-05 , std 7.084105322337312e-05 
2023-05-13 15:51:11,034 INFO ofi_trade_6: 4.480214197005579e-05 , std 7.709938679454153e-05 
2023-05-13 15:51:11,034 INFO ofi_trade_7: 4.9475135195530663e-05 , std 7.92667240474143e-05 
2023-05-13 15:51:11,034 INFO ofi_trade_8: 6.862423166483173e-05 , std 8.93193609884443e-05 
2023-05-13 15:51:11,034 INFO used_intercept: 1.0 , std 0.0 
2023-05-13 15:51:11,034 INFO used_ofi_add_1: 0.8932312651087833 , std 0.30881899575794525 
2023-05-13 15:51:11,034 INFO used_ofi_add_2: 0.9222401289282837 , std 0.2677933410722276 
2023-05-13 15:51:11,034 INFO used_ofi_add_3: 0.8890008058017728 , std 0.3141311399488619 
2023-05-13 15:51:11,035 INFO used_ofi_add_4: 0.8426672038678485 , std 0.3641142504673366 
2023-05-13 15:51:11,035 INFO used_ofi_add_5: 0.8072119258662369 , std 0.39448806395828734 
2023-05-13 15:51:11,035 INFO used_ofi_add_6: 0.7870668815471394 , std 0.4093807586084141 
2023-05-13 15:51:11,035 INFO used_ofi_add_7: 0.7882755842062853 , std 0.40853052217738267 
2023-05-13 15:51:11,035 INFO used_ofi_add_8: 0.8922240128928284 , std 0.31009728104297596 
2023-05-13 15:51:11,035 INFO used_ofi_cancel_1: 0.846897663174859 , std 0.36008611648301864 
2023-05-13 15:51:11,035 INFO used_ofi_cancel_2: 0.9206285253827559 , std 0.2703176717018855 
2023-05-13 15:51:11,035 INFO used_ofi_cancel_3: 0.8464947622884771 , std 0.36047382665965055 
2023-05-13 15:51:11,035 INFO used_ofi_cancel_4: 0.798348106365834 , std 0.401233607051953 
2023-05-13 15:51:11,035 INFO used_ofi_cancel_5: 0.725624496373892 , std 0.4461990437417225 
2023-05-13 15:51:11,035 INFO used_ofi_cancel_6: 0.6950040290088638 , std 0.46040572180448647 
2023-05-13 15:51:11,035 INFO used_ofi_cancel_7: 0.7076954069298953 , std 0.45482152317169994 
2023-05-13 15:51:11,035 INFO used_ofi_cancel_8: 0.814867042707494 , std 0.3884053879861056 
2023-05-13 15:51:11,035 INFO used_ofi_trade_1: 0.5727236099919419 , std 0.4946830061258825 
2023-05-13 15:51:11,035 INFO used_ofi_trade_2: 0.6345688960515713 , std 0.48155084073798626 
2023-05-13 15:51:11,035 INFO used_ofi_trade_3: 0.6011281224818694 , std 0.48966631785665227 
2023-05-13 15:51:11,035 INFO used_ofi_trade_4: 0.5662771958098308 , std 0.495587866392616 
2023-05-13 15:51:11,035 INFO used_ofi_trade_5: 0.5560032232070911 , std 0.4968537400386724 
2023-05-13 15:51:11,035 INFO used_ofi_trade_6: 0.5630539887187752 , std 0.4960082605225971 
2023-05-13 15:51:11,035 INFO used_ofi_trade_7: 0.5995165189363416 , std 0.48999639025077807 
2023-05-13 15:51:11,035 INFO used_ofi_trade_8: 0.7006446414182111 , std 0.4579756848023238 
2023-05-13 15:51:11,036 INFO Grouping by ofi type:
2023-05-13 15:51:11,036 INFO add: 6.821917808219179
2023-05-13 15:51:11,036 INFO cancel: 6.355560032232071
2023-05-13 15:51:11,036 INFO trade: 4.7939161966156325
2023-05-13 15:51:11,036 INFO Grouping by level:
2023-05-13 15:51:11,036 INFO 1: 2.3128525382755845
2023-05-13 15:51:11,036 INFO 2: 2.4774375503626107
2023-05-13 15:51:11,036 INFO 3: 2.336623690572119
2023-05-13 15:51:11,036 INFO 4: 2.2072925060435136
2023-05-13 15:51:11,036 INFO 5: 2.0888396454472202
2023-05-13 15:51:11,036 INFO 6: 2.0451248992747786
2023-05-13 15:51:11,036 INFO 7: 2.0954875100725223
2023-05-13 15:51:11,036 INFO 8: 2.4077356970185333
2023-05-13 15:51:11,037 INFO Non empty regressions: 0.9993956486704271 --- 4961 / 4964
