2023-05-13 15:53:40,523 INFO Starting...
2023-05-13 15:53:40,524 INFO Tickers: ['CME']
2023-05-13 15:53:42,677 INFO in_r2: 0.8281749767376746 , std 0.10009373837879525 
2023-05-13 15:53:42,677 INFO os_r2: 0.7199862907853023 , std 0.3741024535564649 
2023-05-13 15:53:42,677 INFO intercept: -3.8403563519859305e-08 , std 1.1428047718279934e-05 
2023-05-13 15:53:42,677 INFO ofi_add_1: 6.508762326133764e-05 , std 5.232576664125323e-05 
2023-05-13 15:53:42,677 INFO ofi_add_2: 8.383988546848775e-05 , std 6.005802612192772e-05 
2023-05-13 15:53:42,678 INFO ofi_add_3: 6.993111425780761e-05 , std 5.6430176060946624e-05 
2023-05-13 15:53:42,678 INFO ofi_add_4: 4.370201213547913e-05 , std 4.74461474958868e-05 
2023-05-13 15:53:42,678 INFO ofi_add_5: 3.3924544194957356e-05 , std 4.3960480236262506e-05 
2023-05-13 15:53:42,678 INFO ofi_add_6: 3.139267971753814e-05 , std 4.4961896285465434e-05 
2023-05-13 15:53:42,678 INFO ofi_add_7: 3.194498580660218e-05 , std 4.554226608911083e-05 
2023-05-13 15:53:42,678 INFO ofi_add_8: 3.6112174673897236e-05 , std 4.992352419497201e-05 
2023-05-13 15:53:42,678 INFO ofi_cancel_1: 8.27331105820704e-05 , std 7.133656345329182e-05 
2023-05-13 15:53:42,678 INFO ofi_cancel_2: 9.142748397950535e-05 , std 6.459975648398576e-05 
2023-05-13 15:53:42,678 INFO ofi_cancel_3: 6.471276373437677e-05 , std 5.851414551447125e-05 
2023-05-13 15:53:42,678 INFO ofi_cancel_4: 3.913610710099056e-05 , std 4.941452794964369e-05 
2023-05-13 15:53:42,678 INFO ofi_cancel_5: 2.7612530641056353e-05 , std 4.675200380500981e-05 
2023-05-13 15:53:42,678 INFO ofi_cancel_6: 2.255300363325393e-05 , std 4.4476295304681186e-05 
2023-05-13 15:53:42,678 INFO ofi_cancel_7: 2.4568825299822944e-05 , std 4.5288944953158315e-05 
2023-05-13 15:53:42,678 INFO ofi_cancel_8: 3.0783684847915845e-05 , std 5.16868226985146e-05 
2023-05-13 15:53:42,678 INFO ofi_trade_1: 0.00011626906453760548 , std 0.00013677000504857027 
2023-05-13 15:53:42,678 INFO ofi_trade_2: 7.062585620518026e-05 , std 0.00010224473821037532 
2023-05-13 15:53:42,678 INFO ofi_trade_3: 6.165281965621867e-05 , std 9.404224676473592e-05 
2023-05-13 15:53:42,678 INFO ofi_trade_4: 5.2182346100120374e-05 , std 8.741518735663005e-05 
2023-05-13 15:53:42,678 INFO ofi_trade_5: 5.0901115229287666e-05 , std 9.164143146480087e-05 
2023-05-13 15:53:42,678 INFO ofi_trade_6: 5.784332279976749e-05 , std 0.00010331579601564745 
2023-05-13 15:53:42,678 INFO ofi_trade_7: 7.258719493493035e-05 , std 0.0001236033432697836 
2023-05-13 15:53:42,678 INFO ofi_trade_8: 0.00010443929872883736 , std 0.00014191816659452747 
2023-05-13 15:53:42,678 INFO used_intercept: 0.9996364958197019 , std 0.01906232003217287 
2023-05-13 15:53:42,678 INFO used_ofi_add_1: 0.9043984005816067 , std 0.29404410146615484 
2023-05-13 15:53:42,678 INFO used_ofi_add_2: 0.9436568520537986 , std 0.23058316856551747 
2023-05-13 15:53:42,678 INFO used_ofi_add_3: 0.9083969465648855 , std 0.2884647882090257 
2023-05-13 15:53:42,679 INFO used_ofi_add_4: 0.8073427844420211 , std 0.3943861215248647 
2023-05-13 15:53:42,679 INFO used_ofi_add_5: 0.7560886950199928 , std 0.4294398447780051 
2023-05-13 15:53:42,679 INFO used_ofi_add_6: 0.727735368956743 , std 0.44512537753551656 
2023-05-13 15:53:42,679 INFO used_ofi_add_7: 0.7066521264994547 , std 0.4552964952789043 
2023-05-13 15:53:42,679 INFO used_ofi_add_8: 0.737186477644493 , std 0.4401619870259112 
2023-05-13 15:53:42,679 INFO used_ofi_cancel_1: 0.8724100327153762 , std 0.33363268355023673 
2023-05-13 15:53:42,679 INFO used_ofi_cancel_2: 0.9378407851690295 , std 0.2414445005432259 
2023-05-13 15:53:42,679 INFO used_ofi_cancel_3: 0.8545983278807706 , std 0.35250535579500275 
2023-05-13 15:53:42,679 INFO used_ofi_cancel_4: 0.7451835696110505 , std 0.43575798006781596 
2023-05-13 15:53:42,679 INFO used_ofi_cancel_5: 0.6543075245365322 , std 0.47559351117462434 
2023-05-13 15:53:42,679 INFO used_ofi_cancel_6: 0.5914213013449655 , std 0.4915710992932691 
2023-05-13 15:53:42,679 INFO used_ofi_cancel_7: 0.6059614685568884 , std 0.4886431900490045 
2023-05-13 15:53:42,679 INFO used_ofi_cancel_8: 0.6394038531443111 , std 0.48017347461987037 
2023-05-13 15:53:42,679 INFO used_ofi_trade_1: 0.7717193747728099 , std 0.41972441121892506 
2023-05-13 15:53:42,679 INFO used_ofi_trade_2: 0.6524900036350418 , std 0.4761793766968335 
2023-05-13 15:53:42,679 INFO used_ofi_trade_3: 0.6121410396219557 , std 0.4872621340023324 
2023-05-13 15:53:42,679 INFO used_ofi_trade_4: 0.5743366048709561 , std 0.4944431910505588 
2023-05-13 15:53:42,679 INFO used_ofi_trade_5: 0.5412577244638314 , std 0.49829489278143974 
2023-05-13 15:53:42,679 INFO used_ofi_trade_6: 0.5463467829880043 , std 0.4978473417692042 
2023-05-13 15:53:42,679 INFO used_ofi_trade_7: 0.5786986550345329 , std 0.49376767988169856 
2023-05-13 15:53:42,679 INFO used_ofi_trade_8: 0.6953834969102145 , std 0.46024481434899 
2023-05-13 15:53:42,680 INFO Grouping by ofi type:
2023-05-13 15:53:42,680 INFO add: 6.491457651762995
2023-05-13 15:53:42,680 INFO cancel: 5.901126862958924
2023-05-13 15:53:42,680 INFO trade: 4.972373682297347
2023-05-13 15:53:42,680 INFO Grouping by level:
2023-05-13 15:53:42,680 INFO 1: 2.548527808069793
2023-05-13 15:53:42,680 INFO 2: 2.5339876408578696
2023-05-13 15:53:42,680 INFO 3: 2.375136314067612
2023-05-13 15:53:42,680 INFO 4: 2.1268629589240278
2023-05-13 15:53:42,680 INFO 5: 1.9516539440203564
2023-05-13 15:53:42,680 INFO 6: 1.8655034532897128
2023-05-13 15:53:42,680 INFO 7: 1.8913122500908761
2023-05-13 15:53:42,680 INFO 8: 2.0719738276990185
2023-05-13 15:53:42,681 INFO Non empty regressions: 0.9989094874591058 --- 2748 / 2751
