2023-05-13 15:51:56,663 INFO Starting...
2023-05-13 15:51:56,663 INFO Tickers: ['COST']
2023-05-13 15:51:59,644 INFO in_r2: 0.8440671883943026 , std 0.06979640458891158 
2023-05-13 15:51:59,644 INFO os_r2: 0.7442335376533183 , std 0.7295031107193373 
2023-05-13 15:51:59,644 INFO intercept: 2.206499604442176e-07 , std 8.580036923001006e-06 
2023-05-13 15:51:59,644 INFO ofi_add_1: 5.06826336343355e-05 , std 4.231064695160189e-05 
2023-05-13 15:51:59,644 INFO ofi_add_2: 6.329668234084435e-05 , std 4.408213074806712e-05 
2023-05-13 15:51:59,644 INFO ofi_add_3: 5.0201025934201566e-05 , std 4.006267601109628e-05 
2023-05-13 15:51:59,645 INFO ofi_add_4: 3.516968363281419e-05 , std 3.297289172866521e-05 
2023-05-13 15:51:59,645 INFO ofi_add_5: 2.7059219712741222e-05 , std 2.9163955449419836e-05 
2023-05-13 15:51:59,645 INFO ofi_add_6: 2.3980125613794076e-05 , std 2.8608934683946172e-05 
2023-05-13 15:51:59,645 INFO ofi_add_7: 2.595183804562506e-05 , std 2.8905249658078904e-05 
2023-05-13 15:51:59,645 INFO ofi_add_8: 3.331227511253381e-05 , std 3.385061379338207e-05 
2023-05-13 15:51:59,645 INFO ofi_cancel_1: 5.757865394414979e-05 , std 5.4714125383851486e-05 
2023-05-13 15:51:59,645 INFO ofi_cancel_2: 6.845998668558948e-05 , std 4.839862900198536e-05 
2023-05-13 15:51:59,645 INFO ofi_cancel_3: 4.828299242136031e-05 , std 4.121714811891306e-05 
2023-05-13 15:51:59,645 INFO ofi_cancel_4: 3.32805987932487e-05 , std 3.464991963057661e-05 
2023-05-13 15:51:59,645 INFO ofi_cancel_5: 2.367855706429518e-05 , std 3.002190338088503e-05 
2023-05-13 15:51:59,645 INFO ofi_cancel_6: 1.9290813476910592e-05 , std 2.8207566129217588e-05 
2023-05-13 15:51:59,645 INFO ofi_cancel_7: 2.0304763074909494e-05 , std 2.8918787539023845e-05 
2023-05-13 15:51:59,645 INFO ofi_cancel_8: 2.8032601744210967e-05 , std 3.4919793244642175e-05 
2023-05-13 15:51:59,645 INFO ofi_trade_1: 5.6356298241596215e-05 , std 7.89982366459317e-05 
2023-05-13 15:51:59,645 INFO ofi_trade_2: 5.245209916725939e-05 , std 6.869903974904759e-05 
2023-05-13 15:51:59,645 INFO ofi_trade_3: 4.926248398810746e-05 , std 6.58157088672448e-05 
2023-05-13 15:51:59,645 INFO ofi_trade_4: 4.307531585690258e-05 , std 6.00844875691109e-05 
2023-05-13 15:51:59,645 INFO ofi_trade_5: 4.0165286423850416e-05 , std 5.830617205430145e-05 
2023-05-13 15:51:59,645 INFO ofi_trade_6: 4.0569912989167094e-05 , std 5.9696147381462604e-05 
2023-05-13 15:51:59,645 INFO ofi_trade_7: 4.7636205071879036e-05 , std 6.2614638061608e-05 
2023-05-13 15:51:59,645 INFO ofi_trade_8: 6.557314620083028e-05 , std 7.406576351545308e-05 
2023-05-13 15:51:59,645 INFO used_intercept: 0.9994343891402715 , std 0.023775847915139935 
2023-05-13 15:51:59,645 INFO used_ofi_add_1: 0.8889517345399698 , std 0.3141918970921256 
2023-05-13 15:51:59,645 INFO used_ofi_add_2: 0.9342006033182504 , std 0.24793111155735859 
2023-05-13 15:51:59,645 INFO used_ofi_add_3: 0.8995098039215687 , std 0.3006524847237252 
2023-05-13 15:51:59,645 INFO used_ofi_add_4: 0.8369155354449472 , std 0.3694427181253469 
2023-05-13 15:51:59,645 INFO used_ofi_add_5: 0.7861990950226244 , std 0.40998789983148376 
2023-05-13 15:51:59,645 INFO used_ofi_add_6: 0.7728129713423831 , std 0.41901441820937385 
2023-05-13 15:51:59,645 INFO used_ofi_add_7: 0.7897812971342383 , std 0.40746386322126565 
2023-05-13 15:51:59,645 INFO used_ofi_add_8: 0.8544494720965309 , std 0.3526550321922126 
2023-05-13 15:51:59,646 INFO used_ofi_cancel_1: 0.8018476621417798 , std 0.3986075624715893 
2023-05-13 15:51:59,646 INFO used_ofi_cancel_2: 0.9287330316742082 , std 0.2572702616927235 
2023-05-13 15:51:59,646 INFO used_ofi_cancel_3: 0.8642533936651584 , std 0.34251929172444456 
2023-05-13 15:51:59,646 INFO used_ofi_cancel_4: 0.7801659125188537 , std 0.4141341104792964 
2023-05-13 15:51:59,646 INFO used_ofi_cancel_5: 0.7115384615384616 , std 0.45304688420729794 
2023-05-13 15:51:59,646 INFO used_ofi_cancel_6: 0.673265460030166 , std 0.4690192750415861 
2023-05-13 15:51:59,646 INFO used_ofi_cancel_7: 0.6715686274509803 , std 0.4696426365595299 
2023-05-13 15:51:59,646 INFO used_ofi_cancel_8: 0.7569758672699849 , std 0.4289095518181416 
2023-05-13 15:51:59,646 INFO used_ofi_trade_1: 0.639894419306184 , std 0.48003078177027936 
2023-05-13 15:51:59,646 INFO used_ofi_trade_2: 0.6623303167420814 , std 0.4729152865645342 
2023-05-13 15:51:59,646 INFO used_ofi_trade_3: 0.6610105580693816 , std 0.47336624318828047 
2023-05-13 15:51:59,646 INFO used_ofi_trade_4: 0.6404600301659125 , std 0.4798655852692407 
2023-05-13 15:51:59,646 INFO used_ofi_trade_5: 0.6197209653092006 , std 0.4854553434307148 
2023-05-13 15:51:59,646 INFO used_ofi_trade_6: 0.6180241327300151 , std 0.4858706660144526 
2023-05-13 15:51:59,646 INFO used_ofi_trade_7: 0.6676093514328808 , std 0.47107017026367637 
2023-05-13 15:51:59,646 INFO used_ofi_trade_8: 0.7526395173453997 , std 0.43147801134644564 
2023-05-13 15:51:59,647 INFO Grouping by ofi type:
2023-05-13 15:51:59,647 INFO add: 6.762820512820514
2023-05-13 15:51:59,647 INFO cancel: 6.1883484162895925
2023-05-13 15:51:59,647 INFO trade: 5.261689291101056
2023-05-13 15:51:59,647 INFO Grouping by level:
2023-05-13 15:51:59,647 INFO 1: 2.3306938159879333
2023-05-13 15:51:59,647 INFO 2: 2.52526395173454
2023-05-13 15:51:59,647 INFO 3: 2.4247737556561084
2023-05-13 15:51:59,647 INFO 4: 2.2575414781297134
2023-05-13 15:51:59,647 INFO 5: 2.1174585218702866
2023-05-13 15:51:59,647 INFO 6: 2.0641025641025643
2023-05-13 15:51:59,647 INFO 7: 2.1289592760180995
2023-05-13 15:51:59,647 INFO 8: 2.3640648567119156
2023-05-13 15:51:59,647 INFO Non empty regressions: 1.0 --- 5304 / 5304
