2023-05-13 15:53:51,980 INFO Starting...
2023-05-13 15:53:51,980 INFO Tickers: ['ISRG']
2023-05-13 15:53:53,609 INFO in_r2: 0.6947597235102781 , std 0.14716174297064333 
2023-05-13 15:53:53,609 INFO os_r2: 0.4914171848829775 , std 0.5976084392079949 
2023-05-13 15:53:53,609 INFO intercept: 2.1281896718539796e-06 , std 2.636427743392851e-05 
2023-05-13 15:53:53,609 INFO ofi_add_1: 5.3865212642923364e-05 , std 7.153227588424648e-05 
2023-05-13 15:53:53,609 INFO ofi_add_2: 0.00010531572414355915 , std 9.845147592393904e-05 
2023-05-13 15:53:53,609 INFO ofi_add_3: 8.453292108819306e-05 , std 8.69157455548409e-05 
2023-05-13 15:53:53,609 INFO ofi_add_4: 6.274072761064716e-05 , std 8.974471117820927e-05 
2023-05-13 15:53:53,610 INFO ofi_add_5: 5.294044792780695e-05 , std 8.266977366757075e-05 
2023-05-13 15:53:53,610 INFO ofi_add_6: 5.335228209653089e-05 , std 8.214481671325485e-05 
2023-05-13 15:53:53,610 INFO ofi_add_7: 4.953353848905365e-05 , std 7.755449117208394e-05 
2023-05-13 15:53:53,610 INFO ofi_add_8: 6.817883167416368e-05 , std 8.992473104239219e-05 
2023-05-13 15:53:53,610 INFO ofi_cancel_1: 9.045278138254865e-05 , std 0.00011201872769011158 
2023-05-13 15:53:53,610 INFO ofi_cancel_2: 0.00010898098623896498 , std 0.0001081963971622996 
2023-05-13 15:53:53,610 INFO ofi_cancel_3: 7.63715779878418e-05 , std 8.63416050206115e-05 
2023-05-13 15:53:53,610 INFO ofi_cancel_4: 5.4347924266231536e-05 , std 8.54276328933387e-05 
2023-05-13 15:53:53,610 INFO ofi_cancel_5: 4.718020541185376e-05 , std 8.602966699780124e-05 
2023-05-13 15:53:53,610 INFO ofi_cancel_6: 4.543753225566145e-05 , std 8.1882736918962e-05 
2023-05-13 15:53:53,610 INFO ofi_cancel_7: 4.246889556470518e-05 , std 7.444989072258193e-05 
2023-05-13 15:53:53,610 INFO ofi_cancel_8: 6.856946450752796e-05 , std 9.594558018397416e-05 
2023-05-13 15:53:53,610 INFO ofi_trade_1: 0.00019097691834123098 , std 0.00023817501282726163 
2023-05-13 15:53:53,610 INFO ofi_trade_2: 0.00011794481994066305 , std 0.0002009608959470947 
2023-05-13 15:53:53,610 INFO ofi_trade_3: 0.00011347630742376408 , std 0.0002164872768568636 
2023-05-13 15:53:53,610 INFO ofi_trade_4: 0.00011166857566046708 , std 0.00023163708512714115 
2023-05-13 15:53:53,610 INFO ofi_trade_5: 0.00010336250141649568 , std 0.00021146657029926907 
2023-05-13 15:53:53,610 INFO ofi_trade_6: 0.00012731421976066115 , std 0.00024192180404437297 
2023-05-13 15:53:53,610 INFO ofi_trade_7: 0.00015732055973052462 , std 0.00025294748791337474 
2023-05-13 15:53:53,610 INFO ofi_trade_8: 0.00021244186452445862 , std 0.0002697618032652167 
2023-05-13 15:53:53,610 INFO used_intercept: 1.0 , std 0.0 
2023-05-13 15:53:53,610 INFO used_ofi_add_1: 0.8094841930116472 , std 0.392707950359971 
2023-05-13 15:53:53,610 INFO used_ofi_add_2: 0.8960066555740432 , std 0.3052519102987909 
2023-05-13 15:53:53,610 INFO used_ofi_add_3: 0.872712146422629 , std 0.3332951483430816 
2023-05-13 15:53:53,610 INFO used_ofi_add_4: 0.7953410981697171 , std 0.4034521480075493 
2023-05-13 15:53:53,611 INFO used_ofi_add_5: 0.7520798668885191 , std 0.4318052115357878 
2023-05-13 15:53:53,611 INFO used_ofi_add_6: 0.7304492512479202 , std 0.4437264276547803 
2023-05-13 15:53:53,611 INFO used_ofi_add_7: 0.7279534109816972 , std 0.4450137553175289 
2023-05-13 15:53:53,611 INFO used_ofi_add_8: 0.7928452579034941 , std 0.40526738694772363 
2023-05-13 15:53:53,611 INFO used_ofi_cancel_1: 0.8194675540765392 , std 0.38463031847782564 
2023-05-13 15:53:53,611 INFO used_ofi_cancel_2: 0.8760399334442596 , std 0.3295359896206131 
2023-05-13 15:53:53,611 INFO used_ofi_cancel_3: 0.8169717138103162 , std 0.38668971106579886 
2023-05-13 15:53:53,611 INFO used_ofi_cancel_4: 0.7138103161397671 , std 0.45197914632448793 
2023-05-13 15:53:53,611 INFO used_ofi_cancel_5: 0.6713810316139767 , std 0.4697111261221402 
2023-05-13 15:53:53,611 INFO used_ofi_cancel_6: 0.6555740432612313 , std 0.4751807204247165 
2023-05-13 15:53:53,611 INFO used_ofi_cancel_7: 0.651414309484193 , std 0.47652251456088096 
2023-05-13 15:53:53,611 INFO used_ofi_cancel_8: 0.7412645590682196 , std 0.4379399645357998 
2023-05-13 15:53:53,611 INFO used_ofi_trade_1: 0.742928452579035 , std 0.4370191837065686 
2023-05-13 15:53:53,611 INFO used_ofi_trade_2: 0.6039933444259568 , std 0.4890658282022005 
2023-05-13 15:53:53,611 INFO used_ofi_trade_3: 0.5582362728785357 , std 0.4965969558114675 
2023-05-13 15:53:53,611 INFO used_ofi_trade_4: 0.5058236272878536 , std 0.4999660842149317 
2023-05-13 15:53:53,611 INFO used_ofi_trade_5: 0.49001663893510816 , std 0.49990032256625716 
2023-05-13 15:53:53,611 INFO used_ofi_trade_6: 0.521630615640599 , std 0.4995318973469148 
2023-05-13 15:53:53,611 INFO used_ofi_trade_7: 0.6089850249584027 , std 0.4879777293430678 
2023-05-13 15:53:53,611 INFO used_ofi_trade_8: 0.6830282861896838 , std 0.46529629963547653 
2023-05-13 15:53:53,611 INFO Grouping by ofi type:
2023-05-13 15:53:53,612 INFO add: 6.376871880199667
2023-05-13 15:53:53,612 INFO cancel: 5.945923460898502
2023-05-13 15:53:53,612 INFO trade: 4.7146422628951745
2023-05-13 15:53:53,612 INFO Grouping by level:
2023-05-13 15:53:53,612 INFO 1: 2.3718801996672214
2023-05-13 15:53:53,612 INFO 2: 2.3760399334442597
2023-05-13 15:53:53,612 INFO 3: 2.2479201331114806
2023-05-13 15:53:53,612 INFO 4: 2.0149750415973378
2023-05-13 15:53:53,612 INFO 5: 1.913477537437604
2023-05-13 15:53:53,612 INFO 6: 1.9076539101497505
2023-05-13 15:53:53,612 INFO 7: 1.9883527454242929
2023-05-13 15:53:53,612 INFO 8: 2.2171381031613975
2023-05-13 15:53:53,612 INFO Non empty regressions: 0.9950083194675541 --- 1196 / 1202
