2023-05-13 15:52:56,550 INFO Starting...
2023-05-13 15:52:56,551 INFO Tickers: ['MO']
2023-05-13 15:52:59,648 INFO in_r2: 0.9690274127230092 , std 0.03080457914229822 
2023-05-13 15:52:59,648 INFO os_r2: 0.9474257964891796 , std 0.06162085052669915 
2023-05-13 15:52:59,648 INFO intercept: 2.2288589472846084e-07 , std 5.58911949022319e-06 
2023-05-13 15:52:59,648 INFO ofi_add_1: 5.184388818080161e-05 , std 4.270903670097507e-05 
2023-05-13 15:52:59,648 INFO ofi_add_2: 9.102641502888252e-05 , std 5.543733120080558e-05 
2023-05-13 15:52:59,648 INFO ofi_add_3: 0.00010226834173769609 , std 5.833738265332313e-05 
2023-05-13 15:52:59,648 INFO ofi_add_4: 0.00012370459497070853 , std 6.710329611980378e-05 
2023-05-13 15:52:59,648 INFO ofi_add_5: 9.793712745857812e-05 , std 6.66570247394793e-05 
2023-05-13 15:52:59,648 INFO ofi_add_6: 9.759972350212164e-05 , std 6.766967403822376e-05 
2023-05-13 15:52:59,648 INFO ofi_add_7: 8.215757147471234e-05 , std 6.861531096787823e-05 
2023-05-13 15:52:59,648 INFO ofi_add_8: 8.385381017720649e-05 , std 8.252408155754556e-05 
2023-05-13 15:52:59,648 INFO ofi_cancel_1: 2.7849850423507474e-05 , std 4.071600044831464e-05 
2023-05-13 15:52:59,648 INFO ofi_cancel_2: 7.378686691321544e-05 , std 5.701426608796984e-05 
2023-05-13 15:52:59,648 INFO ofi_cancel_3: 0.00010484546757453179 , std 6.2437010711326e-05 
2023-05-13 15:52:59,648 INFO ofi_cancel_4: 0.00012520537572227272 , std 7.535926337602674e-05 
2023-05-13 15:52:59,648 INFO ofi_cancel_5: 9.939565023523909e-05 , std 7.51441491767652e-05 
2023-05-13 15:52:59,648 INFO ofi_cancel_6: 9.379088440374167e-05 , std 7.643324350419954e-05 
2023-05-13 15:52:59,648 INFO ofi_cancel_7: 7.29161918739061e-05 , std 7.518810809370502e-05 
2023-05-13 15:52:59,648 INFO ofi_cancel_8: 8.410136935806312e-05 , std 9.054771357467199e-05 
2023-05-13 15:52:59,648 INFO ofi_trade_1: 1.843792438667192e-05 , std 5.485389480606636e-05 
2023-05-13 15:52:59,648 INFO ofi_trade_2: 8.707845143509175e-05 , std 7.579252275380279e-05 
2023-05-13 15:52:59,648 INFO ofi_trade_3: 0.00011374325639222581 , std 7.960701442094862e-05 
2023-05-13 15:52:59,648 INFO ofi_trade_4: 0.00011349086436850742 , std 8.436658383105918e-05 
2023-05-13 15:52:59,648 INFO ofi_trade_5: 0.00010178569999872526 , std 8.212289020485792e-05 
2023-05-13 15:52:59,648 INFO ofi_trade_6: 8.75061602407112e-05 , std 8.085103300493473e-05 
2023-05-13 15:52:59,648 INFO ofi_trade_7: 7.4516473398494e-05 , std 8.246947820788423e-05 
2023-05-13 15:52:59,648 INFO ofi_trade_8: 7.846754922465391e-05 , std 9.315520101733872e-05 
2023-05-13 15:52:59,648 INFO used_intercept: 0.9988365328679465 , std 0.034089785512469134 
2023-05-13 15:52:59,648 INFO used_ofi_add_1: 0.9470622454915648 , std 0.22390924200675547 
2023-05-13 15:52:59,648 INFO used_ofi_add_2: 0.9620418848167539 , std 0.1910949938511773 
2023-05-13 15:52:59,648 INFO used_ofi_add_3: 0.9616055846422339 , std 0.19214651760336818 
2023-05-13 15:52:59,648 INFO used_ofi_add_4: 0.9659685863874345 , std 0.1813098907950031 
2023-05-13 15:52:59,648 INFO used_ofi_add_5: 0.9163757998836533 , std 0.27682339726122845 
2023-05-13 15:52:59,648 INFO used_ofi_add_6: 0.8880162885398487 , std 0.31534641242253075 
2023-05-13 15:52:59,649 INFO used_ofi_add_7: 0.8075916230366492 , std 0.39419207683270335 
2023-05-13 15:52:59,649 INFO used_ofi_add_8: 0.7104421175101804 , std 0.45355717961226394 
2023-05-13 15:52:59,649 INFO used_ofi_cancel_1: 0.599476439790576 , std 0.4900045284755967 
2023-05-13 15:52:59,649 INFO used_ofi_cancel_2: 0.8550029086678301 , std 0.3520979051874354 
2023-05-13 15:52:59,649 INFO used_ofi_cancel_3: 0.9470622454915648 , std 0.22390924200675547 
2023-05-13 15:52:59,649 INFO used_ofi_cancel_4: 0.9466259453170448 , std 0.2247782573329905 
2023-05-13 15:52:59,649 INFO used_ofi_cancel_5: 0.8787085514834206 , std 0.32646566899649554 
2023-05-13 15:52:59,649 INFO used_ofi_cancel_6: 0.8055555555555556 , std 0.39577241246597233 
2023-05-13 15:52:59,649 INFO used_ofi_cancel_7: 0.6705933682373473 , std 0.46999776883878586 
2023-05-13 15:52:59,649 INFO used_ofi_cancel_8: 0.6369982547993019 , std 0.4808653430867581 
2023-05-13 15:52:59,649 INFO used_ofi_trade_1: 0.20186154741128562 , std 0.4013894157647993 
2023-05-13 15:52:59,649 INFO used_ofi_trade_2: 0.7911576497963932 , std 0.40648151614192846 
2023-05-13 15:52:59,649 INFO used_ofi_trade_3: 0.9082315299592787 , std 0.28869883606815355 
2023-05-13 15:52:59,649 INFO used_ofi_trade_4: 0.8631471785922048 , std 0.3436919066264455 
2023-05-13 15:52:59,649 INFO used_ofi_trade_5: 0.8187899941826643 , std 0.3851920814464088 
2023-05-13 15:52:59,649 INFO used_ofi_trade_6: 0.7217859220477022 , std 0.4481194090657652 
2023-05-13 15:52:59,649 INFO used_ofi_trade_7: 0.6272542175683536 , std 0.48353527700785814 
2023-05-13 15:52:59,649 INFO used_ofi_trade_8: 0.5786794648051192 , std 0.49377073811433986 
2023-05-13 15:52:59,649 INFO Grouping by ofi type:
2023-05-13 15:52:59,649 INFO add: 7.159104130308319
2023-05-13 15:52:59,649 INFO cancel: 6.340023269342641
2023-05-13 15:52:59,649 INFO trade: 5.510907504363001
2023-05-13 15:52:59,650 INFO Grouping by level:
2023-05-13 15:52:59,650 INFO 1: 1.7484002326934265
2023-05-13 15:52:59,650 INFO 2: 2.608202443280977
2023-05-13 15:52:59,650 INFO 3: 2.8168993600930774
2023-05-13 15:52:59,650 INFO 4: 2.775741710296684
2023-05-13 15:52:59,650 INFO 5: 2.613874345549738
2023-05-13 15:52:59,650 INFO 6: 2.4153577661431065
2023-05-13 15:52:59,650 INFO 7: 2.10543920884235
2023-05-13 15:52:59,650 INFO 8: 1.9261198371146016
2023-05-13 15:52:59,650 INFO Non empty regressions: 1.0 --- 6876 / 6876
