2023-05-13 15:50:11,431 INFO Starting...
2023-05-13 15:50:11,431 INFO Tickers: ['PG']
2023-05-13 15:50:14,660 INFO in_r2: 0.9484338262413682 , std 0.028783315538185146 
2023-05-13 15:50:14,660 INFO os_r2: 0.9256318474490595 , std 0.05132412744930795 
2023-05-13 15:50:14,660 INFO intercept: 1.5320899606984538e-07 , std 3.1113474783305887e-06 
2023-05-13 15:50:14,660 INFO ofi_add_1: 3.772767629524223e-05 , std 3.1448190707795755e-05 
2023-05-13 15:50:14,660 INFO ofi_add_2: 5.7564631461806916e-05 , std 4.070991990465832e-05 
2023-05-13 15:50:14,660 INFO ofi_add_3: 7.15213520374236e-05 , std 4.388131503526107e-05 
2023-05-13 15:50:14,660 INFO ofi_add_4: 6.98887551525333e-05 , std 4.7319133245053566e-05 
2023-05-13 15:50:14,660 INFO ofi_add_5: 5.481650891913646e-05 , std 4.0201981621105605e-05 
2023-05-13 15:50:14,660 INFO ofi_add_6: 4.937702526851258e-05 , std 4.120490696810744e-05 
2023-05-13 15:50:14,660 INFO ofi_add_7: 5.5857216104459486e-05 , std 4.8506948949367944e-05 
2023-05-13 15:50:14,660 INFO ofi_add_8: 5.94310464490023e-05 , std 5.7356964772667e-05 
2023-05-13 15:50:14,660 INFO ofi_cancel_1: 1.988307315211448e-05 , std 3.0179684876237452e-05 
2023-05-13 15:50:14,660 INFO ofi_cancel_2: 5.090227393787306e-05 , std 4.273994737107048e-05 
2023-05-13 15:50:14,660 INFO ofi_cancel_3: 7.128364740413813e-05 , std 4.806452793244471e-05 
2023-05-13 15:50:14,660 INFO ofi_cancel_4: 7.172221652235307e-05 , std 5.1344564295401756e-05 
2023-05-13 15:50:14,660 INFO ofi_cancel_5: 5.7203294101961495e-05 , std 4.550597891037467e-05 
2023-05-13 15:50:14,660 INFO ofi_cancel_6: 4.6715187958947176e-05 , std 4.439648698252332e-05 
2023-05-13 15:50:14,661 INFO ofi_cancel_7: 4.534794290756272e-05 , std 5.10793336947672e-05 
2023-05-13 15:50:14,661 INFO ofi_cancel_8: 5.620184212332371e-05 , std 6.346725347683484e-05 
2023-05-13 15:50:14,661 INFO ofi_trade_1: 1.0510650624535484e-05 , std 3.5295662995259015e-05 
2023-05-13 15:50:14,661 INFO ofi_trade_2: 4.463323925820027e-05 , std 5.3698916968683066e-05 
2023-05-13 15:50:14,661 INFO ofi_trade_3: 7.182392527165647e-05 , std 6.0039209529862826e-05 
2023-05-13 15:50:14,661 INFO ofi_trade_4: 6.75733663661343e-05 , std 5.782433405577953e-05 
2023-05-13 15:50:14,661 INFO ofi_trade_5: 5.715501671886371e-05 , std 5.27062778608061e-05 
2023-05-13 15:50:14,661 INFO ofi_trade_6: 4.899312234939354e-05 , std 5.170785308138829e-05 
2023-05-13 15:50:14,661 INFO ofi_trade_7: 4.9958682009368764e-05 , std 5.7630571908946994e-05 
2023-05-13 15:50:14,661 INFO ofi_trade_8: 5.252238165322694e-05 , std 6.421459496081436e-05 
2023-05-13 15:50:14,661 INFO used_intercept: 0.9997250481165796 , std 0.016579393381007793 
2023-05-13 15:50:14,661 INFO used_ofi_add_1: 0.9033544129777289 , std 0.2954745632561147 
2023-05-13 15:50:14,661 INFO used_ofi_add_2: 0.915039868023096 , std 0.27882235913099057 
2023-05-13 15:50:14,661 INFO used_ofi_add_3: 0.9462469067913115 , std 0.2255298166078856 
2023-05-13 15:50:14,661 INFO used_ofi_add_4: 0.9400604894143525 , std 0.2373747367695235 
2023-05-13 15:50:14,661 INFO used_ofi_add_5: 0.9144899642562552 , std 0.27963917738909244 
2023-05-13 15:50:14,661 INFO used_ofi_add_6: 0.8852075886719823 , std 0.3187712559650208 
2023-05-13 15:50:14,661 INFO used_ofi_add_7: 0.8395655760241958 , std 0.36700847344353793 
2023-05-13 15:50:14,661 INFO used_ofi_add_8: 0.7394830904591696 , std 0.4389166770403298 
2023-05-13 15:50:14,661 INFO used_ofi_cancel_1: 0.5233709100907341 , std 0.49945350190135895 
2023-05-13 15:50:14,661 INFO used_ofi_cancel_2: 0.8076711575474292 , std 0.39413000242740337 
2023-05-13 15:50:14,661 INFO used_ofi_cancel_3: 0.9144899642562552 , std 0.27963917738909244 
2023-05-13 15:50:14,661 INFO used_ofi_cancel_4: 0.922601044817157 , std 0.26722342135270866 
2023-05-13 15:50:14,661 INFO used_ofi_cancel_5: 0.886994775914215 , std 0.3165991841668366 
2023-05-13 15:50:14,661 INFO used_ofi_cancel_6: 0.7880120978828705 , std 0.40871632151543424 
2023-05-13 15:50:14,661 INFO used_ofi_cancel_7: 0.6571350013747594 , std 0.4746668214052403 
2023-05-13 15:50:14,661 INFO used_ofi_cancel_8: 0.6213912565301072 , std 0.4850403723794976 
2023-05-13 15:50:14,661 INFO used_ofi_trade_1: 0.14874896893043718 , std 0.3558408537149283 
2023-05-13 15:50:14,661 INFO used_ofi_trade_2: 0.5859224635688755 , std 0.4925620065070541 
2023-05-13 15:50:14,661 INFO used_ofi_trade_3: 0.8216937036018697 , std 0.3827703764176538 
2023-05-13 15:50:14,661 INFO used_ofi_trade_4: 0.8265053615617267 , std 0.37867433088532176 
2023-05-13 15:50:14,661 INFO used_ofi_trade_5: 0.79447346714325 , std 0.4040858536853688 
2023-05-13 15:50:14,661 INFO used_ofi_trade_6: 0.7231234533956558 , std 0.4474549413570004 
2023-05-13 15:50:14,661 INFO used_ofi_trade_7: 0.6361011822930988 , std 0.48112001431911006 
2023-05-13 15:50:14,661 INFO used_ofi_trade_8: 0.5574649436348639 , std 0.4966868029785389 
2023-05-13 15:50:14,663 INFO Grouping by ofi type:
2023-05-13 15:50:14,663 INFO add: 7.083447896618092
2023-05-13 15:50:14,663 INFO cancel: 6.121666208413528
2023-05-13 15:50:14,663 INFO trade: 5.094033544129777
2023-05-13 15:50:14,663 INFO Grouping by level:
2023-05-13 15:50:14,663 INFO 1: 1.5754742919989
2023-05-13 15:50:14,663 INFO 2: 2.3086334891394005
2023-05-13 15:50:14,663 INFO 3: 2.6824305746494366
2023-05-13 15:50:14,663 INFO 4: 2.689166895793236
2023-05-13 15:50:14,663 INFO 5: 2.59595820731372
2023-05-13 15:50:14,663 INFO 6: 2.396343139950509
2023-05-13 15:50:14,663 INFO 7: 2.132801759692054
2023-05-13 15:50:14,663 INFO 8: 1.9183392906241408
2023-05-13 15:50:14,663 INFO Non empty regressions: 1.0 --- 7274 / 7274
