2023-05-13 15:52:38,892 INFO Starting...
2023-05-13 15:52:38,892 INFO Tickers: ['QCOM']
2023-05-13 15:52:42,205 INFO in_r2: 0.9739571339312835 , std 0.027203602786077596 
2023-05-13 15:52:42,206 INFO os_r2: 0.9430176980872373 , std 0.3859387397128703 
2023-05-13 15:52:42,206 INFO intercept: -3.8672683358262417e-07 , std 5.283729972940898e-06 
2023-05-13 15:52:42,206 INFO ofi_add_1: 4.766020041318718e-05 , std 4.519344586830605e-05 
2023-05-13 15:52:42,206 INFO ofi_add_2: 8.5614529334282e-05 , std 5.4597797375294935e-05 
2023-05-13 15:52:42,206 INFO ofi_add_3: 9.388199734851755e-05 , std 5.774461347649836e-05 
2023-05-13 15:52:42,206 INFO ofi_add_4: 9.654166324493712e-05 , std 6.117908164059166e-05 
2023-05-13 15:52:42,206 INFO ofi_add_5: 0.00010637146990381892 , std 6.441037402806986e-05 
2023-05-13 15:52:42,206 INFO ofi_add_6: 9.711664639516886e-05 , std 6.475980540817095e-05 
2023-05-13 15:52:42,206 INFO ofi_add_7: 8.438335289015302e-05 , std 6.290365555559061e-05 
2023-05-13 15:52:42,206 INFO ofi_add_8: 0.00010750765554214934 , std 7.882256123255416e-05 
2023-05-13 15:52:42,206 INFO ofi_cancel_1: 2.340786191279407e-05 , std 3.4971027709265554e-05 
2023-05-13 15:52:42,206 INFO ofi_cancel_2: 6.174359476582735e-05 , std 5.417683279231291e-05 
2023-05-13 15:52:42,206 INFO ofi_cancel_3: 9.10817633404846e-05 , std 6.2955914454773e-05 
2023-05-13 15:52:42,206 INFO ofi_cancel_4: 0.00010027988869263075 , std 6.987328532291261e-05 
2023-05-13 15:52:42,206 INFO ofi_cancel_5: 9.996971681128015e-05 , std 7.08324523717069e-05 
2023-05-13 15:52:42,206 INFO ofi_cancel_6: 9.002077201360336e-05 , std 7.307272957068922e-05 
2023-05-13 15:52:42,206 INFO ofi_cancel_7: 7.274451737754743e-05 , std 6.895945411394073e-05 
2023-05-13 15:52:42,206 INFO ofi_cancel_8: 0.00010725249307589815 , std 8.913951601966693e-05 
2023-05-13 15:52:42,206 INFO ofi_trade_1: 1.7583679341778822e-05 , std 4.684622196073477e-05 
2023-05-13 15:52:42,206 INFO ofi_trade_2: 8.507315161966682e-05 , std 6.840765921424998e-05 
2023-05-13 15:52:42,206 INFO ofi_trade_3: 0.00010043328525403112 , std 7.298611137382236e-05 
2023-05-13 15:52:42,206 INFO ofi_trade_4: 0.00010164970957812376 , std 7.25092576712268e-05 
2023-05-13 15:52:42,206 INFO ofi_trade_5: 0.00010184283556883986 , std 7.187344980751221e-05 
2023-05-13 15:52:42,206 INFO ofi_trade_6: 8.771239669892035e-05 , std 6.962706547212252e-05 
2023-05-13 15:52:42,206 INFO ofi_trade_7: 7.620890008113873e-05 , std 6.955629829684444e-05 
2023-05-13 15:52:42,206 INFO ofi_trade_8: 0.00010540309999025328 , std 8.603569839505941e-05 
2023-05-13 15:52:42,206 INFO used_intercept: 0.999720005599888 , std 0.016730690459389408 
2023-05-13 15:52:42,207 INFO used_ofi_add_1: 0.9307013859722806 , std 0.2539612492518428 
2023-05-13 15:52:42,207 INFO used_ofi_add_2: 0.9654206915861683 , std 0.18271173975268482 
2023-05-13 15:52:42,207 INFO used_ofi_add_3: 0.9427411451770965 , std 0.23233656270004768 
2023-05-13 15:52:42,207 INFO used_ofi_add_4: 0.9549209015819684 , std 0.20747764531112517 
2023-05-13 15:52:42,207 INFO used_ofi_add_5: 0.9574408511829764 , std 0.2018610107697722 
2023-05-13 15:52:42,207 INFO used_ofi_add_6: 0.9223015539689207 , std 0.2676964652651111 
2023-05-13 15:52:42,207 INFO used_ofi_add_7: 0.870222595548089 , std 0.33605837252720855 
2023-05-13 15:52:42,207 INFO used_ofi_add_8: 0.8290634187316254 , std 0.37645353823899036 
2023-05-13 15:52:42,207 INFO used_ofi_cancel_1: 0.5808483830323393 , std 0.4934202457956667 
2023-05-13 15:52:42,207 INFO used_ofi_cancel_2: 0.7929441411171777 , std 0.40519591580508196 
2023-05-13 15:52:42,207 INFO used_ofi_cancel_3: 0.9045219095618088 , std 0.2938741647107955 
2023-05-13 15:52:42,207 INFO used_ofi_cancel_4: 0.9259414811703766 , std 0.26186610055214427 
2023-05-13 15:52:42,207 INFO used_ofi_cancel_5: 0.8881422371552569 , std 0.3151913763669817 
2023-05-13 15:52:42,207 INFO used_ofi_cancel_6: 0.8297634047319054 , std 0.3758405205663987 
2023-05-13 15:52:42,207 INFO used_ofi_cancel_7: 0.7312053758924821 , std 0.4433329157173151 
2023-05-13 15:52:42,207 INFO used_ofi_cancel_8: 0.749685006299874 , std 0.4331944108931137 
2023-05-13 15:52:42,207 INFO used_ofi_trade_1: 0.2939941201175976 , std 0.4555892639800429 
2023-05-13 15:52:42,207 INFO used_ofi_trade_2: 0.8503429931401372 , std 0.3567348975886853 
2023-05-13 15:52:42,207 INFO used_ofi_trade_3: 0.8944421111577768 , std 0.3072709243410382 
2023-05-13 15:52:42,207 INFO used_ofi_trade_4: 0.9112417751644967 , std 0.28439444853856327 
2023-05-13 15:52:42,207 INFO used_ofi_trade_5: 0.8983620327593448 , std 0.3021716248356928 
2023-05-13 15:52:42,207 INFO used_ofi_trade_6: 0.8331233375332493 , std 0.3728657157620004 
2023-05-13 15:52:42,207 INFO used_ofi_trade_7: 0.753464930701386 , std 0.43099365297477593 
2023-05-13 15:52:42,207 INFO used_ofi_trade_8: 0.7627047459050819 , std 0.42542474831507665 
2023-05-13 15:52:42,209 INFO Grouping by ofi type:
2023-05-13 15:52:42,209 INFO add: 7.372812543749125
2023-05-13 15:52:42,209 INFO cancel: 6.403051938961221
2023-05-13 15:52:42,210 INFO trade: 6.197676046479071
2023-05-13 15:52:42,210 INFO Grouping by level:
2023-05-13 15:52:42,210 INFO 1: 1.8055438891222177
2023-05-13 15:52:42,210 INFO 2: 2.6087078258434833
2023-05-13 15:52:42,210 INFO 3: 2.7417051658966822
2023-05-13 15:52:42,210 INFO 4: 2.7921041579168415
2023-05-13 15:52:42,210 INFO 5: 2.743945121097578
2023-05-13 15:52:42,210 INFO 6: 2.5851882962340755
2023-05-13 15:52:42,210 INFO 7: 2.354892902141957
2023-05-13 15:52:42,210 INFO 8: 2.3414531709365813
2023-05-13 15:52:42,210 INFO Non empty regressions: 1.0 --- 7143 / 7143
