2023-05-13 15:50:36,344 INFO Starting...
2023-05-13 15:50:36,344 INFO Tickers: ['VZ']
2023-05-13 15:50:39,437 INFO in_r2: 0.9782814545235622 , std 0.026391186069702224 
2023-05-13 15:50:39,437 INFO os_r2: 0.9503647045470622 , std 0.08029090190311249 
2023-05-13 15:50:39,437 INFO intercept: 2.3532966903192244e-10 , std 2.643860209147646e-06 
2023-05-13 15:50:39,437 INFO ofi_add_1: 5.6187073975344814e-05 , std 4.500980222996067e-05 
2023-05-13 15:50:39,437 INFO ofi_add_2: 0.0001234687242156611 , std 6.830436164446984e-05 
2023-05-13 15:50:39,437 INFO ofi_add_3: 8.544643880246785e-05 , std 6.0284903599166324e-05 
2023-05-13 15:50:39,437 INFO ofi_add_4: 5.8000893945349616e-05 , std 5.688387690728777e-05 
2023-05-13 15:50:39,437 INFO ofi_add_5: 0.000132053465732248 , std 7.456339635444475e-05 
2023-05-13 15:50:39,437 INFO ofi_add_6: 0.00012612734611871886 , std 8.720704094767344e-05 
2023-05-13 15:50:39,437 INFO ofi_add_7: 8.89731267966632e-05 , std 8.423006933909822e-05 
2023-05-13 15:50:39,437 INFO ofi_add_8: 8.838237557814742e-05 , std 9.948798979508023e-05 
2023-05-13 15:50:39,437 INFO ofi_cancel_1: 2.307334427325244e-05 , std 3.2957167996093324e-05 
2023-05-13 15:50:39,437 INFO ofi_cancel_2: 6.778904866715903e-05 , std 5.877854748756595e-05 
2023-05-13 15:50:39,437 INFO ofi_cancel_3: 8.907451302019335e-05 , std 6.579349959033008e-05 
2023-05-13 15:50:39,438 INFO ofi_cancel_4: 6.486708578676871e-05 , std 6.602061765969593e-05 
2023-05-13 15:50:39,438 INFO ofi_cancel_5: 0.00010560005153406181 , std 7.988158925579221e-05 
2023-05-13 15:50:39,438 INFO ofi_cancel_6: 0.00011419268151634136 , std 9.933278455293627e-05 
2023-05-13 15:50:39,438 INFO ofi_cancel_7: 8.77549080523497e-05 , std 9.71077261859525e-05 
2023-05-13 15:50:39,438 INFO ofi_cancel_8: 9.596004503934905e-05 , std 0.0001168310635476282 
2023-05-13 15:50:39,438 INFO ofi_trade_1: 7.863602152158243e-06 , std 2.8918522827611703e-05 
2023-05-13 15:50:39,438 INFO ofi_trade_2: 0.00011022806883713574 , std 8.44787282579696e-05 
2023-05-13 15:50:39,438 INFO ofi_trade_3: 0.00011124702977113438 , std 8.071355180236637e-05 
2023-05-13 15:50:39,438 INFO ofi_trade_4: 7.667401868961948e-05 , std 6.655725745895176e-05 
2023-05-13 15:50:39,438 INFO ofi_trade_5: 0.00012250131171477984 , std 8.582144049935327e-05 
2023-05-13 15:50:39,438 INFO ofi_trade_6: 0.00010172857790757546 , std 9.215456946292741e-05 
2023-05-13 15:50:39,438 INFO ofi_trade_7: 6.782928055900339e-05 , std 8.16474520818752e-05 
2023-05-13 15:50:39,438 INFO ofi_trade_8: 7.18218345550647e-05 , std 9.570689128723386e-05 
2023-05-13 15:50:39,438 INFO used_intercept: 1.0 , std 0.0 
2023-05-13 15:50:39,438 INFO used_ofi_add_1: 0.9746870271013894 , std 0.15707395169678753 
2023-05-13 15:50:39,438 INFO used_ofi_add_2: 0.9869308020360434 , std 0.11357109680079455 
2023-05-13 15:50:39,438 INFO used_ofi_add_3: 0.9178704085843995 , std 0.2745620542418544 
2023-05-13 15:50:39,438 INFO used_ofi_add_4: 0.9034255055716055 , std 0.29537748975555755 
2023-05-13 15:50:39,438 INFO used_ofi_add_5: 0.9551520154078965 , std 0.20697014970794683 
2023-05-13 15:50:39,438 INFO used_ofi_add_6: 0.8704085843995047 , std 0.33585336175651864 
2023-05-13 15:50:39,438 INFO used_ofi_add_7: 0.7083505296464438 , std 0.4545217891323213 
2023-05-13 15:50:39,438 INFO used_ofi_add_8: 0.6050350804787453 , std 0.48884315671677714 
2023-05-13 15:50:39,438 INFO used_ofi_cancel_1: 0.5511074425643142 , std 0.4973811710494631 
2023-05-13 15:50:39,438 INFO used_ofi_cancel_2: 0.7635163021048287 , std 0.4249225323808996 
2023-05-13 15:50:39,438 INFO used_ofi_cancel_3: 0.9269500619067272 , std 0.26021845560575024 
2023-05-13 15:50:39,438 INFO used_ofi_cancel_4: 0.8983353968909066 , std 0.30220673649633284 
2023-05-13 15:50:39,438 INFO used_ofi_cancel_5: 0.8501857201815931 , std 0.3568892844859579 
2023-05-13 15:50:39,438 INFO used_ofi_cancel_6: 0.7454945659650571 , std 0.43558284870002434 
2023-05-13 15:50:39,438 INFO used_ofi_cancel_7: 0.6090246251203741 , std 0.487968883349504 
2023-05-13 15:50:39,438 INFO used_ofi_cancel_8: 0.552895859127803 , std 0.497194155322779 
2023-05-13 15:50:39,438 INFO used_ofi_trade_1: 0.12298803136607511 , std 0.3284234697867563 
2023-05-13 15:50:39,438 INFO used_ofi_trade_2: 0.8402806438299628 , std 0.3663455792481547 
2023-05-13 15:50:39,438 INFO used_ofi_trade_3: 0.9028752235520704 , std 0.2961275979166232 
2023-05-13 15:50:39,438 INFO used_ofi_trade_4: 0.8539001238134544 , std 0.3532063169945034 
2023-05-13 15:50:39,438 INFO used_ofi_trade_5: 0.8665566102627597 , std 0.3400533068103813 
2023-05-13 15:50:39,438 INFO used_ofi_trade_6: 0.7178428944834228 , std 0.4500494120905885 
2023-05-13 15:50:39,438 INFO used_ofi_trade_7: 0.5508323015545467 , std 0.49740936573276107 
2023-05-13 15:50:39,438 INFO used_ofi_trade_8: 0.48699958728848536 , std 0.4998309606950437 
2023-05-13 15:50:39,439 INFO Grouping by ofi type:
2023-05-13 15:50:39,439 INFO add: 6.921859953226028
2023-05-13 15:50:39,439 INFO cancel: 5.897509973861604
2023-05-13 15:50:39,439 INFO trade: 5.342275416150777
2023-05-13 15:50:39,439 INFO Grouping by level:
2023-05-13 15:50:39,439 INFO 1: 1.6487825010317787
2023-05-13 15:50:39,439 INFO 2: 2.590727747970835
2023-05-13 15:50:39,439 INFO 3: 2.7476956940431974
2023-05-13 15:50:39,439 INFO 4: 2.6556610262759666
2023-05-13 15:50:39,439 INFO 5: 2.671894345852249
2023-05-13 15:50:39,439 INFO 6: 2.3337460448479845
2023-05-13 15:50:39,439 INFO 7: 1.8682074563213646
2023-05-13 15:50:39,439 INFO 8: 1.6449305268950338
2023-05-13 15:50:39,439 INFO Non empty regressions: 0.9998624294951163 --- 7268 / 7269
