2023-05-13 15:51:14,386 INFO Starting...
2023-05-13 15:51:14,386 INFO Tickers: ['WMT']
2023-05-13 15:51:17,761 INFO in_r2: 0.9420819757615093 , std 0.03958341916990199 
2023-05-13 15:51:17,762 INFO os_r2: 0.9137664997706434 , std 0.09874622907918743 
2023-05-13 15:51:17,762 INFO intercept: -6.284159247465997e-08 , std 3.931597024800259e-06 
2023-05-13 15:51:17,762 INFO ofi_add_1: 4.66275876557214e-05 , std 3.911359931953867e-05 
2023-05-13 15:51:17,762 INFO ofi_add_2: 6.579499153229831e-05 , std 4.6353663771978424e-05 
2023-05-13 15:51:17,762 INFO ofi_add_3: 7.145177451813568e-05 , std 4.529800764254758e-05 
2023-05-13 15:51:17,762 INFO ofi_add_4: 6.396394629130509e-05 , std 4.328642777764189e-05 
2023-05-13 15:51:17,762 INFO ofi_add_5: 4.9923314389284154e-05 , std 3.882358771863641e-05 
2023-05-13 15:51:17,762 INFO ofi_add_6: 5.292178644015815e-05 , std 4.6722359537766215e-05 
2023-05-13 15:51:17,762 INFO ofi_add_7: 5.963213873864105e-05 , std 5.0530151026342954e-05 
2023-05-13 15:51:17,762 INFO ofi_add_8: 7.185563369135552e-05 , std 5.68986602041494e-05 
2023-05-13 15:51:17,762 INFO ofi_cancel_1: 3.227117202810031e-05 , std 4.07825137318765e-05 
2023-05-13 15:51:17,762 INFO ofi_cancel_2: 6.328435086671826e-05 , std 4.7642664594818484e-05 
2023-05-13 15:51:17,762 INFO ofi_cancel_3: 7.049858536531263e-05 , std 4.800298612574629e-05 
2023-05-13 15:51:17,762 INFO ofi_cancel_4: 6.522914111612167e-05 , std 4.672121985876914e-05 
2023-05-13 15:51:17,762 INFO ofi_cancel_5: 5.084673825025605e-05 , std 4.229500743894203e-05 
2023-05-13 15:51:17,762 INFO ofi_cancel_6: 4.818240656154071e-05 , std 4.749058497793174e-05 
2023-05-13 15:51:17,762 INFO ofi_cancel_7: 5.054379738995605e-05 , std 5.2256007806141464e-05 
2023-05-13 15:51:17,762 INFO ofi_cancel_8: 7.051244170267694e-05 , std 6.342352991794905e-05 
2023-05-13 15:51:17,762 INFO ofi_trade_1: 1.505034608796835e-05 , std 4.22685544543428e-05 
2023-05-13 15:51:17,762 INFO ofi_trade_2: 5.414133656973633e-05 , std 6.173046399770534e-05 
2023-05-13 15:51:17,762 INFO ofi_trade_3: 7.039319285991875e-05 , std 6.355857676495557e-05 
2023-05-13 15:51:17,762 INFO ofi_trade_4: 6.682657205547387e-05 , std 5.905601786670962e-05 
2023-05-13 15:51:17,762 INFO ofi_trade_5: 5.4454429437139824e-05 , std 5.2549593624210885e-05 
2023-05-13 15:51:17,762 INFO ofi_trade_6: 5.057794139299634e-05 , std 5.2801404147371214e-05 
2023-05-13 15:51:17,762 INFO ofi_trade_7: 5.785459676816923e-05 , std 5.979602446594741e-05 
2023-05-13 15:51:17,762 INFO ofi_trade_8: 6.899392025308039e-05 , std 6.78016488388912e-05 
2023-05-13 15:51:17,762 INFO used_intercept: 0.99945085118067 , std 0.023427489300056607 
2023-05-13 15:51:17,762 INFO used_ofi_add_1: 0.8982701812191104 , std 0.3022926773041269 
2023-05-13 15:51:17,763 INFO used_ofi_add_2: 0.9198242723778144 , std 0.27156505725597085 
2023-05-13 15:51:17,763 INFO used_ofi_add_3: 0.9433003844041735 , std 0.23126774350763227 
2023-05-13 15:51:17,763 INFO used_ofi_add_4: 0.9372597473915432 , std 0.24249518203684775 
2023-05-13 15:51:17,763 INFO used_ofi_add_5: 0.914881933003844 , std 0.2790573089295349 
2023-05-13 15:51:17,763 INFO used_ofi_add_6: 0.9163920922570017 , std 0.276798890001092 
2023-05-13 15:51:17,763 INFO used_ofi_add_7: 0.8820702910488742 , std 0.32252487144068215 
2023-05-13 15:51:17,763 INFO used_ofi_add_8: 0.8293520043931906 , std 0.3762010861257418 
2023-05-13 15:51:17,763 INFO used_ofi_cancel_1: 0.6179297089511258 , std 0.4858935930290733 
2023-05-13 15:51:17,763 INFO used_ofi_cancel_2: 0.8664195496979682 , std 0.3402009900031719 
2023-05-13 15:51:17,763 INFO used_ofi_cancel_3: 0.9271004942339374 , std 0.2599714750220231 
2023-05-13 15:51:17,763 INFO used_ofi_cancel_4: 0.9277869302581 , std 0.258840379964857 
2023-05-13 15:51:17,763 INFO used_ofi_cancel_5: 0.8890719384953323 , std 0.3140430331586492 
2023-05-13 15:51:17,763 INFO used_ofi_cancel_6: 0.8312740252608457 , std 0.3745097063995492 
2023-05-13 15:51:17,763 INFO used_ofi_cancel_7: 0.7473915431081823 , std 0.4345082558462524 
2023-05-13 15:51:17,763 INFO used_ofi_cancel_8: 0.7516474464579901 , std 0.43205736041777254 
2023-05-13 15:51:17,763 INFO used_ofi_trade_1: 0.20387149917627678 , std 0.40287455988172566 
2023-05-13 15:51:17,763 INFO used_ofi_trade_2: 0.6356397583745195 , std 0.4812503048810483 
2023-05-13 15:51:17,763 INFO used_ofi_trade_3: 0.8087589236683141 , std 0.393278434515782 
2023-05-13 15:51:17,763 INFO used_ofi_trade_4: 0.8212520593080724 , std 0.3831411155048785 
2023-05-13 15:51:17,763 INFO used_ofi_trade_5: 0.7843218012081274 , std 0.4112920049767149 
2023-05-13 15:51:17,763 INFO used_ofi_trade_6: 0.7489017023613399 , std 0.43364494988599483 
2023-05-13 15:51:17,763 INFO used_ofi_trade_7: 0.7202086765513455 , std 0.44889657914881126 
2023-05-13 15:51:17,763 INFO used_ofi_trade_8: 0.686436024162548 , std 0.46394138519263595 
2023-05-13 15:51:17,765 INFO Grouping by ofi type:
2023-05-13 15:51:17,765 INFO add: 7.241350906095552
2023-05-13 15:51:17,765 INFO cancel: 6.558621636463482
2023-05-13 15:51:17,765 INFO trade: 5.409390444810543
2023-05-13 15:51:17,766 INFO Grouping by level:
2023-05-13 15:51:17,766 INFO 1: 1.7200713893465127
2023-05-13 15:51:17,766 INFO 2: 2.4218835804503023
2023-05-13 15:51:17,766 INFO 3: 2.679159802306425
2023-05-13 15:51:17,766 INFO 4: 2.6862987369577156
2023-05-13 15:51:17,766 INFO 5: 2.5882756727073035
2023-05-13 15:51:17,766 INFO 6: 2.4965678198791874
2023-05-13 15:51:17,766 INFO 7: 2.349670510708402
2023-05-13 15:51:17,766 INFO 8: 2.2674354750137287
2023-05-13 15:51:17,766 INFO Non empty regressions: 1.0 --- 7284 / 7284
