2023-04-20 16:33:05,283 INFO Tickers: ['ABBV']
2023-04-20 16:33:21,882 INFO Negative OS: -0.10451334432065384 --- ticker ABBV --- day 2017-11-29 --- time 50400
2023-04-20 16:33:22,994 INFO Negative OS: -0.19651122012318267 --- ticker ABBV --- day 2017-12-22 --- time 36000
2023-04-20 16:33:23,502 INFO Negative OS: -0.15303691378290463 --- ticker ABBV --- day 2018-01-05 --- time 41400
2023-04-20 16:33:23,887 INFO Negative OS: -0.05183478720724444 --- ticker ABBV --- day 2018-01-16 --- time 52200
2023-04-20 16:33:24,048 INFO Negative OS: -0.2650882824023235 --- ticker ABBV --- day 2018-01-19 --- time 36000
2023-04-20 16:33:24,413 INFO Negative OS: -0.6671301525221924 --- ticker ABBV --- day 2018-01-25 --- time 37800
2023-04-20 16:33:24,423 INFO Negative OS: -0.24200291923390882 --- ticker ABBV --- day 2018-01-25 --- time 41400
2023-04-20 16:33:24,471 INFO Negative OS: -7.053873002313896 --- ticker ABBV --- day 2018-01-25 --- time 52200
2023-04-20 16:33:24,567 INFO Negative OS: -0.0012817459540488407 --- ticker ABBV --- day 2018-01-26 --- time 39600
2023-04-20 16:33:24,699 INFO Negative OS: -0.07818774130195938 --- ticker ABBV --- day 2018-01-29 --- time 50400
2023-04-20 16:33:24,805 INFO Negative OS: -1.2237591625699125 --- ticker ABBV --- day 2018-01-30 --- time 41400
2023-04-20 16:33:24,830 INFO Negative OS: -23.92103304445408 --- ticker ABBV --- day 2018-01-30 --- time 50400
2023-04-20 16:33:24,868 INFO Negative OS: -0.08393257837896817 --- ticker ABBV --- day 2018-01-31 --- time 36000
2023-04-20 16:33:24,883 INFO Negative OS: -0.18387915153401924 --- ticker ABBV --- day 2018-01-31 --- time 41400
2023-04-20 16:33:24,909 INFO Negative OS: -0.07207360396977935 --- ticker ABBV --- day 2018-01-31 --- time 50400
2023-04-20 16:33:24,951 INFO Negative OS: -2.333283976433785 --- ticker ABBV --- day 2018-02-01 --- time 37800
2023-04-20 16:33:24,982 INFO Negative OS: -0.06372327762829633 --- ticker ABBV --- day 2018-02-01 --- time 48600
2023-04-20 16:33:25,061 INFO Negative OS: -1.122425850006505 --- ticker ABBV --- day 2018-02-02 --- time 39600
2023-04-20 16:33:25,176 INFO Negative OS: -0.2237757974109975 --- ticker ABBV --- day 2018-02-05 --- time 43200
2023-04-20 16:33:25,324 INFO Negative OS: -0.1869621851499501 --- ticker ABBV --- day 2018-02-06 --- time 48600
2023-04-20 16:33:25,377 INFO Negative OS: -0.11423005317454349 --- ticker ABBV --- day 2018-02-07 --- time 39600
2023-04-20 16:33:25,382 INFO Negative OS: -0.012606984757312922 --- ticker ABBV --- day 2018-02-07 --- time 41400
2023-04-20 16:33:25,484 INFO Negative OS: -0.07850671132594611 --- ticker ABBV --- day 2018-02-08 --- time 36000
2023-04-20 16:33:25,503 INFO Negative OS: -0.0007722504735467872 --- ticker ABBV --- day 2018-02-08 --- time 37800
2023-04-20 16:33:25,513 INFO Negative OS: -0.31301929832707165 --- ticker ABBV --- day 2018-02-08 --- time 41400
2023-04-20 16:33:25,581 INFO Negative OS: -0.0615755048980271 --- ticker ABBV --- day 2018-02-09 --- time 37800
2023-04-20 16:33:25,610 INFO Negative OS: -0.11432798964037127 --- ticker ABBV --- day 2018-02-09 --- time 43200
2023-04-20 16:33:25,634 INFO Negative OS: -0.05577443371431556 --- ticker ABBV --- day 2018-02-09 --- time 46800
2023-04-20 16:33:25,640 INFO Negative OS: -0.1858290148458861 --- ticker ABBV --- day 2018-02-09 --- time 48600
2023-04-20 16:33:25,658 INFO Negative OS: -0.05433505483626089 --- ticker ABBV --- day 2018-02-09 --- time 50400
2023-04-20 16:33:25,894 INFO Negative OS: -3.429097775889227 --- ticker ABBV --- day 2018-02-14 --- time 50400
2023-04-20 16:33:25,899 INFO Negative OS: -3.4350963455842427 --- ticker ABBV --- day 2018-02-14 --- time 52200
2023-04-20 16:33:25,953 INFO Negative OS: -0.4057256315808144 --- ticker ABBV --- day 2018-02-15 --- time 46800
2023-04-20 16:33:25,963 INFO Negative OS: -1.034029241831409 --- ticker ABBV --- day 2018-02-15 --- time 50400
2023-04-20 16:33:26,001 INFO Negative OS: -0.5990685487881815 --- ticker ABBV --- day 2018-02-16 --- time 36000
2023-04-20 16:33:26,016 INFO Negative OS: -0.23983241363091623 --- ticker ABBV --- day 2018-02-16 --- time 41400
2023-04-20 16:33:26,021 INFO Negative OS: -0.27092322006891134 --- ticker ABBV --- day 2018-02-16 --- time 43200
2023-04-20 16:33:26,031 INFO Negative OS: -0.017861265649941505 --- ticker ABBV --- day 2018-02-16 --- time 46800
2023-04-20 16:33:26,041 INFO Negative OS: -0.3728418132398037 --- ticker ABBV --- day 2018-02-16 --- time 50400
2023-04-20 16:33:26,454 INFO Negative OS: -0.90984021969802 --- ticker ABBV --- day 2018-02-26 --- time 41400
2023-04-20 16:33:26,572 INFO Negative OS: -0.08582222834222475 --- ticker ABBV --- day 2018-02-27 --- time 41400
2023-04-20 16:33:26,657 INFO Negative OS: -0.0894775648453443 --- ticker ABBV --- day 2018-02-28 --- time 36000
2023-04-20 16:33:26,668 INFO Negative OS: -0.19381888413155002 --- ticker ABBV --- day 2018-02-28 --- time 39600
2023-04-20 16:33:27,033 INFO Negative OS: -0.19101145907504313 --- ticker ABBV --- day 2018-03-07 --- time 41400
2023-04-20 16:33:27,061 INFO Negative OS: -21.053181583427147 --- ticker ABBV --- day 2018-03-07 --- time 52200
2023-04-20 16:33:27,101 INFO Negative OS: -158.30896512420875 --- ticker ABBV --- day 2018-03-08 --- time 39600
2023-04-20 16:33:27,119 INFO Negative OS: -0.31313181556339753 --- ticker ABBV --- day 2018-03-08 --- time 48600
2023-04-20 16:33:27,125 INFO Negative OS: -116.76016922318274 --- ticker ABBV --- day 2018-03-08 --- time 50400
2023-04-20 16:33:27,167 INFO Negative OS: -1.474875893605884 --- ticker ABBV --- day 2018-03-09 --- time 37800
2023-04-20 16:33:27,340 INFO Negative OS: -0.15155096966856196 --- ticker ABBV --- day 2018-03-13 --- time 50400
2023-04-20 16:33:27,595 INFO Negative OS: -149.51854578079988 --- ticker ABBV --- day 2018-03-19 --- time 37800
2023-04-20 16:33:27,601 INFO Negative OS: -0.7812952728230176 --- ticker ABBV --- day 2018-03-19 --- time 39600
2023-04-20 16:33:27,870 INFO Negative OS: -0.1873974009818633 --- ticker ABBV --- day 2018-03-21 --- time 50400
2023-04-20 16:33:27,913 INFO Negative OS: -0.10226349609446417 --- ticker ABBV --- day 2018-03-22 --- time 37800
2023-04-20 16:33:27,923 INFO Negative OS: -0.024150971821253364 --- ticker ABBV --- day 2018-03-22 --- time 41400
2023-04-20 16:33:28,080 INFO Negative OS: -0.022521786359528617 --- ticker ABBV --- day 2018-03-23 --- time 50400
2023-04-20 16:33:28,117 INFO Negative OS: -0.24449599157835356 --- ticker ABBV --- day 2018-03-26 --- time 36000
2023-04-20 16:33:28,146 INFO Negative OS: -0.2168925654738849 --- ticker ABBV --- day 2018-03-26 --- time 41400
2023-04-20 16:33:28,297 INFO Negative OS: -0.20525498272188303 --- ticker ABBV --- day 2018-03-27 --- time 48600
2023-04-20 16:33:28,570 INFO Negative OS: -1.4134183694927533 --- ticker ABBV --- day 2018-04-02 --- time 36000
2023-04-20 16:33:28,575 INFO Negative OS: -2.7177848452319444 --- ticker ABBV --- day 2018-04-02 --- time 37800
2023-04-20 16:33:28,581 INFO Negative OS: -0.14414869668278585 --- ticker ABBV --- day 2018-04-02 --- time 39600
2023-04-20 16:33:28,586 INFO Negative OS: -0.012039517453641846 --- ticker ABBV --- day 2018-04-02 --- time 41400
2023-04-20 16:33:28,591 INFO Negative OS: -0.13597129566531807 --- ticker ABBV --- day 2018-04-02 --- time 43200
2023-04-20 16:33:28,596 INFO Negative OS: -0.1532158269693955 --- ticker ABBV --- day 2018-04-02 --- time 45000
2023-04-20 16:33:28,601 INFO Negative OS: -0.13195331307281344 --- ticker ABBV --- day 2018-04-02 --- time 46800
2023-04-20 16:33:28,606 INFO Negative OS: -0.030074835057056104 --- ticker ABBV --- day 2018-04-02 --- time 48600
2023-04-20 16:33:28,611 INFO Negative OS: -0.5165986005912337 --- ticker ABBV --- day 2018-04-02 --- time 50400
2023-04-20 16:33:28,913 INFO Negative OS: -0.23233908177614815 --- ticker ABBV --- day 2018-04-05 --- time 41400
2023-04-20 16:33:29,185 INFO Negative OS: -0.003578806052506156 --- ticker ABBV --- day 2018-04-10 --- time 36000
2023-04-20 16:33:29,195 INFO Negative OS: -0.2306438544215199 --- ticker ABBV --- day 2018-04-10 --- time 39600
2023-04-20 16:33:29,228 INFO Negative OS: -0.03012793147693138 --- ticker ABBV --- day 2018-04-10 --- time 46800
2023-04-20 16:33:29,337 INFO Negative OS: -0.5486571189470295 --- ticker ABBV --- day 2018-04-11 --- time 43200
2023-04-20 16:33:29,347 INFO Negative OS: -0.6233207612009526 --- ticker ABBV --- day 2018-04-11 --- time 46800
2023-04-20 16:33:30,126 INFO Negative OS: -0.3484758292028711 --- ticker ABBV --- day 2018-04-24 --- time 39600
2023-04-20 16:33:30,143 INFO Negative OS: -0.03750554856414268 --- ticker ABBV --- day 2018-04-24 --- time 46800
2023-04-20 16:33:30,153 INFO Negative OS: -0.12947100703501713 --- ticker ABBV --- day 2018-04-24 --- time 50400
2023-04-20 16:33:30,230 INFO Negative OS: -0.04047324270719366 --- ticker ABBV --- day 2018-04-25 --- time 36000
2023-04-20 16:33:30,254 INFO Negative OS: -0.08477267263315591 --- ticker ABBV --- day 2018-04-25 --- time 39600
2023-04-20 16:33:30,276 INFO Negative OS: -0.5971924808771134 --- ticker ABBV --- day 2018-04-25 --- time 48600
2023-04-20 16:33:30,319 INFO Negative OS: -0.19583240700818028 --- ticker ABBV --- day 2018-04-26 --- time 36000
2023-04-20 16:33:30,324 INFO Negative OS: -0.025840655066092344 --- ticker ABBV --- day 2018-04-26 --- time 37800
2023-04-20 16:33:30,334 INFO Negative OS: -0.09704613517804339 --- ticker ABBV --- day 2018-04-26 --- time 41400
2023-04-20 16:33:30,339 INFO Negative OS: -0.07775107648006618 --- ticker ABBV --- day 2018-04-26 --- time 43200
2023-04-20 16:33:30,941 INFO Negative OS: -0.7492859065331667 --- ticker ABBV --- day 2018-05-02 --- time 43200
2023-04-20 16:33:31,535 INFO Negative OS: -0.06097512351008705 --- ticker ABBV --- day 2018-05-14 --- time 41400
2023-04-20 16:33:31,940 INFO Negative OS: -0.11597490033222901 --- ticker ABBV --- day 2018-05-21 --- time 50400
2023-04-20 16:33:32,295 INFO Negative OS: -0.013300598711928568 --- ticker ABBV --- day 2018-05-29 --- time 39600
2023-04-20 16:33:32,672 INFO Negative OS: -0.4349470081264786 --- ticker ABBV --- day 2018-06-05 --- time 36000
2023-04-20 16:33:32,677 INFO Negative OS: -0.47228930267339986 --- ticker ABBV --- day 2018-06-05 --- time 37800
2023-04-20 16:33:32,682 INFO Negative OS: -0.01593935336327812 --- ticker ABBV --- day 2018-06-05 --- time 39600
2023-04-20 16:33:32,687 INFO Negative OS: -0.0636084354931421 --- ticker ABBV --- day 2018-06-05 --- time 41400
2023-04-20 16:33:32,749 INFO Negative OS: -0.08544669486207068 --- ticker ABBV --- day 2018-06-06 --- time 36000
2023-04-20 16:33:32,771 INFO Negative OS: -0.15871979521894208 --- ticker ABBV --- day 2018-06-06 --- time 45000
2023-04-20 16:33:32,776 INFO Negative OS: -0.13424268789778537 --- ticker ABBV --- day 2018-06-06 --- time 46800
2023-04-20 16:33:32,781 INFO Negative OS: -0.02780162409481468 --- ticker ABBV --- day 2018-06-06 --- time 48600
2023-04-20 16:33:32,828 INFO Negative OS: -0.2451796651678071 --- ticker ABBV --- day 2018-06-07 --- time 37800
2023-04-20 16:33:32,840 INFO Negative OS: -0.09658587148394804 --- ticker ABBV --- day 2018-06-07 --- time 43200
2023-04-20 16:33:32,850 INFO Negative OS: -0.5335156343086995 --- ticker ABBV --- day 2018-06-07 --- time 46800
2023-04-20 16:33:32,855 INFO Negative OS: -0.43725801438015366 --- ticker ABBV --- day 2018-06-07 --- time 48600
2023-04-20 16:33:32,860 INFO Negative OS: -0.06454542848134892 --- ticker ABBV --- day 2018-06-07 --- time 50400
2023-04-20 16:33:32,865 INFO Negative OS: -0.020711962902837833 --- ticker ABBV --- day 2018-06-07 --- time 52200
2023-04-20 16:33:32,897 INFO Negative OS: -0.011898665102616945 --- ticker ABBV --- day 2018-06-08 --- time 36000
2023-04-20 16:33:32,970 INFO Negative OS: -0.10978435924908236 --- ticker ABBV --- day 2018-06-11 --- time 36000
2023-04-20 16:33:32,975 INFO Negative OS: -1.702208761884997 --- ticker ABBV --- day 2018-06-11 --- time 37800
2023-04-20 16:33:32,980 INFO Negative OS: -0.02741126940347427 --- ticker ABBV --- day 2018-06-11 --- time 39600
2023-04-20 16:33:32,985 INFO Negative OS: -0.05196234061631455 --- ticker ABBV --- day 2018-06-11 --- time 41400
2023-04-20 16:33:32,995 INFO Negative OS: -0.0906763742065877 --- ticker ABBV --- day 2018-06-11 --- time 45000
2023-04-20 16:33:33,006 INFO Negative OS: -1.033519793683574 --- ticker ABBV --- day 2018-06-11 --- time 50400
2023-04-20 16:33:33,011 INFO Negative OS: -0.017396178855500155 --- ticker ABBV --- day 2018-06-11 --- time 52200
2023-04-20 16:33:39,933 INFO Negative OS: -2.0034608243235597 --- ticker ABBV --- day 2018-09-14 --- time 43200
2023-04-20 16:33:40,403 INFO Negative OS: -8.44653533281172 --- ticker ABBV --- day 2018-09-21 --- time 50400
2023-04-20 16:33:40,560 INFO Negative OS: -1.9743179320530948 --- ticker ABBV --- day 2018-09-25 --- time 36000
2023-04-20 16:33:40,642 INFO Negative OS: -1.420654617258431 --- ticker ABBV --- day 2018-09-25 --- time 52200
2023-04-20 16:33:41,773 INFO Negative OS: -0.9219982860258669 --- ticker ABBV --- day 2018-10-10 --- time 52200
2023-04-20 16:33:42,640 INFO Negative OS: -0.03960437468510247 --- ticker ABBV --- day 2018-10-22 --- time 39600
2023-04-20 16:33:42,645 INFO Negative OS: -0.017217946856117994 --- ticker ABBV --- day 2018-10-22 --- time 41400
2023-04-20 16:33:43,229 INFO Negative OS: -0.07257609525090114 --- ticker ABBV --- day 2018-10-29 --- time 36000
2023-04-20 16:33:43,641 INFO Negative OS: -0.20524415523845363 --- ticker ABBV --- day 2018-11-02 --- time 36000
2023-04-20 16:33:43,657 INFO Negative OS: -0.3683166716453843 --- ticker ABBV --- day 2018-11-02 --- time 41400
2023-04-20 16:33:43,770 INFO Negative OS: -0.1257352652047723 --- ticker ABBV --- day 2018-11-05 --- time 52200
2023-04-20 16:33:43,825 INFO Negative OS: -0.5780594251012829 --- ticker ABBV --- day 2018-11-06 --- time 43200
2023-04-20 16:33:43,840 INFO Negative OS: -0.40988952439723647 --- ticker ABBV --- day 2018-11-06 --- time 48600
2023-04-20 16:33:43,846 INFO Negative OS: -0.0007487082513180088 --- ticker ABBV --- day 2018-11-06 --- time 50400
2023-04-20 16:33:45,422 INFO Negative OS: -26.782024109063965 --- ticker ABBV --- day 2018-12-06 --- time 43200
2023-04-20 16:33:45,428 INFO Negative OS: -0.2209572315906878 --- ticker ABBV --- day 2018-12-06 --- time 45000
2023-04-20 16:33:45,737 INFO Negative OS: -0.020849724756895283 --- ticker ABBV --- day 2018-12-12 --- time 41400
2023-04-20 16:33:45,769 INFO Negative OS: -0.27214173799609465 --- ticker ABBV --- day 2018-12-12 --- time 52200
2023-04-20 16:33:47,261 INFO Negative OS: -0.019075429376331554 --- ticker ABBV --- day 2019-01-11 --- time 45000
2023-04-20 16:33:47,955 INFO Negative OS: -0.5693811260038948 --- ticker ABBV --- day 2019-01-25 --- time 36000
2023-04-20 16:33:47,981 INFO Negative OS: -0.09875507424629681 --- ticker ABBV --- day 2019-01-25 --- time 45000
2023-04-20 16:33:48,604 INFO Negative OS: -0.39275620439612235 --- ticker ABBV --- day 2019-02-06 --- time 39600
2023-04-20 16:33:49,359 INFO Negative OS: -0.42931282329635856 --- ticker ABBV --- day 2019-02-20 --- time 52200
2023-04-20 16:33:53,827 INFO Negative OS: -0.7028724113793419 --- ticker ABBV --- day 2019-05-10 --- time 46800
2023-04-20 16:33:56,243 INFO Negative OS: -0.5269566998912245 --- ticker ABBV --- day 2019-06-25 --- time 36000
2023-04-20 16:33:56,563 INFO Negative OS: -12.461749337396943 --- ticker ABBV --- day 2019-07-01 --- time 36000
2023-04-20 16:33:57,773 INFO Negative OS: -1.8413096635488553 --- ticker ABBV --- day 2019-07-23 --- time 46800
2023-04-20 16:33:57,778 INFO Negative OS: -0.02648401977184167 --- ticker ABBV --- day 2019-07-23 --- time 48600
2023-04-20 16:33:59,650 INFO Negative OS: -0.5459410313010276 --- ticker ABBV --- day 2019-08-26 --- time 50400
2023-04-20 16:34:01,433 INFO Negative OS: -5.125319353223352 --- ticker ABBV --- day 2019-09-27 --- time 41400
2023-04-20 16:34:01,663 INFO Negative OS: -1.0368934917064796 --- ticker ABBV --- day 2019-10-02 --- time 37800
2023-04-20 16:34:03,512 INFO Negative OS: -0.28636481953524084 --- ticker ABBV --- day 2019-11-04 --- time 43200
2023-04-20 16:34:03,987 INFO Negative OS: -0.17354577803839244 --- ticker ABBV --- day 2019-11-12 --- time 41400
2023-04-20 16:34:04,169 INFO Negative OS: -3.544373489268846 --- ticker ABBV --- day 2019-11-14 --- time 48600
2023-04-20 16:34:04,334 INFO Negative OS: -0.4259147180000664 --- ticker ABBV --- day 2019-11-18 --- time 50400
2023-04-20 16:34:05,041 INFO Negative OS: -0.9258697702693719 --- ticker ABBV --- day 2019-12-02 --- time 50400
2023-04-20 16:34:05,100 INFO Negative OS: -0.31697820110331865 --- ticker ABBV --- day 2019-12-03 --- time 43200
2023-04-20 16:34:05,354 INFO Negative OS: -0.29319595673762655 --- ticker ABBV --- day 2019-12-06 --- time 48600
2023-04-20 16:34:05,556 INFO Negative OS: -0.2471810558674732 --- ticker ABBV --- day 2019-12-11 --- time 36000
2023-04-20 16:34:05,566 INFO Negative OS: -0.48962854530726685 --- ticker ABBV --- day 2019-12-11 --- time 39600
2023-04-20 16:34:05,603 INFO Negative OS: -2.0243135605513154 --- ticker ABBV --- day 2019-12-11 --- time 52200
2023-04-20 16:34:05,641 INFO Negative OS: -2.907705747947502 --- ticker ABBV --- day 2019-12-12 --- time 37800
2023-04-20 16:34:05,792 INFO in_r2: 0.8449837705412535 , std 0.19666932060045741 
2023-04-20 16:34:05,792 INFO os_r2: 0.7091011373020076 , std 3.2283382023852942 
2023-04-20 16:34:05,792 INFO intercept: -5.569029012844596e-09 , std 2.0366098211262925e-05 
2023-04-20 16:34:05,792 INFO pca_1: -1.4691072732980702e-07 , std 0.00010869931029130129 
2023-04-20 16:34:05,793 INFO pca_2: -9.717439475674797e-06 , std 0.0002291439726833658 
2023-04-20 16:34:05,793 INFO pca_3: -2.245482976131257e-06 , std 0.00014997796084822998 
2023-04-20 16:34:05,793 INFO pca_4: 1.0093894343286317e-06 , std 0.00012377672854720675 
2023-04-20 16:34:05,793 INFO pca_5: -2.049216190517324e-06 , std 0.00011238445237604492 
2023-04-20 16:34:05,793 INFO t_intercept: 0.10250243673190598 , std 3.8570667718511946 
2023-04-20 16:34:05,793 INFO t_pca_1: -0.2594761537766482 , std 31.50469013888497 
2023-04-20 16:34:05,793 INFO t_pca_2: -1.6851271905538223 , std 37.75935643803759 
2023-04-20 16:34:05,793 INFO t_pca_3: -0.21386163115243007 , std 16.315620542842694 
2023-04-20 16:34:05,793 INFO t_pca_4: 0.19438204260200878 , std 9.95121090694655 
2023-04-20 16:34:05,793 INFO t_pca_5: -0.06674580637079035 , std 6.970549640858032 
2023-04-20 16:34:05,793 INFO p_intercept: 0.22094756244436373 , std 0.2975619647525442 
2023-04-20 16:34:05,793 INFO p_pca_1: 0.01786737159938821 , std 0.10129659703764972 
2023-04-20 16:34:05,793 INFO p_pca_2: 0.026214164167333995 , std 0.11872272007356449 
2023-04-20 16:34:05,793 INFO p_pca_3: 0.057850630671617456 , std 0.17807144421298263 
2023-04-20 16:34:05,793 INFO p_pca_4: 0.08572523636102759 , std 0.20501856950013775 
2023-04-20 16:34:05,793 INFO p_pca_5: 0.12160524526008354 , std 0.2408965766464668 
2023-04-20 16:34:05,793 INFO pca_explained_1: 0.5741022890096019 , std 0.12162772772187594 
2023-04-20 16:34:05,793 INFO pca_explained_2: 0.7205956792102814 , std 0.09861151245759016 
2023-04-20 16:34:05,793 INFO pca_explained_3: 0.796809827739605 , std 0.08084449255026933 
2023-04-20 16:34:05,793 INFO pca_explained_4: 0.844921445994441 , std 0.06640752091862603 
2023-04-20 16:34:05,793 INFO pca_explained_5: 0.8781333588578598 , std 0.05456996535889745 
