2023-04-20 16:33:06,254 INFO Tickers: ['ACN']
2023-04-20 16:33:23,417 INFO Negative OS: -1.2124025098348077 --- ticker ACN --- day 2018-02-01 --- time 36000
2023-04-20 16:33:23,609 INFO Negative OS: -0.061373696134446876 --- ticker ACN --- day 2018-02-06 --- time 36000
2023-04-20 16:33:23,615 INFO Negative OS: -0.05513497958666003 --- ticker ACN --- day 2018-02-06 --- time 37800
2023-04-20 16:33:23,640 INFO Negative OS: -0.02879552799145646 --- ticker ACN --- day 2018-02-06 --- time 46800
2023-04-20 16:33:23,693 INFO Negative OS: -0.028948623506907856 --- ticker ACN --- day 2018-02-07 --- time 37800
2023-04-20 16:33:23,703 INFO Negative OS: -0.10634530096071315 --- ticker ACN --- day 2018-02-07 --- time 41400
2023-04-20 16:33:23,713 INFO Negative OS: -0.03852774271396853 --- ticker ACN --- day 2018-02-07 --- time 45000
2023-04-20 16:33:23,725 INFO Negative OS: -0.012873939162725723 --- ticker ACN --- day 2018-02-07 --- time 50400
2023-04-20 16:33:23,763 INFO Negative OS: -0.0211739974067382 --- ticker ACN --- day 2018-02-08 --- time 36000
2023-04-20 16:33:23,768 INFO Negative OS: -0.20140400729260688 --- ticker ACN --- day 2018-02-08 --- time 37800
2023-04-20 16:33:23,779 INFO Negative OS: -0.10904295482385273 --- ticker ACN --- day 2018-02-08 --- time 41400
2023-04-20 16:33:23,842 INFO Negative OS: -1.6106410882305244 --- ticker ACN --- day 2018-02-09 --- time 36000
2023-04-20 16:33:23,857 INFO Negative OS: -0.27704701262962783 --- ticker ACN --- day 2018-02-09 --- time 41400
2023-04-20 16:33:23,862 INFO Negative OS: -0.14287992012977102 --- ticker ACN --- day 2018-02-09 --- time 43200
2023-04-20 16:33:23,868 INFO Negative OS: -0.020877173745990518 --- ticker ACN --- day 2018-02-09 --- time 45000
2023-04-20 16:33:23,873 INFO Negative OS: -0.015859995179549724 --- ticker ACN --- day 2018-02-09 --- time 46800
2023-04-20 16:33:23,878 INFO Negative OS: -0.017680762190602106 --- ticker ACN --- day 2018-02-09 --- time 48600
2023-04-20 16:33:23,888 INFO Negative OS: -0.7050102761018606 --- ticker ACN --- day 2018-02-09 --- time 52200
2023-04-20 16:33:23,921 INFO Negative OS: -0.2979544321552101 --- ticker ACN --- day 2018-02-12 --- time 36000
2023-04-20 16:33:24,452 INFO Negative OS: -0.01741538559946343 --- ticker ACN --- day 2018-02-16 --- time 46800
2023-04-20 16:33:24,706 INFO Negative OS: -0.05170508707685939 --- ticker ACN --- day 2018-02-22 --- time 39600
2023-04-20 16:33:25,054 INFO Negative OS: -0.03384772197041763 --- ticker ACN --- day 2018-02-27 --- time 37800
2023-04-20 16:33:25,247 INFO Negative OS: -0.5446267679819647 --- ticker ACN --- day 2018-03-01 --- time 39600
2023-04-20 16:33:25,266 INFO Negative OS: -0.45260788880027714 --- ticker ACN --- day 2018-03-01 --- time 41400
2023-04-20 16:33:25,297 INFO Negative OS: -0.4407748254710495 --- ticker ACN --- day 2018-03-01 --- time 48600
2023-04-20 16:33:25,566 INFO Negative OS: -0.741187890951845 --- ticker ACN --- day 2018-03-06 --- time 36000
2023-04-20 16:33:26,515 INFO Negative OS: -0.8314311979064437 --- ticker ACN --- day 2018-03-22 --- time 41400
2023-04-20 16:33:26,521 INFO Negative OS: -0.11699081712231019 --- ticker ACN --- day 2018-03-22 --- time 43200
2023-04-20 16:33:26,583 INFO Negative OS: -0.061763447981793895 --- ticker ACN --- day 2018-03-23 --- time 37800
2023-04-20 16:33:26,752 INFO Negative OS: -0.24059821097860912 --- ticker ACN --- day 2018-03-27 --- time 41400
2023-04-20 16:33:26,758 INFO Negative OS: -0.4594247423719928 --- ticker ACN --- day 2018-03-27 --- time 43200
2023-04-20 16:33:26,769 INFO Negative OS: -0.1244527862389222 --- ticker ACN --- day 2018-03-27 --- time 46800
2023-04-20 16:33:26,829 INFO Negative OS: -0.3309019968313891 --- ticker ACN --- day 2018-03-28 --- time 39600
2023-04-20 16:33:26,984 INFO Negative OS: -0.45604474365121894 --- ticker ACN --- day 2018-04-02 --- time 39600
2023-04-20 16:33:27,016 INFO Negative OS: -1.146857389299409 --- ticker ACN --- day 2018-04-02 --- time 50400
2023-04-20 16:33:27,021 INFO Negative OS: -1.765647902109837 --- ticker ACN --- day 2018-04-02 --- time 52200
2023-04-20 16:33:27,275 INFO Negative OS: -0.19385586368474006 --- ticker ACN --- day 2018-04-06 --- time 39600
2023-04-20 16:33:27,301 INFO Negative OS: -0.2746825465718714 --- ticker ACN --- day 2018-04-06 --- time 50400
2023-04-20 16:33:27,307 INFO Negative OS: -0.05590719117526355 --- ticker ACN --- day 2018-04-06 --- time 52200
2023-04-20 16:33:27,807 INFO Negative OS: -0.7596791998830954 --- ticker ACN --- day 2018-04-18 --- time 36000
2023-04-20 16:33:27,812 INFO Negative OS: -0.09871192989353927 --- ticker ACN --- day 2018-04-18 --- time 37800
2023-04-20 16:33:28,080 INFO Negative OS: -0.020070118244970292 --- ticker ACN --- day 2018-04-24 --- time 37800
2023-04-20 16:33:28,091 INFO Negative OS: -1.547858699504602 --- ticker ACN --- day 2018-04-24 --- time 41400
2023-04-20 16:33:28,542 INFO Negative OS: -1.7822238900626663 --- ticker ACN --- day 2018-05-03 --- time 36000
2023-04-20 16:33:31,067 INFO Negative OS: -0.2309924574357829 --- ticker ACN --- day 2018-06-28 --- time 37800
2023-04-20 16:33:34,989 INFO Negative OS: -0.26693345682285385 --- ticker ACN --- day 2018-09-17 --- time 46800
2023-04-20 16:33:37,388 INFO Negative OS: -0.016670286582766147 --- ticker ACN --- day 2018-10-30 --- time 36000
2023-04-20 16:33:38,010 INFO Negative OS: -0.17671999653237158 --- ticker ACN --- day 2018-11-09 --- time 36000
2023-04-20 16:33:38,690 INFO Negative OS: -0.05423690754743982 --- ticker ACN --- day 2018-11-21 --- time 46800
2023-04-20 16:33:40,046 INFO Negative OS: -0.17715041620290917 --- ticker ACN --- day 2018-12-19 --- time 39600
2023-04-20 16:33:40,345 INFO Negative OS: -0.12164864882617632 --- ticker ACN --- day 2018-12-26 --- time 36000
2023-04-20 16:33:40,351 INFO Negative OS: -0.10518237882259363 --- ticker ACN --- day 2018-12-26 --- time 37800
2023-04-20 16:33:40,388 INFO Negative OS: -0.5873199099512345 --- ticker ACN --- day 2018-12-26 --- time 50400
2023-04-20 16:33:44,653 INFO Negative OS: -1.063080940409474 --- ticker ACN --- day 2019-03-18 --- time 45000
2023-04-20 16:33:44,664 INFO Negative OS: -0.5467072301517792 --- ticker ACN --- day 2019-03-18 --- time 48600
2023-04-20 16:33:47,242 INFO Negative OS: -1.0661628482007806 --- ticker ACN --- day 2019-05-07 --- time 36000
2023-04-20 16:33:48,792 INFO Negative OS: -3.0092532975647863 --- ticker ACN --- day 2019-06-05 --- time 36000
2023-04-20 16:33:50,054 INFO Negative OS: -0.829929328074593 --- ticker ACN --- day 2019-06-28 --- time 52200
2023-04-20 16:33:54,934 INFO Negative OS: -22.604684130466755 --- ticker ACN --- day 2019-10-03 --- time 36000
2023-04-20 16:33:56,418 INFO Negative OS: -1.2885273306504939 --- ticker ACN --- day 2019-11-01 --- time 50400
2023-04-20 16:33:58,330 INFO in_r2: 0.7578037873286126 , std 0.15448325082946826 
2023-04-20 16:33:58,331 INFO os_r2: 0.7007089984038665 , std 0.4738461047347882 
2023-04-20 16:33:58,331 INFO intercept: -4.4287372806118947e-07 , std 1.5651757546146828e-05 
2023-04-20 16:33:58,331 INFO pca_1: 3.410543827854051e-07 , std 6.551787150717952e-05 
2023-04-20 16:33:58,331 INFO pca_2: -9.668217182718644e-06 , std 0.00015765381169599563 
2023-04-20 16:33:58,331 INFO pca_3: -9.404669699737061e-07 , std 9.626424670085842e-05 
2023-04-20 16:33:58,331 INFO pca_4: -1.7377604360483662e-06 , std 7.96328950518601e-05 
2023-04-20 16:33:58,331 INFO pca_5: -3.566270528587558e-06 , std 7.872799731454538e-05 
2023-04-20 16:33:58,331 INFO t_intercept: -0.02144036325766743 , std 2.1850222463393454 
2023-04-20 16:33:58,331 INFO t_pca_1: -0.16723595487252 , std 17.01594395553869 
2023-04-20 16:33:58,331 INFO t_pca_2: -1.1080261397184348 , std 19.531406090707563 
2023-04-20 16:33:58,331 INFO t_pca_3: 0.031073795209149522 , std 8.188502743059777 
2023-04-20 16:33:58,331 INFO t_pca_4: -0.006168544143743138 , std 5.252227036829777 
2023-04-20 16:33:58,331 INFO t_pca_5: -0.14486404333384506 , std 4.0492323642758645 
2023-04-20 16:33:58,331 INFO p_intercept: 0.3008933353427582 , std 0.30764067838676673 
2023-04-20 16:33:58,331 INFO p_pca_1: 0.01442315724987092 , std 0.08574602129790636 
2023-04-20 16:33:58,331 INFO p_pca_2: 0.0256460623701769 , std 0.12297724941888567 
2023-04-20 16:33:58,331 INFO p_pca_3: 0.12915990878547048 , std 0.24450670009344946 
2023-04-20 16:33:58,331 INFO p_pca_4: 0.1616879611818012 , std 0.2622043064955886 
2023-04-20 16:33:58,331 INFO p_pca_5: 0.18988079044370534 , std 0.2789331527746618 
2023-04-20 16:33:58,331 INFO pca_explained_1: 0.616365968656224 , std 0.1038310516425453 
2023-04-20 16:33:58,331 INFO pca_explained_2: 0.7461665495602996 , std 0.07316714845810214 
2023-04-20 16:33:58,331 INFO pca_explained_3: 0.8109611159144111 , std 0.057362063480097585 
2023-04-20 16:33:58,331 INFO pca_explained_4: 0.8529581359800114 , std 0.046592395509870446 
2023-04-20 16:33:58,331 INFO pca_explained_5: 0.8827729620551437 , std 0.038586718405137964 
