2023-04-20 16:35:57,545 INFO Tickers: ['BKNG']
2023-04-20 16:35:57,712 INFO Negative OS: -1.177285611239371 --- ticker BKNG --- day 2018-03-01 --- time 36000
2023-04-20 16:35:57,775 INFO Negative OS: -0.08889199528144975 --- ticker BKNG --- day 2018-03-02 --- time 36000
2023-04-20 16:36:02,670 INFO Negative OS: -0.542906905185323 --- ticker BKNG --- day 2018-06-28 --- time 36000
2023-04-20 16:36:03,866 INFO Negative OS: -0.06101432388318062 --- ticker BKNG --- day 2018-07-27 --- time 36000
2023-04-20 16:36:04,437 INFO Negative OS: -0.14511985041782793 --- ticker BKNG --- day 2018-08-09 --- time 52200
2023-04-20 16:36:04,659 INFO Negative OS: -0.22509461026398414 --- ticker BKNG --- day 2018-08-15 --- time 36000
2023-04-20 16:36:06,105 INFO Negative OS: -0.07049940464349147 --- ticker BKNG --- day 2018-09-19 --- time 36000
2023-04-20 16:36:06,182 INFO Negative OS: -0.34696829365833715 --- ticker BKNG --- day 2018-09-20 --- time 39600
2023-04-20 16:36:06,204 INFO Negative OS: -0.04313682883715941 --- ticker BKNG --- day 2018-09-20 --- time 50400
2023-04-20 16:36:06,246 INFO Negative OS: -1.3938159101811234 --- ticker BKNG --- day 2018-09-21 --- time 37800
2023-04-20 16:36:06,305 INFO Negative OS: -0.0237946374701703 --- ticker BKNG --- day 2018-09-24 --- time 36000
2023-04-20 16:36:06,310 INFO Negative OS: -0.10478221357926598 --- ticker BKNG --- day 2018-09-24 --- time 37800
2023-04-20 16:36:06,458 INFO Negative OS: -0.4539081337721995 --- ticker BKNG --- day 2018-09-26 --- time 50400
2023-04-20 16:36:06,557 INFO Negative OS: -0.20082116663036254 --- ticker BKNG --- day 2018-09-28 --- time 36000
2023-04-20 16:36:06,562 INFO Negative OS: -0.5821236955369702 --- ticker BKNG --- day 2018-09-28 --- time 37800
2023-04-20 16:36:06,568 INFO Negative OS: -0.010717183768432559 --- ticker BKNG --- day 2018-09-28 --- time 39600
2023-04-20 16:36:06,699 INFO Negative OS: -0.035667625075868514 --- ticker BKNG --- day 2018-10-02 --- time 43200
2023-04-20 16:36:06,705 INFO Negative OS: -0.09873575445711058 --- ticker BKNG --- day 2018-10-02 --- time 45000
2023-04-20 16:36:06,717 INFO Negative OS: -0.34552455126299497 --- ticker BKNG --- day 2018-10-02 --- time 50400
2023-04-20 16:36:06,722 INFO Negative OS: -0.42588916485493455 --- ticker BKNG --- day 2018-10-02 --- time 52200
2023-04-20 16:36:06,818 INFO Negative OS: -0.018722854289318303 --- ticker BKNG --- day 2018-10-04 --- time 36000
2023-04-20 16:36:06,847 INFO Negative OS: -0.11011894203122274 --- ticker BKNG --- day 2018-10-04 --- time 48600
2023-04-20 16:36:06,906 INFO Negative OS: -0.08100203602667921 --- ticker BKNG --- day 2018-10-05 --- time 41400
2023-04-20 16:36:06,933 INFO Negative OS: -0.10545312801926765 --- ticker BKNG --- day 2018-10-05 --- time 50400
2023-04-20 16:36:06,977 INFO Negative OS: -0.13969754574430215 --- ticker BKNG --- day 2018-10-08 --- time 37800
2023-04-20 16:36:06,982 INFO Negative OS: -0.5429441167105722 --- ticker BKNG --- day 2018-10-08 --- time 39600
2023-04-20 16:36:07,000 INFO Negative OS: -0.40076918157013997 --- ticker BKNG --- day 2018-10-08 --- time 46800
2023-04-20 16:36:07,115 INFO Negative OS: -0.2871981036495832 --- ticker BKNG --- day 2018-10-10 --- time 39600
2023-04-20 16:36:07,126 INFO Negative OS: -0.060510476477125597 --- ticker BKNG --- day 2018-10-10 --- time 43200
2023-04-20 16:36:07,182 INFO Negative OS: -0.060349174225107216 --- ticker BKNG --- day 2018-10-11 --- time 36000
2023-04-20 16:36:07,203 INFO Negative OS: -0.04808589513558603 --- ticker BKNG --- day 2018-10-11 --- time 43200
2023-04-20 16:36:07,209 INFO Negative OS: -0.060239545220401425 --- ticker BKNG --- day 2018-10-11 --- time 45000
2023-04-20 16:36:07,225 INFO Negative OS: -0.056119105218887855 --- ticker BKNG --- day 2018-10-11 --- time 50400
2023-04-20 16:36:07,230 INFO Negative OS: -0.011736125396955899 --- ticker BKNG --- day 2018-10-11 --- time 52200
2023-04-20 16:36:07,268 INFO Negative OS: -0.19085244811267676 --- ticker BKNG --- day 2018-10-12 --- time 37800
2023-04-20 16:36:07,274 INFO Negative OS: -0.1002461553308247 --- ticker BKNG --- day 2018-10-12 --- time 39600
2023-04-20 16:36:07,285 INFO Negative OS: -0.26019832859807335 --- ticker BKNG --- day 2018-10-12 --- time 43200
2023-04-20 16:36:07,297 INFO Negative OS: -0.143542912887771 --- ticker BKNG --- day 2018-10-12 --- time 48600
2023-04-20 16:36:07,308 INFO Negative OS: -0.01991609125754179 --- ticker BKNG --- day 2018-10-12 --- time 52200
2023-04-20 16:36:07,404 INFO Negative OS: -0.4598488677577457 --- ticker BKNG --- day 2018-10-16 --- time 37800
2023-04-20 16:36:07,427 INFO Negative OS: -0.004518336839912873 --- ticker BKNG --- day 2018-10-16 --- time 46800
2023-04-20 16:36:07,543 INFO Negative OS: -0.20322642236728528 --- ticker BKNG --- day 2018-10-18 --- time 39600
2023-04-20 16:36:07,562 INFO Negative OS: -0.002872399161465422 --- ticker BKNG --- day 2018-10-18 --- time 48600
2023-04-20 16:36:07,732 INFO Negative OS: -0.170814747504634 --- ticker BKNG --- day 2018-10-23 --- time 37800
2023-04-20 16:36:07,763 INFO Negative OS: -0.12834351324310167 --- ticker BKNG --- day 2018-10-23 --- time 52200
2023-04-20 16:36:07,796 INFO Negative OS: -0.14176278533303144 --- ticker BKNG --- day 2018-10-24 --- time 36000
2023-04-20 16:36:07,801 INFO Negative OS: -0.26446717791772123 --- ticker BKNG --- day 2018-10-24 --- time 37800
2023-04-20 16:36:07,820 INFO Negative OS: -0.2395821831540279 --- ticker BKNG --- day 2018-10-24 --- time 46800
2023-04-20 16:36:07,836 INFO Negative OS: -0.02399436888765316 --- ticker BKNG --- day 2018-10-24 --- time 52200
2023-04-20 16:36:07,935 INFO Negative OS: -0.10257478772904727 --- ticker BKNG --- day 2018-10-26 --- time 37800
2023-04-20 16:36:07,947 INFO Negative OS: -0.09900528504069306 --- ticker BKNG --- day 2018-10-26 --- time 43200
2023-04-20 16:36:07,959 INFO Negative OS: -0.05484790787511007 --- ticker BKNG --- day 2018-10-26 --- time 48600
2023-04-20 16:36:07,965 INFO Negative OS: -0.41136641059429047 --- ticker BKNG --- day 2018-10-26 --- time 50400
2023-04-20 16:36:07,970 INFO Negative OS: -0.10296236653523394 --- ticker BKNG --- day 2018-10-26 --- time 52200
2023-04-20 16:36:08,033 INFO Negative OS: -0.24051702689605836 --- ticker BKNG --- day 2018-10-29 --- time 50400
2023-04-20 16:36:08,071 INFO Negative OS: -0.0003837887952320429 --- ticker BKNG --- day 2018-10-30 --- time 36000
2023-04-20 16:36:08,102 INFO Negative OS: -0.555432227210007 --- ticker BKNG --- day 2018-10-30 --- time 50400
2023-04-20 16:36:08,263 INFO Negative OS: -0.7697837992717864 --- ticker BKNG --- day 2018-11-02 --- time 36000
2023-04-20 16:36:08,269 INFO Negative OS: -0.013672872441577555 --- ticker BKNG --- day 2018-11-02 --- time 37800
2023-04-20 16:36:08,296 INFO Negative OS: -0.04451421622091978 --- ticker BKNG --- day 2018-11-02 --- time 50400
2023-04-20 16:36:08,401 INFO Negative OS: -0.23606463469019956 --- ticker BKNG --- day 2018-11-06 --- time 37800
2023-04-20 16:36:08,406 INFO Negative OS: -0.05084092889002023 --- ticker BKNG --- day 2018-11-06 --- time 39600
2023-04-20 16:36:08,412 INFO Negative OS: -0.01486002916515261 --- ticker BKNG --- day 2018-11-06 --- time 41400
2023-04-20 16:36:08,428 INFO Negative OS: -13.489997115898756 --- ticker BKNG --- day 2018-11-06 --- time 46800
2023-04-20 16:36:08,433 INFO Negative OS: -0.007206320575913638 --- ticker BKNG --- day 2018-11-06 --- time 48600
2023-04-20 16:36:08,553 INFO Negative OS: -0.10090445631620626 --- ticker BKNG --- day 2018-11-08 --- time 41400
2023-04-20 16:36:08,559 INFO Negative OS: -0.06909283140844091 --- ticker BKNG --- day 2018-11-08 --- time 43200
2023-04-20 16:36:08,632 INFO Negative OS: -0.010313507573027625 --- ticker BKNG --- day 2018-11-09 --- time 48600
2023-04-20 16:36:08,676 INFO Negative OS: -0.1759100608473323 --- ticker BKNG --- day 2018-11-12 --- time 36000
2023-04-20 16:36:08,682 INFO Negative OS: -0.09823434984332668 --- ticker BKNG --- day 2018-11-12 --- time 37800
2023-04-20 16:36:08,698 INFO Negative OS: -0.3283916564015943 --- ticker BKNG --- day 2018-11-12 --- time 43200
2023-04-20 16:36:08,704 INFO Negative OS: -0.23673112421658482 --- ticker BKNG --- day 2018-11-12 --- time 45000
2023-04-20 16:36:09,061 INFO Negative OS: -1.3336665616848573 --- ticker BKNG --- day 2018-11-20 --- time 36000
2023-04-20 16:36:09,066 INFO Negative OS: -0.0117319534190794 --- ticker BKNG --- day 2018-11-20 --- time 37800
2023-04-20 16:36:09,072 INFO Negative OS: -0.5800999577048269 --- ticker BKNG --- day 2018-11-20 --- time 39600
2023-04-20 16:36:09,632 INFO Negative OS: -0.030119095568580834 --- ticker BKNG --- day 2018-12-04 --- time 43200
2023-04-20 16:36:10,150 INFO Negative OS: -0.09239222826463189 --- ticker BKNG --- day 2018-12-17 --- time 52200
2023-04-20 16:36:10,215 INFO Negative OS: -0.23653802128277523 --- ticker BKNG --- day 2018-12-18 --- time 52200
2023-04-20 16:36:10,392 INFO Negative OS: -0.10562434728994097 --- ticker BKNG --- day 2018-12-21 --- time 39600
2023-04-20 16:36:10,398 INFO Negative OS: -0.1783388146513567 --- ticker BKNG --- day 2018-12-21 --- time 41400
2023-04-20 16:36:10,466 INFO Negative OS: -0.508868310436257 --- ticker BKNG --- day 2018-12-24 --- time 43200
2023-04-20 16:36:10,528 INFO Negative OS: -0.8605627099164062 --- ticker BKNG --- day 2018-12-26 --- time 43200
2023-04-20 16:36:11,438 INFO Negative OS: -0.08572533365205759 --- ticker BKNG --- day 2019-01-18 --- time 36000
2023-04-20 16:36:11,444 INFO Negative OS: -0.09450459002401979 --- ticker BKNG --- day 2019-01-18 --- time 37800
2023-04-20 16:36:13,103 INFO Negative OS: -0.11376110480419777 --- ticker BKNG --- day 2019-02-28 --- time 52200
2023-04-20 16:36:13,136 INFO Negative OS: -0.6464563333981033 --- ticker BKNG --- day 2019-03-01 --- time 36000
2023-04-20 16:36:13,162 INFO Negative OS: -0.17835852756194304 --- ticker BKNG --- day 2019-03-01 --- time 46800
2023-04-20 16:36:13,282 INFO Negative OS: -20.826577378413027 --- ticker BKNG --- day 2019-03-05 --- time 37800
2023-04-20 16:36:14,063 INFO Negative OS: -0.017318369871364814 --- ticker BKNG --- day 2019-03-22 --- time 36000
2023-04-20 16:36:14,125 INFO Negative OS: -0.11874460123830288 --- ticker BKNG --- day 2019-03-25 --- time 36000
2023-04-20 16:36:16,186 INFO Negative OS: -0.07729276251686512 --- ticker BKNG --- day 2019-05-13 --- time 36000
2023-04-20 16:36:16,192 INFO Negative OS: -0.12215179104130303 --- ticker BKNG --- day 2019-05-13 --- time 37800
2023-04-20 16:36:16,313 INFO Negative OS: -1.1781943825155508 --- ticker BKNG --- day 2019-05-15 --- time 36000
2023-04-20 16:36:16,507 INFO Negative OS: -1.8032073989733677 --- ticker BKNG --- day 2019-05-20 --- time 39600
2023-04-20 16:36:16,686 INFO Negative OS: -0.2664925629753587 --- ticker BKNG --- day 2019-05-23 --- time 37800
2023-04-20 16:36:17,048 INFO Negative OS: -0.5016212874743935 --- ticker BKNG --- day 2019-06-03 --- time 36000
2023-04-20 16:36:17,072 INFO Negative OS: -0.02018689943156149 --- ticker BKNG --- day 2019-06-03 --- time 46800
2023-04-20 16:36:19,560 INFO Negative OS: -0.20145516035799904 --- ticker BKNG --- day 2019-07-31 --- time 52200
2023-04-20 16:36:19,731 INFO Negative OS: -0.2810437702010875 --- ticker BKNG --- day 2019-08-05 --- time 45000
2023-04-20 16:36:19,782 INFO Negative OS: -0.20564737639045116 --- ticker BKNG --- day 2019-08-06 --- time 36000
2023-04-20 16:36:19,937 INFO Negative OS: -0.013083226561918293 --- ticker BKNG --- day 2019-08-08 --- time 52200
2023-04-20 16:36:19,970 INFO Negative OS: -0.3180791250818733 --- ticker BKNG --- day 2019-08-09 --- time 36000
2023-04-20 16:36:20,092 INFO Negative OS: -0.11873797958823462 --- ticker BKNG --- day 2019-08-13 --- time 36000
2023-04-20 16:36:20,098 INFO Negative OS: -0.036842264861092655 --- ticker BKNG --- day 2019-08-13 --- time 37800
2023-04-20 16:36:20,104 INFO Negative OS: -0.348215230631163 --- ticker BKNG --- day 2019-08-13 --- time 39600
2023-04-20 16:36:20,160 INFO Negative OS: -0.7843752773153754 --- ticker BKNG --- day 2019-08-14 --- time 36000
2023-04-20 16:36:20,171 INFO Negative OS: -0.14860315035091753 --- ticker BKNG --- day 2019-08-14 --- time 39600
2023-04-20 16:36:20,592 INFO Negative OS: -0.5459065843276525 --- ticker BKNG --- day 2019-08-23 --- time 36000
2023-04-20 16:36:20,598 INFO Negative OS: -0.26654772757144984 --- ticker BKNG --- day 2019-08-23 --- time 37800
2023-04-20 16:36:21,227 INFO Negative OS: -0.5339357664743294 --- ticker BKNG --- day 2019-09-09 --- time 50400
2023-04-20 16:36:23,516 INFO Negative OS: -0.1873477058030084 --- ticker BKNG --- day 2019-10-31 --- time 52200
2023-04-20 16:36:23,789 INFO Negative OS: -77.4155052377453 --- ticker BKNG --- day 2019-11-07 --- time 36000
2023-04-20 16:36:23,795 INFO Negative OS: -15.039792985611662 --- ticker BKNG --- day 2019-11-07 --- time 37800
2023-04-20 16:36:23,856 INFO Negative OS: -0.12957595002759348 --- ticker BKNG --- day 2019-11-08 --- time 36000
2023-04-20 16:36:23,924 INFO Negative OS: -0.09814318066714423 --- ticker BKNG --- day 2019-11-11 --- time 37800
2023-04-20 16:36:25,335 INFO in_r2: 0.1848811725526798 , std 0.1603750599848213 
2023-04-20 16:36:25,335 INFO os_r2: -0.4855153768221989 , std 4.970445829238367 
2023-04-20 16:36:25,335 INFO intercept: -5.129292929292929e-06 , std 2.9308167683949657e-05 
2023-04-20 16:36:25,335 INFO pca_1: -4.6931936587951334e-06 , std 3.6285901963173376e-05 
2023-04-20 16:36:25,335 INFO pca_2: -3.544619321734417e-08 , std 4.339138050686981e-05 
2023-04-20 16:36:25,335 INFO pca_3: -6.611423999493255e-07 , std 4.562397081024764e-05 
2023-04-20 16:36:25,335 INFO pca_4: -3.0054542899815472e-06 , std 6.726771215766072e-05 
2023-04-20 16:36:25,335 INFO pca_5: -3.752225944561239e-06 , std 7.128549043295693e-05 
2023-04-20 16:36:25,335 INFO t_intercept: -0.169914194242108 , std 1.1575017915342591 
2023-04-20 16:36:25,335 INFO t_pca_1: -0.5138663193922344 , std 4.91100925665974 
2023-04-20 16:36:25,335 INFO t_pca_2: -0.03701575235561483 , std 3.197182903752632 
2023-04-20 16:36:25,335 INFO t_pca_3: -0.0943009174925757 , std 2.6447135435826916 
2023-04-20 16:36:25,335 INFO t_pca_4: -0.06927865946010626 , std 3.0606207509095404 
2023-04-20 16:36:25,335 INFO t_pca_5: -0.11742115710488432 , std 2.994718152167057 
2023-04-20 16:36:25,335 INFO p_intercept: 0.48204136074735404 , std 0.3043859982537052 
2023-04-20 16:36:25,335 INFO p_pca_1: 0.1067498034377713 , std 0.21542828897560454 
2023-04-20 16:36:25,335 INFO p_pca_2: 0.2309637930651113 , std 0.2978863367579972 
2023-04-20 16:36:25,335 INFO p_pca_3: 0.27749831446584383 , std 0.3210767992378481 
2023-04-20 16:36:25,335 INFO p_pca_4: 0.2736111620298255 , std 0.3109760304544475 
2023-04-20 16:36:25,335 INFO p_pca_5: 0.27816945637414264 , std 0.3022423758406724 
2023-04-20 16:36:25,335 INFO pca_explained_1: 0.517907900362816 , std 0.11839588742149876 
2023-04-20 16:36:25,335 INFO pca_explained_2: 0.6679742420334356 , std 0.09757446603733934 
2023-04-20 16:36:25,335 INFO pca_explained_3: 0.7568614180469153 , std 0.08106481082532646 
2023-04-20 16:36:25,335 INFO pca_explained_4: 0.8166383099752104 , std 0.06681711111017824 
2023-04-20 16:36:25,335 INFO pca_explained_5: 0.8598483519387312 , std 0.054639024142999884 
