2023-04-20 16:36:27,643 INFO Tickers: ['CAT']
2023-04-20 16:36:43,905 INFO Negative OS: -0.603643245597506 --- ticker CAT --- day 2017-11-01 --- time 48600
2023-04-20 16:37:00,905 INFO Negative OS: -0.08627270325757519 --- ticker CAT --- day 2018-09-18 --- time 46800
2023-04-20 16:37:02,223 INFO Negative OS: -0.13459290802296553 --- ticker CAT --- day 2018-10-11 --- time 37800
2023-04-20 16:37:02,893 INFO Negative OS: -1.0746901210969115 --- ticker CAT --- day 2018-10-23 --- time 46800
2023-04-20 16:37:03,712 INFO Negative OS: -0.1138366817879739 --- ticker CAT --- day 2018-11-06 --- time 50400
2023-04-20 16:37:04,342 INFO Negative OS: -0.0433825420749836 --- ticker CAT --- day 2018-11-16 --- time 45000
2023-04-20 16:37:06,249 INFO Negative OS: -0.09749134510139079 --- ticker CAT --- day 2018-12-24 --- time 39600
2023-04-20 16:37:06,325 INFO Negative OS: -0.04858129118864274 --- ticker CAT --- day 2018-12-26 --- time 41400
2023-04-20 16:37:06,352 INFO Negative OS: -0.0841011290942617 --- ticker CAT --- day 2018-12-26 --- time 50400
2023-04-20 16:37:06,390 INFO Negative OS: -0.340045111379893 --- ticker CAT --- day 2018-12-27 --- time 36000
2023-04-20 16:37:06,396 INFO Negative OS: -0.049407971878603796 --- ticker CAT --- day 2018-12-27 --- time 37800
2023-04-20 16:37:06,471 INFO Negative OS: -0.13603124884067652 --- ticker CAT --- day 2018-12-28 --- time 36000
2023-04-20 16:37:07,773 INFO Negative OS: -0.24666376097517695 --- ticker CAT --- day 2019-01-24 --- time 41400
2023-04-20 16:37:07,800 INFO Negative OS: -0.10128388899918739 --- ticker CAT --- day 2019-01-24 --- time 50400
2023-04-20 16:37:07,838 INFO Negative OS: -0.015083789143143234 --- ticker CAT --- day 2019-01-25 --- time 36000
2023-04-20 16:37:07,849 INFO Negative OS: -0.05656633733869576 --- ticker CAT --- day 2019-01-25 --- time 39600
2023-04-20 16:37:07,875 INFO Negative OS: -0.5812049206038747 --- ticker CAT --- day 2019-01-25 --- time 48600
2023-04-20 16:37:07,925 INFO Negative OS: -0.0035942198839775674 --- ticker CAT --- day 2019-01-28 --- time 37800
2023-04-20 16:37:07,931 INFO Negative OS: -0.20135765008768192 --- ticker CAT --- day 2019-01-28 --- time 39600
2023-04-20 16:37:07,936 INFO Negative OS: -0.06525723904146696 --- ticker CAT --- day 2019-01-28 --- time 41400
2023-04-20 16:37:07,941 INFO Negative OS: -0.10417498932947433 --- ticker CAT --- day 2019-01-28 --- time 43200
2023-04-20 16:37:07,947 INFO Negative OS: -0.017852169020621034 --- ticker CAT --- day 2019-01-28 --- time 45000
2023-04-20 16:37:08,017 INFO Negative OS: -0.0643544891006762 --- ticker CAT --- day 2019-01-29 --- time 41400
2023-04-20 16:37:08,038 INFO Negative OS: -1.1764306444867447 --- ticker CAT --- day 2019-01-29 --- time 48600
2023-04-20 16:37:08,082 INFO Negative OS: -0.059829332078622954 --- ticker CAT --- day 2019-01-30 --- time 36000
2023-04-20 16:37:08,093 INFO Negative OS: -0.47443712266308635 --- ticker CAT --- day 2019-01-30 --- time 39600
2023-04-20 16:37:08,099 INFO Negative OS: -0.02578598286488787 --- ticker CAT --- day 2019-01-30 --- time 41400
2023-04-20 16:37:08,131 INFO Negative OS: -0.02893643526479428 --- ticker CAT --- day 2019-01-30 --- time 52200
2023-04-20 16:37:08,196 INFO Negative OS: -0.6806903661520061 --- ticker CAT --- day 2019-01-31 --- time 46800
2023-04-20 16:37:08,207 INFO Negative OS: -0.41361671472549055 --- ticker CAT --- day 2019-01-31 --- time 50400
2023-04-20 16:37:13,478 INFO Negative OS: -0.12122170666852305 --- ticker CAT --- day 2019-05-08 --- time 36000
2023-04-20 16:37:16,141 INFO Negative OS: -0.02595396617739487 --- ticker CAT --- day 2019-06-25 --- time 37800
2023-04-20 16:37:16,147 INFO Negative OS: -0.25071970817034184 --- ticker CAT --- day 2019-06-25 --- time 39600
2023-04-20 16:37:16,158 INFO Negative OS: -0.030539349951635986 --- ticker CAT --- day 2019-06-25 --- time 43200
2023-04-20 16:37:16,168 INFO Negative OS: -0.036152904044125744 --- ticker CAT --- day 2019-06-25 --- time 46800
2023-04-20 16:37:16,174 INFO Negative OS: -0.033673903125300164 --- ticker CAT --- day 2019-06-25 --- time 48600
2023-04-20 16:37:16,217 INFO Negative OS: -0.017914381180727634 --- ticker CAT --- day 2019-06-26 --- time 36000
2023-04-20 16:37:22,849 INFO Negative OS: -3.110959156030641 --- ticker CAT --- day 2019-10-24 --- time 41400
2023-04-20 16:37:23,359 INFO Negative OS: -3.2968459102113705 --- ticker CAT --- day 2019-11-01 --- time 50400
2023-04-20 16:37:23,505 INFO Negative OS: -0.04899295872975484 --- ticker CAT --- day 2019-11-05 --- time 45000
2023-04-20 16:37:25,188 INFO Negative OS: -0.033808858499836836 --- ticker CAT --- day 2019-12-06 --- time 36000
2023-04-20 16:37:25,563 INFO Negative OS: -5.38064650170533 --- ticker CAT --- day 2019-12-13 --- time 36000
2023-04-20 16:37:25,638 INFO in_r2: 0.8634353603155591 , std 0.12691101374263614 
2023-04-20 16:37:25,638 INFO os_r2: 0.8352025971159087 , std 0.1914527128492767 
2023-04-20 16:37:25,638 INFO intercept: -2.1800390712791503e-07 , std 2.0116001434183513e-05 
2023-04-20 16:37:25,638 INFO pca_1: 7.42502301247773e-07 , std 9.067679342117465e-05 
2023-04-20 16:37:25,638 INFO pca_2: -9.4237763836836e-06 , std 0.00016329723205839658 
2023-04-20 16:37:25,638 INFO pca_3: 3.811631029520819e-07 , std 9.476889063223726e-05 
2023-04-20 16:37:25,638 INFO pca_4: -6.023884412864327e-07 , std 7.824481861427804e-05 
2023-04-20 16:37:25,638 INFO pca_5: 1.9657315141220516e-07 , std 6.720321403510974e-05 
2023-04-20 16:37:25,638 INFO t_intercept: 0.018285898146917643 , std 3.091693733579595 
2023-04-20 16:37:25,638 INFO t_pca_1: 0.20548438621641554 , std 29.25879915090713 
2023-04-20 16:37:25,638 INFO t_pca_2: -1.5852125528825103 , std 27.520863272966245 
2023-04-20 16:37:25,638 INFO t_pca_3: 0.08284524602544022 , std 10.23338302580392 
2023-04-20 16:37:25,638 INFO t_pca_4: -0.014791596475309867 , std 6.659769150646287 
2023-04-20 16:37:25,638 INFO t_pca_5: 0.05148196253551588 , std 4.724191772234889 
2023-04-20 16:37:25,638 INFO p_intercept: 0.22166258357662727 , std 0.2912133181728457 
2023-04-20 16:37:25,638 INFO p_pca_1: 0.0055505483345484235 , std 0.05668377612005007 
2023-04-20 16:37:25,639 INFO p_pca_2: 0.01730017428826101 , std 0.10507837995031692 
2023-04-20 16:37:25,639 INFO p_pca_3: 0.09095227605511332 , std 0.2095312130606842 
2023-04-20 16:37:25,639 INFO p_pca_4: 0.13456153249432395 , std 0.2487865624622165 
2023-04-20 16:37:25,639 INFO p_pca_5: 0.17060328971447414 , std 0.26878536004844084 
2023-04-20 16:37:25,639 INFO pca_explained_1: 0.5838339063857138 , std 0.09498171197388133 
2023-04-20 16:37:25,639 INFO pca_explained_2: 0.733316709911136 , std 0.07519990572572018 
2023-04-20 16:37:25,639 INFO pca_explained_3: 0.8017253752484167 , std 0.05951786584343105 
2023-04-20 16:37:25,639 INFO pca_explained_4: 0.8469968626090517 , std 0.047479243971350255 
2023-04-20 16:37:25,639 INFO pca_explained_5: 0.8787489821334071 , std 0.03818460985404086 
