2023-04-20 16:28:21,535 INFO Tickers: ['FB']
2023-04-20 16:28:21,906 INFO Negative OS: -0.04904058164783387 --- ticker FB --- day 2017-01-09 --- time 41400
2023-04-20 16:28:22,093 INFO Negative OS: -0.6113636578852202 --- ticker FB --- day 2017-01-11 --- time 52200
2023-04-20 16:28:22,480 INFO Negative OS: -0.026919244498526895 --- ticker FB --- day 2017-01-19 --- time 52200
2023-04-20 16:28:23,059 INFO Negative OS: -4.419915124532329 --- ticker FB --- day 2017-01-31 --- time 36000
2023-04-20 16:28:23,719 INFO Negative OS: -0.0869582621542786 --- ticker FB --- day 2017-02-10 --- time 50400
2023-04-20 16:28:23,761 INFO Negative OS: -0.1438544761655065 --- ticker FB --- day 2017-02-13 --- time 37800
2023-04-20 16:28:23,766 INFO Negative OS: -0.009323448989965621 --- ticker FB --- day 2017-02-13 --- time 39600
2023-04-20 16:28:23,921 INFO Negative OS: -0.1722604543190125 --- ticker FB --- day 2017-02-15 --- time 37800
2023-04-20 16:28:23,951 INFO Negative OS: -0.07904062718618188 --- ticker FB --- day 2017-02-15 --- time 48600
2023-04-20 16:28:24,077 INFO Negative OS: -0.333528875746653 --- ticker FB --- day 2017-02-17 --- time 37800
2023-04-20 16:28:24,112 INFO Negative OS: -0.15919206051487356 --- ticker FB --- day 2017-02-17 --- time 50400
2023-04-20 16:28:24,412 INFO Negative OS: -0.1269889935022268 --- ticker FB --- day 2017-02-24 --- time 46800
2023-04-20 16:28:24,464 INFO Negative OS: -1.581215786813213 --- ticker FB --- day 2017-02-27 --- time 37800
2023-04-20 16:28:25,101 INFO Negative OS: -0.1941043316852904 --- ticker FB --- day 2017-03-09 --- time 43200
2023-04-20 16:28:25,438 INFO Negative OS: -0.226505501076933 --- ticker FB --- day 2017-03-15 --- time 52200
2023-04-20 16:28:26,833 INFO Negative OS: -0.03421032800616142 --- ticker FB --- day 2017-04-10 --- time 52200
2023-04-20 16:28:27,056 INFO Negative OS: -0.06545140507514025 --- ticker FB --- day 2017-04-13 --- time 48600
2023-04-20 16:28:27,143 INFO Negative OS: -0.06919840397471289 --- ticker FB --- day 2017-04-17 --- time 52200
2023-04-20 16:28:27,532 INFO Negative OS: -0.005243956694299445 --- ticker FB --- day 2017-04-24 --- time 52200
2023-04-20 16:28:27,895 INFO Negative OS: -1.4141568236908948 --- ticker FB --- day 2017-05-01 --- time 43200
2023-04-20 16:28:29,295 INFO Negative OS: -0.010649029376960994 --- ticker FB --- day 2017-05-25 --- time 45000
2023-04-20 16:28:29,692 INFO Negative OS: -0.5627495258963722 --- ticker FB --- day 2017-06-02 --- time 48600
2023-04-20 16:28:31,688 INFO Negative OS: -0.2585761587992854 --- ticker FB --- day 2017-07-11 --- time 46800
2023-04-20 16:28:31,693 INFO Negative OS: -0.0298573416892991 --- ticker FB --- day 2017-07-11 --- time 48600
2023-04-20 16:28:34,880 INFO Negative OS: -2.0516740160251015 --- ticker FB --- day 2017-09-07 --- time 52200
2023-04-20 16:28:37,952 INFO Negative OS: -0.4417953302643185 --- ticker FB --- day 2017-11-02 --- time 39600
2023-04-20 16:28:38,966 INFO Negative OS: -0.11923511572625123 --- ticker FB --- day 2017-11-21 --- time 41400
2023-04-20 16:28:41,063 INFO Negative OS: -0.23227805525848733 --- ticker FB --- day 2018-01-02 --- time 45000
2023-04-20 16:28:42,671 INFO Negative OS: -0.06196370180255717 --- ticker FB --- day 2018-02-01 --- time 36000
2023-04-20 16:28:42,676 INFO Negative OS: -0.13923366642768498 --- ticker FB --- day 2018-02-01 --- time 37800
2023-04-20 16:28:42,712 INFO Negative OS: -6.1682403331436015 --- ticker FB --- day 2018-02-01 --- time 50400
2023-04-20 16:28:42,717 INFO Negative OS: -0.5763944459054877 --- ticker FB --- day 2018-02-01 --- time 52200
2023-04-20 16:28:42,906 INFO Negative OS: -0.07456675199421614 --- ticker FB --- day 2018-02-06 --- time 36000
2023-04-20 16:28:43,008 INFO Negative OS: -0.003606588962791646 --- ticker FB --- day 2018-02-07 --- time 45000
2023-04-20 16:28:43,062 INFO Negative OS: -2.957007045073927 --- ticker FB --- day 2018-02-08 --- time 36000
2023-04-20 16:28:43,067 INFO Negative OS: -0.09138120961653406 --- ticker FB --- day 2018-02-08 --- time 37800
2023-04-20 16:28:43,082 INFO Negative OS: -0.274663658241189 --- ticker FB --- day 2018-02-08 --- time 43200
2023-04-20 16:28:43,155 INFO Negative OS: -0.0012644171642028912 --- ticker FB --- day 2018-02-09 --- time 41400
2023-04-20 16:28:43,170 INFO Negative OS: -0.5006306869919661 --- ticker FB --- day 2018-02-09 --- time 46800
2023-04-20 16:28:43,175 INFO Negative OS: -0.04041675727836691 --- ticker FB --- day 2018-02-09 --- time 48600
2023-04-20 16:28:44,629 INFO Negative OS: -2.6806866974167254 --- ticker FB --- day 2018-03-09 --- time 41400
2023-04-20 16:28:47,895 INFO Negative OS: -2.009888037732973 --- ticker FB --- day 2018-05-09 --- time 43200
2023-04-20 16:28:49,049 INFO Negative OS: -0.687846160106925 --- ticker FB --- day 2018-05-31 --- time 39600
2023-04-20 16:28:49,505 INFO Negative OS: -0.01366967526140539 --- ticker FB --- day 2018-06-08 --- time 36000
2023-04-20 16:28:52,491 INFO Negative OS: -0.09618195362204918 --- ticker FB --- day 2018-08-02 --- time 50400
2023-04-20 16:28:52,496 INFO Negative OS: -1.1668109641118543 --- ticker FB --- day 2018-08-02 --- time 52200
2023-04-20 16:28:52,886 INFO Negative OS: -0.0004533211931065928 --- ticker FB --- day 2018-08-09 --- time 52200
2023-04-20 16:28:55,484 INFO Negative OS: -0.15005598468839199 --- ticker FB --- day 2018-09-27 --- time 36000
2023-04-20 16:28:55,583 INFO Negative OS: -0.41537513029089723 --- ticker FB --- day 2018-09-28 --- time 43200
2023-04-20 16:29:02,097 INFO Negative OS: -0.2774961555991373 --- ticker FB --- day 2019-02-01 --- time 45000
2023-04-20 16:29:02,156 INFO Negative OS: -0.2955392569957427 --- ticker FB --- day 2019-02-04 --- time 37800
2023-04-20 16:29:03,125 INFO Negative OS: -0.4596428845706486 --- ticker FB --- day 2019-02-20 --- time 37800
2023-04-20 16:29:04,044 INFO Negative OS: -0.3349009402075689 --- ticker FB --- day 2019-03-07 --- time 48600
2023-04-20 16:29:05,545 INFO Negative OS: -0.382216990158992 --- ticker FB --- day 2019-04-03 --- time 37800
2023-04-20 16:29:10,301 INFO Negative OS: -0.00715760853753844 --- ticker FB --- day 2019-06-27 --- time 37800
2023-04-20 16:29:11,008 INFO Negative OS: -0.13153628858670952 --- ticker FB --- day 2019-07-11 --- time 36000
2023-04-20 16:29:12,240 INFO Negative OS: -1.2428206037303298 --- ticker FB --- day 2019-08-01 --- time 45000
2023-04-20 16:29:14,065 INFO Negative OS: -0.14276409248135202 --- ticker FB --- day 2019-09-04 --- time 36000
2023-04-20 16:29:14,226 INFO Negative OS: -1.3927911468476704 --- ticker FB --- day 2019-09-06 --- time 36000
2023-04-20 16:29:14,237 INFO Negative OS: -0.13296334033055746 --- ticker FB --- day 2019-09-06 --- time 39600
2023-04-20 16:29:14,264 INFO Negative OS: -0.034296466482950594 --- ticker FB --- day 2019-09-06 --- time 48600
2023-04-20 16:29:14,274 INFO Negative OS: -0.15443979001446895 --- ticker FB --- day 2019-09-06 --- time 52200
2023-04-20 16:29:14,313 INFO Negative OS: -0.004177453898708938 --- ticker FB --- day 2019-09-09 --- time 37800
2023-04-20 16:29:14,394 INFO Negative OS: -0.07766209434655935 --- ticker FB --- day 2019-09-10 --- time 37800
2023-04-20 16:29:14,399 INFO Negative OS: -0.23414985814023193 --- ticker FB --- day 2019-09-10 --- time 39600
2023-04-20 16:29:14,431 INFO Negative OS: -0.23624735875730885 --- ticker FB --- day 2019-09-10 --- time 50400
2023-04-20 16:29:14,470 INFO Negative OS: -0.15911138926050583 --- ticker FB --- day 2019-09-11 --- time 36000
2023-04-20 16:29:14,572 INFO Negative OS: -0.019383392787424736 --- ticker FB --- day 2019-09-12 --- time 43200
2023-04-20 16:29:14,593 INFO Negative OS: -0.10419168476822582 --- ticker FB --- day 2019-09-12 --- time 50400
2023-04-20 16:29:14,717 INFO Negative OS: -0.12301808376718726 --- ticker FB --- day 2019-09-16 --- time 37800
2023-04-20 16:29:14,723 INFO Negative OS: -0.1425370328326232 --- ticker FB --- day 2019-09-16 --- time 39600
2023-04-20 16:29:14,728 INFO Negative OS: -0.0158845047417846 --- ticker FB --- day 2019-09-16 --- time 41400
2023-04-20 16:29:14,793 INFO Negative OS: -0.03796147215187906 --- ticker FB --- day 2019-09-17 --- time 36000
2023-04-20 16:29:15,122 INFO Negative OS: -0.29405662488009776 --- ticker FB --- day 2019-09-23 --- time 39600
2023-04-20 16:29:15,208 INFO Negative OS: -0.05100325654596238 --- ticker FB --- day 2019-09-24 --- time 41400
2023-04-20 16:29:15,240 INFO Negative OS: -0.06570582809906522 --- ticker FB --- day 2019-09-24 --- time 52200
2023-04-20 16:29:15,450 INFO Negative OS: -1.012466983051958 --- ticker FB --- day 2019-09-27 --- time 41400
2023-04-20 16:29:15,455 INFO Negative OS: -0.07908187950126444 --- ticker FB --- day 2019-09-27 --- time 43200
2023-04-20 16:29:15,461 INFO Negative OS: -0.04539504152198881 --- ticker FB --- day 2019-09-27 --- time 45000
2023-04-20 16:29:15,477 INFO Negative OS: -0.013718578533429948 --- ticker FB --- day 2019-09-27 --- time 50400
2023-04-20 16:29:15,601 INFO Negative OS: -2.435932533027191 --- ticker FB --- day 2019-10-01 --- time 37800
2023-04-20 16:29:15,607 INFO Negative OS: -0.019907749266972363 --- ticker FB --- day 2019-10-01 --- time 39600
2023-04-20 16:29:15,628 INFO Negative OS: -0.457497812045611 --- ticker FB --- day 2019-10-01 --- time 46800
2023-04-20 16:29:15,779 INFO Negative OS: -0.06034206974213552 --- ticker FB --- day 2019-10-03 --- time 43200
2023-04-20 16:29:15,844 INFO Negative OS: -0.08078464428732479 --- ticker FB --- day 2019-10-04 --- time 37800
2023-04-20 16:29:15,926 INFO Negative OS: -0.31842794313923384 --- ticker FB --- day 2019-10-07 --- time 37800
2023-04-20 16:29:15,953 INFO Negative OS: -0.03320250044073725 --- ticker FB --- day 2019-10-07 --- time 46800
2023-04-20 16:29:16,003 INFO Negative OS: -0.4220509257626095 --- ticker FB --- day 2019-10-08 --- time 36000
2023-04-20 16:29:16,024 INFO Negative OS: -0.07675292155920621 --- ticker FB --- day 2019-10-08 --- time 43200
2023-04-20 16:29:16,029 INFO Negative OS: -0.19516943604725356 --- ticker FB --- day 2019-10-08 --- time 45000
2023-04-20 16:29:16,084 INFO Negative OS: -0.006147145117611608 --- ticker FB --- day 2019-10-09 --- time 36000
2023-04-20 16:29:16,095 INFO Negative OS: -0.16905977739483635 --- ticker FB --- day 2019-10-09 --- time 39600
2023-04-20 16:29:16,111 INFO Negative OS: -1.7899639832445664 --- ticker FB --- day 2019-10-09 --- time 45000
2023-04-20 16:29:16,116 INFO Negative OS: -0.07045291701507939 --- ticker FB --- day 2019-10-09 --- time 46800
2023-04-20 16:29:16,122 INFO Negative OS: -0.16591362706915969 --- ticker FB --- day 2019-10-09 --- time 48600
2023-04-20 16:29:16,127 INFO Negative OS: -0.06924237445035208 --- ticker FB --- day 2019-10-09 --- time 50400
2023-04-20 16:29:16,132 INFO Negative OS: -4.157990501174602e-05 --- ticker FB --- day 2019-10-09 --- time 52200
2023-04-20 16:29:16,166 INFO Negative OS: -1.1401886830772225 --- ticker FB --- day 2019-10-10 --- time 36000
2023-04-20 16:29:16,208 INFO Negative OS: -0.012358266642137794 --- ticker FB --- day 2019-10-10 --- time 50400
2023-04-20 16:29:16,213 INFO Negative OS: -0.17880262300926564 --- ticker FB --- day 2019-10-10 --- time 52200
2023-04-20 16:29:16,247 INFO Negative OS: -0.053217467589931955 --- ticker FB --- day 2019-10-11 --- time 36000
2023-04-20 16:29:16,268 INFO Negative OS: -0.00396061986178986 --- ticker FB --- day 2019-10-11 --- time 43200
2023-04-20 16:29:16,289 INFO Negative OS: -0.42236230989782975 --- ticker FB --- day 2019-10-11 --- time 50400
2023-04-20 16:29:16,328 INFO Negative OS: -0.10558179348222918 --- ticker FB --- day 2019-10-14 --- time 36000
2023-04-20 16:29:16,333 INFO Negative OS: -0.006697741235624832 --- ticker FB --- day 2019-10-14 --- time 37800
2023-04-20 16:29:16,339 INFO Negative OS: -0.012190997625471267 --- ticker FB --- day 2019-10-14 --- time 39600
2023-04-20 16:29:16,355 INFO Negative OS: -0.006557290754253042 --- ticker FB --- day 2019-10-14 --- time 45000
2023-04-20 16:29:16,360 INFO Negative OS: -0.013151440814152204 --- ticker FB --- day 2019-10-14 --- time 46800
2023-04-20 16:29:16,371 INFO Negative OS: -0.1884439357701928 --- ticker FB --- day 2019-10-14 --- time 50400
2023-04-20 16:29:16,410 INFO Negative OS: -0.8297248101642578 --- ticker FB --- day 2019-10-15 --- time 36000
2023-04-20 16:29:16,415 INFO Negative OS: -0.021961502486684603 --- ticker FB --- day 2019-10-15 --- time 37800
2023-04-20 16:29:16,458 INFO Negative OS: -0.00011236618592369574 --- ticker FB --- day 2019-10-15 --- time 52200
2023-04-20 16:29:16,496 INFO Negative OS: -0.10067512249736255 --- ticker FB --- day 2019-10-16 --- time 37800
2023-04-20 16:29:16,507 INFO Negative OS: -0.025180233994126278 --- ticker FB --- day 2019-10-16 --- time 41400
2023-04-20 16:29:16,512 INFO Negative OS: -0.1146127683436855 --- ticker FB --- day 2019-10-16 --- time 43200
2023-04-20 16:29:16,572 INFO Negative OS: -0.5484237736059245 --- ticker FB --- day 2019-10-17 --- time 36000
2023-04-20 16:29:16,577 INFO Negative OS: -0.1531589995240359 --- ticker FB --- day 2019-10-17 --- time 37800
2023-04-20 16:29:16,599 INFO Negative OS: -0.28889971960467453 --- ticker FB --- day 2019-10-17 --- time 45000
2023-04-20 16:29:16,620 INFO Negative OS: -0.19029965083932066 --- ticker FB --- day 2019-10-17 --- time 52200
2023-04-20 16:29:16,927 INFO Negative OS: -27.34858317934916 --- ticker FB --- day 2019-10-23 --- time 46800
2023-04-20 16:29:16,933 INFO Negative OS: -0.013769885402784787 --- ticker FB --- day 2019-10-23 --- time 48600
2023-04-20 16:29:17,099 INFO Negative OS: -0.401441529144102 --- ticker FB --- day 2019-10-25 --- time 50400
2023-04-20 16:29:17,175 INFO Negative OS: -0.002761345668957027 --- ticker FB --- day 2019-10-28 --- time 48600
2023-04-20 16:29:17,563 INFO Negative OS: -0.2723663646874157 --- ticker FB --- day 2019-11-04 --- time 43200
2023-04-20 16:29:17,579 INFO Negative OS: -0.0725626041674341 --- ticker FB --- day 2019-11-04 --- time 48600
2023-04-20 16:29:17,736 INFO Negative OS: -0.22011915592073605 --- ticker FB --- day 2019-11-06 --- time 46800
2023-04-20 16:29:17,811 INFO Negative OS: -0.7311166845935078 --- ticker FB --- day 2019-11-07 --- time 45000
2023-04-20 16:29:17,951 INFO Negative OS: -0.1259158626201482 --- ticker FB --- day 2019-11-11 --- time 37800
2023-04-20 16:29:18,127 INFO Negative OS: -0.40039200018622667 --- ticker FB --- day 2019-11-13 --- time 43200
2023-04-20 16:29:18,138 INFO Negative OS: -0.03504412687645542 --- ticker FB --- day 2019-11-13 --- time 46800
2023-04-20 16:29:18,149 INFO Negative OS: -0.06258204549919255 --- ticker FB --- day 2019-11-13 --- time 50400
2023-04-20 16:29:18,219 INFO Negative OS: -0.3813159855537571 --- ticker FB --- day 2019-11-14 --- time 46800
2023-04-20 16:29:18,273 INFO Negative OS: -0.12455680736281072 --- ticker FB --- day 2019-11-15 --- time 37800
2023-04-20 16:29:18,279 INFO Negative OS: -0.16290934835376913 --- ticker FB --- day 2019-11-15 --- time 39600
2023-04-20 16:29:18,360 INFO Negative OS: -0.11855763250176499 --- ticker FB --- day 2019-11-18 --- time 39600
2023-04-20 16:29:18,366 INFO Negative OS: -0.0034659595498123252 --- ticker FB --- day 2019-11-18 --- time 41400
2023-04-20 16:29:18,382 INFO Negative OS: -0.18938561971609325 --- ticker FB --- day 2019-11-18 --- time 46800
2023-04-20 16:29:18,441 INFO Negative OS: -0.6645639176713463 --- ticker FB --- day 2019-11-19 --- time 39600
2023-04-20 16:29:18,688 INFO Negative OS: -2.7643413803141117 --- ticker FB --- day 2019-11-22 --- time 41400
2023-04-20 16:29:19,068 INFO Negative OS: -0.4201286494709937 --- ticker FB --- day 2019-12-02 --- time 37800
2023-04-20 16:29:19,315 INFO Negative OS: -0.047680174243682094 --- ticker FB --- day 2019-12-05 --- time 39600
2023-04-20 16:29:19,547 INFO Negative OS: -0.03762563475625913 --- ticker FB --- day 2019-12-10 --- time 36000
2023-04-20 16:29:19,563 INFO Negative OS: -0.0034951653201233945 --- ticker FB --- day 2019-12-10 --- time 41400
2023-04-20 16:29:19,568 INFO Negative OS: -0.0003435815362182737 --- ticker FB --- day 2019-12-10 --- time 43200
2023-04-20 16:29:19,573 INFO Negative OS: -0.050390680072399 --- ticker FB --- day 2019-12-10 --- time 45000
2023-04-20 16:29:19,579 INFO Negative OS: -0.11528214774594914 --- ticker FB --- day 2019-12-10 --- time 46800
2023-04-20 16:29:19,584 INFO Negative OS: -0.04149767542299543 --- ticker FB --- day 2019-12-10 --- time 48600
2023-04-20 16:29:19,590 INFO Negative OS: -0.11020510301082109 --- ticker FB --- day 2019-12-10 --- time 50400
2023-04-20 16:29:19,634 INFO Negative OS: -0.030193850493850594 --- ticker FB --- day 2019-12-11 --- time 37800
2023-04-20 16:29:19,640 INFO Negative OS: -0.14824330447959344 --- ticker FB --- day 2019-12-11 --- time 39600
2023-04-20 16:29:19,645 INFO Negative OS: -0.05713690063049959 --- ticker FB --- day 2019-12-11 --- time 41400
2023-04-20 16:29:19,650 INFO Negative OS: -0.23306113601152778 --- ticker FB --- day 2019-12-11 --- time 43200
2023-04-20 16:29:19,656 INFO Negative OS: -0.005717238248346135 --- ticker FB --- day 2019-12-11 --- time 45000
2023-04-20 16:29:19,661 INFO Negative OS: -0.5359275921228195 --- ticker FB --- day 2019-12-11 --- time 46800
2023-04-20 16:29:19,667 INFO Negative OS: -5.058546659820124 --- ticker FB --- day 2019-12-11 --- time 48600
2023-04-20 16:29:19,672 INFO Negative OS: -0.002578196373422603 --- ticker FB --- day 2019-12-11 --- time 50400
2023-04-20 16:29:19,712 INFO Negative OS: -0.20797073015941692 --- ticker FB --- day 2019-12-12 --- time 36000
2023-04-20 16:29:19,723 INFO Negative OS: -0.03946080231082649 --- ticker FB --- day 2019-12-12 --- time 39600
2023-04-20 16:29:19,733 INFO Negative OS: -0.028708654064857564 --- ticker FB --- day 2019-12-12 --- time 43200
2023-04-20 16:29:19,749 INFO Negative OS: -0.017865783203467878 --- ticker FB --- day 2019-12-12 --- time 48600
2023-04-20 16:29:19,799 INFO Negative OS: -0.005401573516485847 --- ticker FB --- day 2019-12-13 --- time 37800
2023-04-20 16:29:19,804 INFO Negative OS: -0.03706016943015933 --- ticker FB --- day 2019-12-13 --- time 39600
2023-04-20 16:29:19,874 INFO in_r2: 0.8464483040600841 , std 0.2086620446997794 
2023-04-20 16:29:19,874 INFO os_r2: 0.7984897804288614 , std 0.44585191930455104 
2023-04-20 16:29:19,874 INFO intercept: -3.642000391289312e-08 , std 1.89533529870337e-05 
2023-04-20 16:29:19,874 INFO pca_1: -1.2406618623409765e-06 , std 4.1318302721545564e-05 
2023-04-20 16:29:19,874 INFO pca_2: 8.462211970984993e-07 , std 9.26628596692766e-05 
2023-04-20 16:29:19,874 INFO pca_3: 2.8376067070519896e-07 , std 6.595665110653618e-05 
2023-04-20 16:29:19,874 INFO pca_4: 8.383946656917689e-07 , std 5.3717668647842465e-05 
2023-04-20 16:29:19,874 INFO pca_5: 5.34726631331475e-07 , std 4.6397369463461855e-05 
2023-04-20 16:29:19,874 INFO t_intercept: 0.08385042711110313 , std 3.8887872866846673 
2023-04-20 16:29:19,874 INFO t_pca_1: -0.5116471366135069 , std 30.448249060328447 
2023-04-20 16:29:19,874 INFO t_pca_2: 0.06660790269514533 , std 37.30459157076518 
2023-04-20 16:29:19,874 INFO t_pca_3: 0.041316885477039995 , std 20.144849379637364 
2023-04-20 16:29:19,874 INFO t_pca_4: 0.126480419618293 , std 13.1999515116727 
2023-04-20 16:29:19,874 INFO t_pca_5: 0.09368595841934808 , std 9.268425241928039 
2023-04-20 16:29:19,874 INFO p_intercept: 0.19988993237037148 , std 0.2860507881578217 
2023-04-20 16:29:19,874 INFO p_pca_1: 0.022077371309058267 , std 0.11195002325292727 
2023-04-20 16:29:19,874 INFO p_pca_2: 0.03692883638038801 , std 0.1465840684424744 
2023-04-20 16:29:19,874 INFO p_pca_3: 0.0509076515701296 , std 0.16595874643637348 
2023-04-20 16:29:19,874 INFO p_pca_4: 0.07249448442274214 , std 0.1944684856900555 
2023-04-20 16:29:19,874 INFO p_pca_5: 0.09307309456760077 , std 0.2154168984480191 
2023-04-20 16:29:19,874 INFO pca_explained_1: 0.5413287728552845 , std 0.1069931075107193 
2023-04-20 16:29:19,874 INFO pca_explained_2: 0.685735240833309 , std 0.08819742134004407 
2023-04-20 16:29:19,874 INFO pca_explained_3: 0.7698121901051583 , std 0.07227038254930075 
2023-04-20 16:29:19,874 INFO pca_explained_4: 0.8267899803829108 , std 0.05948481155523432 
2023-04-20 16:29:19,874 INFO pca_explained_5: 0.8671011438978757 , std 0.04857900167070135 
