2023-04-20 16:38:23,608 INFO Tickers: ['FISV']
2023-04-20 16:38:32,511 INFO Negative OS: -0.03452751094692785 --- ticker FISV --- day 2017-08-02 --- time 36000
2023-04-20 16:38:40,105 INFO Negative OS: -0.8582146962931216 --- ticker FISV --- day 2018-02-07 --- time 37800
2023-04-20 16:38:40,253 INFO Negative OS: -1.287810879201293 --- ticker FISV --- day 2018-02-09 --- time 36000
2023-04-20 16:38:40,273 INFO Negative OS: -0.15341271519510902 --- ticker FISV --- day 2018-02-09 --- time 43200
2023-04-20 16:38:40,283 INFO Negative OS: -0.14191759536438364 --- ticker FISV --- day 2018-02-09 --- time 46800
2023-04-20 16:38:40,602 INFO Negative OS: -12.42293057352671 --- ticker FISV --- day 2018-02-16 --- time 48600
2023-04-20 16:38:42,239 INFO Negative OS: -0.12010570641807439 --- ticker FISV --- day 2018-03-27 --- time 45000
2023-04-20 16:38:42,456 INFO Negative OS: -1.585312646493835 --- ticker FISV --- day 2018-04-02 --- time 46800
2023-04-20 16:38:44,206 INFO Negative OS: -0.04269995086092582 --- ticker FISV --- day 2018-05-08 --- time 52200
2023-04-20 16:38:54,052 INFO Negative OS: -0.13492796031920484 --- ticker FISV --- day 2018-12-11 --- time 37800
2023-04-20 16:38:54,129 INFO Negative OS: -0.4997276387679872 --- ticker FISV --- day 2018-12-12 --- time 37800
2023-04-20 16:38:54,442 INFO Negative OS: -0.41727036342373136 --- ticker FISV --- day 2018-12-18 --- time 41400
2023-04-20 16:38:54,544 INFO Negative OS: -0.02750730738283269 --- ticker FISV --- day 2018-12-19 --- time 50400
2023-04-20 16:38:54,616 INFO Negative OS: -0.7013299942098234 --- ticker FISV --- day 2018-12-20 --- time 48600
2023-04-20 16:38:54,622 INFO Negative OS: -0.0747056463581599 --- ticker FISV --- day 2018-12-20 --- time 50400
2023-04-20 16:38:55,442 INFO Negative OS: -0.11826000323310559 --- ticker FISV --- day 2019-01-10 --- time 48600
2023-04-20 16:38:55,868 INFO Negative OS: -0.2586757371291426 --- ticker FISV --- day 2019-01-18 --- time 45000
2023-04-20 16:38:56,007 INFO Negative OS: -0.15270246471358817 --- ticker FISV --- day 2019-01-23 --- time 39600
2023-04-20 16:38:56,152 INFO Negative OS: -0.04573228946185348 --- ticker FISV --- day 2019-01-25 --- time 36000
2023-04-20 16:38:56,767 INFO Negative OS: -0.002317008138322807 --- ticker FISV --- day 2019-02-06 --- time 36000
2023-04-20 16:38:56,782 INFO Negative OS: -0.4820366133105187 --- ticker FISV --- day 2019-02-06 --- time 41400
2023-04-20 16:38:56,787 INFO Negative OS: -0.020086504595018928 --- ticker FISV --- day 2019-02-06 --- time 43200
2023-04-20 16:38:58,225 INFO Negative OS: -0.21132586411841925 --- ticker FISV --- day 2019-03-06 --- time 36000
2023-04-20 16:38:58,230 INFO Negative OS: -0.01108241999701165 --- ticker FISV --- day 2019-03-06 --- time 37800
2023-04-20 16:39:01,153 INFO Negative OS: -0.0029443751119637707 --- ticker FISV --- day 2019-05-01 --- time 36000
2023-04-20 16:39:06,118 INFO Negative OS: -2.8111198074287187 --- ticker FISV --- day 2019-08-06 --- time 36000
2023-04-20 16:39:06,671 INFO Negative OS: -0.04403476728978095 --- ticker FISV --- day 2019-08-15 --- time 41400
2023-04-20 16:39:06,676 INFO Negative OS: -0.05919595666207056 --- ticker FISV --- day 2019-08-15 --- time 43200
2023-04-20 16:39:06,958 INFO Negative OS: -0.0989030536948412 --- ticker FISV --- day 2019-08-21 --- time 37800
2023-04-20 16:39:07,629 INFO Negative OS: -0.03254867960827634 --- ticker FISV --- day 2019-09-04 --- time 37800
2023-04-20 16:39:08,853 INFO Negative OS: -0.06511433158463253 --- ticker FISV --- day 2019-09-26 --- time 48600
2023-04-20 16:39:08,910 INFO Negative OS: -0.48136302189722535 --- ticker FISV --- day 2019-09-27 --- time 41400
2023-04-20 16:39:08,920 INFO Negative OS: -0.013042502054423588 --- ticker FISV --- day 2019-09-27 --- time 45000
2023-04-20 16:39:10,771 INFO Negative OS: -0.008842412770693642 --- ticker FISV --- day 2019-11-01 --- time 36000
2023-04-20 16:39:11,008 INFO Negative OS: -10.009289193755185 --- ticker FISV --- day 2019-11-06 --- time 45000
2023-04-20 16:39:11,060 INFO Negative OS: -3.8029649868523228 --- ticker FISV --- day 2019-11-07 --- time 36000
2023-04-20 16:39:11,090 INFO Negative OS: -0.9178164877250745 --- ticker FISV --- day 2019-11-07 --- time 46800
2023-04-20 16:39:11,548 INFO Negative OS: -0.7749794600658266 --- ticker FISV --- day 2019-11-15 --- time 45000
2023-04-20 16:39:12,444 INFO Negative OS: -0.07283680699059647 --- ticker FISV --- day 2019-12-05 --- time 37800
2023-04-20 16:39:12,716 INFO Negative OS: -0.012754000176473435 --- ticker FISV --- day 2019-12-11 --- time 37800
2023-04-20 16:39:12,856 INFO Negative OS: -0.1001296377541745 --- ticker FISV --- day 2019-12-13 --- time 36000
2023-04-20 16:39:12,907 INFO in_r2: 0.8461642210217201 , std 0.1540563314686588 
2023-04-20 16:39:12,907 INFO os_r2: 0.7917698824712072 , std 0.38192130178923805 
2023-04-20 16:39:12,907 INFO intercept: -3.042890915231341e-07 , std 1.7248036040690016e-05 
2023-04-20 16:39:12,907 INFO pca_1: -1.2239853543633118e-06 , std 9.981860434314938e-05 
2023-04-20 16:39:12,907 INFO pca_2: -3.4595173770007694e-06 , std 0.00019270028070384352 
2023-04-20 16:39:12,907 INFO pca_3: -1.448006932842143e-06 , std 0.0001351790158031644 
2023-04-20 16:39:12,907 INFO pca_4: 1.112760141578029e-06 , std 0.0001188819041616649 
2023-04-20 16:39:12,907 INFO pca_5: -3.5165020685128183e-07 , std 0.00010381859225312714 
2023-04-20 16:39:12,907 INFO t_intercept: -0.001612365255516443 , std 3.383418308770544 
2023-04-20 16:39:12,907 INFO t_pca_1: -0.5595152938420632 , std 27.13101408481127 
2023-04-20 16:39:12,907 INFO t_pca_2: 0.264249947500791 , std 29.228817336953497 
2023-04-20 16:39:12,907 INFO t_pca_3: -0.19850537774458143 , std 14.586509680152034 
2023-04-20 16:39:12,907 INFO t_pca_4: 0.1287105369281368 , std 9.834206463675951 
2023-04-20 16:39:12,907 INFO t_pca_5: -0.0889161658143088 , std 6.687333767478521 
2023-04-20 16:39:12,907 INFO p_intercept: 0.2234421723749853 , std 0.2941193705050286 
2023-04-20 16:39:12,908 INFO p_pca_1: 0.012270719795941378 , std 0.08398074080707206 
2023-04-20 16:39:12,908 INFO p_pca_2: 0.024625271651165733 , std 0.11810539938721652 
2023-04-20 16:39:12,908 INFO p_pca_3: 0.05653930409147047 , std 0.1694746213359305 
2023-04-20 16:39:12,908 INFO p_pca_4: 0.08228430383623554 , std 0.20548733388922832 
2023-04-20 16:39:12,908 INFO p_pca_5: 0.11028863116754728 , std 0.23016176230328372 
2023-04-20 16:39:12,908 INFO pca_explained_1: 0.5453246282435613 , std 0.10827614371905109 
2023-04-20 16:39:12,908 INFO pca_explained_2: 0.69125796105852 , std 0.08338678568991553 
2023-04-20 16:39:12,908 INFO pca_explained_3: 0.7700752008759002 , std 0.06727324400748845 
2023-04-20 16:39:12,908 INFO pca_explained_4: 0.8220997118033626 , std 0.055186787920607744 
2023-04-20 16:39:12,908 INFO pca_explained_5: 0.8592992332939237 , std 0.045497664307161546 
