2023-04-20 16:30:17,797 INFO Tickers: ['HD']
2023-04-20 16:30:36,273 INFO Negative OS: -0.18942695200737436 --- ticker HD --- day 2017-12-06 --- time 46800
2023-04-20 16:30:36,421 INFO Negative OS: -0.02408976608112612 --- ticker HD --- day 2017-12-08 --- time 45000
2023-04-20 16:30:36,833 INFO Negative OS: -1.2193611600450756 --- ticker HD --- day 2017-12-15 --- time 52200
2023-04-20 16:30:37,263 INFO Negative OS: -2.2553566738356436 --- ticker HD --- day 2017-12-26 --- time 36000
2023-04-20 16:30:37,603 INFO Negative OS: -14.531680817792001 --- ticker HD --- day 2018-01-02 --- time 46800
2023-04-20 16:30:37,737 INFO Negative OS: -10.518955866549389 --- ticker HD --- day 2018-01-04 --- time 37800
2023-04-20 16:30:38,009 INFO Negative OS: -0.026572277519623322 --- ticker HD --- day 2018-01-09 --- time 52200
2023-04-20 16:30:38,123 INFO Negative OS: -0.5780183954585045 --- ticker HD --- day 2018-01-11 --- time 36000
2023-04-20 16:30:38,541 INFO Negative OS: -0.41126333226364076 --- ticker HD --- day 2018-01-19 --- time 46800
2023-04-20 16:30:39,030 INFO Negative OS: -0.29059289534009225 --- ticker HD --- day 2018-01-29 --- time 52200
2023-04-20 16:30:49,972 INFO Negative OS: -0.060546840350202746 --- ticker HD --- day 2018-08-14 --- time 39600
2023-04-20 16:30:49,983 INFO Negative OS: -0.15532731443523695 --- ticker HD --- day 2018-08-14 --- time 43200
2023-04-20 16:30:55,082 INFO Negative OS: -0.9139306392772435 --- ticker HD --- day 2018-11-13 --- time 37800
2023-04-20 16:30:56,118 INFO Negative OS: -0.039779482363970775 --- ticker HD --- day 2018-12-03 --- time 36000
2023-04-20 16:31:01,708 INFO Negative OS: -6.5409761950969605 --- ticker HD --- day 2019-03-18 --- time 48600
2023-04-20 16:31:06,032 INFO Negative OS: -1.0556569541463703 --- ticker HD --- day 2019-06-04 --- time 45000
2023-04-20 16:31:06,112 INFO Negative OS: -6.756697179745802 --- ticker HD --- day 2019-06-05 --- time 45000
2023-04-20 16:31:09,827 INFO Negative OS: -1.0169538382760832 --- ticker HD --- day 2019-08-12 --- time 52200
2023-04-20 16:31:10,519 INFO Negative OS: -1.6291888336859364 --- ticker HD --- day 2019-08-23 --- time 41400
2023-04-20 16:31:10,529 INFO Negative OS: -0.1820788198126433 --- ticker HD --- day 2019-08-23 --- time 45000
2023-04-20 16:31:10,616 INFO Negative OS: -0.05178197903318993 --- ticker HD --- day 2019-08-26 --- time 46800
2023-04-20 16:31:10,632 INFO Negative OS: -0.6078061068507101 --- ticker HD --- day 2019-08-26 --- time 52200
2023-04-20 16:31:10,949 INFO Negative OS: -0.12759024513243422 --- ticker HD --- day 2019-08-30 --- time 52200
2023-04-20 16:31:12,231 INFO Negative OS: -0.15452834981984087 --- ticker HD --- day 2019-09-25 --- time 36000
2023-04-20 16:31:13,863 INFO Negative OS: -2.747489862498308 --- ticker HD --- day 2019-10-24 --- time 48600
2023-04-20 16:31:14,143 INFO Negative OS: -0.7172362595980841 --- ticker HD --- day 2019-10-30 --- time 36000
2023-04-20 16:31:15,336 INFO Negative OS: -0.3714676310132239 --- ticker HD --- day 2019-11-20 --- time 46800
2023-04-20 16:31:16,059 INFO Negative OS: -2.940099743117587 --- ticker HD --- day 2019-12-04 --- time 50400
2023-04-20 16:31:16,124 INFO Negative OS: -24.666419048029724 --- ticker HD --- day 2019-12-05 --- time 45000
2023-04-20 16:31:16,501 INFO Negative OS: -3.956100612116466 --- ticker HD --- day 2019-12-12 --- time 37800
2023-04-20 16:31:16,543 INFO Negative OS: -0.2945693677240291 --- ticker HD --- day 2019-12-12 --- time 52200
2023-04-20 16:31:16,653 INFO in_r2: 0.844056639289687 , std 0.08833674866995953 
2023-04-20 16:31:16,653 INFO os_r2: 0.8038475528987405 , std 0.43331139918057765 
2023-04-20 16:31:16,653 INFO intercept: 7.931943445962136e-08 , std 1.4138236563886806e-05 
2023-04-20 16:31:16,653 INFO pca_1: -1.7148129281385341e-06 , std 6.971037369033552e-05 
2023-04-20 16:31:16,653 INFO pca_2: -3.978773165820896e-06 , std 0.0001226004738801015 
2023-04-20 16:31:16,653 INFO pca_3: 9.197075101090055e-07 , std 6.637785322554284e-05 
2023-04-20 16:31:16,653 INFO pca_4: -1.914839344669118e-06 , std 5.22072076915632e-05 
2023-04-20 16:31:16,653 INFO pca_5: -1.5248392208206601e-06 , std 4.5736269471458565e-05 
2023-04-20 16:31:16,653 INFO t_intercept: 0.07428259044231877 , std 2.7125302812607957 
2023-04-20 16:31:16,653 INFO t_pca_1: -0.5904845628162101 , std 25.041654213291608 
2023-04-20 16:31:16,653 INFO t_pca_2: -0.5438556666843758 , std 23.617558743095746 
2023-04-20 16:31:16,653 INFO t_pca_3: 0.10717829174723843 , std 8.819554688604057 
2023-04-20 16:31:16,653 INFO t_pca_4: -0.1886672147842981 , std 5.460406925520912 
2023-04-20 16:31:16,653 INFO t_pca_5: -0.10706272360716647 , std 3.849623681304246 
2023-04-20 16:31:16,653 INFO p_intercept: 0.25248906733199267 , std 0.3023351621655083 
2023-04-20 16:31:16,654 INFO p_pca_1: 0.003507254900098542 , std 0.04625369548828298 
2023-04-20 16:31:16,654 INFO p_pca_2: 0.013685484435907945 , std 0.09054073095173526 
2023-04-20 16:31:16,654 INFO p_pca_3: 0.11234978275439297 , std 0.23143356536903267 
2023-04-20 16:31:16,654 INFO p_pca_4: 0.1570814981337422 , std 0.25996235905264814 
2023-04-20 16:31:16,654 INFO p_pca_5: 0.19612801713863892 , std 0.28057611956833145 
2023-04-20 16:31:16,654 INFO pca_explained_1: 0.5975222726326926 , std 0.09593317390070051 
2023-04-20 16:31:16,654 INFO pca_explained_2: 0.7447237259536199 , std 0.06867269671110213 
2023-04-20 16:31:16,654 INFO pca_explained_3: 0.8115228286030494 , std 0.05385397573180365 
2023-04-20 16:31:16,654 INFO pca_explained_4: 0.8542371884821218 , std 0.04334891141617826 
2023-04-20 16:31:16,654 INFO pca_explained_5: 0.8836308855935394 , std 0.03546563042079643 
