2023-04-20 16:29:10,201 INFO Tickers: ['JNJ']
2023-04-20 16:29:18,481 INFO Negative OS: -0.5109583968385081 --- ticker JNJ --- day 2017-06-01 --- time 37800
2023-04-20 16:29:18,892 INFO Negative OS: -0.3814600236757495 --- ticker JNJ --- day 2017-06-08 --- time 43200
2023-04-20 16:29:30,160 INFO Negative OS: -0.3064735047878928 --- ticker JNJ --- day 2018-01-11 --- time 41400
2023-04-20 16:29:30,819 INFO Negative OS: -0.387925162344541 --- ticker JNJ --- day 2018-01-24 --- time 50400
2023-04-20 16:29:31,451 INFO Negative OS: -0.6840571837819978 --- ticker JNJ --- day 2018-02-05 --- time 48600
2023-04-20 16:29:31,456 INFO Negative OS: -0.46612906157882117 --- ticker JNJ --- day 2018-02-05 --- time 50400
2023-04-20 16:29:31,495 INFO Negative OS: -0.0043728817940076325 --- ticker JNJ --- day 2018-02-06 --- time 36000
2023-04-20 16:29:31,500 INFO Negative OS: -0.14974003646523926 --- ticker JNJ --- day 2018-02-06 --- time 37800
2023-04-20 16:29:31,526 INFO Negative OS: -2.113383333000015 --- ticker JNJ --- day 2018-02-06 --- time 46800
2023-04-20 16:29:31,532 INFO Negative OS: -0.34374151502720496 --- ticker JNJ --- day 2018-02-06 --- time 48600
2023-04-20 16:29:31,740 INFO Negative OS: -0.3057163242580261 --- ticker JNJ --- day 2018-02-09 --- time 37800
2023-04-20 16:29:33,180 INFO Negative OS: -4.161909137649903 --- ticker JNJ --- day 2018-03-08 --- time 39600
2023-04-20 16:29:33,186 INFO Negative OS: -0.012524758109460743 --- ticker JNJ --- day 2018-03-08 --- time 41400
2023-04-20 16:29:33,192 INFO Negative OS: -0.289750160130571 --- ticker JNJ --- day 2018-03-08 --- time 43200
2023-04-20 16:29:33,197 INFO Negative OS: -0.0018634191655462207 --- ticker JNJ --- day 2018-03-08 --- time 45000
2023-04-20 16:29:34,078 INFO Negative OS: -1.099887320259966 --- ticker JNJ --- day 2018-03-23 --- time 50400
2023-04-20 16:29:35,399 INFO Negative OS: -0.072460515598336 --- ticker JNJ --- day 2018-04-18 --- time 37800
2023-04-20 16:29:43,562 INFO Negative OS: -0.20481698124608871 --- ticker JNJ --- day 2018-09-13 --- time 36000
2023-04-20 16:29:43,966 INFO Negative OS: -0.12451502358473565 --- ticker JNJ --- day 2018-09-20 --- time 37800
2023-04-20 16:29:45,869 INFO Negative OS: -0.02987995334743032 --- ticker JNJ --- day 2018-10-24 --- time 36000
2023-04-20 16:29:46,129 INFO Negative OS: -0.04048892548073102 --- ticker JNJ --- day 2018-10-29 --- time 43200
2023-04-20 16:29:46,189 INFO Negative OS: -0.0799914189547346 --- ticker JNJ --- day 2018-10-30 --- time 36000
2023-04-20 16:29:46,220 INFO Negative OS: -0.0001256607754349659 --- ticker JNJ --- day 2018-10-30 --- time 46800
2023-04-20 16:29:46,349 INFO Negative OS: -0.3694086421938254 --- ticker JNJ --- day 2018-11-01 --- time 36000
2023-04-20 16:29:46,594 INFO Negative OS: -0.17490450248976308 --- ticker JNJ --- day 2018-11-06 --- time 37800
2023-04-20 16:29:46,907 INFO Negative OS: -0.044754729914045166 --- ticker JNJ --- day 2018-11-12 --- time 36000
2023-04-20 16:29:48,045 INFO Negative OS: -3.548826536916536 --- ticker JNJ --- day 2018-12-03 --- time 46800
2023-04-20 16:29:48,056 INFO Negative OS: -0.0014308053765177409 --- ticker JNJ --- day 2018-12-03 --- time 50400
2023-04-20 16:29:48,110 INFO Negative OS: -0.08438956608533599 --- ticker JNJ --- day 2018-12-04 --- time 41400
2023-04-20 16:29:48,765 INFO Negative OS: -0.2132658697466827 --- ticker JNJ --- day 2018-12-17 --- time 46800
2023-04-20 16:29:48,856 INFO Negative OS: -0.29383599569999097 --- ticker JNJ --- day 2018-12-18 --- time 50400
2023-04-20 16:29:48,931 INFO Negative OS: -1.6195015710944052 --- ticker JNJ --- day 2018-12-19 --- time 48600
2023-04-20 16:29:48,936 INFO Negative OS: -0.007829994350493585 --- ticker JNJ --- day 2018-12-19 --- time 50400
2023-04-20 16:29:49,523 INFO Negative OS: -0.015753260652015655 --- ticker JNJ --- day 2019-01-02 --- time 36000
2023-04-20 16:29:50,029 INFO Negative OS: -0.7648332303860932 --- ticker JNJ --- day 2019-01-11 --- time 45000
2023-04-20 16:29:50,568 INFO Negative OS: -0.006947454163782618 --- ticker JNJ --- day 2019-01-23 --- time 37800
2023-04-20 16:29:50,579 INFO Negative OS: -0.1570712119379014 --- ticker JNJ --- day 2019-01-23 --- time 41400
2023-04-20 16:29:50,680 INFO Negative OS: -1.8668188134947084 --- ticker JNJ --- day 2019-01-24 --- time 48600
2023-04-20 16:29:51,447 INFO Negative OS: -0.11302424476243367 --- ticker JNJ --- day 2019-02-07 --- time 37800
2023-04-20 16:29:51,628 INFO Negative OS: -0.8837646325398569 --- ticker JNJ --- day 2019-02-11 --- time 45000
2023-04-20 16:29:51,643 INFO Negative OS: -0.016999621270754828 --- ticker JNJ --- day 2019-02-11 --- time 50400
2023-04-20 16:29:51,767 INFO Negative OS: -0.06346017835084106 --- ticker JNJ --- day 2019-02-13 --- time 37800
2023-04-20 16:29:51,772 INFO Negative OS: -0.031054543799048817 --- ticker JNJ --- day 2019-02-13 --- time 39600
2023-04-20 16:29:51,863 INFO Negative OS: -0.0515137566573276 --- ticker JNJ --- day 2019-02-14 --- time 43200
2023-04-20 16:29:51,889 INFO Negative OS: -0.06204421704914975 --- ticker JNJ --- day 2019-02-14 --- time 52200
2023-04-20 16:29:52,267 INFO Negative OS: -0.024867999370637772 --- ticker JNJ --- day 2019-02-22 --- time 45000
2023-04-20 16:29:55,628 INFO Negative OS: -0.8007636024889448 --- ticker JNJ --- day 2019-04-24 --- time 50400
2023-04-20 16:29:55,983 INFO Negative OS: -0.8210808327213996 --- ticker JNJ --- day 2019-05-01 --- time 36000
2023-04-20 16:30:00,446 INFO Negative OS: -0.7172304738135349 --- ticker JNJ --- day 2019-07-22 --- time 39600
2023-04-20 16:30:00,451 INFO Negative OS: -0.0013334834539342477 --- ticker JNJ --- day 2019-07-22 --- time 41400
2023-04-20 16:30:02,311 INFO Negative OS: -0.38448061904153574 --- ticker JNJ --- day 2019-08-22 --- time 48600
2023-04-20 16:30:02,322 INFO Negative OS: -0.0010644196889950663 --- ticker JNJ --- day 2019-08-22 --- time 52200
2023-04-20 16:30:03,400 INFO Negative OS: -0.15322042498424882 --- ticker JNJ --- day 2019-09-12 --- time 39600
2023-04-20 16:30:03,980 INFO Negative OS: -0.003899118691447212 --- ticker JNJ --- day 2019-09-23 --- time 50400
2023-04-20 16:30:03,985 INFO Negative OS: -0.141819405093339 --- ticker JNJ --- day 2019-09-23 --- time 52200
2023-04-20 16:30:04,378 INFO Negative OS: -0.5990635676416085 --- ticker JNJ --- day 2019-09-30 --- time 50400
2023-04-20 16:30:06,986 INFO Negative OS: -0.11909817826833957 --- ticker JNJ --- day 2019-11-14 --- time 52200
2023-04-20 16:30:07,294 INFO Negative OS: -1.1323163621939307 --- ticker JNJ --- day 2019-11-20 --- time 48600
2023-04-20 16:30:07,663 INFO Negative OS: -0.2962197194133034 --- ticker JNJ --- day 2019-11-27 --- time 39600
2023-04-20 16:30:08,590 INFO in_r2: 0.8556079084565913 , std 0.1369552098230841 
2023-04-20 16:30:08,590 INFO os_r2: 0.8248626022093668 , std 0.20127490700181208 
2023-04-20 16:30:08,590 INFO intercept: 2.8451202601252983e-08 , std 1.3030446003408378e-05 
2023-04-20 16:30:08,590 INFO pca_1: 3.47297522914525e-07 , std 6.722176497958539e-05 
2023-04-20 16:30:08,590 INFO pca_2: -3.874516768411719e-06 , std 0.00014038835010418986 
2023-04-20 16:30:08,590 INFO pca_3: -7.99269148890677e-07 , std 7.912809693551401e-05 
2023-04-20 16:30:08,590 INFO pca_4: 6.152549593024093e-07 , std 6.38894896110596e-05 
2023-04-20 16:30:08,591 INFO pca_5: -6.088115981026116e-07 , std 5.3110412530914205e-05 
2023-04-20 16:30:08,591 INFO t_intercept: 0.08586654453488844 , std 3.0567432925959137 
2023-04-20 16:30:08,591 INFO t_pca_1: 0.22741107940235164 , std 26.165376065583224 
2023-04-20 16:30:08,591 INFO t_pca_2: -0.7564000493094586 , std 28.838716769361213 
2023-04-20 16:30:08,591 INFO t_pca_3: -0.03182759329657982 , std 11.663583905212475 
2023-04-20 16:30:08,591 INFO t_pca_4: 0.08246840349626966 , std 7.382609605837575 
2023-04-20 16:30:08,591 INFO t_pca_5: -0.055612688192167484 , std 5.102715374174167 
2023-04-20 16:30:08,591 INFO p_intercept: 0.2394448920088377 , std 0.2987702108124846 
2023-04-20 16:30:08,591 INFO p_pca_1: 0.008148706491714394 , std 0.07113650718297053 
2023-04-20 16:30:08,591 INFO p_pca_2: 0.016690261892958073 , std 0.09717610391688192 
2023-04-20 16:30:08,591 INFO p_pca_3: 0.07893332602454156 , std 0.19994833843752616 
2023-04-20 16:30:08,591 INFO p_pca_4: 0.1165912479222521 , std 0.23915882613996187 
2023-04-20 16:30:08,591 INFO p_pca_5: 0.17149301219353866 , std 0.2744840558429436 
2023-04-20 16:30:08,591 INFO pca_explained_1: 0.5919751361880102 , std 0.10213851561173334 
2023-04-20 16:30:08,591 INFO pca_explained_2: 0.7281977518646439 , std 0.0826921131005407 
2023-04-20 16:30:08,591 INFO pca_explained_3: 0.7985578657822445 , std 0.06817578514819216 
2023-04-20 16:30:08,591 INFO pca_explained_4: 0.8446403859950022 , std 0.056317436200450585 
2023-04-20 16:30:08,591 INFO pca_explained_5: 0.8768053078357495 , std 0.04654985845564239 
