2023-04-20 16:28:21,669 INFO Tickers: ['JPM']
2023-04-20 16:28:22,198 INFO Negative OS: -0.17563941844841646 --- ticker JPM --- day 2017-01-11 --- time 41400
2023-04-20 16:28:23,739 INFO Negative OS: -0.0332870254432871 --- ticker JPM --- day 2017-02-09 --- time 36000
2023-04-20 16:28:24,066 INFO Negative OS: -4.27393153066582 --- ticker JPM --- day 2017-02-15 --- time 41400
2023-04-20 16:28:42,533 INFO Negative OS: -0.005836724867519738 --- ticker JPM --- day 2018-01-17 --- time 39600
2023-04-20 16:28:43,593 INFO Negative OS: -0.04910561114438328 --- ticker JPM --- day 2018-02-05 --- time 41400
2023-04-20 16:28:43,827 INFO Negative OS: -0.0015624709535115855 --- ticker JPM --- day 2018-02-08 --- time 37800
2023-04-20 16:28:43,940 INFO Negative OS: -0.16174245796170394 --- ticker JPM --- day 2018-02-09 --- time 48600
2023-04-20 16:28:43,945 INFO Negative OS: -0.0003096685724370829 --- ticker JPM --- day 2018-02-09 --- time 50400
2023-04-20 16:28:44,650 INFO Negative OS: -0.06985623181716849 --- ticker JPM --- day 2018-02-23 --- time 41400
2023-04-20 16:28:44,655 INFO Negative OS: -0.12736182764277793 --- ticker JPM --- day 2018-02-23 --- time 43200
2023-04-20 16:28:46,174 INFO Negative OS: -0.021882960477969338 --- ticker JPM --- day 2018-03-22 --- time 36000
2023-04-20 16:28:46,297 INFO Negative OS: -0.23890779084309166 --- ticker JPM --- day 2018-03-23 --- time 50400
2023-04-20 16:28:46,303 INFO Negative OS: -0.0005196674859386796 --- ticker JPM --- day 2018-03-23 --- time 52200
2023-04-20 16:28:46,759 INFO Negative OS: -0.18291754583783093 --- ticker JPM --- day 2018-04-03 --- time 41400
2023-04-20 16:28:47,357 INFO Negative OS: -0.0199592360857761 --- ticker JPM --- day 2018-04-12 --- time 52200
2023-04-20 16:28:48,374 INFO Negative OS: -0.3049272807340093 --- ticker JPM --- day 2018-05-01 --- time 39600
2023-04-20 16:28:48,525 INFO Negative OS: -0.1379334246568058 --- ticker JPM --- day 2018-05-03 --- time 36000
2023-04-20 16:28:49,694 INFO Negative OS: -0.01416866943152395 --- ticker JPM --- day 2018-05-23 --- time 48600
2023-04-20 16:28:49,699 INFO Negative OS: -0.2290508476683064 --- ticker JPM --- day 2018-05-23 --- time 50400
2023-04-20 16:28:50,235 INFO Negative OS: -0.27651830894606655 --- ticker JPM --- day 2018-06-04 --- time 39600
2023-04-20 16:28:56,428 INFO Negative OS: -0.4496421531539303 --- ticker JPM --- day 2018-09-20 --- time 45000
2023-04-20 16:29:10,989 INFO Negative OS: -2.5216311703550045 --- ticker JPM --- day 2019-04-29 --- time 48600
2023-04-20 16:29:12,277 INFO Negative OS: -0.3390632070695798 --- ticker JPM --- day 2019-05-21 --- time 45000
2023-04-20 16:29:21,329 INFO Negative OS: -3.5029223888887584 --- ticker JPM --- day 2019-10-29 --- time 36000
2023-04-20 16:29:24,002 INFO in_r2: 0.9135389744991042 , std 0.1318913928243256 
2023-04-20 16:29:24,003 INFO os_r2: 0.892693227504489 , std 0.17377091884575263 
2023-04-20 16:29:24,003 INFO intercept: -2.1091998133851036e-07 , std 1.4319079746308547e-05 
2023-04-20 16:29:24,003 INFO pca_1: -5.86483495674213e-06 , std 6.286793020338913e-05 
2023-04-20 16:29:24,003 INFO pca_2: -3.56512144830083e-06 , std 0.00017205039428332656 
2023-04-20 16:29:24,003 INFO pca_3: -4.704790259274039e-07 , std 8.646669533496481e-05 
2023-04-20 16:29:24,003 INFO pca_4: 2.8756836362583724e-06 , std 7.332435819350213e-05 
2023-04-20 16:29:24,003 INFO pca_5: -3.0616035885646933e-07 , std 6.434002512419604e-05 
2023-04-20 16:29:24,003 INFO t_intercept: -0.029360367753854543 , std 4.408935267378181 
2023-04-20 16:29:24,003 INFO t_pca_1: -3.1505879749319066 , std 31.046331127344672 
2023-04-20 16:29:24,003 INFO t_pca_2: -1.3038644001773967 , std 47.641096736597774 
2023-04-20 16:29:24,003 INFO t_pca_3: -0.055673421147794146 , std 17.684034474290936 
2023-04-20 16:29:24,003 INFO t_pca_4: 0.49678466702761875 , std 11.96636659445954 
2023-04-20 16:29:24,003 INFO t_pca_5: -0.025082125639484972 , std 8.773966648715655 
2023-04-20 16:29:24,003 INFO p_intercept: 0.16511450959177013 , std 0.2683247499264416 
2023-04-20 16:29:24,003 INFO p_pca_1: 0.008560365501490756 , std 0.06694772639492723 
2023-04-20 16:29:24,003 INFO p_pca_2: 0.0153834301354721 , std 0.09411868466473468 
2023-04-20 16:29:24,003 INFO p_pca_3: 0.04865590157757156 , std 0.16551562912603474 
2023-04-20 16:29:24,003 INFO p_pca_4: 0.07187498594621662 , std 0.19313120991315114 
2023-04-20 16:29:24,003 INFO p_pca_5: 0.09319962974377786 , std 0.21404825060370522 
2023-04-20 16:29:24,003 INFO pca_explained_1: 0.5824557457540972 , std 0.10429710551714395 
2023-04-20 16:29:24,003 INFO pca_explained_2: 0.7299738552345789 , std 0.0881802451239558 
2023-04-20 16:29:24,003 INFO pca_explained_3: 0.8057692177586178 , std 0.07419206501773098 
2023-04-20 16:29:24,003 INFO pca_explained_4: 0.8531547924260333 , std 0.05991018633051248 
2023-04-20 16:29:24,003 INFO pca_explained_5: 0.8866141369765241 , std 0.047796682011570564 
