2023-04-20 16:30:08,597 INFO Tickers: ['MA']
2023-04-20 16:30:10,743 INFO Negative OS: -0.3402046742891185 --- ticker MA --- day 2017-02-13 --- time 39600
2023-04-20 16:30:18,581 INFO Negative OS: -0.16308709930192689 --- ticker MA --- day 2017-07-27 --- time 45000
2023-04-20 16:30:18,592 INFO Negative OS: -0.023432307076532988 --- ticker MA --- day 2017-07-27 --- time 48600
2023-04-20 16:30:24,407 INFO Negative OS: -0.07711869500181101 --- ticker MA --- day 2017-12-01 --- time 39600
2023-04-20 16:30:24,412 INFO Negative OS: -0.3212129167728477 --- ticker MA --- day 2017-12-01 --- time 41400
2023-04-20 16:30:26,210 INFO Negative OS: -0.059808566239292205 --- ticker MA --- day 2018-01-16 --- time 36000
2023-04-20 16:30:26,350 INFO Negative OS: -0.3022823459199482 --- ticker MA --- day 2018-01-18 --- time 36000
2023-04-20 16:30:26,355 INFO Negative OS: -1.1101150339654255 --- ticker MA --- day 2018-01-18 --- time 37800
2023-04-20 16:30:26,631 INFO Negative OS: -0.024159392992736395 --- ticker MA --- day 2018-01-24 --- time 43200
2023-04-20 16:30:26,809 INFO Negative OS: -0.14720897825497947 --- ticker MA --- day 2018-01-29 --- time 36000
2023-04-20 16:30:26,814 INFO Negative OS: -0.026893968114791944 --- ticker MA --- day 2018-01-29 --- time 37800
2023-04-20 16:30:26,951 INFO Negative OS: -0.5490174620887556 --- ticker MA --- day 2018-01-31 --- time 36000
2023-04-20 16:30:27,108 INFO Negative OS: -0.08497517944999244 --- ticker MA --- day 2018-02-02 --- time 36000
2023-04-20 16:30:27,119 INFO Negative OS: -0.07029435535396145 --- ticker MA --- day 2018-02-02 --- time 39600
2023-04-20 16:30:27,150 INFO Negative OS: -0.3591599866150097 --- ticker MA --- day 2018-02-02 --- time 50400
2023-04-20 16:30:27,156 INFO Negative OS: -0.878174809290889 --- ticker MA --- day 2018-02-02 --- time 52200
2023-04-20 16:30:27,199 INFO Negative OS: -0.34578389022572464 --- ticker MA --- day 2018-02-05 --- time 39600
2023-04-20 16:30:27,225 INFO Negative OS: -1.4502592431350956 --- ticker MA --- day 2018-02-05 --- time 48600
2023-04-20 16:30:27,269 INFO Negative OS: -0.0011655024688623783 --- ticker MA --- day 2018-02-06 --- time 36000
2023-04-20 16:30:27,275 INFO Negative OS: -0.0675589776162544 --- ticker MA --- day 2018-02-06 --- time 37800
2023-04-20 16:30:27,317 INFO Negative OS: -0.24762650706618494 --- ticker MA --- day 2018-02-06 --- time 52200
2023-04-20 16:30:27,350 INFO Negative OS: -0.03848463156029669 --- ticker MA --- day 2018-02-07 --- time 36000
2023-04-20 16:30:27,361 INFO Negative OS: -0.2719001326613377 --- ticker MA --- day 2018-02-07 --- time 39600
2023-04-20 16:30:27,372 INFO Negative OS: -0.023943915039589925 --- ticker MA --- day 2018-02-07 --- time 43200
2023-04-20 16:30:27,431 INFO Negative OS: -0.27864136250799265 --- ticker MA --- day 2018-02-08 --- time 36000
2023-04-20 16:30:27,441 INFO Negative OS: -0.21867147149796473 --- ticker MA --- day 2018-02-08 --- time 39600
2023-04-20 16:30:27,452 INFO Negative OS: -0.24815402555457666 --- ticker MA --- day 2018-02-08 --- time 43200
2023-04-20 16:30:27,511 INFO Negative OS: -0.009989246956341402 --- ticker MA --- day 2018-02-09 --- time 36000
2023-04-20 16:30:27,532 INFO Negative OS: -0.1874401383346178 --- ticker MA --- day 2018-02-09 --- time 43200
2023-04-20 16:30:27,553 INFO Negative OS: -0.06087034848517914 --- ticker MA --- day 2018-02-09 --- time 50400
2023-04-20 16:30:27,672 INFO Negative OS: -1.2457967730418669 --- ticker MA --- day 2018-02-13 --- time 36000
2023-04-20 16:30:27,677 INFO Negative OS: -0.005697481379698166 --- ticker MA --- day 2018-02-13 --- time 37800
2023-04-20 16:30:27,768 INFO Negative OS: -0.7787311144346634 --- ticker MA --- day 2018-02-14 --- time 41400
2023-04-20 16:30:27,828 INFO Negative OS: -0.31201666371573555 --- ticker MA --- day 2018-02-15 --- time 36000
2023-04-20 16:30:27,833 INFO Negative OS: -0.023567154297766457 --- ticker MA --- day 2018-02-15 --- time 37800
2023-04-20 16:30:27,926 INFO Negative OS: -2.4496209037158696 --- ticker MA --- day 2018-02-16 --- time 46800
2023-04-20 16:30:27,931 INFO Negative OS: -0.1828094378819256 --- ticker MA --- day 2018-02-16 --- time 48600
2023-04-20 16:30:27,937 INFO Negative OS: -0.008257498484593562 --- ticker MA --- day 2018-02-16 --- time 50400
2023-04-20 16:30:27,942 INFO Negative OS: -0.017739831611790935 --- ticker MA --- day 2018-02-16 --- time 52200
2023-04-20 16:30:28,065 INFO Negative OS: -0.03589711902891235 --- ticker MA --- day 2018-02-21 --- time 41400
2023-04-20 16:30:28,086 INFO Negative OS: -0.1201058469835703 --- ticker MA --- day 2018-02-21 --- time 48600
2023-04-20 16:30:28,129 INFO Negative OS: -0.13274579773057193 --- ticker MA --- day 2018-02-22 --- time 36000
2023-04-20 16:30:28,157 INFO Negative OS: -0.3870639394019677 --- ticker MA --- day 2018-02-22 --- time 46800
2023-04-20 16:30:28,427 INFO Negative OS: -0.7687139427218188 --- ticker MA --- day 2018-02-28 --- time 36000
2023-04-20 16:30:28,438 INFO Negative OS: -0.5860437504321581 --- ticker MA --- day 2018-02-28 --- time 39600
2023-04-20 16:30:28,469 INFO Negative OS: -0.4929732744729065 --- ticker MA --- day 2018-02-28 --- time 52200
2023-04-20 16:30:28,502 INFO Negative OS: -0.0030595318825257234 --- ticker MA --- day 2018-03-01 --- time 36000
2023-04-20 16:30:28,604 INFO Negative OS: -0.12381505413361249 --- ticker MA --- day 2018-03-02 --- time 43200
2023-04-20 16:30:28,609 INFO Negative OS: -0.240038904261886 --- ticker MA --- day 2018-03-02 --- time 45000
2023-04-20 16:30:28,615 INFO Negative OS: -0.024118144886627002 --- ticker MA --- day 2018-03-02 --- time 46800
2023-04-20 16:30:28,748 INFO Negative OS: -0.02779514811662298 --- ticker MA --- day 2018-03-06 --- time 37800
2023-04-20 16:30:28,764 INFO Negative OS: -0.011651457148741828 --- ticker MA --- day 2018-03-06 --- time 43200
2023-04-20 16:30:28,823 INFO Negative OS: -0.16977515696238998 --- ticker MA --- day 2018-03-07 --- time 37800
2023-04-20 16:30:28,852 INFO Negative OS: -0.06438635674974602 --- ticker MA --- day 2018-03-07 --- time 50400
2023-04-20 16:30:28,985 INFO Negative OS: -0.04353941293408381 --- ticker MA --- day 2018-03-09 --- time 46800
2023-04-20 16:30:29,059 INFO Negative OS: -0.02588274523430334 --- ticker MA --- day 2018-03-12 --- time 45000
2023-04-20 16:30:29,194 INFO Negative OS: -0.5681445414845974 --- ticker MA --- day 2018-03-14 --- time 36000
2023-04-20 16:30:29,269 INFO Negative OS: -1.3462043599138847 --- ticker MA --- day 2018-03-15 --- time 37800
2023-04-20 16:30:29,409 INFO Negative OS: -0.037552382324365974 --- ticker MA --- day 2018-03-19 --- time 39600
2023-04-20 16:30:29,414 INFO Negative OS: -0.04487913782365771 --- ticker MA --- day 2018-03-19 --- time 41400
2023-04-20 16:30:29,430 INFO Negative OS: -0.0033467676276208724 --- ticker MA --- day 2018-03-19 --- time 46800
2023-04-20 16:30:29,575 INFO Negative OS: -0.3445958367605566 --- ticker MA --- day 2018-03-21 --- time 50400
2023-04-20 16:30:29,580 INFO Negative OS: -0.08441938930101567 --- ticker MA --- day 2018-03-21 --- time 52200
2023-04-20 16:30:29,624 INFO Negative OS: -8.931337433981051 --- ticker MA --- day 2018-03-22 --- time 39600
2023-04-20 16:30:29,629 INFO Negative OS: -0.8575804931795781 --- ticker MA --- day 2018-03-22 --- time 41400
2023-04-20 16:30:29,634 INFO Negative OS: -0.9264617921884981 --- ticker MA --- day 2018-03-22 --- time 43200
2023-04-20 16:30:29,645 INFO Negative OS: -0.08823550081490428 --- ticker MA --- day 2018-03-22 --- time 46800
2023-04-20 16:30:29,720 INFO Negative OS: -0.14894899801746164 --- ticker MA --- day 2018-03-23 --- time 45000
2023-04-20 16:30:29,725 INFO Negative OS: -0.008974540589018698 --- ticker MA --- day 2018-03-23 --- time 46800
2023-04-20 16:30:29,791 INFO Negative OS: -0.05999210190372284 --- ticker MA --- day 2018-03-26 --- time 43200
2023-04-20 16:30:29,808 INFO Negative OS: -0.20966728869060347 --- ticker MA --- day 2018-03-26 --- time 50400
2023-04-20 16:30:29,878 INFO Negative OS: -0.2754317898946308 --- ticker MA --- day 2018-03-27 --- time 46800
2023-04-20 16:30:29,953 INFO Negative OS: -0.19766409843806665 --- ticker MA --- day 2018-03-28 --- time 45000
2023-04-20 16:30:30,017 INFO Negative OS: -0.008887102713897255 --- ticker MA --- day 2018-03-29 --- time 39600
2023-04-20 16:30:30,022 INFO Negative OS: -1.50963886345022 --- ticker MA --- day 2018-03-29 --- time 41400
2023-04-20 16:30:30,045 INFO Negative OS: -0.5689839735643762 --- ticker MA --- day 2018-03-29 --- time 50400
2023-04-20 16:30:30,084 INFO Negative OS: -0.004339881459136219 --- ticker MA --- day 2018-04-02 --- time 36000
2023-04-20 16:30:30,094 INFO Negative OS: -0.10783541670941221 --- ticker MA --- day 2018-04-02 --- time 39600
2023-04-20 16:30:30,105 INFO Negative OS: -0.8843473286452235 --- ticker MA --- day 2018-04-02 --- time 43200
2023-04-20 16:30:30,126 INFO Negative OS: -4.976950213097519 --- ticker MA --- day 2018-04-02 --- time 50400
2023-04-20 16:30:30,244 INFO Negative OS: -0.2936102036421202 --- ticker MA --- day 2018-04-04 --- time 36000
2023-04-20 16:30:30,255 INFO Negative OS: -0.06472373462156589 --- ticker MA --- day 2018-04-04 --- time 39600
2023-04-20 16:30:30,279 INFO Negative OS: -0.004950993878106269 --- ticker MA --- day 2018-04-04 --- time 50400
2023-04-20 16:30:30,317 INFO Negative OS: -0.13888576509563544 --- ticker MA --- day 2018-04-05 --- time 36000
2023-04-20 16:30:30,328 INFO Negative OS: -0.27522667515093757 --- ticker MA --- day 2018-04-05 --- time 39600
2023-04-20 16:30:30,333 INFO Negative OS: -0.6384184504481198 --- ticker MA --- day 2018-04-05 --- time 41400
2023-04-20 16:30:30,345 INFO Negative OS: -0.5896204034869605 --- ticker MA --- day 2018-04-05 --- time 46800
2023-04-20 16:30:30,356 INFO Negative OS: -0.014366702982915536 --- ticker MA --- day 2018-04-05 --- time 50400
2023-04-20 16:30:30,361 INFO Negative OS: -0.019494295810415396 --- ticker MA --- day 2018-04-05 --- time 52200
2023-04-20 16:30:30,394 INFO Negative OS: -0.031841890844054976 --- ticker MA --- day 2018-04-06 --- time 36000
2023-04-20 16:30:30,404 INFO Negative OS: -0.10180151146202898 --- ticker MA --- day 2018-04-06 --- time 39600
2023-04-20 16:30:30,426 INFO Negative OS: -0.08941007357606523 --- ticker MA --- day 2018-04-06 --- time 46800
2023-04-20 16:30:30,431 INFO Negative OS: -0.04955050768406144 --- ticker MA --- day 2018-04-06 --- time 48600
2023-04-20 16:30:30,578 INFO Negative OS: -0.238401572128637 --- ticker MA --- day 2018-04-10 --- time 46800
2023-04-20 16:30:30,589 INFO Negative OS: -0.0071033502626944856 --- ticker MA --- day 2018-04-10 --- time 50400
2023-04-20 16:30:30,627 INFO Negative OS: -0.10392293880133296 --- ticker MA --- day 2018-04-11 --- time 36000
2023-04-20 16:30:30,769 INFO Negative OS: -0.261680214337499 --- ticker MA --- day 2018-04-13 --- time 36000
2023-04-20 16:30:30,775 INFO Negative OS: -0.1195840231091756 --- ticker MA --- day 2018-04-13 --- time 37800
2023-04-20 16:30:30,803 INFO Negative OS: -0.20911912313917713 --- ticker MA --- day 2018-04-13 --- time 52200
2023-04-20 16:30:31,351 INFO Negative OS: -0.01786899881928794 --- ticker MA --- day 2018-04-25 --- time 36000
2023-04-20 16:30:31,361 INFO Negative OS: -0.03046342576844907 --- ticker MA --- day 2018-04-25 --- time 39600
2023-04-20 16:30:31,372 INFO Negative OS: -0.13887434384528485 --- ticker MA --- day 2018-04-25 --- time 43200
2023-04-20 16:30:31,388 INFO Negative OS: -0.003405927755413707 --- ticker MA --- day 2018-04-25 --- time 48600
2023-04-20 16:30:31,516 INFO Negative OS: -0.19485744297759666 --- ticker MA --- day 2018-04-27 --- time 37800
2023-04-20 16:30:31,595 INFO Negative OS: -0.12482513708479126 --- ticker MA --- day 2018-04-30 --- time 41400
2023-04-20 16:30:31,763 INFO Negative OS: -0.5409372278869251 --- ticker MA --- day 2018-05-02 --- time 45000
2023-04-20 16:30:31,855 INFO Negative OS: -0.05637296678986248 --- ticker MA --- day 2018-05-03 --- time 50400
2023-04-20 16:30:31,973 INFO Negative OS: -0.4215901920612297 --- ticker MA --- day 2018-05-07 --- time 36000
2023-04-20 16:30:31,979 INFO Negative OS: -0.42772756727081407 --- ticker MA --- day 2018-05-07 --- time 37800
2023-04-20 16:30:32,087 INFO Negative OS: -3.7109079859792278 --- ticker MA --- day 2018-05-08 --- time 50400
2023-04-20 16:30:32,093 INFO Negative OS: -0.025634527425898446 --- ticker MA --- day 2018-05-08 --- time 52200
2023-04-20 16:30:32,125 INFO Negative OS: -0.4282453166264275 --- ticker MA --- day 2018-05-09 --- time 36000
2023-04-20 16:30:32,408 INFO Negative OS: -0.04411625152725063 --- ticker MA --- day 2018-05-15 --- time 36000
2023-04-20 16:30:32,868 INFO Negative OS: -0.3544761936429537 --- ticker MA --- day 2018-05-23 --- time 50400
2023-04-20 16:30:32,912 INFO Negative OS: -0.1625010225801946 --- ticker MA --- day 2018-05-24 --- time 37800
2023-04-20 16:30:33,084 INFO Negative OS: -0.03564580084044522 --- ticker MA --- day 2018-05-29 --- time 48600
2023-04-20 16:30:33,558 INFO Negative OS: -0.14891250216766627 --- ticker MA --- day 2018-06-07 --- time 36000
2023-04-20 16:30:33,867 INFO Negative OS: -0.4170806722064593 --- ticker MA --- day 2018-06-13 --- time 48600
2023-04-20 16:30:34,153 INFO Negative OS: -0.03812310151082032 --- ticker MA --- day 2018-06-19 --- time 43200
2023-04-20 16:30:34,169 INFO Negative OS: -1.728928406477345 --- ticker MA --- day 2018-06-19 --- time 48600
2023-04-20 16:30:34,212 INFO Negative OS: -0.5050414712541877 --- ticker MA --- day 2018-06-20 --- time 36000
2023-04-20 16:30:34,217 INFO Negative OS: -0.15554691353229022 --- ticker MA --- day 2018-06-20 --- time 37800
2023-04-20 16:30:34,350 INFO Negative OS: -0.33445963813233304 --- ticker MA --- day 2018-06-22 --- time 36000
2023-04-20 16:30:34,521 INFO Negative OS: -0.16613909453443187 --- ticker MA --- day 2018-06-26 --- time 43200
2023-04-20 16:30:34,537 INFO Negative OS: -2.9084914746632307 --- ticker MA --- day 2018-06-26 --- time 48600
2023-04-20 16:30:34,586 INFO Negative OS: -0.11907610694581616 --- ticker MA --- day 2018-06-27 --- time 37800
2023-04-20 16:30:34,607 INFO Negative OS: -0.0764285265948772 --- ticker MA --- day 2018-06-27 --- time 45000
2023-04-20 16:30:34,661 INFO Negative OS: -0.039800241342079046 --- ticker MA --- day 2018-06-28 --- time 36000
2023-04-20 16:30:34,667 INFO Negative OS: -0.030973128404295336 --- ticker MA --- day 2018-06-28 --- time 37800
2023-04-20 16:30:34,677 INFO Negative OS: -0.1464202140670201 --- ticker MA --- day 2018-06-28 --- time 41400
2023-04-20 16:30:34,769 INFO Negative OS: -0.044717215725722514 --- ticker MA --- day 2018-06-29 --- time 46800
2023-04-20 16:30:34,815 INFO Negative OS: -0.1305925016484073 --- ticker MA --- day 2018-07-02 --- time 36000
2023-04-20 16:30:34,841 INFO Negative OS: -0.302508367382305 --- ticker MA --- day 2018-07-02 --- time 45000
2023-04-20 16:30:34,846 INFO Negative OS: -0.3561535819185775 --- ticker MA --- day 2018-07-02 --- time 46800
2023-04-20 16:30:34,915 INFO Negative OS: -1.1385063125522001 --- ticker MA --- day 2018-07-03 --- time 43200
2023-04-20 16:30:35,430 INFO Negative OS: -0.22809134571948664 --- ticker MA --- day 2018-07-13 --- time 37800
2023-04-20 16:30:35,613 INFO Negative OS: -1.971143179154657 --- ticker MA --- day 2018-07-17 --- time 50400
2023-04-20 16:30:35,652 INFO Negative OS: -0.8403296698248468 --- ticker MA --- day 2018-07-18 --- time 36000
2023-04-20 16:30:35,668 INFO Negative OS: -0.28133364975580677 --- ticker MA --- day 2018-07-18 --- time 41400
2023-04-20 16:30:35,917 INFO Negative OS: -0.062260802337809285 --- ticker MA --- day 2018-07-23 --- time 50400
2023-04-20 16:30:37,330 INFO Negative OS: -0.17152706007566665 --- ticker MA --- day 2018-08-16 --- time 48600
2023-04-20 16:30:37,560 INFO Negative OS: -0.5912935858633439 --- ticker MA --- day 2018-08-21 --- time 45000
2023-04-20 16:30:38,595 INFO Negative OS: -0.5352979158535918 --- ticker MA --- day 2018-09-10 --- time 50400
2023-04-20 16:30:38,601 INFO Negative OS: -0.0440561365029013 --- ticker MA --- day 2018-09-10 --- time 52200
2023-04-20 16:30:40,380 INFO Negative OS: -0.07270565408488583 --- ticker MA --- day 2018-10-11 --- time 36000
2023-04-20 16:30:40,460 INFO Negative OS: -0.039751281412445216 --- ticker MA --- day 2018-10-12 --- time 36000
2023-04-20 16:30:40,481 INFO Negative OS: -1.9583430237332062 --- ticker MA --- day 2018-10-12 --- time 43200
2023-04-20 16:30:40,492 INFO Negative OS: -0.14327700951694733 --- ticker MA --- day 2018-10-12 --- time 46800
2023-04-20 16:30:40,557 INFO Negative OS: -0.20975293363346847 --- ticker MA --- day 2018-10-15 --- time 41400
2023-04-20 16:30:40,567 INFO Negative OS: -0.06816653213664359 --- ticker MA --- day 2018-10-15 --- time 45000
2023-04-20 16:30:40,627 INFO Negative OS: -0.044686812134425935 --- ticker MA --- day 2018-10-16 --- time 37800
2023-04-20 16:30:40,793 INFO Negative OS: -0.06637348860636116 --- ticker MA --- day 2018-10-18 --- time 39600
2023-04-20 16:30:40,808 INFO Negative OS: -0.3708914742432168 --- ticker MA --- day 2018-10-18 --- time 45000
2023-04-20 16:30:41,753 INFO Negative OS: -0.008059408020237191 --- ticker MA --- day 2018-11-05 --- time 39600
2023-04-20 16:30:41,759 INFO Negative OS: -0.08597532978226674 --- ticker MA --- day 2018-11-05 --- time 41400
2023-04-20 16:30:41,838 INFO Negative OS: -0.09889538457636671 --- ticker MA --- day 2018-11-06 --- time 41400
2023-04-20 16:30:42,142 INFO Negative OS: -0.002900017350542461 --- ticker MA --- day 2018-11-12 --- time 36000
2023-04-20 16:30:43,344 INFO Negative OS: -0.29716626326646 --- ticker MA --- day 2018-12-04 --- time 41400
2023-04-20 16:30:43,349 INFO Negative OS: -0.3470269589457955 --- ticker MA --- day 2018-12-04 --- time 43200
2023-04-20 16:30:43,815 INFO Negative OS: -0.20012167598875408 --- ticker MA --- day 2018-12-13 --- time 37800
2023-04-20 16:30:43,971 INFO Negative OS: -0.0046033154751168315 --- ticker MA --- day 2018-12-17 --- time 36000
2023-04-20 16:30:44,168 INFO Negative OS: -0.4439965320242907 --- ticker MA --- day 2018-12-19 --- time 48600
2023-04-20 16:30:44,173 INFO Negative OS: -0.7070310132836926 --- ticker MA --- day 2018-12-19 --- time 50400
2023-04-20 16:30:44,179 INFO Negative OS: -0.009908591492041374 --- ticker MA --- day 2018-12-19 --- time 52200
2023-04-20 16:30:44,522 INFO Negative OS: -0.1129898648228469 --- ticker MA --- day 2018-12-27 --- time 36000
2023-04-20 16:30:46,190 INFO Negative OS: -2.7021958657659533 --- ticker MA --- day 2019-01-30 --- time 36000
2023-04-20 16:30:46,429 INFO Negative OS: -0.25855688498516005 --- ticker MA --- day 2019-02-04 --- time 36000
2023-04-20 16:30:48,342 INFO Negative OS: -1.6471420305772648 --- ticker MA --- day 2019-03-11 --- time 37800
2023-04-20 16:30:53,997 INFO Negative OS: -1.5081831667279069 --- ticker MA --- day 2019-06-20 --- time 43200
2023-04-20 16:30:54,071 INFO Negative OS: -2.268297974770182 --- ticker MA --- day 2019-06-21 --- time 41400
2023-04-20 16:30:54,560 INFO Negative OS: -0.41200792751892923 --- ticker MA --- day 2019-07-01 --- time 48600
2023-04-20 16:30:54,688 INFO Negative OS: -0.060361166837671565 --- ticker MA --- day 2019-07-03 --- time 37800
2023-04-20 16:30:56,224 INFO Negative OS: -1.257413250354881 --- ticker MA --- day 2019-08-01 --- time 39600
2023-04-20 16:30:58,066 INFO Negative OS: -1.642285896281368 --- ticker MA --- day 2019-09-04 --- time 43200
2023-04-20 16:30:58,092 INFO Negative OS: -27.20819309465312 --- ticker MA --- day 2019-09-04 --- time 52200
2023-04-20 16:30:58,367 INFO Negative OS: -2.253548795202499 --- ticker MA --- day 2019-09-10 --- time 37800
2023-04-20 16:30:58,393 INFO Negative OS: -1.3928410206911939 --- ticker MA --- day 2019-09-10 --- time 46800
2023-04-20 16:30:58,468 INFO Negative OS: -0.3410028951414792 --- ticker MA --- day 2019-09-11 --- time 45000
2023-04-20 16:30:58,473 INFO Negative OS: -1.6342956303321095 --- ticker MA --- day 2019-09-11 --- time 46800
2023-04-20 16:30:58,629 INFO Negative OS: -0.6308906733235669 --- ticker MA --- day 2019-09-13 --- time 45000
2023-04-20 16:30:58,639 INFO Negative OS: -7.568584619267982 --- ticker MA --- day 2019-09-13 --- time 48600
2023-04-20 16:30:58,951 INFO Negative OS: -3.198022319854819 --- ticker MA --- day 2019-09-19 --- time 52200
2023-04-20 16:30:59,530 INFO Negative OS: -12.095511223938031 --- ticker MA --- day 2019-10-01 --- time 37800
2023-04-20 16:30:59,546 INFO Negative OS: -0.02932046128767829 --- ticker MA --- day 2019-10-01 --- time 43200
2023-04-20 16:30:59,552 INFO Negative OS: -0.1697156122404504 --- ticker MA --- day 2019-10-01 --- time 45000
2023-04-20 16:30:59,838 INFO Negative OS: -0.3150679713392808 --- ticker MA --- day 2019-10-07 --- time 36000
2023-04-20 16:30:59,849 INFO Negative OS: -0.8717534831499829 --- ticker MA --- day 2019-10-07 --- time 39600
2023-04-20 16:31:00,299 INFO Negative OS: -28.523635432913267 --- ticker MA --- day 2019-10-15 --- time 41400
2023-04-20 16:31:00,325 INFO Negative OS: -0.21052057172158922 --- ticker MA --- day 2019-10-15 --- time 52200
2023-04-20 16:31:00,672 INFO Negative OS: -16.204177250690755 --- ticker MA --- day 2019-10-22 --- time 36000
2023-04-20 16:31:00,767 INFO Negative OS: -0.7953976488459329 --- ticker MA --- day 2019-10-23 --- time 41400
2023-04-20 16:31:00,773 INFO Negative OS: -0.39771001655146376 --- ticker MA --- day 2019-10-23 --- time 43200
2023-04-20 16:31:00,799 INFO Negative OS: -1.7730482811567336 --- ticker MA --- day 2019-10-23 --- time 52200
2023-04-20 16:31:00,931 INFO Negative OS: -0.16791293295035103 --- ticker MA --- day 2019-10-25 --- time 45000
2023-04-20 16:31:00,936 INFO Negative OS: -3.9907481280602397 --- ticker MA --- day 2019-10-25 --- time 46800
2023-04-20 16:31:00,990 INFO Negative OS: -2.7169843899968287 --- ticker MA --- day 2019-10-28 --- time 37800
2023-04-20 16:31:00,995 INFO Negative OS: -14.18225650456104 --- ticker MA --- day 2019-10-28 --- time 39600
2023-04-20 16:31:01,011 INFO Negative OS: -4.273705604803866 --- ticker MA --- day 2019-10-28 --- time 45000
2023-04-20 16:31:01,032 INFO Negative OS: -0.260041690887155 --- ticker MA --- day 2019-10-28 --- time 52200
2023-04-20 16:31:01,665 INFO Negative OS: -0.1394375226237914 --- ticker MA --- day 2019-11-07 --- time 52200
2023-04-20 16:31:01,698 INFO Negative OS: -0.1245799049449563 --- ticker MA --- day 2019-11-08 --- time 36000
2023-04-20 16:31:01,933 INFO Negative OS: -35.915240303427495 --- ticker MA --- day 2019-11-13 --- time 36000
2023-04-20 16:31:01,949 INFO Negative OS: -0.03876096896858905 --- ticker MA --- day 2019-11-13 --- time 41400
2023-04-20 16:31:03,608 INFO in_r2: 0.7340066250261964 , std 0.19597238323661806 
2023-04-20 16:31:03,608 INFO os_r2: 0.6235214390219365 , std 0.9137947791552168 
2023-04-20 16:31:03,608 INFO intercept: -1.441544421159585e-07 , std 1.6950478591876242e-05 
2023-04-20 16:31:03,608 INFO pca_1: 2.2012356035766108e-06 , std 4.802327577910729e-05 
2023-04-20 16:31:03,608 INFO pca_2: -9.398077042407427e-06 , std 0.00011064422283330262 
2023-04-20 16:31:03,608 INFO pca_3: -4.759852519161928e-06 , std 9.019106315988945e-05 
2023-04-20 16:31:03,608 INFO pca_4: -4.764713270349849e-06 , std 8.465397847448967e-05 
2023-04-20 16:31:03,608 INFO pca_5: -2.372480347941022e-06 , std 7.529487524573198e-05 
2023-04-20 16:31:03,608 INFO t_intercept: 0.028543382865563384 , std 2.19652065924123 
2023-04-20 16:31:03,608 INFO t_pca_1: 0.7634533639223268 , std 17.696997710980074 
2023-04-20 16:31:03,608 INFO t_pca_2: -1.1884318844411694 , std 17.539238012128056 
2023-04-20 16:31:03,608 INFO t_pca_3: -0.5177828057072328 , std 9.723449445150901 
2023-04-20 16:31:03,608 INFO t_pca_4: -0.2804185530076269 , std 6.935839228737421 
2023-04-20 16:31:03,609 INFO t_pca_5: -0.13808069107138662 , std 5.080489482607339 
2023-04-20 16:31:03,609 INFO p_intercept: 0.30605006382391936 , std 0.30902669964587004 
2023-04-20 16:31:03,609 INFO p_pca_1: 0.014644243122069087 , std 0.08468045039843008 
2023-04-20 16:31:03,609 INFO p_pca_2: 0.04790922596582019 , std 0.16353115273786262 
2023-04-20 16:31:03,609 INFO p_pca_3: 0.10761248962156723 , std 0.22988225988378816 
2023-04-20 16:31:03,609 INFO p_pca_4: 0.14343320279432073 , std 0.2561501894646737 
2023-04-20 16:31:03,609 INFO p_pca_5: 0.16279346608195042 , std 0.2622857334710081 
2023-04-20 16:31:03,609 INFO pca_explained_1: 0.6637580216525566 , std 0.10636639820775207 
2023-04-20 16:31:03,609 INFO pca_explained_2: 0.7754432198892898 , std 0.07862618833390474 
2023-04-20 16:31:03,609 INFO pca_explained_3: 0.8350058219477873 , std 0.06211358928500867 
2023-04-20 16:31:03,609 INFO pca_explained_4: 0.8737880073957971 , std 0.04986756973869532 
2023-04-20 16:31:03,609 INFO pca_explained_5: 0.9010381180737486 , std 0.04045826061067254 
