2023-04-20 16:34:58,166 INFO Tickers: ['MMM']
2023-04-20 16:35:15,586 INFO Negative OS: -0.4172124983591543 --- ticker MMM --- day 2018-01-19 --- time 52200
2023-04-20 16:35:15,744 INFO Negative OS: -0.16123595849277006 --- ticker MMM --- day 2018-01-24 --- time 36000
2023-04-20 16:35:15,750 INFO Negative OS: -0.004574347365670528 --- ticker MMM --- day 2018-01-24 --- time 37800
2023-04-20 16:35:15,755 INFO Negative OS: -0.08596575390181416 --- ticker MMM --- day 2018-01-24 --- time 39600
2023-04-20 16:35:15,761 INFO Negative OS: -0.07418290594575905 --- ticker MMM --- day 2018-01-24 --- time 41400
2023-04-20 16:35:16,021 INFO Negative OS: -0.02831398132218732 --- ticker MMM --- day 2018-01-30 --- time 36000
2023-04-20 16:35:16,407 INFO Negative OS: -0.016875124488493265 --- ticker MMM --- day 2018-02-06 --- time 37800
2023-04-20 16:35:16,563 INFO Negative OS: -1.481412990901509 --- ticker MMM --- day 2018-02-08 --- time 36000
2023-04-20 16:35:18,679 INFO Negative OS: -0.2106373380575528 --- ticker MMM --- day 2018-03-21 --- time 41400
2023-04-20 16:35:19,020 INFO Negative OS: -0.061061758726411286 --- ticker MMM --- day 2018-03-27 --- time 50400
2023-04-20 16:35:19,026 INFO Negative OS: -0.005501894546206643 --- ticker MMM --- day 2018-03-27 --- time 52200
2023-04-20 16:35:19,220 INFO Negative OS: -8.74580142911959 --- ticker MMM --- day 2018-04-02 --- time 36000
2023-04-20 16:35:19,226 INFO Negative OS: -0.04724007726295687 --- ticker MMM --- day 2018-04-02 --- time 37800
2023-04-20 16:35:27,366 INFO Negative OS: -0.15676345240193368 --- ticker MMM --- day 2018-09-10 --- time 50400
2023-04-20 16:35:28,966 INFO Negative OS: -4.062618474410938 --- ticker MMM --- day 2018-10-11 --- time 36000
2023-04-20 16:35:28,971 INFO Negative OS: -0.20187669222909754 --- ticker MMM --- day 2018-10-11 --- time 37800
2023-04-20 16:35:28,987 INFO Negative OS: -0.007398300998938012 --- ticker MMM --- day 2018-10-11 --- time 43200
2023-04-20 16:35:28,992 INFO Negative OS: -0.09001830221401019 --- ticker MMM --- day 2018-10-11 --- time 45000
2023-04-20 16:35:29,003 INFO Negative OS: -0.08759840785749451 --- ticker MMM --- day 2018-10-11 --- time 48600
2023-04-20 16:35:29,014 INFO Negative OS: -0.016091505507567216 --- ticker MMM --- day 2018-10-11 --- time 52200
2023-04-20 16:35:29,047 INFO Negative OS: -0.056497613381552014 --- ticker MMM --- day 2018-10-12 --- time 36000
2023-04-20 16:35:29,053 INFO Negative OS: -0.06939590536523199 --- ticker MMM --- day 2018-10-12 --- time 37800
2023-04-20 16:35:29,063 INFO Negative OS: -0.2501323496824317 --- ticker MMM --- day 2018-10-12 --- time 41400
2023-04-20 16:35:29,069 INFO Negative OS: -0.23604963437596327 --- ticker MMM --- day 2018-10-12 --- time 43200
2023-04-20 16:35:29,079 INFO Negative OS: -0.24772813907145141 --- ticker MMM --- day 2018-10-12 --- time 46800
2023-04-20 16:35:29,090 INFO Negative OS: -0.029365105266627722 --- ticker MMM --- day 2018-10-12 --- time 50400
2023-04-20 16:35:29,130 INFO Negative OS: -0.13638978743506858 --- ticker MMM --- day 2018-10-15 --- time 36000
2023-04-20 16:35:29,158 INFO Negative OS: -0.055982421911970226 --- ticker MMM --- day 2018-10-15 --- time 46800
2023-04-20 16:35:29,164 INFO Negative OS: -0.005145081788406003 --- ticker MMM --- day 2018-10-15 --- time 48600
2023-04-20 16:35:29,169 INFO Negative OS: -0.32402993345038245 --- ticker MMM --- day 2018-10-15 --- time 50400
2023-04-20 16:35:29,208 INFO Negative OS: -0.20751319663512047 --- ticker MMM --- day 2018-10-16 --- time 36000
2023-04-20 16:35:29,225 INFO Negative OS: -2.953042864039827 --- ticker MMM --- day 2018-10-16 --- time 43200
2023-04-20 16:35:29,279 INFO Negative OS: -0.0002827105369365146 --- ticker MMM --- day 2018-10-17 --- time 36000
2023-04-20 16:35:29,285 INFO Negative OS: -0.06378042116918214 --- ticker MMM --- day 2018-10-17 --- time 37800
2023-04-20 16:35:29,296 INFO Negative OS: -0.1289627540177256 --- ticker MMM --- day 2018-10-17 --- time 41400
2023-04-20 16:35:29,313 INFO Negative OS: -0.06392827286601688 --- ticker MMM --- day 2018-10-17 --- time 48600
2023-04-20 16:35:29,318 INFO Negative OS: -0.2176724736722413 --- ticker MMM --- day 2018-10-17 --- time 50400
2023-04-20 16:35:29,324 INFO Negative OS: -0.02425333846882083 --- ticker MMM --- day 2018-10-17 --- time 52200
2023-04-20 16:35:29,357 INFO Negative OS: -0.19660070526268236 --- ticker MMM --- day 2018-10-18 --- time 36000
2023-04-20 16:35:29,362 INFO Negative OS: -0.07756123624459366 --- ticker MMM --- day 2018-10-18 --- time 37800
2023-04-20 16:35:29,368 INFO Negative OS: -0.9194006551677518 --- ticker MMM --- day 2018-10-18 --- time 39600
2023-04-20 16:35:29,373 INFO Negative OS: -0.06376283157353368 --- ticker MMM --- day 2018-10-18 --- time 41400
2023-04-20 16:35:29,379 INFO Negative OS: -0.06605190653230952 --- ticker MMM --- day 2018-10-18 --- time 43200
2023-04-20 16:35:29,389 INFO Negative OS: -0.26724849952490204 --- ticker MMM --- day 2018-10-18 --- time 46800
2023-04-20 16:35:29,395 INFO Negative OS: -0.03228921632188131 --- ticker MMM --- day 2018-10-18 --- time 48600
2023-04-20 16:35:29,444 INFO Negative OS: -0.18964936098326213 --- ticker MMM --- day 2018-10-19 --- time 37800
2023-04-20 16:35:29,455 INFO Negative OS: -2.288812833737787 --- ticker MMM --- day 2018-10-19 --- time 41400
2023-04-20 16:35:29,460 INFO Negative OS: -0.15162061013641703 --- ticker MMM --- day 2018-10-19 --- time 43200
2023-04-20 16:35:29,481 INFO Negative OS: -0.6819097049560234 --- ticker MMM --- day 2018-10-19 --- time 50400
2023-04-20 16:35:29,530 INFO Negative OS: -0.009069630849631638 --- ticker MMM --- day 2018-10-22 --- time 39600
2023-04-20 16:35:29,562 INFO Negative OS: -0.043441694544769094 --- ticker MMM --- day 2018-10-22 --- time 50400
2023-04-20 16:35:29,617 INFO Negative OS: -1.445623773294212 --- ticker MMM --- day 2018-10-23 --- time 41400
2023-04-20 16:35:29,644 INFO Negative OS: -0.0035068903605259827 --- ticker MMM --- day 2018-10-23 --- time 50400
2023-04-20 16:35:29,688 INFO Negative OS: -0.3740270327283337 --- ticker MMM --- day 2018-10-24 --- time 37800
2023-04-20 16:35:29,693 INFO Negative OS: -0.1515893439764453 --- ticker MMM --- day 2018-10-24 --- time 39600
2023-04-20 16:35:29,775 INFO Negative OS: -0.5024866094666312 --- ticker MMM --- day 2018-10-25 --- time 39600
2023-04-20 16:35:29,780 INFO Negative OS: -0.33940211322872527 --- ticker MMM --- day 2018-10-25 --- time 41400
2023-04-20 16:35:29,850 INFO Negative OS: -0.7802938818561576 --- ticker MMM --- day 2018-10-26 --- time 37800
2023-04-20 16:35:29,861 INFO Negative OS: -0.011540027897122052 --- ticker MMM --- day 2018-10-26 --- time 41400
2023-04-20 16:35:29,866 INFO Negative OS: -0.8712783946070746 --- ticker MMM --- day 2018-10-26 --- time 43200
2023-04-20 16:35:29,932 INFO Negative OS: -0.3173276718613234 --- ticker MMM --- day 2018-10-29 --- time 37800
2023-04-20 16:35:29,942 INFO Negative OS: -0.26937193218062605 --- ticker MMM --- day 2018-10-29 --- time 41400
2023-04-20 16:35:29,953 INFO Negative OS: -0.679372324953045 --- ticker MMM --- day 2018-10-29 --- time 45000
2023-04-20 16:35:30,024 INFO Negative OS: -0.124242043555715 --- ticker MMM --- day 2018-10-30 --- time 41400
2023-04-20 16:35:30,035 INFO Negative OS: -0.14373597428648965 --- ticker MMM --- day 2018-10-30 --- time 45000
2023-04-20 16:35:30,040 INFO Negative OS: -0.1253829674070419 --- ticker MMM --- day 2018-10-30 --- time 46800
2023-04-20 16:35:30,261 INFO Negative OS: -0.08783560808668267 --- ticker MMM --- day 2018-11-02 --- time 39600
2023-04-20 16:35:30,267 INFO Negative OS: -1.211612948687515 --- ticker MMM --- day 2018-11-02 --- time 41400
2023-04-20 16:35:30,272 INFO Negative OS: -0.16423608009635204 --- ticker MMM --- day 2018-11-02 --- time 43200
2023-04-20 16:35:30,361 INFO Negative OS: -5.781127673890121 --- ticker MMM --- day 2018-11-05 --- time 48600
2023-04-20 16:35:30,468 INFO Negative OS: -0.11621959163240225 --- ticker MMM --- day 2018-11-07 --- time 36000
2023-04-20 16:35:30,542 INFO Negative OS: -0.05270210658524088 --- ticker MMM --- day 2018-11-08 --- time 36000
2023-04-20 16:35:30,684 INFO Negative OS: -0.14383183133874078 --- ticker MMM --- day 2018-11-12 --- time 36000
2023-04-20 16:35:30,696 INFO Negative OS: -0.7990667229879416 --- ticker MMM --- day 2018-11-12 --- time 41400
2023-04-20 16:35:30,701 INFO Negative OS: -0.05689804085913219 --- ticker MMM --- day 2018-11-12 --- time 43200
2023-04-20 16:35:30,761 INFO Negative OS: -0.06723984749608247 --- ticker MMM --- day 2018-11-13 --- time 36000
2023-04-20 16:35:30,767 INFO Negative OS: -0.1287835298200135 --- ticker MMM --- day 2018-11-13 --- time 37800
2023-04-20 16:35:30,804 INFO Negative OS: -0.11446515241054245 --- ticker MMM --- day 2018-11-13 --- time 50400
2023-04-20 16:35:30,925 INFO Negative OS: -0.021086311097560095 --- ticker MMM --- day 2018-11-15 --- time 37800
2023-04-20 16:35:30,941 INFO Negative OS: -0.2736551186605589 --- ticker MMM --- day 2018-11-15 --- time 43200
2023-04-20 16:35:30,951 INFO Negative OS: -0.6329922750692378 --- ticker MMM --- day 2018-11-15 --- time 46800
2023-04-20 16:35:31,018 INFO Negative OS: -0.2950367954310651 --- ticker MMM --- day 2018-11-16 --- time 43200
2023-04-20 16:35:31,039 INFO Negative OS: -0.062487206975490484 --- ticker MMM --- day 2018-11-16 --- time 50400
2023-04-20 16:35:31,125 INFO Negative OS: -0.07844707110534421 --- ticker MMM --- day 2018-11-19 --- time 52200
2023-04-20 16:35:31,158 INFO Negative OS: -0.29305923003064316 --- ticker MMM --- day 2018-11-20 --- time 36000
2023-04-20 16:35:31,256 INFO Negative OS: -0.36653921745451834 --- ticker MMM --- day 2018-11-21 --- time 43200
2023-04-20 16:35:31,674 INFO Negative OS: -1.1771229947796078 --- ticker MMM --- day 2018-11-30 --- time 37800
2023-04-20 16:35:31,922 INFO Negative OS: -0.04101570825965983 --- ticker MMM --- day 2018-12-06 --- time 43200
2023-04-20 16:35:31,987 INFO Negative OS: -0.22595793435546963 --- ticker MMM --- day 2018-12-07 --- time 37800
2023-04-20 16:35:31,998 INFO Negative OS: -0.30788053288142825 --- ticker MMM --- day 2018-12-07 --- time 41400
2023-04-20 16:35:32,073 INFO Negative OS: -0.3300977853548195 --- ticker MMM --- day 2018-12-10 --- time 39600
2023-04-20 16:35:32,149 INFO Negative OS: -0.020377197064141317 --- ticker MMM --- day 2018-12-11 --- time 37800
2023-04-20 16:35:32,159 INFO Negative OS: -0.019001108727563665 --- ticker MMM --- day 2018-12-11 --- time 41400
2023-04-20 16:35:32,234 INFO Negative OS: -0.2622979127163778 --- ticker MMM --- day 2018-12-12 --- time 41400
2023-04-20 16:35:32,240 INFO Negative OS: -0.20977493357511756 --- ticker MMM --- day 2018-12-12 --- time 43200
2023-04-20 16:35:32,326 INFO Negative OS: -0.5462970213541347 --- ticker MMM --- day 2018-12-13 --- time 48600
2023-04-20 16:35:32,337 INFO Negative OS: -0.08869659028173249 --- ticker MMM --- day 2018-12-13 --- time 52200
2023-04-20 16:35:32,375 INFO Negative OS: -0.27757658005483443 --- ticker MMM --- day 2018-12-14 --- time 37800
2023-04-20 16:35:32,472 INFO Negative OS: -0.03431038965442612 --- ticker MMM --- day 2018-12-17 --- time 43200
2023-04-20 16:35:32,619 INFO Negative OS: -0.2886205288790433 --- ticker MMM --- day 2018-12-19 --- time 39600
2023-04-20 16:35:32,686 INFO Negative OS: -1.868778668478031 --- ticker MMM --- day 2018-12-20 --- time 36000
2023-04-20 16:35:32,702 INFO Negative OS: -0.09031261209325736 --- ticker MMM --- day 2018-12-20 --- time 41400
2023-04-20 16:35:32,713 INFO Negative OS: -2.851110426429775 --- ticker MMM --- day 2018-12-20 --- time 45000
2023-04-20 16:35:32,772 INFO Negative OS: -1.5319212654558707 --- ticker MMM --- day 2018-12-21 --- time 37800
2023-04-20 16:35:32,778 INFO Negative OS: -0.07376455252563074 --- ticker MMM --- day 2018-12-21 --- time 39600
2023-04-20 16:35:32,923 INFO Negative OS: -0.026230113662908394 --- ticker MMM --- day 2018-12-26 --- time 37800
2023-04-20 16:35:32,929 INFO Negative OS: -2.1945308667559567 --- ticker MMM --- day 2018-12-26 --- time 39600
2023-04-20 16:35:32,945 INFO Negative OS: -0.64650668416913 --- ticker MMM --- day 2018-12-26 --- time 45000
2023-04-20 16:35:32,955 INFO Negative OS: -0.2969992440880278 --- ticker MMM --- day 2018-12-26 --- time 48600
2023-04-20 16:35:32,966 INFO Negative OS: -0.02073742763819264 --- ticker MMM --- day 2018-12-26 --- time 52200
2023-04-20 16:35:33,010 INFO Negative OS: -0.0006811532507793316 --- ticker MMM --- day 2018-12-27 --- time 39600
2023-04-20 16:35:33,015 INFO Negative OS: -0.18982064853415337 --- ticker MMM --- day 2018-12-27 --- time 41400
2023-04-20 16:35:33,021 INFO Negative OS: -0.30342039851346536 --- ticker MMM --- day 2018-12-27 --- time 43200
2023-04-20 16:35:33,042 INFO Negative OS: -0.549032107176388 --- ticker MMM --- day 2018-12-27 --- time 50400
2023-04-20 16:35:33,047 INFO Negative OS: -0.02438025814369471 --- ticker MMM --- day 2018-12-27 --- time 52200
2023-04-20 16:35:33,081 INFO Negative OS: -1.5677223461478702 --- ticker MMM --- day 2018-12-28 --- time 36000
2023-04-20 16:35:33,091 INFO Negative OS: -1.116585314854778 --- ticker MMM --- day 2018-12-28 --- time 39600
2023-04-20 16:35:33,102 INFO Negative OS: -0.12140150919813375 --- ticker MMM --- day 2018-12-28 --- time 43200
2023-04-20 16:35:33,118 INFO Negative OS: -0.11024416833536987 --- ticker MMM --- day 2018-12-28 --- time 48600
2023-04-20 16:35:33,168 INFO Negative OS: -0.13875370945047982 --- ticker MMM --- day 2018-12-31 --- time 37800
2023-04-20 16:35:33,178 INFO Negative OS: -0.662888425875011 --- ticker MMM --- day 2018-12-31 --- time 41400
2023-04-20 16:35:33,196 INFO Negative OS: -0.07786867338223691 --- ticker MMM --- day 2018-12-31 --- time 48600
2023-04-20 16:35:33,338 INFO Negative OS: -0.3543322618440341 --- ticker MMM --- day 2019-01-03 --- time 46800
2023-04-20 16:35:33,388 INFO Negative OS: -0.08107718407313369 --- ticker MMM --- day 2019-01-04 --- time 36000
2023-04-20 16:35:33,393 INFO Negative OS: -0.10799793815322789 --- ticker MMM --- day 2019-01-04 --- time 37800
2023-04-20 16:35:33,398 INFO Negative OS: -0.08124759530363712 --- ticker MMM --- day 2019-01-04 --- time 39600
2023-04-20 16:35:33,475 INFO Negative OS: -0.23205579801141285 --- ticker MMM --- day 2019-01-07 --- time 39600
2023-04-20 16:35:33,508 INFO Negative OS: -0.6302651973086857 --- ticker MMM --- day 2019-01-07 --- time 52200
2023-04-20 16:35:33,542 INFO Negative OS: -0.32911568421945736 --- ticker MMM --- day 2019-01-08 --- time 36000
2023-04-20 16:35:33,621 INFO Negative OS: -0.1074304818895031 --- ticker MMM --- day 2019-01-10 --- time 39600
2023-04-20 16:35:33,627 INFO Negative OS: -0.056812448877181065 --- ticker MMM --- day 2019-01-10 --- time 41400
2023-04-20 16:35:33,643 INFO Negative OS: -0.5348701937162572 --- ticker MMM --- day 2019-01-10 --- time 46800
2023-04-20 16:35:33,648 INFO Negative OS: -0.31840760709921656 --- ticker MMM --- day 2019-01-10 --- time 48600
2023-04-20 16:35:33,833 INFO Negative OS: -0.11412932209301285 --- ticker MMM --- day 2019-01-15 --- time 41400
2023-04-20 16:35:33,839 INFO Negative OS: -0.919928046760204 --- ticker MMM --- day 2019-01-15 --- time 43200
2023-04-20 16:35:33,970 INFO Negative OS: -0.0317233235703378 --- ticker MMM --- day 2019-01-17 --- time 39600
2023-04-20 16:35:33,995 INFO Negative OS: -0.5228189246617112 --- ticker MMM --- day 2019-01-17 --- time 52200
2023-04-20 16:35:34,035 INFO Negative OS: -0.29523975707803385 --- ticker MMM --- day 2019-01-18 --- time 39600
2023-04-20 16:35:34,099 INFO Negative OS: -0.31667680105067797 --- ticker MMM --- day 2019-01-22 --- time 36000
2023-04-20 16:35:34,105 INFO Negative OS: -0.11314150431218595 --- ticker MMM --- day 2019-01-22 --- time 37800
2023-04-20 16:35:34,110 INFO Negative OS: -0.001287574718854323 --- ticker MMM --- day 2019-01-22 --- time 39600
2023-04-20 16:35:34,186 INFO Negative OS: -0.03147130049894975 --- ticker MMM --- day 2019-01-23 --- time 37800
2023-04-20 16:35:34,277 INFO Negative OS: -0.09858121939470954 --- ticker MMM --- day 2019-01-24 --- time 41400
2023-04-20 16:35:34,342 INFO Negative OS: -0.08896640443583292 --- ticker MMM --- day 2019-01-25 --- time 36000
2023-04-20 16:35:34,348 INFO Negative OS: -0.023068891780928524 --- ticker MMM --- day 2019-01-25 --- time 37800
2023-04-20 16:35:34,364 INFO Negative OS: -0.02766145550143495 --- ticker MMM --- day 2019-01-25 --- time 43200
2023-04-20 16:35:34,595 INFO Negative OS: -0.15355252938838015 --- ticker MMM --- day 2019-01-30 --- time 37800
2023-04-20 16:35:34,600 INFO Negative OS: -0.18756066436818242 --- ticker MMM --- day 2019-01-30 --- time 39600
2023-04-20 16:35:34,631 INFO Negative OS: -0.022079418570032816 --- ticker MMM --- day 2019-01-30 --- time 52200
2023-04-20 16:35:34,665 INFO Negative OS: -0.33979176168765424 --- ticker MMM --- day 2019-01-31 --- time 36000
2023-04-20 16:35:34,671 INFO Negative OS: -0.7657967265242831 --- ticker MMM --- day 2019-01-31 --- time 37800
2023-04-20 16:35:34,676 INFO Negative OS: -0.06468048036549501 --- ticker MMM --- day 2019-01-31 --- time 39600
2023-04-20 16:35:36,335 INFO Negative OS: -0.2757243588116709 --- ticker MMM --- day 2019-03-05 --- time 48600
2023-04-20 16:35:36,541 INFO Negative OS: -1.4640241274721957 --- ticker MMM --- day 2019-03-08 --- time 39600
2023-04-20 16:35:37,062 INFO Negative OS: -5.429022257327948 --- ticker MMM --- day 2019-03-19 --- time 39600
2023-04-20 16:35:38,883 INFO Negative OS: -1.1565385587797015 --- ticker MMM --- day 2019-04-25 --- time 37800
2023-04-20 16:35:45,164 INFO Negative OS: -0.08479149493670346 --- ticker MMM --- day 2019-08-23 --- time 41400
2023-04-20 16:35:46,902 INFO Negative OS: -0.24436004705799697 --- ticker MMM --- day 2019-10-01 --- time 37800
2023-04-20 16:35:47,000 INFO Negative OS: -0.06812031641636018 --- ticker MMM --- day 2019-10-02 --- time 45000
2023-04-20 16:35:47,595 INFO Negative OS: -4.316149313696114 --- ticker MMM --- day 2019-10-14 --- time 48600
2023-04-20 16:35:48,609 INFO Negative OS: -3.0129618574446893 --- ticker MMM --- day 2019-11-04 --- time 36000
2023-04-20 16:35:48,825 INFO Negative OS: -10.964616648201105 --- ticker MMM --- day 2019-11-07 --- time 39600
2023-04-20 16:35:48,831 INFO Negative OS: -4.590412993383815 --- ticker MMM --- day 2019-11-07 --- time 41400
2023-04-20 16:35:50,576 INFO in_r2: 0.7593027141290816 , std 0.21353044345369315 
2023-04-20 16:35:50,576 INFO os_r2: 0.6829535819727545 , std 0.45469737285687345 
2023-04-20 16:35:50,576 INFO intercept: -4.194827430837165e-07 , std 1.733237904817815e-05 
2023-04-20 16:35:50,576 INFO pca_1: 2.176735803633266e-06 , std 6.482033710395751e-05 
2023-04-20 16:35:50,576 INFO pca_2: -9.073173380128011e-06 , std 0.00013440766013629807 
2023-04-20 16:35:50,576 INFO pca_3: -1.0002790710976809e-07 , std 8.146879327702591e-05 
2023-04-20 16:35:50,576 INFO pca_4: -1.1580499627243673e-06 , std 7.634345496692345e-05 
2023-04-20 16:35:50,577 INFO pca_5: -2.936916625789211e-06 , std 7.687526805591271e-05 
2023-04-20 16:35:50,577 INFO t_intercept: -0.010692127154821877 , std 2.4720072071292303 
2023-04-20 16:35:50,577 INFO t_pca_1: 1.1197911905714686 , std 19.46472478182926 
2023-04-20 16:35:50,577 INFO t_pca_2: -1.5748984779807846 , std 21.96980290642524 
2023-04-20 16:35:50,577 INFO t_pca_3: -0.06857501459377427 , std 9.02343548659935 
2023-04-20 16:35:50,577 INFO t_pca_4: -0.1109387661074409 , std 6.043599809913046 
2023-04-20 16:35:50,577 INFO t_pca_5: -0.19720733019565886 , std 4.499446857530834 
2023-04-20 16:35:50,577 INFO p_intercept: 0.2822732063649846 , std 0.3090175564676249 
2023-04-20 16:35:50,577 INFO p_pca_1: 0.024188794883692796 , std 0.1140188387889341 
2023-04-20 16:35:50,577 INFO p_pca_2: 0.03434731611697017 , std 0.13889028081411015 
2023-04-20 16:35:50,577 INFO p_pca_3: 0.12254588684413734 , std 0.23616858387823894 
2023-04-20 16:35:50,577 INFO p_pca_4: 0.16077306828465157 , std 0.26618312156815316 
2023-04-20 16:35:50,577 INFO p_pca_5: 0.18183756092912495 , std 0.27456655503147026 
2023-04-20 16:35:50,577 INFO pca_explained_1: 0.5944122110996429 , std 0.09980449793555451 
2023-04-20 16:35:50,577 INFO pca_explained_2: 0.7389451771063966 , std 0.07174434530891596 
2023-04-20 16:35:50,577 INFO pca_explained_3: 0.8047866122257945 , std 0.056926478724357826 
2023-04-20 16:35:50,577 INFO pca_explained_4: 0.8482027987762788 , std 0.046333808793184106 
2023-04-20 16:35:50,577 INFO pca_explained_5: 0.8795804274103102 , std 0.0383251179468675 
