2023-04-20 16:38:45,104 INFO Tickers: ['MS']
2023-04-20 16:38:59,537 INFO Negative OS: -0.5155974384519426 --- ticker MS --- day 2017-09-20 --- time 48600
2023-04-20 16:39:03,474 INFO Negative OS: -6.8164213575402615 --- ticker MS --- day 2017-11-30 --- time 41400
2023-04-20 16:39:04,212 INFO Negative OS: -1.1448462558931407 --- ticker MS --- day 2017-12-13 --- time 48600
2023-04-20 16:39:04,849 INFO Negative OS: -0.04425731564721125 --- ticker MS --- day 2017-12-26 --- time 52200
2023-04-20 16:39:10,985 INFO Negative OS: -0.26531801257125753 --- ticker MS --- day 2018-04-18 --- time 48600
2023-04-20 16:39:21,051 INFO Negative OS: -0.3702580433058258 --- ticker MS --- day 2018-10-17 --- time 48600
2023-04-20 16:39:22,625 INFO Negative OS: -0.6103552350835555 --- ticker MS --- day 2018-11-14 --- time 37800
2023-04-20 16:39:24,483 INFO Negative OS: -0.0011485253367404802 --- ticker MS --- day 2018-12-19 --- time 46800
2023-04-20 16:39:44,230 INFO in_r2: 0.9423406050614019 , std 0.06438664992211168 
2023-04-20 16:39:44,231 INFO os_r2: 0.9164484281044921 , std 0.1342318920257736 
2023-04-20 16:39:44,231 INFO intercept: -3.159693862116949e-07 , std 1.7988987336112636e-05 
2023-04-20 16:39:44,231 INFO pca_1: -1.8375401656160423e-06 , std 0.00021221883228507982 
2023-04-20 16:39:44,231 INFO pca_2: -7.256935598975427e-07 , std 0.00020235726410577066 
2023-04-20 16:39:44,231 INFO pca_3: 4.10765307635957e-06 , std 0.0001874380770265432 
2023-04-20 16:39:44,231 INFO pca_4: 7.210116387956943e-07 , std 0.00021875923449464577 
2023-04-20 16:39:44,231 INFO pca_5: -3.343402833007864e-06 , std 0.00018921013688015604 
2023-04-20 16:39:44,231 INFO t_intercept: -0.02458461442677779 , std 5.8652955663003645 
2023-04-20 16:39:44,231 INFO t_pca_1: -0.35501725401431866 , std 65.8890001118956 
2023-04-20 16:39:44,231 INFO t_pca_2: -0.1701745600379202 , std 38.292346145211134 
2023-04-20 16:39:44,231 INFO t_pca_3: 0.5290013395867811 , std 21.850274650532945 
2023-04-20 16:39:44,231 INFO t_pca_4: 0.1396698255444062 , std 20.331049335166565 
2023-04-20 16:39:44,231 INFO t_pca_5: -0.2365147854108639 , std 13.265320322443273 
2023-04-20 16:39:44,231 INFO p_intercept: 0.13978184952247658 , std 0.2541630811689259 
2023-04-20 16:39:44,231 INFO p_pca_1: 0.0030248151740711513 , std 0.042162633473281814 
2023-04-20 16:39:44,231 INFO p_pca_2: 0.02243445246214846 , std 0.10975982888833022 
2023-04-20 16:39:44,231 INFO p_pca_3: 0.03164416112783238 , std 0.13206426091789603 
2023-04-20 16:39:44,231 INFO p_pca_4: 0.04096098211114186 , std 0.15098660550223814 
2023-04-20 16:39:44,231 INFO p_pca_5: 0.05275103097448981 , std 0.16756401842786361 
2023-04-20 16:39:44,231 INFO pca_explained_1: 0.5563731833944257 , std 0.10308037953867293 
2023-04-20 16:39:44,231 INFO pca_explained_2: 0.7525374414683558 , std 0.08392703072239177 
2023-04-20 16:39:44,231 INFO pca_explained_3: 0.8314914911843814 , std 0.06878829697393775 
2023-04-20 16:39:44,231 INFO pca_explained_4: 0.8795413630995012 , std 0.05673671298574222 
2023-04-20 16:39:44,231 INFO pca_explained_5: 0.9105574214525224 , std 0.045834144922289 
