2023-04-20 16:39:10,462 INFO Tickers: ['RTN']
2023-04-20 16:39:19,364 INFO Negative OS: -0.12453512281513746 --- ticker RTN --- day 2017-07-27 --- time 48600
2023-04-20 16:39:24,680 INFO Negative OS: -1.587149418993231 --- ticker RTN --- day 2017-12-01 --- time 41400
2023-04-20 16:39:24,929 INFO Negative OS: -0.01537527542120154 --- ticker RTN --- day 2017-12-07 --- time 37800
2023-04-20 16:39:25,347 INFO Negative OS: -0.819114549017506 --- ticker RTN --- day 2017-12-18 --- time 36000
2023-04-20 16:39:25,595 INFO Negative OS: -0.1092527070156375 --- ticker RTN --- day 2017-12-22 --- time 37800
2023-04-20 16:39:26,988 INFO Negative OS: -0.019284944302146112 --- ticker RTN --- day 2018-01-29 --- time 36000
2023-04-20 16:39:27,173 INFO Negative OS: -0.3346680638421171 --- ticker RTN --- day 2018-02-01 --- time 36000
2023-04-20 16:39:27,237 INFO Negative OS: -0.08433928890231135 --- ticker RTN --- day 2018-02-02 --- time 36000
2023-04-20 16:39:27,492 INFO Negative OS: -0.354355237336885 --- ticker RTN --- day 2018-02-08 --- time 36000
2023-04-20 16:39:27,563 INFO Negative OS: -0.386312338715346 --- ticker RTN --- day 2018-02-09 --- time 36000
2023-04-20 16:39:27,640 INFO Negative OS: -0.3685963547335862 --- ticker RTN --- day 2018-02-12 --- time 36000
2023-04-20 16:39:27,646 INFO Negative OS: -0.44334529270291756 --- ticker RTN --- day 2018-02-12 --- time 37800
2023-04-20 16:39:27,651 INFO Negative OS: -0.21287744169482092 --- ticker RTN --- day 2018-02-12 --- time 39600
2023-04-20 16:39:28,095 INFO Negative OS: -0.05476118025298593 --- ticker RTN --- day 2018-02-22 --- time 36000
2023-04-20 16:39:28,218 INFO Negative OS: -0.37556946232566846 --- ticker RTN --- day 2018-02-26 --- time 36000
2023-04-20 16:39:28,223 INFO Negative OS: -0.0016184669992056477 --- ticker RTN --- day 2018-02-26 --- time 37800
2023-04-20 16:39:28,407 INFO Negative OS: -0.3664918678493043 --- ticker RTN --- day 2018-03-01 --- time 36000
2023-04-20 16:39:29,978 INFO Negative OS: -0.6871766519551372 --- ticker RTN --- day 2018-04-06 --- time 52200
2023-04-20 16:39:33,198 INFO Negative OS: -1.1019663566773712 --- ticker RTN --- day 2018-06-19 --- time 48600
2023-04-20 16:39:33,209 INFO Negative OS: -0.005267585584485479 --- ticker RTN --- day 2018-06-19 --- time 52200
2023-04-20 16:39:36,772 INFO Negative OS: -0.040300799320623026 --- ticker RTN --- day 2018-09-06 --- time 48600
2023-04-20 16:39:36,828 INFO Negative OS: -0.02337713954603271 --- ticker RTN --- day 2018-09-07 --- time 41400
2023-04-20 16:39:37,954 INFO Negative OS: -5.443211711064796 --- ticker RTN --- day 2018-10-02 --- time 52200
2023-04-20 16:39:38,201 INFO Negative OS: -0.4858757069225803 --- ticker RTN --- day 2018-10-08 --- time 46800
2023-04-20 16:39:38,212 INFO Negative OS: -0.08241422995579151 --- ticker RTN --- day 2018-10-08 --- time 50400
2023-04-20 16:39:38,341 INFO Negative OS: -1.0569794858911217 --- ticker RTN --- day 2018-10-10 --- time 46800
2023-04-20 16:39:38,390 INFO Negative OS: -0.0446642340142287 --- ticker RTN --- day 2018-10-11 --- time 36000
2023-04-20 16:39:38,406 INFO Negative OS: -1.465938571604585 --- ticker RTN --- day 2018-10-11 --- time 41400
2023-04-20 16:39:38,424 INFO Negative OS: -0.014944193753497537 --- ticker RTN --- day 2018-10-11 --- time 50400
2023-04-20 16:39:38,430 INFO Negative OS: -0.13770572054441477 --- ticker RTN --- day 2018-10-11 --- time 52200
2023-04-20 16:39:38,505 INFO Negative OS: -0.040191728666861826 --- ticker RTN --- day 2018-10-12 --- time 50400
2023-04-20 16:39:38,511 INFO Negative OS: -0.05271632822592309 --- ticker RTN --- day 2018-10-12 --- time 52200
2023-04-20 16:39:38,555 INFO Negative OS: -0.3020413776990698 --- ticker RTN --- day 2018-10-15 --- time 39600
2023-04-20 16:39:38,560 INFO Negative OS: -0.5107273950685618 --- ticker RTN --- day 2018-10-15 --- time 41400
2023-04-20 16:39:38,588 INFO Negative OS: -0.032525075073594145 --- ticker RTN --- day 2018-10-15 --- time 52200
2023-04-20 16:39:38,621 INFO Negative OS: -0.033926279875590604 --- ticker RTN --- day 2018-10-16 --- time 36000
2023-04-20 16:39:38,648 INFO Negative OS: -0.03037636911911612 --- ticker RTN --- day 2018-10-16 --- time 48600
2023-04-20 16:39:38,692 INFO Negative OS: -0.03261748634916373 --- ticker RTN --- day 2018-10-17 --- time 36000
2023-04-20 16:39:38,782 INFO Negative OS: -1.6776101138608346 --- ticker RTN --- day 2018-10-18 --- time 43200
2023-04-20 16:39:38,787 INFO Negative OS: -0.11301304456200856 --- ticker RTN --- day 2018-10-18 --- time 45000
2023-04-20 16:39:38,798 INFO Negative OS: -0.1025627515096732 --- ticker RTN --- day 2018-10-18 --- time 48600
2023-04-20 16:39:38,809 INFO Negative OS: -0.01186629638747605 --- ticker RTN --- day 2018-10-18 --- time 52200
2023-04-20 16:39:38,853 INFO Negative OS: -0.21064805686299093 --- ticker RTN --- day 2018-10-19 --- time 39600
2023-04-20 16:39:38,858 INFO Negative OS: -0.01967434302755855 --- ticker RTN --- day 2018-10-19 --- time 41400
2023-04-20 16:39:38,863 INFO Negative OS: -0.06292611385911684 --- ticker RTN --- day 2018-10-19 --- time 43200
2023-04-20 16:39:38,869 INFO Negative OS: -1.1747293190646593 --- ticker RTN --- day 2018-10-19 --- time 45000
2023-04-20 16:39:38,874 INFO Negative OS: -0.03659619224784749 --- ticker RTN --- day 2018-10-19 --- time 46800
2023-04-20 16:39:38,880 INFO Negative OS: -0.0038314071878109424 --- ticker RTN --- day 2018-10-19 --- time 48600
2023-04-20 16:39:38,934 INFO Negative OS: -0.10695481954178487 --- ticker RTN --- day 2018-10-22 --- time 39600
2023-04-20 16:39:38,939 INFO Negative OS: -0.4249645262540136 --- ticker RTN --- day 2018-10-22 --- time 41400
2023-04-20 16:39:38,950 INFO Negative OS: -3.5094475206089637 --- ticker RTN --- day 2018-10-22 --- time 45000
2023-04-20 16:39:38,955 INFO Negative OS: -0.28252784538353093 --- ticker RTN --- day 2018-10-22 --- time 46800
2023-04-20 16:39:38,966 INFO Negative OS: -0.03499887464104612 --- ticker RTN --- day 2018-10-22 --- time 50400
2023-04-20 16:39:39,010 INFO Negative OS: -0.15479019939429062 --- ticker RTN --- day 2018-10-23 --- time 37800
2023-04-20 16:39:39,030 INFO Negative OS: -0.021928554425684643 --- ticker RTN --- day 2018-10-23 --- time 46800
2023-04-20 16:39:39,036 INFO Negative OS: -1.090394646750151 --- ticker RTN --- day 2018-10-23 --- time 48600
2023-04-20 16:39:39,085 INFO Negative OS: -0.0990673966043798 --- ticker RTN --- day 2018-10-24 --- time 37800
2023-04-20 16:39:39,090 INFO Negative OS: -0.006814168194177572 --- ticker RTN --- day 2018-10-24 --- time 39600
2023-04-20 16:39:39,096 INFO Negative OS: -0.22825790332296902 --- ticker RTN --- day 2018-10-24 --- time 41400
2023-04-20 16:39:39,111 INFO Negative OS: -0.29040053945123057 --- ticker RTN --- day 2018-10-24 --- time 46800
2023-04-20 16:39:39,117 INFO Negative OS: -0.6949985192420052 --- ticker RTN --- day 2018-10-24 --- time 48600
2023-04-20 16:39:39,128 INFO Negative OS: -0.4684235610057952 --- ticker RTN --- day 2018-10-24 --- time 52200
2023-04-20 16:39:39,166 INFO Negative OS: -0.174369295394738 --- ticker RTN --- day 2018-10-25 --- time 37800
2023-04-20 16:39:39,177 INFO Negative OS: -1.8351087509913246 --- ticker RTN --- day 2018-10-25 --- time 41400
2023-04-20 16:39:39,199 INFO Negative OS: -1.7850408074579778 --- ticker RTN --- day 2018-10-25 --- time 48600
2023-04-20 16:39:39,209 INFO Negative OS: -1.3011806477482484 --- ticker RTN --- day 2018-10-25 --- time 52200
2023-04-20 16:39:39,243 INFO Negative OS: -0.05891636368766662 --- ticker RTN --- day 2018-10-26 --- time 36000
2023-04-20 16:39:39,253 INFO Negative OS: -0.11698396560027136 --- ticker RTN --- day 2018-10-26 --- time 39600
2023-04-20 16:39:39,280 INFO Negative OS: -0.11904390314453339 --- ticker RTN --- day 2018-10-26 --- time 48600
2023-04-20 16:39:39,324 INFO Negative OS: -0.2437658278939807 --- ticker RTN --- day 2018-10-29 --- time 36000
2023-04-20 16:39:39,329 INFO Negative OS: -0.21622753465326494 --- ticker RTN --- day 2018-10-29 --- time 37800
2023-04-20 16:39:39,356 INFO Negative OS: -0.21355301475605226 --- ticker RTN --- day 2018-10-29 --- time 46800
2023-04-20 16:39:39,361 INFO Negative OS: -0.018191091915387148 --- ticker RTN --- day 2018-10-29 --- time 48600
2023-04-20 16:39:39,416 INFO Negative OS: -0.12976883556513896 --- ticker RTN --- day 2018-10-30 --- time 39600
2023-04-20 16:39:39,437 INFO Negative OS: -0.3181846920333433 --- ticker RTN --- day 2018-10-30 --- time 46800
2023-04-20 16:39:39,491 INFO Negative OS: -0.4402317611516269 --- ticker RTN --- day 2018-10-31 --- time 37800
2023-04-20 16:39:39,502 INFO Negative OS: -0.07958888491285765 --- ticker RTN --- day 2018-10-31 --- time 41400
2023-04-20 16:39:39,567 INFO Negative OS: -0.12258813406055435 --- ticker RTN --- day 2018-11-01 --- time 36000
2023-04-20 16:39:39,594 INFO Negative OS: -1.1533766920849136 --- ticker RTN --- day 2018-11-01 --- time 45000
2023-04-20 16:39:39,615 INFO Negative OS: -0.1966205501793714 --- ticker RTN --- day 2018-11-01 --- time 52200
2023-04-20 16:39:39,648 INFO Negative OS: -0.45589945210008853 --- ticker RTN --- day 2018-11-02 --- time 36000
2023-04-20 16:39:39,654 INFO Negative OS: -0.04606675839346153 --- ticker RTN --- day 2018-11-02 --- time 37800
2023-04-20 16:39:39,670 INFO Negative OS: -0.09764010941968126 --- ticker RTN --- day 2018-11-02 --- time 43200
2023-04-20 16:39:39,691 INFO Negative OS: -0.06379350552247232 --- ticker RTN --- day 2018-11-02 --- time 50400
2023-04-20 16:39:39,730 INFO Negative OS: -0.6543639334828799 --- ticker RTN --- day 2018-11-05 --- time 36000
2023-04-20 16:39:39,735 INFO Negative OS: -0.10888309831581089 --- ticker RTN --- day 2018-11-05 --- time 37800
2023-04-20 16:39:39,741 INFO Negative OS: -0.0788567640636122 --- ticker RTN --- day 2018-11-05 --- time 39600
2023-04-20 16:39:39,811 INFO Negative OS: -0.31075912853305976 --- ticker RTN --- day 2018-11-06 --- time 36000
2023-04-20 16:39:39,816 INFO Negative OS: -0.016729071094678583 --- ticker RTN --- day 2018-11-06 --- time 37800
2023-04-20 16:39:39,822 INFO Negative OS: -0.010530274848975285 --- ticker RTN --- day 2018-11-06 --- time 39600
2023-04-20 16:39:39,843 INFO Negative OS: -0.03981881831108103 --- ticker RTN --- day 2018-11-06 --- time 50400
2023-04-20 16:39:39,958 INFO Negative OS: -0.5441517286797093 --- ticker RTN --- day 2018-11-08 --- time 41400
2023-04-20 16:39:39,977 INFO Negative OS: -0.33589186901297374 --- ticker RTN --- day 2018-11-08 --- time 50400
2023-04-20 16:39:39,982 INFO Negative OS: -0.0976504794085733 --- ticker RTN --- day 2018-11-08 --- time 52200
2023-04-20 16:39:40,032 INFO Negative OS: -0.06323821227194726 --- ticker RTN --- day 2018-11-09 --- time 41400
2023-04-20 16:39:40,044 INFO Negative OS: -0.146712665397287 --- ticker RTN --- day 2018-11-09 --- time 46800
2023-04-20 16:39:40,183 INFO Negative OS: -1.7794079360570247 --- ticker RTN --- day 2018-11-13 --- time 48600
2023-04-20 16:39:40,321 INFO Negative OS: -0.4369603541256708 --- ticker RTN --- day 2018-11-15 --- time 48600
2023-04-20 16:39:40,364 INFO Negative OS: -0.30492038681484757 --- ticker RTN --- day 2018-11-16 --- time 37800
2023-04-20 16:39:40,436 INFO Negative OS: -0.0891125809583253 --- ticker RTN --- day 2018-11-19 --- time 36000
2023-04-20 16:39:40,452 INFO Negative OS: -0.10216957380906933 --- ticker RTN --- day 2018-11-19 --- time 41400
2023-04-20 16:39:40,457 INFO Negative OS: -0.0029406153514088818 --- ticker RTN --- day 2018-11-19 --- time 43200
2023-04-20 16:39:40,517 INFO Negative OS: -0.052690911617395475 --- ticker RTN --- day 2018-11-20 --- time 36000
2023-04-20 16:39:40,555 INFO Negative OS: -0.05964887894399662 --- ticker RTN --- day 2018-11-20 --- time 50400
2023-04-20 16:39:40,610 INFO Negative OS: -0.09110957039667378 --- ticker RTN --- day 2018-11-21 --- time 41400
2023-04-20 16:39:40,747 INFO Negative OS: -0.08024087968412474 --- ticker RTN --- day 2018-11-26 --- time 39600
2023-04-20 16:39:40,808 INFO Negative OS: -0.006656280504715895 --- ticker RTN --- day 2018-11-27 --- time 36000
2023-04-20 16:39:40,824 INFO Negative OS: -0.22819402570654823 --- ticker RTN --- day 2018-11-27 --- time 41400
2023-04-20 16:39:40,841 INFO Negative OS: -0.39117426235969344 --- ticker RTN --- day 2018-11-27 --- time 48600
2023-04-20 16:39:40,881 INFO Negative OS: -0.004836926105766803 --- ticker RTN --- day 2018-11-28 --- time 36000
2023-04-20 16:39:41,106 INFO Negative OS: -2.313595653526091 --- ticker RTN --- day 2018-12-03 --- time 45000
2023-04-20 16:39:41,117 INFO Negative OS: -0.42231134480163335 --- ticker RTN --- day 2018-12-03 --- time 48600
2023-04-20 16:39:41,123 INFO Negative OS: -0.08010324631432675 --- ticker RTN --- day 2018-12-03 --- time 50400
2023-04-20 16:39:41,128 INFO Negative OS: -0.4529981110155732 --- ticker RTN --- day 2018-12-03 --- time 52200
2023-04-20 16:39:41,177 INFO Negative OS: -0.317134339880647 --- ticker RTN --- day 2018-12-04 --- time 41400
2023-04-20 16:39:41,188 INFO Negative OS: -0.032987275982167885 --- ticker RTN --- day 2018-12-04 --- time 45000
2023-04-20 16:39:41,269 INFO Negative OS: -0.2970879472393544 --- ticker RTN --- day 2018-12-06 --- time 45000
2023-04-20 16:39:41,337 INFO Negative OS: -1.2918763846326708 --- ticker RTN --- day 2018-12-07 --- time 43200
2023-04-20 16:39:41,358 INFO Negative OS: -0.954872127421952 --- ticker RTN --- day 2018-12-07 --- time 50400
2023-04-20 16:39:41,363 INFO Negative OS: -0.03915838921780024 --- ticker RTN --- day 2018-12-07 --- time 52200
2023-04-20 16:39:41,412 INFO Negative OS: -0.24280843380331252 --- ticker RTN --- day 2018-12-10 --- time 41400
2023-04-20 16:39:41,423 INFO Negative OS: -0.0518991846419703 --- ticker RTN --- day 2018-12-10 --- time 45000
2023-04-20 16:39:41,439 INFO Negative OS: -0.07147120231885418 --- ticker RTN --- day 2018-12-10 --- time 50400
2023-04-20 16:39:41,524 INFO Negative OS: -0.6340851755465813 --- ticker RTN --- day 2018-12-11 --- time 52200
2023-04-20 16:39:41,558 INFO Negative OS: -0.06037841180591097 --- ticker RTN --- day 2018-12-12 --- time 36000
2023-04-20 16:39:41,600 INFO Negative OS: -0.09319231077278411 --- ticker RTN --- day 2018-12-12 --- time 50400
2023-04-20 16:39:41,639 INFO Negative OS: -0.07450815148381351 --- ticker RTN --- day 2018-12-13 --- time 36000
2023-04-20 16:39:41,686 INFO Negative OS: -0.0692799506090116 --- ticker RTN --- day 2018-12-13 --- time 52200
2023-04-20 16:39:41,740 INFO Negative OS: -0.9972345012759134 --- ticker RTN --- day 2018-12-14 --- time 43200
2023-04-20 16:39:41,751 INFO Negative OS: -0.299499139835548 --- ticker RTN --- day 2018-12-14 --- time 46800
2023-04-20 16:39:41,756 INFO Negative OS: -0.05778260670252022 --- ticker RTN --- day 2018-12-14 --- time 48600
2023-04-20 16:39:41,800 INFO Negative OS: -0.23334478690104343 --- ticker RTN --- day 2018-12-17 --- time 36000
2023-04-20 16:39:41,822 INFO Negative OS: -0.16439724984709292 --- ticker RTN --- day 2018-12-17 --- time 43200
2023-04-20 16:39:41,827 INFO Negative OS: -0.3017120473477588 --- ticker RTN --- day 2018-12-17 --- time 45000
2023-04-20 16:39:41,832 INFO Negative OS: -0.06486705709686724 --- ticker RTN --- day 2018-12-17 --- time 46800
2023-04-20 16:39:41,838 INFO Negative OS: -0.04708316998448647 --- ticker RTN --- day 2018-12-17 --- time 48600
2023-04-20 16:39:41,903 INFO Negative OS: -0.0253954905484588 --- ticker RTN --- day 2018-12-18 --- time 43200
2023-04-20 16:39:41,924 INFO Negative OS: -1.5914266403314876 --- ticker RTN --- day 2018-12-18 --- time 50400
2023-04-20 16:39:41,930 INFO Negative OS: -0.05031072007801174 --- ticker RTN --- day 2018-12-18 --- time 52200
2023-04-20 16:39:41,984 INFO Negative OS: -1.1070796171220647 --- ticker RTN --- day 2018-12-19 --- time 43200
2023-04-20 16:39:41,995 INFO Negative OS: -0.9739944735986403 --- ticker RTN --- day 2018-12-19 --- time 46800
2023-04-20 16:39:42,000 INFO Negative OS: -0.01505621587471584 --- ticker RTN --- day 2018-12-19 --- time 48600
2023-04-20 16:39:42,005 INFO Negative OS: -0.002224246112793038 --- ticker RTN --- day 2018-12-19 --- time 50400
2023-04-20 16:39:42,011 INFO Negative OS: -0.000168038357738709 --- ticker RTN --- day 2018-12-19 --- time 52200
2023-04-20 16:39:42,087 INFO Negative OS: -0.15155485168464788 --- ticker RTN --- day 2018-12-20 --- time 50400
2023-04-20 16:39:42,136 INFO Negative OS: -0.003315074735062762 --- ticker RTN --- day 2018-12-21 --- time 39600
2023-04-20 16:39:42,147 INFO Negative OS: -0.25827902613293907 --- ticker RTN --- day 2018-12-21 --- time 43200
2023-04-20 16:39:42,164 INFO Negative OS: -0.08202732103236632 --- ticker RTN --- day 2018-12-21 --- time 50400
2023-04-20 16:39:42,170 INFO Negative OS: -0.11437235081825103 --- ticker RTN --- day 2018-12-21 --- time 52200
2023-04-20 16:39:42,202 INFO Negative OS: -0.13976427167998295 --- ticker RTN --- day 2018-12-24 --- time 36000
2023-04-20 16:39:42,208 INFO Negative OS: -0.7720347847757536 --- ticker RTN --- day 2018-12-24 --- time 37800
2023-04-20 16:39:42,273 INFO Negative OS: -0.32665818492154974 --- ticker RTN --- day 2018-12-26 --- time 36000
2023-04-20 16:39:42,284 INFO Negative OS: -0.027463421622077044 --- ticker RTN --- day 2018-12-26 --- time 39600
2023-04-20 16:39:42,305 INFO Negative OS: -1.466982123046714 --- ticker RTN --- day 2018-12-26 --- time 46800
2023-04-20 16:39:42,354 INFO Negative OS: -0.1516511606733122 --- ticker RTN --- day 2018-12-27 --- time 36000
2023-04-20 16:39:42,365 INFO Negative OS: -0.34298893612578474 --- ticker RTN --- day 2018-12-27 --- time 39600
2023-04-20 16:39:42,370 INFO Negative OS: -0.03074057230714833 --- ticker RTN --- day 2018-12-27 --- time 41400
2023-04-20 16:39:42,397 INFO Negative OS: -0.1591116884271948 --- ticker RTN --- day 2018-12-27 --- time 50400
2023-04-20 16:39:42,440 INFO Negative OS: -0.035111700435748405 --- ticker RTN --- day 2018-12-28 --- time 37800
2023-04-20 16:39:42,468 INFO Negative OS: -0.9248832228872808 --- ticker RTN --- day 2018-12-28 --- time 50400
2023-04-20 16:39:42,515 INFO Negative OS: -0.3332563658507226 --- ticker RTN --- day 2018-12-31 --- time 39600
2023-04-20 16:39:42,525 INFO Negative OS: -0.15654533978006469 --- ticker RTN --- day 2018-12-31 --- time 43200
2023-04-20 16:39:42,542 INFO Negative OS: -0.1568399383156569 --- ticker RTN --- day 2018-12-31 --- time 50400
2023-04-20 16:39:42,581 INFO Negative OS: -0.23322312046308635 --- ticker RTN --- day 2019-01-02 --- time 36000
2023-04-20 16:39:42,587 INFO Negative OS: -0.010355840992471999 --- ticker RTN --- day 2019-01-02 --- time 37800
2023-04-20 16:39:42,609 INFO Negative OS: -0.053504356199808756 --- ticker RTN --- day 2019-01-02 --- time 46800
2023-04-20 16:39:42,614 INFO Negative OS: -0.00968768486737126 --- ticker RTN --- day 2019-01-02 --- time 48600
2023-04-20 16:39:42,655 INFO Negative OS: -0.07091682019143608 --- ticker RTN --- day 2019-01-03 --- time 36000
2023-04-20 16:39:42,676 INFO Negative OS: -0.010053118465133792 --- ticker RTN --- day 2019-01-03 --- time 43200
2023-04-20 16:39:42,732 INFO Negative OS: -0.6081564135833166 --- ticker RTN --- day 2019-01-04 --- time 36000
2023-04-20 16:39:42,743 INFO Negative OS: -0.04647511488161116 --- ticker RTN --- day 2019-01-04 --- time 39600
2023-04-20 16:39:42,769 INFO Negative OS: -0.1755530671825436 --- ticker RTN --- day 2019-01-04 --- time 48600
2023-04-20 16:39:42,775 INFO Negative OS: -0.1946206908946282 --- ticker RTN --- day 2019-01-04 --- time 50400
2023-04-20 16:39:42,894 INFO Negative OS: -0.5177553591042163 --- ticker RTN --- day 2019-01-08 --- time 41400
2023-04-20 16:39:42,955 INFO Negative OS: -0.07396537817632054 --- ticker RTN --- day 2019-01-10 --- time 36000
2023-04-20 16:39:42,965 INFO Negative OS: -0.021273849012309443 --- ticker RTN --- day 2019-01-10 --- time 39600
2023-04-20 16:39:42,971 INFO Negative OS: -0.038526805477706594 --- ticker RTN --- day 2019-01-10 --- time 41400
2023-04-20 16:39:42,976 INFO Negative OS: -0.2894651880168244 --- ticker RTN --- day 2019-01-10 --- time 43200
2023-04-20 16:39:42,987 INFO Negative OS: -0.32229497208990976 --- ticker RTN --- day 2019-01-10 --- time 46800
2023-04-20 16:39:42,992 INFO Negative OS: -0.007979768127330145 --- ticker RTN --- day 2019-01-10 --- time 48600
2023-04-20 16:39:42,998 INFO Negative OS: -0.016228184212349728 --- ticker RTN --- day 2019-01-10 --- time 50400
2023-04-20 16:39:43,052 INFO Negative OS: -0.1368623230836139 --- ticker RTN --- day 2019-01-11 --- time 45000
2023-04-20 16:39:43,114 INFO Negative OS: -0.17751983839832985 --- ticker RTN --- day 2019-01-14 --- time 39600
2023-04-20 16:39:43,124 INFO Negative OS: -0.1457303278730564 --- ticker RTN --- day 2019-01-14 --- time 43200
2023-04-20 16:39:43,185 INFO Negative OS: -0.18404850805879014 --- ticker RTN --- day 2019-01-15 --- time 37800
2023-04-20 16:39:43,191 INFO Negative OS: -0.2792072503508656 --- ticker RTN --- day 2019-01-15 --- time 39600
2023-04-20 16:39:43,269 INFO Negative OS: -0.8371072557844041 --- ticker RTN --- day 2019-01-16 --- time 45000
2023-04-20 16:39:43,345 INFO Negative OS: -0.025604205186708473 --- ticker RTN --- day 2019-01-17 --- time 52200
2023-04-20 16:39:43,462 INFO Negative OS: -0.04195368989716375 --- ticker RTN --- day 2019-01-22 --- time 41400
2023-04-20 16:39:43,468 INFO Negative OS: -0.004149689504394427 --- ticker RTN --- day 2019-01-22 --- time 43200
2023-04-20 16:39:43,540 INFO Negative OS: -0.14245080535299737 --- ticker RTN --- day 2019-01-23 --- time 41400
2023-04-20 16:39:43,699 INFO Negative OS: -0.030930086748617303 --- ticker RTN --- day 2019-01-25 --- time 45000
2023-04-20 16:39:43,705 INFO Negative OS: -0.04943491383672205 --- ticker RTN --- day 2019-01-25 --- time 46800
2023-04-20 16:39:43,710 INFO Negative OS: -0.24638266689578003 --- ticker RTN --- day 2019-01-25 --- time 48600
2023-04-20 16:39:43,715 INFO Negative OS: -0.09603860232952588 --- ticker RTN --- day 2019-01-25 --- time 50400
2023-04-20 16:39:43,919 INFO Negative OS: -0.8141354010263631 --- ticker RTN --- day 2019-01-30 --- time 37800
2023-04-20 16:39:43,924 INFO Negative OS: -0.22278590693248002 --- ticker RTN --- day 2019-01-30 --- time 39600
2023-04-20 16:39:43,930 INFO Negative OS: -0.22533623579373985 --- ticker RTN --- day 2019-01-30 --- time 41400
2023-04-20 16:39:43,935 INFO Negative OS: -0.0756669962511407 --- ticker RTN --- day 2019-01-30 --- time 43200
2023-04-20 16:39:43,995 INFO Negative OS: -0.4247152530297147 --- ticker RTN --- day 2019-01-31 --- time 36000
2023-04-20 16:39:44,019 INFO Negative OS: -0.31586415833804127 --- ticker RTN --- day 2019-01-31 --- time 46800
2023-04-20 16:39:44,068 INFO Negative OS: -0.04048103546395532 --- ticker RTN --- day 2019-02-01 --- time 36000
2023-04-20 16:39:45,519 INFO Negative OS: -16.47582986399712 --- ticker RTN --- day 2019-03-04 --- time 48600
2023-04-20 16:39:45,525 INFO Negative OS: -7.91576986290454 --- ticker RTN --- day 2019-03-04 --- time 50400
2023-04-20 16:39:45,530 INFO Negative OS: -0.803700480176762 --- ticker RTN --- day 2019-03-04 --- time 52200
2023-04-20 16:39:45,676 INFO Negative OS: -1.7010085990894317 --- ticker RTN --- day 2019-03-06 --- time 52200
2023-04-20 16:39:45,848 INFO Negative OS: -0.1356533410127314 --- ticker RTN --- day 2019-03-11 --- time 36000
2023-04-20 16:39:47,057 INFO Negative OS: -0.15687072953567505 --- ticker RTN --- day 2019-04-03 --- time 48600
2023-04-20 16:39:47,765 INFO Negative OS: -0.361223088523146 --- ticker RTN --- day 2019-04-18 --- time 36000
2023-04-20 16:39:48,627 INFO Negative OS: -0.11226102591907172 --- ticker RTN --- day 2019-05-08 --- time 39600
2023-04-20 16:39:48,862 INFO Negative OS: -0.7122150210950369 --- ticker RTN --- day 2019-05-13 --- time 39600
2023-04-20 16:39:48,942 INFO Negative OS: -0.5109328042001864 --- ticker RTN --- day 2019-05-14 --- time 41400
2023-04-20 16:39:55,771 INFO Negative OS: -40.07226068521591 --- ticker RTN --- day 2019-10-22 --- time 36000
2023-04-20 16:39:57,991 INFO in_r2: 0.5760840256095703 , std 0.27948635131767935 
2023-04-20 16:39:57,991 INFO os_r2: 0.3924905589901905 , std 1.2235368754867433 
2023-04-20 16:39:57,991 INFO intercept: -9.167204648160102e-07 , std 2.140989991628571e-05 
2023-04-20 16:39:57,991 INFO pca_1: 2.4302411308896996e-06 , std 7.052422901272513e-05 
2023-04-20 16:39:57,991 INFO pca_2: 3.3608848813549593e-06 , std 0.00011752537966480099 
2023-04-20 16:39:57,991 INFO pca_3: -7.327877967707477e-06 , std 0.00011711747550481813 
2023-04-20 16:39:57,991 INFO pca_4: -4.918647508796858e-06 , std 0.00011859810397308815 
2023-04-20 16:39:57,991 INFO pca_5: -2.0783003301131414e-06 , std 0.0001352458026010315 
2023-04-20 16:39:57,991 INFO t_intercept: -0.07673653307788128 , std 2.001603544292834 
2023-04-20 16:39:57,991 INFO t_pca_1: 0.8640216952135085 , std 14.958773380249342 
2023-04-20 16:39:57,991 INFO t_pca_2: 0.2284090395020984 , std 11.651562009643715 
2023-04-20 16:39:57,991 INFO t_pca_3: -0.5371880541917029 , std 8.543495203072496 
2023-04-20 16:39:57,991 INFO t_pca_4: -0.23932678945144942 , std 6.580672727520365 
2023-04-20 16:39:57,991 INFO t_pca_5: -0.06692518612259958 , std 5.61839295144741 
2023-04-20 16:39:57,991 INFO p_intercept: 0.37129597918331547 , std 0.3232407956805872 
2023-04-20 16:39:57,991 INFO p_pca_1: 0.04223566019976924 , std 0.15356895434382217 
2023-04-20 16:39:57,991 INFO p_pca_2: 0.09575518123579704 , std 0.21373226904527914 
2023-04-20 16:39:57,991 INFO p_pca_3: 0.1198139077097518 , std 0.23799817159284484 
2023-04-20 16:39:57,991 INFO p_pca_4: 0.1450525650012225 , std 0.26032418894870535 
2023-04-20 16:39:57,991 INFO p_pca_5: 0.1597416833576085 , std 0.2704628743783615 
2023-04-20 16:39:57,991 INFO pca_explained_1: 0.5810261166564196 , std 0.10502686234217423 
2023-04-20 16:39:57,991 INFO pca_explained_2: 0.7071492427237787 , std 0.08301662780667633 
2023-04-20 16:39:57,991 INFO pca_explained_3: 0.7783951381015694 , std 0.06843693641541435 
2023-04-20 16:39:57,991 INFO pca_explained_4: 0.8271494916113085 , std 0.05728545569444316 
2023-04-20 16:39:57,991 INFO pca_explained_5: 0.8630502636773384 , std 0.048196693143677284 
