2023-04-20 16:29:18,275 INFO Tickers: ['V']
2023-04-20 16:29:37,450 INFO Negative OS: -0.16128636803284846 --- ticker V --- day 2017-12-13 --- time 48600
2023-04-20 16:29:37,456 INFO Negative OS: -0.13779828168951003 --- ticker V --- day 2017-12-13 --- time 50400
2023-04-20 16:29:38,140 INFO Negative OS: -0.3734429822133467 --- ticker V --- day 2017-12-27 --- time 50400
2023-04-20 16:29:38,925 INFO Negative OS: -16.631413007670226 --- ticker V --- day 2018-01-11 --- time 46800
2023-04-20 16:29:39,340 INFO Negative OS: -0.9463278847436465 --- ticker V --- day 2018-01-19 --- time 52200
2023-04-20 16:29:40,185 INFO Negative OS: -0.06967589812637587 --- ticker V --- day 2018-02-05 --- time 37800
2023-04-20 16:29:40,196 INFO Negative OS: -0.009492326345225344 --- ticker V --- day 2018-02-05 --- time 41400
2023-04-20 16:29:40,208 INFO Negative OS: -1.4289196448112538 --- ticker V --- day 2018-02-05 --- time 45000
2023-04-20 16:29:40,223 INFO Negative OS: -0.4565860332961642 --- ticker V --- day 2018-02-05 --- time 50400
2023-04-20 16:29:40,229 INFO Negative OS: -0.0851732278151851 --- ticker V --- day 2018-02-05 --- time 52200
2023-04-20 16:29:40,273 INFO Negative OS: -0.02856505292692013 --- ticker V --- day 2018-02-06 --- time 39600
2023-04-20 16:29:40,284 INFO Negative OS: -0.22463282452648592 --- ticker V --- day 2018-02-06 --- time 43200
2023-04-20 16:29:40,289 INFO Negative OS: -0.16119778274187602 --- ticker V --- day 2018-02-06 --- time 45000
2023-04-20 16:29:40,300 INFO Negative OS: -0.3922147757580654 --- ticker V --- day 2018-02-06 --- time 48600
2023-04-20 16:29:40,365 INFO Negative OS: -0.02760540215292817 --- ticker V --- day 2018-02-07 --- time 43200
2023-04-20 16:29:40,381 INFO Negative OS: -0.3113658064065281 --- ticker V --- day 2018-02-07 --- time 48600
2023-04-20 16:29:40,387 INFO Negative OS: -0.03760078250906651 --- ticker V --- day 2018-02-07 --- time 50400
2023-04-20 16:29:40,431 INFO Negative OS: -2.5980074107330933 --- ticker V --- day 2018-02-08 --- time 37800
2023-04-20 16:29:40,468 INFO Negative OS: -0.2679251085530996 --- ticker V --- day 2018-02-08 --- time 50400
2023-04-20 16:29:40,507 INFO Negative OS: -0.4700040490316537 --- ticker V --- day 2018-02-09 --- time 36000
2023-04-20 16:29:40,528 INFO Negative OS: -0.034737884925685414 --- ticker V --- day 2018-02-09 --- time 43200
2023-04-20 16:29:40,550 INFO Negative OS: -0.08149970288659336 --- ticker V --- day 2018-02-09 --- time 50400
2023-04-20 16:29:40,555 INFO Negative OS: -0.018623627478108862 --- ticker V --- day 2018-02-09 --- time 52200
2023-04-20 16:29:40,787 INFO Negative OS: -0.27791153705660054 --- ticker V --- day 2018-02-14 --- time 48600
2023-04-20 16:29:40,942 INFO Negative OS: -0.46468676731021374 --- ticker V --- day 2018-02-16 --- time 46800
2023-04-20 16:29:41,105 INFO Negative OS: -0.2562873086573534 --- ticker V --- day 2018-02-21 --- time 48600
2023-04-20 16:29:42,068 INFO Negative OS: -0.35575031302879023 --- ticker V --- day 2018-03-09 --- time 46800
2023-04-20 16:29:42,544 INFO Negative OS: -0.009657295341395589 --- ticker V --- day 2018-03-19 --- time 45000
2023-04-20 16:29:42,756 INFO Negative OS: -0.023789078878258874 --- ticker V --- day 2018-03-22 --- time 36000
2023-04-20 16:29:42,761 INFO Negative OS: -0.005265637000570145 --- ticker V --- day 2018-03-22 --- time 37800
2023-04-20 16:29:42,863 INFO Negative OS: -0.020282646792655123 --- ticker V --- day 2018-03-23 --- time 45000
2023-04-20 16:29:43,005 INFO Negative OS: -0.21798966237125117 --- ticker V --- day 2018-03-27 --- time 37800
2023-04-20 16:29:43,081 INFO Negative OS: -0.015190253601650383 --- ticker V --- day 2018-03-28 --- time 36000
2023-04-20 16:29:43,092 INFO Negative OS: -0.2881842404988939 --- ticker V --- day 2018-03-28 --- time 39600
2023-04-20 16:29:43,097 INFO Negative OS: -0.047270275179250865 --- ticker V --- day 2018-03-28 --- time 41400
2023-04-20 16:29:43,103 INFO Negative OS: -0.13025027462339178 --- ticker V --- day 2018-03-28 --- time 43200
2023-04-20 16:29:43,108 INFO Negative OS: -0.43939326902664044 --- ticker V --- day 2018-03-28 --- time 45000
2023-04-20 16:29:43,119 INFO Negative OS: -0.4514406139996796 --- ticker V --- day 2018-03-28 --- time 48600
2023-04-20 16:29:43,254 INFO Negative OS: -0.12140845426799896 --- ticker V --- day 2018-04-02 --- time 39600
2023-04-20 16:29:45,506 INFO Negative OS: -0.2653520115330874 --- ticker V --- day 2018-05-10 --- time 37800
2023-04-20 16:29:45,511 INFO Negative OS: -0.3573925036541685 --- ticker V --- day 2018-05-10 --- time 39600
2023-04-20 16:29:46,362 INFO Negative OS: -1.7222477683749475 --- ticker V --- day 2018-05-25 --- time 36000
2023-04-20 16:29:47,512 INFO Negative OS: -5.732917256928227 --- ticker V --- day 2018-06-15 --- time 50400
2023-04-20 16:29:48,771 INFO Negative OS: -0.7747466671193877 --- ticker V --- day 2018-07-10 --- time 43200
2023-04-20 16:29:53,857 INFO Negative OS: -0.08053523929539042 --- ticker V --- day 2018-10-08 --- time 48600
2023-04-20 16:29:54,105 INFO Negative OS: -0.4435582959116642 --- ticker V --- day 2018-10-11 --- time 50400
2023-04-20 16:29:54,428 INFO Negative OS: -0.08330262990403914 --- ticker V --- day 2018-10-17 --- time 50400
2023-04-20 16:29:54,479 INFO Negative OS: -0.8160331851466662 --- ticker V --- day 2018-10-18 --- time 39600
2023-04-20 16:29:54,485 INFO Negative OS: -0.015470235277466271 --- ticker V --- day 2018-10-18 --- time 41400
2023-04-20 16:29:54,490 INFO Negative OS: -0.060417313137832274 --- ticker V --- day 2018-10-18 --- time 43200
2023-04-20 16:29:54,909 INFO Negative OS: -0.056125991649862206 --- ticker V --- day 2018-10-25 --- time 48600
2023-04-20 16:29:54,953 INFO Negative OS: -0.21057666323555635 --- ticker V --- day 2018-10-26 --- time 36000
2023-04-20 16:29:54,990 INFO Negative OS: -0.13389072549008785 --- ticker V --- day 2018-10-26 --- time 48600
2023-04-20 16:29:55,001 INFO Negative OS: -0.12609439164039138 --- ticker V --- day 2018-10-26 --- time 52200
2023-04-20 16:29:55,141 INFO Negative OS: -0.20210391387346105 --- ticker V --- day 2018-10-30 --- time 45000
2023-04-20 16:29:55,526 INFO Negative OS: -0.23959810263863823 --- ticker V --- day 2018-11-06 --- time 37800
2023-04-20 16:29:55,531 INFO Negative OS: -0.37053393151978264 --- ticker V --- day 2018-11-06 --- time 39600
2023-04-20 16:29:55,542 INFO Negative OS: -23.7477042735603 --- ticker V --- day 2018-11-06 --- time 43200
2023-04-20 16:29:55,929 INFO Negative OS: -0.02045280642390712 --- ticker V --- day 2018-11-13 --- time 37800
2023-04-20 16:29:57,300 INFO Negative OS: -0.04269108896161922 --- ticker V --- day 2018-12-10 --- time 39600
2023-04-20 16:29:57,332 INFO Negative OS: -0.36434149621928924 --- ticker V --- day 2018-12-10 --- time 50400
2023-04-20 16:29:57,338 INFO Negative OS: -0.9094936920131391 --- ticker V --- day 2018-12-10 --- time 52200
2023-04-20 16:29:57,894 INFO Negative OS: -0.4015306707949995 --- ticker V --- day 2018-12-19 --- time 48600
2023-04-20 16:29:58,019 INFO Negative OS: -0.1106349844628367 --- ticker V --- day 2018-12-21 --- time 36000
2023-04-20 16:29:58,098 INFO Negative OS: -0.08052802299700645 --- ticker V --- day 2018-12-24 --- time 36000
2023-04-20 16:29:58,251 INFO Negative OS: -0.058361226279785905 --- ticker V --- day 2018-12-27 --- time 36000
2023-04-20 16:29:58,443 INFO Negative OS: -0.009646443321437381 --- ticker V --- day 2018-12-31 --- time 46800
2023-04-20 16:29:58,989 INFO Negative OS: -0.1984290731384728 --- ticker V --- day 2019-01-11 --- time 39600
2023-04-20 16:29:59,789 INFO Negative OS: -0.045782791342689144 --- ticker V --- day 2019-01-28 --- time 37800
2023-04-20 16:30:04,877 INFO Negative OS: -1.4785327236165675 --- ticker V --- day 2019-04-29 --- time 41400
2023-04-20 16:30:08,084 INFO Negative OS: -1.695893228150323 --- ticker V --- day 2019-06-25 --- time 36000
2023-04-20 16:30:08,089 INFO Negative OS: -0.0685751367570282 --- ticker V --- day 2019-06-25 --- time 37800
2023-04-20 16:30:09,072 INFO Negative OS: -0.38779416009325285 --- ticker V --- day 2019-07-12 --- time 46800
2023-04-20 16:30:09,077 INFO Negative OS: -0.034919776017156234 --- ticker V --- day 2019-07-12 --- time 48600
2023-04-20 16:30:10,007 INFO Negative OS: -0.44017933445533686 --- ticker V --- day 2019-07-30 --- time 36000
2023-04-20 16:30:10,115 INFO Negative OS: -0.0786334586570423 --- ticker V --- day 2019-07-31 --- time 45000
2023-04-20 16:30:10,351 INFO Negative OS: -0.4211208670591018 --- ticker V --- day 2019-08-05 --- time 43200
2023-04-20 16:30:10,780 INFO Negative OS: -19.676014078642865 --- ticker V --- day 2019-08-12 --- time 52200
2023-04-20 16:30:11,469 INFO Negative OS: -0.17618757589788192 --- ticker V --- day 2019-08-23 --- time 39600
2023-04-20 16:30:12,692 INFO Negative OS: -1.3681606871549983 --- ticker V --- day 2019-09-16 --- time 45000
2023-04-20 16:30:12,751 INFO Negative OS: -5.458414069991121 --- ticker V --- day 2019-09-17 --- time 37800
2023-04-20 16:30:13,331 INFO Negative OS: -1.454372173628789 --- ticker V --- day 2019-09-26 --- time 45000
2023-04-20 16:30:13,546 INFO Negative OS: -0.5820113908537639 --- ticker V --- day 2019-10-01 --- time 36000
2023-04-20 16:30:14,867 INFO Negative OS: -0.6427654691997295 --- ticker V --- day 2019-10-23 --- time 48600
2023-04-20 16:30:16,003 INFO Negative OS: -2.790490581500162 --- ticker V --- day 2019-11-12 --- time 52200
2023-04-20 16:30:16,148 INFO Negative OS: -0.5598461424056127 --- ticker V --- day 2019-11-14 --- time 46800
2023-04-20 16:30:17,792 INFO in_r2: 0.8679293220127803 , std 0.1478957923092153 
2023-04-20 16:30:17,792 INFO os_r2: 0.8258259429727606 , std 0.487695520514698 
2023-04-20 16:30:17,792 INFO intercept: 6.593541083421311e-08 , std 1.3195091394526792e-05 
2023-04-20 16:30:17,792 INFO pca_1: -4.681575752280763e-06 , std 6.95857303055231e-05 
2023-04-20 16:30:17,792 INFO pca_2: 2.5577882807306905e-07 , std 0.00013716474976274346 
2023-04-20 16:30:17,792 INFO pca_3: 1.0368318736523861e-06 , std 8.610512568180228e-05 
2023-04-20 16:30:17,792 INFO pca_4: -5.811573146277536e-07 , std 7.26203175122426e-05 
2023-04-20 16:30:17,792 INFO pca_5: 5.500792630885972e-07 , std 6.125815359861099e-05 
2023-04-20 16:30:17,792 INFO t_intercept: 0.10451228879719712 , std 3.3883692712497777 
2023-04-20 16:30:17,792 INFO t_pca_1: -1.8789505767086176 , std 27.98935055028719 
2023-04-20 16:30:17,792 INFO t_pca_2: -0.06803426682463594 , std 33.00283483043681 
2023-04-20 16:30:17,792 INFO t_pca_3: 0.268585692916755 , std 13.93351182464651 
2023-04-20 16:30:17,792 INFO t_pca_4: -0.009976694217270364 , std 9.091679115716758 
2023-04-20 16:30:17,792 INFO t_pca_5: 0.08396534588061626 , std 6.35081775634372 
2023-04-20 16:30:17,792 INFO p_intercept: 0.21720570758634156 , std 0.2939942806546017 
2023-04-20 16:30:17,792 INFO p_pca_1: 0.007510396692114763 , std 0.06308229097012796 
2023-04-20 16:30:17,792 INFO p_pca_2: 0.02035095125606812 , std 0.10896304186953286 
2023-04-20 16:30:17,792 INFO p_pca_3: 0.06284770667540882 , std 0.183049591044206 
2023-04-20 16:30:17,792 INFO p_pca_4: 0.0930137425917701 , std 0.21655719235875834 
2023-04-20 16:30:17,792 INFO p_pca_5: 0.11565396930127292 , std 0.23266947207196817 
2023-04-20 16:30:17,792 INFO pca_explained_1: 0.5661151606208592 , std 0.10090722071725881 
2023-04-20 16:30:17,792 INFO pca_explained_2: 0.7199766085521198 , std 0.08261683455561904 
2023-04-20 16:30:17,792 INFO pca_explained_3: 0.7958074365576026 , std 0.0682014953507717 
2023-04-20 16:30:17,792 INFO pca_explained_4: 0.8445850000455183 , std 0.05553302217304143 
2023-04-20 16:30:17,792 INFO pca_explained_5: 0.8789586586979361 , std 0.045040626171513824 
