2023-05-09 04:35:30,377 INFO Starting...
2023-05-09 04:35:30,377 INFO Tickers: ['AMT']
2023-05-09 04:35:44,870 INFO in_r2: -0.07033374894316817 , std 0.09370491954536708 
2023-05-09 04:35:44,870 INFO os_r2: -0.08297115442797182 , std 0.03304918549457614 
2023-05-09 04:35:44,870 INFO intercept: 7.11809081373055e-07 , std 8.779272946918211e-05 
2023-05-09 04:35:44,870 INFO ofi_1_1: -9.354239719442323e-07 , std 8.284005188905646e-05 
2023-05-09 04:35:44,870 INFO ofi_1_2: -4.047579957836783e-06 , std 7.820737620518433e-05 
2023-05-09 04:35:44,870 INFO ofi_1_3: -5.660809831588939e-06 , std 5.52521359431969e-05 
2023-05-09 04:35:44,870 INFO used_intercept: 0.9846784763418321 , std 0.12282823197848329 
2023-05-09 04:35:44,870 INFO used_ofi_1_1: 0.18374411457120285 , std 0.3872753735156 
2023-05-09 04:35:44,870 INFO used_ofi_1_2: 0.20335383814442876 , std 0.4024935461052242 
2023-05-09 04:35:44,870 INFO used_ofi_1_3: 0.25267042055413225 , std 0.4345435296159985 
2023-05-09 04:35:45,543 INFO Grouping by horizont:
2023-05-09 04:35:45,543 INFO 1: 0.18374411457120285
2023-05-09 04:35:45,543 INFO 2: 0.20335383814442876
2023-05-09 04:35:45,543 INFO 3: 0.25267042055413225
2023-05-09 04:35:45,543 INFO Grouping by level:
2023-05-09 04:35:45,543 INFO 1: 0.6397683732697639
2023-05-09 04:35:45,543 INFO Grouping by level and horizont:
2023-05-09 04:35:45,543 INFO 1_1: 0.18374411457120285
2023-05-09 04:35:45,544 INFO 1_2: 0.20335383814442876
2023-05-09 04:35:45,544 INFO 1_3: 0.25267042055413225
2023-05-09 04:35:45,545 INFO Non empty regressions: 0.3396217798541373 --- 74368 / 218973
