2023-05-09 04:20:04,246 INFO Starting...
2023-05-09 04:20:04,246 INFO Tickers: ['AMZN']
2023-05-09 04:20:18,820 INFO in_r2: -0.07391051452367028 , std 0.09004256590231234 
2023-05-09 04:20:18,820 INFO os_r2: -0.0857562326849531 , std 0.03664771406849853 
2023-05-09 04:20:18,820 INFO intercept: -1.2946289894482713e-06 , std 0.0001221724070729245 
2023-05-09 04:20:18,820 INFO ofi_1_1: 1.9087608099274226e-06 , std 2.9973856987883895e-05 
2023-05-09 04:20:18,820 INFO ofi_1_2: -9.94823546771797e-07 , std 2.808963115234817e-05 
2023-05-09 04:20:18,820 INFO ofi_1_3: -2.5946364839326692e-06 , std 2.0156698473321073e-05 
2023-05-09 04:20:18,820 INFO used_intercept: 0.9851077530106451 , std 0.12112170725746442 
2023-05-09 04:20:18,820 INFO used_ofi_1_1: 0.16606156923456317 , std 0.37213589514842227 
2023-05-09 04:20:18,820 INFO used_ofi_1_2: 0.18874473108556764 , std 0.39130570858729413 
2023-05-09 04:20:18,820 INFO used_ofi_1_3: 0.25198997136633283 , std 0.43415553169011645 
2023-05-09 04:20:19,486 INFO Grouping by horizont:
2023-05-09 04:20:19,486 INFO 1: 0.16606156923456317
2023-05-09 04:20:19,486 INFO 2: 0.18874473108556764
2023-05-09 04:20:19,486 INFO 3: 0.25198997136633283
2023-05-09 04:20:19,486 INFO Grouping by level:
2023-05-09 04:20:19,486 INFO 1: 0.6067962716864637
2023-05-09 04:20:19,486 INFO Grouping by level and horizont:
2023-05-09 04:20:19,486 INFO 1_1: 0.16606156923456317
2023-05-09 04:20:19,486 INFO 1_2: 0.18874473108556764
2023-05-09 04:20:19,487 INFO 1_3: 0.25198997136633283
2023-05-09 04:20:19,488 INFO Non empty regressions: 0.3283007494074612 --- 71889 / 218973
