2023-05-09 04:41:24,190 INFO Starting...
2023-05-09 04:41:24,190 INFO Tickers: ['D']
2023-05-09 04:41:38,588 INFO in_r2: -0.07124759029221264 , std 0.09179519966427228 
2023-05-09 04:41:38,588 INFO os_r2: -0.0815646795029807 , std 0.08389457402244081 
2023-05-09 04:41:38,588 INFO intercept: 7.713141902751477e-07 , std 7.615904126552481e-05 
2023-05-09 04:41:38,588 INFO ofi_1_1: -7.342454216260675e-07 , std 8.86428788838573e-05 
2023-05-09 04:41:38,588 INFO ofi_1_2: -4.04610990130084e-06 , std 8.464878572274893e-05 
2023-05-09 04:41:38,588 INFO ofi_1_3: -8.097611349946809e-06 , std 6.624437593906789e-05 
2023-05-09 04:41:38,588 INFO used_intercept: 0.9841121964808447 , std 0.12504151797899782 
2023-05-09 04:41:38,588 INFO used_ofi_1_1: 0.17742370063889154 , std 0.3820268722099173 
2023-05-09 04:41:38,588 INFO used_ofi_1_2: 0.19725262931959647 , std 0.39792465310169256 
2023-05-09 04:41:38,588 INFO used_ofi_1_3: 0.2537344786800199 , std 0.4351474382424863 
2023-05-09 04:41:39,254 INFO Grouping by horizont:
2023-05-09 04:41:39,254 INFO 1: 0.17742370063889154
2023-05-09 04:41:39,254 INFO 2: 0.19725262931959647
2023-05-09 04:41:39,254 INFO 3: 0.2537344786800199
2023-05-09 04:41:39,254 INFO Grouping by level:
2023-05-09 04:41:39,254 INFO 1: 0.6284108086385078
2023-05-09 04:41:39,254 INFO Grouping by level and horizont:
2023-05-09 04:41:39,254 INFO 1_1: 0.17742370063889154
2023-05-09 04:41:39,254 INFO 1_2: 0.19725262931959647
2023-05-09 04:41:39,254 INFO 1_3: 0.2537344786800199
2023-05-09 04:41:39,256 INFO Non empty regressions: 0.3346348636589899 --- 73276 / 218973
