2023-05-09 04:36:55,493 INFO Starting...
2023-05-09 04:36:55,493 INFO Tickers: ['FIS']
2023-05-09 04:37:09,922 INFO in_r2: -0.06973789901238897 , std 0.09448651984309621 
2023-05-09 04:37:09,922 INFO os_r2: -0.0836138626031483 , std 0.04365586464073207 
2023-05-09 04:37:09,922 INFO intercept: 8.682434663218465e-07 , std 8.15778866189493e-05 
2023-05-09 04:37:09,922 INFO ofi_1_1: -1.8392861206532527e-06 , std 0.00010229188149635688 
2023-05-09 04:37:09,922 INFO ofi_1_2: -5.585738749575234e-06 , std 9.809309048035944e-05 
2023-05-09 04:37:09,923 INFO ofi_1_3: -7.007499581165935e-06 , std 7.321958644688741e-05 
2023-05-09 04:37:09,923 INFO used_intercept: 0.9832244804749943 , std 0.12842936373614822 
2023-05-09 04:37:09,923 INFO used_ofi_1_1: 0.18513815939712264 , std 0.3884096050977218 
2023-05-09 04:37:09,923 INFO used_ofi_1_2: 0.20354418817081527 , std 0.40263376861944783 
2023-05-09 04:37:09,923 INFO used_ofi_1_3: 0.255126741265129 , std 0.4359324341644757 
2023-05-09 04:37:10,593 INFO Grouping by horizont:
2023-05-09 04:37:10,593 INFO 1: 0.18513815939712264
2023-05-09 04:37:10,593 INFO 2: 0.20354418817081527
2023-05-09 04:37:10,593 INFO 3: 0.255126741265129
2023-05-09 04:37:10,593 INFO Grouping by level:
2023-05-09 04:37:10,593 INFO 1: 0.643809088833067
2023-05-09 04:37:10,593 INFO Grouping by level and horizont:
2023-05-09 04:37:10,593 INFO 1_1: 0.18513815939712264
2023-05-09 04:37:10,593 INFO 1_2: 0.20354418817081527
2023-05-09 04:37:10,593 INFO 1_3: 0.255126741265129
2023-05-09 04:37:10,594 INFO Non empty regressions: 0.34219684859556976 --- 74924 / 218950
