2023-05-09 04:38:42,427 INFO Starting...
2023-05-09 04:38:42,427 INFO Tickers: ['GS']
2023-05-09 04:38:56,838 INFO in_r2: -0.07276646674167953 , std 0.0909627071794376 
2023-05-09 04:38:56,838 INFO os_r2: -0.08052777346461036 , std 0.031898915837060296 
2023-05-09 04:38:56,838 INFO intercept: -9.029674937013172e-07 , std 0.00010490916737170351 
2023-05-09 04:38:56,839 INFO ofi_1_1: 2.9119405530387467e-06 , std 7.098856675220717e-05 
2023-05-09 04:38:56,839 INFO ofi_1_2: -2.6677733921928695e-06 , std 6.697963704375691e-05 
2023-05-09 04:38:56,839 INFO ofi_1_3: -4.528031673960268e-06 , std 4.979204719547456e-05 
2023-05-09 04:38:56,839 INFO used_intercept: 0.9871445338009709 , std 0.11265080198487147 
2023-05-09 04:38:56,839 INFO used_ofi_1_1: 0.1716649997944952 , std 0.37708901819073326 
2023-05-09 04:38:56,839 INFO used_ofi_1_2: 0.19144369397140287 , std 0.39343742324540854 
2023-05-09 04:38:56,839 INFO used_ofi_1_3: 0.24840048773136414 , std 0.43208527564149246 
2023-05-09 04:38:57,504 INFO Grouping by horizont:
2023-05-09 04:38:57,505 INFO 1: 0.1716649997944952
2023-05-09 04:38:57,505 INFO 2: 0.19144369397140287
2023-05-09 04:38:57,505 INFO 3: 0.24840048773136414
2023-05-09 04:38:57,505 INFO Grouping by level:
2023-05-09 04:38:57,505 INFO 1: 0.6115091814972622
2023-05-09 04:38:57,505 INFO Grouping by level and horizont:
2023-05-09 04:38:57,505 INFO 1_1: 0.1716649997944952
2023-05-09 04:38:57,505 INFO 1_2: 0.19144369397140287
2023-05-09 04:38:57,505 INFO 1_3: 0.24840048773136414
2023-05-09 04:38:57,506 INFO Non empty regressions: 0.3288578957223037 --- 72011 / 218973
