2023-05-09 04:32:37,912 INFO Starting...
2023-05-09 04:32:37,912 INFO Tickers: ['IBM']
2023-05-09 04:32:52,302 INFO in_r2: -0.07362266483276952 , std 0.09003770040829413 
2023-05-09 04:32:52,302 INFO os_r2: -0.0817293746291736 , std 0.04021642622777034 
2023-05-09 04:32:52,302 INFO intercept: -1.389497589939278e-06 , std 7.792835024527476e-05 
2023-05-09 04:32:52,302 INFO ofi_1_1: 2.6256020748505075e-06 , std 7.245859859805013e-05 
2023-05-09 04:32:52,302 INFO ofi_1_2: -4.351790103647168e-06 , std 6.785817986431684e-05 
2023-05-09 04:32:52,302 INFO ofi_1_3: -5.3763574780852725e-06 , std 5.085346066444124e-05 
2023-05-09 04:32:52,302 INFO used_intercept: 0.9810615920684286 , std 0.13630753697645945 
2023-05-09 04:32:52,303 INFO used_ofi_1_1: 0.1712311563526097 , std 0.3767108273553573 
2023-05-09 04:32:52,303 INFO used_ofi_1_2: 0.1931699341928 , std 0.39478514500516515 
2023-05-09 04:32:52,303 INFO used_ofi_1_3: 0.24518547948833874 , std 0.4301971177686017 
2023-05-09 04:32:52,974 INFO Grouping by horizont:
2023-05-09 04:32:52,974 INFO 1: 0.1712311563526097
2023-05-09 04:32:52,974 INFO 2: 0.1931699341928
2023-05-09 04:32:52,974 INFO 3: 0.24518547948833874
2023-05-09 04:32:52,974 INFO Grouping by level:
2023-05-09 04:32:52,974 INFO 1: 0.6095865700337484
2023-05-09 04:32:52,974 INFO Grouping by level and horizont:
2023-05-09 04:32:52,974 INFO 1_1: 0.1712311563526097
2023-05-09 04:32:52,974 INFO 1_2: 0.1931699341928
2023-05-09 04:32:52,974 INFO 1_3: 0.24518547948833874
2023-05-09 04:32:52,976 INFO Non empty regressions: 0.32551045106017634 --- 71278 / 218973
