2023-05-09 04:21:35,426 INFO Starting...
2023-05-09 04:21:35,426 INFO Tickers: ['JNJ']
2023-05-09 04:21:49,828 INFO in_r2: -0.07019966599850642 , std 0.09392762482564976 
2023-05-09 04:21:49,828 INFO os_r2: -0.08342981371503032 , std 0.05297301762998744 
2023-05-09 04:21:49,828 INFO intercept: 1.1618207315830085e-06 , std 7.97857120613259e-05 
2023-05-09 04:21:49,828 INFO ofi_1_1: 3.4616567430956747e-07 , std 7.111836646769727e-05 
2023-05-09 04:21:49,828 INFO ofi_1_2: -4.774995416955606e-06 , std 6.719065905048146e-05 
2023-05-09 04:21:49,828 INFO ofi_1_3: -6.282732908196975e-06 , std 5.120388527446829e-05 
2023-05-09 04:21:49,828 INFO used_intercept: 0.9802076055038749 , std 0.13928623627708103 
2023-05-09 04:21:49,828 INFO used_ofi_1_1: 0.1772821306736447 , std 0.3819072882486762 
2023-05-09 04:21:49,828 INFO used_ofi_1_2: 0.19917067401003777 , std 0.39937666008972666 
2023-05-09 04:21:49,828 INFO used_ofi_1_3: 0.25387604864526675 , std 0.4352275273572812 
2023-05-09 04:21:50,491 INFO Grouping by horizont:
2023-05-09 04:21:50,491 INFO 1: 0.1772821306736447
2023-05-09 04:21:50,491 INFO 2: 0.19917067401003777
2023-05-09 04:21:50,491 INFO 3: 0.25387604864526675
2023-05-09 04:21:50,491 INFO Grouping by level:
2023-05-09 04:21:50,492 INFO 1: 0.6303288533289493
2023-05-09 04:21:50,492 INFO Grouping by level and horizont:
2023-05-09 04:21:50,492 INFO 1_1: 0.1772821306736447
2023-05-09 04:21:50,492 INFO 1_2: 0.19917067401003777
2023-05-09 04:21:50,492 INFO 1_3: 0.25387604864526675
2023-05-09 04:21:50,493 INFO Non empty regressions: 0.33641133838418436 --- 73665 / 218973
