2023-05-09 04:19:32,862 INFO Experiment: individual_future
2023-05-09 04:19:49,230 INFO AAPL --- INS : -0.07426356780005497 --- OOS : -0.08658023814138281
2023-05-09 04:20:04,244 INFO MSFT --- INS : -0.07316371437238986 --- OOS : -0.08095849385771589
2023-05-09 04:20:19,488 INFO AMZN --- INS : -0.07391051452367028 --- OOS : -0.0857562326849531
2023-05-09 04:20:34,529 INFO FB --- INS : -0.07366905801262147 --- OOS : -0.08383971222370422
2023-05-09 04:20:49,720 INFO BRK.B --- INS : -0.07257578948320023 --- OOS : -0.08405064763459429
2023-05-09 04:21:04,846 INFO JPM --- INS : -0.07310714031082123 --- OOS : -0.08123572008728175
2023-05-09 04:21:20,111 INFO GOOG --- INS : -0.07401677797094551 --- OOS : -0.0917762222288269
2023-05-09 04:21:35,425 INFO GOOGL --- INS : -0.07344412806282569 --- OOS : -0.08612413784457601
2023-05-09 04:21:50,493 INFO JNJ --- INS : -0.07019966599850642 --- OOS : -0.08342981371503032
2023-05-09 04:22:05,581 INFO V --- INS : -0.07137891061912549 --- OOS : -0.07988867358123558
2023-05-09 04:22:20,647 INFO PG --- INS : -0.07018748785650078 --- OOS : -0.08069013454900956
2023-05-09 04:22:35,818 INFO XOM --- INS : -0.07192663434655937 --- OOS : -0.07938232623812626
2023-05-09 04:22:50,946 INFO BAC --- INS : -0.07531218421375284 --- OOS : -0.08247374676767717
2023-05-09 04:23:06,062 INFO T --- INS : -0.072582716802784 --- OOS : -0.08440338279652371
2023-05-09 04:23:21,252 INFO UNH --- INS : -0.07150427883777001 --- OOS : -0.08047178721861908
2023-05-09 04:23:36,338 INFO DIS --- INS : -0.07127120219618621 --- OOS : -0.08152007718034206
2023-05-09 04:23:51,405 INFO MA --- INS : -0.07145637210149874 --- OOS : -0.07936249797542896
2023-05-09 04:24:06,529 INFO INTC --- INS : -0.0716476263096378 --- OOS : -0.0832617982361927
2023-05-09 04:24:21,568 INFO VZ --- INS : -0.06989699147638266 --- OOS : -0.08289218619509031
2023-05-09 04:24:36,637 INFO HD --- INS : -0.07155941286309807 --- OOS : -0.08136673107515738
2023-05-09 04:24:51,728 INFO MRK --- INS : -0.07044125991807386 --- OOS : -0.0796805691182449
2023-05-09 04:25:06,924 INFO CVX --- INS : -0.07220223823212261 --- OOS : -0.08123718803020553
2023-05-09 04:25:22,068 INFO WFC --- INS : -0.07189849106725246 --- OOS : -0.08115265222770869
2023-05-09 04:25:37,200 INFO PFE --- INS : -0.07254561232641388 --- OOS : -0.08409186692142753
2023-05-09 04:25:52,267 INFO KO --- INS : -0.07306071087679869 --- OOS : -0.07941771020231786
2023-05-09 04:26:07,607 INFO CMCSA --- INS : -0.07101231298726025 --- OOS : -0.07916119369954834
2023-05-09 04:26:22,875 INFO CSCO --- INS : -0.07396037260257661 --- OOS : -0.0793719277981698
2023-05-09 04:26:37,988 INFO PEP --- INS : -0.07083997692394049 --- OOS : -0.07929750600186417
2023-05-09 04:26:53,279 INFO BA --- INS : -0.07206184751297785 --- OOS : -0.08384333710138504
2023-05-09 04:27:08,353 INFO C --- INS : -0.07458999188888694 --- OOS : -0.08458514318172751
2023-05-09 04:27:23,518 INFO WMT --- INS : -0.07025172859277645 --- OOS : -0.08079360621721332
2023-05-09 04:27:35,245 INFO ADBE --- INS : -0.07320982988801067 --- OOS : -0.08068506104369184
2023-05-09 04:27:50,275 INFO MDT --- INS : -0.07116869882490758 --- OOS : -0.08338171976182926
2023-05-09 04:28:05,322 INFO ABT --- INS : -0.0723031101108312 --- OOS : -0.08169418137506558
2023-05-09 04:28:20,428 INFO MCD --- INS : -0.07042296023525398 --- OOS : -0.08493292411938139
2023-05-09 04:28:35,564 INFO BMY --- INS : -0.07159612821006142 --- OOS : -0.08089534785561289
2023-05-09 04:28:50,795 INFO AMGN --- INS : -0.07177129195870574 --- OOS : -0.08112612759247814
2023-05-09 04:29:05,877 INFO CRM --- INS : -0.07197090535416319 --- OOS : -0.08133571836123059
2023-05-09 04:29:21,050 INFO NVDA --- INS : -0.0754065925486929 --- OOS : -0.08292754287332707
2023-05-09 04:29:36,145 INFO PM --- INS : -0.06894740209960216 --- OOS : -0.09946676469680937
2023-05-09 04:29:51,326 INFO NFLX --- INS : -0.0741061424656729 --- OOS : -0.0835325048052617
2023-05-09 04:30:06,468 INFO ABBV --- INS : -0.07019779355840658 --- OOS : -0.08274337336833994
2023-05-09 04:30:21,578 INFO ACN --- INS : -0.07231414994589141 --- OOS : -0.0805390746309078
2023-05-09 04:30:36,822 INFO COST --- INS : -0.07066098360635929 --- OOS : -0.08177817585621285
2023-05-09 04:30:51,918 INFO PYPL --- INS : -0.07144023693630333 --- OOS : -0.08025345552653974
2023-05-09 04:31:07,038 INFO TMO --- INS : -0.07170996404163067 --- OOS : -0.08185417973761826
2023-05-09 04:31:22,181 INFO AVGO --- INS : -0.0709572713887004 --- OOS : -0.08278925776537892
2023-05-09 04:31:37,295 INFO HON --- INS : -0.07082155549460425 --- OOS : -0.08228960846857698
2023-05-09 04:31:52,525 INFO UNP --- INS : -0.06951649764175806 --- OOS : -0.0790917576115272
2023-05-09 04:32:07,575 INFO NKE --- INS : -0.07029451141967531 --- OOS : -0.08197031303880797
2023-05-09 04:32:22,679 INFO UTX --- INS : -0.07066077191426265 --- OOS : -0.08233590482480639
2023-05-09 04:32:37,910 INFO ORCL --- INS : -0.07210329863640602 --- OOS : -0.08119401283387034
2023-05-09 04:32:52,976 INFO IBM --- INS : -0.07362266483276952 --- OOS : -0.0817293746291736
2023-05-09 04:33:08,070 INFO TXN --- INS : -0.07240067372625232 --- OOS : -0.09147966675393493
2023-05-09 04:33:23,116 INFO NEE --- INS : -0.07041264648746831 --- OOS : -0.0817726020574699
2023-05-09 04:33:29,143 INFO LIN --- INS : -0.06681329040879191 --- OOS : -0.1054063151048921
2023-05-09 04:33:44,225 INFO SBUX --- INS : -0.0705828264964967 --- OOS : -0.07887803998531563
2023-05-09 04:33:59,343 INFO LLY --- INS : -0.06897474689845015 --- OOS : -0.08279782837415928
2023-05-09 04:34:14,500 INFO QCOM --- INS : -0.07081613069751937 --- OOS : -0.08465041873717953
2023-05-09 04:34:29,726 INFO MMM --- INS : -0.07197211568109323 --- OOS : -0.08148220447906689
2023-05-09 04:34:44,832 INFO GE --- INS : -0.0760228108101046 --- OOS : -0.08170661786682076
2023-05-09 04:34:59,975 INFO CVS --- INS : -0.0702116361583224 --- OOS : -0.08138923565583224
2023-05-09 04:35:15,244 INFO DHR --- INS : -0.07095884145378671 --- OOS : -0.08135627887205539
2023-05-09 04:35:30,375 INFO LMT --- INS : -0.07119627138523589 --- OOS : -0.08047302440463058
2023-05-09 04:35:45,545 INFO AMT --- INS : -0.07033374894316817 --- OOS : -0.08297115442797182
2023-05-09 04:36:00,565 INFO MO --- INS : -0.06956827594398722 --- OOS : -0.08611991393497385
2023-05-09 04:36:15,649 INFO LOW --- INS : -0.07101102590727616 --- OOS : -0.08148856259621708
2023-05-09 04:36:30,814 INFO USB --- INS : -0.07362595123058688 --- OOS : -0.08164812651401573
2023-05-09 04:36:40,378 INFO BKNG --- INS : -0.07331899824397597 --- OOS : -0.09851551036752415
2023-05-09 04:36:55,492 INFO AXP --- INS : -0.07198611585286925 --- OOS : -0.08325986485456796
2023-05-09 04:37:10,594 INFO FIS --- INS : -0.06973789901238897 --- OOS : -0.0836138626031483
2023-05-09 04:37:25,610 INFO GILD --- INS : -0.0713944404947314 --- OOS : -0.0822822638449065
2023-05-09 04:37:40,655 INFO UPS --- INS : -0.07001207883507393 --- OOS : -0.08196650554364644
2023-05-09 04:37:55,738 INFO CAT --- INS : -0.0715971544873451 --- OOS : -0.08278902522708687
2023-05-09 04:38:10,674 INFO MDLZ --- INS : -0.07162564306745832 --- OOS : -0.07781358398132904
2023-05-09 04:38:26,038 INFO CHTR --- INS : -0.07185676242239625 --- OOS : -0.0853623434821585
2023-05-09 04:38:27,083 INFO TFC --- INS : -0.06490008759265917 --- OOS : -0.07840951236052711
2023-05-09 04:38:42,425 INFO ANTM --- INS : -0.07218755213721774 --- OOS : -0.08551516913536647
2023-05-09 04:38:57,506 INFO GS --- INS : -0.07276646674167953 --- OOS : -0.08052777346461036
2023-05-09 04:39:12,775 INFO CI --- INS : -0.06935618824818983 --- OOS : -0.08766654542298905
2023-05-09 04:39:27,811 INFO TJX --- INS : -0.07136435072718016 --- OOS : -0.07890147437110577
2023-05-09 04:39:43,015 INFO ADP --- INS : -0.07281529116988347 --- OOS : -0.08172238813351958
2023-05-09 04:39:58,091 INFO BDX --- INS : -0.07264292846408855 --- OOS : -0.08194475582511697
2023-05-09 04:40:13,178 INFO CME --- INS : -0.07277218374162724 --- OOS : -0.0799852292507004
2023-05-09 04:40:28,299 INFO CB --- INS : -0.07176698944373697 --- OOS : -0.0788931513233786
2023-05-09 04:40:43,463 INFO PNC --- INS : -0.07390190314666109 --- OOS : -0.07968442723680993
2023-05-09 04:40:53,743 INFO COP --- INS : -0.07278324492293467 --- OOS : -0.08008576391029204
2023-05-09 04:41:08,925 INFO INTU --- INS : -0.07314156838209926 --- OOS : -0.0851969587762963
2023-05-09 04:41:24,188 INFO ISRG --- INS : -0.07206433207211609 --- OOS : -0.09063770131361386
2023-05-09 04:41:39,256 INFO D --- INS : -0.07124759029221264 --- OOS : -0.0815646795029807
2023-05-09 04:41:54,346 INFO SPGI --- INS : -0.07206950167481097 --- OOS : -0.08171150220203273
2023-05-09 04:42:09,451 INFO FISV --- INS : -0.07253720797448264 --- OOS : -0.08170252499984264
2023-05-09 04:42:24,504 INFO DUK --- INS : -0.07140045804374213 --- OOS : -0.07936013808597019
2023-05-09 04:42:39,705 INFO SYK --- INS : -0.0731961385870971 --- OOS : -0.08385197949934833
2023-05-09 04:42:54,934 INFO SO --- INS : -0.07039996322724883 --- OOS : -0.07782209691027711
2023-05-09 04:43:10,122 INFO TGT --- INS : -0.07109593780155332 --- OOS : -0.08081611865839808
2023-05-09 04:43:25,295 INFO MS --- INS : -0.0736884871512501 --- OOS : -0.0803786707537308
2023-05-09 04:43:40,544 INFO BSX --- INS : -0.07297865009205971 --- OOS : -0.08267870587967964
2023-05-09 04:43:50,838 INFO AGN --- INS : -0.07081626018666089 --- OOS : -0.08235454961282637
2023-05-09 04:44:06,026 INFO RTN --- INS : -0.07198179629787119 --- OOS : -0.08384276069448231
2023-05-09 04:44:07,205 INFO in_r2: -0.07184595759060908 , std 0.09183807349033843 
2023-05-09 04:44:07,205 INFO os_r2: -0.08260242597074144 , std 0.07297918706419805 
2023-05-09 04:44:07,205 INFO intercept: 2.0584089025867989e-07 , std 9.945349285954731e-05 
2023-05-09 04:44:07,205 INFO ofi_1_1: 2.454737771556393e-06 , std 8.493903819836072e-05 
2023-05-09 04:44:07,205 INFO ofi_1_2: -4.349205698918029e-06 , std 7.998289467658586e-05 
2023-05-09 04:44:07,205 INFO ofi_1_3: -6.142846995394482e-06 , std 5.928141879517108e-05 
2023-05-09 04:44:07,205 INFO used_intercept: 0.9831193739087495 , std 0.1288241846627329 
2023-05-09 04:44:07,205 INFO used_ofi_1_1: 0.17749142901447498 , std 0.38208405049265504 
2023-05-09 04:44:07,205 INFO used_ofi_1_2: 0.1986871873505088 , std 0.39901201602615016 
2023-05-09 04:44:07,205 INFO used_ofi_1_3: 0.25124603442545884 , std 0.43372971377453473 
2023-05-09 04:44:07,205 INFO Grouping by horizont:
2023-05-09 04:44:07,205 INFO 1: 0.17749142901447498
2023-05-09 04:44:07,205 INFO 2: 0.1986871873505088
2023-05-09 04:44:07,205 INFO 3: 0.25124603442545884
2023-05-09 04:44:07,205 INFO Grouping by level:
2023-05-09 04:44:07,205 INFO 1: 0.6274246507904426
2023-05-09 04:44:07,205 INFO Grouping by level and horizont:
2023-05-09 04:44:07,205 INFO 1_1: 0.17749142901447498
2023-05-09 04:44:07,205 INFO 1_2: 0.1986871873505088
2023-05-09 04:44:07,205 INFO 1_3: 0.25124603442545884
2023-05-09 04:44:07,322 INFO Non empty regressions: 0.3343148236177933 --- 7106006 / 21255432
