2023-05-09 04:28:05,323 INFO Starting...
2023-05-09 04:28:05,323 INFO Tickers: ['MCD']
2023-05-09 04:28:19,765 INFO in_r2: -0.07042296023525398 , std 0.09313798538097662 
2023-05-09 04:28:19,766 INFO os_r2: -0.08493292411938139 , std 0.037609346518977634 
2023-05-09 04:28:19,766 INFO intercept: -4.314827891714878e-07 , std 7.110370333195882e-05 
2023-05-09 04:28:19,766 INFO ofi_1_1: 1.4419561800514604e-06 , std 6.626678975419549e-05 
2023-05-09 04:28:19,766 INFO ofi_1_2: -3.6960281943899636e-06 , std 6.269457680804266e-05 
2023-05-09 04:28:19,766 INFO ofi_1_3: -5.427125088382805e-06 , std 4.7623625473875765e-05 
2023-05-09 04:28:19,766 INFO used_intercept: 0.9810747460717076 , std 0.13626110483935625 
2023-05-09 04:28:19,766 INFO used_ofi_1_1: 0.18005948981316908 , std 0.38423699710125564 
2023-05-09 04:28:19,766 INFO used_ofi_1_2: 0.20240700718721014 , std 0.4017939902844825 
2023-05-09 04:28:19,766 INFO used_ofi_1_3: 0.25515738299651375 , std 0.43594964491198307 
2023-05-09 04:28:20,426 INFO Grouping by horizont:
2023-05-09 04:28:20,426 INFO 1: 0.18005948981316908
2023-05-09 04:28:20,426 INFO 2: 0.20240700718721014
2023-05-09 04:28:20,426 INFO 3: 0.25515738299651375
2023-05-09 04:28:20,426 INFO Grouping by level:
2023-05-09 04:28:20,426 INFO 1: 0.637623879996893
2023-05-09 04:28:20,426 INFO Grouping by level and horizont:
2023-05-09 04:28:20,426 INFO 1_1: 0.18005948981316908
2023-05-09 04:28:20,426 INFO 1_2: 0.20240700718721014
2023-05-09 04:28:20,426 INFO 1_3: 0.25515738299651375
2023-05-09 04:28:20,428 INFO Non empty regressions: 0.34060887960851866 --- 74546 / 218861
