2023-05-09 04:43:10,124 INFO Starting...
2023-05-09 04:43:10,124 INFO Tickers: ['MS']
2023-05-09 04:43:24,630 INFO in_r2: -0.0736884871512501 , std 0.08864159294745393 
2023-05-09 04:43:24,630 INFO os_r2: -0.0803786707537308 , std 0.04492730224956241 
2023-05-09 04:43:24,630 INFO intercept: -8.483790426668487e-07 , std 0.00011391466584578188 
2023-05-09 04:43:24,630 INFO ofi_1_1: 5.124538839585164e-06 , std 9.541731986819282e-05 
2023-05-09 04:43:24,631 INFO ofi_1_2: -5.687050720614399e-06 , std 9.021636793776528e-05 
2023-05-09 04:43:24,631 INFO ofi_1_3: -8.664132944776451e-06 , std 6.852285358217516e-05 
2023-05-09 04:43:24,631 INFO used_intercept: 0.9843496686806136 , std 0.12411848552483971 
2023-05-09 04:43:24,631 INFO used_ofi_1_1: 0.17285236079333982 , std 0.3781195871169713 
2023-05-09 04:43:24,631 INFO used_ofi_1_2: 0.19314710032743762 , std 0.3947673972892649 
2023-05-09 04:43:24,631 INFO used_ofi_1_3: 0.24516721239604883 , std 0.43018629727363417 
2023-05-09 04:43:25,293 INFO Grouping by horizont:
2023-05-09 04:43:25,293 INFO 1: 0.17285236079333982
2023-05-09 04:43:25,293 INFO 2: 0.19314710032743762
2023-05-09 04:43:25,293 INFO 3: 0.24516721239604883
2023-05-09 04:43:25,293 INFO Grouping by level:
2023-05-09 04:43:25,293 INFO 1: 0.6111666735168262
2023-05-09 04:43:25,293 INFO Grouping by level and horizont:
2023-05-09 04:43:25,293 INFO 1_1: 0.17285236079333982
2023-05-09 04:43:25,293 INFO 1_2: 0.19314710032743762
2023-05-09 04:43:25,293 INFO 1_3: 0.24516721239604883
2023-05-09 04:43:25,294 INFO Non empty regressions: 0.32615436606339593 --- 71419 / 218973
