2023-05-09 04:19:49,232 INFO Starting...
2023-05-09 04:19:49,232 INFO Tickers: ['MSFT']
2023-05-09 04:20:03,583 INFO in_r2: -0.07316371437238986 , std 0.09032108807080251 
2023-05-09 04:20:03,583 INFO os_r2: -0.08095849385771589 , std 0.03788035672687387 
2023-05-09 04:20:03,583 INFO intercept: -1.0443173740026826e-06 , std 9.788763636852032e-05 
2023-05-09 04:20:03,583 INFO ofi_1_1: 3.7165917349742785e-06 , std 5.9398637422490695e-05 
2023-05-09 04:20:03,583 INFO ofi_1_2: -4.337094949534894e-06 , std 5.4864511557917624e-05 
2023-05-09 04:20:03,583 INFO ofi_1_3: -6.091212746316241e-06 , std 4.239670663698389e-05 
2023-05-09 04:20:03,583 INFO used_intercept: 0.9846510757033973 , std 0.122936303911985 
2023-05-09 04:20:03,583 INFO used_ofi_1_1: 0.17291629561635452 , std 0.37817489383441627 
2023-05-09 04:20:03,583 INFO used_ofi_1_2: 0.19380471564987464 , std 0.39527768447225287 
2023-05-09 04:20:03,584 INFO used_ofi_1_3: 0.2489348001808442 , std 0.4323959590927826 
2023-05-09 04:20:04,243 INFO Grouping by horizont:
2023-05-09 04:20:04,243 INFO 1: 0.17291629561635452
2023-05-09 04:20:04,243 INFO 2: 0.19380471564987464
2023-05-09 04:20:04,243 INFO 3: 0.2489348001808442
2023-05-09 04:20:04,243 INFO Grouping by level:
2023-05-09 04:20:04,243 INFO 1: 0.6156558114470734
2023-05-09 04:20:04,243 INFO Grouping by level and horizont:
2023-05-09 04:20:04,243 INFO 1_1: 0.17291629561635452
2023-05-09 04:20:04,243 INFO 1_2: 0.19380471564987464
2023-05-09 04:20:04,243 INFO 1_3: 0.2489348001808442
2023-05-09 04:20:04,244 INFO Non empty regressions: 0.3269626848972248 --- 71596 / 218973
