2023-05-09 04:29:36,146 INFO Starting...
2023-05-09 04:29:36,146 INFO Tickers: ['NFLX']
2023-05-09 04:29:50,641 INFO in_r2: -0.0741061424656729 , std 0.08893762003613637 
2023-05-09 04:29:50,641 INFO os_r2: -0.0835325048052617 , std 0.03363021652685667 
2023-05-09 04:29:50,641 INFO intercept: -1.708829064973219e-06 , std 0.0001692487035391179 
2023-05-09 04:29:50,641 INFO ofi_1_1: 3.105166607379841e-06 , std 5.217066538466483e-05 
2023-05-09 04:29:50,641 INFO ofi_1_2: -2.0958823728519357e-06 , std 4.948272775445257e-05 
2023-05-09 04:29:50,641 INFO ofi_1_3: -5.21018730781467e-06 , std 3.629550785007016e-05 
2023-05-09 04:29:50,641 INFO used_intercept: 0.9907933854858818 , std 0.0955083910622863 
2023-05-09 04:29:50,641 INFO used_ofi_1_1: 0.16807094938645403 , std 0.37392927855249586 
2023-05-09 04:29:50,641 INFO used_ofi_1_2: 0.18837482246669682 , std 0.39101118747081554 
2023-05-09 04:29:50,642 INFO used_ofi_1_3: 0.2511222844825618 , std 0.43365871687171365 
2023-05-09 04:29:51,325 INFO Grouping by horizont:
2023-05-09 04:29:51,325 INFO 1: 0.16807094938645403
2023-05-09 04:29:51,325 INFO 2: 0.18837482246669682
2023-05-09 04:29:51,325 INFO 3: 0.2511222844825618
2023-05-09 04:29:51,325 INFO Grouping by level:
2023-05-09 04:29:51,325 INFO 1: 0.6075680563357126
2023-05-09 04:29:51,325 INFO Grouping by level and horizont:
2023-05-09 04:29:51,325 INFO 1_1: 0.16807094938645403
2023-05-09 04:29:51,325 INFO 1_2: 0.18837482246669682
2023-05-09 04:29:51,325 INFO 1_3: 0.2511222844825618
2023-05-09 04:29:51,326 INFO Non empty regressions: 0.3282139807190841 --- 71870 / 218973
