2023-05-09 04:26:22,877 INFO Starting...
2023-05-09 04:26:22,877 INFO Tickers: ['PEP']
2023-05-09 04:26:37,319 INFO in_r2: -0.07083997692394049 , std 0.09288143861700562 
2023-05-09 04:26:37,319 INFO os_r2: -0.07929750600186417 , std 0.02901956517031947 
2023-05-09 04:26:37,320 INFO intercept: 5.046117223391926e-08 , std 6.770840221461682e-05 
2023-05-09 04:26:37,320 INFO ofi_1_1: 6.065663537875314e-07 , std 6.664991172164842e-05 
2023-05-09 04:26:37,320 INFO ofi_1_2: -3.2571141428420316e-06 , std 6.224650447073586e-05 
2023-05-09 04:26:37,320 INFO ofi_1_3: -5.842861546032267e-06 , std 4.7387726256893083e-05 
2023-05-09 04:26:37,320 INFO used_intercept: 0.9801528042270051 , std 0.13947503214892357 
2023-05-09 04:26:37,320 INFO used_ofi_1_1: 0.179524416252232 , std 0.38379082873555925 
2023-05-09 04:26:37,320 INFO used_ofi_1_2: 0.20066400880473848 , std 0.400497146525603 
2023-05-09 04:26:37,320 INFO used_ofi_1_3: 0.25142825827841786 , std 0.43383417248702183 
2023-05-09 04:26:37,986 INFO Grouping by horizont:
2023-05-09 04:26:37,986 INFO 1: 0.179524416252232
2023-05-09 04:26:37,986 INFO 2: 0.20066400880473848
2023-05-09 04:26:37,986 INFO 3: 0.25142825827841786
2023-05-09 04:26:37,986 INFO Grouping by level:
2023-05-09 04:26:37,986 INFO 1: 0.6316166833353883
2023-05-09 04:26:37,986 INFO Grouping by level and horizont:
2023-05-09 04:26:37,986 INFO 1_1: 0.179524416252232
2023-05-09 04:26:37,986 INFO 1_2: 0.20066400880473848
2023-05-09 04:26:37,986 INFO 1_3: 0.25142825827841786
2023-05-09 04:26:37,988 INFO Non empty regressions: 0.3347033652550771 --- 73291 / 218973
