2023-05-09 04:25:22,070 INFO Starting...
2023-05-09 04:25:22,070 INFO Tickers: ['PFE']
2023-05-09 04:25:36,525 INFO in_r2: -0.07254561232641388 , std 0.09050515463649016 
2023-05-09 04:25:36,526 INFO os_r2: -0.08409186692142753 , std 0.06802675802714585 
2023-05-09 04:25:36,526 INFO intercept: 1.2776451532117704e-06 , std 8.403033104416793e-05 
2023-05-09 04:25:36,526 INFO ofi_1_1: 6.069286307953857e-06 , std 8.822307734391453e-05 
2023-05-09 04:25:36,526 INFO ofi_1_2: -5.491500100511691e-06 , std 8.479219321180628e-05 
2023-05-09 04:25:36,526 INFO ofi_1_3: -6.960676963021904e-06 , std 6.34871572398956e-05 
2023-05-09 04:25:36,526 INFO used_intercept: 0.9727637653957337 , std 0.16277107276432026 
2023-05-09 04:25:36,526 INFO used_ofi_1_1: 0.18203157466902312 , std 0.38587054887946426 
2023-05-09 04:25:36,526 INFO used_ofi_1_2: 0.20523534865029022 , std 0.40387349543475115 
2023-05-09 04:25:36,526 INFO used_ofi_1_3: 0.2499120896183548 , std 0.4329619349099205 
2023-05-09 04:25:37,199 INFO Grouping by horizont:
2023-05-09 04:25:37,199 INFO 1: 0.18203157466902312
2023-05-09 04:25:37,199 INFO 2: 0.20523534865029022
2023-05-09 04:25:37,199 INFO 3: 0.2499120896183548
2023-05-09 04:25:37,199 INFO Grouping by level:
2023-05-09 04:25:37,199 INFO 1: 0.6371790129376681
2023-05-09 04:25:37,199 INFO Grouping by level and horizont:
2023-05-09 04:25:37,199 INFO 1_1: 0.18203157466902312
2023-05-09 04:25:37,199 INFO 1_2: 0.20523534865029022
2023-05-09 04:25:37,199 INFO 1_3: 0.2499120896183548
2023-05-09 04:25:37,200 INFO Non empty regressions: 0.3352422444776297 --- 73409 / 218973
