2023-05-09 04:29:21,052 INFO Starting...
2023-05-09 04:29:21,052 INFO Tickers: ['PM']
2023-05-09 04:29:35,482 INFO in_r2: -0.06894740209960216 , std 0.09482801130963596 
2023-05-09 04:29:35,482 INFO os_r2: -0.09946676469680937 , std 0.4852200212020465 
2023-05-09 04:29:35,482 INFO intercept: -1.5201039721175538e-07 , std 9.719288616350599e-05 
2023-05-09 04:29:35,482 INFO ofi_1_1: 1.2999025720933926e-06 , std 9.007900101598827e-05 
2023-05-09 04:29:35,482 INFO ofi_1_2: -4.395875189236824e-06 , std 8.375294823769903e-05 
2023-05-09 04:29:35,482 INFO ofi_1_3: -7.494183688262785e-06 , std 6.343697907000577e-05 
2023-05-09 04:29:35,482 INFO used_intercept: 0.9847926456686441 , std 0.12237683892631199 
2023-05-09 04:29:35,482 INFO used_ofi_1_1: 0.18647961164161792 , std 0.38949321699306816 
2023-05-09 04:29:35,482 INFO used_ofi_1_2: 0.20646381060678715 , std 0.40476722386639935 
2023-05-09 04:29:35,482 INFO used_ofi_1_3: 0.25870769455594983 , std 0.43792467769411564 
2023-05-09 04:29:36,143 INFO Grouping by horizont:
2023-05-09 04:29:36,143 INFO 1: 0.18647961164161792
2023-05-09 04:29:36,143 INFO 2: 0.20646381060678715
2023-05-09 04:29:36,143 INFO 3: 0.25870769455594983
2023-05-09 04:29:36,143 INFO Grouping by level:
2023-05-09 04:29:36,143 INFO 1: 0.6516511168043548
2023-05-09 04:29:36,143 INFO Grouping by level and horizont:
2023-05-09 04:29:36,143 INFO 1_1: 0.18647961164161792
2023-05-09 04:29:36,143 INFO 1_2: 0.20646381060678715
2023-05-09 04:29:36,143 INFO 1_3: 0.25870769455594983
2023-05-09 04:29:36,145 INFO Non empty regressions: 0.344640663460792 --- 75467 / 218973
