2023-05-09 04:42:39,707 INFO Starting...
2023-05-09 04:42:39,707 INFO Tickers: ['SO']
2023-05-09 04:42:54,263 INFO in_r2: -0.07039996322724883 , std 0.09360745481169826 
2023-05-09 04:42:54,263 INFO os_r2: -0.07782209691027711 , std 0.03441871598725463 
2023-05-09 04:42:54,263 INFO intercept: 1.642445844598352e-06 , std 7.282780763659317e-05 
2023-05-09 04:42:54,263 INFO ofi_1_1: 2.8951649557465895e-06 , std 8.809115802177703e-05 
2023-05-09 04:42:54,263 INFO ofi_1_2: -5.094444934709093e-06 , std 8.534036573171251e-05 
2023-05-09 04:42:54,263 INFO ofi_1_3: -7.854205139712346e-06 , std 6.45633703521176e-05 
2023-05-09 04:42:54,263 INFO used_intercept: 0.9758189365812223 , std 0.15361100087791468 
2023-05-09 04:42:54,263 INFO used_ofi_1_1: 0.18215487754198006 , std 0.38597212092280225 
2023-05-09 04:42:54,263 INFO used_ofi_1_2: 0.20397491928228595 , std 0.4029505572475002 
2023-05-09 04:42:54,263 INFO used_ofi_1_3: 0.25314536495367007 , std 0.43481351077921127 
2023-05-09 04:42:54,931 INFO Grouping by horizont:
2023-05-09 04:42:54,931 INFO 1: 0.18215487754198006
2023-05-09 04:42:54,932 INFO 2: 0.20397491928228595
2023-05-09 04:42:54,932 INFO 3: 0.25314536495367007
2023-05-09 04:42:54,932 INFO Grouping by level:
2023-05-09 04:42:54,932 INFO 1: 0.6392751617779361
2023-05-09 04:42:54,932 INFO Grouping by level and horizont:
2023-05-09 04:42:54,932 INFO 1_1: 0.18215487754198006
2023-05-09 04:42:54,932 INFO 1_2: 0.20397491928228595
2023-05-09 04:42:54,932 INFO 1_3: 0.25314536495367007
2023-05-09 04:42:54,934 INFO Non empty regressions: 0.3377676699867107 --- 73962 / 218973
