2023-04-21 10:02:44,856 INFO Tickers: ['ABT']
2023-04-21 10:03:47,850 INFO in_r2: 0.9577496852368269 , std 0.036998066243350364 
2023-04-21 10:03:47,851 INFO os_r2: 0.9474007648685175 , std 0.04604752157326779 
2023-04-21 10:03:47,851 INFO intercept: -1.0244566251101917e-07 , std 3.662212884830506e-06 
2023-04-21 10:03:47,851 INFO ofi_1: 5.179870940928532e-05 , std 5.377499421017967e-05 
2023-04-21 10:03:47,851 INFO ofi_2: 9.649285532013817e-05 , std 6.085639420068447e-05 
2023-04-21 10:03:47,851 INFO ofi_3: 7.883322789967001e-05 , std 5.1099306828300993e-05 
2023-04-21 10:03:47,851 INFO ofi_4: 6.410896347447679e-05 , std 4.956014311350265e-05 
2023-04-21 10:03:47,851 INFO ofi_5: 7.418696019989344e-05 , std 7.094114763135524e-05 
2023-04-21 10:03:47,851 INFO ofi_6: 0.00010328903197869376 , std 8.44204617495862e-05 
2023-04-21 10:03:47,851 INFO ofi_7: 0.00012580566447689928 , std 0.0001098938285333948 
2023-04-21 10:03:47,851 INFO ofi_8: 0.00016977864608959525 , std 0.00012924548248609537 
2023-04-21 10:03:47,851 INFO t_intercept: -0.011619716445635997 , std 1.0398790843255108 
2023-04-21 10:03:47,851 INFO t_ofi_1: 2.2590391235767493 , std 2.0512621439072447 
2023-04-21 10:03:47,851 INFO t_ofi_2: 3.379980890219738 , std 1.9593138035150728 
2023-04-21 10:03:47,851 INFO t_ofi_3: 3.1504810540637713 , std 1.9353229728792871 
2023-04-21 10:03:47,851 INFO t_ofi_4: 2.692464394724532 , std 1.836334942205453 
2023-04-21 10:03:47,851 INFO t_ofi_5: 2.6313003485292503 , std 2.2259132952246827 
2023-04-21 10:03:47,851 INFO t_ofi_6: 2.790800831375223 , std 2.157585824698749 
2023-04-21 10:03:47,851 INFO t_ofi_7: 2.6283945941910285 , std 2.049934235215553 
2023-04-21 10:03:47,851 INFO t_ofi_8: 3.326654473734178 , std 2.14802344086515 
2023-04-21 10:03:47,851 INFO p_intercept: 0.48975244440082033 , std 0.2919592352846758 
2023-04-21 10:03:47,851 INFO p_ofi_1: 0.18256354931855198 , std 0.2703642515763008 
2023-04-21 10:03:47,851 INFO p_ofi_2: 0.07646461130103241 , std 0.1789485132846833 
2023-04-21 10:03:47,851 INFO p_ofi_3: 0.09454566253988178 , std 0.20225418735902773 
2023-04-21 10:03:47,851 INFO p_ofi_4: 0.13033113784989056 , std 0.2320984059853073 
2023-04-21 10:03:47,851 INFO p_ofi_5: 0.16833423369961018 , std 0.26455061509573463 
2023-04-21 10:03:47,851 INFO p_ofi_6: 0.1409780760975695 , std 0.24259216344611811 
2023-04-21 10:03:47,851 INFO p_ofi_7: 0.14813854255221937 , std 0.24794295035161604 
2023-04-21 10:03:47,851 INFO p_ofi_8: 0.09531385500681723 , std 0.2089479870271955 
