2023-04-21 10:01:44,037 INFO Tickers: ['BA']
2023-04-21 10:01:51,148 INFO Negative OS: -0.398572853129207 --- ticker BA --- day 2017-05-10 --- time 50400
2023-04-21 10:02:04,401 INFO Negative OS: -0.4472823698028423 --- ticker BA --- day 2018-01-18 --- time 46800
2023-04-21 10:02:05,281 INFO Negative OS: -0.1405939727452845 --- ticker BA --- day 2018-02-02 --- time 43200
2023-04-21 10:02:05,971 INFO Negative OS: -0.20089708814730134 --- ticker BA --- day 2018-02-14 --- time 45000
2023-04-21 10:02:06,357 INFO Negative OS: -0.26143624603054416 --- ticker BA --- day 2018-02-22 --- time 36000
2023-04-21 10:02:14,662 INFO Negative OS: -0.7121682948871588 --- ticker BA --- day 2018-07-17 --- time 39600
2023-04-21 10:02:19,887 INFO Negative OS: -0.3738907746063347 --- ticker BA --- day 2018-10-11 --- time 41400
2023-04-21 10:02:21,440 INFO Negative OS: -0.796373135585787 --- ticker BA --- day 2018-11-06 --- time 37800
2023-04-21 10:02:25,932 INFO Negative OS: -0.10160556175032931 --- ticker BA --- day 2019-01-25 --- time 41400
2023-04-21 10:02:33,081 INFO Negative OS: -0.006090654412229224 --- ticker BA --- day 2019-05-24 --- time 43200
2023-04-21 10:02:44,851 INFO in_r2: 0.8421763270918236 , std 0.06915342116446754 
2023-04-21 10:02:44,851 INFO os_r2: 0.7985228264215084 , std 0.11286119891128855 
2023-04-21 10:02:44,851 INFO intercept: -2.415814351016095e-07 , std 1.2541114284130681e-05 
2023-04-21 10:02:44,851 INFO ofi_1: 8.976262732443747e-05 , std 7.351322668014239e-05 
2023-04-21 10:02:44,851 INFO ofi_2: 8.516897660896967e-05 , std 7.069946970798778e-05 
2023-04-21 10:02:44,851 INFO ofi_3: 5.963044846896914e-05 , std 6.588709537789242e-05 
2023-04-21 10:02:44,851 INFO ofi_4: 4.357423316740231e-05 , std 6.699925447698605e-05 
2023-04-21 10:02:44,851 INFO ofi_5: 3.375771810586865e-05 , std 6.601633316002111e-05 
2023-04-21 10:02:44,852 INFO ofi_6: 3.1118820521427024e-05 , std 6.990541051958053e-05 
2023-04-21 10:02:44,852 INFO ofi_7: 2.827214676538905e-05 , std 6.814490569470274e-05 
2023-04-21 10:02:44,852 INFO ofi_8: 5.785373496424128e-05 , std 6.607786712834901e-05 
2023-04-21 10:02:44,852 INFO t_intercept: -0.017449656958416253 , std 1.1160923440174126 
2023-04-21 10:02:44,852 INFO t_ofi_1: 2.7800838544101127 , std 1.5934373711102512 
2023-04-21 10:02:44,852 INFO t_ofi_2: 2.1914907697439756 , std 1.3782008936891177 
2023-04-21 10:02:44,852 INFO t_ofi_3: 1.4487174524826807 , std 1.3285447295516426 
2023-04-21 10:02:44,852 INFO t_ofi_4: 1.0167540380171776 , std 1.2736640975963853 
2023-04-21 10:02:44,852 INFO t_ofi_5: 0.7689582452497328 , std 1.2516710112563723 
2023-04-21 10:02:44,852 INFO t_ofi_6: 0.6666830193085932 , std 1.221309599956337 
2023-04-21 10:02:44,852 INFO t_ofi_7: 0.6129905523902016 , std 1.2253231272090253 
2023-04-21 10:02:44,852 INFO t_ofi_8: 1.5174891472949397 , std 1.4521667032041374 
2023-04-21 10:02:44,852 INFO p_intercept: 0.48765829682125855 , std 0.29832242286680966 
2023-04-21 10:02:44,852 INFO p_ofi_1: 0.10424144761045266 , std 0.2092794627429789 
2023-04-21 10:02:44,852 INFO p_ofi_2: 0.15400455469034355 , std 0.2423805525057175 
2023-04-21 10:02:44,852 INFO p_ofi_3: 0.26983519061743133 , std 0.2938582264518881 
2023-04-21 10:02:44,852 INFO p_ofi_4: 0.3384920194031696 , std 0.301983174944501 
2023-04-21 10:02:44,852 INFO p_ofi_5: 0.3776652099858364 , std 0.30616887630269096 
2023-04-21 10:02:44,852 INFO p_ofi_6: 0.3981369860703478 , std 0.30422565259790235 
2023-04-21 10:02:44,852 INFO p_ofi_7: 0.4042257784778998 , std 0.3054917550617052 
2023-04-21 10:02:44,852 INFO p_ofi_8: 0.2617194943511387 , std 0.29312984029801203 
