2023-04-21 10:02:45,299 INFO Tickers: ['BMY']
2023-04-21 10:03:12,192 INFO Negative OS: -2.29921562554678 --- ticker BMY --- day 2018-04-17 --- time 48600
2023-04-21 10:03:12,793 INFO Negative OS: -0.13369925732440802 --- ticker BMY --- day 2018-04-26 --- time 48600
2023-04-21 10:03:47,783 INFO in_r2: 0.9759465433959557 , std 0.0318569192933929 
2023-04-21 10:03:47,783 INFO os_r2: 0.968953578894226 , std 0.05890113823408278 
2023-04-21 10:03:47,783 INFO intercept: 6.584160861204785e-08 , std 3.889331355946538e-06 
2023-04-21 10:03:47,783 INFO ofi_1: 4.460034403036776e-05 , std 5.581675188929184e-05 
2023-04-21 10:03:47,783 INFO ofi_2: 9.439654931623502e-05 , std 5.941412414709085e-05 
2023-04-21 10:03:47,783 INFO ofi_3: 0.00010137333113162067 , std 5.8981344230541414e-05 
2023-04-21 10:03:47,783 INFO ofi_4: 0.00012138230910253449 , std 6.405724451317436e-05 
2023-04-21 10:03:47,783 INFO ofi_5: 0.000105899097478825 , std 6.414001644017438e-05 
2023-04-21 10:03:47,783 INFO ofi_6: 0.0001180794116968849 , std 6.921139491322731e-05 
2023-04-21 10:03:47,783 INFO ofi_7: 0.00011923782567924038 , std 7.890116282204259e-05 
2023-04-21 10:03:47,783 INFO ofi_8: 0.00016465215858332504 , std 8.809034181654403e-05 
2023-04-21 10:03:47,783 INFO t_intercept: 0.055600604908148644 , std 1.067336284215819 
2023-04-21 10:03:47,783 INFO t_ofi_1: 2.5234940774774524 , std 2.104248104274283 
2023-04-21 10:03:47,783 INFO t_ofi_2: 3.7945034249800864 , std 2.2606859990119497 
2023-04-21 10:03:47,783 INFO t_ofi_3: 3.922269701440934 , std 2.4473966108629828 
2023-04-21 10:03:47,783 INFO t_ofi_4: 4.3516117427506105 , std 2.719110906416321 
2023-04-21 10:03:47,783 INFO t_ofi_5: 3.7105628199461234 , std 2.712228312736838 
2023-04-21 10:03:47,783 INFO t_ofi_6: 3.9431442431435966 , std 2.820618383743446 
2023-04-21 10:03:47,783 INFO t_ofi_7: 3.7396280693481363 , std 2.8085405438151 
2023-04-21 10:03:47,783 INFO t_ofi_8: 4.939597542588959 , std 3.0118361055729626 
2023-04-21 10:03:47,783 INFO p_intercept: 0.48353518811286883 , std 0.2931302284551911 
2023-04-21 10:03:47,783 INFO p_ofi_1: 0.15581413693214802 , std 0.2539771673950888 
2023-04-21 10:03:47,783 INFO p_ofi_2: 0.06981487819446096 , std 0.1813008250612208 
2023-04-21 10:03:47,783 INFO p_ofi_3: 0.07091758530410854 , std 0.18109390122935468 
2023-04-21 10:03:47,783 INFO p_ofi_4: 0.06073914885407206 , std 0.16647989741522815 
2023-04-21 10:03:47,784 INFO p_ofi_5: 0.09568789487893395 , std 0.20676418248345912 
2023-04-21 10:03:47,784 INFO p_ofi_6: 0.08980301927330216 , std 0.20056288735226036 
2023-04-21 10:03:47,784 INFO p_ofi_7: 0.10634497845029821 , std 0.22164572413036962 
2023-04-21 10:03:47,784 INFO p_ofi_8: 0.05629182261791777 , std 0.1677663295482328 
