2023-04-21 10:08:50,431 INFO Tickers: ['COP']
2023-04-21 10:09:32,995 INFO in_r2: 0.9601159735123688 , std 0.032640320494633134 
2023-04-21 10:09:32,995 INFO os_r2: 0.952786353079095 , std 0.04301362545242151 
2023-04-21 10:09:32,995 INFO intercept: -2.4337127710179733e-07 , std 6.106236700721218e-06 
2023-04-21 10:09:32,995 INFO ofi_1: 4.4677742876197094e-05 , std 5.518600399788758e-05 
2023-04-21 10:09:32,995 INFO ofi_2: 9.252511192078361e-05 , std 6.845964294894605e-05 
2023-04-21 10:09:32,995 INFO ofi_3: 9.944438411020868e-05 , std 6.552416472936438e-05 
2023-04-21 10:09:32,995 INFO ofi_4: 0.00010446384014129001 , std 6.769702270257814e-05 
2023-04-21 10:09:32,995 INFO ofi_5: 8.957254840466306e-05 , std 7.030151161081994e-05 
2023-04-21 10:09:32,995 INFO ofi_6: 8.370390810312785e-05 , std 7.022848097847099e-05 
2023-04-21 10:09:32,995 INFO ofi_7: 9.330944716128976e-05 , std 7.579849959284303e-05 
2023-04-21 10:09:32,995 INFO ofi_8: 0.00013688658182865407 , std 7.777417474403373e-05 
2023-04-21 10:09:32,995 INFO t_intercept: -0.030876804630724133 , std 1.0624301039795765 
2023-04-21 10:09:32,995 INFO t_ofi_1: 1.6232592967165236 , std 1.717509533714001 
2023-04-21 10:09:32,995 INFO t_ofi_2: 2.5042815724359815 , std 1.5881259153938159 
2023-04-21 10:09:32,995 INFO t_ofi_3: 2.5725213410689496 , std 1.534809329988053 
2023-04-21 10:09:32,995 INFO t_ofi_4: 2.58858639368972 , std 1.5998600767666509 
2023-04-21 10:09:32,995 INFO t_ofi_5: 2.180362775360449 , std 1.6289688593817975 
2023-04-21 10:09:32,995 INFO t_ofi_6: 2.0252890869712705 , std 1.6751316834181955 
2023-04-21 10:09:32,995 INFO t_ofi_7: 2.1641262850814775 , std 1.7602404723068208 
2023-04-21 10:09:32,995 INFO t_ofi_8: 3.1422553972925256 , std 1.8663845197603166 
2023-04-21 10:09:32,995 INFO p_intercept: 0.4865891193761523 , std 0.29194287043529704 
2023-04-21 10:09:32,995 INFO p_ofi_1: 0.2489792949413925 , std 0.2978179451952047 
2023-04-21 10:09:32,995 INFO p_ofi_2: 0.13381146439949154 , std 0.23483407521704394 
2023-04-21 10:09:32,995 INFO p_ofi_3: 0.11791662669968597 , std 0.2170587743471869 
2023-04-21 10:09:32,995 INFO p_ofi_4: 0.12110457271349438 , std 0.2206195789739729 
2023-04-21 10:09:32,995 INFO p_ofi_5: 0.17607549639845796 , std 0.2605842844267567 
2023-04-21 10:09:32,995 INFO p_ofi_6: 0.19782390997056495 , std 0.2729237298675787 
2023-04-21 10:09:32,995 INFO p_ofi_7: 0.18548168219208339 , std 0.26237332080406983 
2023-04-21 10:09:32,995 INFO p_ofi_8: 0.0934625403903001 , std 0.20641382563989058 
