2023-04-21 10:02:49,088 INFO Tickers: ['CRM']
2023-04-21 10:02:52,547 INFO Negative OS: -0.09185201143523414 --- ticker CRM --- day 2017-03-02 --- time 41400
2023-04-21 10:03:04,857 INFO Negative OS: -2.7877272022132686 --- ticker CRM --- day 2017-09-29 --- time 52200
2023-04-21 10:03:13,290 INFO Negative OS: -1.570748502079681 --- ticker CRM --- day 2018-02-28 --- time 41400
2023-04-21 10:03:17,040 INFO Negative OS: -0.12343548519749237 --- ticker CRM --- day 2018-05-02 --- time 52200
2023-04-21 10:03:17,575 INFO Negative OS: -0.21247462156860042 --- ticker CRM --- day 2018-05-11 --- time 36000
2023-04-21 10:03:17,580 INFO Negative OS: -0.2368492435317231 --- ticker CRM --- day 2018-05-11 --- time 37800
2023-04-21 10:03:51,814 INFO in_r2: 0.8809753050553385 , std 0.06111877092319341 
2023-04-21 10:03:51,815 INFO os_r2: 0.8537194421045712 , std 0.10284259998310277 
2023-04-21 10:03:51,815 INFO intercept: 1.2726361181613839e-07 , std 9.669159088320749e-06 
2023-04-21 10:03:51,815 INFO ofi_1: 8.601283746112083e-05 , std 6.51584256323278e-05 
2023-04-21 10:03:51,815 INFO ofi_2: 0.00010569266182696171 , std 6.870246016988727e-05 
2023-04-21 10:03:51,815 INFO ofi_3: 7.578053643738824e-05 , std 6.591347645998345e-05 
2023-04-21 10:03:51,815 INFO ofi_4: 5.862478242873797e-05 , std 6.590403472578277e-05 
2023-04-21 10:03:51,815 INFO ofi_5: 4.5998014178320656e-05 , std 6.785371208381807e-05 
2023-04-21 10:03:51,815 INFO ofi_6: 4.146493234196513e-05 , std 6.740248049351233e-05 
2023-04-21 10:03:51,815 INFO ofi_7: 3.9503682214900265e-05 , std 7.064710725180077e-05 
2023-04-21 10:03:51,815 INFO ofi_8: 6.806214126578877e-05 , std 6.765224169974879e-05 
2023-04-21 10:03:51,815 INFO t_intercept: 0.027613136026098238 , std 1.0742573437126222 
2023-04-21 10:03:51,815 INFO t_ofi_1: 2.5783764125743813 , std 1.5970601525042425 
2023-04-21 10:03:51,815 INFO t_ofi_2: 2.5887009983361335 , std 1.4549989349852783 
2023-04-21 10:03:51,815 INFO t_ofi_3: 1.7295116844158125 , std 1.3308300580809813 
2023-04-21 10:03:51,815 INFO t_ofi_4: 1.3237717174434465 , std 1.3468039947722599 
2023-04-21 10:03:51,815 INFO t_ofi_5: 0.9930196275967907 , std 1.2916999713143873 
2023-04-21 10:03:51,815 INFO t_ofi_6: 0.8930558271091391 , std 1.2854959703820097 
2023-04-21 10:03:51,815 INFO t_ofi_7: 0.843960224391639 , std 1.2697160063985342 
2023-04-21 10:03:51,815 INFO t_ofi_8: 1.6751293510440002 , std 1.4505107221196596 
2023-04-21 10:03:51,815 INFO p_intercept: 0.48692481305509955 , std 0.29358002690791163 
2023-04-21 10:03:51,815 INFO p_ofi_1: 0.12558333395851184 , std 0.2260663645492877 
2023-04-21 10:03:51,815 INFO p_ofi_2: 0.110995231324946 , std 0.20899429613229867 
2023-04-21 10:03:51,815 INFO p_ofi_3: 0.22020649058101893 , std 0.2750464422879352 
2023-04-21 10:03:51,815 INFO p_ofi_4: 0.2925388158893585 , std 0.2994519603319055 
2023-04-21 10:03:51,815 INFO p_ofi_5: 0.3472369631922795 , std 0.3057039723969632 
2023-04-21 10:03:51,815 INFO p_ofi_6: 0.3665818262443063 , std 0.3088659237066525 
2023-04-21 10:03:51,815 INFO p_ofi_7: 0.37266856915008056 , std 0.30863681858220215 
2023-04-21 10:03:51,815 INFO p_ofi_8: 0.2351578849869602 , std 0.28570246609705563 
