2023-04-21 10:00:41,239 INFO Tickers: ['CVX']
2023-04-21 10:01:43,812 INFO Negative OS: -0.4732551976749557 --- ticker CVX --- day 2019-11-27 --- time 37800
2023-04-21 10:01:44,817 INFO in_r2: 0.9198101022248659 , std 0.038808179481917816 
2023-04-21 10:01:44,817 INFO os_r2: 0.9061999118019508 , std 0.052948158366873284 
2023-04-21 10:01:44,817 INFO intercept: -3.2009174537148084e-07 , std 4.918468099761251e-06 
2023-04-21 10:01:44,817 INFO ofi_1: 5.663763407122695e-05 , std 5.4423596962955526e-05 
2023-04-21 10:01:44,818 INFO ofi_2: 7.321808494477759e-05 , std 5.627615079026083e-05 
2023-04-21 10:01:44,818 INFO ofi_3: 5.777907683802066e-05 , std 4.983995379080363e-05 
2023-04-21 10:01:44,818 INFO ofi_4: 4.9130079185882426e-05 , std 4.9854079606527866e-05 
2023-04-21 10:01:44,818 INFO ofi_5: 3.915354695659637e-05 , std 5.0467454736705197e-05 
2023-04-21 10:01:44,818 INFO ofi_6: 3.793221779129676e-05 , std 5.107458062635731e-05 
2023-04-21 10:01:44,818 INFO ofi_7: 3.6710819691529285e-05 , std 5.0805669625233415e-05 
2023-04-21 10:01:44,818 INFO ofi_8: 7.714325345994046e-05 , std 5.55417166629927e-05 
2023-04-21 10:01:44,818 INFO t_intercept: -0.08512622115096675 , std 0.9772664657481895 
2023-04-21 10:01:44,818 INFO t_ofi_1: 1.8800794396379066 , std 1.5720071635935875 
2023-04-21 10:01:44,818 INFO t_ofi_2: 2.099233844394506 , std 1.4552008278120836 
2023-04-21 10:01:44,818 INFO t_ofi_3: 1.5996510894798344 , std 1.2620838137222805 
2023-04-21 10:01:44,818 INFO t_ofi_4: 1.3795100461788774 , std 1.2690446147694223 
2023-04-21 10:01:44,818 INFO t_ofi_5: 1.120343999236138 , std 1.2592973932691862 
2023-04-21 10:01:44,818 INFO t_ofi_6: 1.1195723281557022 , std 1.2618492094542655 
2023-04-21 10:01:44,818 INFO t_ofi_7: 1.0371290192470228 , std 1.2666588006331683 
2023-04-21 10:01:44,818 INFO t_ofi_8: 2.203371583774292 , std 1.4441628625985348 
2023-04-21 10:01:44,818 INFO p_intercept: 0.5102908848513396 , std 0.28661135792996556 
2023-04-21 10:01:44,818 INFO p_ofi_1: 0.2180564608077092 , std 0.2842978642928687 
2023-04-21 10:01:44,818 INFO p_ofi_2: 0.1753670105141044 , std 0.25795053829495346 
2023-04-21 10:01:44,818 INFO p_ofi_3: 0.24061115193592197 , std 0.28230962105094454 
2023-04-21 10:01:44,818 INFO p_ofi_4: 0.2790761834511188 , std 0.29358860040045004 
2023-04-21 10:01:44,818 INFO p_ofi_5: 0.32492918747233945 , std 0.3027408804966301 
2023-04-21 10:01:44,818 INFO p_ofi_6: 0.3253666145612748 , std 0.3045204917494035 
2023-04-21 10:01:44,818 INFO p_ofi_7: 0.3380616626501188 , std 0.30386482354013644 
2023-04-21 10:01:44,818 INFO p_ofi_8: 0.15942597878821632 , std 0.2447325245521476 
