2023-04-21 09:59:38,887 INFO Tickers: ['DIS']
2023-04-21 10:00:42,840 INFO in_r2: 0.9231234051710324 , std 0.039472464978008985 
2023-04-21 10:00:42,840 INFO os_r2: 0.9092756218617261 , std 0.05094751356262632 
2023-04-21 10:00:42,840 INFO intercept: -3.1066378227399034e-07 , std 4.269638637338363e-06 
2023-04-21 10:00:42,840 INFO ofi_1: 5.651836392778183e-05 , std 4.8367662214008556e-05 
2023-04-21 10:00:42,840 INFO ofi_2: 6.686828297761073e-05 , std 5.140437054506183e-05 
2023-04-21 10:00:42,840 INFO ofi_3: 5.495820795272086e-05 , std 4.782830358309434e-05 
2023-04-21 10:00:42,840 INFO ofi_4: 5.1241848697355096e-05 , std 4.841961943605163e-05 
2023-04-21 10:00:42,840 INFO ofi_5: 3.741962155165775e-05 , std 4.5402668278815576e-05 
2023-04-21 10:00:42,840 INFO ofi_6: 3.840709072358018e-05 , std 4.7877163384396835e-05 
2023-04-21 10:00:42,840 INFO ofi_7: 3.8705766725699196e-05 , std 4.872505250816949e-05 
2023-04-21 10:00:42,840 INFO ofi_8: 8.552864720207782e-05 , std 5.657420042252371e-05 
2023-04-21 10:00:42,840 INFO t_intercept: -0.0611531532699817 , std 0.9754550297384975 
2023-04-21 10:00:42,840 INFO t_ofi_1: 2.067412146229229 , std 1.6014265594148314 
2023-04-21 10:00:42,840 INFO t_ofi_2: 1.99459255549583 , std 1.4277123541185954 
2023-04-21 10:00:42,840 INFO t_ofi_3: 1.6156504826847338 , std 1.3485205958792372 
2023-04-21 10:00:42,840 INFO t_ofi_4: 1.5046575209045712 , std 1.3510981146275336 
2023-04-21 10:00:42,840 INFO t_ofi_5: 1.159496185159941 , std 1.3202184934235466 
2023-04-21 10:00:42,840 INFO t_ofi_6: 1.1861757679490528 , std 1.3194172337513448 
2023-04-21 10:00:42,840 INFO t_ofi_7: 1.1447020679081619 , std 1.3077944022621482 
2023-04-21 10:00:42,840 INFO t_ofi_8: 2.5983375751813265 , std 1.6585322583754885 
2023-04-21 10:00:42,840 INFO p_intercept: 0.5138205611386342 , std 0.2870693548900739 
2023-04-21 10:00:42,840 INFO p_ofi_1: 0.18540998435650116 , std 0.2668365645058092 
2023-04-21 10:00:42,840 INFO p_ofi_2: 0.1851090721524034 , std 0.2645968281233593 
2023-04-21 10:00:42,841 INFO p_ofi_3: 0.2388906852398678 , std 0.2835199143972462 
2023-04-21 10:00:42,841 INFO p_ofi_4: 0.25725305822591715 , std 0.2872896073263273 
2023-04-21 10:00:42,841 INFO p_ofi_5: 0.3169420871014216 , std 0.30214268846791975 
2023-04-21 10:00:42,841 INFO p_ofi_6: 0.3152115586685604 , std 0.30421172814293884 
2023-04-21 10:00:42,841 INFO p_ofi_7: 0.32129842941504305 , std 0.3039201846449043 
2023-04-21 10:00:42,841 INFO p_ofi_8: 0.12509797394097197 , std 0.22429016800027282 
