2023-04-21 10:05:41,528 INFO Tickers: ['LLY']
2023-04-21 10:06:26,572 INFO Negative OS: -3.1691471339728157 --- ticker LLY --- day 2019-03-13 --- time 36000
2023-04-21 10:06:42,801 INFO in_r2: 0.9016696003060977 , std 0.05365666682753637 
2023-04-21 10:06:42,801 INFO os_r2: 0.882637988478387 , std 0.09000212239618881 
2023-04-21 10:06:42,801 INFO intercept: -7.342679938601108e-07 , std 6.398341629388221e-06 
2023-04-21 10:06:42,801 INFO ofi_1: 9.222677457847312e-05 , std 7.861432478871121e-05 
2023-04-21 10:06:42,801 INFO ofi_2: 0.00010244458862860274 , std 7.354076094779176e-05 
2023-04-21 10:06:42,801 INFO ofi_3: 7.442735658266003e-05 , std 6.219984215504177e-05 
2023-04-21 10:06:42,801 INFO ofi_4: 6.240414914561834e-05 , std 6.424891178068334e-05 
2023-04-21 10:06:42,801 INFO ofi_5: 4.8716094415168994e-05 , std 6.927469262991206e-05 
2023-04-21 10:06:42,801 INFO ofi_6: 4.676569075671647e-05 , std 7.008013522515753e-05 
2023-04-21 10:06:42,801 INFO ofi_7: 4.8238348495317884e-05 , std 7.543961362113895e-05 
2023-04-21 10:06:42,801 INFO ofi_8: 7.568312396490548e-05 , std 7.252241194971633e-05 
2023-04-21 10:06:42,801 INFO t_intercept: -0.1128111659263431 , std 0.9861290479770639 
2023-04-21 10:06:42,801 INFO t_ofi_1: 2.6787835760775276 , std 1.8371882426371922 
2023-04-21 10:06:42,801 INFO t_ofi_2: 2.5932045245923634 , std 1.5322357368995847 
2023-04-21 10:06:42,801 INFO t_ofi_3: 1.8988155761689265 , std 1.3890957519509273 
2023-04-21 10:06:42,801 INFO t_ofi_4: 1.5215636145592812 , std 1.374965288151088 
2023-04-21 10:06:42,801 INFO t_ofi_5: 1.146772611609936 , std 1.3442426500732791 
2023-04-21 10:06:42,801 INFO t_ofi_6: 1.0539309705110975 , std 1.3685989839291839 
2023-04-21 10:06:42,801 INFO t_ofi_7: 1.0231237469315977 , std 1.3760195608147978 
2023-04-21 10:06:42,801 INFO t_ofi_8: 1.8316175971857827 , std 1.648907354748727 
2023-04-21 10:06:42,801 INFO p_intercept: 0.5134539767209997 , std 0.29115378504067846 
2023-04-21 10:06:42,801 INFO p_ofi_1: 0.13185419993603922 , std 0.2361104994895201 
2023-04-21 10:06:42,801 INFO p_ofi_2: 0.12155416185716272 , std 0.22278363769325976 
2023-04-21 10:06:42,801 INFO p_ofi_3: 0.19584507754174302 , std 0.2636122191829608 
2023-04-21 10:06:42,801 INFO p_ofi_4: 0.2591851322195614 , std 0.2918263996456762 
2023-04-21 10:06:42,801 INFO p_ofi_5: 0.31525414657425144 , std 0.3036950885810532 
2023-04-21 10:06:42,801 INFO p_ofi_6: 0.3277430410561091 , std 0.304119733417363 
2023-04-21 10:06:42,801 INFO p_ofi_7: 0.3321573760520007 , std 0.30789604154774386 
2023-04-21 10:06:42,801 INFO p_ofi_8: 0.2208612665186207 , std 0.28583061237365853 
