2023-04-21 10:06:45,889 INFO Tickers: ['LOW']
2023-04-21 10:07:06,738 INFO Negative OS: -0.36191435044613574 --- ticker LOW --- day 2017-12-22 --- time 48600
2023-04-21 10:07:48,678 INFO in_r2: 0.9026653674969506 , std 0.061113436258808905 
2023-04-21 10:07:48,678 INFO os_r2: 0.884443699687221 , std 0.08225782925270891 
2023-04-21 10:07:48,678 INFO intercept: -1.5281467325334963e-07 , std 7.30978543011148e-06 
2023-04-21 10:07:48,678 INFO ofi_1: 8.941860826691855e-05 , std 7.842966605808491e-05 
2023-04-21 10:07:48,678 INFO ofi_2: 0.00010281276558235218 , std 6.766800715194297e-05 
2023-04-21 10:07:48,678 INFO ofi_3: 7.457064696092793e-05 , std 5.8703238517627324e-05 
2023-04-21 10:07:48,678 INFO ofi_4: 5.7382576891612064e-05 , std 5.7770753688940154e-05 
2023-04-21 10:07:48,678 INFO ofi_5: 4.660965602387125e-05 , std 5.7793877853292276e-05 
2023-04-21 10:07:48,678 INFO ofi_6: 4.7858114828366794e-05 , std 6.307242540554614e-05 
2023-04-21 10:07:48,678 INFO ofi_7: 6.11190404232712e-05 , std 7.052650413636077e-05 
2023-04-21 10:07:48,678 INFO ofi_8: 9.449879222799079e-05 , std 7.190398966507382e-05 
2023-04-21 10:07:48,678 INFO t_intercept: -0.02441505099549503 , std 0.9837218687741096 
2023-04-21 10:07:48,678 INFO t_ofi_1: 2.5995286889748757 , std 1.8673496609707112 
2023-04-21 10:07:48,678 INFO t_ofi_2: 2.6926679756622875 , std 1.4558004037837566 
2023-04-21 10:07:48,678 INFO t_ofi_3: 2.0537312499268827 , std 1.3657530070171957 
2023-04-21 10:07:48,678 INFO t_ofi_4: 1.6880652913217638 , std 1.4148499141843685 
2023-04-21 10:07:48,678 INFO t_ofi_5: 1.4076425086404083 , std 1.3887037318958826 
2023-04-21 10:07:48,678 INFO t_ofi_6: 1.356309390634646 , std 1.4447859271682615 
2023-04-21 10:07:48,678 INFO t_ofi_7: 1.513485934750555 , std 1.4887885103675467 
2023-04-21 10:07:48,678 INFO t_ofi_8: 2.4095703287779497 , std 1.6939668692150884 
2023-04-21 10:07:48,678 INFO p_intercept: 0.5125954925136428 , std 0.2886280206412002 
2023-04-21 10:07:48,678 INFO p_ofi_1: 0.13977110584318087 , std 0.24492873912956767 
2023-04-21 10:07:48,678 INFO p_ofi_2: 0.10020708483912365 , std 0.19803336683336606 
2023-04-21 10:07:48,678 INFO p_ofi_3: 0.17083347264991888 , std 0.25190407787985325 
2023-04-21 10:07:48,678 INFO p_ofi_4: 0.23076462309046414 , std 0.28073471969242975 
2023-04-21 10:07:48,678 INFO p_ofi_5: 0.27528758249789265 , std 0.296730089794266 
2023-04-21 10:07:48,678 INFO p_ofi_6: 0.29227551407359353 , std 0.30195469031102545 
2023-04-21 10:07:48,679 INFO p_ofi_7: 0.2605458028574762 , std 0.29385558444960247 
2023-04-21 10:07:48,679 INFO p_ofi_8: 0.1545525448067545 , std 0.25087955215542407 
