2023-04-21 10:00:27,075 INFO Tickers: ['MA']
2023-04-21 10:00:49,511 INFO Negative OS: -0.30278834692176115 --- ticker MA --- day 2018-02-21 --- time 41400
2023-04-21 10:00:57,998 INFO Negative OS: -0.7534585827574152 --- ticker MA --- day 2018-07-18 --- time 41400
2023-04-21 10:00:58,273 INFO Negative OS: -0.0132540293110881 --- ticker MA --- day 2018-07-23 --- time 50400
2023-04-21 10:01:07,294 INFO Negative OS: -1.0422504093186986 --- ticker MA --- day 2018-12-19 --- time 50400
2023-04-21 10:01:09,512 INFO Negative OS: -0.14202937253439374 --- ticker MA --- day 2019-01-30 --- time 36000
2023-04-21 10:01:26,568 INFO Negative OS: -0.26893629474380987 --- ticker MA --- day 2019-11-11 --- time 37800
2023-04-21 10:01:26,748 INFO Negative OS: -0.01083772502653435 --- ticker MA --- day 2019-11-13 --- time 41400
2023-04-21 10:01:28,578 INFO in_r2: 0.8304624151950719 , std 0.07964321694424221 
2023-04-21 10:01:28,578 INFO os_r2: 0.7882223587487706 , std 0.1158721175275837 
2023-04-21 10:01:28,578 INFO intercept: -6.815417615829194e-07 , std 1.067065094350022e-05 
2023-04-21 10:01:28,578 INFO ofi_1: 9.77494285028183e-05 , std 7.574959107013194e-05 
2023-04-21 10:01:28,578 INFO ofi_2: 9.391848132044584e-05 , std 6.945792720318424e-05 
2023-04-21 10:01:28,578 INFO ofi_3: 6.621198228732965e-05 , std 6.321053569174645e-05 
2023-04-21 10:01:28,578 INFO ofi_4: 4.6731116708424965e-05 , std 6.477906747435394e-05 
2023-04-21 10:01:28,578 INFO ofi_5: 3.353858838789642e-05 , std 6.797919552860263e-05 
2023-04-21 10:01:28,579 INFO ofi_6: 2.954310471835565e-05 , std 6.696928179154266e-05 
2023-04-21 10:01:28,579 INFO ofi_7: 2.690158366770333e-05 , std 7.249474082892704e-05 
2023-04-21 10:01:28,579 INFO ofi_8: 4.644796698473864e-05 , std 6.823331099560264e-05 
2023-04-21 10:01:28,579 INFO t_intercept: -0.09201477108970567 , std 1.1192519325846642 
2023-04-21 10:01:28,579 INFO t_ofi_1: 3.0147862127644616 , std 1.6772150615688084 
2023-04-21 10:01:28,579 INFO t_ofi_2: 2.46155059012244 , std 1.4107905235478553 
2023-04-21 10:01:28,579 INFO t_ofi_3: 1.6226471907476816 , std 1.2971266283336509 
2023-04-21 10:01:28,579 INFO t_ofi_4: 1.1036443165079204 , std 1.2617477898566072 
2023-04-21 10:01:28,579 INFO t_ofi_5: 0.7650744952128544 , std 1.223560422403656 
2023-04-21 10:01:28,579 INFO t_ofi_6: 0.6615029392109218 , std 1.2133869140777573 
2023-04-21 10:01:28,579 INFO t_ofi_7: 0.5702780725386855 , std 1.2102321335787958 
2023-04-21 10:01:28,579 INFO t_ofi_8: 1.1931177627111502 , std 1.3692841001490879 
2023-04-21 10:01:28,579 INFO p_intercept: 0.479189600502862 , std 0.29692197843455465 
2023-04-21 10:01:28,579 INFO p_ofi_1: 0.08913570591178538 , std 0.19443127827634876 
2023-04-21 10:01:28,579 INFO p_ofi_2: 0.1235938034183603 , std 0.21821778840759787 
2023-04-21 10:01:28,579 INFO p_ofi_3: 0.23922348237306998 , std 0.2812451164291908 
2023-04-21 10:01:28,579 INFO p_ofi_4: 0.32733716645209265 , std 0.3027067710392335 
2023-04-21 10:01:28,579 INFO p_ofi_5: 0.3805582453426462 , std 0.30448075484247644 
2023-04-21 10:01:28,579 INFO p_ofi_6: 0.4011214856063894 , std 0.3036527273123092 
2023-04-21 10:01:28,579 INFO p_ofi_7: 0.4196651618829126 , std 0.30957089192678894 
2023-04-21 10:01:28,579 INFO p_ofi_8: 0.30935987319377134 , std 0.30441816795582427 
