2023-04-21 10:00:42,847 INFO Tickers: ['PFE']
2023-04-21 10:00:59,053 INFO Negative OS: -3.390107749606014 --- ticker PFE --- day 2017-10-02 --- time 39600
2023-04-21 10:00:59,855 INFO Negative OS: -5.713586438444886 --- ticker PFE --- day 2017-10-13 --- time 50400
2023-04-21 10:00:59,946 INFO Negative OS: -0.04261021406860421 --- ticker PFE --- day 2017-10-16 --- time 52200
2023-04-21 10:01:00,023 INFO Negative OS: -0.10490740499971096 --- ticker PFE --- day 2017-10-17 --- time 48600
2023-04-21 10:01:03,436 INFO Negative OS: -2.3220998305270433 --- ticker PFE --- day 2017-12-13 --- time 48600
2023-04-21 10:01:03,775 INFO Negative OS: -0.11252907177419447 --- ticker PFE --- day 2017-12-19 --- time 46800
2023-04-21 10:01:04,338 INFO Negative OS: -0.5307475727390238 --- ticker PFE --- day 2017-12-29 --- time 46800
2023-04-21 10:01:05,533 INFO Negative OS: -0.1981478171372557 --- ticker PFE --- day 2018-01-22 --- time 43200
2023-04-21 10:01:10,422 INFO Negative OS: -0.9100131666667164 --- ticker PFE --- day 2018-04-12 --- time 50400
2023-04-21 10:01:13,862 INFO Negative OS: -2.019012865722484 --- ticker PFE --- day 2018-06-08 --- time 45000
2023-04-21 10:01:15,511 INFO Negative OS: -13.706077483686169 --- ticker PFE --- day 2018-07-09 --- time 43200
2023-04-21 10:01:15,517 INFO Negative OS: -1.3091717160182315 --- ticker PFE --- day 2018-07-09 --- time 45000
2023-04-21 10:01:15,618 INFO Negative OS: -7.662723959535423 --- ticker PFE --- day 2018-07-10 --- time 50400
2023-04-21 10:01:15,623 INFO Negative OS: -20.061861445099485 --- ticker PFE --- day 2018-07-10 --- time 52200
2023-04-21 10:01:15,762 INFO Negative OS: -1.8769798920518528 --- ticker PFE --- day 2018-07-12 --- time 39600
2023-04-21 10:01:16,745 INFO Negative OS: -0.1728981513609793 --- ticker PFE --- day 2018-07-27 --- time 52200
2023-04-21 10:01:16,967 INFO Negative OS: -1.0009312763797724 --- ticker PFE --- day 2018-08-01 --- time 37800
2023-04-21 10:01:17,155 INFO Negative OS: -0.8852583953143023 --- ticker PFE --- day 2018-08-03 --- time 43200
2023-04-21 10:01:17,170 INFO Negative OS: -0.9625137545026579 --- ticker PFE --- day 2018-08-03 --- time 48600
2023-04-21 10:01:17,175 INFO Negative OS: -1.0383791489573215 --- ticker PFE --- day 2018-08-03 --- time 50400
2023-04-21 10:01:17,237 INFO Negative OS: -5.453297861608143 --- ticker PFE --- day 2018-08-06 --- time 41400
2023-04-21 10:01:17,257 INFO Negative OS: -1.0877000728614865 --- ticker PFE --- day 2018-08-06 --- time 48600
2023-04-21 10:01:19,241 INFO Negative OS: -0.11098722435313291 --- ticker PFE --- day 2018-09-07 --- time 45000
2023-04-21 10:01:19,251 INFO Negative OS: -0.6089308919510286 --- ticker PFE --- day 2018-09-07 --- time 48600
2023-04-21 10:01:20,981 INFO Negative OS: -23.855895646034302 --- ticker PFE --- day 2018-10-05 --- time 46800
2023-04-21 10:01:20,986 INFO Negative OS: -0.25458710203989177 --- ticker PFE --- day 2018-10-05 --- time 48600
2023-04-21 10:01:28,636 INFO Negative OS: -0.7064333253015389 --- ticker PFE --- day 2019-02-15 --- time 48600
2023-04-21 10:01:46,722 INFO in_r2: 0.9864578453312253 , std 0.01223521322907055 
2023-04-21 10:01:46,722 INFO os_r2: 0.9528758516924039 , std 0.4610671218172079 
2023-04-21 10:01:46,722 INFO intercept: 1.8484218939150575e-08 , std 1.9698443138753017e-06 
2023-04-21 10:01:46,722 INFO ofi_1: 3.647874055845049e-05 , std 3.850792505884094e-05 
2023-04-21 10:01:46,722 INFO ofi_2: 0.0001066326589391231 , std 8.174552833040083e-05 
2023-04-21 10:01:46,722 INFO ofi_3: 7.344329458623299e-05 , std 7.925114580709714e-05 
2023-04-21 10:01:46,722 INFO ofi_4: 0.00013680514393436808 , std 0.00012605236984793034 
2023-04-21 10:01:46,722 INFO ofi_5: 0.0001932043173966929 , std 0.0001567791786100306 
2023-04-21 10:01:46,722 INFO ofi_6: 0.0002454214549766223 , std 0.00018981696224965294 
2023-04-21 10:01:46,722 INFO ofi_7: 0.0002770868182068328 , std 0.00023377177566928647 
2023-04-21 10:01:46,722 INFO ofi_8: 0.00029374463836931376 , std 0.0002534548102930656 
2023-04-21 10:01:46,722 INFO t_intercept: -0.00826211185934864 , std 1.1347384788492811 
2023-04-21 10:01:46,722 INFO t_ofi_1: 3.0172554952725172 , std 2.6465755000454094 
2023-04-21 10:01:46,722 INFO t_ofi_2: 4.175938891794485 , std 2.693863628708528 
2023-04-21 10:01:46,722 INFO t_ofi_3: 3.0924781085768607 , std 2.5518217563314995 
2023-04-21 10:01:46,722 INFO t_ofi_4: 4.280810516062506 , std 3.4942665185588146 
2023-04-21 10:01:46,722 INFO t_ofi_5: 4.713988421156947 , std 3.783122667331825 
2023-04-21 10:01:46,722 INFO t_ofi_6: 4.98934673503835 , std 3.873238628384924 
2023-04-21 10:01:46,722 INFO t_ofi_7: 4.779921763098773 , std 3.675296601985014 
2023-04-21 10:01:46,722 INFO t_ofi_8: 4.907140137556555 , std 3.5139568926222364 
2023-04-21 10:01:46,722 INFO p_intercept: 0.4558847652197756 , std 0.2967005157055831 
2023-04-21 10:01:46,722 INFO p_ofi_1: 0.1399566402816808 , std 0.2495920399288857 
2023-04-21 10:01:46,722 INFO p_ofi_2: 0.06771673724381884 , std 0.18050642446344345 
2023-04-21 10:01:46,722 INFO p_ofi_3: 0.1204342148438505 , std 0.22818677584760133 
2023-04-21 10:01:46,722 INFO p_ofi_4: 0.09078482357267967 , std 0.20599456088824739 
2023-04-21 10:01:46,722 INFO p_ofi_5: 0.06545297710781538 , std 0.17476213233115948 
2023-04-21 10:01:46,722 INFO p_ofi_6: 0.05937665714094649 , std 0.170866664715286 
2023-04-21 10:01:46,723 INFO p_ofi_7: 0.06446651215748475 , std 0.17554972156620222 
2023-04-21 10:01:46,723 INFO p_ofi_8: 0.06147456549936283 , std 0.1763828891402961 
