2023-04-21 10:03:51,821 INFO Tickers: ['TMO']
2023-04-21 10:03:52,503 INFO Negative OS: -0.31325479769644415 --- ticker TMO --- day 2017-01-13 --- time 36000
2023-04-21 10:04:11,959 INFO Negative OS: -0.16782699574896998 --- ticker TMO --- day 2018-02-12 --- time 37800
2023-04-21 10:04:12,849 INFO Negative OS: -1.2611474888571652 --- ticker TMO --- day 2018-03-01 --- time 52200
2023-04-21 10:04:13,975 INFO Negative OS: -1.7943140504040218 --- ticker TMO --- day 2018-03-23 --- time 39600
2023-04-21 10:04:14,367 INFO Negative OS: -0.18085498667015276 --- ticker TMO --- day 2018-04-02 --- time 50400
2023-04-21 10:04:14,448 INFO Negative OS: -0.28996106644019504 --- ticker TMO --- day 2018-04-03 --- time 52200
2023-04-21 10:04:14,815 INFO Negative OS: -1.2167813137199937 --- ticker TMO --- day 2018-04-10 --- time 52200
2023-04-21 10:04:16,004 INFO Negative OS: -0.1812988132482536 --- ticker TMO --- day 2018-05-03 --- time 36000
2023-04-21 10:04:16,009 INFO Negative OS: -0.10060054928743667 --- ticker TMO --- day 2018-05-03 --- time 37800
2023-04-21 10:04:24,282 INFO Negative OS: -0.3261773785968285 --- ticker TMO --- day 2018-10-15 --- time 36000
2023-04-21 10:04:24,368 INFO Negative OS: -0.10875804251097931 --- ticker TMO --- day 2018-10-16 --- time 37800
2023-04-21 10:04:24,446 INFO Negative OS: -0.07697095492975237 --- ticker TMO --- day 2018-10-17 --- time 36000
2023-04-21 10:04:24,624 INFO Negative OS: -0.10441725297517368 --- ticker TMO --- day 2018-10-19 --- time 41400
2023-04-21 10:04:24,720 INFO Negative OS: -0.01962387497478635 --- ticker TMO --- day 2018-10-22 --- time 45000
2023-04-21 10:04:24,737 INFO Negative OS: -0.013320335390141658 --- ticker TMO --- day 2018-10-22 --- time 52200
2023-04-21 10:04:24,880 INFO Negative OS: -8.297053035620625 --- ticker TMO --- day 2018-10-24 --- time 41400
2023-04-21 10:04:24,905 INFO Negative OS: -1.9375732070786436 --- ticker TMO --- day 2018-10-24 --- time 50400
2023-04-21 10:04:25,050 INFO Negative OS: -0.07506078268087824 --- ticker TMO --- day 2018-10-26 --- time 39600
2023-04-21 10:04:25,141 INFO Negative OS: -0.7879892644936084 --- ticker TMO --- day 2018-10-29 --- time 41400
2023-04-21 10:04:25,247 INFO Negative OS: -1.167106033569688 --- ticker TMO --- day 2018-10-30 --- time 48600
2023-04-21 10:04:25,311 INFO Negative OS: -0.2784029919214628 --- ticker TMO --- day 2018-10-31 --- time 41400
2023-04-21 10:04:25,488 INFO Negative OS: -0.0339188458833215 --- ticker TMO --- day 2018-11-02 --- time 45000
2023-04-21 10:04:25,695 INFO Negative OS: -1.285629416249002 --- ticker TMO --- day 2018-11-07 --- time 36000
2023-04-21 10:04:25,992 INFO Negative OS: -0.5496041017303395 --- ticker TMO --- day 2018-11-13 --- time 36000
2023-04-21 10:04:26,181 INFO Negative OS: -0.08040370904281136 --- ticker TMO --- day 2018-11-15 --- time 50400
2023-04-21 10:04:26,332 INFO Negative OS: -0.37275173909383996 --- ticker TMO --- day 2018-11-19 --- time 52200
2023-04-21 10:04:26,380 INFO Negative OS: -0.11300169358228618 --- ticker TMO --- day 2018-11-20 --- time 37800
2023-04-21 10:04:26,882 INFO Negative OS: -0.8841993990383377 --- ticker TMO --- day 2018-11-30 --- time 52200
2023-04-21 10:04:27,017 INFO Negative OS: -0.2033719603359343 --- ticker TMO --- day 2018-12-04 --- time 43200
2023-04-21 10:04:27,022 INFO Negative OS: -1.2351992950630506 --- ticker TMO --- day 2018-12-04 --- time 45000
2023-04-21 10:04:27,109 INFO Negative OS: -0.7216221075125318 --- ticker TMO --- day 2018-12-06 --- time 45000
2023-04-21 10:04:27,114 INFO Negative OS: -0.25160141346670795 --- ticker TMO --- day 2018-12-06 --- time 46800
2023-04-21 10:04:27,177 INFO Negative OS: -0.48917217992034345 --- ticker TMO --- day 2018-12-07 --- time 37800
2023-04-21 10:04:27,210 INFO Negative OS: -0.19967457044924775 --- ticker TMO --- day 2018-12-07 --- time 52200
2023-04-21 10:04:27,259 INFO Negative OS: -0.2190801394117965 --- ticker TMO --- day 2018-12-10 --- time 39600
2023-04-21 10:04:27,288 INFO Negative OS: -0.00685669762531238 --- ticker TMO --- day 2018-12-10 --- time 52200
2023-04-21 10:04:27,366 INFO Negative OS: -1.1949839118890728 --- ticker TMO --- day 2018-12-11 --- time 52200
2023-04-21 10:04:27,651 INFO Negative OS: -0.00756858312313291 --- ticker TMO --- day 2018-12-17 --- time 41400
2023-04-21 10:04:27,886 INFO Negative OS: -3.6948175879839997 --- ticker TMO --- day 2018-12-20 --- time 39600
2023-04-21 10:04:27,901 INFO Negative OS: -2.5298038337716617 --- ticker TMO --- day 2018-12-20 --- time 45000
2023-04-21 10:04:28,064 INFO Negative OS: -0.35923266035470647 --- ticker TMO --- day 2018-12-24 --- time 41400
2023-04-21 10:04:28,163 INFO Negative OS: -0.20129001120723 --- ticker TMO --- day 2018-12-26 --- time 52200
2023-04-21 10:04:28,309 INFO Negative OS: -0.6323097892165381 --- ticker TMO --- day 2018-12-28 --- time 45000
2023-04-21 10:04:28,323 INFO Negative OS: -3.074625597082851 --- ticker TMO --- day 2018-12-28 --- time 50400
2023-04-21 10:04:28,390 INFO Negative OS: -0.12794248765811012 --- ticker TMO --- day 2018-12-31 --- time 45000
2023-04-21 10:04:28,395 INFO Negative OS: -1.0095905775954983 --- ticker TMO --- day 2018-12-31 --- time 46800
2023-04-21 10:04:29,291 INFO Negative OS: -0.6959243219690499 --- ticker TMO --- day 2019-01-17 --- time 52200
2023-04-21 10:04:29,489 INFO Negative OS: -0.13275726501496887 --- ticker TMO --- day 2019-01-23 --- time 41400
2023-04-21 10:04:29,494 INFO Negative OS: -0.07059917751081368 --- ticker TMO --- day 2019-01-23 --- time 43200
2023-04-21 10:04:29,798 INFO Negative OS: -0.28627916907975925 --- ticker TMO --- day 2019-01-29 --- time 41400
2023-04-21 10:04:29,894 INFO Negative OS: -3.319209116036558 --- ticker TMO --- day 2019-01-30 --- time 50400
2023-04-21 10:04:31,573 INFO Negative OS: -1.5897215346013929 --- ticker TMO --- day 2019-03-05 --- time 36000
2023-04-21 10:04:33,695 INFO Negative OS: -0.02379541802807883 --- ticker TMO --- day 2019-04-12 --- time 36000
2023-04-21 10:04:35,647 INFO Negative OS: -0.02681254758632612 --- ticker TMO --- day 2019-05-20 --- time 50400
2023-04-21 10:04:44,158 INFO Negative OS: -0.18564295006676468 --- ticker TMO --- day 2019-10-30 --- time 52200
2023-04-21 10:04:46,333 INFO Negative OS: -0.9509566507316054 --- ticker TMO --- day 2019-12-12 --- time 52200
2023-04-21 10:04:46,413 INFO in_r2: 0.7119978393406616 , std 0.17161435362305125 
2023-04-21 10:04:46,413 INFO os_r2: 0.5829336072871271 , std 0.4642151688560964 
2023-04-21 10:04:46,413 INFO intercept: -2.0277184547536182e-06 , std 2.2749756712499006e-05 
2023-04-21 10:04:46,413 INFO ofi_1: 0.00016197079054288123 , std 0.0001758759787804078 
2023-04-21 10:04:46,413 INFO ofi_2: 0.00018122953685242976 , std 0.0001953900985174119 
2023-04-21 10:04:46,413 INFO ofi_3: 0.00012621574831990747 , std 0.00019364780331470097 
2023-04-21 10:04:46,413 INFO ofi_4: 6.472804940417444e-05 , std 0.00021626083985905014 
2023-04-21 10:04:46,413 INFO ofi_5: 5.8328223878418836e-05 , std 0.0002389021054229386 
2023-04-21 10:04:46,413 INFO ofi_6: 3.8224555623997975e-05 , std 0.0002545143351053544 
2023-04-21 10:04:46,413 INFO ofi_7: 3.873608091411117e-05 , std 0.0002600874642037255 
2023-04-21 10:04:46,413 INFO ofi_8: 8.542859679615288e-05 , std 0.0002552776971290556 
2023-04-21 10:04:46,413 INFO t_intercept: -0.09975593872264166 , std 1.3322459470905683 
2023-04-21 10:04:46,413 INFO t_ofi_1: 3.294182967761602 , std 1.9022797559430484 
2023-04-21 10:04:46,413 INFO t_ofi_2: 2.6409981318055715 , std 1.5615754438777216 
2023-04-21 10:04:46,413 INFO t_ofi_3: 1.6638541829092515 , std 1.4619481709838573 
2023-04-21 10:04:46,413 INFO t_ofi_4: 0.9075633053829771 , std 1.3936504438729842 
2023-04-21 10:04:46,414 INFO t_ofi_5: 0.6347133443061332 , std 1.3050384198913925 
2023-04-21 10:04:46,414 INFO t_ofi_6: 0.5002650966968738 , std 1.36107839509164 
2023-04-21 10:04:46,414 INFO t_ofi_7: 0.4822604307140219 , std 1.3449334533811639 
2023-04-21 10:04:46,414 INFO t_ofi_8: 0.9887413163132042 , std 1.6066406824677266 
2023-04-21 10:04:46,414 INFO p_intercept: 0.42978965300033106 , std 0.30956852179603106 
2023-04-21 10:04:46,414 INFO p_ofi_1: 0.07548936949377048 , std 0.1792840428200801 
2023-04-21 10:04:46,414 INFO p_ofi_2: 0.11242001843889927 , std 0.21473585921463031 
2023-04-21 10:04:46,414 INFO p_ofi_3: 0.23528065546662255 , std 0.2954683143207937 
2023-04-21 10:04:46,414 INFO p_ofi_4: 0.34328665908818534 , std 0.30217523747446695 
2023-04-21 10:04:46,414 INFO p_ofi_5: 0.3898990345358925 , std 0.3100128155576151 
2023-04-21 10:04:46,414 INFO p_ofi_6: 0.39336566877672724 , std 0.30860032388075753 
2023-04-21 10:04:46,414 INFO p_ofi_7: 0.39078874180994994 , std 0.3066187901154996 
2023-04-21 10:04:46,414 INFO p_ofi_8: 0.31852589536876774 , std 0.3089798317018364 
