2023-04-20 16:32:35,269 INFO Tickers: ['AMGN']
2023-04-20 16:32:50,928 INFO Negative OS: -0.035297370312430854 --- ticker AMGN --- day 2017-10-17 --- time 46800
2023-04-20 16:32:56,676 INFO Negative OS: -0.039530221188590176 --- ticker AMGN --- day 2018-02-08 --- time 52200
2023-04-20 16:33:16,478 INFO Negative OS: -0.42578221025173546 --- ticker AMGN --- day 2019-02-01 --- time 36000
2023-04-20 16:33:34,186 INFO in_r2: 0.8547394519443708 , std 0.06968982482807358 
2023-04-20 16:33:34,186 INFO os_r2: 0.8349606913899102 , std 0.08754616153512593 
2023-04-20 16:33:34,186 INFO intercept: 1.8346840806172642e-07 , std 1.737435106436321e-05 
2023-04-20 16:33:34,186 INFO pca_1: -8.311689211483126e-06 , std 0.00015772776472690477 
2023-04-20 16:33:34,186 INFO pca_2: -9.398964774564689e-06 , std 0.00011644535191401646 
2023-04-20 16:33:34,186 INFO pca_3: 4.422326937652998e-06 , std 7.206402237846905e-05 
2023-04-20 16:33:34,186 INFO t_intercept: 0.0641533321949513 , std 2.8371927500019725 
2023-04-20 16:33:34,186 INFO t_pca_1: -2.5403701062851005 , std 34.58233604914531 
2023-04-20 16:33:34,186 INFO t_pca_2: -0.81909334622352 , std 10.729075150764038 
2023-04-20 16:33:34,186 INFO t_pca_3: 0.28553454539831424 , std 4.109138596028506 
2023-04-20 16:33:34,186 INFO p_intercept: 0.23307093444896623 , std 0.29571085052875623 
2023-04-20 16:33:34,186 INFO p_pca_1: 0.0022622562236498073 , std 0.03378323561499181 
2023-04-20 16:33:34,186 INFO p_pca_2: 0.007879108591313395 , std 0.06706910596542495 
2023-04-20 16:33:34,186 INFO p_pca_3: 0.14227053956571523 , std 0.25130511360316454 
2023-04-20 16:33:34,186 INFO pca_explained_1: 0.6389046839456541 , std 0.13265034328759862 
2023-04-20 16:33:34,186 INFO pca_explained_2: 0.7807706785304147 , std 0.08899772371772562 
2023-04-20 16:33:34,186 INFO pca_explained_3: 0.8356310776293836 , std 0.06824975009094852 
