2023-04-20 16:37:28,345 INFO Tickers: ['CI']
2023-04-20 16:37:52,637 INFO Negative OS: -0.031621865028478746 --- ticker CI --- day 2018-06-25 --- time 50400
2023-04-20 16:37:58,303 INFO Negative OS: -0.13031159087613164 --- ticker CI --- day 2018-10-17 --- time 36000
2023-04-20 16:37:58,411 INFO Negative OS: -0.17048415727298094 --- ticker CI --- day 2018-10-18 --- time 46800
2023-04-20 16:37:58,706 INFO Negative OS: -0.5761301167154094 --- ticker CI --- day 2018-10-24 --- time 37800
2023-04-20 16:37:58,794 INFO Negative OS: -0.06914732569406334 --- ticker CI --- day 2018-10-25 --- time 39600
2023-04-20 16:37:59,427 INFO Negative OS: -0.15787029059757862 --- ticker CI --- day 2018-11-06 --- time 41400
2023-04-20 16:37:59,959 INFO Negative OS: -0.33020815537151527 --- ticker CI --- day 2018-11-15 --- time 41400
2023-04-20 16:38:00,023 INFO Negative OS: -0.03467587816528628 --- ticker CI --- day 2018-11-16 --- time 36000
2023-04-20 16:38:00,981 INFO Negative OS: -0.2480463812083511 --- ticker CI --- day 2018-12-07 --- time 43200
2023-04-20 16:38:00,986 INFO Negative OS: -0.10985281044864159 --- ticker CI --- day 2018-12-07 --- time 45000
2023-04-20 16:38:00,997 INFO Negative OS: -0.0008650818358351131 --- ticker CI --- day 2018-12-07 --- time 48600
2023-04-20 16:38:02,055 INFO Negative OS: -3.3586160090619526 --- ticker CI --- day 2018-12-27 --- time 41400
2023-04-20 16:38:02,463 INFO Negative OS: -0.29256381030874445 --- ticker CI --- day 2019-01-04 --- time 41400
2023-04-20 16:38:02,495 INFO Negative OS: -0.06102661133768694 --- ticker CI --- day 2019-01-04 --- time 52200
2023-04-20 16:38:02,562 INFO Negative OS: -0.04557802610100925 --- ticker CI --- day 2019-01-07 --- time 50400
2023-04-20 16:38:19,024 INFO in_r2: 0.7384144831148236 , std 0.16498895160657606 
2023-04-20 16:38:19,025 INFO os_r2: 0.6822053954294128 , std 0.23942008204538398 
2023-04-20 16:38:19,025 INFO intercept: -1.8805659592176448e-06 , std 2.6943810995014518e-05 
2023-04-20 16:38:19,025 INFO pca_1: -4.888035456460881e-07 , std 0.0002665518650104643 
2023-04-20 16:38:19,025 INFO pca_2: 9.865817821689975e-07 , std 0.00032572775588051757 
2023-04-20 16:38:19,025 INFO pca_3: -2.5863126301303905e-06 , std 0.00018976394672806478 
2023-04-20 16:38:19,025 INFO t_intercept: -0.11266468052601643 , std 2.4166745162970433 
2023-04-20 16:38:19,025 INFO t_pca_1: 0.19922594668901508 , std 26.19065157501526 
2023-04-20 16:38:19,025 INFO t_pca_2: -0.0037756147511863025 , std 10.965275164741033 
2023-04-20 16:38:19,025 INFO t_pca_3: -0.06011325477898189 , std 4.503747431520887 
2023-04-20 16:38:19,025 INFO p_intercept: 0.30312486461442445 , std 0.31897442137600823 
2023-04-20 16:38:19,025 INFO p_pca_1: 0.01765735200577317 , std 0.10321253285980313 
2023-04-20 16:38:19,025 INFO p_pca_2: 0.019505646900507902 , std 0.10382075870685761 
2023-04-20 16:38:19,025 INFO p_pca_3: 0.13867374640801478 , std 0.2492536719426903 
2023-04-20 16:38:19,025 INFO pca_explained_1: 0.5535114570750609 , std 0.13142803398789904 
2023-04-20 16:38:19,025 INFO pca_explained_2: 0.7140550390417822 , std 0.09141350551996072 
2023-04-20 16:38:19,025 INFO pca_explained_3: 0.791439776639398 , std 0.07168317577471041 
