2023-04-20 16:31:30,254 INFO Tickers: ['CMCSA']
2023-04-20 16:31:51,490 INFO Negative OS: -0.00615087069672926 --- ticker CMCSA --- day 2018-01-24 --- time 48600
2023-04-20 16:32:29,195 INFO Negative OS: -0.014221018752906156 --- ticker CMCSA --- day 2019-12-11 --- time 43200
2023-04-20 16:32:29,408 INFO in_r2: 0.973577725353259 , std 0.04087060163468424 
2023-04-20 16:32:29,408 INFO os_r2: 0.9672127638679396 , std 0.04522870660826186 
2023-04-20 16:32:29,408 INFO intercept: 1.1279666501121197e-07 , std 1.671211547189503e-05 
2023-04-20 16:32:29,408 INFO pca_1: 2.5025947146375597e-06 , std 0.0004386758216758545 
2023-04-20 16:32:29,408 INFO pca_2: -2.2769662521917506e-07 , std 0.00014746936067233998 
2023-04-20 16:32:29,408 INFO pca_3: 2.656483875478777e-06 , std 0.0002043247121429621 
2023-04-20 16:32:29,408 INFO t_intercept: 0.11417577593958723 , std 7.643424703402607 
2023-04-20 16:32:29,408 INFO t_pca_1: 0.7379611670666937 , std 106.23594306148927 
2023-04-20 16:32:29,408 INFO t_pca_2: 0.01993281416393118 , std 23.423923542344138 
2023-04-20 16:32:29,408 INFO t_pca_3: 0.11866232491307256 , std 12.996972754143572 
2023-04-20 16:32:29,408 INFO p_intercept: 0.10542372207628353 , std 0.23421457257972916 
2023-04-20 16:32:29,408 INFO p_pca_1: 0.0018421796193080022 , std 0.03363097857367581 
2023-04-20 16:32:29,408 INFO p_pca_2: 0.0712884723647178 , std 0.19118836872059833 
2023-04-20 16:32:29,408 INFO p_pca_3: 0.09871925184188628 , std 0.22204483282352272 
2023-04-20 16:32:29,408 INFO pca_explained_1: 0.6349855568027475 , std 0.11194445387378833 
2023-04-20 16:32:29,408 INFO pca_explained_2: 0.8488671304777909 , std 0.07810848027221996 
2023-04-20 16:32:29,408 INFO pca_explained_3: 0.8945469389792143 , std 0.05648895847652056 
