2023-04-20 16:38:07,394 INFO Tickers: ['CME']
2023-04-20 16:38:27,929 INFO Negative OS: -0.05180076583535986 --- ticker CME --- day 2018-03-15 --- time 45000
2023-04-20 16:38:39,247 INFO Negative OS: -0.03516001622593756 --- ticker CME --- day 2018-10-30 --- time 37800
2023-04-20 16:38:41,938 INFO Negative OS: -0.5596341084964149 --- ticker CME --- day 2018-12-20 --- time 45000
2023-04-20 16:38:43,980 INFO Negative OS: -0.966406438096995 --- ticker CME --- day 2019-02-04 --- time 36000
2023-04-20 16:38:45,319 INFO Negative OS: -0.010146808828735976 --- ticker CME --- day 2019-03-01 --- time 41400
2023-04-20 16:38:49,134 INFO Negative OS: -0.5408842694827076 --- ticker CME --- day 2019-05-14 --- time 48600
2023-04-20 16:38:59,426 INFO in_r2: 0.8128342914638576 , std 0.09136090697483021 
2023-04-20 16:38:59,426 INFO os_r2: 0.7804821108087354 , std 0.13115841426917602 
2023-04-20 16:38:59,427 INFO intercept: -3.712757511177967e-07 , std 1.7919028760704758e-05 
2023-04-20 16:38:59,427 INFO pca_1: -4.867558425986323e-06 , std 0.00019808474215196882 
2023-04-20 16:38:59,427 INFO pca_2: -5.636024000500426e-06 , std 0.00016396183001362512 
2023-04-20 16:38:59,427 INFO pca_3: -1.0616499488232886e-06 , std 0.00011276464683899878 
2023-04-20 16:38:59,427 INFO t_intercept: -0.022389215720004275 , std 2.6926512918471226 
2023-04-20 16:38:59,427 INFO t_pca_1: -0.656717675050691 , std 29.574732941193012 
2023-04-20 16:38:59,427 INFO t_pca_2: -0.3168843242889652 , std 10.62833793023315 
2023-04-20 16:38:59,427 INFO t_pca_3: 0.025869863280006247 , std 4.5253169352362095 
2023-04-20 16:38:59,427 INFO p_intercept: 0.24694400446055786 , std 0.30028837322466984 
2023-04-20 16:38:59,427 INFO p_pca_1: 0.0021797025361206157 , std 0.03534600981739902 
2023-04-20 16:38:59,427 INFO p_pca_2: 0.01585593724443595 , std 0.09236789157278336 
2023-04-20 16:38:59,427 INFO p_pca_3: 0.16816859913939894 , std 0.2683792627313305 
2023-04-20 16:38:59,427 INFO pca_explained_1: 0.589209813962429 , std 0.1132709632400414 
2023-04-20 16:38:59,427 INFO pca_explained_2: 0.7491082535005642 , std 0.07612268040641625 
2023-04-20 16:38:59,427 INFO pca_explained_3: 0.8192806891601966 , std 0.05703790683854393 
