2023-04-20 16:31:32,936 INFO Tickers: ['CSCO']
2023-04-20 16:31:51,477 INFO Negative OS: -0.09162381902901173 --- ticker CSCO --- day 2017-11-15 --- time 41400
2023-04-20 16:32:01,336 INFO Negative OS: -0.002063330782323014 --- ticker CSCO --- day 2018-05-07 --- time 50400
2023-04-20 16:32:35,264 INFO in_r2: 0.9775704706661753 , std 0.04441634315501772 
2023-04-20 16:32:35,265 INFO os_r2: 0.9715181691039465 , std 0.05104710388136626 
2023-04-20 16:32:35,265 INFO intercept: -1.3570707755335654e-07 , std 1.4861402854496529e-05 
2023-04-20 16:32:35,265 INFO pca_1: -2.4365905854548793e-05 , std 0.000414930529764929 
2023-04-20 16:32:35,265 INFO pca_2: 3.6302810502744385e-06 , std 0.00014530867514344297 
2023-04-20 16:32:35,265 INFO pca_3: -1.9911841310570098e-06 , std 0.00020512255428357885 
2023-04-20 16:32:35,265 INFO t_intercept: 0.07269164789276081 , std 9.569490952687765 
2023-04-20 16:32:35,265 INFO t_pca_1: -8.094492003482527 , std 135.9715235217794 
2023-04-20 16:32:35,265 INFO t_pca_2: 0.5210829243121411 , std 25.87044845844356 
2023-04-20 16:32:35,265 INFO t_pca_3: -0.31385584937824273 , std 16.924443817729397 
2023-04-20 16:32:35,265 INFO p_intercept: 0.09444019457523722 , std 0.23386470939634263 
2023-04-20 16:32:35,265 INFO p_pca_1: 0.0013951752666263642 , std 0.02807648276617037 
2023-04-20 16:32:35,265 INFO p_pca_2: 0.0667533527410513 , std 0.18778557735079515 
2023-04-20 16:32:35,265 INFO p_pca_3: 0.0987842495942568 , std 0.22242520874194505 
2023-04-20 16:32:35,265 INFO pca_explained_1: 0.6455491494389183 , std 0.1298610474989224 
2023-04-20 16:32:35,265 INFO pca_explained_2: 0.8368343259886581 , std 0.09784590472834177 
2023-04-20 16:32:35,265 INFO pca_explained_3: 0.8867786465066778 , std 0.07392796355191845 
