2023-04-20 16:28:31,348 INFO Tickers: ['GOOGL']
2023-04-20 16:28:39,520 INFO Negative OS: -0.16539151289488285 --- ticker GOOGL --- day 2017-06-06 --- time 36000
2023-04-20 16:28:43,307 INFO Negative OS: -0.13155519775257596 --- ticker GOOGL --- day 2017-08-11 --- time 46800
2023-04-20 16:28:50,735 INFO Negative OS: -0.031032759192543002 --- ticker GOOGL --- day 2017-12-27 --- time 46800
2023-04-20 16:28:50,805 INFO Negative OS: -0.36352702047807184 --- ticker GOOGL --- day 2017-12-28 --- time 43200
2023-04-20 16:28:52,274 INFO Negative OS: -0.31673983475747614 --- ticker GOOGL --- day 2018-01-25 --- time 41400
2023-04-20 16:28:52,342 INFO Negative OS: -0.0030799613309491214 --- ticker GOOGL --- day 2018-01-26 --- time 36000
2023-04-20 16:28:59,118 INFO Negative OS: -0.10795152453136403 --- ticker GOOGL --- day 2018-05-23 --- time 46800
2023-04-20 16:29:01,293 INFO Negative OS: -0.026556015194878047 --- ticker GOOGL --- day 2018-06-29 --- time 50400
2023-04-20 16:29:05,103 INFO Negative OS: -0.2359248709339461 --- ticker GOOGL --- day 2018-09-05 --- time 43200
2023-04-20 16:29:06,042 INFO Negative OS: -0.10040397557666503 --- ticker GOOGL --- day 2018-09-20 --- time 52200
2023-04-20 16:29:06,604 INFO Negative OS: -0.006849786441811556 --- ticker GOOGL --- day 2018-10-01 --- time 45000
2023-04-20 16:29:06,762 INFO Negative OS: -1.0019004539865737 --- ticker GOOGL --- day 2018-10-03 --- time 41400
2023-04-20 16:29:06,772 INFO Negative OS: -0.6990356936615305 --- ticker GOOGL --- day 2018-10-03 --- time 45000
2023-04-20 16:29:06,777 INFO Negative OS: -1.3209337709180544 --- ticker GOOGL --- day 2018-10-03 --- time 46800
2023-04-20 16:29:07,168 INFO Negative OS: -0.04736535667814867 --- ticker GOOGL --- day 2018-10-10 --- time 37800
2023-04-20 16:29:13,916 INFO Negative OS: -0.021996728546341604 --- ticker GOOGL --- day 2019-02-08 --- time 41400
2023-04-20 16:29:15,922 INFO Negative OS: -0.2942245213161001 --- ticker GOOGL --- day 2019-03-15 --- time 43200
2023-04-20 16:29:16,070 INFO Negative OS: -0.6719586649029516 --- ticker GOOGL --- day 2019-03-19 --- time 36000
2023-04-20 16:29:16,095 INFO Negative OS: -0.18811947522764183 --- ticker GOOGL --- day 2019-03-19 --- time 45000
2023-04-20 16:29:16,739 INFO Negative OS: -2.6824331630574063 --- ticker GOOGL --- day 2019-03-29 --- time 36000
2023-04-20 16:29:18,347 INFO Negative OS: -0.6269683309306324 --- ticker GOOGL --- day 2019-04-26 --- time 45000
2023-04-20 16:29:18,587 INFO Negative OS: -0.6166456617645202 --- ticker GOOGL --- day 2019-05-01 --- time 41400
2023-04-20 16:29:29,241 INFO Negative OS: -0.17372647286792997 --- ticker GOOGL --- day 2019-10-31 --- time 48600
2023-04-20 16:29:30,198 INFO Negative OS: -0.23543379601351777 --- ticker GOOGL --- day 2019-11-15 --- time 37800
2023-04-20 16:29:30,224 INFO Negative OS: -0.6236351860436189 --- ticker GOOGL --- day 2019-11-15 --- time 46800
2023-04-20 16:29:31,646 INFO Negative OS: -0.35923635216359995 --- ticker GOOGL --- day 2019-12-11 --- time 52200
2023-04-20 16:29:31,841 INFO in_r2: 0.7200112865801067 , std 0.10452278002632791 
2023-04-20 16:29:31,841 INFO os_r2: 0.6670313501096004 , std 0.15129088220777281 
2023-04-20 16:29:31,841 INFO intercept: -1.520893335354453e-07 , std 1.6761308642472922e-05 
2023-04-20 16:29:31,841 INFO pca_1: -3.6420883267628337e-06 , std 8.696142941001598e-05 
2023-04-20 16:29:31,841 INFO pca_2: -1.3831569794676188e-06 , std 5.788539209649499e-05 
2023-04-20 16:29:31,841 INFO pca_3: 2.3035855933040068e-07 , std 6.163907694365415e-05 
2023-04-20 16:29:31,841 INFO t_intercept: 0.02355724000399438 , std 2.052385977708211 
2023-04-20 16:29:31,841 INFO t_pca_1: -1.052651898954233 , std 21.572272457968246 
2023-04-20 16:29:31,841 INFO t_pca_2: -0.23209839576360533 , std 7.732298553395988 
2023-04-20 16:29:31,841 INFO t_pca_3: -0.004639930548836488 , std 5.592469046341422 
2023-04-20 16:29:31,841 INFO p_intercept: 0.3026611974943035 , std 0.30964544581474296 
2023-04-20 16:29:31,841 INFO p_pca_1: 0.0020608769646326425 , std 0.03472956312634299 
2023-04-20 16:29:31,841 INFO p_pca_2: 0.07259029174231935 , std 0.19468090025910154 
2023-04-20 16:29:31,841 INFO p_pca_3: 0.10070973614974477 , std 0.22091118869501516 
2023-04-20 16:29:31,841 INFO pca_explained_1: 0.5727398294512686 , std 0.1201986149729825 
2023-04-20 16:29:31,841 INFO pca_explained_2: 0.7237941008077412 , std 0.09458825150701504 
2023-04-20 16:29:31,841 INFO pca_explained_3: 0.7993773553375889 , std 0.07390704399070025 
