2023-04-20 16:30:30,643 INFO Tickers: ['INTC']
2023-04-20 16:30:56,153 INFO Negative OS: -0.02446848525465417 --- ticker INTC --- day 2018-03-19 --- time 43200
2023-04-20 16:30:57,594 INFO Negative OS: -0.045461132074101185 --- ticker INTC --- day 2018-04-12 --- time 45000
2023-04-20 16:31:19,439 INFO Negative OS: -0.46545006947972145 --- ticker INTC --- day 2019-04-26 --- time 48600
2023-04-20 16:31:32,931 INFO in_r2: 0.978008111934735 , std 0.05470835712275156 
2023-04-20 16:31:32,931 INFO os_r2: 0.9731405163938698 , std 0.05990690692421509 
2023-04-20 16:31:32,931 INFO intercept: 1.585474137282345e-07 , std 1.7446262058543386e-05 
2023-04-20 16:31:32,931 INFO pca_1: -1.7872451850176244e-05 , std 0.00039926938184987643 
2023-04-20 16:31:32,931 INFO pca_2: -1.8712613702393154e-06 , std 0.00013858690199464388 
2023-04-20 16:31:32,931 INFO pca_3: 1.089763952268336e-05 , std 0.00017767305997134562 
2023-04-20 16:31:32,931 INFO t_intercept: 0.26575539104295004 , std 9.011076587357485 
2023-04-20 16:31:32,931 INFO t_pca_1: -5.779152540108917 , std 131.31870890814778 
2023-04-20 16:31:32,931 INFO t_pca_2: -0.49117663409081386 , std 28.419054769697066 
2023-04-20 16:31:32,931 INFO t_pca_3: 0.8190213949078456 , std 14.797617814059873 
2023-04-20 16:31:32,932 INFO p_intercept: 0.09039392792586462 , std 0.22459056802269234 
2023-04-20 16:31:32,932 INFO p_pca_1: 0.002507928339236742 , std 0.04059967837632659 
2023-04-20 16:31:32,932 INFO p_pca_2: 0.05392144401932949 , std 0.16772585557437794 
2023-04-20 16:31:32,932 INFO p_pca_3: 0.116956241980798 , std 0.23820051715159735 
2023-04-20 16:31:32,932 INFO pca_explained_1: 0.6081476675235068 , std 0.13472933137524723 
2023-04-20 16:31:32,932 INFO pca_explained_2: 0.8185120800231688 , std 0.10683040660762015 
2023-04-20 16:31:32,932 INFO pca_explained_3: 0.8710734019240507 , std 0.07975474240238084 
