2023-04-20 16:39:52,857 INFO Tickers: ['RTN']
2023-04-20 16:40:10,146 INFO Negative OS: -0.01972754837077928 --- ticker RTN --- day 2018-01-24 --- time 36000
2023-04-20 16:40:10,544 INFO Negative OS: -0.07140187619249239 --- ticker RTN --- day 2018-02-01 --- time 36000
2023-04-20 16:40:10,915 INFO Negative OS: -0.046902598358014025 --- ticker RTN --- day 2018-02-08 --- time 52200
2023-04-20 16:40:11,867 INFO Negative OS: -0.2839576660835281 --- ticker RTN --- day 2018-03-01 --- time 52200
2023-04-20 16:40:22,230 INFO Negative OS: -0.1700452767846401 --- ticker RTN --- day 2018-10-11 --- time 41400
2023-04-20 16:40:22,514 INFO Negative OS: -0.04434666769909934 --- ticker RTN --- day 2018-10-17 --- time 36000
2023-04-20 16:40:22,844 INFO Negative OS: -0.014771189936478413 --- ticker RTN --- day 2018-10-23 --- time 46800
2023-04-20 16:40:22,849 INFO Negative OS: -0.5648636428009539 --- ticker RTN --- day 2018-10-23 --- time 48600
2023-04-20 16:40:22,908 INFO Negative OS: -0.03988472795129594 --- ticker RTN --- day 2018-10-24 --- time 41400
2023-04-20 16:40:23,742 INFO Negative OS: -0.06957196034513813 --- ticker RTN --- day 2018-11-08 --- time 37800
2023-04-20 16:40:24,601 INFO Negative OS: -0.7235417399438129 --- ticker RTN --- day 2018-11-27 --- time 36000
2023-04-20 16:40:25,769 INFO Negative OS: -0.03008703595469986 --- ticker RTN --- day 2018-12-19 --- time 48600
2023-04-20 16:40:26,945 INFO Negative OS: -0.1884415530292083 --- ticker RTN --- day 2019-01-15 --- time 39600
2023-04-20 16:40:42,401 INFO in_r2: 0.7398982760991752 , std 0.14414747799631775 
2023-04-20 16:40:42,402 INFO os_r2: 0.700306697370881 , std 0.1823726237615115 
2023-04-20 16:40:42,402 INFO intercept: -9.167204648160102e-07 , std 2.140989991628571e-05 
2023-04-20 16:40:42,402 INFO pca_1: -1.44777643977874e-05 , std 0.00025070145505053906 
2023-04-20 16:40:42,402 INFO pca_2: 1.2563023433986788e-05 , std 0.0002902360788275239 
2023-04-20 16:40:42,402 INFO pca_3: 5.28655184389162e-07 , std 0.00016365477147050684 
2023-04-20 16:40:42,402 INFO t_intercept: -0.09618800431172468 , std 2.2558093094818976 
2023-04-20 16:40:42,402 INFO t_pca_1: -0.4482444907649648 , std 24.81215149015794 
2023-04-20 16:40:42,402 INFO t_pca_2: 0.5666850631990378 , std 9.642516305111078 
2023-04-20 16:40:42,402 INFO t_pca_3: 0.04863816394679051 , std 4.16032483469412 
2023-04-20 16:40:42,402 INFO p_intercept: 0.3172060060010991 , std 0.31594656457705717 
2023-04-20 16:40:42,402 INFO p_pca_1: 0.0050479755290858686 , std 0.048981238548582745 
2023-04-20 16:40:42,402 INFO p_pca_2: 0.016060651994900674 , std 0.09348784113235749 
2023-04-20 16:40:42,402 INFO p_pca_3: 0.1569027674026109 , std 0.25835626359019065 
2023-04-20 16:40:42,402 INFO pca_explained_1: 0.561338951882424 , std 0.1237341167180521 
2023-04-20 16:40:42,402 INFO pca_explained_2: 0.7036450329119153 , std 0.0895818360513478 
2023-04-20 16:40:42,402 INFO pca_explained_3: 0.7768812139213535 , std 0.0723341713161715 
