2023-04-20 16:38:49,255 INFO Tickers: ['SPGI']
2023-04-20 16:39:09,399 INFO Negative OS: -0.06531263792256303 --- ticker SPGI --- day 2018-03-21 --- time 52200
2023-04-20 16:39:19,036 INFO Negative OS: -0.27476066129414867 --- ticker SPGI --- day 2018-10-10 --- time 48600
2023-04-20 16:39:19,100 INFO Negative OS: -0.5908525248330334 --- ticker SPGI --- day 2018-10-11 --- time 41400
2023-04-20 16:39:19,119 INFO Negative OS: -0.07547197620303714 --- ticker SPGI --- day 2018-10-11 --- time 50400
2023-04-20 16:39:19,124 INFO Negative OS: -0.11897193274842421 --- ticker SPGI --- day 2018-10-11 --- time 52200
2023-04-20 16:39:19,780 INFO Negative OS: -0.010934082234432596 --- ticker SPGI --- day 2018-10-25 --- time 37800
2023-04-20 16:39:21,707 INFO Negative OS: -0.24618854987757088 --- ticker SPGI --- day 2018-12-07 --- time 43200
2023-04-20 16:39:22,319 INFO Negative OS: -5.138403191520858 --- ticker SPGI --- day 2018-12-19 --- time 50400
2023-04-20 16:39:22,377 INFO Negative OS: -0.5473202667757322 --- ticker SPGI --- day 2018-12-20 --- time 41400
2023-04-20 16:39:26,452 INFO Negative OS: -0.9269018569001213 --- ticker SPGI --- day 2019-03-19 --- time 45000
2023-04-20 16:39:33,083 INFO Negative OS: -0.5889047743075997 --- ticker SPGI --- day 2019-08-01 --- time 37800
2023-04-20 16:39:39,534 INFO in_r2: 0.7404438753707876 , std 0.1432667507106716 
2023-04-20 16:39:39,534 INFO os_r2: 0.6812382190001282 , std 0.28910225915099813 
2023-04-20 16:39:39,534 INFO intercept: -7.839956745066233e-07 , std 1.8407130028345792e-05 
2023-04-20 16:39:39,534 INFO pca_1: -6.316845085120825e-06 , std 0.0002233452306123821 
2023-04-20 16:39:39,534 INFO pca_2: -2.6575763601987433e-05 , std 0.0002733934814729929 
2023-04-20 16:39:39,534 INFO pca_3: 8.981745553506723e-07 , std 0.00016294529280515906 
2023-04-20 16:39:39,534 INFO t_intercept: -0.018900268236326 , std 2.1953060768228045 
2023-04-20 16:39:39,534 INFO t_pca_1: -0.6503437172824247 , std 23.913607088610437 
2023-04-20 16:39:39,534 INFO t_pca_2: -1.3326889476481698 , std 8.957051198466845 
2023-04-20 16:39:39,534 INFO t_pca_3: -0.05898558934886692 , std 4.541252048066972 
2023-04-20 16:39:39,534 INFO p_intercept: 0.33610529233905656 , std 0.32668700153485253 
2023-04-20 16:39:39,534 INFO p_pca_1: 0.005947186218833894 , std 0.05636062403216411 
2023-04-20 16:39:39,534 INFO p_pca_2: 0.024763450769758114 , std 0.11706700087120324 
2023-04-20 16:39:39,534 INFO p_pca_3: 0.14105634436062495 , std 0.2496358459942076 
2023-04-20 16:39:39,534 INFO pca_explained_1: 0.5819867688264712 , std 0.10625661769114805 
2023-04-20 16:39:39,534 INFO pca_explained_2: 0.7200162462850208 , std 0.0743425837565109 
2023-04-20 16:39:39,534 INFO pca_explained_3: 0.7947656438499393 , std 0.060748030029644864 
