2023-04-20 16:29:32,944 INFO Tickers: ['T']
2023-04-20 16:29:43,680 INFO Negative OS: -0.2578997477756022 --- ticker T --- day 2017-07-18 --- time 41400
2023-04-20 16:29:48,577 INFO Negative OS: -0.26371759581595544 --- ticker T --- day 2017-10-13 --- time 43200
2023-04-20 16:29:48,815 INFO Negative OS: -0.018676434675965803 --- ticker T --- day 2017-10-18 --- time 43200
2023-04-20 16:29:49,750 INFO Negative OS: -0.06330383621424929 --- ticker T --- day 2017-11-03 --- time 36000
2023-04-20 16:29:50,022 INFO Negative OS: -0.00439281205031139 --- ticker T --- day 2017-11-08 --- time 48600
2023-04-20 16:29:50,148 INFO Negative OS: -0.0007441269873653678 --- ticker T --- day 2017-11-10 --- time 36000
2023-04-20 16:29:53,249 INFO Negative OS: -0.035411181367966504 --- ticker T --- day 2018-01-09 --- time 39600
2023-04-20 16:29:54,527 INFO Negative OS: -0.053703314726871954 --- ticker T --- day 2018-02-01 --- time 41400
2023-04-20 16:29:58,769 INFO Negative OS: -0.051753558730973426 --- ticker T --- day 2018-04-19 --- time 46800
2023-04-20 16:29:59,383 INFO Negative OS: -0.15547931774606938 --- ticker T --- day 2018-05-01 --- time 37800
2023-04-20 16:30:01,762 INFO Negative OS: -0.16389488465359525 --- ticker T --- day 2018-06-13 --- time 37800
2023-04-20 16:30:01,791 INFO Negative OS: -0.006518346139132936 --- ticker T --- day 2018-06-13 --- time 48600
2023-04-20 16:30:01,796 INFO Negative OS: -0.0019367125342260039 --- ticker T --- day 2018-06-13 --- time 50400
2023-04-20 16:30:03,415 INFO Negative OS: -0.06748127982951058 --- ticker T --- day 2018-07-13 --- time 36000
2023-04-20 16:30:03,439 INFO Negative OS: -1.1294141348063134 --- ticker T --- day 2018-07-13 --- time 45000
2023-04-20 16:30:08,275 INFO Negative OS: -0.10072191660165086 --- ticker T --- day 2018-10-09 --- time 46800
2023-04-20 16:30:09,129 INFO Negative OS: -0.016358058131525688 --- ticker T --- day 2018-10-24 --- time 37800
2023-04-20 16:30:09,557 INFO Negative OS: -0.07078476253514188 --- ticker T --- day 2018-10-31 --- time 48600
2023-04-20 16:30:10,406 INFO Negative OS: -0.004418967744060476 --- ticker T --- day 2018-11-15 --- time 37800
2023-04-20 16:30:14,211 INFO Negative OS: -0.008036284768863533 --- ticker T --- day 2019-01-30 --- time 36000
2023-04-20 16:30:31,815 INFO in_r2: 0.9508319035178717 , std 0.096692254041898 
2023-04-20 16:30:31,815 INFO os_r2: 0.9360884619519667 , std 0.11100152385615976 
2023-04-20 16:30:31,815 INFO intercept: -1.8450519062514157e-07 , std 1.3296624465362e-05 
2023-04-20 16:30:31,815 INFO pca_1: -8.674868364778232e-06 , std 0.00045497305078663906 
2023-04-20 16:30:31,815 INFO pca_2: 6.849713225012457e-06 , std 0.00019465802679364416 
2023-04-20 16:30:31,815 INFO pca_3: 6.523611281531684e-06 , std 0.00021925002953920178 
2023-04-20 16:30:31,815 INFO t_intercept: -0.03739732333897348 , std 6.950145371416997 
2023-04-20 16:30:31,815 INFO t_pca_1: -3.319029896956858 , std 97.56230907682209 
2023-04-20 16:30:31,815 INFO t_pca_2: 0.9221905879602913 , std 24.78280113565531 
2023-04-20 16:30:31,815 INFO t_pca_3: 0.42397100200670107 , std 16.408113564367234 
2023-04-20 16:30:31,815 INFO p_intercept: 0.1294745981402839 , std 0.2601742042662701 
2023-04-20 16:30:31,815 INFO p_pca_1: 0.005040315151620816 , std 0.05525482838341442 
2023-04-20 16:30:31,815 INFO p_pca_2: 0.0778113737277033 , std 0.19999584585122493 
2023-04-20 16:30:31,815 INFO p_pca_3: 0.09829783246393917 , std 0.22235937764919358 
2023-04-20 16:30:31,815 INFO pca_explained_1: 0.5837528306026354 , std 0.14461487483666788 
2023-04-20 16:30:31,816 INFO pca_explained_2: 0.768198962653232 , std 0.1177850806465951 
2023-04-20 16:30:31,816 INFO pca_explained_3: 0.8378772460027134 , std 0.0910187479127495 
