2023-05-09 08:10:53,114 INFO Starting...
2023-05-09 08:10:53,114 INFO Tickers: ['ABT']
2023-05-09 08:11:09,959 INFO in_r2: 0.06016055733677018 , std 0.1572709735115893 
2023-05-09 08:11:09,959 INFO os_r2: -0.6097906358590506 , std 0.14236290147709468 
2023-05-09 08:11:09,959 INFO intercept: 2.229305980973596e-06 , std 7.992857689409347e-05 
2023-05-09 08:11:09,959 INFO pca_1_1: 4.895424846985269e-07 , std 6.079227008414799e-05 
2023-05-09 08:11:09,959 INFO pca_2_1: -2.321567825249327e-07 , std 5.756279844687825e-05 
2023-05-09 08:11:09,959 INFO pca_3_1: -2.0754504846152415e-07 , std 5.309596337110333e-05 
2023-05-09 08:11:09,959 INFO pca_4_1: 3.121950298047711e-07 , std 4.533101297372023e-05 
2023-05-09 08:11:09,959 INFO pca_5_1: 2.574611076966751e-07 , std 4.239176907375878e-05 
2023-05-09 08:11:09,959 INFO pca_6_1: 7.228870642568451e-07 , std 4.498489677866134e-05 
2023-05-09 08:11:09,960 INFO pca_7_1: -2.6904386179390313e-07 , std 4.846664719600036e-05 
2023-05-09 08:11:09,960 INFO t_intercept: 0.04890507845618938 , std 1.0385628529760293 
2023-05-09 08:11:09,960 INFO t_pca_1_1: 0.0056981650651197506 , std 0.9561456415642728 
2023-05-09 08:11:09,960 INFO t_pca_2_1: -0.002965865160758522 , std 0.9243817851142578 
2023-05-09 08:11:09,960 INFO t_pca_3_1: -0.00451508309261415 , std 0.9663673135716779 
2023-05-09 08:11:09,960 INFO t_pca_4_1: 0.006889605027089975 , std 1.081059922442997 
2023-05-09 08:11:09,960 INFO t_pca_5_1: 0.00607854986773148 , std 1.2376143444287309 
2023-05-09 08:11:09,960 INFO t_pca_6_1: 0.022055336798000626 , std 1.3475672031573214 
2023-05-09 08:11:09,960 INFO t_pca_7_1: -0.003310522578790971 , std 1.4845556669395557 
2023-05-09 08:11:10,632 INFO Grouping by horizont:
2023-05-09 08:11:10,632 INFO 1: 0.029930185925778188
2023-05-09 08:11:10,632 INFO Grouping by level:
2023-05-09 08:11:10,632 INFO 1: 0.0056981650651197506
2023-05-09 08:11:10,632 INFO 2: -0.002965865160758522
2023-05-09 08:11:10,632 INFO 3: -0.00451508309261415
2023-05-09 08:11:10,632 INFO 4: 0.006889605027089975
2023-05-09 08:11:10,632 INFO 5: 0.00607854986773148
2023-05-09 08:11:10,633 INFO 6: 0.022055336798000626
2023-05-09 08:11:10,633 INFO 7: -0.003310522578790971
2023-05-09 08:11:10,633 INFO Grouping by level and horizont:
2023-05-09 08:11:10,633 INFO 1_1: 0.0056981650651197506
2023-05-09 08:11:10,633 INFO 2_1: -0.002965865160758522
2023-05-09 08:11:10,633 INFO 3_1: -0.00451508309261415
2023-05-09 08:11:10,633 INFO 4_1: 0.006889605027089975
2023-05-09 08:11:10,633 INFO 5_1: 0.00607854986773148
2023-05-09 08:11:10,633 INFO 6_1: 0.022055336798000626
2023-05-09 08:11:10,633 INFO 7_1: -0.003310522578790971
2023-05-09 08:11:10,634 INFO Non empty regressions: 1.0 --- 199128 / 199128
