2023-05-09 08:13:31,157 INFO Starting...
2023-05-09 08:13:31,157 INFO Tickers: ['ACN']
2023-05-09 08:13:48,016 INFO in_r2: 0.05263833072389334 , std 0.15575921875105597 
2023-05-09 08:13:48,016 INFO os_r2: -0.623323801794915 , std 0.1546017301995998 
2023-05-09 08:13:48,016 INFO intercept: 9.887246325011536e-07 , std 7.235184839245277e-05 
2023-05-09 08:13:48,016 INFO pca_1_1: 1.194446299454253e-07 , std 4.5242704909142245e-05 
2023-05-09 08:13:48,016 INFO pca_2_1: 1.3495061480489534e-07 , std 4.346681125016752e-05 
2023-05-09 08:13:48,016 INFO pca_3_1: -3.1816196473652195e-07 , std 3.9438794833782306e-05 
2023-05-09 08:13:48,016 INFO pca_4_1: 1.8035185204063208e-07 , std 3.3097846111721714e-05 
2023-05-09 08:13:48,016 INFO pca_5_1: 1.767584533422815e-07 , std 3.090253608607299e-05 
2023-05-09 08:13:48,016 INFO pca_6_1: -2.5996174200666745e-07 , std 3.30307862525794e-05 
2023-05-09 08:13:48,016 INFO pca_7_1: 3.064561572500709e-07 , std 3.478762969080265e-05 
2023-05-09 08:13:48,016 INFO t_intercept: 0.050419655733261966 , std 1.016218768036063 
2023-05-09 08:13:48,016 INFO t_pca_1_1: 0.005559095084008529 , std 0.9991950846046641 
2023-05-09 08:13:48,016 INFO t_pca_2_1: 0.0021523881027488796 , std 0.9472533532147305 
2023-05-09 08:13:48,016 INFO t_pca_3_1: -0.006618976282819788 , std 0.9726797775540307 
2023-05-09 08:13:48,016 INFO t_pca_4_1: 0.006069404057457325 , std 1.0603211349298904 
2023-05-09 08:13:48,016 INFO t_pca_5_1: 0.0038683956163414407 , std 1.1979304573435112 
2023-05-09 08:13:48,016 INFO t_pca_6_1: -0.009371369539308871 , std 1.3120967316474628 
2023-05-09 08:13:48,016 INFO t_pca_7_1: 0.0026894668978491303 , std 1.4473644595733561 
2023-05-09 08:13:48,677 INFO Grouping by horizont:
2023-05-09 08:13:48,677 INFO 1: 0.0043484039362766454
2023-05-09 08:13:48,677 INFO Grouping by level:
2023-05-09 08:13:48,677 INFO 1: 0.005559095084008529
2023-05-09 08:13:48,677 INFO 2: 0.0021523881027488796
2023-05-09 08:13:48,677 INFO 3: -0.006618976282819788
2023-05-09 08:13:48,677 INFO 4: 0.006069404057457325
2023-05-09 08:13:48,677 INFO 5: 0.0038683956163414407
2023-05-09 08:13:48,677 INFO 6: -0.009371369539308871
2023-05-09 08:13:48,677 INFO 7: 0.0026894668978491303
2023-05-09 08:13:48,677 INFO Grouping by level and horizont:
2023-05-09 08:13:48,677 INFO 1_1: 0.005559095084008529
2023-05-09 08:13:48,677 INFO 2_1: 0.0021523881027488796
2023-05-09 08:13:48,677 INFO 3_1: -0.006618976282819788
2023-05-09 08:13:48,677 INFO 4_1: 0.006069404057457325
2023-05-09 08:13:48,677 INFO 5_1: 0.0038683956163414407
2023-05-09 08:13:48,677 INFO 6_1: -0.009371369539308871
2023-05-09 08:13:48,677 INFO 7_1: 0.0026894668978491303
2023-05-09 08:13:48,679 INFO Non empty regressions: 1.0 --- 199128 / 199128
