2023-05-09 08:02:06,318 INFO Starting...
2023-05-09 08:02:06,318 INFO Tickers: ['AMZN']
2023-05-09 08:02:22,547 INFO in_r2: 0.059033845248520435 , std 0.15806818802217804 
2023-05-09 08:02:22,547 INFO os_r2: -0.688309037345823 , std 0.19430645975438185 
2023-05-09 08:02:22,547 INFO intercept: -7.599166850225598e-07 , std 0.0001024799026391384 
2023-05-09 08:02:22,547 INFO pca_1_1: 1.160303155318241e-07 , std 1.950832469678034e-05 
2023-05-09 08:02:22,547 INFO pca_2_1: 2.9916615904392966e-07 , std 1.8368167215839294e-05 
2023-05-09 08:02:22,547 INFO pca_3_1: 4.7812055509046253e-08 , std 1.637464449624399e-05 
2023-05-09 08:02:22,547 INFO pca_4_1: 2.0327939375612834e-07 , std 1.308770603102506e-05 
2023-05-09 08:02:22,548 INFO pca_5_1: 4.137193658403682e-09 , std 1.1890442844865362e-05 
2023-05-09 08:02:22,548 INFO pca_6_1: 2.1755346612252957e-07 , std 1.2698399738520906e-05 
2023-05-09 08:02:22,548 INFO pca_7_1: 1.3058659885421705e-08 , std 1.3264884391993724e-05 
2023-05-09 08:02:22,548 INFO t_intercept: 0.045356436373534856 , std 1.0262825351471996 
2023-05-09 08:02:22,548 INFO t_pca_1_1: 0.010739654098027344 , std 0.9906073141239311 
2023-05-09 08:02:22,548 INFO t_pca_2_1: 0.017245582947373748 , std 0.9702609685901675 
2023-05-09 08:02:22,548 INFO t_pca_3_1: 0.00815668146065282 , std 0.9926699186387581 
2023-05-09 08:02:22,548 INFO t_pca_4_1: 0.02518549701776367 , std 1.0970738651753549 
2023-05-09 08:02:22,548 INFO t_pca_5_1: 0.003217642072618158 , std 1.2449899933014732 
2023-05-09 08:02:22,548 INFO t_pca_6_1: 0.024192178174470443 , std 1.3656460448894217 
2023-05-09 08:02:22,548 INFO t_pca_7_1: -0.002218056610498963 , std 1.4810393142908016 
2023-05-09 08:02:23,218 INFO Grouping by horizont:
2023-05-09 08:02:23,219 INFO 1: 0.08651917916040722
2023-05-09 08:02:23,219 INFO Grouping by level:
2023-05-09 08:02:23,219 INFO 1: 0.010739654098027344
2023-05-09 08:02:23,219 INFO 2: 0.017245582947373748
2023-05-09 08:02:23,219 INFO 3: 0.00815668146065282
2023-05-09 08:02:23,219 INFO 4: 0.02518549701776367
2023-05-09 08:02:23,219 INFO 5: 0.003217642072618158
2023-05-09 08:02:23,219 INFO 6: 0.024192178174470443
2023-05-09 08:02:23,219 INFO 7: -0.002218056610498963
2023-05-09 08:02:23,219 INFO Grouping by level and horizont:
2023-05-09 08:02:23,219 INFO 1_1: 0.010739654098027344
2023-05-09 08:02:23,219 INFO 2_1: 0.017245582947373748
2023-05-09 08:02:23,219 INFO 3_1: 0.00815668146065282
2023-05-09 08:02:23,219 INFO 4_1: 0.02518549701776367
2023-05-09 08:02:23,219 INFO 5_1: 0.003217642072618158
2023-05-09 08:02:23,219 INFO 6_1: 0.024192178174470443
2023-05-09 08:02:23,219 INFO 7_1: -0.002218056610498963
2023-05-09 08:02:23,220 INFO Non empty regressions: 1.0 --- 199128 / 199128
