2023-05-09 08:28:58,135 INFO Starting...
2023-05-09 08:28:58,135 INFO Tickers: ['BSX']
2023-05-09 08:29:15,096 INFO in_r2: 0.06088006976816761 , std 0.15850022247243387 
2023-05-09 08:29:15,097 INFO os_r2: -0.638462584238333 , std 0.18230414079291166 
2023-05-09 08:29:15,097 INFO intercept: 1.8222965298109495e-06 , std 9.627265669725799e-05 
2023-05-09 08:29:15,097 INFO pca_1_1: -4.802214034810533e-07 , std 0.00011376835709294953 
2023-05-09 08:29:15,097 INFO pca_2_1: -1.3609397549591786e-06 , std 0.00010846665464088209 
2023-05-09 08:29:15,097 INFO pca_3_1: 3.9570382580979995e-07 , std 9.95819198930863e-05 
2023-05-09 08:29:15,097 INFO pca_4_1: 9.69574890013749e-09 , std 8.289126207366727e-05 
2023-05-09 08:29:15,097 INFO pca_5_1: -2.2816270682250043e-07 , std 7.760454638817919e-05 
2023-05-09 08:29:15,097 INFO pca_6_1: 6.664600556495374e-07 , std 8.198739055041475e-05 
2023-05-09 08:29:15,097 INFO pca_7_1: -5.1691934694590697e-08 , std 9.111553611544954e-05 
2023-05-09 08:29:15,097 INFO t_intercept: 0.027095569523606266 , std 1.0078544076442242 
2023-05-09 08:29:15,097 INFO t_pca_1_1: -0.003967077653769822 , std 0.9620430592767188 
2023-05-09 08:29:15,097 INFO t_pca_2_1: -0.011713324607470946 , std 0.9311494139222349 
2023-05-09 08:29:15,097 INFO t_pca_3_1: 0.0017474659377009827 , std 0.9657539957259852 
2023-05-09 08:29:15,097 INFO t_pca_4_1: -0.004007694449095874 , std 1.0596391949763797 
2023-05-09 08:29:15,097 INFO t_pca_5_1: -0.0006856753447951075 , std 1.21826019431577 
2023-05-09 08:29:15,097 INFO t_pca_6_1: 0.015735170722371794 , std 1.3365671483462214 
2023-05-09 08:29:15,097 INFO t_pca_7_1: 0.005236287246562702 , std 1.4968310847251869 
2023-05-09 08:29:15,761 INFO Grouping by horizont:
2023-05-09 08:29:15,761 INFO 1: 0.0023451518515037306
2023-05-09 08:29:15,761 INFO Grouping by level:
2023-05-09 08:29:15,761 INFO 1: -0.003967077653769822
2023-05-09 08:29:15,761 INFO 2: -0.011713324607470946
2023-05-09 08:29:15,761 INFO 3: 0.0017474659377009827
2023-05-09 08:29:15,761 INFO 4: -0.004007694449095874
2023-05-09 08:29:15,761 INFO 5: -0.0006856753447951075
2023-05-09 08:29:15,761 INFO 6: 0.015735170722371794
2023-05-09 08:29:15,761 INFO 7: 0.005236287246562702
2023-05-09 08:29:15,761 INFO Grouping by level and horizont:
2023-05-09 08:29:15,761 INFO 1_1: -0.003967077653769822
2023-05-09 08:29:15,761 INFO 2_1: -0.011713324607470946
2023-05-09 08:29:15,761 INFO 3_1: 0.0017474659377009827
2023-05-09 08:29:15,761 INFO 4_1: -0.004007694449095874
2023-05-09 08:29:15,761 INFO 5_1: -0.0006856753447951075
2023-05-09 08:29:15,761 INFO 6_1: 0.015735170722371794
2023-05-09 08:29:15,761 INFO 7_1: 0.005236287246562702
2023-05-09 08:29:15,763 INFO Non empty regressions: 1.0 --- 198904 / 198904
