2023-05-09 08:09:47,394 INFO Starting...
2023-05-09 08:09:47,394 INFO Tickers: ['C']
2023-05-09 08:10:03,936 INFO in_r2: 0.061034191617120016 , std 0.15713388619146754 
2023-05-09 08:10:03,936 INFO os_r2: -0.6467501970856329 , std 0.5702147759880645 
2023-05-09 08:10:03,936 INFO intercept: 5.033844112052683e-07 , std 9.39271358187515e-05 
2023-05-09 08:10:03,936 INFO pca_1_1: 8.96233422525504e-07 , std 5.5151659365258805e-05 
2023-05-09 08:10:03,936 INFO pca_2_1: -8.173136224891984e-07 , std 5.295392201774274e-05 
2023-05-09 08:10:03,936 INFO pca_3_1: 1.1046075076027383e-07 , std 4.89130471121842e-05 
2023-05-09 08:10:03,936 INFO pca_4_1: -1.0209168853986494e-07 , std 4.128327771155748e-05 
2023-05-09 08:10:03,936 INFO pca_5_1: 3.3497880294996317e-07 , std 3.934803732831994e-05 
2023-05-09 08:10:03,936 INFO pca_6_1: -7.566862887275217e-07 , std 4.107737059230501e-05 
2023-05-09 08:10:03,936 INFO pca_7_1: -3.8466447774916045e-07 , std 4.402386629245343e-05 
2023-05-09 08:10:03,936 INFO t_intercept: 0.03275379046136843 , std 1.034665196764768 
2023-05-09 08:10:03,936 INFO t_pca_1_1: 0.014872760670480776 , std 0.942440253546256 
2023-05-09 08:10:03,936 INFO t_pca_2_1: -0.015022580687201921 , std 0.9197887428741831 
2023-05-09 08:10:03,936 INFO t_pca_3_1: 0.001883417681118119 , std 0.9641437790293091 
2023-05-09 08:10:03,936 INFO t_pca_4_1: 0.0009973267673295072 , std 1.083136320883039 
2023-05-09 08:10:03,936 INFO t_pca_5_1: 0.009631326791768416 , std 1.2386822688976904 
2023-05-09 08:10:03,936 INFO t_pca_6_1: -0.023633333445279146 , std 1.3575173194599113 
2023-05-09 08:10:03,936 INFO t_pca_7_1: -0.012977702851357563 , std 1.4907239339674174 
2023-05-09 08:10:04,633 INFO Grouping by horizont:
2023-05-09 08:10:04,633 INFO 1: -0.024248785073141814
2023-05-09 08:10:04,633 INFO Grouping by level:
2023-05-09 08:10:04,633 INFO 1: 0.014872760670480776
2023-05-09 08:10:04,633 INFO 2: -0.015022580687201921
2023-05-09 08:10:04,633 INFO 3: 0.001883417681118119
2023-05-09 08:10:04,633 INFO 4: 0.0009973267673295072
2023-05-09 08:10:04,634 INFO 5: 0.009631326791768416
2023-05-09 08:10:04,634 INFO 6: -0.023633333445279146
2023-05-09 08:10:04,634 INFO 7: -0.012977702851357563
2023-05-09 08:10:04,634 INFO Grouping by level and horizont:
2023-05-09 08:10:04,634 INFO 1_1: 0.014872760670480776
2023-05-09 08:10:04,634 INFO 2_1: -0.015022580687201921
2023-05-09 08:10:04,634 INFO 3_1: 0.001883417681118119
2023-05-09 08:10:04,634 INFO 4_1: 0.0009973267673295072
2023-05-09 08:10:04,634 INFO 5_1: 0.009631326791768416
2023-05-09 08:10:04,634 INFO 6_1: -0.023633333445279146
2023-05-09 08:10:04,634 INFO 7_1: -0.012977702851357563
2023-05-09 08:10:04,635 INFO Non empty regressions: 1.0 --- 199128 / 199128
