2023-05-09 08:13:48,681 INFO Starting...
2023-05-09 08:13:48,681 INFO Tickers: ['COST']
2023-05-09 08:14:05,630 INFO in_r2: 0.056412891624485324 , std 0.1556979301290573 
2023-05-09 08:14:05,630 INFO os_r2: -0.6384595931424774 , std 0.27174159765403977 
2023-05-09 08:14:05,630 INFO intercept: 7.735450702996093e-07 , std 7.385052637296409e-05 
2023-05-09 08:14:05,630 INFO pca_1_1: 2.8778445528904117e-07 , std 3.072338139928548e-05 
2023-05-09 08:14:05,630 INFO pca_2_1: -6.926352794730823e-07 , std 2.980941099985714e-05 
2023-05-09 08:14:05,630 INFO pca_3_1: 1.5659720211570168e-07 , std 2.704178026226884e-05 
2023-05-09 08:14:05,630 INFO pca_4_1: -2.601896446278451e-07 , std 2.2525595605679098e-05 
2023-05-09 08:14:05,630 INFO pca_5_1: 8.304065196089957e-08 , std 2.083380061080815e-05 
2023-05-09 08:14:05,630 INFO pca_6_1: -1.475506146441546e-07 , std 2.158938406424881e-05 
2023-05-09 08:14:05,630 INFO pca_7_1: 1.4723684433876254e-07 , std 2.2998351999540605e-05 
2023-05-09 08:14:05,630 INFO t_intercept: 0.033080884810109124 , std 1.041128482094421 
2023-05-09 08:14:05,630 INFO t_pca_1_1: 0.009343751965562308 , std 0.9806031017330459 
2023-05-09 08:14:05,630 INFO t_pca_2_1: -0.019378445655633913 , std 0.9556776462474761 
2023-05-09 08:14:05,630 INFO t_pca_3_1: 0.005553586658337494 , std 0.9801588889965356 
2023-05-09 08:14:05,630 INFO t_pca_4_1: -0.01172211082260398 , std 1.079565893493519 
2023-05-09 08:14:05,630 INFO t_pca_5_1: 0.008533286530705893 , std 1.2109011281392439 
2023-05-09 08:14:05,630 INFO t_pca_6_1: -0.009823108062213945 , std 1.3111774171464843 
2023-05-09 08:14:05,630 INFO t_pca_7_1: 0.00785388173233893 , std 1.4356964062516853 
2023-05-09 08:14:06,308 INFO Grouping by horizont:
2023-05-09 08:14:06,309 INFO 1: -0.009639157653507213
2023-05-09 08:14:06,309 INFO Grouping by level:
2023-05-09 08:14:06,309 INFO 1: 0.009343751965562308
2023-05-09 08:14:06,309 INFO 2: -0.019378445655633913
2023-05-09 08:14:06,309 INFO 3: 0.005553586658337494
2023-05-09 08:14:06,309 INFO 4: -0.01172211082260398
2023-05-09 08:14:06,309 INFO 5: 0.008533286530705893
2023-05-09 08:14:06,309 INFO 6: -0.009823108062213945
2023-05-09 08:14:06,309 INFO 7: 0.00785388173233893
2023-05-09 08:14:06,309 INFO Grouping by level and horizont:
2023-05-09 08:14:06,309 INFO 1_1: 0.009343751965562308
2023-05-09 08:14:06,309 INFO 2_1: -0.019378445655633913
2023-05-09 08:14:06,309 INFO 3_1: 0.005553586658337494
2023-05-09 08:14:06,309 INFO 4_1: -0.01172211082260398
2023-05-09 08:14:06,309 INFO 5_1: 0.008533286530705893
2023-05-09 08:14:06,309 INFO 6_1: -0.009823108062213945
2023-05-09 08:14:06,309 INFO 7_1: 0.00785388173233893
2023-05-09 08:14:06,311 INFO Non empty regressions: 1.0 --- 199128 / 199128
