2023-05-09 08:21:43,565 INFO Starting...
2023-05-09 08:21:43,565 INFO Tickers: ['GILD']
2023-05-09 08:22:00,608 INFO in_r2: 0.062374467314736545 , std 0.1560638136635601 
2023-05-09 08:22:00,608 INFO os_r2: -0.6531029524937813 , std 0.6808308569902217 
2023-05-09 08:22:00,608 INFO intercept: 7.972691971478401e-07 , std 9.6404813825518e-05 
2023-05-09 08:22:00,608 INFO pca_1_1: -2.653923105436065e-07 , std 5.607678845386023e-05 
2023-05-09 08:22:00,608 INFO pca_2_1: -4.8937156116807644e-08 , std 5.3863479987209574e-05 
2023-05-09 08:22:00,608 INFO pca_3_1: -1.4923716130434384e-07 , std 4.911449565903856e-05 
2023-05-09 08:22:00,608 INFO pca_4_1: -4.5000473307375883e-07 , std 4.118704617235264e-05 
2023-05-09 08:22:00,608 INFO pca_5_1: 1.9277700293106612e-07 , std 3.816128373175276e-05 
2023-05-09 08:22:00,608 INFO pca_6_1: -1.9922503378750326e-07 , std 4.006341263029452e-05 
2023-05-09 08:22:00,608 INFO pca_7_1: 1.2773552087439373e-07 , std 4.367080799046637e-05 
2023-05-09 08:22:00,608 INFO t_intercept: 0.018505172597511856 , std 1.0284440848989336 
2023-05-09 08:22:00,608 INFO t_pca_1_1: -0.005175697725752694 , std 0.9634953192954792 
2023-05-09 08:22:00,608 INFO t_pca_2_1: -0.0012099627979456542 , std 0.9412980496553316 
2023-05-09 08:22:00,608 INFO t_pca_3_1: -0.0011665693055360493 , std 0.972447362854745 
2023-05-09 08:22:00,608 INFO t_pca_4_1: -0.00852550503401547 , std 1.0844048550221383 
2023-05-09 08:22:00,608 INFO t_pca_5_1: -0.00046648735366699475 , std 1.2179031968391836 
2023-05-09 08:22:00,608 INFO t_pca_6_1: -0.005343435608338096 , std 1.3263268474979912 
2023-05-09 08:22:00,608 INFO t_pca_7_1: 0.005288967573538176 , std 1.4746195919773348 
2023-05-09 08:22:01,280 INFO Grouping by horizont:
2023-05-09 08:22:01,280 INFO 1: -0.01659869025171678
2023-05-09 08:22:01,280 INFO Grouping by level:
2023-05-09 08:22:01,280 INFO 1: -0.005175697725752694
2023-05-09 08:22:01,280 INFO 2: -0.0012099627979456542
2023-05-09 08:22:01,280 INFO 3: -0.0011665693055360493
2023-05-09 08:22:01,280 INFO 4: -0.00852550503401547
2023-05-09 08:22:01,280 INFO 5: -0.00046648735366699475
2023-05-09 08:22:01,280 INFO 6: -0.005343435608338096
2023-05-09 08:22:01,280 INFO 7: 0.005288967573538176
2023-05-09 08:22:01,280 INFO Grouping by level and horizont:
2023-05-09 08:22:01,280 INFO 1_1: -0.005175697725752694
2023-05-09 08:22:01,280 INFO 2_1: -0.0012099627979456542
2023-05-09 08:22:01,280 INFO 3_1: -0.0011665693055360493
2023-05-09 08:22:01,280 INFO 4_1: -0.00852550503401547
2023-05-09 08:22:01,280 INFO 5_1: -0.00046648735366699475
2023-05-09 08:22:01,280 INFO 6_1: -0.005343435608338096
2023-05-09 08:22:01,280 INFO 7_1: 0.005288967573538176
2023-05-09 08:22:01,282 INFO Non empty regressions: 1.0 --- 199128 / 199128
