2023-05-09 08:03:31,195 INFO Starting...
2023-05-09 08:03:31,195 INFO Tickers: ['GOOGL']
2023-05-09 08:03:47,440 INFO in_r2: 0.04483029673473175 , std 0.15744358102158487 
2023-05-09 08:03:47,440 INFO os_r2: -0.685912670700395 , std 0.1645643195489988 
2023-05-09 08:03:47,440 INFO intercept: 1.1451653346521849e-07 , std 9.180711716721436e-05 
2023-05-09 08:03:47,440 INFO pca_1_1: 4.023797860397413e-07 , std 2.194680603397617e-05 
2023-05-09 08:03:47,440 INFO pca_2_1: -6.277091976397097e-08 , std 2.1544693878679472e-05 
2023-05-09 08:03:47,440 INFO pca_3_1: -9.908017170266019e-08 , std 1.8965469885149303e-05 
2023-05-09 08:03:47,440 INFO pca_4_1: 1.8288799499360654e-07 , std 1.4745941811305387e-05 
2023-05-09 08:03:47,440 INFO pca_5_1: 2.3788679389605557e-09 , std 1.3304238966511152e-05 
2023-05-09 08:03:47,440 INFO pca_6_1: -1.34860804007656e-07 , std 1.4250963177113066e-05 
2023-05-09 08:03:47,440 INFO pca_7_1: -1.5469781677698256e-09 , std 1.4670712547492962e-05 
2023-05-09 08:03:47,440 INFO t_intercept: 0.05045081381381751 , std 1.0548623625020492 
2023-05-09 08:03:47,440 INFO t_pca_1_1: 0.016204154550833218 , std 1.0026881058828692 
2023-05-09 08:03:47,440 INFO t_pca_2_1: -0.0035378976248936793 , std 0.9920080357110634 
2023-05-09 08:03:47,440 INFO t_pca_3_1: -0.007147552470148509 , std 1.0104244949137442 
2023-05-09 08:03:47,440 INFO t_pca_4_1: 0.019353338564935808 , std 1.0920651641407026 
2023-05-09 08:03:47,440 INFO t_pca_5_1: 0.000404633988009753 , std 1.2173004928769138 
2023-05-09 08:03:47,440 INFO t_pca_6_1: -0.014765243151014575 , std 1.3199974184679444 
2023-05-09 08:03:47,440 INFO t_pca_7_1: -0.0015258773893786276 , std 1.4220052374592433 
2023-05-09 08:03:48,117 INFO Grouping by horizont:
2023-05-09 08:03:48,117 INFO 1: 0.008985556468343387
2023-05-09 08:03:48,117 INFO Grouping by level:
2023-05-09 08:03:48,117 INFO 1: 0.016204154550833218
2023-05-09 08:03:48,117 INFO 2: -0.0035378976248936793
2023-05-09 08:03:48,117 INFO 3: -0.007147552470148509
2023-05-09 08:03:48,117 INFO 4: 0.019353338564935808
2023-05-09 08:03:48,117 INFO 5: 0.000404633988009753
2023-05-09 08:03:48,117 INFO 6: -0.014765243151014575
2023-05-09 08:03:48,117 INFO 7: -0.0015258773893786276
2023-05-09 08:03:48,118 INFO Grouping by level and horizont:
2023-05-09 08:03:48,118 INFO 1_1: 0.016204154550833218
2023-05-09 08:03:48,118 INFO 2_1: -0.0035378976248936793
2023-05-09 08:03:48,118 INFO 3_1: -0.007147552470148509
2023-05-09 08:03:48,118 INFO 4_1: 0.019353338564935808
2023-05-09 08:03:48,118 INFO 5_1: 0.000404633988009753
2023-05-09 08:03:48,118 INFO 6_1: -0.014765243151014575
2023-05-09 08:03:48,118 INFO 7_1: -0.0015258773893786276
2023-05-09 08:03:48,119 INFO Non empty regressions: 1.0 --- 199128 / 199128
