2023-05-09 08:03:14,249 INFO Starting...
2023-05-09 08:03:14,249 INFO Tickers: ['GOOG']
2023-05-09 08:03:30,513 INFO in_r2: 0.035796516095395234 , std 0.15609685421622085 
2023-05-09 08:03:30,514 INFO os_r2: -0.7032993466552351 , std 0.23482730557306575 
2023-05-09 08:03:30,514 INFO intercept: 2.010836211398941e-07 , std 9.026383437898986e-05 
2023-05-09 08:03:30,514 INFO pca_1_1: 7.318293922535951e-08 , std 2.5558044824544875e-05 
2023-05-09 08:03:30,514 INFO pca_2_1: 2.0154921778932122e-07 , std 2.468976145334654e-05 
2023-05-09 08:03:30,514 INFO pca_3_1: -1.3228301987063627e-07 , std 2.162135913603805e-05 
2023-05-09 08:03:30,514 INFO pca_4_1: 2.9903569015605517e-07 , std 1.684459915518288e-05 
2023-05-09 08:03:30,514 INFO pca_5_1: 3.5770377616281776e-08 , std 1.4995388962850557e-05 
2023-05-09 08:03:30,514 INFO pca_6_1: -1.0563922862603832e-07 , std 1.628684782046543e-05 
2023-05-09 08:03:30,514 INFO pca_7_1: 1.2095981744329156e-07 , std 1.6338668052117476e-05 
2023-05-09 08:03:30,514 INFO t_intercept: 0.04925552130448913 , std 1.0299246753229843 
2023-05-09 08:03:30,514 INFO t_pca_1_1: 0.007855152584678232 , std 1.0288103412548757 
2023-05-09 08:03:30,514 INFO t_pca_2_1: 0.01418057707215665 , std 0.9913660414379727 
2023-05-09 08:03:30,514 INFO t_pca_3_1: -0.006328945920927776 , std 1.0029016186010256 
2023-05-09 08:03:30,514 INFO t_pca_4_1: 0.01979074765475918 , std 1.0855925635379595 
2023-05-09 08:03:30,514 INFO t_pca_5_1: 0.008014925951172118 , std 1.1810314828519464 
2023-05-09 08:03:30,514 INFO t_pca_6_1: -0.010586287744375969 , std 1.2725593826519273 
2023-05-09 08:03:30,514 INFO t_pca_7_1: 0.0038498093452506727 , std 1.373781720640275 
2023-05-09 08:03:31,191 INFO Grouping by horizont:
2023-05-09 08:03:31,191 INFO 1: 0.03677597894271311
2023-05-09 08:03:31,191 INFO Grouping by level:
2023-05-09 08:03:31,191 INFO 1: 0.007855152584678232
2023-05-09 08:03:31,191 INFO 2: 0.01418057707215665
2023-05-09 08:03:31,191 INFO 3: -0.006328945920927776
2023-05-09 08:03:31,191 INFO 4: 0.01979074765475918
2023-05-09 08:03:31,191 INFO 5: 0.008014925951172118
2023-05-09 08:03:31,191 INFO 6: -0.010586287744375969
2023-05-09 08:03:31,191 INFO 7: 0.0038498093452506727
2023-05-09 08:03:31,191 INFO Grouping by level and horizont:
2023-05-09 08:03:31,191 INFO 1_1: 0.007855152584678232
2023-05-09 08:03:31,191 INFO 2_1: 0.01418057707215665
2023-05-09 08:03:31,191 INFO 3_1: -0.006328945920927776
2023-05-09 08:03:31,191 INFO 4_1: 0.01979074765475918
2023-05-09 08:03:31,191 INFO 5_1: 0.008014925951172118
2023-05-09 08:03:31,191 INFO 6_1: -0.010586287744375969
2023-05-09 08:03:31,191 INFO 7_1: 0.0038498093452506727
2023-05-09 08:03:31,193 INFO Non empty regressions: 1.0 --- 199128 / 199128
