2023-05-09 08:20:22,205 INFO Starting...
2023-05-09 08:20:22,205 INFO Tickers: ['LOW']
2023-05-09 08:20:39,001 INFO in_r2: 0.05928649228401564 , std 0.1573442017564154 
2023-05-09 08:20:39,001 INFO os_r2: -0.616032619623053 , std 0.19078812583891924 
2023-05-09 08:20:39,001 INFO intercept: -5.065491987533116e-07 , std 9.434662480804235e-05 
2023-05-09 08:20:39,001 INFO pca_1_1: 3.645126532130372e-07 , std 5.009353855722917e-05 
2023-05-09 08:20:39,001 INFO pca_2_1: -3.0297868458229515e-07 , std 4.7829920570186404e-05 
2023-05-09 08:20:39,001 INFO pca_3_1: -4.7070934543776083e-07 , std 4.372470210317765e-05 
2023-05-09 08:20:39,001 INFO pca_4_1: -2.828462940268026e-08 , std 3.70603925019251e-05 
2023-05-09 08:20:39,001 INFO pca_5_1: 8.827586747854727e-08 , std 3.4579695487855236e-05 
2023-05-09 08:20:39,001 INFO pca_6_1: -1.4823810561699118e-10 , std 3.712783751481628e-05 
2023-05-09 08:20:39,002 INFO pca_7_1: 2.5274205947944884e-07 , std 3.9553678825735944e-05 
2023-05-09 08:20:39,002 INFO t_intercept: 0.009830132785449384 , std 1.0431969793635292 
2023-05-09 08:20:39,002 INFO t_pca_1_1: 0.008709740235707052 , std 0.9812017882211246 
2023-05-09 08:20:39,002 INFO t_pca_2_1: -0.0068529160854900505 , std 0.9452474008351602 
2023-05-09 08:20:39,002 INFO t_pca_3_1: -0.012869883192451399 , std 0.9721140576721337 
2023-05-09 08:20:39,002 INFO t_pca_4_1: 0.0009335318612385036 , std 1.0754137421803105 
2023-05-09 08:20:39,002 INFO t_pca_5_1: 0.003860193686986187 , std 1.2193712491777269 
2023-05-09 08:20:39,002 INFO t_pca_6_1: -4.570429384263363e-05 , std 1.3497717559285318 
2023-05-09 08:20:39,002 INFO t_pca_7_1: 0.005643691459415098 , std 1.4745403558192305 
2023-05-09 08:20:39,682 INFO Grouping by horizont:
2023-05-09 08:20:39,682 INFO 1: -0.0006213463284372436
2023-05-09 08:20:39,682 INFO Grouping by level:
2023-05-09 08:20:39,682 INFO 1: 0.008709740235707052
2023-05-09 08:20:39,682 INFO 2: -0.0068529160854900505
2023-05-09 08:20:39,682 INFO 3: -0.012869883192451399
2023-05-09 08:20:39,682 INFO 4: 0.0009335318612385036
2023-05-09 08:20:39,682 INFO 5: 0.003860193686986187
2023-05-09 08:20:39,682 INFO 6: -4.570429384263363e-05
2023-05-09 08:20:39,682 INFO 7: 0.005643691459415098
2023-05-09 08:20:39,683 INFO Grouping by level and horizont:
2023-05-09 08:20:39,683 INFO 1_1: 0.008709740235707052
2023-05-09 08:20:39,683 INFO 2_1: -0.0068529160854900505
2023-05-09 08:20:39,683 INFO 3_1: -0.012869883192451399
2023-05-09 08:20:39,683 INFO 4_1: 0.0009335318612385036
2023-05-09 08:20:39,683 INFO 5_1: 0.003860193686986187
2023-05-09 08:20:39,683 INFO 6_1: -4.570429384263363e-05
2023-05-09 08:20:39,683 INFO 7_1: 0.005643691459415098
2023-05-09 08:20:39,684 INFO Non empty regressions: 1.0 --- 199082 / 199082
