2023-05-09 08:12:20,769 INFO Starting...
2023-05-09 08:12:20,769 INFO Tickers: ['NVDA']
2023-05-09 08:12:37,778 INFO in_r2: 0.06250455428770106 , std 0.15638066245237658 
2023-05-09 08:12:37,778 INFO os_r2: -0.6772078162127316 , std 0.6562032726398256 
2023-05-09 08:12:37,778 INFO intercept: -1.9150045924368166e-06 , std 0.00015028302321505192 
2023-05-09 08:12:37,778 INFO pca_1_1: 2.366775599690369e-07 , std 3.0136165803908662e-05 
2023-05-09 08:12:37,778 INFO pca_2_1: 5.922682254961015e-07 , std 2.8408623749584396e-05 
2023-05-09 08:12:37,778 INFO pca_3_1: 2.773255677742375e-09 , std 2.5189733241057253e-05 
2023-05-09 08:12:37,778 INFO pca_4_1: 1.965537215573021e-08 , std 2.077037280788614e-05 
2023-05-09 08:12:37,778 INFO pca_5_1: 7.416907781365174e-08 , std 1.906513989387906e-05 
2023-05-09 08:12:37,778 INFO pca_6_1: 4.367214865380166e-08 , std 1.9993680962092456e-05 
2023-05-09 08:12:37,778 INFO pca_7_1: 2.0668327176451908e-07 , std 2.1281387533380384e-05 
2023-05-09 08:12:37,778 INFO t_intercept: 0.02811672835071319 , std 1.0175479175950832 
2023-05-09 08:12:37,778 INFO t_pca_1_1: 0.011971294700572241 , std 0.9712471338385995 
2023-05-09 08:12:37,778 INFO t_pca_2_1: 0.021805357859560105 , std 0.939809522738011 
2023-05-09 08:12:37,778 INFO t_pca_3_1: -0.0014332298260456176 , std 0.9743464850004548 
2023-05-09 08:12:37,778 INFO t_pca_4_1: 0.005341278216059691 , std 1.0986515139733406 
2023-05-09 08:12:37,778 INFO t_pca_5_1: 0.005049570053526692 , std 1.2524385771882673 
2023-05-09 08:12:37,778 INFO t_pca_6_1: 0.007738109682463697 , std 1.3761338730418136 
2023-05-09 08:12:37,778 INFO t_pca_7_1: 0.022354270477278948 , std 1.5062110507168018 
2023-05-09 08:12:38,463 INFO Grouping by horizont:
2023-05-09 08:12:38,464 INFO 1: 0.07282665116341576
2023-05-09 08:12:38,464 INFO Grouping by level:
2023-05-09 08:12:38,464 INFO 1: 0.011971294700572241
2023-05-09 08:12:38,464 INFO 2: 0.021805357859560105
2023-05-09 08:12:38,464 INFO 3: -0.0014332298260456176
2023-05-09 08:12:38,464 INFO 4: 0.005341278216059691
2023-05-09 08:12:38,464 INFO 5: 0.005049570053526692
2023-05-09 08:12:38,464 INFO 6: 0.007738109682463697
2023-05-09 08:12:38,464 INFO 7: 0.022354270477278948
2023-05-09 08:12:38,464 INFO Grouping by level and horizont:
2023-05-09 08:12:38,464 INFO 1_1: 0.011971294700572241
2023-05-09 08:12:38,464 INFO 2_1: 0.021805357859560105
2023-05-09 08:12:38,464 INFO 3_1: -0.0014332298260456176
2023-05-09 08:12:38,464 INFO 4_1: 0.005341278216059691
2023-05-09 08:12:38,464 INFO 5_1: 0.005049570053526692
2023-05-09 08:12:38,464 INFO 6_1: 0.007738109682463697
2023-05-09 08:12:38,464 INFO 7_1: 0.022354270477278948
2023-05-09 08:12:38,465 INFO Non empty regressions: 1.0 --- 199128 / 199128
