2023-05-09 08:08:03,649 INFO Starting...
2023-05-09 08:08:03,650 INFO Tickers: ['PFE']
2023-05-09 08:08:20,070 INFO in_r2: 0.056693281027770236 , std 0.1557726251480746 
2023-05-09 08:08:20,071 INFO os_r2: -0.6267503172782919 , std 0.2776089316501598 
2023-05-09 08:08:20,071 INFO intercept: 1.005331521294914e-06 , std 7.481318282917567e-05 
2023-05-09 08:08:20,071 INFO pca_1_1: 5.650026319975639e-07 , std 8.832984108865525e-05 
2023-05-09 08:08:20,071 INFO pca_2_1: -2.3453411728493034e-07 , std 8.465959100877728e-05 
2023-05-09 08:08:20,071 INFO pca_3_1: -7.030419476812255e-07 , std 7.726302893443797e-05 
2023-05-09 08:08:20,071 INFO pca_4_1: -6.70405999097526e-07 , std 6.543164508390675e-05 
2023-05-09 08:08:20,071 INFO pca_5_1: 5.002265734126587e-07 , std 6.158506834576224e-05 
2023-05-09 08:08:20,071 INFO pca_6_1: 4.014846838245835e-07 , std 6.490135549730792e-05 
2023-05-09 08:08:20,071 INFO pca_7_1: 9.618496958385872e-07 , std 7.026038690676296e-05 
2023-05-09 08:08:20,071 INFO t_intercept: 0.027914021115658542 , std 1.0019966755708347 
2023-05-09 08:08:20,071 INFO t_pca_1_1: 0.006666453942991517 , std 0.9600009793672689 
2023-05-09 08:08:20,071 INFO t_pca_2_1: -0.00039708627557353437 , std 0.9343843198750735 
2023-05-09 08:08:20,071 INFO t_pca_3_1: -0.007394098364550169 , std 0.9587214865699815 
2023-05-09 08:08:20,071 INFO t_pca_4_1: -0.009502103977551477 , std 1.0688231774365446 
2023-05-09 08:08:20,071 INFO t_pca_5_1: 0.01283543992204171 , std 1.2136827269616992 
2023-05-09 08:08:20,071 INFO t_pca_6_1: 0.0073247403141114735 , std 1.3133435006441285 
2023-05-09 08:08:20,071 INFO t_pca_7_1: 0.017232606109799348 , std 1.4555134266949314 
2023-05-09 08:08:20,737 INFO Grouping by horizont:
2023-05-09 08:08:20,737 INFO 1: 0.026765951671268867
2023-05-09 08:08:20,737 INFO Grouping by level:
2023-05-09 08:08:20,737 INFO 1: 0.006666453942991517
2023-05-09 08:08:20,737 INFO 2: -0.00039708627557353437
2023-05-09 08:08:20,737 INFO 3: -0.007394098364550169
2023-05-09 08:08:20,737 INFO 4: -0.009502103977551477
2023-05-09 08:08:20,737 INFO 5: 0.01283543992204171
2023-05-09 08:08:20,737 INFO 6: 0.0073247403141114735
2023-05-09 08:08:20,737 INFO 7: 0.017232606109799348
2023-05-09 08:08:20,737 INFO Grouping by level and horizont:
2023-05-09 08:08:20,737 INFO 1_1: 0.006666453942991517
2023-05-09 08:08:20,737 INFO 2_1: -0.00039708627557353437
2023-05-09 08:08:20,737 INFO 3_1: -0.007394098364550169
2023-05-09 08:08:20,737 INFO 4_1: -0.009502103977551477
2023-05-09 08:08:20,737 INFO 5_1: 0.01283543992204171
2023-05-09 08:08:20,737 INFO 6_1: 0.0073247403141114735
2023-05-09 08:08:20,737 INFO 7_1: 0.017232606109799348
2023-05-09 08:08:20,739 INFO Non empty regressions: 1.0 --- 199128 / 199128
