2023-05-16 21:03:38,513 INFO Predictions loaded...
2023-05-16 21:03:38,514 INFO quarter 2017-01-01 2017-03-31
2023-05-16 21:04:22,277 INFO quarter 2017-01-01 2017-03-31 results
2023-05-16 21:04:22,278 INFO avg_pnl: 0.007133850607613371, std: 0.004623468653010408
2023-05-16 21:04:22,278 INFO ppd: 2.6324171983813175e-05, std: 0.00012550839041528748
2023-05-16 21:04:22,278 INFO sharpe: 24.493811051245185
2023-05-16 21:04:22,278 INFO sharpe_ppd: 3.32952461465302
2023-05-16 21:04:22,278 INFO avg_pnl_bps: 71.33850607613371, std: 46.234686530104085
2023-05-16 21:04:22,278 INFO ppd_bps: 0.26324171983813177, std: 1.2550839041528747
2023-05-16 21:04:22,278 INFO annualized_pnl_bps: 17977.303531185695
2023-05-16 21:04:22,278 INFO quarter 2017-04-01 2017-06-30
2023-05-16 21:05:06,349 INFO quarter 2017-04-01 2017-06-30 results
2023-05-16 21:05:06,349 INFO avg_pnl: 0.0060207556463036695, std: 0.00556868611881512
2023-05-16 21:05:06,349 INFO ppd: 2.221681050296557e-05, std: 0.00012272136742643949
2023-05-16 21:05:06,349 INFO sharpe: 17.163210644233825
2023-05-16 21:05:06,349 INFO sharpe_ppd: 2.8738347729605374
2023-05-16 21:05:06,349 INFO avg_pnl_bps: 60.207556463036696, std: 55.6868611881512
2023-05-16 21:05:06,349 INFO ppd_bps: 0.2221681050296557, std: 1.2272136742643949
2023-05-16 21:05:06,349 INFO annualized_pnl_bps: 15172.304228685247
2023-05-16 21:05:06,349 INFO quarter 2017-07-01 2017-09-30
2023-05-16 21:05:48,939 INFO quarter 2017-07-01 2017-09-30 results
2023-05-16 21:05:48,939 INFO avg_pnl: 0.00885363214140289, std: 0.005336503866306007
2023-05-16 21:05:48,939 INFO ppd: 3.26702293040697e-05, std: 0.00013651596308229618
2023-05-16 21:05:48,939 INFO sharpe: 26.33691581527704
2023-05-16 21:05:48,939 INFO sharpe_ppd: 3.7989975705002084
2023-05-16 21:05:48,939 INFO avg_pnl_bps: 88.53632141402889, std: 53.36503866306007
2023-05-16 21:05:48,939 INFO ppd_bps: 0.326702293040697, std: 1.3651596308229619
2023-05-16 21:05:48,939 INFO annualized_pnl_bps: 22311.15299633528
2023-05-16 21:05:48,940 INFO quarter 2017-10-01 2017-12-31
2023-05-16 21:06:31,590 INFO quarter 2017-10-01 2017-12-31 results
2023-05-16 21:06:31,590 INFO avg_pnl: 0.0014933183805818239, std: 0.005320476000279066
2023-05-16 21:06:31,590 INFO ppd: 5.510399928346213e-06, std: 0.000157054367944231
2023-05-16 21:06:31,590 INFO sharpe: 4.455558934637404
2023-05-16 21:06:31,591 INFO sharpe_ppd: 0.5569720101037565
2023-05-16 21:06:31,591 INFO avg_pnl_bps: 14.933183805818238, std: 53.20476000279066
2023-05-16 21:06:31,591 INFO ppd_bps: 0.05510399928346213, std: 1.57054367944231
2023-05-16 21:06:31,591 INFO annualized_pnl_bps: 3763.1623190661962
2023-05-16 21:06:31,591 INFO quarter 2018-01-01 2018-03-31
2023-05-16 21:07:15,271 INFO quarter 2018-01-01 2018-03-31 results
2023-05-16 21:07:15,271 INFO avg_pnl: 0.012661152880319795, std: 0.011918107141993171
2023-05-16 21:07:15,271 INFO ppd: 4.672012132959334e-05, std: 0.00029645019041264775
2023-05-16 21:07:15,271 INFO sharpe: 16.86421917520693
2023-05-16 21:07:15,271 INFO sharpe_ppd: 2.501799484536839
2023-05-16 21:07:15,271 INFO avg_pnl_bps: 126.61152880319794, std: 119.18107141993171
2023-05-16 21:07:15,271 INFO ppd_bps: 0.4672012132959334, std: 2.9645019041264775
2023-05-16 21:07:15,271 INFO annualized_pnl_bps: 31906.105258405885
2023-05-16 21:07:15,271 INFO quarter 2018-04-01 2018-06-30
2023-05-16 21:08:01,099 INFO quarter 2018-04-01 2018-06-30 results
2023-05-16 21:08:01,099 INFO avg_pnl: 0.014436900824379394, std: 0.007436840963529752
2023-05-16 21:08:01,099 INFO ppd: 5.327269676892765e-05, std: 0.0002135889942398971
2023-05-16 21:08:01,099 INFO sharpe: 30.816672943089575
2023-05-16 21:08:01,099 INFO sharpe_ppd: 3.959369942873456
2023-05-16 21:08:01,099 INFO avg_pnl_bps: 144.36900824379393, std: 74.36840963529752
2023-05-16 21:08:01,099 INFO ppd_bps: 0.5327269676892765, std: 2.135889942398971
2023-05-16 21:08:01,099 INFO annualized_pnl_bps: 36380.99007743607
2023-05-16 21:08:01,099 INFO quarter 2018-07-01 2018-09-30
2023-05-16 21:08:45,727 INFO quarter 2018-07-01 2018-09-30 results
2023-05-16 21:08:45,728 INFO avg_pnl: 0.011809831270272934, std: 0.004390772119325463
2023-05-16 21:08:45,728 INFO ppd: 4.357871317443887e-05, std: 0.00012893253124903384
2023-05-16 21:08:45,728 INFO sharpe: 42.697560771944225
2023-05-16 21:08:45,728 INFO sharpe_ppd: 5.365524266009167
2023-05-16 21:08:45,728 INFO avg_pnl_bps: 118.09831270272934, std: 43.90772119325463
2023-05-16 21:08:45,728 INFO ppd_bps: 0.4357871317443887, std: 1.2893253124903383
2023-05-16 21:08:45,728 INFO annualized_pnl_bps: 29760.774801087795
2023-05-16 21:08:45,728 INFO quarter 2018-10-01 2018-12-31
2023-05-16 21:09:31,307 INFO quarter 2018-10-01 2018-12-31 results
2023-05-16 21:09:31,307 INFO avg_pnl: 0.02467343051648147, std: 0.013992942402938033
2023-05-16 21:09:31,307 INFO ppd: 9.104586906450727e-05, std: 0.0003604739063426286
2023-05-16 21:09:31,307 INFO sharpe: 27.9911512208049
2023-05-16 21:09:31,307 INFO sharpe_ppd: 4.009467368472582
2023-05-16 21:09:31,307 INFO avg_pnl_bps: 246.73430516481469, std: 139.92942402938033
2023-05-16 21:09:31,307 INFO ppd_bps: 0.9104586906450727, std: 3.604739063426286
2023-05-16 21:09:31,307 INFO annualized_pnl_bps: 62177.0449015333
2023-05-16 21:09:31,307 INFO quarter 2019-01-01 2019-03-31
2023-05-16 21:10:15,430 INFO quarter 2019-01-01 2019-03-31 results
2023-05-16 21:10:15,430 INFO avg_pnl: 0.01409284132110964, std: 0.006515149066000975
2023-05-16 21:10:15,430 INFO ppd: 5.200310450593964e-05, std: 0.0001952207883685029
2023-05-16 21:10:15,430 INFO sharpe: 34.337958831849846
2023-05-16 21:10:15,430 INFO sharpe_ppd: 4.22866692863588
2023-05-16 21:10:15,430 INFO avg_pnl_bps: 140.9284132110964, std: 65.15149066000976
2023-05-16 21:10:15,430 INFO ppd_bps: 0.5200310450593963, std: 1.952207883685029
2023-05-16 21:10:15,430 INFO annualized_pnl_bps: 35513.9601291963
2023-05-16 21:10:15,430 INFO quarter 2019-04-01 2019-06-30
2023-05-16 21:11:01,551 INFO quarter 2019-04-01 2019-06-30 results
2023-05-16 21:11:01,552 INFO avg_pnl: 0.008947862076372713, std: 0.006235228109073507
2023-05-16 21:11:01,552 INFO ppd: 3.3017941241227726e-05, std: 0.00022277161336834694
2023-05-16 21:11:01,552 INFO sharpe: 22.78070736690908
2023-05-16 21:11:01,552 INFO sharpe_ppd: 2.352829249834151
2023-05-16 21:11:01,552 INFO avg_pnl_bps: 89.47862076372712, std: 62.35228109073507
2023-05-16 21:11:01,552 INFO ppd_bps: 0.3301794124122773, std: 2.227716133683469
2023-05-16 21:11:01,552 INFO annualized_pnl_bps: 22548.61243245924
2023-05-16 21:11:01,552 INFO quarter 2019-07-01 2019-09-30
2023-05-16 21:11:47,684 INFO quarter 2019-07-01 2019-09-30 results
2023-05-16 21:11:47,684 INFO avg_pnl: 0.01129197661709955, std: 0.009248121232401927
2023-05-16 21:11:47,684 INFO ppd: 4.180738874455052e-05, std: 0.00020664163695380006
2023-05-16 21:11:47,684 INFO sharpe: 19.382809451845272
2023-05-16 21:11:47,684 INFO sharpe_ppd: 3.2117037557482657
2023-05-16 21:11:47,684 INFO avg_pnl_bps: 112.9197661709955, std: 92.48121232401927
2023-05-16 21:11:47,685 INFO ppd_bps: 0.4180738874455052, std: 2.0664163695380005
2023-05-16 21:11:47,685 INFO annualized_pnl_bps: 28455.78107509087
2023-05-16 21:11:47,685 INFO quarter 2019-10-01 2019-12-31
2023-05-16 21:12:26,329 INFO quarter 2019-10-01 2019-12-31 results
2023-05-16 21:12:26,330 INFO avg_pnl: 0.01451734821351287, std: 0.005099044627183956
2023-05-16 21:12:26,330 INFO ppd: 5.3569550603368524e-05, std: 0.00014518754836592452
2023-05-16 21:12:26,330 INFO sharpe: 45.19587006277503
2023-05-16 21:12:26,330 INFO sharpe_ppd: 5.857184462600965
2023-05-16 21:12:26,330 INFO avg_pnl_bps: 145.1734821351287, std: 50.990446271839566
2023-05-16 21:12:26,330 INFO ppd_bps: 0.5356955060336852, std: 1.4518754836592451
2023-05-16 21:12:26,330 INFO annualized_pnl_bps: 36583.71749805243
2023-05-16 21:12:26,330 INFO overall results
2023-05-16 21:12:26,332 INFO avg_pnl: 0.01125480337215278, std: 0.00948088625227952
2023-05-16 21:12:26,332 INFO ppd: 4.154252781393021e-05, std: 0.00020652429053137313
2023-05-16 21:12:26,332 INFO sharpe: 18.84470079186189
2023-05-16 21:12:26,332 INFO sharpe_ppd: 3.1931700763871103
2023-05-16 21:12:26,332 INFO avg_pnl_bps: 112.5480337215278, std: 94.8088625227952
2023-05-16 21:12:26,332 INFO ppd_bps: 0.41542527813930213, std: 2.065242905313731
2023-05-16 21:12:26,332 INFO annualized_pnl_bps: 28362.104497825007
