2023-05-09 08:18:01,619 INFO Starting...
2023-05-09 08:18:01,619 INFO Tickers: ['QCOM']
2023-05-09 08:18:18,471 INFO in_r2: 0.06530175511538669 , std 0.15664129946827685 
2023-05-09 08:18:18,472 INFO os_r2: -0.8113797622557836 , std 2.5432400695777253 
2023-05-09 08:18:18,472 INFO intercept: 7.909312187343719e-07 , std 0.00012402280210411205 
2023-05-09 08:18:18,472 INFO pca_1_1: -3.541844219157405e-07 , std 6.43618066644983e-05 
2023-05-09 08:18:18,472 INFO pca_2_1: 4.404606002469823e-07 , std 6.030445555067362e-05 
2023-05-09 08:18:18,472 INFO pca_3_1: -2.3553707708846257e-07 , std 5.541376308629482e-05 
2023-05-09 08:18:18,472 INFO pca_4_1: -6.782528456635827e-07 , std 4.700707326033997e-05 
2023-05-09 08:18:18,472 INFO pca_5_1: -3.650069913162569e-08 , std 4.4435191247103166e-05 
2023-05-09 08:18:18,472 INFO pca_6_1: -3.166082229028128e-08 , std 4.683893368045663e-05 
2023-05-09 08:18:18,472 INFO pca_7_1: 4.02015415890527e-07 , std 5.138230521745377e-05 
2023-05-09 08:18:18,472 INFO t_intercept: 0.01803025085803042 , std 1.0463479959883226 
2023-05-09 08:18:18,472 INFO t_pca_1_1: -0.005441431110814396 , std 0.9798110352106215 
2023-05-09 08:18:18,472 INFO t_pca_2_1: 0.0059432489179649176 , std 0.9353610375574759 
2023-05-09 08:18:18,472 INFO t_pca_3_1: -0.0016498995262453453 , std 0.971930482825574 
2023-05-09 08:18:18,472 INFO t_pca_4_1: -0.015685003115177606 , std 1.0880985760032285 
2023-05-09 08:18:18,472 INFO t_pca_5_1: -0.0019798726216489833 , std 1.2380907621111705 
2023-05-09 08:18:18,472 INFO t_pca_6_1: 0.0019866363151691585 , std 1.3494113662115677 
2023-05-09 08:18:18,472 INFO t_pca_7_1: 0.021629202694442067 , std 1.4752175894786301 
2023-05-09 08:18:19,164 INFO Grouping by horizont:
2023-05-09 08:18:19,165 INFO 1: 0.004802881553689811
2023-05-09 08:18:19,165 INFO Grouping by level:
2023-05-09 08:18:19,165 INFO 1: -0.005441431110814396
2023-05-09 08:18:19,165 INFO 2: 0.0059432489179649176
2023-05-09 08:18:19,165 INFO 3: -0.0016498995262453453
2023-05-09 08:18:19,165 INFO 4: -0.015685003115177606
2023-05-09 08:18:19,165 INFO 5: -0.0019798726216489833
2023-05-09 08:18:19,165 INFO 6: 0.0019866363151691585
2023-05-09 08:18:19,165 INFO 7: 0.021629202694442067
2023-05-09 08:18:19,165 INFO Grouping by level and horizont:
2023-05-09 08:18:19,165 INFO 1_1: -0.005441431110814396
2023-05-09 08:18:19,165 INFO 2_1: 0.0059432489179649176
2023-05-09 08:18:19,165 INFO 3_1: -0.0016498995262453453
2023-05-09 08:18:19,165 INFO 4_1: -0.015685003115177606
2023-05-09 08:18:19,165 INFO 5_1: -0.0019798726216489833
2023-05-09 08:18:19,165 INFO 6_1: 0.0019866363151691585
2023-05-09 08:18:19,165 INFO 7_1: 0.021629202694442067
2023-05-09 08:18:19,167 INFO Non empty regressions: 1.0 --- 199128 / 199128
