2023-05-09 08:27:47,891 INFO Starting...
2023-05-09 08:27:47,892 INFO Tickers: ['SYK']
2023-05-09 08:28:04,850 INFO in_r2: 0.03498447433604226 , std 0.1552017133311964 
2023-05-09 08:28:04,851 INFO os_r2: -0.6423494413621346 , std 0.18390601350261487 
2023-05-09 08:28:04,851 INFO intercept: 7.24335664602277e-07 , std 7.784444648267135e-05 
2023-05-09 08:28:04,851 INFO pca_1_1: 4.921395639057862e-07 , std 9.675760869575345e-05 
2023-05-09 08:28:04,851 INFO pca_2_1: -6.879168019668543e-07 , std 9.716274669698083e-05 
2023-05-09 08:28:04,851 INFO pca_3_1: -3.849320435203695e-07 , std 8.79434147048102e-05 
2023-05-09 08:28:04,851 INFO pca_4_1: 4.333989736050481e-07 , std 6.86069696937986e-05 
2023-05-09 08:28:04,851 INFO pca_5_1: -1.32011183879648e-08 , std 6.277669579107284e-05 
2023-05-09 08:28:04,851 INFO pca_6_1: -1.7023618138488977e-07 , std 6.81333029410595e-05 
2023-05-09 08:28:04,851 INFO pca_7_1: 7.912560043729808e-07 , std 7.177821945905202e-05 
2023-05-09 08:28:04,851 INFO t_intercept: 0.028645742987500236 , std 0.9713517093085925 
2023-05-09 08:28:04,851 INFO t_pca_1_1: 0.00760763227535195 , std 0.9998972221230842 
2023-05-09 08:28:04,851 INFO t_pca_2_1: -0.0049530176076262545 , std 0.9758199793615604 
2023-05-09 08:28:04,851 INFO t_pca_3_1: 0.0005726335024644701 , std 0.9922281047185773 
2023-05-09 08:28:04,851 INFO t_pca_4_1: -0.0070911926723747154 , std 1.0469418155843446 
2023-05-09 08:28:04,851 INFO t_pca_5_1: -0.0030575211635393068 , std 1.1430653906978097 
2023-05-09 08:28:04,851 INFO t_pca_6_1: -0.0011570222979707895 , std 1.242993084936433 
2023-05-09 08:28:04,851 INFO t_pca_7_1: 0.0011746919176818553 , std 1.351278560694278 
2023-05-09 08:28:05,525 INFO Grouping by horizont:
2023-05-09 08:28:05,525 INFO 1: -0.00690379604601279
2023-05-09 08:28:05,525 INFO Grouping by level:
2023-05-09 08:28:05,526 INFO 1: 0.00760763227535195
2023-05-09 08:28:05,526 INFO 2: -0.0049530176076262545
2023-05-09 08:28:05,526 INFO 3: 0.0005726335024644701
2023-05-09 08:28:05,526 INFO 4: -0.0070911926723747154
2023-05-09 08:28:05,526 INFO 5: -0.0030575211635393068
2023-05-09 08:28:05,526 INFO 6: -0.0011570222979707895
2023-05-09 08:28:05,526 INFO 7: 0.0011746919176818553
2023-05-09 08:28:05,526 INFO Grouping by level and horizont:
2023-05-09 08:28:05,526 INFO 1_1: 0.00760763227535195
2023-05-09 08:28:05,526 INFO 2_1: -0.0049530176076262545
2023-05-09 08:28:05,526 INFO 3_1: 0.0005726335024644701
2023-05-09 08:28:05,526 INFO 4_1: -0.0070911926723747154
2023-05-09 08:28:05,526 INFO 5_1: -0.0030575211635393068
2023-05-09 08:28:05,526 INFO 6_1: -0.0011570222979707895
2023-05-09 08:28:05,526 INFO 7_1: 0.0011746919176818553
2023-05-09 08:28:05,527 INFO Non empty regressions: 1.0 --- 198979 / 198979
