2023-05-09 08:04:38,914 INFO Starting...
2023-05-09 08:04:38,914 INFO Tickers: ['XOM']
2023-05-09 08:04:55,412 INFO in_r2: 0.06468368747963847 , std 0.15553895046471972 
2023-05-09 08:04:55,412 INFO os_r2: -0.6196205823281832 , std 0.1853614022196774 
2023-05-09 08:04:55,412 INFO intercept: -1.7713264315172768e-06 , std 6.98411823586499e-05 
2023-05-09 08:04:55,412 INFO pca_1_1: 7.500420064804149e-07 , std 4.748914911522558e-05 
2023-05-09 08:04:55,412 INFO pca_2_1: -5.80112839746112e-07 , std 4.576917833882885e-05 
2023-05-09 08:04:55,412 INFO pca_3_1: -1.616883360921114e-07 , std 4.169174499388238e-05 
2023-05-09 08:04:55,412 INFO pca_4_1: -3.5969523969346483e-07 , std 3.4752513242709924e-05 
2023-05-09 08:04:55,412 INFO pca_5_1: -1.6062949670545258e-07 , std 3.2901655488845124e-05 
2023-05-09 08:04:55,412 INFO pca_6_1: 4.100651825881208e-08 , std 3.53891995623659e-05 
2023-05-09 08:04:55,412 INFO pca_7_1: 2.735504340668672e-07 , std 3.7530959358158664e-05 
2023-05-09 08:04:55,412 INFO t_intercept: -0.013157064048915998 , std 1.0339226742769394 
2023-05-09 08:04:55,412 INFO t_pca_1_1: 0.014602212480704613 , std 0.9578557265811245 
2023-05-09 08:04:55,412 INFO t_pca_2_1: -0.011027761787124158 , std 0.9361757914114456 
2023-05-09 08:04:55,412 INFO t_pca_3_1: -0.0026792541412947973 , std 0.9727408960701501 
2023-05-09 08:04:55,412 INFO t_pca_4_1: -0.010889685000283172 , std 1.0622235148751542 
2023-05-09 08:04:55,412 INFO t_pca_5_1: -0.004514306700246586 , std 1.2171417815087962 
2023-05-09 08:04:55,412 INFO t_pca_6_1: -0.0037053237013524466 , std 1.3641274976721964 
2023-05-09 08:04:55,412 INFO t_pca_7_1: 0.013005609799089168 , std 1.4835803280435376 
2023-05-09 08:04:56,115 INFO Grouping by horizont:
2023-05-09 08:04:56,116 INFO 1: -0.00520850905050738
2023-05-09 08:04:56,116 INFO Grouping by level:
2023-05-09 08:04:56,116 INFO 1: 0.014602212480704613
2023-05-09 08:04:56,116 INFO 2: -0.011027761787124158
2023-05-09 08:04:56,116 INFO 3: -0.0026792541412947973
2023-05-09 08:04:56,116 INFO 4: -0.010889685000283172
2023-05-09 08:04:56,116 INFO 5: -0.004514306700246586
2023-05-09 08:04:56,116 INFO 6: -0.0037053237013524466
2023-05-09 08:04:56,116 INFO 7: 0.013005609799089168
2023-05-09 08:04:56,116 INFO Grouping by level and horizont:
2023-05-09 08:04:56,116 INFO 1_1: 0.014602212480704613
2023-05-09 08:04:56,116 INFO 2_1: -0.011027761787124158
2023-05-09 08:04:56,116 INFO 3_1: -0.0026792541412947973
2023-05-09 08:04:56,116 INFO 4_1: -0.010889685000283172
2023-05-09 08:04:56,116 INFO 5_1: -0.004514306700246586
2023-05-09 08:04:56,116 INFO 6_1: -0.0037053237013524466
2023-05-09 08:04:56,116 INFO 7_1: 0.013005609799089168
2023-05-09 08:04:56,118 INFO Non empty regressions: 1.0 --- 199128 / 199128
