2023-04-20 05:12:25,937 INFO Tickers: ['COP']
2023-04-20 05:12:28,141 INFO Negative OS: -0.17572880350683628 --- ticker COP --- day 2018-01-22 --- time 46800
2023-04-20 05:13:47,982 INFO in_r2: 0.9659535432743469 , std 0.026305888168674355 
2023-04-20 05:13:47,982 INFO os_r2: 0.9433103563724496 , std 0.055727284181937724 
2023-04-20 05:13:47,982 INFO intercept: -1.2226999555025845e-08 , std 6.352838707818881e-06 
2023-04-20 05:13:47,982 INFO ofi_add_1: 4.0393121837976114e-05 , std 5.3863787008241246e-05 
2023-04-20 05:13:47,982 INFO ofi_add_2: 8.523131891604827e-05 , std 6.456345270195608e-05 
2023-04-20 05:13:47,982 INFO ofi_add_3: 8.853634477693165e-05 , std 6.324391930970894e-05 
2023-04-20 05:13:47,982 INFO ofi_add_4: 9.269042367142251e-05 , std 6.600346729271799e-05 
2023-04-20 05:13:47,982 INFO ofi_add_5: 8.359943789352518e-05 , std 6.804252851059058e-05 
2023-04-20 05:13:47,983 INFO ofi_add_6: 7.922734359560536e-05 , std 6.892133678287913e-05 
2023-04-20 05:13:47,983 INFO ofi_add_7: 7.831054490898539e-05 , std 7.215071862876018e-05 
2023-04-20 05:13:47,983 INFO ofi_add_8: 7.487332762195052e-05 , std 7.96403214333885e-05 
2023-04-20 05:13:47,983 INFO ofi_add_9: 6.940896920093694e-05 , std 8.718421906100871e-05 
2023-04-20 05:13:47,983 INFO ofi_add_10: 7.603209631536491e-05 , std 8.563941725023271e-05 
2023-04-20 05:13:47,983 INFO ofi_cancel_1: 3.827283644940079e-05 , std 6.0529162298903215e-05 
2023-04-20 05:13:47,983 INFO ofi_cancel_2: 8.680260779261184e-05 , std 6.853877847478674e-05 
2023-04-20 05:13:47,983 INFO ofi_cancel_3: 9.156320634941714e-05 , std 6.690923845750893e-05 
2023-04-20 05:13:47,983 INFO ofi_cancel_4: 9.210851162814163e-05 , std 7.066999354220387e-05 
2023-04-20 05:13:47,983 INFO ofi_cancel_5: 8.09130151696433e-05 , std 7.260775510449314e-05 
2023-04-20 05:13:47,983 INFO ofi_cancel_6: 7.649965880825204e-05 , std 7.307863842137822e-05 
2023-04-20 05:13:47,983 INFO ofi_cancel_7: 7.449715410991687e-05 , std 7.95747688611084e-05 
2023-04-20 05:13:47,983 INFO ofi_cancel_8: 7.336406984375155e-05 , std 8.677358910706262e-05 
2023-04-20 05:13:47,983 INFO ofi_cancel_9: 6.711238432370896e-05 , std 9.487265920208262e-05 
2023-04-20 05:13:47,983 INFO ofi_cancel_10: 8.318107496932116e-05 , std 9.240461583357987e-05 
2023-04-20 05:13:47,983 INFO ofi_trade_1: 5.2118436702132624e-05 , std 0.00012447713120222715 
2023-04-20 05:13:47,983 INFO ofi_trade_2: 8.692577938385124e-05 , std 0.00010271144021838152 
2023-04-20 05:13:47,983 INFO ofi_trade_3: 7.955961836535887e-05 , std 9.716459249056001e-05 
2023-04-20 05:13:47,983 INFO ofi_trade_4: 8.663963197930036e-05 , std 9.737114893943414e-05 
2023-04-20 05:13:47,983 INFO ofi_trade_5: 8.245676831732004e-05 , std 0.00010067930694557759 
2023-04-20 05:13:47,983 INFO ofi_trade_6: 8.042206391156075e-05 , std 0.0001080982572438831 
2023-04-20 05:13:47,983 INFO ofi_trade_7: 8.017819885420421e-05 , std 0.00011241869955448818 
2023-04-20 05:13:47,983 INFO ofi_trade_8: 8.301546230319692e-05 , std 0.00011603549992925771 
2023-04-20 05:13:47,983 INFO ofi_trade_9: 8.485894322733381e-05 , std 0.0001237246257204407 
2023-04-20 05:13:47,983 INFO ofi_trade_10: 9.694772428868177e-05 , std 0.00012815975135573607 
2023-04-20 05:13:47,983 INFO t_intercept: 0.011729092241876782 , std 0.9887869003986546 
2023-04-20 05:13:47,983 INFO t_ofi_add_1: 1.2250272519010135 , std 1.5284153292470553 
2023-04-20 05:13:47,983 INFO t_ofi_add_2: 2.1334968275153225 , std 1.4824790326105584 
2023-04-20 05:13:47,983 INFO t_ofi_add_3: 2.126420151602495 , std 1.4630710906893236 
2023-04-20 05:13:47,983 INFO t_ofi_add_4: 2.139877552174869 , std 1.502140362109002 
2023-04-20 05:13:47,983 INFO t_ofi_add_5: 1.8816017272159906 , std 1.5223966047447235 
2023-04-20 05:13:47,983 INFO t_ofi_add_6: 1.7757850623250928 , std 1.5460134777911516 
2023-04-20 05:13:47,983 INFO t_ofi_add_7: 1.6690856314422284 , std 1.5491178363324072 
2023-04-20 05:13:47,983 INFO t_ofi_add_8: 1.454068424780496 , std 1.5024558195753348 
2023-04-20 05:13:47,983 INFO t_ofi_add_9: 1.278388294193923 , std 1.5004291377526755 
2023-04-20 05:13:47,983 INFO t_ofi_add_10: 1.4859083391180112 , std 1.614356995627678 
2023-04-20 05:13:47,983 INFO t_ofi_cancel_1: 0.9554858394334831 , std 1.4664943762818767 
2023-04-20 05:13:47,983 INFO t_ofi_cancel_2: 2.0782432200476446 , std 1.4808483466440172 
2023-04-20 05:13:47,983 INFO t_ofi_cancel_3: 2.0070554317590923 , std 1.3826758838830997 
2023-04-20 05:13:47,983 INFO t_ofi_cancel_4: 1.9343179445285148 , std 1.425938670039199 
2023-04-20 05:13:47,983 INFO t_ofi_cancel_5: 1.6696575525335935 , std 1.4635713813284754 
2023-04-20 05:13:47,983 INFO t_ofi_cancel_6: 1.5781281179866933 , std 1.492178453235221 
2023-04-20 05:13:47,983 INFO t_ofi_cancel_7: 1.4725382996057226 , std 1.528052707817688 
2023-04-20 05:13:47,983 INFO t_ofi_cancel_8: 1.298375290215196 , std 1.4400972391286184 
2023-04-20 05:13:47,983 INFO t_ofi_cancel_9: 1.132369177505268 , std 1.4603496308490245 
2023-04-20 05:13:47,983 INFO t_ofi_cancel_10: 1.450407248600706 , std 1.5248768804924928 
2023-04-20 05:13:47,983 INFO t_ofi_trade_1: 0.6200476575737824 , std 1.3780689325617068 
2023-04-20 05:13:47,983 INFO t_ofi_trade_2: 1.3125149262058895 , std 1.3755595809700452 
2023-04-20 05:13:47,983 INFO t_ofi_trade_3: 1.25768287731894 , std 1.3933087384551397 
2023-04-20 05:13:47,983 INFO t_ofi_trade_4: 1.3457818583268029 , std 1.3805596147068864 
2023-04-20 05:13:47,983 INFO t_ofi_trade_5: 1.2647753762092406 , std 1.395265854120856 
2023-04-20 05:13:47,983 INFO t_ofi_trade_6: 1.2042677312015502 , std 1.4538962162003601 
2023-04-20 05:13:47,984 INFO t_ofi_trade_7: 1.1447697057170199 , std 1.436392944264066 
2023-04-20 05:13:47,984 INFO t_ofi_trade_8: 1.095451755912819 , std 1.3685793671792865 
2023-04-20 05:13:47,984 INFO t_ofi_trade_9: 1.070207763308341 , std 1.3982821195857469 
2023-04-20 05:13:47,984 INFO t_ofi_trade_10: 1.2507879673038373 , std 1.4677425829952526 
2023-04-20 05:13:47,984 INFO p_intercept: 0.5047889223485315 , std 0.28396699941234255 
2023-04-20 05:13:47,984 INFO p_ofi_add_1: 0.3032927897353091 , std 0.3088162528789346 
2023-04-20 05:13:47,984 INFO p_ofi_add_2: 0.1700478690141888 , std 0.2531287647670806 
2023-04-20 05:13:47,984 INFO p_ofi_add_3: 0.17432686918393014 , std 0.2559733349165172 
2023-04-20 05:13:47,984 INFO p_ofi_add_4: 0.17206246045738194 , std 0.253007649549214 
2023-04-20 05:13:47,984 INFO p_ofi_add_5: 0.21198486990125126 , std 0.272899746190504 
2023-04-20 05:13:47,984 INFO p_ofi_add_6: 0.22662895505890004 , std 0.28028382340215385 
2023-04-20 05:13:47,984 INFO p_ofi_add_7: 0.24940623141753476 , std 0.2910021573242871 
2023-04-20 05:13:47,984 INFO p_ofi_add_8: 0.2755533170141091 , std 0.29513524243099964 
2023-04-20 05:13:47,984 INFO p_ofi_add_9: 0.30071167873411664 , std 0.3021071650030884 
2023-04-20 05:13:47,984 INFO p_ofi_add_10: 0.2713741269400791 , std 0.2998233516353554 
2023-04-20 05:13:47,984 INFO p_ofi_cancel_1: 0.33344427948166233 , std 0.31024325941525444 
2023-04-20 05:13:47,984 INFO p_ofi_cancel_2: 0.18037664866712091 , std 0.2607276939607787 
2023-04-20 05:13:47,984 INFO p_ofi_cancel_3: 0.18220210341134385 , std 0.25812426025795476 
2023-04-20 05:13:47,984 INFO p_ofi_cancel_4: 0.19144650393415769 , std 0.25860111191706 
2023-04-20 05:13:47,984 INFO p_ofi_cancel_5: 0.2429819397574445 , std 0.2875850434300415 
2023-04-20 05:13:47,984 INFO p_ofi_cancel_6: 0.2563653569063404 , std 0.289471692950679 
2023-04-20 05:13:47,984 INFO p_ofi_cancel_7: 0.2767170268742684 , std 0.2978721702584827 
2023-04-20 05:13:47,984 INFO p_ofi_cancel_8: 0.30041194684850336 , std 0.30219837460925264 
2023-04-20 05:13:47,984 INFO p_ofi_cancel_9: 0.3198563144588426 , std 0.3057576823038678 
2023-04-20 05:13:47,984 INFO p_ofi_cancel_10: 0.2769496158751501 , std 0.3004229833256453 
2023-04-20 05:13:47,984 INFO p_ofi_trade_1: 0.3746674090657156 , std 0.3071429832703095 
2023-04-20 05:13:47,984 INFO p_ofi_trade_2: 0.29796270984324386 , std 0.3026978764303294 
2023-04-20 05:13:47,984 INFO p_ofi_trade_3: 0.3097469268341689 , std 0.3049302416250069 
2023-04-20 05:13:47,984 INFO p_ofi_trade_4: 0.291530077161818 , std 0.3018736732182078 
2023-04-20 05:13:47,984 INFO p_ofi_trade_5: 0.3054015048716048 , std 0.30251957837660454 
2023-04-20 05:13:47,984 INFO p_ofi_trade_6: 0.3066619609073532 , std 0.30294265567637346 
2023-04-20 05:13:47,984 INFO p_ofi_trade_7: 0.3257722084461556 , std 0.3089522721894318 
2023-04-20 05:13:47,984 INFO p_ofi_trade_8: 0.3308984030102456 , std 0.30686800205937265 
2023-04-20 05:13:47,984 INFO p_ofi_trade_9: 0.33670314309824384 , std 0.3105809796215532 
2023-04-20 05:13:47,984 INFO p_ofi_trade_10: 0.30677246223746846 , std 0.304413652821838 
