2023-04-20 05:06:39,141 INFO Tickers: ['COST']
2023-04-20 05:06:43,108 INFO Negative OS: -0.1709543330691028 --- ticker COST --- day 2017-02-09 --- time 36000
2023-04-20 05:06:46,241 INFO Negative OS: -1.0006571378543172 --- ticker COST --- day 2017-03-10 --- time 48600
2023-04-20 05:07:05,182 INFO Negative OS: -0.2188716717224375 --- ticker COST --- day 2017-12-01 --- time 41400
2023-04-20 05:07:05,193 INFO Negative OS: -0.08449068300106899 --- ticker COST --- day 2017-12-01 --- time 45000
2023-04-20 05:07:05,212 INFO Negative OS: -0.38585718469977937 --- ticker COST --- day 2017-12-01 --- time 52200
2023-04-20 05:07:05,985 INFO Negative OS: -5.401559612372985 --- ticker COST --- day 2017-12-15 --- time 52200
2023-04-20 05:07:06,186 INFO Negative OS: -0.7200406826490846 --- ticker COST --- day 2017-12-20 --- time 37800
2023-04-20 05:07:07,057 INFO Negative OS: -1.6467661006118863 --- ticker COST --- day 2018-01-09 --- time 52200
2023-04-20 05:07:07,398 INFO Negative OS: -0.4400082801466465 --- ticker COST --- day 2018-01-17 --- time 36000
2023-04-20 05:07:07,850 INFO Negative OS: -1.1573349430369158 --- ticker COST --- day 2018-01-25 --- time 39600
2023-04-20 05:07:08,228 INFO Negative OS: -0.25959903827878517 --- ticker COST --- day 2018-02-01 --- time 39600
2023-04-20 05:07:08,469 INFO Negative OS: -0.003776055130920275 --- ticker COST --- day 2018-02-06 --- time 41400
2023-04-20 05:07:08,620 INFO Negative OS: -0.19677075704845937 --- ticker COST --- day 2018-02-08 --- time 36000
2023-04-20 05:07:08,728 INFO Negative OS: -0.0006339765800007502 --- ticker COST --- day 2018-02-09 --- time 43200
2023-04-20 05:07:09,584 INFO Negative OS: -0.2969356790345967 --- ticker COST --- day 2018-02-27 --- time 39600
2023-04-20 05:07:10,225 INFO Negative OS: -0.9793573282505215 --- ticker COST --- day 2018-03-09 --- time 37800
2023-04-20 05:07:11,176 INFO Negative OS: -0.5240312243680771 --- ticker COST --- day 2018-03-27 --- time 36000
2023-04-20 05:07:11,188 INFO Negative OS: -0.21446150556568377 --- ticker COST --- day 2018-03-27 --- time 39600
2023-04-20 05:07:11,843 INFO Negative OS: -0.29446010596040484 --- ticker COST --- day 2018-04-09 --- time 37800
2023-04-20 05:07:12,017 INFO Negative OS: -0.5875684617075783 --- ticker COST --- day 2018-04-11 --- time 41400
2023-04-20 05:07:12,943 INFO Negative OS: -0.7390558422239522 --- ticker COST --- day 2018-04-27 --- time 43200
2023-04-20 05:07:14,262 INFO Negative OS: -1.7751902321641393 --- ticker COST --- day 2018-05-22 --- time 48600
2023-04-20 05:07:15,655 INFO Negative OS: -3.126875869859604 --- ticker COST --- day 2018-06-18 --- time 37800
2023-04-20 05:07:15,661 INFO Negative OS: -0.4305299177607296 --- ticker COST --- day 2018-06-18 --- time 39600
2023-04-20 05:07:18,843 INFO Negative OS: -0.06342902682051021 --- ticker COST --- day 2018-08-16 --- time 43200
2023-04-20 05:07:18,906 INFO Negative OS: -0.36492199222043986 --- ticker COST --- day 2018-08-17 --- time 37800
2023-04-20 05:07:19,107 INFO Negative OS: -0.6049102293178288 --- ticker COST --- day 2018-08-21 --- time 52200
2023-04-20 05:07:19,224 INFO Negative OS: -0.974150777818684 --- ticker COST --- day 2018-08-23 --- time 43200
2023-04-20 05:07:19,277 INFO Negative OS: -0.51675299354019 --- ticker COST --- day 2018-08-24 --- time 36000
2023-04-20 05:07:19,351 INFO Negative OS: -0.7160769334066885 --- ticker COST --- day 2018-08-27 --- time 37800
2023-04-20 05:07:19,947 INFO Negative OS: -2.3099435700562623 --- ticker COST --- day 2018-09-06 --- time 52200
2023-04-20 05:07:20,172 INFO Negative OS: -0.44647187153343326 --- ticker COST --- day 2018-09-11 --- time 45000
2023-04-20 05:07:20,251 INFO Negative OS: -0.14714053517099912 --- ticker COST --- day 2018-09-12 --- time 45000
2023-04-20 05:07:20,413 INFO Negative OS: -0.4094961014799656 --- ticker COST --- day 2018-09-14 --- time 43200
2023-04-20 05:07:20,441 INFO Negative OS: -2.4448617813428943 --- ticker COST --- day 2018-09-14 --- time 52200
2023-04-20 05:07:21,003 INFO Negative OS: -0.4135149433085741 --- ticker COST --- day 2018-09-25 --- time 46800
2023-04-20 05:07:21,071 INFO Negative OS: -2.8435427385922334 --- ticker COST --- day 2018-09-26 --- time 41400
2023-04-20 05:07:21,484 INFO Negative OS: -0.6942370942093676 --- ticker COST --- day 2018-10-03 --- time 41400
2023-04-20 05:07:22,489 INFO Negative OS: -0.5189006982557198 --- ticker COST --- day 2018-10-19 --- time 39600
2023-04-20 05:07:23,168 INFO Negative OS: -0.8076422640606942 --- ticker COST --- day 2018-10-31 --- time 41400
2023-04-20 05:07:23,780 INFO Negative OS: -0.6663361311316187 --- ticker COST --- day 2018-11-09 --- time 48600
2023-04-20 05:07:23,791 INFO Negative OS: -0.19510491457527168 --- ticker COST --- day 2018-11-09 --- time 52200
2023-04-20 05:07:26,833 INFO Negative OS: -1.4685099416442164 --- ticker COST --- day 2019-01-07 --- time 41400
2023-04-20 05:07:27,270 INFO Negative OS: -0.055253712138959354 --- ticker COST --- day 2019-01-15 --- time 46800
2023-04-20 05:07:28,000 INFO Negative OS: -0.3322239115279184 --- ticker COST --- day 2019-01-29 --- time 43200
2023-04-20 05:07:28,501 INFO Negative OS: -7.74264306460489 --- ticker COST --- day 2019-02-06 --- time 43200
2023-04-20 05:07:29,737 INFO Negative OS: -3.3192806100978984 --- ticker COST --- day 2019-02-28 --- time 45000
2023-04-20 05:07:29,816 INFO Negative OS: -0.024392567783322994 --- ticker COST --- day 2019-03-01 --- time 45000
2023-04-20 05:07:30,959 INFO Negative OS: -1.6188737607591333 --- ticker COST --- day 2019-03-21 --- time 46800
2023-04-20 05:07:31,584 INFO Negative OS: -0.5398218276930447 --- ticker COST --- day 2019-04-02 --- time 39600
2023-04-20 05:07:35,016 INFO Negative OS: -0.5725969277852068 --- ticker COST --- day 2019-06-05 --- time 41400
2023-04-20 05:07:35,257 INFO Negative OS: -0.10626035623326269 --- ticker COST --- day 2019-06-10 --- time 41400
2023-04-20 05:07:35,804 INFO Negative OS: -2.624725772612568 --- ticker COST --- day 2019-06-19 --- time 39600
2023-04-20 05:07:38,852 INFO Negative OS: -2.0203680768166943 --- ticker COST --- day 2019-08-15 --- time 39600
2023-04-20 05:07:39,250 INFO Negative OS: -3.6753206358619392 --- ticker COST --- day 2019-08-22 --- time 39600
2023-04-20 05:07:40,096 INFO Negative OS: -15.779244328952473 --- ticker COST --- day 2019-09-06 --- time 46800
2023-04-20 05:07:42,279 INFO Negative OS: -0.009693058379697916 --- ticker COST --- day 2019-10-16 --- time 36000
2023-04-20 05:07:42,599 INFO Negative OS: -0.32251406741428634 --- ticker COST --- day 2019-10-22 --- time 41400
2023-04-20 05:07:43,053 INFO Negative OS: -0.23627526955995437 --- ticker COST --- day 2019-10-30 --- time 52200
2023-04-20 05:07:43,214 INFO Negative OS: -2.735589510819491 --- ticker COST --- day 2019-11-01 --- time 50400
2023-04-20 05:07:43,744 INFO Negative OS: -0.5262319721034654 --- ticker COST --- day 2019-11-12 --- time 41400
2023-04-20 05:07:44,131 INFO Negative OS: -0.21535693632974806 --- ticker COST --- day 2019-11-19 --- time 41400
2023-04-20 05:07:44,221 INFO Negative OS: -0.9202034112091075 --- ticker COST --- day 2019-11-20 --- time 43200
2023-04-20 05:07:45,515 INFO in_r2: 0.8624860524313309 , std 0.053221128692982025 
2023-04-20 05:07:45,515 INFO os_r2: 0.7156920067590297 , std 0.3603520727258907 
2023-04-20 05:07:45,515 INFO intercept: 2.431385070734767e-07 , std 8.023488392111818e-06 
2023-04-20 05:07:45,515 INFO ofi_add_1: 5.791201676859865e-05 , std 4.6664543445802145e-05 
2023-04-20 05:07:45,516 INFO ofi_add_2: 6.97000176161478e-05 , std 5.2160684837496786e-05 
2023-04-20 05:07:45,516 INFO ofi_add_3: 5.4180400065911896e-05 , std 5.226272407114396e-05 
2023-04-20 05:07:45,516 INFO ofi_add_4: 3.5616510308663306e-05 , std 4.969178403757193e-05 
2023-04-20 05:07:45,516 INFO ofi_add_5: 2.4666613516027773e-05 , std 4.802952497593961e-05 
2023-04-20 05:07:45,516 INFO ofi_add_6: 1.9376115534828126e-05 , std 4.793907076450374e-05 
2023-04-20 05:07:45,516 INFO ofi_add_7: 1.9377740742091222e-05 , std 5.126991542293738e-05 
2023-04-20 05:07:45,516 INFO ofi_add_8: 1.538243981331002e-05 , std 5.2667953658894125e-05 
2023-04-20 05:07:45,516 INFO ofi_add_9: 1.3357993380332177e-05 , std 5.2952031771469486e-05 
2023-04-20 05:07:45,516 INFO ofi_add_10: 1.5305289099044786e-05 , std 4.668120812242449e-05 
2023-04-20 05:07:45,516 INFO ofi_cancel_1: 7.962586879504647e-05 , std 6.34523344690178e-05 
2023-04-20 05:07:45,516 INFO ofi_cancel_2: 7.90044519004359e-05 , std 5.5899216697765046e-05 
2023-04-20 05:07:45,516 INFO ofi_cancel_3: 5.5762378986054716e-05 , std 5.3587482513404015e-05 
2023-04-20 05:07:45,516 INFO ofi_cancel_4: 3.59258994071757e-05 , std 5.245767980157017e-05 
2023-04-20 05:07:45,516 INFO ofi_cancel_5: 2.3107700478196695e-05 , std 5.067363064490614e-05 
2023-04-20 05:07:45,516 INFO ofi_cancel_6: 1.590259191492965e-05 , std 5.1039399030349924e-05 
2023-04-20 05:07:45,516 INFO ofi_cancel_7: 1.4314962295256912e-05 , std 5.28237126579595e-05 
2023-04-20 05:07:45,516 INFO ofi_cancel_8: 1.1338233316584498e-05 , std 5.492565612717278e-05 
2023-04-20 05:07:45,516 INFO ofi_cancel_9: 9.317327000306408e-06 , std 5.419609264920964e-05 
2023-04-20 05:07:45,516 INFO ofi_cancel_10: 1.3141641437594375e-05 , std 4.887781171171761e-05 
2023-04-20 05:07:45,516 INFO ofi_trade_1: 6.26486994845949e-05 , std 0.0001084359233945732 
2023-04-20 05:07:45,516 INFO ofi_trade_2: 5.546549616215467e-05 , std 0.00010768459867965413 
2023-04-20 05:07:45,516 INFO ofi_trade_3: 4.927568864561284e-05 , std 0.00010587479738970966 
2023-04-20 05:07:45,516 INFO ofi_trade_4: 3.422294043613971e-05 , std 0.00010412787137230611 
2023-04-20 05:07:45,516 INFO ofi_trade_5: 3.2217105005661596e-05 , std 0.00010700788333555574 
2023-04-20 05:07:45,516 INFO ofi_trade_6: 3.0147649315232486e-05 , std 0.00010563086478994043 
2023-04-20 05:07:45,516 INFO ofi_trade_7: 3.950211595765963e-05 , std 0.00010962499914973915 
2023-04-20 05:07:45,516 INFO ofi_trade_8: 4.2181817007731415e-05 , std 0.00011376204415576153 
2023-04-20 05:07:45,516 INFO ofi_trade_9: 4.701357210069318e-05 , std 0.00011413433221037483 
2023-04-20 05:07:45,516 INFO ofi_trade_10: 5.626812240455831e-05 , std 0.0001077141232696475 
2023-04-20 05:07:45,516 INFO t_intercept: -0.012466013082011531 , std 1.087044158753638 
2023-04-20 05:07:45,516 INFO t_ofi_add_1: 2.045533995557969 , std 1.5179857262189786 
2023-04-20 05:07:45,516 INFO t_ofi_add_2: 2.0425103692204813 , std 1.3685827091788614 
2023-04-20 05:07:45,516 INFO t_ofi_add_3: 1.5113641010958725 , std 1.3281437351064636 
2023-04-20 05:07:45,516 INFO t_ofi_add_4: 1.0055228562830691 , std 1.2555588718712827 
2023-04-20 05:07:45,516 INFO t_ofi_add_5: 0.7055891501117768 , std 1.22107564847894 
2023-04-20 05:07:45,516 INFO t_ofi_add_6: 0.5441350054023361 , std 1.2166864350662059 
2023-04-20 05:07:45,516 INFO t_ofi_add_7: 0.5357494256829621 , std 1.241024998971722 
2023-04-20 05:07:45,516 INFO t_ofi_add_8: 0.41311145487976036 , std 1.21378395332306 
2023-04-20 05:07:45,516 INFO t_ofi_add_9: 0.36520467810439994 , std 1.2090499763480858 
2023-04-20 05:07:45,516 INFO t_ofi_add_10: 0.516747817144003 , std 1.2883194442577621 
2023-04-20 05:07:45,516 INFO t_ofi_cancel_1: 2.1357357727211057 , std 1.4558755080307004 
2023-04-20 05:07:45,516 INFO t_ofi_cancel_2: 2.209471849542974 , std 1.3860443136610647 
2023-04-20 05:07:45,516 INFO t_ofi_cancel_3: 1.4711125011313304 , std 1.3031731314093613 
2023-04-20 05:07:45,516 INFO t_ofi_cancel_4: 0.9595675579217534 , std 1.2704550623059099 
2023-04-20 05:07:45,516 INFO t_ofi_cancel_5: 0.6265397234858552 , std 1.2339795622391476 
2023-04-20 05:07:45,516 INFO t_ofi_cancel_6: 0.41755308125007184 , std 1.2413570174418656 
2023-04-20 05:07:45,516 INFO t_ofi_cancel_7: 0.3719452497746634 , std 1.2402078273808088 
2023-04-20 05:07:45,516 INFO t_ofi_cancel_8: 0.28415054856894206 , std 1.2187346295754544 
2023-04-20 05:07:45,516 INFO t_ofi_cancel_9: 0.24085844489670039 , std 1.205021517246804 
2023-04-20 05:07:45,516 INFO t_ofi_cancel_10: 0.3943098825477173 , std 1.283883703538572 
2023-04-20 05:07:45,516 INFO t_ofi_trade_1: 0.9760498950202869 , std 1.4762829361718415 
2023-04-20 05:07:45,517 INFO t_ofi_trade_2: 0.7962813925024953 , std 1.3717280662318272 
2023-04-20 05:07:45,517 INFO t_ofi_trade_3: 0.732432574821245 , std 1.3598103176389364 
2023-04-20 05:07:45,517 INFO t_ofi_trade_4: 0.5638231049314606 , std 1.332322033662133 
2023-04-20 05:07:45,517 INFO t_ofi_trade_5: 0.5147807034654072 , std 1.3361860098731855 
2023-04-20 05:07:45,517 INFO t_ofi_trade_6: 0.4706847967700614 , std 1.3536335964733854 
2023-04-20 05:07:45,517 INFO t_ofi_trade_7: 0.6102679325395957 , std 1.3345641971181803 
2023-04-20 05:07:45,517 INFO t_ofi_trade_8: 0.6101616388951776 , std 1.331725721983937 
2023-04-20 05:07:45,517 INFO t_ofi_trade_9: 0.6785002730621805 , std 1.3503923867070193 
2023-04-20 05:07:45,517 INFO t_ofi_trade_10: 0.9010783894022013 , std 1.3861902049302455 
2023-04-20 05:07:45,517 INFO p_intercept: 0.4787605862289654 , std 0.29581908608267954 
2023-04-20 05:07:45,517 INFO p_ofi_add_1: 0.1827996775007813 , std 0.2602863017823665 
2023-04-20 05:07:45,517 INFO p_ofi_add_2: 0.16914527156111778 , std 0.24645722838049075 
2023-04-20 05:07:45,517 INFO p_ofi_add_3: 0.2573687360420285 , std 0.2880430717376856 
2023-04-20 05:07:45,517 INFO p_ofi_add_4: 0.34254566939455355 , std 0.30687166340685573 
2023-04-20 05:07:45,517 INFO p_ofi_add_5: 0.39701481398653166 , std 0.307633610050918 
2023-04-20 05:07:45,517 INFO p_ofi_add_6: 0.4154580230550335 , std 0.3054344129658775 
2023-04-20 05:07:45,517 INFO p_ofi_add_7: 0.4126722088020286 , std 0.3078612557924168 
2023-04-20 05:07:45,517 INFO p_ofi_add_8: 0.4332664704334349 , std 0.30737488534581164 
2023-04-20 05:07:45,517 INFO p_ofi_add_9: 0.4347151594080624 , std 0.3049510379059797 
2023-04-20 05:07:45,517 INFO p_ofi_add_10: 0.409262844079976 , std 0.308656802839317 
2023-04-20 05:07:45,517 INFO p_ofi_cancel_1: 0.16636132990714134 , std 0.24846583797121075 
2023-04-20 05:07:45,517 INFO p_ofi_cancel_2: 0.15443356540047948 , std 0.24160407563104813 
2023-04-20 05:07:45,517 INFO p_ofi_cancel_3: 0.26474788722704895 , std 0.2898413996814594 
2023-04-20 05:07:45,517 INFO p_ofi_cancel_4: 0.34740058932550494 , std 0.30538265820888444 
2023-04-20 05:07:45,517 INFO p_ofi_cancel_5: 0.4005065793202632 , std 0.30854507083594623 
2023-04-20 05:07:45,517 INFO p_ofi_cancel_6: 0.42194870033025783 , std 0.30578259165069716 
2023-04-20 05:07:45,517 INFO p_ofi_cancel_7: 0.4233289615259793 , std 0.3030485929236273 
2023-04-20 05:07:45,517 INFO p_ofi_cancel_8: 0.43796354480975924 , std 0.30500781450249803 
2023-04-20 05:07:45,517 INFO p_ofi_cancel_9: 0.44216042017815366 , std 0.29984819644779265 
2023-04-20 05:07:45,517 INFO p_ofi_cancel_10: 0.4199067420409456 , std 0.30851609580186096 
2023-04-20 05:07:45,517 INFO p_ofi_trade_1: 0.33118522291880165 , std 0.30939498689024486 
2023-04-20 05:07:45,517 INFO p_ofi_trade_2: 0.3598659385335197 , std 0.3118596189890682 
2023-04-20 05:07:45,517 INFO p_ofi_trade_3: 0.36621818928134375 , std 0.3090538842504657 
2023-04-20 05:07:45,517 INFO p_ofi_trade_4: 0.38552777020723417 , std 0.30695918379534204 
2023-04-20 05:07:45,517 INFO p_ofi_trade_5: 0.3881934420835249 , std 0.30516594157779464 
2023-04-20 05:07:45,517 INFO p_ofi_trade_6: 0.3891056845555307 , std 0.30335756010704584 
2023-04-20 05:07:45,517 INFO p_ofi_trade_7: 0.3841593980550031 , std 0.308455282150854 
2023-04-20 05:07:45,517 INFO p_ofi_trade_8: 0.38198905822077944 , std 0.30399106126809394 
2023-04-20 05:07:45,517 INFO p_ofi_trade_9: 0.3720071964738368 , std 0.30389570451031006 
2023-04-20 05:07:45,517 INFO p_ofi_trade_10: 0.35023140290118393 , std 0.30934084575405163 
