2023-04-20 05:04:12,774 INFO Tickers: ['CSCO']
2023-04-20 05:04:12,921 INFO Negative OS: -1.662002511770976 --- ticker CSCO --- day 2017-01-04 --- time 45000
2023-04-20 05:04:13,954 INFO Negative OS: -0.4499277412950464 --- ticker CSCO --- day 2017-01-23 --- time 50400
2023-04-20 05:04:14,295 INFO Negative OS: -1.083540963783033 --- ticker CSCO --- day 2017-01-27 --- time 50400
2023-04-20 05:04:14,301 INFO Negative OS: -767.1371150496043 --- ticker CSCO --- day 2017-01-27 --- time 52200
2023-04-20 05:04:14,363 INFO Negative OS: -0.8747209776425378 --- ticker CSCO --- day 2017-01-30 --- time 45000
2023-04-20 05:04:14,769 INFO Negative OS: -40.36198526849057 --- ticker CSCO --- day 2017-02-06 --- time 39600
2023-04-20 05:04:14,894 INFO Negative OS: -1.648774441508805 --- ticker CSCO --- day 2017-02-07 --- time 52200
2023-04-20 05:04:15,195 INFO Negative OS: -5.220180985743656 --- ticker CSCO --- day 2017-02-13 --- time 39600
2023-04-20 05:04:15,206 INFO Negative OS: -397780.6460238249 --- ticker CSCO --- day 2017-02-13 --- time 43200
2023-04-20 05:04:15,218 INFO Negative OS: -2285.0079998067163 --- ticker CSCO --- day 2017-02-13 --- time 46800
2023-04-20 05:04:15,286 INFO Negative OS: -3.662862676219751 --- ticker CSCO --- day 2017-02-14 --- time 41400
2023-04-20 05:04:15,292 INFO Negative OS: -18.1196083409388 --- ticker CSCO --- day 2017-02-14 --- time 43200
2023-04-20 05:04:15,354 INFO Negative OS: -0.6740470989034144 --- ticker CSCO --- day 2017-02-15 --- time 36000
2023-04-20 05:04:16,049 INFO Negative OS: -0.9119085041680735 --- ticker CSCO --- day 2017-02-28 --- time 41400
2023-04-20 05:04:16,061 INFO Negative OS: -0.036314822052407214 --- ticker CSCO --- day 2017-02-28 --- time 45000
2023-04-20 05:04:16,817 INFO Negative OS: -0.16960867129289836 --- ticker CSCO --- day 2017-03-13 --- time 41400
2023-04-20 05:04:16,839 INFO Negative OS: -89.11526720348913 --- ticker CSCO --- day 2017-03-13 --- time 48600
2023-04-20 05:04:16,851 INFO Negative OS: -1.9222387986058949 --- ticker CSCO --- day 2017-03-13 --- time 52200
2023-04-20 05:04:17,009 INFO Negative OS: -7.098476222233071 --- ticker CSCO --- day 2017-03-15 --- time 48600
2023-04-20 05:04:17,173 INFO Negative OS: -1.9671972729986882 --- ticker CSCO --- day 2017-03-17 --- time 46800
2023-04-20 05:04:17,191 INFO Negative OS: -5.138042604612922 --- ticker CSCO --- day 2017-03-17 --- time 52200
2023-04-20 05:04:17,272 INFO Negative OS: -521.4463797514376 --- ticker CSCO --- day 2017-03-20 --- time 50400
2023-04-20 05:04:17,608 INFO Negative OS: -1.605077336392914 --- ticker CSCO --- day 2017-03-24 --- time 48600
2023-04-20 05:04:18,869 INFO Negative OS: -0.7961214276555146 --- ticker CSCO --- day 2017-04-17 --- time 45000
2023-04-20 05:04:19,198 INFO Negative OS: -5.06824500759739 --- ticker CSCO --- day 2017-04-21 --- time 41400
2023-04-20 05:04:19,403 INFO Negative OS: -21.00660667923153 --- ticker CSCO --- day 2017-04-25 --- time 52200
2023-04-20 05:04:19,714 INFO Negative OS: -17.793918147817266 --- ticker CSCO --- day 2017-05-01 --- time 43200
2023-04-20 05:04:19,731 INFO Negative OS: -40.65133611253311 --- ticker CSCO --- day 2017-05-01 --- time 48600
2023-04-20 05:04:19,742 INFO Negative OS: -0.0443886778607685 --- ticker CSCO --- day 2017-05-01 --- time 52200
2023-04-20 05:04:20,675 INFO Negative OS: -6.4754909658740445 --- ticker CSCO --- day 2017-05-16 --- time 52200
2023-04-20 05:04:21,240 INFO Negative OS: -0.47241654702713975 --- ticker CSCO --- day 2017-05-25 --- time 41400
2023-04-20 05:04:21,256 INFO Negative OS: -2.2941495673025676 --- ticker CSCO --- day 2017-05-25 --- time 46800
2023-04-20 05:04:21,357 INFO Negative OS: -0.8455536351302666 --- ticker CSCO --- day 2017-05-26 --- time 52200
2023-04-20 05:04:21,590 INFO Negative OS: -89.26032905356394 --- ticker CSCO --- day 2017-06-01 --- time 45000
2023-04-20 05:04:21,774 INFO Negative OS: -62.20567240740449 --- ticker CSCO --- day 2017-06-05 --- time 50400
2023-04-20 05:04:21,841 INFO Negative OS: -0.7778218868697597 --- ticker CSCO --- day 2017-06-06 --- time 45000
2023-04-20 05:04:21,847 INFO Negative OS: -0.5381326147147576 --- ticker CSCO --- day 2017-06-06 --- time 46800
2023-04-20 05:04:22,348 INFO Negative OS: -15.924120959715616 --- ticker CSCO --- day 2017-06-14 --- time 45000
2023-04-20 05:04:23,355 INFO Negative OS: -0.16753162311175385 --- ticker CSCO --- day 2017-06-30 --- time 45000
2023-04-20 05:04:23,702 INFO Negative OS: -92.80433729614411 --- ticker CSCO --- day 2017-07-07 --- time 52200
2023-04-20 05:04:24,107 INFO Negative OS: -0.5360407010968671 --- ticker CSCO --- day 2017-07-14 --- time 46800
2023-04-20 05:04:24,124 INFO Negative OS: -1.2906205100265438 --- ticker CSCO --- day 2017-07-14 --- time 52200
2023-04-20 05:04:24,288 INFO Negative OS: -0.4949142163796103 --- ticker CSCO --- day 2017-07-18 --- time 50400
2023-04-20 05:04:24,346 INFO Negative OS: -2.7963010606652157 --- ticker CSCO --- day 2017-07-19 --- time 41400
2023-04-20 05:04:24,368 INFO Negative OS: -0.2839625664122436 --- ticker CSCO --- day 2017-07-19 --- time 48600
2023-04-20 05:04:24,708 INFO Negative OS: -2.789191228818645 --- ticker CSCO --- day 2017-07-25 --- time 48600
2023-04-20 05:04:24,719 INFO Negative OS: -0.04232337792202312 --- ticker CSCO --- day 2017-07-25 --- time 52200
2023-04-20 05:04:24,781 INFO Negative OS: -3.748981116298471 --- ticker CSCO --- day 2017-07-26 --- time 45000
2023-04-20 05:04:25,118 INFO Negative OS: -18.328682476095963 --- ticker CSCO --- day 2017-08-01 --- time 45000
2023-04-20 05:04:25,130 INFO Negative OS: -0.10476476418845304 --- ticker CSCO --- day 2017-08-01 --- time 48600
2023-04-20 05:04:25,135 INFO Negative OS: -0.7974394533223477 --- ticker CSCO --- day 2017-08-01 --- time 50400
2023-04-20 05:04:25,367 INFO Negative OS: -31119.70427751201 --- ticker CSCO --- day 2017-08-04 --- time 43200
2023-04-20 05:04:25,395 INFO Negative OS: -1.1258071952805229 --- ticker CSCO --- day 2017-08-04 --- time 52200
2023-04-20 05:04:25,529 INFO Negative OS: -0.2615454585506256 --- ticker CSCO --- day 2017-08-08 --- time 41400
2023-04-20 05:04:25,626 INFO Negative OS: -1.4559100945487384 --- ticker CSCO --- day 2017-08-09 --- time 45000
2023-04-20 05:04:26,057 INFO Negative OS: -0.1511770186647119 --- ticker CSCO --- day 2017-08-16 --- time 46800
2023-04-20 05:04:26,712 INFO Negative OS: -630.2415151238207 --- ticker CSCO --- day 2017-08-28 --- time 41400
2023-04-20 05:04:26,723 INFO Negative OS: -4.173876662737081 --- ticker CSCO --- day 2017-08-28 --- time 45000
2023-04-20 05:04:27,548 INFO Negative OS: -75.14538797501184 --- ticker CSCO --- day 2017-09-12 --- time 43200
2023-04-20 05:04:27,554 INFO Negative OS: -8.423666672886943 --- ticker CSCO --- day 2017-09-12 --- time 45000
2023-04-20 05:04:27,560 INFO Negative OS: -1.5673293123539649 --- ticker CSCO --- day 2017-09-12 --- time 46800
2023-04-20 05:04:27,801 INFO Negative OS: -254.6741445481876 --- ticker CSCO --- day 2017-09-15 --- time 43200
2023-04-20 05:04:27,807 INFO Negative OS: -101.76511715640655 --- ticker CSCO --- day 2017-09-15 --- time 45000
2023-04-20 05:04:27,812 INFO Negative OS: -335.54055102099665 --- ticker CSCO --- day 2017-09-15 --- time 46800
2023-04-20 05:04:27,818 INFO Negative OS: -18945.260829143393 --- ticker CSCO --- day 2017-09-15 --- time 48600
2023-04-20 05:04:27,824 INFO Negative OS: -97.38530246006509 --- ticker CSCO --- day 2017-09-15 --- time 50400
2023-04-20 05:04:27,829 INFO Negative OS: -2.923732203489877 --- ticker CSCO --- day 2017-09-15 --- time 52200
2023-04-20 05:04:27,996 INFO Negative OS: -0.7608166239900453 --- ticker CSCO --- day 2017-09-19 --- time 52200
2023-04-20 05:04:28,752 INFO Negative OS: -5.011565896005194 --- ticker CSCO --- day 2017-10-02 --- time 48600
2023-04-20 05:04:28,831 INFO Negative OS: -2.7992602490013816 --- ticker CSCO --- day 2017-10-03 --- time 46800
2023-04-20 05:04:29,416 INFO Negative OS: -0.003997798238879469 --- ticker CSCO --- day 2017-10-12 --- time 45000
2023-04-20 05:04:29,523 INFO Negative OS: -3.8039943083694157 --- ticker CSCO --- day 2017-10-13 --- time 52200
2023-04-20 05:04:30,524 INFO Negative OS: -1.952886509460173 --- ticker CSCO --- day 2017-10-31 --- time 46800
2023-04-20 05:04:31,049 INFO Negative OS: -3.2348121591766006 --- ticker CSCO --- day 2017-11-08 --- time 50400
2023-04-20 05:04:31,629 INFO Negative OS: -0.14557671761545277 --- ticker CSCO --- day 2017-11-17 --- time 46800
2023-04-20 05:04:31,634 INFO Negative OS: -1.623109774644234 --- ticker CSCO --- day 2017-11-17 --- time 48600
2023-04-20 05:04:31,646 INFO Negative OS: -10.812643882360947 --- ticker CSCO --- day 2017-11-17 --- time 52200
2023-04-20 05:04:31,713 INFO Negative OS: -15.158582538211515 --- ticker CSCO --- day 2017-11-20 --- time 46800
2023-04-20 05:04:31,725 INFO Negative OS: -2.7392317147691263 --- ticker CSCO --- day 2017-11-20 --- time 50400
2023-04-20 05:04:31,956 INFO Negative OS: -0.10527552054736944 --- ticker CSCO --- day 2017-11-24 --- time 43200
2023-04-20 05:04:32,813 INFO Negative OS: -3.100686030154563 --- ticker CSCO --- day 2017-12-08 --- time 48600
2023-04-20 05:04:32,882 INFO Negative OS: -0.37861915235851207 --- ticker CSCO --- day 2017-12-11 --- time 43200
2023-04-20 05:04:34,002 INFO Negative OS: -27.774278077279988 --- ticker CSCO --- day 2017-12-29 --- time 52200
2023-04-20 05:04:34,489 INFO Negative OS: -3.8673558835762156 --- ticker CSCO --- day 2018-01-09 --- time 45000
2023-04-20 05:04:34,495 INFO Negative OS: -0.17213089649925783 --- ticker CSCO --- day 2018-01-09 --- time 46800
2023-04-20 05:04:34,501 INFO Negative OS: -2.4518753091309273 --- ticker CSCO --- day 2018-01-09 --- time 48600
2023-04-20 05:04:41,360 INFO Negative OS: -1.1855989854386584 --- ticker CSCO --- day 2018-05-07 --- time 50400
2023-04-20 05:04:43,480 INFO Negative OS: -0.30161947247665255 --- ticker CSCO --- day 2018-06-12 --- time 45000
2023-04-20 05:04:44,928 INFO Negative OS: -3.5871353596340256 --- ticker CSCO --- day 2018-07-06 --- time 48600
2023-04-20 05:04:58,584 INFO Negative OS: -0.07630113389753723 --- ticker CSCO --- day 2019-02-28 --- time 46800
2023-04-20 05:05:13,246 INFO Negative OS: -5.927752219467395 --- ticker CSCO --- day 2019-11-04 --- time 46800
2023-04-20 05:05:14,528 INFO Negative OS: -17.21829340551212 --- ticker CSCO --- day 2019-11-25 --- time 52200
2023-04-20 05:05:15,179 INFO Negative OS: -0.15233591151580228 --- ticker CSCO --- day 2019-12-06 --- time 48600
2023-04-20 05:05:15,649 INFO in_r2: 0.9956646993571546 , std 0.004343195714410183 
2023-04-20 05:05:15,649 INFO os_r2: -60.53441574103476 , std 4650.3980569889445 
2023-04-20 05:05:15,649 INFO intercept: 5.36715260619785e-10 , std 2.005539974505585e-06 
2023-04-20 05:05:15,649 INFO ofi_add_1: 1.7135819161315122e-05 , std 2.4020035913965477e-05 
2023-04-20 05:05:15,649 INFO ofi_add_2: 8.041714487120628e-05 , std 5.498911259833201e-05 
2023-04-20 05:05:15,649 INFO ofi_add_3: 6.028826222635612e-05 , std 5.7417916458552394e-05 
2023-04-20 05:05:15,649 INFO ofi_add_4: 7.66475663568559e-05 , std 8.654880579658599e-05 
2023-04-20 05:05:15,649 INFO ofi_add_5: 0.00012015538676721442 , std 0.0001047262038730124 
2023-04-20 05:05:15,649 INFO ofi_add_6: 0.00017154363940986733 , std 0.00013794559317472643 
2023-04-20 05:05:15,649 INFO ofi_add_7: 0.00018683429097865754 , std 0.00016273309844268977 
2023-04-20 05:05:15,649 INFO ofi_add_8: 0.0001891271046875765 , std 0.00019344391665253205 
2023-04-20 05:05:15,649 INFO ofi_add_9: 0.0001650449334915903 , std 0.00020203575334912333 
2023-04-20 05:05:15,649 INFO ofi_add_10: 0.00015674718071472408 , std 0.00013607013726515187 
2023-04-20 05:05:15,649 INFO ofi_cancel_1: 1.5172696192608554e-05 , std 2.5521037882902136e-05 
2023-04-20 05:05:15,649 INFO ofi_cancel_2: 5.947105690097423e-05 , std 5.574453152818612e-05 
2023-04-20 05:05:15,649 INFO ofi_cancel_3: 5.155538774346298e-05 , std 5.784794576154117e-05 
2023-04-20 05:05:15,649 INFO ofi_cancel_4: 5.757814384381775e-05 , std 7.902773222374228e-05 
2023-04-20 05:05:15,649 INFO ofi_cancel_5: 9.905207824654195e-05 , std 0.0001160859244327728 
2023-04-20 05:05:15,649 INFO ofi_cancel_6: 0.00015878629043390187 , std 0.00017153624018318057 
2023-04-20 05:05:15,649 INFO ofi_cancel_7: 0.00018352404460498853 , std 0.00019373025424446186 
2023-04-20 05:05:15,650 INFO ofi_cancel_8: 0.00021361345496559892 , std 0.00022158669302261265 
2023-04-20 05:05:15,650 INFO ofi_cancel_9: 0.00018121431965559598 , std 0.00019077467542668537 
2023-04-20 05:05:15,650 INFO ofi_cancel_10: 0.00017269617401116153 , std 0.0001860112125373237 
2023-04-20 05:05:15,650 INFO ofi_trade_1: 2.9091724694050568e-05 , std 0.0001102874806877667 
2023-04-20 05:05:15,650 INFO ofi_trade_2: 0.00013564990512041357 , std 0.001110293474468171 
2023-04-20 05:05:15,650 INFO ofi_trade_3: 0.00013478687478933377 , std 0.002728269389507684 
2023-04-20 05:05:15,650 INFO ofi_trade_4: 0.00016466000728994367 , std 0.004024512246309314 
2023-04-20 05:05:15,650 INFO ofi_trade_5: 6.286672794833952e-05 , std 0.002452228191030747 
2023-04-20 05:05:15,650 INFO ofi_trade_6: 0.00023399582011626838 , std 0.003842653004767633 
2023-04-20 05:05:15,650 INFO ofi_trade_7: 0.00017135832291823806 , std 0.006251084304957516 
2023-04-20 05:05:15,650 INFO ofi_trade_8: -9.496847961593372e-07 , std 0.008110517509918059 
2023-04-20 05:05:15,650 INFO ofi_trade_9: 0.00015155650155877418 , std 0.0030262919464131978 
2023-04-20 05:05:15,650 INFO ofi_trade_10: 7.890925224375659e-05 , std 0.0191558194473066 
2023-04-20 05:05:15,650 INFO t_intercept: 0.032038493587320124 , std 1.3455713518136738 
2023-04-20 05:05:15,650 INFO t_ofi_add_1: 1.7416113015407775 , std 2.059755149428422 
2023-04-20 05:05:15,650 INFO t_ofi_add_2: 3.855360681691619 , std 2.8849068633039283 
2023-04-20 05:05:15,650 INFO t_ofi_add_3: 3.0007147194799106 , std 2.7164176187014304 
2023-04-20 05:05:15,650 INFO t_ofi_add_4: 3.288626332699315 , std 3.2149303424974285 
2023-04-20 05:05:15,650 INFO t_ofi_add_5: 4.241607914669774 , std 3.454384494174033 
2023-04-20 05:05:15,650 INFO t_ofi_add_6: 4.824588873562336 , std 3.984691372034587 
2023-04-20 05:05:15,650 INFO t_ofi_add_7: 4.74671977880947 , std 3.8591503440573955 
2023-04-20 05:05:15,650 INFO t_ofi_add_8: 4.779539971106904 , std 3.9132582807832157 
2023-04-20 05:05:15,650 INFO t_ofi_add_9: 1638153408.3309476 , std 137494509499.78723 
2023-04-20 05:05:15,650 INFO t_ofi_add_10: 4.345658332976784 , std 3.596781598636548 
2023-04-20 05:05:15,650 INFO t_ofi_cancel_1: 1.376924468416373 , std 1.8980069105688608 
2023-04-20 05:05:15,650 INFO t_ofi_cancel_2: 2.5550479148779806 , std 2.195341896137492 
2023-04-20 05:05:15,650 INFO t_ofi_cancel_3: 2.276234239585764 , std 2.00677083105453 
2023-04-20 05:05:15,650 INFO t_ofi_cancel_4: 2.0748360807406865 , std 2.0655086875527187 
2023-04-20 05:05:15,650 INFO t_ofi_cancel_5: 2.4382992949544517 , std 2.2420963670386036 
2023-04-20 05:05:15,650 INFO t_ofi_cancel_6: 2.9218525538727955 , std 2.7832678987480888 
2023-04-20 05:05:15,650 INFO t_ofi_cancel_7: 3.103854463151081 , std 2.7962340862792847 
2023-04-20 05:05:15,650 INFO t_ofi_cancel_8: 3.15239253247487 , std 2.6159800531181876 
2023-04-20 05:05:15,650 INFO t_ofi_cancel_9: 2.9018707617778667 , std 2.5346708058175036 
2023-04-20 05:05:15,650 INFO t_ofi_cancel_10: 2.775328992911293 , std 2.5216469314016097 
2023-04-20 05:05:15,650 INFO t_ofi_trade_1: 0.8399159967004339 , std 2.421345126443267 
2023-04-20 05:05:15,650 INFO t_ofi_trade_2: 45923099072.25845 , std 3269953825987.018 
2023-04-20 05:05:15,650 INFO t_ofi_trade_3: 30992926983.876724 , std 2538264707012.156 
2023-04-20 05:05:15,650 INFO t_ofi_trade_4: 43489738900.479454 , std 3367007117255.4097 
2023-04-20 05:05:15,650 INFO t_ofi_trade_5: 108930219413.24873 , std 2857915999626.748 
2023-04-20 05:05:15,650 INFO t_ofi_trade_6: 57698256562.02923 , std 2879020481808.928 
2023-04-20 05:05:15,650 INFO t_ofi_trade_7: 25627036453.335476 , std 2534127265205.171 
2023-04-20 05:05:15,650 INFO t_ofi_trade_8: 43259470567.81148 , std 2337171477807.0576 
2023-04-20 05:05:15,650 INFO t_ofi_trade_9: 56134674774.98031 , std 2147034286021.4585 
2023-04-20 05:05:15,650 INFO t_ofi_trade_10: 48191625679.86008 , std 2764243934177.294 
2023-04-20 05:05:15,650 INFO p_intercept: 0.44245848398715365 , std 0.3037602305238245 
2023-04-20 05:05:15,650 INFO p_ofi_add_1: 0.2474380565058768 , std 0.2995682043181743 
2023-04-20 05:05:15,650 INFO p_ofi_add_2: 0.08653472460554225 , std 0.19993087409279722 
2023-04-20 05:05:15,650 INFO p_ofi_add_3: 0.14447720297171612 , std 0.2524023131636928 
2023-04-20 05:05:15,650 INFO p_ofi_add_4: 0.14394060689537377 , std 0.2519778819716454 
2023-04-20 05:05:15,650 INFO p_ofi_add_5: 0.08570540221217626 , std 0.20656653707409878 
2023-04-20 05:05:15,650 INFO p_ofi_add_6: 0.07397946108492144 , std 0.19211409235648108 
2023-04-20 05:05:15,651 INFO p_ofi_add_7: 0.07238556362321198 , std 0.19009337107768853 
2023-04-20 05:05:15,651 INFO p_ofi_add_8: 0.07376224764634437 , std 0.19362534686420918 
2023-04-20 05:05:15,651 INFO p_ofi_add_9: 0.08827786279432873 , std 0.2086599954258685 
2023-04-20 05:05:15,651 INFO p_ofi_add_10: 0.09116319258264423 , std 0.21308416380192066 
2023-04-20 05:05:15,651 INFO p_ofi_cancel_1: 0.2795394156392524 , std 0.30799457910211464 
2023-04-20 05:05:15,651 INFO p_ofi_cancel_2: 0.15351929268940115 , std 0.256295671451239 
2023-04-20 05:05:15,651 INFO p_ofi_cancel_3: 0.18555163947178954 , std 0.2761591913785039 
2023-04-20 05:05:15,651 INFO p_ofi_cancel_4: 0.20412005418150095 , std 0.2816145297949684 
2023-04-20 05:05:15,651 INFO p_ofi_cancel_5: 0.1652336695116448 , std 0.2654714588740923 
2023-04-20 05:05:15,651 INFO p_ofi_cancel_6: 0.13753728214175573 , std 0.24608341136059086 
2023-04-20 05:05:15,651 INFO p_ofi_cancel_7: 0.141616796897024 , std 0.25254843478578876 
2023-04-20 05:05:15,651 INFO p_ofi_cancel_8: 0.1251099341628449 , std 0.23914283356172134 
2023-04-20 05:05:15,651 INFO p_ofi_cancel_9: 0.1382364890620022 , std 0.24707088137145988 
2023-04-20 05:05:15,651 INFO p_ofi_cancel_10: 0.14980487665760342 , std 0.2561655958147818 
2023-04-20 05:05:15,651 INFO p_ofi_trade_1: 0.2787397841854474 , std 0.30775381197982604 
2023-04-20 05:05:15,651 INFO p_ofi_trade_2: 0.11028645088821207 , std 0.2238478425750495 
2023-04-20 05:05:15,651 INFO p_ofi_trade_3: 0.12548214707684766 , std 0.23740103425061643 
2023-04-20 05:05:15,651 INFO p_ofi_trade_4: 0.13525104344076458 , std 0.24371767978179498 
2023-04-20 05:05:15,651 INFO p_ofi_trade_5: 0.10654166200925956 , std 0.22104598545123647 
2023-04-20 05:05:15,651 INFO p_ofi_trade_6: 0.09178048019311277 , std 0.2066526175449961 
2023-04-20 05:05:15,651 INFO p_ofi_trade_7: 0.098228403385903 , std 0.21487443269206058 
2023-04-20 05:05:15,651 INFO p_ofi_trade_8: 0.10827653678091904 , std 0.2227375131026854 
2023-04-20 05:05:15,651 INFO p_ofi_trade_9: 0.11324865596209077 , std 0.23109280994732095 
2023-04-20 05:05:15,651 INFO p_ofi_trade_10: 0.09490683339420516 , std 0.21103025609968756 
