2023-04-20 05:01:07,298 INFO Tickers: ['GOOGL']
2023-04-20 05:01:07,948 INFO Negative OS: -0.01944136715112932 --- ticker GOOGL --- day 2017-01-05 --- time 39600
2023-04-20 05:01:07,972 INFO Negative OS: -0.27545057155757635 --- ticker GOOGL --- day 2017-01-05 --- time 41400
2023-04-20 05:01:08,326 INFO Negative OS: -0.3550091800090913 --- ticker GOOGL --- day 2017-01-06 --- time 52200
2023-04-20 05:01:09,750 INFO Negative OS: -0.28341621195268196 --- ticker GOOGL --- day 2017-01-18 --- time 39600
2023-04-20 05:01:10,879 INFO Negative OS: -0.37348542086773184 --- ticker GOOGL --- day 2017-01-25 --- time 36000
2023-04-20 05:01:10,908 INFO Negative OS: -0.08302757042253095 --- ticker GOOGL --- day 2017-01-25 --- time 39600
2023-04-20 05:01:12,350 INFO Negative OS: -0.6154277304342484 --- ticker GOOGL --- day 2017-02-22 --- time 37800
2023-04-20 05:01:12,575 INFO Negative OS: -0.3614568540519656 --- ticker GOOGL --- day 2017-02-27 --- time 43200
2023-04-20 05:01:12,734 INFO Negative OS: -0.1010571956673949 --- ticker GOOGL --- day 2017-03-01 --- time 48600
2023-04-20 05:01:12,789 INFO Negative OS: -0.3939604213644574 --- ticker GOOGL --- day 2017-03-02 --- time 39600
2023-04-20 05:01:12,896 INFO Negative OS: -0.0068003657304318565 --- ticker GOOGL --- day 2017-03-03 --- time 50400
2023-04-20 05:01:12,902 INFO Negative OS: -0.3356040982955304 --- ticker GOOGL --- day 2017-03-03 --- time 52200
2023-04-20 05:01:13,008 INFO Negative OS: -0.04803994875689166 --- ticker GOOGL --- day 2017-03-07 --- time 39600
2023-04-20 05:01:13,043 INFO Negative OS: -0.10608800178839672 --- ticker GOOGL --- day 2017-03-07 --- time 52200
2023-04-20 05:01:13,076 INFO Negative OS: -0.5103587638243501 --- ticker GOOGL --- day 2017-03-08 --- time 36000
2023-04-20 05:01:13,087 INFO Negative OS: -1.1907217618488168 --- ticker GOOGL --- day 2017-03-08 --- time 39600
2023-04-20 05:01:13,260 INFO Negative OS: -0.3196813307165076 --- ticker GOOGL --- day 2017-03-10 --- time 48600
2023-04-20 05:01:13,266 INFO Negative OS: -0.04330344488303961 --- ticker GOOGL --- day 2017-03-10 --- time 50400
2023-04-20 05:01:13,453 INFO Negative OS: -0.5288738074672048 --- ticker GOOGL --- day 2017-03-15 --- time 39600
2023-04-20 05:01:14,249 INFO Negative OS: -0.7841720582433886 --- ticker GOOGL --- day 2017-03-29 --- time 52200
2023-04-20 05:01:14,445 INFO Negative OS: -0.08706567975126056 --- ticker GOOGL --- day 2017-04-03 --- time 43200
2023-04-20 05:01:14,760 INFO Negative OS: -0.04565971548367043 --- ticker GOOGL --- day 2017-04-07 --- time 41400
2023-04-20 05:01:14,860 INFO Negative OS: -0.15244785464732402 --- ticker GOOGL --- day 2017-04-10 --- time 50400
2023-04-20 05:01:14,994 INFO Negative OS: -0.09025391695062956 --- ticker GOOGL --- day 2017-04-12 --- time 45000
2023-04-20 05:01:15,333 INFO Negative OS: -0.026781686241227787 --- ticker GOOGL --- day 2017-04-20 --- time 36000
2023-04-20 05:01:15,487 INFO Negative OS: -0.052643256613588596 --- ticker GOOGL --- day 2017-04-24 --- time 41400
2023-04-20 05:01:15,861 INFO Negative OS: -0.6579027992870392 --- ticker GOOGL --- day 2017-05-01 --- time 37800
2023-04-20 05:01:15,928 INFO Negative OS: -0.7095470745314307 --- ticker GOOGL --- day 2017-05-02 --- time 36000
2023-04-20 05:01:16,539 INFO Negative OS: -0.08537000205851908 --- ticker GOOGL --- day 2017-05-11 --- time 50400
2023-04-20 05:01:16,643 INFO Negative OS: -0.4498184483293002 --- ticker GOOGL --- day 2017-05-15 --- time 36000
2023-04-20 05:01:17,177 INFO Negative OS: -0.07251248214035755 --- ticker GOOGL --- day 2017-05-24 --- time 36000
2023-04-20 05:01:17,218 INFO Negative OS: -0.1980066117413486 --- ticker GOOGL --- day 2017-05-24 --- time 52200
2023-04-20 05:01:17,290 INFO Negative OS: -0.06476076016787946 --- ticker GOOGL --- day 2017-05-25 --- time 48600
2023-04-20 05:01:17,421 INFO Negative OS: -0.6095198534005455 --- ticker GOOGL --- day 2017-05-30 --- time 39600
2023-04-20 05:01:17,426 INFO Negative OS: -0.09209415820970546 --- ticker GOOGL --- day 2017-05-30 --- time 41400
2023-04-20 05:01:17,749 INFO Negative OS: -0.02697641492935854 --- ticker GOOGL --- day 2017-06-05 --- time 45000
2023-04-20 05:01:17,802 INFO Negative OS: -0.6937502279512364 --- ticker GOOGL --- day 2017-06-06 --- time 36000
2023-04-20 05:01:17,905 INFO Negative OS: -0.10268711551580378 --- ticker GOOGL --- day 2017-06-07 --- time 46800
2023-04-20 05:01:17,978 INFO Negative OS: -0.09782511081926804 --- ticker GOOGL --- day 2017-06-08 --- time 43200
2023-04-20 05:01:18,157 INFO Negative OS: -0.23940029116823114 --- ticker GOOGL --- day 2017-06-12 --- time 48600
2023-04-20 05:01:18,475 INFO Negative OS: -0.17894791285217249 --- ticker GOOGL --- day 2017-06-16 --- time 43200
2023-04-20 05:01:18,869 INFO Negative OS: -0.20998180085877305 --- ticker GOOGL --- day 2017-06-23 --- time 39600
2023-04-20 05:01:18,881 INFO Negative OS: -0.2674778476671462 --- ticker GOOGL --- day 2017-06-23 --- time 45000
2023-04-20 05:01:19,031 INFO Negative OS: -0.035700392737457065 --- ticker GOOGL --- day 2017-06-27 --- time 41400
2023-04-20 05:01:19,904 INFO Negative OS: -0.3381192500595924 --- ticker GOOGL --- day 2017-07-13 --- time 41400
2023-04-20 05:01:19,910 INFO Negative OS: -0.1478201026236925 --- ticker GOOGL --- day 2017-07-13 --- time 43200
2023-04-20 05:01:20,118 INFO Negative OS: -0.23614779183101486 --- ticker GOOGL --- day 2017-07-18 --- time 36000
2023-04-20 05:01:20,345 INFO Negative OS: -2.0953887325095524 --- ticker GOOGL --- day 2017-07-21 --- time 36000
2023-04-20 05:01:20,587 INFO Negative OS: -3.6773072129327717 --- ticker GOOGL --- day 2017-07-26 --- time 36000
2023-04-20 05:01:20,630 INFO Negative OS: -0.708990433228619 --- ticker GOOGL --- day 2017-07-26 --- time 52200
2023-04-20 05:01:20,984 INFO Negative OS: -1.3606426511255978 --- ticker GOOGL --- day 2017-08-02 --- time 36000
2023-04-20 05:01:21,096 INFO Negative OS: -0.07355019976871535 --- ticker GOOGL --- day 2017-08-03 --- time 45000
2023-04-20 05:01:21,109 INFO Negative OS: -0.06679079477547334 --- ticker GOOGL --- day 2017-08-03 --- time 50400
2023-04-20 05:01:21,148 INFO Negative OS: -0.27794323634363627 --- ticker GOOGL --- day 2017-08-04 --- time 36000
2023-04-20 05:01:21,337 INFO Negative OS: -0.7838987675716726 --- ticker GOOGL --- day 2017-08-08 --- time 50400
2023-04-20 05:01:21,567 INFO Negative OS: -1.5111680078631275 --- ticker GOOGL --- day 2017-08-11 --- time 46800
2023-04-20 05:01:21,573 INFO Negative OS: -7.71982900643359 --- ticker GOOGL --- day 2017-08-11 --- time 48600
2023-04-20 05:01:21,617 INFO Negative OS: -0.20224301270552814 --- ticker GOOGL --- day 2017-08-14 --- time 36000
2023-04-20 05:01:21,634 INFO Negative OS: -0.3256320842182685 --- ticker GOOGL --- day 2017-08-14 --- time 41400
2023-04-20 05:01:21,658 INFO Negative OS: -0.1290614000572896 --- ticker GOOGL --- day 2017-08-14 --- time 50400
2023-04-20 05:01:21,764 INFO Negative OS: -0.11543702145420132 --- ticker GOOGL --- day 2017-08-16 --- time 36000
2023-04-20 05:01:21,770 INFO Negative OS: -0.48250825822820076 --- ticker GOOGL --- day 2017-08-16 --- time 37800
2023-04-20 05:01:21,973 INFO Negative OS: -0.7275912913341804 --- ticker GOOGL --- day 2017-08-18 --- time 50400
2023-04-20 05:01:22,317 INFO Negative OS: -0.5938870374017344 --- ticker GOOGL --- day 2017-08-25 --- time 41400
2023-04-20 05:01:22,471 INFO Negative OS: -0.2506736129800815 --- ticker GOOGL --- day 2017-08-29 --- time 41400
2023-04-20 05:01:22,684 INFO Negative OS: -0.16496430189176547 --- ticker GOOGL --- day 2017-09-01 --- time 39600
2023-04-20 05:01:22,994 INFO Negative OS: -0.7044107537439985 --- ticker GOOGL --- day 2017-09-08 --- time 37800
2023-04-20 05:01:23,293 INFO Negative OS: -0.06977957897595966 --- ticker GOOGL --- day 2017-09-14 --- time 39600
2023-04-20 05:01:23,391 INFO Negative OS: -0.6160065823967289 --- ticker GOOGL --- day 2017-09-15 --- time 48600
2023-04-20 05:01:23,402 INFO Negative OS: -0.00427839258834517 --- ticker GOOGL --- day 2017-09-15 --- time 52200
2023-04-20 05:01:23,447 INFO Negative OS: -0.06221885241106695 --- ticker GOOGL --- day 2017-09-18 --- time 39600
2023-04-20 05:01:23,466 INFO Negative OS: -0.07184184865119025 --- ticker GOOGL --- day 2017-09-18 --- time 48600
2023-04-20 05:01:23,510 INFO Negative OS: -0.43716451007514223 --- ticker GOOGL --- day 2017-09-19 --- time 36000
2023-04-20 05:01:23,544 INFO Negative OS: -0.2638898722756904 --- ticker GOOGL --- day 2017-09-19 --- time 46800
2023-04-20 05:01:23,611 INFO Negative OS: -0.7806067744809722 --- ticker GOOGL --- day 2017-09-20 --- time 41400
2023-04-20 05:01:23,683 INFO Negative OS: -0.03990144487200076 --- ticker GOOGL --- day 2017-09-21 --- time 37800
2023-04-20 05:01:23,694 INFO Negative OS: -0.36525981583362355 --- ticker GOOGL --- day 2017-09-21 --- time 41400
2023-04-20 05:01:23,784 INFO Negative OS: -0.4982063496207414 --- ticker GOOGL --- day 2017-09-22 --- time 48600
2023-04-20 05:01:24,012 INFO Negative OS: -0.18106851071007313 --- ticker GOOGL --- day 2017-09-27 --- time 41400
2023-04-20 05:01:24,150 INFO Negative OS: -0.5863949088654907 --- ticker GOOGL --- day 2017-09-29 --- time 36000
2023-04-20 05:01:24,539 INFO Negative OS: -0.3782785379530844 --- ticker GOOGL --- day 2017-10-06 --- time 41400
2023-04-20 05:01:24,842 INFO Negative OS: -0.4805664302258905 --- ticker GOOGL --- day 2017-10-12 --- time 45000
2023-04-20 05:01:25,105 INFO Negative OS: -0.19489049669919378 --- ticker GOOGL --- day 2017-10-18 --- time 36000
2023-04-20 05:01:25,263 INFO Negative OS: -0.5086579983065209 --- ticker GOOGL --- day 2017-10-20 --- time 36000
2023-04-20 05:01:25,507 INFO Negative OS: -0.04144782299838434 --- ticker GOOGL --- day 2017-10-25 --- time 41400
2023-04-20 05:01:25,601 INFO Negative OS: -0.16341923491694943 --- ticker GOOGL --- day 2017-10-26 --- time 45000
2023-04-20 05:01:26,014 INFO Negative OS: -0.03585990288107288 --- ticker GOOGL --- day 2017-11-02 --- time 43200
2023-04-20 05:01:26,031 INFO Negative OS: -0.061811997059628476 --- ticker GOOGL --- day 2017-11-02 --- time 48600
2023-04-20 05:01:26,190 INFO Negative OS: -0.7380389060396602 --- ticker GOOGL --- day 2017-11-06 --- time 50400
2023-04-20 05:01:26,253 INFO Negative OS: -0.035832775484895496 --- ticker GOOGL --- day 2017-11-07 --- time 45000
2023-04-20 05:01:26,325 INFO Negative OS: -0.6038384950558064 --- ticker GOOGL --- day 2017-11-08 --- time 41400
2023-04-20 05:01:26,408 INFO Negative OS: -0.4636782274956981 --- ticker GOOGL --- day 2017-11-09 --- time 41400
2023-04-20 05:01:26,539 INFO Negative OS: -0.17136375447134 --- ticker GOOGL --- day 2017-11-13 --- time 37800
2023-04-20 05:01:26,753 INFO Negative OS: -2.4506908956466984 --- ticker GOOGL --- day 2017-11-16 --- time 41400
2023-04-20 05:01:26,954 INFO Negative OS: -0.16448767695046995 --- ticker GOOGL --- day 2017-11-21 --- time 36000
2023-04-20 05:01:27,089 INFO Negative OS: -0.3699502765213274 --- ticker GOOGL --- day 2017-11-24 --- time 36000
2023-04-20 05:01:27,241 INFO Negative OS: -0.5223485340709104 --- ticker GOOGL --- day 2017-11-28 --- time 41400
2023-04-20 05:01:27,768 INFO Negative OS: -0.08326136969152209 --- ticker GOOGL --- day 2017-12-06 --- time 50400
2023-04-20 05:01:27,836 INFO Negative OS: -1.8296379911315017 --- ticker GOOGL --- day 2017-12-07 --- time 46800
2023-04-20 05:01:28,003 INFO Negative OS: -0.17448797720029985 --- ticker GOOGL --- day 2017-12-11 --- time 50400
2023-04-20 05:01:28,048 INFO Negative OS: -0.6229714076913184 --- ticker GOOGL --- day 2017-12-12 --- time 37800
2023-04-20 05:01:28,060 INFO Negative OS: -0.24294733135513802 --- ticker GOOGL --- day 2017-12-12 --- time 41400
2023-04-20 05:01:28,227 INFO Negative OS: -0.027120160504297885 --- ticker GOOGL --- day 2017-12-14 --- time 41400
2023-04-20 05:01:28,305 INFO Negative OS: -0.08381866720888453 --- ticker GOOGL --- day 2017-12-15 --- time 39600
2023-04-20 05:01:28,311 INFO Negative OS: -0.8710483760305072 --- ticker GOOGL --- day 2017-12-15 --- time 41400
2023-04-20 05:01:28,455 INFO Negative OS: -0.21473521544552132 --- ticker GOOGL --- day 2017-12-19 --- time 36000
2023-04-20 05:01:28,472 INFO Negative OS: -0.05651611667984868 --- ticker GOOGL --- day 2017-12-19 --- time 41400
2023-04-20 05:01:28,490 INFO Negative OS: -0.0938609062683271 --- ticker GOOGL --- day 2017-12-19 --- time 48600
2023-04-20 05:01:28,558 INFO Negative OS: -0.27428891133915023 --- ticker GOOGL --- day 2017-12-20 --- time 43200
2023-04-20 05:01:28,620 INFO Negative OS: -1.3844145114880302 --- ticker GOOGL --- day 2017-12-21 --- time 37800
2023-04-20 05:01:28,637 INFO Negative OS: -0.17658713220179556 --- ticker GOOGL --- day 2017-12-21 --- time 43200
2023-04-20 05:01:28,648 INFO Negative OS: -4.494605103572103 --- ticker GOOGL --- day 2017-12-21 --- time 46800
2023-04-20 05:01:28,665 INFO Negative OS: -2.033223929964869 --- ticker GOOGL --- day 2017-12-21 --- time 52200
2023-04-20 05:01:28,738 INFO Negative OS: -0.38732087383484815 --- ticker GOOGL --- day 2017-12-22 --- time 52200
2023-04-20 05:01:28,771 INFO Negative OS: -0.6688471825251225 --- ticker GOOGL --- day 2017-12-26 --- time 36000
2023-04-20 05:01:28,777 INFO Negative OS: -0.0263011190550837 --- ticker GOOGL --- day 2017-12-26 --- time 37800
2023-04-20 05:01:28,869 INFO Negative OS: -0.045622659380680775 --- ticker GOOGL --- day 2017-12-27 --- time 45000
2023-04-20 05:01:28,875 INFO Negative OS: -0.20825224964111477 --- ticker GOOGL --- day 2017-12-27 --- time 46800
2023-04-20 05:01:28,881 INFO Negative OS: -1.9196447925061881 --- ticker GOOGL --- day 2017-12-27 --- time 48600
2023-04-20 05:01:28,886 INFO Negative OS: -0.23205286818703863 --- ticker GOOGL --- day 2017-12-27 --- time 50400
2023-04-20 05:01:28,892 INFO Negative OS: -0.302597681233578 --- ticker GOOGL --- day 2017-12-27 --- time 52200
2023-04-20 05:01:28,943 INFO Negative OS: -0.78476788426128 --- ticker GOOGL --- day 2017-12-28 --- time 43200
2023-04-20 05:01:28,949 INFO Negative OS: -0.07113350848769939 --- ticker GOOGL --- day 2017-12-28 --- time 45000
2023-04-20 05:01:29,027 INFO Negative OS: -0.32007969556395954 --- ticker GOOGL --- day 2017-12-29 --- time 46800
2023-04-20 05:01:29,172 INFO Negative OS: -1.4735971262490972 --- ticker GOOGL --- day 2018-01-03 --- time 39600
2023-04-20 05:01:29,178 INFO Negative OS: -0.6032859166430731 --- ticker GOOGL --- day 2018-01-03 --- time 41400
2023-04-20 05:01:29,202 INFO Negative OS: -14.261346944281357 --- ticker GOOGL --- day 2018-01-03 --- time 50400
2023-04-20 05:01:29,258 INFO Negative OS: -0.8696207935588027 --- ticker GOOGL --- day 2018-01-04 --- time 41400
2023-04-20 05:01:29,335 INFO Negative OS: -0.06838807780933065 --- ticker GOOGL --- day 2018-01-05 --- time 39600
2023-04-20 05:01:29,413 INFO Negative OS: -0.3695977698212001 --- ticker GOOGL --- day 2018-01-08 --- time 37800
2023-04-20 05:01:29,430 INFO Negative OS: -0.812937236097597 --- ticker GOOGL --- day 2018-01-08 --- time 43200
2023-04-20 05:01:29,453 INFO Negative OS: -1.2418781046785723 --- ticker GOOGL --- day 2018-01-08 --- time 52200
2023-04-20 05:01:29,577 INFO Negative OS: -0.5302099666518842 --- ticker GOOGL --- day 2018-01-10 --- time 37800
2023-04-20 05:01:29,599 INFO Negative OS: -0.3146085283912645 --- ticker GOOGL --- day 2018-01-10 --- time 45000
2023-04-20 05:01:29,673 INFO Negative OS: -0.3532322938055972 --- ticker GOOGL --- day 2018-01-11 --- time 43200
2023-04-20 05:01:29,835 INFO Negative OS: -0.767541436841706 --- ticker GOOGL --- day 2018-01-16 --- time 41400
2023-04-20 05:01:29,840 INFO Negative OS: -1.695363474889656 --- ticker GOOGL --- day 2018-01-16 --- time 43200
2023-04-20 05:01:30,007 INFO Negative OS: -0.06817215961796053 --- ticker GOOGL --- day 2018-01-18 --- time 43200
2023-04-20 05:01:30,024 INFO Negative OS: -0.23700304365224145 --- ticker GOOGL --- day 2018-01-18 --- time 48600
2023-04-20 05:01:30,086 INFO Negative OS: -0.002041423100205275 --- ticker GOOGL --- day 2018-01-19 --- time 41400
2023-04-20 05:01:30,110 INFO Negative OS: -0.7801938182100616 --- ticker GOOGL --- day 2018-01-19 --- time 52200
2023-04-20 05:01:30,166 INFO Negative OS: -2.4157027147579067 --- ticker GOOGL --- day 2018-01-22 --- time 43200
2023-04-20 05:01:30,189 INFO Negative OS: -0.7799226129784369 --- ticker GOOGL --- day 2018-01-22 --- time 50400
2023-04-20 05:01:30,239 INFO Negative OS: -0.5327294968332641 --- ticker GOOGL --- day 2018-01-23 --- time 39600
2023-04-20 05:01:30,278 INFO Negative OS: -0.06392150409400421 --- ticker GOOGL --- day 2018-01-23 --- time 52200
2023-04-20 05:01:30,406 INFO Negative OS: -0.10576600888974741 --- ticker GOOGL --- day 2018-01-25 --- time 39600
2023-04-20 05:01:30,412 INFO Negative OS: -0.8381443612913644 --- ticker GOOGL --- day 2018-01-25 --- time 41400
2023-04-20 05:01:30,440 INFO Negative OS: -0.15136360354082612 --- ticker GOOGL --- day 2018-01-25 --- time 50400
2023-04-20 05:01:30,479 INFO Negative OS: -0.27043103702574234 --- ticker GOOGL --- day 2018-01-26 --- time 36000
2023-04-20 05:01:30,490 INFO Negative OS: -0.08901338041307727 --- ticker GOOGL --- day 2018-01-26 --- time 39600
2023-04-20 05:01:30,507 INFO Negative OS: -0.09685680013202913 --- ticker GOOGL --- day 2018-01-26 --- time 45000
2023-04-20 05:01:30,530 INFO Negative OS: -0.0069320074868621795 --- ticker GOOGL --- day 2018-01-26 --- time 52200
2023-04-20 05:01:30,664 INFO Negative OS: -0.009767201997622488 --- ticker GOOGL --- day 2018-01-30 --- time 41400
2023-04-20 05:01:30,680 INFO Negative OS: -0.25471285649250897 --- ticker GOOGL --- day 2018-01-30 --- time 46800
2023-04-20 05:01:30,697 INFO Negative OS: -0.26858043292190215 --- ticker GOOGL --- day 2018-01-30 --- time 52200
2023-04-20 05:01:30,759 INFO Negative OS: -0.142809396270424 --- ticker GOOGL --- day 2018-01-31 --- time 45000
2023-04-20 05:01:30,770 INFO Negative OS: -0.037050064091379564 --- ticker GOOGL --- day 2018-01-31 --- time 48600
2023-04-20 05:01:31,694 INFO Negative OS: -0.20881395631441713 --- ticker GOOGL --- day 2018-02-15 --- time 48600
2023-04-20 05:01:32,605 INFO Negative OS: -3.2501935402591737 --- ticker GOOGL --- day 2018-03-05 --- time 45000
2023-04-20 05:01:32,701 INFO Negative OS: -0.8125938764638028 --- ticker GOOGL --- day 2018-03-06 --- time 48600
2023-04-20 05:01:32,706 INFO Negative OS: -0.7856536586186615 --- ticker GOOGL --- day 2018-03-06 --- time 50400
2023-04-20 05:01:32,930 INFO Negative OS: -0.21855633887495873 --- ticker GOOGL --- day 2018-03-09 --- time 41400
2023-04-20 05:01:32,958 INFO Negative OS: -2.228478776078513 --- ticker GOOGL --- day 2018-03-09 --- time 50400
2023-04-20 05:01:33,047 INFO Negative OS: -2.8827137635564113 --- ticker GOOGL --- day 2018-03-12 --- time 52200
2023-04-20 05:01:33,192 INFO Negative OS: -8.462736117670683 --- ticker GOOGL --- day 2018-03-14 --- time 45000
2023-04-20 05:01:33,254 INFO Negative OS: -0.23615670732607974 --- ticker GOOGL --- day 2018-03-15 --- time 37800
2023-04-20 05:01:33,611 INFO Negative OS: -0.014802579057345167 --- ticker GOOGL --- day 2018-03-21 --- time 45000
2023-04-20 05:01:33,880 INFO Negative OS: -1.2876523745598276 --- ticker GOOGL --- day 2018-03-26 --- time 50400
2023-04-20 05:01:34,220 INFO Negative OS: -0.0385868618974885 --- ticker GOOGL --- day 2018-04-02 --- time 52200
2023-04-20 05:01:34,276 INFO Negative OS: -0.01769908932093789 --- ticker GOOGL --- day 2018-04-03 --- time 43200
2023-04-20 05:01:35,135 INFO Negative OS: -22.219028241964995 --- ticker GOOGL --- day 2018-04-17 --- time 52200
2023-04-20 05:01:35,697 INFO Negative OS: -0.07743147025818398 --- ticker GOOGL --- day 2018-04-26 --- time 45000
2023-04-20 05:01:35,869 INFO Negative OS: -0.005865106334650427 --- ticker GOOGL --- day 2018-04-30 --- time 46800
2023-04-20 05:01:35,953 INFO Negative OS: -0.846347290266543 --- ticker GOOGL --- day 2018-05-01 --- time 46800
2023-04-20 05:01:36,183 INFO Negative OS: -0.048029213122878556 --- ticker GOOGL --- day 2018-05-04 --- time 41400
2023-04-20 05:01:36,367 INFO Negative OS: -0.78114136112271 --- ticker GOOGL --- day 2018-05-08 --- time 46800
2023-04-20 05:01:36,434 INFO Negative OS: -0.503024740556242 --- ticker GOOGL --- day 2018-05-09 --- time 41400
2023-04-20 05:01:36,529 INFO Negative OS: -0.04999772703401861 --- ticker GOOGL --- day 2018-05-10 --- time 45000
2023-04-20 05:01:36,696 INFO Negative OS: -0.295788557610557 --- ticker GOOGL --- day 2018-05-14 --- time 45000
2023-04-20 05:01:37,276 INFO Negative OS: -0.11783849673604374 --- ticker GOOGL --- day 2018-05-23 --- time 43200
2023-04-20 05:01:37,281 INFO Negative OS: -0.04314601922012651 --- ticker GOOGL --- day 2018-05-23 --- time 45000
2023-04-20 05:01:37,287 INFO Negative OS: -0.9569707346309904 --- ticker GOOGL --- day 2018-05-23 --- time 46800
2023-04-20 05:01:37,952 INFO Negative OS: -0.11614235682699925 --- ticker GOOGL --- day 2018-06-05 --- time 45000
2023-04-20 05:01:38,632 INFO Negative OS: -0.9518837798977335 --- ticker GOOGL --- day 2018-06-15 --- time 48600
2023-04-20 05:01:38,638 INFO Negative OS: -0.18257868827144486 --- ticker GOOGL --- day 2018-06-15 --- time 50400
2023-04-20 05:01:38,778 INFO Negative OS: -0.1577101988028049 --- ticker GOOGL --- day 2018-06-19 --- time 41400
2023-04-20 05:01:38,784 INFO Negative OS: -0.5314459018925917 --- ticker GOOGL --- day 2018-06-19 --- time 43200
2023-04-20 05:01:39,052 INFO Negative OS: -0.059930360659677495 --- ticker GOOGL --- day 2018-06-22 --- time 48600
2023-04-20 05:01:39,288 INFO Negative OS: -0.3403503586598986 --- ticker GOOGL --- day 2018-06-27 --- time 43200
2023-04-20 05:01:39,294 INFO Negative OS: -0.037961796929665725 --- ticker GOOGL --- day 2018-06-27 --- time 45000
2023-04-20 05:01:39,478 INFO Negative OS: -0.13754256124637654 --- ticker GOOGL --- day 2018-06-29 --- time 50400
2023-04-20 05:01:39,778 INFO Negative OS: -0.24689637470389436 --- ticker GOOGL --- day 2018-07-06 --- time 43200
2023-04-20 05:01:40,034 INFO Negative OS: -0.3769718570384719 --- ticker GOOGL --- day 2018-07-11 --- time 45000
2023-04-20 05:01:40,202 INFO Negative OS: -0.4820222015402704 --- ticker GOOGL --- day 2018-07-13 --- time 45000
2023-04-20 05:01:40,436 INFO Negative OS: -0.45392271280615293 --- ticker GOOGL --- day 2018-07-18 --- time 39600
2023-04-20 05:01:40,447 INFO Negative OS: -0.6935281715244777 --- ticker GOOGL --- day 2018-07-18 --- time 43200
2023-04-20 05:01:40,625 INFO Negative OS: -2.0478056583538984 --- ticker GOOGL --- day 2018-07-20 --- time 46800
2023-04-20 05:01:41,794 INFO Negative OS: -0.5187899869854915 --- ticker GOOGL --- day 2018-08-09 --- time 45000
2023-04-20 05:01:43,039 INFO Negative OS: -0.18963999473773807 --- ticker GOOGL --- day 2018-08-30 --- time 41400
2023-04-20 05:01:43,296 INFO Negative OS: -0.5488150266266882 --- ticker GOOGL --- day 2018-09-05 --- time 43200
2023-04-20 05:01:44,033 INFO Negative OS: -0.2251925650531268 --- ticker GOOGL --- day 2018-09-18 --- time 37800
2023-04-20 05:01:44,128 INFO Negative OS: -0.4156073930844384 --- ticker GOOGL --- day 2018-09-19 --- time 41400
2023-04-20 05:01:44,239 INFO Negative OS: -0.11293244909225941 --- ticker GOOGL --- day 2018-09-20 --- time 50400
2023-04-20 05:01:44,563 INFO Negative OS: -3.5217118727173355 --- ticker GOOGL --- day 2018-09-26 --- time 46800
2023-04-20 05:01:44,720 INFO Negative OS: -8.470530594985888 --- ticker GOOGL --- day 2018-09-28 --- time 43200
2023-04-20 05:01:44,898 INFO Negative OS: -0.519864001199329 --- ticker GOOGL --- day 2018-10-02 --- time 46800
2023-04-20 05:01:44,965 INFO Negative OS: -0.27985686225806705 --- ticker GOOGL --- day 2018-10-03 --- time 41400
2023-04-20 05:01:44,982 INFO Negative OS: -1.5123338178901697 --- ticker GOOGL --- day 2018-10-03 --- time 46800
2023-04-20 05:01:45,374 INFO Negative OS: -0.330328863597912 --- ticker GOOGL --- day 2018-10-10 --- time 37800
2023-04-20 05:01:46,984 INFO Negative OS: -0.8461495274780702 --- ticker GOOGL --- day 2018-11-06 --- time 43200
2023-04-20 05:01:51,614 INFO Negative OS: -0.015504129434021463 --- ticker GOOGL --- day 2019-01-30 --- time 50400
2023-04-20 05:01:53,301 INFO Negative OS: -0.11226720286379543 --- ticker GOOGL --- day 2019-03-01 --- time 41400
2023-04-20 05:01:53,317 INFO Negative OS: -0.7207213973481643 --- ticker GOOGL --- day 2019-03-01 --- time 46800
2023-04-20 05:01:53,952 INFO Negative OS: -1.4058131554792062 --- ticker GOOGL --- day 2019-03-13 --- time 39600
2023-04-20 05:01:54,269 INFO Negative OS: -0.9134552563158178 --- ticker GOOGL --- day 2019-03-19 --- time 36000
2023-04-20 05:01:54,274 INFO Negative OS: -0.3405659423768854 --- ticker GOOGL --- day 2019-03-19 --- time 37800
2023-04-20 05:01:54,925 INFO Negative OS: -1.1900997871129668 --- ticker GOOGL --- day 2019-03-29 --- time 36000
2023-04-20 05:01:55,941 INFO Negative OS: -2.3874757501539383 --- ticker GOOGL --- day 2019-04-16 --- time 46800
2023-04-20 05:01:56,121 INFO Negative OS: -0.094453587293849 --- ticker GOOGL --- day 2019-04-18 --- time 52200
2023-04-20 05:01:56,747 INFO Negative OS: -1.0633033012384425 --- ticker GOOGL --- day 2019-05-01 --- time 41400
2023-04-20 05:02:00,060 INFO Negative OS: -0.17228000797803156 --- ticker GOOGL --- day 2019-06-27 --- time 50400
2023-04-20 05:02:00,611 INFO Negative OS: -0.12017220424382535 --- ticker GOOGL --- day 2019-07-09 --- time 46800
2023-04-20 05:02:02,400 INFO Negative OS: -0.26300239117837987 --- ticker GOOGL --- day 2019-08-08 --- time 41400
2023-04-20 05:02:03,639 INFO Negative OS: -0.4166758040745997 --- ticker GOOGL --- day 2019-08-29 --- time 45000
2023-04-20 05:02:05,119 INFO Negative OS: -0.3674691545213715 --- ticker GOOGL --- day 2019-09-25 --- time 48600
2023-04-20 05:02:06,191 INFO Negative OS: -1.4850152253390747 --- ticker GOOGL --- day 2019-10-14 --- time 52200
2023-04-20 05:02:07,581 INFO Negative OS: -1.6633981089853989 --- ticker GOOGL --- day 2019-11-06 --- time 50400
2023-04-20 05:02:07,833 INFO Negative OS: -0.17568474125474465 --- ticker GOOGL --- day 2019-11-11 --- time 52200
2023-04-20 05:02:08,058 INFO Negative OS: -0.5771007010730513 --- ticker GOOGL --- day 2019-11-14 --- time 45000
2023-04-20 05:02:08,119 INFO Negative OS: -0.3070646327921227 --- ticker GOOGL --- day 2019-11-15 --- time 37800
2023-04-20 05:02:08,141 INFO Negative OS: -0.1181536679119699 --- ticker GOOGL --- day 2019-11-15 --- time 45000
2023-04-20 05:02:08,645 INFO Negative OS: -0.08553764747758619 --- ticker GOOGL --- day 2019-11-25 --- time 48600
2023-04-20 05:02:08,716 INFO Negative OS: -0.41414815937331184 --- ticker GOOGL --- day 2019-11-26 --- time 45000
2023-04-20 05:02:08,788 INFO Negative OS: -0.060719997209483845 --- ticker GOOGL --- day 2019-11-27 --- time 41400
2023-04-20 05:02:08,863 INFO Negative OS: -0.2638629042654288 --- ticker GOOGL --- day 2019-11-29 --- time 39600
2023-04-20 05:02:09,121 INFO Negative OS: -0.3177220326782848 --- ticker GOOGL --- day 2019-12-04 --- time 46800
2023-04-20 05:02:09,126 INFO Negative OS: -0.08050417127698184 --- ticker GOOGL --- day 2019-12-04 --- time 48600
2023-04-20 05:02:09,132 INFO Negative OS: -0.19111115598772588 --- ticker GOOGL --- day 2019-12-04 --- time 50400
2023-04-20 05:02:09,219 INFO Negative OS: -0.15969810616430036 --- ticker GOOGL --- day 2019-12-05 --- time 52200
2023-04-20 05:02:09,448 INFO Negative OS: -0.082648447660995 --- ticker GOOGL --- day 2019-12-10 --- time 46800
2023-04-20 05:02:09,525 INFO Negative OS: -0.5706640214454177 --- ticker GOOGL --- day 2019-12-11 --- time 45000
2023-04-20 05:02:09,547 INFO Negative OS: -0.5010598017328369 --- ticker GOOGL --- day 2019-12-11 --- time 52200
2023-04-20 05:02:09,580 INFO Negative OS: -0.32454174227166055 --- ticker GOOGL --- day 2019-12-12 --- time 36000
2023-04-20 05:02:09,629 INFO Negative OS: -0.07330792213138615 --- ticker GOOGL --- day 2019-12-12 --- time 52200
2023-04-20 05:02:09,747 INFO in_r2: 0.7847757705646977 , std 0.07323831345573613 
2023-04-20 05:02:09,748 INFO os_r2: 0.5393673363151499 , std 0.4849997792187465 
2023-04-20 05:02:09,748 INFO intercept: 1.0761844751454348e-06 , std 1.1049435569773367e-05 
2023-04-20 05:02:09,748 INFO ofi_add_1: 1.939403241388787e-05 , std 2.831348484316384e-05 
2023-04-20 05:02:09,748 INFO ofi_add_2: 3.41811707695987e-05 , std 3.3840407932987006e-05 
2023-04-20 05:02:09,748 INFO ofi_add_3: 3.27700328688523e-05 , std 3.619679377300429e-05 
2023-04-20 05:02:09,748 INFO ofi_add_4: 2.630420440634632e-05 , std 3.794674055467951e-05 
2023-04-20 05:02:09,748 INFO ofi_add_5: 2.0886088857730696e-05 , std 3.946657412496196e-05 
2023-04-20 05:02:09,748 INFO ofi_add_6: 1.9040327905369104e-05 , std 4.0214246715828754e-05 
2023-04-20 05:02:09,748 INFO ofi_add_7: 1.6449024881210317e-05 , std 4.092021328016933e-05 
2023-04-20 05:02:09,748 INFO ofi_add_8: 1.4675993720908277e-05 , std 4.2020355499143795e-05 
2023-04-20 05:02:09,748 INFO ofi_add_9: 1.31369595851762e-05 , std 4.229858609452021e-05 
2023-04-20 05:02:09,748 INFO ofi_add_10: 2.4380273392475932e-05 , std 3.785323930861852e-05 
2023-04-20 05:02:09,748 INFO ofi_cancel_1: 2.686507814757222e-05 , std 3.559217800305206e-05 
2023-04-20 05:02:09,748 INFO ofi_cancel_2: 3.5701795634245556e-05 , std 3.490223010131675e-05 
2023-04-20 05:02:09,748 INFO ofi_cancel_3: 3.325450613003455e-05 , std 3.7193772536749694e-05 
2023-04-20 05:02:09,748 INFO ofi_cancel_4: 2.583305530322679e-05 , std 3.836679422789553e-05 
2023-04-20 05:02:09,748 INFO ofi_cancel_5: 2.0676051496365352e-05 , std 3.989521839274647e-05 
2023-04-20 05:02:09,748 INFO ofi_cancel_6: 1.8701531771476445e-05 , std 4.0654900443545194e-05 
2023-04-20 05:02:09,748 INFO ofi_cancel_7: 1.6222306061225614e-05 , std 4.146781948154443e-05 
2023-04-20 05:02:09,748 INFO ofi_cancel_8: 1.419720356547827e-05 , std 4.241716002336282e-05 
2023-04-20 05:02:09,748 INFO ofi_cancel_9: 1.2958662031112836e-05 , std 4.25846214630859e-05 
2023-04-20 05:02:09,748 INFO ofi_cancel_10: 2.4193538659691447e-05 , std 3.837360826604987e-05 
2023-04-20 05:02:09,748 INFO ofi_trade_1: 6.917873087642864e-05 , std 8.002958807872053e-05 
2023-04-20 05:02:09,748 INFO ofi_trade_2: 2.861762691703104e-05 , std 8.282837075459002e-05 
2023-04-20 05:02:09,748 INFO ofi_trade_3: 2.430489846016428e-05 , std 8.999831012980288e-05 
2023-04-20 05:02:09,748 INFO ofi_trade_4: 2.4149980864299056e-05 , std 9.387656906594817e-05 
2023-04-20 05:02:09,748 INFO ofi_trade_5: 2.471910368629685e-05 , std 9.903798412801825e-05 
2023-04-20 05:02:09,748 INFO ofi_trade_6: 2.7840016209529275e-05 , std 0.00010225751699266956 
2023-04-20 05:02:09,748 INFO ofi_trade_7: 3.0514222166425105e-05 , std 0.00010289322006369283 
2023-04-20 05:02:09,748 INFO ofi_trade_8: 3.166545736481741e-05 , std 0.00010116121358126609 
2023-04-20 05:02:09,748 INFO ofi_trade_9: 3.3429590330083754e-05 , std 0.00010190667684880289 
2023-04-20 05:02:09,748 INFO ofi_trade_10: 5.814880880692013e-05 , std 9.57957573507415e-05 
2023-04-20 05:02:09,748 INFO t_intercept: 0.08063371701980156 , std 1.0685065567618837 
2023-04-20 05:02:09,748 INFO t_ofi_add_1: 1.2203335740032137 , std 1.4877005009346804 
2023-04-20 05:02:09,748 INFO t_ofi_add_2: 1.5353396752436856 , std 1.3373676038317655 
2023-04-20 05:02:09,748 INFO t_ofi_add_3: 1.2889902151463095 , std 1.2526431600425283 
2023-04-20 05:02:09,748 INFO t_ofi_add_4: 0.9895249221845205 , std 1.2630194032257496 
2023-04-20 05:02:09,748 INFO t_ofi_add_5: 0.7722994111236707 , std 1.2628699908166456 
2023-04-20 05:02:09,748 INFO t_ofi_add_6: 0.6658991128552761 , std 1.2512325217803735 
2023-04-20 05:02:09,748 INFO t_ofi_add_7: 0.5850821450714835 , std 1.243878619271726 
2023-04-20 05:02:09,748 INFO t_ofi_add_8: 0.5107984781511781 , std 1.2374469417158322 
2023-04-20 05:02:09,748 INFO t_ofi_add_9: 0.4605497201089176 , std 1.2454064110127774 
2023-04-20 05:02:09,748 INFO t_ofi_add_10: 0.9805609254032105 , std 1.3720779106360215 
2023-04-20 05:02:09,749 INFO t_ofi_cancel_1: 1.291136195037725 , std 1.4033425916118885 
2023-04-20 05:02:09,749 INFO t_ofi_cancel_2: 1.5736930366572162 , std 1.3541748142850676 
2023-04-20 05:02:09,749 INFO t_ofi_cancel_3: 1.2884373786899463 , std 1.2682758920413895 
2023-04-20 05:02:09,749 INFO t_ofi_cancel_4: 0.961021262130305 , std 1.268133290758269 
2023-04-20 05:02:09,749 INFO t_ofi_cancel_5: 0.7556877121817778 , std 1.2666080840536866 
2023-04-20 05:02:09,749 INFO t_ofi_cancel_6: 0.6473117490785875 , std 1.2506470922070736 
2023-04-20 05:02:09,749 INFO t_ofi_cancel_7: 0.5682292176229035 , std 1.2453906848062954 
2023-04-20 05:02:09,749 INFO t_ofi_cancel_8: 0.4902837623791869 , std 1.2387722807491608 
2023-04-20 05:02:09,749 INFO t_ofi_cancel_9: 0.45268207470293176 , std 1.2438758973305832 
2023-04-20 05:02:09,749 INFO t_ofi_cancel_10: 0.9572911425185378 , std 1.3749504805817383 
2023-04-20 05:02:09,749 INFO t_ofi_trade_1: 1.5464155616900002 , std 1.5711425866297397 
2023-04-20 05:02:09,749 INFO t_ofi_trade_2: 0.5574734514363232 , std 1.4305211209890827 
2023-04-20 05:02:09,749 INFO t_ofi_trade_3: 0.4511189571005603 , std 1.4018865739597626 
2023-04-20 05:02:09,749 INFO t_ofi_trade_4: 0.42396127379175036 , std 1.3819494538187134 
2023-04-20 05:02:09,749 INFO t_ofi_trade_5: 0.4039419226538191 , std 1.3713514685475532 
2023-04-20 05:02:09,749 INFO t_ofi_trade_6: 0.43236161322468136 , std 1.392989482029306 
2023-04-20 05:02:09,749 INFO t_ofi_trade_7: 0.46880242574810854 , std 1.3721001790007255 
2023-04-20 05:02:09,749 INFO t_ofi_trade_8: 0.49678930953779327 , std 1.3835746769436554 
2023-04-20 05:02:09,749 INFO t_ofi_trade_9: 0.5266277449616542 , std 1.389769649998684 
2023-04-20 05:02:09,749 INFO t_ofi_trade_10: 1.0037264898826705 , std 1.4476792770630638 
2023-04-20 05:02:09,749 INFO p_intercept: 0.4858381409998589 , std 0.2946256238023773 
2023-04-20 05:02:09,749 INFO p_ofi_add_1: 0.2975364285678397 , std 0.3040581514898778 
2023-04-20 05:02:09,749 INFO p_ofi_add_2: 0.2526912890267343 , std 0.287653748233834 
2023-04-20 05:02:09,749 INFO p_ofi_add_3: 0.29423187435239045 , std 0.2965675583027879 
2023-04-20 05:02:09,749 INFO p_ofi_add_4: 0.3434034130988863 , std 0.304397429211014 
2023-04-20 05:02:09,749 INFO p_ofi_add_5: 0.3740854492829402 , std 0.3059507765331311 
2023-04-20 05:02:09,749 INFO p_ofi_add_6: 0.3940233270491165 , std 0.30761660290277126 
2023-04-20 05:02:09,749 INFO p_ofi_add_7: 0.4001091451061633 , std 0.30363294114394984 
2023-04-20 05:02:09,749 INFO p_ofi_add_8: 0.4146517306249098 , std 0.30672295229112395 
2023-04-20 05:02:09,749 INFO p_ofi_add_9: 0.4150865798821767 , std 0.30329117429142494 
2023-04-20 05:02:09,749 INFO p_ofi_add_10: 0.3363607594238746 , std 0.30637775113748117 
2023-04-20 05:02:09,749 INFO p_ofi_cancel_1: 0.28785611950201423 , std 0.298821372755104 
2023-04-20 05:02:09,749 INFO p_ofi_cancel_2: 0.24677836908197018 , std 0.2864155865541435 
2023-04-20 05:02:09,749 INFO p_ofi_cancel_3: 0.2965550039425733 , std 0.30064217943287386 
2023-04-20 05:02:09,749 INFO p_ofi_cancel_4: 0.3473674508291097 , std 0.30351679558352396 
2023-04-20 05:02:09,749 INFO p_ofi_cancel_5: 0.3775597266981282 , std 0.3061554308659392 
2023-04-20 05:02:09,749 INFO p_ofi_cancel_6: 0.39538122402599946 , std 0.30649551779061596 
2023-04-20 05:02:09,749 INFO p_ofi_cancel_7: 0.4018882774087392 , std 0.30454540787837586 
2023-04-20 05:02:09,749 INFO p_ofi_cancel_8: 0.4178010990381043 , std 0.30666734022140174 
2023-04-20 05:02:09,749 INFO p_ofi_cancel_9: 0.41473580407408595 , std 0.30436677857160255 
2023-04-20 05:02:09,749 INFO p_ofi_cancel_10: 0.33883213544123075 , std 0.30804538885427046 
2023-04-20 05:02:09,749 INFO p_ofi_trade_1: 0.2511551937898156 , std 0.29381825891392116 
2023-04-20 05:02:09,749 INFO p_ofi_trade_2: 0.3786746450706437 , std 0.31359607236445713 
2023-04-20 05:02:09,749 INFO p_ofi_trade_3: 0.38805748643418553 , std 0.3076302762376533 
2023-04-20 05:02:09,749 INFO p_ofi_trade_4: 0.3905172975443677 , std 0.3082807112613408 
2023-04-20 05:02:09,749 INFO p_ofi_trade_5: 0.395898913424422 , std 0.30732869091094767 
2023-04-20 05:02:09,749 INFO p_ofi_trade_6: 0.387645546729083 , std 0.306837800023986 
2023-04-20 05:02:09,749 INFO p_ofi_trade_7: 0.38798307362492723 , std 0.30824928864692835 
2023-04-20 05:02:09,749 INFO p_ofi_trade_8: 0.38873255701892456 , std 0.30987663531477566 
2023-04-20 05:02:09,749 INFO p_ofi_trade_9: 0.3814771874180335 , std 0.3060505464528341 
2023-04-20 05:02:09,749 INFO p_ofi_trade_10: 0.32265917857469095 , std 0.30730292274949816 
