2023-04-20 05:02:57,229 INFO Tickers: ['MA']
2023-04-20 05:02:57,542 INFO Negative OS: -2.8906073146254627 --- ticker MA --- day 2017-01-06 --- time 46800
2023-04-20 05:02:59,418 INFO Negative OS: -1.0685024132945347 --- ticker MA --- day 2017-02-13 --- time 37800
2023-04-20 05:03:02,714 INFO Negative OS: -0.7339159531170769 --- ticker MA --- day 2017-04-20 --- time 50400
2023-04-20 05:03:13,360 INFO Negative OS: -0.07076707523998982 --- ticker MA --- day 2017-11-29 --- time 43200
2023-04-20 05:03:13,616 INFO Negative OS: -0.331695924553711 --- ticker MA --- day 2017-12-04 --- time 48600
2023-04-20 05:03:13,810 INFO Negative OS: -1.3999587065836403 --- ticker MA --- day 2017-12-07 --- time 36000
2023-04-20 05:03:14,196 INFO Negative OS: -1.035866807623433 --- ticker MA --- day 2017-12-15 --- time 36000
2023-04-20 05:03:15,539 INFO Negative OS: -0.22461076370680466 --- ticker MA --- day 2018-01-18 --- time 37800
2023-04-20 05:03:16,370 INFO Negative OS: -0.012047015948615014 --- ticker MA --- day 2018-02-02 --- time 52200
2023-04-20 05:03:16,443 INFO Negative OS: -1.414221982769884 --- ticker MA --- day 2018-02-05 --- time 48600
2023-04-20 05:03:16,505 INFO Negative OS: -2.903059401482889 --- ticker MA --- day 2018-02-06 --- time 41400
2023-04-20 05:03:16,538 INFO Negative OS: -0.26680903477962703 --- ticker MA --- day 2018-02-06 --- time 52200
2023-04-20 05:03:16,578 INFO Negative OS: -0.055194218263778794 --- ticker MA --- day 2018-02-07 --- time 37800
2023-04-20 05:03:17,315 INFO Negative OS: -1.4013219277390507 --- ticker MA --- day 2018-02-21 --- time 41400
2023-04-20 05:03:17,977 INFO Negative OS: -0.1973412939183392 --- ticker MA --- day 2018-03-05 --- time 48600
2023-04-20 05:03:18,490 INFO Negative OS: -0.11858937414175252 --- ticker MA --- day 2018-03-14 --- time 36000
2023-04-20 05:03:18,569 INFO Negative OS: -0.3307214576826001 --- ticker MA --- day 2018-03-15 --- time 37800
2023-04-20 05:03:18,885 INFO Negative OS: -0.24670166954126538 --- ticker MA --- day 2018-03-21 --- time 50400
2023-04-20 05:03:19,340 INFO Negative OS: -0.030801170445241333 --- ticker MA --- day 2018-03-29 --- time 37800
2023-04-20 05:03:19,351 INFO Negative OS: -0.07780082388533027 --- ticker MA --- day 2018-03-29 --- time 41400
2023-04-20 05:03:19,419 INFO Negative OS: -0.0165437374211459 --- ticker MA --- day 2018-04-02 --- time 37800
2023-04-20 05:03:19,425 INFO Negative OS: -0.1614125868158196 --- ticker MA --- day 2018-04-02 --- time 39600
2023-04-20 05:03:19,436 INFO Negative OS: -0.03736344435208583 --- ticker MA --- day 2018-04-02 --- time 43200
2023-04-20 05:03:19,458 INFO Negative OS: -7.555319703833371 --- ticker MA --- day 2018-04-02 --- time 50400
2023-04-20 05:03:19,736 INFO Negative OS: -0.9307163823320175 --- ticker MA --- day 2018-04-06 --- time 36000
2023-04-20 05:03:20,052 INFO Negative OS: -0.7588038849031076 --- ticker MA --- day 2018-04-12 --- time 36000
2023-04-20 05:03:21,338 INFO Negative OS: -0.7351340272000402 --- ticker MA --- day 2018-05-04 --- time 48600
2023-04-20 05:03:21,503 INFO Negative OS: -0.6239683478951137 --- ticker MA --- day 2018-05-08 --- time 50400
2023-04-20 05:03:21,775 INFO Negative OS: -0.2548365020604342 --- ticker MA --- day 2018-05-14 --- time 43200
2023-04-20 05:03:21,854 INFO Negative OS: -1.05752038355214 --- ticker MA --- day 2018-05-15 --- time 41400
2023-04-20 05:03:22,319 INFO Negative OS: -0.1848570888926393 --- ticker MA --- day 2018-05-23 --- time 50400
2023-04-20 05:03:23,727 INFO Negative OS: -0.08606206216295642 --- ticker MA --- day 2018-06-20 --- time 36000
2023-04-20 05:03:23,889 INFO Negative OS: -0.10293684383497359 --- ticker MA --- day 2018-06-22 --- time 41400
2023-04-20 05:03:24,606 INFO Negative OS: -0.09794160857499379 --- ticker MA --- day 2018-07-06 --- time 37800
2023-04-20 05:03:24,714 INFO Negative OS: -0.05434534165754834 --- ticker MA --- day 2018-07-09 --- time 46800
2023-04-20 05:03:24,952 INFO Negative OS: -0.02092790055275029 --- ticker MA --- day 2018-07-12 --- time 46800
2023-04-20 05:03:25,241 INFO Negative OS: -1.1532530723540155 --- ticker MA --- day 2018-07-18 --- time 36000
2023-04-20 05:03:25,258 INFO Negative OS: -0.9402934031008208 --- ticker MA --- day 2018-07-18 --- time 41400
2023-04-20 05:03:25,441 INFO Negative OS: -0.9303779285110461 --- ticker MA --- day 2018-07-20 --- time 52200
2023-04-20 05:03:25,520 INFO Negative OS: -1.161291335595596 --- ticker MA --- day 2018-07-23 --- time 50400
2023-04-20 05:03:30,660 INFO Negative OS: -0.17826951843910166 --- ticker MA --- day 2018-10-18 --- time 37800
2023-04-20 05:03:30,683 INFO Negative OS: -0.009179604590361823 --- ticker MA --- day 2018-10-18 --- time 45000
2023-04-20 05:03:31,010 INFO Negative OS: -0.0009564724215529452 --- ticker MA --- day 2018-10-24 --- time 41400
2023-04-20 05:03:31,523 INFO Negative OS: -0.05637725932333204 --- ticker MA --- day 2018-11-01 --- time 43200
2023-04-20 05:03:31,770 INFO Negative OS: -2.5599461072141163 --- ticker MA --- day 2018-11-06 --- time 41400
2023-04-20 05:03:32,024 INFO Negative OS: -0.561418197145207 --- ticker MA --- day 2018-11-09 --- time 41400
2023-04-20 05:03:32,965 INFO Negative OS: -0.033549827352216566 --- ticker MA --- day 2018-11-27 --- time 48600
2023-04-20 05:03:34,242 INFO Negative OS: -2.0853061734851157 --- ticker MA --- day 2018-12-19 --- time 50400
2023-04-20 05:03:35,800 INFO Negative OS: -0.12778837759579376 --- ticker MA --- day 2019-01-18 --- time 39600
2023-04-20 05:03:36,377 INFO Negative OS: -2.150112756847681 --- ticker MA --- day 2019-01-30 --- time 36000
2023-04-20 05:03:38,568 INFO Negative OS: -1.2369425188512908 --- ticker MA --- day 2019-03-08 --- time 39600
2023-04-20 05:03:38,769 INFO Negative OS: -0.23509261184545815 --- ticker MA --- day 2019-03-12 --- time 50400
2023-04-20 05:03:42,487 INFO Negative OS: -0.024118422048353683 --- ticker MA --- day 2019-05-15 --- time 36000
2023-04-20 05:03:44,564 INFO Negative OS: -1.3024073506647484 --- ticker MA --- day 2019-06-20 --- time 36000
2023-04-20 05:03:44,586 INFO Negative OS: -21.421780647291953 --- ticker MA --- day 2019-06-20 --- time 43200
2023-04-20 05:03:44,664 INFO Negative OS: -3.3289388302134872 --- ticker MA --- day 2019-06-21 --- time 41400
2023-04-20 05:03:45,172 INFO Negative OS: -0.9933251091894337 --- ticker MA --- day 2019-07-01 --- time 48600
2023-04-20 05:03:45,547 INFO Negative OS: -0.026398298938365095 --- ticker MA --- day 2019-07-09 --- time 46800
2023-04-20 05:03:48,837 INFO Negative OS: -1.1396694942781918 --- ticker MA --- day 2019-09-04 --- time 46800
2023-04-20 05:03:49,139 INFO Negative OS: -0.18032744235565756 --- ticker MA --- day 2019-09-10 --- time 37800
2023-04-20 05:03:49,173 INFO Negative OS: -0.1482794705115431 --- ticker MA --- day 2019-09-10 --- time 48600
2023-04-20 05:03:49,245 INFO Negative OS: -0.46733107580536304 --- ticker MA --- day 2019-09-11 --- time 45000
2023-04-20 05:03:49,389 INFO Negative OS: -2.4834909060282615 --- ticker MA --- day 2019-09-13 --- time 37800
2023-04-20 05:03:49,423 INFO Negative OS: -16.79422138834788 --- ticker MA --- day 2019-09-13 --- time 48600
2023-04-20 05:03:49,746 INFO Negative OS: -0.4472453106201273 --- ticker MA --- day 2019-09-19 --- time 52200
2023-04-20 05:03:50,361 INFO Negative OS: -0.553411663758375 --- ticker MA --- day 2019-10-01 --- time 41400
2023-04-20 05:03:50,372 INFO Negative OS: -0.8830167573134982 --- ticker MA --- day 2019-10-01 --- time 45000
2023-04-20 05:03:51,152 INFO Negative OS: -5.104307361775646 --- ticker MA --- day 2019-10-15 --- time 41400
2023-04-20 05:03:51,540 INFO Negative OS: -10.599995839195381 --- ticker MA --- day 2019-10-22 --- time 36000
2023-04-20 05:03:51,808 INFO Negative OS: -0.6715209547554655 --- ticker MA --- day 2019-10-25 --- time 45000
2023-04-20 05:03:51,875 INFO Negative OS: -6.47058902672704 --- ticker MA --- day 2019-10-28 --- time 39600
2023-04-20 05:03:51,903 INFO Negative OS: -1.247650703325088 --- ticker MA --- day 2019-10-28 --- time 48600
2023-04-20 05:03:51,914 INFO Negative OS: -0.676685343617762 --- ticker MA --- day 2019-10-28 --- time 52200
2023-04-20 05:03:52,576 INFO Negative OS: -0.025419098562555087 --- ticker MA --- day 2019-11-07 --- time 52200
2023-04-20 05:03:52,698 INFO Negative OS: -9.080932403963027 --- ticker MA --- day 2019-11-11 --- time 37800
2023-04-20 05:03:52,855 INFO Negative OS: -1.4208055355292517 --- ticker MA --- day 2019-11-13 --- time 36000
2023-04-20 05:03:52,871 INFO Negative OS: -0.23558648929839054 --- ticker MA --- day 2019-11-13 --- time 41400
2023-04-20 05:03:54,496 INFO Negative OS: -0.01462660550561834 --- ticker MA --- day 2019-12-12 --- time 52200
2023-04-20 05:03:54,606 INFO in_r2: 0.8501912124294345 , std 0.06927166572777645 
2023-04-20 05:03:54,606 INFO os_r2: 0.7001596970995891 , std 0.529207435116855 
2023-04-20 05:03:54,606 INFO intercept: 3.9079590449812795e-08 , std 1.1359024294349805e-05 
2023-04-20 05:03:54,606 INFO ofi_add_1: 9.504108982372206e-05 , std 7.338963691405905e-05 
2023-04-20 05:03:54,606 INFO ofi_add_2: 8.861977551782316e-05 , std 7.05574452956296e-05 
2023-04-20 05:03:54,606 INFO ofi_add_3: 6.403786804148461e-05 , std 6.580221811618086e-05 
2023-04-20 05:03:54,606 INFO ofi_add_4: 4.306774212586813e-05 , std 6.679348017457669e-05 
2023-04-20 05:03:54,606 INFO ofi_add_5: 3.0449059985733207e-05 , std 7.155964197879963e-05 
2023-04-20 05:03:54,607 INFO ofi_add_6: 2.492508457109483e-05 , std 7.013553388738366e-05 
2023-04-20 05:03:54,607 INFO ofi_add_7: 2.072147813858758e-05 , std 7.373832044184902e-05 
2023-04-20 05:03:54,607 INFO ofi_add_8: 1.7305553926954105e-05 , std 7.680949816260483e-05 
2023-04-20 05:03:54,607 INFO ofi_add_9: 1.6315848513467434e-05 , std 8.051039793471833e-05 
2023-04-20 05:03:54,607 INFO ofi_add_10: 1.938761743919156e-05 , std 7.195427705792636e-05 
2023-04-20 05:03:54,607 INFO ofi_cancel_1: 0.00011173558768413816 , std 8.305816091333851e-05 
2023-04-20 05:03:54,607 INFO ofi_cancel_2: 9.866787936086183e-05 , std 7.270971553362023e-05 
2023-04-20 05:03:54,607 INFO ofi_cancel_3: 6.275532513347982e-05 , std 6.780738612206622e-05 
2023-04-20 05:03:54,607 INFO ofi_cancel_4: 4.128644757652245e-05 , std 6.873231417769717e-05 
2023-04-20 05:03:54,607 INFO ofi_cancel_5: 2.72237094321129e-05 , std 7.29854242622444e-05 
2023-04-20 05:03:54,607 INFO ofi_cancel_6: 2.1063324465531576e-05 , std 7.106317349823632e-05 
2023-04-20 05:03:54,607 INFO ofi_cancel_7: 1.723076366946396e-05 , std 7.7096278341584e-05 
2023-04-20 05:03:54,607 INFO ofi_cancel_8: 1.272685053897348e-05 , std 7.909855800674774e-05 
2023-04-20 05:03:54,607 INFO ofi_cancel_9: 1.2181430584422246e-05 , std 8.237820697561044e-05 
2023-04-20 05:03:54,607 INFO ofi_cancel_10: 1.8529566375965057e-05 , std 7.599470082481877e-05 
2023-04-20 05:03:54,607 INFO ofi_trade_1: 7.68437285809172e-05 , std 0.00015478874283678424 
2023-04-20 05:03:54,607 INFO ofi_trade_2: 6.986208561070235e-05 , std 0.00015579784556511277 
2023-04-20 05:03:54,607 INFO ofi_trade_3: 5.063904370236609e-05 , std 0.00015197009286227188 
2023-04-20 05:03:54,607 INFO ofi_trade_4: 3.773766022321201e-05 , std 0.00016070720174756001 
2023-04-20 05:03:54,607 INFO ofi_trade_5: 3.473627045916436e-05 , std 0.00016399010875226968 
2023-04-20 05:03:54,607 INFO ofi_trade_6: 3.5922962988741354e-05 , std 0.0001758165322530061 
2023-04-20 05:03:54,607 INFO ofi_trade_7: 4.084523282734432e-05 , std 0.00017795140326696795 
2023-04-20 05:03:54,607 INFO ofi_trade_8: 4.8106298390554476e-05 , std 0.00018748867812401048 
2023-04-20 05:03:54,607 INFO ofi_trade_9: 5.8121426275949646e-05 , std 0.00019856163992975582 
2023-04-20 05:03:54,607 INFO ofi_trade_10: 6.715508803933834e-05 , std 0.00018869989708516466 
2023-04-20 05:03:54,607 INFO t_intercept: -0.014712831637558429 , std 1.064104766399745 
2023-04-20 05:03:54,607 INFO t_ofi_add_1: 2.494522546845357 , std 1.4267929955699314 
2023-04-20 05:03:54,607 INFO t_ofi_add_2: 2.065383198984851 , std 1.3377469077256818 
2023-04-20 05:03:54,607 INFO t_ofi_add_3: 1.4170529837440349 , std 1.231353436790024 
2023-04-20 05:03:54,607 INFO t_ofi_add_4: 0.928400951567516 , std 1.204521255230896 
2023-04-20 05:03:54,607 INFO t_ofi_add_5: 0.6328402403203868 , std 1.1866174543680896 
2023-04-20 05:03:54,607 INFO t_ofi_add_6: 0.5145774070285766 , std 1.169461988716947 
2023-04-20 05:03:54,607 INFO t_ofi_add_7: 0.3920844686041191 , std 1.1591747676548285 
2023-04-20 05:03:54,607 INFO t_ofi_add_8: 0.348627881150642 , std 1.187230085157453 
2023-04-20 05:03:54,607 INFO t_ofi_add_9: 0.31160069800489104 , std 1.1902058922738021 
2023-04-20 05:03:54,607 INFO t_ofi_add_10: 0.4385559377759453 , std 1.2551269653269483 
2023-04-20 05:03:54,607 INFO t_ofi_cancel_1: 2.5381177340937584 , std 1.400483866827119 
2023-04-20 05:03:54,607 INFO t_ofi_cancel_2: 2.2375661876668547 , std 1.3224959479302798 
2023-04-20 05:03:54,607 INFO t_ofi_cancel_3: 1.3538540757985926 , std 1.2658203697963886 
2023-04-20 05:03:54,607 INFO t_ofi_cancel_4: 0.8570153202146747 , std 1.2116209297381182 
2023-04-20 05:03:54,607 INFO t_ofi_cancel_5: 0.5373843237689838 , std 1.1886970713071703 
2023-04-20 05:03:54,607 INFO t_ofi_cancel_6: 0.40794823954883963 , std 1.1663288468839597 
2023-04-20 05:03:54,607 INFO t_ofi_cancel_7: 0.30528980354304347 , std 1.1711907518708904 
2023-04-20 05:03:54,607 INFO t_ofi_cancel_8: 0.2431995434810157 , std 1.189337425053877 
2023-04-20 05:03:54,607 INFO t_ofi_cancel_9: 0.20678865464382978 , std 1.1849345873026709 
2023-04-20 05:03:54,607 INFO t_ofi_cancel_10: 0.3845104653666012 , std 1.2747578012880514 
2023-04-20 05:03:54,607 INFO t_ofi_trade_1: 0.8249651903005963 , std 1.3896847916233852 
2023-04-20 05:03:54,607 INFO t_ofi_trade_2: 0.733974951367372 , std 1.2925423572152142 
2023-04-20 05:03:54,607 INFO t_ofi_trade_3: 0.5784859943178038 , std 1.2678452693427804 
2023-04-20 05:03:54,607 INFO t_ofi_trade_4: 0.4311359579028901 , std 1.2671428812500836 
2023-04-20 05:03:54,607 INFO t_ofi_trade_5: 0.3689080865784242 , std 1.2387800043792965 
2023-04-20 05:03:54,608 INFO t_ofi_trade_6: 0.3673943637705701 , std 1.2332689771611094 
2023-04-20 05:03:54,608 INFO t_ofi_trade_7: 0.3999968782197959 , std 1.2477889987031372 
2023-04-20 05:03:54,608 INFO t_ofi_trade_8: 0.45112649706800734 , std 1.2759848777344986 
2023-04-20 05:03:54,608 INFO t_ofi_trade_9: 0.5068594064139234 , std 1.2671937403079037 
2023-04-20 05:03:54,608 INFO t_ofi_trade_10: 0.6291292415232904 , std 1.3046115662597504 
2023-04-20 05:03:54,608 INFO p_intercept: 0.4884028174700649 , std 0.29416208215500445 
2023-04-20 05:03:54,608 INFO p_ofi_add_1: 0.12246127742097021 , std 0.21785298101649156 
2023-04-20 05:03:54,608 INFO p_ofi_add_2: 0.17536035006330833 , std 0.25467695648933836 
2023-04-20 05:03:54,608 INFO p_ofi_add_3: 0.2716456957051434 , std 0.28913664850300513 
2023-04-20 05:03:54,608 INFO p_ofi_add_4: 0.36345109215199056 , std 0.305951686311424 
2023-04-20 05:03:54,608 INFO p_ofi_add_5: 0.40283714536319737 , std 0.3041534227145797 
2023-04-20 05:03:54,608 INFO p_ofi_add_6: 0.4295486076083999 , std 0.30433165935946765 
2023-04-20 05:03:54,608 INFO p_ofi_add_7: 0.4403736889714489 , std 0.30283247677056135 
2023-04-20 05:03:54,608 INFO p_ofi_add_8: 0.44205666355674744 , std 0.3032722431866473 
2023-04-20 05:03:54,608 INFO p_ofi_add_9: 0.43811109846997603 , std 0.30260771116949203 
2023-04-20 05:03:54,608 INFO p_ofi_add_10: 0.41909026728130344 , std 0.3074302380374167 
2023-04-20 05:03:54,608 INFO p_ofi_cancel_1: 0.11341793536623297 , std 0.21035468431058413 
2023-04-20 05:03:54,608 INFO p_ofi_cancel_2: 0.14722222906201754 , std 0.23791203785360907 
2023-04-20 05:03:54,608 INFO p_ofi_cancel_3: 0.28865331297169716 , std 0.29787884731429565 
2023-04-20 05:03:54,608 INFO p_ofi_cancel_4: 0.3707332476812004 , std 0.3049820810135636 
2023-04-20 05:03:54,608 INFO p_ofi_cancel_5: 0.4153181536502835 , std 0.30174026719511354 
2023-04-20 05:03:54,608 INFO p_ofi_cancel_6: 0.4367964322649755 , std 0.30232941859258344 
2023-04-20 05:03:54,608 INFO p_ofi_cancel_7: 0.44598665270530985 , std 0.30058112313622726 
2023-04-20 05:03:54,608 INFO p_ofi_cancel_8: 0.4461601318156874 , std 0.3016862890701947 
2023-04-20 05:03:54,608 INFO p_ofi_cancel_9: 0.4448726804541518 , std 0.30164446628956354 
2023-04-20 05:03:54,608 INFO p_ofi_cancel_10: 0.41701826275486 , std 0.30387887656600127 
2023-04-20 05:03:54,608 INFO p_ofi_trade_1: 0.35697248911651003 , std 0.31013760023360526 
2023-04-20 05:03:54,608 INFO p_ofi_trade_2: 0.38598118203609294 , std 0.3113670091913283 
2023-04-20 05:03:54,608 INFO p_ofi_trade_3: 0.4007297343193815 , std 0.3064052903171328 
2023-04-20 05:03:54,608 INFO p_ofi_trade_4: 0.4113097329681446 , std 0.30703911529523426 
2023-04-20 05:03:54,608 INFO p_ofi_trade_5: 0.42227322703184955 , std 0.3017244969797045 
2023-04-20 05:03:54,608 INFO p_ofi_trade_6: 0.4241242402453883 , std 0.30240004617304445 
2023-04-20 05:03:54,608 INFO p_ofi_trade_7: 0.41939900030827953 , std 0.30390304964650816 
2023-04-20 05:03:54,608 INFO p_ofi_trade_8: 0.41014510837754703 , std 0.3079640136866132 
2023-04-20 05:03:54,608 INFO p_ofi_trade_9: 0.4032606506049206 , std 0.3023820785518935 
2023-04-20 05:03:54,608 INFO p_ofi_trade_10: 0.3895712881484652 , std 0.3075546447758659 
