2023-04-20 05:02:10,937 INFO Tickers: ['T']
2023-04-20 05:02:12,383 INFO Negative OS: -5.394371066091505 --- ticker T --- day 2017-01-27 --- time 46800
2023-04-20 05:02:13,346 INFO Negative OS: -0.489312684452309 --- ticker T --- day 2017-02-14 --- time 43200
2023-04-20 05:02:13,860 INFO Negative OS: -0.6574319291217245 --- ticker T --- day 2017-02-23 --- time 52200
2023-04-20 05:02:13,941 INFO Negative OS: -1.130210627674018 --- ticker T --- day 2017-02-24 --- time 52200
2023-04-20 05:02:14,500 INFO Negative OS: -0.22118852151011525 --- ticker T --- day 2017-03-07 --- time 48600
2023-04-20 05:02:14,652 INFO Negative OS: -0.2755695238451781 --- ticker T --- day 2017-03-09 --- time 45000
2023-04-20 05:02:14,836 INFO Negative OS: -1.1633960144605422 --- ticker T --- day 2017-03-13 --- time 52200
2023-04-20 05:02:14,987 INFO Negative OS: -1.9047980889668361 --- ticker T --- day 2017-03-15 --- time 48600
2023-04-20 05:02:15,225 INFO Negative OS: -0.16249087654647165 --- ticker T --- day 2017-03-20 --- time 46800
2023-04-20 05:02:16,202 INFO Negative OS: -0.4003048909041369 --- ticker T --- day 2017-04-05 --- time 46800
2023-04-20 05:02:17,076 INFO Negative OS: -3.1814413820210277 --- ticker T --- day 2017-04-21 --- time 41400
2023-04-20 05:02:17,334 INFO Negative OS: -2.25255981001303 --- ticker T --- day 2017-04-26 --- time 46800
2023-04-20 05:02:17,503 INFO Negative OS: -17.933590695405243 --- ticker T --- day 2017-04-28 --- time 48600
2023-04-20 05:02:17,514 INFO Negative OS: -0.31791781622462634 --- ticker T --- day 2017-04-28 --- time 52200
2023-04-20 05:02:17,913 INFO Negative OS: -0.530655373226731 --- ticker T --- day 2017-05-05 --- time 50400
2023-04-20 05:02:17,994 INFO Negative OS: -0.10423811169240582 --- ticker T --- day 2017-05-08 --- time 50400
2023-04-20 05:02:18,000 INFO Negative OS: -0.009191268298272881 --- ticker T --- day 2017-05-08 --- time 52200
2023-04-20 05:02:18,064 INFO Negative OS: -2.1769836800123006 --- ticker T --- day 2017-05-09 --- time 46800
2023-04-20 05:02:18,302 INFO Negative OS: -0.11718011478268053 --- ticker T --- day 2017-05-12 --- time 46800
2023-04-20 05:02:18,313 INFO Negative OS: -1.5972730401757929 --- ticker T --- day 2017-05-12 --- time 50400
2023-04-20 05:02:18,805 INFO Negative OS: -21.58407929708584 --- ticker T --- day 2017-05-22 --- time 52200
2023-04-20 05:02:18,966 INFO Negative OS: -1.3253261391896176 --- ticker T --- day 2017-05-24 --- time 52200
2023-04-20 05:02:19,089 INFO Negative OS: -1417.1818589994332 --- ticker T --- day 2017-05-26 --- time 39600
2023-04-20 05:02:19,100 INFO Negative OS: -12.304554157923544 --- ticker T --- day 2017-05-26 --- time 43200
2023-04-20 05:02:19,111 INFO Negative OS: -3.5312530043351433 --- ticker T --- day 2017-05-26 --- time 46800
2023-04-20 05:02:19,116 INFO Negative OS: -0.36853855615514175 --- ticker T --- day 2017-05-26 --- time 48600
2023-04-20 05:02:19,122 INFO Negative OS: -3.610614422290504 --- ticker T --- day 2017-05-26 --- time 50400
2023-04-20 05:02:19,186 INFO Negative OS: -72.25477190982836 --- ticker T --- day 2017-05-30 --- time 45000
2023-04-20 05:02:19,192 INFO Negative OS: -13.84485641027168 --- ticker T --- day 2017-05-30 --- time 46800
2023-04-20 05:02:20,010 INFO Negative OS: -0.23180293015182518 --- ticker T --- day 2017-06-13 --- time 52200
2023-04-20 05:02:20,060 INFO Negative OS: -8.950684969448329 --- ticker T --- day 2017-06-14 --- time 43200
2023-04-20 05:02:20,072 INFO Negative OS: -0.6690917417191948 --- ticker T --- day 2017-06-14 --- time 48600
2023-04-20 05:02:20,212 INFO Negative OS: -0.41886128762127406 --- ticker T --- day 2017-06-16 --- time 41400
2023-04-20 05:02:20,304 INFO Negative OS: -4.585086250541839 --- ticker T --- day 2017-06-19 --- time 45000
2023-04-20 05:02:20,310 INFO Negative OS: -31.12143867657548 --- ticker T --- day 2017-06-19 --- time 46800
2023-04-20 05:02:20,321 INFO Negative OS: -4.247319801162934 --- ticker T --- day 2017-06-19 --- time 50400
2023-04-20 05:02:20,326 INFO Negative OS: -1.509710546239765 --- ticker T --- day 2017-06-19 --- time 52200
2023-04-20 05:02:20,462 INFO Negative OS: -1.2501045163880544 --- ticker T --- day 2017-06-21 --- time 43200
2023-04-20 05:02:20,561 INFO Negative OS: -0.18003447283925111 --- ticker T --- day 2017-06-22 --- time 48600
2023-04-20 05:02:20,609 INFO Negative OS: -5.247015168761938 --- ticker T --- day 2017-06-23 --- time 37800
2023-04-20 05:02:20,615 INFO Negative OS: -2.3442854069432015 --- ticker T --- day 2017-06-23 --- time 39600
2023-04-20 05:02:20,636 INFO Negative OS: -14.892001335859195 --- ticker T --- day 2017-06-23 --- time 46800
2023-04-20 05:02:20,712 INFO Negative OS: -5.8412043635215385 --- ticker T --- day 2017-06-26 --- time 45000
2023-04-20 05:02:21,019 INFO Negative OS: -2.4430713855362516 --- ticker T --- day 2017-06-30 --- time 39600
2023-04-20 05:02:21,057 INFO Negative OS: -0.11718579560937847 --- ticker T --- day 2017-06-30 --- time 52200
2023-04-20 05:02:21,181 INFO Negative OS: -0.8601985706221178 --- ticker T --- day 2017-07-05 --- time 43200
2023-04-20 05:02:21,413 INFO Negative OS: -4.415105673424269 --- ticker T --- day 2017-07-10 --- time 39600
2023-04-20 05:02:21,424 INFO Negative OS: -1375.8279541756672 --- ticker T --- day 2017-07-10 --- time 43200
2023-04-20 05:02:21,429 INFO Negative OS: -4.246358693905307 --- ticker T --- day 2017-07-10 --- time 45000
2023-04-20 05:02:21,510 INFO Negative OS: -0.38463039680920263 --- ticker T --- day 2017-07-11 --- time 45000
2023-04-20 05:02:21,841 INFO Negative OS: -0.3929837647665966 --- ticker T --- day 2017-07-17 --- time 46800
2023-04-20 05:02:21,890 INFO Negative OS: -1.2939638927122963 --- ticker T --- day 2017-07-18 --- time 36000
2023-04-20 05:02:21,917 INFO Negative OS: -151.40320473060433 --- ticker T --- day 2017-07-18 --- time 45000
2023-04-20 05:02:21,976 INFO Negative OS: -0.4042528021085334 --- ticker T --- day 2017-07-19 --- time 37800
2023-04-20 05:02:22,247 INFO Negative OS: -7.8915659826822875 --- ticker T --- day 2017-07-24 --- time 48600
2023-04-20 05:02:22,318 INFO Negative OS: -3.4021543571284942 --- ticker T --- day 2017-07-25 --- time 45000
2023-04-20 05:02:22,738 INFO Negative OS: -0.5769618987370722 --- ticker T --- day 2017-08-01 --- time 48600
2023-04-20 05:02:23,437 INFO Negative OS: -377.0399211291771 --- ticker T --- day 2017-08-14 --- time 39600
2023-04-20 05:02:23,465 INFO Negative OS: -0.0019192767789499854 --- ticker T --- day 2017-08-14 --- time 50400
2023-04-20 05:02:23,939 INFO Negative OS: -6.192411337381792 --- ticker T --- day 2017-08-22 --- time 45000
2023-04-20 05:02:24,004 INFO Negative OS: -0.0752109820003366 --- ticker T --- day 2017-08-23 --- time 39600
2023-04-20 05:02:24,021 INFO Negative OS: -2.7392444442184622 --- ticker T --- day 2017-08-23 --- time 46800
2023-04-20 05:02:24,362 INFO Negative OS: -4.30404975720243 --- ticker T --- day 2017-08-29 --- time 52200
2023-04-20 05:02:24,506 INFO Negative OS: -0.2944301075151283 --- ticker T --- day 2017-08-31 --- time 48600
2023-04-20 05:02:24,588 INFO Negative OS: -0.5393427175714398 --- ticker T --- day 2017-09-01 --- time 50400
2023-04-20 05:02:24,594 INFO Negative OS: -9.53856715045965 --- ticker T --- day 2017-09-01 --- time 52200
2023-04-20 05:02:24,964 INFO Negative OS: -1.4246980281612234 --- ticker T --- day 2017-09-11 --- time 39600
2023-04-20 05:02:25,722 INFO Negative OS: -0.8956592445464955 --- ticker T --- day 2017-09-22 --- time 48600
2023-04-20 05:02:26,039 INFO Negative OS: -0.2340264219631596 --- ticker T --- day 2017-09-28 --- time 45000
2023-04-20 05:02:26,207 INFO Negative OS: -1.0863013951275593 --- ticker T --- day 2017-10-02 --- time 46800
2023-04-20 05:02:26,218 INFO Negative OS: -0.27459553292740324 --- ticker T --- day 2017-10-02 --- time 50400
2023-04-20 05:02:26,369 INFO Negative OS: -0.047849806654689964 --- ticker T --- day 2017-10-04 --- time 48600
2023-04-20 05:02:26,434 INFO Negative OS: -1.9143765652466174 --- ticker T --- day 2017-10-05 --- time 43200
2023-04-20 05:02:26,450 INFO Negative OS: -2.5244489714727365 --- ticker T --- day 2017-10-05 --- time 48600
2023-04-20 05:02:26,532 INFO Negative OS: -24.249982892556947 --- ticker T --- day 2017-10-06 --- time 48600
2023-04-20 05:02:26,607 INFO Negative OS: -58.01615141366167 --- ticker T --- day 2017-10-09 --- time 46800
2023-04-20 05:02:26,929 INFO Negative OS: -0.20542684055205762 --- ticker T --- day 2017-10-13 --- time 45000
2023-04-20 05:02:27,086 INFO Negative OS: -0.40647377555756603 --- ticker T --- day 2017-10-17 --- time 43200
2023-04-20 05:02:27,097 INFO Negative OS: -48.61481267699899 --- ticker T --- day 2017-10-17 --- time 46800
2023-04-20 05:02:27,324 INFO Negative OS: -3.8094321698703224 --- ticker T --- day 2017-10-20 --- time 41400
2023-04-20 05:02:27,335 INFO Negative OS: -11.071373017292334 --- ticker T --- day 2017-10-20 --- time 45000
2023-04-20 05:02:27,341 INFO Negative OS: -1.7723752131301338 --- ticker T --- day 2017-10-20 --- time 46800
2023-04-20 05:02:27,433 INFO Negative OS: -30.269723503187855 --- ticker T --- day 2017-10-23 --- time 50400
2023-04-20 05:02:28,568 INFO Negative OS: -0.7257194327173877 --- ticker T --- day 2017-11-10 --- time 46800
2023-04-20 05:02:29,227 INFO Negative OS: -0.9832251415895408 --- ticker T --- day 2017-11-22 --- time 48600
2023-04-20 05:02:30,357 INFO Negative OS: -1.9565943141318094 --- ticker T --- day 2017-12-13 --- time 48600
2023-04-20 05:02:31,009 INFO Negative OS: -0.2389323270973076 --- ticker T --- day 2017-12-26 --- time 50400
2023-04-20 05:02:31,069 INFO Negative OS: -1.706265756217943 --- ticker T --- day 2017-12-27 --- time 43200
2023-04-20 05:02:31,166 INFO Negative OS: -19.143717648747288 --- ticker T --- day 2017-12-28 --- time 48600
2023-04-20 05:02:31,177 INFO Negative OS: -0.38131819390484445 --- ticker T --- day 2017-12-28 --- time 52200
2023-04-20 05:02:31,215 INFO Negative OS: -0.21715879886275835 --- ticker T --- day 2017-12-29 --- time 37800
2023-04-20 05:02:31,221 INFO Negative OS: -1.4840581391150964 --- ticker T --- day 2017-12-29 --- time 39600
2023-04-20 05:02:31,242 INFO Negative OS: -128.945942636599 --- ticker T --- day 2017-12-29 --- time 46800
2023-04-20 05:02:31,634 INFO Negative OS: -0.9263356001777285 --- ticker T --- day 2018-01-08 --- time 41400
2023-04-20 05:02:31,650 INFO Negative OS: -0.01893250781831335 --- ticker T --- day 2018-01-08 --- time 46800
2023-04-20 05:02:31,809 INFO Negative OS: -0.5663624982686442 --- ticker T --- day 2018-01-10 --- time 45000
2023-04-20 05:02:31,896 INFO Negative OS: -1.106435389932379 --- ticker T --- day 2018-01-11 --- time 46800
2023-04-20 05:02:31,912 INFO Negative OS: -0.818221389590273 --- ticker T --- day 2018-01-11 --- time 52200
2023-04-20 05:02:32,686 INFO Negative OS: -0.21680905339109646 --- ticker T --- day 2018-01-26 --- time 37800
2023-04-20 05:02:32,692 INFO Negative OS: -1.220283582421871 --- ticker T --- day 2018-01-26 --- time 39600
2023-04-20 05:02:35,089 INFO Negative OS: -0.7210717130411886 --- ticker T --- day 2018-03-09 --- time 45000
2023-04-20 05:02:35,095 INFO Negative OS: -0.04356058184371925 --- ticker T --- day 2018-03-09 --- time 46800
2023-04-20 05:02:35,438 INFO Negative OS: -0.9599459294115142 --- ticker T --- day 2018-03-15 --- time 52200
2023-04-20 05:02:35,752 INFO Negative OS: -2.2253050473122507 --- ticker T --- day 2018-03-21 --- time 48600
2023-04-20 05:02:37,320 INFO Negative OS: -0.24928848003065118 --- ticker T --- day 2018-04-18 --- time 52200
2023-04-20 05:02:37,380 INFO Negative OS: -0.8841765776856185 --- ticker T --- day 2018-04-19 --- time 45000
2023-04-20 05:02:38,017 INFO Negative OS: -6.597339450312279 --- ticker T --- day 2018-05-01 --- time 39600
2023-04-20 05:02:38,361 INFO Negative OS: -0.13462942198357086 --- ticker T --- day 2018-05-07 --- time 45000
2023-04-20 05:02:38,519 INFO Negative OS: -0.21392551289464024 --- ticker T --- day 2018-05-09 --- time 43200
2023-04-20 05:02:38,692 INFO Negative OS: -1.5427652107674121 --- ticker T --- day 2018-05-11 --- time 46800
2023-04-20 05:02:38,785 INFO Negative OS: -0.5846013079767853 --- ticker T --- day 2018-05-14 --- time 50400
2023-04-20 05:02:38,953 INFO Negative OS: -0.518176617288463 --- ticker T --- day 2018-05-16 --- time 52200
2023-04-20 05:02:39,335 INFO Negative OS: -0.20109972708579327 --- ticker T --- day 2018-05-23 --- time 43200
2023-04-20 05:02:39,346 INFO Negative OS: -9.603240872457496 --- ticker T --- day 2018-05-23 --- time 46800
2023-04-20 05:02:39,352 INFO Negative OS: -1.9045767563809899 --- ticker T --- day 2018-05-23 --- time 48600
2023-04-20 05:02:39,504 INFO Negative OS: -1.1984381822669006 --- ticker T --- day 2018-05-25 --- time 45000
2023-04-20 05:02:39,525 INFO Negative OS: -0.17469961986653182 --- ticker T --- day 2018-05-25 --- time 52200
2023-04-20 05:02:39,845 INFO Negative OS: -0.13628558748138198 --- ticker T --- day 2018-06-01 --- time 50400
2023-04-20 05:02:40,486 INFO Negative OS: -0.10861576666869266 --- ticker T --- day 2018-06-13 --- time 46800
2023-04-20 05:02:40,817 INFO Negative OS: -11.924589664879875 --- ticker T --- day 2018-06-19 --- time 48600
2023-04-20 05:02:40,828 INFO Negative OS: -3.442223554355123 --- ticker T --- day 2018-06-19 --- time 52200
2023-04-20 05:02:40,990 INFO Negative OS: -0.10626858426843278 --- ticker T --- day 2018-06-21 --- time 52200
2023-04-20 05:02:41,233 INFO Negative OS: -28.00321446704095 --- ticker T --- day 2018-06-26 --- time 52200
2023-04-20 05:02:41,543 INFO Negative OS: -2.5736993361810665 --- ticker T --- day 2018-07-02 --- time 46800
2023-04-20 05:02:41,549 INFO Negative OS: -3.01244756635214 --- ticker T --- day 2018-07-02 --- time 48600
2023-04-20 05:02:41,559 INFO Negative OS: -0.3738981787998925 --- ticker T --- day 2018-07-02 --- time 52200
2023-04-20 05:02:41,776 INFO Negative OS: -14.351170256005492 --- ticker T --- day 2018-07-06 --- time 46800
2023-04-20 05:02:41,782 INFO Negative OS: -2.361197541930617 --- ticker T --- day 2018-07-06 --- time 48600
2023-04-20 05:02:41,923 INFO Negative OS: -0.19535138226115523 --- ticker T --- day 2018-07-10 --- time 41400
2023-04-20 05:02:42,021 INFO Negative OS: -0.881701556228031 --- ticker T --- day 2018-07-11 --- time 46800
2023-04-20 05:02:42,163 INFO Negative OS: -4.431289450687656 --- ticker T --- day 2018-07-13 --- time 39600
2023-04-20 05:02:42,406 INFO Negative OS: -190.18041985752126 --- ticker T --- day 2018-07-18 --- time 39600
2023-04-20 05:02:42,423 INFO Negative OS: -0.09616156995922553 --- ticker T --- day 2018-07-18 --- time 45000
2023-04-20 05:02:42,429 INFO Negative OS: -1.9066587504928458 --- ticker T --- day 2018-07-18 --- time 46800
2023-04-20 05:02:42,489 INFO Negative OS: -0.9660486808778803 --- ticker T --- day 2018-07-19 --- time 39600
2023-04-20 05:02:42,842 INFO Negative OS: -11.311249724636417 --- ticker T --- day 2018-07-25 --- time 48600
2023-04-20 05:02:42,923 INFO Negative OS: -5.937761353422334 --- ticker T --- day 2018-07-26 --- time 48600
2023-04-20 05:02:43,097 INFO Negative OS: -0.3190121812229121 --- ticker T --- day 2018-07-30 --- time 52200
2023-04-20 05:02:43,173 INFO Negative OS: -0.3369809896596023 --- ticker T --- day 2018-07-31 --- time 50400
2023-04-20 05:02:43,488 INFO Negative OS: -0.6344546500691028 --- ticker T --- day 2018-08-06 --- time 46800
2023-04-20 05:02:43,493 INFO Negative OS: -127.57057506140546 --- ticker T --- day 2018-08-06 --- time 48600
2023-04-20 05:02:43,564 INFO Negative OS: -1.080435144988678 --- ticker T --- day 2018-08-07 --- time 45000
2023-04-20 05:02:43,650 INFO Negative OS: -0.16751796269230823 --- ticker T --- day 2018-08-08 --- time 46800
2023-04-20 05:02:43,829 INFO Negative OS: -3.7067779531320575 --- ticker T --- day 2018-08-10 --- time 52200
2023-04-20 05:02:43,964 INFO Negative OS: -2.7942604738730097 --- ticker T --- day 2018-08-14 --- time 43200
2023-04-20 05:02:43,975 INFO Negative OS: -0.586371269648208 --- ticker T --- day 2018-08-14 --- time 46800
2023-04-20 05:02:43,981 INFO Negative OS: -0.10741631256203221 --- ticker T --- day 2018-08-14 --- time 48600
2023-04-20 05:02:43,991 INFO Negative OS: -24.507823787700573 --- ticker T --- day 2018-08-14 --- time 52200
2023-04-20 05:02:44,111 INFO Negative OS: -16.232099518473458 --- ticker T --- day 2018-08-16 --- time 37800
2023-04-20 05:02:44,123 INFO Negative OS: -10.668343658112486 --- ticker T --- day 2018-08-16 --- time 41400
2023-04-20 05:02:44,291 INFO Negative OS: -6.47418296405565 --- ticker T --- day 2018-08-20 --- time 43200
2023-04-20 05:02:44,296 INFO Negative OS: -3.8433770325369405 --- ticker T --- day 2018-08-20 --- time 45000
2023-04-20 05:02:44,301 INFO Negative OS: -0.1716012113612424 --- ticker T --- day 2018-08-20 --- time 46800
2023-04-20 05:02:44,378 INFO Negative OS: -17.15491799384884 --- ticker T --- day 2018-08-21 --- time 45000
2023-04-20 05:02:44,552 INFO Negative OS: -6.64787633222879 --- ticker T --- day 2018-08-23 --- time 48600
2023-04-20 05:02:44,558 INFO Negative OS: -3.7929848911937274 --- ticker T --- day 2018-08-23 --- time 50400
2023-04-20 05:02:44,563 INFO Negative OS: -4.089606370173449 --- ticker T --- day 2018-08-23 --- time 52200
2023-04-20 05:02:44,628 INFO Negative OS: -1.1476496843360513 --- ticker T --- day 2018-08-24 --- time 46800
2023-04-20 05:02:44,644 INFO Negative OS: -0.20914006635357762 --- ticker T --- day 2018-08-24 --- time 52200
2023-04-20 05:02:44,785 INFO Negative OS: -1.3519335303949838 --- ticker T --- day 2018-08-28 --- time 45000
2023-04-20 05:02:44,796 INFO Negative OS: -2107.367666209936 --- ticker T --- day 2018-08-28 --- time 48600
2023-04-20 05:02:44,801 INFO Negative OS: -1445.5757400960263 --- ticker T --- day 2018-08-28 --- time 50400
2023-04-20 05:02:44,807 INFO Negative OS: -42.41313276311329 --- ticker T --- day 2018-08-28 --- time 52200
2023-04-20 05:02:44,872 INFO Negative OS: -1.2691510451410526 --- ticker T --- day 2018-08-29 --- time 46800
2023-04-20 05:02:44,882 INFO Negative OS: -84.8320570900327 --- ticker T --- day 2018-08-29 --- time 50400
2023-04-20 05:02:44,948 INFO Negative OS: -0.7152233592136883 --- ticker T --- day 2018-08-30 --- time 45000
2023-04-20 05:02:45,126 INFO Negative OS: -0.034240627032644966 --- ticker T --- day 2018-09-04 --- time 50400
2023-04-20 05:02:45,522 INFO Negative OS: -4.829876996248192 --- ticker T --- day 2018-09-11 --- time 46800
2023-04-20 05:02:45,778 INFO Negative OS: -4.377344690598735 --- ticker T --- day 2018-09-14 --- time 50400
2023-04-20 05:02:45,783 INFO Negative OS: -0.06239350987166148 --- ticker T --- day 2018-09-14 --- time 52200
2023-04-20 05:02:45,929 INFO Negative OS: -2.1850314129249986 --- ticker T --- day 2018-09-18 --- time 46800
2023-04-20 05:02:46,400 INFO Negative OS: -0.2459088163877028 --- ticker T --- day 2018-09-26 --- time 41400
2023-04-20 05:02:46,411 INFO Negative OS: -0.010721576329105975 --- ticker T --- day 2018-09-26 --- time 45000
2023-04-20 05:02:46,748 INFO Negative OS: -0.027031183440760165 --- ticker T --- day 2018-10-02 --- time 48600
2023-04-20 05:02:46,818 INFO Negative OS: -22.96360460912531 --- ticker T --- day 2018-10-03 --- time 45000
2023-04-20 05:02:46,824 INFO Negative OS: -0.9685675879682909 --- ticker T --- day 2018-10-03 --- time 46800
2023-04-20 05:02:47,145 INFO Negative OS: -1.8757279427561788 --- ticker T --- day 2018-10-09 --- time 45000
2023-04-20 05:02:47,150 INFO Negative OS: -1.9917502173381063 --- ticker T --- day 2018-10-09 --- time 46800
2023-04-20 05:02:48,466 INFO Negative OS: -4.801001456922937 --- ticker T --- day 2018-10-31 --- time 48600
2023-04-20 05:02:53,502 INFO Negative OS: -0.17989403367966306 --- ticker T --- day 2019-02-04 --- time 43200
2023-04-20 05:02:53,588 INFO Negative OS: -0.5213582252191287 --- ticker T --- day 2019-02-05 --- time 45000
2023-04-20 05:02:53,599 INFO Negative OS: -12.775449644497256 --- ticker T --- day 2019-02-05 --- time 48600
2023-04-20 05:02:53,915 INFO Negative OS: -1.722886194575671 --- ticker T --- day 2019-02-11 --- time 45000
2023-04-20 05:02:54,002 INFO Negative OS: -165.88367689491267 --- ticker T --- day 2019-02-12 --- time 46800
2023-04-20 05:02:54,012 INFO Negative OS: -0.85482219827136 --- ticker T --- day 2019-02-12 --- time 50400
2023-04-20 05:02:54,018 INFO Negative OS: -3.794886825743136 --- ticker T --- day 2019-02-12 --- time 52200
2023-04-20 05:02:54,083 INFO Negative OS: -1.2664009934533706 --- ticker T --- day 2019-02-13 --- time 46800
2023-04-20 05:02:54,322 INFO Negative OS: -41.62311521471989 --- ticker T --- day 2019-02-19 --- time 45000
2023-04-20 05:02:55,152 INFO Negative OS: -18.050227374802862 --- ticker T --- day 2019-03-05 --- time 50400
2023-04-20 05:02:55,157 INFO Negative OS: -1.190770189983156 --- ticker T --- day 2019-03-05 --- time 52200
2023-04-20 05:02:55,720 INFO Negative OS: -0.12277855084225431 --- ticker T --- day 2019-03-14 --- time 50400
2023-04-20 05:02:55,796 INFO Negative OS: -1.8525058538502361 --- ticker T --- day 2019-03-15 --- time 48600
2023-04-20 05:02:55,802 INFO Negative OS: -345.713861702219 --- ticker T --- day 2019-03-15 --- time 50400
2023-04-20 05:02:56,004 INFO Negative OS: -2.261353621370203 --- ticker T --- day 2019-03-20 --- time 36000
2023-04-20 05:02:56,015 INFO Negative OS: -54.11735990404406 --- ticker T --- day 2019-03-20 --- time 39600
2023-04-20 05:02:56,026 INFO Negative OS: -1.8629122761030956 --- ticker T --- day 2019-03-20 --- time 43200
2023-04-20 05:02:56,842 INFO Negative OS: -1.086174725407358 --- ticker T --- day 2019-04-03 --- time 45000
2023-04-20 05:02:57,492 INFO Negative OS: -2522.4231754242574 --- ticker T --- day 2019-04-15 --- time 45000
2023-04-20 05:02:57,503 INFO Negative OS: -1454066.8719270076 --- ticker T --- day 2019-04-15 --- time 48600
2023-04-20 05:02:57,665 INFO Negative OS: -3.171395954115763 --- ticker T --- day 2019-04-17 --- time 48600
2023-04-20 05:02:57,827 INFO Negative OS: -2.3351443477761094 --- ticker T --- day 2019-04-22 --- time 48600
2023-04-20 05:02:58,230 INFO Negative OS: -0.9139276565909968 --- ticker T --- day 2019-04-29 --- time 46800
2023-04-20 05:02:58,380 INFO Negative OS: -8.188529233325553 --- ticker T --- day 2019-05-01 --- time 43200
2023-04-20 05:02:58,634 INFO Negative OS: -7.206557497938956 --- ticker T --- day 2019-05-06 --- time 46800
2023-04-20 05:02:59,547 INFO Negative OS: -1304.3027250683235 --- ticker T --- day 2019-05-21 --- time 52200
2023-04-20 05:03:00,243 INFO Negative OS: -1.0196874737978145 --- ticker T --- day 2019-06-04 --- time 39600
2023-04-20 05:03:00,249 INFO Negative OS: -1.463244766623741 --- ticker T --- day 2019-06-04 --- time 41400
2023-04-20 05:03:00,346 INFO Negative OS: -1.2093243880661753 --- ticker T --- day 2019-06-05 --- time 46800
2023-04-20 05:03:00,433 INFO Negative OS: -6.30593139710211 --- ticker T --- day 2019-06-06 --- time 48600
2023-04-20 05:03:00,444 INFO Negative OS: -0.2956112088068108 --- ticker T --- day 2019-06-06 --- time 52200
2023-04-20 05:03:00,822 INFO Negative OS: -10.253681481979312 --- ticker T --- day 2019-06-13 --- time 43200
2023-04-20 05:03:00,827 INFO Negative OS: -2.6296669904804966 --- ticker T --- day 2019-06-13 --- time 45000
2023-04-20 05:03:00,838 INFO Negative OS: -0.5710048708413598 --- ticker T --- day 2019-06-13 --- time 48600
2023-04-20 05:03:00,849 INFO Negative OS: -8.159802447942775 --- ticker T --- day 2019-06-13 --- time 52200
2023-04-20 05:03:00,931 INFO Negative OS: -2.0800598026788983 --- ticker T --- day 2019-06-14 --- time 52200
2023-04-20 05:03:01,012 INFO Negative OS: -20.399406686167335 --- ticker T --- day 2019-06-17 --- time 52200
2023-04-20 05:03:01,225 INFO Negative OS: -25.350164883156733 --- ticker T --- day 2019-06-20 --- time 41400
2023-04-20 05:03:01,328 INFO Negative OS: -106.36923556903677 --- ticker T --- day 2019-06-21 --- time 48600
2023-04-20 05:03:01,496 INFO Negative OS: -0.5875573539344119 --- ticker T --- day 2019-06-25 --- time 50400
2023-04-20 05:03:01,712 INFO Negative OS: -13.22412795867057 --- ticker T --- day 2019-06-28 --- time 41400
2023-04-20 05:03:01,745 INFO Negative OS: -2.489392773975592 --- ticker T --- day 2019-06-28 --- time 52200
2023-04-20 05:03:02,060 INFO Negative OS: -1.5131158951783128 --- ticker T --- day 2019-07-05 --- time 52200
2023-04-20 05:03:02,198 INFO Negative OS: -0.08300230379237195 --- ticker T --- day 2019-07-09 --- time 43200
2023-04-20 05:03:02,535 INFO Negative OS: -9.379417409150111 --- ticker T --- day 2019-07-15 --- time 43200
2023-04-20 05:03:02,563 INFO Negative OS: -4.203092705841386 --- ticker T --- day 2019-07-15 --- time 52200
2023-04-20 05:03:02,624 INFO Negative OS: -6.431106661319607 --- ticker T --- day 2019-07-16 --- time 45000
2023-04-20 05:03:02,649 INFO Negative OS: -26.936608846223837 --- ticker T --- day 2019-07-16 --- time 52200
2023-04-20 05:03:02,715 INFO Negative OS: -244.03449645451434 --- ticker T --- day 2019-07-17 --- time 46800
2023-04-20 05:03:02,726 INFO Negative OS: -3.0693525972816573 --- ticker T --- day 2019-07-17 --- time 50400
2023-04-20 05:03:02,732 INFO Negative OS: -12.999004886364222 --- ticker T --- day 2019-07-17 --- time 52200
2023-04-20 05:03:03,311 INFO Negative OS: -0.8108772896272847 --- ticker T --- day 2019-07-26 --- time 50400
2023-04-20 05:03:03,317 INFO Negative OS: -12.039910159139618 --- ticker T --- day 2019-07-26 --- time 52200
2023-04-20 05:03:03,384 INFO Negative OS: -17.023223840181245 --- ticker T --- day 2019-07-29 --- time 46800
2023-04-20 05:03:03,389 INFO Negative OS: -3.7150449424661875 --- ticker T --- day 2019-07-29 --- time 48600
2023-04-20 05:03:03,621 INFO Negative OS: -1.8699986930095513 --- ticker T --- day 2019-08-01 --- time 43200
2023-04-20 05:03:04,316 INFO Negative OS: -3.9263581872338555 --- ticker T --- day 2019-08-13 --- time 52200
2023-04-20 05:03:04,544 INFO Negative OS: -4.527987630191002 --- ticker T --- day 2019-08-16 --- time 45000
2023-04-20 05:03:04,561 INFO Negative OS: -28.806202053087258 --- ticker T --- day 2019-08-16 --- time 50400
2023-04-20 05:03:04,799 INFO Negative OS: -0.0464839607472225 --- ticker T --- day 2019-08-21 --- time 46800
2023-04-20 05:03:05,224 INFO Negative OS: -0.1380531036526942 --- ticker T --- day 2019-08-28 --- time 50400
2023-04-20 05:03:05,385 INFO Negative OS: -3.8444270280066064 --- ticker T --- day 2019-08-30 --- time 48600
2023-04-20 05:03:05,616 INFO Negative OS: -2.5473700398705597 --- ticker T --- day 2019-09-05 --- time 43200
2023-04-20 05:03:05,632 INFO Negative OS: -77.45936084574349 --- ticker T --- day 2019-09-05 --- time 48600
2023-04-20 05:03:07,386 INFO Negative OS: -0.32024296482407255 --- ticker T --- day 2019-10-04 --- time 48600
2023-04-20 05:03:07,957 INFO Negative OS: -14.42717691236141 --- ticker T --- day 2019-10-15 --- time 43200
2023-04-20 05:03:07,963 INFO Negative OS: -0.1963570112739912 --- ticker T --- day 2019-10-15 --- time 45000
2023-04-20 05:03:07,969 INFO Negative OS: -0.05372981050132464 --- ticker T --- day 2019-10-15 --- time 46800
2023-04-20 05:03:08,792 INFO Negative OS: -0.05526497843873779 --- ticker T --- day 2019-10-29 --- time 41400
2023-04-20 05:03:08,899 INFO Negative OS: -2.0298740339037487 --- ticker T --- day 2019-10-30 --- time 48600
2023-04-20 05:03:09,365 INFO Negative OS: -2.2598662660856697 --- ticker T --- day 2019-11-07 --- time 36000
2023-04-20 05:03:09,752 INFO Negative OS: -2.6696301175081336 --- ticker T --- day 2019-11-13 --- time 52200
2023-04-20 05:03:10,424 INFO Negative OS: -4.341170156530027 --- ticker T --- day 2019-11-25 --- time 52200
2023-04-20 05:03:11,254 INFO Negative OS: -6.605788656842754 --- ticker T --- day 2019-12-10 --- time 52200
2023-04-20 05:03:11,322 INFO Negative OS: -3.580028810727419 --- ticker T --- day 2019-12-11 --- time 46800
2023-04-20 05:03:11,508 INFO Negative OS: -0.5677855756835601 --- ticker T --- day 2019-12-13 --- time 52200
2023-04-20 05:03:11,544 INFO in_r2: 0.9953041222247303 , std 0.0049302368708693855 
2023-04-20 05:03:11,544 INFO os_r2: -198.67894536312886 , std 16956.03236883492 
2023-04-20 05:03:11,544 INFO intercept: -6.311019967605662e-08 , std 1.9862027668527888e-06 
2023-04-20 05:03:11,544 INFO ofi_add_1: 2.2992095762380623e-05 , std 2.9463407965122516e-05 
2023-04-20 05:03:11,544 INFO ofi_add_2: 9.577945555068794e-05 , std 7.563687602858272e-05 
2023-04-20 05:03:11,544 INFO ofi_add_3: 5.4742338450881963e-05 , std 6.892684449011431e-05 
2023-04-20 05:03:11,544 INFO ofi_add_4: 0.00014480928563417514 , std 0.00010947785553266418 
2023-04-20 05:03:11,544 INFO ofi_add_5: 0.00016572882255029735 , std 0.00014005998264347085 
2023-04-20 05:03:11,544 INFO ofi_add_6: 0.00022790311219969618 , std 0.0001713367801408443 
2023-04-20 05:03:11,544 INFO ofi_add_7: 0.00019750949345503533 , std 0.00017680904843391489 
2023-04-20 05:03:11,544 INFO ofi_add_8: 0.00019917546532046947 , std 0.00018557104280292802 
2023-04-20 05:03:11,544 INFO ofi_add_9: 0.0001794960374206621 , std 0.00019776596434996168 
2023-04-20 05:03:11,544 INFO ofi_add_10: 0.00020683722614512788 , std 0.00023682080264583277 
2023-04-20 05:03:11,544 INFO ofi_cancel_1: 1.960606838762089e-05 , std 3.029191657805608e-05 
2023-04-20 05:03:11,544 INFO ofi_cancel_2: 6.281889685311389e-05 , std 7.519947478173516e-05 
2023-04-20 05:03:11,544 INFO ofi_cancel_3: 5.134151377643323e-05 , std 7.484732083016468e-05 
2023-04-20 05:03:11,544 INFO ofi_cancel_4: 9.914323134125058e-05 , std 0.00011471137773491338 
2023-04-20 05:03:11,544 INFO ofi_cancel_5: 0.00014725711851942637 , std 0.00017800719544628876 
2023-04-20 05:03:11,544 INFO ofi_cancel_6: 0.0002183201847853252 , std 0.00022475820651763405 
2023-04-20 05:03:11,544 INFO ofi_cancel_7: 0.00020385374504266606 , std 0.0002537273197297424 
2023-04-20 05:03:11,544 INFO ofi_cancel_8: 0.00022528761551586987 , std 0.00031809594345251133 
2023-04-20 05:03:11,544 INFO ofi_cancel_9: 0.00020228172697170314 , std 0.0003263659654545672 
2023-04-20 05:03:11,544 INFO ofi_cancel_10: 0.0002590480782652777 , std 0.00042190728138578903 
2023-04-20 05:03:11,544 INFO ofi_trade_1: 4.4765044630303856e-05 , std 0.00014896101342334327 
2023-04-20 05:03:11,544 INFO ofi_trade_2: 0.00010965697764550537 , std 0.0005134063854189593 
2023-04-20 05:03:11,544 INFO ofi_trade_3: 0.00013483484564534386 , std 0.0028987650620139133 
2023-04-20 05:03:11,544 INFO ofi_trade_4: 0.00016727180326877415 , std 0.0013655520231963874 
2023-04-20 05:03:11,544 INFO ofi_trade_5: 5.779501929414386e-05 , std 0.007921232256363198 
2023-04-20 05:03:11,544 INFO ofi_trade_6: 0.0005390649779896885 , std 0.029563089926342708 
2023-04-20 05:03:11,544 INFO ofi_trade_7: -0.0003106962265706696 , std 0.04343991203883018 
2023-04-20 05:03:11,545 INFO ofi_trade_8: 0.00021685621356976707 , std 0.00227672863544246 
2023-04-20 05:03:11,545 INFO ofi_trade_9: 0.00016672367655017376 , std 0.0018638177298689574 
2023-04-20 05:03:11,545 INFO ofi_trade_10: 0.0003249661712376602 , std 0.01109911374077939 
2023-04-20 05:03:11,545 INFO t_intercept: -0.05215708426826153 , std 1.3401868753310886 
2023-04-20 05:03:11,545 INFO t_ofi_add_1: 1.9901148976679686 , std 2.050444447052703 
2023-04-20 05:03:11,545 INFO t_ofi_add_2: 4.342127630977239 , std 3.3514192202974713 
2023-04-20 05:03:11,545 INFO t_ofi_add_3: 2.6890825586108322 , std 3.1219154320671207 
2023-04-20 05:03:11,545 INFO t_ofi_add_4: 5.286697906223035 , std 4.442180372283321 
2023-04-20 05:03:11,545 INFO t_ofi_add_5: 4.912847588486957 , std 4.418478642994892 
2023-04-20 05:03:11,545 INFO t_ofi_add_6: 6.636486357996608 , std 5.838216848752959 
2023-04-20 05:03:11,545 INFO t_ofi_add_7: 5.506527881190158 , std 5.3826058225244235 
2023-04-20 05:03:11,545 INFO t_ofi_add_8: 5.624025854158299 , std 5.365178145059563 
2023-04-20 05:03:11,545 INFO t_ofi_add_9: 1391685418.1816294 , std 69186659531.47386 
2023-04-20 05:03:11,545 INFO t_ofi_add_10: 2420662028.9088717 , std 177904318559.4077 
2023-04-20 05:03:11,545 INFO t_ofi_cancel_1: 1.5352228337159315 , std 1.9485662855225996 
2023-04-20 05:03:11,545 INFO t_ofi_cancel_2: 2.424943593246263 , std 2.571896306728359 
2023-04-20 05:03:11,545 INFO t_ofi_cancel_3: 1.9617812004490804 , std 2.092699214057281 
2023-04-20 05:03:11,545 INFO t_ofi_cancel_4: 2.4846734045353407 , std 2.6376903585403997 
2023-04-20 05:03:11,545 INFO t_ofi_cancel_5: 2.65842305831004 , std 2.785271459098429 
2023-04-20 05:03:11,545 INFO t_ofi_cancel_6: 3.322923541584388 , std 3.2792272469616974 
2023-04-20 05:03:11,545 INFO t_ofi_cancel_7: 2.9198660739733273 , std 3.228687135432466 
2023-04-20 05:03:11,545 INFO t_ofi_cancel_8: 729062151.7344387 , std 62512562309.72685 
2023-04-20 05:03:11,545 INFO t_ofi_cancel_9: -171420272.42749584 , std 84154081239.5199 
2023-04-20 05:03:11,545 INFO t_ofi_cancel_10: -433694976.8184489 , std 32352155262.100746 
2023-04-20 05:03:11,545 INFO t_ofi_trade_1: 1.0603157297183408 , std 2.8883922741407084 
2023-04-20 05:03:11,545 INFO t_ofi_trade_2: 19872579499.213432 , std 3582201889468.9707 
2023-04-20 05:03:11,545 INFO t_ofi_trade_3: 41821092557.69713 , std 4200650472247.6987 
2023-04-20 05:03:11,545 INFO t_ofi_trade_4: 27932009495.371872 , std 2492427120495.3594 
2023-04-20 05:03:11,545 INFO t_ofi_trade_5: -31086623087.15134 , std 2438802049203.073 
2023-04-20 05:03:11,545 INFO t_ofi_trade_6: 44159357250.547005 , std 2679687629101.5894 
2023-04-20 05:03:11,545 INFO t_ofi_trade_7: 103804823468.49931 , std 3818193541799.779 
2023-04-20 05:03:11,545 INFO t_ofi_trade_8: 89892597366.80342 , std 3180801333280.524 
2023-04-20 05:03:11,545 INFO t_ofi_trade_9: 66664818997.383125 , std 2434929366358.355 
2023-04-20 05:03:11,545 INFO t_ofi_trade_10: 71126987011.96663 , std 3023091102177.069 
2023-04-20 05:03:11,545 INFO p_intercept: 0.4434812688926627 , std 0.3039479917332493 
2023-04-20 05:03:11,545 INFO p_ofi_add_1: 0.2024263541145591 , std 0.2813382023614626 
2023-04-20 05:03:11,545 INFO p_ofi_add_2: 0.07727153314492251 , std 0.19586556893620463 
2023-04-20 05:03:11,545 INFO p_ofi_add_3: 0.1852510870879219 , std 0.274628379835795 
2023-04-20 05:03:11,545 INFO p_ofi_add_4: 0.07897455392540731 , std 0.2033785505385058 
2023-04-20 05:03:11,545 INFO p_ofi_add_5: 0.07862351259044686 , std 0.20157703738327126 
2023-04-20 05:03:11,545 INFO p_ofi_add_6: 0.052333056050642424 , std 0.16971401767772035 
2023-04-20 05:03:11,545 INFO p_ofi_add_7: 0.07420116266060343 , std 0.19832829208985792 
2023-04-20 05:03:11,545 INFO p_ofi_add_8: 0.07454843927753352 , std 0.19863450250169903 
2023-04-20 05:03:11,545 INFO p_ofi_add_9: 0.08876797905208189 , std 0.21192788952441893 
2023-04-20 05:03:11,545 INFO p_ofi_add_10: 0.07168935593514766 , std 0.19200122273332076 
2023-04-20 05:03:11,545 INFO p_ofi_cancel_1: 0.2465428204044937 , std 0.2990216970336176 
2023-04-20 05:03:11,545 INFO p_ofi_cancel_2: 0.16094805078618798 , std 0.263297933422091 
2023-04-20 05:03:11,545 INFO p_ofi_cancel_3: 0.23047298090932627 , std 0.29293141601514316 
2023-04-20 05:03:11,545 INFO p_ofi_cancel_4: 0.17288429022011936 , std 0.269598964774595 
2023-04-20 05:03:11,545 INFO p_ofi_cancel_5: 0.16017640339838884 , std 0.26368084398710345 
2023-04-20 05:03:11,545 INFO p_ofi_cancel_6: 0.13522396130120193 , std 0.2492190557653574 
2023-04-20 05:03:11,546 INFO p_ofi_cancel_7: 0.15304824290853966 , std 0.2605613834397516 
2023-04-20 05:03:11,546 INFO p_ofi_cancel_8: 0.14948492371977218 , std 0.25686991190981967 
2023-04-20 05:03:11,546 INFO p_ofi_cancel_9: 0.15767018655599696 , std 0.26297371114202583 
2023-04-20 05:03:11,546 INFO p_ofi_cancel_10: 0.13703374109755445 , std 0.2497696216825008 
2023-04-20 05:03:11,546 INFO p_ofi_trade_1: 0.2437888401576502 , std 0.29993112178349063 
2023-04-20 05:03:11,546 INFO p_ofi_trade_2: 0.09950040010741108 , std 0.21654921158225685 
2023-04-20 05:03:11,546 INFO p_ofi_trade_3: 0.108896392188509 , std 0.22625254428061464 
2023-04-20 05:03:11,546 INFO p_ofi_trade_4: 0.08914441847947029 , std 0.2089793208356858 
2023-04-20 05:03:11,546 INFO p_ofi_trade_5: 0.09464211066657674 , std 0.2141529169777627 
2023-04-20 05:03:11,546 INFO p_ofi_trade_6: 0.06564834008988894 , std 0.18230814193165892 
2023-04-20 05:03:11,546 INFO p_ofi_trade_7: 0.08615063130741539 , std 0.20414167095423316 
2023-04-20 05:03:11,546 INFO p_ofi_trade_8: 0.07957919632788693 , std 0.1953032427953145 
2023-04-20 05:03:11,546 INFO p_ofi_trade_9: 0.09241553227414967 , std 0.21363565902462378 
2023-04-20 05:03:11,546 INFO p_ofi_trade_10: 0.08042583680020256 , std 0.20177547781468783 
