2023-04-21 10:06:05,318 INFO Tickers: ['AMT']
2023-04-21 10:06:20,987 INFO Negative OS: -1.197275156868432 --- ticker AMT --- day 2017-11-13 --- time 36000
2023-04-21 10:06:25,009 INFO Negative OS: -1.9347637013500885 --- ticker AMT --- day 2018-02-06 --- time 52200
2023-04-21 10:06:27,208 INFO Negative OS: -2.668104488045542 --- ticker AMT --- day 2018-03-21 --- time 52200
2023-04-21 10:06:28,149 INFO Negative OS: -0.277676221232126 --- ticker AMT --- day 2018-04-10 --- time 46800
2023-04-21 10:06:29,353 INFO Negative OS: -0.3045294811556294 --- ticker AMT --- day 2018-05-03 --- time 41400
2023-04-21 10:06:37,536 INFO Negative OS: -1.528768462820592 --- ticker AMT --- day 2018-10-16 --- time 36000
2023-04-21 10:06:37,706 INFO Negative OS: -0.5550485910585974 --- ticker AMT --- day 2018-10-18 --- time 41400
2023-04-21 10:06:37,786 INFO Negative OS: -0.006817592558693297 --- ticker AMT --- day 2018-10-19 --- time 41400
2023-04-21 10:06:39,298 INFO Negative OS: -0.07542000098779966 --- ticker AMT --- day 2018-11-15 --- time 46800
2023-04-21 10:06:40,404 INFO Negative OS: -2.7677007440214574 --- ticker AMT --- day 2018-12-10 --- time 43200
2023-04-21 10:06:41,022 INFO Negative OS: -0.32163377161649365 --- ticker AMT --- day 2018-12-20 --- time 41400
2023-04-21 10:06:41,032 INFO Negative OS: -0.1433851120896481 --- ticker AMT --- day 2018-12-20 --- time 45000
2023-04-21 10:06:41,104 INFO Negative OS: -0.11605143442961419 --- ticker AMT --- day 2018-12-21 --- time 41400
2023-04-21 10:06:41,437 INFO Negative OS: -0.007867133353751443 --- ticker AMT --- day 2018-12-31 --- time 37800
2023-04-21 10:06:41,458 INFO Negative OS: -0.41311895681754707 --- ticker AMT --- day 2018-12-31 --- time 46800
2023-04-21 10:06:41,916 INFO Negative OS: -0.1519264245191021 --- ticker AMT --- day 2019-01-10 --- time 41400
2023-04-21 10:06:43,109 INFO Negative OS: -0.19380788697361528 --- ticker AMT --- day 2019-02-01 --- time 52200
2023-04-21 10:06:59,242 INFO in_r2: 0.7571855719078792 , std 0.12691062399282937 
2023-04-21 10:06:59,242 INFO os_r2: 0.6797949793184581 , std 0.2576921402849184 
2023-04-21 10:06:59,242 INFO intercept: -2.0665886973845214e-07 , std 1.4446798889708954e-05 
2023-04-21 10:06:59,242 INFO ofi_1: 0.00013996618099824 , std 0.00012673241962606532 
2023-04-21 10:06:59,242 INFO ofi_2: 0.0001500570710881854 , std 0.00012468889777505414 
2023-04-21 10:06:59,242 INFO ofi_3: 9.929217515412285e-05 , std 0.00012704284463257946 
2023-04-21 10:06:59,242 INFO ofi_4: 7.007808719341091e-05 , std 0.00015656382320307908 
2023-04-21 10:06:59,242 INFO ofi_5: 5.608978851516183e-05 , std 0.00015692023548652235 
2023-04-21 10:06:59,242 INFO ofi_6: 6.710252316588744e-05 , std 0.00017304177322885746 
2023-04-21 10:06:59,242 INFO ofi_7: 9.073749447210013e-05 , std 0.00016489652179291445 
2023-04-21 10:06:59,242 INFO t_intercept: -0.05892175442644327 , std 1.2188372196917956 
2023-04-21 10:06:59,242 INFO t_ofi_1: 3.3863221583604473 , std 1.9561740036373247 
2023-04-21 10:06:59,242 INFO t_ofi_2: 2.8175427784003455 , std 1.5336063800094246 
2023-04-21 10:06:59,242 INFO t_ofi_3: 1.667857271875862 , std 1.3813190618242523 
2023-04-21 10:06:59,242 INFO t_ofi_4: 0.997249862449569 , std 1.3610891933549196 
2023-04-21 10:06:59,242 INFO t_ofi_5: 0.7386421073386632 , std 1.2963421553950747 
2023-04-21 10:06:59,242 INFO t_ofi_6: 0.7244360718199938 , std 1.2809134230109906 
2023-04-21 10:06:59,242 INFO t_ofi_7: 1.2891201334168263 , std 1.5322160382569143 
2023-04-21 10:06:59,242 INFO p_intercept: 0.44593562655259666 , std 0.3049276839746467 
2023-04-21 10:06:59,242 INFO p_ofi_1: 0.0847457816311124 , std 0.20207717890608634 
2023-04-21 10:06:59,242 INFO p_ofi_2: 0.10061265274793481 , std 0.20935889212946535 
2023-04-21 10:06:59,242 INFO p_ofi_3: 0.23154534901463392 , std 0.2822585633555284 
2023-04-21 10:06:59,242 INFO p_ofi_4: 0.3288963670478437 , std 0.3051117793570689 
2023-04-21 10:06:59,242 INFO p_ofi_5: 0.3818174797604129 , std 0.3113230599461486 
2023-04-21 10:06:59,242 INFO p_ofi_6: 0.3832865733477138 , std 0.30610534068045414 
2023-04-21 10:06:59,242 INFO p_ofi_7: 0.29236253661589556 , std 0.3055905173323668 
