2023-04-21 10:06:33,235 INFO Tickers: ['BKNG']
2023-04-21 10:06:36,861 INFO Negative OS: -0.21262524438129504 --- ticker BKNG --- day 2018-05-11 --- time 36000
2023-04-21 10:06:43,465 INFO Negative OS: -0.1672483410837653 --- ticker BKNG --- day 2018-09-26 --- time 50400
2023-04-21 10:06:43,753 INFO Negative OS: -0.03279324478271661 --- ticker BKNG --- day 2018-10-02 --- time 50400
2023-04-21 10:06:44,282 INFO Negative OS: -0.16011189186843988 --- ticker BKNG --- day 2018-10-11 --- time 45000
2023-04-21 10:06:44,292 INFO Negative OS: -0.033936659774014055 --- ticker BKNG --- day 2018-10-11 --- time 48600
2023-04-21 10:06:44,495 INFO Negative OS: -0.0005056378062702205 --- ticker BKNG --- day 2018-10-16 --- time 37800
2023-04-21 10:06:44,934 INFO Negative OS: -0.3546851264766646 --- ticker BKNG --- day 2018-10-24 --- time 37800
2023-04-21 10:06:44,953 INFO Negative OS: -6.376784540814092 --- ticker BKNG --- day 2018-10-24 --- time 46800
2023-04-21 10:06:46,281 INFO Negative OS: -0.03400643922300439 --- ticker BKNG --- day 2018-11-19 --- time 52200
2023-04-21 10:06:50,996 INFO Negative OS: -0.4876882466098882 --- ticker BKNG --- day 2019-03-01 --- time 46800
2023-04-21 10:06:54,410 INFO Negative OS: -0.4765919629624127 --- ticker BKNG --- day 2019-05-10 --- time 45000
2023-04-21 10:06:54,829 INFO Negative OS: -0.522644663896987 --- ticker BKNG --- day 2019-05-20 --- time 39600
2023-04-21 10:07:03,226 INFO Negative OS: -0.1541107853313679 --- ticker BKNG --- day 2019-11-07 --- time 48600
2023-04-21 10:07:04,977 INFO in_r2: 0.5812546353491962 , std 0.14139440885768279 
2023-04-21 10:07:04,977 INFO os_r2: 0.4157972496030098 , std 0.4668040702901345 
2023-04-21 10:07:04,977 INFO intercept: 2.5315775299090147e-06 , std 2.136858240348558e-05 
2023-04-21 10:07:04,977 INFO ofi_1: 5.70809293156415e-05 , std 0.00013139715006659443 
2023-04-21 10:07:04,977 INFO ofi_2: 0.00019875631092894965 , std 0.00019696481555748325 
2023-04-21 10:07:04,977 INFO ofi_3: 0.00014731293926009332 , std 0.00015639179900082896 
2023-04-21 10:07:04,977 INFO ofi_4: 9.189510887181548e-05 , std 0.00015814259764493723 
2023-04-21 10:07:04,977 INFO ofi_5: 9.534011052642707e-05 , std 0.00015718526233318665 
2023-04-21 10:07:04,977 INFO ofi_6: 9.935399811584793e-05 , std 0.00017712065213085925 
2023-04-21 10:07:04,977 INFO ofi_7: 0.00015837770445573376 , std 0.00015178399624051728 
2023-04-21 10:07:04,977 INFO t_intercept: 0.12077401590083252 , std 1.1750559363266992 
2023-04-21 10:07:04,977 INFO t_ofi_1: 1.3270485252801774 , std 2.004157487239152 
2023-04-21 10:07:04,977 INFO t_ofi_2: 2.715405826143114 , std 1.6609299454783413 
2023-04-21 10:07:04,977 INFO t_ofi_3: 1.8774078241028027 , std 1.4258808291824148 
2023-04-21 10:07:04,977 INFO t_ofi_4: 1.288383590838424 , std 1.5547280491274247 
2023-04-21 10:07:04,977 INFO t_ofi_5: 1.2155240019820444 , std 1.4195998515128767 
2023-04-21 10:07:04,977 INFO t_ofi_6: 1.1524796657784395 , std 1.5146386935590994 
2023-04-21 10:07:04,977 INFO t_ofi_7: 2.2387430622023876 , std 1.7757275950567595 
2023-04-21 10:07:04,977 INFO p_intercept: 0.4305711820459308 , std 0.2900464301377239 
2023-04-21 10:07:04,977 INFO p_ofi_1: 0.26183774730796794 , std 0.29173033392124764 
2023-04-21 10:07:04,977 INFO p_ofi_2: 0.11926243942960028 , std 0.22523892999090747 
2023-04-21 10:07:04,977 INFO p_ofi_3: 0.17235974055615702 , std 0.23278094005346767 
2023-04-21 10:07:04,977 INFO p_ofi_4: 0.2911546210150914 , std 0.3106629123027426 
2023-04-21 10:07:04,977 INFO p_ofi_5: 0.2992783716394579 , std 0.3050223900019794 
2023-04-21 10:07:04,977 INFO p_ofi_6: 0.29942821933608654 , std 0.3110201546543008 
2023-04-21 10:07:04,977 INFO p_ofi_7: 0.18192395661052727 , std 0.2686554031924591 
