2023-04-21 10:08:18,787 INFO Tickers: ['CB']
2023-04-21 10:08:38,545 INFO Negative OS: -0.08425939397778759 --- ticker CB --- day 2018-02-07 --- time 50400
2023-04-21 10:08:39,206 INFO Negative OS: -0.7001780826131796 --- ticker CB --- day 2018-02-21 --- time 52200
2023-04-21 10:08:40,956 INFO Negative OS: -0.36337639093051877 --- ticker CB --- day 2018-03-28 --- time 52200
2023-04-21 10:08:41,106 INFO Negative OS: -0.8933525339400765 --- ticker CB --- day 2018-04-02 --- time 52200
2023-04-21 10:08:44,762 INFO Negative OS: -0.8783745531109644 --- ticker CB --- day 2018-06-14 --- time 39600
2023-04-21 10:08:52,139 INFO Negative OS: -0.07724283607648208 --- ticker CB --- day 2018-11-01 --- time 36000
2023-04-21 10:08:52,163 INFO Negative OS: -0.3008634926202527 --- ticker CB --- day 2018-11-01 --- time 45000
2023-04-21 10:08:54,445 INFO Negative OS: -0.14909868782490254 --- ticker CB --- day 2018-12-17 --- time 36000
2023-04-21 10:08:54,871 INFO Negative OS: -0.34904004696665947 --- ticker CB --- day 2018-12-24 --- time 41400
2023-04-21 10:09:13,700 INFO in_r2: 0.7963322947231457 , std 0.10190204416821202 
2023-04-21 10:09:13,701 INFO os_r2: 0.7461973372456552 , std 0.15826711999868853 
2023-04-21 10:09:13,701 INFO intercept: 1.59916112241652e-07 , std 1.2101933050883831e-05 
2023-04-21 10:09:13,701 INFO ofi_1: 0.00013856833907052973 , std 0.00012064367164014708 
2023-04-21 10:09:13,701 INFO ofi_2: 0.00012822553557844535 , std 0.00010784484127273077 
2023-04-21 10:09:13,701 INFO ofi_3: 7.650399225700563e-05 , std 8.745991647068492e-05 
2023-04-21 10:09:13,701 INFO ofi_4: 5.6953835368879554e-05 , std 0.00011528766105919604 
2023-04-21 10:09:13,701 INFO ofi_5: 5.179801780724748e-05 , std 0.00014080821077385152 
2023-04-21 10:09:13,701 INFO ofi_6: 5.737335722941915e-05 , std 0.0001371799538043994 
2023-04-21 10:09:13,701 INFO ofi_7: 8.672105954643355e-05 , std 0.00012627705823633345 
2023-04-21 10:09:13,701 INFO t_intercept: 0.0701654783344458 , std 1.193845375951908 
2023-04-21 10:09:13,701 INFO t_ofi_1: 3.7597995741780137 , std 1.8708808729781392 
2023-04-21 10:09:13,701 INFO t_ofi_2: 2.9382148689918597 , std 1.5384277914142368 
2023-04-21 10:09:13,701 INFO t_ofi_3: 1.778439793649705 , std 1.3822399227344637 
2023-04-21 10:09:13,701 INFO t_ofi_4: 1.1939957796603302 , std 1.3440510816986317 
2023-04-21 10:09:13,701 INFO t_ofi_5: 0.9162449380150313 , std 1.3592882178498091 
2023-04-21 10:09:13,701 INFO t_ofi_6: 0.8755156120074339 , std 1.3426609245163479 
2023-04-21 10:09:13,701 INFO t_ofi_7: 1.585508180740769 , std 1.5204734952320116 
2023-04-21 10:09:13,701 INFO p_intercept: 0.4516656412782508 , std 0.301450196238441 
2023-04-21 10:09:13,701 INFO p_ofi_1: 0.05416541912619957 , std 0.15905965272191255 
2023-04-21 10:09:13,701 INFO p_ofi_2: 0.08485133977212873 , std 0.18740998078225687 
2023-04-21 10:09:13,701 INFO p_ofi_3: 0.21925611954316213 , std 0.2783109035483194 
2023-04-21 10:09:13,701 INFO p_ofi_4: 0.31568225154422713 , std 0.30468040228440896 
2023-04-21 10:09:13,701 INFO p_ofi_5: 0.3511061070924519 , std 0.3076693879179414 
2023-04-21 10:09:13,701 INFO p_ofi_6: 0.3578786903376171 , std 0.3043787781356545 
2023-04-21 10:09:13,701 INFO p_ofi_7: 0.2420267576752561 , std 0.2880906313595668 
