2023-04-21 10:08:18,770 INFO Tickers: ['CME']
2023-04-21 10:08:25,076 INFO Negative OS: -0.26238579140078744 --- ticker CME --- day 2017-05-03 --- time 52200
2023-04-21 10:08:40,603 INFO Negative OS: -0.026207255668869944 --- ticker CME --- day 2018-03-15 --- time 45000
2023-04-21 10:08:54,358 INFO Negative OS: -0.05207607149190818 --- ticker CME --- day 2018-11-30 --- time 36000
2023-04-21 10:08:55,422 INFO Negative OS: -0.5508394404840136 --- ticker CME --- day 2018-12-20 --- time 45000
2023-04-21 10:08:57,575 INFO Negative OS: -0.8682661268532967 --- ticker CME --- day 2019-02-04 --- time 36000
2023-04-21 10:08:58,980 INFO Negative OS: -0.4983462206071545 --- ticker CME --- day 2019-03-01 --- time 39600
2023-04-21 10:08:58,985 INFO Negative OS: -0.24694142058479995 --- ticker CME --- day 2019-03-01 --- time 41400
2023-04-21 10:09:11,415 INFO Negative OS: -0.13842844445647473 --- ticker CME --- day 2019-10-24 --- time 36000
2023-04-21 10:09:13,977 INFO in_r2: 0.8070223460337002 , std 0.09687678192456471 
2023-04-21 10:09:13,978 INFO os_r2: 0.7574339577383947 , std 0.14726484043127083 
2023-04-21 10:09:13,978 INFO intercept: -6.914621738361905e-09 , std 1.3913270980103296e-05 
2023-04-21 10:09:13,978 INFO ofi_1: 8.42948827416601e-05 , std 6.747555173367905e-05 
2023-04-21 10:09:13,978 INFO ofi_2: 0.00010559756920005872 , std 8.096897511368504e-05 
2023-04-21 10:09:13,978 INFO ofi_3: 9.099143305023095e-05 , std 8.320395882398804e-05 
2023-04-21 10:09:13,978 INFO ofi_4: 5.482904697268015e-05 , std 8.128678405136975e-05 
2023-04-21 10:09:13,978 INFO ofi_5: 4.1582344849630964e-05 , std 8.81224766066602e-05 
2023-04-21 10:09:13,978 INFO ofi_6: 4.096072967644787e-05 , std 9.571992061434655e-05 
2023-04-21 10:09:13,978 INFO ofi_7: 8.087947309450796e-05 , std 0.0001004536059383449 
2023-04-21 10:09:13,978 INFO t_intercept: 0.02406737036553767 , std 1.387773584729331 
2023-04-21 10:09:13,978 INFO t_ofi_1: 3.0925470590193367 , std 1.9424112246994638 
2023-04-21 10:09:13,978 INFO t_ofi_2: 2.7253255179182347 , std 1.6045128005305356 
2023-04-21 10:09:13,978 INFO t_ofi_3: 2.016157609505755 , std 1.442930906195725 
2023-04-21 10:09:13,978 INFO t_ofi_4: 1.191410669680523 , std 1.3813775975149847 
2023-04-21 10:09:13,978 INFO t_ofi_5: 0.8698281053905484 , std 1.3289664438122815 
2023-04-21 10:09:13,978 INFO t_ofi_6: 0.7629083833296998 , std 1.3430687369024454 
2023-04-21 10:09:13,978 INFO t_ofi_7: 1.6931916287061148 , std 1.5556438792830207 
2023-04-21 10:09:13,978 INFO p_intercept: 0.3911214049995789 , std 0.3035366142696025 
2023-04-21 10:09:13,978 INFO p_ofi_1: 0.09403968633676132 , std 0.19933744621023872 
2023-04-21 10:09:13,978 INFO p_ofi_2: 0.11135798777517611 , std 0.21580490649761214 
2023-04-21 10:09:13,978 INFO p_ofi_3: 0.17970031255668192 , std 0.2579764111355158 
2023-04-21 10:09:13,978 INFO p_ofi_4: 0.3030447701172972 , std 0.30159359462295954 
2023-04-21 10:09:13,978 INFO p_ofi_5: 0.35406451176873677 , std 0.30335835401188277 
2023-04-21 10:09:13,978 INFO p_ofi_6: 0.36240397656014983 , std 0.3074373012452778 
2023-04-21 10:09:13,978 INFO p_ofi_7: 0.2317172863276897 , std 0.2839330135029392 
