2023-04-21 10:02:40,246 INFO Tickers: ['CRM']
2023-04-21 10:02:43,571 INFO Negative OS: -0.2870095195426874 --- ticker CRM --- day 2017-03-02 --- time 41400
2023-04-21 10:02:55,465 INFO Negative OS: -2.885106534998941 --- ticker CRM --- day 2017-09-29 --- time 52200
2023-04-21 10:03:01,378 INFO Negative OS: -0.008023378153021898 --- ticker CRM --- day 2018-01-19 --- time 43200
2023-04-21 10:03:03,612 INFO Negative OS: -2.045704380538837 --- ticker CRM --- day 2018-02-28 --- time 41400
2023-04-21 10:03:07,250 INFO Negative OS: -0.1430067205050296 --- ticker CRM --- day 2018-05-02 --- time 52200
2023-04-21 10:03:07,770 INFO Negative OS: -0.22921545201058846 --- ticker CRM --- day 2018-05-11 --- time 36000
2023-04-21 10:03:07,775 INFO Negative OS: -0.1415466173707165 --- ticker CRM --- day 2018-05-11 --- time 37800
2023-04-21 10:03:40,692 INFO in_r2: 0.8786082933298253 , std 0.06190305409450015 
2023-04-21 10:03:40,692 INFO os_r2: 0.8520425478907101 , std 0.10583961775925561 
2023-04-21 10:03:40,692 INFO intercept: 2.8044927506350727e-07 , std 9.883698913308476e-06 
2023-04-21 10:03:40,692 INFO ofi_1: 8.875254631960675e-05 , std 6.568317994413011e-05 
2023-04-21 10:03:40,692 INFO ofi_2: 0.00010878014576933303 , std 6.912305855923122e-05 
2023-04-21 10:03:40,692 INFO ofi_3: 7.872226045167327e-05 , std 6.628902782105397e-05 
2023-04-21 10:03:40,692 INFO ofi_4: 5.9957038121591016e-05 , std 6.688325921764411e-05 
2023-04-21 10:03:40,692 INFO ofi_5: 4.8172302837750034e-05 , std 6.926817209300215e-05 
2023-04-21 10:03:40,692 INFO ofi_6: 4.7615666489867586e-05 , std 6.856896399466149e-05 
2023-04-21 10:03:40,692 INFO ofi_7: 8.586827293212412e-05 , std 6.922106458101743e-05 
2023-04-21 10:03:40,692 INFO t_intercept: 0.054388435101779875 , std 1.10324539320231 
2023-04-21 10:03:40,692 INFO t_ofi_1: 2.6552153243334082 , std 1.6004974887512833 
2023-04-21 10:03:40,692 INFO t_ofi_2: 2.6579056793884672 , std 1.4666346697296264 
2023-04-21 10:03:40,692 INFO t_ofi_3: 1.7961927769131423 , std 1.3394712995801048 
2023-04-21 10:03:40,692 INFO t_ofi_4: 1.342913779066362 , std 1.3625600206304256 
2023-04-21 10:03:40,692 INFO t_ofi_5: 1.0335706245531995 , std 1.311474788916036 
2023-04-21 10:03:40,692 INFO t_ofi_6: 1.0331200218036927 , std 1.321670842867744 
2023-04-21 10:03:40,692 INFO t_ofi_7: 2.1597166260572034 , std 1.5389674249248646 
2023-04-21 10:03:40,692 INFO p_intercept: 0.47881936686230636 , std 0.2949805698719839 
2023-04-21 10:03:40,692 INFO p_ofi_1: 0.11754245198556054 , std 0.21964718294681157 
2023-04-21 10:03:40,692 INFO p_ofi_2: 0.10454815778568215 , std 0.20380069368426423 
2023-04-21 10:03:40,692 INFO p_ofi_3: 0.21007092802991048 , std 0.2705911353018571 
2023-04-21 10:03:40,692 INFO p_ofi_4: 0.28855959447062657 , std 0.298044720178686 
2023-04-21 10:03:40,692 INFO p_ofi_5: 0.34042988462186824 , std 0.3038735602709825 
2023-04-21 10:03:40,692 INFO p_ofi_6: 0.3448671581097583 , std 0.3101967985877171 
2023-04-21 10:03:40,692 INFO p_ofi_7: 0.17142840907353582 , std 0.25689406282335137 
