2023-04-21 09:59:37,962 INFO Tickers: ['DIS']
2023-04-21 10:00:39,781 INFO in_r2: 0.9198039627570735 , std 0.04046063290352579 
2023-04-21 10:00:39,781 INFO os_r2: 0.9058321784321784 , std 0.052551448175766034 
2023-04-21 10:00:39,781 INFO intercept: -3.3788865744772887e-07 , std 4.495116279016625e-06 
2023-04-21 10:00:39,781 INFO ofi_1: 6.0135455745996205e-05 , std 4.9976124519133e-05 
2023-04-21 10:00:39,781 INFO ofi_2: 7.386471346774335e-05 , std 5.208757841234528e-05 
2023-04-21 10:00:39,781 INFO ofi_3: 6.12340212020745e-05 , std 4.8706044648909425e-05 
2023-04-21 10:00:39,781 INFO ofi_4: 5.46964403227063e-05 , std 4.98213926572711e-05 
2023-04-21 10:00:39,781 INFO ofi_5: 3.996690307344116e-05 , std 4.662676179120491e-05 
2023-04-21 10:00:39,781 INFO ofi_6: 4.7891990007447115e-05 , std 4.837865155123693e-05 
2023-04-21 10:00:39,781 INFO ofi_7: 8.138606571180299e-05 , std 5.119716850675182e-05 
2023-04-21 10:00:39,781 INFO t_intercept: -0.06130962524892745 , std 0.9956008006116367 
2023-04-21 10:00:39,781 INFO t_ofi_1: 2.1691028054735058 , std 1.631087129692314 
2023-04-21 10:00:39,781 INFO t_ofi_2: 2.179052414538935 , std 1.4321852394059318 
2023-04-21 10:00:39,781 INFO t_ofi_3: 1.7811028592040765 , std 1.3673210031461143 
2023-04-21 10:00:39,781 INFO t_ofi_4: 1.582353734521801 , std 1.3745821671828977 
2023-04-21 10:00:39,781 INFO t_ofi_5: 1.2238706835022943 , std 1.3461291429350548 
2023-04-21 10:00:39,781 INFO t_ofi_6: 1.4597057684220147 , std 1.3337132419307978 
2023-04-21 10:00:39,782 INFO t_ofi_7: 2.7367320590720077 , std 1.6000738257279612 
2023-04-21 10:00:39,782 INFO p_intercept: 0.5049738704562762 , std 0.28652353762818306 
2023-04-21 10:00:39,782 INFO p_ofi_1: 0.17614208754135488 , std 0.26414940434627965 
2023-04-21 10:00:39,782 INFO p_ofi_2: 0.15956134679058728 , std 0.24839324760942824 
2023-04-21 10:00:39,782 INFO p_ofi_3: 0.2135948162660899 , std 0.273981965881137 
2023-04-21 10:00:39,782 INFO p_ofi_4: 0.24851287987849643 , std 0.2874330733869491 
2023-04-21 10:00:39,782 INFO p_ofi_5: 0.3070564526685779 , std 0.3017443267485237 
2023-04-21 10:00:39,782 INFO p_ofi_6: 0.26761672880495385 , std 0.29168616972158545 
2023-04-21 10:00:39,782 INFO p_ofi_7: 0.10792517884860982 , std 0.21013002746579695 
