2023-04-21 10:06:35,158 INFO Tickers: ['FIS']
2023-04-21 10:07:06,695 INFO Negative OS: -0.3598442028777602 --- ticker FIS --- day 2018-10-17 --- time 37800
2023-04-21 10:07:06,878 INFO Negative OS: -0.26417947858687607 --- ticker FIS --- day 2018-10-19 --- time 50400
2023-04-21 10:07:07,002 INFO Negative OS: -0.06156317453480109 --- ticker FIS --- day 2018-10-23 --- time 36000
2023-04-21 10:07:07,021 INFO Negative OS: -0.20756133018849066 --- ticker FIS --- day 2018-10-23 --- time 43200
2023-04-21 10:07:09,667 INFO Negative OS: -0.006412422913723015 --- ticker FIS --- day 2018-12-12 --- time 37800
2023-04-21 10:07:09,839 INFO Negative OS: -0.023791555770783734 --- ticker FIS --- day 2018-12-14 --- time 43200
2023-04-21 10:07:10,564 INFO Negative OS: -0.5984941117483966 --- ticker FIS --- day 2018-12-28 --- time 41400
2023-04-21 10:07:11,362 INFO Negative OS: -0.0018680137807602915 --- ticker FIS --- day 2019-01-15 --- time 39600
2023-04-21 10:07:11,390 INFO Negative OS: -1.0055496269702324 --- ticker FIS --- day 2019-01-15 --- time 52200
2023-04-21 10:07:25,655 INFO Negative OS: -0.028586564399383674 --- ticker FIS --- day 2019-10-03 --- time 36000
2023-04-21 10:07:29,469 INFO in_r2: 0.830893442708492 , std 0.11215063915697036 
2023-04-21 10:07:29,469 INFO os_r2: 0.7906361343441893 , std 0.1645152960359599 
2023-04-21 10:07:29,469 INFO intercept: 6.362492406340575e-08 , std 1.3007898821005775e-05 
2023-04-21 10:07:29,469 INFO ofi_1: 0.000120452187676194 , std 0.00010103623298528368 
2023-04-21 10:07:29,469 INFO ofi_2: 0.00011950005102384858 , std 9.924482865853094e-05 
2023-04-21 10:07:29,469 INFO ofi_3: 7.950227187519139e-05 , std 7.84132196988347e-05 
2023-04-21 10:07:29,469 INFO ofi_4: 6.594069379977187e-05 , std 9.043290739811366e-05 
2023-04-21 10:07:29,469 INFO ofi_5: 5.5855051778784385e-05 , std 9.447901646673556e-05 
2023-04-21 10:07:29,469 INFO ofi_6: 6.083461938598424e-05 , std 0.0001042088605853319 
2023-04-21 10:07:29,469 INFO ofi_7: 0.00010700782246902428 , std 0.00011668801422777664 
2023-04-21 10:07:29,469 INFO t_intercept: -0.023417777450781094 , std 1.2041573362915952 
2023-04-21 10:07:29,469 INFO t_ofi_1: 3.2623018467113374 , std 1.7801265734062033 
2023-04-21 10:07:29,469 INFO t_ofi_2: 2.6478287665330242 , std 1.4548843931290802 
2023-04-21 10:07:29,469 INFO t_ofi_3: 1.8577500220282415 , std 1.4021624315753263 
2023-04-21 10:07:29,469 INFO t_ofi_4: 1.4329602378342645 , std 1.3703693162873027 
2023-04-21 10:07:29,469 INFO t_ofi_5: 1.1305246749639553 , std 1.3110290819581976 
2023-04-21 10:07:29,469 INFO t_ofi_6: 1.0602359648177164 , std 1.2708152176711152 
2023-04-21 10:07:29,469 INFO t_ofi_7: 2.1481678839123735 , std 1.6000744988546 
2023-04-21 10:07:29,469 INFO p_intercept: 0.4628363979660823 , std 0.29802233159491226 
2023-04-21 10:07:29,469 INFO p_ofi_1: 0.07452886845768539 , std 0.1777040352895839 
2023-04-21 10:07:29,469 INFO p_ofi_2: 0.10712377077240759 , std 0.20641046524862589 
2023-04-21 10:07:29,469 INFO p_ofi_3: 0.20382142817607066 , std 0.2727148591984396 
2023-04-21 10:07:29,469 INFO p_ofi_4: 0.2598484045071568 , std 0.29111533348413743 
2023-04-21 10:07:29,469 INFO p_ofi_5: 0.3164476063405672 , std 0.3015704488529709 
2023-04-21 10:07:29,469 INFO p_ofi_6: 0.3356550001809864 , std 0.3032203586161988 
2023-04-21 10:07:29,469 INFO p_ofi_7: 0.17327396088903216 , std 0.2564494450462121 
