2023-04-21 10:05:34,055 INFO Tickers: ['GE']
2023-04-21 10:05:38,051 INFO Negative OS: -0.4465806869443272 --- ticker GE --- day 2017-03-14 --- time 45000
2023-04-21 10:05:49,102 INFO Negative OS: -1.990419099974957 --- ticker GE --- day 2017-09-25 --- time 43200
2023-04-21 10:05:49,111 INFO Negative OS: -7.8846597409355965 --- ticker GE --- day 2017-09-25 --- time 46800
2023-04-21 10:05:49,944 INFO Negative OS: -1.3113065499982044 --- ticker GE --- day 2017-10-09 --- time 52200
2023-04-21 10:05:51,348 INFO Negative OS: -3.2724064257258556 --- ticker GE --- day 2017-11-01 --- time 52200
2023-04-21 10:05:51,567 INFO Negative OS: -1.9391911322643298 --- ticker GE --- day 2017-11-06 --- time 41400
2023-04-21 10:05:52,461 INFO Negative OS: -0.5152648625007727 --- ticker GE --- day 2017-11-21 --- time 36000
2023-04-21 10:05:53,156 INFO Negative OS: -5.461835347618138 --- ticker GE --- day 2017-12-04 --- time 52200
2023-04-21 10:05:53,558 INFO Negative OS: -0.18321594863722135 --- ticker GE --- day 2017-12-11 --- time 48600
2023-04-21 10:05:53,726 INFO Negative OS: -1.9130541818156246 --- ticker GE --- day 2017-12-13 --- time 50400
2023-04-21 10:05:53,731 INFO Negative OS: -0.7859745974327712 --- ticker GE --- day 2017-12-13 --- time 52200
2023-04-21 10:05:53,974 INFO Negative OS: -2.0633289750358483 --- ticker GE --- day 2017-12-18 --- time 50400
2023-04-21 10:05:54,540 INFO Negative OS: -0.0011123470522802492 --- ticker GE --- day 2017-12-28 --- time 46800
2023-04-21 10:05:54,711 INFO Negative OS: -0.7133402652157566 --- ticker GE --- day 2018-01-02 --- time 48600
2023-04-21 10:05:54,780 INFO Negative OS: -0.4059649017403637 --- ticker GE --- day 2018-01-03 --- time 43200
2023-04-21 10:05:54,944 INFO Negative OS: -1.7899423766747065 --- ticker GE --- day 2018-01-05 --- time 43200
2023-04-21 10:05:54,962 INFO Negative OS: -1.3640598831026058 --- ticker GE --- day 2018-01-05 --- time 50400
2023-04-21 10:05:55,433 INFO Negative OS: -2.6063171431602288 --- ticker GE --- day 2018-01-16 --- time 41400
2023-04-21 10:05:55,438 INFO Negative OS: -3.0716930975158103 --- ticker GE --- day 2018-01-16 --- time 43200
2023-04-21 10:05:55,790 INFO Negative OS: -0.21970303770869548 --- ticker GE --- day 2018-01-22 --- time 50400
2023-04-21 10:05:56,254 INFO Negative OS: -1.8179374050049253 --- ticker GE --- day 2018-01-30 --- time 37800
2023-04-21 10:05:56,259 INFO Negative OS: -5.911475219293719 --- ticker GE --- day 2018-01-30 --- time 39600
2023-04-21 10:05:56,288 INFO Negative OS: -0.07450270977466755 --- ticker GE --- day 2018-01-30 --- time 50400
2023-04-21 10:05:57,508 INFO Negative OS: -0.10012231805671945 --- ticker GE --- day 2018-02-21 --- time 41400
2023-04-21 10:05:58,001 INFO Negative OS: -0.9756529344079128 --- ticker GE --- day 2018-03-01 --- time 39600
2023-04-21 10:05:58,015 INFO Negative OS: -7.2839352753373365 --- ticker GE --- day 2018-03-01 --- time 45000
2023-04-21 10:06:02,950 INFO Negative OS: -46.916837532496835 --- ticker GE --- day 2018-05-25 --- time 36000
2023-04-21 10:06:04,931 INFO Negative OS: -0.8341951274514439 --- ticker GE --- day 2018-06-29 --- time 37800
2023-04-21 10:06:04,936 INFO Negative OS: -0.5585660514583657 --- ticker GE --- day 2018-06-29 --- time 39600
2023-04-21 10:06:05,028 INFO Negative OS: -1.600789587131744 --- ticker GE --- day 2018-07-02 --- time 43200
2023-04-21 10:06:05,685 INFO Negative OS: -2.2997289804473064 --- ticker GE --- day 2018-07-13 --- time 43200
2023-04-21 10:06:05,704 INFO Negative OS: -0.917364877403839 --- ticker GE --- day 2018-07-13 --- time 50400
2023-04-21 10:06:05,832 INFO Negative OS: -1.038207150747216 --- ticker GE --- day 2018-07-17 --- time 36000
2023-04-21 10:06:05,841 INFO Negative OS: -0.649534853086815 --- ticker GE --- day 2018-07-17 --- time 39600
2023-04-21 10:06:06,090 INFO Negative OS: -0.07429208407870824 --- ticker GE --- day 2018-07-20 --- time 39600
2023-04-21 10:06:06,104 INFO Negative OS: -7.370171486112788 --- ticker GE --- day 2018-07-20 --- time 45000
2023-04-21 10:06:06,123 INFO Negative OS: -14.353212744850298 --- ticker GE --- day 2018-07-20 --- time 52200
2023-04-21 10:06:06,247 INFO Negative OS: -4.467531123184913 --- ticker GE --- day 2018-07-24 --- time 36000
2023-04-21 10:06:06,276 INFO Negative OS: -0.21213599632833047 --- ticker GE --- day 2018-07-24 --- time 46800
2023-04-21 10:06:06,359 INFO Negative OS: -0.0011123470522798051 --- ticker GE --- day 2018-07-25 --- time 46800
2023-04-21 10:06:06,437 INFO Negative OS: -25.801198847292145 --- ticker GE --- day 2018-07-26 --- time 45000
2023-04-21 10:06:06,442 INFO Negative OS: -73.17090075892 --- ticker GE --- day 2018-07-26 --- time 46800
2023-04-21 10:06:06,600 INFO Negative OS: -3.6045282857839043 --- ticker GE --- day 2018-07-30 --- time 43200
2023-04-21 10:06:06,674 INFO Negative OS: -0.021265902083498656 --- ticker GE --- day 2018-07-31 --- time 39600
2023-04-21 10:06:06,751 INFO Negative OS: -1.8631903735739441 --- ticker GE --- day 2018-08-01 --- time 37800
2023-04-21 10:06:06,756 INFO Negative OS: -0.7891772871306697 --- ticker GE --- day 2018-08-01 --- time 39600
2023-04-21 10:06:06,789 INFO Negative OS: -1.6703434350320276 --- ticker GE --- day 2018-08-01 --- time 52200
2023-04-21 10:06:06,839 INFO Negative OS: -2.67478067151251 --- ticker GE --- day 2018-08-02 --- time 39600
2023-04-21 10:06:07,171 INFO Negative OS: -0.09427871972494661 --- ticker GE --- day 2018-08-08 --- time 41400
2023-04-21 10:06:07,177 INFO Negative OS: -4.526389689943523 --- ticker GE --- day 2018-08-08 --- time 43200
2023-04-21 10:06:07,196 INFO Negative OS: -0.005586592178770333 --- ticker GE --- day 2018-08-08 --- time 50400
2023-04-21 10:06:07,350 INFO Negative OS: -1.661317657251952 --- ticker GE --- day 2018-08-10 --- time 46800
2023-04-21 10:06:07,758 INFO Negative OS: -0.0011123470522798051 --- ticker GE --- day 2018-08-17 --- time 45000
2023-04-21 10:06:07,776 INFO Negative OS: -0.0307857108736751 --- ticker GE --- day 2018-08-17 --- time 52200
2023-04-21 10:06:08,582 INFO Negative OS: -0.22677962144813657 --- ticker GE --- day 2018-08-31 --- time 45000
2023-04-21 10:06:08,601 INFO Negative OS: -0.23544349051918023 --- ticker GE --- day 2018-08-31 --- time 52200
2023-04-21 10:06:14,130 INFO Negative OS: -2.07865992605955 --- ticker GE --- day 2018-12-07 --- time 52200
2023-04-21 10:06:18,167 INFO Negative OS: -0.0018552875695732052 --- ticker GE --- day 2019-02-21 --- time 48600
2023-04-21 10:06:21,473 INFO Negative OS: -0.011116227060448347 --- ticker GE --- day 2019-04-18 --- time 52200
2023-04-21 10:06:23,516 INFO Negative OS: -0.42612568014704855 --- ticker GE --- day 2019-05-24 --- time 46800
2023-04-21 10:06:25,818 INFO Negative OS: -0.0027855153203337757 --- ticker GE --- day 2019-07-05 --- time 48600
2023-04-21 10:06:26,480 INFO Negative OS: -0.00042753313381771463 --- ticker GE --- day 2019-07-17 --- time 50400
2023-04-21 10:06:27,691 INFO Negative OS: -0.2686272303138657 --- ticker GE --- day 2019-08-07 --- time 39600
2023-04-21 10:06:27,965 INFO Negative OS: -0.007194244604316502 --- ticker GE --- day 2019-08-12 --- time 50400
2023-04-21 10:06:30,175 INFO Negative OS: -0.025586944558898983 --- ticker GE --- day 2019-09-19 --- time 46800
2023-04-21 10:06:30,760 INFO Negative OS: -0.005586592178770555 --- ticker GE --- day 2019-09-30 --- time 50400
2023-04-21 10:06:30,765 INFO Negative OS: -0.41887087214706575 --- ticker GE --- day 2019-09-30 --- time 52200
2023-04-21 10:06:33,708 INFO Negative OS: -0.002785515320334442 --- ticker GE --- day 2019-11-19 --- time 45000
2023-04-21 10:06:34,525 INFO Negative OS: -0.4615265202705421 --- ticker GE --- day 2019-12-04 --- time 45000
2023-04-21 10:06:35,153 INFO in_r2: 0.9933831335418353 , std 0.009266845336525702 
2023-04-21 10:06:35,153 INFO os_r2: 0.9189354481942673 , std 1.133362720471932 
2023-04-21 10:06:35,153 INFO intercept: -9.016338336778976e-09 , std 2.5484247944335415e-06 
2023-04-21 10:06:35,153 INFO ofi_1: 6.504860984949355e-05 , std 8.623418356473702e-05 
2023-04-21 10:06:35,153 INFO ofi_2: 0.0003261873803798738 , std 0.0003864802340217824 
2023-04-21 10:06:35,153 INFO ofi_3: 0.0005550911183247366 , std 0.0005531587573611585 
2023-04-21 10:06:35,153 INFO ofi_4: 0.0006152990438310316 , std 0.0006265334322746517 
2023-04-21 10:06:35,153 INFO ofi_5: 0.0006369453833699766 , std 0.0007593086860606775 
2023-04-21 10:06:35,153 INFO ofi_6: 0.0007177950967801577 , std 0.0008570761520603666 
2023-04-21 10:06:35,153 INFO ofi_7: 0.0007393546937852245 , std 0.0008923816744523607 
2023-04-21 10:06:35,153 INFO t_intercept: 0.01071413935120759 , std 1.1822132780403152 
2023-04-21 10:06:35,153 INFO t_ofi_1: 3.5542495702502195 , std 3.1514658507791102 
2023-04-21 10:06:35,153 INFO t_ofi_2: 5.570396652536866 , std 4.885628936294405 
2023-04-21 10:06:35,153 INFO t_ofi_3: 7.3855164260219786 , std 6.7564108179199796 
2023-04-21 10:06:35,153 INFO t_ofi_4: 7.665606848848407 , std 7.168368292747245 
2023-04-21 10:06:35,153 INFO t_ofi_5: 7.275855380618837 , std 8.128370115450185 
2023-04-21 10:06:35,153 INFO t_ofi_6: 8.043786984519445 , std 7.781223589006763 
2023-04-21 10:06:35,153 INFO t_ofi_7: 7.182229993111655 , std 6.780499500280133 
2023-04-21 10:06:35,153 INFO p_intercept: 0.43700235694420453 , std 0.2977376515872995 
2023-04-21 10:06:35,153 INFO p_ofi_1: 0.10681240818478831 , std 0.22206369120414074 
2023-04-21 10:06:35,153 INFO p_ofi_2: 0.060223749847439945 , std 0.1756311972008673 
2023-04-21 10:06:35,153 INFO p_ofi_3: 0.047062142283024556 , std 0.15919446193988815 
2023-04-21 10:06:35,153 INFO p_ofi_4: 0.04938787988615253 , std 0.16098805866346705 
2023-04-21 10:06:35,153 INFO p_ofi_5: 0.054694421218462345 , std 0.16476645392431294 
2023-04-21 10:06:35,153 INFO p_ofi_6: 0.047418228872538076 , std 0.158312789602975 
2023-04-21 10:06:35,153 INFO p_ofi_7: 0.0451687550356315 , std 0.15209559856215868 
