2023-04-21 10:05:23,689 INFO Tickers: ['LLY']
2023-04-21 10:06:07,259 INFO Negative OS: -3.1773449882371656 --- ticker LLY --- day 2019-03-13 --- time 36000
2023-04-21 10:06:22,963 INFO in_r2: 0.899600340127454 , std 0.053678055673082814 
2023-04-21 10:06:22,964 INFO os_r2: 0.8812737534810873 , std 0.08977194875391781 
2023-04-21 10:06:22,964 INFO intercept: -7.372686215950347e-07 , std 6.543448287583391e-06 
2023-04-21 10:06:22,964 INFO ofi_1: 9.470236794062544e-05 , std 7.848589527047867e-05 
2023-04-21 10:06:22,964 INFO ofi_2: 0.00010649435114798427 , std 7.333715147650984e-05 
2023-04-21 10:06:22,964 INFO ofi_3: 7.93204184400156e-05 , std 6.21480363708319e-05 
2023-04-21 10:06:22,964 INFO ofi_4: 6.156902353625745e-05 , std 6.528902607574857e-05 
2023-04-21 10:06:22,964 INFO ofi_5: 5.060070093547913e-05 , std 7.013738263608645e-05 
2023-04-21 10:06:22,964 INFO ofi_6: 5.567321218195641e-05 , std 7.139983298241256e-05 
2023-04-21 10:06:22,964 INFO ofi_7: 9.320797079328465e-05 , std 7.432944494412823e-05 
2023-04-21 10:06:22,964 INFO t_intercept: -0.10957762857482568 , std 1.007544376361084 
2023-04-21 10:06:22,964 INFO t_ofi_1: 2.7510757840051068 , std 1.8230034915453477 
2023-04-21 10:06:22,964 INFO t_ofi_2: 2.6994474276164437 , std 1.5226970093659233 
2023-04-21 10:06:22,964 INFO t_ofi_3: 2.0358416919542552 , std 1.4199996051765595 
2023-04-21 10:06:22,964 INFO t_ofi_4: 1.47778418505409 , std 1.3785834539984119 
2023-04-21 10:06:22,964 INFO t_ofi_5: 1.1806407336591387 , std 1.3739737926513078 
2023-04-21 10:06:22,964 INFO t_ofi_6: 1.2602534854948346 , std 1.4185573326613568 
2023-04-21 10:06:22,964 INFO t_ofi_7: 2.3398065557680154 , std 1.729609592886286 
2023-04-21 10:06:22,964 INFO p_intercept: 0.5083838670600481 , std 0.29294921532474855 
2023-04-21 10:06:22,964 INFO p_ofi_1: 0.1247160373486795 , std 0.22913152461343927 
2023-04-21 10:06:22,964 INFO p_ofi_2: 0.10938473348909747 , std 0.21178129385311353 
2023-04-21 10:06:22,964 INFO p_ofi_3: 0.17775295616070946 , std 0.2546931864398153 
2023-04-21 10:06:22,964 INFO p_ofi_4: 0.26581905777604514 , std 0.29344784218302067 
2023-04-21 10:06:22,964 INFO p_ofi_5: 0.30970763286408953 , std 0.30271919192218355 
2023-04-21 10:06:22,964 INFO p_ofi_6: 0.2976797360982151 , std 0.30121530198838486 
2023-04-21 10:06:22,964 INFO p_ofi_7: 0.1619343284335748 , std 0.25528808595897295 
