2023-04-21 09:58:31,810 INFO Tickers: ['MSFT']
2023-04-21 09:58:32,921 INFO Negative OS: -8.255088147539498 --- ticker MSFT --- day 2017-01-23 --- time 45000
2023-04-21 09:58:48,670 INFO Negative OS: -0.6893911843347402 --- ticker MSFT --- day 2017-10-23 --- time 37800
2023-04-21 09:58:49,788 INFO Negative OS: -0.9109135980227292 --- ticker MSFT --- day 2017-11-09 --- time 46800
2023-04-21 09:59:23,220 INFO Negative OS: -1.2675854355009895 --- ticker MSFT --- day 2019-06-14 --- time 48600
2023-04-21 09:59:33,912 INFO in_r2: 0.9662797652321804 , std 0.02308252037117319 
2023-04-21 09:59:33,912 INFO os_r2: 0.9531344255907751 , std 0.12124942520976731 
2023-04-21 09:59:33,912 INFO intercept: -8.075332975092205e-08 , std 3.5607458668979576e-06 
2023-04-21 09:59:33,912 INFO ofi_1: 1.8819637422600106e-05 , std 3.054640793874067e-05 
2023-04-21 09:59:33,912 INFO ofi_2: 6.279566179718919e-05 , std 4.932103405898322e-05 
2023-04-21 09:59:33,912 INFO ofi_3: 6.86169786189419e-05 , std 5.165711332384041e-05 
2023-04-21 09:59:33,912 INFO ofi_4: 6.88670531021626e-05 , std 4.910495750310003e-05 
2023-04-21 09:59:33,912 INFO ofi_5: 5.47947174972367e-05 , std 4.506962357739426e-05 
2023-04-21 09:59:33,912 INFO ofi_6: 7.45012548111096e-05 , std 6.825882040145418e-05 
2023-04-21 09:59:33,913 INFO ofi_7: 0.00012518680323171587 , std 8.341202431751355e-05 
2023-04-21 09:59:33,913 INFO t_intercept: -0.04061107340508631 , std 1.0804709453835661 
2023-04-21 09:59:33,913 INFO t_ofi_1: 1.2043370491524041 , std 1.7741155653899654 
2023-04-21 09:59:33,913 INFO t_ofi_2: 2.437805745491007 , std 1.8154930794904334 
2023-04-21 09:59:33,913 INFO t_ofi_3: 2.634212008446229 , std 1.9665828771504366 
2023-04-21 09:59:33,913 INFO t_ofi_4: 2.7297435551643936 , std 1.9369149568469781 
2023-04-21 09:59:33,913 INFO t_ofi_5: 2.35048427886915 , std 1.8347951670700666 
2023-04-21 09:59:33,913 INFO t_ofi_6: 2.741024769367707 , std 1.9603033897496065 
2023-04-21 09:59:33,913 INFO t_ofi_7: 4.893391817008949 , std 2.3705792835217383 
2023-04-21 09:59:33,913 INFO p_intercept: 0.4839817196387541 , std 0.29644902760767483 
2023-04-21 09:59:33,913 INFO p_ofi_1: 0.3012269008263213 , std 0.30949215215566434 
2023-04-21 09:59:33,913 INFO p_ofi_2: 0.14955207940202359 , std 0.2448228531176011 
2023-04-21 09:59:33,913 INFO p_ofi_3: 0.1438978358982197 , std 0.2432795779938931 
2023-04-21 09:59:33,913 INFO p_ofi_4: 0.12692087675504038 , std 0.2283610988364617 
2023-04-21 09:59:33,913 INFO p_ofi_5: 0.167982936870548 , std 0.25964681715548976 
2023-04-21 09:59:33,913 INFO p_ofi_6: 0.12567836181466865 , std 0.22628942987931175 
2023-04-21 09:59:33,913 INFO p_ofi_7: 0.03204103860963434 , std 0.12215016196688186 
