2023-04-21 10:00:39,786 INFO Tickers: ['PFE']
2023-04-21 10:00:55,380 INFO Negative OS: -0.8272374528197162 --- ticker PFE --- day 2017-10-02 --- time 39600
2023-04-21 10:00:55,820 INFO Negative OS: -0.11433327370241386 --- ticker PFE --- day 2017-10-09 --- time 52200
2023-04-21 10:00:56,148 INFO Negative OS: -7.721225996419848 --- ticker PFE --- day 2017-10-13 --- time 50400
2023-04-21 10:00:56,236 INFO Negative OS: -0.023304017856970338 --- ticker PFE --- day 2017-10-16 --- time 52200
2023-04-21 10:00:56,310 INFO Negative OS: -0.33364827125985763 --- ticker PFE --- day 2017-10-17 --- time 48600
2023-04-21 10:00:56,462 INFO Negative OS: -0.04435875919058141 --- ticker PFE --- day 2017-10-19 --- time 43200
2023-04-21 10:00:59,587 INFO Negative OS: -6.612933226751995 --- ticker PFE --- day 2017-12-13 --- time 48600
2023-04-21 10:01:01,108 INFO Negative OS: -0.21603210767446224 --- ticker PFE --- day 2018-01-11 --- time 43200
2023-04-21 10:01:01,761 INFO Negative OS: -0.3384145441939195 --- ticker PFE --- day 2018-01-24 --- time 36000
2023-04-21 10:01:11,226 INFO Negative OS: -13.669159191778943 --- ticker PFE --- day 2018-07-09 --- time 43200
2023-04-21 10:01:11,231 INFO Negative OS: -1.4279197129106374 --- ticker PFE --- day 2018-07-09 --- time 45000
2023-04-21 10:01:11,329 INFO Negative OS: -3.934451122343649 --- ticker PFE --- day 2018-07-10 --- time 50400
2023-04-21 10:01:11,333 INFO Negative OS: -22.00500767869728 --- ticker PFE --- day 2018-07-10 --- time 52200
2023-04-21 10:01:11,467 INFO Negative OS: -4.033865670925782 --- ticker PFE --- day 2018-07-12 --- time 39600
2023-04-21 10:01:12,405 INFO Negative OS: -1.8717829920541322 --- ticker PFE --- day 2018-07-27 --- time 48600
2023-04-21 10:01:12,627 INFO Negative OS: -1.148167062116038 --- ticker PFE --- day 2018-08-01 --- time 37800
2023-04-21 10:01:12,632 INFO Negative OS: -7.106311791472956 --- ticker PFE --- day 2018-08-01 --- time 39600
2023-04-21 10:01:12,808 INFO Negative OS: -0.22553832341748792 --- ticker PFE --- day 2018-08-03 --- time 43200
2023-04-21 10:01:12,822 INFO Negative OS: -1.9898021213198103 --- ticker PFE --- day 2018-08-03 --- time 48600
2023-04-21 10:01:12,827 INFO Negative OS: -1.1662645953279762 --- ticker PFE --- day 2018-08-03 --- time 50400
2023-04-21 10:01:12,887 INFO Negative OS: -14.128315081296815 --- ticker PFE --- day 2018-08-06 --- time 41400
2023-04-21 10:01:12,906 INFO Negative OS: -0.8568101998841116 --- ticker PFE --- day 2018-08-06 --- time 48600
2023-04-21 10:01:13,565 INFO Negative OS: -2.141761607494605 --- ticker PFE --- day 2018-08-16 --- time 46800
2023-04-21 10:01:14,814 INFO Negative OS: -0.2806849752880032 --- ticker PFE --- day 2018-09-07 --- time 45000
2023-04-21 10:01:14,823 INFO Negative OS: -1.2564971782100942 --- ticker PFE --- day 2018-09-07 --- time 48600
2023-04-21 10:01:16,491 INFO Negative OS: -34.531396920056174 --- ticker PFE --- day 2018-10-05 --- time 46800
2023-04-21 10:01:16,495 INFO Negative OS: -0.3692197907824699 --- ticker PFE --- day 2018-10-05 --- time 48600
2023-04-21 10:01:23,889 INFO Negative OS: -1.232884132477066 --- ticker PFE --- day 2019-02-15 --- time 48600
2023-04-21 10:01:41,344 INFO in_r2: 0.9839675292855371 , std 0.01478848855674187 
2023-04-21 10:01:41,344 INFO os_r2: 0.9455422994958673 , std 0.594572601712934 
2023-04-21 10:01:41,344 INFO intercept: 3.129241544975658e-08 , std 2.1245332729286053e-06 
2023-04-21 10:01:41,344 INFO ofi_1: 3.985332581314482e-05 , std 4.439218866919862e-05 
2023-04-21 10:01:41,344 INFO ofi_2: 0.00012268286136944866 , std 9.359667435955189e-05 
2023-04-21 10:01:41,344 INFO ofi_3: 8.547221940581667e-05 , std 8.922986262996473e-05 
2023-04-21 10:01:41,344 INFO ofi_4: 0.00015529400212398517 , std 0.00013873049841907863 
2023-04-21 10:01:41,344 INFO ofi_5: 0.00021601849713342436 , std 0.0001667987645225319 
2023-04-21 10:01:41,344 INFO ofi_6: 0.0002840103234043266 , std 0.000201115988130281 
2023-04-21 10:01:41,344 INFO ofi_7: 0.0003635710190304901 , std 0.00025168835946757915 
2023-04-21 10:01:41,344 INFO t_intercept: -0.004063789190180164 , std 1.1049452163414388 
2023-04-21 10:01:41,344 INFO t_ofi_1: 3.0031760421599802 , std 2.6703948661875785 
2023-04-21 10:01:41,344 INFO t_ofi_2: 4.4449140238797 , std 2.6668313953453064 
2023-04-21 10:01:41,344 INFO t_ofi_3: 3.3587428838164555 , std 2.640003232094074 
2023-04-21 10:01:41,344 INFO t_ofi_4: 4.590664351824494 , std 3.5689510208809017 
2023-04-21 10:01:41,344 INFO t_ofi_5: 4.994718210373336 , std 3.713191930908118 
2023-04-21 10:01:41,344 INFO t_ofi_6: 5.521421107891782 , std 3.805340164734959 
2023-04-21 10:01:41,344 INFO t_ofi_7: 6.094387482946082 , std 3.5601699889076057 
2023-04-21 10:01:41,344 INFO p_intercept: 0.46523276620400617 , std 0.2955193070925848 
2023-04-21 10:01:41,344 INFO p_ofi_1: 0.13943318826323556 , std 0.24918165847989956 
2023-04-21 10:01:41,344 INFO p_ofi_2: 0.056082348310941416 , std 0.16586728890812139 
2023-04-21 10:01:41,344 INFO p_ofi_3: 0.10506873930038552 , std 0.217166383410108 
2023-04-21 10:01:41,344 INFO p_ofi_4: 0.08096264599514796 , std 0.19539062745115343 
2023-04-21 10:01:41,344 INFO p_ofi_5: 0.057812582808054666 , std 0.16821789845965518 
2023-04-21 10:01:41,344 INFO p_ofi_6: 0.045340443982041075 , std 0.1509589698521053 
2023-04-21 10:01:41,344 INFO p_ofi_7: 0.029606037797700827 , std 0.12210598653080416 
