2023-04-21 09:59:33,103 INFO Tickers: ['PG']
2023-04-21 10:00:15,238 INFO Negative OS: -0.22769480077699789 --- ticker PG --- day 2019-02-19 --- time 45000
2023-04-21 10:00:26,082 INFO Negative OS: -2.130098672740979 --- ticker PG --- day 2019-09-04 --- time 36000
2023-04-21 10:00:31,775 INFO in_r2: 0.948673285655766 , std 0.029257102501198617 
2023-04-21 10:00:31,776 INFO os_r2: 0.9371773692826473 , std 0.05613540656834663 
2023-04-21 10:00:31,776 INFO intercept: 1.2150713756997918e-08 , std 2.7986213681992977e-06 
2023-04-21 10:00:31,776 INFO ofi_1: 2.2621149027266794e-05 , std 4.044271976794201e-05 
2023-04-21 10:00:31,776 INFO ofi_2: 7.072860083150578e-05 , std 4.895472386353946e-05 
2023-04-21 10:00:31,776 INFO ofi_3: 7.510576533618273e-05 , std 4.7922395161009295e-05 
2023-04-21 10:00:31,776 INFO ofi_4: 6.303707102411649e-05 , std 4.994022559870763e-05 
2023-04-21 10:00:31,776 INFO ofi_5: 5.666205290403387e-05 , std 4.688266209833381e-05 
2023-04-21 10:00:31,776 INFO ofi_6: 5.794765636237824e-05 , std 5.132357394093996e-05 
2023-04-21 10:00:31,776 INFO ofi_7: 0.00012463290875663357 , std 7.408773952450794e-05 
2023-04-21 10:00:31,776 INFO t_intercept: 0.013392901053477315 , std 1.0084615736276559 
2023-04-21 10:00:31,776 INFO t_ofi_1: 1.021833678675106 , std 1.743977238107499 
2023-04-21 10:00:31,776 INFO t_ofi_2: 2.441289024642233 , std 1.6127834658246913 
2023-04-21 10:00:31,776 INFO t_ofi_3: 2.6030738953219204 , std 1.6495065919926213 
2023-04-21 10:00:31,776 INFO t_ofi_4: 2.2458816574709797 , std 1.6857442035966899 
2023-04-21 10:00:31,776 INFO t_ofi_5: 2.110307943220596 , std 1.6053559133849553 
2023-04-21 10:00:31,776 INFO t_ofi_6: 2.0166848842684533 , std 1.5744716102620107 
2023-04-21 10:00:31,776 INFO t_ofi_7: 3.899567099784404 , std 2.1013957072073484 
2023-04-21 10:00:31,776 INFO p_intercept: 0.5009347228590505 , std 0.28934652674325423 
2023-04-21 10:00:31,776 INFO p_ofi_1: 0.2932417486725133 , std 0.30421338334130366 
2023-04-21 10:00:31,776 INFO p_ofi_2: 0.13994719764896607 , std 0.23725228092435185 
2023-04-21 10:00:31,776 INFO p_ofi_3: 0.126243281548329 , std 0.22542719492256144 
2023-04-21 10:00:31,776 INFO p_ofi_4: 0.17131430400869332 , std 0.26006154245930435 
2023-04-21 10:00:31,776 INFO p_ofi_5: 0.18513345822846453 , std 0.26646685142973714 
2023-04-21 10:00:31,776 INFO p_ofi_6: 0.19520266335842287 , std 0.27037351569048407 
2023-04-21 10:00:31,776 INFO p_ofi_7: 0.059383721287683065 , std 0.16469238817199774 
