2023-04-21 10:10:04,408 INFO Tickers: ['RTN']
2023-04-21 10:10:20,621 INFO Negative OS: -0.0058109583558061395 --- ticker RTN --- day 2017-12-07 --- time 37800
2023-04-21 10:10:22,720 INFO Negative OS: -0.004314106437236065 --- ticker RTN --- day 2018-01-24 --- time 36000
2023-04-21 10:10:23,137 INFO Negative OS: -0.3494862358192794 --- ticker RTN --- day 2018-02-01 --- time 36000
2023-04-21 10:10:23,379 INFO Negative OS: -0.024287295254652452 --- ticker RTN --- day 2018-02-06 --- time 52200
2023-04-21 10:10:23,520 INFO Negative OS: -0.14270124718328847 --- ticker RTN --- day 2018-02-08 --- time 52200
2023-04-21 10:10:23,598 INFO Negative OS: -0.096955951125685 --- ticker RTN --- day 2018-02-09 --- time 52200
2023-04-21 10:10:24,509 INFO Negative OS: -0.65124878375699 --- ticker RTN --- day 2018-03-01 --- time 52200
2023-04-21 10:10:35,306 INFO Negative OS: -0.41955831654337383 --- ticker RTN --- day 2018-10-11 --- time 41400
2023-04-21 10:10:35,454 INFO Negative OS: -0.36010295852676455 --- ticker RTN --- day 2018-10-15 --- time 39600
2023-04-21 10:10:35,700 INFO Negative OS: -0.05353629089426293 --- ticker RTN --- day 2018-10-18 --- time 50400
2023-04-21 10:10:35,766 INFO Negative OS: -0.5323184981868516 --- ticker RTN --- day 2018-10-19 --- time 45000
2023-04-21 10:10:35,927 INFO Negative OS: -1.1751940652386317 --- ticker RTN --- day 2018-10-23 --- time 48600
2023-04-21 10:10:35,980 INFO Negative OS: -0.31546354426918266 --- ticker RTN --- day 2018-10-24 --- time 37800
2023-04-21 10:10:35,989 INFO Negative OS: -0.32330887450113965 --- ticker RTN --- day 2018-10-24 --- time 41400
2023-04-21 10:10:36,015 INFO Negative OS: -0.6557804492183026 --- ticker RTN --- day 2018-10-24 --- time 52200
2023-04-21 10:10:36,067 INFO Negative OS: -0.32719215859635975 --- ticker RTN --- day 2018-10-25 --- time 41400
2023-04-21 10:10:36,381 INFO Negative OS: -0.36297172048781845 --- ticker RTN --- day 2018-10-31 --- time 41400
2023-04-21 10:10:36,834 INFO Negative OS: -0.14416299880669858 --- ticker RTN --- day 2018-11-08 --- time 41400
2023-04-21 10:10:36,899 INFO Negative OS: -0.00037691175300236246 --- ticker RTN --- day 2018-11-09 --- time 37800
2023-04-21 10:10:36,985 INFO Negative OS: -0.19279688619708013 --- ticker RTN --- day 2018-11-12 --- time 43200
2023-04-21 10:10:37,256 INFO Negative OS: -0.0024639870914486828 --- ticker RTN --- day 2018-11-16 --- time 37800
2023-04-21 10:10:37,698 INFO Negative OS: -0.8324249486900155 --- ticker RTN --- day 2018-11-27 --- time 36000
2023-04-21 10:10:38,916 INFO Negative OS: -0.3284906345366576 --- ticker RTN --- day 2018-12-20 --- time 36000
2023-04-21 10:10:40,053 INFO Negative OS: -0.503503273559665 --- ticker RTN --- day 2019-01-15 --- time 39600
2023-04-21 10:10:56,017 INFO in_r2: 0.745990070005595 , std 0.13388949244453888 
2023-04-21 10:10:56,017 INFO os_r2: 0.6747098761127656 , std 0.2146188555727323 
2023-04-21 10:10:56,017 INFO intercept: -2.845971483517253e-07 , std 1.6172964658526704e-05 
2023-04-21 10:10:56,017 INFO ofi_1: 0.00015938538217170474 , std 0.00015687188660282343 
2023-04-21 10:10:56,017 INFO ofi_2: 0.00015895160016742417 , std 0.00016054955192197428 
2023-04-21 10:10:56,017 INFO ofi_3: 0.00010680063878597821 , std 0.0001306862805747607 
2023-04-21 10:10:56,017 INFO ofi_4: 7.70930365923638e-05 , std 0.0001365462323658308 
2023-04-21 10:10:56,017 INFO ofi_5: 5.414598210122649e-05 , std 0.00013753127758124457 
2023-04-21 10:10:56,018 INFO ofi_6: 6.193168148881993e-05 , std 0.00014585771792129112 
2023-04-21 10:10:56,018 INFO ofi_7: 8.574608713715253e-05 , std 0.000143038750990091 
2023-04-21 10:10:56,018 INFO t_intercept: -0.02861425333307259 , std 1.2741846012067795 
2023-04-21 10:10:56,018 INFO t_ofi_1: 3.393760972491767 , std 1.877745351639431 
2023-04-21 10:10:56,018 INFO t_ofi_2: 2.6303555616981926 , std 1.5398117746562994 
2023-04-21 10:10:56,018 INFO t_ofi_3: 1.804166068277971 , std 1.4362437810407764 
2023-04-21 10:10:56,018 INFO t_ofi_4: 1.215138522471309 , std 1.3337378639335065 
2023-04-21 10:10:56,018 INFO t_ofi_5: 0.8652610007641592 , std 1.3107456827259227 
2023-04-21 10:10:56,018 INFO t_ofi_6: 0.8404940211406335 , std 1.297176932832166 
2023-04-21 10:10:56,018 INFO t_ofi_7: 1.585842344856272 , std 1.609529753481192 
2023-04-21 10:10:56,018 INFO p_intercept: 0.4332473674018307 , std 0.30555314013867746 
2023-04-21 10:10:56,018 INFO p_ofi_1: 0.07335262498479761 , std 0.1813754861295012 
2023-04-21 10:10:56,018 INFO p_ofi_2: 0.11481385447668489 , std 0.21726052519139638 
2023-04-21 10:10:56,018 INFO p_ofi_3: 0.22161085393166344 , std 0.28348193480620054 
2023-04-21 10:10:56,018 INFO p_ofi_4: 0.3051545980306563 , std 0.30162494649519345 
2023-04-21 10:10:56,018 INFO p_ofi_5: 0.3615960234651326 , std 0.3051581502509286 
2023-04-21 10:10:56,018 INFO p_ofi_6: 0.3697324706655513 , std 0.3058808019457133 
2023-04-21 10:10:56,018 INFO p_ofi_7: 0.24584606997692177 , std 0.2909414298720462 
