2023-04-21 10:08:58,220 INFO Tickers: ['SPGI']
2023-04-21 10:09:17,428 INFO Negative OS: -0.047443872687458644 --- ticker SPGI --- day 2018-02-06 --- time 37800
2023-04-21 10:09:17,673 INFO Negative OS: -0.7215622355875364 --- ticker SPGI --- day 2018-02-09 --- time 52200
2023-04-21 10:09:19,551 INFO Negative OS: -0.17826755608581113 --- ticker SPGI --- day 2018-03-21 --- time 52200
2023-04-21 10:09:29,356 INFO Negative OS: -0.3137800206959118 --- ticker SPGI --- day 2018-10-10 --- time 48600
2023-04-21 10:09:29,421 INFO Negative OS: -0.63969962685829 --- ticker SPGI --- day 2018-10-11 --- time 41400
2023-04-21 10:09:30,136 INFO Negative OS: -0.12272517434448815 --- ticker SPGI --- day 2018-10-25 --- time 37800
2023-04-21 10:09:32,172 INFO Negative OS: -0.23528725690155916 --- ticker SPGI --- day 2018-12-07 --- time 43200
2023-04-21 10:09:32,193 INFO Negative OS: -0.1330490306618508 --- ticker SPGI --- day 2018-12-07 --- time 52200
2023-04-21 10:09:32,400 INFO Negative OS: -0.9405175063173212 --- ticker SPGI --- day 2018-12-12 --- time 41400
2023-04-21 10:09:32,420 INFO Negative OS: -0.34385181265582765 --- ticker SPGI --- day 2018-12-12 --- time 50400
2023-04-21 10:09:32,632 INFO Negative OS: -0.3802947179139653 --- ticker SPGI --- day 2018-12-17 --- time 43200
2023-04-21 10:09:32,726 INFO Negative OS: -1.5634362815146075 --- ticker SPGI --- day 2018-12-18 --- time 50400
2023-04-21 10:09:32,861 INFO Negative OS: -1.3073353243405381 --- ticker SPGI --- day 2018-12-20 --- time 41400
2023-04-21 10:09:37,111 INFO Negative OS: -0.6327610271234876 --- ticker SPGI --- day 2019-03-19 --- time 45000
2023-04-21 10:09:44,042 INFO Negative OS: -2.4741284330367335 --- ticker SPGI --- day 2019-08-01 --- time 37800
2023-04-21 10:09:47,336 INFO Negative OS: -0.15171027000393944 --- ticker SPGI --- day 2019-10-03 --- time 36000
2023-04-21 10:09:50,895 INFO in_r2: 0.7451772840094235 , std 0.1310800287973797 
2023-04-21 10:09:50,896 INFO os_r2: 0.6626628609198255 , std 0.2670499752774386 
2023-04-21 10:09:50,896 INFO intercept: 3.885254464376952e-07 , std 1.793179745913107e-05 
2023-04-21 10:09:50,896 INFO ofi_1: 0.0001257382851594967 , std 0.00016760795168141267 
2023-04-21 10:09:50,896 INFO ofi_2: 0.0001236856292986317 , std 0.0001362401272989398 
2023-04-21 10:09:50,896 INFO ofi_3: 9.439778828800071e-05 , std 0.0001410379198984842 
2023-04-21 10:09:50,896 INFO ofi_4: 6.250834839931498e-05 , std 0.00014724475654161306 
2023-04-21 10:09:50,896 INFO ofi_5: 6.384861935040721e-05 , std 0.00021177963255933563 
2023-04-21 10:09:50,896 INFO ofi_6: 6.0334480201200955e-05 , std 0.00019764251344619665 
2023-04-21 10:09:50,896 INFO ofi_7: 7.320278416364378e-05 , std 0.00019826250229812038 
2023-04-21 10:09:50,896 INFO t_intercept: 0.09075243542336293 , std 1.4096947531314556 
2023-04-21 10:09:50,896 INFO t_ofi_1: 3.513498003315961 , std 1.8829332666293783 
2023-04-21 10:09:50,896 INFO t_ofi_2: 2.833675765364452 , std 1.7105698062638308 
2023-04-21 10:09:50,896 INFO t_ofi_3: 1.897109921523309 , std 1.4709220031930788 
2023-04-21 10:09:50,896 INFO t_ofi_4: 1.1670792328949111 , std 1.34588374627357 
2023-04-21 10:09:50,896 INFO t_ofi_5: 0.8630946754253407 , std 1.3006206941926968 
2023-04-21 10:09:50,896 INFO t_ofi_6: 0.7392452969741835 , std 1.2714580420402746 
2023-04-21 10:09:50,896 INFO t_ofi_7: 1.3504529035942214 , std 1.5114542221718748 
2023-04-21 10:09:50,896 INFO p_intercept: 0.4018864738690574 , std 0.31099616116770945 
2023-04-21 10:09:50,896 INFO p_ofi_1: 0.06677673808083233 , std 0.17140357453137564 
2023-04-21 10:09:50,896 INFO p_ofi_2: 0.10625619799585663 , std 0.21008585993901727 
2023-04-21 10:09:50,896 INFO p_ofi_3: 0.20451184752245774 , std 0.27835305427659 
2023-04-21 10:09:50,896 INFO p_ofi_4: 0.30372117528494946 , std 0.3059296885288658 
2023-04-21 10:09:50,896 INFO p_ofi_5: 0.35001967471995343 , std 0.296821109138366 
2023-04-21 10:09:50,896 INFO p_ofi_6: 0.3756138895400475 , std 0.3081256629737407 
2023-04-21 10:09:50,896 INFO p_ofi_7: 0.26962212675927355 , std 0.2916286315008108 
