2023-04-21 09:59:36,156 INFO Tickers: ['T']
2023-04-21 09:59:36,285 INFO Negative OS: -2.703530596333798 --- ticker T --- day 2017-01-04 --- time 37800
2023-04-21 09:59:41,707 INFO Negative OS: -1.0274617033350495 --- ticker T --- day 2017-04-10 --- time 36000
2023-04-21 09:59:44,446 INFO Negative OS: -1.2778985637212128 --- ticker T --- day 2017-05-26 --- time 48600
2023-04-21 09:59:45,978 INFO Negative OS: -1.0972881245343475 --- ticker T --- day 2017-06-23 --- time 41400
2023-04-21 09:59:46,374 INFO Negative OS: -1.1389449068619726 --- ticker T --- day 2017-06-30 --- time 36000
2023-04-21 09:59:46,383 INFO Negative OS: -1.3487255635117785 --- ticker T --- day 2017-06-30 --- time 39600
2023-04-21 09:59:47,704 INFO Negative OS: -0.08681944317942003 --- ticker T --- day 2017-07-25 --- time 45000
2023-04-21 09:59:49,435 INFO Negative OS: -0.14196841257916648 --- ticker T --- day 2017-08-23 --- time 48600
2023-04-21 09:59:52,383 INFO Negative OS: -0.1933540130141782 --- ticker T --- day 2017-10-13 --- time 45000
2023-04-21 09:59:52,797 INFO Negative OS: -0.43574540613324886 --- ticker T --- day 2017-10-20 --- time 45000
2023-04-21 09:59:56,762 INFO Negative OS: -0.26612196180032166 --- ticker T --- day 2017-12-29 --- time 46800
2023-04-21 09:59:56,772 INFO Negative OS: -1.467930421332924 --- ticker T --- day 2017-12-29 --- time 50400
2023-04-21 09:59:57,161 INFO Negative OS: -2.3152979184202707 --- ticker T --- day 2018-01-08 --- time 41400
2023-04-21 09:59:57,401 INFO Negative OS: -0.975421520577155 --- ticker T --- day 2018-01-11 --- time 37800
2023-04-21 09:59:57,687 INFO Negative OS: -3.7031341652910124 --- ticker T --- day 2018-01-17 --- time 52200
2023-04-21 09:59:58,230 INFO Negative OS: -1.0031418449958016 --- ticker T --- day 2018-01-26 --- time 37800
2023-04-21 09:59:58,239 INFO Negative OS: -1.4737463013863001 --- ticker T --- day 2018-01-26 --- time 41400
2023-04-21 10:00:03,634 INFO Negative OS: -4.984200243519147 --- ticker T --- day 2018-05-01 --- time 39600
2023-04-21 10:00:03,902 INFO Negative OS: -5.601092087783623 --- ticker T --- day 2018-05-04 --- time 46800
2023-04-21 10:00:04,975 INFO Negative OS: -1.7021748286214695 --- ticker T --- day 2018-05-23 --- time 46800
2023-04-21 10:00:09,320 INFO Negative OS: -2.03876879131466 --- ticker T --- day 2018-08-08 --- time 37800
2023-04-21 10:00:09,823 INFO Negative OS: -10.35423656051766 --- ticker T --- day 2018-08-16 --- time 41400
2023-04-21 10:00:10,244 INFO Negative OS: -0.9284778886192415 --- ticker T --- day 2018-08-23 --- time 45000
2023-04-21 10:00:12,876 INFO Negative OS: -0.8274187002828552 --- ticker T --- day 2018-10-09 --- time 45000
2023-04-21 10:00:12,890 INFO Negative OS: -2.1086836007363967 --- ticker T --- day 2018-10-09 --- time 50400
2023-04-21 10:00:21,822 INFO Negative OS: -0.01423176984746255 --- ticker T --- day 2019-03-19 --- time 48600
2023-04-21 10:00:21,900 INFO Negative OS: -5.279154342888405 --- ticker T --- day 2019-03-20 --- time 46800
2023-04-21 10:00:25,271 INFO Negative OS: -0.22379763820431164 --- ticker T --- day 2019-05-17 --- time 45000
2023-04-21 10:00:26,266 INFO Negative OS: -0.8287593835835665 --- ticker T --- day 2019-06-05 --- time 46800
2023-04-21 10:00:26,746 INFO Negative OS: -0.37678253552505225 --- ticker T --- day 2019-06-13 --- time 41400
2023-04-21 10:00:26,756 INFO Negative OS: -0.4848158756934817 --- ticker T --- day 2019-06-13 --- time 45000
2023-04-21 10:00:26,765 INFO Negative OS: -17.300700171219177 --- ticker T --- day 2019-06-13 --- time 48600
2023-04-21 10:00:30,215 INFO Negative OS: -1.3383765806166439 --- ticker T --- day 2019-08-13 --- time 52200
2023-04-21 10:00:30,444 INFO Negative OS: -3.4987656500637927 --- ticker T --- day 2019-08-16 --- time 45000
2023-04-21 10:00:30,459 INFO Negative OS: -1.3774164743984834 --- ticker T --- day 2019-08-16 --- time 50400
2023-04-21 10:00:30,463 INFO Negative OS: -0.3714458047341864 --- ticker T --- day 2019-08-16 --- time 52200
2023-04-21 10:00:31,509 INFO Negative OS: -0.039830331812614306 --- ticker T --- day 2019-09-05 --- time 43200
2023-04-21 10:00:33,814 INFO Negative OS: -2.9981817697742517 --- ticker T --- day 2019-10-15 --- time 45000
2023-04-21 10:00:33,819 INFO Negative OS: -0.7514926810920752 --- ticker T --- day 2019-10-15 --- time 46800
2023-04-21 10:00:35,569 INFO Negative OS: -0.6937355083133157 --- ticker T --- day 2019-11-13 --- time 52200
2023-04-21 10:00:37,319 INFO in_r2: 0.9827138757212636 , std 0.017311945963798304 
2023-04-21 10:00:37,319 INFO os_r2: 0.9370963789313699 , std 0.33166802207110013 
2023-04-21 10:00:37,319 INFO intercept: -5.605088608127835e-08 , std 2.420196947131889e-06 
2023-04-21 10:00:37,319 INFO ofi_1: 5.412542701124874e-05 , std 6.375936007021108e-05 
2023-04-21 10:00:37,319 INFO ofi_2: 0.00015337859613046148 , std 0.00013214442216808527 
2023-04-21 10:00:37,319 INFO ofi_3: 0.0001184240487871732 , std 0.00011444655107625727 
2023-04-21 10:00:37,319 INFO ofi_4: 0.00022465718697778873 , std 0.00016478457842295373 
2023-04-21 10:00:37,319 INFO ofi_5: 0.0002599578779758885 , std 0.00019630210528147864 
2023-04-21 10:00:37,319 INFO ofi_6: 0.0002770070244579815 , std 0.00020918956434922605 
2023-04-21 10:00:37,319 INFO ofi_7: 0.00028433679760809307 , std 0.000228170034401587 
2023-04-21 10:00:37,319 INFO t_intercept: -0.044487279195591936 , std 1.0201826325577934 
2023-04-21 10:00:37,320 INFO t_ofi_1: 3.3526920728861156 , std 2.866536282537128 
2023-04-21 10:00:37,320 INFO t_ofi_2: 5.145258187013942 , std 3.5915356167999333 
2023-04-21 10:00:37,320 INFO t_ofi_3: 4.5570626163707395 , std 3.809414002834813 
2023-04-21 10:00:37,320 INFO t_ofi_4: 6.87801702953639 , std 5.763770833162995 
2023-04-21 10:00:37,320 INFO t_ofi_5: 6.819757243314909 , std 5.81285990395733 
2023-04-21 10:00:37,320 INFO t_ofi_6: 7.050594513357251 , std 6.124079917465282 
2023-04-21 10:00:37,320 INFO t_ofi_7: 6.584008509601186 , std 5.446680731545007 
2023-04-21 10:00:37,320 INFO p_intercept: 0.49708995729854083 , std 0.28974835738245486 
2023-04-21 10:00:37,320 INFO p_ofi_1: 0.11729424894113671 , std 0.2315402622116607 
2023-04-21 10:00:37,320 INFO p_ofi_2: 0.050207054772598354 , std 0.16390539329351325 
2023-04-21 10:00:37,320 INFO p_ofi_3: 0.07217433313428484 , std 0.1829508642497603 
2023-04-21 10:00:37,320 INFO p_ofi_4: 0.03871595927627198 , std 0.13984987670020912 
2023-04-21 10:00:37,320 INFO p_ofi_5: 0.03421957506031758 , std 0.13021453480984424 
2023-04-21 10:00:37,320 INFO p_ofi_6: 0.03526805682287361 , std 0.13571131854828586 
2023-04-21 10:00:37,320 INFO p_ofi_7: 0.034182300156200274 , std 0.1315604912917104 
