2023-04-21 10:07:26,321 INFO Tickers: ['TFC']
2023-04-21 10:07:26,697 INFO in_r2: 0.9548856424533586 , std 0.03943176932429146 
2023-04-21 10:07:26,697 INFO os_r2: 0.9569850498958402 , std 0.03050713142235183 
2023-04-21 10:07:26,697 INFO intercept: 2.297144282633896e-06 , std 5.3660864048202764e-06 
2023-04-21 10:07:26,697 INFO ofi_1: 5.890966051600861e-05 , std 7.221601077087997e-05 
2023-04-21 10:07:26,697 INFO ofi_2: 0.00012670645856560162 , std 5.821809608866403e-05 
2023-04-21 10:07:26,698 INFO ofi_3: 0.00012017661553828446 , std 6.089524750757177e-05 
2023-04-21 10:07:26,698 INFO ofi_4: 0.00015432701498471738 , std 7.263790073719376e-05 
2023-04-21 10:07:26,698 INFO ofi_5: 0.0001299403421051754 , std 3.7622307856286165e-05 
2023-04-21 10:07:26,698 INFO ofi_6: 0.00010723294219077079 , std 5.072618596480115e-05 
2023-04-21 10:07:26,698 INFO ofi_7: 0.00014147136632475113 , std 6.519378198659608e-05 
2023-04-21 10:07:26,698 INFO t_intercept: 0.5064425354618264 , std 0.9444463597275063 
2023-04-21 10:07:26,698 INFO t_ofi_1: 2.641447218992614 , std 2.140772820598686 
2023-04-21 10:07:26,698 INFO t_ofi_2: 3.658522288141142 , std 1.8683934794277168 
2023-04-21 10:07:26,698 INFO t_ofi_3: 3.367036773891826 , std 1.7984192577961413 
2023-04-21 10:07:26,698 INFO t_ofi_4: 5.018914582059367 , std 3.20058196673817 
2023-04-21 10:07:26,698 INFO t_ofi_5: 5.644606357293877 , std 3.700630076039039 
2023-04-21 10:07:26,698 INFO t_ofi_6: 4.631977923417779 , std 3.002942511402239 
2023-04-21 10:07:26,698 INFO t_ofi_7: 4.298078485358261 , std 2.3646157284207705 
2023-04-21 10:07:26,698 INFO p_intercept: 0.522801788731364 , std 0.3100650612905857 
2023-04-21 10:07:26,698 INFO p_ofi_1: 0.12482941677026103 , std 0.19831289747592515 
2023-04-21 10:07:26,698 INFO p_ofi_2: 0.06650312010397325 , std 0.19143322684900224 
2023-04-21 10:07:26,698 INFO p_ofi_3: 0.1006692678850456 , std 0.2365126771469382 
2023-04-21 10:07:26,698 INFO p_ofi_4: 0.04460076818958608 , std 0.10057277227107041 
2023-04-21 10:07:26,698 INFO p_ofi_5: 0.033975477005709555 , std 0.09621444255239302 
2023-04-21 10:07:26,698 INFO p_ofi_6: 0.09707682710850367 , std 0.23580299718882525 
2023-04-21 10:07:26,698 INFO p_ofi_7: 0.053578078081270776 , std 0.14636056408489412 
