2023-04-21 10:07:37,224 INFO Tickers: ['TJX']
2023-04-21 10:08:36,999 INFO in_r2: 0.9417183763382637 , std 0.05361887522565378 
2023-04-21 10:08:36,999 INFO os_r2: 0.9319134052267205 , std 0.06530824510571087 
2023-04-21 10:08:36,999 INFO intercept: -2.915568283188634e-07 , std 5.21404317518152e-06 
2023-04-21 10:08:36,999 INFO ofi_1: 6.619647884202183e-05 , std 7.206107672792397e-05 
2023-04-21 10:08:36,999 INFO ofi_2: 0.00011493812354238523 , std 6.580751545696657e-05 
2023-04-21 10:08:36,999 INFO ofi_3: 0.00010259926664967924 , std 6.557418020564956e-05 
2023-04-21 10:08:36,999 INFO ofi_4: 9.704945134863632e-05 , std 6.815861323554373e-05 
2023-04-21 10:08:36,999 INFO ofi_5: 8.882059469212906e-05 , std 7.526549769638628e-05 
2023-04-21 10:08:36,999 INFO ofi_6: 9.685352134675554e-05 , std 8.041530606594561e-05 
2023-04-21 10:08:36,999 INFO ofi_7: 0.00015674062119080045 , std 9.033896438289745e-05 
2023-04-21 10:08:36,999 INFO t_intercept: -0.04601692009454574 , std 1.0245861861460663 
2023-04-21 10:08:36,999 INFO t_ofi_1: 2.3722332339081666 , std 1.9288126361854319 
2023-04-21 10:08:36,999 INFO t_ofi_2: 3.5577320542041506 , std 1.9698639882624969 
2023-04-21 10:08:36,999 INFO t_ofi_3: 3.2476324778779473 , std 2.3215198249636475 
2023-04-21 10:08:36,999 INFO t_ofi_4: 2.950861407583322 , std 2.441237305938398 
2023-04-21 10:08:36,999 INFO t_ofi_5: 2.621377339457501 , std 2.4436222026367154 
2023-04-21 10:08:36,999 INFO t_ofi_6: 2.8854307066035125 , std 2.717303891489531 
2023-04-21 10:08:36,999 INFO t_ofi_7: 4.472755226183151 , std 3.1519218493147263 
2023-04-21 10:08:36,999 INFO p_intercept: 0.5004804033103178 , std 0.29110549750554177 
2023-04-21 10:08:36,999 INFO p_ofi_1: 0.1674215647440403 , std 0.26367854794294154 
2023-04-21 10:08:36,999 INFO p_ofi_2: 0.06631382954180891 , std 0.16688791111893406 
2023-04-21 10:08:36,999 INFO p_ofi_3: 0.11558593461857775 , std 0.22404727078530473 
2023-04-21 10:08:36,999 INFO p_ofi_4: 0.14549562006095318 , std 0.24439754627784235 
2023-04-21 10:08:36,999 INFO p_ofi_5: 0.18510067743323433 , std 0.2729380567117453 
2023-04-21 10:08:36,999 INFO p_ofi_6: 0.18157537866025575 , std 0.2719365138265372 
2023-04-21 10:08:36,999 INFO p_ofi_7: 0.08207158772383721 , std 0.1956651618061289 
