2023-04-21 10:03:40,697 INFO Tickers: ['TMO']
2023-04-21 10:03:41,356 INFO Negative OS: -0.26550017759560807 --- ticker TMO --- day 2017-01-13 --- time 36000
2023-04-21 10:04:00,316 INFO Negative OS: -0.14331906175716091 --- ticker TMO --- day 2018-02-12 --- time 37800
2023-04-21 10:04:01,182 INFO Negative OS: -1.3314911911658984 --- ticker TMO --- day 2018-03-01 --- time 52200
2023-04-21 10:04:02,276 INFO Negative OS: -1.7822035334140955 --- ticker TMO --- day 2018-03-23 --- time 39600
2023-04-21 10:04:02,659 INFO Negative OS: -0.20046361339688246 --- ticker TMO --- day 2018-04-02 --- time 50400
2023-04-21 10:04:02,738 INFO Negative OS: -0.27576563739309967 --- ticker TMO --- day 2018-04-03 --- time 52200
2023-04-21 10:04:03,094 INFO Negative OS: -1.116968693440223 --- ticker TMO --- day 2018-04-10 --- time 52200
2023-04-21 10:04:04,256 INFO Negative OS: -0.17375196129927373 --- ticker TMO --- day 2018-05-03 --- time 36000
2023-04-21 10:04:04,260 INFO Negative OS: -0.04566963596882978 --- ticker TMO --- day 2018-05-03 --- time 37800
2023-04-21 10:04:12,301 INFO Negative OS: -0.4410771253848107 --- ticker TMO --- day 2018-10-15 --- time 36000
2023-04-21 10:04:12,384 INFO Negative OS: -0.1012872514707499 --- ticker TMO --- day 2018-10-16 --- time 37800
2023-04-21 10:04:12,459 INFO Negative OS: -0.06996770169972844 --- ticker TMO --- day 2018-10-17 --- time 36000
2023-04-21 10:04:12,632 INFO Negative OS: -0.14499772143570966 --- ticker TMO --- day 2018-10-19 --- time 41400
2023-04-21 10:04:12,740 INFO Negative OS: -0.007726889344924492 --- ticker TMO --- day 2018-10-22 --- time 52200
2023-04-21 10:04:12,878 INFO Negative OS: -8.303324085147207 --- ticker TMO --- day 2018-10-24 --- time 41400
2023-04-21 10:04:12,902 INFO Negative OS: -1.8043027287952085 --- ticker TMO --- day 2018-10-24 --- time 50400
2023-04-21 10:04:13,040 INFO Negative OS: -0.0754329596744332 --- ticker TMO --- day 2018-10-26 --- time 39600
2023-04-21 10:04:13,128 INFO Negative OS: -0.8216702144052119 --- ticker TMO --- day 2018-10-29 --- time 41400
2023-04-21 10:04:13,230 INFO Negative OS: -1.1522011765659022 --- ticker TMO --- day 2018-10-30 --- time 48600
2023-04-21 10:04:13,292 INFO Negative OS: -0.27677137155328846 --- ticker TMO --- day 2018-10-31 --- time 41400
2023-04-21 10:04:13,461 INFO Negative OS: -0.023118435981749563 --- ticker TMO --- day 2018-11-02 --- time 45000
2023-04-21 10:04:13,662 INFO Negative OS: -1.3129706521576487 --- ticker TMO --- day 2018-11-07 --- time 36000
2023-04-21 10:04:13,948 INFO Negative OS: -0.5006274492697071 --- ticker TMO --- day 2018-11-13 --- time 36000
2023-04-21 10:04:14,278 INFO Negative OS: -0.399816385044526 --- ticker TMO --- day 2018-11-19 --- time 52200
2023-04-21 10:04:14,324 INFO Negative OS: -0.08702756262036782 --- ticker TMO --- day 2018-11-20 --- time 37800
2023-04-21 10:04:14,811 INFO Negative OS: -0.8764926354862155 --- ticker TMO --- day 2018-11-30 --- time 52200
2023-04-21 10:04:14,942 INFO Negative OS: -0.19962679142412543 --- ticker TMO --- day 2018-12-04 --- time 43200
2023-04-21 10:04:14,947 INFO Negative OS: -0.8086207817707642 --- ticker TMO --- day 2018-12-04 --- time 45000
2023-04-21 10:04:15,026 INFO Negative OS: -0.03454462943653902 --- ticker TMO --- day 2018-12-06 --- time 43200
2023-04-21 10:04:15,031 INFO Negative OS: -0.6845098170018469 --- ticker TMO --- day 2018-12-06 --- time 45000
2023-04-21 10:04:15,036 INFO Negative OS: -0.25100535946721236 --- ticker TMO --- day 2018-12-06 --- time 46800
2023-04-21 10:04:15,041 INFO Negative OS: -0.0075482189608919725 --- ticker TMO --- day 2018-12-06 --- time 48600
2023-04-21 10:04:15,096 INFO Negative OS: -0.49980501061937543 --- ticker TMO --- day 2018-12-07 --- time 37800
2023-04-21 10:04:15,129 INFO Negative OS: -0.24106838185498036 --- ticker TMO --- day 2018-12-07 --- time 52200
2023-04-21 10:04:15,176 INFO Negative OS: -0.17257896658198568 --- ticker TMO --- day 2018-12-10 --- time 39600
2023-04-21 10:04:15,279 INFO Negative OS: -1.109537246393237 --- ticker TMO --- day 2018-12-11 --- time 52200
2023-04-21 10:04:15,555 INFO Negative OS: -0.00024331642795183406 --- ticker TMO --- day 2018-12-17 --- time 41400
2023-04-21 10:04:15,784 INFO Negative OS: -3.6146144718862807 --- ticker TMO --- day 2018-12-20 --- time 39600
2023-04-21 10:04:15,798 INFO Negative OS: -1.9674286149008005 --- ticker TMO --- day 2018-12-20 --- time 45000
2023-04-21 10:04:15,954 INFO Negative OS: -0.3620317798871864 --- ticker TMO --- day 2018-12-24 --- time 41400
2023-04-21 10:04:16,047 INFO Negative OS: -0.11551354620046972 --- ticker TMO --- day 2018-12-26 --- time 50400
2023-04-21 10:04:16,052 INFO Negative OS: -0.16893825013402464 --- ticker TMO --- day 2018-12-26 --- time 52200
2023-04-21 10:04:16,191 INFO Negative OS: -0.6313626114283182 --- ticker TMO --- day 2018-12-28 --- time 45000
2023-04-21 10:04:16,205 INFO Negative OS: -3.00993846203536 --- ticker TMO --- day 2018-12-28 --- time 50400
2023-04-21 10:04:16,270 INFO Negative OS: -0.08358071759213037 --- ticker TMO --- day 2018-12-31 --- time 45000
2023-04-21 10:04:16,275 INFO Negative OS: -1.1517166754114525 --- ticker TMO --- day 2018-12-31 --- time 46800
2023-04-21 10:04:17,144 INFO Negative OS: -0.6287753449977056 --- ticker TMO --- day 2019-01-17 --- time 52200
2023-04-21 10:04:17,337 INFO Negative OS: -0.13939570527263712 --- ticker TMO --- day 2019-01-23 --- time 41400
2023-04-21 10:04:17,342 INFO Negative OS: -0.06981669787201028 --- ticker TMO --- day 2019-01-23 --- time 43200
2023-04-21 10:04:17,729 INFO Negative OS: -3.35272451024628 --- ticker TMO --- day 2019-01-30 --- time 50400
2023-04-21 10:04:19,360 INFO Negative OS: -1.2815830832845991 --- ticker TMO --- day 2019-03-05 --- time 36000
2023-04-21 10:04:21,425 INFO Negative OS: -0.026028271865592645 --- ticker TMO --- day 2019-04-12 --- time 36000
2023-04-21 10:04:23,321 INFO Negative OS: -0.043048734385855214 --- ticker TMO --- day 2019-05-20 --- time 50400
2023-04-21 10:04:31,594 INFO Negative OS: -0.040084903969809904 --- ticker TMO --- day 2019-10-30 --- time 52200
2023-04-21 10:04:33,706 INFO Negative OS: -1.0647750363209707 --- ticker TMO --- day 2019-12-12 --- time 52200
2023-04-21 10:04:33,784 INFO in_r2: 0.7078930400674404 , std 0.1741240674591371 
2023-04-21 10:04:33,785 INFO os_r2: 0.5859873250203418 , std 0.45703001472659505 
2023-04-21 10:04:33,785 INFO intercept: -1.9813923295474478e-06 , std 2.2976712695391636e-05 
2023-04-21 10:04:33,785 INFO ofi_1: 0.00016303837445135543 , std 0.0001755386947205374 
2023-04-21 10:04:33,785 INFO ofi_2: 0.00018275435585020957 , std 0.00019502604377775217 
2023-04-21 10:04:33,785 INFO ofi_3: 0.0001295143142878935 , std 0.00019767753323059558 
2023-04-21 10:04:33,785 INFO ofi_4: 6.876800975730091e-05 , std 0.0002173959160281341 
2023-04-21 10:04:33,785 INFO ofi_5: 6.607642999160879e-05 , std 0.00024748783995060474 
2023-04-21 10:04:33,785 INFO ofi_6: 4.492300897876387e-05 , std 0.0002551162021485404 
2023-04-21 10:04:33,785 INFO ofi_7: 9.334081488230475e-05 , std 0.00025627334075346256 
2023-04-21 10:04:33,785 INFO t_intercept: -0.09489521100287343 , std 1.3541854087914407 
2023-04-21 10:04:33,785 INFO t_ofi_1: 3.327122486700668 , std 1.915644042841175 
2023-04-21 10:04:33,785 INFO t_ofi_2: 2.6696991953472655 , std 1.5659607675072982 
2023-04-21 10:04:33,785 INFO t_ofi_3: 1.6985978266831647 , std 1.4678584322782415 
2023-04-21 10:04:33,785 INFO t_ofi_4: 0.956830665201125 , std 1.396369230138664 
2023-04-21 10:04:33,785 INFO t_ofi_5: 0.6932474899278879 , std 1.3178735470162826 
2023-04-21 10:04:33,785 INFO t_ofi_6: 0.5726213232181878 , std 1.363488390729012 
2023-04-21 10:04:33,785 INFO t_ofi_7: 1.2260941286721327 , std 1.585655565421689 
2023-04-21 10:04:33,785 INFO p_intercept: 0.42647292001458015 , std 0.31241340868818807 
2023-04-21 10:04:33,785 INFO p_ofi_1: 0.07477495529487742 , std 0.17864205147520418 
2023-04-21 10:04:33,785 INFO p_ofi_2: 0.10914706237638122 , std 0.2110963879451679 
2023-04-21 10:04:33,785 INFO p_ofi_3: 0.23148538378551298 , std 0.29638543949129353 
2023-04-21 10:04:33,785 INFO p_ofi_4: 0.3337963014550603 , std 0.3026407164371377 
2023-04-21 10:04:33,785 INFO p_ofi_5: 0.3788950845923894 , std 0.3089639250980724 
2023-04-21 10:04:33,785 INFO p_ofi_6: 0.3903206615509527 , std 0.3121513994623812 
2023-04-21 10:04:33,785 INFO p_ofi_7: 0.2895029154165768 , std 0.30745975582579194 
