2023-04-21 10:06:59,245 INFO Tickers: ['UPS']
2023-04-21 10:07:05,889 INFO Negative OS: -2.2663891461295873 --- ticker UPS --- day 2017-05-03 --- time 46800
2023-04-21 10:07:57,881 INFO in_r2: 0.8671456276945134 , std 0.061287186699526326 
2023-04-21 10:07:57,881 INFO os_r2: 0.8402508599393883 , std 0.09493945133405615 
2023-04-21 10:07:57,881 INFO intercept: -4.0110810809015045e-07 , std 7.936259168074227e-06 
2023-04-21 10:07:57,881 INFO ofi_1: 0.00012158429178839386 , std 7.691593910090626e-05 
2023-04-21 10:07:57,881 INFO ofi_2: 0.0001214266477703557 , std 7.089014470658049e-05 
2023-04-21 10:07:57,881 INFO ofi_3: 7.57397677265967e-05 , std 6.181171297806731e-05 
2023-04-21 10:07:57,881 INFO ofi_4: 5.4203516229100593e-05 , std 6.07383262442857e-05 
2023-04-21 10:07:57,881 INFO ofi_5: 4.203993604643415e-05 , std 6.338996333371915e-05 
2023-04-21 10:07:57,882 INFO ofi_6: 4.167038926164455e-05 , std 6.467078751180195e-05 
2023-04-21 10:07:57,882 INFO ofi_7: 7.728088574044542e-05 , std 6.669649424582333e-05 
2023-04-21 10:07:57,882 INFO t_intercept: -0.07965936915059232 , std 1.0295561825514161 
2023-04-21 10:07:57,882 INFO t_ofi_1: 3.2423671641794676 , std 1.6678742653466934 
2023-04-21 10:07:57,882 INFO t_ofi_2: 2.933085335296491 , std 1.4797329970717819 
2023-04-21 10:07:57,882 INFO t_ofi_3: 1.8796063170602113 , std 1.3577635089543911 
2023-04-21 10:07:57,882 INFO t_ofi_4: 1.3861457727709827 , std 1.320902147003957 
2023-04-21 10:07:57,882 INFO t_ofi_5: 1.0661131778816448 , std 1.314506227544153 
2023-04-21 10:07:57,882 INFO t_ofi_6: 1.053934951472006 , std 1.2872558530203082 
2023-04-21 10:07:57,882 INFO t_ofi_7: 2.1302416990788786 , std 1.5872068455728008 
2023-04-21 10:07:57,882 INFO p_intercept: 0.500530099147908 , std 0.29222958103169283 
2023-04-21 10:07:57,882 INFO p_ofi_1: 0.0719602136473528 , std 0.17403929164743598 
2023-04-21 10:07:57,882 INFO p_ofi_2: 0.08308283557096241 , std 0.18245443299637373 
2023-04-21 10:07:57,882 INFO p_ofi_3: 0.1973524994267779 , std 0.2691546557908322 
2023-04-21 10:07:57,882 INFO p_ofi_4: 0.27690766485697704 , std 0.29396654599567124 
2023-04-21 10:07:57,882 INFO p_ofi_5: 0.3284463632442992 , std 0.3039703607884963 
2023-04-21 10:07:57,882 INFO p_ofi_6: 0.33693537799123685 , std 0.30560752047490514 
2023-04-21 10:07:57,882 INFO p_ofi_7: 0.1822868020888836 , std 0.2644398544197652 
