2023-04-21 09:59:32,852 INFO Tickers: ['V']
2023-04-21 10:00:34,920 INFO in_r2: 0.9179730755529455 , std 0.04414499382407101 
2023-04-21 10:00:34,920 INFO os_r2: 0.9037648027907437 , std 0.05482974980255656 
2023-04-21 10:00:34,920 INFO intercept: -4.937342739378201e-07 , std 5.756669940913305e-06 
2023-04-21 10:00:34,920 INFO ofi_1: 3.9400262822376075e-05 , std 4.749899005622229e-05 
2023-04-21 10:00:34,920 INFO ofi_2: 6.47764762318686e-05 , std 4.89969581879626e-05 
2023-04-21 10:00:34,920 INFO ofi_3: 6.481513434680158e-05 , std 4.895756557242879e-05 
2023-04-21 10:00:34,920 INFO ofi_4: 5.402168398458495e-05 , std 4.928078261043735e-05 
2023-04-21 10:00:34,921 INFO ofi_5: 4.315684873169369e-05 , std 4.790442180205772e-05 
2023-04-21 10:00:34,921 INFO ofi_6: 4.330274690533116e-05 , std 4.506989193665374e-05 
2023-04-21 10:00:34,921 INFO ofi_7: 8.379447238310452e-05 , std 6.020191237167604e-05 
2023-04-21 10:00:34,921 INFO t_intercept: -0.11203601952481858 , std 1.050386452606231 
2023-04-21 10:00:34,921 INFO t_ofi_1: 1.5858409515262635 , std 1.757209418047432 
2023-04-21 10:00:34,921 INFO t_ofi_2: 2.0754941466031935 , std 1.4637072990991427 
2023-04-21 10:00:34,921 INFO t_ofi_3: 1.95028835866495 , std 1.3877246904660625 
2023-04-21 10:00:34,921 INFO t_ofi_4: 1.6314294298605299 , std 1.3687449455637934 
2023-04-21 10:00:34,921 INFO t_ofi_5: 1.3951164933161235 , std 1.4118105972130628 
2023-04-21 10:00:34,921 INFO t_ofi_6: 1.449133596922369 , std 1.3220559677312689 
2023-04-21 10:00:34,921 INFO t_ofi_7: 2.891091162796254 , std 1.7172101786036458 
2023-04-21 10:00:34,921 INFO p_intercept: 0.4890466017716373 , std 0.29373707328816945 
2023-04-21 10:00:34,921 INFO p_ofi_1: 0.23452568190094233 , std 0.28675763280063077 
2023-04-21 10:00:34,921 INFO p_ofi_2: 0.1741327553008461 , std 0.25624485259355084 
2023-04-21 10:00:34,921 INFO p_ofi_3: 0.1902255289394296 , std 0.25824985351798735 
2023-04-21 10:00:34,921 INFO p_ofi_4: 0.24599482496613864 , std 0.2890479452750348 
2023-04-21 10:00:34,921 INFO p_ofi_5: 0.2834473480008761 , std 0.2976358641848473 
2023-04-21 10:00:34,921 INFO p_ofi_6: 0.276440496585579 , std 0.2982621491549006 
2023-04-21 10:00:34,921 INFO p_ofi_7: 0.10132402293250231 , std 0.20415070168353164 
