2023-04-21 10:01:38,948 INFO Tickers: ['WMT']
2023-04-21 10:01:44,985 INFO Negative OS: -0.9015762485066627 --- ticker WMT --- day 2017-04-18 --- time 48600
2023-04-21 10:02:40,240 INFO in_r2: 0.9393329828234035 , std 0.03855360076393765 
2023-04-21 10:02:40,240 INFO os_r2: 0.9258732700435927 , std 0.052982933817289385 
2023-04-21 10:02:40,240 INFO intercept: -2.156531140597896e-07 , std 3.5278306210912876e-06 
2023-04-21 10:02:40,240 INFO ofi_1: 3.873843890879254e-05 , std 5.014721811878688e-05 
2023-04-21 10:02:40,240 INFO ofi_2: 8.199196295480092e-05 , std 5.314678135997696e-05 
2023-04-21 10:02:40,240 INFO ofi_3: 7.466426334328356e-05 , std 5.037289617002645e-05 
2023-04-21 10:02:40,240 INFO ofi_4: 6.080920875698024e-05 , std 4.784182547167688e-05 
2023-04-21 10:02:40,240 INFO ofi_5: 4.993131710240206e-05 , std 4.4238631311280344e-05 
2023-04-21 10:02:40,241 INFO ofi_6: 5.925849505275099e-05 , std 5.761095375037317e-05 
2023-04-21 10:02:40,241 INFO ofi_7: 0.00012841384775100567 , std 8.014192898066136e-05 
2023-04-21 10:02:40,241 INFO t_intercept: -0.10104769839818585 , std 1.0132795216872168 
2023-04-21 10:02:40,241 INFO t_ofi_1: 1.4520091054153095 , std 1.8075253717338597 
2023-04-21 10:02:40,241 INFO t_ofi_2: 2.568596095276383 , std 1.6009706155282297 
2023-04-21 10:02:40,241 INFO t_ofi_3: 2.456258577961925 , std 1.6211557381689252 
2023-04-21 10:02:40,241 INFO t_ofi_4: 2.137926726894657 , std 1.5782573655347252 
2023-04-21 10:02:40,241 INFO t_ofi_5: 1.9288126803353278 , std 1.5653331036177256 
2023-04-21 10:02:40,241 INFO t_ofi_6: 2.019868067149807 , std 1.5873020546771832 
2023-04-21 10:02:40,241 INFO t_ofi_7: 4.136565160875453 , std 2.1535815743524016 
2023-04-21 10:02:40,241 INFO p_intercept: 0.49825438814400685 , std 0.28979966771019666 
2023-04-21 10:02:40,241 INFO p_ofi_1: 0.2431500397674354 , std 0.2924574321134487 
2023-04-21 10:02:40,241 INFO p_ofi_2: 0.1255152356775565 , std 0.2256051720696831 
2023-04-21 10:02:40,241 INFO p_ofi_3: 0.13933624264887737 , std 0.2374827284319805 
2023-04-21 10:02:40,241 INFO p_ofi_4: 0.17444670274083232 , std 0.2590574851554484 
2023-04-21 10:02:40,241 INFO p_ofi_5: 0.2073145618100765 , std 0.2763222736271857 
2023-04-21 10:02:40,241 INFO p_ofi_6: 0.1930392666367816 , std 0.26744414602652167 
2023-04-21 10:02:40,241 INFO p_ofi_7: 0.05197695160407138 , std 0.15562064654983263 
