2023-05-13 15:23:42,839 INFO Experiment: individual_price_impact
2023-05-13 15:23:45,797 INFO AAPL --- INS : 0.764969869854237 --- OOS : 0.6669678279567828
2023-05-13 15:23:47,757 INFO MSFT --- INS : 0.8428886697823778 --- OOS : 0.775275442278536
2023-05-13 15:23:49,603 INFO AMZN --- INS : 0.5215860909721429 --- OOS : 0.39349384161754414
2023-05-13 15:23:51,432 INFO FB --- INS : 0.741268978450539 --- OOS : 0.6668265924265765
2023-05-13 15:23:53,103 INFO BRK.B --- INS : 0.6690437020091603 --- OOS : 0.5742896098656262
2023-05-13 15:23:54,941 INFO JPM --- INS : 0.8352534767340593 --- OOS : 0.8000687723290356
2023-05-13 15:23:56,700 INFO GOOG --- INS : 0.4621229979401166 --- OOS : 0.3056302725533076
2023-05-13 15:23:58,424 INFO GOOGL --- INS : 0.4685673235992539 --- OOS : 0.31588593038916757
2023-05-13 15:24:00,210 INFO JNJ --- INS : 0.7412731930304185 --- OOS : 0.6790682252942234
2023-05-13 15:24:02,193 INFO V --- INS : 0.7535487214180726 --- OOS : 0.6987079002766429
2023-05-13 15:24:04,087 INFO PG --- INS : 0.789250099020365 --- OOS : 0.7366170648954493
2023-05-13 15:24:05,847 INFO XOM --- INS : 0.812330693444869 --- OOS : 0.7547513089546537
2023-05-13 15:24:07,659 INFO BAC --- INS : 0.8355950443316065 --- OOS : 0.7894040612282435
2023-05-13 15:24:09,466 INFO T --- INS : 0.8161221577744288 --- OOS : 0.7414161292951166
2023-05-13 15:24:11,018 INFO UNH --- INS : 0.7053603292927669 --- OOS : 0.6123390083215823
2023-05-13 15:24:12,797 INFO DIS --- INS : 0.7696711719895546 --- OOS : 0.71565796731402
2023-05-13 15:24:14,364 INFO MA --- INS : 0.6637216051983211 --- OOS : 0.5592150068047776
2023-05-13 15:24:16,256 INFO INTC --- INS : 0.8482984795799177 --- OOS : 0.8055852582877633
2023-05-13 15:24:17,995 INFO VZ --- INS : 0.8315055793111907 --- OOS : 0.7761253017471816
2023-05-13 15:24:19,751 INFO HD --- INS : 0.7241955994818305 --- OOS : 0.658953910832838
2023-05-13 15:24:21,615 INFO MRK --- INS : 0.8206415527969664 --- OOS : 0.7771807679258131
2023-05-13 15:24:23,492 INFO CVX --- INS : 0.7638817199588057 --- OOS : 0.7175889711825817
2023-05-13 15:24:25,361 INFO WFC --- INS : 0.857821137362809 --- OOS : 0.8197749200060817
2023-05-13 15:24:27,128 INFO PFE --- INS : 0.8181401904445944 --- OOS : 0.7467312748045305
2023-05-13 15:24:28,961 INFO KO --- INS : 0.8262791660472226 --- OOS : 0.7666155941457816
2023-05-13 15:24:30,866 INFO CMCSA --- INS : 0.8535998664087586 --- OOS : 0.8134906847318711
2023-05-13 15:24:32,650 INFO CSCO --- INS : 0.8442703344908855 --- OOS : 0.7963747118273453
2023-05-13 15:24:34,414 INFO PEP --- INS : 0.7754009037764278 --- OOS : 0.7190679065486538
2023-05-13 15:24:36,048 INFO BA --- INS : 0.6454950938474515 --- OOS : 0.5395429122140715
2023-05-13 15:24:37,928 INFO C --- INS : 0.8488990547605378 --- OOS : 0.8096369964467074
2023-05-13 15:24:39,739 INFO WMT --- INS : 0.7821676059288848 --- OOS : 0.722712324151341
2023-05-13 15:24:41,415 INFO ADBE --- INS : 0.6973700057168586 --- OOS : 0.6113374218638764
2023-05-13 15:24:43,209 INFO MDT --- INS : 0.7484465390722294 --- OOS : 0.6778068225323811
2023-05-13 15:24:44,972 INFO ABT --- INS : 0.7953683154612974 --- OOS : 0.658329335791217
2023-05-13 15:24:46,600 INFO MCD --- INS : 0.7072619327217194 --- OOS : 0.6287546451954842
2023-05-13 15:24:48,326 INFO BMY --- INS : 0.821336380163227 --- OOS : 0.7725283392446262
2023-05-13 15:24:49,972 INFO AMGN --- INS : 0.7023804443320606 --- OOS : 0.6276174401752967
2023-05-13 15:24:51,939 INFO CRM --- INS : 0.7142123372069613 --- OOS : 0.6416630365649899
2023-05-13 15:24:53,804 INFO NVDA --- INS : 0.6970363787966379 --- OOS : 0.6175347589079967
2023-05-13 15:24:55,701 INFO PM --- INS : 0.7408042032283424 --- OOS : 0.6512474747878912
2023-05-13 15:24:57,482 INFO NFLX --- INS : 0.6451518803142757 --- OOS : 0.5530742870978719
2023-05-13 15:24:59,237 INFO ABBV --- INS : 0.7494014133605927 --- OOS : 0.676724539151363
2023-05-13 15:25:00,676 INFO ACN --- INS : 0.6711757890347512 --- OOS : 0.5691587091191077
2023-05-13 15:25:02,297 INFO COST --- INS : 0.6781403863564255 --- OOS : 0.5794395071543074
2023-05-13 15:25:04,067 INFO PYPL --- INS : 0.798711314224343 --- OOS : 0.7385964591145858
2023-05-13 15:25:05,302 INFO TMO --- INS : 0.5623454741337515 --- OOS : 0.41107194906572103
2023-05-13 15:25:06,993 INFO AVGO --- INS : 0.6708283461142327 --- OOS : 0.5680605502983825
2023-05-13 15:25:08,616 INFO HON --- INS : 0.6964708333131671 --- OOS : 0.6042951287927166
2023-05-13 15:25:10,437 INFO UNP --- INS : 0.7289670743498159 --- OOS : 0.6693950505757389
2023-05-13 15:25:12,262 INFO NKE --- INS : 0.7985870146283982 --- OOS : 0.7204988918527736
2023-05-13 15:25:13,889 INFO UTX --- INS : 0.7402333205662651 --- OOS : 0.6454338117705749
2023-05-13 15:25:15,770 INFO ORCL --- INS : 0.8326866496432814 --- OOS : 0.76251830183155
2023-05-13 15:25:17,437 INFO IBM --- INS : 0.7291683617892275 --- OOS : -2.0251372894326396
2023-05-13 15:25:19,280 INFO TXN --- INS : 0.7746456893814345 --- OOS : 0.7199683645177078
2023-05-13 15:25:20,713 INFO NEE --- INS : 0.6534161278082844 --- OOS : 0.5361751060851866
2023-05-13 15:25:21,260 INFO LIN --- INS : 0.606495388650526 --- OOS : 0.4061153142464889
2023-05-13 15:25:23,136 INFO SBUX --- INS : 0.8365478273593044 --- OOS : 0.7611832571987432
2023-05-13 15:25:24,873 INFO LLY --- INS : 0.7450890074903572 --- OOS : 0.6810427093916221
2023-05-13 15:25:26,748 INFO QCOM --- INS : 0.8207396639203104 --- OOS : 0.7511050503506267
2023-05-13 15:25:28,245 INFO MMM --- INS : 0.6950095944630817 --- OOS : 0.6221667767643188
2023-05-13 15:25:30,117 INFO GE --- INS : 0.8184703290754248 --- OOS : 0.7334949111869261
2023-05-13 15:25:31,834 INFO CVS --- INS : 0.7716259981107187 --- OOS : 0.7022029741375407
2023-05-13 15:25:33,430 INFO DHR --- INS : 0.7192920379483376 --- OOS : 0.6556116915575212
2023-05-13 15:25:34,708 INFO LMT --- INS : 0.5297874603904876 --- OOS : 0.30573714739879454
2023-05-13 15:25:36,061 INFO AMT --- INS : 0.6045104056262552 --- OOS : 0.48375736544584597
2023-05-13 15:25:37,887 INFO MO --- INS : 0.804725393701908 --- OOS : 0.7522148717612206
2023-05-13 15:25:39,639 INFO LOW --- INS : 0.7433436233495567 --- OOS : 0.6867506027217679
2023-05-13 15:25:41,405 INFO USB --- INS : 0.8465102948893752 --- OOS : 0.8066464903114746
2023-05-13 15:25:42,114 INFO BKNG --- INS : 0.3445216392033557 --- OOS : 0.10812892534686275
2023-05-13 15:25:43,994 INFO AXP --- INS : 0.7623382027261646 --- OOS : 0.7169189285338632
2023-05-13 15:25:45,407 INFO FIS --- INS : 0.6746518045497096 --- OOS : 0.5876697128082389
2023-05-13 15:25:47,195 INFO GILD --- INS : 0.7990067919648992 --- OOS : 0.7383589251818486
2023-05-13 15:25:48,858 INFO UPS --- INS : 0.7155713124171768 --- OOS : 0.6454500749329708
2023-05-13 15:25:50,596 INFO CAT --- INS : 0.7460961683964432 --- OOS : 0.6839380485403538
2023-05-13 15:25:52,404 INFO MDLZ --- INS : 0.8455850643736282 --- OOS : 0.7972744997308168
2023-05-13 15:25:53,754 INFO CHTR --- INS : 0.5284484100898874 --- OOS : 0.37135416794515647
2023-05-13 15:25:53,863 INFO TFC --- INS : 0.7602155030653946 --- OOS : 0.7350593340428456
2023-05-13 15:25:55,104 INFO ANTM --- INS : 0.5291605746981728 --- OOS : 0.15714851001395808
2023-05-13 15:25:56,681 INFO GS --- INS : 0.6927021151280617 --- OOS : 0.6228495843379134
2023-05-13 15:25:57,981 INFO CI --- INS : 0.5818769843480616 --- OOS : 0.43788089172829964
2023-05-13 15:25:59,666 INFO TJX --- INS : 0.7864187088132637 --- OOS : 0.7280992196133056
2023-05-13 15:26:01,266 INFO ADP --- INS : 0.7191843381512402 --- OOS : 0.6401777611351157
2023-05-13 15:26:02,425 INFO BDX --- INS : 0.5451111213205068 --- OOS : 0.41838083266488996
2023-05-13 15:26:03,777 INFO CME --- INS : 0.6739681450312254 --- OOS : 0.5644266537522571
2023-05-13 15:26:05,156 INFO CB --- INS : 0.6488611204733645 --- OOS : 0.5783156348855955
2023-05-13 15:26:06,733 INFO PNC --- INS : 0.7111143893073618 --- OOS : 0.657082042838199
2023-05-13 15:26:07,956 INFO COP --- INS : 0.8123012788725741 --- OOS : 0.7672897102168985
2023-05-13 15:26:09,449 INFO INTU --- INS : 0.6477655088301806 --- OOS : 0.5514854564198172
2023-05-13 15:26:10,673 INFO ISRG --- INS : 0.46732453452196177 --- OOS : 0.30992471827109075
2023-05-13 15:26:12,344 INFO D --- INS : 0.7552214412602971 --- OOS : 0.7014948520216222
2023-05-13 15:26:13,588 INFO SPGI --- INS : 0.5988394785041617 --- OOS : 0.45944562468337186
2023-05-13 15:26:15,175 INFO FISV --- INS : 0.7481879700561799 --- OOS : 0.6749226644604842
2023-05-13 15:26:16,872 INFO DUK --- INS : 0.7504481620900508 --- OOS : 0.6945955568387143
2023-05-13 15:26:18,045 INFO SYK --- INS : 0.5223322995438883 --- OOS : 0.3907981481881
2023-05-13 15:26:19,806 INFO SO --- INS : 0.8312105544988071 --- OOS : 0.7900336284734206
2023-05-13 15:26:21,572 INFO TGT --- INS : 0.7604204796771529 --- OOS : 0.6980637790657537
2023-05-13 15:26:23,347 INFO MS --- INS : 0.8490088830235476 --- OOS : 0.8124040906492646
2023-05-13 15:26:24,986 INFO BSX --- INS : 0.8338240071463433 --- OOS : 0.7834521704100812
2023-05-13 15:26:26,068 INFO AGN --- INS : 0.6244555111593083 --- OOS : 0.5218236205633366
2023-05-13 15:26:27,320 INFO RTN --- INS : 0.5970338026425258 --- OOS : 0.4996340078417028
2023-05-13 15:26:27,395 INFO in_r2: 0.7529398082518062 , std 0.12952753748772206 
2023-05-13 15:26:27,396 INFO os_r2: 0.6511478018307055 , std 22.086690167377338 
2023-05-13 15:26:27,396 INFO intercept: 4.407568116577844e-07 , std 1.710041404383274e-05 
2023-05-13 15:26:27,396 INFO ofi_add_1: 0.0004784407141965655 , std 0.0002264756654442104 
2023-05-13 15:26:27,396 INFO ofi_cancel_1: 0.0004447981631827773 , std 0.0002324113005533899 
2023-05-13 15:26:27,396 INFO ofi_trade_1: 0.0005547038900951054 , std 0.000484515326885012 
2023-05-13 15:26:27,396 INFO used_intercept: 0.9998264042785805 , std 0.01317442924551195 
2023-05-13 15:26:27,396 INFO used_ofi_add_1: 0.9983526874095087 , std 0.04055365522022145 
2023-05-13 15:26:27,396 INFO used_ofi_cancel_1: 0.9760530242590787 , std 0.15288400208584627 
2023-05-13 15:26:27,396 INFO used_ofi_trade_1: 0.8760692757734243 , std 0.32950250350984006 
2023-05-13 15:26:27,396 INFO Grouping by ofi type:
2023-05-13 15:26:27,396 INFO add: 0.9983526874095087
2023-05-13 15:26:27,396 INFO cancel: 0.9760530242590787
2023-05-13 15:26:27,396 INFO trade: 0.8760692757734243
2023-05-13 15:26:27,396 INFO Grouping by level:
2023-05-13 15:26:27,396 INFO 1: 2.850474987442012
2023-05-13 15:26:27,399 INFO Non empty regressions: 0.9987220400082735 --- 540796 / 541488
