2023-04-20 02:31:23,803 INFO Experiment: universal_price_impact
2023-04-20 02:31:23,809 INFO Tickers: ['AAPL', 'MSFT', 'AMZN', 'FB', 'BRK.B', 'JPM', 'GOOG', 'GOOGL', 'JNJ', 'V', 'PG', 'XOM', 'BAC', 'T', 'UNH', 'DIS', 'MA', 'INTC', 'VZ', 'HD', 'MRK', 'CVX', 'WFC', 'PFE', 'KO', 'CMCSA', 'CSCO', 'PEP', 'BA', 'C', 'WMT', 'ADBE', 'MDT', 'ABT', 'MCD', 'BMY', 'AMGN', 'CRM', 'NVDA', 'PM', 'NFLX', 'ABBV', 'ACN', 'COST', 'PYPL', 'TMO', 'AVGO', 'HON', 'UNP', 'NKE', 'UTX', 'ORCL', 'IBM', 'TXN', 'NEE', 'LIN', 'SBUX', 'LLY', 'QCOM', 'MMM', 'GE', 'CVS', 'DHR', 'LMT', 'AMT', 'MO', 'LOW', 'USB', 'BKNG', 'AXP', 'FIS', 'GILD', 'UPS', 'CAT', 'MDLZ', 'CHTR', 'TFC', 'ANTM', 'GS', 'CI', 'TJX', 'ADP', 'BDX', 'CME', 'CB', 'PNC', 'COP', 'INTU', 'ISRG', 'D', 'SPGI', 'FISV', 'DUK', 'SYK', 'SO', 'TGT', 'MS', 'BSX', 'AGN', 'RTN']
2023-04-20 03:24:23,504 INFO Negative OS: -21.961596719520195 --- ticker AAPL, MSFT, AMZN, FB, BRK.B ... --- day 2019-01-18 --- time 46800
2023-04-20 03:48:23,262 INFO in_r2: 0.7603081516483119 , std 0.048348276016020195 
2023-04-20 03:48:23,262 INFO os_r2: 0.7435440372552788 , std 0.2704456999134693 
2023-04-20 03:48:23,262 INFO intercept: 3.7953451218021196e-08 , std 2.6427255152295926e-06 
2023-04-20 03:48:23,262 INFO ofi_add_1: 9.312231848100353e-05 , std 4.4275846444319745e-05 
2023-04-20 03:48:23,262 INFO ofi_add_2: 8.607623928135087e-05 , std 3.818838013642435e-05 
2023-04-20 03:48:23,262 INFO ofi_add_3: 8.221397817226726e-05 , std 2.373508468191911e-05 
2023-04-20 03:48:23,262 INFO ofi_add_4: 7.018127804512135e-05 , std 2.025593549043438e-05 
2023-04-20 03:48:23,262 INFO ofi_add_5: 0.00010025058109178145 , std 3.570740333614901e-05 
2023-04-20 03:48:23,262 INFO ofi_cancel_1: 5.8837735814914633e-05 , std 3.5869940754252085e-05 
2023-04-20 03:48:23,262 INFO ofi_cancel_2: 8.636730062557938e-05 , std 4.4504636230805696e-05 
2023-04-20 03:48:23,262 INFO ofi_cancel_3: 9.397408325574584e-05 , std 2.5290546375024383e-05 
2023-04-20 03:48:23,262 INFO ofi_cancel_4: 7.168458850100148e-05 , std 2.1100976596802414e-05 
2023-04-20 03:48:23,262 INFO ofi_cancel_5: 0.0001038154559359938 , std 3.584255526542731e-05 
2023-04-20 03:48:23,262 INFO ofi_trade_1: -7.859198461453037e-06 , std 8.147842893939905e-05 
2023-04-20 03:48:23,262 INFO ofi_trade_2: 0.00011677147313903397 , std 4.624839287059195e-05 
2023-04-20 03:48:23,262 INFO ofi_trade_3: 0.00011066399552762375 , std 3.594486045238187e-05 
2023-04-20 03:48:23,262 INFO ofi_trade_4: 8.625455333532323e-05 , std 3.080437346428204e-05 
2023-04-20 03:48:23,262 INFO ofi_trade_5: 0.00011815954432788157 , std 4.5391786904357294e-05 
2023-04-20 03:48:23,262 INFO t_intercept: 0.0686729002284807 , std 2.36289525982822 
2023-04-20 03:48:23,262 INFO t_ofi_add_1: 21.824539088418557 , std 8.664117863297536 
2023-04-20 03:48:23,262 INFO t_ofi_add_2: 14.238342541033752 , std 5.999618525024628 
2023-04-20 03:48:23,262 INFO t_ofi_add_3: 12.553808983279682 , std 3.4326822134420483 
2023-04-20 03:48:23,262 INFO t_ofi_add_4: 10.569456518361248 , std 2.9288542095144994 
2023-04-20 03:48:23,263 INFO t_ofi_add_5: 17.69010414823558 , std 4.683390762508731 
2023-04-20 03:48:23,263 INFO t_ofi_cancel_1: 11.46653598742905 , std 6.463901340847713 
2023-04-20 03:48:23,263 INFO t_ofi_cancel_2: 14.164228702680413 , std 7.2322699485200275 
2023-04-20 03:48:23,263 INFO t_ofi_cancel_3: 13.980190632536601 , std 3.619972484804708 
2023-04-20 03:48:23,263 INFO t_ofi_cancel_4: 10.463300413453268 , std 2.9675978011402084 
2023-04-20 03:48:23,263 INFO t_ofi_cancel_5: 17.5649378612313 , std 4.609899494543128 
2023-04-20 03:48:23,263 INFO t_ofi_trade_1: -1.3890679512999027 , std 8.692276494022384 
2023-04-20 03:48:23,263 INFO t_ofi_trade_2: 12.536452967619885 , std 4.4472590350621255 
2023-04-20 03:48:23,263 INFO t_ofi_trade_3: 11.467449559664141 , std 3.5068432351442143 
2023-04-20 03:48:23,263 INFO t_ofi_trade_4: 9.105622902447053 , std 3.3141889896086036 
2023-04-20 03:48:23,263 INFO t_ofi_trade_5: 14.120142810344811 , std 4.688481608500204 
2023-04-20 03:48:23,263 INFO p_intercept: 0.27671308495520874 , std 0.30275810461658 
2023-04-20 03:48:23,263 INFO p_ofi_add_1: 0.002933706171374803 , std 0.03831145753010253 
2023-04-20 03:48:23,263 INFO p_ofi_add_2: 0.006001585461976704 , std 0.05606357484401433 
2023-04-20 03:48:23,263 INFO p_ofi_add_3: 0.0006383231535775765 , std 0.020426344289738694 
2023-04-20 03:48:23,263 INFO p_ofi_add_4: 0.0010927019513502988 , std 0.026807120836914687 
2023-04-20 03:48:23,263 INFO p_ofi_add_5: 0.0002247040953838577 , std 0.01036257290395157 
2023-04-20 03:48:23,263 INFO p_ofi_cancel_1: 0.020517453163823165 , std 0.10759413523576698 
2023-04-20 03:48:23,263 INFO p_ofi_cancel_2: 0.011627884282533724 , std 0.07735218446002773 
2023-04-20 03:48:23,263 INFO p_ofi_cancel_3: 0.00036943999850492615 , std 0.015915474756315613 
2023-04-20 03:48:23,263 INFO p_ofi_cancel_4: 0.0010520897114322549 , std 0.0210602689088909 
2023-04-20 03:48:23,263 INFO p_ofi_cancel_5: 0.00041423484613457845 , std 0.015224914694801785 
2023-04-20 03:48:23,263 INFO p_ofi_trade_1: 0.06597154207288145 , std 0.18319887252768222 
2023-04-20 03:48:23,263 INFO p_ofi_trade_2: 0.004276648115723957 , std 0.04946080425430504 
2023-04-20 03:48:23,263 INFO p_ofi_trade_3: 0.0015793369068813727 , std 0.02730614127146827 
2023-04-20 03:48:23,263 INFO p_ofi_trade_4: 0.004770692013336205 , std 0.05145944806230985 
2023-04-20 03:48:23,263 INFO p_ofi_trade_5: 0.0018717350741766878 , std 0.03236091248980658 
2023-04-20 03:48:23,266 INFO AAPL, MSFT, AMZN, FB, BRK.B ... --- INS : 0.7603081516483119 --- OOS : 0.7435440372552788
