2023-04-21 09:50:12,058 INFO Tickers: ['AMGN']
2023-04-21 09:50:27,781 INFO Negative OS: -0.6206159199661612 --- ticker AMGN --- day 2017-10-17 --- time 46800
2023-04-21 09:50:35,454 INFO Negative OS: -0.19824926743597393 --- ticker AMGN --- day 2018-03-13 --- time 36000
2023-04-21 09:50:38,069 INFO Negative OS: -0.37948816550321984 --- ticker AMGN --- day 2018-04-27 --- time 39600
2023-04-21 09:50:55,143 INFO Negative OS: -1.276435640906247 --- ticker AMGN --- day 2019-02-22 --- time 36000
2023-04-21 09:50:55,148 INFO Negative OS: -0.3288841999915919 --- ticker AMGN --- day 2019-02-22 --- time 37800
2023-04-21 09:51:12,371 INFO in_r2: 0.8368689499192518 , std 0.06975348938260806 
2023-04-21 09:51:12,371 INFO os_r2: 0.8072266613135725 , std 0.10322842795664829 
2023-04-21 09:51:12,371 INFO intercept: -1.0132057878026586e-06 , std 1.5142860748061517e-05 
2023-04-21 09:51:12,371 INFO ofi_1: 8.500000485676292e-05 , std 5.6356895441536715e-05 
2023-04-21 09:51:12,371 INFO ofi_2: 9.319069779082487e-05 , std 6.166571216762888e-05 
2023-04-21 09:51:12,371 INFO ofi_3: 8.523905972585346e-05 , std 6.422193521843145e-05 
2023-04-21 09:51:12,372 INFO ofi_4: 0.0001361275581327405 , std 7.340285059878357e-05 
2023-04-21 09:51:12,372 INFO t_intercept: -0.1791471831096308 , std 1.5333759877396824 
2023-04-21 09:51:12,372 INFO t_ofi_1: 3.252936837335049 , std 1.7833765688223278 
2023-04-21 09:51:12,372 INFO t_ofi_2: 2.6905084377710478 , std 1.5196515516006375 
2023-04-21 09:51:12,372 INFO t_ofi_3: 2.230757132084119 , std 1.441965063326856 
2023-04-21 09:51:12,372 INFO t_ofi_4: 4.245182524608848 , std 1.777594935456526 
2023-04-21 09:51:12,372 INFO p_intercept: 0.37754332094094956 , std 0.3113116536226855 
2023-04-21 09:51:12,372 INFO p_ofi_1: 0.07564166248106259 , std 0.17966651090001615 
2023-04-21 09:51:12,372 INFO p_ofi_2: 0.10293801577826302 , std 0.2034901864537335 
2023-04-21 09:51:12,372 INFO p_ofi_3: 0.15168474897201797 , std 0.2381817472226306 
2023-04-21 09:51:12,372 INFO p_ofi_4: 0.024899188133451038 , std 0.09942569555381131 
