2023-04-21 09:55:07,078 INFO Tickers: ['ANTM']
2023-04-21 09:55:27,658 INFO Negative OS: -0.01195341161067276 --- ticker ANTM --- day 2018-03-23 --- time 52200
2023-04-21 09:55:35,155 INFO Negative OS: -0.20327219073077485 --- ticker ANTM --- day 2018-09-04 --- time 48600
2023-04-21 09:55:36,961 INFO Negative OS: -5.413992541369934 --- ticker ANTM --- day 2018-10-11 --- time 36000
2023-04-21 09:55:36,979 INFO Negative OS: -0.5470046091245815 --- ticker ANTM --- day 2018-10-11 --- time 43200
2023-04-21 09:55:37,256 INFO Negative OS: -0.6134417177536549 --- ticker ANTM --- day 2018-10-17 --- time 37800
2023-04-21 09:55:37,350 INFO Negative OS: -0.04686539017426283 --- ticker ANTM --- day 2018-10-18 --- time 46800
2023-04-21 09:55:37,543 INFO Negative OS: -1.1195371238274912 --- ticker ANTM --- day 2018-10-23 --- time 37800
2023-04-21 09:55:37,647 INFO Negative OS: -3.011417861508775 --- ticker ANTM --- day 2018-10-24 --- time 52200
2023-04-21 09:55:37,722 INFO Negative OS: -0.21226761492334512 --- ticker ANTM --- day 2018-10-25 --- time 52200
2023-04-21 09:55:37,773 INFO Negative OS: -0.4145797331698622 --- ticker ANTM --- day 2018-10-26 --- time 41400
2023-04-21 09:55:38,343 INFO Negative OS: -0.06914392587948015 --- ticker ANTM --- day 2018-11-07 --- time 39600
2023-04-21 09:55:38,884 INFO Negative OS: -0.004109715912507861 --- ticker ANTM --- day 2018-11-16 --- time 48600
2023-04-21 09:55:39,267 INFO Negative OS: -0.3644444388892616 --- ticker ANTM --- day 2018-11-27 --- time 48600
2023-04-21 09:55:39,277 INFO Negative OS: -0.7942505971346376 --- ticker ANTM --- day 2018-11-27 --- time 52200
2023-04-21 09:55:39,641 INFO Negative OS: -0.15394675073486175 --- ticker ANTM --- day 2018-12-04 --- time 52200
2023-04-21 09:55:39,722 INFO Negative OS: -0.7951867536567045 --- ticker ANTM --- day 2018-12-06 --- time 52200
2023-04-21 09:55:39,777 INFO Negative OS: -1.336765257907861 --- ticker ANTM --- day 2018-12-07 --- time 41400
2023-04-21 09:55:39,796 INFO Negative OS: -0.30258221148468967 --- ticker ANTM --- day 2018-12-07 --- time 50400
2023-04-21 09:55:39,915 INFO Negative OS: -0.47478419359783497 --- ticker ANTM --- day 2018-12-11 --- time 36000
2023-04-21 09:55:39,920 INFO Negative OS: -0.09695562854257567 --- ticker ANTM --- day 2018-12-11 --- time 37800
2023-04-21 09:55:40,296 INFO Negative OS: -0.020370209671438877 --- ticker ANTM --- day 2018-12-17 --- time 52200
2023-04-21 09:55:40,377 INFO Negative OS: -0.3454970432228812 --- ticker ANTM --- day 2018-12-18 --- time 52200
2023-04-21 09:55:40,449 INFO Negative OS: -1.8620578098249236 --- ticker ANTM --- day 2018-12-19 --- time 52200
2023-04-21 09:55:40,509 INFO Negative OS: -0.6841521198929508 --- ticker ANTM --- day 2018-12-20 --- time 45000
2023-04-21 09:55:41,141 INFO Negative OS: -0.2072511627270721 --- ticker ANTM --- day 2019-01-04 --- time 52200
2023-04-21 09:55:41,201 INFO Negative OS: -1.1698746529163677 --- ticker ANTM --- day 2019-01-07 --- time 43200
2023-04-21 09:55:41,262 INFO Negative OS: -0.2687602513003726 --- ticker ANTM --- day 2019-01-08 --- time 36000
2023-04-21 09:55:41,271 INFO Negative OS: -1.0349372647043333 --- ticker ANTM --- day 2019-01-08 --- time 39600
2023-04-21 09:55:42,071 INFO Negative OS: -0.12350254281550566 --- ticker ANTM --- day 2019-01-24 --- time 36000
2023-04-21 09:55:42,953 INFO Negative OS: -0.07134579589005785 --- ticker ANTM --- day 2019-02-05 --- time 41400
2023-04-21 09:55:48,000 INFO Negative OS: -0.15521409824124865 --- ticker ANTM --- day 2019-05-07 --- time 50400
2023-04-21 09:55:51,878 INFO Negative OS: -0.2509520465467878 --- ticker ANTM --- day 2019-07-25 --- time 36000
2023-04-21 09:55:54,039 INFO Negative OS: -1.3299618367147796 --- ticker ANTM --- day 2019-09-04 --- time 36000
2023-04-21 09:55:54,112 INFO Negative OS: -0.6857355657588389 --- ticker ANTM --- day 2019-09-05 --- time 36000
2023-04-21 09:55:55,569 INFO Negative OS: -0.13269436084355513 --- ticker ANTM --- day 2019-10-03 --- time 36000
2023-04-21 09:55:57,424 INFO Negative OS: -0.06796450068294346 --- ticker ANTM --- day 2019-11-05 --- time 36000
2023-04-21 09:55:59,348 INFO in_r2: 0.6780314427320332 , std 0.16979239100332366 
2023-04-21 09:55:59,348 INFO os_r2: 0.5564805861288976 , std 0.40290760921435576 
2023-04-21 09:55:59,348 INFO intercept: 2.352112318101945e-07 , std 2.6270473790702063e-05 
2023-04-21 09:55:59,348 INFO ofi_1: 0.00020516353938357035 , std 0.00021351588707026415 
2023-04-21 09:55:59,348 INFO ofi_2: 0.0002159105893182968 , std 0.00024270060044788915 
2023-04-21 09:55:59,348 INFO ofi_3: 0.00018438925156612478 , std 0.0002586502069314993 
2023-04-21 09:55:59,349 INFO ofi_4: 0.0002701424225189802 , std 0.0002982289675164023 
2023-04-21 09:55:59,349 INFO t_intercept: 0.036211621287876895 , std 1.3690744537643404 
2023-04-21 09:55:59,349 INFO t_ofi_1: 3.477241032599137 , std 1.9164899882302961 
2023-04-21 09:55:59,349 INFO t_ofi_2: 2.6016779455797483 , std 1.767763784395006 
2023-04-21 09:55:59,349 INFO t_ofi_3: 2.089675767560288 , std 1.645015721607153 
2023-04-21 09:55:59,349 INFO t_ofi_4: 3.1955831497584586 , std 2.0586627063463205 
2023-04-21 09:55:59,349 INFO p_intercept: 0.41413172105874196 , std 0.3038391936391238 
2023-04-21 09:55:59,349 INFO p_ofi_1: 0.07336196453733348 , std 0.18827270286391157 
2023-04-21 09:55:59,349 INFO p_ofi_2: 0.12791795065433692 , std 0.23013105819485533 
2023-04-21 09:55:59,349 INFO p_ofi_3: 0.18824831395989466 , std 0.27179142604940343 
2023-04-21 09:55:59,349 INFO p_ofi_4: 0.10155363880183144 , std 0.20894733378673086 
