2023-04-21 09:54:10,040 INFO Tickers: ['BKNG']
2023-04-21 09:54:13,669 INFO Negative OS: -0.3762506465184001 --- ticker BKNG --- day 2018-05-11 --- time 36000
2023-04-21 09:54:20,284 INFO Negative OS: -0.5137688397222191 --- ticker BKNG --- day 2018-09-26 --- time 50400
2023-04-21 09:54:20,573 INFO Negative OS: -0.048733925541776024 --- ticker BKNG --- day 2018-10-02 --- time 50400
2023-04-21 09:54:20,804 INFO Negative OS: -0.08602518306468299 --- ticker BKNG --- day 2018-10-05 --- time 50400
2023-04-21 09:54:21,099 INFO Negative OS: -0.501943943491286 --- ticker BKNG --- day 2018-10-11 --- time 45000
2023-04-21 09:54:21,312 INFO Negative OS: -0.0038919459623123487 --- ticker BKNG --- day 2018-10-16 --- time 37800
2023-04-21 09:54:21,700 INFO Negative OS: -0.050185509974573606 --- ticker BKNG --- day 2018-10-23 --- time 50400
2023-04-21 09:54:21,752 INFO Negative OS: -0.3267719111876872 --- ticker BKNG --- day 2018-10-24 --- time 37800
2023-04-21 09:54:21,770 INFO Negative OS: -9.636660471323646 --- ticker BKNG --- day 2018-10-24 --- time 46800
2023-04-21 09:54:24,670 INFO Negative OS: -0.16442100314790253 --- ticker BKNG --- day 2018-12-21 --- time 41400
2023-04-21 09:54:27,848 INFO Negative OS: -0.38831939798371073 --- ticker BKNG --- day 2019-03-01 --- time 46800
2023-04-21 09:54:31,271 INFO Negative OS: -0.5757996528205325 --- ticker BKNG --- day 2019-05-10 --- time 45000
2023-04-21 09:54:31,471 INFO Negative OS: -0.09532019377809808 --- ticker BKNG --- day 2019-05-15 --- time 36000
2023-04-21 09:54:31,690 INFO Negative OS: -0.9860551964887259 --- ticker BKNG --- day 2019-05-20 --- time 39600
2023-04-21 09:54:41,821 INFO in_r2: 0.5216388684340927 , std 0.1354908191439383 
2023-04-21 09:54:41,821 INFO os_r2: 0.35995885540701617 , std 0.6481954087298875 
2023-04-21 09:54:41,821 INFO intercept: 4.180384843263761e-06 , std 2.5574200749307114e-05 
2023-04-21 09:54:41,821 INFO ofi_1: 7.320984250816757e-05 , std 0.00014986141663096312 
2023-04-21 09:54:41,822 INFO ofi_2: 0.0002300734307564729 , std 0.00020256839002267827 
2023-04-21 09:54:41,822 INFO ofi_3: 0.00019364781158254948 , std 0.00018302944323382974 
2023-04-21 09:54:41,822 INFO ofi_4: 0.00026091039688851657 , std 0.00018850597698305137 
2023-04-21 09:54:41,822 INFO t_intercept: 0.18878366032953936 , std 1.265927823366976 
2023-04-21 09:54:41,822 INFO t_ofi_1: 1.6573532725610438 , std 2.030635553171456 
2023-04-21 09:54:41,822 INFO t_ofi_2: 3.0532495890205884 , std 1.691960255764117 
2023-04-21 09:54:41,822 INFO t_ofi_3: 2.338443218005891 , std 1.5148634439948037 
2023-04-21 09:54:41,822 INFO t_ofi_4: 3.6424007213599046 , std 1.905463046276751 
2023-04-21 09:54:41,822 INFO p_intercept: 0.40649613289367925 , std 0.30192434618359965 
2023-04-21 09:54:41,822 INFO p_ofi_1: 0.22142779803014084 , std 0.2775090190779293 
2023-04-21 09:54:41,822 INFO p_ofi_2: 0.0893462543877101 , std 0.19770310907173558 
2023-04-21 09:54:41,822 INFO p_ofi_3: 0.13337407731929976 , std 0.22481087736397698 
2023-04-21 09:54:41,822 INFO p_ofi_4: 0.05908196387427005 , std 0.1376988964688676 
