2023-04-21 09:51:11,513 INFO Tickers: ['COST']
2023-04-21 09:51:45,858 INFO Negative OS: -0.030109650864012405 --- ticker COST --- day 2018-09-26 --- time 41400
2023-04-21 09:51:47,656 INFO Negative OS: -0.5709956579731783 --- ticker COST --- day 2018-10-19 --- time 39600
2023-04-21 09:51:49,341 INFO Negative OS: -0.28102558317263204 --- ticker COST --- day 2018-11-09 --- time 48600
2023-04-21 09:51:54,263 INFO Negative OS: -0.4828357182901992 --- ticker COST --- day 2019-02-01 --- time 41400
2023-04-21 09:51:57,909 INFO Negative OS: -0.1092466377224448 --- ticker COST --- day 2019-04-02 --- time 39600
2023-04-21 09:52:11,191 INFO Negative OS: -0.434574044695784 --- ticker COST --- day 2019-11-01 --- time 50400
2023-04-21 09:52:12,084 INFO Negative OS: -0.09198105805067569 --- ticker COST --- day 2019-11-19 --- time 41400
2023-04-21 09:52:13,454 INFO in_r2: 0.8111833983445195 , std 0.073802951393147 
2023-04-21 09:52:13,454 INFO os_r2: 0.7769675176360249 , std 0.10657751967943606 
2023-04-21 09:52:13,454 INFO intercept: -8.473062950777767e-09 , std 1.2274291211389221e-05 
2023-04-21 09:52:13,454 INFO ofi_1: 7.516587508202304e-05 , std 4.937929829901098e-05 
2023-04-21 09:52:13,454 INFO ofi_2: 9.215872374304601e-05 , std 5.699240671018194e-05 
2023-04-21 09:52:13,454 INFO ofi_3: 7.477630551723436e-05 , std 5.6845967890674735e-05 
2023-04-21 09:52:13,454 INFO ofi_4: 0.00011443776401767927 , std 6.411994423620667e-05 
2023-04-21 09:52:13,454 INFO t_intercept: -0.031661890575675956 , std 1.4769181097258253 
2023-04-21 09:52:13,454 INFO t_ofi_1: 3.198147432538361 , std 1.8784645881795337 
2023-04-21 09:52:13,454 INFO t_ofi_2: 2.895416030970825 , std 1.540328039622422 
2023-04-21 09:52:13,454 INFO t_ofi_3: 2.1676012589762066 , std 1.466970950712458 
2023-04-21 09:52:13,454 INFO t_ofi_4: 4.008421676703969 , std 1.7685180846771287 
2023-04-21 09:52:13,454 INFO p_intercept: 0.3856295563095722 , std 0.31011913987256834 
2023-04-21 09:52:13,454 INFO p_ofi_1: 0.08606886382985267 , std 0.19785114276213994 
2023-04-21 09:52:13,454 INFO p_ofi_2: 0.08981769429669106 , std 0.19480901685115498 
2023-04-21 09:52:13,454 INFO p_ofi_3: 0.15962675320534112 , std 0.24609819914080022 
2023-04-21 09:52:13,454 INFO p_ofi_4: 0.03280747825216826 , std 0.1143953799890591 
