2023-04-21 09:46:58,229 INFO Tickers: ['JNJ']
2023-04-21 09:47:18,743 INFO Negative OS: -2.548662786176396 --- ticker JNJ --- day 2018-01-17 --- time 45000
2023-04-21 09:47:52,611 INFO Negative OS: -0.07245183849693126 --- ticker JNJ --- day 2019-09-18 --- time 39600
2023-04-21 09:47:52,868 INFO Negative OS: -2.3566414213764286 --- ticker JNJ --- day 2019-09-23 --- time 52200
2023-04-21 09:47:55,999 INFO Negative OS: -0.3330229230413668 --- ticker JNJ --- day 2019-11-15 --- time 52200
2023-04-21 09:47:56,363 INFO Negative OS: -0.4468063366726769 --- ticker JNJ --- day 2019-11-22 --- time 45000
2023-04-21 09:47:57,496 INFO in_r2: 0.8828942825647328 , std 0.05262807807134909 
2023-04-21 09:47:57,496 INFO os_r2: 0.8631992635596811 , std 0.0905830323381291 
2023-04-21 09:47:57,496 INFO intercept: -4.7025649471441603e-07 , std 6.8451643136328265e-06 
2023-04-21 09:47:57,496 INFO ofi_1: 8.280615815139219e-05 , std 5.9878454516707974e-05 
2023-04-21 09:47:57,496 INFO ofi_2: 9.388984111605975e-05 , std 5.752784946991078e-05 
2023-04-21 09:47:57,496 INFO ofi_3: 7.583877847348645e-05 , std 5.077565413594518e-05 
2023-04-21 09:47:57,496 INFO ofi_4: 0.00013049163241627361 , std 5.483991620103021e-05 
2023-04-21 09:47:57,496 INFO t_intercept: -0.08213786549082146 , std 1.2239740843149607 
2023-04-21 09:47:57,496 INFO t_ofi_1: 2.717393591279866 , std 1.7340360016174947 
2023-04-21 09:47:57,496 INFO t_ofi_2: 2.764804274335808 , std 1.5043403552133594 
2023-04-21 09:47:57,496 INFO t_ofi_3: 2.2534508765330608 , std 1.406791606238675 
2023-04-21 09:47:57,497 INFO t_ofi_4: 4.724589356410703 , std 1.7957062955788925 
2023-04-21 09:47:57,497 INFO p_intercept: 0.4575186933456972 , std 0.303365239546426 
2023-04-21 09:47:57,497 INFO p_ofi_1: 0.11936633176461783 , std 0.22281171773106354 
2023-04-21 09:47:57,497 INFO p_ofi_2: 0.1015684834359654 , std 0.2075320966419609 
2023-04-21 09:47:57,497 INFO p_ofi_3: 0.14571197697067642 , std 0.2316342370110632 
2023-04-21 09:47:57,497 INFO p_ofi_4: 0.013190251368399089 , std 0.0674161912819985 
