2023-04-21 09:47:11,939 INFO Tickers: ['UNH']
2023-04-21 09:47:54,945 INFO Negative OS: -0.048837757310871366 --- ticker UNH --- day 2019-03-18 --- time 52200
2023-04-21 09:48:09,178 INFO Negative OS: -0.7440752803976793 --- ticker UNH --- day 2019-11-25 --- time 36000
2023-04-21 09:48:10,230 INFO in_r2: 0.856434523465776 , std 0.06181748399393479 
2023-04-21 09:48:10,230 INFO os_r2: 0.8305349827925834 , std 0.08884879793889837 
2023-04-21 09:48:10,230 INFO intercept: 3.5329846692497233e-07 , std 1.0390220088537846e-05 
2023-04-21 09:48:10,230 INFO ofi_1: 9.38357215626127e-05 , std 7.16874746066871e-05 
2023-04-21 09:48:10,231 INFO ofi_2: 0.00010984617036814984 , std 7.439060617905564e-05 
2023-04-21 09:48:10,231 INFO ofi_3: 8.075879624660363e-05 , std 6.70946945546698e-05 
2023-04-21 09:48:10,231 INFO ofi_4: 0.00013299719687872967 , std 7.379814817344026e-05 
2023-04-21 09:48:10,231 INFO t_intercept: 0.06415474923138025 , std 1.3275364669436778 
2023-04-21 09:48:10,231 INFO t_ofi_1: 2.9099071527426075 , std 1.6736275362019877 
2023-04-21 09:48:10,231 INFO t_ofi_2: 2.69275444115049 , std 1.467923394938274 
2023-04-21 09:48:10,231 INFO t_ofi_3: 1.8733637617420615 , std 1.3389239290861692 
2023-04-21 09:48:10,231 INFO t_ofi_4: 3.8999179416394005 , std 1.6798838001929848 
2023-04-21 09:48:10,231 INFO p_intercept: 0.41518885822835777 , std 0.3037002842377484 
2023-04-21 09:48:10,231 INFO p_ofi_1: 0.09821518830750245 , std 0.20570537301618105 
2023-04-21 09:48:10,231 INFO p_ofi_2: 0.10088895421710353 , std 0.20348173283519877 
2023-04-21 09:48:10,231 INFO p_ofi_3: 0.2006012255571249 , std 0.26535615929548373 
2023-04-21 09:48:10,231 INFO p_ofi_4: 0.03313227989457248 , std 0.11601702789584721 
