2023-04-21 09:51:54,710 INFO Tickers: ['UNP']
2023-04-21 09:52:16,242 INFO Negative OS: -0.06891594867406159 --- ticker UNP --- day 2018-01-25 --- time 41400
2023-04-21 09:52:16,709 INFO Negative OS: -2.9614928127723235 --- ticker UNP --- day 2018-02-02 --- time 50400
2023-04-21 09:52:36,383 INFO Negative OS: -0.1824259849295362 --- ticker UNP --- day 2019-01-24 --- time 45000
2023-04-21 09:52:46,824 INFO Negative OS: -0.2045721665260638 --- ticker UNP --- day 2019-07-31 --- time 45000
2023-04-21 09:52:49,731 INFO Negative OS: -1.4598923280094849 --- ticker UNP --- day 2019-09-13 --- time 52200
2023-04-21 09:52:54,851 INFO in_r2: 0.8590192345740009 , std 0.05752006053359057 
2023-04-21 09:52:54,851 INFO os_r2: 0.8343962683178425 , std 0.10075469938762678 
2023-04-21 09:52:54,851 INFO intercept: -7.535763806947732e-07 , std 1.0202974360095022e-05 
2023-04-21 09:52:54,851 INFO ofi_1: 0.00011961803877148035 , std 7.380327613263336e-05 
2023-04-21 09:52:54,851 INFO ofi_2: 0.000129465086118729 , std 7.787739736385703e-05 
2023-04-21 09:52:54,851 INFO ofi_3: 9.253566028864603e-05 , std 6.933228273763534e-05 
2023-04-21 09:52:54,851 INFO ofi_4: 0.00013935813330182194 , std 7.59850370605646e-05 
2023-04-21 09:52:54,851 INFO t_intercept: -0.08791053745854036 , std 1.3322372106177807 
2023-04-21 09:52:54,851 INFO t_ofi_1: 3.5950633296115746 , std 1.673850205064255 
2023-04-21 09:52:54,851 INFO t_ofi_2: 3.106550531794112 , std 1.4927395337976768 
2023-04-21 09:52:54,851 INFO t_ofi_3: 2.1511661068821053 , std 1.3486153562121466 
2023-04-21 09:52:54,851 INFO t_ofi_4: 4.019714438422461 , std 1.6341025318354598 
2023-04-21 09:52:54,851 INFO p_intercept: 0.42261813142945887 , std 0.3058536752546929 
2023-04-21 09:52:54,851 INFO p_ofi_1: 0.05092708919026079 , std 0.147163704191227 
2023-04-21 09:52:54,851 INFO p_ofi_2: 0.0644954259102142 , std 0.15469349448128525 
2023-04-21 09:52:54,851 INFO p_ofi_3: 0.15666587892522613 , std 0.2409114572748057 
2023-04-21 09:52:54,851 INFO p_ofi_4: 0.025574766220274162 , std 0.0951846810887373 
