2023-05-11 12:58:37,480 INFO Predictions loaded...
2023-05-11 12:58:37,480 INFO quarter 2017-01-01 2017-03-31
2023-05-11 12:59:33,247 INFO quarter 2017-01-01 2017-03-31 results
2023-05-11 12:59:33,248 INFO average profit --- 5.5536088713517115e-05 --- std: 6.740003591856405e-05 --- 0.5553608871351712 bps
2023-05-11 12:59:33,248 INFO sum profit --- 0.003443237500238061 --- 34.43237500238061 bps
2023-05-11 12:59:33,248 INFO annualized profit --- 0.01388402217837928 --- 138.8402217837928 bps
2023-05-11 12:59:33,248 INFO quarter 2017-04-01 2017-06-30
2023-05-11 13:00:14,099 INFO quarter 2017-04-01 2017-06-30 results
2023-05-11 13:00:14,099 INFO average profit --- 5.1992980501915696e-05 --- std: 6.403277865936232e-05 --- 0.519929805019157 bps
2023-05-11 13:00:14,099 INFO sum profit --- 0.003275557771620689 --- 32.755577716206886 bps
2023-05-11 13:00:14,099 INFO annualized profit --- 0.012998245125478924 --- 129.98245125478925 bps
2023-05-11 13:00:14,099 INFO quarter 2017-07-01 2017-09-30
2023-05-11 13:00:54,712 INFO quarter 2017-07-01 2017-09-30 results
2023-05-11 13:00:54,713 INFO average profit --- 0.0001069787802200887 --- std: 8.038054050840913e-05 --- 1.0697878022008869 bps
2023-05-11 13:00:54,713 INFO sum profit --- 0.006632684373645499 --- 66.32684373645499 bps
2023-05-11 13:00:54,713 INFO annualized profit --- 0.026744695055022173 --- 267.44695055022174 bps
2023-05-11 13:00:54,713 INFO quarter 2017-10-01 2017-12-31
2023-05-11 13:01:34,940 INFO quarter 2017-10-01 2017-12-31 results
2023-05-11 13:01:34,940 INFO average profit --- 3.806133373909312e-05 --- std: 0.00012128309649135646 --- 0.3806133373909312 bps
2023-05-11 13:01:34,941 INFO sum profit --- 0.0023598026918237734 --- 23.598026918237736 bps
2023-05-11 13:01:34,941 INFO annualized profit --- 0.009515333434773279 --- 95.1533343477328 bps
2023-05-11 13:01:34,941 INFO quarter 2018-01-01 2018-03-31
2023-05-11 13:02:15,993 INFO quarter 2018-01-01 2018-03-31 results
2023-05-11 13:02:15,994 INFO average profit --- 6.491528741403831e-05 --- std: 9.181529925097734e-05 --- 0.6491528741403831 bps
2023-05-11 13:02:15,994 INFO sum profit --- 0.003959832532256337 --- 39.59832532256337 bps
2023-05-11 13:02:15,994 INFO annualized profit --- 0.01622882185350958 --- 162.2882185350958 bps
2023-05-11 13:02:15,994 INFO quarter 2018-04-01 2018-06-30
2023-05-11 13:02:58,305 INFO quarter 2018-04-01 2018-06-30 results
2023-05-11 13:02:58,306 INFO average profit --- 7.017591621340104e-05 --- std: 6.494798624197964e-05 --- 0.7017591621340105 bps
2023-05-11 13:02:58,306 INFO sum profit --- 0.004491258637657667 --- 44.91258637657667 bps
2023-05-11 13:02:58,306 INFO annualized profit --- 0.01754397905335026 --- 175.4397905335026 bps
2023-05-11 13:02:58,306 INFO quarter 2018-07-01 2018-09-30
2023-05-11 13:03:39,272 INFO quarter 2018-07-01 2018-09-30 results
2023-05-11 13:03:39,272 INFO average profit --- 7.115015416548028e-05 --- std: 5.199053476144719e-05 --- 0.7115015416548027 bps
2023-05-11 13:03:39,272 INFO sum profit --- 0.004411309558259777 --- 44.11309558259777 bps
2023-05-11 13:03:39,272 INFO annualized profit --- 0.01778753854137007 --- 177.87538541370068 bps
2023-05-11 13:03:39,272 INFO quarter 2018-10-01 2018-12-31
2023-05-11 13:04:21,203 INFO quarter 2018-10-01 2018-12-31 results
2023-05-11 13:04:21,203 INFO average profit --- 7.345518315138011e-05 --- std: 6.546832465971937e-05 --- 0.7345518315138011 bps
2023-05-11 13:04:21,203 INFO sum profit --- 0.004480766172234187 --- 44.80766172234187 bps
2023-05-11 13:04:21,203 INFO annualized profit --- 0.018363795787845028 --- 183.63795787845027 bps
2023-05-11 13:04:21,203 INFO quarter 2019-01-01 2019-03-31
2023-05-11 13:05:01,552 INFO quarter 2019-01-01 2019-03-31 results
2023-05-11 13:05:01,552 INFO average profit --- 6.535306055288251e-05 --- std: 5.1197321629352096e-05 --- 0.6535306055288251 bps
2023-05-11 13:05:01,552 INFO sum profit --- 0.003921183633172951 --- 39.21183633172951 bps
2023-05-11 13:05:01,552 INFO annualized profit --- 0.016338265138220627 --- 163.38265138220626 bps
2023-05-11 13:05:01,552 INFO quarter 2019-04-01 2019-06-30
2023-05-11 13:05:43,986 INFO quarter 2019-04-01 2019-06-30 results
2023-05-11 13:05:43,987 INFO average profit --- 4.7610352939467026e-05 --- std: 6.668418746943547e-05 --- 0.47610352939467027 bps
2023-05-11 13:05:43,987 INFO sum profit --- 0.0029994522351864225 --- 29.994522351864227 bps
2023-05-11 13:05:43,987 INFO annualized profit --- 0.011902588234866757 --- 119.02588234866757 bps
2023-05-11 13:05:43,987 INFO quarter 2019-07-01 2019-09-30
2023-05-11 13:06:27,129 INFO quarter 2019-07-01 2019-09-30 results
2023-05-11 13:06:27,130 INFO average profit --- 6.418419981739975e-05 --- std: 5.9120112115851186e-05 --- 0.6418419981739975 bps
2023-05-11 13:06:27,130 INFO sum profit --- 0.004043604588496184 --- 40.43604588496184 bps
2023-05-11 13:06:27,130 INFO annualized profit --- 0.016046049954349936 --- 160.46049954349937 bps
2023-05-11 13:06:27,130 INFO quarter 2019-10-01 2019-12-31
2023-05-11 13:07:02,456 INFO quarter 2019-10-01 2019-12-31 results
2023-05-11 13:07:02,456 INFO average profit --- 8.220696424101865e-05 --- std: 6.844261080999759e-05 --- 0.8220696424101864 bps
2023-05-11 13:07:02,456 INFO sum profit --- 0.0042747621405329695 --- 42.747621405329696 bps
2023-05-11 13:07:02,456 INFO annualized profit --- 0.02055174106025466 --- 205.51741060254662 bps
2023-05-11 13:07:02,456 INFO overall results
2023-05-11 13:07:02,456 INFO average profit --- 6.570537664642791e-05 --- std: 7.541268051508175e-05 --- 0.657053766464279 bps
2023-05-11 13:07:02,456 INFO sum profit --- 0.04829345183512451 --- 482.9345183512451 bps
2023-05-11 13:07:02,456 INFO annualized profit --- 0.016426344161606977 --- 164.26344161606977 bps
