2023-05-13 12:21:00,233 INFO Starting...
2023-05-13 12:21:00,233 INFO Tickers: ['ABT']
2023-05-13 12:21:01,627 INFO in_r2: 0.9545322533284141 , std 0.03646389297392907 
2023-05-13 12:21:01,627 INFO os_r2: 0.9224720308245328 , std 0.20082714324137427 
2023-05-13 12:21:01,627 INFO intercept: -4.032687138357377e-08 , std 4.40506460645954e-06 
2023-05-13 12:21:01,627 INFO ofi_add_1: 5.9821923048841065e-05 , std 6.431014027577701e-05 
2023-05-13 12:21:01,627 INFO ofi_add_2: 0.0001256325283387074 , std 6.525254782309763e-05 
2023-05-13 12:21:01,627 INFO ofi_add_3: 9.06118140246013e-05 , std 5.75598788498612e-05 
2023-05-13 12:21:01,627 INFO ofi_add_4: 7.493816360369173e-05 , std 5.5405362047670966e-05 
2023-05-13 12:21:01,627 INFO ofi_add_5: 0.00010081976094696836 , std 8.679789791312112e-05 
2023-05-13 12:21:01,627 INFO ofi_add_6: 0.000213003473577757 , std 0.00011774731062518598 
2023-05-13 12:21:01,627 INFO ofi_cancel_1: 5.270839402253398e-05 , std 6.843185729851799e-05 
2023-05-13 12:21:01,627 INFO ofi_cancel_2: 0.00012099625558016972 , std 6.788281300300618e-05 
2023-05-13 12:21:01,628 INFO ofi_cancel_3: 9.010017214054144e-05 , std 5.896644688265253e-05 
2023-05-13 12:21:01,628 INFO ofi_cancel_4: 7.347618448256091e-05 , std 5.8346661963605255e-05 
2023-05-13 12:21:01,628 INFO ofi_cancel_5: 9.794043655124916e-05 , std 8.910825719880928e-05 
2023-05-13 12:21:01,628 INFO ofi_cancel_6: 0.00021406896492940546 , std 0.00012845480017877167 
2023-05-13 12:21:01,628 INFO ofi_trade_1: 6.483356669826035e-05 , std 0.00016557041814430355 
2023-05-13 12:21:01,628 INFO ofi_trade_2: 0.00014429329366732945 , std 0.00011937188380785244 
2023-05-13 12:21:01,628 INFO ofi_trade_3: 9.964166045625298e-05 , std 0.00010316826112674158 
2023-05-13 12:21:01,628 INFO ofi_trade_4: 7.746706038835352e-05 , std 0.00010363794634071849 
2023-05-13 12:21:01,628 INFO ofi_trade_5: 0.00010508552761782935 , std 0.00011456531053552316 
2023-05-13 12:21:01,628 INFO ofi_trade_6: 0.00018891046924817006 , std 0.00014145136547947683 
2023-05-13 12:21:01,628 INFO t_intercept: 0.01356847440042951 , std 1.000964049939518 
2023-05-13 12:21:01,628 INFO t_ofi_add_1: 1.9708847118462258 , std 1.864809496483733 
2023-05-13 12:21:01,628 INFO t_ofi_add_2: 3.6718038211385533 , std 1.8141503139508521 
2023-05-13 12:21:01,628 INFO t_ofi_add_3: 3.0456387124650095 , std 1.8219265332273795 
2023-05-13 12:21:01,628 INFO t_ofi_add_4: 2.7122056451152483 , std 1.800805024546802 
2023-05-13 12:21:01,628 INFO t_ofi_add_5: 3.0620313087314313 , std 2.4405067361082744 
2023-05-13 12:21:01,628 INFO t_ofi_add_6: 5.576814720919824 , std 2.7666725137418977 
2023-05-13 12:21:01,628 INFO t_ofi_cancel_1: 1.4188889368838158 , std 1.7259500998077455 
2023-05-13 12:21:01,628 INFO t_ofi_cancel_2: 3.426794264546716 , std 1.769275871379018 
2023-05-13 12:21:01,628 INFO t_ofi_cancel_3: 2.841953563646705 , std 1.7551336913740234 
2023-05-13 12:21:01,628 INFO t_ofi_cancel_4: 2.424512484154151 , std 1.6861200326362467 
2023-05-13 12:21:01,628 INFO t_ofi_cancel_5: 2.653139212200106 , std 2.1514483821764587 
2023-05-13 12:21:01,628 INFO t_ofi_cancel_6: 4.9934698356343805 , std 2.66679548462777 
2023-05-13 12:21:01,628 INFO t_ofi_trade_1: 0.7453410755755873 , std 1.7896850895240286 
2023-05-13 12:21:01,628 INFO t_ofi_trade_2: 2.2645247901336374 , std 1.883061615175004 
2023-05-13 12:21:01,628 INFO t_ofi_trade_3: 1.83997849055388 , std 2.1243033990561413 
2023-05-13 12:21:01,628 INFO t_ofi_trade_4: 1.5747617236854907 , std 2.060325871786079 
2023-05-13 12:21:01,628 INFO t_ofi_trade_5: 1.950997624006681 , std 2.044104772645075 
2023-05-13 12:21:01,628 INFO t_ofi_trade_6: 3.069382220376456 , std 2.1568604728900684 
2023-05-13 12:21:01,629 INFO Grouping by ofi type:
2023-05-13 12:21:01,629 INFO add: 20.039378920216294
2023-05-13 12:21:01,629 INFO cancel: 17.758758297065874
2023-05-13 12:21:01,629 INFO trade: 11.444985924331734
2023-05-13 12:21:01,629 INFO Grouping by level:
2023-05-13 12:21:01,629 INFO 1: 4.1351147243056285
2023-05-13 12:21:01,629 INFO 2: 9.363122875818906
2023-05-13 12:21:01,629 INFO 3: 7.727570766665595
2023-05-13 12:21:01,629 INFO 4: 6.71147985295489
2023-05-13 12:21:01,629 INFO 5: 7.666168144938218
2023-05-13 12:21:01,629 INFO 6: 13.63966677693066
2023-05-13 12:21:01,629 INFO Non empty regressions: 1.0 --- 6645 / 6645
