2023-05-13 12:20:57,573 INFO Starting...
2023-05-13 12:20:57,573 INFO Tickers: ['ADBE']
2023-05-13 12:20:58,872 INFO in_r2: 0.8679472417890461 , std 0.060269918394726 
2023-05-13 12:20:58,872 INFO os_r2: 0.790657145572234 , std 0.16123832230917992 
2023-05-13 12:20:58,872 INFO intercept: 1.1466374103073488e-06 , std 1.2614464611486809e-05 
2023-05-13 12:20:58,872 INFO ofi_add_1: 5.644577764056268e-05 , std 4.8554940332236166e-05 
2023-05-13 12:20:58,872 INFO ofi_add_2: 6.949768593270795e-05 , std 5.485810187046287e-05 
2023-05-13 12:20:58,872 INFO ofi_add_3: 6.427769048653452e-05 , std 5.875860635214787e-05 
2023-05-13 12:20:58,872 INFO ofi_add_4: 4.630783128797028e-05 , std 6.0626848764111415e-05 
2023-05-13 12:20:58,872 INFO ofi_add_5: 3.9125091631734056e-05 , std 6.213156832046521e-05 
2023-05-13 12:20:58,872 INFO ofi_add_6: 8.507161702632999e-05 , std 6.777079274203697e-05 
2023-05-13 12:20:58,872 INFO ofi_cancel_1: 7.260715089531434e-05 , std 5.8249057486629176e-05 
2023-05-13 12:20:58,872 INFO ofi_cancel_2: 7.7192247391391e-05 , std 5.7434333482896245e-05 
2023-05-13 12:20:58,872 INFO ofi_cancel_3: 6.128811603898811e-05 , std 5.9986806664212144e-05 
2023-05-13 12:20:58,872 INFO ofi_cancel_4: 4.270085071865511e-05 , std 6.222496489765103e-05 
2023-05-13 12:20:58,872 INFO ofi_cancel_5: 3.5702087049075316e-05 , std 6.41462727185989e-05 
2023-05-13 12:20:58,872 INFO ofi_cancel_6: 8.197864910037557e-05 , std 7.042900561879396e-05 
2023-05-13 12:20:58,872 INFO ofi_trade_1: 8.596584062280834e-05 , std 0.00011917149322581959 
2023-05-13 12:20:58,872 INFO ofi_trade_2: 7.2241002522447e-05 , std 0.00011719158748116305 
2023-05-13 12:20:58,872 INFO ofi_trade_3: 7.324773204785059e-05 , std 0.0001229615300282661 
2023-05-13 12:20:58,873 INFO ofi_trade_4: 5.650267579401791e-05 , std 0.00012338199737395804 
2023-05-13 12:20:58,873 INFO ofi_trade_5: 5.75452151864172e-05 , std 0.00012583478955689907 
2023-05-13 12:20:58,873 INFO ofi_trade_6: 0.00011740007632821763 , std 0.0001305591594261134 
2023-05-13 12:20:58,873 INFO t_intercept: 0.06876167142493705 , std 1.199285462550852 
2023-05-13 12:20:58,873 INFO t_ofi_add_1: 2.0143142325331054 , std 1.513564285389037 
2023-05-13 12:20:58,873 INFO t_ofi_add_2: 1.909956018810577 , std 1.3268452479988901 
2023-05-13 12:20:58,873 INFO t_ofi_add_3: 1.613487586848408 , std 1.2995650034021244 
2023-05-13 12:20:58,873 INFO t_ofi_add_4: 1.1493490932915786 , std 1.315501524063596 
2023-05-13 12:20:58,873 INFO t_ofi_add_5: 0.9983834367471089 , std 1.333503945556062 
2023-05-13 12:20:58,873 INFO t_ofi_add_6: 2.4199755470468847 , std 1.4478949624373418 
2023-05-13 12:20:58,873 INFO t_ofi_cancel_1: 2.0808039596963592 , std 1.4429372024859237 
2023-05-13 12:20:58,873 INFO t_ofi_cancel_2: 2.059484384041521 , std 1.3360109563655613 
2023-05-13 12:20:58,873 INFO t_ofi_cancel_3: 1.488215342003105 , std 1.2908968884705339 
2023-05-13 12:20:58,873 INFO t_ofi_cancel_4: 1.0187519036768 , std 1.2957537515722737 
2023-05-13 12:20:58,873 INFO t_ofi_cancel_5: 0.8651012242280351 , std 1.3125843039227536 
2023-05-13 12:20:58,873 INFO t_ofi_cancel_6: 2.1903990529331767 , std 1.4669904889867615 
2023-05-13 12:20:58,873 INFO t_ofi_trade_1: 1.2522415794352795 , std 1.5031935704517647 
2023-05-13 12:20:58,873 INFO t_ofi_trade_2: 0.9678560437736059 , std 1.3527462767734053 
2023-05-13 12:20:58,873 INFO t_ofi_trade_3: 0.9647800513066226 , std 1.3510541311583832 
2023-05-13 12:20:58,873 INFO t_ofi_trade_4: 0.7834451278020108 , std 1.3690100008817696 
2023-05-13 12:20:58,873 INFO t_ofi_trade_5: 0.8033153651462167 , std 1.375956009349858 
2023-05-13 12:20:58,873 INFO t_ofi_trade_6: 1.6712026126694466 , std 1.4417955765942745 
2023-05-13 12:20:58,873 INFO Grouping by ofi type:
2023-05-13 12:20:58,873 INFO add: 10.105465915277664
2023-05-13 12:20:58,873 INFO cancel: 9.702755866578999
2023-05-13 12:20:58,873 INFO trade: 6.442840780133182
2023-05-13 12:20:58,873 INFO Grouping by level:
2023-05-13 12:20:58,873 INFO 1: 5.347359771664744
2023-05-13 12:20:58,873 INFO 2: 4.937296446625703
2023-05-13 12:20:58,873 INFO 3: 4.066482980158136
2023-05-13 12:20:58,873 INFO 4: 2.9515461247703896
2023-05-13 12:20:58,873 INFO 5: 2.666800026121361
2023-05-13 12:20:58,874 INFO 6: 6.281577212649508
2023-05-13 12:20:58,874 INFO Non empty regressions: 1.0 --- 6332 / 6332
