2023-05-13 12:22:08,129 INFO Starting...
2023-05-13 12:22:08,129 INFO Tickers: ['COP']
2023-05-13 12:22:09,145 INFO in_r2: 0.9574463375825147 , std 0.03128244855951022 
2023-05-13 12:22:09,145 INFO os_r2: 0.9399039862464514 , std 0.05883620473701256 
2023-05-13 12:22:09,145 INFO intercept: 3.1429419333991815e-08 , std 6.96685310388253e-06 
2023-05-13 12:22:09,145 INFO ofi_add_1: 4.453908291103584e-05 , std 6.050692087987728e-05 
2023-05-13 12:22:09,145 INFO ofi_add_2: 0.00011958583036804468 , std 6.75889821957829e-05 
2023-05-13 12:22:09,145 INFO ofi_add_3: 0.00010806566311847703 , std 6.89759614392481e-05 
2023-05-13 12:22:09,145 INFO ofi_add_4: 0.00011455163348200498 , std 7.153152692334373e-05 
2023-05-13 12:22:09,145 INFO ofi_add_5: 0.00011578252843692272 , std 7.52953396183892e-05 
2023-05-13 12:22:09,145 INFO ofi_add_6: 0.00018483328242343706 , std 7.36702426155964e-05 
2023-05-13 12:22:09,145 INFO ofi_cancel_1: 4.131651963958806e-05 , std 6.578069528763214e-05 
2023-05-13 12:22:09,145 INFO ofi_cancel_2: 0.00011775635463668103 , std 7.039369097121372e-05 
2023-05-13 12:22:09,146 INFO ofi_cancel_3: 0.00010941141624419992 , std 7.190597022012354e-05 
2023-05-13 12:22:09,146 INFO ofi_cancel_4: 0.00011299394033656418 , std 7.634121875387697e-05 
2023-05-13 12:22:09,146 INFO ofi_cancel_5: 0.00011239603872339431 , std 8.111138571537535e-05 
2023-05-13 12:22:09,146 INFO ofi_cancel_6: 0.0001861184255098509 , std 8.052351551412604e-05 
2023-05-13 12:22:09,146 INFO ofi_trade_1: 7.454456898759182e-05 , std 0.00014505333596127597 
2023-05-13 12:22:09,146 INFO ofi_trade_2: 0.0001292541518150758 , std 0.00011128428106214079 
2023-05-13 12:22:09,146 INFO ofi_trade_3: 0.00011046822286306135 , std 0.00010638668664353617 
2023-05-13 12:22:09,146 INFO ofi_trade_4: 0.00011494098073554466 , std 0.00010399940492616052 
2023-05-13 12:22:09,146 INFO ofi_trade_5: 0.00011810968727463098 , std 0.00010513199269900769 
2023-05-13 12:22:09,146 INFO ofi_trade_6: 0.00018102801922700995 , std 0.00010965690263198011 
2023-05-13 12:22:09,146 INFO t_intercept: 0.05528311920065094 , std 1.0876285899287803 
2023-05-13 12:22:09,146 INFO t_ofi_add_1: 1.2856326541150296 , std 1.6398118400016535 
2023-05-13 12:22:09,146 INFO t_ofi_add_2: 2.8449227074866323 , std 1.4878286660496784 
2023-05-13 12:22:09,146 INFO t_ofi_add_3: 2.430144039650691 , std 1.4650145730775694 
2023-05-13 12:22:09,146 INFO t_ofi_add_4: 2.520312030792987 , std 1.587069352298054 
2023-05-13 12:22:09,146 INFO t_ofi_add_5: 2.491135499664951 , std 1.7009150200305685 
2023-05-13 12:22:09,146 INFO t_ofi_add_6: 4.250372672474701 , std 1.7812146277548269 
2023-05-13 12:22:09,146 INFO t_ofi_cancel_1: 0.9907898734298862 , std 1.538678482039867 
2023-05-13 12:22:09,146 INFO t_ofi_cancel_2: 2.7102819983897177 , std 1.4759928163767868 
2023-05-13 12:22:09,146 INFO t_ofi_cancel_3: 2.2613219949546894 , std 1.3804822416106302 
2023-05-13 12:22:09,146 INFO t_ofi_cancel_4: 2.273153438048176 , std 1.5046186180880419 
2023-05-13 12:22:09,146 INFO t_ofi_cancel_5: 2.2226693931407535 , std 1.6269809900749226 
2023-05-13 12:22:09,146 INFO t_ofi_cancel_6: 3.9407103855472996 , std 1.782645335840858 
2023-05-13 12:22:09,146 INFO t_ofi_trade_1: 0.8282728654661757 , std 1.5155480108463153 
2023-05-13 12:22:09,146 INFO t_ofi_trade_2: 1.8315867573108033 , std 1.4097980971394524 
2023-05-13 12:22:09,147 INFO t_ofi_trade_3: 1.6173813477678005 , std 1.4257499891470595 
2023-05-13 12:22:09,147 INFO t_ofi_trade_4: 1.7197792277719524 , std 1.4622528094194482 
2023-05-13 12:22:09,147 INFO t_ofi_trade_5: 1.762163088417084 , std 1.5159900517964306 
2023-05-13 12:22:09,147 INFO t_ofi_trade_6: 2.6728909737338538 , std 1.5515348780210594 
2023-05-13 12:22:09,147 INFO Grouping by ofi type:
2023-05-13 12:22:09,147 INFO add: 15.822519604184993
2023-05-13 12:22:09,147 INFO cancel: 14.398927083510523
2023-05-13 12:22:09,147 INFO trade: 10.432074260467669
2023-05-13 12:22:09,147 INFO Grouping by level:
2023-05-13 12:22:09,147 INFO 1: 3.1046953930110917
2023-05-13 12:22:09,147 INFO 2: 7.386791463187153
2023-05-13 12:22:09,147 INFO 3: 6.30884738237318
2023-05-13 12:22:09,148 INFO 4: 6.513244696613115
2023-05-13 12:22:09,148 INFO 5: 6.475967981222789
2023-05-13 12:22:09,148 INFO 6: 10.863974031755854
2023-05-13 12:22:09,148 INFO Non empty regressions: 1.0 --- 4821 / 4821
