2023-05-13 12:21:49,751 INFO Starting...
2023-05-13 12:21:49,752 INFO Tickers: ['GILD']
2023-05-13 12:21:51,173 INFO in_r2: 0.953333457014766 , std 0.03321483245664323 
2023-05-13 12:21:51,173 INFO os_r2: 0.9184964298744288 , std 0.23542634664594678 
2023-05-13 12:21:51,173 INFO intercept: -4.620821092266771e-07 , std 5.882845472911261e-06 
2023-05-13 12:21:51,173 INFO ofi_add_1: 4.182614077271212e-05 , std 6.804248867643686e-05 
2023-05-13 12:21:51,173 INFO ofi_add_2: 0.00010593716195218959 , std 6.684379686591227e-05 
2023-05-13 12:21:51,173 INFO ofi_add_3: 0.00011015891702855696 , std 6.710095904123406e-05 
2023-05-13 12:21:51,173 INFO ofi_add_4: 9.925321780315825e-05 , std 6.368931832933127e-05 
2023-05-13 12:21:51,173 INFO ofi_add_5: 8.415275121056377e-05 , std 6.202688047474653e-05 
2023-05-13 12:21:51,173 INFO ofi_add_6: 0.0001802386218787513 , std 7.926322266952522e-05 
2023-05-13 12:21:51,173 INFO ofi_cancel_1: 4.096255690319144e-05 , std 7.371022643372455e-05 
2023-05-13 12:21:51,173 INFO ofi_cancel_2: 9.942216691887182e-05 , std 6.92830226284589e-05 
2023-05-13 12:21:51,173 INFO ofi_cancel_3: 0.0001094020548482991 , std 7.196771994096176e-05 
2023-05-13 12:21:51,173 INFO ofi_cancel_4: 9.66488067770929e-05 , std 6.913868653469769e-05 
2023-05-13 12:21:51,173 INFO ofi_cancel_5: 8.282332268661784e-05 , std 6.685160862943056e-05 
2023-05-13 12:21:51,173 INFO ofi_cancel_6: 0.00018219629193205142 , std 8.65424434451816e-05 
2023-05-13 12:21:51,173 INFO ofi_trade_1: 4.911305994816677e-05 , std 0.00012204262475580152 
2023-05-13 12:21:51,173 INFO ofi_trade_2: 0.0001189078836384516 , std 9.414234752891657e-05 
2023-05-13 12:21:51,173 INFO ofi_trade_3: 0.00010744322724978893 , std 8.866259289883082e-05 
2023-05-13 12:21:51,173 INFO ofi_trade_4: 9.561665373005064e-05 , std 8.268632032296619e-05 
2023-05-13 12:21:51,174 INFO ofi_trade_5: 8.342887478538215e-05 , std 8.147906758391929e-05 
2023-05-13 12:21:51,174 INFO ofi_trade_6: 0.00017413755868756826 , std 9.52485490072298e-05 
2023-05-13 12:21:51,174 INFO t_intercept: -0.06148488347255908 , std 1.059122784192334 
2023-05-13 12:21:51,174 INFO t_ofi_add_1: 1.1888013918067724 , std 1.7605913826165214 
2023-05-13 12:21:51,174 INFO t_ofi_add_2: 2.683135024531552 , std 1.5783561881762382 
2023-05-13 12:21:51,174 INFO t_ofi_add_3: 2.758001153089597 , std 1.5840858927907049 
2023-05-13 12:21:51,174 INFO t_ofi_add_4: 2.5913547693724888 , std 1.5605099223444485 
2023-05-13 12:21:51,174 INFO t_ofi_add_5: 2.252523979980025 , std 1.5257817182761209 
2023-05-13 12:21:51,174 INFO t_ofi_add_6: 4.691439409971769 , std 1.9315688220922738 
2023-05-13 12:21:51,174 INFO t_ofi_cancel_1: 0.9784626006346092 , std 1.6554048452079921 
2023-05-13 12:21:51,174 INFO t_ofi_cancel_2: 2.3895987495367152 , std 1.563447956162705 
2023-05-13 12:21:51,174 INFO t_ofi_cancel_3: 2.4735109646526894 , std 1.503091896277348 
2023-05-13 12:21:51,174 INFO t_ofi_cancel_4: 2.2498437033485468 , std 1.4921121411509182 
2023-05-13 12:21:51,174 INFO t_ofi_cancel_5: 1.9455842536624741 , std 1.4478298414028796 
2023-05-13 12:21:51,174 INFO t_ofi_cancel_6: 4.138583321714878 , std 1.8838300002304451 
2023-05-13 12:21:51,174 INFO t_ofi_trade_1: 0.7714187120330143 , std 1.6545205898943154 
2023-05-13 12:21:51,174 INFO t_ofi_trade_2: 2.0655505407118158 , std 1.5196177573084833 
2023-05-13 12:21:51,174 INFO t_ofi_trade_3: 1.996589526224108 , std 1.553529953298863 
2023-05-13 12:21:51,174 INFO t_ofi_trade_4: 1.865694594580531 , std 1.5313019295639034 
2023-05-13 12:21:51,174 INFO t_ofi_trade_5: 1.7044070052162061 , std 1.559458756184757 
2023-05-13 12:21:51,174 INFO t_ofi_trade_6: 3.5333676368464983 , std 1.8614835337639422 
2023-05-13 12:21:51,175 INFO Grouping by ofi type:
2023-05-13 12:21:51,175 INFO add: 16.165255728752207
2023-05-13 12:21:51,175 INFO cancel: 14.175583593549913
2023-05-13 12:21:51,175 INFO trade: 11.937028015612174
2023-05-13 12:21:51,175 INFO Grouping by level:
2023-05-13 12:21:51,175 INFO 1: 2.938682704474396
2023-05-13 12:21:51,175 INFO 2: 7.1382843147800825
2023-05-13 12:21:51,175 INFO 3: 7.2281016439663945
2023-05-13 12:21:51,175 INFO 4: 6.706893067301567
2023-05-13 12:21:51,175 INFO 5: 5.902515238858705
2023-05-13 12:21:51,175 INFO 6: 12.363390368533146
2023-05-13 12:21:51,175 INFO Non empty regressions: 1.0 --- 7282 / 7282
