2023-05-13 12:20:24,451 INFO Starting...
2023-05-13 12:20:24,451 INFO Tickers: ['GOOGL']
2023-05-13 12:20:25,719 INFO in_r2: 0.7497296586911305 , std 0.08130483774584701 
2023-05-13 12:20:25,719 INFO os_r2: 0.5622264188715377 , std 0.45056957115448665 
2023-05-13 12:20:25,719 INFO intercept: 1.0288668336691845e-06 , std 1.2268502348162014e-05 
2023-05-13 12:20:25,719 INFO ofi_add_1: 2.1128514190259464e-05 , std 3.017230897504428e-05 
2023-05-13 12:20:25,719 INFO ofi_add_2: 3.9336315406563576e-05 , std 3.6007431018368494e-05 
2023-05-13 12:20:25,719 INFO ofi_add_3: 3.867973874769609e-05 , std 3.87473395635464e-05 
2023-05-13 12:20:25,719 INFO ofi_add_4: 3.1996859095191826e-05 , std 3.9443634606467915e-05 
2023-05-13 12:20:25,719 INFO ofi_add_5: 2.731723276313798e-05 , std 4.08037842017284e-05 
2023-05-13 12:20:25,719 INFO ofi_add_6: 6.218632169957837e-05 , std 4.748514838276046e-05 
2023-05-13 12:20:25,719 INFO ofi_cancel_1: 2.8021027104062113e-05 , std 3.7244693580970426e-05 
2023-05-13 12:20:25,719 INFO ofi_cancel_2: 4.018057591749045e-05 , std 3.7084214090148644e-05 
2023-05-13 12:20:25,719 INFO ofi_cancel_3: 3.8444474056442606e-05 , std 3.957533983467469e-05 
2023-05-13 12:20:25,719 INFO ofi_cancel_4: 3.1102727844820284e-05 , std 3.999974332691564e-05 
2023-05-13 12:20:25,719 INFO ofi_cancel_5: 2.655264843288427e-05 , std 4.1476514717191226e-05 
2023-05-13 12:20:25,719 INFO ofi_cancel_6: 6.250195883533373e-05 , std 4.772495058086419e-05 
2023-05-13 12:20:25,719 INFO ofi_trade_1: 8.622771530649867e-05 , std 8.471138329577741e-05 
2023-05-13 12:20:25,719 INFO ofi_trade_2: 3.967921940347377e-05 , std 8.624747427282311e-05 
2023-05-13 12:20:25,719 INFO ofi_trade_3: 3.630371337936649e-05 , std 9.178566697338753e-05 
2023-05-13 12:20:25,719 INFO ofi_trade_4: 3.6123381809785854e-05 , std 9.637409028962006e-05 
2023-05-13 12:20:25,719 INFO ofi_trade_5: 4.2367397890668285e-05 , std 0.00010297742680810152 
2023-05-13 12:20:25,719 INFO ofi_trade_6: 0.00010300081939319226 , std 0.00010035835872679743 
2023-05-13 12:20:25,719 INFO t_intercept: 0.07389578776686205 , std 1.1612073025206462 
2023-05-13 12:20:25,719 INFO t_ofi_add_1: 1.323819456406977 , std 1.5682985821905366 
2023-05-13 12:20:25,719 INFO t_ofi_add_2: 1.7430441484630792 , std 1.3866181078879156 
2023-05-13 12:20:25,719 INFO t_ofi_add_3: 1.5033148571199533 , std 1.3008114837147582 
2023-05-13 12:20:25,719 INFO t_ofi_add_4: 1.1906947287816347 , std 1.2988675663025444 
2023-05-13 12:20:25,719 INFO t_ofi_add_5: 1.0170075615860708 , std 1.3178757782283548 
2023-05-13 12:20:25,719 INFO t_ofi_add_6: 2.5664929896511857 , std 1.5260500243409367 
2023-05-13 12:20:25,719 INFO t_ofi_cancel_1: 1.351230385857391 , std 1.4631770691545298 
2023-05-13 12:20:25,719 INFO t_ofi_cancel_2: 1.7534184033890166 , std 1.4074254404357631 
2023-05-13 12:20:25,719 INFO t_ofi_cancel_3: 1.4730718473313458 , std 1.3231038683028569 
2023-05-13 12:20:25,719 INFO t_ofi_cancel_4: 1.1504222338646581 , std 1.3223570642434617 
2023-05-13 12:20:25,719 INFO t_ofi_cancel_5: 0.977535049387872 , std 1.3287107367239404 
2023-05-13 12:20:25,719 INFO t_ofi_cancel_6: 2.542773228857588 , std 1.52810921068727 
2023-05-13 12:20:25,719 INFO t_ofi_trade_1: 1.9528536973297417 , std 1.6357611667009329 
2023-05-13 12:20:25,719 INFO t_ofi_trade_2: 0.7508606284768307 , std 1.4778048482576185 
2023-05-13 12:20:25,719 INFO t_ofi_trade_3: 0.6682262359612952 , std 1.4337216819563692 
2023-05-13 12:20:25,719 INFO t_ofi_trade_4: 0.6219132383538123 , std 1.4364151424265417 
2023-05-13 12:20:25,719 INFO t_ofi_trade_5: 0.6895135553557159 , std 1.4554341600957033 
2023-05-13 12:20:25,720 INFO t_ofi_trade_6: 1.8231138284255797 , std 1.5231502975250626 
2023-05-13 12:20:25,720 INFO Grouping by ofi type:
2023-05-13 12:20:25,720 INFO add: 9.3443737420089
2023-05-13 12:20:25,720 INFO cancel: 9.248451148687872
2023-05-13 12:20:25,720 INFO trade: 6.5064811839029755
2023-05-13 12:20:25,720 INFO Grouping by level:
2023-05-13 12:20:25,720 INFO 1: 4.62790353959411
2023-05-13 12:20:25,720 INFO 2: 4.247323180328927
2023-05-13 12:20:25,720 INFO 3: 3.644612940412594
2023-05-13 12:20:25,720 INFO 4: 2.9630302010001053
2023-05-13 12:20:25,720 INFO 5: 2.6840561663296585
2023-05-13 12:20:25,720 INFO 6: 6.9323800469343535
2023-05-13 12:20:25,721 INFO Non empty regressions: 1.0 --- 6575 / 6575
