2023-05-13 12:21:25,958 INFO Starting...
2023-05-13 12:21:25,958 INFO Tickers: ['IBM']
2023-05-13 12:21:27,266 INFO in_r2: 0.8857028395565374 , std 0.04915471170663712 
2023-05-13 12:21:27,266 INFO os_r2: 0.7937822878546811 , std 3.2179593648292633 
2023-05-13 12:21:27,266 INFO intercept: -3.389933878743218e-08 , std 6.3439642670605135e-06 
2023-05-13 12:21:27,266 INFO ofi_add_1: 8.15748069998981e-05 , std 6.116765274770774e-05 
2023-05-13 12:21:27,266 INFO ofi_add_2: 9.254824761381419e-05 , std 5.962890518355255e-05 
2023-05-13 12:21:27,266 INFO ofi_add_3: 5.93509759678695e-05 , std 5.329282725032618e-05 
2023-05-13 12:21:27,266 INFO ofi_add_4: 4.4620673534482856e-05 , std 5.151058540062544e-05 
2023-05-13 12:21:27,266 INFO ofi_add_5: 4.164780983771086e-05 , std 4.966526296901533e-05 
2023-05-13 12:21:27,266 INFO ofi_add_6: 7.169004253306634e-05 , std 4.982333057090668e-05 
2023-05-13 12:21:27,266 INFO ofi_cancel_1: 8.729330746244542e-05 , std 6.840528937664898e-05 
2023-05-13 12:21:27,266 INFO ofi_cancel_2: 9.591111770163053e-05 , std 6.197418794974508e-05 
2023-05-13 12:21:27,266 INFO ofi_cancel_3: 5.625435373635186e-05 , std 5.53921301277409e-05 
2023-05-13 12:21:27,266 INFO ofi_cancel_4: 4.008665188666611e-05 , std 5.459334088221199e-05 
2023-05-13 12:21:27,266 INFO ofi_cancel_5: 3.6503110417980226e-05 , std 5.370955861945993e-05 
2023-05-13 12:21:27,266 INFO ofi_cancel_6: 6.74196137718542e-05 , std 5.280597632668983e-05 
2023-05-13 12:21:27,266 INFO ofi_trade_1: 7.451983886940701e-05 , std 0.00013139088544850052 
2023-05-13 12:21:27,267 INFO ofi_trade_2: 9.6663513676184e-05 , std 0.00012027049706394687 
2023-05-13 12:21:27,267 INFO ofi_trade_3: 6.302945350950088e-05 , std 0.00010526813423092224 
2023-05-13 12:21:27,267 INFO ofi_trade_4: 5.4121858085094366e-05 , std 9.858212504576144e-05 
2023-05-13 12:21:27,267 INFO ofi_trade_5: 5.552466106679343e-05 , std 9.102281759417246e-05 
2023-05-13 12:21:27,267 INFO ofi_trade_6: 8.940650888667444e-05 , std 9.523216025740029e-05 
2023-05-13 12:21:27,267 INFO t_intercept: 0.019856609981988002 , std 0.9956488309540393 
2023-05-13 12:21:27,267 INFO t_ofi_add_1: 2.1759469426496767 , std 1.452658047931493 
2023-05-13 12:21:27,267 INFO t_ofi_add_2: 2.3096580091043277 , std 1.3462857198525673 
2023-05-13 12:21:27,267 INFO t_ofi_add_3: 1.5000389985188598 , std 1.259709837596807 
2023-05-13 12:21:27,267 INFO t_ofi_add_4: 1.18311373705568 , std 1.2628586089850875 
2023-05-13 12:21:27,267 INFO t_ofi_add_5: 1.1497128129798009 , std 1.2467883622582028 
2023-05-13 12:21:27,267 INFO t_ofi_add_6: 2.3147376227845915 , std 1.4628484600135847 
2023-05-13 12:21:27,267 INFO t_ofi_cancel_1: 1.9978483230495414 , std 1.4094421348105894 
2023-05-13 12:21:27,267 INFO t_ofi_cancel_2: 2.2980724585935914 , std 1.3586946038554573 
2023-05-13 12:21:27,267 INFO t_ofi_cancel_3: 1.3457087577572475 , std 1.2488658104004307 
2023-05-13 12:21:27,267 INFO t_ofi_cancel_4: 0.9980003420676772 , std 1.2623465626195838 
2023-05-13 12:21:27,267 INFO t_ofi_cancel_5: 0.9433874691877623 , std 1.257014025993834 
2023-05-13 12:21:27,267 INFO t_ofi_cancel_6: 2.035544437947985 , std 1.484965408870212 
2023-05-13 12:21:27,267 INFO t_ofi_trade_1: 0.8915647919066423 , std 1.3824348786060252 
2023-05-13 12:21:27,267 INFO t_ofi_trade_2: 1.1822516573556978 , std 1.3198323408695385 
2023-05-13 12:21:27,267 INFO t_ofi_trade_3: 0.8646250330261867 , std 1.2854409652286094 
2023-05-13 12:21:27,267 INFO t_ofi_trade_4: 0.8165838701995816 , std 1.2860428256406822 
2023-05-13 12:21:27,267 INFO t_ofi_trade_5: 0.8942395955497712 , std 1.2513987220340672 
2023-05-13 12:21:27,267 INFO t_ofi_trade_6: 1.5528504048161944 , std 1.379174973827973 
2023-05-13 12:21:27,268 INFO Grouping by ofi type:
2023-05-13 12:21:27,268 INFO add: 10.633208123092935
2023-05-13 12:21:27,268 INFO cancel: 9.618561788603804
2023-05-13 12:21:27,268 INFO trade: 6.202115352854073
2023-05-13 12:21:27,268 INFO Grouping by level:
2023-05-13 12:21:27,268 INFO 1: 5.065360057605861
2023-05-13 12:21:27,268 INFO 2: 5.789982125053617
2023-05-13 12:21:27,268 INFO 3: 3.710372789302294
2023-05-13 12:21:27,268 INFO 4: 2.997697949322939
2023-05-13 12:21:27,268 INFO 5: 2.9873398777173343
2023-05-13 12:21:27,268 INFO 6: 5.9031324655487705
2023-05-13 12:21:27,269 INFO Non empty regressions: 1.0 --- 6021 / 6021
