2023-05-13 12:20:58,875 INFO Starting...
2023-05-13 12:20:58,876 INFO Tickers: ['MDT']
2023-05-13 12:21:00,228 INFO in_r2: 0.9159753550640393 , std 0.04611636359703703 
2023-05-13 12:21:00,229 INFO os_r2: 0.8700473569767384 , std 0.2160061183548973 
2023-05-13 12:21:00,229 INFO intercept: 1.8858068892413425e-07 , std 5.5557536029713506e-06 
2023-05-13 12:21:00,229 INFO ofi_add_1: 7.622910265191903e-05 , std 8.031234084300359e-05 
2023-05-13 12:21:00,229 INFO ofi_add_2: 0.0001089056715216308 , std 6.707292034747818e-05 
2023-05-13 12:21:00,229 INFO ofi_add_3: 8.037604419699972e-05 , std 5.9594246303300223e-05 
2023-05-13 12:21:00,229 INFO ofi_add_4: 7.65913907289151e-05 , std 6.495396582044573e-05 
2023-05-13 12:21:00,229 INFO ofi_add_5: 7.062166386756379e-05 , std 6.356621520613826e-05 
2023-05-13 12:21:00,229 INFO ofi_add_6: 0.0001138442014240803 , std 7.072576498277686e-05 
2023-05-13 12:21:00,229 INFO ofi_cancel_1: 7.054474409821376e-05 , std 8.470009365065072e-05 
2023-05-13 12:21:00,229 INFO ofi_cancel_2: 0.00011277270223784181 , std 7.159303681144725e-05 
2023-05-13 12:21:00,229 INFO ofi_cancel_3: 7.614975521539413e-05 , std 6.325827945824226e-05 
2023-05-13 12:21:00,229 INFO ofi_cancel_4: 6.894247270831984e-05 , std 6.802424073412737e-05 
2023-05-13 12:21:00,229 INFO ofi_cancel_5: 6.60599733528204e-05 , std 6.927867075812684e-05 
2023-05-13 12:21:00,229 INFO ofi_cancel_6: 0.00011212475397374666 , std 7.753955024856412e-05 
2023-05-13 12:21:00,229 INFO ofi_trade_1: 7.592213447023154e-05 , std 0.00016632524126243466 
2023-05-13 12:21:00,229 INFO ofi_trade_2: 0.00011974946665735417 , std 0.00012357740464926954 
2023-05-13 12:21:00,229 INFO ofi_trade_3: 7.973060168943573e-05 , std 0.00011155168445995465 
2023-05-13 12:21:00,229 INFO ofi_trade_4: 7.781507911835515e-05 , std 0.00010522285569298643 
2023-05-13 12:21:00,229 INFO ofi_trade_5: 7.571456357935593e-05 , std 0.00010204302168275417 
2023-05-13 12:21:00,229 INFO ofi_trade_6: 0.00011889290814925579 , std 0.00011048376392467168 
2023-05-13 12:21:00,229 INFO t_intercept: 0.07674721445574272 , std 0.9931466711014921 
2023-05-13 12:21:00,229 INFO t_ofi_add_1: 1.8560981207305676 , std 1.8341601938454286 
2023-05-13 12:21:00,229 INFO t_ofi_add_2: 2.650041066982024 , std 1.5028826296141389 
2023-05-13 12:21:00,229 INFO t_ofi_add_3: 2.0584506022095597 , std 1.4940464192394334 
2023-05-13 12:21:00,229 INFO t_ofi_add_4: 1.9315413599035216 , std 1.5639310493304097 
2023-05-13 12:21:00,230 INFO t_ofi_add_5: 1.8107436784412996 , std 1.5210136503844967 
2023-05-13 12:21:00,230 INFO t_ofi_add_6: 3.0270397421049444 , std 1.662037652835051 
2023-05-13 12:21:00,230 INFO t_ofi_cancel_1: 1.4842277950532046 , std 1.711701630059496 
2023-05-13 12:21:00,230 INFO t_ofi_cancel_2: 2.6042096462535698 , std 1.5065592773304795 
2023-05-13 12:21:00,230 INFO t_ofi_cancel_3: 1.7956168468542553 , std 1.4401344619217138 
2023-05-13 12:21:00,230 INFO t_ofi_cancel_4: 1.588952395327536 , std 1.4748968603429493 
2023-05-13 12:21:00,230 INFO t_ofi_cancel_5: 1.518052487723721 , std 1.4610003510805794 
2023-05-13 12:21:00,230 INFO t_ofi_cancel_6: 2.6320504069890243 , std 1.6321718479568044 
2023-05-13 12:21:00,230 INFO t_ofi_trade_1: 0.7997030572093257 , std 1.6187259705469492 
2023-05-13 12:21:00,230 INFO t_ofi_trade_2: 1.532200304806211 , std 1.4039955638736525 
2023-05-13 12:21:00,230 INFO t_ofi_trade_3: 1.1654503944005246 , std 1.4431508295571038 
2023-05-13 12:21:00,230 INFO t_ofi_trade_4: 1.1744931954412061 , std 1.3987613574632638 
2023-05-13 12:21:00,230 INFO t_ofi_trade_5: 1.1778365954422272 , std 1.4056854691559542 
2023-05-13 12:21:00,230 INFO t_ofi_trade_6: 1.802731414729891 , std 1.4862613776377898 
2023-05-13 12:21:00,230 INFO Grouping by ofi type:
2023-05-13 12:21:00,231 INFO add: 13.333914570371917
2023-05-13 12:21:00,231 INFO cancel: 11.623109578201309
2023-05-13 12:21:00,231 INFO trade: 7.652414962029385
2023-05-13 12:21:00,231 INFO Grouping by level:
2023-05-13 12:21:00,231 INFO 1: 4.140028972993098
2023-05-13 12:21:00,231 INFO 2: 6.786451018041805
2023-05-13 12:21:00,231 INFO 3: 5.01951784346434
2023-05-13 12:21:00,231 INFO 4: 4.694986950672264
2023-05-13 12:21:00,231 INFO 5: 4.506632761607248
2023-05-13 12:21:00,231 INFO 6: 7.461821563823859
2023-05-13 12:21:00,231 INFO Non empty regressions: 1.0 --- 6517 / 6517
