2023-05-13 12:22:20,649 INFO Starting...
2023-05-13 12:22:20,649 INFO Tickers: ['MS']
2023-05-13 12:22:22,056 INFO in_r2: 0.9855984252002181 , std 0.0110349900862266 
2023-05-13 12:22:22,056 INFO os_r2: 0.9731186090035336 , std 0.031159399835354897 
2023-05-13 12:22:22,056 INFO intercept: -2.7398679180155293e-07 , std 3.53864255397792e-06 
2023-05-13 12:22:22,056 INFO ofi_add_1: 3.0392831691319848e-05 , std 4.6648621243170884e-05 
2023-05-13 12:22:22,056 INFO ofi_add_2: 0.00015690062599678828 , std 8.405947014213983e-05 
2023-05-13 12:22:22,056 INFO ofi_add_3: 0.00012003715536872945 , std 7.409622421758591e-05 
2023-05-13 12:22:22,056 INFO ofi_add_4: 8.940773073012062e-05 , std 7.748453258901185e-05 
2023-05-13 12:22:22,056 INFO ofi_add_5: 0.00017393186022845786 , std 8.653901912336333e-05 
2023-05-13 12:22:22,056 INFO ofi_add_6: 0.0003133999472738273 , std 0.00012733940153918284 
2023-05-13 12:22:22,056 INFO ofi_cancel_1: 2.6756578781460803e-05 , std 4.784765007956324e-05 
2023-05-13 12:22:22,056 INFO ofi_cancel_2: 0.00013945242958232477 , std 8.125562310617258e-05 
2023-05-13 12:22:22,056 INFO ofi_cancel_3: 0.00011255249607078477 , std 7.541537615587958e-05 
2023-05-13 12:22:22,056 INFO ofi_cancel_4: 9.237916804949533e-05 , std 7.988848258101414e-05 
2023-05-13 12:22:22,056 INFO ofi_cancel_5: 0.00017064675742287406 , std 9.316199993013323e-05 
2023-05-13 12:22:22,056 INFO ofi_cancel_6: 0.0003307558937452303 , std 0.00014159048701485347 
2023-05-13 12:22:22,056 INFO ofi_trade_1: 4.8772052202387514e-05 , std 0.00011707734542395449 
2023-05-13 12:22:22,056 INFO ofi_trade_2: 0.00017240274932498958 , std 0.00011490566274508109 
2023-05-13 12:22:22,056 INFO ofi_trade_3: 0.00012782214326499276 , std 0.00010758991295405893 
2023-05-13 12:22:22,056 INFO ofi_trade_4: 9.978105895836218e-05 , std 9.903199323768526e-05 
2023-05-13 12:22:22,056 INFO ofi_trade_5: 0.00017262096554462392 , std 0.00011268159259788766 
2023-05-13 12:22:22,056 INFO ofi_trade_6: 0.0002682133754970976 , std 0.0001524865975812548 
2023-05-13 12:22:22,056 INFO t_intercept: -0.1134909614772196 , std 1.0466210548582224 
2023-05-13 12:22:22,056 INFO t_ofi_add_1: 1.3781560876048597 , std 2.047216650514416 
2023-05-13 12:22:22,056 INFO t_ofi_add_2: 4.5588322575210585 , std 2.067815646246415 
2023-05-13 12:22:22,056 INFO t_ofi_add_3: 3.7915807244705046 , std 2.0500341178077623 
2023-05-13 12:22:22,057 INFO t_ofi_add_4: 3.019903374733193 , std 2.088088269954886 
2023-05-13 12:22:22,057 INFO t_ofi_add_5: 4.643047079985309 , std 2.468787189476027 
2023-05-13 12:22:22,057 INFO t_ofi_add_6: 7.486719247852154 , std 3.1635669816688186 
2023-05-13 12:22:22,057 INFO t_ofi_cancel_1: 1.0230395810457682 , std 1.851249724979218 
2023-05-13 12:22:22,057 INFO t_ofi_cancel_2: 3.978497427587442 , std 1.9563312356278377 
2023-05-13 12:22:22,057 INFO t_ofi_cancel_3: 3.299169762588152 , std 1.8823641611619548 
2023-05-13 12:22:22,057 INFO t_ofi_cancel_4: 2.778392556442602 , std 1.9170617171800832 
2023-05-13 12:22:22,057 INFO t_ofi_cancel_5: 3.9825195702745413 , std 2.1645066432057907 
2023-05-13 12:22:22,057 INFO t_ofi_cancel_6: 6.944386633959704 , std 3.1993121257056476 
2023-05-13 12:22:22,057 INFO t_ofi_trade_1: 0.8146604664200576 , std 1.705885206433839 
2023-05-13 12:22:22,057 INFO t_ofi_trade_2: 3.1595976864667814 , std 1.905822032008967 
2023-05-13 12:22:22,057 INFO t_ofi_trade_3: 2.571678914221806 , std 2.0421995407758815 
2023-05-13 12:22:22,057 INFO t_ofi_trade_4: 2.254155256435142 , std 1.993245011739724 
2023-05-13 12:22:22,057 INFO t_ofi_trade_5: 3.314542314378646 , std 2.12605640212894 
2023-05-13 12:22:22,057 INFO t_ofi_trade_6: 4.668725995258381 , std 2.5355468170798776 
2023-05-13 12:22:22,057 INFO Grouping by ofi type:
2023-05-13 12:22:22,057 INFO add: 24.87823877216708
2023-05-13 12:22:22,057 INFO cancel: 22.00600553189821
2023-05-13 12:22:22,057 INFO trade: 16.783360633180813
2023-05-13 12:22:22,057 INFO Grouping by level:
2023-05-13 12:22:22,058 INFO 1: 3.2158561350706854
2023-05-13 12:22:22,058 INFO 2: 11.696927371575281
2023-05-13 12:22:22,058 INFO 3: 9.662429401280463
2023-05-13 12:22:22,058 INFO 4: 8.052451187610938
2023-05-13 12:22:22,058 INFO 5: 11.940108964638497
2023-05-13 12:22:22,058 INFO 6: 19.099831877070237
2023-05-13 12:22:22,058 INFO Non empty regressions: 1.0 --- 7319 / 7319
