2023-05-13 12:21:24,470 INFO Starting...
2023-05-13 12:21:24,470 INFO Tickers: ['ORCL']
2023-05-13 12:21:25,952 INFO in_r2: 0.983867065825241 , std 0.018297511558632674 
2023-05-13 12:21:25,952 INFO os_r2: 0.7414678093916558 , std 8.454957067213831 
2023-05-13 12:21:25,952 INFO intercept: 3.0490495936164397e-07 , std 2.959196673050176e-06 
2023-05-13 12:21:25,952 INFO ofi_add_1: 3.27216515869326e-05 , std 5.134879294360878e-05 
2023-05-13 12:21:25,952 INFO ofi_add_2: 0.00014514945272125498 , std 0.00010069973094722857 
2023-05-13 12:21:25,952 INFO ofi_add_3: 0.00010722630555572516 , std 8.902609594380247e-05 
2023-05-13 12:21:25,952 INFO ofi_add_4: 7.150385758365189e-05 , std 7.164377705437959e-05 
2023-05-13 12:21:25,952 INFO ofi_add_5: 0.0001747131289711645 , std 0.00010342217648908874 
2023-05-13 12:21:25,952 INFO ofi_add_6: 0.00031447281752098444 , std 0.00014644625957758084 
2023-05-13 12:21:25,952 INFO ofi_cancel_1: 2.5699255381822537e-05 , std 5.2711450304566764e-05 
2023-05-13 12:21:25,952 INFO ofi_cancel_2: 0.00011738112657741362 , std 9.26428455920508e-05 
2023-05-13 12:21:25,952 INFO ofi_cancel_3: 9.961324090318241e-05 , std 8.655172932497271e-05 
2023-05-13 12:21:25,952 INFO ofi_cancel_4: 7.412091303910605e-05 , std 7.427101200732281e-05 
2023-05-13 12:21:25,953 INFO ofi_cancel_5: 0.00015967831471346363 , std 0.00011395193715563313 
2023-05-13 12:21:25,953 INFO ofi_cancel_6: 0.0003400925701626529 , std 0.00017134689844946753 
2023-05-13 12:21:25,953 INFO ofi_trade_1: 3.918422944379702e-05 , std 0.0001421425856535154 
2023-05-13 12:21:25,953 INFO ofi_trade_2: 0.0001600946005909462 , std 0.00014327980253338307 
2023-05-13 12:21:25,953 INFO ofi_trade_3: 0.00011743650614744888 , std 0.00013538901935063202 
2023-05-13 12:21:25,953 INFO ofi_trade_4: 8.536840683765306e-05 , std 0.00014994784444437688 
2023-05-13 12:21:25,953 INFO ofi_trade_5: 0.00016864925261369067 , std 0.00019745916699066986 
2023-05-13 12:21:25,953 INFO ofi_trade_6: 0.00026971042460322914 , std 0.0002330807577596107 
2023-05-13 12:21:25,953 INFO t_intercept: 0.10333556232347385 , std 1.1413829674970115 
2023-05-13 12:21:25,953 INFO t_ofi_add_1: 1.94355358175018 , std 2.344909261281912 
2023-05-13 12:21:25,953 INFO t_ofi_add_2: 5.435489769218053 , std 2.5861172767194964 
2023-05-13 12:21:25,953 INFO t_ofi_add_3: 4.3413589352329645 , std 2.5384773218386223 
2023-05-13 12:21:25,953 INFO t_ofi_add_4: 3.2186587854554465 , std 2.4656847864173455 
2023-05-13 12:21:25,953 INFO t_ofi_add_5: 5.705666111875029 , std 2.9644928012214264 
2023-05-13 12:21:25,953 INFO t_ofi_add_6: 8.177354043952887 , std 3.5093532696500844 
2023-05-13 12:21:25,953 INFO t_ofi_cancel_1: 1.3061191284790332 , std 2.1231513444186776 
2023-05-13 12:21:25,953 INFO t_ofi_cancel_2: 4.209758315466287 , std 2.3924673078283676 
2023-05-13 12:21:25,953 INFO t_ofi_cancel_3: 3.6503723291805388 , std 2.112781426733887 
2023-05-13 12:21:25,953 INFO t_ofi_cancel_4: 2.813494822707529 , std 2.087359164989649 
2023-05-13 12:21:25,953 INFO t_ofi_cancel_5: 4.247534415457165 , std 2.4767127441196317 
2023-05-13 12:21:25,953 INFO t_ofi_cancel_6: 7.236069447286589 , std 3.4792688624753176 
2023-05-13 12:21:25,953 INFO t_ofi_trade_1: 0.8356099201383425 , std 2.1816868528953104 
2023-05-13 12:21:25,953 INFO t_ofi_trade_2: 24761810270.644493 , std 2111255215125.644 
2023-05-13 12:21:25,953 INFO t_ofi_trade_3: -20942622249.5693 , std 1779793372714.7986 
2023-05-13 12:21:25,953 INFO t_ofi_trade_4: 7607369672.233606 , std 645129036945.4913 
2023-05-13 12:21:25,953 INFO t_ofi_trade_5: -16461570990.197937 , std 1404557809419.42 
2023-05-13 12:21:25,953 INFO t_ofi_trade_6: 29946509047.881042 , std 2551468973855.418 
2023-05-13 12:21:25,954 INFO Grouping by ofi type:
2023-05-13 12:21:25,954 INFO add: 28.82208122748456
2023-05-13 12:21:25,954 INFO cancel: 23.46334845857714
2023-05-13 12:21:25,954 INFO trade: 24911495751.827515
2023-05-13 12:21:25,954 INFO Grouping by level:
2023-05-13 12:21:25,954 INFO 1: 4.085282630367556
2023-05-13 12:21:25,954 INFO 2: 24761810280.28974
2023-05-13 12:21:25,954 INFO 3: -20942622241.57757
2023-05-13 12:21:25,954 INFO 4: 7607369678.26576
2023-05-13 12:21:25,954 INFO 5: -16461570980.244736
2023-05-13 12:21:25,954 INFO 6: 29946509063.294464
2023-05-13 12:21:25,955 INFO Non empty regressions: 1.0 --- 7246 / 7246
