2023-05-13 12:20:51,799 INFO Starting...
2023-05-13 12:20:51,799 INFO Tickers: ['PEP']
2023-05-13 12:20:53,133 INFO in_r2: 0.91483007861197 , std 0.044767251034538075 
2023-05-13 12:20:53,134 INFO os_r2: 0.8730540138248502 , std 0.10867652548027876 
2023-05-13 12:20:53,134 INFO intercept: -2.7026662957483813e-08 , std 4.376568566312729e-06 
2023-05-13 12:20:53,134 INFO ofi_add_1: 5.565847937918318e-05 , std 5.355243039759254e-05 
2023-05-13 12:20:53,134 INFO ofi_add_2: 8.14590604876909e-05 , std 5.412048239366145e-05 
2023-05-13 12:20:53,134 INFO ofi_add_3: 6.392322785856278e-05 , std 5.2237110550679276e-05 
2023-05-13 12:20:53,134 INFO ofi_add_4: 5.792471431799556e-05 , std 4.9184698562161427e-05 
2023-05-13 12:20:53,134 INFO ofi_add_5: 4.9329325782556275e-05 , std 4.6129129591946445e-05 
2023-05-13 12:20:53,134 INFO ofi_add_6: 7.731350907256127e-05 , std 4.8705768181888816e-05 
2023-05-13 12:20:53,134 INFO ofi_cancel_1: 5.654157607091261e-05 , std 5.802692292971881e-05 
2023-05-13 12:20:53,134 INFO ofi_cancel_2: 8.384137635909303e-05 , std 5.66337750575208e-05 
2023-05-13 12:20:53,134 INFO ofi_cancel_3: 6.184114929670569e-05 , std 5.528484392908879e-05 
2023-05-13 12:20:53,134 INFO ofi_cancel_4: 5.6493210904930445e-05 , std 5.2612748588748055e-05 
2023-05-13 12:20:53,134 INFO ofi_cancel_5: 4.584868503255416e-05 , std 4.949835035827626e-05 
2023-05-13 12:20:53,134 INFO ofi_cancel_6: 7.620922278288281e-05 , std 5.234340806092995e-05 
2023-05-13 12:20:53,134 INFO ofi_trade_1: 6.868512023609488e-05 , std 0.00011369676715814776 
2023-05-13 12:20:53,134 INFO ofi_trade_2: 8.457735275904242e-05 , std 9.426873997915148e-05 
2023-05-13 12:20:53,134 INFO ofi_trade_3: 6.786501566817279e-05 , std 8.664640651033423e-05 
2023-05-13 12:20:53,134 INFO ofi_trade_4: 6.325737000864653e-05 , std 7.944257163973273e-05 
2023-05-13 12:20:53,134 INFO ofi_trade_5: 5.622105808814244e-05 , std 7.472160971036556e-05 
2023-05-13 12:20:53,134 INFO ofi_trade_6: 8.23066169462935e-05 , std 7.319968942660736e-05 
2023-05-13 12:20:53,134 INFO t_intercept: 0.004050899479921901 , std 1.0235160955283682 
2023-05-13 12:20:53,134 INFO t_ofi_add_1: 1.7556672095306103 , std 1.5545766919352266 
2023-05-13 12:20:53,134 INFO t_ofi_add_2: 2.246742731785489 , std 1.428772183232668 
2023-05-13 12:20:53,134 INFO t_ofi_add_3: 1.7632986430983404 , std 1.4093176547797344 
2023-05-13 12:20:53,134 INFO t_ofi_add_4: 1.6623758192175802 , std 1.372688664504134 
2023-05-13 12:20:53,134 INFO t_ofi_add_5: 1.5171343672568356 , std 1.3498090265830756 
2023-05-13 12:20:53,134 INFO t_ofi_add_6: 2.708473748396908 , std 1.5481029732213625 
2023-05-13 12:20:53,134 INFO t_ofi_cancel_1: 1.5084795055646028 , std 1.4488766530078137 
2023-05-13 12:20:53,134 INFO t_ofi_cancel_2: 2.198332600471629 , std 1.4241887141118899 
2023-05-13 12:20:53,134 INFO t_ofi_cancel_3: 1.5980208253343935 , std 1.3978312189191242 
2023-05-13 12:20:53,134 INFO t_ofi_cancel_4: 1.5028267465734158 , std 1.3528327454407492 
2023-05-13 12:20:53,134 INFO t_ofi_cancel_5: 1.2839957362756633 , std 1.3144619742277657 
2023-05-13 12:20:53,134 INFO t_ofi_cancel_6: 2.42137592484198 , std 1.5313179694146561 
2023-05-13 12:20:53,134 INFO t_ofi_trade_1: 0.9489759646440679 , std 1.4242553040685466 
2023-05-13 12:20:53,134 INFO t_ofi_trade_2: 1.340069900848606 , std 1.3717466173063555 
2023-05-13 12:20:53,134 INFO t_ofi_trade_3: 1.169610564708238 , std 1.3777306131151756 
2023-05-13 12:20:53,134 INFO t_ofi_trade_4: 1.1523054167117535 , std 1.341235223212554 
2023-05-13 12:20:53,134 INFO t_ofi_trade_5: 1.1052024123145023 , std 1.3193685655894276 
2023-05-13 12:20:53,134 INFO t_ofi_trade_6: 1.783071801660413 , std 1.4511915370356696 
2023-05-13 12:20:53,135 INFO Grouping by ofi type:
2023-05-13 12:20:53,135 INFO add: 11.653692519285764
2023-05-13 12:20:53,135 INFO cancel: 10.513031339061685
2023-05-13 12:20:53,135 INFO trade: 7.49923606088758
2023-05-13 12:20:53,135 INFO Grouping by level:
2023-05-13 12:20:53,135 INFO 1: 4.213122679739281
2023-05-13 12:20:53,135 INFO 2: 5.785145233105724
2023-05-13 12:20:53,135 INFO 3: 4.530930033140972
2023-05-13 12:20:53,135 INFO 4: 4.317507982502749
2023-05-13 12:20:53,135 INFO 5: 3.906332515847001
2023-05-13 12:20:53,135 INFO 6: 6.912921474899302
2023-05-13 12:20:53,136 INFO Non empty regressions: 1.0 --- 6575 / 6575
