2023-05-13 12:21:30,343 INFO Starting...
2023-05-13 12:21:30,343 INFO Tickers: ['SBUX']
2023-05-13 12:21:31,801 INFO in_r2: 0.9726948697775554 , std 0.018806540245314984 
2023-05-13 12:21:31,801 INFO os_r2: -0.42873092295735643 , std 116.79113552762782 
2023-05-13 12:21:31,801 INFO intercept: 3.0578527243334014e-07 , std 3.109918873326334e-06 
2023-05-13 12:21:31,802 INFO ofi_add_1: 2.9900312445344816e-05 , std 5.1169788138998154e-05 
2023-05-13 12:21:31,802 INFO ofi_add_2: 0.00012600807004273926 , std 7.572458194098452e-05 
2023-05-13 12:21:31,802 INFO ofi_add_3: 0.00011190778106487867 , std 6.944353343203034e-05 
2023-05-13 12:21:31,802 INFO ofi_add_4: 9.068396506150055e-05 , std 6.372820909867616e-05 
2023-05-13 12:21:31,802 INFO ofi_add_5: 0.00012755175029838015 , std 8.534837082999952e-05 
2023-05-13 12:21:31,802 INFO ofi_add_6: 0.00022005122786950899 , std 0.0001138645910057123 
2023-05-13 12:21:31,802 INFO ofi_cancel_1: 1.9174894690185426e-05 , std 5.359113347494593e-05 
2023-05-13 12:21:31,802 INFO ofi_cancel_2: 0.00010453987875785791 , std 7.478756877539342e-05 
2023-05-13 12:21:31,802 INFO ofi_cancel_3: 0.00010483319821618929 , std 7.291550013794015e-05 
2023-05-13 12:21:31,802 INFO ofi_cancel_4: 9.10638541138506e-05 , std 6.923076038911407e-05 
2023-05-13 12:21:31,802 INFO ofi_cancel_5: 0.0001200368973744476 , std 8.744329144261066e-05 
2023-05-13 12:21:31,802 INFO ofi_cancel_6: 0.00023604000089202235 , std 0.0001311038262309291 
2023-05-13 12:21:31,802 INFO ofi_trade_1: 1.4895861791668049e-05 , std 0.00011481353716917999 
2023-05-13 12:21:31,802 INFO ofi_trade_2: 0.0001495780462275265 , std 0.0005536099159214853 
2023-05-13 12:21:31,802 INFO ofi_trade_3: 0.00011499393332410008 , std 0.0001017473783584385 
2023-05-13 12:21:31,802 INFO ofi_trade_4: 8.607433405988058e-05 , std 0.0007720538588501741 
2023-05-13 12:21:31,802 INFO ofi_trade_5: 0.00012741412700882857 , std 0.00034690929647614144 
2023-05-13 12:21:31,802 INFO ofi_trade_6: 0.00020420118567177523 , std 0.0004189171081732222 
2023-05-13 12:21:31,802 INFO t_intercept: 0.10044661216012052 , std 1.069975787292851 
2023-05-13 12:21:31,802 INFO t_ofi_add_1: 1.1994938393882963 , std 1.8969684957749267 
2023-05-13 12:21:31,802 INFO t_ofi_add_2: 3.75979526152075 , std 2.358164756374653 
2023-05-13 12:21:31,802 INFO t_ofi_add_3: 3.480517931622113 , std 2.3353964930028965 
2023-05-13 12:21:31,802 INFO t_ofi_add_4: 3.063106207499059 , std 2.0467407594746048 
2023-05-13 12:21:31,802 INFO t_ofi_add_5: 3.890188211829674 , std 2.7059697030222503 
2023-05-13 12:21:31,802 INFO t_ofi_add_6: 6.108705412405518 , std 2.844214406861018 
2023-05-13 12:21:31,802 INFO t_ofi_cancel_1: 0.6532490725793212 , std 1.7376238324466033 
2023-05-13 12:21:31,802 INFO t_ofi_cancel_2: 2.8951654883994657 , std 2.041406095919117 
2023-05-13 12:21:31,802 INFO t_ofi_cancel_3: 2.84998302708599 , std 1.9467660771269097 
2023-05-13 12:21:31,802 INFO t_ofi_cancel_4: 2.6007845894109596 , std 1.719972624192703 
2023-05-13 12:21:31,802 INFO t_ofi_cancel_5: 3.0135015227244395 , std 2.090914916737262 
2023-05-13 12:21:31,803 INFO t_ofi_cancel_6: 5.1914455448008745 , std 2.51609009878514 
2023-05-13 12:21:31,803 INFO t_ofi_trade_1: 0.31352599074596205 , std 1.876744148330639 
2023-05-13 12:21:31,803 INFO t_ofi_trade_2: -13743624446.317188 , std 1176585901715.104 
2023-05-13 12:21:31,803 INFO t_ofi_trade_3: 36514381000.546135 , std 3125980781144.9165 
2023-05-13 12:21:31,803 INFO t_ofi_trade_4: -30349295879.69358 , std 2598190440479.1226 
2023-05-13 12:21:31,803 INFO t_ofi_trade_5: 42729189591.21948 , std 3658027927527.738 
2023-05-13 12:21:31,803 INFO t_ofi_trade_6: 35817232008.67137 , std 3066298149362.1357 
2023-05-13 12:21:31,803 INFO Grouping by ofi type:
2023-05-13 12:21:31,803 INFO add: 21.50180686426541
2023-05-13 12:21:31,803 INFO cancel: 17.20412924500105
2023-05-13 12:21:31,803 INFO trade: 70967882274.73975
2023-05-13 12:21:31,803 INFO Grouping by level:
2023-05-13 12:21:31,803 INFO 1: 2.1662689027135795
2023-05-13 12:21:31,803 INFO 2: -13743624439.662228
2023-05-13 12:21:31,803 INFO 3: 36514381006.87663
2023-05-13 12:21:31,803 INFO 4: -30349295874.02969
2023-05-13 12:21:31,803 INFO 5: 42729189598.12317
2023-05-13 12:21:31,803 INFO 6: 35817232019.97152
2023-05-13 12:21:31,804 INFO Non empty regressions: 1.0 --- 7330 / 7330
