2023-05-13 12:22:19,325 INFO Starting...
2023-05-13 12:22:19,325 INFO Tickers: ['TGT']
2023-05-13 12:22:20,644 INFO in_r2: 0.9224956453504013 , std 0.057571053342356654 
2023-05-13 12:22:20,645 INFO os_r2: 0.8823614309615732 , std 0.11924165000224013 
2023-05-13 12:22:20,645 INFO intercept: 1.8813707021540056e-07 , std 7.035543099483996e-06 
2023-05-13 12:22:20,645 INFO ofi_add_1: 9.385819311272179e-05 , std 7.548873454640338e-05 
2023-05-13 12:22:20,645 INFO ofi_add_2: 0.00013501408832229477 , std 7.051602125535861e-05 
2023-05-13 12:22:20,645 INFO ofi_add_3: 9.498719209441571e-05 , std 6.380178049140737e-05 
2023-05-13 12:22:20,645 INFO ofi_add_4: 8.017562360949645e-05 , std 6.590025843704993e-05 
2023-05-13 12:22:20,645 INFO ofi_add_5: 8.102694695955848e-05 , std 7.47526245388158e-05 
2023-05-13 12:22:20,645 INFO ofi_add_6: 0.00016224174723864537 , std 9.391069871459558e-05 
2023-05-13 12:22:20,645 INFO ofi_cancel_1: 8.950814418712868e-05 , std 8.474775843527766e-05 
2023-05-13 12:22:20,645 INFO ofi_cancel_2: 0.000133168252195811 , std 7.277065055569956e-05 
2023-05-13 12:22:20,645 INFO ofi_cancel_3: 9.112976447995054e-05 , std 6.704525963920058e-05 
2023-05-13 12:22:20,645 INFO ofi_cancel_4: 7.665017406015502e-05 , std 7.032471479866867e-05 
2023-05-13 12:22:20,645 INFO ofi_cancel_5: 7.624442041447767e-05 , std 7.857730705553306e-05 
2023-05-13 12:22:20,645 INFO ofi_cancel_6: 0.00016063295613098967 , std 0.00010325157497387556 
2023-05-13 12:22:20,645 INFO ofi_trade_1: 9.955021607078975e-05 , std 0.00015396475646868883 
2023-05-13 12:22:20,645 INFO ofi_trade_2: 0.0001366386952276917 , std 0.00011904191420367274 
2023-05-13 12:22:20,645 INFO ofi_trade_3: 9.429237775962371e-05 , std 0.00010598945986759876 
2023-05-13 12:22:20,645 INFO ofi_trade_4: 8.276351274984183e-05 , std 0.0001007453401324718 
2023-05-13 12:22:20,645 INFO ofi_trade_5: 8.952343501484018e-05 , std 0.0001016805559742126 
2023-05-13 12:22:20,645 INFO ofi_trade_6: 0.00017395332499899817 , std 0.00011890531183906342 
2023-05-13 12:22:20,645 INFO t_intercept: 0.03448732031390847 , std 1.0187194567444957 
2023-05-13 12:22:20,645 INFO t_ofi_add_1: 2.4291839808856457 , std 1.7185658253859484 
2023-05-13 12:22:20,645 INFO t_ofi_add_2: 3.235181821975347 , std 1.5966824769788284 
2023-05-13 12:22:20,645 INFO t_ofi_add_3: 2.517938599221244 , std 1.636540600654377 
2023-05-13 12:22:20,645 INFO t_ofi_add_4: 2.3023656824692957 , std 1.734939431937623 
2023-05-13 12:22:20,645 INFO t_ofi_add_5: 2.2551436693871993 , std 1.9759045232630668 
2023-05-13 12:22:20,645 INFO t_ofi_add_6: 4.536834990005449 , std 2.4658540906212334 
2023-05-13 12:22:20,645 INFO t_ofi_cancel_1: 1.8858956574585242 , std 1.6454926071713163 
2023-05-13 12:22:20,646 INFO t_ofi_cancel_2: 3.065476054099561 , std 1.5542880667598034 
2023-05-13 12:22:20,646 INFO t_ofi_cancel_3: 2.226264052443788 , std 1.5469892861256125 
2023-05-13 12:22:20,646 INFO t_ofi_cancel_4: 1.9632210679121518 , std 1.5935600040791986 
2023-05-13 12:22:20,646 INFO t_ofi_cancel_5: 1.8815948550279966 , std 1.772584313129976 
2023-05-13 12:22:20,646 INFO t_ofi_cancel_6: 3.9543670979914056 , std 2.3544207650371236 
2023-05-13 12:22:20,646 INFO t_ofi_trade_1: 1.0848925230308093 , std 1.6048156774101834 
2023-05-13 12:22:20,646 INFO t_ofi_trade_2: 1.9107809942802905 , std 1.5625879316887483 
2023-05-13 12:22:20,646 INFO t_ofi_trade_3: 1.4957796973168265 , std 1.5976113882955554 
2023-05-13 12:22:20,646 INFO t_ofi_trade_4: 1.4501494737449563 , std 1.6136083267509918 
2023-05-13 12:22:20,646 INFO t_ofi_trade_5: 1.5839617727927013 , std 1.6930560219687116 
2023-05-13 12:22:20,646 INFO t_ofi_trade_6: 3.009510646736712 , std 1.927285423632707 
2023-05-13 12:22:20,647 INFO Grouping by ofi type:
2023-05-13 12:22:20,647 INFO add: 17.276648743944182
2023-05-13 12:22:20,647 INFO cancel: 14.976818784933428
2023-05-13 12:22:20,647 INFO trade: 10.535075107902294
2023-05-13 12:22:20,647 INFO Grouping by level:
2023-05-13 12:22:20,647 INFO 1: 5.399972161374979
2023-05-13 12:22:20,647 INFO 2: 8.211438870355199
2023-05-13 12:22:20,647 INFO 3: 6.239982348981859
2023-05-13 12:22:20,647 INFO 4: 5.715736224126404
2023-05-13 12:22:20,647 INFO 5: 5.720700297207897
2023-05-13 12:22:20,647 INFO 6: 11.500712734733565
2023-05-13 12:22:20,647 INFO Non empty regressions: 1.0 --- 6926 / 6926
