2023-05-13 12:22:00,280 INFO Starting...
2023-05-13 12:22:00,280 INFO Tickers: ['TJX']
2023-05-13 12:22:01,574 INFO in_r2: 0.9428104500145048 , std 0.04934670072681292 
2023-05-13 12:22:01,575 INFO os_r2: 0.908912570600967 , std 0.49011243845463837 
2023-05-13 12:22:01,575 INFO intercept: -1.9156752495958907e-07 , std 5.6839305652490655e-06 
2023-05-13 12:22:01,575 INFO ofi_add_1: 6.414428717068838e-05 , std 7.886787180257726e-05 
2023-05-13 12:22:01,575 INFO ofi_add_2: 0.000133215901461221 , std 7.236616145330845e-05 
2023-05-13 12:22:01,575 INFO ofi_add_3: 0.00010379231263565968 , std 7.092820916946831e-05 
2023-05-13 12:22:01,575 INFO ofi_add_4: 0.00010894159402034778 , std 7.717340913253993e-05 
2023-05-13 12:22:01,575 INFO ofi_add_5: 0.00010657984406472885 , std 8.063198416757977e-05 
2023-05-13 12:22:01,575 INFO ofi_add_6: 0.0001721769405948129 , std 9.448701116118068e-05 
2023-05-13 12:22:01,575 INFO ofi_cancel_1: 6.125901987136615e-05 , std 8.712648139648689e-05 
2023-05-13 12:22:01,575 INFO ofi_cancel_2: 0.00012878908717765133 , std 7.560308142259022e-05 
2023-05-13 12:22:01,575 INFO ofi_cancel_3: 9.989199100364469e-05 , std 7.686774372460776e-05 
2023-05-13 12:22:01,575 INFO ofi_cancel_4: 0.00010462732282042885 , std 8.339657936780545e-05 
2023-05-13 12:22:01,575 INFO ofi_cancel_5: 0.00010045020162252242 , std 8.897824572873386e-05 
2023-05-13 12:22:01,575 INFO ofi_cancel_6: 0.00017245215113767878 , std 0.0001093151251677531 
2023-05-13 12:22:01,575 INFO ofi_trade_1: 6.172129573191202e-05 , std 0.00014697441351458417 
2023-05-13 12:22:01,575 INFO ofi_trade_2: 0.00013451682488384726 , std 0.00011829323778312793 
2023-05-13 12:22:01,575 INFO ofi_trade_3: 0.0001000815501869594 , std 0.00011070267544686677 
2023-05-13 12:22:01,575 INFO ofi_trade_4: 0.00011284145190768182 , std 0.00011359491249156807 
2023-05-13 12:22:01,575 INFO ofi_trade_5: 0.00011481152814087925 , std 0.00011665241098656545 
2023-05-13 12:22:01,575 INFO ofi_trade_6: 0.0001771711394948689 , std 0.00012445987543101985 
2023-05-13 12:22:01,575 INFO t_intercept: -0.017984854332449954 , std 1.01045672247559 
2023-05-13 12:22:01,575 INFO t_ofi_add_1: 1.6133334945012878 , std 1.8693604968539699 
2023-05-13 12:22:01,575 INFO t_ofi_add_2: 3.5504301419325635 , std 1.93925152718611 
2023-05-13 12:22:01,575 INFO t_ofi_add_3: 2.757146361777744 , std 1.9386951974581235 
2023-05-13 12:22:01,575 INFO t_ofi_add_4: 2.809610493522855 , std 2.248235746363437 
2023-05-13 12:22:01,575 INFO t_ofi_add_5: 2.634977023226588 , std 2.1947139307928745 
2023-05-13 12:22:01,575 INFO t_ofi_add_6: 4.531767766060316 , std 2.9174083149071914 
2023-05-13 12:22:01,575 INFO t_ofi_cancel_1: 1.261629072828857 , std 1.8056367288144486 
2023-05-13 12:22:01,575 INFO t_ofi_cancel_2: 3.1548691979082624 , std 1.7046023896911175 
2023-05-13 12:22:01,575 INFO t_ofi_cancel_3: 2.2991523911664515 , std 1.6961440534934884 
2023-05-13 12:22:01,575 INFO t_ofi_cancel_4: 2.3556434280848473 , std 2.0020424457738097 
2023-05-13 12:22:01,575 INFO t_ofi_cancel_5: 2.1626120357926295 , std 2.0024905347292727 
2023-05-13 12:22:01,575 INFO t_ofi_cancel_6: 3.9772744046124573 , std 2.8657882823691185 
2023-05-13 12:22:01,575 INFO t_ofi_trade_1: 0.7016794392711266 , std 1.6001914443955927 
2023-05-13 12:22:01,575 INFO t_ofi_trade_2: 2.229710819475164 , std 1.8311612526155128 
2023-05-13 12:22:01,575 INFO t_ofi_trade_3: 1.7680123203776277 , std 1.7842143244331992 
2023-05-13 12:22:01,575 INFO t_ofi_trade_4: 1.979902004424602 , std 1.945889056625954 
2023-05-13 12:22:01,575 INFO t_ofi_trade_5: 1.9229713706452773 , std 1.8691722692668349 
2023-05-13 12:22:01,575 INFO t_ofi_trade_6: 2.970865686082292 , std 2.15966413517306 
2023-05-13 12:22:01,576 INFO Grouping by ofi type:
2023-05-13 12:22:01,576 INFO add: 17.897265281021355
2023-05-13 12:22:01,576 INFO cancel: 15.211180530393504
2023-05-13 12:22:01,576 INFO trade: 11.573141640276088
2023-05-13 12:22:01,576 INFO Grouping by level:
2023-05-13 12:22:01,576 INFO 1: 3.576642006601271
2023-05-13 12:22:01,576 INFO 2: 8.93501015931599
2023-05-13 12:22:01,576 INFO 3: 6.824311073321823
2023-05-13 12:22:01,576 INFO 4: 7.145155926032304
2023-05-13 12:22:01,576 INFO 5: 6.720560429664495
2023-05-13 12:22:01,576 INFO 6: 11.479907856755066
2023-05-13 12:22:01,576 INFO Non empty regressions: 1.0 --- 6077 / 6077
