2023-05-13 12:20:45,006 INFO Starting...
2023-05-13 12:20:45,006 INFO Tickers: ['WFC']
2023-05-13 12:20:46,379 INFO in_r2: 0.9870219856048876 , std 0.010925319044780129 
2023-05-13 12:20:46,379 INFO os_r2: 0.972369334063538 , std 0.09633064133901596 
2023-05-13 12:20:46,379 INFO intercept: -5.7987538596139255e-08 , std 2.86418923684868e-06 
2023-05-13 12:20:46,379 INFO ofi_add_1: 2.5792654149255532e-05 , std 3.720468823691674e-05 
2023-05-13 12:20:46,379 INFO ofi_add_2: 0.00014050075330620978 , std 7.339978221709697e-05 
2023-05-13 12:20:46,379 INFO ofi_add_3: 0.00011410534730905947 , std 6.55371726394858e-05 
2023-05-13 12:20:46,379 INFO ofi_add_4: 8.806598262630047e-05 , std 6.509583577508304e-05 
2023-05-13 12:20:46,379 INFO ofi_add_5: 0.0001530080731969358 , std 7.848831192800952e-05 
2023-05-13 12:20:46,379 INFO ofi_add_6: 0.0002938616470704675 , std 0.00011669484596849059 
2023-05-13 12:20:46,379 INFO ofi_cancel_1: 1.8865774722264893e-05 , std 3.87766004265373e-05 
2023-05-13 12:20:46,379 INFO ofi_cancel_2: 0.00011922924530593933 , std 6.978671168036369e-05 
2023-05-13 12:20:46,379 INFO ofi_cancel_3: 0.00010634508197868064 , std 6.634618796619384e-05 
2023-05-13 12:20:46,379 INFO ofi_cancel_4: 9.139880601434566e-05 , std 6.925597746873543e-05 
2023-05-13 12:20:46,379 INFO ofi_cancel_5: 0.00014709709949206186 , std 8.583200645635051e-05 
2023-05-13 12:20:46,379 INFO ofi_cancel_6: 0.0003217354813937276 , std 0.000137316587755987 
2023-05-13 12:20:46,379 INFO ofi_trade_1: 2.512503597878913e-05 , std 9.236290243944866e-05 
2023-05-13 12:20:46,379 INFO ofi_trade_2: 0.0001538437201917276 , std 9.129431046176521e-05 
2023-05-13 12:20:46,379 INFO ofi_trade_3: 0.00012030215476123432 , std 8.419679239415292e-05 
2023-05-13 12:20:46,379 INFO ofi_trade_4: 9.014636603913635e-05 , std 7.596345615337343e-05 
2023-05-13 12:20:46,379 INFO ofi_trade_5: 0.00015374758213490832 , std 9.065649697500853e-05 
2023-05-13 12:20:46,379 INFO ofi_trade_6: 0.00025966008289904043 , std 0.00012413012186742332 
2023-05-13 12:20:46,379 INFO t_intercept: -0.036494758667193976 , std 1.1069564054950203 
2023-05-13 12:20:46,379 INFO t_ofi_add_1: 1.5273780339640286 , std 2.031407173743429 
2023-05-13 12:20:46,379 INFO t_ofi_add_2: 5.07751528380953 , std 2.3544405637500456 
2023-05-13 12:20:46,379 INFO t_ofi_add_3: 4.245011105687888 , std 2.104961329851068 
2023-05-13 12:20:46,379 INFO t_ofi_add_4: 3.4476330684701146 , std 2.06965707335169 
2023-05-13 12:20:46,379 INFO t_ofi_add_5: 4.884133437570733 , std 2.507298793042103 
2023-05-13 12:20:46,379 INFO t_ofi_add_6: 7.785292555462448 , std 3.0994508601893 
2023-05-13 12:20:46,379 INFO t_ofi_cancel_1: 0.953963038506239 , std 1.8534376783180466 
2023-05-13 12:20:46,379 INFO t_ofi_cancel_2: 4.182598830397664 , std 2.1280579276463625 
2023-05-13 12:20:46,379 INFO t_ofi_cancel_3: 3.6013983298166377 , std 1.9305702330558017 
2023-05-13 12:20:46,379 INFO t_ofi_cancel_4: 3.0753536496556046 , std 1.838632393945548 
2023-05-13 12:20:46,379 INFO t_ofi_cancel_5: 3.9129167162587173 , std 2.132122009001729 
2023-05-13 12:20:46,379 INFO t_ofi_cancel_6: 7.076535382809469 , std 3.241125977207035 
2023-05-13 12:20:46,379 INFO t_ofi_trade_1: 0.5712376735948137 , std 1.761431945887157 
2023-05-13 12:20:46,379 INFO t_ofi_trade_2: 3.9493334553031665 , std 2.1679696728842144 
2023-05-13 12:20:46,379 INFO t_ofi_trade_3: 3.2396600174681462 , std 2.17981841378267 
2023-05-13 12:20:46,380 INFO t_ofi_trade_4: 2.6782597004302966 , std 2.1014949047183404 
2023-05-13 12:20:46,380 INFO t_ofi_trade_5: 3.920204873636179 , std 2.2971802796272254 
2023-05-13 12:20:46,380 INFO t_ofi_trade_6: 5.662352114166279 , std 2.6579426851827903 
2023-05-13 12:20:46,380 INFO Grouping by ofi type:
2023-05-13 12:20:46,380 INFO add: 26.96696348496474
2023-05-13 12:20:46,380 INFO cancel: 22.80276594744433
2023-05-13 12:20:46,380 INFO trade: 20.021047834598882
2023-05-13 12:20:46,380 INFO Grouping by level:
2023-05-13 12:20:46,380 INFO 1: 3.0525787460650813
2023-05-13 12:20:46,380 INFO 2: 13.209447569510361
2023-05-13 12:20:46,381 INFO 3: 11.086069452972671
2023-05-13 12:20:46,381 INFO 4: 9.201246418556016
2023-05-13 12:20:46,381 INFO 5: 12.717255027465628
2023-05-13 12:20:46,381 INFO 6: 20.524180052438197
2023-05-13 12:20:46,381 INFO Non empty regressions: 1.0 --- 7348 / 7348
