2023-05-13 12:20:56,173 INFO Starting...
2023-05-13 12:20:56,173 INFO Tickers: ['WMT']
2023-05-13 12:20:57,568 INFO in_r2: 0.9378217666694094 , std 0.03714470474312781 
2023-05-13 12:20:57,568 INFO os_r2: 0.9029419190553315 , std 0.11462548347263714 
2023-05-13 12:20:57,568 INFO intercept: -6.067700452942407e-09 , std 4.2531393860326145e-06 
2023-05-13 12:20:57,568 INFO ofi_add_1: 4.780646358284427e-05 , std 5.840524677466422e-05 
2023-05-13 12:20:57,568 INFO ofi_add_2: 9.789507611146095e-05 , std 5.920051954158005e-05 
2023-05-13 12:20:57,569 INFO ofi_add_3: 8.350734406040835e-05 , std 5.822630918182397e-05 
2023-05-13 12:20:57,569 INFO ofi_add_4: 7.291739178440725e-05 , std 5.4303036607611065e-05 
2023-05-13 12:20:57,569 INFO ofi_add_5: 6.135363457860984e-05 , std 5.0597751798735045e-05 
2023-05-13 12:20:57,569 INFO ofi_add_6: 0.00011275683245102053 , std 7.531099442803599e-05 
2023-05-13 12:20:57,569 INFO ofi_cancel_1: 4.590897671310071e-05 , std 6.302186732636037e-05 
2023-05-13 12:20:57,569 INFO ofi_cancel_2: 9.878255877118704e-05 , std 6.125700217166358e-05 
2023-05-13 12:20:57,569 INFO ofi_cancel_3: 7.987346279900117e-05 , std 6.068382365687129e-05 
2023-05-13 12:20:57,569 INFO ofi_cancel_4: 6.961520133930104e-05 , std 5.754134444342741e-05 
2023-05-13 12:20:57,569 INFO ofi_cancel_5: 6.0126092465573304e-05 , std 5.4132450914940324e-05 
2023-05-13 12:20:57,569 INFO ofi_cancel_6: 0.00011458538319010743 , std 7.944512713146994e-05 
2023-05-13 12:20:57,569 INFO ofi_trade_1: 4.103696479979027e-05 , std 0.00012507412181568376 
2023-05-13 12:20:57,569 INFO ofi_trade_2: 0.00010649077303376915 , std 0.00010038616566973498 
2023-05-13 12:20:57,569 INFO ofi_trade_3: 8.12327052359699e-05 , std 9.019709495034453e-05 
2023-05-13 12:20:57,569 INFO ofi_trade_4: 7.261945108732734e-05 , std 8.378404103996594e-05 
2023-05-13 12:20:57,569 INFO ofi_trade_5: 6.070789617082325e-05 , std 7.801242430366765e-05 
2023-05-13 12:20:57,569 INFO ofi_trade_6: 0.00010815328718494026 , std 8.961736666354262e-05 
2023-05-13 12:20:57,569 INFO t_intercept: -0.013801084558635213 , std 1.022480903492655 
2023-05-13 12:20:57,569 INFO t_ofi_add_1: 1.4237791079517954 , std 1.6503656966852795 
2023-05-13 12:20:57,569 INFO t_ofi_add_2: 2.6339375199207744 , std 1.539284176502078 
2023-05-13 12:20:57,569 INFO t_ofi_add_3: 2.3819553074177593 , std 1.6191110671550195 
2023-05-13 12:20:57,569 INFO t_ofi_add_4: 2.240298431964067 , std 1.5744543285335773 
2023-05-13 12:20:57,569 INFO t_ofi_add_5: 2.052463277657863 , std 1.513870925193893 
2023-05-13 12:20:57,569 INFO t_ofi_add_6: 3.769185295398139 , std 1.894602506381513 
2023-05-13 12:20:57,569 INFO t_ofi_cancel_1: 1.1563738524597675 , std 1.5539823719787638 
2023-05-13 12:20:57,569 INFO t_ofi_cancel_2: 2.559382963527611 , std 1.5233589592842895 
2023-05-13 12:20:57,569 INFO t_ofi_cancel_3: 2.119838832265887 , std 1.5651601105021506 
2023-05-13 12:20:57,569 INFO t_ofi_cancel_4: 1.9617031932633684 , std 1.5108566215583605 
2023-05-13 12:20:57,569 INFO t_ofi_cancel_5: 1.8089913470401526 , std 1.4519832158491983 
2023-05-13 12:20:57,569 INFO t_ofi_cancel_6: 3.367768979235467 , std 1.7932844687339355 
2023-05-13 12:20:57,569 INFO t_ofi_trade_1: 0.5517448004522565 , std 1.517533358672725 
2023-05-13 12:20:57,569 INFO t_ofi_trade_2: 1.714320948630222 , std 1.520222566874602 
2023-05-13 12:20:57,569 INFO t_ofi_trade_3: 1.4505928926666696 , std 1.5042494803912079 
2023-05-13 12:20:57,569 INFO t_ofi_trade_4: 1.4238398883993768 , std 1.5052258068999878 
2023-05-13 12:20:57,569 INFO t_ofi_trade_5: 1.3036241623578593 , std 1.492011409230754 
2023-05-13 12:20:57,569 INFO t_ofi_trade_6: 2.403999796712681 , std 1.7535064921933812 
2023-05-13 12:20:57,570 INFO Grouping by ofi type:
2023-05-13 12:20:57,570 INFO add: 14.501618940310397
2023-05-13 12:20:57,570 INFO cancel: 12.974059167792252
2023-05-13 12:20:57,570 INFO trade: 8.848122489219065
2023-05-13 12:20:57,570 INFO Grouping by level:
2023-05-13 12:20:57,570 INFO 1: 3.1318977608638194
2023-05-13 12:20:57,570 INFO 2: 6.9076414320786075
2023-05-13 12:20:57,570 INFO 3: 5.952387032350316
2023-05-13 12:20:57,570 INFO 4: 5.625841513626812
2023-05-13 12:20:57,570 INFO 5: 5.165078787055874
2023-05-13 12:20:57,570 INFO 6: 9.540954071346286
2023-05-13 12:20:57,570 INFO Non empty regressions: 1.0 --- 7284 / 7284
