2023-04-20 06:44:09,697 INFO Tickers: ['BKNG']
2023-04-20 06:44:13,814 INFO Negative OS: -0.06181229657489684 --- ticker BKNG --- day 2018-06-28 --- time 36000
2023-04-20 06:44:17,435 INFO Negative OS: -0.6113434693770639 --- ticker BKNG --- day 2018-09-19 --- time 36000
2023-04-20 06:44:18,979 INFO Negative OS: -0.177661242827307 --- ticker BKNG --- day 2018-09-26 --- time 52200
2023-04-20 06:44:19,155 INFO Negative OS: -0.8154729244756065 --- ticker BKNG --- day 2018-09-28 --- time 36000
2023-04-20 06:44:20,462 INFO Negative OS: -3.7842961942576645 --- ticker BKNG --- day 2018-10-02 --- time 50400
2023-04-20 06:44:20,884 INFO Negative OS: -0.20163985506393045 --- ticker BKNG --- day 2018-10-03 --- time 37800
2023-04-20 06:44:21,832 INFO Negative OS: -0.726317117485213 --- ticker BKNG --- day 2018-10-04 --- time 52200
2023-04-20 06:44:25,862 INFO Negative OS: -3.400264112780703 --- ticker BKNG --- day 2018-10-10 --- time 52200
2023-04-20 06:44:27,174 INFO Negative OS: -0.09426538676790774 --- ticker BKNG --- day 2018-10-11 --- time 41400
2023-04-20 06:44:32,785 INFO Negative OS: -0.008802921118154616 --- ticker BKNG --- day 2018-10-18 --- time 48600
2023-04-20 06:44:34,328 INFO Negative OS: -6.6270743004918895 --- ticker BKNG --- day 2018-10-24 --- time 46800
2023-04-20 06:44:35,724 INFO Negative OS: -0.20623462663110836 --- ticker BKNG --- day 2018-10-26 --- time 50400
2023-04-20 06:44:39,768 INFO Negative OS: -7.177283847233275 --- ticker BKNG --- day 2018-11-06 --- time 46800
2023-04-20 06:44:44,072 INFO Negative OS: -0.2730721447405102 --- ticker BKNG --- day 2018-11-08 --- time 37800
2023-04-20 06:44:45,457 INFO Negative OS: -0.0029454182512442806 --- ticker BKNG --- day 2018-11-12 --- time 39600
2023-04-20 06:44:49,167 INFO Negative OS: -0.6596936694660982 --- ticker BKNG --- day 2018-12-19 --- time 50400
2023-04-20 06:44:50,113 INFO Negative OS: -90.63232585301151 --- ticker BKNG --- day 2018-12-24 --- time 43200
2023-04-20 06:44:50,685 INFO Negative OS: -2.2788100225770442 --- ticker BKNG --- day 2018-12-27 --- time 52200
2023-04-20 06:44:51,826 INFO Negative OS: -0.35236930052678805 --- ticker BKNG --- day 2019-01-18 --- time 37800
2023-04-20 06:44:53,178 INFO Negative OS: -2.91291385933312 --- ticker BKNG --- day 2019-02-28 --- time 39600
2023-04-20 06:44:53,452 INFO Negative OS: -0.4254572948360231 --- ticker BKNG --- day 2019-02-28 --- time 52200
2023-04-20 06:44:54,664 INFO Negative OS: -1.004635201557376 --- ticker BKNG --- day 2019-03-04 --- time 52200
2023-04-20 06:44:54,818 INFO Negative OS: -0.41744481099132535 --- ticker BKNG --- day 2019-03-05 --- time 37800
2023-04-20 06:44:57,561 INFO Negative OS: -0.008857525846926118 --- ticker BKNG --- day 2019-05-10 --- time 46800
2023-04-20 06:44:59,702 INFO Negative OS: -0.07664839539803392 --- ticker BKNG --- day 2019-06-04 --- time 52200
2023-04-20 06:45:06,104 INFO Negative OS: -17.236332656040236 --- ticker BKNG --- day 2019-11-07 --- time 36000
2023-04-20 06:45:06,396 INFO Negative OS: -0.3966372747562821 --- ticker BKNG --- day 2019-11-07 --- time 37800
2023-04-20 06:45:08,099 INFO in_r2: 0.5914593260881694 , std 0.17681824008552716 
2023-04-20 06:45:08,100 INFO os_r2: -0.15009741997104328 , std 5.621775547287238 
2023-04-20 06:45:08,100 INFO intercept: -0.004611443413556749 , std 0.004145484989239633 
2023-04-20 06:45:08,100 INFO ofi_add_1: 0.0002713458732652656 , std 0.00045054573296602273 
2023-04-20 06:45:08,100 INFO ofi_add_2: 0.0006414373762197901 , std 0.0011233707028121406 
2023-04-20 06:45:08,100 INFO ofi_add_3: 0.0004706052740322723 , std 0.0007590706997083992 
2023-04-20 06:45:08,100 INFO ofi_add_4: 0.00032959972156498596 , std 0.0005981053122117734 
2023-04-20 06:45:08,100 INFO ofi_add_5: 0.00039773332758942406 , std 0.0010499324244518278 
2023-04-20 06:45:08,100 INFO ofi_add_6: 0.0003098488478393237 , std 0.0006614346268827113 
2023-04-20 06:45:08,100 INFO ofi_add_7: 0.0003088114234452176 , std 0.0005712493925900578 
2023-04-20 06:45:08,100 INFO ofi_add_8: 0.00025418213194749616 , std 0.0005054217395176463 
2023-04-20 06:45:08,100 INFO ofi_add_9: 0.0003094322856085947 , std 0.0008004746268870497 
2023-04-20 06:45:08,100 INFO ofi_add_10: 0.0004519350551172128 , std 0.0008246297060510481 
2023-04-20 06:45:08,100 INFO ofi_cancel_1: 0.0002143981750492762 , std 0.00035564650451039905 
2023-04-20 06:45:08,100 INFO ofi_cancel_2: 0.0004916615802469757 , std 0.0010573311654808754 
2023-04-20 06:45:08,100 INFO ofi_cancel_3: 0.00044258447989312073 , std 0.0007129134227125028 
2023-04-20 06:45:08,100 INFO ofi_cancel_4: 0.0002878185237079255 , std 0.0005696984243318698 
2023-04-20 06:45:08,100 INFO ofi_cancel_5: 0.0003445674273019683 , std 0.0010332784523872107 
2023-04-20 06:45:08,100 INFO ofi_cancel_6: 0.00027530729342216143 , std 0.000665330680088295 
2023-04-20 06:45:08,100 INFO ofi_cancel_7: 0.0002718545744101719 , std 0.0005962600127924518 
2023-04-20 06:45:08,100 INFO ofi_cancel_8: 0.00022201195855741426 , std 0.0004914690594362612 
2023-04-20 06:45:08,100 INFO ofi_cancel_9: 0.0002843247706287132 , std 0.0008008710811603997 
2023-04-20 06:45:08,100 INFO ofi_cancel_10: 0.00043501533770884393 , std 0.0008497973094532738 
2023-04-20 06:45:08,100 INFO ofi_trade_1: 0.0004111635567688653 , std 0.00046305386830364405 
2023-04-20 06:45:08,100 INFO ofi_trade_2: 0.00019528439693305302 , std 0.0004658259500043799 
2023-04-20 06:45:08,100 INFO ofi_trade_3: 0.00010184709199276031 , std 0.00044294409947592627 
2023-04-20 06:45:08,100 INFO ofi_trade_4: 0.00015037906465234578 , std 0.0005029080881872867 
2023-04-20 06:45:08,100 INFO ofi_trade_5: 0.00019480082123780754 , std 0.00047085236316217195 
2023-04-20 06:45:08,100 INFO ofi_trade_6: 0.00013879790529567064 , std 0.000472620110363233 
2023-04-20 06:45:08,100 INFO ofi_trade_7: 0.00021866733673262383 , std 0.0004527073149802422 
2023-04-20 06:45:08,100 INFO ofi_trade_8: 0.0002383076096692647 , std 0.0004815086737835707 
2023-04-20 06:45:08,100 INFO ofi_trade_9: 0.00024190775718733705 , std 0.0004768630484091026 
2023-04-20 06:45:08,100 INFO ofi_trade_10: 0.0003304291160917926 , std 0.0005136055937459861 
2023-04-20 06:45:08,100 INFO t_intercept: -5.201257458874081 , std 3.651698301572484 
2023-04-20 06:45:08,100 INFO t_ofi_add_1: 0.7115604103162636 , std 1.1096069323368796 
2023-04-20 06:45:08,100 INFO t_ofi_add_2: 0.9730375090998074 , std 1.0938678319970778 
2023-04-20 06:45:08,100 INFO t_ofi_add_3: 0.7165280215086097 , std 0.886360521383346 
2023-04-20 06:45:08,100 INFO t_ofi_add_4: 0.554561580930743 , std 0.8142633733157163 
2023-04-20 06:45:08,100 INFO t_ofi_add_5: 0.5026572176763505 , std 0.844918634861442 
2023-04-20 06:45:08,100 INFO t_ofi_add_6: 0.4206362563436014 , std 0.7221216756268639 
2023-04-20 06:45:08,100 INFO t_ofi_add_7: 0.41699126320314106 , std 0.7124694356200071 
2023-04-20 06:45:08,100 INFO t_ofi_add_8: 0.35910721039274335 , std 0.6111718829958843 
2023-04-20 06:45:08,100 INFO t_ofi_add_9: 0.3794147328570236 , std 0.7107094150556411 
2023-04-20 06:45:08,100 INFO t_ofi_add_10: 0.6390591421282753 , std 0.9813362949137978 
2023-04-20 06:45:08,100 INFO t_ofi_cancel_1: 0.6954696719522442 , std 1.0440798996877692 
2023-04-20 06:45:08,101 INFO t_ofi_cancel_2: 0.8053786928977932 , std 1.100634421226797 
2023-04-20 06:45:08,101 INFO t_ofi_cancel_3: 0.7119867874849163 , std 0.9047489320227646 
2023-04-20 06:45:08,101 INFO t_ofi_cancel_4: 0.5033890236754539 , std 0.783833542000902 
2023-04-20 06:45:08,101 INFO t_ofi_cancel_5: 0.43083788676644647 , std 0.7765814539072385 
2023-04-20 06:45:08,101 INFO t_ofi_cancel_6: 0.39057878262942 , std 0.754412900607518 
2023-04-20 06:45:08,101 INFO t_ofi_cancel_7: 0.3795645942393111 , std 0.6939674014088584 
2023-04-20 06:45:08,101 INFO t_ofi_cancel_8: 0.3237396885570909 , std 0.6058278186529179 
2023-04-20 06:45:08,101 INFO t_ofi_cancel_9: 0.3570223378065833 , std 0.6596703099023989 
2023-04-20 06:45:08,101 INFO t_ofi_cancel_10: 0.634244072263151 , std 1.0242935953520578 
2023-04-20 06:45:08,101 INFO t_ofi_trade_1: 1.2398801491291869 , std 1.2914364424214873 
2023-04-20 06:45:08,101 INFO t_ofi_trade_2: 0.44916288817694994 , std 1.0578271096769876 
2023-04-20 06:45:08,101 INFO t_ofi_trade_3: 0.2794563903773199 , std 0.952986094324889 
2023-04-20 06:45:08,101 INFO t_ofi_trade_4: 0.37285343199240206 , std 1.0242094159228177 
2023-04-20 06:45:08,101 INFO t_ofi_trade_5: 0.4416653159440028 , std 0.9671691483777157 
2023-04-20 06:45:08,101 INFO t_ofi_trade_6: 0.37624262658612734 , std 0.9863757419849974 
2023-04-20 06:45:08,101 INFO t_ofi_trade_7: 0.5456579709531438 , std 0.9749066253027725 
2023-04-20 06:45:08,101 INFO t_ofi_trade_8: 0.6144192088804536 , std 1.014385241860459 
2023-04-20 06:45:08,101 INFO t_ofi_trade_9: 0.6545881580803183 , std 1.0185823350119283 
2023-04-20 06:45:08,101 INFO t_ofi_trade_10: 0.8809095093817494 , std 1.1493595339671598 
2023-04-20 06:45:08,101 INFO p_intercept: 0.08999431813569468 , std 0.1878281023683037 
2023-04-20 06:45:08,101 INFO p_ofi_add_1: 0.5970016300706481 , std 0.3961124903569516 
2023-04-20 06:45:08,101 INFO p_ofi_add_2: 0.5166857543942106 , std 0.380089634602063 
2023-04-20 06:45:08,101 INFO p_ofi_add_3: 0.6134824041007985 , std 0.3849833018893564 
2023-04-20 06:45:08,101 INFO p_ofi_add_4: 0.6814021952821665 , std 0.3704785326844328 
2023-04-20 06:45:08,101 INFO p_ofi_add_5: 0.7254372311700413 , std 0.3359948619191799 
2023-04-20 06:45:08,101 INFO p_ofi_add_6: 0.7445868012152141 , std 0.32618354982652065 
2023-04-20 06:45:08,101 INFO p_ofi_add_7: 0.7386418355006436 , std 0.3267644105912646 
2023-04-20 06:45:08,101 INFO p_ofi_add_8: 0.7627920880339563 , std 0.3068332724414708 
2023-04-20 06:45:08,101 INFO p_ofi_add_9: 0.7693367806798401 , std 0.33266499342619654 
2023-04-20 06:45:08,101 INFO p_ofi_add_10: 0.6852286072395712 , std 0.38015251105125897 
2023-04-20 06:45:08,101 INFO p_ofi_cancel_1: 0.5854033260950905 , std 0.3824686606904808 
2023-04-20 06:45:08,101 INFO p_ofi_cancel_2: 0.6127973947349411 , std 0.41583218560501917 
2023-04-20 06:45:08,101 INFO p_ofi_cancel_3: 0.6264107212680877 , std 0.38768382428698156 
2023-04-20 06:45:08,101 INFO p_ofi_cancel_4: 0.7185692232588486 , std 0.35623339680598165 
2023-04-20 06:45:08,101 INFO p_ofi_cancel_5: 0.7512957276862342 , std 0.33671300143886107 
2023-04-20 06:45:08,101 INFO p_ofi_cancel_6: 0.7584220292923738 , std 0.32823025168192027 
2023-04-20 06:45:08,101 INFO p_ofi_cancel_7: 0.7753344202151774 , std 0.3244060263937614 
2023-04-20 06:45:08,101 INFO p_ofi_cancel_8: 0.785359145626398 , std 0.3069513694558628 
2023-04-20 06:45:08,101 INFO p_ofi_cancel_9: 0.7667671872121761 , std 0.32759391177271174 
2023-04-20 06:45:08,101 INFO p_ofi_cancel_10: 0.6910768209457728 , std 0.38467952072698247 
2023-04-20 06:45:08,101 INFO p_ofi_trade_1: 0.42790029715851957 , std 0.4027697155916843 
2023-04-20 06:45:08,101 INFO p_ofi_trade_2: 0.6735834299627023 , std 0.3646879558313476 
2023-04-20 06:45:08,101 INFO p_ofi_trade_3: 0.7048625436900299 , std 0.3598662891546193 
2023-04-20 06:45:08,101 INFO p_ofi_trade_4: 0.6985102090014036 , std 0.3658746293778208 
2023-04-20 06:45:08,101 INFO p_ofi_trade_5: 0.6574345959792467 , std 0.3877038528794382 
2023-04-20 06:45:08,101 INFO p_ofi_trade_6: 0.658983384737786 , std 0.3749039991257241 
2023-04-20 06:45:08,101 INFO p_ofi_trade_7: 0.6181137053977281 , std 0.36885050522932894 
2023-04-20 06:45:08,101 INFO p_ofi_trade_8: 0.6163279820979254 , std 0.3828976676264668 
2023-04-20 06:45:08,101 INFO p_ofi_trade_9: 0.5937376241002716 , std 0.38717202995102373 
2023-04-20 06:45:08,101 INFO p_ofi_trade_10: 0.5289896167490603 , std 0.4014019514379474 
