2023-04-20 06:02:04,873 INFO Tickers: ['MDT']
2023-04-20 06:02:04,952 INFO Negative OS: -0.37016910377160217 --- ticker MDT --- day 2017-01-03 --- time 36000
2023-04-20 06:02:30,236 INFO Negative OS: -0.7235760483424942 --- ticker MDT --- day 2017-02-21 --- time 43200
2023-04-20 06:02:46,368 INFO Negative OS: -11.226197007662163 --- ticker MDT --- day 2017-03-22 --- time 50400
2023-04-20 06:03:15,042 INFO Negative OS: -0.010021699502381853 --- ticker MDT --- day 2017-05-12 --- time 36000
2023-04-20 06:03:16,766 INFO Negative OS: -0.08638652178571138 --- ticker MDT --- day 2017-05-17 --- time 36000
2023-04-20 06:03:21,933 INFO Negative OS: -0.13051860647583524 --- ticker MDT --- day 2017-05-26 --- time 36000
2023-04-20 06:03:43,060 INFO Negative OS: -0.06296728769990922 --- ticker MDT --- day 2017-07-17 --- time 39600
2023-04-20 06:04:09,348 INFO Negative OS: -0.33079036514476146 --- ticker MDT --- day 2017-09-14 --- time 52200
2023-04-20 06:04:37,770 INFO Negative OS: -20.942667570542284 --- ticker MDT --- day 2017-11-28 --- time 36000
2023-04-20 06:04:52,156 INFO Negative OS: -1.2439531801662609 --- ticker MDT --- day 2018-01-05 --- time 50400
2023-04-20 06:05:06,962 INFO Negative OS: -0.5938362254845113 --- ticker MDT --- day 2018-02-06 --- time 37800
2023-04-20 06:05:07,671 INFO Negative OS: -0.828682006069348 --- ticker MDT --- day 2018-02-06 --- time 46800
2023-04-20 06:05:12,377 INFO Negative OS: -0.4769434784421107 --- ticker MDT --- day 2018-02-15 --- time 39600
2023-04-20 06:05:13,803 INFO Negative OS: -2.94153495977118 --- ticker MDT --- day 2018-02-16 --- time 52200
2023-04-20 06:05:13,999 INFO Negative OS: -3.8521497662847892 --- ticker MDT --- day 2018-02-20 --- time 39600
2023-04-20 06:05:20,958 INFO Negative OS: -0.9332125529601367 --- ticker MDT --- day 2018-03-08 --- time 37800
2023-04-20 06:05:22,747 INFO Negative OS: -1.8268361659394694 --- ticker MDT --- day 2018-03-13 --- time 36000
2023-04-20 06:05:34,329 INFO Negative OS: -0.4365035947677056 --- ticker MDT --- day 2018-04-05 --- time 50400
2023-04-20 06:05:34,526 INFO Negative OS: -1.0446785270112398 --- ticker MDT --- day 2018-04-06 --- time 37800
2023-04-20 06:05:43,518 INFO Negative OS: -0.17774909005004824 --- ticker MDT --- day 2018-04-26 --- time 45000
2023-04-20 06:05:43,829 INFO Negative OS: -0.16549094921916474 --- ticker MDT --- day 2018-04-27 --- time 36000
2023-04-20 06:05:44,469 INFO Negative OS: -0.4004759628458332 --- ticker MDT --- day 2018-04-27 --- time 52200
2023-04-20 06:05:45,420 INFO Negative OS: -0.37041484719879403 --- ticker MDT --- day 2018-05-01 --- time 43200
2023-04-20 06:05:47,908 INFO Negative OS: -0.6415445827730901 --- ticker MDT --- day 2018-05-07 --- time 37800
2023-04-20 06:05:48,284 INFO Negative OS: -1.348881027600601 --- ticker MDT --- day 2018-05-07 --- time 48600
2023-04-20 06:05:49,759 INFO Negative OS: -0.23961968609613793 --- ticker MDT --- day 2018-05-09 --- time 52200
2023-04-20 06:05:50,504 INFO Negative OS: -0.3517399012475235 --- ticker MDT --- day 2018-05-11 --- time 37800
2023-04-20 06:05:50,889 INFO Negative OS: -0.48101995082165727 --- ticker MDT --- day 2018-05-11 --- time 52200
2023-04-20 06:05:52,316 INFO Negative OS: -0.015213717375564206 --- ticker MDT --- day 2018-05-16 --- time 52200
2023-04-20 06:06:14,967 INFO Negative OS: -0.45350928104125643 --- ticker MDT --- day 2018-07-12 --- time 46800
2023-04-20 06:06:15,210 INFO Negative OS: -2.641522954152804 --- ticker MDT --- day 2018-07-13 --- time 36000
2023-04-20 06:06:15,670 INFO Negative OS: -0.23713954032453977 --- ticker MDT --- day 2018-07-13 --- time 48600
2023-04-20 06:06:17,784 INFO Negative OS: -0.051142527244707026 --- ticker MDT --- day 2018-07-19 --- time 50400
2023-04-20 06:06:20,248 INFO Negative OS: -9.472521520154663 --- ticker MDT --- day 2018-07-26 --- time 36000
2023-04-20 06:06:20,314 INFO Negative OS: -3.4264576834770786 --- ticker MDT --- day 2018-07-26 --- time 37800
2023-04-20 06:06:21,180 INFO Negative OS: -0.3041230633701797 --- ticker MDT --- day 2018-07-27 --- time 37800
2023-04-20 06:06:23,259 INFO Negative OS: -10.71097706027819 --- ticker MDT --- day 2018-07-31 --- time 36000
2023-04-20 06:06:23,427 INFO Negative OS: -0.23268873334979023 --- ticker MDT --- day 2018-07-31 --- time 39600
2023-04-20 06:06:26,042 INFO Negative OS: -1.6069023977583528 --- ticker MDT --- day 2018-08-07 --- time 48600
2023-04-20 06:06:27,650 INFO Negative OS: -0.21688644976577454 --- ticker MDT --- day 2018-08-13 --- time 36000
2023-04-20 06:07:02,001 INFO Negative OS: -0.9395759255715901 --- ticker MDT --- day 2018-10-19 --- time 36000
2023-04-20 06:07:20,490 INFO Negative OS: -1.2331055523137113 --- ticker MDT --- day 2018-11-27 --- time 48600
2023-04-20 06:07:21,485 INFO Negative OS: -0.7551484694525095 --- ticker MDT --- day 2018-11-29 --- time 39600
2023-04-20 06:07:23,892 INFO Negative OS: -0.5946160394802564 --- ticker MDT --- day 2018-12-06 --- time 36000
2023-04-20 06:07:30,607 INFO Negative OS: -0.09353256516154751 --- ticker MDT --- day 2018-12-19 --- time 46800
2023-04-20 06:07:38,755 INFO Negative OS: -1.0754382962409132 --- ticker MDT --- day 2019-01-07 --- time 46800
2023-04-20 06:07:40,890 INFO Negative OS: -0.14793070015537668 --- ticker MDT --- day 2019-01-11 --- time 45000
2023-04-20 06:07:47,185 INFO Negative OS: -1.3108344207678972 --- ticker MDT --- day 2019-01-25 --- time 45000
2023-04-20 06:07:49,522 INFO Negative OS: -0.0547530733308097 --- ticker MDT --- day 2019-01-30 --- time 52200
2023-04-20 06:08:00,161 INFO Negative OS: -0.7266748699912327 --- ticker MDT --- day 2019-02-20 --- time 48600
2023-04-20 06:08:00,715 INFO Negative OS: -1.1063312670494834 --- ticker MDT --- day 2019-02-20 --- time 52200
2023-04-20 06:08:55,145 INFO Negative OS: -1.5513464327133373 --- ticker MDT --- day 2019-06-03 --- time 37800
2023-04-20 06:08:57,314 INFO Negative OS: -0.16165793636150583 --- ticker MDT --- day 2019-06-06 --- time 36000
2023-04-20 06:08:57,980 INFO Negative OS: -0.32839780500860827 --- ticker MDT --- day 2019-06-06 --- time 52200
2023-04-20 06:09:04,125 INFO Negative OS: -0.2929347468211707 --- ticker MDT --- day 2019-06-19 --- time 46800
2023-04-20 06:09:04,246 INFO Negative OS: -5.623855573858429 --- ticker MDT --- day 2019-06-19 --- time 50400
2023-04-20 06:09:08,378 INFO Negative OS: -0.354471480772782 --- ticker MDT --- day 2019-06-27 --- time 52200
2023-04-20 06:09:08,783 INFO Negative OS: -1.144816642138033 --- ticker MDT --- day 2019-06-28 --- time 45000
2023-04-20 06:09:13,653 INFO Negative OS: -63.823124296751786 --- ticker MDT --- day 2019-07-11 --- time 37800
2023-04-20 06:09:16,619 INFO Negative OS: -0.2495335633892899 --- ticker MDT --- day 2019-07-17 --- time 45000
2023-04-20 06:09:26,323 INFO Negative OS: -4.828725634964185 --- ticker MDT --- day 2019-08-06 --- time 43200
2023-04-20 06:09:33,303 INFO Negative OS: -2.7084519323324825 --- ticker MDT --- day 2019-08-20 --- time 37800
2023-04-20 06:09:33,925 INFO Negative OS: -0.492411923531229 --- ticker MDT --- day 2019-08-21 --- time 36000
2023-04-20 06:09:34,009 INFO Negative OS: -2.4699458349859427 --- ticker MDT --- day 2019-08-21 --- time 37800
2023-04-20 06:09:34,643 INFO Negative OS: -0.22602176090870985 --- ticker MDT --- day 2019-08-21 --- time 52200
2023-04-20 06:09:36,405 INFO Negative OS: -3.0777181869051553 --- ticker MDT --- day 2019-08-26 --- time 39600
2023-04-20 06:09:38,739 INFO Negative OS: -0.7283961422610634 --- ticker MDT --- day 2019-08-28 --- time 48600
2023-04-20 06:09:39,381 INFO Negative OS: -0.2647737280151914 --- ticker MDT --- day 2019-08-29 --- time 41400
2023-04-20 06:09:41,253 INFO Negative OS: -8.204570595088642 --- ticker MDT --- day 2019-09-03 --- time 50400
2023-04-20 06:09:46,394 INFO Negative OS: -0.5639424115986265 --- ticker MDT --- day 2019-09-13 --- time 41400
2023-04-20 06:10:04,173 INFO Negative OS: -0.41652968820225333 --- ticker MDT --- day 2019-11-01 --- time 41400
2023-04-20 06:10:04,236 INFO Negative OS: -2.631174128628174 --- ticker MDT --- day 2019-11-01 --- time 43200
2023-04-20 06:10:06,426 INFO Negative OS: -0.6667179907931122 --- ticker MDT --- day 2019-11-11 --- time 52200
2023-04-20 06:10:13,031 INFO Negative OS: -0.8243035065333788 --- ticker MDT --- day 2019-11-27 --- time 48600
2023-04-20 06:10:13,897 INFO Negative OS: -8.5602320546537 --- ticker MDT --- day 2019-12-02 --- time 46800
2023-04-20 06:10:18,453 INFO Negative OS: -0.05010066983189998 --- ticker MDT --- day 2019-12-11 --- time 37800
2023-04-20 06:10:19,717 INFO Negative OS: -0.5951309944650383 --- ticker MDT --- day 2019-12-12 --- time 52200
2023-04-20 06:10:19,916 INFO Negative OS: -0.2873371893036005 --- ticker MDT --- day 2019-12-13 --- time 36000
2023-04-20 06:10:20,271 INFO Negative OS: -2.6327063153977646 --- ticker MDT --- day 2019-12-13 --- time 45000
2023-04-20 06:10:20,535 INFO in_r2: 0.9082988164297094 , std 0.05772294449208466 
2023-04-20 06:10:20,535 INFO os_r2: 0.7977062738375396 , std 0.931649952918517 
2023-04-20 06:10:20,535 INFO intercept: -0.0015522306638219424 , std 0.0010395574181997222 
2023-04-20 06:10:20,535 INFO ofi_add_1: 0.00017054210116319084 , std 0.00022066725760020483 
2023-04-20 06:10:20,535 INFO ofi_add_2: 0.00020772958546847215 , std 0.0002391958558744232 
2023-04-20 06:10:20,535 INFO ofi_add_3: 0.0001825197993253124 , std 0.00022744687544723176 
2023-04-20 06:10:20,535 INFO ofi_add_4: 0.00015406218719970854 , std 0.00021607893540917582 
2023-04-20 06:10:20,535 INFO ofi_add_5: 0.00012278051819015768 , std 0.00016572966037195708 
2023-04-20 06:10:20,535 INFO ofi_add_6: 0.0001105857316052203 , std 0.0001626710801118644 
2023-04-20 06:10:20,535 INFO ofi_add_7: 0.00011500501234026268 , std 0.000161662328048966 
2023-04-20 06:10:20,535 INFO ofi_add_8: 0.00010856767456303964 , std 0.00016898738136708334 
2023-04-20 06:10:20,535 INFO ofi_add_9: 0.00010436192952278119 , std 0.00016472413976676394 
2023-04-20 06:10:20,535 INFO ofi_add_10: 0.00012913642852174849 , std 0.0002055161897386007 
2023-04-20 06:10:20,535 INFO ofi_cancel_1: 0.00010759241468941269 , std 0.00017462839189928605 
2023-04-20 06:10:20,535 INFO ofi_cancel_2: 0.00018184762089575726 , std 0.00023013376564942983 
2023-04-20 06:10:20,535 INFO ofi_cancel_3: 0.00014860110130165182 , std 0.00018916270565431782 
2023-04-20 06:10:20,535 INFO ofi_cancel_4: 0.00012068208213508863 , std 0.00017588077898936068 
2023-04-20 06:10:20,535 INFO ofi_cancel_5: 9.545304277599726e-05 , std 0.00014095793334667684 
2023-04-20 06:10:20,535 INFO ofi_cancel_6: 8.17017773530611e-05 , std 0.00014259808125914266 
2023-04-20 06:10:20,535 INFO ofi_cancel_7: 7.229311034250523e-05 , std 0.00013156908383893612 
2023-04-20 06:10:20,535 INFO ofi_cancel_8: 7.285063009456427e-05 , std 0.00013905207931293686 
2023-04-20 06:10:20,535 INFO ofi_cancel_9: 7.160294709365038e-05 , std 0.00013465874712784842 
2023-04-20 06:10:20,535 INFO ofi_cancel_10: 9.744283142877375e-05 , std 0.00016831012072701665 
2023-04-20 06:10:20,535 INFO ofi_trade_1: 7.812114885955164e-05 , std 0.00015677518029099242 
2023-04-20 06:10:20,535 INFO ofi_trade_2: 7.816350530389156e-05 , std 0.00012209508705604842 
2023-04-20 06:10:20,535 INFO ofi_trade_3: 6.774339636006625e-05 , std 0.00010535488103005977 
2023-04-20 06:10:20,536 INFO ofi_trade_4: 6.0085155666209006e-05 , std 0.00010943590002900941 
2023-04-20 06:10:20,536 INFO ofi_trade_5: 5.3832624430864995e-05 , std 0.00010254965288181821 
2023-04-20 06:10:20,536 INFO ofi_trade_6: 5.1862374526695545e-05 , std 0.00011529911777733611 
2023-04-20 06:10:20,536 INFO ofi_trade_7: 5.784925611880276e-05 , std 0.00010021717436438924 
2023-04-20 06:10:20,536 INFO ofi_trade_8: 6.340646958011832e-05 , std 0.0001033601416378802 
2023-04-20 06:10:20,536 INFO ofi_trade_9: 6.696365272524914e-05 , std 0.00012215824413292956 
2023-04-20 06:10:20,536 INFO ofi_trade_10: 8.158295317545418e-05 , std 0.0001583625562812112 
2023-04-20 06:10:20,536 INFO t_intercept: -14.432067940863536 , std 6.153975638444814 
2023-04-20 06:10:20,536 INFO t_ofi_add_1: 1.6930076736253121 , std 1.536349465214347 
2023-04-20 06:10:20,536 INFO t_ofi_add_2: 1.7130129838466361 , std 1.3085883931864368 
2023-04-20 06:10:20,536 INFO t_ofi_add_3: 1.4834826411385285 , std 1.1452775544935339 
2023-04-20 06:10:20,536 INFO t_ofi_add_4: 1.1774373274165117 , std 1.0708994181747198 
2023-04-20 06:10:20,536 INFO t_ofi_add_5: 0.9427154538605031 , std 0.9781809611605113 
2023-04-20 06:10:20,536 INFO t_ofi_add_6: 0.7904016928961966 , std 0.8658973989383465 
2023-04-20 06:10:20,536 INFO t_ofi_add_7: 0.8069605387509591 , std 0.9083584184275165 
2023-04-20 06:10:20,536 INFO t_ofi_add_8: 0.72628016118428 , std 0.8754962552328565 
2023-04-20 06:10:20,536 INFO t_ofi_add_9: 0.7193805362683053 , std 0.9097215241704771 
2023-04-20 06:10:20,536 INFO t_ofi_add_10: 0.9682441751626983 , std 1.1211119720742675 
2023-04-20 06:10:20,536 INFO t_ofi_cancel_1: 1.2412061474004767 , std 1.3735658465886431 
2023-04-20 06:10:20,536 INFO t_ofi_cancel_2: 1.760757504444799 , std 1.3050763010331234 
2023-04-20 06:10:20,536 INFO t_ofi_cancel_3: 1.3472812195436314 , std 1.1168468352690062 
2023-04-20 06:10:20,536 INFO t_ofi_cancel_4: 1.0186347091295507 , std 1.003347961816876 
2023-04-20 06:10:20,536 INFO t_ofi_cancel_5: 0.8072865322294247 , std 0.9280370840962289 
2023-04-20 06:10:20,536 INFO t_ofi_cancel_6: 0.6481210325104085 , std 0.8338379297461745 
2023-04-20 06:10:20,536 INFO t_ofi_cancel_7: 0.584628876830607 , std 0.8427755622421961 
2023-04-20 06:10:20,536 INFO t_ofi_cancel_8: 0.564995261250818 , std 0.825046194405204 
2023-04-20 06:10:20,536 INFO t_ofi_cancel_9: 0.574619960691938 , std 0.8534472867659386 
2023-04-20 06:10:20,536 INFO t_ofi_cancel_10: 0.8095248703749066 , std 1.0732682890957816 
2023-04-20 06:10:20,536 INFO t_ofi_trade_1: 0.7659288523329292 , std 1.1093138420558954 
2023-04-20 06:10:20,536 INFO t_ofi_trade_2: 0.8014555275791256 , std 0.9532319700600508 
2023-04-20 06:10:20,536 INFO t_ofi_trade_3: 0.687649957488456 , std 0.898177030941587 
2023-04-20 06:10:20,536 INFO t_ofi_trade_4: 0.6002858029127014 , std 0.8552431131110279 
2023-04-20 06:10:20,536 INFO t_ofi_trade_5: 0.5391210721674885 , std 0.8197898642843616 
2023-04-20 06:10:20,536 INFO t_ofi_trade_6: 0.486495872708735 , std 0.7641005699505107 
2023-04-20 06:10:20,536 INFO t_ofi_trade_7: 0.5701019188108836 , std 0.8150431405419056 
2023-04-20 06:10:20,536 INFO t_ofi_trade_8: 0.60701273831898 , std 0.8195348887092896 
2023-04-20 06:10:20,536 INFO t_ofi_trade_9: 0.6235328098226692 , std 0.8361402415595571 
2023-04-20 06:10:20,536 INFO t_ofi_trade_10: 0.7800645665309945 , std 0.9421336610426778 
2023-04-20 06:10:20,536 INFO p_intercept: 0.0029513076560570917 , std 0.036714579459342964 
2023-04-20 06:10:20,536 INFO p_ofi_add_1: 0.3345506734466917 , std 0.3746961923783891 
2023-04-20 06:10:20,536 INFO p_ofi_add_2: 0.29832783748938607 , std 0.35849767210934713 
2023-04-20 06:10:20,536 INFO p_ofi_add_3: 0.3290385990850403 , std 0.3529084231718856 
2023-04-20 06:10:20,536 INFO p_ofi_add_4: 0.42434481845736627 , std 0.37198169798974134 
2023-04-20 06:10:20,536 INFO p_ofi_add_5: 0.5048699570087715 , std 0.37500860914352374 
2023-04-20 06:10:20,536 INFO p_ofi_add_6: 0.5583319836974395 , std 0.36649342436952503 
2023-04-20 06:10:20,536 INFO p_ofi_add_7: 0.5605798999189087 , std 0.3681378980514251 
2023-04-20 06:10:20,536 INFO p_ofi_add_8: 0.5930857254145478 , std 0.3640635348986048 
2023-04-20 06:10:20,536 INFO p_ofi_add_9: 0.6063426570394203 , std 0.3682557308350037 
2023-04-20 06:10:20,536 INFO p_ofi_add_10: 0.5256743339712554 , std 0.38501151319016047 
2023-04-20 06:10:20,536 INFO p_ofi_cancel_1: 0.4450310046017445 , std 0.4057235029113521 
2023-04-20 06:10:20,536 INFO p_ofi_cancel_2: 0.28321006873157095 , std 0.35191305003273715 
2023-04-20 06:10:20,536 INFO p_ofi_cancel_3: 0.37045948783863153 , std 0.3699629554330197 
2023-04-20 06:10:20,536 INFO p_ofi_cancel_4: 0.4739154683214864 , std 0.3768400763616121 
2023-04-20 06:10:20,536 INFO p_ofi_cancel_5: 0.5593211726366347 , std 0.37940022395472345 
2023-04-20 06:10:20,537 INFO p_ofi_cancel_6: 0.6260517914363379 , std 0.3686024877094478 
2023-04-20 06:10:20,537 INFO p_ofi_cancel_7: 0.6613449270287063 , std 0.36953742954112984 
2023-04-20 06:10:20,537 INFO p_ofi_cancel_8: 0.6663756558879407 , std 0.36254621668574755 
2023-04-20 06:10:20,537 INFO p_ofi_cancel_9: 0.6686936762200235 , std 0.361001641716449 
2023-04-20 06:10:20,537 INFO p_ofi_cancel_10: 0.5900649876090102 , std 0.3896279786925829 
2023-04-20 06:10:20,537 INFO p_ofi_trade_1: 0.5534477407090228 , std 0.39293791801634537 
2023-04-20 06:10:20,537 INFO p_ofi_trade_2: 0.5574434060766689 , std 0.3861090035221304 
2023-04-20 06:10:20,537 INFO p_ofi_trade_3: 0.5953745283015011 , std 0.3761991516037069 
2023-04-20 06:10:20,537 INFO p_ofi_trade_4: 0.6340120445966692 , std 0.36930500791118825 
2023-04-20 06:10:20,537 INFO p_ofi_trade_5: 0.6496489295768056 , std 0.36207070829413696 
2023-04-20 06:10:20,537 INFO p_ofi_trade_6: 0.674441621529471 , std 0.353913028517908 
2023-04-20 06:10:20,537 INFO p_ofi_trade_7: 0.6446456924044515 , std 0.3630841542120771 
2023-04-20 06:10:20,537 INFO p_ofi_trade_8: 0.6295364734567238 , std 0.36731644292714605 
2023-04-20 06:10:20,537 INFO p_ofi_trade_9: 0.6228046614501741 , std 0.365300526172104 
2023-04-20 06:10:20,537 INFO p_ofi_trade_10: 0.5608680027551597 , std 0.3805934996487194 
