2023-04-20 06:19:34,583 INFO Tickers: ['TMO']
2023-04-20 06:19:39,236 INFO Negative OS: -0.02713451148531365 --- ticker TMO --- day 2017-01-13 --- time 36000
2023-04-20 06:19:45,558 INFO Negative OS: -0.3538304330696398 --- ticker TMO --- day 2017-03-27 --- time 37800
2023-04-20 06:19:46,278 INFO Negative OS: -0.05795445464097804 --- ticker TMO --- day 2017-04-03 --- time 36000
2023-04-20 06:19:51,710 INFO Negative OS: -1.396443324726235 --- ticker TMO --- day 2017-07-06 --- time 37800
2023-04-20 06:20:15,158 INFO Negative OS: -0.09006767480648392 --- ticker TMO --- day 2018-03-01 --- time 52200
2023-04-20 06:20:15,418 INFO Negative OS: -1.1261493077258287 --- ticker TMO --- day 2018-03-05 --- time 37800
2023-04-20 06:20:16,557 INFO Negative OS: -9.825288295366882 --- ticker TMO --- day 2018-03-23 --- time 39600
2023-04-20 06:20:17,233 INFO Negative OS: -0.13988755822945143 --- ticker TMO --- day 2018-03-23 --- time 46800
2023-04-20 06:20:18,428 INFO Negative OS: -2.9042066731841163 --- ticker TMO --- day 2018-03-28 --- time 37800
2023-04-20 06:20:18,755 INFO Negative OS: -0.8197066901685615 --- ticker TMO --- day 2018-04-02 --- time 39600
2023-04-20 06:20:19,461 INFO Negative OS: -0.03823445003779069 --- ticker TMO --- day 2018-04-02 --- time 41400
2023-04-20 06:20:20,529 INFO Negative OS: -0.12688017085354275 --- ticker TMO --- day 2018-04-02 --- time 50400
2023-04-20 06:20:25,347 INFO Negative OS: -0.35788577850942893 --- ticker TMO --- day 2018-05-03 --- time 36000
2023-04-20 06:20:28,252 INFO Negative OS: -2.144621017189822 --- ticker TMO --- day 2018-06-29 --- time 36000
2023-04-20 06:20:35,397 INFO Negative OS: -0.5817425525370097 --- ticker TMO --- day 2018-09-27 --- time 50400
2023-04-20 06:20:36,135 INFO Negative OS: -0.3927747091231346 --- ticker TMO --- day 2018-10-01 --- time 43200
2023-04-20 06:20:36,601 INFO Negative OS: -1.0336747710694207 --- ticker TMO --- day 2018-10-02 --- time 36000
2023-04-20 06:20:39,538 INFO Negative OS: -0.6882430698659188 --- ticker TMO --- day 2018-10-11 --- time 37800
2023-04-20 06:20:40,917 INFO Negative OS: -0.5735779090565492 --- ticker TMO --- day 2018-10-12 --- time 37800
2023-04-20 06:20:46,437 INFO Negative OS: -0.4736277970906675 --- ticker TMO --- day 2018-10-18 --- time 52200
2023-04-20 06:20:48,470 INFO Negative OS: -0.0807351021256606 --- ticker TMO --- day 2018-10-22 --- time 45000
2023-04-20 06:20:49,033 INFO Negative OS: -14.526929833062605 --- ticker TMO --- day 2018-10-23 --- time 36000
2023-04-20 06:20:49,105 INFO Negative OS: -0.09004282537468944 --- ticker TMO --- day 2018-10-23 --- time 37800
2023-04-20 06:20:49,297 INFO Negative OS: -0.31167662529682305 --- ticker TMO --- day 2018-10-23 --- time 41400
2023-04-20 06:20:50,445 INFO Negative OS: -1.7025665840356554 --- ticker TMO --- day 2018-10-24 --- time 41400
2023-04-20 06:20:53,869 INFO Negative OS: -0.14659746089530157 --- ticker TMO --- day 2018-10-25 --- time 52200
2023-04-20 06:20:57,757 INFO Negative OS: -0.41343357116320156 --- ticker TMO --- day 2018-10-29 --- time 41400
2023-04-20 06:20:59,364 INFO Negative OS: -0.0548722644085573 --- ticker TMO --- day 2018-10-29 --- time 52200
2023-04-20 06:21:00,652 INFO Negative OS: -0.32710972440638586 --- ticker TMO --- day 2018-10-30 --- time 45000
2023-04-20 06:21:03,389 INFO Negative OS: -0.7250821242821326 --- ticker TMO --- day 2018-11-01 --- time 36000
2023-04-20 06:21:05,458 INFO Negative OS: -0.11506409759209202 --- ticker TMO --- day 2018-11-02 --- time 45000
2023-04-20 06:21:07,961 INFO Negative OS: -0.30910224526088936 --- ticker TMO --- day 2018-11-07 --- time 36000
2023-04-20 06:21:13,954 INFO Negative OS: -0.17415503286197298 --- ticker TMO --- day 2018-11-28 --- time 41400
2023-04-20 06:21:15,085 INFO Negative OS: -1.5268430961640944 --- ticker TMO --- day 2018-11-30 --- time 52200
2023-04-20 06:21:16,728 INFO Negative OS: -12.1668237090696 --- ticker TMO --- day 2018-12-04 --- time 45000
2023-04-20 06:21:17,946 INFO Negative OS: -0.2064890867491156 --- ticker TMO --- day 2018-12-06 --- time 36000
2023-04-20 06:21:18,180 INFO Negative OS: -9.084302862807531 --- ticker TMO --- day 2018-12-06 --- time 39600
2023-04-20 06:21:18,770 INFO Negative OS: -0.09581628540273579 --- ticker TMO --- day 2018-12-06 --- time 45000
2023-04-20 06:21:23,618 INFO Negative OS: -0.20223885890450655 --- ticker TMO --- day 2018-12-11 --- time 52200
2023-04-20 06:21:25,056 INFO Negative OS: -0.11546991643637972 --- ticker TMO --- day 2018-12-17 --- time 37800
2023-04-20 06:21:27,536 INFO Negative OS: -0.3744183463471027 --- ticker TMO --- day 2018-12-19 --- time 48600
2023-04-20 06:21:29,712 INFO Negative OS: -0.5216604180085316 --- ticker TMO --- day 2018-12-20 --- time 39600
2023-04-20 06:21:30,590 INFO Negative OS: -0.028193875412209746 --- ticker TMO --- day 2018-12-20 --- time 41400
2023-04-20 06:21:31,697 INFO Negative OS: -0.3760804219082938 --- ticker TMO --- day 2018-12-20 --- time 48600
2023-04-20 06:21:33,008 INFO Negative OS: -0.10308377314371131 --- ticker TMO --- day 2018-12-21 --- time 37800
2023-04-20 06:21:37,256 INFO Negative OS: -1.0518619992530613 --- ticker TMO --- day 2018-12-28 --- time 45000
2023-04-20 06:21:38,891 INFO Negative OS: -0.30808842869141806 --- ticker TMO --- day 2018-12-31 --- time 46800
2023-04-20 06:21:42,352 INFO Negative OS: -0.09855690450678667 --- ticker TMO --- day 2019-01-04 --- time 48600
2023-04-20 06:21:42,894 INFO Negative OS: -0.7058232404947671 --- ticker TMO --- day 2019-01-07 --- time 37800
2023-04-20 06:21:43,666 INFO Negative OS: -0.1582293109428401 --- ticker TMO --- day 2019-01-07 --- time 50400
2023-04-20 06:21:45,481 INFO Negative OS: -3.05035211812854 --- ticker TMO --- day 2019-01-11 --- time 50400
2023-04-20 06:21:48,550 INFO Negative OS: -2.7352194232667055 --- ticker TMO --- day 2019-01-23 --- time 43200
2023-04-20 06:21:49,610 INFO Negative OS: -0.8703470647476368 --- ticker TMO --- day 2019-01-23 --- time 50400
2023-04-20 06:21:50,010 INFO Negative OS: -0.036661201316730896 --- ticker TMO --- day 2019-01-24 --- time 52200
2023-04-20 06:21:50,982 INFO Negative OS: -0.5387171480166237 --- ticker TMO --- day 2019-01-28 --- time 50400
2023-04-20 06:21:51,259 INFO Negative OS: -0.043925166807860405 --- ticker TMO --- day 2019-01-28 --- time 52200
2023-04-20 06:21:52,248 INFO Negative OS: -0.06612855010906271 --- ticker TMO --- day 2019-01-30 --- time 50400
2023-04-20 06:21:52,607 INFO Negative OS: -0.11683722325133461 --- ticker TMO --- day 2019-01-31 --- time 39600
2023-04-20 06:21:54,664 INFO Negative OS: -0.5774146026013958 --- ticker TMO --- day 2019-02-14 --- time 43200
2023-04-20 06:21:56,801 INFO Negative OS: -2.1310998618171215 --- ticker TMO --- day 2019-03-05 --- time 36000
2023-04-20 06:22:06,223 INFO Negative OS: -11.175441206533213 --- ticker TMO --- day 2019-04-23 --- time 36000
2023-04-20 06:22:06,517 INFO Negative OS: -0.9865846009420589 --- ticker TMO --- day 2019-04-23 --- time 39600
2023-04-20 06:22:06,675 INFO Negative OS: -0.09768242991939635 --- ticker TMO --- day 2019-04-23 --- time 50400
2023-04-20 06:22:10,021 INFO Negative OS: -88.37404677622683 --- ticker TMO --- day 2019-05-07 --- time 50400
2023-04-20 06:22:12,756 INFO Negative OS: -3.5177951610354894 --- ticker TMO --- day 2019-05-13 --- time 52200
2023-04-20 06:22:14,357 INFO Negative OS: -0.36504253979873913 --- ticker TMO --- day 2019-05-20 --- time 50400
2023-04-20 06:22:17,433 INFO Negative OS: -0.3496438248858471 --- ticker TMO --- day 2019-06-05 --- time 37800
2023-04-20 06:22:19,041 INFO Negative OS: -0.6045348390762877 --- ticker TMO --- day 2019-06-18 --- time 36000
2023-04-20 06:22:22,101 INFO Negative OS: -0.15334593907909588 --- ticker TMO --- day 2019-07-22 --- time 41400
2023-04-20 06:22:25,335 INFO Negative OS: -1.9182877286036297 --- ticker TMO --- day 2019-08-06 --- time 37800
2023-04-20 06:22:25,784 INFO Negative OS: -9.561525367852255 --- ticker TMO --- day 2019-08-06 --- time 41400
2023-04-20 06:22:35,678 INFO Negative OS: -0.9744349481114443 --- ticker TMO --- day 2019-09-04 --- time 36000
2023-04-20 06:22:36,271 INFO Negative OS: -0.43443973601775343 --- ticker TMO --- day 2019-09-04 --- time 37800
2023-04-20 06:22:41,271 INFO Negative OS: -0.2504619929260028 --- ticker TMO --- day 2019-10-08 --- time 52200
2023-04-20 06:22:42,166 INFO Negative OS: -0.43956729004197026 --- ticker TMO --- day 2019-10-22 --- time 52200
2023-04-20 06:22:43,299 INFO Negative OS: -0.0011254598414409678 --- ticker TMO --- day 2019-10-30 --- time 52200
2023-04-20 06:22:43,571 INFO Negative OS: -0.031976304808806644 --- ticker TMO --- day 2019-11-01 --- time 36000
2023-04-20 06:22:43,920 INFO Negative OS: -0.5022726349786264 --- ticker TMO --- day 2019-11-07 --- time 52200
2023-04-20 06:22:46,294 INFO Negative OS: -1.2085650116489388 --- ticker TMO --- day 2019-12-12 --- time 52200
2023-04-20 06:22:46,521 INFO in_r2: 0.7047243809118184 , std 0.19065420777756598 
2023-04-20 06:22:46,522 INFO os_r2: 0.38144028453266865 , std 2.693794017886217 
2023-04-20 06:22:46,522 INFO intercept: -0.003277172478772228 , std 0.0029662752386297917 
2023-04-20 06:22:46,522 INFO ofi_add_1: 0.0005745861612988856 , std 0.0006678975163606978 
2023-04-20 06:22:46,522 INFO ofi_add_2: 0.000540939134278983 , std 0.0008702242186421989 
2023-04-20 06:22:46,522 INFO ofi_add_3: 0.0004277342761182707 , std 0.000722826777883821 
2023-04-20 06:22:46,522 INFO ofi_add_4: 0.00023898072257526318 , std 0.0004747994268296572 
2023-04-20 06:22:46,522 INFO ofi_add_5: 0.0002006982187184956 , std 0.0005289598741973615 
2023-04-20 06:22:46,522 INFO ofi_add_6: 0.00013675519013226238 , std 0.0005045703462624843 
2023-04-20 06:22:46,522 INFO ofi_add_7: 0.0001363556569376655 , std 0.0006009047460633442 
2023-04-20 06:22:46,522 INFO ofi_add_8: 0.0002014645927396328 , std 0.0008252418195653645 
2023-04-20 06:22:46,522 INFO ofi_add_9: 0.0001645228708034643 , std 0.000516687694600893 
2023-04-20 06:22:46,522 INFO ofi_add_10: 0.00021049265131970228 , std 0.0007506249583395409 
2023-04-20 06:22:46,522 INFO ofi_cancel_1: 0.0004591642439998537 , std 0.0006243028838330277 
2023-04-20 06:22:46,522 INFO ofi_cancel_2: 0.0005099151572936816 , std 0.0008606728024187305 
2023-04-20 06:22:46,522 INFO ofi_cancel_3: 0.00034646944808148833 , std 0.0007721329479784148 
2023-04-20 06:22:46,522 INFO ofi_cancel_4: 0.00016509736049187583 , std 0.0004452015062331226 
2023-04-20 06:22:46,522 INFO ofi_cancel_5: 0.0001478159598737343 , std 0.0004979161013535855 
2023-04-20 06:22:46,522 INFO ofi_cancel_6: 9.12537205195731e-05 , std 0.00046861273335703084 
2023-04-20 06:22:46,522 INFO ofi_cancel_7: 9.962461435249194e-05 , std 0.0005768251986505464 
2023-04-20 06:22:46,522 INFO ofi_cancel_8: 0.00016355820802274647 , std 0.0007871371124944242 
2023-04-20 06:22:46,522 INFO ofi_cancel_9: 0.00012794683114438903 , std 0.0004721683413034262 
2023-04-20 06:22:46,522 INFO ofi_cancel_10: 0.00021707756147230738 , std 0.0008233134494245497 
2023-04-20 06:22:46,522 INFO ofi_trade_1: 0.0002851660996978122 , std 0.00039605126818994044 
2023-04-20 06:22:46,522 INFO ofi_trade_2: 0.00012437723058633012 , std 0.00030409268836648323 
2023-04-20 06:22:46,522 INFO ofi_trade_3: 0.00011432609416682041 , std 0.0003142087480405676 
2023-04-20 06:22:46,522 INFO ofi_trade_4: 8.456710016112343e-05 , std 0.00030807858258421594 
2023-04-20 06:22:46,522 INFO ofi_trade_5: 8.279900090078244e-05 , std 0.0003011178262912331 
2023-04-20 06:22:46,522 INFO ofi_trade_6: 9.650627495469512e-05 , std 0.000326975746025785 
2023-04-20 06:22:46,522 INFO ofi_trade_7: 0.00010893563507735197 , std 0.000298890702209781 
2023-04-20 06:22:46,522 INFO ofi_trade_8: 0.0001382267137968844 , std 0.0003555465636074425 
2023-04-20 06:22:46,522 INFO ofi_trade_9: 0.00014819923595081768 , std 0.00035848687514426 
2023-04-20 06:22:46,522 INFO ofi_trade_10: 0.0001940130431128128 , std 0.00036884465405619257 
2023-04-20 06:22:46,522 INFO t_intercept: -6.546463492006569 , std 3.970768987736229 
2023-04-20 06:22:46,522 INFO t_ofi_add_1: 2.3125132448521137 , std 1.5176617781610793 
2023-04-20 06:22:46,522 INFO t_ofi_add_2: 1.3419780776761534 , std 1.2052000362354864 
2023-04-20 06:22:46,522 INFO t_ofi_add_3: 0.9464095960996232 , std 0.9886134691896049 
2023-04-20 06:22:46,522 INFO t_ofi_add_4: 0.5214362962419874 , std 0.7220678367714014 
2023-04-20 06:22:46,522 INFO t_ofi_add_5: 0.3496256658358948 , std 0.6063688176328532 
2023-04-20 06:22:46,522 INFO t_ofi_add_6: 0.25691425974009763 , std 0.5519790086917727 
2023-04-20 06:22:46,522 INFO t_ofi_add_7: 0.24449480313388086 , std 0.501406932251352 
2023-04-20 06:22:46,522 INFO t_ofi_add_8: 0.2470568666579802 , std 0.5237451442276141 
2023-04-20 06:22:46,522 INFO t_ofi_add_9: 0.23859804816629748 , std 0.4756188609444913 
2023-04-20 06:22:46,522 INFO t_ofi_add_10: 0.3554319744702806 , std 0.7110575537660577 
2023-04-20 06:22:46,522 INFO t_ofi_cancel_1: 2.0244064504353103 , std 1.4333102218967204 
2023-04-20 06:22:46,522 INFO t_ofi_cancel_2: 1.448397327036694 , std 1.304438709101796 
2023-04-20 06:22:46,522 INFO t_ofi_cancel_3: 0.8668149898437848 , std 0.9886164926101619 
2023-04-20 06:22:46,522 INFO t_ofi_cancel_4: 0.41465396801775983 , std 0.6854892569002796 
2023-04-20 06:22:46,522 INFO t_ofi_cancel_5: 0.285948800542546 , std 0.612070549210678 
2023-04-20 06:22:46,522 INFO t_ofi_cancel_6: 0.18706862321399556 , std 0.5197655795777252 
2023-04-20 06:22:46,523 INFO t_ofi_cancel_7: 0.15250447889924343 , std 0.44863054513448625 
2023-04-20 06:22:46,523 INFO t_ofi_cancel_8: 0.19006257531941578 , std 0.5010919753484584 
2023-04-20 06:22:46,523 INFO t_ofi_cancel_9: 0.17688782861498512 , std 0.45439062175513056 
2023-04-20 06:22:46,523 INFO t_ofi_cancel_10: 0.3149785415284093 , std 0.6885964459757385 
2023-04-20 06:22:46,523 INFO t_ofi_trade_1: 1.1952957394413501 , std 1.2409163788218402 
2023-04-20 06:22:46,523 INFO t_ofi_trade_2: 0.43734010214814967 , std 0.8430853967350737 
2023-04-20 06:22:46,523 INFO t_ofi_trade_3: 0.3857987912508815 , std 0.7866679458394507 
2023-04-20 06:22:46,523 INFO t_ofi_trade_4: 0.26850038504127893 , std 0.8089919304708498 
2023-04-20 06:22:46,523 INFO t_ofi_trade_5: 0.27322517127836493 , std 0.7666423349359446 
2023-04-20 06:22:46,523 INFO t_ofi_trade_6: 0.2939980926151901 , std 0.7723162245516753 
2023-04-20 06:22:46,523 INFO t_ofi_trade_7: 0.3601866988222243 , std 0.7413826488245068 
2023-04-20 06:22:46,523 INFO t_ofi_trade_8: 0.4133709750381631 , std 0.7803735064883405 
2023-04-20 06:22:46,523 INFO t_ofi_trade_9: 0.49821325673183287 , std 0.8303327103338171 
2023-04-20 06:22:46,523 INFO t_ofi_trade_10: 0.6629644381277471 , std 0.9360511660196755 
2023-04-20 06:22:46,523 INFO p_intercept: 0.059686356076736 , std 0.17392450329759215 
2023-04-20 06:22:46,523 INFO p_ofi_add_1: 0.19919540111537679 , std 0.3211680676000144 
2023-04-20 06:22:46,523 INFO p_ofi_add_2: 0.40253177587031347 , std 0.39937190883421386 
2023-04-20 06:22:46,523 INFO p_ofi_add_3: 0.5131991919806927 , std 0.38390121131034044 
2023-04-20 06:22:46,523 INFO p_ofi_add_4: 0.6822207911429727 , std 0.3445267074141611 
2023-04-20 06:22:46,523 INFO p_ofi_add_5: 0.7578022947863472 , std 0.30713053686613406 
2023-04-20 06:22:46,523 INFO p_ofi_add_6: 0.7991808915341074 , std 0.2768267381514708 
2023-04-20 06:22:46,523 INFO p_ofi_add_7: 0.8149043030343349 , std 0.2651845424239263 
2023-04-20 06:22:46,523 INFO p_ofi_add_8: 0.8184448114871389 , std 0.2636147759670477 
2023-04-20 06:22:46,523 INFO p_ofi_add_9: 0.8209045204700887 , std 0.26244164209762844 
2023-04-20 06:22:46,523 INFO p_ofi_add_10: 0.7789814239562344 , std 0.3128083164978934 
2023-04-20 06:22:46,523 INFO p_ofi_cancel_1: 0.2507546196273824 , std 0.3526280604427436 
2023-04-20 06:22:46,523 INFO p_ofi_cancel_2: 0.3872849220843622 , std 0.3990900114656183 
2023-04-20 06:22:46,523 INFO p_ofi_cancel_3: 0.5570152944087883 , std 0.39620653747870443 
2023-04-20 06:22:46,523 INFO p_ofi_cancel_4: 0.7291202288855341 , std 0.3294446795943223 
2023-04-20 06:22:46,523 INFO p_ofi_cancel_5: 0.7956963022682346 , std 0.30331981135758723 
2023-04-20 06:22:46,523 INFO p_ofi_cancel_6: 0.8381787190059724 , std 0.26616842433396076 
2023-04-20 06:22:46,523 INFO p_ofi_cancel_7: 0.8648052650509116 , std 0.23708308467827233 
2023-04-20 06:22:46,523 INFO p_ofi_cancel_8: 0.8481467412205852 , std 0.25066344497238524 
2023-04-20 06:22:46,523 INFO p_ofi_cancel_9: 0.8557976056221358 , std 0.2456201646359181 
2023-04-20 06:22:46,523 INFO p_ofi_cancel_10: 0.7914498869751592 , std 0.3023431511474227 
2023-04-20 06:22:46,523 INFO p_ofi_trade_1: 0.429731540007163 , std 0.3900558888240794 
2023-04-20 06:22:46,523 INFO p_ofi_trade_2: 0.6781171815600123 , std 0.35802850875282377 
2023-04-20 06:22:46,523 INFO p_ofi_trade_3: 0.699356354266413 , std 0.3478836077115945 
2023-04-20 06:22:46,523 INFO p_ofi_trade_4: 0.7217041119019807 , std 0.3449445063785556 
2023-04-20 06:22:46,523 INFO p_ofi_trade_5: 0.7453972448870759 , std 0.3333060883387859 
2023-04-20 06:22:46,523 INFO p_ofi_trade_6: 0.7290213679232932 , std 0.33148428090850596 
2023-04-20 06:22:46,523 INFO p_ofi_trade_7: 0.7191703345244761 , std 0.33769425634875266 
2023-04-20 06:22:46,523 INFO p_ofi_trade_8: 0.6977384653726257 , std 0.34698833049712474 
2023-04-20 06:22:46,523 INFO p_ofi_trade_9: 0.6621792427945842 , std 0.36028752716441825 
2023-04-20 06:22:46,523 INFO p_ofi_trade_10: 0.6093984412778775 , std 0.3761575890836454 
