2023-04-21 10:03:31,238 INFO Tickers: ['ACN']
2023-04-21 10:03:54,797 INFO Negative OS: -0.9145483329169151 --- ticker ACN --- day 2018-04-18 --- time 39600
2023-04-21 10:04:23,522 INFO Negative OS: -0.38722845970441666 --- ticker ACN --- day 2019-10-03 --- time 36000
2023-04-21 10:04:25,137 INFO Negative OS: -0.06747985484810592 --- ticker ACN --- day 2019-11-01 --- time 50400
2023-04-21 10:04:27,273 INFO in_r2: 0.8216641467583259 , std 0.08099203811604794 
2023-04-21 10:04:27,273 INFO os_r2: 0.7893921005619331 , std 0.11141297937942575 
2023-04-21 10:04:27,273 INFO intercept: -6.70658960583951e-08 , std 9.771430631315106e-06 
2023-04-21 10:04:27,273 INFO ofi_1: 0.0001187346429519232 , std 8.743500230350002e-05 
2023-04-21 10:04:27,273 INFO ofi_2: 0.00012896889922372684 , std 8.281532722338432e-05 
2023-04-21 10:04:27,273 INFO ofi_3: 7.940216124688815e-05 , std 7.647212098948683e-05 
2023-04-21 10:04:27,273 INFO ofi_4: 5.1905675724790445e-05 , std 7.585498032515529e-05 
2023-04-21 10:04:27,273 INFO ofi_5: 4.539970328202653e-05 , std 8.542152195710154e-05 
2023-04-21 10:04:27,273 INFO ofi_6: 7.499375498117205e-05 , std 8.686700882779465e-05 
2023-04-21 10:04:27,273 INFO t_intercept: 0.03213696224496215 , std 1.1380318856403844 
2023-04-21 10:04:27,273 INFO t_ofi_1: 3.1772076660105393 , std 1.745099742126726 
2023-04-21 10:04:27,273 INFO t_ofi_2: 2.9674038244491006 , std 1.4510109106328795 
2023-04-21 10:04:27,273 INFO t_ofi_3: 1.7411487587097463 , std 1.3276589132115166 
2023-04-21 10:04:27,273 INFO t_ofi_4: 1.108563494502818 , std 1.2987539387093372 
2023-04-21 10:04:27,274 INFO t_ofi_5: 0.9353762542557066 , std 1.2433362766536682 
2023-04-21 10:04:27,274 INFO t_ofi_6: 1.868867919739002 , std 1.5242302496909552 
2023-04-21 10:04:27,274 INFO p_intercept: 0.46627590214737824 , std 0.29819465495430436 
2023-04-21 10:04:27,274 INFO p_ofi_1: 0.08021649412390769 , std 0.18618268117945488 
2023-04-21 10:04:27,274 INFO p_ofi_2: 0.07548081334273123 , std 0.17599427722464206 
2023-04-21 10:04:27,274 INFO p_ofi_3: 0.2200691350258436 , std 0.2773389786648546 
2023-04-21 10:04:27,274 INFO p_ofi_4: 0.3287707011649242 , std 0.3078398497515711 
2023-04-21 10:04:27,274 INFO p_ofi_5: 0.35552983185278025 , std 0.30673087495107 
2023-04-21 10:04:27,274 INFO p_ofi_6: 0.21343190759451147 , std 0.2813775799302155 
