2023-04-21 10:06:00,767 INFO Tickers: ['AMT']
2023-04-21 10:06:16,340 INFO Negative OS: -1.269097360272637 --- ticker AMT --- day 2017-11-13 --- time 36000
2023-04-21 10:06:20,350 INFO Negative OS: -2.093361165543883 --- ticker AMT --- day 2018-02-06 --- time 52200
2023-04-21 10:06:21,655 INFO Negative OS: -0.01381505614408618 --- ticker AMT --- day 2018-03-05 --- time 36000
2023-04-21 10:06:22,544 INFO Negative OS: -2.692275875492628 --- ticker AMT --- day 2018-03-21 --- time 52200
2023-04-21 10:06:23,486 INFO Negative OS: -0.35167625627781973 --- ticker AMT --- day 2018-04-10 --- time 46800
2023-04-21 10:06:24,688 INFO Negative OS: -0.3525478584120454 --- ticker AMT --- day 2018-05-03 --- time 41400
2023-04-21 10:06:32,850 INFO Negative OS: -1.519542282501393 --- ticker AMT --- day 2018-10-16 --- time 36000
2023-04-21 10:06:33,019 INFO Negative OS: -0.6662979943020688 --- ticker AMT --- day 2018-10-18 --- time 41400
2023-04-21 10:06:33,647 INFO Negative OS: -0.009345557593031462 --- ticker AMT --- day 2018-10-30 --- time 36000
2023-04-21 10:06:34,605 INFO Negative OS: -0.05639926570708509 --- ticker AMT --- day 2018-11-15 --- time 46800
2023-04-21 10:06:35,704 INFO Negative OS: -2.863688857441691 --- ticker AMT --- day 2018-12-10 --- time 43200
2023-04-21 10:06:36,320 INFO Negative OS: -0.39293160370291513 --- ticker AMT --- day 2018-12-20 --- time 41400
2023-04-21 10:06:36,330 INFO Negative OS: -0.14653748857532722 --- ticker AMT --- day 2018-12-20 --- time 45000
2023-04-21 10:06:36,732 INFO Negative OS: -0.009602202229310297 --- ticker AMT --- day 2018-12-31 --- time 37800
2023-04-21 10:06:36,753 INFO Negative OS: -0.41619286896607655 --- ticker AMT --- day 2018-12-31 --- time 46800
2023-04-21 10:06:37,206 INFO Negative OS: -0.16480146232204484 --- ticker AMT --- day 2019-01-10 --- time 41400
2023-04-21 10:06:38,389 INFO Negative OS: -0.19660949031229347 --- ticker AMT --- day 2019-02-01 --- time 52200
2023-04-21 10:06:54,458 INFO in_r2: 0.7531696903786969 , std 0.1289115844966794 
2023-04-21 10:06:54,458 INFO os_r2: 0.6791412232829013 , std 0.26133777780036344 
2023-04-21 10:06:54,458 INFO intercept: -2.2342930041889195e-07 , std 1.4901085466230078e-05 
2023-04-21 10:06:54,458 INFO ofi_1: 0.00014212127951275514 , std 0.0001275375618232571 
2023-04-21 10:06:54,458 INFO ofi_2: 0.00015278787067721654 , std 0.0001252973129017833 
2023-04-21 10:06:54,458 INFO ofi_3: 0.00010261148036021453 , std 0.0001265559047355362 
2023-04-21 10:06:54,458 INFO ofi_4: 7.62995729389801e-05 , std 0.00016134034685846258 
2023-04-21 10:06:54,458 INFO ofi_5: 6.407764544990385e-05 , std 0.00015809697630834465 
2023-04-21 10:06:54,458 INFO ofi_6: 0.00012531304203923467 , std 0.00016453843725701024 
2023-04-21 10:06:54,458 INFO t_intercept: -0.054738138917838026 , std 1.251778592267834 
2023-04-21 10:06:54,459 INFO t_ofi_1: 3.4354222386844735 , std 1.9622349571145499 
2023-04-21 10:06:54,459 INFO t_ofi_2: 2.8678219526633266 , std 1.5269924755552127 
2023-04-21 10:06:54,459 INFO t_ofi_3: 1.7225500879381603 , std 1.3732062570910635 
2023-04-21 10:06:54,459 INFO t_ofi_4: 1.0872302326161434 , std 1.372618006415715 
2023-04-21 10:06:54,459 INFO t_ofi_5: 0.8592676425049968 , std 1.3069804554507123 
2023-04-21 10:06:54,459 INFO t_ofi_6: 1.7566841415759027 , std 1.4671535200026276 
2023-04-21 10:06:54,459 INFO p_intercept: 0.4398499474714896 , std 0.3036218330458856 
2023-04-21 10:06:54,459 INFO p_ofi_1: 0.08134320306647698 , std 0.19652127173275252 
2023-04-21 10:06:54,459 INFO p_ofi_2: 0.09484786728822377 , std 0.20212729230593318 
2023-04-21 10:06:54,459 INFO p_ofi_3: 0.22164158931543262 , std 0.27618067569104765 
2023-04-21 10:06:54,459 INFO p_ofi_4: 0.31711419601044405 , std 0.30268770723396343 
2023-04-21 10:06:54,459 INFO p_ofi_5: 0.36479818677520703 , std 0.30939830923334644 
2023-04-21 10:06:54,459 INFO p_ofi_6: 0.22570154530199715 , std 0.2827672248751193 
