2023-04-21 10:01:35,290 INFO Tickers: ['C']
2023-04-21 10:02:35,010 INFO Negative OS: -0.4261262072053362 --- ticker C --- day 2019-11-04 --- time 48600
2023-04-21 10:02:37,386 INFO in_r2: 0.9673763273781044 , std 0.01885193966989725 
2023-04-21 10:02:37,386 INFO os_r2: 0.9573516387425373 , std 0.03688691681263692 
2023-04-21 10:02:37,386 INFO intercept: 3.3736065986258485e-07 , std 4.139045029605383e-06 
2023-04-21 10:02:37,386 INFO ofi_1: 3.165049300491653e-05 , std 4.370727638161095e-05 
2023-04-21 10:02:37,386 INFO ofi_2: 0.00011769205025959721 , std 7.34876370760353e-05 
2023-04-21 10:02:37,386 INFO ofi_3: 0.00010249709661223257 , std 6.287049763152817e-05 
2023-04-21 10:02:37,386 INFO ofi_4: 9.160951315079372e-05 , std 6.16046788130818e-05 
2023-04-21 10:02:37,386 INFO ofi_5: 7.404231319324023e-05 , std 6.307260577730004e-05 
2023-04-21 10:02:37,386 INFO ofi_6: 0.00020768318431196967 , std 8.792480246883468e-05 
2023-04-21 10:02:37,386 INFO t_intercept: 0.0751100807141275 , std 1.152363501011834 
2023-04-21 10:02:37,386 INFO t_ofi_1: 1.4043696901797094 , std 1.7624105556705685 
2023-04-21 10:02:37,386 INFO t_ofi_2: 3.1858426033369396 , std 1.8034375917538192 
2023-04-21 10:02:37,386 INFO t_ofi_3: 2.88440866374232 , std 1.675613741856928 
2023-04-21 10:02:37,386 INFO t_ofi_4: 2.7960861780375974 , std 1.6857308356944007 
2023-04-21 10:02:37,386 INFO t_ofi_5: 2.307443320875864 , std 1.6894714141742904 
2023-04-21 10:02:37,387 INFO t_ofi_6: 5.882872019564697 , std 2.433222590061442 
2023-04-21 10:02:37,387 INFO p_intercept: 0.4618440313923053 , std 0.29721450802347854 
2023-04-21 10:02:37,387 INFO p_ofi_1: 0.26509209672446066 , std 0.29778345749332735 
2023-04-21 10:02:37,387 INFO p_ofi_2: 0.08311489440441511 , std 0.18721148611258925 
2023-04-21 10:02:37,387 INFO p_ofi_3: 0.09699292834420109 , std 0.20065714118692568 
2023-04-21 10:02:37,387 INFO p_ofi_4: 0.10860444068373279 , std 0.2109823840282357 
2023-04-21 10:02:37,387 INFO p_ofi_5: 0.1656660596757719 , std 0.25576362915711887 
2023-04-21 10:02:37,387 INFO p_ofi_6: 0.01525979603486581 , std 0.0831183950956215 
