2023-04-21 10:02:37,142 INFO Tickers: ['CRM']
2023-04-21 10:02:40,510 INFO Negative OS: -0.5096269558501003 --- ticker CRM --- day 2017-03-02 --- time 41400
2023-04-21 10:02:42,170 INFO Negative OS: -0.5980842392969814 --- ticker CRM --- day 2017-03-30 --- time 39600
2023-04-21 10:02:52,512 INFO Negative OS: -2.8896281818066805 --- ticker CRM --- day 2017-09-29 --- time 52200
2023-04-21 10:03:00,740 INFO Negative OS: -2.1358153629917505 --- ticker CRM --- day 2018-02-28 --- time 41400
2023-04-21 10:03:04,415 INFO Negative OS: -0.12698906697499046 --- ticker CRM --- day 2018-05-02 --- time 52200
2023-04-21 10:03:04,942 INFO Negative OS: -0.27949274407639013 --- ticker CRM --- day 2018-05-11 --- time 36000
2023-04-21 10:03:04,946 INFO Negative OS: -0.17824635854858983 --- ticker CRM --- day 2018-05-11 --- time 37800
2023-04-21 10:03:38,121 INFO in_r2: 0.8750158130453184 , std 0.06277208783996398 
2023-04-21 10:03:38,122 INFO os_r2: 0.8489830958270347 , std 0.10765275044135975 
2023-04-21 10:03:38,122 INFO intercept: 5.359495170917718e-07 , std 1.0272345416342636e-05 
2023-04-21 10:03:38,122 INFO ofi_1: 9.326220135616985e-05 , std 6.683425572774966e-05 
2023-04-21 10:03:38,122 INFO ofi_2: 0.00011394472989701786 , std 7.026718264593436e-05 
2023-04-21 10:03:38,122 INFO ofi_3: 8.0633253464571e-05 , std 6.804714900835606e-05 
2023-04-21 10:03:38,122 INFO ofi_4: 6.359550203990473e-05 , std 6.845243014134446e-05 
2023-04-21 10:03:38,122 INFO ofi_5: 5.651477148831035e-05 , std 7.067203599630768e-05 
2023-04-21 10:03:38,122 INFO ofi_6: 0.00010754783947450516 , std 7.398212963496426e-05 
2023-04-21 10:03:38,122 INFO t_intercept: 0.09719085255178048 , std 1.157298428918229 
2023-04-21 10:03:38,122 INFO t_ofi_1: 2.773289988588061 , std 1.6140717824485735 
2023-04-21 10:03:38,122 INFO t_ofi_2: 2.7677054329377833 , std 1.485756301181154 
2023-04-21 10:03:38,122 INFO t_ofi_3: 1.8164443967935242 , std 1.3584348405543536 
2023-04-21 10:03:38,122 INFO t_ofi_4: 1.4089140188897114 , std 1.3870484178335998 
2023-04-21 10:03:38,122 INFO t_ofi_5: 1.2180117005420368 , std 1.3468616787817764 
2023-04-21 10:03:38,122 INFO t_ofi_6: 2.7459213318422697 , std 1.6235925802492392 
2023-04-21 10:03:38,122 INFO p_intercept: 0.4654044761975159 , std 0.29878214021715466 
2023-04-21 10:03:38,122 INFO p_ofi_1: 0.10691758684616486 , std 0.21198248327988636 
2023-04-21 10:03:38,122 INFO p_ofi_2: 0.09391424166959504 , std 0.19401886576082258 
2023-04-21 10:03:38,122 INFO p_ofi_3: 0.20817771877201469 , std 0.2700715996916414 
2023-04-21 10:03:38,122 INFO p_ofi_4: 0.2791662527474752 , std 0.2971138078702409 
2023-04-21 10:03:38,122 INFO p_ofi_5: 0.30841702233585017 , std 0.29873203845226354 
2023-04-21 10:03:38,122 INFO p_ofi_6: 0.11029982840842248 , std 0.21429915735640903 
