2023-04-21 10:01:32,071 INFO Tickers: ['CSCO']
2023-04-21 10:01:33,543 INFO Negative OS: -0.9791294502055128 --- ticker CSCO --- day 2017-01-27 --- time 50400
2023-04-21 10:01:34,409 INFO Negative OS: -0.3195097432040812 --- ticker CSCO --- day 2017-02-13 --- time 36000
2023-04-21 10:01:34,418 INFO Negative OS: -0.37554840248558374 --- ticker CSCO --- day 2017-02-13 --- time 39600
2023-04-21 10:01:34,428 INFO Negative OS: -12.104335591361677 --- ticker CSCO --- day 2017-02-13 --- time 43200
2023-04-21 10:01:34,433 INFO Negative OS: -0.23334010680903194 --- ticker CSCO --- day 2017-02-13 --- time 45000
2023-04-21 10:01:34,442 INFO Negative OS: -0.824232893773367 --- ticker CSCO --- day 2017-02-13 --- time 48600
2023-04-21 10:01:34,505 INFO Negative OS: -13.173677903685528 --- ticker CSCO --- day 2017-02-14 --- time 41400
2023-04-21 10:01:34,510 INFO Negative OS: -1.7575438568837405 --- ticker CSCO --- day 2017-02-14 --- time 43200
2023-04-21 10:01:34,574 INFO Negative OS: -0.35349651028254425 --- ticker CSCO --- day 2017-02-15 --- time 36000
2023-04-21 10:01:43,300 INFO Negative OS: -0.8950574755217564 --- ticker CSCO --- day 2017-07-19 --- time 41400
2023-04-21 10:01:46,406 INFO Negative OS: -0.17749629998738792 --- ticker CSCO --- day 2017-09-12 --- time 37800
2023-04-21 10:01:46,424 INFO Negative OS: -9.037961953770868 --- ticker CSCO --- day 2017-09-12 --- time 45000
2023-04-21 10:01:46,657 INFO Negative OS: -1.067594835832455 --- ticker CSCO --- day 2017-09-15 --- time 39600
2023-04-21 10:01:46,680 INFO Negative OS: -1.1979574024378858 --- ticker CSCO --- day 2017-09-15 --- time 48600
2023-04-21 10:01:46,684 INFO Negative OS: -5.651257495374367 --- ticker CSCO --- day 2017-09-15 --- time 50400
2023-04-21 10:01:48,775 INFO Negative OS: -0.32390937267787856 --- ticker CSCO --- day 2017-10-23 --- time 36000
2023-04-21 10:01:49,122 INFO Negative OS: -1.0679136949814523 --- ticker CSCO --- day 2017-10-27 --- time 43200
2023-04-21 10:01:50,740 INFO Negative OS: -2.283330304665959 --- ticker CSCO --- day 2017-11-27 --- time 37800
2023-04-21 10:01:51,584 INFO Negative OS: -7.023978608925489 --- ticker CSCO --- day 2017-12-11 --- time 45000
2023-04-21 10:01:51,588 INFO Negative OS: -0.35958416949250993 --- ticker CSCO --- day 2017-12-11 --- time 46800
2023-04-21 10:01:53,149 INFO Negative OS: -1.6268672773643793 --- ticker CSCO --- day 2018-01-09 --- time 48600
2023-04-21 10:01:53,653 INFO Negative OS: -0.8045159472289729 --- ticker CSCO --- day 2018-01-18 --- time 52200
2023-04-21 10:01:59,846 INFO Negative OS: -2.447647503575944 --- ticker CSCO --- day 2018-05-07 --- time 50400
2023-04-21 10:02:15,643 INFO Negative OS: -2.3811606259718516 --- ticker CSCO --- day 2019-02-12 --- time 45000
2023-04-21 10:02:33,138 INFO in_r2: 0.9854887840559479 , std 0.014322931380831433 
2023-04-21 10:02:33,138 INFO os_r2: 0.9618383004696507 , std 0.303327643775074 
2023-04-21 10:02:33,138 INFO intercept: -1.5501938429336156e-07 , std 2.3741434229876726e-06 
2023-04-21 10:02:33,138 INFO ofi_1: 3.5999138084014206e-05 , std 4.732575408164046e-05 
2023-04-21 10:02:33,138 INFO ofi_2: 0.00016239630956136277 , std 0.00010274243545985978 
2023-04-21 10:02:33,138 INFO ofi_3: 0.00012110131055446602 , std 9.396299051308311e-05 
2023-04-21 10:02:33,138 INFO ofi_4: 0.00014921339472471177 , std 0.00014946803149189228 
2023-04-21 10:02:33,138 INFO ofi_5: 0.00023006332471324593 , std 0.00016042207738172168 
2023-04-21 10:02:33,138 INFO ofi_6: 0.00035777746436065354 , std 0.00019146040498523704 
2023-04-21 10:02:33,138 INFO t_intercept: -0.06378016090871794 , std 1.1053391170047469 
2023-04-21 10:02:33,138 INFO t_ofi_1: 2.3427708926437303 , std 2.4872412075081027 
2023-04-21 10:02:33,138 INFO t_ofi_2: 5.4499222158981695 , std 2.967155077629401 
2023-04-21 10:02:33,138 INFO t_ofi_3: 4.4791911915690825 , std 2.8732442294853113 
2023-04-21 10:02:33,138 INFO t_ofi_4: 4.614298352340579 , std 3.7251995260778794 
2023-04-21 10:02:33,138 INFO t_ofi_5: 5.876280097166675 , std 3.6952531267150834 
2023-04-21 10:02:33,138 INFO t_ofi_6: 8.12052942949165 , std 3.823639739364125 
2023-04-21 10:02:33,138 INFO p_intercept: 0.47276838431730306 , std 0.29715535276458666 
2023-04-21 10:02:33,138 INFO p_ofi_1: 0.17826677343635922 , std 0.27233201989330535 
2023-04-21 10:02:33,138 INFO p_ofi_2: 0.03306088425274143 , std 0.12949000987154874 
2023-04-21 10:02:33,138 INFO p_ofi_3: 0.0559250684753724 , std 0.16346944477237338 
2023-04-21 10:02:33,138 INFO p_ofi_4: 0.06720724779208133 , std 0.1749880166972704 
2023-04-21 10:02:33,138 INFO p_ofi_5: 0.03105690421313814 , std 0.12309415321317363 
2023-04-21 10:02:33,138 INFO p_ofi_6: 0.009173340174482205 , std 0.06703227523539172 
