2023-04-21 10:03:39,762 INFO Tickers: ['HON']
2023-04-21 10:04:37,993 INFO in_r2: 0.8528210806152576 , std 0.06371202794297612 
2023-04-21 10:04:37,993 INFO os_r2: 0.8281017568935432 , std 0.08502932360803858 
2023-04-21 10:04:37,993 INFO intercept: 1.0016060132587037e-07 , std 7.746003766540169e-06 
2023-04-21 10:04:37,993 INFO ofi_1: 9.745406083615083e-05 , std 7.062868331302941e-05 
2023-04-21 10:04:37,993 INFO ofi_2: 0.00011084416982230002 , std 7.579717195785158e-05 
2023-04-21 10:04:37,993 INFO ofi_3: 7.20870234938643e-05 , std 6.363178089906842e-05 
2023-04-21 10:04:37,993 INFO ofi_4: 4.9760046715819545e-05 , std 6.376746062378075e-05 
2023-04-21 10:04:37,994 INFO ofi_5: 4.3066729597477144e-05 , std 6.502782252960081e-05 
2023-04-21 10:04:37,994 INFO ofi_6: 7.507855169317173e-05 , std 6.656485967821339e-05 
2023-04-21 10:04:37,994 INFO t_intercept: 0.0387115982534241 , std 1.0851651135167104 
2023-04-21 10:04:37,994 INFO t_ofi_1: 2.888332373544799 , std 1.7010933506884613 
2023-04-21 10:04:37,994 INFO t_ofi_2: 2.760289894919741 , std 1.4676361231416157 
2023-04-21 10:04:37,994 INFO t_ofi_3: 1.7311089383939766 , std 1.30200174788773 
2023-04-21 10:04:37,994 INFO t_ofi_4: 1.1659932767008134 , std 1.2803787931549846 
2023-04-21 10:04:37,994 INFO t_ofi_5: 0.9819538662399103 , std 1.2633092782611897 
2023-04-21 10:04:37,994 INFO t_ofi_6: 2.009323955818265 , std 1.4915411071186866 
2023-04-21 10:04:37,994 INFO p_intercept: 0.4819862849042219 , std 0.2911582531731709 
2023-04-21 10:04:37,994 INFO p_ofi_1: 0.10134777537700725 , std 0.20621921620942466 
2023-04-21 10:04:37,994 INFO p_ofi_2: 0.09600923236944908 , std 0.19847825981471268 
2023-04-21 10:04:37,994 INFO p_ofi_3: 0.21621491222831213 , std 0.2712841784943725 
2023-04-21 10:04:37,994 INFO p_ofi_4: 0.3163589301069693 , std 0.301543076194005 
2023-04-21 10:04:37,994 INFO p_ofi_5: 0.34802951487121053 , std 0.3082966677650833 
2023-04-21 10:04:37,994 INFO p_ofi_6: 0.19265178100463456 , std 0.2692016494214914 
