2023-04-21 10:08:27,800 INFO Tickers: ['INTU']
2023-04-21 10:09:05,183 INFO Negative OS: -0.7714618906511306 --- ticker INTU --- day 2018-12-20 --- time 36000
2023-04-21 10:09:07,466 INFO Negative OS: -0.031109315501276713 --- ticker INTU --- day 2019-02-04 --- time 39600
2023-04-21 10:09:12,602 INFO Negative OS: -0.5565596904971575 --- ticker INTU --- day 2019-05-08 --- time 37800
2023-04-21 10:09:20,322 INFO Negative OS: -0.31892280418644936 --- ticker INTU --- day 2019-09-27 --- time 41400
2023-04-21 10:09:24,429 INFO in_r2: 0.8001638568480157 , std 0.10150814222372476 
2023-04-21 10:09:24,429 INFO os_r2: 0.7548461261282268 , std 0.1405145560414054 
2023-04-21 10:09:24,429 INFO intercept: 3.2602478458941004e-07 , std 1.9032813183706353e-05 
2023-04-21 10:09:24,429 INFO ofi_1: 5.7926452869677937e-05 , std 5.94612019534251e-05 
2023-04-21 10:09:24,429 INFO ofi_2: 0.0001130478602659089 , std 9.141546820837718e-05 
2023-04-21 10:09:24,429 INFO ofi_3: 9.884914905759518e-05 , std 9.072418813676258e-05 
2023-04-21 10:09:24,429 INFO ofi_4: 6.511504926899964e-05 , std 8.71173877329237e-05 
2023-04-21 10:09:24,429 INFO ofi_5: 5.696204500451061e-05 , std 9.693564986449211e-05 
2023-04-21 10:09:24,429 INFO ofi_6: 0.00011039022432562118 , std 0.00010956592158554038 
2023-04-21 10:09:24,429 INFO t_intercept: -0.01441462316452716 , std 1.497570804389513 
2023-04-21 10:09:24,429 INFO t_ofi_1: 2.330000094508586 , std 2.0216478931891175 
2023-04-21 10:09:24,429 INFO t_ofi_2: 2.7312502425373077 , std 1.6059286356997808 
2023-04-21 10:09:24,429 INFO t_ofi_3: 2.1094022773672103 , std 1.4830290286581187 
2023-04-21 10:09:24,429 INFO t_ofi_4: 1.3630171449121005 , std 1.3950687231325294 
2023-04-21 10:09:24,429 INFO t_ofi_5: 1.1297126668679411 , std 1.4342611591904093 
2023-04-21 10:09:24,429 INFO t_ofi_6: 2.2684115177979334 , std 1.572974950245699 
2023-04-21 10:09:24,429 INFO p_intercept: 0.37339766067578 , std 0.3050988688695509 
2023-04-21 10:09:24,429 INFO p_ofi_1: 0.15717442230303572 , std 0.25110001202587784 
2023-04-21 10:09:24,429 INFO p_ofi_2: 0.1079933128213604 , std 0.21084576230364213 
2023-04-21 10:09:24,429 INFO p_ofi_3: 0.16640752245593973 , std 0.2514128893649287 
2023-04-21 10:09:24,430 INFO p_ofi_4: 0.2761052241114505 , std 0.29442116180226297 
2023-04-21 10:09:24,430 INFO p_ofi_5: 0.3209340850638871 , std 0.3078420581734328 
2023-04-21 10:09:24,430 INFO p_ofi_6: 0.1627568139505433 , std 0.25846294646553475 
