2023-04-21 10:07:21,449 INFO Tickers: ['MDLZ']
2023-04-21 10:07:36,225 INFO Negative OS: -0.400141205112184 --- ticker MDLZ --- day 2017-09-15 --- time 52200
2023-04-21 10:07:47,545 INFO Negative OS: -0.13929701521808036 --- ticker MDLZ --- day 2018-04-06 --- time 41400
2023-04-21 10:08:00,961 INFO Negative OS: -7.227716822380341 --- ticker MDLZ --- day 2018-11-26 --- time 48600
2023-04-21 10:08:01,055 INFO Negative OS: -1.0453669200243842 --- ticker MDLZ --- day 2018-11-27 --- time 52200
2023-04-21 10:08:23,026 INFO in_r2: 0.9829912957446538 , std 0.013734448258266837 
2023-04-21 10:08:23,026 INFO os_r2: 0.9716845877086191 , std 0.1066088730519285 
2023-04-21 10:08:23,026 INFO intercept: -2.5853086488462663e-08 , std 2.1548364944792624e-06 
2023-04-21 10:08:23,026 INFO ofi_1: 3.6747740252802516e-05 , std 4.443351627040857e-05 
2023-04-21 10:08:23,026 INFO ofi_2: 0.00013281686664380577 , std 7.079888613666701e-05 
2023-04-21 10:08:23,026 INFO ofi_3: 0.0001369412493532177 , std 7.640478389816213e-05 
2023-04-21 10:08:23,026 INFO ofi_4: 0.00011946378036691798 , std 8.024672568891632e-05 
2023-04-21 10:08:23,026 INFO ofi_5: 0.0001635789808502956 , std 9.341268409324171e-05 
2023-04-21 10:08:23,026 INFO ofi_6: 0.0003034379263887064 , std 0.0001447169363602337 
2023-04-21 10:08:23,026 INFO t_intercept: -0.05756209222200309 , std 1.082580814301132 
2023-04-21 10:08:23,026 INFO t_ofi_1: 2.3551415759243715 , std 2.713923602556999 
2023-04-21 10:08:23,026 INFO t_ofi_2: 5.104210441622641 , std 2.5183598669383636 
2023-04-21 10:08:23,026 INFO t_ofi_3: 5.127291463905913 , std 2.6009730568741127 
2023-04-21 10:08:23,026 INFO t_ofi_4: 4.390063190408204 , std 2.6389211122451295 
2023-04-21 10:08:23,026 INFO t_ofi_5: 5.007031968013737 , std 2.8216981882334427 
2023-04-21 10:08:23,026 INFO t_ofi_6: 7.984061318951523 , std 3.6473753460268754 
2023-04-21 10:08:23,026 INFO p_intercept: 0.47217097954033366 , std 0.29380549235439585 
2023-04-21 10:08:23,026 INFO p_ofi_1: 0.175589073366891 , std 0.27181039399363416 
2023-04-21 10:08:23,026 INFO p_ofi_2: 0.028917281584484023 , std 0.11659118578561424 
2023-04-21 10:08:23,026 INFO p_ofi_3: 0.029861336789785402 , std 0.12001820831945673 
2023-04-21 10:08:23,026 INFO p_ofi_4: 0.05778807701922146 , std 0.16479894089380961 
2023-04-21 10:08:23,026 INFO p_ofi_5: 0.03814683991771527 , std 0.13581227173058644 
2023-04-21 10:08:23,026 INFO p_ofi_6: 0.008952466688278498 , std 0.06754651800428062 
