2023-04-21 10:04:37,201 INFO Tickers: ['NEE']
2023-04-21 10:04:52,177 INFO Negative OS: -0.46025307448827446 --- ticker NEE --- day 2017-11-02 --- time 45000
2023-04-21 10:04:56,826 INFO Negative OS: -0.2754603008492327 --- ticker NEE --- day 2018-02-08 --- time 41400
2023-04-21 10:05:14,979 INFO Negative OS: -0.1917073157489908 --- ticker NEE --- day 2019-01-25 --- time 50400
2023-04-21 10:05:30,177 INFO Negative OS: -0.5203881267435451 --- ticker NEE --- day 2019-11-01 --- time 50400
2023-04-21 10:05:32,352 INFO in_r2: 0.8127652271742406 , std 0.07403266598979819 
2023-04-21 10:05:32,352 INFO os_r2: 0.7776023148698303 , std 0.10803320697532594 
2023-04-21 10:05:32,352 INFO intercept: 1.9556791177269963e-07 , std 9.132753758959105e-06 
2023-04-21 10:05:32,352 INFO ofi_1: 0.00011803517509437568 , std 8.283138266534666e-05 
2023-04-21 10:05:32,352 INFO ofi_2: 0.00012242247261423498 , std 7.255423179023971e-05 
2023-04-21 10:05:32,352 INFO ofi_3: 7.64305378676914e-05 , std 7.051033367074631e-05 
2023-04-21 10:05:32,352 INFO ofi_4: 5.006959558680554e-05 , std 6.946164988048298e-05 
2023-04-21 10:05:32,352 INFO ofi_5: 3.744375388781808e-05 , std 7.53194196023956e-05 
2023-04-21 10:05:32,352 INFO ofi_6: 6.159661715904799e-05 , std 7.091814649231673e-05 
2023-04-21 10:05:32,352 INFO t_intercept: 0.04242752490144276 , std 1.1165541364000047 
2023-04-21 10:05:32,352 INFO t_ofi_1: 3.283028045305213 , std 1.6372770393461429 
2023-04-21 10:05:32,352 INFO t_ofi_2: 2.9772809292241846 , std 1.4002424048672855 
2023-04-21 10:05:32,352 INFO t_ofi_3: 1.7876150803768778 , std 1.3162820757401117 
2023-04-21 10:05:32,353 INFO t_ofi_4: 1.1573829985567219 , std 1.253284765545219 
2023-04-21 10:05:32,353 INFO t_ofi_5: 0.8186237130189271 , std 1.2152289568714767 
2023-04-21 10:05:32,353 INFO t_ofi_6: 1.575215058084954 , std 1.37303345023963 
2023-04-21 10:05:32,353 INFO p_intercept: 0.47645495842001956 , std 0.29812941085083017 
2023-04-21 10:05:32,353 INFO p_ofi_1: 0.06648477297130387 , std 0.17055051971514162 
2023-04-21 10:05:32,353 INFO p_ofi_2: 0.07265949376126235 , std 0.1744407948034767 
2023-04-21 10:05:32,353 INFO p_ofi_3: 0.21061035290083369 , std 0.27140470529118454 
2023-04-21 10:05:32,353 INFO p_ofi_4: 0.31699607602673785 , std 0.3015069559370781 
2023-04-21 10:05:32,353 INFO p_ofi_5: 0.38282611301528946 , std 0.3078278251600683 
2023-04-21 10:05:32,353 INFO p_ofi_6: 0.2453273554370888 , std 0.2868139320647538 
