2023-04-21 10:03:19,947 INFO Tickers: ['NFLX']
2023-04-21 10:04:10,585 INFO Negative OS: -0.2520354396238951 --- ticker NFLX --- day 2019-06-06 --- time 45000
2023-04-21 10:04:21,747 INFO in_r2: 0.8486674585195502 , std 0.06456712939154716 
2023-04-21 10:04:21,747 INFO os_r2: 0.8189206455973697 , std 0.08619603507673011 
2023-04-21 10:04:21,747 INFO intercept: 1.0426083806460222e-06 , std 1.6182181092155535e-05 
2023-04-21 10:04:21,747 INFO ofi_1: 4.53904687128374e-05 , std 4.478259792836304e-05 
2023-04-21 10:04:21,747 INFO ofi_2: 6.302080115077559e-05 , std 5.8496044825254555e-05 
2023-04-21 10:04:21,747 INFO ofi_3: 6.108957111568869e-05 , std 6.025459330409582e-05 
2023-04-21 10:04:21,747 INFO ofi_4: 5.025362907441515e-05 , std 5.998806489275285e-05 
2023-04-21 10:04:21,747 INFO ofi_5: 4.514361897339154e-05 , std 6.079106882230718e-05 
2023-04-21 10:04:21,747 INFO ofi_6: 0.00011945925232920868 , std 7.383746536002733e-05 
2023-04-21 10:04:21,747 INFO t_intercept: 0.080763381217862 , std 1.2511402955259574 
2023-04-21 10:04:21,747 INFO t_ofi_1: 1.8069425908781358 , std 1.5731017304898265 
2023-04-21 10:04:21,747 INFO t_ofi_2: 1.78913386011931 , std 1.4019304178594707 
2023-04-21 10:04:21,747 INFO t_ofi_3: 1.606677062719913 , std 1.3638592690541846 
2023-04-21 10:04:21,747 INFO t_ofi_4: 1.307094513497333 , std 1.3623910392362628 
2023-04-21 10:04:21,747 INFO t_ofi_5: 1.1419247709006772 , std 1.3208354506748827 
2023-04-21 10:04:21,747 INFO t_ofi_6: 3.642103229240013 , std 1.735825240949099 
2023-04-21 10:04:21,747 INFO p_intercept: 0.4438980807194896 , std 0.3059379943219732 
2023-04-21 10:04:21,747 INFO p_ofi_1: 0.2150603525026697 , std 0.27730443170357144 
2023-04-21 10:04:21,747 INFO p_ofi_2: 0.2127733675678279 , std 0.274657868023187 
2023-04-21 10:04:21,747 INFO p_ofi_3: 0.24148621134111264 , std 0.2837044492741269 
2023-04-21 10:04:21,747 INFO p_ofi_4: 0.2905050924027999 , std 0.29770850787593445 
2023-04-21 10:04:21,747 INFO p_ofi_5: 0.3196389069783867 , std 0.30317940916225633 
2023-04-21 10:04:21,747 INFO p_ofi_6: 0.04606610005985921 , std 0.13845926004708806 
