2023-04-21 09:59:29,847 INFO Tickers: ['PG']
2023-04-21 10:00:13,733 INFO Negative OS: -0.5115182981391599 --- ticker PG --- day 2019-02-19 --- time 45000
2023-04-21 10:00:25,025 INFO Negative OS: -3.935903841304232 --- ticker PG --- day 2019-09-04 --- time 36000
2023-04-21 10:00:30,946 INFO in_r2: 0.9438612581289101 , std 0.03078718643426834 
2023-04-21 10:00:30,946 INFO os_r2: 0.9314064343927395 , std 0.07239823271318468 
2023-04-21 10:00:30,946 INFO intercept: 1.143180123664615e-07 , std 3.0828009324535403e-06 
2023-04-21 10:00:30,946 INFO ofi_1: 2.6590515232161638e-05 , std 4.384131560199003e-05 
2023-04-21 10:00:30,946 INFO ofi_2: 8.667447078740082e-05 , std 5.316965988646894e-05 
2023-04-21 10:00:30,946 INFO ofi_3: 8.105639045508304e-05 , std 5.206632893494072e-05 
2023-04-21 10:00:30,946 INFO ofi_4: 7.509852744133298e-05 , std 5.269010807899963e-05 
2023-04-21 10:00:30,946 INFO ofi_5: 6.861991994327469e-05 , std 4.974658747410921e-05 
2023-04-21 10:00:30,946 INFO ofi_6: 0.0001085400411536908 , std 6.296554270636591e-05 
2023-04-21 10:00:30,946 INFO t_intercept: 0.04257440374256915 , std 1.033317683874689 
2023-04-21 10:00:30,946 INFO t_ofi_1: 1.1457830878757345 , std 1.792980823268368 
2023-04-21 10:00:30,946 INFO t_ofi_2: 2.899205235623442 , std 1.708150473409245 
2023-04-21 10:00:30,946 INFO t_ofi_3: 2.7269953041526818 , std 1.760781512320603 
2023-04-21 10:00:30,946 INFO t_ofi_4: 2.5839987490568044 , std 1.7619420759921487 
2023-04-21 10:00:30,946 INFO t_ofi_5: 2.4437284006572595 , std 1.6548014361504204 
2023-04-21 10:00:30,946 INFO t_ofi_6: 3.9522482944920845 , std 1.9457526520726083 
2023-04-21 10:00:30,946 INFO p_intercept: 0.4963120892096494 , std 0.2916120478320469 
2023-04-21 10:00:30,946 INFO p_ofi_1: 0.280449176944857 , std 0.3022924671163774 
2023-04-21 10:00:30,946 INFO p_ofi_2: 0.09908143236170773 , std 0.20540574420403326 
2023-04-21 10:00:30,946 INFO p_ofi_3: 0.12494832491134647 , std 0.22931456049023335 
2023-04-21 10:00:30,947 INFO p_ofi_4: 0.1377722823002697 , std 0.23881292499687298 
2023-04-21 10:00:30,947 INFO p_ofi_5: 0.14594242570849525 , std 0.2416181341128207 
2023-04-21 10:00:30,947 INFO p_ofi_6: 0.0453607122819156 , std 0.14009667781211005 
