2023-04-21 10:03:34,034 INFO Tickers: ['PYPL']
2023-04-21 10:03:36,205 INFO Negative OS: -1.5093369147950266 --- ticker PYPL --- day 2017-02-08 --- time 52200
2023-04-21 10:03:36,280 INFO Negative OS: -0.31666492947722014 --- ticker PYPL --- day 2017-02-09 --- time 48600
2023-04-21 10:03:54,760 INFO Negative OS: -0.12546285200889296 --- ticker PYPL --- day 2017-12-22 --- time 50400
2023-04-21 10:04:35,081 INFO Negative OS: -0.2057749682180796 --- ticker PYPL --- day 2019-11-20 --- time 43200
2023-04-21 10:04:35,086 INFO Negative OS: -0.23028795656517875 --- ticker PYPL --- day 2019-11-20 --- time 45000
2023-04-21 10:04:36,477 INFO in_r2: 0.9521371533979507 , std 0.03601968949304887 
2023-04-21 10:04:36,477 INFO os_r2: 0.9389496141321387 , std 0.06880836079574297 
2023-04-21 10:04:36,477 INFO intercept: 1.863154059150818e-07 , std 5.829600267606545e-06 
2023-04-21 10:04:36,477 INFO ofi_1: 4.386316770067192e-05 , std 5.651529383358722e-05 
2023-04-21 10:04:36,477 INFO ofi_2: 9.32110788075015e-05 , std 7.290350449068905e-05 
2023-04-21 10:04:36,477 INFO ofi_3: 9.943200144911911e-05 , std 7.71688355304593e-05 
2023-04-21 10:04:36,477 INFO ofi_4: 9.845873828839935e-05 , std 8.081159306785647e-05 
2023-04-21 10:04:36,477 INFO ofi_5: 9.88899763433356e-05 , std 8.005160270165857e-05 
2023-04-21 10:04:36,477 INFO ofi_6: 0.00018047555303107318 , std 8.865245440709893e-05 
2023-04-21 10:04:36,477 INFO t_intercept: 0.06159294623982364 , std 1.1196326851987868 
2023-04-21 10:04:36,477 INFO t_ofi_1: 1.649214658134941 , std 1.8479008909728325 
2023-04-21 10:04:36,477 INFO t_ofi_2: 2.6328541560340324 , std 1.9189364795296526 
2023-04-21 10:04:36,477 INFO t_ofi_3: 2.6686971590841133 , std 2.0819782816793078 
2023-04-21 10:04:36,477 INFO t_ofi_4: 2.6114509285559993 , std 3.5008759153724998 
2023-04-21 10:04:36,477 INFO t_ofi_5: 2.596821971790555 , std 3.4676859851943727 
2023-04-21 10:04:36,477 INFO t_ofi_6: 5.0592240867394285 , std 3.437681240893691 
2023-04-21 10:04:36,477 INFO p_intercept: 0.471770224993312 , std 0.2976602779293 
2023-04-21 10:04:36,477 INFO p_ofi_1: 0.23914539984540537 , std 0.290516677252155 
2023-04-21 10:04:36,477 INFO p_ofi_2: 0.13699437737710496 , std 0.2370810278315355 
2023-04-21 10:04:36,477 INFO p_ofi_3: 0.14511120779446685 , std 0.24205363720934076 
2023-04-21 10:04:36,477 INFO p_ofi_4: 0.16953005982410524 , std 0.2622343530486577 
2023-04-21 10:04:36,477 INFO p_ofi_5: 0.16146648918791126 , std 0.25041383878741996 
2023-04-21 10:04:36,477 INFO p_ofi_6: 0.01510952781096422 , std 0.07437673409380526 
