2023-04-21 10:04:58,793 INFO Tickers: ['SBUX']
2023-04-21 10:05:15,187 INFO Negative OS: -0.03170907476127183 --- ticker SBUX --- day 2017-10-12 --- time 43200
2023-04-21 10:05:15,192 INFO Negative OS: -0.8191980020330676 --- ticker SBUX --- day 2017-10-12 --- time 45000
2023-04-21 10:05:18,822 INFO Negative OS: -0.5432399152626011 --- ticker SBUX --- day 2017-12-14 --- time 39600
2023-04-21 10:05:28,409 INFO Negative OS: -0.1683980369326623 --- ticker SBUX --- day 2018-06-01 --- time 37800
2023-04-21 10:05:30,847 INFO Negative OS: -0.1349464835520493 --- ticker SBUX --- day 2018-07-13 --- time 48600
2023-04-21 10:05:31,402 INFO Negative OS: -1.206401860179386 --- ticker SBUX --- day 2018-07-24 --- time 37800
2023-04-21 10:05:31,416 INFO Negative OS: -2.6257350027247406 --- ticker SBUX --- day 2018-07-24 --- time 43200
2023-04-21 10:05:33,349 INFO Negative OS: -1.1393436616185482 --- ticker SBUX --- day 2018-08-24 --- time 52200
2023-04-21 10:05:33,913 INFO Negative OS: -0.43924610297227584 --- ticker SBUX --- day 2018-09-05 --- time 45000
2023-04-21 10:05:52,998 INFO Negative OS: -0.14117970792749346 --- ticker SBUX --- day 2019-08-05 --- time 46800
2023-04-21 10:06:00,761 INFO in_r2: 0.9689789917951994 , std 0.021027665127050545 
2023-04-21 10:06:00,761 INFO os_r2: 0.9532116246594441 , std 0.08085016683709396 
2023-04-21 10:06:00,761 INFO intercept: 2.0646555579176518e-07 , std 2.87947767357788e-06 
2023-04-21 10:06:00,761 INFO ofi_1: 3.92477664169425e-05 , std 4.836979404492815e-05 
2023-04-21 10:06:00,761 INFO ofi_2: 0.00012093706552814736 , std 7.48469842965875e-05 
2023-04-21 10:06:00,761 INFO ofi_3: 0.00011135270381602793 , std 6.515290035996753e-05 
2023-04-21 10:06:00,761 INFO ofi_4: 9.224345428506403e-05 , std 5.9752782144239756e-05 
2023-04-21 10:06:00,761 INFO ofi_5: 0.00012402448494883115 , std 8.067876363807499e-05 
2023-04-21 10:06:00,761 INFO ofi_6: 0.00022398203116487362 , std 0.0001095636633381231 
2023-04-21 10:06:00,761 INFO t_intercept: 0.07212913401871242 , std 1.0641280107456088 
2023-04-21 10:06:00,761 INFO t_ofi_1: 2.1067001169990003 , std 2.3103388310641226 
2023-04-21 10:06:00,761 INFO t_ofi_2: 4.049720354128302 , std 2.6069363235632523 
2023-04-21 10:06:00,761 INFO t_ofi_3: 3.9403030578431295 , std 2.6674774238690264 
2023-04-21 10:06:00,761 INFO t_ofi_4: 3.475327796353814 , std 2.36037731269267 
2023-04-21 10:06:00,761 INFO t_ofi_5: 4.193703498663312 , std 2.952476406983089 
2023-04-21 10:06:00,761 INFO t_ofi_6: 6.893408598722797 , std 3.033994698946568 
2023-04-21 10:06:00,761 INFO p_intercept: 0.48656335691370634 , std 0.29374120171721385 
2023-04-21 10:06:00,761 INFO p_ofi_1: 0.20315247503444642 , std 0.2819859190039663 
2023-04-21 10:06:00,761 INFO p_ofi_2: 0.06104969835135305 , std 0.16847929934912476 
2023-04-21 10:06:00,761 INFO p_ofi_3: 0.06200960368737956 , std 0.16366487421690787 
2023-04-21 10:06:00,761 INFO p_ofi_4: 0.08030974532324096 , std 0.1878083493708374 
2023-04-21 10:06:00,761 INFO p_ofi_5: 0.07026795860530548 , std 0.17865605654874678 
2023-04-21 10:06:00,761 INFO p_ofi_6: 0.007018274755181144 , std 0.05756545920758466 
