2023-04-21 10:09:15,843 INFO Tickers: ['SYK']
2023-04-21 10:09:32,623 INFO Negative OS: -0.046869206617719206 --- ticker SYK --- day 2017-12-14 --- time 36000
2023-04-21 10:09:34,445 INFO Negative OS: -0.4877031015421529 --- ticker SYK --- day 2018-01-24 --- time 37800
2023-04-21 10:09:35,074 INFO Negative OS: -0.07630442816957994 --- ticker SYK --- day 2018-02-06 --- time 36000
2023-04-21 10:09:41,122 INFO Negative OS: -2.015281332700115 --- ticker SYK --- day 2018-06-11 --- time 37800
2023-04-21 10:09:49,975 INFO Negative OS: -0.36838299090787396 --- ticker SYK --- day 2018-12-07 --- time 41400
2023-04-21 10:09:50,071 INFO Negative OS: -0.8721612932767802 --- ticker SYK --- day 2018-12-10 --- time 50400
2023-04-21 10:09:50,414 INFO Negative OS: -0.19171698265630055 --- ticker SYK --- day 2018-12-17 --- time 41400
2023-04-21 10:09:50,945 INFO Negative OS: -0.04131550634448766 --- ticker SYK --- day 2018-12-27 --- time 36000
2023-04-21 10:09:51,041 INFO Negative OS: -0.7475429314248005 --- ticker SYK --- day 2018-12-28 --- time 41400
2023-04-21 10:09:51,433 INFO Negative OS: -0.2764854797005176 --- ticker SYK --- day 2019-01-07 --- time 41400
2023-04-21 10:09:51,513 INFO Negative OS: -0.1894960620001198 --- ticker SYK --- day 2019-01-08 --- time 41400
2023-04-21 10:09:52,446 INFO Negative OS: -0.12561851694760784 --- ticker SYK --- day 2019-01-29 --- time 36000
2023-04-21 10:10:04,571 INFO Negative OS: -1.2163809086428548 --- ticker SYK --- day 2019-10-01 --- time 36000
2023-04-21 10:10:08,274 INFO in_r2: 0.6854154701605543 , std 0.14677706081346203 
2023-04-21 10:10:08,274 INFO os_r2: 0.5787666529503143 , std 0.2742521217613045 
2023-04-21 10:10:08,274 INFO intercept: -1.3393407723105351e-06 , std 1.8630541033420918e-05 
2023-04-21 10:10:08,274 INFO ofi_1: 0.00018164691677002506 , std 0.00017942356942083517 
2023-04-21 10:10:08,274 INFO ofi_2: 0.00019786531316112136 , std 0.00020079498347891215 
2023-04-21 10:10:08,274 INFO ofi_3: 0.00015187044176230612 , std 0.0002196749014994002 
2023-04-21 10:10:08,274 INFO ofi_4: 0.00012316754789466468 , std 0.000257478566128205 
2023-04-21 10:10:08,275 INFO ofi_5: 0.0001017438121483932 , std 0.0002767538645319548 
2023-04-21 10:10:08,275 INFO ofi_6: 0.00015015506594386405 , std 0.00025033488566300485 
2023-04-21 10:10:08,275 INFO t_intercept: -0.13510686179421688 , std 1.2134947853052145 
2023-04-21 10:10:08,275 INFO t_ofi_1: 3.212236998684565 , std 2.0322632190745367 
2023-04-21 10:10:08,275 INFO t_ofi_2: 2.601241952498862 , std 1.5905341350754263 
2023-04-21 10:10:08,275 INFO t_ofi_3: 1.654466701318572 , std 1.4030045807927387 
2023-04-21 10:10:08,275 INFO t_ofi_4: 1.3268207002953485 , std 1.3943668566951462 
2023-04-21 10:10:08,275 INFO t_ofi_5: 1.0064842781781647 , std 1.4024714591547227 
2023-04-21 10:10:08,275 INFO t_ofi_6: 1.7066653701847876 , std 1.642408446919178 
2023-04-21 10:10:08,275 INFO p_intercept: 0.43602083630638167 , std 0.2977549750231465 
2023-04-21 10:10:08,275 INFO p_ofi_1: 0.08321413959839957 , std 0.18381508195332272 
2023-04-21 10:10:08,275 INFO p_ofi_2: 0.12203306216752399 , std 0.21983968874166232 
2023-04-21 10:10:08,275 INFO p_ofi_3: 0.23950854111292427 , std 0.2885201669964561 
2023-04-21 10:10:08,275 INFO p_ofi_4: 0.29213235990307634 , std 0.3005323617633816 
2023-04-21 10:10:08,275 INFO p_ofi_5: 0.34096972888585214 , std 0.3127351906411972 
2023-04-21 10:10:08,275 INFO p_ofi_6: 0.2372215023662678 , std 0.2941423601556455 
