2023-04-21 10:01:36,010 INFO Tickers: ['WMT']
2023-04-21 10:01:42,074 INFO Negative OS: -1.2726994451649305 --- ticker WMT --- day 2017-04-18 --- time 48600
2023-04-21 10:02:37,580 INFO in_r2: 0.9332759255873683 , std 0.03985334203086916 
2023-04-21 10:02:37,580 INFO os_r2: 0.918383362302482 , std 0.05676014472784656 
2023-04-21 10:02:37,580 INFO intercept: -9.91374214416491e-08 , std 3.86524080796958e-06 
2023-04-21 10:02:37,580 INFO ofi_1: 4.575249168186955e-05 , std 5.3946082612392745e-05 
2023-04-21 10:02:37,580 INFO ofi_2: 9.82741155488696e-05 , std 5.701145642438593e-05 
2023-04-21 10:02:37,580 INFO ofi_3: 8.11622881945032e-05 , std 5.5431690158705974e-05 
2023-04-21 10:02:37,580 INFO ofi_4: 7.040946253976206e-05 , std 5.106941516907854e-05 
2023-04-21 10:02:37,580 INFO ofi_5: 6.05746503506614e-05 , std 4.749123135714682e-05 
2023-04-21 10:02:37,580 INFO ofi_6: 0.00011543033808874099 , std 7.289501537622927e-05 
2023-04-21 10:02:37,580 INFO t_intercept: -0.0640219556345122 , std 1.042798081118315 
2023-04-21 10:02:37,580 INFO t_ofi_1: 1.661384308818132 , std 1.8567484283756615 
2023-04-21 10:02:37,580 INFO t_ofi_2: 2.9636242145590566 , std 1.664766770003164 
2023-04-21 10:02:37,581 INFO t_ofi_3: 2.555876991309481 , std 1.7207381967225024 
2023-04-21 10:02:37,581 INFO t_ofi_4: 2.369229873364855 , std 1.6341050173741398 
2023-04-21 10:02:37,581 INFO t_ofi_5: 2.207824528951321 , std 1.5885486741404269 
2023-04-21 10:02:37,581 INFO t_ofi_6: 4.172015970873533 , std 2.033803088254302 
2023-04-21 10:02:37,581 INFO p_intercept: 0.4924540209122461 , std 0.29205831621222544 
2023-04-21 10:02:37,581 INFO p_ofi_1: 0.22438573412068571 , std 0.28768552777841344 
2023-04-21 10:02:37,581 INFO p_ofi_2: 0.09143923986231901 , std 0.19561720956523615 
2023-04-21 10:02:37,581 INFO p_ofi_3: 0.136764214383461 , std 0.2348327532063598 
2023-04-21 10:02:37,581 INFO p_ofi_4: 0.15162446815751865 , std 0.2468679967202232 
2023-04-21 10:02:37,581 INFO p_ofi_5: 0.1708844292647634 , std 0.25765774715789497 
2023-04-21 10:02:37,581 INFO p_ofi_6: 0.03695486035056751 , std 0.12442759309105622 
