2023-05-13 12:19:45,798 INFO Starting...
2023-05-13 12:19:45,798 INFO Tickers: ['ADP']
2023-05-13 12:19:47,163 INFO in_r2: 0.8670274837287573 , std 0.060695352434416316 
2023-05-13 12:19:47,163 INFO os_r2: 0.7942914277218538 , std 0.31277649111541217 
2023-05-13 12:19:47,163 INFO intercept: 5.507401042686758e-07 , std 9.179471999032515e-06 
2023-05-13 12:19:47,163 INFO ofi_add_1: 6.963517205900496e-05 , std 5.9771385249607003e-05 
2023-05-13 12:19:47,163 INFO ofi_add_2: 9.104525992415309e-05 , std 6.594015723446833e-05 
2023-05-13 12:19:47,163 INFO ofi_add_3: 7.812671343455306e-05 , std 6.333900845582053e-05 
2023-05-13 12:19:47,164 INFO ofi_add_4: 6.276591573559823e-05 , std 6.56065989123536e-05 
2023-05-13 12:19:47,164 INFO ofi_add_5: 0.0001043203196103307 , std 7.18844091934932e-05 
2023-05-13 12:19:47,164 INFO ofi_cancel_1: 8.90148682046393e-05 , std 7.703542115023426e-05 
2023-05-13 12:19:47,164 INFO ofi_cancel_2: 9.850164632560412e-05 , std 6.949493913452466e-05 
2023-05-13 12:19:47,164 INFO ofi_cancel_3: 7.212127650702566e-05 , std 6.775802664387363e-05 
2023-05-13 12:19:47,164 INFO ofi_cancel_4: 5.651323954029691e-05 , std 6.946899821624506e-05 
2023-05-13 12:19:47,164 INFO ofi_cancel_5: 9.765810226017782e-05 , std 7.74965845634074e-05 
2023-05-13 12:19:47,164 INFO ofi_trade_1: 0.00012883643432173159 , std 0.00015646747885839568 
2023-05-13 12:19:47,164 INFO ofi_trade_2: 0.00010052018573918508 , std 0.0001482463982187898 
2023-05-13 12:19:47,164 INFO ofi_trade_3: 9.015215492549088e-05 , std 0.0001376059809597411 
2023-05-13 12:19:47,164 INFO ofi_trade_4: 8.023332988101176e-05 , std 0.00013822998706092434 
2023-05-13 12:19:47,164 INFO ofi_trade_5: 0.0001449530050995982 , std 0.00014850138902305806 
2023-05-13 12:19:47,164 INFO t_intercept: 0.058143669285643164 , std 1.0869701167803723 
2023-05-13 12:19:47,164 INFO t_ofi_add_1: 2.119469979557659 , std 1.6475737579351017 
2023-05-13 12:19:47,164 INFO t_ofi_add_2: 2.3160431379943955 , std 1.4403463926181912 
2023-05-13 12:19:47,164 INFO t_ofi_add_3: 1.8531027291593196 , std 1.3707209754319005 
2023-05-13 12:19:47,164 INFO t_ofi_add_4: 1.449750281907695 , std 1.3810752012424878 
2023-05-13 12:19:47,164 INFO t_ofi_add_5: 2.7395649367452752 , std 1.608678029275656 
2023-05-13 12:19:47,164 INFO t_ofi_cancel_1: 2.145965211592826 , std 1.588122118189435 
2023-05-13 12:19:47,164 INFO t_ofi_cancel_2: 2.377332183018597 , std 1.4394884194266058 
2023-05-13 12:19:47,164 INFO t_ofi_cancel_3: 1.606581437236074 , std 1.3664507286153706 
2023-05-13 12:19:47,164 INFO t_ofi_cancel_4: 1.2272156974504378 , std 1.3558685336750702 
2023-05-13 12:19:47,164 INFO t_ofi_cancel_5: 2.339179011856662 , std 1.612786680744585 
2023-05-13 12:19:47,164 INFO t_ofi_trade_1: 1.5721508274030136 , std 1.6101258000914285 
2023-05-13 12:19:47,164 INFO t_ofi_trade_2: 1.2064348728738938 , std 1.4423418396310614 
2023-05-13 12:19:47,164 INFO t_ofi_trade_3: 1.1136050732712102 , std 1.389635048337482 
2023-05-13 12:19:47,164 INFO t_ofi_trade_4: 1.0075886171372677 , std 1.3971918673898889 
2023-05-13 12:19:47,164 INFO t_ofi_trade_5: 1.9124572419506076 , std 1.5356295267122957 
2023-05-13 12:19:47,165 INFO Grouping by ofi type:
2023-05-13 12:19:47,165 INFO add: 10.477931065364345
2023-05-13 12:19:47,165 INFO cancel: 9.696273541154596
2023-05-13 12:19:47,165 INFO trade: 6.812236632635993
2023-05-13 12:19:47,165 INFO Grouping by level:
2023-05-13 12:19:47,165 INFO 1: 5.837586018553498
2023-05-13 12:19:47,166 INFO 2: 5.8998101938868865
2023-05-13 12:19:47,166 INFO 3: 4.573289239666604
2023-05-13 12:19:47,166 INFO 4: 3.6845545964954005
2023-05-13 12:19:47,166 INFO 5: 6.9912011905525455
2023-05-13 12:19:47,166 INFO Non empty regressions: 1.0 --- 5109 / 5109
