2023-05-13 12:18:45,533 INFO Starting...
2023-05-13 12:18:45,534 INFO Tickers: ['AMGN']
2023-05-13 12:18:46,942 INFO in_r2: 0.8585090836731288 , std 0.05859908324666997 
2023-05-13 12:18:46,942 INFO os_r2: 0.7764794271210911 , std 0.4070691950075263 
2023-05-13 12:18:46,942 INFO intercept: -5.408945055984259e-07 , std 1.1072196864946144e-05 
2023-05-13 12:18:46,942 INFO ofi_add_1: 7.729144959425592e-05 , std 5.5753834983055896e-05 
2023-05-13 12:18:46,943 INFO ofi_add_2: 8.016335257085646e-05 , std 5.7149449861319235e-05 
2023-05-13 12:18:46,943 INFO ofi_add_3: 7.118056435834277e-05 , std 5.954247722032046e-05 
2023-05-13 12:18:46,943 INFO ofi_add_4: 5.285469640641168e-05 , std 6.164215995228136e-05 
2023-05-13 12:18:46,943 INFO ofi_add_5: 9.778882468572529e-05 , std 6.496451461256034e-05 
2023-05-13 12:18:46,943 INFO ofi_cancel_1: 0.00010066625007708458 , std 7.395911068216531e-05 
2023-05-13 12:18:46,943 INFO ofi_cancel_2: 8.898884172946229e-05 , std 6.08899342526098e-05 
2023-05-13 12:18:46,943 INFO ofi_cancel_3: 6.706652099116565e-05 , std 6.212172053556063e-05 
2023-05-13 12:18:46,943 INFO ofi_cancel_4: 4.691221685039424e-05 , std 6.398538808125938e-05 
2023-05-13 12:18:46,943 INFO ofi_cancel_5: 9.009359133805471e-05 , std 6.788805816924721e-05 
2023-05-13 12:18:46,943 INFO ofi_trade_1: 9.266607818137359e-05 , std 0.00010465929978960898 
2023-05-13 12:18:46,943 INFO ofi_trade_2: 7.687562938139018e-05 , std 0.000100795078330127 
2023-05-13 12:18:46,943 INFO ofi_trade_3: 7.849746320016586e-05 , std 0.00010547056797919477 
2023-05-13 12:18:46,943 INFO ofi_trade_4: 6.993645571927624e-05 , std 0.00011020652728528138 
2023-05-13 12:18:46,943 INFO ofi_trade_5: 0.00013142147796309394 , std 0.00011792653287076372 
2023-05-13 12:18:46,943 INFO t_intercept: -0.10911133815550875 , std 1.1376486551170288 
2023-05-13 12:18:46,943 INFO t_ofi_add_1: 2.5378651896999562 , std 1.5530968695624188 
2023-05-13 12:18:46,943 INFO t_ofi_add_2: 2.193139871961796 , std 1.374059553331486 
2023-05-13 12:18:46,943 INFO t_ofi_add_3: 1.803578794514146 , std 1.3359956179798615 
2023-05-13 12:18:46,943 INFO t_ofi_add_4: 1.3267517487650227 , std 1.3007122477358606 
2023-05-13 12:18:46,943 INFO t_ofi_add_5: 2.872989617011373 , std 1.5160787475018964 
2023-05-13 12:18:46,943 INFO t_ofi_cancel_1: 2.454736478871096 , std 1.4864827760455048 
2023-05-13 12:18:46,943 INFO t_ofi_cancel_2: 2.291881007684835 , std 1.3781832783306993 
2023-05-13 12:18:46,943 INFO t_ofi_cancel_3: 1.6142821099864888 , std 1.3292393891618604 
2023-05-13 12:18:46,943 INFO t_ofi_cancel_4: 1.1223490514619774 , std 1.3044388187151617 
2023-05-13 12:18:46,943 INFO t_ofi_cancel_5: 2.457006501059738 , std 1.5360994157441197 
2023-05-13 12:18:46,943 INFO t_ofi_trade_1: 1.647216308524574 , std 1.5389127850148456 
2023-05-13 12:18:46,943 INFO t_ofi_trade_2: 1.2212513507350382 , std 1.3735473077827767 
2023-05-13 12:18:46,943 INFO t_ofi_trade_3: 1.1738424648104107 , std 1.3574225212902908 
2023-05-13 12:18:46,943 INFO t_ofi_trade_4: 1.0297751889265903 , std 1.3568028806354404 
2023-05-13 12:18:46,943 INFO t_ofi_trade_5: 2.1113686673390766 , std 1.5185348458511967 
2023-05-13 12:18:46,944 INFO Grouping by ofi type:
2023-05-13 12:18:46,944 INFO add: 10.734325221952293
2023-05-13 12:18:46,944 INFO cancel: 9.940255149064136
2023-05-13 12:18:46,944 INFO trade: 7.18345398033569
2023-05-13 12:18:46,944 INFO Grouping by level:
2023-05-13 12:18:46,944 INFO 1: 6.6398179770956265
2023-05-13 12:18:46,944 INFO 2: 5.7062722303816695
2023-05-13 12:18:46,944 INFO 3: 4.591703369311045
2023-05-13 12:18:46,944 INFO 4: 3.47887598915359
2023-05-13 12:18:46,944 INFO 5: 7.4413647854101885
2023-05-13 12:18:46,944 INFO Non empty regressions: 1.0 --- 5782 / 5782
