2023-05-13 12:19:40,588 INFO Starting...
2023-05-13 12:19:40,588 INFO Tickers: ['ANTM']
2023-05-13 12:19:41,858 INFO in_r2: 0.7108971836887998 , std 0.15321603467446893 
2023-05-13 12:19:41,858 INFO os_r2: 0.4199856433454329 , std 0.8746480488082565 
2023-05-13 12:19:41,858 INFO intercept: 7.941177188336032e-08 , std 2.554641113186126e-05 
2023-05-13 12:19:41,858 INFO ofi_add_1: 0.00019465310105435922 , std 0.0001998682512835044 
2023-05-13 12:19:41,858 INFO ofi_add_2: 0.00017248245301021523 , std 0.00021165608472970498 
2023-05-13 12:19:41,858 INFO ofi_add_3: 0.00015217162446340876 , std 0.0002386711430998982 
2023-05-13 12:19:41,858 INFO ofi_add_4: 0.0001247812048087646 , std 0.0002465908138947509 
2023-05-13 12:19:41,858 INFO ofi_add_5: 0.00017741403101992502 , std 0.00025067915986542696 
2023-05-13 12:19:41,858 INFO ofi_cancel_1: 0.00024260561322107167 , std 0.00025993406610407216 
2023-05-13 12:19:41,858 INFO ofi_cancel_2: 0.0001867988363239839 , std 0.0002268282657094598 
2023-05-13 12:19:41,858 INFO ofi_cancel_3: 0.0001363404416961391 , std 0.0002550480908729876 
2023-05-13 12:19:41,858 INFO ofi_cancel_4: 0.0001185397107017253 , std 0.00026258709519278275 
2023-05-13 12:19:41,858 INFO ofi_cancel_5: 0.00016459778100271058 , std 0.0002529147904830702 
2023-05-13 12:19:41,858 INFO ofi_trade_1: 0.00027736886797065727 , std 0.0004805193327792086 
2023-05-13 12:19:41,858 INFO ofi_trade_2: 0.0002050172454844099 , std 0.0006155259558804092 
2023-05-13 12:19:41,858 INFO ofi_trade_3: 0.0001380252227667465 , std 0.0006740988069315481 
2023-05-13 12:19:41,859 INFO ofi_trade_4: 0.00019097462006833016 , std 0.0006378623305352091 
2023-05-13 12:19:41,859 INFO ofi_trade_5: 0.0003691143580196456 , std 0.0006542429974316581 
2023-05-13 12:19:41,859 INFO t_intercept: 0.021791618140245956 , std 1.1692036777492307 
2023-05-13 12:19:41,859 INFO t_ofi_add_1: 2.826463980937987 , std 1.5974808978125203 
2023-05-13 12:19:41,859 INFO t_ofi_add_2: 1.9366163041330735 , std 1.5164686879186051 
2023-05-13 12:19:41,859 INFO t_ofi_add_3: 1.6278686462894865 , std 1.4787391555180571 
2023-05-13 12:19:41,859 INFO t_ofi_add_4: 1.1846707796606724 , std 1.379967530492314 
2023-05-13 12:19:41,859 INFO t_ofi_add_5: 1.9764800675387348 , std 1.6357200540402967 
2023-05-13 12:19:41,859 INFO t_ofi_cancel_1: 2.5957163152711047 , std 1.5546049446298746 
2023-05-13 12:19:41,859 INFO t_ofi_cancel_2: 2.0780368571402983 , std 1.594511940974132 
2023-05-13 12:19:41,859 INFO t_ofi_cancel_3: 1.4647059327915493 , std 1.5301021594221025 
2023-05-13 12:19:41,859 INFO t_ofi_cancel_4: 1.0610272037250754 , std 1.3710775922451934 
2023-05-13 12:19:41,859 INFO t_ofi_cancel_5: 1.7617127414208906 , std 1.660289856156373 
2023-05-13 12:19:41,859 INFO t_ofi_trade_1: 1.8378592947477284 , std 1.6086996924249135 
2023-05-13 12:19:41,859 INFO t_ofi_trade_2: 0.7902217159129673 , std 1.4698460400272702 
2023-05-13 12:19:41,859 INFO t_ofi_trade_3: 0.7255376821146939 , std 1.5181845116174977 
2023-05-13 12:19:41,859 INFO t_ofi_trade_4: 0.7680612682251537 , std 1.4665141267164163 
2023-05-13 12:19:41,859 INFO t_ofi_trade_5: 1.5777728309509622 , std 1.5411642472517746 
2023-05-13 12:19:41,859 INFO Grouping by ofi type:
2023-05-13 12:19:41,859 INFO add: 9.552099778559954
2023-05-13 12:19:41,860 INFO cancel: 8.961199050348919
2023-05-13 12:19:41,860 INFO trade: 5.699452791951506
2023-05-13 12:19:41,860 INFO Grouping by level:
2023-05-13 12:19:41,860 INFO 1: 7.26003959095682
2023-05-13 12:19:41,860 INFO 2: 4.8048748771863385
2023-05-13 12:19:41,860 INFO 3: 3.818112261195729
2023-05-13 12:19:41,860 INFO 4: 3.0137592516109013
2023-05-13 12:19:41,860 INFO 5: 5.315965639910587
2023-05-13 12:19:41,860 INFO Non empty regressions: 1.0 --- 803 / 803
