2023-05-13 12:19:32,144 INFO Starting...
2023-05-13 12:19:32,145 INFO Tickers: ['FIS']
2023-05-13 12:19:33,475 INFO in_r2: 0.8348755573643406 , std 0.10194301464807855 
2023-05-13 12:19:33,475 INFO os_r2: 0.7499581293985748 , std 0.21983884668730438 
2023-05-13 12:19:33,476 INFO intercept: 2.867980891722345e-07 , std 1.2154936561499684e-05 
2023-05-13 12:19:33,476 INFO ofi_add_1: 0.00011725408936937342 , std 9.239425123093613e-05 
2023-05-13 12:19:33,476 INFO ofi_add_2: 0.0001277921826133303 , std 0.0001028392460631985 
2023-05-13 12:19:33,476 INFO ofi_add_3: 8.925791748453659e-05 , std 8.577329721430146e-05 
2023-05-13 12:19:33,476 INFO ofi_add_4: 7.871083052178447e-05 , std 9.916744068913405e-05 
2023-05-13 12:19:33,476 INFO ofi_add_5: 0.0001283521416593654 , std 0.00010505465935946484 
2023-05-13 12:19:33,476 INFO ofi_cancel_1: 0.00013560188983278198 , std 0.00011304335111731785 
2023-05-13 12:19:33,476 INFO ofi_cancel_2: 0.00013268153241430915 , std 0.00010657809646553998 
2023-05-13 12:19:33,476 INFO ofi_cancel_3: 8.449035707919695e-05 , std 9.083041499981775e-05 
2023-05-13 12:19:33,476 INFO ofi_cancel_4: 7.285352086842995e-05 , std 0.00010118993796329602 
2023-05-13 12:19:33,476 INFO ofi_cancel_5: 0.0001275687816015728 , std 0.00011233200669742284 
2023-05-13 12:19:33,476 INFO ofi_trade_1: 0.00018074949822073495 , std 0.00029817072256660724 
2023-05-13 12:19:33,476 INFO ofi_trade_2: 0.00014851005253781963 , std 0.0002788415630713962 
2023-05-13 12:19:33,476 INFO ofi_trade_3: 0.00010471192951914374 , std 0.0002784846856245964 
2023-05-13 12:19:33,476 INFO ofi_trade_4: 0.0001168546267308842 , std 0.00029810003928840644 
2023-05-13 12:19:33,476 INFO ofi_trade_5: 0.00020065245998318064 , std 0.00028069326905400975 
2023-05-13 12:19:33,476 INFO t_intercept: 0.03594078587866406 , std 1.092801754235677 
2023-05-13 12:19:33,476 INFO t_ofi_add_1: 2.8908855185225026 , std 1.5712874887622974 
2023-05-13 12:19:33,476 INFO t_ofi_add_2: 2.6322980205308935 , std 1.4235872594270356 
2023-05-13 12:19:33,476 INFO t_ofi_add_3: 1.9246240246427118 , std 1.4016271658252122 
2023-05-13 12:19:33,476 INFO t_ofi_add_4: 1.5852637907376523 , std 1.361606842261431 
2023-05-13 12:19:33,476 INFO t_ofi_add_5: 2.8941345874042974 , std 1.5706709282970548 
2023-05-13 12:19:33,476 INFO t_ofi_cancel_1: 2.7707502402120316 , std 1.5793462839660761 
2023-05-13 12:19:33,476 INFO t_ofi_cancel_2: 2.6030589150198993 , std 1.4005741672980385 
2023-05-13 12:19:33,477 INFO t_ofi_cancel_3: 1.7470252213651185 , std 1.3807969146929229 
2023-05-13 12:19:33,477 INFO t_ofi_cancel_4: 1.4095393532662104 , std 1.3831931284750054 
2023-05-13 12:19:33,477 INFO t_ofi_cancel_5: 2.628354969320337 , std 1.527518967583502 
2023-05-13 12:19:33,477 INFO t_ofi_trade_1: 1.6678449089792176 , std 1.591642336695406 
2023-05-13 12:19:33,477 INFO t_ofi_trade_2: 1.188861348294745 , std 1.417573715716366 
2023-05-13 12:19:33,477 INFO t_ofi_trade_3: 1.0162550691430532 , std 1.4088823956535343 
2023-05-13 12:19:33,477 INFO t_ofi_trade_4: 1.0420844337859088 , std 1.3728540968016032 
2023-05-13 12:19:33,477 INFO t_ofi_trade_5: 1.8284380667617133 , std 1.4509548792026539 
2023-05-13 12:19:33,477 INFO Grouping by ofi type:
2023-05-13 12:19:33,477 INFO add: 11.927205941838057
2023-05-13 12:19:33,477 INFO cancel: 11.158728699183596
2023-05-13 12:19:33,477 INFO trade: 6.743483826964638
2023-05-13 12:19:33,477 INFO Grouping by level:
2023-05-13 12:19:33,477 INFO 1: 7.329480667713752
2023-05-13 12:19:33,477 INFO 2: 6.424218283845538
2023-05-13 12:19:33,478 INFO 3: 4.687904315150884
2023-05-13 12:19:33,478 INFO 4: 4.036887577789772
2023-05-13 12:19:33,478 INFO 5: 7.350927623486347
2023-05-13 12:19:33,478 INFO Non empty regressions: 1.0 --- 2287 / 2287
