2023-05-13 12:19:33,479 INFO Starting...
2023-05-13 12:19:33,480 INFO Tickers: ['GILD']
2023-05-13 12:19:34,924 INFO in_r2: 0.945792310237294 , std 0.03707041018387418 
2023-05-13 12:19:34,924 INFO os_r2: 0.9108275253221902 , std 0.1762062435402367 
2023-05-13 12:19:34,924 INFO intercept: -4.282112011646795e-07 , std 6.42404646573191e-06 
2023-05-13 12:19:34,924 INFO ofi_add_1: 5.199038813596808e-05 , std 7.60398903053727e-05 
2023-05-13 12:19:34,924 INFO ofi_add_2: 0.00012613028615017911 , std 7.42730609587865e-05 
2023-05-13 12:19:34,924 INFO ofi_add_3: 0.00013238442738617898 , std 7.359968238024672e-05 
2023-05-13 12:19:34,924 INFO ofi_add_4: 0.000127718934296788 , std 7.129530719920428e-05 
2023-05-13 12:19:34,924 INFO ofi_add_5: 0.0001688779334283653 , std 7.797635148679605e-05 
2023-05-13 12:19:34,924 INFO ofi_cancel_1: 4.977802135099772e-05 , std 8.07080113809048e-05 
2023-05-13 12:19:34,924 INFO ofi_cancel_2: 0.00011631558120064882 , std 7.60940816734927e-05 
2023-05-13 12:19:34,924 INFO ofi_cancel_3: 0.00013001271482582292 , std 7.862058221336517e-05 
2023-05-13 12:19:34,924 INFO ofi_cancel_4: 0.00012430155622941924 , std 7.691212169617752e-05 
2023-05-13 12:19:34,925 INFO ofi_cancel_5: 0.0001743070561094839 , std 8.349583593701874e-05 
2023-05-13 12:19:34,925 INFO ofi_trade_1: 6.03466360923566e-05 , std 0.00013438247086230515 
2023-05-13 12:19:34,925 INFO ofi_trade_2: 0.00014339891733980753 , std 0.00010354492134086333 
2023-05-13 12:19:34,925 INFO ofi_trade_3: 0.00012838485858994566 , std 9.575048051579581e-05 
2023-05-13 12:19:34,925 INFO ofi_trade_4: 0.00012131605292900906 , std 8.898008765279178e-05 
2023-05-13 12:19:34,925 INFO ofi_trade_5: 0.00016143832346103868 , std 9.561054867494111e-05 
2023-05-13 12:19:34,925 INFO t_intercept: -0.04010104212771765 , std 1.0921401266025932 
2023-05-13 12:19:34,925 INFO t_ofi_add_1: 1.4000272337032462 , std 1.8533138633313213 
2023-05-13 12:19:34,925 INFO t_ofi_add_2: 3.013582950645162 , std 1.6506827297017306 
2023-05-13 12:19:34,925 INFO t_ofi_add_3: 3.1470710208723967 , std 1.6691370139669783 
2023-05-13 12:19:34,925 INFO t_ofi_add_4: 3.1612812213048236 , std 1.6386604728491967 
2023-05-13 12:19:34,925 INFO t_ofi_add_5: 4.685818773530236 , std 1.7946593315032255 
2023-05-13 12:19:34,925 INFO t_ofi_cancel_1: 1.1331131002146808 , std 1.7131081272969428 
2023-05-13 12:19:34,925 INFO t_ofi_cancel_2: 2.642078722329337 , std 1.6337494912597887 
2023-05-13 12:19:34,925 INFO t_ofi_cancel_3: 2.803607579991852 , std 1.5805119939938568 
2023-05-13 12:19:34,925 INFO t_ofi_cancel_4: 2.7607432363916384 , std 1.5781086447015658 
2023-05-13 12:19:34,925 INFO t_ofi_cancel_5: 4.214174478435311 , std 1.7521181603834166 
2023-05-13 12:19:34,925 INFO t_ofi_trade_1: 0.8882354637868358 , std 1.716279167350545 
2023-05-13 12:19:34,925 INFO t_ofi_trade_2: 2.345325312097695 , std 1.561047859931401 
2023-05-13 12:19:34,925 INFO t_ofi_trade_3: 2.246534185777716 , std 1.5950568503543954 
2023-05-13 12:19:34,925 INFO t_ofi_trade_4: 2.249090234365142 , std 1.574534085652733 
2023-05-13 12:19:34,925 INFO t_ofi_trade_5: 3.3303358596338977 , std 1.8557096183076707 
2023-05-13 12:19:34,926 INFO Grouping by ofi type:
2023-05-13 12:19:34,926 INFO add: 15.407781200055865
2023-05-13 12:19:34,926 INFO cancel: 13.553717117362819
2023-05-13 12:19:34,926 INFO trade: 11.059521055661287
2023-05-13 12:19:34,926 INFO Grouping by level:
2023-05-13 12:19:34,926 INFO 1: 3.421375797704763
2023-05-13 12:19:34,926 INFO 2: 8.000986985072196
2023-05-13 12:19:34,926 INFO 3: 8.197212786641964
2023-05-13 12:19:34,926 INFO 4: 8.171114692061604
2023-05-13 12:19:34,926 INFO 5: 12.230329111599445
2023-05-13 12:19:34,926 INFO Non empty regressions: 1.0 --- 7282 / 7282
