2023-05-13 12:18:02,444 INFO Starting...
2023-05-13 12:18:02,444 INFO Tickers: ['GOOGL']
2023-05-13 12:18:03,822 INFO in_r2: 0.7336498413039101 , std 0.08449022445041289 
2023-05-13 12:18:03,822 INFO os_r2: 0.5595118468035836 , std 0.43397579260637886 
2023-05-13 12:18:03,822 INFO intercept: 9.832321608868485e-07 , std 1.3125267535181755e-05 
2023-05-13 12:18:03,822 INFO ofi_add_1: 2.24415946257469e-05 , std 3.119008254873532e-05 
2023-05-13 12:18:03,822 INFO ofi_add_2: 4.2126078467378045e-05 , std 3.720460880262531e-05 
2023-05-13 12:18:03,822 INFO ofi_add_3: 4.2766200765278896e-05 , std 4.067688253369041e-05 
2023-05-13 12:18:03,822 INFO ofi_add_4: 3.722994205838096e-05 , std 4.080911016276759e-05 
2023-05-13 12:18:03,822 INFO ofi_add_5: 7.380776576303579e-05 , std 4.909541555110704e-05 
2023-05-13 12:18:03,822 INFO ofi_cancel_1: 2.899828814977648e-05 , std 3.827220301863579e-05 
2023-05-13 12:18:03,822 INFO ofi_cancel_2: 4.2763160779452425e-05 , std 3.8283235328282474e-05 
2023-05-13 12:18:03,822 INFO ofi_cancel_3: 4.238239501479042e-05 , std 4.140904958618673e-05 
2023-05-13 12:18:03,822 INFO ofi_cancel_4: 3.629063159227615e-05 , std 4.1247322787228106e-05 
2023-05-13 12:18:03,822 INFO ofi_cancel_5: 7.392667577303989e-05 , std 4.9526007436754e-05 
2023-05-13 12:18:03,822 INFO ofi_trade_1: 9.50155814857275e-05 , std 8.790378613266892e-05 
2023-05-13 12:18:03,822 INFO ofi_trade_2: 4.449636816162961e-05 , std 8.841171911086609e-05 
2023-05-13 12:18:03,823 INFO ofi_trade_3: 4.237758585139799e-05 , std 9.379816918203631e-05 
2023-05-13 12:18:03,823 INFO ofi_trade_4: 4.641967968427173e-05 , std 9.726071447146393e-05 
2023-05-13 12:18:03,823 INFO ofi_trade_5: 0.00011115507513894098 , std 0.00010415297611258214 
2023-05-13 12:18:03,823 INFO t_intercept: 0.06761193028737597 , std 1.2116285885426659 
2023-05-13 12:18:03,823 INFO t_ofi_add_1: 1.3892919644323845 , std 1.6039433654278845 
2023-05-13 12:18:03,823 INFO t_ofi_add_2: 1.8392421199692455 , std 1.4113379050877846 
2023-05-13 12:18:03,823 INFO t_ofi_add_3: 1.6371713399684602 , std 1.3317654542591797 
2023-05-13 12:18:03,823 INFO t_ofi_add_4: 1.3694494579207714 , std 1.3253513427056096 
2023-05-13 12:18:03,823 INFO t_ofi_add_5: 3.123757883069831 , std 1.5893967230356076 
2023-05-13 12:18:03,823 INFO t_ofi_cancel_1: 1.3877847847703286 , std 1.4934917809838415 
2023-05-13 12:18:03,823 INFO t_ofi_cancel_2: 1.8418841379645003 , std 1.436288111739952 
2023-05-13 12:18:03,823 INFO t_ofi_cancel_3: 1.6012747617292356 , std 1.3527781467067264 
2023-05-13 12:18:03,823 INFO t_ofi_cancel_4: 1.3248362873196937 , std 1.3459681025673138 
2023-05-13 12:18:03,823 INFO t_ofi_cancel_5: 3.0692546518659314 , std 1.6057462030339342 
2023-05-13 12:18:03,823 INFO t_ofi_trade_1: 2.1273522805500216 , std 1.6573174719857713 
2023-05-13 12:18:03,823 INFO t_ofi_trade_2: 0.8301662929841884 , std 1.5003127005720631 
2023-05-13 12:18:03,823 INFO t_ofi_trade_3: 0.7663347562455876 , std 1.4550314336146388 
2023-05-13 12:18:03,823 INFO t_ofi_trade_4: 0.7836322866260834 , std 1.4518575529009938 
2023-05-13 12:18:03,823 INFO t_ofi_trade_5: 2.0080321292877956 , std 1.5908745065468832 
2023-05-13 12:18:03,823 INFO Grouping by ofi type:
2023-05-13 12:18:03,824 INFO add: 9.358912765360692
2023-05-13 12:18:03,824 INFO cancel: 9.22503462364969
2023-05-13 12:18:03,824 INFO trade: 6.515517745693677
2023-05-13 12:18:03,824 INFO Grouping by level:
2023-05-13 12:18:03,824 INFO 1: 4.904429029752735
2023-05-13 12:18:03,824 INFO 2: 4.5112925509179345
2023-05-13 12:18:03,824 INFO 3: 4.004780857943283
2023-05-13 12:18:03,824 INFO 4: 3.4779180318665484
2023-05-13 12:18:03,824 INFO 5: 8.20104466422356
2023-05-13 12:18:03,824 INFO Non empty regressions: 1.0 --- 6575 / 6575
