2023-05-13 12:19:41,861 INFO Starting...
2023-05-13 12:19:41,861 INFO Tickers: ['GS']
2023-05-13 12:19:43,194 INFO in_r2: 0.8690699382469386 , std 0.05523397256718811 
2023-05-13 12:19:43,195 INFO os_r2: 0.8117677300657051 , std 0.11294948471796538 
2023-05-13 12:19:43,195 INFO intercept: -2.0698972631004592e-07 , std 9.748777111971414e-06 
2023-05-13 12:19:43,195 INFO ofi_add_1: 8.81537453242777e-05 , std 6.890938874493921e-05 
2023-05-13 12:19:43,195 INFO ofi_add_2: 9.812223651572018e-05 , std 6.74399666743372e-05 
2023-05-13 12:19:43,195 INFO ofi_add_3: 7.426363528233999e-05 , std 6.058511065050199e-05 
2023-05-13 12:19:43,195 INFO ofi_add_4: 5.219078902477751e-05 , std 6.019773674503536e-05 
2023-05-13 12:19:43,195 INFO ofi_add_5: 9.9216309571956e-05 , std 6.638193618476471e-05 
2023-05-13 12:19:43,195 INFO ofi_cancel_1: 0.00010076074901752702 , std 7.524307598044796e-05 
2023-05-13 12:19:43,195 INFO ofi_cancel_2: 0.00010071038244065512 , std 6.926125507961249e-05 
2023-05-13 12:19:43,195 INFO ofi_cancel_3: 6.887512918057885e-05 , std 6.140781039970946e-05 
2023-05-13 12:19:43,195 INFO ofi_cancel_4: 4.672238653661212e-05 , std 6.174504369907818e-05 
2023-05-13 12:19:43,195 INFO ofi_cancel_5: 9.335433607131788e-05 , std 6.784372217756949e-05 
2023-05-13 12:19:43,195 INFO ofi_trade_1: 8.763854678874214e-05 , std 0.00013083078951027857 
2023-05-13 12:19:43,195 INFO ofi_trade_2: 0.00010550945625368919 , std 0.00014229938562875763 
2023-05-13 12:19:43,195 INFO ofi_trade_3: 9.120260696991195e-05 , std 0.00013431299743116437 
2023-05-13 12:19:43,195 INFO ofi_trade_4: 7.739259436092972e-05 , std 0.00013358228630157843 
2023-05-13 12:19:43,195 INFO ofi_trade_5: 0.000130830707158984 , std 0.00013542854911636535 
2023-05-13 12:19:43,195 INFO t_intercept: 0.01407609630982125 , std 1.122196059787581 
2023-05-13 12:19:43,195 INFO t_ofi_add_1: 2.37596062013728 , std 1.4740952216124819 
2023-05-13 12:19:43,195 INFO t_ofi_add_2: 2.3249949145877875 , std 1.3292809398685526 
2023-05-13 12:19:43,195 INFO t_ofi_add_3: 1.7251167132961909 , std 1.2588326193244157 
2023-05-13 12:19:43,195 INFO t_ofi_add_4: 1.2554126197945812 , std 1.2450551523227353 
2023-05-13 12:19:43,195 INFO t_ofi_add_5: 2.9189077816183704 , std 1.448584531048285 
2023-05-13 12:19:43,195 INFO t_ofi_cancel_1: 2.416519205935308 , std 1.4365513987057044 
2023-05-13 12:19:43,195 INFO t_ofi_cancel_2: 2.344273155215485 , std 1.326580062394882 
2023-05-13 12:19:43,195 INFO t_ofi_cancel_3: 1.5853333579935305 , std 1.2643624179235755 
2023-05-13 12:19:43,195 INFO t_ofi_cancel_4: 1.100889520896201 , std 1.2538084961272353 
2023-05-13 12:19:43,195 INFO t_ofi_cancel_5: 2.6338889666735534 , std 1.443007377717352 
2023-05-13 12:19:43,195 INFO t_ofi_trade_1: 1.088866525169833 , std 1.4066219608335673 
2023-05-13 12:19:43,196 INFO t_ofi_trade_2: 1.1316052650803061 , std 1.3331654934862738 
2023-05-13 12:19:43,196 INFO t_ofi_trade_3: 1.0288273546040871 , std 1.3119633947783984 
2023-05-13 12:19:43,196 INFO t_ofi_trade_4: 0.9299394595385998 , std 1.3109220594692983 
2023-05-13 12:19:43,196 INFO t_ofi_trade_5: 1.7481886391542174 , std 1.375125663363178 
2023-05-13 12:19:43,196 INFO Grouping by ofi type:
2023-05-13 12:19:43,196 INFO add: 10.60039264943421
2023-05-13 12:19:43,196 INFO cancel: 10.080904206714077
2023-05-13 12:19:43,196 INFO trade: 5.927427243547044
2023-05-13 12:19:43,196 INFO Grouping by level:
2023-05-13 12:19:43,196 INFO 1: 5.8813463512424216
2023-05-13 12:19:43,196 INFO 2: 5.80087333488358
2023-05-13 12:19:43,196 INFO 3: 4.339277425893808
2023-05-13 12:19:43,196 INFO 4: 3.2862416002293817
2023-05-13 12:19:43,196 INFO 5: 7.300985387446141
2023-05-13 12:19:43,197 INFO Non empty regressions: 1.0 --- 4886 / 4886
