2023-05-13 12:19:07,858 INFO Starting...
2023-05-13 12:19:07,859 INFO Tickers: ['IBM']
2023-05-13 12:19:09,323 INFO in_r2: 0.8805848807256036 , std 0.05019293799579909 
2023-05-13 12:19:09,323 INFO os_r2: 0.6051976928243429 , std 17.77180881399558 
2023-05-13 12:19:09,324 INFO intercept: 7.804649656316854e-08 , std 6.673960379155464e-06 
2023-05-13 12:19:09,324 INFO ofi_add_1: 8.678385766780326e-05 , std 6.215973753304923e-05 
2023-05-13 12:19:09,324 INFO ofi_add_2: 9.69418752919262e-05 , std 6.07369496532332e-05 
2023-05-13 12:19:09,324 INFO ofi_add_3: 6.372692605944281e-05 , std 5.434490471217587e-05 
2023-05-13 12:19:09,324 INFO ofi_add_4: 5.658979096054795e-05 , std 5.2042019057080655e-05 
2023-05-13 12:19:09,324 INFO ofi_add_5: 9.143326277416737e-05 , std 5.3422713207381396e-05 
2023-05-13 12:19:09,324 INFO ofi_cancel_1: 8.991843917153269e-05 , std 6.927725908482889e-05 
2023-05-13 12:19:09,324 INFO ofi_cancel_2: 9.849391889851637e-05 , std 6.268215136783818e-05 
2023-05-13 12:19:09,324 INFO ofi_cancel_3: 5.8634531589439e-05 , std 5.6143148138196176e-05 
2023-05-13 12:19:09,324 INFO ofi_cancel_4: 5.047098009061907e-05 , std 5.52626240983088e-05 
2023-05-13 12:19:09,324 INFO ofi_cancel_5: 8.657743499120463e-05 , std 5.667945341838764e-05 
2023-05-13 12:19:09,324 INFO ofi_trade_1: 8.582569468057387e-05 , std 0.00013367314103715229 
2023-05-13 12:19:09,324 INFO ofi_trade_2: 0.00010684250156937699 , std 0.00012145437276251288 
2023-05-13 12:19:09,324 INFO ofi_trade_3: 7.118318281361867e-05 , std 0.00010560168375240899 
2023-05-13 12:19:09,324 INFO ofi_trade_4: 7.046096894957841e-05 , std 9.680974513186494e-05 
2023-05-13 12:19:09,324 INFO ofi_trade_5: 0.00010671836153931554 , std 9.236767999398148e-05 
2023-05-13 12:19:09,324 INFO t_intercept: 0.05331836875303781 , std 1.0433792308217456 
2023-05-13 12:19:09,324 INFO t_ofi_add_1: 2.3083403444098094 , std 1.4674832198080057 
2023-05-13 12:19:09,324 INFO t_ofi_add_2: 2.4017374933883278 , std 1.3613960112803825 
2023-05-13 12:19:09,324 INFO t_ofi_add_3: 1.600373575546209 , std 1.2775360735025674 
2023-05-13 12:19:09,324 INFO t_ofi_add_4: 1.5178697892012656 , std 1.2933732709380632 
2023-05-13 12:19:09,324 INFO t_ofi_add_5: 2.9350261255204964 , std 1.5316684937824836 
2023-05-13 12:19:09,324 INFO t_ofi_cancel_1: 2.0525600098431296 , std 1.4211430426759064 
2023-05-13 12:19:09,324 INFO t_ofi_cancel_2: 2.3464920364505018 , std 1.367739744137224 
2023-05-13 12:19:09,324 INFO t_ofi_cancel_3: 1.3958358772374293 , std 1.264171308128594 
2023-05-13 12:19:09,324 INFO t_ofi_cancel_4: 1.2730736728738743 , std 1.2946096477425635 
2023-05-13 12:19:09,324 INFO t_ofi_cancel_5: 2.6060387036929717 , std 1.5647691400734411 
2023-05-13 12:19:09,324 INFO t_ofi_trade_1: 1.0220039628029365 , std 1.406331449241177 
2023-05-13 12:19:09,324 INFO t_ofi_trade_2: 1.305108539019206 , std 1.3288741617152418 
2023-05-13 12:19:09,324 INFO t_ofi_trade_3: 0.9693341878386547 , std 1.298346543014877 
2023-05-13 12:19:09,324 INFO t_ofi_trade_4: 1.100559771807124 , std 1.3131027341931416 
2023-05-13 12:19:09,324 INFO t_ofi_trade_5: 1.8674098169017832 , std 1.414763177318883 
2023-05-13 12:19:09,325 INFO Grouping by ofi type:
2023-05-13 12:19:09,325 INFO add: 10.763347328066107
2023-05-13 12:19:09,325 INFO cancel: 9.674000300097907
2023-05-13 12:19:09,325 INFO trade: 6.264416278369704
2023-05-13 12:19:09,325 INFO Grouping by level:
2023-05-13 12:19:09,325 INFO 1: 5.382904317055876
2023-05-13 12:19:09,325 INFO 2: 6.053338068858035
2023-05-13 12:19:09,325 INFO 3: 3.9655436406222933
2023-05-13 12:19:09,325 INFO 4: 3.891503233882264
2023-05-13 12:19:09,325 INFO 5: 7.408474646115251
2023-05-13 12:19:09,326 INFO Non empty regressions: 1.0 --- 6021 / 6021
