2023-05-13 12:20:05,085 INFO Starting...
2023-05-13 12:20:05,085 INFO Tickers: ['MS']
2023-05-13 12:20:06,500 INFO in_r2: 0.9795626350576359 , std 0.014083845213399924 
2023-05-13 12:20:06,500 INFO os_r2: 0.9641198361339242 , std 0.033563529093971825 
2023-05-13 12:20:06,500 INFO intercept: -3.940695645268488e-07 , std 4.2419179533827795e-06 
2023-05-13 12:20:06,500 INFO ofi_add_1: 3.795928983300254e-05 , std 6.24048466825393e-05 
2023-05-13 12:20:06,500 INFO ofi_add_2: 0.0002026271962115993 , std 0.00010854485116169983 
2023-05-13 12:20:06,500 INFO ofi_add_3: 0.00016035550478379207 , std 8.800591047300536e-05 
2023-05-13 12:20:06,500 INFO ofi_add_4: 0.00011470816853323584 , std 8.927051682163299e-05 
2023-05-13 12:20:06,500 INFO ofi_add_5: 0.0003225418301183113 , std 0.00012563880148818611 
2023-05-13 12:20:06,500 INFO ofi_cancel_1: 3.3015506611755505e-05 , std 6.25410489859878e-05 
2023-05-13 12:20:06,500 INFO ofi_cancel_2: 0.0001783055756943795 , std 0.00010410945238235468 
2023-05-13 12:20:06,500 INFO ofi_cancel_3: 0.00015224463371791107 , std 8.924733376861823e-05 
2023-05-13 12:20:06,500 INFO ofi_cancel_4: 0.00011870980185514494 , std 9.081002190082262e-05 
2023-05-13 12:20:06,500 INFO ofi_cancel_5: 0.00033223604775443395 , std 0.00012990484624971656 
2023-05-13 12:20:06,500 INFO ofi_trade_1: 5.912522336616201e-05 , std 0.0001355110902100169 
2023-05-13 12:20:06,500 INFO ofi_trade_2: 0.00022544759538456087 , std 0.0001390358036299865 
2023-05-13 12:20:06,500 INFO ofi_trade_3: 0.00015421570696061052 , std 0.00012459245231637593 
2023-05-13 12:20:06,500 INFO ofi_trade_4: 0.0001141903532229745 , std 0.0001128293565657004 
2023-05-13 12:20:06,500 INFO ofi_trade_5: 0.0003020345207422738 , std 0.0001461490146282937 
2023-05-13 12:20:06,500 INFO t_intercept: -0.11291922350119787 , std 1.089179056863265 
2023-05-13 12:20:06,500 INFO t_ofi_add_1: 1.3421804089224774 , std 2.278257224099828 
2023-05-13 12:20:06,500 INFO t_ofi_add_2: 5.108386954077631 , std 2.310088045864937 
2023-05-13 12:20:06,500 INFO t_ofi_add_3: 4.427298742866646 , std 2.1664769043869123 
2023-05-13 12:20:06,500 INFO t_ofi_add_4: 3.4312994833506076 , std 2.1937844863719143 
2023-05-13 12:20:06,501 INFO t_ofi_add_5: 8.341450251616424 , std 3.2091672015950596 
2023-05-13 12:20:06,501 INFO t_ofi_cancel_1: 0.9653388652632414 , std 2.0244233007385004 
2023-05-13 12:20:06,501 INFO t_ofi_cancel_2: 4.391319792160781 , std 2.175798112883036 
2023-05-13 12:20:06,501 INFO t_ofi_cancel_3: 3.9186370885469057 , std 1.9967338502531127 
2023-05-13 12:20:06,501 INFO t_ofi_cancel_4: 3.1983478090340305 , std 1.996478242685224 
2023-05-13 12:20:06,501 INFO t_ofi_cancel_5: 7.652122159001173 , std 3.0373460328712203 
2023-05-13 12:20:06,501 INFO t_ofi_trade_1: 0.8105603864483513 , std 1.6860409007283688 
2023-05-13 12:20:06,501 INFO t_ofi_trade_2: 3.5585131725565935 , std 1.970517550508418 
2023-05-13 12:20:06,501 INFO t_ofi_trade_3: 2.6734195797330678 , std 2.088624955936258 
2023-05-13 12:20:06,501 INFO t_ofi_trade_4: 2.226920451465345 , std 2.030857232219274 
2023-05-13 12:20:06,501 INFO t_ofi_trade_5: 5.488850400961138 , std 2.5578916840948502 
2023-05-13 12:20:06,501 INFO Grouping by ofi type:
2023-05-13 12:20:06,502 INFO add: 22.650615840833787
2023-05-13 12:20:06,502 INFO cancel: 20.125765714006132
2023-05-13 12:20:06,502 INFO trade: 14.758263991164494
2023-05-13 12:20:06,502 INFO Grouping by level:
2023-05-13 12:20:06,502 INFO 1: 3.11807966063407
2023-05-13 12:20:06,502 INFO 2: 13.058219918795007
2023-05-13 12:20:06,502 INFO 3: 11.01935541114662
2023-05-13 12:20:06,502 INFO 4: 8.856567743849983
2023-05-13 12:20:06,502 INFO 5: 21.482422811578736
2023-05-13 12:20:06,502 INFO Non empty regressions: 1.0 --- 7319 / 7319
