2023-05-13 12:07:27,670 INFO Starting...
2023-05-13 12:07:27,670 INFO Tickers: ['MSFT']
2023-05-13 12:07:36,384 INFO in_r2: 0.9592236809304543 , std 0.026079869760479633 
2023-05-13 12:07:36,385 INFO os_r2: 0.9278198287983153 , std 0.19927612558974875 
2023-05-13 12:07:36,385 INFO intercept: 8.149805108713153e-08 , std 5.121077075737371e-06 
2023-05-13 12:07:36,385 INFO ofi_add_1: 2.815518146235698e-05 , std 5.225572387989572e-05 
2023-05-13 12:07:36,385 INFO ofi_add_2: 0.00010390541064444373 , std 6.365917636054528e-05 
2023-05-13 12:07:36,385 INFO ofi_add_3: 9.453264494097902e-05 , std 6.897901682353741e-05 
2023-05-13 12:07:36,385 INFO ofi_add_4: 9.414801364725416e-05 , std 5.917057248606789e-05 
2023-05-13 12:07:36,385 INFO ofi_add_5: 0.00012526159294690717 , std 6.222458094652261e-05 
2023-05-13 12:07:36,385 INFO ofi_cancel_1: 2.4556049595566007e-05 , std 5.3590077234479046e-05 
2023-05-13 12:07:36,385 INFO ofi_cancel_2: 9.390081446886502e-05 , std 6.233831091131004e-05 
2023-05-13 12:07:36,385 INFO ofi_cancel_3: 9.15398287027261e-05 , std 7.291516894373661e-05 
2023-05-13 12:07:36,385 INFO ofi_cancel_4: 9.28809064868161e-05 , std 6.40691600158341e-05 
2023-05-13 12:07:36,385 INFO ofi_cancel_5: 0.00013055122755060116 , std 6.747587432103731e-05 
2023-05-13 12:07:36,385 INFO ofi_trade_1: 6.242687612098401e-06 , std 9.381481781922312e-05 
2023-05-13 12:07:36,385 INFO ofi_trade_2: 0.00011479520455420257 , std 8.631147348507276e-05 
2023-05-13 12:07:36,385 INFO ofi_trade_3: 8.98342926034109e-05 , std 8.370053602863648e-05 
2023-05-13 12:07:36,385 INFO ofi_trade_4: 8.81953042656986e-05 , std 7.137852240167615e-05 
2023-05-13 12:07:36,385 INFO ofi_trade_5: 0.00012365924092672662 , std 7.456103179337241e-05 
2023-05-13 12:07:36,385 INFO t_intercept: 0.008878669039533181 , std 1.1711196648402438 
2023-05-13 12:07:36,385 INFO t_ofi_add_1: 1.1877264234650708 , std 1.723483141323661 
2023-05-13 12:07:36,385 INFO t_ofi_add_2: 3.138329390172712 , std 1.7909223904784932 
2023-05-13 12:07:36,385 INFO t_ofi_add_3: 2.8051560889422564 , std 1.8712501817930456 
2023-05-13 12:07:36,385 INFO t_ofi_add_4: 2.929820036896893 , std 1.7566520462344515 
2023-05-13 12:07:36,385 INFO t_ofi_add_5: 4.848288837839432 , std 2.0776267272549247 
2023-05-13 12:07:36,385 INFO t_ofi_cancel_1: 0.9008389959627336 , std 1.60868134346981 
2023-05-13 12:07:36,385 INFO t_ofi_cancel_2: 2.7137757121868757 , std 1.6496824815093118 
2023-05-13 12:07:36,385 INFO t_ofi_cancel_3: 2.4268345981084654 , std 1.680741052212368 
2023-05-13 12:07:36,385 INFO t_ofi_cancel_4: 2.569030357591792 , std 1.617231789196946 
2023-05-13 12:07:36,385 INFO t_ofi_cancel_5: 4.373183775622678 , std 1.9552570308090491 
2023-05-13 12:07:36,385 INFO t_ofi_trade_1: 0.16961591201877665 , std 1.6615270756721525 
2023-05-13 12:07:36,385 INFO t_ofi_trade_2: 2.6478880296094225 , std 1.7657202590125862 
2023-05-13 12:07:36,385 INFO t_ofi_trade_3: 2.180495818444961 , std 1.8284192519267166 
2023-05-13 12:07:36,385 INFO t_ofi_trade_4: 2.285334457378178 , std 1.7130927481983262 
2023-05-13 12:07:36,385 INFO t_ofi_trade_5: 4.020813551467414 , std 2.190987735779453 
2023-05-13 12:07:36,386 INFO Grouping by ofi type:
2023-05-13 12:07:36,386 INFO add: 14.909320777316365
2023-05-13 12:07:36,386 INFO cancel: 12.983663439472545
2023-05-13 12:07:36,386 INFO trade: 11.304147768918753
2023-05-13 12:07:36,386 INFO Grouping by level:
2023-05-13 12:07:36,386 INFO 1: 2.2581813314465813
2023-05-13 12:07:36,386 INFO 2: 8.49999313196901
2023-05-13 12:07:36,386 INFO 3: 7.412486505495683
2023-05-13 12:07:36,386 INFO 4: 7.784184851866863
2023-05-13 12:07:36,386 INFO 5: 13.242286164929524
2023-05-13 12:07:36,386 INFO Non empty regressions: 1.0 --- 7348 / 7348
2023-05-13 12:17:53,678 INFO Starting...
2023-05-13 12:17:53,678 INFO Tickers: ['MSFT']
2023-05-13 12:17:55,083 INFO in_r2: 0.9592236809304543 , std 0.026079869760479633 
2023-05-13 12:17:55,083 INFO os_r2: 0.9278198287983153 , std 0.19927612558974875 
2023-05-13 12:17:55,083 INFO intercept: 8.149805108713153e-08 , std 5.121077075737371e-06 
2023-05-13 12:17:55,083 INFO ofi_add_1: 2.815518146235698e-05 , std 5.225572387989572e-05 
2023-05-13 12:17:55,084 INFO ofi_add_2: 0.00010390541064444373 , std 6.365917636054528e-05 
2023-05-13 12:17:55,084 INFO ofi_add_3: 9.453264494097902e-05 , std 6.897901682353741e-05 
2023-05-13 12:17:55,084 INFO ofi_add_4: 9.414801364725416e-05 , std 5.917057248606789e-05 
2023-05-13 12:17:55,084 INFO ofi_add_5: 0.00012526159294690717 , std 6.222458094652261e-05 
2023-05-13 12:17:55,084 INFO ofi_cancel_1: 2.4556049595566007e-05 , std 5.3590077234479046e-05 
2023-05-13 12:17:55,084 INFO ofi_cancel_2: 9.390081446886502e-05 , std 6.233831091131004e-05 
2023-05-13 12:17:55,084 INFO ofi_cancel_3: 9.15398287027261e-05 , std 7.291516894373661e-05 
2023-05-13 12:17:55,084 INFO ofi_cancel_4: 9.28809064868161e-05 , std 6.40691600158341e-05 
2023-05-13 12:17:55,084 INFO ofi_cancel_5: 0.00013055122755060116 , std 6.747587432103731e-05 
2023-05-13 12:17:55,084 INFO ofi_trade_1: 6.242687612098401e-06 , std 9.381481781922312e-05 
2023-05-13 12:17:55,084 INFO ofi_trade_2: 0.00011479520455420257 , std 8.631147348507276e-05 
2023-05-13 12:17:55,084 INFO ofi_trade_3: 8.98342926034109e-05 , std 8.370053602863648e-05 
2023-05-13 12:17:55,084 INFO ofi_trade_4: 8.81953042656986e-05 , std 7.137852240167615e-05 
2023-05-13 12:17:55,084 INFO ofi_trade_5: 0.00012365924092672662 , std 7.456103179337241e-05 
2023-05-13 12:17:55,084 INFO t_intercept: 0.008878669039533181 , std 1.1711196648402438 
2023-05-13 12:17:55,084 INFO t_ofi_add_1: 1.1877264234650708 , std 1.723483141323661 
2023-05-13 12:17:55,084 INFO t_ofi_add_2: 3.138329390172712 , std 1.7909223904784932 
2023-05-13 12:17:55,084 INFO t_ofi_add_3: 2.8051560889422564 , std 1.8712501817930456 
2023-05-13 12:17:55,084 INFO t_ofi_add_4: 2.929820036896893 , std 1.7566520462344515 
2023-05-13 12:17:55,084 INFO t_ofi_add_5: 4.848288837839432 , std 2.0776267272549247 
2023-05-13 12:17:55,084 INFO t_ofi_cancel_1: 0.9008389959627336 , std 1.60868134346981 
2023-05-13 12:17:55,084 INFO t_ofi_cancel_2: 2.7137757121868757 , std 1.6496824815093118 
2023-05-13 12:17:55,084 INFO t_ofi_cancel_3: 2.4268345981084654 , std 1.680741052212368 
2023-05-13 12:17:55,084 INFO t_ofi_cancel_4: 2.569030357591792 , std 1.617231789196946 
2023-05-13 12:17:55,084 INFO t_ofi_cancel_5: 4.373183775622678 , std 1.9552570308090491 
2023-05-13 12:17:55,084 INFO t_ofi_trade_1: 0.16961591201877665 , std 1.6615270756721525 
2023-05-13 12:17:55,084 INFO t_ofi_trade_2: 2.6478880296094225 , std 1.7657202590125862 
2023-05-13 12:17:55,084 INFO t_ofi_trade_3: 2.180495818444961 , std 1.8284192519267166 
2023-05-13 12:17:55,084 INFO t_ofi_trade_4: 2.285334457378178 , std 1.7130927481983262 
2023-05-13 12:17:55,084 INFO t_ofi_trade_5: 4.020813551467414 , std 2.190987735779453 
2023-05-13 12:17:55,085 INFO Grouping by ofi type:
2023-05-13 12:17:55,085 INFO add: 14.909320777316365
2023-05-13 12:17:55,085 INFO cancel: 12.983663439472545
2023-05-13 12:17:55,085 INFO trade: 11.304147768918753
2023-05-13 12:17:55,085 INFO Grouping by level:
2023-05-13 12:17:55,085 INFO 1: 2.2581813314465813
2023-05-13 12:17:55,085 INFO 2: 8.49999313196901
2023-05-13 12:17:55,085 INFO 3: 7.412486505495683
2023-05-13 12:17:55,085 INFO 4: 7.784184851866863
2023-05-13 12:17:55,085 INFO 5: 13.242286164929524
2023-05-13 12:17:55,085 INFO Non empty regressions: 1.0 --- 7348 / 7348
