2023-05-13 12:18:26,158 INFO Starting...
2023-05-13 12:18:26,158 INFO Tickers: ['PFE']
2023-05-13 12:18:27,657 INFO in_r2: 0.9793987629816382 , std 0.01894744383667658 
2023-05-13 12:18:27,657 INFO os_r2: 0.8823392763014161 , std 2.521968221562884 
2023-05-13 12:18:27,657 INFO intercept: 1.9944968274577475e-07 , std 2.9958008659590355e-06 
2023-05-13 12:18:27,657 INFO ofi_add_1: 2.691400924606054e-05 , std 6.145378566589317e-05 
2023-05-13 12:18:27,657 INFO ofi_add_2: 0.00020715676220258645 , std 0.00014140288379543037 
2023-05-13 12:18:27,657 INFO ofi_add_3: 0.0001194010048089173 , std 0.00011638801338010473 
2023-05-13 12:18:27,657 INFO ofi_add_4: 0.00024015770201327025 , std 0.0001767945634394225 
2023-05-13 12:18:27,658 INFO ofi_add_5: 0.000416692469313297 , std 0.00021840511675526617 
2023-05-13 12:18:27,658 INFO ofi_cancel_1: 1.9184319703603463e-05 , std 5.998543707208538e-05 
2023-05-13 12:18:27,658 INFO ofi_cancel_2: 0.0001480075655434123 , std 0.00013653264231440978 
2023-05-13 12:18:27,658 INFO ofi_cancel_3: 0.00011650067380043535 , std 0.00012250512318525255 
2023-05-13 12:18:27,658 INFO ofi_cancel_4: 0.00021227089913248732 , std 0.00017652724639503401 
2023-05-13 12:18:27,658 INFO ofi_cancel_5: 0.0004589257193048616 , std 0.0002582339592119741 
2023-05-13 12:18:27,658 INFO ofi_trade_1: 6.355298404782262e-05 , std 0.00023003599350245732 
2023-05-13 12:18:27,658 INFO ofi_trade_2: 0.00023871620153062184 , std 0.0001919172506978717 
2023-05-13 12:18:27,658 INFO ofi_trade_3: 0.00015886931927357068 , std 0.00016819858985339767 
2023-05-13 12:18:27,658 INFO ofi_trade_4: 0.00023292590872660545 , std 0.00022330918664756203 
2023-05-13 12:18:27,658 INFO ofi_trade_5: 0.00035525774310378856 , std 0.0002581576126830249 
2023-05-13 12:18:27,658 INFO t_intercept: 0.09926110123544067 , std 1.1110477173310145 
2023-05-13 12:18:27,658 INFO t_ofi_add_1: 1.176764977992987 , std 2.410490949194018 
2023-05-13 12:18:27,658 INFO t_ofi_add_2: 5.536877567636401 , std 2.765162418695407 
2023-05-13 12:18:27,658 INFO t_ofi_add_3: 3.326715715872973 , std 2.5085284837202098 
2023-05-13 12:18:27,658 INFO t_ofi_add_4: 5.584800324147554 , std 3.6848904031153995 
2023-05-13 12:18:27,658 INFO t_ofi_add_5: 8.113810124001605 , std 3.9477706868037017 
2023-05-13 12:18:27,658 INFO t_ofi_cancel_1: 0.6586037370976905 , std 2.1410382135158397 
2023-05-13 12:18:27,658 INFO t_ofi_cancel_2: 3.598519234319592 , std 2.5677364991443117 
2023-05-13 12:18:27,658 INFO t_ofi_cancel_3: 2.8470599154884386 , std 2.095952448561622 
2023-05-13 12:18:27,658 INFO t_ofi_cancel_4: 4.025767232305378 , std 2.8308130971513483 
2023-05-13 12:18:27,658 INFO t_ofi_cancel_5: 7.092189517487025 , std 3.835387667044467 
2023-05-13 12:18:27,658 INFO t_ofi_trade_1: -138391298666.76913 , std 11780343378226.465 
2023-05-13 12:18:27,658 INFO t_ofi_trade_2: 301600479332.0999 , std 19677635765676.426 
2023-05-13 12:18:27,658 INFO t_ofi_trade_3: 11015888451.344713 , std 767304368224.3273 
2023-05-13 12:18:27,658 INFO t_ofi_trade_4: 324534042809.70966 , std 19835506246766.547 
2023-05-13 12:18:27,658 INFO t_ofi_trade_5: 214380197945.0583 , std 12952446028083.498 
2023-05-13 12:18:27,659 INFO Grouping by ofi type:
2023-05-13 12:18:27,659 INFO add: 23.738968709651516
2023-05-13 12:18:27,659 INFO cancel: 18.222139636698124
2023-05-13 12:18:27,659 INFO trade: 713139309871.4434
2023-05-13 12:18:27,659 INFO Grouping by level:
2023-05-13 12:18:27,659 INFO 1: -138391298664.93378
2023-05-13 12:18:27,659 INFO 2: 301600479341.2353
2023-05-13 12:18:27,659 INFO 3: 11015888457.518488
2023-05-13 12:18:27,659 INFO 4: 324534042819.32025
2023-05-13 12:18:27,659 INFO 5: 214380197960.26428
2023-05-13 12:18:27,659 INFO Non empty regressions: 1.0 --- 7247 / 7247
