2023-05-13 12:18:06,761 INFO Starting...
2023-05-13 12:18:06,761 INFO Tickers: ['PG']
2023-05-13 12:18:08,275 INFO in_r2: 0.9423459300447412 , std 0.030399356398988067 
2023-05-13 12:18:08,275 INFO os_r2: 0.9145459399991414 , std 0.08567326955589562 
2023-05-13 12:18:08,275 INFO intercept: 1.6816593587916377e-07 , std 3.6420630876156556e-06 
2023-05-13 12:18:08,275 INFO ofi_add_1: 3.181267494292466e-05 , std 5.1421087238504474e-05 
2023-05-13 12:18:08,275 INFO ofi_add_2: 9.43411436552704e-05 , std 5.968620412773072e-05 
2023-05-13 12:18:08,275 INFO ofi_add_3: 9.639177898777575e-05 , std 5.765788723122954e-05 
2023-05-13 12:18:08,275 INFO ofi_add_4: 9.913345072736007e-05 , std 6.0142205105316955e-05 
2023-05-13 12:18:08,275 INFO ofi_add_5: 0.00011922299165939604 , std 6.054114879989963e-05 
2023-05-13 12:18:08,275 INFO ofi_cancel_1: 2.78811047616707e-05 , std 5.535496661927997e-05 
2023-05-13 12:18:08,275 INFO ofi_cancel_2: 8.965692048889626e-05 , std 6.021035761313764e-05 
2023-05-13 12:18:08,275 INFO ofi_cancel_3: 9.250100442357145e-05 , std 6.162510123814057e-05 
2023-05-13 12:18:08,275 INFO ofi_cancel_4: 9.581199757647525e-05 , std 6.30345861584349e-05 
2023-05-13 12:18:08,275 INFO ofi_cancel_5: 0.00012359478906479444 , std 6.482034995499637e-05 
2023-05-13 12:18:08,275 INFO ofi_trade_1: 2.9595330929817343e-05 , std 0.00011888512585404494 
2023-05-13 12:18:08,276 INFO ofi_trade_2: 0.00010925070505893242 , std 9.37697072468903e-05 
2023-05-13 12:18:08,276 INFO ofi_trade_3: 9.465474227734521e-05 , std 8.511133189161103e-05 
2023-05-13 12:18:08,276 INFO ofi_trade_4: 9.288244934064569e-05 , std 8.102482637409474e-05 
2023-05-13 12:18:08,276 INFO ofi_trade_5: 0.000108321429641658 , std 8.003789146193803e-05 
2023-05-13 12:18:08,276 INFO t_intercept: 0.07183140869744307 , std 1.031151898453958 
2023-05-13 12:18:08,276 INFO t_ofi_add_1: 1.0681747296587853 , std 1.6536498926035794 
2023-05-13 12:18:08,276 INFO t_ofi_add_2: 2.7142506489218485 , std 1.664139601302288 
2023-05-13 12:18:08,276 INFO t_ofi_add_3: 2.847316624470978 , std 1.7357159750541986 
2023-05-13 12:18:08,276 INFO t_ofi_add_4: 2.9622268943273338 , std 1.725135149315055 
2023-05-13 12:18:08,276 INFO t_ofi_add_5: 4.079557200460604 , std 1.803213352816458 
2023-05-13 12:18:08,276 INFO t_ofi_cancel_1: 0.7790781489769415 , std 1.5449223495594937 
2023-05-13 12:18:08,276 INFO t_ofi_cancel_2: 2.4854964405497846 , std 1.6132953593309514 
2023-05-13 12:18:08,276 INFO t_ofi_cancel_3: 2.512185896239411 , std 1.650859542047341 
2023-05-13 12:18:08,276 INFO t_ofi_cancel_4: 2.6100118570514743 , std 1.6327408917868995 
2023-05-13 12:18:08,276 INFO t_ofi_cancel_5: 3.7642074273223805 , std 1.7143189725873995 
2023-05-13 12:18:08,276 INFO t_ofi_trade_1: 0.42050149764060774 , std 1.5284090873778986 
2023-05-13 12:18:08,276 INFO t_ofi_trade_2: 1.9076982169921817 , std 1.570611870732115 
2023-05-13 12:18:08,276 INFO t_ofi_trade_3: 1.7940561390534886 , std 1.5517235862731886 
2023-05-13 12:18:08,276 INFO t_ofi_trade_4: 1.8528772393535562 , std 1.5340094929467216 
2023-05-13 12:18:08,276 INFO t_ofi_trade_5: 2.46265291536288 , std 1.6947596953381172 
2023-05-13 12:18:08,276 INFO Grouping by ofi type:
2023-05-13 12:18:08,277 INFO add: 13.67152609783955
2023-05-13 12:18:08,277 INFO cancel: 12.150979770139992
2023-05-13 12:18:08,277 INFO trade: 8.437786008402714
2023-05-13 12:18:08,277 INFO Grouping by level:
2023-05-13 12:18:08,277 INFO 1: 2.2677543762763346
2023-05-13 12:18:08,277 INFO 2: 7.107445306463815
2023-05-13 12:18:08,277 INFO 3: 7.153558659763878
2023-05-13 12:18:08,277 INFO 4: 7.4251159907323645
2023-05-13 12:18:08,277 INFO 5: 10.306417543145866
2023-05-13 12:18:08,277 INFO Non empty regressions: 1.0 --- 7274 / 7274
