2023-05-13 12:19:04,941 INFO Starting...
2023-05-13 12:19:04,942 INFO Tickers: ['UTX']
2023-05-13 12:19:06,345 INFO in_r2: 0.888984304182217 , std 0.04660052179139714 
2023-05-13 12:19:06,345 INFO os_r2: 0.8349239850856477 , std 0.5458288648146374 
2023-05-13 12:19:06,345 INFO intercept: -4.4025193612449004e-07 , std 7.5454296501793546e-06 
2023-05-13 12:19:06,345 INFO ofi_add_1: 8.699570517221502e-05 , std 6.708957263759344e-05 
2023-05-13 12:19:06,345 INFO ofi_add_2: 0.00010775682624530511 , std 6.661373404655837e-05 
2023-05-13 12:19:06,345 INFO ofi_add_3: 7.297245223107867e-05 , std 6.444179959783025e-05 
2023-05-13 12:19:06,345 INFO ofi_add_4: 6.439554847481931e-05 , std 6.12497491866734e-05 
2023-05-13 12:19:06,345 INFO ofi_add_5: 0.0001032919945275208 , std 6.341669911469493e-05 
2023-05-13 12:19:06,345 INFO ofi_cancel_1: 9.787462903089876e-05 , std 7.773822143723772e-05 
2023-05-13 12:19:06,345 INFO ofi_cancel_2: 0.00011391857856091148 , std 6.891697909632076e-05 
2023-05-13 12:19:06,345 INFO ofi_cancel_3: 6.6277390839829e-05 , std 6.74561851999491e-05 
2023-05-13 12:19:06,345 INFO ofi_cancel_4: 5.758240005521316e-05 , std 6.666830838726202e-05 
2023-05-13 12:19:06,345 INFO ofi_cancel_5: 9.610987919736149e-05 , std 6.695961590037225e-05 
2023-05-13 12:19:06,345 INFO ofi_trade_1: 9.890680989415522e-05 , std 0.0001500855333946162 
2023-05-13 12:19:06,345 INFO ofi_trade_2: 0.0001193188118648349 , std 0.00013781094444654155 
2023-05-13 12:19:06,345 INFO ofi_trade_3: 8.414899582659418e-05 , std 0.0001283702976403461 
2023-05-13 12:19:06,346 INFO ofi_trade_4: 8.375948000157516e-05 , std 0.00011302771738093661 
2023-05-13 12:19:06,346 INFO ofi_trade_5: 0.00012409170838351298 , std 0.00011164191151342793 
2023-05-13 12:19:06,346 INFO t_intercept: -0.05664402790056186 , std 1.0153865048757578 
2023-05-13 12:19:06,346 INFO t_ofi_add_1: 2.180654238359038 , std 1.4763108405821566 
2023-05-13 12:19:06,346 INFO t_ofi_add_2: 2.456541885797556 , std 1.3583527433757445 
2023-05-13 12:19:06,346 INFO t_ofi_add_3: 1.625418903219935 , std 1.3031329195686434 
2023-05-13 12:19:06,346 INFO t_ofi_add_4: 1.494353915317808 , std 1.3086653551775858 
2023-05-13 12:19:06,346 INFO t_ofi_add_5: 2.7898809877818254 , std 1.535253108675223 
2023-05-13 12:19:06,346 INFO t_ofi_cancel_1: 2.0939320798426175 , std 1.457141296384297 
2023-05-13 12:19:06,346 INFO t_ofi_cancel_2: 2.5135415565348724 , std 1.3766753380213752 
2023-05-13 12:19:06,346 INFO t_ofi_cancel_3: 1.395065294779922 , std 1.302954295039549 
2023-05-13 12:19:06,346 INFO t_ofi_cancel_4: 1.2502663192104684 , std 1.312049538589409 
2023-05-13 12:19:06,346 INFO t_ofi_cancel_5: 2.391134469121978 , std 1.5172747084749683 
2023-05-13 12:19:06,346 INFO t_ofi_trade_1: 1.0718328733266924 , std 1.4091242139189672 
2023-05-13 12:19:06,346 INFO t_ofi_trade_2: 1.3380134430127126 , std 1.3454648317949167 
2023-05-13 12:19:06,346 INFO t_ofi_trade_3: 1.002214635304021 , std 1.3124704001537233 
2023-05-13 12:19:06,346 INFO t_ofi_trade_4: 1.1280134756035218 , std 1.3020315061211067 
2023-05-13 12:19:06,346 INFO t_ofi_trade_5: 1.8035353739127806 , std 1.4035720422990943 
2023-05-13 12:19:06,347 INFO Grouping by ofi type:
2023-05-13 12:19:06,347 INFO add: 10.546849930476164
2023-05-13 12:19:06,347 INFO cancel: 9.643939719489858
2023-05-13 12:19:06,347 INFO trade: 6.3436098011597295
2023-05-13 12:19:06,347 INFO Grouping by level:
2023-05-13 12:19:06,347 INFO 1: 5.346419191528348
2023-05-13 12:19:06,347 INFO 2: 6.308096885345141
2023-05-13 12:19:06,347 INFO 3: 4.0226988333038785
2023-05-13 12:19:06,347 INFO 4: 3.8726337101317982
2023-05-13 12:19:06,347 INFO 5: 6.984550830816584
2023-05-13 12:19:06,348 INFO Non empty regressions: 1.0 --- 5248 / 5248
