2023-04-21 09:55:33,408 INFO Tickers: ['ADP']
2023-04-21 09:55:34,125 INFO Negative OS: -0.22191175551608477 --- ticker ADP --- day 2017-01-13 --- time 46800
2023-04-21 09:55:34,209 INFO Negative OS: -0.06725824844006634 --- ticker ADP --- day 2017-01-17 --- time 48600
2023-04-21 09:55:36,254 INFO Negative OS: -0.5186823644035359 --- ticker ADP --- day 2017-02-22 --- time 37800
2023-04-21 09:55:36,928 INFO Negative OS: -0.2796633380796547 --- ticker ADP --- day 2017-03-06 --- time 43200
2023-04-21 09:55:37,687 INFO Negative OS: -11.993876916292937 --- ticker ADP --- day 2017-03-17 --- time 50400
2023-04-21 09:55:42,293 INFO Negative OS: -0.08956796725292882 --- ticker ADP --- day 2017-06-07 --- time 52200
2023-04-21 09:55:42,781 INFO Negative OS: -0.04085111755611592 --- ticker ADP --- day 2017-06-15 --- time 50400
2023-04-21 09:55:42,869 INFO Negative OS: -0.18545974599735393 --- ticker ADP --- day 2017-06-16 --- time 52200
2023-04-21 09:55:43,841 INFO Negative OS: -0.39094832777876576 --- ticker ADP --- day 2017-07-05 --- time 52200
2023-04-21 09:55:43,956 INFO Negative OS: -0.27095911515847826 --- ticker ADP --- day 2017-07-07 --- time 36000
2023-04-21 09:55:47,332 INFO Negative OS: -0.1048627912749891 --- ticker ADP --- day 2017-09-05 --- time 39600
2023-04-21 09:55:55,034 INFO Negative OS: -0.03542846547460621 --- ticker ADP --- day 2018-01-31 --- time 50400
2023-04-21 09:55:56,530 INFO Negative OS: -0.26670699378569496 --- ticker ADP --- day 2018-02-28 --- time 41400
2023-04-21 09:56:04,332 INFO Negative OS: -0.25562240357010957 --- ticker ADP --- day 2018-07-20 --- time 39600
2023-04-21 09:56:04,341 INFO Negative OS: -0.31003251107330576 --- ticker ADP --- day 2018-07-20 --- time 43200
2023-04-21 09:56:05,081 INFO Negative OS: -0.5298677775673912 --- ticker ADP --- day 2018-08-02 --- time 46800
2023-04-21 09:56:06,848 INFO Negative OS: -1.409584019245381 --- ticker ADP --- day 2018-09-05 --- time 45000
2023-04-21 09:56:07,323 INFO Negative OS: -0.39736132211423336 --- ticker ADP --- day 2018-09-13 --- time 43200
2023-04-21 09:56:07,883 INFO Negative OS: -0.9862011805987969 --- ticker ADP --- day 2018-09-24 --- time 43200
2023-04-21 09:56:09,370 INFO Negative OS: -0.07594168500411569 --- ticker ADP --- day 2018-10-18 --- time 45000
2023-04-21 09:56:09,551 INFO Negative OS: -0.3653837702969911 --- ticker ADP --- day 2018-10-22 --- time 50400
2023-04-21 09:56:11,943 INFO Negative OS: -0.0598415892633859 --- ticker ADP --- day 2018-12-03 --- time 45000
2023-04-21 09:56:12,352 INFO Negative OS: -0.23331825221661173 --- ticker ADP --- day 2018-12-11 --- time 41400
2023-04-21 09:56:13,020 INFO Negative OS: -0.5064495991778937 --- ticker ADP --- day 2018-12-21 --- time 41400
2023-04-21 09:56:13,265 INFO Negative OS: -0.5487719744729824 --- ticker ADP --- day 2018-12-27 --- time 41400
2023-04-21 09:56:13,348 INFO Negative OS: -0.14536330489533222 --- ticker ADP --- day 2018-12-28 --- time 41400
2023-04-21 09:56:17,005 INFO Negative OS: -0.6588631358790142 --- ticker ADP --- day 2019-03-06 --- time 48600
2023-04-21 09:56:20,508 INFO Negative OS: -0.03615824370148002 --- ticker ADP --- day 2019-05-08 --- time 36000
2023-04-21 09:56:27,366 INFO Negative OS: -0.41363459337498387 --- ticker ADP --- day 2019-09-09 --- time 45000
2023-04-21 09:56:28,471 INFO Negative OS: -0.021807818105805232 --- ticker ADP --- day 2019-09-27 --- time 41400
2023-04-21 09:56:28,491 INFO Negative OS: -0.5231178897685571 --- ticker ADP --- day 2019-09-27 --- time 50400
2023-04-21 09:56:31,492 INFO Negative OS: -0.04320876043824873 --- ticker ADP --- day 2019-11-20 --- time 45000
2023-04-21 09:56:32,644 INFO Negative OS: -0.03849685037941075 --- ticker ADP --- day 2019-12-12 --- time 41400
2023-04-21 09:56:32,769 INFO in_r2: 0.6886469829587214 , std 0.11764196125126138 
2023-04-21 09:56:32,769 INFO os_r2: 0.6526828463633323 , std 0.234725370549509 
2023-04-21 09:56:32,769 INFO intercept: -1.4632759622284724e-06 , std 2.5302822877396478e-05 
2023-04-21 09:56:32,769 INFO ofi_1: 0.00040024408414476593 , std 0.00010627536147428272 
2023-04-21 09:56:32,769 INFO t_intercept: -0.2491879409658494 , std 2.0994704161381654 
2023-04-21 09:56:32,770 INFO t_ofi_1: 21.15663148207229 , std 5.4662525789592635 
2023-04-21 09:56:32,770 INFO p_intercept: 0.28848806868481575 , std 0.30834773233666113 
2023-04-21 09:56:32,770 INFO p_ofi_1: 1.7061437833799277e-05 , std 0.0012214095098438808 
