2023-04-21 09:49:12,941 INFO Tickers: ['BA']
2023-04-21 09:49:15,903 INFO Negative OS: -0.33432543758563216 --- ticker BA --- day 2017-02-28 --- time 46800
2023-04-21 09:49:18,160 INFO Negative OS: -0.41553265794170646 --- ticker BA --- day 2017-04-10 --- time 45000
2023-04-21 09:49:19,271 INFO Negative OS: -3.6473831767401377 --- ticker BA --- day 2017-05-01 --- time 52200
2023-04-21 09:49:29,604 INFO Negative OS: -0.17653961275544927 --- ticker BA --- day 2017-11-15 --- time 39600
2023-04-21 09:49:32,669 INFO Negative OS: -4.12802524669228 --- ticker BA --- day 2018-01-18 --- time 46800
2023-04-21 09:49:32,885 INFO Negative OS: -0.031672947943215846 --- ticker BA --- day 2018-01-23 --- time 36000
2023-04-21 09:49:34,167 INFO Negative OS: -0.04985894473044761 --- ticker BA --- day 2018-02-14 --- time 45000
2023-04-21 09:49:34,538 INFO Negative OS: -0.8503027807483596 --- ticker BA --- day 2018-02-22 --- time 36000
2023-04-21 09:49:34,689 INFO Negative OS: -2.7735068834650023 --- ticker BA --- day 2018-02-26 --- time 37800
2023-04-21 09:49:34,767 INFO Negative OS: -0.1782757064470044 --- ticker BA --- day 2018-02-27 --- time 39600
2023-04-21 09:49:40,266 INFO Negative OS: -0.20739529292008685 --- ticker BA --- day 2018-06-06 --- time 50400
2023-04-21 09:49:41,998 INFO Negative OS: -0.06890859496464152 --- ticker BA --- day 2018-07-09 --- time 41400
2023-04-21 09:49:42,481 INFO Negative OS: -17.8030464003621 --- ticker BA --- day 2018-07-17 --- time 39600
2023-04-21 09:49:42,490 INFO Negative OS: -0.3570170497513123 --- ticker BA --- day 2018-07-17 --- time 43200
2023-04-21 09:49:43,399 INFO Negative OS: -0.3080416768707459 --- ticker BA --- day 2018-08-01 --- time 48600
2023-04-21 09:49:43,550 INFO Negative OS: -0.14570332633790484 --- ticker BA --- day 2018-08-03 --- time 43200
2023-04-21 09:49:43,964 INFO Negative OS: -0.03902536870722306 --- ticker BA --- day 2018-08-10 --- time 46800
2023-04-21 09:49:44,033 INFO Negative OS: -0.38438014605524606 --- ticker BA --- day 2018-08-13 --- time 41400
2023-04-21 09:49:44,744 INFO Negative OS: -0.2639694680595548 --- ticker BA --- day 2018-08-24 --- time 36000
2023-04-21 09:49:45,426 INFO Negative OS: -1.9606572665876696 --- ticker BA --- day 2018-09-06 --- time 52200
2023-04-21 09:49:45,486 INFO Negative OS: -2.053764480721135 --- ticker BA --- day 2018-09-07 --- time 43200
2023-04-21 09:49:45,490 INFO Negative OS: -0.1405232875166087 --- ticker BA --- day 2018-09-07 --- time 45000
2023-04-21 09:49:45,499 INFO Negative OS: -0.5612483197662248 --- ticker BA --- day 2018-09-07 --- time 48600
2023-04-21 09:49:45,650 INFO Negative OS: -0.9033237353294996 --- ticker BA --- day 2018-09-11 --- time 43200
2023-04-21 09:49:45,820 INFO Negative OS: -0.7253312985250755 --- ticker BA --- day 2018-09-13 --- time 45000
2023-04-21 09:49:45,825 INFO Negative OS: -0.02250026344561773 --- ticker BA --- day 2018-09-13 --- time 46800
2023-04-21 09:49:45,898 INFO Negative OS: -1.4736624787845511 --- ticker BA --- day 2018-09-14 --- time 43200
2023-04-21 09:49:45,902 INFO Negative OS: -1.5931467816440201 --- ticker BA --- day 2018-09-14 --- time 45000
2023-04-21 09:49:45,907 INFO Negative OS: -0.05819668001400902 --- ticker BA --- day 2018-09-14 --- time 46800
2023-04-21 09:49:46,057 INFO Negative OS: -0.5865283666386416 --- ticker BA --- day 2018-09-18 --- time 41400
2023-04-21 09:49:46,067 INFO Negative OS: -0.49036191659269956 --- ticker BA --- day 2018-09-18 --- time 45000
2023-04-21 09:49:46,126 INFO Negative OS: -0.05987001687457405 --- ticker BA --- day 2018-09-19 --- time 36000
2023-04-21 09:49:46,296 INFO Negative OS: -0.252194201882066 --- ticker BA --- day 2018-09-21 --- time 37800
2023-04-21 09:49:46,383 INFO Negative OS: -1.6108469860777967 --- ticker BA --- day 2018-09-24 --- time 39600
2023-04-21 09:49:46,392 INFO Negative OS: -0.8275026550996898 --- ticker BA --- day 2018-09-24 --- time 43200
2023-04-21 09:49:46,405 INFO Negative OS: -0.3770540815740966 --- ticker BA --- day 2018-09-24 --- time 48600
2023-04-21 09:49:46,962 INFO Negative OS: -0.258592280045693 --- ticker BA --- day 2018-10-03 --- time 41400
2023-04-21 09:49:47,454 INFO Negative OS: -2.8151444088905224 --- ticker BA --- day 2018-10-11 --- time 41400
2023-04-21 09:49:47,480 INFO Negative OS: -0.41701458511352096 --- ticker BA --- day 2018-10-11 --- time 52200
2023-04-21 09:49:47,787 INFO Negative OS: -3.245276428919115 --- ticker BA --- day 2018-10-17 --- time 43200
2023-04-21 09:49:47,805 INFO Negative OS: -0.779694040827571 --- ticker BA --- day 2018-10-17 --- time 50400
2023-04-21 09:49:47,870 INFO Negative OS: -2.3839748117095025 --- ticker BA --- day 2018-10-18 --- time 43200
2023-04-21 09:49:47,893 INFO Negative OS: -1.098263308715775 --- ticker BA --- day 2018-10-18 --- time 52200
2023-04-21 09:49:47,943 INFO Negative OS: -0.4832950984090847 --- ticker BA --- day 2018-10-19 --- time 39600
2023-04-21 09:49:47,953 INFO Negative OS: -1.1193394931432628 --- ticker BA --- day 2018-10-19 --- time 43200
2023-04-21 09:49:47,966 INFO Negative OS: -0.055424683823619425 --- ticker BA --- day 2018-10-19 --- time 48600
2023-04-21 09:49:48,030 INFO Negative OS: -0.6997093673740911 --- ticker BA --- day 2018-10-22 --- time 41400
2023-04-21 09:49:48,039 INFO Negative OS: -1.3209250370841383 --- ticker BA --- day 2018-10-22 --- time 45000
2023-04-21 09:49:48,057 INFO Negative OS: -0.40975540850409975 --- ticker BA --- day 2018-10-22 --- time 52200
2023-04-21 09:49:48,139 INFO Negative OS: -0.7993548927908429 --- ticker BA --- day 2018-10-23 --- time 52200
2023-04-21 09:49:48,385 INFO Negative OS: -0.5579544302547832 --- ticker BA --- day 2018-10-26 --- time 52200
2023-04-21 09:49:48,527 INFO Negative OS: -0.3119440839211831 --- ticker BA --- day 2018-10-30 --- time 43200
2023-04-21 09:49:48,926 INFO Negative OS: -7.49143923242878 --- ticker BA --- day 2018-11-06 --- time 37800
2023-04-21 09:49:49,431 INFO Negative OS: -0.619908496428514 --- ticker BA --- day 2018-11-14 --- time 43200
2023-04-21 09:49:49,614 INFO Negative OS: -0.3465233310209701 --- ticker BA --- day 2018-11-16 --- time 50400
2023-04-21 09:49:50,355 INFO Negative OS: -0.8623212887992056 --- ticker BA --- day 2018-11-30 --- time 52200
2023-04-21 09:49:50,756 INFO Negative OS: -0.9395951601707864 --- ticker BA --- day 2018-12-10 --- time 48600
2023-04-21 09:49:51,012 INFO Negative OS: -0.003722399026758305 --- ticker BA --- day 2018-12-13 --- time 52200
2023-04-21 09:49:51,089 INFO Negative OS: -1.2909111871543093 --- ticker BA --- day 2018-12-14 --- time 50400
2023-04-21 09:49:51,222 INFO Negative OS: -0.2870486820278382 --- ticker BA --- day 2018-12-18 --- time 37800
2023-04-21 09:49:51,494 INFO Negative OS: -0.20588864986658595 --- ticker BA --- day 2018-12-21 --- time 48600
2023-04-21 09:49:51,634 INFO Negative OS: -0.18948300726600187 --- ticker BA --- day 2018-12-26 --- time 41400
2023-04-21 09:49:51,716 INFO Negative OS: -0.18297964929851496 --- ticker BA --- day 2018-12-27 --- time 41400
2023-04-21 09:49:53,187 INFO Negative OS: -0.7685905023006285 --- ticker BA --- day 2019-01-25 --- time 41400
2023-04-21 09:49:53,850 INFO Negative OS: -0.4501015446356931 --- ticker BA --- day 2019-02-06 --- time 45000
2023-04-21 09:49:55,001 INFO Negative OS: -0.0652885087997408 --- ticker BA --- day 2019-02-27 --- time 46800
2023-04-21 09:49:56,951 INFO Negative OS: -0.15360678376149206 --- ticker BA --- day 2019-04-02 --- time 36000
2023-04-21 09:49:57,047 INFO Negative OS: -0.8128186511386686 --- ticker BA --- day 2019-04-03 --- time 41400
2023-04-21 09:49:57,810 INFO Negative OS: -0.012208488328258493 --- ticker BA --- day 2019-04-16 --- time 50400
2023-04-21 09:49:59,162 INFO Negative OS: -0.13631297045664903 --- ticker BA --- day 2019-05-10 --- time 45000
2023-04-21 09:49:59,882 INFO Negative OS: -0.7235824250984182 --- ticker BA --- day 2019-05-23 --- time 39600
2023-04-21 09:50:00,618 INFO Negative OS: -0.018486814254500272 --- ticker BA --- day 2019-06-06 --- time 43200
2023-04-21 09:50:01,257 INFO Negative OS: -0.08654489335668214 --- ticker BA --- day 2019-06-18 --- time 41400
2023-04-21 09:50:01,917 INFO Negative OS: -0.14134024270760426 --- ticker BA --- day 2019-06-28 --- time 45000
2023-04-21 09:50:01,991 INFO Negative OS: -0.12075628598829202 --- ticker BA --- day 2019-07-01 --- time 41400
2023-04-21 09:50:02,871 INFO Negative OS: -0.3471117501465779 --- ticker BA --- day 2019-07-17 --- time 43200
2023-04-21 09:50:03,515 INFO Negative OS: -0.21328964634717673 --- ticker BA --- day 2019-07-29 --- time 43200
2023-04-21 09:50:05,204 INFO Negative OS: -0.15177700912531344 --- ticker BA --- day 2019-08-27 --- time 41400
2023-04-21 09:50:05,758 INFO Negative OS: -0.12373861053183544 --- ticker BA --- day 2019-09-06 --- time 37800
2023-04-21 09:50:06,395 INFO Negative OS: -0.3401255900253839 --- ticker BA --- day 2019-09-18 --- time 45000
2023-04-21 09:50:08,147 INFO Negative OS: -0.04453255325022831 --- ticker BA --- day 2019-10-21 --- time 36000
2023-04-21 09:50:08,405 INFO Negative OS: -1.286622317549356 --- ticker BA --- day 2019-10-24 --- time 41400
2023-04-21 09:50:09,997 INFO Negative OS: -0.1296800050795397 --- ticker BA --- day 2019-11-21 --- time 41400
2023-04-21 09:50:11,185 INFO Negative OS: -0.12028873517913397 --- ticker BA --- day 2019-12-13 --- time 52200
2023-04-21 09:50:11,206 INFO in_r2: 0.6322117250728402 , std 0.12642865823944902 
2023-04-21 09:50:11,206 INFO os_r2: 0.5683861355698261 , std 0.37737264611737226 
2023-04-21 09:50:11,206 INFO intercept: -2.284336085380365e-06 , std 2.182960043491636e-05 
2023-04-21 09:50:11,206 INFO ofi_1: 0.0004292065388229543 , std 0.00015911249923230002 
2023-04-21 09:50:11,206 INFO t_intercept: -0.16345908944074963 , std 1.5865814974679482 
2023-04-21 09:50:11,206 INFO t_ofi_1: 18.51904024560932 , std 4.8791590122188975 
2023-04-21 09:50:11,206 INFO p_intercept: 0.37269465370117005 , std 0.3100200446445914 
2023-04-21 09:50:11,206 INFO p_ofi_1: 1.4012484116066116e-05 , std 0.0006240128975414698 
