2023-04-21 09:54:40,243 INFO Tickers: ['CAT']
2023-04-21 09:54:43,520 INFO Negative OS: -5.130346483459254 --- ticker CAT --- day 2017-03-01 --- time 48600
2023-04-21 09:54:46,006 INFO Negative OS: -1.8389327130622886 --- ticker CAT --- day 2017-04-12 --- time 50400
2023-04-21 09:54:47,794 INFO Negative OS: -6.094662853824358 --- ticker CAT --- day 2017-05-15 --- time 37800
2023-04-21 09:54:48,527 INFO Negative OS: -0.05880590407924724 --- ticker CAT --- day 2017-05-26 --- time 36000
2023-04-21 09:54:51,969 INFO Negative OS: -0.22563419567712928 --- ticker CAT --- day 2017-07-28 --- time 36000
2023-04-21 09:54:58,716 INFO Negative OS: -0.5706842538857011 --- ticker CAT --- day 2017-11-30 --- time 37800
2023-04-21 09:54:58,739 INFO Negative OS: -1.235002856559357 --- ticker CAT --- day 2017-11-30 --- time 46800
2023-04-21 09:54:58,743 INFO Negative OS: -0.004117107421803157 --- ticker CAT --- day 2017-11-30 --- time 48600
2023-04-21 09:55:00,655 INFO Negative OS: -0.7921832441244574 --- ticker CAT --- day 2018-01-08 --- time 45000
2023-04-21 09:55:01,525 INFO Negative OS: -1.021658285724925 --- ticker CAT --- day 2018-01-24 --- time 41400
2023-04-21 09:55:02,118 INFO Negative OS: -0.2563201057219666 --- ticker CAT --- day 2018-02-02 --- time 48600
2023-04-21 09:55:06,832 INFO Negative OS: -1.3943705175647052 --- ticker CAT --- day 2018-04-27 --- time 37800
2023-04-21 09:55:07,246 INFO Negative OS: -0.27274933761771614 --- ticker CAT --- day 2018-05-04 --- time 39600
2023-04-21 09:55:08,995 INFO Negative OS: -0.16361246676440033 --- ticker CAT --- day 2018-06-06 --- time 41400
2023-04-21 09:55:14,735 INFO Negative OS: -0.23709558903257788 --- ticker CAT --- day 2018-09-17 --- time 36000
2023-04-21 09:55:14,943 INFO Negative OS: -0.0046611480216354195 --- ticker CAT --- day 2018-09-19 --- time 52200
2023-04-21 09:55:15,339 INFO Negative OS: -0.3483248561096379 --- ticker CAT --- day 2018-09-26 --- time 52200
2023-04-21 09:55:17,293 INFO Negative OS: -0.5492419948630101 --- ticker CAT --- day 2018-10-30 --- time 43200
2023-04-21 09:55:18,358 INFO Negative OS: -0.6579099723451729 --- ticker CAT --- day 2018-11-16 --- time 41400
2023-04-21 09:55:18,862 INFO Negative OS: -0.13015371002199316 --- ticker CAT --- day 2018-11-27 --- time 48600
2023-04-21 09:55:19,030 INFO Negative OS: -0.4830283800533308 --- ticker CAT --- day 2018-11-29 --- time 50400
2023-04-21 09:55:19,186 INFO Negative OS: -0.35169986490589134 --- ticker CAT --- day 2018-12-03 --- time 46800
2023-04-21 09:55:19,411 INFO Negative OS: -0.02116338369071169 --- ticker CAT --- day 2018-12-07 --- time 37800
2023-04-21 09:55:20,407 INFO Negative OS: -0.09678662547992456 --- ticker CAT --- day 2018-12-26 --- time 43200
2023-04-21 09:55:21,459 INFO Negative OS: -0.26181201195826276 --- ticker CAT --- day 2019-01-16 --- time 36000
2023-04-21 09:55:22,445 INFO Negative OS: -0.11443669126329925 --- ticker CAT --- day 2019-02-04 --- time 36000
2023-04-21 09:55:26,323 INFO Negative OS: -0.30054382198238594 --- ticker CAT --- day 2019-04-11 --- time 46800
2023-04-21 09:55:26,614 INFO Negative OS: -0.4375524159290751 --- ticker CAT --- day 2019-04-17 --- time 36000
2023-04-21 09:55:26,869 INFO Negative OS: -2.6294389750000056 --- ticker CAT --- day 2019-04-23 --- time 41400
2023-04-21 09:55:27,662 INFO Negative OS: -0.885156231692759 --- ticker CAT --- day 2019-05-07 --- time 37800
2023-04-21 09:55:31,774 INFO Negative OS: -0.985754283508838 --- ticker CAT --- day 2019-07-18 --- time 41400
2023-04-21 09:55:34,912 INFO Negative OS: -1.0202152116386736 --- ticker CAT --- day 2019-09-11 --- time 48600
2023-04-21 09:55:37,141 INFO Negative OS: -0.6245773583859098 --- ticker CAT --- day 2019-10-21 --- time 48600
2023-04-21 09:55:37,868 INFO Negative OS: -0.14468820179467223 --- ticker CAT --- day 2019-11-01 --- time 43200
2023-04-21 09:55:37,886 INFO Negative OS: -0.3857294322872413 --- ticker CAT --- day 2019-11-01 --- time 50400
2023-04-21 09:55:39,742 INFO Negative OS: -0.10267379794900933 --- ticker CAT --- day 2019-12-05 --- time 52200
2023-04-21 09:55:40,247 INFO in_r2: 0.7349666456153816 , std 0.10392667840227483 
2023-04-21 09:55:40,247 INFO os_r2: 0.7030853958067866 , std 0.19300615103024876 
2023-04-21 09:55:40,247 INFO intercept: -7.425031592591393e-07 , std 2.096022956571149e-05 
2023-04-21 09:55:40,247 INFO ofi_1: 0.0005709524515211812 , std 0.00014048733887077976 
2023-04-21 09:55:40,247 INFO t_intercept: -0.11747226949032176 , std 1.7579052501367411 
2023-04-21 09:55:40,247 INFO t_ofi_1: 23.68022914785018 , std 5.719420393345446 
2023-04-21 09:55:40,247 INFO p_intercept: 0.33751110570603265 , std 0.31210059379554506 
2023-04-21 09:55:40,247 INFO p_ofi_1: 2.4900230040553463e-11 , std 1.982365381637478e-09 
