2023-04-21 09:56:42,686 INFO Tickers: ['DUK']
2023-04-21 09:56:44,572 INFO Negative OS: -1.5845255079043272 --- ticker DUK --- day 2017-02-06 --- time 36000
2023-04-21 09:56:45,955 INFO Negative OS: -0.17841051906746075 --- ticker DUK --- day 2017-03-02 --- time 46800
2023-04-21 09:56:46,340 INFO Negative OS: -0.40009772847727354 --- ticker DUK --- day 2017-03-09 --- time 39600
2023-04-21 09:56:46,747 INFO Negative OS: -0.5915500986501814 --- ticker DUK --- day 2017-03-16 --- time 41400
2023-04-21 09:56:47,470 INFO Negative OS: -0.7016382150052862 --- ticker DUK --- day 2017-03-29 --- time 41400
2023-04-21 09:56:49,760 INFO Negative OS: -4.957253216829774 --- ticker DUK --- day 2017-05-10 --- time 39600
2023-04-21 09:56:50,147 INFO Negative OS: -0.26626472260278855 --- ticker DUK --- day 2017-05-17 --- time 39600
2023-04-21 09:56:50,250 INFO Negative OS: -0.36692669474693096 --- ticker DUK --- day 2017-05-18 --- time 48600
2023-04-21 09:56:50,330 INFO Negative OS: -0.06008784166307257 --- ticker DUK --- day 2017-05-19 --- time 48600
2023-04-21 09:56:51,249 INFO Negative OS: -1.5953793457019523 --- ticker DUK --- day 2017-06-07 --- time 39600
2023-04-21 09:56:51,895 INFO Negative OS: -0.16201029389875488 --- ticker DUK --- day 2017-06-19 --- time 45000
2023-04-21 09:56:56,076 INFO Negative OS: -0.869531675099416 --- ticker DUK --- day 2017-09-06 --- time 39600
2023-04-21 09:57:07,030 INFO Negative OS: -0.032092984023538884 --- ticker DUK --- day 2018-04-02 --- time 41400
2023-04-21 09:57:09,299 INFO Negative OS: -0.17350019727142763 --- ticker DUK --- day 2018-05-11 --- time 37800
2023-04-21 09:57:16,465 INFO Negative OS: -1.6124874217917244 --- ticker DUK --- day 2018-09-19 --- time 50400
2023-04-21 09:57:19,091 INFO Negative OS: -0.09235990157787888 --- ticker DUK --- day 2018-11-05 --- time 37800
2023-04-21 09:57:22,594 INFO Negative OS: -0.09056973449662009 --- ticker DUK --- day 2019-01-11 --- time 52200
2023-04-21 09:57:28,825 INFO Negative OS: -0.854015203143996 --- ticker DUK --- day 2019-05-06 --- time 41400
2023-04-21 09:57:31,520 INFO Negative OS: -1.9201511684208348 --- ticker DUK --- day 2019-06-24 --- time 39600
2023-04-21 09:57:39,186 INFO Negative OS: -0.441688627133223 --- ticker DUK --- day 2019-11-08 --- time 41400
2023-04-21 09:57:41,123 INFO in_r2: 0.7404836195045478 , std 0.09283923030604328 
2023-04-21 09:57:41,123 INFO os_r2: 0.7115982707043411 , std 0.15256606674065296 
2023-04-21 09:57:41,123 INFO intercept: -2.6230604706226283e-07 , std 1.1294061127602136e-05 
2023-04-21 09:57:41,123 INFO ofi_1: 0.0005964108488299742 , std 0.00014485081895111235 
2023-04-21 09:57:41,123 INFO t_intercept: -0.044554356709219464 , std 1.5297849272301631 
2023-04-21 09:57:41,123 INFO t_ofi_1: 23.846900005399164 , std 5.445403138685514 
2023-04-21 09:57:41,123 INFO p_intercept: 0.3829973492088427 , std 0.3087350252682358 
2023-04-21 09:57:41,123 INFO p_ofi_1: 5.0501047813865106e-09 , std 3.9328869105767126e-07 
