2023-04-21 09:54:10,811 INFO Tickers: ['GILD']
2023-04-21 09:54:13,298 INFO Negative OS: -0.46113551932758057 --- ticker GILD --- day 2017-02-14 --- time 48600
2023-04-21 09:54:13,868 INFO Negative OS: -0.3696982240181299 --- ticker GILD --- day 2017-02-24 --- time 43200
2023-04-21 09:54:13,877 INFO Negative OS: -0.5318395152969844 --- ticker GILD --- day 2017-02-24 --- time 46800
2023-04-21 09:54:16,848 INFO Negative OS: -1.7201834867069303 --- ticker GILD --- day 2017-04-18 --- time 37800
2023-04-21 09:54:17,702 INFO Negative OS: -0.019910752483691008 --- ticker GILD --- day 2017-05-02 --- time 46800
2023-04-21 09:54:21,942 INFO Negative OS: -1.1987643464690634 --- ticker GILD --- day 2017-07-14 --- time 48600
2023-04-21 09:54:22,348 INFO Negative OS: -0.03106987242539505 --- ticker GILD --- day 2017-07-21 --- time 45000
2023-04-21 09:54:22,699 INFO Negative OS: -0.4552781124602592 --- ticker GILD --- day 2017-07-27 --- time 52200
2023-04-21 09:54:24,273 INFO Negative OS: -0.20792772435548668 --- ticker GILD --- day 2017-08-23 --- time 52200
2023-04-21 09:54:25,067 INFO Negative OS: -0.26458055352857546 --- ticker GILD --- day 2017-09-07 --- time 37800
2023-04-21 09:54:28,399 INFO Negative OS: -2.3764018565877434 --- ticker GILD --- day 2017-11-02 --- time 45000
2023-04-21 09:54:29,326 INFO Negative OS: -0.01808852494767388 --- ticker GILD --- day 2017-11-17 --- time 52200
2023-04-21 09:54:29,697 INFO Negative OS: -0.367795781124878 --- ticker GILD --- day 2017-11-27 --- time 41400
2023-04-21 09:54:31,348 INFO Negative OS: -1.0689390194010642 --- ticker GILD --- day 2017-12-26 --- time 45000
2023-04-21 09:54:32,473 INFO Negative OS: -0.009283372597745032 --- ticker GILD --- day 2018-01-17 --- time 36000
2023-04-21 09:54:33,076 INFO Negative OS: -0.9601833903002539 --- ticker GILD --- day 2018-01-26 --- time 46800
2023-04-21 09:54:33,215 INFO Negative OS: -0.13405943665124576 --- ticker GILD --- day 2018-01-30 --- time 36000
2023-04-21 09:54:34,234 INFO Negative OS: -0.9333649410742506 --- ticker GILD --- day 2018-02-15 --- time 45000
2023-04-21 09:54:34,720 INFO Negative OS: -0.38743804640496493 --- ticker GILD --- day 2018-02-26 --- time 41400
2023-04-21 09:54:34,798 INFO Negative OS: -0.029421208714732305 --- ticker GILD --- day 2018-02-27 --- time 39600
2023-04-21 09:54:39,549 INFO Negative OS: -0.3219372411147521 --- ticker GILD --- day 2018-05-18 --- time 52200
2023-04-21 09:54:41,899 INFO Negative OS: -0.16155442654788543 --- ticker GILD --- day 2018-06-29 --- time 37800
2023-04-21 09:54:42,077 INFO Negative OS: -0.23557342311053908 --- ticker GILD --- day 2018-07-03 --- time 43200
2023-04-21 09:54:43,663 INFO Negative OS: -0.3145108381420527 --- ticker GILD --- day 2018-07-31 --- time 50400
2023-04-21 09:54:44,041 INFO Negative OS: -0.42874358946442714 --- ticker GILD --- day 2018-08-07 --- time 36000
2023-04-21 09:54:45,302 INFO Negative OS: -0.015337678295086032 --- ticker GILD --- day 2018-08-28 --- time 43200
2023-04-21 09:54:47,380 INFO Negative OS: -0.3175671683143366 --- ticker GILD --- day 2018-10-03 --- time 46800
2023-04-21 09:54:52,669 INFO Negative OS: -3.7463009217611463 --- ticker GILD --- day 2019-01-07 --- time 41400
2023-04-21 09:54:52,842 INFO Negative OS: -0.3579650565927299 --- ticker GILD --- day 2019-01-10 --- time 43200
2023-04-21 09:54:53,155 INFO Negative OS: -0.5831611017390916 --- ticker GILD --- day 2019-01-16 --- time 36000
2023-04-21 09:54:57,902 INFO Negative OS: -0.02010947654497497 --- ticker GILD --- day 2019-04-09 --- time 48600
2023-04-21 09:54:59,822 INFO Negative OS: -0.7966805508521282 --- ticker GILD --- day 2019-05-13 --- time 52200
2023-04-21 09:55:06,749 INFO Negative OS: -11.091414212055732 --- ticker GILD --- day 2019-09-11 --- time 39600
2023-04-21 09:55:10,561 INFO Negative OS: -3.8882789825441355 --- ticker GILD --- day 2019-11-14 --- time 41400
2023-04-21 09:55:11,207 INFO Negative OS: -0.4027805791692831 --- ticker GILD --- day 2019-11-26 --- time 36000
2023-04-21 09:55:12,054 INFO Negative OS: -0.8907397408081339 --- ticker GILD --- day 2019-12-11 --- time 46800
2023-04-21 09:55:12,266 INFO in_r2: 0.7908484235715034 , std 0.09131422239410132 
2023-04-21 09:55:12,266 INFO os_r2: 0.7546609568126857 , std 0.21384823032569897 
2023-04-21 09:55:12,266 INFO intercept: 7.836722395996312e-08 , std 1.673895501268158e-05 
2023-04-21 09:55:12,266 INFO ofi_1: 0.0006048165063596288 , std 0.000145586401473423 
2023-04-21 09:55:12,266 INFO t_intercept: 0.01795901998674277 , std 1.8592672479221604 
2023-04-21 09:55:12,266 INFO t_ofi_1: 27.79527026276625 , std 6.4806663556060675 
2023-04-21 09:55:12,266 INFO p_intercept: 0.3314145419371659 , std 0.31133693507137905 
2023-04-21 09:55:12,266 INFO p_ofi_1: 1.7331747661234066e-09 , std 1.2346539840256142e-07 
