2023-04-21 09:51:16,355 INFO Tickers: ['HON']
2023-04-21 09:51:17,047 INFO Negative OS: -0.17346709783821423 --- ticker HON --- day 2017-01-13 --- time 43200
2023-04-21 09:51:17,719 INFO Negative OS: -0.2955851476473368 --- ticker HON --- day 2017-01-27 --- time 36000
2023-04-21 09:51:25,284 INFO Negative OS: -0.1356710740504914 --- ticker HON --- day 2017-06-16 --- time 36000
2023-04-21 09:51:33,465 INFO Negative OS: -0.013300795534627374 --- ticker HON --- day 2017-11-27 --- time 43200
2023-04-21 09:51:33,778 INFO Negative OS: -0.27778947919985564 --- ticker HON --- day 2017-12-01 --- time 41400
2023-04-21 09:51:34,675 INFO Negative OS: -0.19538915498524467 --- ticker HON --- day 2017-12-19 --- time 43200
2023-04-21 09:51:36,364 INFO Negative OS: -0.7518081246758652 --- ticker HON --- day 2018-01-24 --- time 45000
2023-04-21 09:51:36,954 INFO Negative OS: -0.04537101732742399 --- ticker HON --- day 2018-02-05 --- time 37800
2023-04-21 09:51:36,970 INFO Negative OS: -0.2191801204621857 --- ticker HON --- day 2018-02-05 --- time 45000
2023-04-21 09:51:38,229 INFO Negative OS: -0.12947977375653452 --- ticker HON --- day 2018-02-28 --- time 36000
2023-04-21 09:51:41,736 INFO Negative OS: -0.2661585822778587 --- ticker HON --- day 2018-05-02 --- time 37800
2023-04-21 09:51:45,245 INFO Negative OS: -0.0986673471363857 --- ticker HON --- day 2018-07-09 --- time 52200
2023-04-21 09:51:45,934 INFO Negative OS: -0.7144731995166003 --- ticker HON --- day 2018-07-20 --- time 41400
2023-04-21 09:51:45,943 INFO Negative OS: -0.16814776390699393 --- ticker HON --- day 2018-07-20 --- time 45000
2023-04-21 09:51:48,253 INFO Negative OS: -0.15688978405158682 --- ticker HON --- day 2018-08-30 --- time 52200
2023-04-21 09:51:49,303 INFO Negative OS: -0.14866090716232327 --- ticker HON --- day 2018-09-19 --- time 46800
2023-04-21 09:51:50,340 INFO Negative OS: -0.2954376399530798 --- ticker HON --- day 2018-10-08 --- time 41400
2023-04-21 09:51:50,656 INFO Negative OS: -1.221816950136585 --- ticker HON --- day 2018-10-12 --- time 36000
2023-04-21 09:51:50,770 INFO Negative OS: -0.1239377300189084 --- ticker HON --- day 2018-10-15 --- time 48600
2023-04-21 09:51:51,491 INFO Negative OS: -0.44589144406375314 --- ticker HON --- day 2018-10-26 --- time 39600
2023-04-21 09:51:51,505 INFO Negative OS: -0.28499448919675796 --- ticker HON --- day 2018-10-26 --- time 45000
2023-04-21 09:51:51,666 INFO Negative OS: -0.02528512557818563 --- ticker HON --- day 2018-10-30 --- time 43200
2023-04-21 09:51:51,749 INFO Negative OS: -0.08217675067253283 --- ticker HON --- day 2018-10-31 --- time 43200
2023-04-21 09:51:52,574 INFO Negative OS: -0.30915315599376636 --- ticker HON --- day 2018-11-14 --- time 45000
2023-04-21 09:51:52,643 INFO Negative OS: -0.009599006024739731 --- ticker HON --- day 2018-11-15 --- time 39600
2023-04-21 09:51:53,179 INFO Negative OS: -0.23724800930052936 --- ticker HON --- day 2018-11-27 --- time 48600
2023-04-21 09:51:53,415 INFO Negative OS: -0.6964148564135646 --- ticker HON --- day 2018-11-30 --- time 43200
2023-04-21 09:51:53,733 INFO Negative OS: -0.9693703863068917 --- ticker HON --- day 2018-12-07 --- time 37800
2023-04-21 09:51:53,908 INFO Negative OS: -0.12771589703534025 --- ticker HON --- day 2018-12-11 --- time 41400
2023-04-21 09:51:54,344 INFO Negative OS: -0.10446821022061936 --- ticker HON --- day 2018-12-18 --- time 50400
2023-04-21 09:51:54,919 INFO Negative OS: -0.2825397326974044 --- ticker HON --- day 2018-12-28 --- time 50400
2023-04-21 09:51:56,699 INFO Negative OS: -0.2604689577973809 --- ticker HON --- day 2019-02-01 --- time 41400
2023-04-21 09:51:56,722 INFO Negative OS: -0.09140648148157426 --- ticker HON --- day 2019-02-01 --- time 50400
2023-04-21 09:51:59,411 INFO Negative OS: -0.6056713892591246 --- ticker HON --- day 2019-03-21 --- time 39600
2023-04-21 09:52:02,909 INFO Negative OS: -0.6020044122105119 --- ticker HON --- day 2019-05-22 --- time 37800
2023-04-21 09:52:04,614 INFO Negative OS: -0.48193008222585365 --- ticker HON --- day 2019-06-21 --- time 41400
2023-04-21 09:52:05,095 INFO Negative OS: -0.5323407354644556 --- ticker HON --- day 2019-07-01 --- time 45000
2023-04-21 09:52:05,114 INFO Negative OS: -0.0011710260217931978 --- ticker HON --- day 2019-07-01 --- time 52200
2023-04-21 09:52:05,936 INFO Negative OS: -0.542846705100613 --- ticker HON --- day 2019-07-17 --- time 39600
2023-04-21 09:52:06,813 INFO Negative OS: -0.907753464422562 --- ticker HON --- day 2019-08-01 --- time 48600
2023-04-21 09:52:07,402 INFO Negative OS: -2.353529737147704 --- ticker HON --- day 2019-08-12 --- time 52200
2023-04-21 09:52:08,096 INFO Negative OS: -1.6115272494409605 --- ticker HON --- day 2019-08-23 --- time 39600
2023-04-21 09:52:08,419 INFO Negative OS: -0.018575003965925818 --- ticker HON --- day 2019-08-29 --- time 37800
2023-04-21 09:52:08,787 INFO Negative OS: -0.5941195619838062 --- ticker HON --- day 2019-09-05 --- time 52200
2023-04-21 09:52:09,952 INFO Negative OS: -0.20093187260549916 --- ticker HON --- day 2019-09-26 --- time 43200
2023-04-21 09:52:09,966 INFO Negative OS: -0.07123351955501755 --- ticker HON --- day 2019-09-26 --- time 48600
2023-04-21 09:52:12,146 INFO Negative OS: -1.1322838328354363 --- ticker HON --- day 2019-11-05 --- time 37800
2023-04-21 09:52:14,268 INFO in_r2: 0.6765963537794046 , std 0.11406663649272593 
2023-04-21 09:52:14,268 INFO os_r2: 0.638375405358001 , std 0.17589833267319488 
2023-04-21 09:52:14,268 INFO intercept: -3.6612548093507295e-08 , std 1.8278030464105573e-05 
2023-04-21 09:52:14,268 INFO ofi_1: 0.0004770256810270961 , std 0.00014524552817157878 
2023-04-21 09:52:14,268 INFO t_intercept: -0.04341297749042624 , std 1.7492459360284565 
2023-04-21 09:52:14,268 INFO t_ofi_1: 20.395274661138423 , std 4.912645460620201 
2023-04-21 09:52:14,268 INFO p_intercept: 0.3395942879462341 , std 0.3102337581181696 
2023-04-21 09:52:14,268 INFO p_ofi_1: 1.8129705613195779e-09 , std 8.156370821090318e-08 
