2023-04-21 09:46:11,107 INFO Tickers: ['JPM']
2023-04-21 09:46:12,998 INFO Negative OS: -0.4689332783372222 --- ticker JPM --- day 2017-02-03 --- time 50400
2023-04-21 09:46:25,200 INFO Negative OS: -1.1055676814960114 --- ticker JPM --- day 2017-09-07 --- time 37800
2023-04-21 09:46:27,924 INFO Negative OS: -0.18115746723747983 --- ticker JPM --- day 2017-10-24 --- time 43200
2023-04-21 09:46:28,161 INFO Negative OS: -1.6427142216694328 --- ticker JPM --- day 2017-10-27 --- time 39600
2023-04-21 09:46:36,390 INFO Negative OS: -0.5146015624561984 --- ticker JPM --- day 2018-03-23 --- time 39600
2023-04-21 09:46:38,306 INFO Negative OS: -0.06295475618636615 --- ticker JPM --- day 2018-04-26 --- time 46800
2023-04-21 09:46:38,688 INFO Negative OS: -0.04938164033481329 --- ticker JPM --- day 2018-05-03 --- time 36000
2023-04-21 09:46:39,679 INFO Negative OS: -4.470414536485796 --- ticker JPM --- day 2018-05-21 --- time 37800
2023-04-21 09:46:40,434 INFO Negative OS: -0.16120634625898966 --- ticker JPM --- day 2018-06-04 --- time 43200
2023-04-21 09:46:41,736 INFO Negative OS: -0.7623386855515335 --- ticker JPM --- day 2018-06-26 --- time 37800
2023-04-21 09:46:58,344 INFO Negative OS: -1.5239522124913454 --- ticker JPM --- day 2019-04-18 --- time 36000
2023-04-21 09:47:01,477 INFO Negative OS: -1.6000029577568902 --- ticker JPM --- day 2019-06-13 --- time 41400
2023-04-21 09:47:03,138 INFO Negative OS: -0.10755202188178203 --- ticker JPM --- day 2019-07-12 --- time 50400
2023-04-21 09:47:06,484 INFO Negative OS: -0.09157791137792648 --- ticker JPM --- day 2019-09-10 --- time 41400
2023-04-21 09:47:12,008 INFO in_r2: 0.8301201860741789 , std 0.06696834353938791 
2023-04-21 09:47:12,008 INFO os_r2: 0.8083367507006753 , std 0.1209373222477497 
2023-04-21 09:47:12,008 INFO intercept: 1.327389535502814e-06 , std 1.4169506419209875e-05 
2023-04-21 09:47:12,008 INFO ofi_1: 0.0004478712328536633 , std 8.222136429464844e-05 
2023-04-21 09:47:12,008 INFO t_intercept: 0.3126682863642802 , std 2.1172906037900296 
2023-04-21 09:47:12,008 INFO t_ofi_1: 31.106006331355264 , std 6.107365286369608 
2023-04-21 09:47:12,008 INFO p_intercept: 0.2920499016797397 , std 0.30299429477748074 
2023-04-21 09:47:12,008 INFO p_ofi_1: 1.2663134959268561e-10 , std 1.087997423529101e-08 
