2023-04-21 09:48:54,787 INFO Tickers: ['KO']
2023-04-21 09:48:56,297 INFO Negative OS: -1.7761356829402404 --- ticker KO --- day 2017-01-30 --- time 50400
2023-04-21 09:48:59,502 INFO Negative OS: -0.16724881496313193 --- ticker KO --- day 2017-03-28 --- time 48600
2023-04-21 09:49:06,123 INFO Negative OS: -0.335502240699473 --- ticker KO --- day 2017-07-26 --- time 43200
2023-04-21 09:49:09,138 INFO Negative OS: -1.0613080100462664 --- ticker KO --- day 2017-09-19 --- time 45000
2023-04-21 09:49:11,480 INFO Negative OS: -0.23296803754058115 --- ticker KO --- day 2017-10-31 --- time 43200
2023-04-21 09:49:11,865 INFO Negative OS: -0.4521269245144044 --- ticker KO --- day 2017-11-07 --- time 36000
2023-04-21 09:49:17,373 INFO Negative OS: -0.021977845015608954 --- ticker KO --- day 2018-02-16 --- time 37800
2023-04-21 09:49:21,010 INFO Negative OS: -0.21578402156162046 --- ticker KO --- day 2018-04-24 --- time 43200
2023-04-21 09:49:22,478 INFO Negative OS: -1.7156526004514348 --- ticker KO --- day 2018-05-18 --- time 52200
2023-04-21 09:49:24,077 INFO Negative OS: -0.7645026056177613 --- ticker KO --- day 2018-06-18 --- time 52200
2023-04-21 09:49:26,201 INFO Negative OS: -0.05188777142334522 --- ticker KO --- day 2018-07-26 --- time 36000
2023-04-21 09:49:27,038 INFO Negative OS: -0.020242914979757165 --- ticker KO --- day 2018-08-09 --- time 50400
2023-04-21 09:49:38,770 INFO Negative OS: -0.4337323938208588 --- ticker KO --- day 2019-03-13 --- time 36000
2023-04-21 09:49:54,330 INFO in_r2: 0.8144466224604378 , std 0.07014650864765039 
2023-04-21 09:49:54,331 INFO os_r2: 0.7833561480701187 , std 0.11090543240275298 
2023-04-21 09:49:54,331 INFO intercept: 1.324541403840956e-07 , std 8.174425992395284e-06 
2023-04-21 09:49:54,331 INFO ofi_1: 0.0004818780921138726 , std 0.0001330591280585771 
2023-04-21 09:49:54,331 INFO t_intercept: 0.05429145032172166 , std 1.4200660519423514 
2023-04-21 09:49:54,331 INFO t_ofi_1: 29.593491074863156 , std 6.434053510010571 
2023-04-21 09:49:54,331 INFO p_intercept: 0.4280869106482377 , std 0.3113738027197195 
2023-04-21 09:49:54,331 INFO p_ofi_1: 6.090171692966113e-11 , std 5.165885979098993e-09 
