2023-04-21 09:50:53,124 INFO Tickers: ['NFLX']
2023-04-21 09:50:54,532 INFO Negative OS: -0.181738482093591 --- ticker NFLX --- day 2017-01-27 --- time 37800
2023-04-21 09:50:56,228 INFO Negative OS: -0.19156002972768138 --- ticker NFLX --- day 2017-02-28 --- time 41400
2023-04-21 09:50:56,304 INFO Negative OS: -0.15274093385355547 --- ticker NFLX --- day 2017-03-01 --- time 39600
2023-04-21 09:50:56,952 INFO Negative OS: -0.05160194598145873 --- ticker NFLX --- day 2017-03-13 --- time 39600
2023-04-21 09:50:57,024 INFO Negative OS: -4.545301360850787 --- ticker NFLX --- day 2017-03-14 --- time 36000
2023-04-21 09:50:57,765 INFO Negative OS: -16.629348092073737 --- ticker NFLX --- day 2017-03-27 --- time 45000
2023-04-21 09:50:58,265 INFO Negative OS: -3.1268832814764904 --- ticker NFLX --- day 2017-04-04 --- time 50400
2023-04-21 09:51:00,265 INFO Negative OS: -0.5817222913123556 --- ticker NFLX --- day 2017-05-10 --- time 39600
2023-04-21 09:51:00,283 INFO Negative OS: -0.51595608957194 --- ticker NFLX --- day 2017-05-10 --- time 46800
2023-04-21 09:51:02,448 INFO Negative OS: -0.8685487690446863 --- ticker NFLX --- day 2017-06-19 --- time 52200
2023-04-21 09:51:05,186 INFO Negative OS: -1.2076572392178826 --- ticker NFLX --- day 2017-08-07 --- time 50400
2023-04-21 09:51:06,065 INFO Negative OS: -0.010555702420083302 --- ticker NFLX --- day 2017-08-22 --- time 46800
2023-04-21 09:51:07,598 INFO Negative OS: -0.21496685435343932 --- ticker NFLX --- day 2017-09-19 --- time 52200
2023-04-21 09:51:08,932 INFO Negative OS: -0.4194348283067555 --- ticker NFLX --- day 2017-10-12 --- time 39600
2023-04-21 09:51:09,366 INFO Negative OS: -0.21213990695917917 --- ticker NFLX --- day 2017-10-19 --- time 50400
2023-04-21 09:51:09,576 INFO Negative OS: -0.2485575104436335 --- ticker NFLX --- day 2017-10-24 --- time 37800
2023-04-21 09:51:09,672 INFO Negative OS: -0.2780906961372678 --- ticker NFLX --- day 2017-10-25 --- time 45000
2023-04-21 09:51:09,814 INFO Negative OS: -0.2379071477281718 --- ticker NFLX --- day 2017-10-27 --- time 37800
2023-04-21 09:51:09,981 INFO Negative OS: -0.08284654122653401 --- ticker NFLX --- day 2017-10-31 --- time 39600
2023-04-21 09:51:10,089 INFO Negative OS: -0.3252392632600203 --- ticker NFLX --- day 2017-11-01 --- time 50400
2023-04-21 09:51:10,222 INFO Negative OS: -0.37525258250944926 --- ticker NFLX --- day 2017-11-03 --- time 39600
2023-04-21 09:51:11,014 INFO Negative OS: -0.017591307958211733 --- ticker NFLX --- day 2017-11-17 --- time 39600
2023-04-21 09:51:11,472 INFO Negative OS: -0.9635602419944433 --- ticker NFLX --- day 2017-11-28 --- time 37800
2023-04-21 09:51:12,935 INFO Negative OS: -0.7867112626088533 --- ticker NFLX --- day 2017-12-22 --- time 46800
2023-04-21 09:51:13,020 INFO Negative OS: -0.06781538166301293 --- ticker NFLX --- day 2017-12-26 --- time 48600
2023-04-21 09:51:13,232 INFO Negative OS: -0.7393837310053768 --- ticker NFLX --- day 2017-12-29 --- time 37800
2023-04-21 09:51:13,505 INFO Negative OS: -0.09446932426935506 --- ticker NFLX --- day 2018-01-04 --- time 48600
2023-04-21 09:51:14,131 INFO Negative OS: -0.31507284649703426 --- ticker NFLX --- day 2018-01-17 --- time 41400
2023-04-21 09:51:14,208 INFO Negative OS: -0.29650133974651083 --- ticker NFLX --- day 2018-01-18 --- time 39600
2023-04-21 09:51:15,442 INFO Negative OS: -0.32063478909512244 --- ticker NFLX --- day 2018-02-08 --- time 45000
2023-04-21 09:51:16,411 INFO Negative OS: -0.3625906066829572 --- ticker NFLX --- day 2018-02-27 --- time 43200
2023-04-21 09:51:17,717 INFO Negative OS: -0.12974774147348667 --- ticker NFLX --- day 2018-03-21 --- time 46800
2023-04-21 09:51:21,774 INFO Negative OS: -1.3386237823587717 --- ticker NFLX --- day 2018-06-01 --- time 45000
2023-04-21 09:51:22,422 INFO Negative OS: -0.08983062957952348 --- ticker NFLX --- day 2018-06-13 --- time 45000
2023-04-21 09:51:23,726 INFO Negative OS: -0.20632213214987316 --- ticker NFLX --- day 2018-07-06 --- time 48600
2023-04-21 09:51:23,786 INFO Negative OS: -0.21456922895327257 --- ticker NFLX --- day 2018-07-09 --- time 39600
2023-04-21 09:51:27,315 INFO Negative OS: -0.03177935676422483 --- ticker NFLX --- day 2018-09-07 --- time 52200
2023-04-21 09:51:27,387 INFO Negative OS: -0.5708794596171696 --- ticker NFLX --- day 2018-09-10 --- time 48600
2023-04-21 09:51:27,464 INFO Negative OS: -0.17172850511389237 --- ticker NFLX --- day 2018-09-11 --- time 46800
2023-04-21 09:51:29,738 INFO Negative OS: -0.1918583332588364 --- ticker NFLX --- day 2018-10-19 --- time 46800
2023-04-21 09:51:31,351 INFO Negative OS: -0.2143339506365436 --- ticker NFLX --- day 2018-11-16 --- time 41400
2023-04-21 09:51:32,379 INFO Negative OS: -0.16381442680962865 --- ticker NFLX --- day 2018-12-07 --- time 36000
2023-04-21 09:51:32,397 INFO Negative OS: -0.3123385809395447 --- ticker NFLX --- day 2018-12-07 --- time 43200
2023-04-21 09:51:32,496 INFO Negative OS: -0.01803835680976107 --- ticker NFLX --- day 2018-12-10 --- time 50400
2023-04-21 09:51:32,717 INFO Negative OS: -0.2588188187066778 --- ticker NFLX --- day 2018-12-13 --- time 41400
2023-04-21 09:51:32,820 INFO Negative OS: -0.20761051567640387 --- ticker NFLX --- day 2018-12-14 --- time 50400
2023-04-21 09:51:32,957 INFO Negative OS: -0.07943868670671073 --- ticker NFLX --- day 2018-12-18 --- time 39600
2023-04-21 09:51:33,215 INFO Negative OS: -0.0939633122540251 --- ticker NFLX --- day 2018-12-21 --- time 45000
2023-04-21 09:51:33,432 INFO Negative OS: -0.3074175022272807 --- ticker NFLX --- day 2018-12-27 --- time 36000
2023-04-21 09:51:33,535 INFO Negative OS: -0.05485788690641935 --- ticker NFLX --- day 2018-12-28 --- time 45000
2023-04-21 09:51:33,775 INFO Negative OS: -0.03912916621004969 --- ticker NFLX --- day 2019-01-03 --- time 43200
2023-04-21 09:51:34,032 INFO Negative OS: -1.1286866907563948 --- ticker NFLX --- day 2019-01-08 --- time 48600
2023-04-21 09:51:34,906 INFO Negative OS: -0.20449757825123838 --- ticker NFLX --- day 2019-01-25 --- time 39600
2023-04-21 09:51:35,503 INFO Negative OS: -0.06771250447281374 --- ticker NFLX --- day 2019-02-05 --- time 50400
2023-04-21 09:51:36,554 INFO Negative OS: -0.9999352890427926 --- ticker NFLX --- day 2019-02-25 --- time 48600
2023-04-21 09:51:37,253 INFO Negative OS: -0.623940622772291 --- ticker NFLX --- day 2019-03-08 --- time 36000
2023-04-21 09:51:37,503 INFO Negative OS: -0.057751563602030265 --- ticker NFLX --- day 2019-03-13 --- time 37800
2023-04-21 09:51:38,511 INFO Negative OS: -0.08645349204400699 --- ticker NFLX --- day 2019-03-29 --- time 50400
2023-04-21 09:51:39,128 INFO Negative OS: -0.01717450795254094 --- ticker NFLX --- day 2019-04-10 --- time 37800
2023-04-21 09:51:39,365 INFO Negative OS: -0.39354112708822453 --- ticker NFLX --- day 2019-04-15 --- time 36000
2023-04-21 09:51:39,879 INFO Negative OS: -0.49243829790031346 --- ticker NFLX --- day 2019-04-24 --- time 46800
2023-04-21 09:51:40,212 INFO Negative OS: -4.016791738193483 --- ticker NFLX --- day 2019-04-30 --- time 50400
2023-04-21 09:51:40,351 INFO Negative OS: -0.003524712283478282 --- ticker NFLX --- day 2019-05-02 --- time 41400
2023-04-21 09:51:40,701 INFO Negative OS: -0.951957157031081 --- ticker NFLX --- day 2019-05-08 --- time 52200
2023-04-21 09:51:40,913 INFO Negative OS: -0.43097255431294723 --- ticker NFLX --- day 2019-05-13 --- time 39600
2023-04-21 09:51:41,491 INFO Negative OS: -0.11084865027898472 --- ticker NFLX --- day 2019-05-22 --- time 43200
2023-04-21 09:51:41,651 INFO Negative OS: -0.1760882055552584 --- ticker NFLX --- day 2019-05-24 --- time 41400
2023-04-21 09:51:42,044 INFO Negative OS: -0.27514804305651275 --- ticker NFLX --- day 2019-06-03 --- time 36000
2023-04-21 09:51:42,238 INFO Negative OS: -0.3778331478425876 --- ticker NFLX --- day 2019-06-05 --- time 48600
2023-04-21 09:51:42,319 INFO Negative OS: -0.4765664363822337 --- ticker NFLX --- day 2019-06-06 --- time 48600
2023-04-21 09:51:42,392 INFO Negative OS: -2.581094733185008 --- ticker NFLX --- day 2019-06-07 --- time 45000
2023-04-21 09:51:42,474 INFO Negative OS: -0.7082397594244374 --- ticker NFLX --- day 2019-06-10 --- time 45000
2023-04-21 09:51:42,546 INFO Negative OS: -0.5444764624478222 --- ticker NFLX --- day 2019-06-11 --- time 41400
2023-04-21 09:51:42,620 INFO Negative OS: -0.04325670504619006 --- ticker NFLX --- day 2019-06-12 --- time 37800
2023-04-21 09:51:42,873 INFO Negative OS: -0.45469580986663716 --- ticker NFLX --- day 2019-06-17 --- time 41400
2023-04-21 09:51:43,210 INFO Negative OS: -4.587369708334235 --- ticker NFLX --- day 2019-06-21 --- time 46800
2023-04-21 09:51:43,468 INFO Negative OS: -0.06674907047546297 --- ticker NFLX --- day 2019-06-26 --- time 52200
2023-04-21 09:51:44,021 INFO Negative OS: -0.6226042941802417 --- ticker NFLX --- day 2019-07-08 --- time 50400
2023-04-21 09:51:44,419 INFO Negative OS: -1.1821801181305158 --- ticker NFLX --- day 2019-07-15 --- time 46800
2023-04-21 09:51:45,487 INFO Negative OS: -0.8194550060575543 --- ticker NFLX --- day 2019-08-01 --- time 50400
2023-04-21 09:51:47,595 INFO Negative OS: -0.3774331529352877 --- ticker NFLX --- day 2019-09-09 --- time 48600
2023-04-21 09:51:47,649 INFO Negative OS: -0.10163609832587528 --- ticker NFLX --- day 2019-09-10 --- time 37800
2023-04-21 09:51:48,699 INFO Negative OS: -0.6633069232646089 --- ticker NFLX --- day 2019-09-27 --- time 36000
2023-04-21 09:51:49,351 INFO Negative OS: -0.43985147405611125 --- ticker NFLX --- day 2019-10-09 --- time 36000
2023-04-21 09:51:50,195 INFO Negative OS: -0.30232073798439885 --- ticker NFLX --- day 2019-10-23 --- time 48600
2023-04-21 09:51:50,327 INFO Negative OS: -0.6066127444000768 --- ticker NFLX --- day 2019-10-25 --- time 36000
2023-04-21 09:51:50,503 INFO Negative OS: -0.2425783763526803 --- ticker NFLX --- day 2019-10-29 --- time 41400
2023-04-21 09:51:50,927 INFO Negative OS: -0.07889506451507611 --- ticker NFLX --- day 2019-11-05 --- time 48600
2023-04-21 09:51:51,002 INFO Negative OS: -0.21180562159550864 --- ticker NFLX --- day 2019-11-06 --- time 45000
2023-04-21 09:51:51,096 INFO Negative OS: -0.12057531644395003 --- ticker NFLX --- day 2019-11-07 --- time 50400
2023-04-21 09:51:51,142 INFO Negative OS: -0.09230995031571476 --- ticker NFLX --- day 2019-11-08 --- time 36000
2023-04-21 09:51:51,223 INFO Negative OS: -0.10918988458875623 --- ticker NFLX --- day 2019-11-11 --- time 36000
2023-04-21 09:51:51,335 INFO Negative OS: -0.06391209937630937 --- ticker NFLX --- day 2019-11-12 --- time 48600
2023-04-21 09:51:51,416 INFO Negative OS: -0.023995145356492165 --- ticker NFLX --- day 2019-11-13 --- time 48600
2023-04-21 09:51:51,714 INFO Negative OS: -0.011230696887899683 --- ticker NFLX --- day 2019-11-19 --- time 37800
2023-04-21 09:51:51,723 INFO Negative OS: -0.1334907029394563 --- ticker NFLX --- day 2019-11-19 --- time 41400
2023-04-21 09:51:51,963 INFO Negative OS: -1.1151467532527932 --- ticker NFLX --- day 2019-11-22 --- time 39600
2023-04-21 09:51:52,446 INFO Negative OS: -0.04199500653158106 --- ticker NFLX --- day 2019-12-03 --- time 39600
2023-04-21 09:51:52,636 INFO Negative OS: -0.2004410658744764 --- ticker NFLX --- day 2019-12-05 --- time 50400
2023-04-21 09:51:52,764 INFO Negative OS: -0.019028223768265073 --- ticker NFLX --- day 2019-12-09 --- time 36000
2023-04-21 09:51:53,162 INFO in_r2: 0.6241380317591675 , std 0.13833281854078655 
2023-04-21 09:51:53,162 INFO os_r2: 0.5720744193685636 , std 0.3041186060473766 
2023-04-21 09:51:53,162 INFO intercept: -7.956145651722712e-07 , std 4.5488011064162345e-05 
2023-04-21 09:51:53,162 INFO ofi_1: 0.0003204177755972796 , std 0.00011007989599415864 
2023-04-21 09:51:53,162 INFO t_intercept: -0.017732505873690005 , std 2.201555932949112 
2023-04-21 09:51:53,162 INFO t_ofi_1: 18.58496055531112 , std 6.027627606097397 
2023-04-21 09:51:53,162 INFO p_intercept: 0.2805519974142211 , std 0.30642672930466175 
2023-04-21 09:51:53,162 INFO p_ofi_1: 1.9731532252340774e-05 , std 0.0016635663350565413 
