2023-04-21 09:52:08,604 INFO Tickers: ['ORCL']
2023-04-21 09:52:09,881 INFO Negative OS: -0.3477470366752402 --- ticker ORCL --- day 2017-01-25 --- time 45000
2023-04-21 09:52:14,753 INFO Negative OS: -0.04013294341103313 --- ticker ORCL --- day 2017-04-21 --- time 52200
2023-04-21 09:52:18,335 INFO Negative OS: -0.08277892344841131 --- ticker ORCL --- day 2017-06-26 --- time 39600
2023-04-21 09:52:23,685 INFO Negative OS: -0.023904873375417912 --- ticker ORCL --- day 2017-09-29 --- time 36000
2023-04-21 09:52:26,763 INFO Negative OS: -0.04120858562781948 --- ticker ORCL --- day 2017-11-22 --- time 46800
2023-04-21 09:52:29,328 INFO Negative OS: -0.037665279606723834 --- ticker ORCL --- day 2018-01-10 --- time 43200
2023-04-21 09:52:29,342 INFO Negative OS: -0.1637386641308991 --- ticker ORCL --- day 2018-01-10 --- time 48600
2023-04-21 09:52:29,428 INFO Negative OS: -0.03575018671401731 --- ticker ORCL --- day 2018-01-11 --- time 50400
2023-04-21 09:52:29,959 INFO Negative OS: -1.362372219994524 --- ticker ORCL --- day 2018-01-23 --- time 36000
2023-04-21 09:52:30,131 INFO Negative OS: -2.7432121514213996 --- ticker ORCL --- day 2018-01-25 --- time 39600
2023-04-21 09:52:39,056 INFO Negative OS: -0.15856589168321022 --- ticker ORCL --- day 2018-07-03 --- time 37800
2023-04-21 09:52:39,163 INFO Negative OS: -0.12784888231330882 --- ticker ORCL --- day 2018-07-05 --- time 50400
2023-04-21 09:52:39,231 INFO Negative OS: -5.9026749728907646e-05 --- ticker ORCL --- day 2018-07-06 --- time 45000
2023-04-21 09:52:39,483 INFO Negative OS: -0.5290962562879227 --- ticker ORCL --- day 2018-07-11 --- time 48600
2023-04-21 09:52:39,537 INFO Negative OS: -0.09908749348103552 --- ticker ORCL --- day 2018-07-12 --- time 37800
2023-04-21 09:52:39,712 INFO Negative OS: -1.1512678633416233 --- ticker ORCL --- day 2018-07-16 --- time 43200
2023-04-21 09:52:40,428 INFO Negative OS: -0.2908122796750414 --- ticker ORCL --- day 2018-07-27 --- time 39600
2023-04-21 09:52:40,703 INFO Negative OS: -0.18218281427386707 --- ticker ORCL --- day 2018-08-01 --- time 52200
2023-04-21 09:52:42,949 INFO Negative OS: -0.05265488206869651 --- ticker ORCL --- day 2018-09-11 --- time 48600
2023-04-21 09:52:43,603 INFO Negative OS: -1.1481036823339843 --- ticker ORCL --- day 2018-09-21 --- time 50400
2023-04-21 09:52:43,829 INFO Negative OS: -29.62345531227428 --- ticker ORCL --- day 2018-09-26 --- time 43200
2023-04-21 09:52:43,928 INFO Negative OS: -0.6556143767568949 --- ticker ORCL --- day 2018-09-27 --- time 50400
2023-04-21 09:52:50,683 INFO Negative OS: -0.06323562766969837 --- ticker ORCL --- day 2019-01-30 --- time 48600
2023-04-21 09:52:50,911 INFO Negative OS: -41.285273152627425 --- ticker ORCL --- day 2019-02-04 --- time 41400
2023-04-21 09:52:51,337 INFO Negative OS: -2.1649466878140466 --- ticker ORCL --- day 2019-02-11 --- time 48600
2023-04-21 09:52:51,733 INFO Negative OS: -0.45605569128661694 --- ticker ORCL --- day 2019-02-19 --- time 43200
2023-04-21 09:52:51,746 INFO Negative OS: -245.71760355505165 --- ticker ORCL --- day 2019-02-19 --- time 48600
2023-04-21 09:52:52,041 INFO Negative OS: -0.837150276183305 --- ticker ORCL --- day 2019-02-25 --- time 36000
2023-04-21 09:52:54,085 INFO Negative OS: -2.218651470589282 --- ticker ORCL --- day 2019-04-01 --- time 41400
2023-04-21 09:52:54,108 INFO Negative OS: -10.244057087044672 --- ticker ORCL --- day 2019-04-01 --- time 50400
2023-04-21 09:52:54,566 INFO Negative OS: -0.3754122563982747 --- ticker ORCL --- day 2019-04-09 --- time 39600
2023-04-21 09:52:55,619 INFO Negative OS: -0.07728217549314587 --- ticker ORCL --- day 2019-04-29 --- time 39600
2023-04-21 09:52:59,248 INFO Negative OS: -6.450024588561383 --- ticker ORCL --- day 2019-07-01 --- time 39600
2023-04-21 09:53:04,957 INFO Negative OS: -0.7957025230351527 --- ticker ORCL --- day 2019-10-09 --- time 46800
2023-04-21 09:53:04,971 INFO Negative OS: -0.23979178874157836 --- ticker ORCL --- day 2019-10-09 --- time 52200
2023-04-21 09:53:07,859 INFO Negative OS: -0.27867583558484177 --- ticker ORCL --- day 2019-11-29 --- time 37800
2023-04-21 09:53:08,733 INFO in_r2: 0.8235142795382157 , std 0.07395034012668955 
2023-04-21 09:53:08,733 INFO os_r2: 0.7412688970779313 , std 2.9615626182393484 
2023-04-21 09:53:08,733 INFO intercept: -1.4684802136607754e-06 , std 1.5097522426222702e-05 
2023-04-21 09:53:08,734 INFO ofi_1: 0.000494113289425132 , std 0.00015424236191200985 
2023-04-21 09:53:08,734 INFO t_intercept: -0.19698728537823626 , std 1.943296962978729 
2023-04-21 09:53:08,734 INFO t_ofi_1: 30.625526794606007 , std 6.573601709328763 
2023-04-21 09:53:08,734 INFO p_intercept: 0.3578090225582426 , std 0.3145492232122518 
2023-04-21 09:53:08,734 INFO p_ofi_1: 1.477408084200317e-06 , std 0.0001259528296077261 
