2023-04-21 09:52:37,631 INFO Tickers: ['SBUX']
2023-04-21 09:52:43,463 INFO Negative OS: -6.345460384080651 --- ticker SBUX --- day 2017-04-12 --- time 43200
2023-04-21 09:52:44,217 INFO Negative OS: -0.06760460584571826 --- ticker SBUX --- day 2017-04-26 --- time 43200
2023-04-21 09:52:48,160 INFO Negative OS: -0.5695609569026798 --- ticker SBUX --- day 2017-07-03 --- time 43200
2023-04-21 09:52:52,337 INFO Negative OS: -0.894670878315416 --- ticker SBUX --- day 2017-09-13 --- time 39600
2023-04-21 09:52:52,606 INFO Negative OS: -0.38808312364374453 --- ticker SBUX --- day 2017-09-18 --- time 46800
2023-04-21 09:52:54,091 INFO Negative OS: -1.5835946673374006 --- ticker SBUX --- day 2017-10-12 --- time 45000
2023-04-21 09:52:54,825 INFO Negative OS: -0.2732116887664817 --- ticker SBUX --- day 2017-10-25 --- time 39600
2023-04-21 09:52:55,337 INFO Negative OS: -0.11766874601140254 --- ticker SBUX --- day 2017-11-02 --- time 43200
2023-04-21 09:52:56,014 INFO Negative OS: -2.655200594289462 --- ticker SBUX --- day 2017-11-14 --- time 46800
2023-04-21 09:52:57,739 INFO Negative OS: -9.263634357901386 --- ticker SBUX --- day 2017-12-14 --- time 39600
2023-04-21 09:52:58,583 INFO Negative OS: -0.7317582452351434 --- ticker SBUX --- day 2017-12-29 --- time 46800
2023-04-21 09:52:58,888 INFO Negative OS: -0.5345471874922585 --- ticker SBUX --- day 2018-01-05 --- time 36000
2023-04-21 09:53:02,834 INFO Negative OS: -1.2724499107635747 --- ticker SBUX --- day 2018-03-15 --- time 39600
2023-04-21 09:53:08,695 INFO Negative OS: -0.1624326914031493 --- ticker SBUX --- day 2018-06-25 --- time 37800
2023-04-21 09:53:09,298 INFO Negative OS: -0.23780636134885436 --- ticker SBUX --- day 2018-07-05 --- time 45000
2023-04-21 09:53:09,809 INFO Negative OS: -2.1634805753003783 --- ticker SBUX --- day 2018-07-13 --- time 48600
2023-04-21 09:53:10,366 INFO Negative OS: -0.4274923405747253 --- ticker SBUX --- day 2018-07-24 --- time 37800
2023-04-21 09:53:10,380 INFO Negative OS: -2.54904245421654 --- ticker SBUX --- day 2018-07-24 --- time 43200
2023-04-21 09:53:12,322 INFO Negative OS: -0.6398606926470924 --- ticker SBUX --- day 2018-08-24 --- time 52200
2023-04-21 09:53:12,789 INFO Negative OS: -0.11854402189919933 --- ticker SBUX --- day 2018-09-04 --- time 39600
2023-04-21 09:53:12,895 INFO Negative OS: -0.46256726099179435 --- ticker SBUX --- day 2018-09-05 --- time 48600
2023-04-21 09:53:14,722 INFO Negative OS: -0.02768448828874126 --- ticker SBUX --- day 2018-10-05 --- time 43200
2023-04-21 09:53:16,305 INFO Negative OS: -0.06146588675279796 --- ticker SBUX --- day 2018-11-01 --- time 37800
2023-04-21 09:53:19,510 INFO Negative OS: -0.38844745111516876 --- ticker SBUX --- day 2018-12-28 --- time 48600
2023-04-21 09:53:21,497 INFO Negative OS: -1.2838952579852787 --- ticker SBUX --- day 2019-02-05 --- time 39600
2023-04-21 09:53:22,684 INFO Negative OS: -0.28723419959704244 --- ticker SBUX --- day 2019-02-26 --- time 45000
2023-04-21 09:53:22,916 INFO Negative OS: -0.3308707199717642 --- ticker SBUX --- day 2019-03-01 --- time 37800
2023-04-21 09:53:23,681 INFO Negative OS: -2.563547782845224 --- ticker SBUX --- day 2019-03-14 --- time 41400
2023-04-21 09:53:31,839 INFO Negative OS: -0.17885332260616282 --- ticker SBUX --- day 2019-08-01 --- time 52200
2023-04-21 09:53:31,992 INFO Negative OS: -0.2336889389780461 --- ticker SBUX --- day 2019-08-05 --- time 46800
2023-04-21 09:53:32,891 INFO Negative OS: -0.3809571194829744 --- ticker SBUX --- day 2019-08-20 --- time 37800
2023-04-21 09:53:32,905 INFO Negative OS: -0.07772769486495412 --- ticker SBUX --- day 2019-08-20 --- time 43200
2023-04-21 09:53:33,396 INFO Negative OS: -3.110403250191766 --- ticker SBUX --- day 2019-08-28 --- time 39600
2023-04-21 09:53:34,010 INFO Negative OS: -7.7779348785859135 --- ticker SBUX --- day 2019-09-09 --- time 50400
2023-04-21 09:53:34,140 INFO Negative OS: -0.312802296757694 --- ticker SBUX --- day 2019-09-11 --- time 36000
2023-04-21 09:53:36,843 INFO Negative OS: -0.02392651248985822 --- ticker SBUX --- day 2019-10-25 --- time 45000
2023-04-21 09:53:39,756 INFO in_r2: 0.827818928380796 , std 0.07303204323121062 
2023-04-21 09:53:39,756 INFO os_r2: 0.7901825655202138 , std 0.23196157367390363 
2023-04-21 09:53:39,756 INFO intercept: 1.0841830523059429e-06 , std 1.1278038672984373e-05 
2023-04-21 09:53:39,756 INFO ofi_1: 0.000523128344435407 , std 0.00012371276086676437 
2023-04-21 09:53:39,756 INFO t_intercept: 0.11938647749090828 , std 1.7416379231212207 
2023-04-21 09:53:39,756 INFO t_ofi_1: 31.075417284660656 , std 6.607421514514299 
2023-04-21 09:53:39,756 INFO p_intercept: 0.3514993465946194 , std 0.31069970868230534 
2023-04-21 09:53:39,756 INFO p_ofi_1: 2.597459344501456e-07 , std 1.575221450367167e-05 
