2023-05-09 04:46:31,383 INFO Starting...
2023-05-09 04:46:31,383 INFO Tickers: ['ADBE']
2023-05-09 04:46:34,378 INFO in_r2: -0.0012613747239759844 , std 0.08907527211869427 
2023-05-09 04:46:34,378 INFO os_r2: -0.187506679836421 , std 0.06785083322916326 
2023-05-09 04:46:34,378 INFO intercept: -1.1232948745348904e-08 , std 0.00014967694352468499 
2023-05-09 04:46:34,378 INFO ofi_1_1: 4.951557139969719e-06 , std 0.00011426653648790077 
2023-05-09 04:46:34,378 INFO ofi_1_2: -7.348953515204198e-06 , std 0.00011153324641315552 
2023-05-09 04:46:34,378 INFO ofi_1_3: -1.2638346245911352e-05 , std 7.862669268859366e-05 
2023-05-09 04:46:34,378 INFO t_intercept: 0.04736751779287878 , std 1.0262138280753217 
2023-05-09 04:46:34,378 INFO t_ofi_1_1: -0.010516132991328194 , std 1.00766732841822 
2023-05-09 04:46:34,378 INFO t_ofi_1_2: -0.0681341869498261 , std 0.9978898623184463 
2023-05-09 04:46:34,378 INFO t_ofi_1_3: -0.1607726216865931 , std 0.9852724927227824 
2023-05-09 04:46:34,935 INFO Grouping by horizont:
2023-05-09 04:46:34,935 INFO 1: -0.010516132991328194
2023-05-09 04:46:34,935 INFO 2: -0.0681341869498261
2023-05-09 04:46:34,935 INFO 3: -0.1607726216865931
2023-05-09 04:46:34,935 INFO Grouping by level:
2023-05-09 04:46:34,935 INFO 1: -0.2394229416277474
2023-05-09 04:46:34,935 INFO Grouping by level and horizont:
2023-05-09 04:46:34,935 INFO 1_1: -0.010516132991328194
2023-05-09 04:46:34,935 INFO 1_2: -0.0681341869498261
2023-05-09 04:46:34,935 INFO 1_3: -0.1607726216865931
2023-05-09 04:46:34,936 INFO Non empty regressions: 1.0 --- 166880 / 166880
