2023-05-09 04:44:29,295 INFO Starting...
2023-05-09 04:44:29,295 INFO Tickers: ['BRK.B']
2023-05-09 04:44:33,043 INFO in_r2: 0.0001995715077322742 , std 0.09026302294195465 
2023-05-09 04:44:33,043 INFO os_r2: -0.19921769946537193 , std 0.10630177236609585 
2023-05-09 04:44:33,043 INFO intercept: 8.919815281771217e-07 , std 8.732460223925943e-05 
2023-05-09 04:44:33,043 INFO ofi_1_1: 1.292500255773376e-06 , std 0.00012350100334787174 
2023-05-09 04:44:33,043 INFO ofi_1_2: -1.0463120778858924e-05 , std 0.00012027254687576165 
2023-05-09 04:44:33,043 INFO ofi_1_3: -1.2278461951046148e-05 , std 8.451263831444307e-05 
2023-05-09 04:44:33,043 INFO t_intercept: 0.013964984473622658 , std 1.0072412250409342 
2023-05-09 04:44:33,043 INFO t_ofi_1_1: -0.038169235346968436 , std 1.0142029298322661 
2023-05-09 04:44:33,043 INFO t_ofi_1_2: -0.10058654602859163 , std 1.0067234000007113 
2023-05-09 04:44:33,043 INFO t_ofi_1_3: -0.1487947925522707 , std 0.9888440175763027 
2023-05-09 04:44:33,765 INFO Grouping by horizont:
2023-05-09 04:44:33,765 INFO 1: -0.038169235346968436
2023-05-09 04:44:33,765 INFO 2: -0.10058654602859163
2023-05-09 04:44:33,765 INFO 3: -0.1487947925522707
2023-05-09 04:44:33,765 INFO Grouping by level:
2023-05-09 04:44:33,765 INFO 1: -0.2875505739278308
2023-05-09 04:44:33,765 INFO Grouping by level and horizont:
2023-05-09 04:44:33,765 INFO 1_1: -0.038169235346968436
2023-05-09 04:44:33,765 INFO 1_2: -0.10058654602859163
2023-05-09 04:44:33,765 INFO 1_3: -0.1487947925522707
2023-05-09 04:44:33,767 INFO Non empty regressions: 1.0 --- 218973 / 218973
