2023-05-09 04:49:35,534 INFO Starting...
2023-05-09 04:49:35,534 INFO Tickers: ['CAT']
2023-05-09 04:49:39,231 INFO in_r2: 0.0012432622468170112 , std 0.09168429628876519 
2023-05-09 04:49:39,231 INFO os_r2: -0.19788680052863186 , std 0.21171256268682334 
2023-05-09 04:49:39,231 INFO intercept: 7.429419413278328e-07 , std 0.00013171569746019704 
2023-05-09 04:49:39,231 INFO ofi_1_1: 9.346457475309487e-06 , std 0.00017582710582511618 
2023-05-09 04:49:39,231 INFO ofi_1_2: -1.3516817511609373e-05 , std 0.00017219669797064588 
2023-05-09 04:49:39,231 INFO ofi_1_3: -2.0418575744086558e-05 , std 0.00012170358509424833 
2023-05-09 04:49:39,231 INFO t_intercept: 0.027737755199347732 , std 1.0146821842884843 
2023-05-09 04:49:39,231 INFO t_ofi_1_1: -0.0082934715327122 , std 1.0130456739612776 
2023-05-09 04:49:39,231 INFO t_ofi_1_2: -0.08578096403550946 , std 1.0056261517480962 
2023-05-09 04:49:39,231 INFO t_ofi_1_3: -0.171524549675159 , std 0.9883946173297634 
2023-05-09 04:49:39,963 INFO Grouping by horizont:
2023-05-09 04:49:39,963 INFO 1: -0.0082934715327122
2023-05-09 04:49:39,963 INFO 2: -0.08578096403550946
2023-05-09 04:49:39,963 INFO 3: -0.171524549675159
2023-05-09 04:49:39,963 INFO Grouping by level:
2023-05-09 04:49:39,963 INFO 1: -0.26559898524338066
2023-05-09 04:49:39,963 INFO Grouping by level and horizont:
2023-05-09 04:49:39,963 INFO 1_1: -0.0082934715327122
2023-05-09 04:49:39,963 INFO 1_2: -0.08578096403550946
2023-05-09 04:49:39,963 INFO 1_3: -0.171524549675159
2023-05-09 04:49:39,965 INFO Non empty regressions: 1.0 --- 218973 / 218973
