2023-05-09 04:50:20,998 INFO Starting...
2023-05-09 04:50:20,998 INFO Tickers: ['CB']
2023-05-09 04:50:24,722 INFO in_r2: 0.0017647943755990238 , std 0.09156061137127938 
2023-05-09 04:50:24,722 INFO os_r2: -0.18795575639456302 , std 0.055725429818848066 
2023-05-09 04:50:24,722 INFO intercept: -4.2146384403970725e-07 , std 8.810393813622621e-05 
2023-05-09 04:50:24,722 INFO ofi_1_1: -3.6080874578196377e-06 , std 0.00022737850134133084 
2023-05-09 04:50:24,722 INFO ofi_1_2: -1.6178047090448325e-05 , std 0.00022622595819107286 
2023-05-09 04:50:24,722 INFO ofi_1_3: -1.555158550158301e-05 , std 0.0001522837525272874 
2023-05-09 04:50:24,722 INFO t_intercept: 0.014271000558757933 , std 0.9818174699597428 
2023-05-09 04:50:24,722 INFO t_ofi_1_1: -0.02465825758634419 , std 1.0293931814616575 
2023-05-09 04:50:24,722 INFO t_ofi_1_2: -0.09508232152527958 , std 1.0238997481956622 
2023-05-09 04:50:24,723 INFO t_ofi_1_3: -0.14584728486805082 , std 1.004539350664836 
2023-05-09 04:50:25,439 INFO Grouping by horizont:
2023-05-09 04:50:25,439 INFO 1: -0.02465825758634419
2023-05-09 04:50:25,439 INFO 2: -0.09508232152527958
2023-05-09 04:50:25,439 INFO 3: -0.14584728486805082
2023-05-09 04:50:25,439 INFO Grouping by level:
2023-05-09 04:50:25,439 INFO 1: -0.2655878639796746
2023-05-09 04:50:25,439 INFO Grouping by level and horizont:
2023-05-09 04:50:25,439 INFO 1_1: -0.02465825758634419
2023-05-09 04:50:25,439 INFO 1_2: -0.09508232152527958
2023-05-09 04:50:25,439 INFO 1_3: -0.14584728486805082
2023-05-09 04:50:25,441 INFO Non empty regressions: 1.0 --- 218954 / 218954
