2023-05-09 04:49:58,277 INFO Starting...
2023-05-09 04:49:58,277 INFO Tickers: ['CI']
2023-05-09 04:50:02,074 INFO in_r2: 0.005053661223592322 , std 0.0941930611581977 
2023-05-09 04:50:02,074 INFO os_r2: -0.20373030310846374 , std 0.13231501988744104 
2023-05-09 04:50:02,074 INFO intercept: -1.026913889775222e-07 , std 0.00012740976121792673 
2023-05-09 04:50:02,074 INFO ofi_1_1: -3.5823915662013295e-06 , std 0.00021371339814585567 
2023-05-09 04:50:02,075 INFO ofi_1_2: -1.7771334520671786e-05 , std 0.00020944225795717058 
2023-05-09 04:50:02,075 INFO ofi_1_3: -1.2133041006580256e-05 , std 0.00013714802709477978 
2023-05-09 04:50:02,075 INFO t_intercept: 0.006945430974284324 , std 0.9839804312447589 
2023-05-09 04:50:02,075 INFO t_ofi_1_1: -0.05408462470345533 , std 1.0568589336409944 
2023-05-09 04:50:02,075 INFO t_ofi_1_2: -0.10419069594822915 , std 1.031068564855866 
2023-05-09 04:50:02,075 INFO t_ofi_1_3: -0.10840552859763232 , std 1.008738962461808 
2023-05-09 04:50:02,818 INFO Grouping by horizont:
2023-05-09 04:50:02,818 INFO 1: -0.05408462470345533
2023-05-09 04:50:02,818 INFO 2: -0.10419069594822915
2023-05-09 04:50:02,818 INFO 3: -0.10840552859763232
2023-05-09 04:50:02,818 INFO Grouping by level:
2023-05-09 04:50:02,818 INFO 1: -0.2666808492493168
2023-05-09 04:50:02,818 INFO Grouping by level and horizont:
2023-05-09 04:50:02,818 INFO 1_1: -0.05408462470345533
2023-05-09 04:50:02,818 INFO 1_2: -0.10419069594822915
2023-05-09 04:50:02,818 INFO 1_3: -0.10840552859763232
2023-05-09 04:50:02,820 INFO Non empty regressions: 1.0 --- 218931 / 218931
