2023-05-09 04:49:21,787 INFO Starting...
2023-05-09 04:49:21,787 INFO Tickers: ['FIS']
2023-05-09 04:49:25,538 INFO in_r2: 0.004743766290007083 , std 0.09355524775010013 
2023-05-09 04:49:25,538 INFO os_r2: -0.19493100127712473 , std 0.10255744258826281 
2023-05-09 04:49:25,538 INFO intercept: 8.079835507043959e-07 , std 9.163603703287318e-05 
2023-05-09 04:49:25,538 INFO ofi_1_1: -8.138690828835811e-06 , std 0.00020571248877950777 
2023-05-09 04:49:25,538 INFO ofi_1_2: -1.586634661921047e-05 , std 0.0002054429071791769 
2023-05-09 04:49:25,539 INFO ofi_1_3: -1.9183993623414025e-05 , std 0.00014648165361405276 
2023-05-09 04:49:25,539 INFO t_intercept: 0.035311667784820915 , std 0.9767682909467736 
2023-05-09 04:49:25,539 INFO t_ofi_1_1: -0.07026193305721455 , std 1.0400545793462599 
2023-05-09 04:49:25,539 INFO t_ofi_1_2: -0.09525061315636722 , std 1.0208088754391598 
2023-05-09 04:49:25,539 INFO t_ofi_1_3: -0.1552208123856806 , std 1.0027095418613245 
2023-05-09 04:49:26,255 INFO Grouping by horizont:
2023-05-09 04:49:26,255 INFO 1: -0.07026193305721455
2023-05-09 04:49:26,255 INFO 2: -0.09525061315636722
2023-05-09 04:49:26,255 INFO 3: -0.1552208123856806
2023-05-09 04:49:26,255 INFO Grouping by level:
2023-05-09 04:49:26,255 INFO 1: -0.3207333585992624
2023-05-09 04:49:26,255 INFO Grouping by level and horizont:
2023-05-09 04:49:26,255 INFO 1_1: -0.07026193305721455
2023-05-09 04:49:26,255 INFO 1_2: -0.09525061315636722
2023-05-09 04:49:26,255 INFO 1_3: -0.1552208123856806
2023-05-09 04:49:26,256 INFO Non empty regressions: 1.0 --- 218950 / 218950
