2023-05-09 04:49:26,258 INFO Starting...
2023-05-09 04:49:26,258 INFO Tickers: ['GILD']
2023-05-09 04:49:30,190 INFO in_r2: 0.0016539800684625757 , std 0.0908146508011681 
2023-05-09 04:49:30,190 INFO os_r2: -0.19717190249225203 , std 0.13350116284053667 
2023-05-09 04:49:30,190 INFO intercept: 7.165903571446409e-08 , std 0.00011944389791471017 
2023-05-09 04:49:30,190 INFO ofi_1_1: 1.2415970902584987e-05 , std 0.00018115328542480522 
2023-05-09 04:49:30,190 INFO ofi_1_2: -1.8204174457173775e-05 , std 0.00017719515205761325 
2023-05-09 04:49:30,190 INFO ofi_1_3: -2.5290544226560888e-05 , std 0.00012656702820075324 
2023-05-09 04:49:30,190 INFO t_intercept: 0.006834908276089133 , std 1.0254109860487544 
2023-05-09 04:49:30,190 INFO t_ofi_1_1: 0.012577139487186589 , std 0.9959358127485576 
2023-05-09 04:49:30,190 INFO t_ofi_1_2: -0.11275179296786761 , std 1.0018701932288094 
2023-05-09 04:49:30,190 INFO t_ofi_1_3: -0.20549613340137937 , std 0.9806301309334402 
2023-05-09 04:49:30,928 INFO Grouping by horizont:
2023-05-09 04:49:30,929 INFO 1: 0.012577139487186589
2023-05-09 04:49:30,929 INFO 2: -0.11275179296786761
2023-05-09 04:49:30,929 INFO 3: -0.20549613340137937
2023-05-09 04:49:30,929 INFO Grouping by level:
2023-05-09 04:49:30,929 INFO 1: -0.3056707868820604
2023-05-09 04:49:30,929 INFO Grouping by level and horizont:
2023-05-09 04:49:30,929 INFO 1_1: 0.012577139487186589
2023-05-09 04:49:30,929 INFO 1_2: -0.11275179296786761
2023-05-09 04:49:30,929 INFO 1_3: -0.20549613340137937
2023-05-09 04:49:30,930 INFO Non empty regressions: 1.0 --- 218973 / 218973
