2023-05-09 04:44:42,814 INFO Starting...
2023-05-09 04:44:42,814 INFO Tickers: ['GOOGL']
2023-05-09 04:44:46,600 INFO in_r2: 6.559622383512097e-05 , std 0.09126997247707515 
2023-05-09 04:44:46,600 INFO os_r2: -0.21877331044695084 , std 0.08172409133031128 
2023-05-09 04:44:46,600 INFO intercept: -6.540276672082725e-07 , std 0.0001334637079810115 
2023-05-09 04:44:46,600 INFO ofi_1_1: 5.848913350347418e-06 , std 5.3232805942278966e-05 
2023-05-09 04:44:46,600 INFO ofi_1_2: -3.242734353281365e-06 , std 5.237709380260056e-05 
2023-05-09 04:44:46,600 INFO ofi_1_3: -3.8689443034852455e-06 , std 3.4965886415622525e-05 
2023-05-09 04:44:46,600 INFO t_intercept: 0.03815180456983567 , std 1.0323791648069098 
2023-05-09 04:44:46,600 INFO t_ofi_1_1: 0.10186653108578485 , std 1.0300335053305285 
2023-05-09 04:44:46,600 INFO t_ofi_1_2: -0.07782989712436195 , std 1.0317534716961332 
2023-05-09 04:44:46,600 INFO t_ofi_1_3: -0.11403104439119983 , std 1.023706921965115 
2023-05-09 04:44:47,343 INFO Grouping by horizont:
2023-05-09 04:44:47,344 INFO 1: 0.10186653108578485
2023-05-09 04:44:47,344 INFO 2: -0.07782989712436195
2023-05-09 04:44:47,344 INFO 3: -0.11403104439119983
2023-05-09 04:44:47,344 INFO Grouping by level:
2023-05-09 04:44:47,344 INFO 1: -0.08999441042977693
2023-05-09 04:44:47,344 INFO Grouping by level and horizont:
2023-05-09 04:44:47,344 INFO 1_1: 0.10186653108578485
2023-05-09 04:44:47,344 INFO 1_2: -0.07782989712436195
2023-05-09 04:44:47,344 INFO 1_3: -0.11403104439119983
2023-05-09 04:44:47,345 INFO Non empty regressions: 1.0 --- 218973 / 218973
