2023-05-09 04:47:42,499 INFO Starting...
2023-05-09 04:47:42,499 INFO Tickers: ['HON']
2023-05-09 04:47:46,265 INFO in_r2: 0.0014637416706594886 , std 0.09154095698832301 
2023-05-09 04:47:46,265 INFO os_r2: -0.19488344901646887 , std 0.08720902975109258 
2023-05-09 04:47:46,265 INFO intercept: 4.941093680883019e-07 , std 8.876079747149567e-05 
2023-05-09 04:47:46,265 INFO ofi_1_1: 2.2535064792166463e-07 , std 0.00014948902722104003 
2023-05-09 04:47:46,265 INFO ofi_1_2: -1.0866794858074172e-05 , std 0.00014451080347554178 
2023-05-09 04:47:46,265 INFO ofi_1_3: -1.8016268244930698e-05 , std 0.00010529033280810219 
2023-05-09 04:47:46,265 INFO t_intercept: 0.03512736525814239 , std 0.9968209595004849 
2023-05-09 04:47:46,265 INFO t_ofi_1_1: -0.05185299000356255 , std 1.0064417164166348 
2023-05-09 04:47:46,265 INFO t_ofi_1_2: -0.08783719265439816 , std 0.9912887293453901 
2023-05-09 04:47:46,265 INFO t_ofi_1_3: -0.1737758519091493 , std 0.9935863105176489 
2023-05-09 04:47:46,981 INFO Grouping by horizont:
2023-05-09 04:47:46,981 INFO 1: -0.05185299000356255
2023-05-09 04:47:46,981 INFO 2: -0.08783719265439816
2023-05-09 04:47:46,981 INFO 3: -0.1737758519091493
2023-05-09 04:47:46,981 INFO Grouping by level:
2023-05-09 04:47:46,981 INFO 1: -0.31346603456711
2023-05-09 04:47:46,981 INFO Grouping by level and horizont:
2023-05-09 04:47:46,981 INFO 1_1: -0.05185299000356255
2023-05-09 04:47:46,981 INFO 1_2: -0.08783719265439816
2023-05-09 04:47:46,981 INFO 1_3: -0.1737758519091493
2023-05-09 04:47:46,983 INFO Non empty regressions: 1.0 --- 218973 / 218973
