2023-05-09 04:45:27,925 INFO Starting...
2023-05-09 04:45:27,925 INFO Tickers: ['INTC']
2023-05-09 04:45:31,706 INFO in_r2: 0.0005919763035635525 , std 0.09131430776180471 
2023-05-09 04:45:31,706 INFO os_r2: -0.19569299495002435 , std 0.10602711075945595 
2023-05-09 04:45:31,706 INFO intercept: -6.522387562945582e-07 , std 0.0001261347379619313 
2023-05-09 04:45:31,706 INFO ofi_1_1: 1.9272950820807062e-05 , std 0.00018707348648435305 
2023-05-09 04:45:31,706 INFO ofi_1_2: -2.1987841681342005e-05 , std 0.00017995124353757872 
2023-05-09 04:45:31,706 INFO ofi_1_3: -2.6159386201587527e-05 , std 0.00013002896215612641 
2023-05-09 04:45:31,706 INFO t_intercept: 0.032209303898341965 , std 1.0218575271141295 
2023-05-09 04:45:31,706 INFO t_ofi_1_1: 0.04624911859843686 , std 0.9935566042410637 
2023-05-09 04:45:31,706 INFO t_ofi_1_2: -0.1333397629523493 , std 0.9878401827171418 
2023-05-09 04:45:31,706 INFO t_ofi_1_3: -0.2042054133634056 , std 0.9889766132552891 
2023-05-09 04:45:32,430 INFO Grouping by horizont:
2023-05-09 04:45:32,430 INFO 1: 0.04624911859843686
2023-05-09 04:45:32,430 INFO 2: -0.1333397629523493
2023-05-09 04:45:32,430 INFO 3: -0.2042054133634056
2023-05-09 04:45:32,430 INFO Grouping by level:
2023-05-09 04:45:32,430 INFO 1: -0.29129605771731804
2023-05-09 04:45:32,430 INFO Grouping by level and horizont:
2023-05-09 04:45:32,430 INFO 1_1: 0.04624911859843686
2023-05-09 04:45:32,430 INFO 1_2: -0.1333397629523493
2023-05-09 04:45:32,430 INFO 1_3: -0.2042054133634056
2023-05-09 04:45:32,431 INFO Non empty regressions: 1.0 --- 218951 / 218951
