2023-05-09 04:46:34,937 INFO Starting...
2023-05-09 04:46:34,937 INFO Tickers: ['MDT']
2023-05-09 04:46:38,691 INFO in_r2: 0.0015876116417542923 , std 0.09065201434646107 
2023-05-09 04:46:38,691 INFO os_r2: -0.19211910583913952 , std 0.07372952391229683 
2023-05-09 04:46:38,691 INFO intercept: 8.145739521154391e-07 , std 9.140793283869042e-05 
2023-05-09 04:46:38,691 INFO ofi_1_1: 3.172418364965015e-06 , std 0.00017358526975457057 
2023-05-09 04:46:38,691 INFO ofi_1_2: -1.590166985606942e-05 , std 0.00016972258063585594 
2023-05-09 04:46:38,692 INFO ofi_1_3: -2.2024736132392813e-05 , std 0.00012123117363294951 
2023-05-09 04:46:38,692 INFO t_intercept: 0.021163845933450772 , std 1.015323687138152 
2023-05-09 04:46:38,692 INFO t_ofi_1_1: -0.036349547630665446 , std 0.9967096916871805 
2023-05-09 04:46:38,692 INFO t_ofi_1_2: -0.10774097536144475 , std 0.9887496429276594 
2023-05-09 04:46:38,692 INFO t_ofi_1_3: -0.18167292555260212 , std 0.974569085010982 
2023-05-09 04:46:39,419 INFO Grouping by horizont:
2023-05-09 04:46:39,419 INFO 1: -0.036349547630665446
2023-05-09 04:46:39,419 INFO 2: -0.10774097536144475
2023-05-09 04:46:39,419 INFO 3: -0.18167292555260212
2023-05-09 04:46:39,419 INFO Grouping by level:
2023-05-09 04:46:39,419 INFO 1: -0.3257634485447123
2023-05-09 04:46:39,419 INFO Grouping by level and horizont:
2023-05-09 04:46:39,419 INFO 1_1: -0.036349547630665446
2023-05-09 04:46:39,419 INFO 1_2: -0.10774097536144475
2023-05-09 04:46:39,419 INFO 1_3: -0.18167292555260212
2023-05-09 04:46:39,421 INFO Non empty regressions: 1.0 --- 218973 / 218973
