2023-05-09 04:45:41,615 INFO Starting...
2023-05-09 04:45:41,615 INFO Tickers: ['MRK']
2023-05-09 04:45:45,373 INFO in_r2: 0.0014733079227901387 , std 0.0905768910959253 
2023-05-09 04:45:45,373 INFO os_r2: -0.18114470013269593 , std 0.06824900421881643 
2023-05-09 04:45:45,373 INFO intercept: -1.7731930948889627e-06 , std 9.338901779368074e-05 
2023-05-09 04:45:45,373 INFO ofi_1_1: 1.1141360107574072e-05 , std 0.00015728497059077262 
2023-05-09 04:45:45,373 INFO ofi_1_2: -1.3761934235443115e-05 , std 0.00015171787548417018 
2023-05-09 04:45:45,373 INFO ofi_1_3: -2.1085947907241997e-05 , std 0.00010990124079330164 
2023-05-09 04:45:45,373 INFO t_intercept: -0.007964732599322805 , std 1.0196286110906863 
2023-05-09 04:45:45,373 INFO t_ofi_1_1: 0.011853489583656764 , std 0.9969757417701752 
2023-05-09 04:45:45,373 INFO t_ofi_1_2: -0.10129162393180258 , std 0.9905299196760762 
2023-05-09 04:45:45,373 INFO t_ofi_1_3: -0.1932179893389664 , std 0.9822112671810196 
2023-05-09 04:45:46,090 INFO Grouping by horizont:
2023-05-09 04:45:46,090 INFO 1: 0.011853489583656764
2023-05-09 04:45:46,090 INFO 2: -0.10129162393180258
2023-05-09 04:45:46,090 INFO 3: -0.1932179893389664
2023-05-09 04:45:46,090 INFO Grouping by level:
2023-05-09 04:45:46,091 INFO 1: -0.28265612368711224
2023-05-09 04:45:46,091 INFO Grouping by level and horizont:
2023-05-09 04:45:46,091 INFO 1_1: 0.011853489583656764
2023-05-09 04:45:46,091 INFO 1_2: -0.10129162393180258
2023-05-09 04:45:46,091 INFO 1_3: -0.1932179893389664
2023-05-09 04:45:46,092 INFO Non empty regressions: 1.0 --- 218973 / 218973
