2023-05-09 04:47:02,017 INFO Starting...
2023-05-09 04:47:02,017 INFO Tickers: ['NVDA']
2023-05-09 04:47:05,747 INFO in_r2: -0.003330978065936997 , std 0.08773219412142486 
2023-05-09 04:47:05,748 INFO os_r2: -0.1941386501154414 , std 0.12985800439522469 
2023-05-09 04:47:05,748 INFO intercept: -4.391615783867785e-06 , std 0.00020163087020916686 
2023-05-09 04:47:05,748 INFO ofi_1_1: 1.2562576111366772e-05 , std 0.00011913511744001414 
2023-05-09 04:47:05,748 INFO ofi_1_2: -1.071353396919071e-05 , std 0.000114953102209313 
2023-05-09 04:47:05,748 INFO ofi_1_3: -1.7241323904368208e-05 , std 8.062997693330231e-05 
2023-05-09 04:47:05,748 INFO t_intercept: 0.016376873936015883 , std 1.0300170244551152 
2023-05-09 04:47:05,748 INFO t_ofi_1_1: 0.05342918381949882 , std 0.9923553971073783 
2023-05-09 04:47:05,748 INFO t_ofi_1_2: -0.09577993948103135 , std 0.9905705214649825 
2023-05-09 04:47:05,748 INFO t_ofi_1_3: -0.21991226713011502 , std 0.9805801547976967 
2023-05-09 04:47:06,482 INFO Grouping by horizont:
2023-05-09 04:47:06,483 INFO 1: 0.05342918381949882
2023-05-09 04:47:06,483 INFO 2: -0.09577993948103135
2023-05-09 04:47:06,483 INFO 3: -0.21991226713011502
2023-05-09 04:47:06,483 INFO Grouping by level:
2023-05-09 04:47:06,483 INFO 1: -0.26226302279164754
2023-05-09 04:47:06,483 INFO Grouping by level and horizont:
2023-05-09 04:47:06,483 INFO 1_1: 0.05342918381949882
2023-05-09 04:47:06,483 INFO 1_2: -0.09577993948103135
2023-05-09 04:47:06,483 INFO 1_3: -0.21991226713011502
2023-05-09 04:47:06,484 INFO Non empty regressions: 1.0 --- 218973 / 218973
