2023-05-09 04:47:06,486 INFO Starting...
2023-05-09 04:47:06,486 INFO Tickers: ['PM']
2023-05-09 04:47:10,199 INFO in_r2: 0.0033671493407077422 , std 0.09256212058292994 
2023-05-09 04:47:10,199 INFO os_r2: -0.23497460232498496 , std 0.9933235962704192 
2023-05-09 04:47:10,199 INFO intercept: 7.644739822607413e-07 , std 0.00010953118793318683 
2023-05-09 04:47:10,199 INFO ofi_1_1: 7.1337827002904354e-06 , std 0.00017854766000198995 
2023-05-09 04:47:10,199 INFO ofi_1_2: -1.464585775655106e-05 , std 0.00016977817098577552 
2023-05-09 04:47:10,199 INFO ofi_1_3: -2.1936203995037382e-05 , std 0.00012258679733236392 
2023-05-09 04:47:10,199 INFO t_intercept: 0.012998809104625463 , std 1.01420407317275 
2023-05-09 04:47:10,199 INFO t_ofi_1_1: -0.022143336831049118 , std 1.0246119666451519 
2023-05-09 04:47:10,199 INFO t_ofi_1_2: -0.09058970447652498 , std 0.9944124490395961 
2023-05-09 04:47:10,199 INFO t_ofi_1_3: -0.1954227867769915 , std 0.9842324450361762 
2023-05-09 04:47:10,914 INFO Grouping by horizont:
2023-05-09 04:47:10,914 INFO 1: -0.022143336831049118
2023-05-09 04:47:10,914 INFO 2: -0.09058970447652498
2023-05-09 04:47:10,914 INFO 3: -0.1954227867769915
2023-05-09 04:47:10,914 INFO Grouping by level:
2023-05-09 04:47:10,914 INFO 1: -0.3081558280845656
2023-05-09 04:47:10,914 INFO Grouping by level and horizont:
2023-05-09 04:47:10,915 INFO 1_1: -0.022143336831049118
2023-05-09 04:47:10,915 INFO 1_2: -0.09058970447652498
2023-05-09 04:47:10,915 INFO 1_3: -0.1954227867769915
2023-05-09 04:47:10,916 INFO Non empty regressions: 1.0 --- 218973 / 218973
