2023-05-09 04:47:55,961 INFO Starting...
2023-05-09 04:47:55,961 INFO Tickers: ['UTX']
2023-05-09 04:47:59,779 INFO in_r2: 0.0025989808255885427 , std 0.09182489340815138 
2023-05-09 04:47:59,779 INFO os_r2: -0.19239257050076589 , std 0.08691371675979342 
2023-05-09 04:47:59,780 INFO intercept: 4.754390884614104e-07 , std 9.802377569445357e-05 
2023-05-09 04:47:59,780 INFO ofi_1_1: 4.399728252106676e-06 , std 0.0001628567219473245 
2023-05-09 04:47:59,780 INFO ofi_1_2: -1.7265249174321663e-05 , std 0.00015980674969033392 
2023-05-09 04:47:59,780 INFO ofi_1_3: -1.7568818477671528e-05 , std 0.0001137408865390276 
2023-05-09 04:47:59,780 INFO t_intercept: 0.022680955314996993 , std 1.021435273696638 
2023-05-09 04:47:59,780 INFO t_ofi_1_1: -0.021873872953814072 , std 1.0129336438180723 
2023-05-09 04:47:59,780 INFO t_ofi_1_2: -0.12179576725509438 , std 1.0115710182715194 
2023-05-09 04:47:59,780 INFO t_ofi_1_3: -0.15635739188620043 , std 0.9893195233534555 
2023-05-09 04:48:00,493 INFO Grouping by horizont:
2023-05-09 04:48:00,494 INFO 1: -0.021873872953814072
2023-05-09 04:48:00,494 INFO 2: -0.12179576725509438
2023-05-09 04:48:00,494 INFO 3: -0.15635739188620043
2023-05-09 04:48:00,494 INFO Grouping by level:
2023-05-09 04:48:00,494 INFO 1: -0.30002703209510884
2023-05-09 04:48:00,494 INFO Grouping by level and horizont:
2023-05-09 04:48:00,494 INFO 1_1: -0.021873872953814072
2023-05-09 04:48:00,494 INFO 1_2: -0.12179576725509438
2023-05-09 04:48:00,494 INFO 1_3: -0.15635739188620043
2023-05-09 04:48:00,495 INFO Non empty regressions: 1.0 --- 218973 / 218973
