2023-05-09 14:11:27,039 INFO Starting...
2023-05-09 14:11:27,039 INFO Tickers: ['ABBV']
2023-05-09 14:12:59,632 INFO in_r2: 0.09671039883037905 , std 0.1688284028875714 
2023-05-09 14:12:59,633 INFO os_r2: -0.12799837271268255 , std 0.2132672341005173 
2023-05-09 14:12:59,633 INFO intercept: 2.7780452263039445e-06 , std 0.0004379200204055936 
2023-05-09 14:12:59,633 INFO ofi_add_1_1: -2.1185406625344434e-07 , std 5.329208903253377e-06 
2023-05-09 14:12:59,633 INFO ofi_add_2_1: -1.6342519063392038e-07 , std 4.717789233134011e-06 
2023-05-09 14:12:59,633 INFO ofi_add_3_1: -1.3839204139354427e-07 , std 4.3944813554629664e-06 
2023-05-09 14:12:59,633 INFO ofi_add_4_1: -1.8769596511857029e-07 , std 4.987645682229712e-06 
2023-05-09 14:12:59,633 INFO ofi_add_5_1: -1.5023347446213365e-07 , std 4.478364573667926e-06 
2023-05-09 14:12:59,633 INFO ofi_add_6_1: -1.8069528586317035e-07 , std 4.869667661305082e-06 
2023-05-09 14:12:59,633 INFO ofi_add_7_1: -1.1336706434183098e-07 , std 4.163860016449145e-06 
2023-05-09 14:12:59,633 INFO ofi_add_8_1: -1.0547247334419479e-07 , std 3.96102373754741e-06 
2023-05-09 14:12:59,633 INFO ofi_add_9_1: -7.19727596806978e-08 , std 5.219436146852416e-06 
2023-05-09 14:12:59,633 INFO ofi_add_10_1: -5.365125406340046e-08 , std 4.906891710987531e-06 
2023-05-09 14:12:59,633 INFO ofi_cancel_1_1: -2.5656288072520387e-08 , std 2.3138112728997917e-06 
2023-05-09 14:12:59,633 INFO ofi_cancel_2_1: -8.208517158956353e-08 , std 3.8043043913083074e-06 
2023-05-09 14:12:59,633 INFO ofi_cancel_3_1: -1.1963168794369386e-07 , std 4.351895438255276e-06 
2023-05-09 14:12:59,633 INFO ofi_cancel_4_1: -6.946398520508594e-08 , std 3.768577238605158e-06 
2023-05-09 14:12:59,633 INFO ofi_cancel_5_1: -7.996484703221136e-08 , std 3.5633333409360447e-06 
2023-05-09 14:12:59,633 INFO ofi_cancel_6_1: -4.724598470929159e-08 , std 3.190936369397877e-06 
2023-05-09 14:12:59,633 INFO ofi_cancel_7_1: -4.688143472632557e-08 , std 3.0642363248614773e-06 
2023-05-09 14:12:59,633 INFO ofi_cancel_8_1: -3.790927779531486e-08 , std 2.8937829603155407e-06 
2023-05-09 14:12:59,633 INFO ofi_cancel_9_1: -4.4509964205626156e-08 , std 3.5030171776562647e-06 
2023-05-09 14:12:59,633 INFO ofi_cancel_10_1: -7.462885228262523e-08 , std 3.659560648826618e-06 
2023-05-09 14:12:59,633 INFO ofi_trade_1_1: -5.428284944930193e-10 , std 1.5245134855417507e-06 
2023-05-09 14:12:59,633 INFO ofi_trade_2_1: -1.8963584783399677e-08 , std 1.9113839792073567e-06 
2023-05-09 14:12:59,633 INFO ofi_trade_3_1: -4.368079154154019e-08 , std 2.9982926691004176e-06 
2023-05-09 14:12:59,633 INFO ofi_trade_4_1: -4.726356454676092e-08 , std 3.270505195450457e-06 
2023-05-09 14:12:59,633 INFO ofi_trade_5_1: -2.632227313947605e-08 , std 2.251911401579051e-06 
2023-05-09 14:12:59,633 INFO ofi_trade_6_1: -2.320791430556013e-08 , std 2.725524682478305e-06 
2023-05-09 14:12:59,633 INFO ofi_trade_7_1: -1.7977052587862977e-08 , std 2.0479464491112325e-06 
2023-05-09 14:12:59,633 INFO ofi_trade_8_1: -1.3478088303425835e-08 , std 1.6151970322794851e-06 
2023-05-09 14:12:59,633 INFO ofi_trade_9_1: -4.613579959089523e-09 , std 8.203897659681479e-07 
2023-05-09 14:12:59,633 INFO ofi_trade_10_1: -1.9229691281857874e-08 , std 1.6201595929948452e-06 
2023-05-09 14:12:59,633 INFO ofi_add_1_2: -3.3956594292847407e-07 , std 6.187312617597073e-06 
2023-05-09 14:12:59,633 INFO ofi_add_2_2: -1.9524705495196007e-07 , std 4.9920355157898404e-06 
2023-05-09 14:12:59,633 INFO ofi_add_3_2: -1.7204744241155589e-07 , std 4.483306894079157e-06 
2023-05-09 14:12:59,633 INFO ofi_add_4_2: -2.353204145355553e-07 , std 4.787687611483083e-06 
2023-05-09 14:12:59,633 INFO ofi_add_5_2: -2.6307845779888327e-07 , std 5.6670912466519165e-06 
2023-05-09 14:12:59,633 INFO ofi_add_6_2: -1.9512563529912513e-07 , std 4.585432861984454e-06 
2023-05-09 14:12:59,633 INFO ofi_add_7_2: -1.356532043431277e-07 , std 3.833222643132406e-06 
2023-05-09 14:12:59,633 INFO ofi_add_8_2: -1.1264359228342382e-07 , std 4.062259265576332e-06 
2023-05-09 14:12:59,633 INFO ofi_add_9_2: -1.1936874759855196e-07 , std 4.198404449193893e-06 
2023-05-09 14:12:59,633 INFO ofi_add_10_2: -1.1394115744083618e-07 , std 4.608371549734425e-06 
2023-05-09 14:12:59,633 INFO ofi_cancel_1_2: -3.488699250903504e-08 , std 2.6684383307312068e-06 
2023-05-09 14:12:59,633 INFO ofi_cancel_2_2: -1.1438351531186001e-07 , std 3.966664215908322e-06 
2023-05-09 14:12:59,633 INFO ofi_cancel_3_2: -1.3526618187336628e-07 , std 3.9794784864320485e-06 
2023-05-09 14:12:59,633 INFO ofi_cancel_4_2: -1.1598877154075838e-07 , std 3.7233978690732374e-06 
2023-05-09 14:12:59,634 INFO ofi_cancel_5_2: -1.6050363566696985e-07 , std 4.446443307256823e-06 
2023-05-09 14:12:59,634 INFO ofi_cancel_6_2: -8.69153779379273e-08 , std 3.125154231408075e-06 
2023-05-09 14:12:59,634 INFO ofi_cancel_7_2: -6.159992967857248e-08 , std 3.1745280609979183e-06 
2023-05-09 14:12:59,634 INFO ofi_cancel_8_2: -5.314293538571425e-08 , std 3.118431844659315e-06 
2023-05-09 14:12:59,634 INFO ofi_cancel_9_2: -5.728451808244996e-08 , std 2.878831567833919e-06 
2023-05-09 14:12:59,634 INFO ofi_cancel_10_2: -1.0303826405235798e-07 , std 3.736078285626069e-06 
2023-05-09 14:12:59,634 INFO ofi_trade_1_2: -7.028330850177766e-09 , std 1.3710815699596056e-06 
2023-05-09 14:12:59,634 INFO ofi_trade_2_2: -1.7477829830831187e-08 , std 1.723040908762615e-06 
2023-05-09 14:12:59,634 INFO ofi_trade_3_2: -3.5402303459255734e-08 , std 2.7102892122824677e-06 
2023-05-09 14:12:59,634 INFO ofi_trade_4_2: -4.377167545769187e-08 , std 2.8204571111294447e-06 
2023-05-09 14:12:59,634 INFO ofi_trade_5_2: -3.0337752133303554e-08 , std 2.033657835520547e-06 
2023-05-09 14:12:59,634 INFO ofi_trade_6_2: -3.4956072593530315e-08 , std 2.479494885729236e-06 
2023-05-09 14:12:59,634 INFO ofi_trade_7_2: -1.569375495360009e-08 , std 1.4912152736643913e-06 
2023-05-09 14:12:59,634 INFO ofi_trade_8_2: -1.7554459534185047e-08 , std 1.4968842435211973e-06 
2023-05-09 14:12:59,634 INFO ofi_trade_9_2: -9.15190924626468e-09 , std 1.172903091239151e-06 
2023-05-09 14:12:59,634 INFO ofi_trade_10_2: -1.0519317587111894e-08 , std 1.142015132950483e-06 
2023-05-09 14:12:59,634 INFO ofi_add_1_3: -4.30434034257504e-07 , std 6.519247882294009e-06 
2023-05-09 14:12:59,634 INFO ofi_add_2_3: -2.630677320778018e-07 , std 5.237571501324949e-06 
2023-05-09 14:12:59,634 INFO ofi_add_3_3: -1.9773039233121996e-07 , std 4.935283476850431e-06 
2023-05-09 14:12:59,634 INFO ofi_add_4_3: -3.173635321359195e-07 , std 5.265469142122561e-06 
2023-05-09 14:12:59,634 INFO ofi_add_5_3: -2.838491357365418e-07 , std 5.318624480693746e-06 
2023-05-09 14:12:59,634 INFO ofi_add_6_3: -2.590826497021562e-07 , std 4.6651000059832735e-06 
2023-05-09 14:12:59,634 INFO ofi_add_7_3: -1.8113930711301256e-07 , std 4.264415293781526e-06 
2023-05-09 14:12:59,634 INFO ofi_add_8_3: -1.2987567231695594e-07 , std 3.4736291649832566e-06 
2023-05-09 14:12:59,634 INFO ofi_add_9_3: -1.2288505436116512e-07 , std 4.2274973294074564e-06 
2023-05-09 14:12:59,634 INFO ofi_add_10_3: -1.5875411832917918e-07 , std 4.503800202220371e-06 
2023-05-09 14:12:59,634 INFO ofi_cancel_1_3: -4.013923638086302e-08 , std 3.146808930301053e-06 
2023-05-09 14:12:59,634 INFO ofi_cancel_2_3: -1.567335346189666e-07 , std 4.120947709334372e-06 
2023-05-09 14:12:59,634 INFO ofi_cancel_3_3: -2.194663564214363e-07 , std 5.27945854723435e-06 
2023-05-09 14:12:59,634 INFO ofi_cancel_4_3: -1.6871564981986107e-07 , std 4.426081898490495e-06 
2023-05-09 14:12:59,634 INFO ofi_cancel_5_3: -1.5157862688479312e-07 , std 4.5013658169536866e-06 
2023-05-09 14:12:59,634 INFO ofi_cancel_6_3: -7.844287272581804e-08 , std 3.4013326233366636e-06 
2023-05-09 14:12:59,634 INFO ofi_cancel_7_3: -6.179615374713632e-08 , std 2.962565197186378e-06 
2023-05-09 14:12:59,634 INFO ofi_cancel_8_3: -7.128896553507927e-08 , std 2.9431103653015984e-06 
2023-05-09 14:12:59,634 INFO ofi_cancel_9_3: -6.340902171233104e-08 , std 2.409638732780057e-06 
2023-05-09 14:12:59,634 INFO ofi_cancel_10_3: -7.278149476341458e-08 , std 2.6349589101160405e-06 
2023-05-09 14:12:59,634 INFO ofi_trade_1_3: -2.8953300030258864e-09 , std 4.064094160405729e-07 
2023-05-09 14:12:59,634 INFO ofi_trade_2_3: -2.252306793897234e-08 , std 1.6570549842874302e-06 
2023-05-09 14:12:59,634 INFO ofi_trade_3_3: -5.849025901438909e-08 , std 2.883326743040329e-06 
2023-05-09 14:12:59,634 INFO ofi_trade_4_3: -5.129832169256187e-08 , std 2.615003036571567e-06 
2023-05-09 14:12:59,634 INFO ofi_trade_5_3: -3.8987791786429494e-08 , std 2.3979019363687407e-06 
2023-05-09 14:12:59,634 INFO ofi_trade_6_3: -3.119164254366089e-08 , std 2.1176474841304182e-06 
2023-05-09 14:12:59,634 INFO ofi_trade_7_3: -1.7101471124807463e-08 , std 1.706203364514943e-06 
2023-05-09 14:12:59,634 INFO ofi_trade_8_3: -6.675436827249149e-09 , std 9.557439835397027e-07 
2023-05-09 14:12:59,634 INFO ofi_trade_9_3: -1.4782711713139572e-08 , std 1.637660190104406e-06 
2023-05-09 14:12:59,634 INFO ofi_trade_10_3: -1.3487269521364962e-08 , std 1.2915804754120234e-06 
2023-05-09 14:12:59,634 INFO ofi_add_1_5: -4.8180881992509e-07 , std 6.652566814815039e-06 
2023-05-09 14:12:59,634 INFO ofi_add_2_5: -2.70259731693203e-07 , std 5.050601926411257e-06 
2023-05-09 14:12:59,634 INFO ofi_add_3_5: -2.5081012129479433e-07 , std 4.830777087259546e-06 
2023-05-09 14:12:59,634 INFO ofi_add_4_5: -3.704005815567805e-07 , std 5.503680840856616e-06 
2023-05-09 14:12:59,634 INFO ofi_add_5_5: -3.7457536306371363e-07 , std 5.67335776276424e-06 
2023-05-09 14:12:59,634 INFO ofi_add_6_5: -3.0879342782642203e-07 , std 4.933348821119503e-06 
2023-05-09 14:12:59,634 INFO ofi_add_7_5: -1.7521608019388973e-07 , std 3.815794582778891e-06 
2023-05-09 14:12:59,634 INFO ofi_add_8_5: -1.7920298822512717e-07 , std 4.006750508918141e-06 
2023-05-09 14:12:59,635 INFO ofi_add_9_5: -1.848317006286687e-07 , std 4.642357021920242e-06 
2023-05-09 14:12:59,635 INFO ofi_add_10_5: -1.5592725018130208e-07 , std 4.650532987811318e-06 
2023-05-09 14:12:59,635 INFO ofi_cancel_1_5: -4.3072476589805376e-08 , std 2.6250216983326133e-06 
2023-05-09 14:12:59,635 INFO ofi_cancel_2_5: -1.6395428347764186e-07 , std 4.122445731028274e-06 
2023-05-09 14:12:59,635 INFO ofi_cancel_3_5: -1.8932200983821074e-07 , std 4.593527584284844e-06 
2023-05-09 14:12:59,635 INFO ofi_cancel_4_5: -1.4475204635559362e-07 , std 3.982720067162666e-06 
2023-05-09 14:12:59,635 INFO ofi_cancel_5_5: -1.117196528681184e-07 , std 3.624737382131936e-06 
2023-05-09 14:12:59,635 INFO ofi_cancel_6_5: -9.910043398793128e-08 , std 3.2162057155349003e-06 
2023-05-09 14:12:59,635 INFO ofi_cancel_7_5: -6.526349251262576e-08 , std 2.6707125050232164e-06 
2023-05-09 14:12:59,635 INFO ofi_cancel_8_5: -4.54175917424733e-08 , std 2.459919159807155e-06 
2023-05-09 14:12:59,635 INFO ofi_cancel_9_5: -7.227934673932682e-08 , std 2.7767467054991467e-06 
2023-05-09 14:12:59,635 INFO ofi_cancel_10_5: -1.3066057208510605e-07 , std 3.384512342779523e-06 
2023-05-09 14:12:59,635 INFO ofi_trade_1_5: -4.306795311672069e-09 , std 8.787123271587565e-07 
2023-05-09 14:12:59,635 INFO ofi_trade_2_5: -2.2660276949731293e-08 , std 1.5245208934377494e-06 
2023-05-09 14:12:59,635 INFO ofi_trade_3_5: -4.0938520477620305e-08 , std 2.488840844909085e-06 
2023-05-09 14:12:59,635 INFO ofi_trade_4_5: -6.02874593419919e-08 , std 2.822363629740261e-06 
2023-05-09 14:12:59,635 INFO ofi_trade_5_5: -5.075841505612649e-08 , std 2.6669415207969133e-06 
2023-05-09 14:12:59,635 INFO ofi_trade_6_5: -1.787897935249998e-08 , std 1.3140673339602616e-06 
2023-05-09 14:12:59,635 INFO ofi_trade_7_5: -3.497921800867024e-08 , std 2.051156504828826e-06 
2023-05-09 14:12:59,635 INFO ofi_trade_8_5: -7.824159083472082e-09 , std 7.708483387035591e-07 
2023-05-09 14:12:59,635 INFO ofi_trade_9_5: -1.2935349827097231e-08 , std 1.1999409669268733e-06 
2023-05-09 14:12:59,635 INFO ofi_trade_10_5: -1.841251594835883e-08 , std 1.1796365577033758e-06 
2023-05-09 14:12:59,635 INFO ofi_add_1_10: -6.144528330983844e-07 , std 7.414869230384408e-06 
2023-05-09 14:12:59,635 INFO ofi_add_2_10: -3.091659678536088e-07 , std 5.2196585187026925e-06 
2023-05-09 14:12:59,635 INFO ofi_add_3_10: -2.920692112185762e-07 , std 4.7441694969127895e-06 
2023-05-09 14:12:59,635 INFO ofi_add_4_10: -3.948695938022271e-07 , std 5.107102726065656e-06 
2023-05-09 14:12:59,635 INFO ofi_add_5_10: -3.841178161776182e-07 , std 4.817469880277438e-06 
2023-05-09 14:12:59,635 INFO ofi_add_6_10: -3.441289375804275e-07 , std 4.6466180626104755e-06 
2023-05-09 14:12:59,635 INFO ofi_add_7_10: -2.6061878325912087e-07 , std 4.580129376547347e-06 
2023-05-09 14:12:59,635 INFO ofi_add_8_10: -1.935574405529314e-07 , std 3.8956940427247375e-06 
2023-05-09 14:12:59,635 INFO ofi_add_9_10: -1.765675303001777e-07 , std 4.251746180366541e-06 
2023-05-09 14:12:59,635 INFO ofi_add_10_10: -2.6863462662715324e-07 , std 4.957069734220334e-06 
2023-05-09 14:12:59,635 INFO ofi_cancel_1_10: -6.923821279719554e-08 , std 2.905010859459355e-06 
2023-05-09 14:12:59,635 INFO ofi_cancel_2_10: -1.9311158800559413e-07 , std 3.931149256440532e-06 
2023-05-09 14:12:59,635 INFO ofi_cancel_3_10: -1.9755305788526554e-07 , std 4.360113081075387e-06 
2023-05-09 14:12:59,635 INFO ofi_cancel_4_10: -1.4449968694354733e-07 , std 3.5707588924410803e-06 
2023-05-09 14:12:59,635 INFO ofi_cancel_5_10: -1.4404668027740366e-07 , std 3.6693309698200865e-06 
2023-05-09 14:12:59,635 INFO ofi_cancel_6_10: -8.6327424889799e-08 , std 2.7880449409526688e-06 
2023-05-09 14:12:59,635 INFO ofi_cancel_7_10: -5.803430570984421e-08 , std 2.837209391158472e-06 
2023-05-09 14:12:59,635 INFO ofi_cancel_8_10: -6.157148422035919e-08 , std 2.685307337010801e-06 
2023-05-09 14:12:59,635 INFO ofi_cancel_9_10: -6.665134422117686e-08 , std 2.4590810381457874e-06 
2023-05-09 14:12:59,635 INFO ofi_cancel_10_10: -1.0678895339232067e-07 , std 3.144803774526857e-06 
2023-05-09 14:12:59,635 INFO ofi_trade_1_10: -5.483120192958825e-09 , std 8.197297804456131e-07 
2023-05-09 14:12:59,635 INFO ofi_trade_2_10: -3.11171044068803e-08 , std 2.6712655268773002e-06 
2023-05-09 14:12:59,636 INFO ofi_trade_3_10: -6.2587566669368e-08 , std 2.6684316946338777e-06 
2023-05-09 14:12:59,636 INFO ofi_trade_4_10: -6.043239848373023e-08 , std 3.1058924560658042e-06 
2023-05-09 14:12:59,636 INFO ofi_trade_5_10: -5.35269626589099e-08 , std 2.7387555607332164e-06 
2023-05-09 14:12:59,636 INFO ofi_trade_6_10: -4.0329963145005915e-08 , std 2.132086003810853e-06 
2023-05-09 14:12:59,636 INFO ofi_trade_7_10: -3.7709977339984295e-08 , std 3.062550183469002e-06 
2023-05-09 14:12:59,636 INFO ofi_trade_8_10: -1.8671141435957777e-08 , std 2.0108485399838363e-06 
2023-05-09 14:12:59,636 INFO ofi_trade_9_10: -1.9087922048126937e-08 , std 1.8051328233200353e-06 
2023-05-09 14:12:59,636 INFO ofi_trade_10_10: -1.813119694907584e-08 , std 1.099066870385555e-06 
2023-05-09 14:12:59,636 INFO ofi_add_1_20: -5.932803829220718e-07 , std 6.138259286362593e-06 
2023-05-09 14:12:59,636 INFO ofi_add_2_20: -3.702992148419979e-07 , std 5.360981932363227e-06 
2023-05-09 14:12:59,636 INFO ofi_add_3_20: -3.519084120380044e-07 , std 5.122829904030234e-06 
2023-05-09 14:12:59,636 INFO ofi_add_4_20: -4.594477565505895e-07 , std 5.403583304328001e-06 
2023-05-09 14:12:59,636 INFO ofi_add_5_20: -4.443057972903099e-07 , std 5.020578148786938e-06 
2023-05-09 14:12:59,636 INFO ofi_add_6_20: -3.7153537784697065e-07 , std 4.985664999641564e-06 
2023-05-09 14:12:59,636 INFO ofi_add_7_20: -2.756153088016906e-07 , std 4.362388037847311e-06 
2023-05-09 14:12:59,636 INFO ofi_add_8_20: -2.289965562681324e-07 , std 4.304237479786421e-06 
2023-05-09 14:12:59,636 INFO ofi_add_9_20: -2.1593765451442402e-07 , std 4.11574109429376e-06 
2023-05-09 14:12:59,636 INFO ofi_add_10_20: -3.0613207075517063e-07 , std 5.233838252568799e-06 
2023-05-09 14:12:59,636 INFO ofi_cancel_1_20: -7.945942804561819e-08 , std 3.522802290934024e-06 
2023-05-09 14:12:59,636 INFO ofi_cancel_2_20: -2.5801496906350655e-07 , std 4.626761635845169e-06 
2023-05-09 14:12:59,636 INFO ofi_cancel_3_20: -2.4743935939457696e-07 , std 4.425096987485919e-06 
2023-05-09 14:12:59,636 INFO ofi_cancel_4_20: -1.833966946803997e-07 , std 4.0224256800636585e-06 
2023-05-09 14:12:59,636 INFO ofi_cancel_5_20: -1.6706221700062488e-07 , std 3.8759574080415126e-06 
2023-05-09 14:12:59,636 INFO ofi_cancel_6_20: -1.1230163414498728e-07 , std 3.641514642847607e-06 
2023-05-09 14:12:59,636 INFO ofi_cancel_7_20: -7.872931470117401e-08 , std 2.8892029930580382e-06 
2023-05-09 14:12:59,636 INFO ofi_cancel_8_20: -6.547920502147321e-08 , std 2.52008876941996e-06 
2023-05-09 14:12:59,636 INFO ofi_cancel_9_20: -8.483176130929119e-08 , std 2.5940874233680037e-06 
2023-05-09 14:12:59,636 INFO ofi_cancel_10_20: -1.156974474183282e-07 , std 2.9769366265729194e-06 
2023-05-09 14:12:59,636 INFO ofi_trade_1_20: -4.802293383446191e-09 , std 1.204424575248907e-06 
2023-05-09 14:12:59,636 INFO ofi_trade_2_20: -3.319250890799693e-08 , std 1.9558892672433177e-06 
2023-05-09 14:12:59,636 INFO ofi_trade_3_20: -9.604029385791029e-08 , std 3.4292242349509878e-06 
2023-05-09 14:12:59,636 INFO ofi_trade_4_20: -6.413313311378365e-08 , std 2.8394839781549018e-06 
2023-05-09 14:12:59,636 INFO ofi_trade_5_20: -5.4615004554860444e-08 , std 2.135464143254865e-06 
2023-05-09 14:12:59,636 INFO ofi_trade_6_20: -4.0835700729744936e-08 , std 2.613779967342038e-06 
2023-05-09 14:12:59,636 INFO ofi_trade_7_20: -2.6843300106099582e-08 , std 1.7940171307474432e-06 
2023-05-09 14:12:59,636 INFO ofi_trade_8_20: -1.483320516781783e-08 , std 1.1673710225440666e-06 
2023-05-09 14:12:59,636 INFO ofi_trade_9_20: -2.9569626928485153e-08 , std 2.1416658487653772e-06 
2023-05-09 14:12:59,636 INFO ofi_trade_10_20: -2.6002826946615215e-08 , std 1.97962466973292e-06 
2023-05-09 14:12:59,636 INFO ofi_add_1_30: -6.295161313827462e-07 , std 6.7800581192311476e-06 
2023-05-09 14:12:59,636 INFO ofi_add_2_30: -3.834666215745337e-07 , std 5.548678857582274e-06 
2023-05-09 14:12:59,636 INFO ofi_add_3_30: -3.509663988589624e-07 , std 4.7873179071182786e-06 
2023-05-09 14:12:59,636 INFO ofi_add_4_30: -4.7055581026750226e-07 , std 5.633117376418725e-06 
2023-05-09 14:12:59,636 INFO ofi_add_5_30: -3.8555342080644405e-07 , std 4.754420818809738e-06 
2023-05-09 14:12:59,636 INFO ofi_add_6_30: -3.941004514777177e-07 , std 4.760487600119479e-06 
2023-05-09 14:12:59,636 INFO ofi_add_7_30: -2.886799119978102e-07 , std 4.366547159407789e-06 
2023-05-09 14:12:59,636 INFO ofi_add_8_30: -2.142451642219642e-07 , std 3.885674974453215e-06 
2023-05-09 14:12:59,636 INFO ofi_add_9_30: -2.4862821701586817e-07 , std 4.36338485079233e-06 
2023-05-09 14:12:59,636 INFO ofi_add_10_30: -3.1956298341736866e-07 , std 4.9908820017103694e-06 
2023-05-09 14:12:59,636 INFO ofi_cancel_1_30: -9.036992514776974e-08 , std 3.218950723590281e-06 
2023-05-09 14:12:59,636 INFO ofi_cancel_2_30: -2.635175050533204e-07 , std 4.730906692718055e-06 
2023-05-09 14:12:59,636 INFO ofi_cancel_3_30: -2.590555489765361e-07 , std 4.600181828308886e-06 
2023-05-09 14:12:59,636 INFO ofi_cancel_4_30: -2.031925304790449e-07 , std 4.019904307102582e-06 
2023-05-09 14:12:59,636 INFO ofi_cancel_5_30: -1.6433657966931975e-07 , std 3.7845454710118824e-06 
2023-05-09 14:12:59,636 INFO ofi_cancel_6_30: -1.2780476304316645e-07 , std 3.793179966427019e-06 
2023-05-09 14:12:59,637 INFO ofi_cancel_7_30: -7.942560952010615e-08 , std 2.7829037099733487e-06 
2023-05-09 14:12:59,637 INFO ofi_cancel_8_30: -8.88896596459826e-08 , std 2.5067301583018105e-06 
2023-05-09 14:12:59,637 INFO ofi_cancel_9_30: -8.38829395309689e-08 , std 2.510647505438628e-06 
2023-05-09 14:12:59,637 INFO ofi_cancel_10_30: -1.315610527075366e-07 , std 3.2970748686530315e-06 
2023-05-09 14:12:59,637 INFO ofi_trade_1_30: -1.5272186440341723e-08 , std 1.6320754081551912e-06 
2023-05-09 14:12:59,637 INFO ofi_trade_2_30: -3.618695868688272e-08 , std 1.8992303733593467e-06 
2023-05-09 14:12:59,637 INFO ofi_trade_3_30: -8.09943055199767e-08 , std 2.865986524125883e-06 
2023-05-09 14:12:59,637 INFO ofi_trade_4_30: -7.063132297386502e-08 , std 2.8543838081220565e-06 
2023-05-09 14:12:59,637 INFO ofi_trade_5_30: -7.74175890310889e-08 , std 2.919237616332077e-06 
2023-05-09 14:12:59,637 INFO ofi_trade_6_30: -5.0791829805647934e-08 , std 2.5051405603599315e-06 
2023-05-09 14:12:59,637 INFO ofi_trade_7_30: -4.1113819866927884e-08 , std 2.5551208512351955e-06 
2023-05-09 14:12:59,637 INFO ofi_trade_8_30: -3.015689856250496e-08 , std 2.2360344073927364e-06 
2023-05-09 14:12:59,637 INFO ofi_trade_9_30: -1.366112737227969e-08 , std 1.004300893434071e-06 
2023-05-09 14:12:59,637 INFO ofi_trade_10_30: -2.301801154812902e-08 , std 1.4303824409702e-06 
2023-05-09 14:12:59,637 INFO used_intercept: 0.9899290260037069 , std 0.0998476313142133 
2023-05-09 14:12:59,637 INFO used_ofi_add_1_1: 0.0050480443223314434 , std 0.07087003295364848 
2023-05-09 14:12:59,637 INFO used_ofi_add_2_1: 0.004470407409825855 , std 0.06671148977062367 
2023-05-09 14:12:59,637 INFO used_ofi_add_3_1: 0.004435246902108124 , std 0.06644979674179194 
2023-05-09 14:12:59,637 INFO used_ofi_add_4_1: 0.005515176782009875 , std 0.07405916288396092 
2023-05-09 14:12:59,637 INFO used_ofi_add_5_1: 0.004721553893523937 , std 0.06855115478498146 
2023-05-09 14:12:59,637 INFO used_ofi_add_6_1: 0.00467132459678432 , std 0.06818726657738816 
2023-05-09 14:12:59,637 INFO used_ofi_add_7_1: 0.0038174265522108427 , std 0.06166728311454396 
2023-05-09 14:12:59,637 INFO used_ofi_add_8_1: 0.0038073806928629193 , std 0.061586399027078485 
2023-05-09 14:12:59,637 INFO used_ofi_add_9_1: 0.003917885145690075 , std 0.062470275505037254 
2023-05-09 14:12:59,637 INFO used_ofi_add_10_1: 0.004932516939830325 , std 0.07005845570998988 
2023-05-09 14:12:59,637 INFO used_ofi_cancel_1_1: 0.0007132560137025521 , std 0.026697327198831517 
2023-05-09 14:12:59,637 INFO used_ofi_cancel_2_1: 0.0020443323773023853 , std 0.04516805378177698 
2023-05-09 14:12:59,637 INFO used_ofi_cancel_3_1: 0.0025215106963287406 , std 0.050151297890852646 
2023-05-09 14:12:59,637 INFO used_ofi_cancel_4_1: 0.0021297221817597333 , std 0.04609974474103141 
2023-05-09 14:12:59,637 INFO used_ofi_cancel_5_1: 0.0020794928850201167 , std 0.04555401842166362 
2023-05-09 14:12:59,637 INFO used_ofi_cancel_6_1: 0.0014516266757749125 , std 0.03807255515156674 
2023-05-09 14:12:59,637 INFO used_ofi_cancel_7_1: 0.0015571081989281068 , std 0.039429476448273285 
2023-05-09 14:12:59,637 INFO used_ofi_cancel_8_1: 0.001376282730665488 , std 0.037072747086111114 
2023-05-09 14:12:59,637 INFO used_ofi_cancel_9_1: 0.001732910737516764 , std 0.04159215981278879 
2023-05-09 14:12:59,637 INFO used_ofi_cancel_10_1: 0.002667175656873628 , std 0.05157578725418556 
2023-05-09 14:12:59,637 INFO used_ofi_trade_1_1: 9.543566380527107e-05 , std 0.00976865168993885 
2023-05-09 14:12:59,637 INFO used_ofi_trade_2_1: 0.00027123820239392826 , std 0.01646707722188398 
2023-05-09 14:12:59,637 INFO used_ofi_trade_3_1: 0.000467132459678432 , std 0.02160819860477839 
2023-05-09 14:12:59,637 INFO used_ofi_trade_4_1: 0.0005876827718535113 , std 0.02423504488985275 
2023-05-09 14:12:59,637 INFO used_ofi_trade_5_1: 0.0004319719519607006 , std 0.02077944542555022 
2023-05-09 14:12:59,637 INFO used_ofi_trade_6_1: 0.0002762611320678899 , std 0.016618808978227005 
2023-05-09 14:12:59,637 INFO used_ofi_trade_7_1: 0.00018082546826261886 , std 0.013445920214423649 
2023-05-09 14:12:59,637 INFO used_ofi_trade_8_1: 0.00011050445282715596 , std 0.010511528984551268 
2023-05-09 14:12:59,637 INFO used_ofi_trade_9_1: 8.538980445734779e-05 , std 0.009240265853244837 
2023-05-09 14:12:59,637 INFO used_ofi_trade_10_1: 0.00025114648369808175 , std 0.015845611668276104 
2023-05-09 14:12:59,637 INFO used_ofi_add_1_2: 0.008147191931165771 , std 0.08989335456418633 
2023-05-09 14:12:59,637 INFO used_ofi_add_2_2: 0.006554923224519934 , std 0.080696692658625 
2023-05-09 14:12:59,637 INFO used_ofi_add_3_2: 0.00605263025712377 , std 0.07756285144380859 
2023-05-09 14:12:59,637 INFO used_ofi_add_4_2: 0.007936228884859384 , std 0.08873130876948963 
2023-05-09 14:12:59,637 INFO used_ofi_add_5_2: 0.00857414095345251 , std 0.09219883437637831 
2023-05-09 14:12:59,637 INFO used_ofi_add_6_2: 0.00712753720735156 , std 0.08412333457911295 
2023-05-09 14:12:59,637 INFO used_ofi_add_7_2: 0.005650795883206839 , std 0.07495908476691247 
2023-05-09 14:12:59,637 INFO used_ofi_add_8_2: 0.005063113111353328 , std 0.07097519282802245 
2023-05-09 14:12:59,637 INFO used_ofi_add_9_2: 0.00623847865506035 , std 0.07873728493624038 
2023-05-09 14:12:59,638 INFO used_ofi_add_10_2: 0.008830310366824554 , std 0.09355392020460769 
2023-05-09 14:12:59,638 INFO used_ofi_cancel_1_2: 0.001130159176641368 , std 0.03359883802867029 
2023-05-09 14:12:59,638 INFO used_ofi_cancel_2_2: 0.0031041705385082903 , std 0.0556285418088246 
2023-05-09 14:12:59,638 INFO used_ofi_cancel_3_2: 0.003506004912425221 , std 0.05910763776348426 
2023-05-09 14:12:59,638 INFO used_ofi_cancel_4_2: 0.0035009819827512595 , std 0.05906543073497145 
2023-05-09 14:12:59,638 INFO used_ofi_cancel_5_2: 0.0035964176465565307 , std 0.05986220365696594 
2023-05-09 14:12:59,638 INFO used_ofi_cancel_6_2: 0.0025516482743725105 , std 0.050449354460254524 
2023-05-09 14:12:59,638 INFO used_ofi_cancel_7_2: 0.0018484381200178817 , std 0.04295371225557049 
2023-05-09 14:12:59,638 INFO used_ofi_cancel_8_2: 0.002169905619151426 , std 0.04653167876571187 
2023-05-09 14:12:59,638 INFO used_ofi_cancel_9_2: 0.002657129797525705 , std 0.05147882534367703 
2023-05-09 14:12:59,638 INFO used_ofi_cancel_10_2: 0.0036968762400357634 , std 0.06068945003953835 
2023-05-09 14:12:59,638 INFO used_ofi_trade_1_2: 7.534394510942452e-05 , std 0.008679762001308556 
2023-05-09 14:12:59,638 INFO used_ofi_trade_2_2: 0.00027123820239392826 , std 0.01646707722188398 
2023-05-09 14:12:59,638 INFO used_ofi_trade_3_2: 0.0005073158970701252 , std 0.02251796011300103 
2023-05-09 14:12:59,638 INFO used_ofi_trade_4_2: 0.0006479579279410509 , std 0.025446769509402747 
2023-05-09 14:12:59,638 INFO used_ofi_trade_5_2: 0.0005977286312014345 , std 0.024441181470724292 
2023-05-09 14:12:59,638 INFO used_ofi_trade_6_2: 0.0004319719519607006 , std 0.02077944542555022 
2023-05-09 14:12:59,638 INFO used_ofi_trade_7_2: 0.0002461235540241201 , std 0.015686394653338116 
2023-05-09 14:12:59,638 INFO used_ofi_trade_8_2: 0.00022100890565431193 , std 0.014864725383199433 
2023-05-09 14:12:59,638 INFO used_ofi_trade_9_2: 0.0001305961715230025 , std 0.011427121954498692 
2023-05-09 14:12:59,638 INFO used_ofi_trade_10_2: 0.00039178851456900753 , std 0.0197897704971245 
2023-05-09 14:12:59,638 INFO used_ofi_add_1_3: 0.011351821063153295 , std 0.10593845959661413 
2023-05-09 14:12:59,638 INFO used_ofi_add_2_3: 0.009498360013461452 , std 0.09699557294287266 
2023-05-09 14:12:59,638 INFO used_ofi_add_3_3: 0.00875496642171513 , std 0.09315748485585991 
2023-05-09 14:12:59,638 INFO used_ofi_add_4_3: 0.011191087313586522 , std 0.10519432911676466 
2023-05-09 14:12:59,638 INFO used_ofi_add_5_3: 0.010734000713256014 , std 0.10304747421428549 
2023-05-09 14:12:59,638 INFO used_ofi_add_6_3: 0.010276914112925506 , std 0.1008528589046491 
2023-05-09 14:12:59,638 INFO used_ofi_add_7_3: 0.007966366462903152 , std 0.08889827595787154 
2023-05-09 14:12:59,638 INFO used_ofi_add_8_3: 0.007323431464636064 , std 0.08526311521530773 
2023-05-09 14:12:59,638 INFO used_ofi_add_9_3: 0.008453590641277431 , std 0.09155395920738292 
2023-05-09 14:12:59,638 INFO used_ofi_add_10_3: 0.012235856685770543 , std 0.10993698420884497 
2023-05-09 14:12:59,638 INFO used_ofi_cancel_1_3: 0.0017630483155605338 , std 0.04195163854008009 
2023-05-09 14:12:59,638 INFO used_ofi_cancel_2_3: 0.004585934792326973 , std 0.06756407325204349 
2023-05-09 14:12:59,638 INFO used_ofi_cancel_3_3: 0.005520199711683837 , std 0.07409269266821772 
2023-05-09 14:12:59,638 INFO used_ofi_cancel_4_3: 0.004636164089066589 , std 0.06793136294529824 
2023-05-09 14:12:59,638 INFO used_ofi_cancel_5_3: 0.004490499128521701 , std 0.06686056046802515 
2023-05-09 14:12:59,638 INFO used_ofi_cancel_6_3: 0.003154399835247907 , std 0.05607539208001399 
2023-05-09 14:12:59,638 INFO used_ofi_cancel_7_3: 0.002722427883287206 , std 0.05210581800247939 
2023-05-09 14:12:59,638 INFO used_ofi_cancel_8_3: 0.002626992219481935 , std 0.0511868257597667 
2023-05-09 14:12:59,638 INFO used_ofi_cancel_9_3: 0.0031142163978562136 , std 0.05571820217921192 
2023-05-09 14:12:59,638 INFO used_ofi_cancel_10_3: 0.004133871121670425 , std 0.06416215575570887 
2023-05-09 14:12:59,638 INFO used_ofi_trade_1_3: 7.534394510942452e-05 , std 0.008679762001308556 
2023-05-09 14:12:59,638 INFO used_ofi_trade_2_3: 0.0004922471080482402 , std 0.022181181231685082 
2023-05-09 14:12:59,638 INFO used_ofi_trade_3_3: 0.0009443107787047874 , std 0.03071512747585478 
2023-05-09 14:12:59,638 INFO used_ofi_trade_4_3: 0.000894081481965171 , std 0.029887825285035013 
2023-05-09 14:12:59,638 INFO used_ofi_trade_5_3: 0.0007534394510942452 , std 0.02743850907188253 
2023-05-09 14:12:59,638 INFO used_ofi_trade_6_3: 0.000592705701527473 , std 0.02433833193706688 
2023-05-09 14:12:59,638 INFO used_ofi_trade_7_3: 0.00035160507717731446 , std 0.01874783857000635 
2023-05-09 14:12:59,638 INFO used_ofi_trade_8_3: 0.0001456649605448874 , std 0.012068294919505273 
2023-05-09 14:12:59,638 INFO used_ofi_trade_9_3: 0.0002461235540241201 , std 0.015686394653338116 
2023-05-09 14:12:59,638 INFO used_ofi_trade_10_3: 0.0004169031629388157 , std 0.020413950002181037 
2023-05-09 14:12:59,638 INFO used_ofi_add_1_5: 0.016018122730263654 , std 0.125544981876863 
2023-05-09 14:12:59,638 INFO used_ofi_add_2_5: 0.012497049028816548 , std 0.11108948102492829 
2023-05-09 14:12:59,639 INFO used_ofi_add_3_5: 0.012230833756096581 , std 0.10991469629547866 
2023-05-09 14:12:59,639 INFO used_ofi_add_4_5: 0.015340027224278832 , std 0.12290122370846117 
2023-05-09 14:12:59,639 INFO used_ofi_add_5_5: 0.016726355814292243 , std 0.12824423899523105 
2023-05-09 14:12:59,639 INFO used_ofi_add_6_5: 0.01425507441470312 , std 0.11854057224484113 
2023-05-09 14:12:59,639 INFO used_ofi_add_7_5: 0.011331729344457447 , std 0.10584574273215439 
2023-05-09 14:12:59,639 INFO used_ofi_add_8_5: 0.010226684816185888 , std 0.1006086464169769 
2023-05-09 14:12:59,639 INFO used_ofi_add_9_5: 0.012823539457624053 , std 0.11251264948174856 
2023-05-09 14:12:59,639 INFO used_ofi_add_10_5: 0.01896155951920517 , std 0.1363892179749001 
2023-05-09 14:12:59,639 INFO used_ofi_cancel_1_5: 0.002571739993068357 , std 0.05064707441181978 
2023-05-09 14:12:59,639 INFO used_ofi_cancel_2_5: 0.005901942366904921 , std 0.07659705897227816 
2023-05-09 14:12:59,639 INFO used_ofi_cancel_3_5: 0.006765886270826322 , std 0.08197627128502838 
2023-05-09 14:12:59,639 INFO used_ofi_cancel_4_5: 0.005831621351469458 , std 0.07614206159464389 
2023-05-09 14:12:59,639 INFO used_ofi_cancel_5_5: 0.004796897838633361 , std 0.06909332536330175 
2023-05-09 14:12:59,639 INFO used_ofi_cancel_6_5: 0.004385017605368508 , std 0.06607411918420945 
2023-05-09 14:12:59,639 INFO used_ofi_cancel_7_5: 0.0038425412005806507 , std 0.06186902357159428 
2023-05-09 14:12:59,639 INFO used_ofi_cancel_8_5: 0.0033101106551407175 , std 0.057438260964199114 
2023-05-09 14:12:59,639 INFO used_ofi_cancel_9_5: 0.004601003581348857 , std 0.06767447338098223 
2023-05-09 14:12:59,639 INFO used_ofi_cancel_10_5: 0.007544440370290376 , std 0.08653046740766808 
2023-05-09 14:12:59,639 INFO used_ofi_trade_1_5: 9.041273413130943e-05 , std 0.009508131239566285 
2023-05-09 14:12:59,639 INFO used_ofi_trade_2_5: 0.0006228432795712428 , std 0.02494905500856366 
2023-05-09 14:12:59,639 INFO used_ofi_trade_3_5: 0.0009593795677266722 , std 0.030958991562576792 
2023-05-09 14:12:59,639 INFO used_ofi_trade_4_5: 0.0012708012075122936 , std 0.03562564065112765 
2023-05-09 14:12:59,639 INFO used_ofi_trade_5_5: 0.0009091502709870559 , std 0.030138409327166216 
2023-05-09 14:12:59,639 INFO used_ofi_trade_6_5: 0.0004520636706565471 , std 0.021256982596178125 
2023-05-09 14:12:59,639 INFO used_ofi_trade_7_5: 0.000632889138919166 , std 0.02514932584100425 
2023-05-09 14:12:59,639 INFO used_ofi_trade_8_5: 0.00028630699141581317 , std 0.01691818606477892 
2023-05-09 14:12:59,639 INFO used_ofi_trade_9_5: 0.0002963528507637365 , std 0.017212350965268537 
2023-05-09 14:12:59,639 INFO used_ofi_trade_10_5: 0.0005977286312014345 , std 0.024441181470724292 
2023-05-09 14:12:59,639 INFO used_ofi_add_1_10: 0.02141274920009845 , std 0.14475580600373905 
2023-05-09 14:12:59,639 INFO used_ofi_add_2_10: 0.018549679285940316 , std 0.13492808708467288 
2023-05-09 14:12:59,639 INFO used_ofi_add_3_10: 0.017936881865717 , std 0.13272207855007512 
2023-05-09 14:12:59,639 INFO used_ofi_add_4_10: 0.022412312205216816 , std 0.14802027045926078 
2023-05-09 14:12:59,639 INFO used_ofi_add_5_10: 0.02205066126869158 , std 0.1468483217687727 
2023-05-09 14:12:59,639 INFO used_ofi_add_6_10: 0.020900410373354363 , std 0.1430509811905523 
2023-05-09 14:12:59,639 INFO used_ofi_add_7_10: 0.017499886984082336 , std 0.13112452455443518 
2023-05-09 14:12:59,639 INFO used_ofi_add_8_10: 0.0148075966788389 , std 0.1207821665621036 
2023-05-09 14:12:59,639 INFO used_ofi_add_9_10: 0.018584839793658048 , std 0.13505348393692815 
2023-05-09 14:12:59,639 INFO used_ofi_add_10_10: 0.03198601616378769 , std 0.17596281122372878 
2023-05-09 14:12:59,639 INFO used_ofi_cancel_1_10: 0.003852587059928574 , std 0.06194953295121962 
2023-05-09 14:12:59,639 INFO used_ofi_cancel_2_10: 0.009076433920848673 , std 0.09483697732492925 
2023-05-09 14:12:59,639 INFO used_ofi_cancel_3_10: 0.009513428802483336 , std 0.09707174395725782 
2023-05-09 14:12:59,639 INFO used_ofi_cancel_4_10: 0.007700151190183187 , std 0.08741200639403894 
2023-05-09 14:12:59,639 INFO used_ofi_cancel_5_10: 0.007238041660178716 , std 0.08476822761568295 
2023-05-09 14:12:59,639 INFO used_ofi_cancel_6_10: 0.0059119882262528445 , std 0.07666183288615981 
2023-05-09 14:12:59,639 INFO used_ofi_cancel_7_10: 0.004555797214283203 , std 0.06734271991852965 
2023-05-09 14:12:59,639 INFO used_ofi_cancel_8_10: 0.004580911862653011 , std 0.06752723235228598 
2023-05-09 14:12:59,639 INFO used_ofi_cancel_9_10: 0.006027515608753962 , std 0.07740274326107693 
2023-05-09 14:12:59,639 INFO used_ofi_cancel_10_10: 0.009448130716721835 , std 0.09674121946038086 
2023-05-09 14:12:59,639 INFO used_ofi_trade_1_10: 0.00010548152315319434 , std 0.010269878129825475 
2023-05-09 14:12:59,639 INFO used_ofi_trade_2_10: 0.0006730725763108591 , std 0.025934909863307355 
2023-05-09 14:12:59,639 INFO used_ofi_trade_3_10: 0.0015972916363197998 , std 0.039934199575656235 
2023-05-09 14:12:59,639 INFO used_ofi_trade_4_10: 0.0014767413241447206 , std 0.038400007281331125 
2023-05-09 14:12:59,639 INFO used_ofi_trade_5_10: 0.0012858699965341786 , std 0.03583596705666238 
2023-05-09 14:12:59,639 INFO used_ofi_trade_6_10: 0.0008790126929432861 , std 0.029635114807081996 
2023-05-09 14:12:59,640 INFO used_ofi_trade_7_10: 0.0006228432795712428 , std 0.02494905500856366 
2023-05-09 14:12:59,640 INFO used_ofi_trade_8_10: 0.0002913299210897748 , std 0.01706590308090529 
2023-05-09 14:12:59,640 INFO used_ofi_trade_9_10: 0.0003616509365252377 , std 0.019013683102580316 
2023-05-09 14:12:59,640 INFO used_ofi_trade_10_10: 0.0006730725763108591 , std 0.025934909863307355 
2023-05-09 14:12:59,640 INFO used_ofi_add_1_20: 0.026104165515578617 , std 0.15944509418076774 
2023-05-09 14:12:59,640 INFO used_ofi_add_2_20: 0.023547494311532143 , std 0.15163446119922905 
2023-05-09 14:12:59,640 INFO used_ofi_add_3_20: 0.023768503217186456 , std 0.1523271527732369 
2023-05-09 14:12:59,640 INFO used_ofi_add_4_20: 0.02825900234570816 , std 0.16571189194542865 
2023-05-09 14:12:59,640 INFO used_ofi_add_5_20: 0.030212921988879232 , std 0.17117272368509284 
2023-05-09 14:12:59,640 INFO used_ofi_add_6_20: 0.026500976959821586 , std 0.16061966000461028 
2023-05-09 14:12:59,640 INFO used_ofi_add_7_20: 0.02257806888445755 , std 0.14855402953103033 
2023-05-09 14:12:59,640 INFO used_ofi_add_8_20: 0.02071456197541778 , std 0.14242706518630635 
2023-05-09 14:12:59,640 INFO used_ofi_add_9_20: 0.025340680205136447 , std 0.1571576601119953 
2023-05-09 14:12:59,640 INFO used_ofi_add_10_20: 0.04323235570378779 , std 0.2033797411840446 
2023-05-09 14:12:59,640 INFO used_ofi_cancel_1_20: 0.00497772330689598 , std 0.07037716659241096 
2023-05-09 14:12:59,640 INFO used_ofi_cancel_2_20: 0.012798424809254246 , std 0.11240384838454649 
2023-05-09 14:12:59,640 INFO used_ofi_cancel_3_20: 0.012029916569138115 , std 0.10901925369620587 
2023-05-09 14:12:59,640 INFO used_ofi_cancel_4_20: 0.009930331965422153 , std 0.0991550325121154 
2023-05-09 14:12:59,640 INFO used_ofi_cancel_5_20: 0.009202007162697715 , std 0.09548471200603464 
2023-05-09 14:12:59,640 INFO used_ofi_cancel_6_20: 0.007875953728771843 , std 0.08839639744714764 
2023-05-09 14:12:59,640 INFO used_ofi_cancel_7_20: 0.006705611114738783 , std 0.08161278021435536 
2023-05-09 14:12:59,640 INFO used_ofi_cancel_8_20: 0.006343960178213545 , std 0.07939593407392338 
2023-05-09 14:12:59,640 INFO used_ofi_cancel_9_20: 0.007725265838552995 , std 0.08755333292500452 
2023-05-09 14:12:59,640 INFO used_ofi_cancel_10_20: 0.013381084651433795 , std 0.11490009236282168 
2023-05-09 14:12:59,640 INFO used_ofi_trade_1_20: 0.0001305961715230025 , std 0.011427121954498696 
2023-05-09 14:12:59,640 INFO used_ofi_trade_2_20: 0.0009644024974006339 , std 0.03103985221008053 
2023-05-09 14:12:59,640 INFO used_ofi_trade_3_20: 0.0020995846037159633 , std 0.04577309633625196 
2023-05-09 14:12:59,640 INFO used_ofi_trade_4_20: 0.0016073374956677231 , std 0.040059380447564887 
2023-05-09 14:12:59,640 INFO used_ofi_trade_5_20: 0.0015018559725145288 , std 0.038724674319513014 
2023-05-09 14:12:59,640 INFO used_ofi_trade_6_20: 0.001029700583162135 , std 0.03207242273154884 
2023-05-09 14:12:59,640 INFO used_ofi_trade_7_20: 0.0006730725763108591 , std 0.025934909863307355 
2023-05-09 14:12:59,640 INFO used_ofi_trade_8_20: 0.00043699488163466226 , std 0.020899854475763393 
2023-05-09 14:12:59,640 INFO used_ofi_trade_9_20: 0.0005826598421795496 , std 0.024131314711135422 
2023-05-09 14:12:59,640 INFO used_ofi_trade_10_20: 0.0007283248027244371 , std 0.026977663829660527 
2023-05-09 14:12:59,640 INFO used_ofi_add_1_30: 0.03204126839020127 , std 0.1761096973768008 
2023-05-09 14:12:59,640 INFO used_ofi_add_2_30: 0.025973569344055612 , std 0.15905641464456927 
2023-05-09 14:12:59,640 INFO used_ofi_add_3_30: 0.02750556289461391 , std 0.1635512363281438 
2023-05-09 14:12:59,640 INFO used_ofi_add_4_30: 0.03479885678120621 , std 0.18327000940668747 
2023-05-09 14:12:59,640 INFO used_ofi_add_5_30: 0.03228236901455143 , std 0.17674902451034846 
2023-05-09 14:12:59,640 INFO used_ofi_add_6_30: 0.03266411166977251 , std 0.17775592107886912 
2023-05-09 14:12:59,640 INFO used_ofi_add_7_30: 0.027455333597874297 , std 0.16340605329945318 
2023-05-09 14:12:59,640 INFO used_ofi_add_8_30: 0.02451691973860674 , std 0.1546474713182775 
2023-05-09 14:12:59,640 INFO used_ofi_add_9_30: 0.030654939800187856 , std 0.17238101538752668 
2023-05-09 14:12:59,640 INFO used_ofi_add_10_30: 0.05451385575150562 , std 0.227028842402479 
2023-05-09 14:12:59,640 INFO used_ofi_cancel_1_30: 0.0069215970907191325 , std 0.08290771124830838 
2023-05-09 14:12:59,640 INFO used_ofi_cancel_2_30: 0.014219913906985389 , std 0.1183964017842743 
2023-05-09 14:12:59,640 INFO used_ofi_cancel_3_30: 0.014978376287753595 , std 0.12146614561899974 
2023-05-09 14:12:59,640 INFO used_ofi_cancel_4_30: 0.012336315279249775 , std 0.11038174941801171 
2023-05-09 14:12:59,640 INFO used_ofi_cancel_5_30: 0.010819390517713362 , std 0.10345207250963401 
2023-05-09 14:12:59,640 INFO used_ofi_cancel_6_30: 0.009824850442268957 , std 0.0986322602197476 
2023-05-09 14:12:59,640 INFO used_ofi_cancel_7_30: 0.008046733337686539 , std 0.08934194658881515 
2023-05-09 14:12:59,640 INFO used_ofi_cancel_8_30: 0.007770472205618649 , std 0.0878071293649915 
2023-05-09 14:12:59,640 INFO used_ofi_cancel_9_30: 0.009578726888244838 , std 0.09740110307098815 
2023-05-09 14:12:59,641 INFO used_ofi_cancel_10_30: 0.016545530346029624 , std 0.12756087084838452 
2023-05-09 14:12:59,641 INFO used_ofi_trade_1_30: 0.00034155921782939115 , std 0.018478164279227167 
2023-05-09 14:12:59,641 INFO used_ofi_trade_2_30: 0.0013310763635998332 , std 0.03645962971992583 
2023-05-09 14:12:59,641 INFO used_ofi_trade_3_30: 0.002295478861000467 , std 0.0478561347979459 
2023-05-09 14:12:59,641 INFO used_ofi_trade_4_30: 0.0019991260102367307 , std 0.04466687257276834 
2023-05-09 14:12:59,641 INFO used_ofi_trade_5_30: 0.0021096304630638866 , std 0.045882239727079575 
2023-05-09 14:12:59,641 INFO used_ofi_trade_6_30: 0.0014214890977311426 , std 0.03767583398514457 
2023-05-09 14:12:59,641 INFO used_ofi_trade_7_30: 0.0012205719107726773 , std 0.03491535643500308 
2023-05-09 14:12:59,641 INFO used_ofi_trade_8_30: 0.0008790126929432861 , std 0.029635114807081996 
2023-05-09 14:12:59,641 INFO used_ofi_trade_9_30: 0.0005022929673961635 , std 0.022406264060995707 
2023-05-09 14:12:59,641 INFO used_ofi_trade_10_30: 0.001004585934792327 , std 0.03167927937772487 
2023-05-09 14:13:00,294 INFO Grouping by horizont:
2023-05-09 14:13:00,294 INFO 1: 0.06636796978205507
2023-05-09 14:13:00,294 INFO 2: 0.10145815648435105
2023-05-09 14:13:00,294 INFO 3: 0.13944657360852294
2023-05-09 14:13:00,294 INFO 5: 0.1960801056824404
2023-05-09 14:13:00,295 INFO 10: 0.2820123865445761
2023-05-09 14:13:00,295 INFO 20: 0.3709835398594584
2023-05-09 14:13:00,295 INFO 30: 0.4465535168042113
2023-05-09 14:13:00,295 INFO Grouping by ofi type:
2023-05-09 14:13:00,295 INFO add: 1.152516236620171
2023-05-09 14:13:00,295 INFO cancel: 0.40225127707986963
2023-05-09 14:13:00,295 INFO trade: 0.04813473506557435
2023-05-09 14:13:00,295 INFO Grouping by ofi type and horizont:
2023-05-09 14:13:00,295 INFO add_1: 0.045336963237177716
2023-05-09 14:13:00,295 INFO cancel_1: 0.01827341815387243
2023-05-09 14:13:00,295 INFO trade_1: 0.0027575883910049377
2023-05-09 14:13:00,295 INFO add_2: 0.070175350474918
2023-05-09 14:13:00,295 INFO cancel_2: 0.02776173230798596
2023-05-09 14:13:00,295 INFO trade_2: 0.0035210737014471057
2023-05-09 14:13:00,295 INFO add_3: 0.09778639489268512
2023-05-09 14:13:00,295 INFO cancel_3: 0.03674775349470333
2023-05-09 14:13:00,295 INFO trade_3: 0.004912425221134479
2023-05-09 14:13:00,295 INFO add_5: 0.14041097610592354
2023-05-09 14:13:00,295 INFO cancel_5: 0.04955120123363153
2023-05-09 14:13:00,295 INFO trade_5: 0.00611792834288527
2023-05-09 14:13:00,295 INFO add_10: 0.2061410338193855
2023-05-09 14:13:00,295 INFO cancel_10: 0.06790498626228735
2023-05-09 14:13:00,295 INFO trade_10: 0.007966366462903152
2023-05-09 14:13:00,295 INFO add_20: 0.27025873110750576
2023-05-09 14:13:00,295 INFO cancel_20: 0.09097027932511918
2023-05-09 14:13:00,295 INFO trade_20: 0.009754529426833494
2023-05-09 14:13:00,295 INFO add_30: 0.32240678698257547
2023-05-09 14:13:00,295 INFO cancel_30: 0.11104190630226987
2023-05-09 14:13:00,295 INFO trade_30: 0.013104823519365906
2023-05-09 14:13:00,295 INFO Grouping by level:
2023-05-09 14:13:00,295 INFO 1: 0.14296764730997003
2023-05-09 14:13:00,295 INFO 2: 0.15744875356000138
2023-05-09 14:13:00,296 INFO 3: 0.16439044236941636
2023-05-09 14:13:00,296 INFO 4: 0.18000170779608912
2023-05-09 14:13:00,296 INFO 5: 0.1751143972233245
2023-05-09 14:13:00,296 INFO 6: 0.15663503895281963
2023-05-09 14:13:00,296 INFO 7: 0.12950619578375283
2023-05-09 14:13:00,296 INFO 8: 0.11700914675493629
2023-05-09 14:13:00,296 INFO 9: 0.14365578867530276
2023-05-09 14:13:00,296 INFO 10: 0.23617313034000212
2023-05-09 14:13:00,296 INFO Grouping by level and horizont:
2023-05-09 14:13:00,296 INFO 1_1: 0.005856735999839266
2023-05-09 14:13:00,296 INFO 2_1: 0.006785977989522168
2023-05-09 14:13:00,296 INFO 3_1: 0.007423890058115296
2023-05-09 14:13:00,296 INFO 4_1: 0.008232581735623119
2023-05-09 14:13:00,296 INFO 5_1: 0.007233018730504755
2023-05-09 14:13:00,296 INFO 6_1: 0.006399212404627123
2023-05-09 14:13:00,296 INFO 7_1: 0.005555360219401569
2023-05-09 14:13:00,296 INFO 8_1: 0.0052941678763555634
2023-05-09 14:13:00,296 INFO 9_1: 0.005736185687664187
2023-05-09 14:13:00,296 INFO 10_1: 0.007850839080402036
2023-05-09 14:13:00,296 INFO 1_2: 0.009352695052916565
2023-05-09 14:13:00,296 INFO 2_2: 0.009930331965422153
2023-05-09 14:13:00,296 INFO 3_2: 0.010065951066619117
2023-05-09 14:13:00,296 INFO 4_2: 0.012085168795551694
2023-05-09 14:13:00,296 INFO 5_2: 0.012768287231210474
2023-05-09 14:13:00,296 INFO 6_2: 0.010111157433684771
2023-05-09 14:13:00,296 INFO 7_2: 0.007745357557248841
2023-05-09 14:13:00,296 INFO 8_2: 0.007454027636159066
2023-05-09 14:13:00,296 INFO 9_2: 0.009026204624109057
2023-05-09 14:13:00,296 INFO 10_2: 0.012918975121429326
2023-05-09 14:13:00,296 INFO 1_3: 0.013190213323823254
2023-05-09 14:13:00,296 INFO 2_3: 0.014576541913836664
2023-05-09 14:13:00,296 INFO 3_3: 0.015219476912103753
2023-05-09 14:13:00,296 INFO 4_3: 0.016721332884618283
2023-05-09 14:13:00,296 INFO 5_3: 0.015977939292871963
2023-05-09 14:13:00,296 INFO 6_3: 0.014024019649700884
2023-05-09 14:13:00,296 INFO 7_3: 0.011040399423367674
2023-05-09 14:13:00,296 INFO 8_3: 0.010096088644662885
2023-05-09 14:13:00,296 INFO 9_3: 0.011813930593157764
2023-05-09 14:13:00,296 INFO 10_3: 0.016786630970379784
2023-05-09 14:13:00,296 INFO 1_5: 0.01868027545746332
2023-05-09 14:13:00,296 INFO 2_5: 0.019021834675292712
2023-05-09 14:13:00,296 INFO 3_5: 0.019956099594649574
2023-05-09 14:13:00,296 INFO 4_5: 0.022442449783260585
2023-05-09 14:13:00,297 INFO 5_5: 0.02243240392391266
2023-05-09 14:13:00,297 INFO 6_5: 0.019092155690728176
2023-05-09 14:13:00,297 INFO 7_5: 0.015807159683957264
2023-05-09 14:13:00,297 INFO 8_5: 0.013823102462742418
2023-05-09 14:13:00,297 INFO 9_5: 0.017720895889736646
2023-05-09 14:13:00,297 INFO 10_5: 0.027103728520696983
2023-05-09 14:13:00,297 INFO 1_10: 0.02537081778318022
2023-05-09 14:13:00,297 INFO 2_10: 0.02829918578309985
2023-05-09 14:13:00,297 INFO 3_10: 0.029047602304520134
2023-05-09 14:13:00,297 INFO 4_10: 0.031589204719544725
2023-05-09 14:13:00,297 INFO 5_10: 0.030574572925404473
2023-05-09 14:13:00,297 INFO 6_10: 0.02769141129255049
2023-05-09 14:13:00,297 INFO 7_10: 0.02267852747793678
2023-05-09 14:13:00,297 INFO 8_10: 0.019679838462581683
2023-05-09 14:13:00,297 INFO 9_10: 0.024974006338937246
2023-05-09 14:13:00,297 INFO 10_10: 0.04210721945682038
2023-05-09 14:13:00,297 INFO 1_20: 0.031212484993997598
2023-05-09 14:13:00,297 INFO 2_20: 0.037310321618187016
2023-05-09 14:13:00,297 INFO 3_20: 0.037898004390040534
2023-05-09 14:13:00,297 INFO 4_20: 0.03979667180679803
2023-05-09 14:13:00,297 INFO 5_20: 0.04091678512409148
2023-05-09 14:13:00,297 INFO 6_20: 0.03540663127175557
2023-05-09 14:13:00,297 INFO 7_20: 0.02995675257550719
2023-05-09 14:13:00,297 INFO 8_20: 0.027495517035265985
2023-05-09 14:13:00,297 INFO 9_20: 0.03364860588586899
2023-05-09 14:13:00,297 INFO 10_20: 0.05734176515794603
2023-05-09 14:13:00,297 INFO 1_30: 0.0393044246987498
2023-05-09 14:13:00,297 INFO 2_30: 0.041524559614640834
2023-05-09 14:13:00,297 INFO 3_30: 0.04477941804336798
2023-05-09 14:13:00,297 INFO 4_30: 0.049134298070692715
2023-05-09 14:13:00,297 INFO 5_30: 0.04521138999532868
2023-05-09 14:13:00,297 INFO 6_30: 0.043910451209772605
2023-05-09 14:13:00,297 INFO 7_30: 0.03672263884633351
2023-05-09 14:13:00,297 INFO 8_30: 0.033166404637168675
2023-05-09 14:13:00,297 INFO 9_30: 0.04073595965582886
2023-05-09 14:13:00,297 INFO 10_30: 0.07206397203232758
2023-05-09 14:13:00,322 INFO Non empty regressions: 0.4769070808239614 --- 94946 / 199087
