2023-05-09 14:00:31,425 INFO Starting...
2023-05-09 14:00:31,425 INFO Tickers: ['MCD']
2023-05-09 14:02:03,440 INFO in_r2: 0.0981490535184134 , std 0.1705740587823607 
2023-05-09 14:02:03,440 INFO os_r2: -0.11343157802847768 , std 0.04915115539401899 
2023-05-09 14:02:03,440 INFO intercept: 5.395765569857816e-07 , std 0.00024665602491321916 
2023-05-09 14:02:03,440 INFO ofi_add_1_1: -4.552939811584334e-08 , std 2.088737113711987e-06 
2023-05-09 14:02:03,440 INFO ofi_add_2_1: -7.564837502691347e-08 , std 2.633855423522211e-06 
2023-05-09 14:02:03,440 INFO ofi_add_3_1: -7.622783345008237e-08 , std 2.805079352983595e-06 
2023-05-09 14:02:03,440 INFO ofi_add_4_1: -1.0380604310202669e-07 , std 3.0245792001873706e-06 
2023-05-09 14:02:03,440 INFO ofi_add_5_1: -1.45363254372336e-07 , std 3.2207219644035942e-06 
2023-05-09 14:02:03,440 INFO ofi_add_6_1: -1.0268507264634312e-07 , std 2.668435858438717e-06 
2023-05-09 14:02:03,440 INFO ofi_add_7_1: -1.250700494538793e-07 , std 3.0995396912420755e-06 
2023-05-09 14:02:03,440 INFO ofi_add_8_1: -9.98480352354029e-08 , std 3.0403274343898885e-06 
2023-05-09 14:02:03,440 INFO ofi_add_9_1: -1.0260988242979712e-07 , std 2.8335655556226124e-06 
2023-05-09 14:02:03,440 INFO ofi_add_10_1: -8.074692059662689e-08 , std 2.970894160060952e-06 
2023-05-09 14:02:03,440 INFO ofi_cancel_1_1: -2.7357733170218957e-09 , std 9.426238577524251e-07 
2023-05-09 14:02:03,440 INFO ofi_cancel_2_1: -3.624825882834664e-08 , std 1.9868839109738938e-06 
2023-05-09 14:02:03,440 INFO ofi_cancel_3_1: -5.693474578465443e-08 , std 2.4609082627652546e-06 
2023-05-09 14:02:03,440 INFO ofi_cancel_4_1: -5.890183403864808e-08 , std 2.511538719729753e-06 
2023-05-09 14:02:03,440 INFO ofi_cancel_5_1: -6.747671543975774e-08 , std 2.3404971890667417e-06 
2023-05-09 14:02:03,440 INFO ofi_cancel_6_1: -6.035347322313851e-08 , std 2.5254801550998575e-06 
2023-05-09 14:02:03,440 INFO ofi_cancel_7_1: -4.359593768160352e-08 , std 2.129504293255295e-06 
2023-05-09 14:02:03,440 INFO ofi_cancel_8_1: -3.404406421472967e-08 , std 2.194915206913552e-06 
2023-05-09 14:02:03,440 INFO ofi_cancel_9_1: -1.8844090005386165e-08 , std 1.82516768866659e-06 
2023-05-09 14:02:03,440 INFO ofi_cancel_10_1: -3.38524140018424e-08 , std 2.2874400120366784e-06 
2023-05-09 14:02:03,440 INFO ofi_trade_1_1: -7.244221306352284e-10 , std 2.2941072456557403e-07 
2023-05-09 14:02:03,440 INFO ofi_trade_2_1: -2.1119761680003976e-10 , std 4.723087454722758e-07 
2023-05-09 14:02:03,440 INFO ofi_trade_3_1: -4.72010363282647e-09 , std 7.460382965825513e-07 
2023-05-09 14:02:03,440 INFO ofi_trade_4_1: -1.506222490767912e-08 , std 1.171312337299085e-06 
2023-05-09 14:02:03,441 INFO ofi_trade_5_1: -2.196222367677806e-08 , std 1.589861324753195e-06 
2023-05-09 14:02:03,441 INFO ofi_trade_6_1: -1.6442090489154276e-08 , std 1.6403516055711093e-06 
2023-05-09 14:02:03,441 INFO ofi_trade_7_1: -1.7412121996061535e-08 , std 1.5117375154221497e-06 
2023-05-09 14:02:03,441 INFO ofi_trade_8_1: -1.3439588865983732e-08 , std 1.2833615389103579e-06 
2023-05-09 14:02:03,441 INFO ofi_trade_9_1: -9.513473470551756e-09 , std 1.0351847828965665e-06 
2023-05-09 14:02:03,441 INFO ofi_trade_10_1: -7.421452249990693e-09 , std 9.178321961108961e-07 
2023-05-09 14:02:03,441 INFO ofi_add_1_2: -6.387194339562589e-08 , std 2.2915680271366734e-06 
2023-05-09 14:02:03,441 INFO ofi_add_2_2: -1.0725758325845266e-07 , std 3.0478045254006183e-06 
2023-05-09 14:02:03,441 INFO ofi_add_3_2: -9.964048931325523e-08 , std 2.664298409487076e-06 
2023-05-09 14:02:03,441 INFO ofi_add_4_2: -1.3681672457820283e-07 , std 3.0059245699405885e-06 
2023-05-09 14:02:03,441 INFO ofi_add_5_2: -1.318167345878941e-07 , std 2.9978724472916117e-06 
2023-05-09 14:02:03,441 INFO ofi_add_6_2: -1.5844042697252958e-07 , std 3.163489868671315e-06 
2023-05-09 14:02:03,441 INFO ofi_add_7_2: -1.3618843664917438e-07 , std 2.922022199546523e-06 
2023-05-09 14:02:03,441 INFO ofi_add_8_2: -1.0574632105646921e-07 , std 2.588821970343494e-06 
2023-05-09 14:02:03,441 INFO ofi_add_9_2: -9.723341316141369e-08 , std 2.6071512779519617e-06 
2023-05-09 14:02:03,441 INFO ofi_add_10_2: -1.0937615984535342e-07 , std 3.0015670782186675e-06 
2023-05-09 14:02:03,441 INFO ofi_cancel_1_2: -9.661618197075928e-09 , std 1.0179670651984241e-06 
2023-05-09 14:02:03,441 INFO ofi_cancel_2_2: -4.6599290008589595e-08 , std 2.1142655216051504e-06 
2023-05-09 14:02:03,441 INFO ofi_cancel_3_2: -7.489697445844556e-08 , std 2.422311812640438e-06 
2023-05-09 14:02:03,441 INFO ofi_cancel_4_2: -7.656724932386137e-08 , std 2.478311666277746e-06 
2023-05-09 14:02:03,441 INFO ofi_cancel_5_2: -8.67902584353343e-08 , std 2.7456434157156074e-06 
2023-05-09 14:02:03,441 INFO ofi_cancel_6_2: -9.901117945668974e-08 , std 2.8333649904067873e-06 
2023-05-09 14:02:03,441 INFO ofi_cancel_7_2: -7.742071706509708e-08 , std 2.4786268980879413e-06 
2023-05-09 14:02:03,441 INFO ofi_cancel_8_2: -7.339472104538376e-08 , std 2.2112057533440776e-06 
2023-05-09 14:02:03,441 INFO ofi_cancel_9_2: -4.3929027050326894e-08 , std 2.21298518645304e-06 
2023-05-09 14:02:03,441 INFO ofi_cancel_10_2: -4.84254340723909e-08 , std 1.8800513289822817e-06 
2023-05-09 14:02:03,441 INFO ofi_trade_1_2: -5.29060845588208e-10 , std 1.6959894971237213e-07 
2023-05-09 14:02:03,441 INFO ofi_trade_2_2: -4.172959349004208e-09 , std 6.956328918861243e-07 
2023-05-09 14:02:03,441 INFO ofi_trade_3_2: -3.5521456991407362e-09 , std 6.403573352663298e-07 
2023-05-09 14:02:03,441 INFO ofi_trade_4_2: -1.938277623400001e-08 , std 1.3590240190395465e-06 
2023-05-09 14:02:03,441 INFO ofi_trade_5_2: -1.973477318183587e-08 , std 1.257766306379127e-06 
2023-05-09 14:02:03,441 INFO ofi_trade_6_2: -3.190709921254018e-08 , std 1.6639685556085064e-06 
2023-05-09 14:02:03,441 INFO ofi_trade_7_2: -2.296257540819576e-08 , std 1.7145471271583403e-06 
2023-05-09 14:02:03,441 INFO ofi_trade_8_2: -1.3169168293343019e-08 , std 1.2587522706860348e-06 
2023-05-09 14:02:03,441 INFO ofi_trade_9_2: -6.781190981504563e-09 , std 7.924358509958762e-07 
2023-05-09 14:02:03,441 INFO ofi_trade_10_2: -2.4111865860565456e-09 , std 5.04718194156283e-07 
2023-05-09 14:02:03,441 INFO ofi_add_1_3: -7.057562552525559e-08 , std 2.3301934519697153e-06 
2023-05-09 14:02:03,441 INFO ofi_add_2_3: -1.0507466807584533e-07 , std 2.7885535709604517e-06 
2023-05-09 14:02:03,441 INFO ofi_add_3_3: -1.1365283788083158e-07 , std 2.8973936961542074e-06 
2023-05-09 14:02:03,441 INFO ofi_add_4_3: -1.885119623034725e-07 , std 3.2976842688481187e-06 
2023-05-09 14:02:03,441 INFO ofi_add_5_3: -1.894092573657486e-07 , std 3.322557437047754e-06 
2023-05-09 14:02:03,441 INFO ofi_add_6_3: -1.8099916516691958e-07 , std 3.0288064939036646e-06 
2023-05-09 14:02:03,441 INFO ofi_add_7_3: -1.8402596141583807e-07 , std 3.0944458151385803e-06 
2023-05-09 14:02:03,441 INFO ofi_add_8_3: -1.3965132356124257e-07 , std 2.9634516358066956e-06 
2023-05-09 14:02:03,441 INFO ofi_add_9_3: -1.8149271317952671e-07 , std 3.209225320309664e-06 
2023-05-09 14:02:03,441 INFO ofi_add_10_3: -1.5260336337897842e-07 , std 3.247564409827403e-06 
2023-05-09 14:02:03,441 INFO ofi_cancel_1_3: -1.8868223820272717e-08 , std 1.466361104301582e-06 
2023-05-09 14:02:03,441 INFO ofi_cancel_2_3: -7.052980127513106e-08 , std 2.3894245904993416e-06 
2023-05-09 14:02:03,441 INFO ofi_cancel_3_3: -7.423140496154563e-08 , std 2.5355968826405456e-06 
2023-05-09 14:02:03,441 INFO ofi_cancel_4_3: -9.348689209984103e-08 , std 2.5820504647374257e-06 
2023-05-09 14:02:03,441 INFO ofi_cancel_5_3: -1.087660616540751e-07 , std 2.6540131550745456e-06 
2023-05-09 14:02:03,441 INFO ofi_cancel_6_3: -9.380531128215913e-08 , std 2.6190880285506284e-06 
2023-05-09 14:02:03,442 INFO ofi_cancel_7_3: -8.5040729951606e-08 , std 2.362871437806169e-06 
2023-05-09 14:02:03,442 INFO ofi_cancel_8_3: -7.652782137336684e-08 , std 2.4097223005059866e-06 
2023-05-09 14:02:03,442 INFO ofi_cancel_9_3: -5.0857206135399265e-08 , std 1.994751129589515e-06 
2023-05-09 14:02:03,442 INFO ofi_cancel_10_3: -5.0279261031947367e-08 , std 2.0010701703639275e-06 
2023-05-09 14:02:03,442 INFO ofi_trade_1_3: -2.3111031649830934e-10 , std 6.550660606922567e-08 
2023-05-09 14:02:03,442 INFO ofi_trade_2_3: -5.886466087937573e-10 , std 3.232617274236772e-07 
2023-05-09 14:02:03,442 INFO ofi_trade_3_3: -8.73542549998856e-09 , std 9.602755127099708e-07 
2023-05-09 14:02:03,442 INFO ofi_trade_4_3: -1.8068794817359853e-08 , std 1.6176454330687189e-06 
2023-05-09 14:02:03,442 INFO ofi_trade_5_3: -2.57849493474261e-08 , std 1.5600588242929377e-06 
2023-05-09 14:02:03,442 INFO ofi_trade_6_3: -2.9006361798170668e-08 , std 1.6097979408337737e-06 
2023-05-09 14:02:03,442 INFO ofi_trade_7_3: -1.511655301476731e-08 , std 1.0105917712896908e-06 
2023-05-09 14:02:03,442 INFO ofi_trade_8_3: -1.1911899129139813e-08 , std 1.1633618176195873e-06 
2023-05-09 14:02:03,442 INFO ofi_trade_9_3: -1.0758200390686609e-08 , std 1.1693366342433842e-06 
2023-05-09 14:02:03,442 INFO ofi_trade_10_3: -4.249846142191791e-09 , std 7.149504145505148e-07 
2023-05-09 14:02:03,442 INFO ofi_add_1_5: -7.564140486130313e-08 , std 2.287213927361605e-06 
2023-05-09 14:02:03,442 INFO ofi_add_2_5: -1.2980781199887122e-07 , std 2.786074930697045e-06 
2023-05-09 14:02:03,442 INFO ofi_add_3_5: -1.3979745367559286e-07 , std 2.6743075736324463e-06 
2023-05-09 14:02:03,442 INFO ofi_add_4_5: -1.971369596054258e-07 , std 3.0551437351146676e-06 
2023-05-09 14:02:03,442 INFO ofi_add_5_5: -2.4148849891156667e-07 , std 3.3577545968975774e-06 
2023-05-09 14:02:03,442 INFO ofi_add_6_5: -2.1561694691225875e-07 , std 2.8904209075644048e-06 
2023-05-09 14:02:03,442 INFO ofi_add_7_5: -2.1123251498314014e-07 , std 2.9581996061458412e-06 
2023-05-09 14:02:03,442 INFO ofi_add_8_5: -1.8689004041233192e-07 , std 3.130473654629634e-06 
2023-05-09 14:02:03,442 INFO ofi_add_9_5: -1.782210616105313e-07 , std 2.865331886326784e-06 
2023-05-09 14:02:03,442 INFO ofi_add_10_5: -2.0956300121954256e-07 , std 3.2091465091366895e-06 
2023-05-09 14:02:03,442 INFO ofi_cancel_1_5: -1.286707614374806e-08 , std 9.230172240500414e-07 
2023-05-09 14:02:03,442 INFO ofi_cancel_2_5: -7.185267471997598e-08 , std 2.168390432550919e-06 
2023-05-09 14:02:03,442 INFO ofi_cancel_3_5: -9.510449416076157e-08 , std 2.516084894862483e-06 
2023-05-09 14:02:03,442 INFO ofi_cancel_4_5: -9.547579945133885e-08 , std 2.351472318221143e-06 
2023-05-09 14:02:03,442 INFO ofi_cancel_5_5: -1.2699543377810767e-07 , std 2.7952745898768678e-06 
2023-05-09 14:02:03,442 INFO ofi_cancel_6_5: -1.3833205829868515e-07 , std 2.942394572074439e-06 
2023-05-09 14:02:03,442 INFO ofi_cancel_7_5: -1.1547658010987486e-07 , std 2.704558034869621e-06 
2023-05-09 14:02:03,442 INFO ofi_cancel_8_5: -7.835835781697797e-08 , std 2.4470929400117768e-06 
2023-05-09 14:02:03,442 INFO ofi_cancel_9_5: -6.268359881315109e-08 , std 2.2283432626573182e-06 
2023-05-09 14:02:03,442 INFO ofi_cancel_10_5: -5.7229797822960564e-08 , std 2.1857917819374754e-06 
2023-05-09 14:02:03,442 INFO ofi_trade_1_5: -5.772629207185624e-10 , std 1.9352462985891583e-07 
2023-05-09 14:02:03,442 INFO ofi_trade_2_5: -2.324517696626312e-09 , std 4.791429494065457e-07 
2023-05-09 14:02:03,442 INFO ofi_trade_3_5: -9.542773899678219e-09 , std 1.3285920818676896e-06 
2023-05-09 14:02:03,442 INFO ofi_trade_4_5: -1.821566342204597e-08 , std 1.227820911629036e-06 
2023-05-09 14:02:03,442 INFO ofi_trade_5_5: -2.1536942435634803e-08 , std 1.2850928524504435e-06 
2023-05-09 14:02:03,442 INFO ofi_trade_6_5: -3.280426192686298e-08 , std 1.6363446528323355e-06 
2023-05-09 14:02:03,442 INFO ofi_trade_7_5: -2.168500649525612e-08 , std 1.357147698125437e-06 
2023-05-09 14:02:03,442 INFO ofi_trade_8_5: -1.5682561587824412e-08 , std 1.1864482698308265e-06 
2023-05-09 14:02:03,442 INFO ofi_trade_9_5: -1.2194248990896394e-08 , std 1.171954652332617e-06 
2023-05-09 14:02:03,442 INFO ofi_trade_10_5: -4.699998527355056e-09 , std 6.12174375214522e-07 
2023-05-09 14:02:03,442 INFO ofi_add_1_10: -9.327543344993293e-08 , std 2.5423601258699135e-06 
2023-05-09 14:02:03,442 INFO ofi_add_2_10: -1.467099012146375e-07 , std 2.7943977719479687e-06 
2023-05-09 14:02:03,442 INFO ofi_add_3_10: -1.7191024959905205e-07 , std 2.9297251144433137e-06 
2023-05-09 14:02:03,442 INFO ofi_add_4_10: -2.1365170478054965e-07 , std 3.094070879845752e-06 
2023-05-09 14:02:03,442 INFO ofi_add_5_10: -2.6307441623205396e-07 , std 3.2358610386157812e-06 
2023-05-09 14:02:03,442 INFO ofi_add_6_10: -2.723694976339262e-07 , std 3.3488837391138444e-06 
2023-05-09 14:02:03,442 INFO ofi_add_7_10: -2.3319622989087342e-07 , std 3.1767416867303925e-06 
2023-05-09 14:02:03,442 INFO ofi_add_8_10: -2.233055426642317e-07 , std 3.3775020389784165e-06 
2023-05-09 14:02:03,442 INFO ofi_add_9_10: -1.999565995496434e-07 , std 3.082418491900799e-06 
2023-05-09 14:02:03,443 INFO ofi_add_10_10: -2.2382608878509026e-07 , std 3.208264916564451e-06 
2023-05-09 14:02:03,443 INFO ofi_cancel_1_10: -1.5835949902714826e-08 , std 1.4028662988051612e-06 
2023-05-09 14:02:03,443 INFO ofi_cancel_2_10: -7.314117187419833e-08 , std 2.277304945677223e-06 
2023-05-09 14:02:03,443 INFO ofi_cancel_3_10: -1.0350372432898407e-07 , std 2.2218372879876424e-06 
2023-05-09 14:02:03,443 INFO ofi_cancel_4_10: -1.275190007241473e-07 , std 2.67276339105438e-06 
2023-05-09 14:02:03,443 INFO ofi_cancel_5_10: -1.5081987468196456e-07 , std 2.88675461484562e-06 
2023-05-09 14:02:03,443 INFO ofi_cancel_6_10: -1.3740500280870332e-07 , std 2.7527771515388586e-06 
2023-05-09 14:02:03,443 INFO ofi_cancel_7_10: -1.068526721550921e-07 , std 2.6321856303506354e-06 
2023-05-09 14:02:03,443 INFO ofi_cancel_8_10: -1.0059286070910629e-07 , std 2.4682358239281312e-06 
2023-05-09 14:02:03,443 INFO ofi_cancel_9_10: -5.8506169144004547e-08 , std 2.1244024694800253e-06 
2023-05-09 14:02:03,443 INFO ofi_cancel_10_10: -5.6007168502826776e-08 , std 1.6846635670784423e-06 
2023-05-09 14:02:03,443 INFO ofi_trade_1_10: -1.4674564166202227e-09 , std 6.971791213060335e-07 
2023-05-09 14:02:03,443 INFO ofi_trade_2_10: -3.1687903754740484e-09 , std 4.0339230441082745e-07 
2023-05-09 14:02:03,443 INFO ofi_trade_3_10: -1.0823812245743096e-08 , std 1.052182608503557e-06 
2023-05-09 14:02:03,443 INFO ofi_trade_4_10: -1.6770521038707703e-08 , std 1.1470683232028353e-06 
2023-05-09 14:02:03,443 INFO ofi_trade_5_10: -3.0338630387414876e-08 , std 1.6127687333786966e-06 
2023-05-09 14:02:03,443 INFO ofi_trade_6_10: -3.742510770452201e-08 , std 1.6521445291117443e-06 
2023-05-09 14:02:03,443 INFO ofi_trade_7_10: -2.860942021304464e-08 , std 1.5654473386708588e-06 
2023-05-09 14:02:03,443 INFO ofi_trade_8_10: -8.649106453203815e-09 , std 6.130979018862601e-07 
2023-05-09 14:02:03,443 INFO ofi_trade_9_10: -1.546119859827936e-08 , std 1.3437661999191333e-06 
2023-05-09 14:02:03,443 INFO ofi_trade_10_10: -6.350315165207249e-09 , std 8.065327920866477e-07 
2023-05-09 14:02:03,443 INFO ofi_add_1_20: -9.709048221809102e-08 , std 2.3483632134065132e-06 
2023-05-09 14:02:03,443 INFO ofi_add_2_20: -1.863919619952383e-07 , std 3.01802386890747e-06 
2023-05-09 14:02:03,443 INFO ofi_add_3_20: -1.7667849802035565e-07 , std 2.7090743230182592e-06 
2023-05-09 14:02:03,443 INFO ofi_add_4_20: -2.6351264241139195e-07 , std 3.1927317409242335e-06 
2023-05-09 14:02:03,443 INFO ofi_add_5_20: -3.080863442566633e-07 , std 3.4078795858082947e-06 
2023-05-09 14:02:03,443 INFO ofi_add_6_20: -3.405827682229811e-07 , std 3.6395470601960425e-06 
2023-05-09 14:02:03,443 INFO ofi_add_7_20: -2.3367713067368067e-07 , std 3.07132304686582e-06 
2023-05-09 14:02:03,443 INFO ofi_add_8_20: -2.3049494702858013e-07 , std 2.89068249579458e-06 
2023-05-09 14:02:03,443 INFO ofi_add_9_20: -2.2531285106763867e-07 , std 2.9326721332300727e-06 
2023-05-09 14:02:03,443 INFO ofi_add_10_20: -2.694725747600106e-07 , std 3.2740564586634897e-06 
2023-05-09 14:02:03,443 INFO ofi_cancel_1_20: -2.4572250740234732e-08 , std 1.2629499290812647e-06 
2023-05-09 14:02:03,443 INFO ofi_cancel_2_20: -1.0748310289876131e-07 , std 2.405144583948687e-06 
2023-05-09 14:02:03,443 INFO ofi_cancel_3_20: -1.3470788103793427e-07 , std 2.7532732656483913e-06 
2023-05-09 14:02:03,443 INFO ofi_cancel_4_20: -1.8939766250568577e-07 , std 3.185889481333358e-06 
2023-05-09 14:02:03,443 INFO ofi_cancel_5_20: -1.6324448330851196e-07 , std 2.7348058232645395e-06 
2023-05-09 14:02:03,443 INFO ofi_cancel_6_20: -1.5050604008103434e-07 , std 2.6819655523580267e-06 
2023-05-09 14:02:03,443 INFO ofi_cancel_7_20: -1.4231592507312198e-07 , std 2.5684962132027714e-06 
2023-05-09 14:02:03,443 INFO ofi_cancel_8_20: -1.0176764206247629e-07 , std 2.152248217939294e-06 
2023-05-09 14:02:03,443 INFO ofi_cancel_9_20: -7.367308414517427e-08 , std 2.0865022724499524e-06 
2023-05-09 14:02:03,443 INFO ofi_cancel_10_20: -7.562536971476193e-08 , std 2.2533261707988304e-06 
2023-05-09 14:02:03,443 INFO ofi_trade_1_20: -1.6342539914206622e-09 , std 3.1069073477389345e-07 
2023-05-09 14:02:03,443 INFO ofi_trade_2_20: -3.566149678071292e-09 , std 5.296010744360754e-07 
2023-05-09 14:02:03,443 INFO ofi_trade_3_20: -1.0248735346227977e-08 , std 9.487246834152974e-07 
2023-05-09 14:02:03,443 INFO ofi_trade_4_20: -1.9509598089799136e-08 , std 1.1879108093424218e-06 
2023-05-09 14:02:03,443 INFO ofi_trade_5_20: -3.213553437457995e-08 , std 1.5526291759593413e-06 
2023-05-09 14:02:03,443 INFO ofi_trade_6_20: -4.116580453374415e-08 , std 1.6311264029095355e-06 
2023-05-09 14:02:03,443 INFO ofi_trade_7_20: -4.3287095466299303e-08 , std 1.9094118045769153e-06 
2023-05-09 14:02:03,443 INFO ofi_trade_8_20: -2.8034482682230266e-08 , std 1.8636435723375116e-06 
2023-05-09 14:02:03,443 INFO ofi_trade_9_20: -1.2029542478044897e-08 , std 9.532159130801224e-07 
2023-05-09 14:02:03,443 INFO ofi_trade_10_20: -4.664850351785681e-09 , std 5.64627330753188e-07 
2023-05-09 14:02:03,443 INFO ofi_add_1_30: -1.1037295137719984e-07 , std 2.395620982395545e-06 
2023-05-09 14:02:03,443 INFO ofi_add_2_30: -1.8317837537738763e-07 , std 2.7886657306838237e-06 
2023-05-09 14:02:03,443 INFO ofi_add_3_30: -2.462779393756705e-07 , std 3.2663959698210594e-06 
2023-05-09 14:02:03,444 INFO ofi_add_4_30: -3.2297001501252173e-07 , std 3.3786762270726617e-06 
2023-05-09 14:02:03,444 INFO ofi_add_5_30: -3.6521972062071625e-07 , std 3.5664689347954624e-06 
2023-05-09 14:02:03,444 INFO ofi_add_6_30: -3.4741338224879104e-07 , std 3.4962038831223144e-06 
2023-05-09 14:02:03,444 INFO ofi_add_7_30: -2.671805710882481e-07 , std 3.056273003882812e-06 
2023-05-09 14:02:03,444 INFO ofi_add_8_30: -2.5644787495326365e-07 , std 3.0018318196609433e-06 
2023-05-09 14:02:03,444 INFO ofi_add_9_30: -2.409978119164217e-07 , std 2.956736973606647e-06 
2023-05-09 14:02:03,444 INFO ofi_add_10_30: -2.8037493382124473e-07 , std 3.3939310050812816e-06 
2023-05-09 14:02:03,444 INFO ofi_cancel_1_30: -2.992271297651905e-08 , std 1.2349635336368862e-06 
2023-05-09 14:02:03,444 INFO ofi_cancel_2_30: -1.2170281389972933e-07 , std 2.458969595354365e-06 
2023-05-09 14:02:03,444 INFO ofi_cancel_3_30: -1.3708079113547116e-07 , std 2.4891845349897638e-06 
2023-05-09 14:02:03,444 INFO ofi_cancel_4_30: -1.5865950933309998e-07 , std 2.552862445199357e-06 
2023-05-09 14:02:03,444 INFO ofi_cancel_5_30: -1.4636814150140297e-07 , std 2.7080998678656956e-06 
2023-05-09 14:02:03,444 INFO ofi_cancel_6_30: -1.857376363488142e-07 , std 2.8605286121456634e-06 
2023-05-09 14:02:03,444 INFO ofi_cancel_7_30: -1.2474617632764396e-07 , std 2.5464862415389125e-06 
2023-05-09 14:02:03,444 INFO ofi_cancel_8_30: -1.2375714445472975e-07 , std 2.447577792271481e-06 
2023-05-09 14:02:03,444 INFO ofi_cancel_9_30: -7.57703300138477e-08 , std 1.99764202120575e-06 
2023-05-09 14:02:03,444 INFO ofi_cancel_10_30: -7.920730795103887e-08 , std 1.8434883779219237e-06 
2023-05-09 14:02:03,444 INFO ofi_trade_1_30: -1.3318990426687382e-09 , std 3.038274454034824e-07 
2023-05-09 14:02:03,444 INFO ofi_trade_2_30: -4.090790163419966e-09 , std 8.435281709444897e-07 
2023-05-09 14:02:03,444 INFO ofi_trade_3_30: -1.0367458008526564e-08 , std 1.0267889845165678e-06 
2023-05-09 14:02:03,444 INFO ofi_trade_4_30: -3.160594669618951e-08 , std 1.6041028622612775e-06 
2023-05-09 14:02:03,444 INFO ofi_trade_5_30: -4.711387420648702e-08 , std 1.8323957821121467e-06 
2023-05-09 14:02:03,444 INFO ofi_trade_6_30: -4.871636471298067e-08 , std 1.8686847065083034e-06 
2023-05-09 14:02:03,444 INFO ofi_trade_7_30: -5.359471962448426e-08 , std 2.111975838062916e-06 
2023-05-09 14:02:03,444 INFO ofi_trade_8_30: -2.978008243127024e-08 , std 1.6150534185878568e-06 
2023-05-09 14:02:03,444 INFO ofi_trade_9_30: -1.4437819819789087e-08 , std 1.0559048253180509e-06 
2023-05-09 14:02:03,444 INFO ofi_trade_10_30: -3.4710555892991636e-09 , std 6.652645345603118e-07 
2023-05-09 14:02:03,444 INFO used_intercept: 0.9838957671744986 , std 0.12587647322118425 
2023-05-09 14:02:03,444 INFO used_ofi_add_1_1: 0.0019646661574948747 , std 0.04428099190831737 
2023-05-09 14:02:03,444 INFO used_ofi_add_2_1: 0.002733448566949391 , std 0.05221088800127072 
2023-05-09 14:02:03,444 INFO used_ofi_add_3_1: 0.0031906982353177636 , std 0.056396078587867285 
2023-05-09 14:02:03,444 INFO used_ofi_add_4_1: 0.004411705591510231 , std 0.06627399524160338 
2023-05-09 14:02:03,444 INFO used_ofi_add_5_1: 0.005577441009768059 , std 0.0744737078541858 
2023-05-09 14:02:03,444 INFO used_ofi_add_6_1: 0.005507094906942156 , std 0.07400518098503701 
2023-05-09 14:02:03,444 INFO used_ofi_add_7_1: 0.00627085259476625 , std 0.0789400342190258 
2023-05-09 14:02:03,444 INFO used_ofi_add_8_1: 0.00525083410379065 , std 0.07227214432272726 
2023-05-09 14:02:03,444 INFO used_ofi_add_9_1: 0.005336254371507819 , std 0.072854504052875 
2023-05-09 14:02:03,444 INFO used_ofi_add_10_1: 0.005205611609116855 , std 0.07196188725215509 
2023-05-09 14:02:03,444 INFO used_ofi_cancel_1_1: 0.00033163162760783054 , std 0.018207735940291993 
2023-05-09 14:02:03,444 INFO used_ofi_cancel_2_1: 0.0012712545724966836 , std 0.03563198681393713 
2023-05-09 14:02:03,444 INFO used_ofi_cancel_3_1: 0.0015275153756481891 , std 0.03905357950848229 
2023-05-09 14:02:03,444 INFO used_ofi_cancel_4_1: 0.0020601358684728868 , std 0.0453419420479132 
2023-05-09 14:02:03,444 INFO used_ofi_cancel_5_1: 0.0024319652691240905 , std 0.049254957253599005 
2023-05-09 14:02:03,444 INFO used_ofi_cancel_6_1: 0.0026379788559713793 , std 0.05129346862444405 
2023-05-09 14:02:03,444 INFO used_ofi_cancel_7_1: 0.0021807291876030067 , std 0.04664733226898771 
2023-05-09 14:02:03,444 INFO used_ofi_cancel_8_1: 0.0016782570245608393 , std 0.040932144799904535 
2023-05-09 14:02:03,444 INFO used_ofi_cancel_9_1: 0.0014923423242352374 , std 0.038602010810611063 
2023-05-09 14:02:03,444 INFO used_ofi_cancel_10_1: 0.0015425895405394542 , std 0.03924550876277275 
2023-05-09 14:02:03,444 INFO used_ofi_trade_1_1: 1.0049443260843349e-05 , std 0.0031700697578339655 
2023-05-09 14:02:03,444 INFO used_ofi_trade_2_1: 2.5123608152108374e-05 , std 0.00501228260939283 
2023-05-09 14:02:03,444 INFO used_ofi_trade_3_1: 0.00013064276239096355 , std 0.011429159849245194 
2023-05-09 14:02:03,444 INFO used_ofi_trade_4_1: 0.00032158218434698716 , std 0.017929829035595903 
2023-05-09 14:02:03,444 INFO used_ofi_trade_5_1: 0.0003617799573903606 , std 0.019017073188395506 
2023-05-09 14:02:03,445 INFO used_ofi_trade_6_1: 0.00034168107086867387 , std 0.018481458949836292 
2023-05-09 14:02:03,445 INFO used_ofi_trade_7_1: 0.0003165574627165655 , std 0.017789245461496225 
2023-05-09 14:02:03,445 INFO used_ofi_trade_8_1: 0.0001959641435864453 , std 0.013997347664499647 
2023-05-09 14:02:03,445 INFO used_ofi_trade_9_1: 0.00018591470032560195 , std 0.013633786563160093 
2023-05-09 14:02:03,445 INFO used_ofi_trade_10_1: 0.00015074164891265023 , std 0.012276763656107964 
2023-05-09 14:02:03,445 INFO used_ofi_add_1_2: 0.0030500060296659564 , std 0.055142574231576806 
2023-05-09 14:02:03,445 INFO used_ofi_add_2_2: 0.0052458093821602285 , std 0.0722377385172478 
2023-05-09 14:02:03,445 INFO used_ofi_add_3_2: 0.004678015837922579 , std 0.0682358557192824 
2023-05-09 14:02:03,445 INFO used_ofi_add_4_2: 0.00648189090324396 , std 0.08024883795770757 
2023-05-09 14:02:03,445 INFO used_ofi_add_5_2: 0.00855207621497769 , std 0.09208115011983128 
2023-05-09 14:02:03,445 INFO used_ofi_add_6_2: 0.008592273988021063 , std 0.09229543225824255 
2023-05-09 14:02:03,445 INFO used_ofi_add_7_2: 0.008346062628130401 , std 0.09097475400756919 
2023-05-09 14:02:03,445 INFO used_ofi_add_8_2: 0.008114925433131005 , std 0.08971662843835433 
2023-05-09 14:02:03,445 INFO used_ofi_add_9_2: 0.007667725208023475 , std 0.08722918776509224 
2023-05-09 14:02:03,445 INFO used_ofi_add_10_2: 0.008109900711500582 , std 0.08968907526533086 
2023-05-09 14:02:03,445 INFO used_ofi_cancel_1_2: 0.0007235599147807211 , std 0.026889335726834974 
2023-05-09 14:02:03,445 INFO used_ofi_cancel_2_2: 0.002035012260320778 , std 0.045065185957911265 
2023-05-09 14:02:03,445 INFO used_ofi_cancel_3_2: 0.0027887205048840293 , std 0.05273465220165645 
2023-05-09 14:02:03,445 INFO used_ofi_cancel_4_2: 0.0033012421111870403 , std 0.057361519433417774 
2023-05-09 14:02:03,445 INFO used_ofi_cancel_5_2: 0.003843912047272581 , std 0.06188001605886521 
2023-05-09 14:02:03,445 INFO used_ofi_cancel_6_2: 0.00404992563411987 , std 0.06351002862916978 
2023-05-09 14:02:03,445 INFO used_ofi_cancel_7_2: 0.003768541222816256 , std 0.061272663724275866 
2023-05-09 14:02:03,445 INFO used_ofi_cancel_8_2: 0.003552478192708124 , std 0.059496706559258025 
2023-05-09 14:02:03,445 INFO used_ofi_cancel_9_2: 0.002743498010210234 , std 0.052306512298930866 
2023-05-09 14:02:03,445 INFO used_ofi_cancel_10_2: 0.0026430035776018007 , std 0.051342166975017575 
2023-05-09 14:02:03,445 INFO used_ofi_trade_1_2: 1.5074164891265023e-05 , std 0.0038825169234425567 
2023-05-09 14:02:03,445 INFO used_ofi_trade_2_2: 0.00012561804076054186 , std 0.011207241447759453 
2023-05-09 14:02:03,445 INFO used_ofi_trade_3_2: 0.00012561804076054186 , std 0.011207241447759456 
2023-05-09 14:02:03,445 INFO used_ofi_trade_4_2: 0.0003617799573903606 , std 0.019017073188395506 
2023-05-09 14:02:03,445 INFO used_ofi_trade_5_2: 0.0005326204928246975 , std 0.023072425278572704 
2023-05-09 14:02:03,445 INFO used_ofi_trade_6_2: 0.0007336093580415645 , std 0.0270752871702473 
2023-05-09 14:02:03,445 INFO used_ofi_trade_7_2: 0.000432126060216264 , std 0.020783150080879123 
2023-05-09 14:02:03,445 INFO used_ofi_trade_8_2: 0.00030148329782530046 , std 0.017360656832229388 
2023-05-09 14:02:03,445 INFO used_ofi_trade_9_2: 0.00017084053543433693 , std 0.013069481586726743 
2023-05-09 14:02:03,445 INFO used_ofi_trade_10_2: 7.034610282590344e-05 , std 0.008386963351041943 
2023-05-09 14:02:03,445 INFO used_ofi_add_1_3: 0.004296136994010532 , std 0.06540397695048235 
2023-05-09 14:02:03,445 INFO used_ofi_add_2_3: 0.00599951762672348 , std 0.07722385262967729 
2023-05-09 14:02:03,445 INFO used_ofi_add_3_3: 0.006718052819873779 , std 0.08168794639469867 
2023-05-09 14:02:03,445 INFO used_ofi_add_4_3: 0.009974072436387024 , std 0.09937097320355039 
2023-05-09 14:02:03,445 INFO used_ofi_add_5_3: 0.011315673111709612 , std 0.1057715871760396 
2023-05-09 14:02:03,445 INFO used_ofi_add_6_3: 0.012295493829641837 , std 0.11020124618681534 
2023-05-09 14:02:03,445 INFO used_ofi_add_7_3: 0.012084455521164128 , std 0.10926308368301313 
2023-05-09 14:02:03,445 INFO used_ofi_add_8_3: 0.010727780680950275 , std 0.1030179372857548 
2023-05-09 14:02:03,445 INFO used_ofi_add_9_3: 0.011149857297905696 , std 0.10500256177894915 
2023-05-09 14:02:03,445 INFO used_ofi_add_10_3: 0.010938818989427985 , std 0.10401519710381037 
2023-05-09 14:02:03,445 INFO used_ofi_cancel_1_3: 0.0009144993367367448 , std 0.03022685937539415 
2023-05-09 14:02:03,445 INFO used_ofi_cancel_2_3: 0.00327109378140451 , std 0.05709985750313014 
2023-05-09 14:02:03,445 INFO used_ofi_cancel_3_3: 0.0034519837600996903 , std 0.058652089205924275 
2023-05-09 14:02:03,445 INFO used_ofi_cancel_4_3: 0.004456928086184026 , std 0.06661128942017719 
2023-05-09 14:02:03,445 INFO used_ofi_cancel_5_3: 0.005090043011617157 , std 0.07116273233762911 
2023-05-09 14:02:03,445 INFO used_ofi_cancel_6_3: 0.005079993568356313 , std 0.07109280718681582 
2023-05-09 14:02:03,445 INFO used_ofi_cancel_7_3: 0.005074968846725892 , std 0.07105781827449147 
2023-05-09 14:02:03,445 INFO used_ofi_cancel_8_3: 0.004477026972705712 , std 0.06676064111579051 
2023-05-09 14:02:03,446 INFO used_ofi_cancel_9_3: 0.003673071511838244 , std 0.06049446303181114 
2023-05-09 14:02:03,446 INFO used_ofi_cancel_10_3: 0.0032861679462957752 , std 0.057230839994923316 
2023-05-09 14:02:03,446 INFO used_ofi_trade_1_3: 1.5074164891265023e-05 , std 0.0038825169234425584 
2023-05-09 14:02:03,446 INFO used_ofi_trade_2_3: 5.5271937934638424e-05 , std 0.007434304469653864 
2023-05-09 14:02:03,446 INFO used_ofi_trade_3_3: 0.00017084053543433693 , std 0.013069481586726746 
2023-05-09 14:02:03,446 INFO used_ofi_trade_4_3: 0.00046729911162921576 , std 0.02161205087837539 
2023-05-09 14:02:03,446 INFO used_ofi_trade_5_3: 0.0006783374201069261 , std 0.026036076479596708 
2023-05-09 14:02:03,446 INFO used_ofi_trade_6_3: 0.0007084857498894561 , std 0.02660796493217134 
2023-05-09 14:02:03,446 INFO used_ofi_trade_7_3: 0.0005677935442376492 , std 0.023821653064570715 
2023-05-09 14:02:03,446 INFO used_ofi_trade_8_3: 0.0003818788439120473 , std 0.019537988956405405 
2023-05-09 14:02:03,446 INFO used_ofi_trade_9_3: 0.0001959641435864453 , std 0.013997347664499647 
2023-05-09 14:02:03,446 INFO used_ofi_trade_10_3: 0.00019093942195602364 , std 0.013816763879185555 
2023-05-09 14:02:03,446 INFO used_ofi_add_1_5: 0.00599951762672348 , std 0.07722385262967726 
2023-05-09 14:02:03,446 INFO used_ofi_add_2_5: 0.0084616312256301 , std 0.09159711798212618 
2023-05-09 14:02:03,446 INFO used_ofi_add_3_5: 0.009828355509104795 , std 0.09864967783572051 
2023-05-09 14:02:03,446 INFO used_ofi_add_4_5: 0.014511396068657796 , std 0.11958601696183521 
2023-05-09 14:02:03,446 INFO used_ofi_add_5_5: 0.016159504763436104 , std 0.12608875909150905 
2023-05-09 14:02:03,446 INFO used_ofi_add_6_5: 0.01746090766571532 , std 0.13098100766601506 
2023-05-09 14:02:03,446 INFO used_ofi_add_7_5: 0.01650118583430478 , std 0.12739268699719977 
2023-05-09 14:02:03,446 INFO used_ofi_add_8_5: 0.016239900309522853 , std 0.12639685893035327 
2023-05-09 14:02:03,446 INFO used_ofi_add_9_5: 0.014631989387787916 , std 0.12007453632783091 
2023-05-09 14:02:03,446 INFO used_ofi_add_10_5: 0.017596575149736705 , std 0.13147979195578452 
2023-05-09 14:02:03,446 INFO used_ofi_cancel_1_5: 0.0010250432126060216 , std 0.031999882796946495 
2023-05-09 14:02:03,446 INFO used_ofi_cancel_2_5: 0.004472002251075291 , std 0.06672333510056033 
2023-05-09 14:02:03,446 INFO used_ofi_cancel_3_5: 0.004894078868030711 , std 0.06978629421357896 
2023-05-09 14:02:03,446 INFO used_ofi_cancel_4_5: 0.005959319853680106 , std 0.0769662676798196 
2023-05-09 14:02:03,446 INFO used_ofi_cancel_5_5: 0.0070346102825903445 , std 0.0835770575024176 
2023-05-09 14:02:03,446 INFO used_ofi_cancel_6_5: 0.008240543473891547 , std 0.0904026377775917 
2023-05-09 14:02:03,446 INFO used_ofi_cancel_7_5: 0.007220524982915946 , std 0.08466633924935596 
2023-05-09 14:02:03,446 INFO used_ofi_cancel_8_5: 0.005743256823571974 , std 0.07556634055338707 
2023-05-09 14:02:03,446 INFO used_ofi_cancel_9_5: 0.00522068577400812 , std 0.07206545784255582 
2023-05-09 14:02:03,446 INFO used_ofi_cancel_10_5: 0.005567391566507216 , std 0.07440696014253237 
2023-05-09 14:02:03,446 INFO used_ofi_trade_1_5: 1.5074164891265023e-05 , std 0.003882516923442557 
2023-05-09 14:02:03,446 INFO used_ofi_trade_2_5: 0.00010551915423885517 , std 0.0102717096895767 
2023-05-09 14:02:03,446 INFO used_ofi_trade_3_5: 0.0002210877517385537 , std 0.014867376094811919 
2023-05-09 14:02:03,446 INFO used_ofi_trade_4_5: 0.0005627688226072275 , std 0.02371607290129478 
2023-05-09 14:02:03,446 INFO used_ofi_trade_5_5: 0.0006532138119548177 , std 0.025549699091587937 
2023-05-09 14:02:03,446 INFO used_ofi_trade_6_5: 0.001004944326084335 , std 0.03168492406470001 
2023-05-09 14:02:03,446 INFO used_ofi_trade_7_5: 0.0008089801824978896 , std 0.028431069863130643 
2023-05-09 14:02:03,446 INFO used_ofi_trade_8_5: 0.0005326204928246975 , std 0.023072425278572704 
2023-05-09 14:02:03,446 INFO used_ofi_trade_9_5: 0.0003617799573903606 , std 0.01901707318839551 
2023-05-09 14:02:03,446 INFO used_ofi_trade_10_5: 0.00016079109217349358 , std 0.012679323262626097 
2023-05-09 14:02:03,446 INFO used_ofi_add_1_10: 0.009340957510953892 , std 0.09619617468346883 
2023-05-09 14:02:03,446 INFO used_ofi_add_2_10: 0.012496482694858705 , std 0.11108699570658935 
2023-05-09 14:02:03,446 INFO used_ofi_add_3_10: 0.014240061100615027 , std 0.11847903510944784 
2023-05-09 14:02:03,446 INFO used_ofi_add_4_10: 0.01947582103951441 , std 0.13819013508333802 
2023-05-09 14:02:03,446 INFO used_ofi_add_5_10: 0.024209108815371628 , std 0.15369784600226877 
2023-05-09 14:02:03,446 INFO used_ofi_add_6_10: 0.02664609880612614 , std 0.1610468386046131 
2023-05-09 14:02:03,446 INFO used_ofi_add_7_10: 0.023746834425372836 , std 0.15225939143496783 
2023-05-09 14:02:03,446 INFO used_ofi_add_8_10: 0.022495678739397836 , std 0.14828898535444782 
2023-05-09 14:02:03,446 INFO used_ofi_add_9_10: 0.021772118824617118 , std 0.14593866405618447 
2023-05-09 14:02:03,446 INFO used_ofi_add_10_10: 0.024048317723198136 , std 0.15319920410329244 
2023-05-09 14:02:03,446 INFO used_ofi_cancel_1_10: 0.0021958033524942717 , std 0.04680792454415648 
2023-05-09 14:02:03,447 INFO used_ofi_cancel_2_10: 0.006843670860634321 , std 0.08244291982811883 
2023-05-09 14:02:03,447 INFO used_ofi_cancel_3_10: 0.00726072275595932 , std 0.08489996855724043 
2023-05-09 14:02:03,447 INFO used_ofi_cancel_4_10: 0.008823411183020461 , std 0.09351769136433924 
2023-05-09 14:02:03,447 INFO used_ofi_cancel_5_10: 0.010506692929211721 , std 0.10196225935562127 
2023-05-09 14:02:03,447 INFO used_ofi_cancel_6_10: 0.010556940145515939 , std 0.1022031856660052 
2023-05-09 14:02:03,447 INFO used_ofi_cancel_7_10: 0.009054548378019858 , std 0.09472361654671951 
2023-05-09 14:02:03,447 INFO used_ofi_cancel_8_10: 0.00869779314225992 , std 0.0928554873807379 
2023-05-09 14:02:03,447 INFO used_ofi_cancel_9_10: 0.0072657474775897415 , std 0.08492912569420245 
2023-05-09 14:02:03,447 INFO used_ofi_cancel_10_10: 0.007175302488242151 , std 0.08440271039750072 
2023-05-09 14:02:03,447 INFO used_ofi_trade_1_10: 3.517305141295172e-05 , std 0.0059305829620203455 
2023-05-09 14:02:03,447 INFO used_ofi_trade_2_10: 0.00015576637054307192 , std 0.012479667759234604 
2023-05-09 14:02:03,447 INFO used_ofi_trade_3_10: 0.0003366563492382522 , std 0.01834510865982456 
2023-05-09 14:02:03,447 INFO used_ofi_trade_4_10: 0.0006532138119548177 , std 0.025549699091587937 
2023-05-09 14:02:03,447 INFO used_ofi_trade_5_10: 0.001125537645214455 , std 0.033530147781118715 
2023-05-09 14:02:03,447 INFO used_ofi_trade_6_10: 0.001281304015757527 , std 0.035772367489121146 
2023-05-09 14:02:03,447 INFO used_ofi_trade_7_10: 0.0012009084696707802 , std 0.03463331183294854 
2023-05-09 14:02:03,447 INFO used_ofi_trade_8_10: 0.00048237327652048075 , std 0.02195770007406467 
2023-05-09 14:02:03,447 INFO used_ofi_trade_9_10: 0.00046729911162921576 , std 0.02161205087837539 
2023-05-09 14:02:03,447 INFO used_ofi_trade_10_10: 0.00014069220565180688 , std 0.011860540095420433 
2023-05-09 14:02:03,447 INFO used_ofi_add_1_20: 0.011863367769425573 , std 0.1082710869742838 
2023-05-09 14:02:03,447 INFO used_ofi_add_2_20: 0.017566426819954174 , std 0.13136912677160245 
2023-05-09 14:02:03,447 INFO used_ofi_add_3_20: 0.018621618362342725 , std 0.13518451720485591 
2023-05-09 14:02:03,447 INFO used_ofi_add_4_20: 0.02616875025123608 , std 0.1596369216739176 
2023-05-09 14:02:03,447 INFO used_ofi_add_5_20: 0.031796438477308356 , std 0.17545775838493746 
2023-05-09 14:02:03,447 INFO used_ofi_add_6_20: 0.03395706877838968 , std 0.181118707643273 
2023-05-09 14:02:03,447 INFO used_ofi_add_7_20: 0.02757567230775415 , std 0.16375363997337436 
2023-05-09 14:02:03,447 INFO used_ofi_add_8_20: 0.02936949792981469 , std 0.16883995534578095 
2023-05-09 14:02:03,447 INFO used_ofi_add_9_20: 0.027445029545363188 , std 0.16337625255408855 
2023-05-09 14:02:03,447 INFO used_ofi_add_10_20: 0.03277625919524058 , std 0.1780504873017959 
2023-05-09 14:02:03,447 INFO used_ofi_cancel_1_20: 0.002984684648470475 , std 0.05455067649461059 
2023-05-09 14:02:03,447 INFO used_ofi_cancel_2_20: 0.009798207179322265 , std 0.09849975794586169 
2023-05-09 14:02:03,447 INFO used_ofi_cancel_3_20: 0.01071270651605901 , std 0.10294631822051624 
2023-05-09 14:02:03,447 INFO used_ofi_cancel_4_20: 0.012792941271053584 , std 0.11238007797064814 
2023-05-09 14:02:03,447 INFO used_ofi_cancel_5_20: 0.013220042609639425 , std 0.1142159055606475 
2023-05-09 14:02:03,447 INFO used_ofi_cancel_6_20: 0.013616995618442738 , std 0.11589466359056419 
2023-05-09 14:02:03,447 INFO used_ofi_cancel_7_20: 0.012968806528118342 , std 0.11313980990506649 
2023-05-09 14:02:03,447 INFO used_ofi_cancel_8_20: 0.0109187201029063 , std 0.10392065075922438 
2023-05-09 14:02:03,447 INFO used_ofi_cancel_9_20: 0.009672589138561723 , std 0.09787251993240137 
2023-05-09 14:02:03,447 INFO used_ofi_cancel_10_20: 0.010697632351167745 , std 0.10287464708686488 
2023-05-09 14:02:03,447 INFO used_ofi_trade_1_20: 3.517305141295172e-05 , std 0.0059305829620203455 
2023-05-09 14:02:03,447 INFO used_ofi_trade_2_20: 0.00022611247336897536 , std 0.015035336594781056 
2023-05-09 14:02:03,447 INFO used_ofi_trade_3_20: 0.0004421755034771074 , std 0.021023320011388118 
2023-05-09 14:02:03,447 INFO used_ofi_trade_4_20: 0.0007185351931502994 , std 0.026795874688587868 
2023-05-09 14:02:03,447 INFO used_ofi_trade_5_20: 0.0012310567994533103 , std 0.03506481567910818 
2023-05-09 14:02:03,448 INFO used_ofi_trade_6_20: 0.0016330345298870442 , std 0.04037781232448386 
2023-05-09 14:02:03,448 INFO used_ofi_trade_7_20: 0.0013667242834746955 , std 0.03694396227000639 
2023-05-09 14:02:03,448 INFO used_ofi_trade_8_20: 0.0010200184909756 , std 0.03192143563898197 
2023-05-09 14:02:03,448 INFO used_ofi_trade_9_20: 0.00046729911162921576 , std 0.02161205087837539 
2023-05-09 14:02:03,448 INFO used_ofi_trade_10_20: 0.000200988865216867 , std 0.01417562939318483 
2023-05-09 14:02:03,448 INFO used_ofi_add_1_30: 0.015219881818547252 , std 0.12242645553954712 
2023-05-09 14:02:03,448 INFO used_ofi_add_2_30: 0.020169232624512604 , std 0.14057892686975135 
2023-05-09 14:02:03,448 INFO used_ofi_add_3_30: 0.02250572818265868 , std 0.14832134162563038 
2023-05-09 14:02:03,448 INFO used_ofi_add_4_30: 0.03177633959078667 , std 0.1754041157812372 
2023-05-09 14:02:03,448 INFO used_ofi_add_5_30: 0.039288298428267074 , std 0.19428002479637094 
2023-05-09 14:02:03,448 INFO used_ofi_add_6_30: 0.03900188929533304 , std 0.19359943679341537 
2023-05-09 14:02:03,448 INFO used_ofi_add_7_30: 0.033891747397194194 , std 0.18095053704136657 
2023-05-09 14:02:03,448 INFO used_ofi_add_8_30: 0.03184668569361258 , std 0.1755917831333369 
2023-05-09 14:02:03,448 INFO used_ofi_add_9_30: 0.03281143224665353 , std 0.17814275781119143 
2023-05-09 14:02:03,448 INFO used_ofi_add_10_30: 0.0388310487598987 , std 0.193192128235353 
2023-05-09 14:02:03,448 INFO used_ofi_cancel_1_30: 0.003642923182055714 , std 0.06024659569424114 
2023-05-09 14:02:03,448 INFO used_ofi_cancel_2_30: 0.012566828797684608 , std 0.11139525847922925 
2023-05-09 14:02:03,448 INFO used_ofi_cancel_3_30: 0.012657273787032198 , std 0.1117902822579508 
2023-05-09 14:02:03,448 INFO used_ofi_cancel_4_30: 0.015104313221047555 , std 0.12196791767988845 
2023-05-09 14:02:03,448 INFO used_ofi_cancel_5_30: 0.015516340394742131 , std 0.12359443181428775 
2023-05-09 14:02:03,448 INFO used_ofi_cancel_6_30: 0.01733528962495478 , std 0.1305173450487471 
2023-05-09 14:02:03,448 INFO used_ofi_cancel_7_30: 0.014018973348876472 , std 0.11756888081086748 
2023-05-09 14:02:03,448 INFO used_ofi_cancel_8_30: 0.013737588937572858 , std 0.11639960303950843 
2023-05-09 14:02:03,448 INFO used_ofi_cancel_9_30: 0.011531736141817744 , std 0.10676495306688069 
2023-05-09 14:02:03,448 INFO used_ofi_cancel_10_30: 0.012878361538770752 , std 0.11274976426958709 
2023-05-09 14:02:03,448 INFO used_ofi_trade_1_30: 3.0148329782530047e-05 , std 0.005490666704576172 
2023-05-09 14:02:03,448 INFO used_ofi_trade_2_30: 0.0001959641435864453 , std 0.013997347664499647 
2023-05-09 14:02:03,448 INFO used_ofi_trade_3_30: 0.0003266069059774088 , std 0.018069317472067855 
2023-05-09 14:02:03,448 INFO used_ofi_trade_4_30: 0.0012411062427141535 , std 0.035207469349677056 
2023-05-09 14:02:03,448 INFO used_ofi_trade_5_30: 0.0015978614784740925 , std 0.03994131090950446 
2023-05-09 14:02:03,448 INFO used_ofi_trade_6_30: 0.0019093942195602363 , std 0.043654878688120825 
2023-05-09 14:02:03,448 INFO used_ofi_trade_7_30: 0.0017737267355388512 , std 0.04207826789456151 
2023-05-09 14:02:03,448 INFO used_ofi_trade_8_30: 0.0010702657072798167 , std 0.03269740415683846 
2023-05-09 14:02:03,448 INFO used_ofi_trade_9_30: 0.000633114925433131 , std 0.02515380867630834 
2023-05-09 14:02:03,448 INFO used_ofi_trade_10_30: 0.0002763596896731921 , std 0.01662177231811084 
2023-05-09 14:02:04,066 INFO Grouping by horizont:
2023-05-09 14:02:04,066 INFO 1: 0.06464304377537484
2023-05-09 14:02:04,066 INFO 2: 0.10115769586364914
2023-05-09 14:02:04,066 INFO 3: 0.13770752100333641
2023-05-09 14:02:04,066 INFO 5: 0.19719520038589858
2023-05-09 14:02:04,066 INFO 10: 0.2827310367005669
2023-05-09 14:02:04,066 INFO 20: 0.3718645737026168
2023-05-09 14:02:04,066 INFO 30: 0.44338646139003896
2023-05-09 14:02:04,066 INFO Grouping by ofi type:
2023-05-09 14:02:04,066 INFO add: 1.1081320094866745
2023-05-09 14:02:04,066 INFO cancel: 0.4555111146842465
2023-05-09 14:02:04,066 INFO trade: 0.03504240865056075
2023-05-09 14:02:04,066 INFO Grouping by ofi type and horizont:
2023-05-09 14:02:04,066 INFO add_1: 0.04544860714716405
2023-05-09 14:02:04,066 INFO cancel_1: 0.017154399646259595
2023-05-09 14:02:04,066 INFO trade_1: 0.0020400369819512
2023-05-09 14:02:04,066 INFO add_2: 0.06883868633677694
2023-05-09 14:02:04,066 INFO cancel_2: 0.029449893475901438
2023-05-09 14:02:04,066 INFO trade_2: 0.002869116050970776
2023-05-09 14:02:04,066 INFO add_3: 0.09549985930779435
2023-05-09 14:02:04,066 INFO cancel_3: 0.038775776821964064
2023-05-09 14:02:04,066 INFO trade_3: 0.003431884873578004
2023-05-09 14:02:04,066 INFO add_5: 0.13739096354061983
2023-05-09 14:02:04,066 INFO cancel_5: 0.05537745708887728
2023-05-09 14:02:04,066 INFO trade_5: 0.004426779756401494
2023-05-09 14:02:04,066 INFO add_10: 0.19847147968002574
2023-05-09 14:02:04,066 INFO cancel_10: 0.07838063271294769
2023-05-09 14:02:04,066 INFO trade_10: 0.0058789243075933586
2023-05-09 14:02:04,067 INFO add_20: 0.25714012943682923
2023-05-09 14:02:04,067 INFO cancel_20: 0.10738332596374162
2023-05-09 14:02:04,067 INFO trade_20: 0.007341118302046066
2023-05-09 14:02:04,067 INFO add_30: 0.3053422840374643
2023-05-09 14:02:04,067 INFO cancel_30: 0.1289896289745548
2023-05-09 14:02:04,067 INFO trade_30: 0.009054548378019858
2023-05-09 14:02:04,067 INFO Grouping by level:
2023-05-09 14:02:04,067 INFO 1: 0.06370844555211641
2023-05-09 14:02:04,067 INFO 2: 0.11381999437231177
2023-05-09 14:02:04,067 INFO 3: 0.12482915946456569
2023-05-09 14:02:04,067 INFO 4: 0.16962455279977487
2023-05-09 14:02:04,067 INFO 5: 0.2007225549704547
2023-05-09 14:02:04,067 INFO 6: 0.2125909474615107
2023-05-09 14:02:04,067 INFO 7: 0.18917071994211523
2023-05-09 14:02:04,067 INFO 8: 0.17683502833943
2023-05-09 14:02:04,067 INFO 9: 0.16489628974554807
2023-05-09 14:02:04,067 INFO 10: 0.18248784017365438
2023-05-09 14:02:04,067 INFO Grouping by level and horizont:
2023-05-09 14:02:04,067 INFO 1_1: 0.0023063472283635484
2023-05-09 14:02:04,067 INFO 2_1: 0.004029826747598183
2023-05-09 14:02:04,067 INFO 3_1: 0.004848856373356917
2023-05-09 14:02:04,067 INFO 4_1: 0.006793423644330105
2023-05-09 14:02:04,067 INFO 5_1: 0.00837118623628251
2023-05-09 14:02:04,067 INFO 6_1: 0.008486754833782209
2023-05-09 14:02:04,067 INFO 7_1: 0.008768139245085821
2023-05-09 14:02:04,067 INFO 8_1: 0.007125055271937935
2023-05-09 14:02:04,067 INFO 9_1: 0.007014511396068658
2023-05-09 14:02:04,067 INFO 10_1: 0.006898942798568959
2023-05-09 14:02:04,067 INFO 1_2: 0.0037886401093379426
2023-05-09 14:02:04,067 INFO 2_2: 0.007406439683241548
2023-05-09 14:02:04,067 INFO 3_2: 0.00759235438356715
2023-05-09 14:02:04,067 INFO 4_2: 0.010144912971821362
2023-05-09 14:02:04,067 INFO 5_2: 0.012928608755074969
2023-05-09 14:02:04,067 INFO 6_2: 0.013375808980182497
2023-05-09 14:02:04,067 INFO 7_2: 0.012546729911162922
2023-05-09 14:02:04,067 INFO 8_2: 0.011968886923664431
2023-05-09 14:02:04,067 INFO 9_2: 0.010582063753668047
2023-05-09 14:02:04,068 INFO 10_2: 0.010823250391928286
2023-05-09 14:02:04,068 INFO 1_3: 0.005225710495638541
2023-05-09 14:02:04,068 INFO 2_3: 0.009325883346062628
2023-05-09 14:02:04,068 INFO 3_3: 0.010340877115407807
2023-05-09 14:02:04,068 INFO 4_3: 0.014898299634200265
2023-05-09 14:02:04,068 INFO 5_3: 0.017084053543433696
2023-05-09 14:02:04,068 INFO 6_3: 0.018083973147887608
2023-05-09 14:02:04,068 INFO 7_3: 0.01772721791212767
2023-05-09 14:02:04,068 INFO 8_3: 0.015586686497568034
2023-05-09 14:02:04,068 INFO 9_3: 0.015018892953330384
2023-05-09 14:02:04,068 INFO 10_3: 0.014415926357679784
2023-05-09 14:02:04,068 INFO 1_5: 0.007039635004220766
2023-05-09 14:02:04,068 INFO 2_5: 0.013039152630944245
2023-05-09 14:02:04,068 INFO 3_5: 0.01494352212887406
2023-05-09 14:02:04,068 INFO 4_5: 0.021033484744945128
2023-05-09 14:02:04,068 INFO 5_5: 0.023847328857981267
2023-05-09 14:02:04,068 INFO 6_5: 0.0267063954656912
2023-05-09 14:02:04,068 INFO 7_5: 0.024530690999718614
2023-05-09 14:02:04,068 INFO 8_5: 0.022515777625919525
2023-05-09 14:02:04,068 INFO 9_5: 0.020214455119186396
2023-05-09 14:02:04,068 INFO 10_5: 0.023324757808417414
2023-05-09 14:02:04,068 INFO 1_10: 0.011571933914861115
2023-05-09 14:02:04,068 INFO 2_10: 0.0194959199260361
2023-05-09 14:02:04,068 INFO 3_10: 0.0218374402058126
2023-05-09 14:02:04,068 INFO 4_10: 0.028952446034489692
2023-05-09 14:02:04,068 INFO 5_10: 0.035841339389797805
2023-05-09 14:02:04,068 INFO 6_10: 0.0384843429673996
2023-05-09 14:02:04,068 INFO 7_10: 0.03400229127306347
2023-05-09 14:02:04,068 INFO 8_10: 0.031675845158178235
2023-05-09 14:02:04,068 INFO 9_10: 0.029505165413836076
2023-05-09 14:02:04,068 INFO 10_10: 0.031364312417092095
2023-05-09 14:02:04,068 INFO 1_20: 0.014883225469309
2023-05-09 14:02:04,068 INFO 2_20: 0.027590746472645415
2023-05-09 14:02:04,068 INFO 3_20: 0.029776500381878842
2023-05-09 14:02:04,068 INFO 4_20: 0.03968022671543996
2023-05-09 14:02:04,068 INFO 5_20: 0.04624753788640109
2023-05-09 14:02:04,068 INFO 6_20: 0.049207098926719456
2023-05-09 14:02:04,068 INFO 7_20: 0.041911203119347186
2023-05-09 14:02:04,068 INFO 8_20: 0.041308236523696584
2023-05-09 14:02:04,068 INFO 9_20: 0.037584917795554125
2023-05-09 14:02:04,068 INFO 10_20: 0.0436748804116252
2023-05-09 14:02:04,068 INFO 1_30: 0.018892953330385494
2023-05-09 14:02:04,068 INFO 2_30: 0.03293202556578366
2023-05-09 14:02:04,068 INFO 3_30: 0.03548960887566829
2023-05-09 14:02:04,068 INFO 4_30: 0.04812175905454838
2023-05-09 14:02:04,068 INFO 5_30: 0.0564025003014833
2023-05-09 14:02:04,068 INFO 6_30: 0.05824657313984806
2023-05-09 14:02:04,068 INFO 7_30: 0.049684447481609516
2023-05-09 14:02:04,068 INFO 8_30: 0.04665454033846525
2023-05-09 14:02:04,069 INFO 9_30: 0.04497628331390441
2023-05-09 14:02:04,069 INFO 10_30: 0.05198576998834264
2023-05-09 14:02:04,109 INFO Non empty regressions: 0.47236403103268076 --- 94008 / 199016
