2023-05-09 13:44:23,967 INFO Starting...
2023-05-09 13:44:23,967 INFO Tickers: ['PFE']
2023-05-09 13:45:49,920 INFO in_r2: 0.09184286885280822 , std 0.15982891143660916 
2023-05-09 13:45:49,921 INFO os_r2: -0.10856745381158277 , std 0.10647363874224798 
2023-05-09 13:45:49,921 INFO intercept: 8.812028959422241e-07 , std 0.00033679993379678955 
2023-05-09 13:45:49,921 INFO ofi_add_1_1: -6.227260280651965e-07 , std 1.0493044125573468e-05 
2023-05-09 13:45:49,921 INFO ofi_add_2_1: -2.6497272320472453e-07 , std 7.785968864060478e-06 
2023-05-09 13:45:49,921 INFO ofi_add_3_1: -7.152679518652831e-08 , std 5.784479197870492e-06 
2023-05-09 13:45:49,921 INFO ofi_add_4_1: -7.033018013818469e-08 , std 5.247214016982962e-06 
2023-05-09 13:45:49,921 INFO ofi_add_5_1: -6.938784658519588e-08 , std 4.928160885936513e-06 
2023-05-09 13:45:49,921 INFO ofi_add_6_1: -1.5608831522112753e-08 , std 2.5091263061459664e-06 
2023-05-09 13:45:49,921 INFO ofi_add_7_1: -1.1641322800711645e-08 , std 2.387351877559167e-06 
2023-05-09 13:45:49,921 INFO ofi_add_8_1: -1.4600759184677782e-08 , std 2.3606975973548862e-06 
2023-05-09 13:45:49,921 INFO ofi_add_9_1: -1.9953182483665016e-08 , std 2.9021378882565006e-06 
2023-05-09 13:45:49,921 INFO ofi_add_10_1: -5.257409692575965e-08 , std 4.229370454604208e-06 
2023-05-09 13:45:49,921 INFO ofi_cancel_1_1: -1.933070022929847e-07 , std 6.955100515457136e-06 
2023-05-09 13:45:49,921 INFO ofi_cancel_2_1: 7.126111100326872e-09 , std 4.2820492450677775e-06 
2023-05-09 13:45:49,921 INFO ofi_cancel_3_1: -9.26330313644283e-08 , std 5.605205848059453e-06 
2023-05-09 13:45:49,921 INFO ofi_cancel_4_1: -3.718571070826495e-08 , std 3.641648911187117e-06 
2023-05-09 13:45:49,921 INFO ofi_cancel_5_1: -2.7333844759970045e-08 , std 3.7191897856621485e-06 
2023-05-09 13:45:49,921 INFO ofi_cancel_6_1: -1.928690977052342e-08 , std 2.183134142332036e-06 
2023-05-09 13:45:49,921 INFO ofi_cancel_7_1: -1.5785893124589741e-09 , std 9.139360931112168e-07 
2023-05-09 13:45:49,921 INFO ofi_cancel_8_1: 1.6619178378376962e-09 , std 8.614602446562201e-07 
2023-05-09 13:45:49,921 INFO ofi_cancel_9_1: -9.79338188389256e-09 , std 1.5793873401498862e-06 
2023-05-09 13:45:49,921 INFO ofi_cancel_10_1: -1.8381351039988933e-09 , std 9.441557518697513e-07 
2023-05-09 13:45:49,921 INFO ofi_trade_1_1: 5.909958093561208e-10 , std 3.030107440640103e-07 
2023-05-09 13:45:49,921 INFO ofi_trade_2_1: -2.1314534763271298e-08 , std 2.94345907933233e-06 
2023-05-09 13:45:49,921 INFO ofi_trade_3_1: -3.80697158926695e-08 , std 3.2096576317181735e-06 
2023-05-09 13:45:49,921 INFO ofi_trade_4_1: -3.738421305643116e-08 , std 3.430711660983569e-06 
2023-05-09 13:45:49,921 INFO ofi_trade_5_1: -1.0314967841083609e-08 , std 1.7237722000221167e-06 
2023-05-09 13:45:49,921 INFO ofi_trade_6_1: -2.6541268835091763e-08 , std 2.436920355348152e-06 
2023-05-09 13:45:49,921 INFO ofi_trade_7_1: -1.9588985380970137e-08 , std 2.9721134001702475e-06 
2023-05-09 13:45:49,921 INFO ofi_trade_8_1: -1.0816785087002775e-08 , std 1.3533014916949736e-06 
2023-05-09 13:45:49,921 INFO ofi_trade_9_1: -6.263787673925872e-09 , std 1.6951014980177545e-06 
2023-05-09 13:45:49,921 INFO ofi_trade_10_1: -1.4883242309309532e-08 , std 3.540821663677517e-06 
2023-05-09 13:45:49,921 INFO ofi_add_1_2: -9.231865203587582e-07 , std 9.953064851874245e-06 
2023-05-09 13:45:49,921 INFO ofi_add_2_2: -3.960510352063114e-07 , std 8.054271206023242e-06 
2023-05-09 13:45:49,921 INFO ofi_add_3_2: -5.960926577689945e-08 , std 5.267497512733666e-06 
2023-05-09 13:45:49,921 INFO ofi_add_4_2: -1.0455771651558295e-07 , std 6.430038368238687e-06 
2023-05-09 13:45:49,921 INFO ofi_add_5_2: -5.972783095789185e-08 , std 3.869674144068319e-06 
2023-05-09 13:45:49,921 INFO ofi_add_6_2: -5.5705877749333315e-08 , std 3.821497660517314e-06 
2023-05-09 13:45:49,921 INFO ofi_add_7_2: -2.4664068130357967e-08 , std 3.502097911394638e-06 
2023-05-09 13:45:49,921 INFO ofi_add_8_2: -2.1282155368781947e-08 , std 2.5629256701139926e-06 
2023-05-09 13:45:49,921 INFO ofi_add_9_2: -7.352128050137015e-09 , std 3.1701650279567644e-06 
2023-05-09 13:45:49,921 INFO ofi_add_10_2: -2.354884688282524e-08 , std 3.624012435630049e-06 
2023-05-09 13:45:49,921 INFO ofi_cancel_1_2: -2.1304938698752476e-07 , std 6.829649326485289e-06 
2023-05-09 13:45:49,921 INFO ofi_cancel_2_2: 3.5521035469802623e-09 , std 4.94155671781321e-06 
2023-05-09 13:45:49,921 INFO ofi_cancel_3_2: -1.1869891362349316e-07 , std 5.9303482743438515e-06 
2023-05-09 13:45:49,921 INFO ofi_cancel_4_2: -6.143364968429087e-08 , std 3.3532354006245695e-06 
2023-05-09 13:45:49,921 INFO ofi_cancel_5_2: -3.7951566168040155e-08 , std 3.2706341031745284e-06 
2023-05-09 13:45:49,921 INFO ofi_cancel_6_2: -1.6082339768461337e-08 , std 2.2625198592306438e-06 
2023-05-09 13:45:49,922 INFO ofi_cancel_7_2: -5.138612908387129e-09 , std 1.4252581396322927e-06 
2023-05-09 13:45:49,922 INFO ofi_cancel_8_2: -1.5392586745863754e-08 , std 4.461962140612439e-06 
2023-05-09 13:45:49,922 INFO ofi_cancel_9_2: -4.681877307450303e-09 , std 7.562944435259701e-07 
2023-05-09 13:45:49,922 INFO ofi_cancel_10_2: -2.825676441181291e-08 , std 3.5787877773030823e-06 
2023-05-09 13:45:49,922 INFO ofi_trade_1_2: -1.6095517960095033e-09 , std 1.162913689511728e-06 
2023-05-09 13:45:49,922 INFO ofi_trade_2_2: -5.61574249747607e-08 , std 4.730145302002364e-06 
2023-05-09 13:45:49,922 INFO ofi_trade_3_2: -4.988632881908703e-08 , std 4.470389996331107e-06 
2023-05-09 13:45:49,922 INFO ofi_trade_4_2: -3.46619421567896e-08 , std 3.7036696673851073e-06 
2023-05-09 13:45:49,922 INFO ofi_trade_5_2: -1.982763614233758e-08 , std 2.3299730542770933e-06 
2023-05-09 13:45:49,922 INFO ofi_trade_6_2: -1.0790803996689002e-08 , std 1.4847365462185656e-06 
2023-05-09 13:45:49,922 INFO ofi_trade_7_2: -9.521695384971397e-09 , std 1.445646473390854e-06 
2023-05-09 13:45:49,922 INFO ofi_trade_8_2: -1.518517876463815e-08 , std 2.3174054879821683e-06 
2023-05-09 13:45:49,922 INFO ofi_trade_9_2: -2.1385397893990452e-08 , std 5.177525167553709e-06 
2023-05-09 13:45:49,922 INFO ofi_trade_10_2: -3.3614301342946618e-09 , std 1.6777971887614723e-06 
2023-05-09 13:45:49,922 INFO ofi_add_1_3: -1.254743485965803e-06 , std 1.03636163649247e-05 
2023-05-09 13:45:49,922 INFO ofi_add_2_3: -4.757644861395904e-07 , std 8.843816084740178e-06 
2023-05-09 13:45:49,922 INFO ofi_add_3_3: -1.241959149776698e-07 , std 6.591232672627362e-06 
2023-05-09 13:45:49,922 INFO ofi_add_4_3: -1.0456633002144092e-07 , std 5.418623193024612e-06 
2023-05-09 13:45:49,922 INFO ofi_add_5_3: -6.936244940872428e-08 , std 4.021389238077521e-06 
2023-05-09 13:45:49,922 INFO ofi_add_6_3: -3.632615907765657e-08 , std 3.117439908535928e-06 
2023-05-09 13:45:49,922 INFO ofi_add_7_3: -1.3239614139533141e-08 , std 2.005925732521429e-06 
2023-05-09 13:45:49,922 INFO ofi_add_8_3: -7.630619674068932e-08 , std 5.094510926699666e-06 
2023-05-09 13:45:49,922 INFO ofi_add_9_3: -4.3734704554236004e-08 , std 3.008385334582063e-06 
2023-05-09 13:45:49,922 INFO ofi_add_10_3: -4.184406436227548e-08 , std 3.5816688896514717e-06 
2023-05-09 13:45:49,922 INFO ofi_cancel_1_3: -1.574109905551627e-07 , std 6.282009953270985e-06 
2023-05-09 13:45:49,922 INFO ofi_cancel_2_3: -3.350778244582241e-08 , std 5.471671682296431e-06 
2023-05-09 13:45:49,922 INFO ofi_cancel_3_3: -1.5976369772781278e-07 , std 6.0801509956960655e-06 
2023-05-09 13:45:49,922 INFO ofi_cancel_4_3: -7.761525128196576e-08 , std 4.768539055505581e-06 
2023-05-09 13:45:49,922 INFO ofi_cancel_5_3: -2.3207664847576865e-08 , std 2.8446691570391895e-06 
2023-05-09 13:45:49,922 INFO ofi_cancel_6_3: -1.416153149243279e-08 , std 1.298801542090527e-06 
2023-05-09 13:45:49,922 INFO ofi_cancel_7_3: -7.4142500036887835e-09 , std 1.2406247981229684e-06 
2023-05-09 13:45:49,922 INFO ofi_cancel_8_3: -9.874354710487671e-09 , std 1.1983845929929262e-06 
2023-05-09 13:45:49,922 INFO ofi_cancel_9_3: -8.390327481549839e-09 , std 1.6317740707365466e-06 
2023-05-09 13:45:49,922 INFO ofi_cancel_10_3: -7.980980016484921e-09 , std 1.2690458839627304e-06 
2023-05-09 13:45:49,922 INFO ofi_trade_1_3: -4.535036216339327e-09 , std 2.0225251615502244e-06 
2023-05-09 13:45:49,922 INFO ofi_trade_2_3: -6.194752017262018e-08 , std 4.623850710665314e-06 
2023-05-09 13:45:49,922 INFO ofi_trade_3_3: -5.516427679454437e-08 , std 3.4539718584968836e-06 
2023-05-09 13:45:49,922 INFO ofi_trade_4_3: -4.509172940658957e-08 , std 3.4736259376108357e-06 
2023-05-09 13:45:49,922 INFO ofi_trade_5_3: -2.3615505838635994e-08 , std 3.1271302579873207e-06 
2023-05-09 13:45:49,922 INFO ofi_trade_6_3: -1.7662700273180197e-08 , std 1.6426894090010865e-06 
2023-05-09 13:45:49,922 INFO ofi_trade_7_3: -1.9196620720755682e-08 , std 1.9866778706457e-06 
2023-05-09 13:45:49,922 INFO ofi_trade_8_3: -9.142712836933398e-09 , std 2.0084329949501983e-06 
2023-05-09 13:45:49,922 INFO ofi_trade_9_3: -2.0066576833050558e-08 , std 1.917245136664842e-06 
2023-05-09 13:45:49,922 INFO ofi_trade_10_3: -1.0679553326181623e-08 , std 1.6958503193498215e-06 
2023-05-09 13:45:49,922 INFO ofi_add_1_5: -1.827056544543252e-06 , std 1.0853300198839495e-05 
2023-05-09 13:45:49,922 INFO ofi_add_2_5: -5.797798985532901e-07 , std 9.471527317446135e-06 
2023-05-09 13:45:49,922 INFO ofi_add_3_5: -1.330161848051607e-07 , std 6.186310083437695e-06 
2023-05-09 13:45:49,922 INFO ofi_add_4_5: -1.296891238245777e-07 , std 6.138661439382393e-06 
2023-05-09 13:45:49,922 INFO ofi_add_5_5: -9.870559115984753e-08 , std 3.888202392310663e-06 
2023-05-09 13:45:49,922 INFO ofi_add_6_5: -6.24524867366949e-08 , std 3.497432831954927e-06 
2023-05-09 13:45:49,922 INFO ofi_add_7_5: -7.44364743533546e-08 , std 4.32360968869831e-06 
2023-05-09 13:45:49,922 INFO ofi_add_8_5: -5.885183064726763e-08 , std 4.204272107006061e-06 
2023-05-09 13:45:49,922 INFO ofi_add_9_5: -6.132315447097582e-08 , std 4.409161126983814e-06 
2023-05-09 13:45:49,922 INFO ofi_add_10_5: -4.8410996190923544e-08 , std 3.1653316752055527e-06 
2023-05-09 13:45:49,922 INFO ofi_cancel_1_5: -1.3376068759882554e-07 , std 6.617532400095109e-06 
2023-05-09 13:45:49,922 INFO ofi_cancel_2_5: -3.764665849630036e-08 , std 4.287236835243017e-06 
2023-05-09 13:45:49,923 INFO ofi_cancel_3_5: -1.642485209365331e-07 , std 6.272510793072873e-06 
2023-05-09 13:45:49,923 INFO ofi_cancel_4_5: -1.250124302058603e-07 , std 5.090437374986893e-06 
2023-05-09 13:45:49,923 INFO ofi_cancel_5_5: -1.4452975028698503e-08 , std 1.828599516374119e-06 
2023-05-09 13:45:49,923 INFO ofi_cancel_6_5: -9.779570372541029e-09 , std 1.0682975711019838e-06 
2023-05-09 13:45:49,923 INFO ofi_cancel_7_5: 4.270742271286874e-10 , std 1.5532739856885836e-06 
2023-05-09 13:45:49,923 INFO ofi_cancel_8_5: -9.706750445346852e-09 , std 1.1030499669818108e-06 
2023-05-09 13:45:49,923 INFO ofi_cancel_9_5: -9.556664063593892e-09 , std 1.1273797290942888e-06 
2023-05-09 13:45:49,923 INFO ofi_cancel_10_5: -1.3004689700700344e-08 , std 1.2382530637182991e-06 
2023-05-09 13:45:49,923 INFO ofi_trade_1_5: -4.3427127948395095e-09 , std 1.181003967209214e-06 
2023-05-09 13:45:49,923 INFO ofi_trade_2_5: -4.7757754983791754e-08 , std 3.5381716763937145e-06 
2023-05-09 13:45:49,923 INFO ofi_trade_3_5: -7.763290099235286e-08 , std 3.971720756873746e-06 
2023-05-09 13:45:49,923 INFO ofi_trade_4_5: -7.344148846536048e-08 , std 4.305036678664986e-06 
2023-05-09 13:45:49,923 INFO ofi_trade_5_5: -2.898910456016559e-08 , std 2.7255442621455574e-06 
2023-05-09 13:45:49,923 INFO ofi_trade_6_5: -1.117197088719766e-08 , std 1.0721856612887805e-06 
2023-05-09 13:45:49,923 INFO ofi_trade_7_5: -1.5576492538110345e-08 , std 1.861153820700104e-06 
2023-05-09 13:45:49,923 INFO ofi_trade_8_5: -1.211958469932072e-08 , std 1.9613363595033888e-06 
2023-05-09 13:45:49,923 INFO ofi_trade_9_5: -4.4108955509088436e-09 , std 1.8252019336679929e-06 
2023-05-09 13:45:49,923 INFO ofi_trade_10_5: -2.693044772063028e-08 , std 3.3099033292968477e-06 
2023-05-09 13:45:49,923 INFO ofi_add_1_10: -2.3244498453635974e-06 , std 1.119244504535098e-05 
2023-05-09 13:45:49,923 INFO ofi_add_2_10: -7.358630957260656e-07 , std 9.977711992627316e-06 
2023-05-09 13:45:49,923 INFO ofi_add_3_10: -1.5548445807245516e-07 , std 7.036014018586259e-06 
2023-05-09 13:45:49,923 INFO ofi_add_4_10: -1.884139590962294e-07 , std 6.2705065872975015e-06 
2023-05-09 13:45:49,923 INFO ofi_add_5_10: -1.3522294941857533e-07 , std 4.699117117488381e-06 
2023-05-09 13:45:49,923 INFO ofi_add_6_10: -6.926594310910396e-08 , std 3.3722040030611608e-06 
2023-05-09 13:45:49,923 INFO ofi_add_7_10: -1.0114241335554655e-07 , std 4.4572187815496775e-06 
2023-05-09 13:45:49,923 INFO ofi_add_8_10: -5.7134901159176284e-08 , std 2.919216060604313e-06 
2023-05-09 13:45:49,923 INFO ofi_add_9_10: -4.9831822826800085e-08 , std 3.397588056312581e-06 
2023-05-09 13:45:49,923 INFO ofi_add_10_10: -9.12124410915323e-08 , std 4.480238393514528e-06 
2023-05-09 13:45:49,923 INFO ofi_cancel_1_10: -1.1043939696330392e-07 , std 6.135694019545341e-06 
2023-05-09 13:45:49,923 INFO ofi_cancel_2_10: -2.5955385232892506e-08 , std 4.323351841027079e-06 
2023-05-09 13:45:49,923 INFO ofi_cancel_3_10: -1.8246165780221973e-07 , std 6.034328753291507e-06 
2023-05-09 13:45:49,923 INFO ofi_cancel_4_10: -1.0437819095177597e-07 , std 4.7513190910844946e-06 
2023-05-09 13:45:49,923 INFO ofi_cancel_5_10: -2.3410183444889323e-08 , std 2.2435894138198445e-06 
2023-05-09 13:45:49,923 INFO ofi_cancel_6_10: -1.2196797702890252e-08 , std 1.2059043691429025e-06 
2023-05-09 13:45:49,923 INFO ofi_cancel_7_10: -6.251888563221024e-09 , std 1.375485960522583e-06 
2023-05-09 13:45:49,923 INFO ofi_cancel_8_10: -9.259884649944632e-09 , std 1.1952778531681083e-06 
2023-05-09 13:45:49,923 INFO ofi_cancel_9_10: -6.413317602854317e-09 , std 6.545890483876747e-07 
2023-05-09 13:45:49,923 INFO ofi_cancel_10_10: -7.111918211154011e-09 , std 7.439401109943293e-07 
2023-05-09 13:45:49,923 INFO ofi_trade_1_10: -8.589444359036208e-10 , std 4.4224531365564376e-07 
2023-05-09 13:45:49,923 INFO ofi_trade_2_10: -8.664291001070558e-08 , std 4.5373294347314955e-06 
2023-05-09 13:45:49,923 INFO ofi_trade_3_10: -1.0087669829718385e-07 , std 4.458632243169331e-06 
2023-05-09 13:45:49,923 INFO ofi_trade_4_10: -7.816623905048927e-08 , std 4.339378826859995e-06 
2023-05-09 13:45:49,923 INFO ofi_trade_5_10: -4.4230029525362834e-08 , std 3.40944653069786e-06 
2023-05-09 13:45:49,923 INFO ofi_trade_6_10: -2.944885199342132e-08 , std 2.8317366433008457e-06 
2023-05-09 13:45:49,923 INFO ofi_trade_7_10: -1.2811502152566571e-08 , std 2.204244222216254e-06 
2023-05-09 13:45:49,923 INFO ofi_trade_8_10: -2.0441600882187892e-08 , std 2.2309528800908384e-06 
2023-05-09 13:45:49,923 INFO ofi_trade_9_10: -2.1401552999993325e-08 , std 1.7049320265455374e-06 
2023-05-09 13:45:49,923 INFO ofi_trade_10_10: -1.6174220599664853e-08 , std 2.5988158317044074e-06 
2023-05-09 13:45:49,923 INFO ofi_add_1_20: -2.6481909517119517e-06 , std 1.1817489906699315e-05 
2023-05-09 13:45:49,923 INFO ofi_add_2_20: -8.142595320807102e-07 , std 9.928896213687883e-06 
2023-05-09 13:45:49,923 INFO ofi_add_3_20: -1.323618118309723e-07 , std 6.3742302286188845e-06 
2023-05-09 13:45:49,923 INFO ofi_add_4_20: -2.3713645687059624e-07 , std 6.8606913078964575e-06 
2023-05-09 13:45:49,923 INFO ofi_add_5_20: -1.5338509155493968e-07 , std 5.00147150637122e-06 
2023-05-09 13:45:49,924 INFO ofi_add_6_20: -1.0705656805079622e-07 , std 5.379676772413092e-06 
2023-05-09 13:45:49,924 INFO ofi_add_7_20: -8.894887001167143e-08 , std 4.423363808175682e-06 
2023-05-09 13:45:49,924 INFO ofi_add_8_20: -5.77424410960365e-08 , std 3.4492224760664067e-06 
2023-05-09 13:45:49,924 INFO ofi_add_9_20: -7.078809590675422e-08 , std 3.7228611449508174e-06 
2023-05-09 13:45:49,924 INFO ofi_add_10_20: -1.2204113956339687e-07 , std 5.789950699127702e-06 
2023-05-09 13:45:49,924 INFO ofi_cancel_1_20: -1.3132508805281263e-07 , std 7.049597443429022e-06 
2023-05-09 13:45:49,924 INFO ofi_cancel_2_20: -3.286480150165447e-08 , std 4.967357280212154e-06 
2023-05-09 13:45:49,924 INFO ofi_cancel_3_20: -2.2418129033707973e-07 , std 5.97791055393068e-06 
2023-05-09 13:45:49,924 INFO ofi_cancel_4_20: -1.0959315909289199e-07 , std 4.372819456460581e-06 
2023-05-09 13:45:49,924 INFO ofi_cancel_5_20: -3.470512032811036e-08 , std 3.700755167599737e-06 
2023-05-09 13:45:49,924 INFO ofi_cancel_6_20: -1.5903360017043973e-08 , std 2.0420187553819806e-06 
2023-05-09 13:45:49,924 INFO ofi_cancel_7_20: -8.527920907940136e-09 , std 1.6938640862842039e-06 
2023-05-09 13:45:49,924 INFO ofi_cancel_8_20: -7.947881300264221e-09 , std 1.0423840528874495e-06 
2023-05-09 13:45:49,924 INFO ofi_cancel_9_20: -9.786445828647578e-09 , std 1.1339520105044116e-06 
2023-05-09 13:45:49,924 INFO ofi_cancel_10_20: -1.3487681340080728e-08 , std 1.611635050455173e-06 
2023-05-09 13:45:49,924 INFO ofi_trade_1_20: -3.2051806823643845e-09 , std 6.901156813601569e-07 
2023-05-09 13:45:49,924 INFO ofi_trade_2_20: -7.003409166140344e-08 , std 3.558610951643077e-06 
2023-05-09 13:45:49,924 INFO ofi_trade_3_20: -1.0819357601621085e-07 , std 4.916475581367643e-06 
2023-05-09 13:45:49,924 INFO ofi_trade_4_20: -7.511230664824246e-08 , std 3.965197188490028e-06 
2023-05-09 13:45:49,924 INFO ofi_trade_5_20: -3.866894118463696e-08 , std 4.1540269586630685e-06 
2023-05-09 13:45:49,924 INFO ofi_trade_6_20: -3.202588703146181e-08 , std 2.714524684295198e-06 
2023-05-09 13:45:49,924 INFO ofi_trade_7_20: -4.2669265957424996e-08 , std 3.0218976502843252e-06 
2023-05-09 13:45:49,924 INFO ofi_trade_8_20: -2.5482084856181217e-08 , std 2.9292720133977477e-06 
2023-05-09 13:45:49,924 INFO ofi_trade_9_20: -1.7770680506889908e-08 , std 1.5962932998952916e-06 
2023-05-09 13:45:49,924 INFO ofi_trade_10_20: -1.1709122107019713e-08 , std 1.7342211232310436e-06 
2023-05-09 13:45:49,924 INFO ofi_add_1_30: -2.9643921393294703e-06 , std 1.1613258293011686e-05 
2023-05-09 13:45:49,924 INFO ofi_add_2_30: -9.660469768881726e-07 , std 1.0700526354485883e-05 
2023-05-09 13:45:49,924 INFO ofi_add_3_30: -2.412753973862024e-07 , std 7.588433354529745e-06 
2023-05-09 13:45:49,924 INFO ofi_add_4_30: -2.0757532091862941e-07 , std 7.027066281615581e-06 
2023-05-09 13:45:49,924 INFO ofi_add_5_30: -1.8421243167794686e-07 , std 5.299494015868625e-06 
2023-05-09 13:45:49,924 INFO ofi_add_6_30: -1.3545186154531652e-07 , std 4.865906460187027e-06 
2023-05-09 13:45:49,924 INFO ofi_add_7_30: -1.31137105976201e-07 , std 5.711566862117299e-06 
2023-05-09 13:45:49,924 INFO ofi_add_8_30: -9.483488399699762e-08 , std 4.654513744536891e-06 
2023-05-09 13:45:49,924 INFO ofi_add_9_30: -7.318350316509156e-08 , std 3.831376985256855e-06 
2023-05-09 13:45:49,924 INFO ofi_add_10_30: -1.1379558445797221e-07 , std 4.812387954256949e-06 
2023-05-09 13:45:49,924 INFO ofi_cancel_1_30: -9.767130096847097e-08 , std 6.5984836034422684e-06 
2023-05-09 13:45:49,924 INFO ofi_cancel_2_30: -1.7656316970564313e-08 , std 6.181203204231938e-06 
2023-05-09 13:45:49,924 INFO ofi_cancel_3_30: -1.7962667664289138e-07 , std 5.3763804888320805e-06 
2023-05-09 13:45:49,924 INFO ofi_cancel_4_30: -1.3933888841433664e-07 , std 4.869477233524223e-06 
2023-05-09 13:45:49,924 INFO ofi_cancel_5_30: -3.050451189135011e-08 , std 2.733806598654844e-06 
2023-05-09 13:45:49,924 INFO ofi_cancel_6_30: -1.979766962050667e-08 , std 2.140206680006755e-06 
2023-05-09 13:45:49,924 INFO ofi_cancel_7_30: -1.582487582986618e-08 , std 2.2778681994767815e-06 
2023-05-09 13:45:49,924 INFO ofi_cancel_8_30: -1.8021306815037576e-08 , std 1.8870237452150212e-06 
2023-05-09 13:45:49,924 INFO ofi_cancel_9_30: -8.966660111860153e-09 , std 9.902971426826635e-07 
2023-05-09 13:45:49,924 INFO ofi_cancel_10_30: -1.1970102473919637e-08 , std 1.3040994978920205e-06 
2023-05-09 13:45:49,924 INFO ofi_trade_1_30: -2.7869393307059275e-09 , std 4.955449837139062e-07 
2023-05-09 13:45:49,924 INFO ofi_trade_2_30: -8.365425650434274e-08 , std 4.3697164731880724e-06 
2023-05-09 13:45:49,924 INFO ofi_trade_3_30: -1.1226076614941325e-07 , std 4.655776452151013e-06 
2023-05-09 13:45:49,924 INFO ofi_trade_4_30: -9.458635621625061e-08 , std 4.7491540811671916e-06 
2023-05-09 13:45:49,924 INFO ofi_trade_5_30: -4.510989027048887e-08 , std 4.5146155174684645e-06 
2023-05-09 13:45:49,924 INFO ofi_trade_6_30: -2.8142822179935628e-08 , std 2.384305368817895e-06 
2023-05-09 13:45:49,925 INFO ofi_trade_7_30: -3.318402904412508e-08 , std 2.1830862342314714e-06 
2023-05-09 13:45:49,925 INFO ofi_trade_8_30: -2.894726536636373e-08 , std 2.773065060277421e-06 
2023-05-09 13:45:49,925 INFO ofi_trade_9_30: -1.188730113286714e-08 , std 1.8881233510269931e-06 
2023-05-09 13:45:49,925 INFO ofi_trade_10_30: -3.040502484424195e-08 , std 2.775127034239952e-06 
2023-05-09 13:45:49,925 INFO used_intercept: 0.9757141135350127 , std 0.15393531818136175 
2023-05-09 13:45:49,925 INFO used_ofi_add_1_1: 0.03561528263227673 , std 0.18532898930091798 
2023-05-09 13:45:49,925 INFO used_ofi_add_2_1: 0.004891326182154192 , std 0.06976676221764892 
2023-05-09 13:45:49,925 INFO used_ofi_add_3_1: 0.003711180748061548 , std 0.06080631452009541 
2023-05-09 13:45:49,925 INFO used_ofi_add_4_1: 0.0021694588405447753 , std 0.046526898552170425 
2023-05-09 13:45:49,925 INFO used_ofi_add_5_1: 0.0010244666747016994 , std 0.0319908915589129 
2023-05-09 13:45:49,925 INFO used_ofi_add_6_1: 0.0005674741874573139 , std 0.023814956655511334 
2023-05-09 13:45:49,925 INFO used_ofi_add_7_1: 0.0008135470652042907 , std 0.028511141793639 
2023-05-09 13:45:49,925 INFO used_ofi_add_8_1: 0.0005172552328150737 , std 0.022737363080163876 
2023-05-09 13:45:49,925 INFO used_ofi_add_9_1: 0.0004469486963159375 , std 0.021136436151319337 
2023-05-09 13:45:49,925 INFO used_ofi_add_10_1: 0.0009441163472741151 , std 0.030711968214312234 
2023-05-09 13:45:49,925 INFO used_ofi_cancel_1_1: 0.005955968020569684 , std 0.07694474943430277 
2023-05-09 13:45:49,925 INFO used_ofi_cancel_2_1: 0.0010495761520228194 , std 0.03238015660746446 
2023-05-09 13:45:49,925 INFO used_ofi_cancel_3_1: 0.0022648748543650315 , std 0.04753677730199111 
2023-05-09 13:45:49,925 INFO used_ofi_cancel_4_1: 0.0008587441243823069 , std 0.029291751106943837 
2023-05-09 13:45:49,925 INFO used_ofi_cancel_5_1: 0.00040677353260214536 , std 0.020164524985610735 
2023-05-09 13:45:49,925 INFO used_ofi_cancel_6_1: 0.00028624804146076897 , std 0.016916444765952707 
2023-05-09 13:45:49,925 INFO used_ofi_cancel_7_1: 0.00014563496846249649 , std 0.012067052619362249 
2023-05-09 13:45:49,925 INFO used_ofi_cancel_8_1: 9.541601382025632e-05 , std 0.009767646062617288 
2023-05-09 13:45:49,925 INFO used_ofi_cancel_9_1: 0.00013559117753404845 , std 0.011643573015471814 
2023-05-09 13:45:49,925 INFO used_ofi_cancel_10_1: 0.00010043790928448034 , std 0.01002136824544727 
2023-05-09 13:45:49,925 INFO used_ofi_trade_1_1: 1.506568639267205e-05 , std 0.0038814249210522627 
2023-05-09 13:45:49,925 INFO used_ofi_trade_2_1: 0.00037664215981680123 , std 0.019403615655342425 
2023-05-09 13:45:49,925 INFO used_ofi_trade_3_1: 0.0004469486963159375 , std 0.02113643615131934 
2023-05-09 13:45:49,925 INFO used_ofi_trade_4_1: 0.00030633562331766503 , std 0.017499765192811916 
2023-05-09 13:45:49,925 INFO used_ofi_trade_5_1: 0.00013559117753404845 , std 0.011643573015471817 
2023-05-09 13:45:49,925 INFO used_ofi_trade_6_1: 0.0002661604596038729 , std 0.01631225362154526 
2023-05-09 13:45:49,925 INFO used_ofi_trade_7_1: 0.00013559117753404845 , std 0.011643573015471817 
2023-05-09 13:45:49,925 INFO used_ofi_trade_8_1: 0.00019083202764051265 , std 0.013812878439258752 
2023-05-09 13:45:49,925 INFO used_ofi_trade_9_1: 0.00022598529589008075 , std 0.015031108626316363 
2023-05-09 13:45:49,925 INFO used_ofi_trade_10_1: 0.00017576634124784058 , std 0.013256524712047454 
2023-05-09 13:45:49,925 INFO used_ofi_add_1_2: 0.048004298742517375 , std 0.21377531673408068 
2023-05-09 13:45:49,925 INFO used_ofi_add_2_2: 0.0075227994054075775 , std 0.08640721552343632 
2023-05-09 13:45:49,925 INFO used_ofi_add_3_2: 0.004931501345867984 , std 0.07005127864888469 
2023-05-09 13:45:49,925 INFO used_ofi_add_4_2: 0.0037212245389899963 , std 0.06088823389555993 
2023-05-09 13:45:49,925 INFO used_ofi_add_5_2: 0.001501546743802981 , std 0.03872069344909974 
2023-05-09 13:45:49,925 INFO used_ofi_add_6_2: 0.0011198826885219558 , std 0.03344590485075721 
2023-05-09 13:45:49,925 INFO used_ofi_add_7_2: 0.0010194447792374753 , std 0.03191246639762526 
2023-05-09 13:45:49,925 INFO used_ofi_add_8_2: 0.0010043790928448034 , std 0.03167602114348739 
2023-05-09 13:45:49,925 INFO used_ofi_add_9_2: 0.0010395323610943715 , std 0.032225017200377244 
2023-05-09 13:45:49,925 INFO used_ofi_add_10_2: 0.001220320597806436 , std 0.03491176614617206 
2023-05-09 13:45:49,925 INFO used_ofi_cancel_1_2: 0.008331324575147644 , std 0.09089506920604211 
2023-05-09 13:45:49,925 INFO used_ofi_cancel_2_2: 0.0016120284440159093 , std 0.04011769943941941 
2023-05-09 13:45:49,925 INFO used_ofi_cancel_3_2: 0.003570567675063276 , std 0.05964745360483605 
2023-05-09 13:45:49,925 INFO used_ofi_cancel_4_2: 0.001471415371017637 , std 0.03833080103289742 
2023-05-09 13:45:49,925 INFO used_ofi_cancel_5_2: 0.0004871238600297296 , std 0.022065506347571533 
2023-05-09 13:45:49,925 INFO used_ofi_cancel_6_2: 0.0002410509822827528 , std 0.015523945268735434 
2023-05-09 13:45:49,925 INFO used_ofi_cancel_7_2: 0.00017576634124784058 , std 0.013256524712047458 
2023-05-09 13:45:49,925 INFO used_ofi_cancel_8_2: 0.00017074444578361658 , std 0.013065806217675611 
2023-05-09 13:45:49,925 INFO used_ofi_cancel_9_2: 7.532843196336024e-05 , std 0.008678868451053869 
2023-05-09 13:45:49,925 INFO used_ofi_cancel_10_2: 0.0002410509822827528 , std 0.015523945268735434 
2023-05-09 13:45:49,925 INFO used_ofi_trade_1_2: 4.519705917801615e-05 , std 0.006722723882761943 
2023-05-09 13:45:49,926 INFO used_ofi_trade_2_2: 0.0006227150375637781 , std 0.024946488000233025 
2023-05-09 13:45:49,926 INFO used_ofi_trade_3_2: 0.0008286127515969628 , std 0.02877370592233218 
2023-05-09 13:45:49,926 INFO used_ofi_trade_4_2: 0.0003816640552810253 , std 0.019532495688721698 
2023-05-09 13:45:49,926 INFO used_ofi_trade_5_2: 0.00025109477321120084 , std 0.015843980706440757 
2023-05-09 13:45:49,926 INFO used_ofi_trade_6_2: 0.00022096340042585674 , std 0.014863195336182891 
2023-05-09 13:45:49,926 INFO used_ofi_trade_7_2: 0.00022598529589008075 , std 0.015031108626316366 
2023-05-09 13:45:49,926 INFO used_ofi_trade_8_2: 0.00028624804146076897 , std 0.01691644476595271 
2023-05-09 13:45:49,926 INFO used_ofi_trade_9_2: 0.00018581013217628862 , std 0.013629952559384395 
2023-05-09 13:45:49,926 INFO used_ofi_trade_10_2: 0.00028624804146076897 , std 0.01691644476595271 
2023-05-09 13:45:49,926 INFO used_ofi_add_1_3: 0.062246394279056684 , std 0.24160252622502296 
2023-05-09 13:45:49,926 INFO used_ofi_add_2_3: 0.009667148768631232 , std 0.09784526050512812 
2023-05-09 13:45:49,926 INFO used_ofi_add_3_3: 0.007191354304768792 , std 0.08449638292869154 
2023-05-09 13:45:49,926 INFO used_ofi_add_4_3: 0.004283676830983086 , std 0.065309470552063 
2023-05-09 13:45:49,926 INFO used_ofi_add_5_3: 0.002154393154152103 , std 0.046365415390023694 
2023-05-09 13:45:49,926 INFO used_ofi_add_6_3: 0.0012303643887348842 , std 0.03505496530030827 
2023-05-09 13:45:49,926 INFO used_ofi_add_7_3: 0.000929050660881443 , std 0.030466170185157154 
2023-05-09 13:45:49,926 INFO used_ofi_add_8_3: 0.0013458679844120364 , std 0.03666137782163365 
2023-05-09 13:45:49,926 INFO used_ofi_add_9_3: 0.0013659555662689326 , std 0.03693358541571494 
2023-05-09 13:45:49,926 INFO used_ofi_add_10_3: 0.0014563496846249648 , std 0.03813435105283761 
2023-05-09 13:45:49,926 INFO used_ofi_cancel_1_3: 0.009551645172954079 , std 0.09726464541365513 
2023-05-09 13:45:49,926 INFO used_ofi_cancel_2_3: 0.002063999035796071 , std 0.04538434690260844 
2023-05-09 13:45:49,926 INFO used_ofi_cancel_3_3: 0.004705516049977904 , std 0.06843518224335567 
2023-05-09 13:45:49,926 INFO used_ofi_cancel_4_3: 0.0019535173355831425 , std 0.044155419889326385 
2023-05-09 13:45:49,926 INFO used_ofi_cancel_5_3: 0.0007131091559198103 , std 0.02669458055957339 
2023-05-09 13:45:49,926 INFO used_ofi_cancel_6_3: 0.00036659836888835323 , std 0.019143248797533863 
2023-05-09 13:45:49,926 INFO used_ofi_cancel_7_3: 0.00015567875939094452 , std 0.012476158203342042 
2023-05-09 13:45:49,926 INFO used_ofi_cancel_8_3: 0.00016572255031939255 , std 0.01287226034368899 
2023-05-09 13:45:49,926 INFO used_ofi_cancel_9_3: 0.0002711823550680969 , std 0.016465382327732227 
2023-05-09 13:45:49,926 INFO used_ofi_cancel_10_3: 0.0001506568639267205 , std 0.012273311143944502 
2023-05-09 13:45:49,926 INFO used_ofi_trade_1_3: 1.506568639267205e-05 , std 0.0038814249210522627 
2023-05-09 13:45:49,926 INFO used_ofi_trade_2_3: 0.0006277369330280021 , std 0.025046813756861665 
2023-05-09 13:45:49,926 INFO used_ofi_trade_3_3: 0.0008185689606685148 , std 0.028598931894830353 
2023-05-09 13:45:49,926 INFO used_ofi_trade_4_3: 0.000592583664778434 , std 0.02433582769043765 
2023-05-09 13:45:49,926 INFO used_ofi_trade_5_3: 0.00035153268249568117 , std 0.018745909080885314 
2023-05-09 13:45:49,926 INFO used_ofi_trade_6_3: 0.0003264232051745611 , std 0.01806423685256825 
2023-05-09 13:45:49,926 INFO used_ofi_trade_7_3: 0.0002661604596038729 , std 0.01631225362154526 
2023-05-09 13:45:49,926 INFO used_ofi_trade_8_3: 0.00023602908681852878 , std 0.015361424969341364 
2023-05-09 13:45:49,926 INFO used_ofi_trade_9_3: 0.00036659836888835323 , std 0.019143248797533863 
2023-05-09 13:45:49,926 INFO used_ofi_trade_10_3: 0.0004268611144590414 , std 0.02065620739748719 
2023-05-09 13:45:49,926 INFO used_ofi_add_1_5: 0.09247318307822104 , std 0.2896927570540949 
2023-05-09 13:45:49,926 INFO used_ofi_add_2_5: 0.014206942268289743 , std 0.11834316651026043 
2023-05-09 13:45:49,926 INFO used_ofi_add_3_5: 0.01159053473142903 , std 0.10703361264606816 
2023-05-09 13:45:49,926 INFO used_ofi_add_4_5: 0.006603792535454582 , std 0.08099495329712374 
2023-05-09 13:45:49,926 INFO used_ofi_add_5_5: 0.002751998714394761 , std 0.05238726197722811 
2023-05-09 13:45:49,926 INFO used_ofi_add_6_5: 0.0019484954401189185 , std 0.044098739274935676 
2023-05-09 13:45:49,926 INFO used_ofi_add_7_5: 0.002084086617652967 , std 0.045604201567652596 
2023-05-09 13:45:49,926 INFO used_ofi_add_8_5: 0.0020338676630107266 , std 0.045052536502843944 
2023-05-09 13:45:49,926 INFO used_ofi_add_9_5: 0.0016873568759792697 , std 0.04104277893554913 
2023-05-09 13:45:49,926 INFO used_ofi_add_10_5: 0.002370334659113736 , std 0.04862834741914988 
2023-05-09 13:45:49,926 INFO used_ofi_cancel_1_5: 0.014312402073038447 , std 0.1187752382440807 
2023-05-09 13:45:49,926 INFO used_ofi_cancel_2_5: 0.0028323490418223456 , std 0.05314439613663546 
2023-05-09 13:45:49,926 INFO used_ofi_cancel_3_5: 0.006347675866779157 , std 0.07941903347352867 
2023-05-09 13:45:49,926 INFO used_ofi_cancel_4_5: 0.0028574585191434654 , std 0.05337877340249437 
2023-05-09 13:45:49,926 INFO used_ofi_cancel_5_5: 0.0006528464103491222 , std 0.02554251753280433 
2023-05-09 13:45:49,926 INFO used_ofi_cancel_6_5: 0.0003615764734241292 , std 0.019011726272960994 
2023-05-09 13:45:49,926 INFO used_ofi_cancel_7_5: 0.00030633562331766503 , std 0.017499765192811916 
2023-05-09 13:45:49,927 INFO used_ofi_cancel_8_5: 0.00023602908681852878 , std 0.015361424969341366 
2023-05-09 13:45:49,927 INFO used_ofi_cancel_9_5: 0.00022598529589008075 , std 0.015031108626316361 
2023-05-09 13:45:49,927 INFO used_ofi_cancel_10_5: 0.00030633562331766503 , std 0.017499765192811916 
2023-05-09 13:45:49,927 INFO used_ofi_trade_1_5: 3.5153268249568114e-05 , std 0.0059289149510934535 
2023-05-09 13:45:49,927 INFO used_ofi_trade_2_5: 0.0007482624241693785 , std 0.02734414978590401 
2023-05-09 13:45:49,927 INFO used_ofi_trade_3_5: 0.0010646418384154916 , std 0.03261147614217098 
2023-05-09 13:45:49,927 INFO used_ofi_trade_4_5: 0.0009642039291310112 , std 0.031036659612691243 
2023-05-09 13:45:49,927 INFO used_ofi_trade_5_5: 0.00040677353260214536 , std 0.02016452498561074 
2023-05-09 13:45:49,927 INFO used_ofi_trade_6_5: 0.00034148889156723316 , std 0.01847626252530985 
2023-05-09 13:45:49,927 INFO used_ofi_trade_7_5: 0.00037162026435257723 , std 0.01927387254112935 
2023-05-09 13:45:49,927 INFO used_ofi_trade_8_5: 0.00034148889156723316 , std 0.018476262525309855 
2023-05-09 13:45:49,927 INFO used_ofi_trade_9_5: 0.0002812261459965449 , std 0.01676744040846285 
2023-05-09 13:45:49,927 INFO used_ofi_trade_10_5: 0.0006126712466353301 , std 0.024744613162845694 
2023-05-09 13:45:49,927 INFO used_ofi_add_1_10: 0.13465710497770278 , std 0.34135695255366744 
2023-05-09 13:45:49,927 INFO used_ofi_add_2_10: 0.021197420754489573 , std 0.14404197342388333 
2023-05-09 13:45:49,927 INFO used_ofi_add_3_10: 0.018832107990840063 , std 0.13593182004027388 
2023-05-09 13:45:49,927 INFO used_ofi_add_4_10: 0.009873046482664417 , std 0.09887147938518753 
2023-05-09 13:45:49,927 INFO used_ofi_add_5_10: 0.00418826081716283 , std 0.06458110628109624 
2023-05-09 13:45:49,927 INFO used_ofi_add_6_10: 0.002983005905749066 , std 0.05453537917274742 
2023-05-09 13:45:49,927 INFO used_ofi_add_7_10: 0.0033797356474227634 , std 0.058037169420779834 
2023-05-09 13:45:49,927 INFO used_ofi_add_8_10: 0.002977984010284842 , std 0.05448959186412877 
2023-05-09 13:45:49,927 INFO used_ofi_add_9_10: 0.002611385641396489 , std 0.051034951811757365 
2023-05-09 13:45:49,927 INFO used_ofi_add_10_10: 0.0038266843437387006 , std 0.06174172681964835 
2023-05-09 13:45:49,927 INFO used_ofi_cancel_1_10: 0.019871640351934432 , std 0.13955915685349277 
2023-05-09 13:45:49,927 INFO used_ofi_cancel_2_10: 0.0037312683299184444 , std 0.060970041549670874 
2023-05-09 13:45:49,927 INFO used_ofi_cancel_3_10: 0.009295528504278654 , std 0.09596416859487085 
2023-05-09 13:45:49,927 INFO used_ofi_cancel_4_10: 0.003937166043951629 , std 0.06262319672049634 
2023-05-09 13:45:49,927 INFO used_ofi_cancel_5_10: 0.0008587441243823069 , std 0.02929175110694383 
2023-05-09 13:45:49,927 INFO used_ofi_cancel_6_10: 0.00047708006910128156 , std 0.021836951795270048 
2023-05-09 13:45:49,927 INFO used_ofi_cancel_7_10: 0.0002812261459965449 , std 0.01676744040846285 
2023-05-09 13:45:49,927 INFO used_ofi_cancel_8_10: 0.00031135751878188904 , std 0.017642578475874415 
2023-05-09 13:45:49,927 INFO used_ofi_cancel_9_10: 0.00024607287774697684 , std 0.015684780071324372 
2023-05-09 13:45:49,927 INFO used_ofi_cancel_10_10: 0.00029126993692499297 , std 0.017064146587182045 
2023-05-09 13:45:49,927 INFO used_ofi_trade_1_10: 1.506568639267205e-05 , std 0.003881424921052263 
2023-05-09 13:45:49,927 INFO used_ofi_trade_2_10: 0.0011349483749146278 , std 0.0336698718010762 
2023-05-09 13:45:49,927 INFO used_ofi_trade_3_10: 0.0016722911895865975 , std 0.04085944972419268 
2023-05-09 13:45:49,927 INFO used_ofi_trade_4_10: 0.0010897513157366117 , std 0.03299338960771477 
2023-05-09 13:45:49,927 INFO used_ofi_trade_5_10: 0.0008035032742758427 , std 0.028334742927439288 
2023-05-09 13:45:49,927 INFO used_ofi_trade_6_10: 0.00043690490538748943 , std 0.020897703689428115 
2023-05-09 13:45:49,927 INFO used_ofi_trade_7_10: 0.0006428026194206742 , std 0.02534540242752401 
2023-05-09 13:45:49,927 INFO used_ofi_trade_8_10: 0.0006227150375637781 , std 0.024946488000233025 
2023-05-09 13:45:49,927 INFO used_ofi_trade_9_10: 0.0005373428146719698 , std 0.02317442722855282 
2023-05-09 13:45:49,927 INFO used_ofi_trade_10_10: 0.0007934594833473946 , std 0.028157235400438022 
2023-05-09 13:45:49,927 INFO used_ofi_add_1_20: 0.16419589409826846 , std 0.3704532392347767 
2023-05-09 13:45:49,927 INFO used_ofi_add_2_20: 0.025897914909003256 , std 0.15883076815393574 
2023-05-09 13:45:49,927 INFO used_ofi_add_3_20: 0.02642019203728255 , std 0.16038131278299123 
2023-05-09 13:45:49,927 INFO used_ofi_add_4_20: 0.013775059258366478 , std 0.1165560251586977 
2023-05-09 13:45:49,927 INFO used_ofi_add_5_20: 0.0051775742236149615 , std 0.07176884385841756 
2023-05-09 13:45:49,927 INFO used_ofi_add_6_20: 0.004107910489735246 , std 0.06396120356234371 
2023-05-09 13:45:49,927 INFO used_ofi_add_7_20: 0.0034048451247438833 , std 0.05825162791219135 
2023-05-09 13:45:49,927 INFO used_ofi_add_8_20: 0.0032391225744244907 , std 0.05682104063964635 
2023-05-09 13:45:49,927 INFO used_ofi_add_9_20: 0.003962275521272749 , std 0.06282177881886404 
2023-05-09 13:45:49,927 INFO used_ofi_add_10_20: 0.005463822265075731 , std 0.07371545910683454 
2023-05-09 13:45:49,927 INFO used_ofi_cancel_1_20: 0.02538065967618818 , std 0.15727835766751155 
2023-05-09 13:45:49,927 INFO used_ofi_cancel_2_20: 0.005433690892290386 , std 0.07351303214789487 
2023-05-09 13:45:49,927 INFO used_ofi_cancel_3_20: 0.012112811859708328 , std 0.10938963227180004 
2023-05-09 13:45:49,928 INFO used_ofi_cancel_4_20: 0.004946567032260657 , std 0.0701576689097921 
2023-05-09 13:45:49,928 INFO used_ofi_cancel_5_20: 0.0011249045839861796 , std 0.033520727522879136 
2023-05-09 13:45:49,928 INFO used_ofi_cancel_6_20: 0.0006930215740629143 , std 0.02631617934200931 
2023-05-09 13:45:49,928 INFO used_ofi_cancel_7_20: 0.0003264232051745611 , std 0.01806423685256825 
2023-05-09 13:45:49,928 INFO used_ofi_cancel_8_20: 0.000296291832389217 , std 0.017210579407424854 
2023-05-09 13:45:49,928 INFO used_ofi_cancel_9_20: 0.0004871238600297296 , std 0.02206550634757153 
2023-05-09 13:45:49,928 INFO used_ofi_cancel_10_20: 0.000301313727853441 , std 0.01735577534686503 
2023-05-09 13:45:49,928 INFO used_ofi_trade_1_20: 3.5153268249568114e-05 , std 0.005928914951093454 
2023-05-09 13:45:49,928 INFO used_ofi_trade_2_20: 0.0011048170021292836 , std 0.03322042115207284 
2023-05-09 13:45:49,928 INFO used_ofi_trade_3_20: 0.0019987143947611586 , std 0.044662283142819 
2023-05-09 13:45:49,928 INFO used_ofi_trade_4_20: 0.0014513277891607407 , std 0.03806864112112685 
2023-05-09 13:45:49,928 INFO used_ofi_trade_5_20: 0.0007984813788116187 , std 0.028246129049823973 
2023-05-09 13:45:49,928 INFO used_ofi_trade_6_20: 0.0005775179783857619 , std 0.024024663397650404 
2023-05-09 13:45:49,928 INFO used_ofi_trade_7_20: 0.0007783937969547225 , std 0.02788884902701409 
2023-05-09 13:45:49,928 INFO used_ofi_trade_8_20: 0.0007030653649913623 , std 0.026506057120664176 
2023-05-09 13:45:49,928 INFO used_ofi_trade_9_20: 0.0007030653649913623 , std 0.026506057120664176 
2023-05-09 13:45:49,928 INFO used_ofi_trade_10_20: 0.000903941183560323 , std 0.030052022792101483 
2023-05-09 13:45:49,928 INFO used_ofi_add_1_30: 0.19210256719296132 , std 0.3939532597540413 
2023-05-09 13:45:49,928 INFO used_ofi_add_2_30: 0.03085452573219236 , std 0.1729234627632521 
2023-05-09 13:45:49,928 INFO used_ofi_add_3_30: 0.033204772809449196 , std 0.17917091246104114 
2023-05-09 13:45:49,928 INFO used_ofi_add_4_30: 0.017436021051785787 , std 0.13088928994255974 
2023-05-09 13:45:49,928 INFO used_ofi_add_5_30: 0.007166244827447672 , std 0.08434980594240127 
2023-05-09 13:45:49,928 INFO used_ofi_add_6_30: 0.005167530432686513 , std 0.07169956109986846 
2023-05-09 13:45:49,928 INFO used_ofi_add_7_30: 0.005047004941545137 , std 0.07086277360268335 
2023-05-09 13:45:49,928 INFO used_ofi_add_8_30: 0.004956610823189105 , std 0.0702285044147784 
2023-05-09 13:45:49,928 INFO used_ofi_add_9_30: 0.0050168735687597926 , std 0.0706519960677324 
2023-05-09 13:45:49,928 INFO used_ofi_add_10_30: 0.007392230123337753 , std 0.08565970497930384 
2023-05-09 13:45:49,928 INFO used_ofi_cancel_1_30: 0.029413241733960066 , std 0.1689618387230078 
2023-05-09 13:45:49,928 INFO used_ofi_cancel_2_30: 0.006543529789883894 , std 0.08062699304682519 
2023-05-09 13:45:49,928 INFO used_ofi_cancel_3_30: 0.014699088023783696 , std 0.12034543961053427 
2023-05-09 13:45:49,928 INFO used_ofi_cancel_4_30: 0.005719938933751155 , std 0.07541366741079045 
2023-05-09 13:45:49,928 INFO used_ofi_cancel_5_30: 0.0011198826885219558 , std 0.03344590485075721 
2023-05-09 13:45:49,928 INFO used_ofi_cancel_6_30: 0.0008185689606685148 , std 0.028598931894830353 
2023-05-09 13:45:49,928 INFO used_ofi_cancel_7_30: 0.0007984813788116187 , std 0.028246129049823977 
2023-05-09 13:45:49,928 INFO used_ofi_cancel_8_30: 0.000617693142099554 , std 0.024845756122158117 
2023-05-09 13:45:49,928 INFO used_ofi_cancel_9_30: 0.0005574303965288659 , std 0.023603382551699904 
2023-05-09 13:45:49,928 INFO used_ofi_cancel_10_30: 0.0006879996785986903 , std 0.02622072338897115 
2023-05-09 13:45:49,928 INFO used_ofi_trade_1_30: 8.035032742758427e-05 , std 0.008963474284699352 
2023-05-09 13:45:49,928 INFO used_ofi_trade_2_30: 0.0017526415170141818 , std 0.041827858715538145 
2023-05-09 13:45:49,928 INFO used_ofi_trade_3_30: 0.0026364951187176086 , std 0.051279079673942934 
2023-05-09 13:45:49,928 INFO used_ofi_trade_4_30: 0.0018982764854766783 , std 0.04352784203083544 
2023-05-09 13:45:49,928 INFO used_ofi_trade_5_30: 0.0011148607930577318 , std 0.033370913659500456 
2023-05-09 13:45:49,928 INFO used_ofi_trade_6_30: 0.000913984974488771 , std 0.030218365375300822 
2023-05-09 13:45:49,928 INFO used_ofi_trade_7_30: 0.0008687879153107549 , std 0.02946240185166452 
2023-05-09 13:45:49,928 INFO used_ofi_trade_8_30: 0.000903941183560323 , std 0.03005202279210148 
2023-05-09 13:45:49,928 INFO used_ofi_trade_9_30: 0.0010997951066650596 , std 0.03314491751971055 
2023-05-09 13:45:49,928 INFO used_ofi_trade_10_30: 0.0016522036077297015 , std 0.040613714813696945 
2023-05-09 13:45:50,547 INFO Grouping by horizont:
2023-05-09 13:45:50,547 INFO 1: 0.06427524004660319
2023-05-09 13:45:50,547 INFO 2: 0.0907958699931702
2023-05-09 13:45:50,547 INFO 3: 0.11599574143264636
2023-05-09 13:45:50,547 INFO 5: 0.17135711703025186
2023-05-09 13:45:50,547 INFO 10: 0.2515768751757663
2023-05-09 13:45:50,547 INFO 20: 0.31580189626772726
2023-05-09 13:45:50,547 INFO 30: 0.38224157325941094
2023-05-09 13:45:50,547 INFO Grouping by ofi type:
2023-05-09 13:45:50,547 INFO add: 1.1199228636856695
2023-05-09 13:45:50,547 INFO cancel: 0.22759230243863246
2023-05-09 13:45:50,547 INFO trade: 0.04452914708127435
2023-05-09 13:45:50,547 INFO Grouping by ofi type and horizont:
2023-05-09 13:45:50,547 INFO add_1: 0.050701056606805676
2023-05-09 13:45:50,548 INFO cancel_1: 0.011299264794504039
2023-05-09 13:45:50,548 INFO trade_1: 0.0022749186452934796
2023-05-09 13:45:50,548 INFO add_2: 0.07108493029609096
2023-05-09 13:45:50,548 INFO cancel_2: 0.016376401108834513
2023-05-09 13:45:50,548 INFO trade_2: 0.003334538588244748
2023-05-09 13:45:50,548 INFO add_3: 0.09187055562251417
2023-05-09 13:45:50,548 INFO cancel_3: 0.020097625647824517
2023-05-09 13:45:50,548 INFO trade_3: 0.004027560162307662
2023-05-09 13:45:50,548 INFO add_5: 0.13775059258366476
2023-05-09 13:45:50,548 INFO cancel_5: 0.02843899401390061
2023-05-09 13:45:50,548 INFO trade_5: 0.005167530432686513
2023-05-09 13:45:50,548 INFO add_10: 0.20452673657145154
2023-05-09 13:45:50,548 INFO cancel_10: 0.03930135390301715
2023-05-09 13:45:50,548 INFO trade_10: 0.007748784701297657
2023-05-09 13:45:50,548 INFO add_20: 0.2556446105017878
2023-05-09 13:45:50,548 INFO cancel_20: 0.0511028082439436
2023-05-09 13:45:50,548 INFO trade_20: 0.009054477521995901
2023-05-09 13:45:50,548 INFO add_30: 0.3083443815033546
2023-05-09 13:45:50,548 INFO cancel_30: 0.06097585472660801
2023-05-09 13:45:50,548 INFO trade_30: 0.012921337029448397
2023-05-09 13:45:50,548 INFO Grouping by level:
2023-05-09 13:45:50,548 INFO 1: 0.8423526575870797
2023-05-09 13:45:50,548 INFO 2: 0.14387228315455386
2023-05-09 13:45:50,548 INFO 3: 0.1683439797517175
2023-05-09 13:45:50,548 INFO 4: 0.08629122976176128
2023-05-09 13:45:50,548 INFO 5: 0.03318970712305652
2023-05-09 13:45:50,548 INFO 6: 0.02345225181792616
2023-05-09 13:45:50,548 INFO 7: 0.02215660278815636
2023-05-09 13:45:50,548 INFO 8: 0.02125266160459604
2023-05-09 13:45:50,548 INFO 9: 0.02152886585512836
2023-05-09 13:45:50,548 INFO 10: 0.029604073761600576
2023-05-09 13:45:50,548 INFO Grouping by level and horizont:
2023-05-09 13:45:50,548 INFO 1_1: 0.041586316339239086
2023-05-09 13:45:50,548 INFO 2_1: 0.006317544493993813
2023-05-09 13:45:50,548 INFO 3_1: 0.006423004298742517
2023-05-09 13:45:50,548 INFO 4_1: 0.003334538588244747
2023-05-09 13:45:50,548 INFO 5_1: 0.0015668313848378932
2023-05-09 13:45:50,548 INFO 6_1: 0.0011198826885219558
2023-05-09 13:45:50,549 INFO 7_1: 0.0010947732112008357
2023-05-09 13:45:50,549 INFO 8_1: 0.0008035032742758427
2023-05-09 13:45:50,549 INFO 9_1: 0.0008085251697400667
2023-05-09 13:45:50,549 INFO 10_1: 0.0012203205978064359
2023-05-09 13:45:50,549 INFO 1_2: 0.056380820376843034
2023-05-09 13:45:50,549 INFO 2_2: 0.009757542886987264
2023-05-09 13:45:50,549 INFO 3_2: 0.009330681772528222
2023-05-09 13:45:50,549 INFO 4_2: 0.005574303965288659
2023-05-09 13:45:50,549 INFO 5_2: 0.0022397653770439116
2023-05-09 13:45:50,549 INFO 6_2: 0.0015818970712305654
2023-05-09 13:45:50,549 INFO 7_2: 0.0014211964163753968
2023-05-09 13:45:50,549 INFO 8_2: 0.0014613715800891889
2023-05-09 13:45:50,549 INFO 9_2: 0.0013006709252340203
2023-05-09 13:45:50,549 INFO 10_2: 0.001747619621549958
2023-05-09 13:45:50,549 INFO 1_3: 0.07181310513840344
2023-05-09 13:45:50,549 INFO 2_3: 0.012358884737455306
2023-05-09 13:45:50,549 INFO 3_3: 0.01271543931541521
2023-05-09 13:45:50,549 INFO 4_3: 0.006829777831344664
2023-05-09 13:45:50,549 INFO 5_3: 0.003219034992567595
2023-05-09 13:45:50,549 INFO 6_3: 0.0019233859627977986
2023-05-09 13:45:50,549 INFO 7_3: 0.0013508898798762605
2023-05-09 13:45:50,549 INFO 8_3: 0.0017476196215499577
2023-05-09 13:45:50,549 INFO 9_3: 0.0020037362902253827
2023-05-09 13:45:50,549 INFO 10_3: 0.0020338676630107266
2023-05-09 13:45:50,549 INFO 1_5: 0.10682073841950906
2023-05-09 13:45:50,549 INFO 2_5: 0.017787553734281467
2023-05-09 13:45:50,549 INFO 3_5: 0.01900285243662368
2023-05-09 13:45:50,549 INFO 4_5: 0.01042545498372906
2023-05-09 13:45:50,549 INFO 5_5: 0.0038116186573460284
2023-05-09 13:45:50,549 INFO 6_5: 0.002651560805110281
2023-05-09 13:45:50,549 INFO 7_5: 0.002762042505323209
2023-05-09 13:45:50,549 INFO 8_5: 0.002611385641396489
2023-05-09 13:45:50,549 INFO 9_5: 0.0021945683178658955
2023-05-09 13:45:50,549 INFO 10_5: 0.003289341529066731
2023-05-09 13:45:50,549 INFO 1_10: 0.15454381101602988
2023-05-09 13:45:50,549 INFO 2_10: 0.026063637459322647
2023-05-09 13:45:50,549 INFO 3_10: 0.029799927684705317
2023-05-09 13:45:50,549 INFO 4_10: 0.014899963842352659
2023-05-09 13:45:50,549 INFO 5_10: 0.00585050821582098
2023-05-09 13:45:50,549 INFO 6_10: 0.003896990880237837
2023-05-09 13:45:50,549 INFO 7_10: 0.0043037644128399825
2023-05-09 13:45:50,549 INFO 8_10: 0.003912056566630509
2023-05-09 13:45:50,549 INFO 9_10: 0.003394801333815435
2023-05-09 13:45:50,549 INFO 10_10: 0.004911413764011089
2023-05-09 13:45:50,549 INFO 1_20: 0.18961170704270622
2023-05-09 13:45:50,549 INFO 2_20: 0.032436422803422925
2023-05-09 13:45:50,549 INFO 3_20: 0.04053171829175204
2023-05-09 13:45:50,549 INFO 4_20: 0.020172954079787878
2023-05-09 13:45:50,549 INFO 5_20: 0.007100960186412759
2023-05-09 13:45:50,549 INFO 6_20: 0.005378450042183922
2023-05-09 13:45:50,550 INFO 7_20: 0.004509662126873167
2023-05-09 13:45:50,550 INFO 8_20: 0.004238479771805069
2023-05-09 13:45:50,550 INFO 9_20: 0.005152464746293842
2023-05-09 13:45:50,550 INFO 10_20: 0.006669077176489495
2023-05-09 13:45:50,550 INFO 1_30: 0.22159615925434897
2023-05-09 13:45:50,550 INFO 2_30: 0.03915069703909044
2023-05-09 13:45:50,550 INFO 3_30: 0.0505403559519505
2023-05-09 13:45:50,550 INFO 4_30: 0.025054236471013618
2023-05-09 13:45:50,550 INFO 5_30: 0.009400988309027358
2023-05-09 13:45:50,550 INFO 6_30: 0.0069000843678438
2023-05-09 13:45:50,550 INFO 7_30: 0.006714274235667511
2023-05-09 13:45:50,550 INFO 8_30: 0.006478245148848982
2023-05-09 13:45:50,550 INFO 9_30: 0.0066740990719537175
2023-05-09 13:45:50,550 INFO 10_30: 0.009732433409666145
2023-05-09 13:45:50,575 INFO Non empty regressions: 0.4596691575268169 --- 91533 / 199128
