2023-04-21 09:51:17,838 INFO Tickers: ['AVGO']
2023-04-21 09:51:21,438 INFO Negative OS: -0.054596173595606645 --- ticker AVGO --- day 2017-03-09 --- time 45000
2023-04-21 09:51:37,691 INFO Negative OS: -0.030032656603778962 --- ticker AVGO --- day 2018-01-11 --- time 37800
2023-04-21 09:51:37,932 INFO Negative OS: -1.2798656704890532 --- ticker AVGO --- day 2018-01-17 --- time 46800
2023-04-21 09:51:41,051 INFO Negative OS: -4.739391042456048 --- ticker AVGO --- day 2018-03-14 --- time 41400
2023-04-21 09:51:42,542 INFO Negative OS: -0.5621117199346048 --- ticker AVGO --- day 2018-04-10 --- time 41400
2023-04-21 09:51:44,103 INFO Negative OS: -0.5385391028252724 --- ticker AVGO --- day 2018-05-07 --- time 46800
2023-04-21 09:52:00,664 INFO Negative OS: -1.7037389393624633 --- ticker AVGO --- day 2019-02-26 --- time 39600
2023-04-21 09:52:00,674 INFO Negative OS: -0.04546295328921923 --- ticker AVGO --- day 2019-02-26 --- time 43200
2023-04-21 09:52:11,735 INFO Negative OS: -0.03632806884217343 --- ticker AVGO --- day 2019-09-11 --- time 52200
2023-04-21 09:52:12,509 INFO Negative OS: -0.502210002888372 --- ticker AVGO --- day 2019-09-25 --- time 50400
2023-04-21 09:52:14,432 INFO Negative OS: -0.06769555752983059 --- ticker AVGO --- day 2019-10-30 --- time 36000
2023-04-21 09:52:14,470 INFO Negative OS: -0.13423813203532697 --- ticker AVGO --- day 2019-10-30 --- time 52200
2023-04-21 09:52:14,950 INFO Negative OS: -0.2598240423065068 --- ticker AVGO --- day 2019-11-07 --- time 52200
2023-04-21 09:52:16,802 INFO Negative OS: -0.118711197559761 --- ticker AVGO --- day 2019-12-12 --- time 52200
2023-04-21 09:52:16,908 INFO in_r2: 0.7877754566362355 , std 0.08651862473515957 
2023-04-21 09:52:16,908 INFO os_r2: 0.7472502526676402 , std 0.15189734930891352 
2023-04-21 09:52:16,908 INFO intercept: -1.3032234554759886e-07 , std 2.421786297103921e-05 
2023-04-21 09:52:16,908 INFO ofi_1: 8.383422611650831e-05 , std 6.576401475099206e-05 
2023-04-21 09:52:16,908 INFO ofi_2: 0.00011223505749342648 , std 8.527277097088032e-05 
2023-04-21 09:52:16,908 INFO ofi_3: 0.00021711220921683734 , std 0.00010712789948048592 
2023-04-21 09:52:16,908 INFO t_intercept: -0.042033155094413174 , std 1.8365349501781263 
2023-04-21 09:52:16,908 INFO t_ofi_1: 3.0260626918750564 , std 2.007693720456091 
2023-04-21 09:52:16,908 INFO t_ofi_2: 2.623021898550078 , std 1.5980671084771985 
2023-04-21 09:52:16,908 INFO t_ofi_3: 5.861335406104898 , std 2.0627529637800763 
2023-04-21 09:52:16,908 INFO p_intercept: 0.32018433200668167 , std 0.30738606083512987 
2023-04-21 09:52:16,908 INFO p_ofi_1: 0.10016061137930483 , std 0.20954468609352547 
2023-04-21 09:52:16,908 INFO p_ofi_2: 0.12183904289073408 , std 0.22694952688332098 
2023-04-21 09:52:16,908 INFO p_ofi_3: 0.00576182195041062 , std 0.04403207756971436 
