2023-04-21 09:51:13,342 INFO Tickers: ['COST']
2023-04-21 09:51:47,337 INFO Negative OS: -0.088540387522968 --- ticker COST --- day 2018-09-26 --- time 41400
2023-04-21 09:51:48,739 INFO Negative OS: -2.7602056137748257 --- ticker COST --- day 2018-10-19 --- time 39600
2023-04-21 09:51:50,002 INFO Negative OS: -1.2194512362294452 --- ticker COST --- day 2018-11-09 --- time 48600
2023-04-21 09:51:54,411 INFO Negative OS: -1.023695964126782 --- ticker COST --- day 2019-02-01 --- time 41400
2023-04-21 09:51:54,664 INFO Negative OS: -0.20068139249697703 --- ticker COST --- day 2019-02-06 --- time 43200
2023-04-21 09:51:57,731 INFO Negative OS: -0.2619412545051476 --- ticker COST --- day 2019-04-02 --- time 39600
2023-04-21 09:52:08,745 INFO Negative OS: -0.0036564490257957605 --- ticker COST --- day 2019-10-18 --- time 37800
2023-04-21 09:52:09,548 INFO Negative OS: -0.6552419279622461 --- ticker COST --- day 2019-11-01 --- time 50400
2023-04-21 09:52:10,481 INFO Negative OS: -0.1536168094853103 --- ticker COST --- day 2019-11-19 --- time 41400
2023-04-21 09:52:11,873 INFO in_r2: 0.7929709264001418 , std 0.07966852156638629 
2023-04-21 09:52:11,874 INFO os_r2: 0.7575569298748 , std 0.12681040778314562 
2023-04-21 09:52:11,874 INFO intercept: -1.9156386935921702e-07 , std 1.4047221073406275e-05 
2023-04-21 09:52:11,874 INFO ofi_1: 8.610825530641057e-05 , std 5.2453110411356436e-05 
2023-04-21 09:52:11,874 INFO ofi_2: 0.00010402852999562478 , std 5.9889458344632236e-05 
2023-04-21 09:52:11,874 INFO ofi_3: 0.0001624013470316809 , std 7.332651742155007e-05 
2023-04-21 09:52:11,874 INFO t_intercept: -0.056285871228771885 , std 1.6148312849145572 
2023-04-21 09:52:11,874 INFO t_ofi_1: 3.572603087400135 , std 1.9715719436246917 
2023-04-21 09:52:11,874 INFO t_ofi_2: 3.181491512952395 , std 1.6113673169369205 
2023-04-21 09:52:11,874 INFO t_ofi_3: 5.70012449520838 , std 1.9351876975939168 
2023-04-21 09:52:11,874 INFO p_intercept: 0.35830436452732956 , std 0.3106349206421199 
2023-04-21 09:52:11,874 INFO p_ofi_1: 0.06557506081990096 , std 0.1724170707646448 
2023-04-21 09:52:11,874 INFO p_ofi_2: 0.06997314972644383 , std 0.17039247356502774 
2023-04-21 09:52:11,874 INFO p_ofi_3: 0.005388181379900958 , std 0.04609756134505268 
