2023-04-21 09:56:05,361 INFO Tickers: ['INTU']
2023-04-21 09:56:39,204 INFO Negative OS: -0.4237703132428787 --- ticker INTU --- day 2018-10-24 --- time 43200
2023-04-21 09:56:42,382 INFO Negative OS: -1.6096398501851703 --- ticker INTU --- day 2018-12-20 --- time 36000
2023-04-21 09:56:42,870 INFO Negative OS: -0.08615722118157532 --- ticker INTU --- day 2018-12-31 --- time 36000
2023-04-21 09:56:44,082 INFO Negative OS: -0.20355795737064253 --- ticker INTU --- day 2019-01-24 --- time 41400
2023-04-21 09:56:44,410 INFO Negative OS: -0.0552300346421426 --- ticker INTU --- day 2019-01-30 --- time 50400
2023-04-21 09:56:49,685 INFO Negative OS: -0.870605668943343 --- ticker INTU --- day 2019-05-08 --- time 37800
2023-04-21 09:56:57,335 INFO Negative OS: -0.009578037615502799 --- ticker INTU --- day 2019-09-27 --- time 41400
2023-04-21 09:57:01,307 INFO Negative OS: -0.009628708615720072 --- ticker INTU --- day 2019-12-12 --- time 52200
2023-04-21 09:57:01,395 INFO in_r2: 0.7637059012517728 , std 0.1134974000708156 
2023-04-21 09:57:01,396 INFO os_r2: 0.7235985627462329 , std 0.15209660364401953 
2023-04-21 09:57:01,396 INFO intercept: -9.653137498579015e-08 , std 2.4381638101519295e-05 
2023-04-21 09:57:01,396 INFO ofi_1: 7.493521047816712e-05 , std 6.726252885218193e-05 
2023-04-21 09:57:01,396 INFO ofi_2: 0.00014126123243969038 , std 9.63646916846468e-05 
2023-04-21 09:57:01,396 INFO ofi_3: 0.00023792888271847095 , std 0.00013021934213835313 
2023-04-21 09:57:01,396 INFO t_intercept: -0.08938958542354461 , std 1.8604119457996604 
2023-04-21 09:57:01,396 INFO t_ofi_1: 2.880835120301442 , std 2.251356592279056 
2023-04-21 09:57:01,396 INFO t_ofi_2: 3.334220413638379 , std 1.7249092102591177 
2023-04-21 09:57:01,396 INFO t_ofi_3: 6.024072287677741 , std 2.1395455025060266 
2023-04-21 09:57:01,396 INFO p_intercept: 0.305287280996848 , std 0.30447346507412687 
2023-04-21 09:57:01,396 INFO p_ofi_1: 0.11740754399525637 , std 0.22454404750064763 
2023-04-21 09:57:01,396 INFO p_ofi_2: 0.07010502120205393 , std 0.17538688924001408 
2023-04-21 09:57:01,396 INFO p_ofi_3: 0.007005234449386384 , std 0.0553732601422811 
