2023-04-21 09:56:13,423 INFO Tickers: ['ISRG']
2023-04-21 09:56:29,684 INFO Negative OS: -0.37426642356350515 --- ticker ISRG --- day 2017-12-01 --- time 36000
2023-04-21 09:56:32,493 INFO Negative OS: -0.03744227687705659 --- ticker ISRG --- day 2018-01-26 --- time 39600
2023-04-21 09:56:36,842 INFO Negative OS: -0.18602145252178803 --- ticker ISRG --- day 2018-04-25 --- time 50400
2023-04-21 09:56:38,503 INFO Negative OS: -1.3561178849715976 --- ticker ISRG --- day 2018-05-30 --- time 39600
2023-04-21 09:56:38,648 INFO Negative OS: -0.09167868101412235 --- ticker ISRG --- day 2018-06-01 --- time 36000
2023-04-21 09:56:41,542 INFO Negative OS: -0.5356729646312886 --- ticker ISRG --- day 2018-07-30 --- time 39600
2023-04-21 09:56:42,413 INFO Negative OS: -0.9250154971601876 --- ticker ISRG --- day 2018-08-15 --- time 52200
2023-04-21 09:56:44,054 INFO Negative OS: -1.5623529692620344 --- ticker ISRG --- day 2018-09-18 --- time 52200
2023-04-21 09:56:44,276 INFO Negative OS: -0.19265359498363277 --- ticker ISRG --- day 2018-09-21 --- time 52200
2023-04-21 09:56:45,368 INFO Negative OS: -0.21112149288657256 --- ticker ISRG --- day 2018-10-11 --- time 48600
2023-04-21 09:56:45,445 INFO Negative OS: -3.810092262885913 --- ticker ISRG --- day 2018-10-12 --- time 46800
2023-04-21 09:56:45,459 INFO Negative OS: -0.4734919788779155 --- ticker ISRG --- day 2018-10-12 --- time 52200
2023-04-21 09:56:45,510 INFO Negative OS: -0.02535980765849244 --- ticker ISRG --- day 2018-10-15 --- time 39600
2023-04-21 09:56:45,524 INFO Negative OS: -2.275209769503543 --- ticker ISRG --- day 2018-10-15 --- time 45000
2023-04-21 09:56:45,528 INFO Negative OS: -0.27182651859976903 --- ticker ISRG --- day 2018-10-15 --- time 46800
2023-04-21 09:56:45,543 INFO Negative OS: -0.22829689429674915 --- ticker ISRG --- day 2018-10-15 --- time 52200
2023-04-21 09:56:45,584 INFO Negative OS: -0.7647325077214582 --- ticker ISRG --- day 2018-10-16 --- time 36000
2023-04-21 09:56:45,589 INFO Negative OS: -9.057497378543056 --- ticker ISRG --- day 2018-10-16 --- time 37800
2023-04-21 09:56:45,607 INFO Negative OS: -6.400900307206768 --- ticker ISRG --- day 2018-10-16 --- time 45000
2023-04-21 09:56:45,617 INFO Negative OS: -0.2677546555546746 --- ticker ISRG --- day 2018-10-16 --- time 48600
2023-04-21 09:56:45,701 INFO Negative OS: -3.573681594073448 --- ticker ISRG --- day 2018-10-17 --- time 50400
2023-04-21 09:56:45,705 INFO Negative OS: -0.2226313706824723 --- ticker ISRG --- day 2018-10-17 --- time 52200
2023-04-21 09:56:45,847 INFO Negative OS: -0.8644194358254933 --- ticker ISRG --- day 2018-10-19 --- time 43200
2023-04-21 09:56:45,912 INFO Negative OS: -1.1676659043939148 --- ticker ISRG --- day 2018-10-22 --- time 37800
2023-04-21 09:56:46,414 INFO Negative OS: -0.3509080422946176 --- ticker ISRG --- day 2018-10-30 --- time 43200
2023-04-21 09:56:46,419 INFO Negative OS: -1.9328287624520986 --- ticker ISRG --- day 2018-10-30 --- time 45000
2023-04-21 09:56:47,148 INFO Negative OS: -0.18914407232791564 --- ticker ISRG --- day 2018-11-12 --- time 52200
2023-04-21 09:56:47,442 INFO Negative OS: -1.3368682395695992 --- ticker ISRG --- day 2018-11-16 --- time 37800
2023-04-21 09:56:47,928 INFO Negative OS: -0.25816185409190195 --- ticker ISRG --- day 2018-11-27 --- time 46800
2023-04-21 09:56:48,303 INFO Negative OS: -0.3514580736126489 --- ticker ISRG --- day 2018-12-04 --- time 41400
2023-04-21 09:56:48,370 INFO Negative OS: -1.0883064306404675 --- ticker ISRG --- day 2018-12-06 --- time 36000
2023-04-21 09:56:48,570 INFO Negative OS: -0.1945427630543508 --- ticker ISRG --- day 2018-12-10 --- time 50400
2023-04-21 09:56:48,703 INFO Negative OS: -0.014004991951187096 --- ticker ISRG --- day 2018-12-12 --- time 37800
2023-04-21 09:56:50,294 INFO Negative OS: -0.317421025697354 --- ticker ISRG --- day 2019-01-14 --- time 41400
2023-04-21 09:56:51,130 INFO Negative OS: -1.1036594128258908 --- ticker ISRG --- day 2019-01-30 --- time 50400
2023-04-21 09:56:57,672 INFO Negative OS: -0.035064204744989835 --- ticker ISRG --- day 2019-06-10 --- time 36000
2023-04-21 09:56:57,763 INFO Negative OS: -0.025341874274364073 --- ticker ISRG --- day 2019-06-11 --- time 41400
2023-04-21 09:56:59,878 INFO Negative OS: -0.04630500022019701 --- ticker ISRG --- day 2019-07-24 --- time 36000
2023-04-21 09:57:01,516 INFO Negative OS: -0.02674652387194687 --- ticker ISRG --- day 2019-08-23 --- time 41400
2023-04-21 09:57:03,077 INFO Negative OS: -0.03534091026410113 --- ticker ISRG --- day 2019-09-25 --- time 36000
2023-04-21 09:57:04,305 INFO Negative OS: -0.3752444489777844 --- ticker ISRG --- day 2019-10-18 --- time 41400
2023-04-21 09:57:05,301 INFO Negative OS: -0.1430278433346981 --- ticker ISRG --- day 2019-11-07 --- time 41400
2023-04-21 09:57:07,018 INFO Negative OS: -0.7637654725128431 --- ticker ISRG --- day 2019-12-12 --- time 36000
2023-04-21 09:57:07,053 INFO Negative OS: -1.5350042534823678 --- ticker ISRG --- day 2019-12-12 --- time 52200
2023-04-21 09:57:07,128 INFO in_r2: 0.5832957431240178 , std 0.1368576907847185 
2023-04-21 09:57:07,128 INFO os_r2: 0.4648536052619823 , std 0.4671978762585144 
2023-04-21 09:57:07,128 INFO intercept: -1.0195565762629448e-06 , std 4.0704423835557744e-05 
2023-04-21 09:57:07,128 INFO ofi_1: 7.798513877716353e-05 , std 0.00010951114485169263 
2023-04-21 09:57:07,128 INFO ofi_2: 0.00021989628894003243 , std 0.00017346180524697777 
2023-04-21 09:57:07,128 INFO ofi_3: 0.00034555486732532406 , std 0.00024372773685154474 
2023-04-21 09:57:07,128 INFO t_intercept: -0.05341735147680446 , std 1.7623770413113664 
2023-04-21 09:57:07,128 INFO t_ofi_1: 2.02505079500348 , std 2.1320236601839295 
2023-04-21 09:57:07,128 INFO t_ofi_2: 3.2524499934103135 , std 1.8310482089594582 
2023-04-21 09:57:07,128 INFO t_ofi_3: 5.179907638714843 , std 2.0228225139817635 
2023-04-21 09:57:07,128 INFO p_intercept: 0.31364719010180736 , std 0.3048896826462077 
2023-04-21 09:57:07,128 INFO p_ofi_1: 0.18898593842304828 , std 0.275308872720155 
2023-04-21 09:57:07,128 INFO p_ofi_2: 0.07356904477077528 , std 0.17645615368592696 
2023-04-21 09:57:07,128 INFO p_ofi_3: 0.0125276538958956 , std 0.07067815841825087 
