2023-04-21 09:46:11,751 INFO Tickers: ['MSFT']
2023-04-21 09:46:12,835 INFO Negative OS: -12.570390729176559 --- ticker MSFT --- day 2017-01-23 --- time 45000
2023-04-21 09:46:12,839 INFO Negative OS: -0.1915304649444911 --- ticker MSFT --- day 2017-01-23 --- time 46800
2023-04-21 09:46:15,224 INFO Negative OS: -0.17863478856413062 --- ticker MSFT --- day 2017-03-08 --- time 37800
2023-04-21 09:46:19,490 INFO Negative OS: -0.09011903079277372 --- ticker MSFT --- day 2017-05-25 --- time 46800
2023-04-21 09:46:21,796 INFO Negative OS: -0.06316782265247234 --- ticker MSFT --- day 2017-07-10 --- time 37800
2023-04-21 09:46:22,358 INFO Negative OS: -1.1588404115162718 --- ticker MSFT --- day 2017-07-19 --- time 45000
2023-04-21 09:46:24,694 INFO Negative OS: -0.24933799339214868 --- ticker MSFT --- day 2017-08-30 --- time 46800
2023-04-21 09:46:25,624 INFO Negative OS: -0.04228547703819463 --- ticker MSFT --- day 2017-09-18 --- time 46800
2023-04-21 09:46:26,643 INFO Negative OS: -2.223426747785367 --- ticker MSFT --- day 2017-10-05 --- time 52200
2023-04-21 09:46:27,539 INFO Negative OS: -36.507240497871024 --- ticker MSFT --- day 2017-10-23 --- time 37800
2023-04-21 09:46:28,568 INFO Negative OS: -6.0672275374682405 --- ticker MSFT --- day 2017-11-09 --- time 46800
2023-04-21 09:46:54,963 INFO Negative OS: -0.524465805996134 --- ticker MSFT --- day 2019-03-14 --- time 39600
2023-04-21 09:46:59,977 INFO Negative OS: -2.543646618533258 --- ticker MSFT --- day 2019-06-14 --- time 48600
2023-04-21 09:47:06,060 INFO Negative OS: -0.22227638182707965 --- ticker MSFT --- day 2019-10-04 --- time 50400
2023-04-21 09:47:09,910 INFO in_r2: 0.9337712288106639 , std 0.042999605056452804 
2023-04-21 09:47:09,910 INFO os_r2: 0.9094102816341733 , std 0.47895299574426425 
2023-04-21 09:47:09,910 INFO intercept: 3.4329468785483074e-07 , std 7.266751361072998e-06 
2023-04-21 09:47:09,910 INFO ofi_1: 5.508244233021359e-05 , std 5.614462223793671e-05 
2023-04-21 09:47:09,910 INFO ofi_2: 0.00014837406355905965 , std 8.344477857469286e-05 
2023-04-21 09:47:09,910 INFO ofi_3: 0.00023980780674915782 , std 8.590095926923451e-05 
2023-04-21 09:47:09,910 INFO t_intercept: -0.0028087227601761773 , std 1.410385611889581 
2023-04-21 09:47:09,910 INFO t_ofi_1: 2.451660609390174 , std 2.2284616181990096 
2023-04-21 09:47:09,910 INFO t_ofi_2: 4.3182390885218656 , std 2.3591814232808397 
2023-04-21 09:47:09,910 INFO t_ofi_3: 8.451807157832967 , std 3.0625600710072676 
2023-04-21 09:47:09,910 INFO p_intercept: 0.41551723031833554 , std 0.3083789183135179 
2023-04-21 09:47:09,910 INFO p_ofi_1: 0.17277781818432855 , std 0.26684940315631767 
2023-04-21 09:47:09,910 INFO p_ofi_2: 0.04838395609682879 , std 0.14981448159855373 
2023-04-21 09:47:09,910 INFO p_ofi_3: 0.0009857300327914562 , std 0.018228144104670538 
