2023-04-21 09:52:08,390 INFO Tickers: ['UTX']
2023-04-21 09:52:28,622 INFO Negative OS: -0.00540334293061373 --- ticker UTX --- day 2018-01-19 --- time 37800
2023-04-21 09:52:29,497 INFO Negative OS: -0.49072839137384183 --- ticker UTX --- day 2018-02-05 --- time 41400
2023-04-21 09:52:29,581 INFO Negative OS: -0.04053537314821076 --- ticker UTX --- day 2018-02-06 --- time 41400
2023-04-21 09:52:57,538 INFO Negative OS: -13.085331824658292 --- ticker UTX --- day 2019-06-18 --- time 36000
2023-04-21 09:53:01,549 INFO Negative OS: -0.7482710617888435 --- ticker UTX --- day 2019-08-29 --- time 37800
2023-04-21 09:53:04,770 INFO Negative OS: -0.1003570813407646 --- ticker UTX --- day 2019-10-28 --- time 50400
2023-04-21 09:53:07,392 INFO in_r2: 0.8628197714074891 , std 0.05687709280636869 
2023-04-21 09:53:07,392 INFO os_r2: 0.8416748385465813 , std 0.20891474310639518 
2023-04-21 09:53:07,392 INFO intercept: -8.880032932827638e-07 , std 1.1055219673089369e-05 
2023-04-21 09:53:07,392 INFO ofi_1: 0.0001159821337672031 , std 7.171400980297021e-05 
2023-04-21 09:53:07,392 INFO ofi_2: 0.0001467944435357005 , std 6.89303366555313e-05 
2023-04-21 09:53:07,392 INFO ofi_3: 0.00021153057763740883 , std 8.38284550540077e-05 
2023-04-21 09:53:07,392 INFO t_intercept: -0.09515402471307984 , std 1.5188807472843486 
2023-04-21 09:53:07,392 INFO t_ofi_1: 3.1925124442790787 , std 1.6981450633852357 
2023-04-21 09:53:07,393 INFO t_ofi_2: 3.5440338135060068 , std 1.5086663149790687 
2023-04-21 09:53:07,393 INFO t_ofi_3: 6.330828324432439 , std 1.8186747702333923 
2023-04-21 09:53:07,393 INFO p_intercept: 0.39297752311159667 , std 0.3097247478612417 
2023-04-21 09:53:07,393 INFO p_ofi_1: 0.08282789483579155 , std 0.19280944940373948 
2023-04-21 09:53:07,393 INFO p_ofi_2: 0.04192661560584472 , std 0.12866813564536517 
2023-04-21 09:53:07,393 INFO p_ofi_3: 0.001795101780008892 , std 0.026490157515301677 
