2023-05-13 12:24:46,908 INFO Starting...
2023-05-13 12:24:46,908 INFO Tickers: ['AMZN']
2023-05-13 12:24:48,419 INFO in_r2: 0.7995364354748651 , std 0.08867299825912923 
2023-05-13 12:24:48,419 INFO os_r2: 0.6483300016337218 , std 0.4361406940682511 
2023-05-13 12:24:48,419 INFO intercept: 7.98272807341598e-07 , std 1.129222700440912e-05 
2023-05-13 12:24:48,419 INFO ofi_add_1: 2.492733713809928e-05 , std 3.099282486709213e-05 
2023-05-13 12:24:48,420 INFO ofi_add_2: 3.001810920773812e-05 , std 3.417779996303458e-05 
2023-05-13 12:24:48,420 INFO ofi_add_3: 2.8979383971910536e-05 , std 3.5846825630027726e-05 
2023-05-13 12:24:48,420 INFO ofi_add_4: 2.424646414016306e-05 , std 3.6348325649674644e-05 
2023-05-13 12:24:48,420 INFO ofi_add_5: 2.1248974562442408e-05 , std 3.724572019347934e-05 
2023-05-13 12:24:48,420 INFO ofi_add_6: 2.0707684867143452e-05 , std 3.763126438146922e-05 
2023-05-13 12:24:48,420 INFO ofi_add_7: 1.82114459899353e-05 , std 3.750201837148491e-05 
2023-05-13 12:24:48,420 INFO ofi_add_8: 4.445918150470197e-05 , std 4.094666400844849e-05 
2023-05-13 12:24:48,420 INFO ofi_cancel_1: 3.066769486556514e-05 , std 4.0685578541527085e-05 
2023-05-13 12:24:48,420 INFO ofi_cancel_2: 3.047431014892086e-05 , std 3.562161832519495e-05 
2023-05-13 12:24:48,420 INFO ofi_cancel_3: 2.8918784925782906e-05 , std 3.7089151204059016e-05 
2023-05-13 12:24:48,420 INFO ofi_cancel_4: 2.3599918092479423e-05 , std 3.6954755289282525e-05 
2023-05-13 12:24:48,420 INFO ofi_cancel_5: 2.0575543982944402e-05 , std 3.802776948985793e-05 
2023-05-13 12:24:48,420 INFO ofi_cancel_6: 1.9967579192156286e-05 , std 3.8334032529376486e-05 
2023-05-13 12:24:48,420 INFO ofi_cancel_7: 1.704742832895055e-05 , std 3.789154209273214e-05 
2023-05-13 12:24:48,420 INFO ofi_cancel_8: 4.313719478470614e-05 , std 4.190963224816525e-05 
2023-05-13 12:24:48,420 INFO ofi_trade_1: 2.6107312324525017e-05 , std 4.5397392296621057e-05 
2023-05-13 12:24:48,420 INFO ofi_trade_2: 2.3635074465425555e-05 , std 5.240641924641057e-05 
2023-05-13 12:24:48,420 INFO ofi_trade_3: 2.3184044998529924e-05 , std 5.346753216387577e-05 
2023-05-13 12:24:48,420 INFO ofi_trade_4: 2.0199495121991283e-05 , std 5.389589662422006e-05 
2023-05-13 12:24:48,420 INFO ofi_trade_5: 2.352599142128691e-05 , std 5.721894828065056e-05 
2023-05-13 12:24:48,420 INFO ofi_trade_6: 2.60123404082102e-05 , std 5.6966175243568866e-05 
2023-05-13 12:24:48,420 INFO ofi_trade_7: 2.681305667353523e-05 , std 5.685337695625151e-05 
2023-05-13 12:24:48,420 INFO ofi_trade_8: 6.212584308264512e-05 , std 5.534659237339769e-05 
2023-05-13 12:24:48,420 INFO t_intercept: 0.05027170164923768 , std 1.1820656285406461 
2023-05-13 12:24:48,420 INFO t_ofi_add_1: 1.3572599617896848 , std 1.3945598403062849 
2023-05-13 12:24:48,420 INFO t_ofi_add_2: 1.3381781687694219 , std 1.2317000087182841 
2023-05-13 12:24:48,420 INFO t_ofi_add_3: 1.187264480340043 , std 1.2194843537299247 
2023-05-13 12:24:48,420 INFO t_ofi_add_4: 0.9454543878229781 , std 1.1948989706222652 
2023-05-13 12:24:48,420 INFO t_ofi_add_5: 0.812947814188254 , std 1.1992062692547758 
2023-05-13 12:24:48,420 INFO t_ofi_add_6: 0.7817619903223194 , std 1.17615236178428 
2023-05-13 12:24:48,420 INFO t_ofi_add_7: 0.714535659087564 , std 1.1823858183265326 
2023-05-13 12:24:48,420 INFO t_ofi_add_8: 2.149979308000529 , std 1.4852088613591938 
2023-05-13 12:24:48,421 INFO t_ofi_cancel_1: 1.2702434331396462 , std 1.3447312845483133 
2023-05-13 12:24:48,421 INFO t_ofi_cancel_2: 1.310147088719361 , std 1.2543756027704565 
2023-05-13 12:24:48,421 INFO t_ofi_cancel_3: 1.1499828152813654 , std 1.2259895370778748 
2023-05-13 12:24:48,421 INFO t_ofi_cancel_4: 0.8996399080602355 , std 1.1883858292240064 
2023-05-13 12:24:48,421 INFO t_ofi_cancel_5: 0.7657030493333938 , std 1.1941799420408141 
2023-05-13 12:24:48,421 INFO t_ofi_cancel_6: 0.7368201015921579 , std 1.183087910755066 
2023-05-13 12:24:48,421 INFO t_ofi_cancel_7: 0.6545115743240135 , std 1.1818188156030724 
2023-05-13 12:24:48,421 INFO t_ofi_cancel_8: 2.0431355162898064 , std 1.5061918805018626 
2023-05-13 12:24:48,421 INFO t_ofi_trade_1: 0.9391963656157414 , std 1.3846083886540248 
2023-05-13 12:24:48,421 INFO t_ofi_trade_2: 0.674389654945522 , std 1.2930177328721693 
2023-05-13 12:24:48,421 INFO t_ofi_trade_3: 0.6111654961178612 , std 1.2659207110531578 
2023-05-13 12:24:48,421 INFO t_ofi_trade_4: 0.5301095117870567 , std 1.2353723662392795 
2023-05-13 12:24:48,421 INFO t_ofi_trade_5: 0.5929697152460852 , std 1.2745646620986115 
2023-05-13 12:24:48,421 INFO t_ofi_trade_6: 0.6678157273430682 , std 1.2569050248700322 
2023-05-13 12:24:48,421 INFO t_ofi_trade_7: 0.7138672771615792 , std 1.2685966413752507 
2023-05-13 12:24:48,421 INFO t_ofi_trade_8: 1.9368732218035936 , std 1.4035273525938694 
2023-05-13 12:24:48,422 INFO Grouping by ofi type:
2023-05-13 12:24:48,422 INFO add: 9.287381770320795
2023-05-13 12:24:48,422 INFO cancel: 8.83018348673998
2023-05-13 12:24:48,422 INFO trade: 6.666386970020508
2023-05-13 12:24:48,422 INFO Grouping by level:
2023-05-13 12:24:48,422 INFO 1: 3.566699760545072
2023-05-13 12:24:48,422 INFO 2: 3.322714912434305
2023-05-13 12:24:48,422 INFO 3: 2.9484127917392695
2023-05-13 12:24:48,422 INFO 4: 2.37520380767027
2023-05-13 12:24:48,422 INFO 5: 2.171620578767733
2023-05-13 12:24:48,422 INFO 6: 2.1863978192575453
2023-05-13 12:24:48,422 INFO 7: 2.082914510573157
2023-05-13 12:24:48,422 INFO 8: 6.129988046093929
2023-05-13 12:24:48,422 INFO Non empty regressions: 1.0 --- 6876 / 6876
