2023-05-13 12:25:47,709 INFO Starting...
2023-05-13 12:25:47,709 INFO Tickers: ['AVGO']
2023-05-13 12:25:49,058 INFO in_r2: 0.852165999363993 , std 0.062402288182908085 
2023-05-13 12:25:49,058 INFO os_r2: 0.6900896562275186 , std 1.3039136974951517 
2023-05-13 12:25:49,058 INFO intercept: 9.129017435564905e-07 , std 1.4570021983653038e-05 
2023-05-13 12:25:49,058 INFO ofi_add_1: 6.418014675664095e-05 , std 5.767830424883683e-05 
2023-05-13 12:25:49,058 INFO ofi_add_2: 7.557256480013488e-05 , std 6.978882627896122e-05 
2023-05-13 12:25:49,058 INFO ofi_add_3: 6.617647247215326e-05 , std 7.314866198740186e-05 
2023-05-13 12:25:49,058 INFO ofi_add_4: 4.378284036367992e-05 , std 7.505451504442888e-05 
2023-05-13 12:25:49,058 INFO ofi_add_5: 3.1903160798590706e-05 , std 7.577937653404748e-05 
2023-05-13 12:25:49,058 INFO ofi_add_6: 2.7412940849166694e-05 , std 7.749383990426815e-05 
2023-05-13 12:25:49,058 INFO ofi_add_7: 2.8594873456971523e-05 , std 8.157066593118417e-05 
2023-05-13 12:25:49,058 INFO ofi_add_8: 5.755980861038557e-05 , std 7.487788158307867e-05 
2023-05-13 12:25:49,058 INFO ofi_cancel_1: 9.457983461088861e-05 , std 7.731702201968765e-05 
2023-05-13 12:25:49,058 INFO ofi_cancel_2: 8.923373656526877e-05 , std 7.366069459977723e-05 
2023-05-13 12:25:49,058 INFO ofi_cancel_3: 6.446204679051208e-05 , std 7.44513832202868e-05 
2023-05-13 12:25:49,058 INFO ofi_cancel_4: 4.063457038225894e-05 , std 7.686371423318963e-05 
2023-05-13 12:25:49,058 INFO ofi_cancel_5: 2.78747692897496e-05 , std 7.856227852008546e-05 
2023-05-13 12:25:49,058 INFO ofi_cancel_6: 2.2186542671376444e-05 , std 7.991460756119158e-05 
2023-05-13 12:25:49,058 INFO ofi_cancel_7: 2.3123006204018956e-05 , std 8.307310108088541e-05 
2023-05-13 12:25:49,058 INFO ofi_cancel_8: 5.25847557563312e-05 , std 7.847481426982132e-05 
2023-05-13 12:25:49,058 INFO ofi_trade_1: 8.44021514110786e-05 , std 0.00012712198257285037 
2023-05-13 12:25:49,058 INFO ofi_trade_2: 6.141799579981081e-05 , std 0.00013082060325946538 
2023-05-13 12:25:49,058 INFO ofi_trade_3: 6.228168352802789e-05 , std 0.00013945227914660091 
2023-05-13 12:25:49,058 INFO ofi_trade_4: 4.049303042887369e-05 , std 0.00014537818161492185 
2023-05-13 12:25:49,058 INFO ofi_trade_5: 3.936428337845926e-05 , std 0.00014641172941194698 
2023-05-13 12:25:49,058 INFO ofi_trade_6: 4.734561042381469e-05 , std 0.00015362499762390313 
2023-05-13 12:25:49,059 INFO ofi_trade_7: 6.39842651173701e-05 , std 0.00016282599073151168 
2023-05-13 12:25:49,059 INFO ofi_trade_8: 0.00011674010517557978 , std 0.0001591044490561848 
2023-05-13 12:25:49,059 INFO t_intercept: 0.05722972891098314 , std 1.1690758279758953 
2023-05-13 12:25:49,059 INFO t_ofi_add_1: 2.0487985183205732 , std 1.5550756801988086 
2023-05-13 12:25:49,059 INFO t_ofi_add_2: 1.7499066858293362 , std 1.3410472034888083 
2023-05-13 12:25:49,059 INFO t_ofi_add_3: 1.416921548104649 , std 1.327925148223415 
2023-05-13 12:25:49,059 INFO t_ofi_add_4: 0.9070184899075634 , std 1.2932823108649922 
2023-05-13 12:25:49,059 INFO t_ofi_add_5: 0.6254045980605056 , std 1.2453584199081302 
2023-05-13 12:25:49,059 INFO t_ofi_add_6: 0.5200801748729631 , std 1.2254546727836122 
2023-05-13 12:25:49,059 INFO t_ofi_add_7: 0.5251056990275161 , std 1.232819709099377 
2023-05-13 12:25:49,059 INFO t_ofi_add_8: 1.322244626247529 , std 1.397775480551072 
2023-05-13 12:25:49,059 INFO t_ofi_cancel_1: 2.1891946551931842 , std 1.4806928353629356 
2023-05-13 12:25:49,059 INFO t_ofi_cancel_2: 2.019986687157799 , std 1.3735713257860198 
2023-05-13 12:25:49,059 INFO t_ofi_cancel_3: 1.3516955152621393 , std 1.3324307283314851 
2023-05-13 12:25:49,059 INFO t_ofi_cancel_4: 0.8210681371690395 , std 1.2997878094919184 
2023-05-13 12:25:49,059 INFO t_ofi_cancel_5: 0.5265571212736556 , std 1.261183671352371 
2023-05-13 12:25:49,059 INFO t_ofi_cancel_6: 0.4037074360661588 , std 1.2331510700647772 
2023-05-13 12:25:49,059 INFO t_ofi_cancel_7: 0.4110280312428557 , std 1.2340655447815454 
2023-05-13 12:25:49,059 INFO t_ofi_cancel_8: 1.1347467695089852 , std 1.3988061359224278 
2023-05-13 12:25:49,059 INFO t_ofi_trade_1: 1.21232637188999 , std 1.5094141620769865 
2023-05-13 12:25:49,059 INFO t_ofi_trade_2: 0.7564773426558319 , std 1.35829375572359 
2023-05-13 12:25:49,059 INFO t_ofi_trade_3: 0.7621939938492536 , std 1.3636313753613047 
2023-05-13 12:25:49,059 INFO t_ofi_trade_4: 0.5050549378514175 , std 1.3425195986730025 
2023-05-13 12:25:49,059 INFO t_ofi_trade_5: 0.4569734349330903 , std 1.3403642988998634 
2023-05-13 12:25:49,059 INFO t_ofi_trade_6: 0.5265909685049561 , std 1.3258999171559347 
2023-05-13 12:25:49,059 INFO t_ofi_trade_7: 0.6463999261395854 , std 1.3470611815930262 
2023-05-13 12:25:49,059 INFO t_ofi_trade_8: 1.3562581980755657 , std 1.4280355554989244 
2023-05-13 12:25:49,060 INFO Grouping by ofi type:
2023-05-13 12:25:49,060 INFO add: 9.115480340370635
2023-05-13 12:25:49,060 INFO cancel: 8.857984352873817
2023-05-13 12:25:49,060 INFO trade: 6.222275173899689
2023-05-13 12:25:49,061 INFO Grouping by level:
2023-05-13 12:25:49,061 INFO 1: 5.450319545403747
2023-05-13 12:25:49,061 INFO 2: 4.526370715642967
2023-05-13 12:25:49,061 INFO 3: 3.5308110572160416
2023-05-13 12:25:49,061 INFO 4: 2.2331415649280206
2023-05-13 12:25:49,061 INFO 5: 1.6089351542672514
2023-05-13 12:25:49,061 INFO 6: 1.450378579444078
2023-05-13 12:25:49,061 INFO 7: 1.5825336564099572
2023-05-13 12:25:49,061 INFO 8: 3.81324959383208
2023-05-13 12:25:49,061 INFO Non empty regressions: 1.0 --- 5142 / 5142
