2023-05-13 12:24:49,858 INFO Starting...
2023-05-13 12:24:49,858 INFO Tickers: ['BRK.B']
2023-05-13 12:24:51,157 INFO in_r2: 0.8644708689008521 , std 0.05922409702882541 
2023-05-13 12:24:51,158 INFO os_r2: 0.7807142049269367 , std 0.21153859447605794 
2023-05-13 12:24:51,158 INFO intercept: 2.2470715665526896e-07 , std 6.831222235769516e-06 
2023-05-13 12:24:51,158 INFO ofi_add_1: 5.141501621225922e-05 , std 6.377103163659056e-05 
2023-05-13 12:24:51,158 INFO ofi_add_2: 7.816657822030647e-05 , std 6.454017422875037e-05 
2023-05-13 12:24:51,158 INFO ofi_add_3: 5.452445378127746e-05 , std 5.646992746573981e-05 
2023-05-13 12:24:51,158 INFO ofi_add_4: 3.767492738746942e-05 , std 5.437940094975149e-05 
2023-05-13 12:24:51,158 INFO ofi_add_5: 2.4729348697038827e-05 , std 5.3753212228435094e-05 
2023-05-13 12:24:51,158 INFO ofi_add_6: 2.4808425816695547e-05 , std 5.365059594597405e-05 
2023-05-13 12:24:51,158 INFO ofi_add_7: 1.9071334468072397e-05 , std 5.3982617915925546e-05 
2023-05-13 12:24:51,158 INFO ofi_add_8: 3.841824727752885e-05 , std 4.923189236029511e-05 
2023-05-13 12:24:51,158 INFO ofi_cancel_1: 6.079361168244723e-05 , std 6.774183741683126e-05 
2023-05-13 12:24:51,158 INFO ofi_cancel_2: 8.230351350679952e-05 , std 6.571857135827288e-05 
2023-05-13 12:24:51,158 INFO ofi_cancel_3: 5.33284940802788e-05 , std 5.7456735805430325e-05 
2023-05-13 12:24:51,158 INFO ofi_cancel_4: 3.699987084982344e-05 , std 5.582310693749062e-05 
2023-05-13 12:24:51,158 INFO ofi_cancel_5: 2.286145509753144e-05 , std 5.5206183129651214e-05 
2023-05-13 12:24:51,158 INFO ofi_cancel_6: 2.2932473824786244e-05 , std 5.4414516254931e-05 
2023-05-13 12:24:51,158 INFO ofi_cancel_7: 1.6904218305921513e-05 , std 5.575613264707573e-05 
2023-05-13 12:24:51,158 INFO ofi_cancel_8: 3.661948200437561e-05 , std 5.098396567033338e-05 
2023-05-13 12:24:51,158 INFO ofi_trade_1: 4.6030639373919665e-05 , std 0.00015604947823844086 
2023-05-13 12:24:51,158 INFO ofi_trade_2: 9.699917821009249e-05 , std 0.00016272251915436725 
2023-05-13 12:24:51,158 INFO ofi_trade_3: 5.845688334435263e-05 , std 0.00014797154178130723 
2023-05-13 12:24:51,158 INFO ofi_trade_4: 4.588380488099127e-05 , std 0.00015155123387671556 
2023-05-13 12:24:51,158 INFO ofi_trade_5: 3.75241234811629e-05 , std 0.0001471989381731448 
2023-05-13 12:24:51,158 INFO ofi_trade_6: 3.893461563023368e-05 , std 0.00014556239070804194 
2023-05-13 12:24:51,158 INFO ofi_trade_7: 3.893515665749354e-05 , std 0.00014523614361006593 
2023-05-13 12:24:51,158 INFO ofi_trade_8: 6.470762971030437e-05 , std 0.00013981560732475407 
2023-05-13 12:24:51,158 INFO t_intercept: 0.006596358766892428 , std 0.9646934629487302 
2023-05-13 12:24:51,158 INFO t_ofi_add_1: 1.4393996577933679 , std 1.5194905392951497 
2023-05-13 12:24:51,158 INFO t_ofi_add_2: 1.9630561493401868 , std 1.3916136827878667 
2023-05-13 12:24:51,158 INFO t_ofi_add_3: 1.3255428995100884 , std 1.2345430636721497 
2023-05-13 12:24:51,158 INFO t_ofi_add_4: 0.9141954692446149 , std 1.1953079006223857 
2023-05-13 12:24:51,158 INFO t_ofi_add_5: 0.6083561436475688 , std 1.2049988716686286 
2023-05-13 12:24:51,158 INFO t_ofi_add_6: 0.6058404427450023 , std 1.2042030585314962 
2023-05-13 12:24:51,158 INFO t_ofi_add_7: 0.47348083119526396 , std 1.1917403841980843 
2023-05-13 12:24:51,158 INFO t_ofi_add_8: 1.113740168811427 , std 1.3015446350668933 
2023-05-13 12:24:51,158 INFO t_ofi_cancel_1: 1.572087169296099 , std 1.447143781096044 
2023-05-13 12:24:51,158 INFO t_ofi_cancel_2: 2.0301435809697117 , std 1.3857826249317695 
2023-05-13 12:24:51,158 INFO t_ofi_cancel_3: 1.271800775847106 , std 1.2395567526820437 
2023-05-13 12:24:51,158 INFO t_ofi_cancel_4: 0.8682068006002053 , std 1.1880814133569262 
2023-05-13 12:24:51,158 INFO t_ofi_cancel_5: 0.546705933264117 , std 1.1894120642450599 
2023-05-13 12:24:51,158 INFO t_ofi_cancel_6: 0.5414445767060032 , std 1.191469266707325 
2023-05-13 12:24:51,158 INFO t_ofi_cancel_7: 0.4024049539357896 , std 1.197236786826728 
2023-05-13 12:24:51,158 INFO t_ofi_cancel_8: 1.012581976913656 , std 1.3063534186386485 
2023-05-13 12:24:51,158 INFO t_ofi_trade_1: 0.4692030808927467 , std 1.3278001284308536 
2023-05-13 12:24:51,158 INFO t_ofi_trade_2: 0.9105532754447908 , std 1.2832927105656076 
2023-05-13 12:24:51,158 INFO t_ofi_trade_3: 0.5919611405941794 , std 1.238499688802577 
2023-05-13 12:24:51,158 INFO t_ofi_trade_4: 0.47835932306607215 , std 1.2327254484655297 
2023-05-13 12:24:51,158 INFO t_ofi_trade_5: 0.3941098747190851 , std 1.2276138629081952 
2023-05-13 12:24:51,158 INFO t_ofi_trade_6: 0.44255932320474445 , std 1.241434317725199 
2023-05-13 12:24:51,159 INFO t_ofi_trade_7: 0.4265747263152537 , std 1.2187528463347244 
2023-05-13 12:24:51,159 INFO t_ofi_trade_8: 0.7696909368389445 , std 1.278600942000823 
2023-05-13 12:24:51,159 INFO Grouping by ofi type:
2023-05-13 12:24:51,159 INFO add: 8.44361176228752
2023-05-13 12:24:51,159 INFO cancel: 8.245375767532689
2023-05-13 12:24:51,159 INFO trade: 4.4830116810758165
2023-05-13 12:24:51,159 INFO Grouping by level:
2023-05-13 12:24:51,159 INFO 1: 3.4806899079822133
2023-05-13 12:24:51,159 INFO 2: 4.903753005754689
2023-05-13 12:24:51,159 INFO 3: 3.189304815951374
2023-05-13 12:24:51,159 INFO 4: 2.2607615929108924
2023-05-13 12:24:51,159 INFO 5: 1.549171951630771
2023-05-13 12:24:51,159 INFO 6: 1.5898443426557498
2023-05-13 12:24:51,159 INFO 7: 1.3024605114463073
2023-05-13 12:24:51,159 INFO 8: 2.896013082564027
2023-05-13 12:24:51,159 INFO Non empty regressions: 1.0 --- 6073 / 6073
