2023-05-13 12:26:51,842 INFO Starting...
2023-05-13 12:26:51,842 INFO Tickers: ['BSX']
2023-05-13 12:26:53,197 INFO in_r2: 0.9899718973305306 , std 0.011015610188206643 
2023-05-13 12:26:53,198 INFO os_r2: 0.9264086151771688 , std 1.2293498408231616 
2023-05-13 12:26:53,198 INFO intercept: -2.3522429672167368e-08 , std 3.484289048808072e-06 
2023-05-13 12:26:53,198 INFO ofi_add_1: 2.9392923103266087e-05 , std 4.940530575167802e-05 
2023-05-13 12:26:53,198 INFO ofi_add_2: 0.00011704932752696414 , std 8.67550627172978e-05 
2023-05-13 12:26:53,198 INFO ofi_add_3: 0.0001506396723506689 , std 9.538682274050234e-05 
2023-05-13 12:26:53,198 INFO ofi_add_4: 0.000189829194766932 , std 0.00012729119220032938 
2023-05-13 12:26:53,198 INFO ofi_add_5: 0.0001998031669279341 , std 0.00014903422421757163 
2023-05-13 12:26:53,198 INFO ofi_add_6: 0.00020742184916098898 , std 0.00016339991247594772 
2023-05-13 12:26:53,198 INFO ofi_add_7: 0.00022392685240615938 , std 0.0001730418596028106 
2023-05-13 12:26:53,198 INFO ofi_add_8: 0.0002648493006038506 , std 0.0001932405833246346 
2023-05-13 12:26:53,198 INFO ofi_cancel_1: 2.6677246163469748e-05 , std 5.178008081505132e-05 
2023-05-13 12:26:53,198 INFO ofi_cancel_2: 9.17634045363714e-05 , std 8.813386817242076e-05 
2023-05-13 12:26:53,198 INFO ofi_cancel_3: 0.00014219239532906337 , std 0.00010051645677290583 
2023-05-13 12:26:53,198 INFO ofi_cancel_4: 0.00018590251307194384 , std 0.0001313085744206883 
2023-05-13 12:26:53,198 INFO ofi_cancel_5: 0.00020500230161129676 , std 0.00016416191469991544 
2023-05-13 12:26:53,198 INFO ofi_cancel_6: 0.0002085742231226913 , std 0.00017314980224747626 
2023-05-13 12:26:53,198 INFO ofi_cancel_7: 0.00022101910510200789 , std 0.00018987180695199599 
2023-05-13 12:26:53,198 INFO ofi_cancel_8: 0.0002859996418789535 , std 0.0002338336476654829 
2023-05-13 12:26:53,198 INFO ofi_trade_1: 6.466118953462627e-05 , std 0.00017976727931284166 
2023-05-13 12:26:53,198 INFO ofi_trade_2: 0.0001460821140263032 , std 0.000292299542827783 
2023-05-13 12:26:53,198 INFO ofi_trade_3: 0.00016894506796101867 , std 0.0003465283482414015 
2023-05-13 12:26:53,198 INFO ofi_trade_4: 0.0001957883591469304 , std 0.00036901797085746633 
2023-05-13 12:26:53,198 INFO ofi_trade_5: 0.00020503033330514968 , std 0.0004690142828798289 
2023-05-13 12:26:53,198 INFO ofi_trade_6: 0.00019361272749562135 , std 0.0005594898488753878 
2023-05-13 12:26:53,198 INFO ofi_trade_7: 0.00020302820474183878 , std 0.00044129322294116644 
2023-05-13 12:26:53,198 INFO ofi_trade_8: 0.00024412068675575986 , std 0.0004112225247397908 
2023-05-13 12:26:53,198 INFO t_intercept: -0.0008960713157413809 , std 1.1377020378328233 
2023-05-13 12:26:53,198 INFO t_ofi_add_1: 1.2804305199873598 , std 1.907341478730942 
2023-05-13 12:26:53,198 INFO t_ofi_add_2: 3.0884651161220438 , std 2.062144506187919 
2023-05-13 12:26:53,198 INFO t_ofi_add_3: 3.3804941961659134 , std 2.1113278476819777 
2023-05-13 12:26:53,199 INFO t_ofi_add_4: 3.716400513334489 , std 2.330941498840067 
2023-05-13 12:26:53,199 INFO t_ofi_add_5: 3.5897271794135484 , std 2.4956257926432177 
2023-05-13 12:26:53,199 INFO t_ofi_add_6: 3.4216964927723272 , std 2.49211714053322 
2023-05-13 12:26:53,199 INFO t_ofi_add_7: 3.411474063596879 , std 2.4408472573262423 
2023-05-13 12:26:53,199 INFO t_ofi_add_8: 7083965087.515598 , std 515428442709.3963 
2023-05-13 12:26:53,199 INFO t_ofi_cancel_1: 1.012691753787042 , std 1.7769599108911336 
2023-05-13 12:26:53,199 INFO t_ofi_cancel_2: 2.2349337987553337 , std 1.9259106495346567 
2023-05-13 12:26:53,199 INFO t_ofi_cancel_3: 2.7948527246647195 , std 1.8678436040452746 
2023-05-13 12:26:53,199 INFO t_ofi_cancel_4: 3.1195985946554834 , std 2.0433801822990794 
2023-05-13 12:26:53,199 INFO t_ofi_cancel_5: 3.044418975433515 , std 2.1670244458208043 
2023-05-13 12:26:53,199 INFO t_ofi_cancel_6: 2.8744447635062924 , std 2.0784400498482944 
2023-05-13 12:26:53,199 INFO t_ofi_cancel_7: 2.818024767078285 , std 2.060466113948191 
2023-05-13 12:26:53,199 INFO t_ofi_cancel_8: 3.3915718222390905 , std 2.277898981886012 
2023-05-13 12:26:53,199 INFO t_ofi_trade_1: 4562621483.216201 , std 331975787224.4309 
2023-05-13 12:26:53,199 INFO t_ofi_trade_2: -976776948.9241166 , std 3591546829088.611 
2023-05-13 12:26:53,199 INFO t_ofi_trade_3: 12605919446.62944 , std 3495685802550.1216 
2023-05-13 12:26:53,199 INFO t_ofi_trade_4: 8422060413.185555 , std 1697927139105.3 
2023-05-13 12:26:53,199 INFO t_ofi_trade_5: 57673380319.6725 , std 2737297890360.335 
2023-05-13 12:26:53,199 INFO t_ofi_trade_6: -6384556716.954415 , std 2621751087643.497 
2023-05-13 12:26:53,199 INFO t_ofi_trade_7: 59676464389.823074 , std 3818989959170.395 
2023-05-13 12:26:53,199 INFO t_ofi_trade_8: 3810290234.397584 , std 2451981301651.3086 
2023-05-13 12:26:53,200 INFO Grouping by ofi type:
2023-05-13 12:26:53,200 INFO add: 7083965109.404286
2023-05-13 12:26:53,200 INFO cancel: 21.29053720011976
2023-05-13 12:26:53,200 INFO trade: 139389402621.0458
2023-05-13 12:26:53,200 INFO Grouping by level:
2023-05-13 12:26:53,200 INFO 1: 4562621485.509323
2023-05-13 12:26:53,200 INFO 2: -976776943.6007177
2023-05-13 12:26:53,200 INFO 3: 12605919452.804787
2023-05-13 12:26:53,200 INFO 4: 8422060420.021555
2023-05-13 12:26:53,200 INFO 5: 57673380326.30665
2023-05-13 12:26:53,200 INFO 6: -6384556710.658274
2023-05-13 12:26:53,200 INFO 7: 59676464396.052574
2023-05-13 12:26:53,200 INFO 8: 10894255325.304754
2023-05-13 12:26:53,201 INFO Non empty regressions: 1.0 --- 5295 / 5295
