2023-05-13 12:26:22,710 INFO Starting...
2023-05-13 12:26:22,710 INFO Tickers: ['CAT']
2023-05-13 12:26:24,071 INFO in_r2: 0.9099335273487299 , std 0.044111494320957546 
2023-05-13 12:26:24,071 INFO os_r2: 0.8500138286537393 , std 0.49866623504131685 
2023-05-13 12:26:24,071 INFO intercept: -4.4479404310866704e-08 , std 8.348640651846003e-06 
2023-05-13 12:26:24,071 INFO ofi_add_1: 8.566688411102513e-05 , std 6.732738242944852e-05 
2023-05-13 12:26:24,071 INFO ofi_add_2: 9.762271486238854e-05 , std 6.764711395719635e-05 
2023-05-13 12:26:24,071 INFO ofi_add_3: 6.604606878487429e-05 , std 6.240254707151541e-05 
2023-05-13 12:26:24,071 INFO ofi_add_4: 4.9056439462327544e-05 , std 6.0812718509207616e-05 
2023-05-13 12:26:24,071 INFO ofi_add_5: 3.536877795492427e-05 , std 6.01815765871968e-05 
2023-05-13 12:26:24,071 INFO ofi_add_6: 3.468665001472514e-05 , std 6.068252984668499e-05 
2023-05-13 12:26:24,071 INFO ofi_add_7: 3.44001190762883e-05 , std 6.241037586145589e-05 
2023-05-13 12:26:24,071 INFO ofi_add_8: 7.235684139627886e-05 , std 6.059852972296093e-05 
2023-05-13 12:26:24,071 INFO ofi_cancel_1: 0.00010275160285924655 , std 8.023177987898519e-05 
2023-05-13 12:26:24,071 INFO ofi_cancel_2: 0.00010536541168834146 , std 7.013574943796518e-05 
2023-05-13 12:26:24,071 INFO ofi_cancel_3: 6.468798138188789e-05 , std 6.510757153789402e-05 
2023-05-13 12:26:24,071 INFO ofi_cancel_4: 4.782652210222717e-05 , std 6.32756818899898e-05 
2023-05-13 12:26:24,071 INFO ofi_cancel_5: 3.1250459197939934e-05 , std 6.370625035897218e-05 
2023-05-13 12:26:24,071 INFO ofi_cancel_6: 3.0273510637684748e-05 , std 6.321953178395217e-05 
2023-05-13 12:26:24,071 INFO ofi_cancel_7: 2.8597516302273335e-05 , std 6.40965222824413e-05 
2023-05-13 12:26:24,071 INFO ofi_cancel_8: 6.78603683293171e-05 , std 6.467124219093371e-05 
2023-05-13 12:26:24,071 INFO ofi_trade_1: 6.716208283573571e-05 , std 0.0001442604065158971 
2023-05-13 12:26:24,071 INFO ofi_trade_2: 9.273847550511535e-05 , std 0.00013234035042459873 
2023-05-13 12:26:24,071 INFO ofi_trade_3: 6.37213371114789e-05 , std 0.00012015580475109288 
2023-05-13 12:26:24,071 INFO ofi_trade_4: 5.0592268085306476e-05 , std 0.00011405703214902194 
2023-05-13 12:26:24,071 INFO ofi_trade_5: 4.168999330202228e-05 , std 0.00010988164590296408 
2023-05-13 12:26:24,071 INFO ofi_trade_6: 4.6483423768574866e-05 , std 0.0001095737541687445 
2023-05-13 12:26:24,071 INFO ofi_trade_7: 5.6128750990425095e-05 , std 0.00011558709520269431 
2023-05-13 12:26:24,071 INFO ofi_trade_8: 0.00010048532848551582 , std 0.00011715770360599919 
2023-05-13 12:26:24,071 INFO t_intercept: -0.050847386362034154 , std 0.9790694704879308 
2023-05-13 12:26:24,071 INFO t_ofi_add_1: 2.02126412444742 , std 1.385731598343477 
2023-05-13 12:26:24,071 INFO t_ofi_add_2: 2.1285418572917463 , std 1.3172631495176326 
2023-05-13 12:26:24,071 INFO t_ofi_add_3: 1.4557730266965978 , std 1.2450281533081953 
2023-05-13 12:26:24,071 INFO t_ofi_add_4: 1.1409411986271418 , std 1.2411056323339118 
2023-05-13 12:26:24,071 INFO t_ofi_add_5: 0.8496997019265551 , std 1.2322557140157222 
2023-05-13 12:26:24,071 INFO t_ofi_add_6: 0.8174361803857156 , std 1.2104781899932606 
2023-05-13 12:26:24,071 INFO t_ofi_add_7: 0.7954901494062779 , std 1.2205671060970014 
2023-05-13 12:26:24,071 INFO t_ofi_add_8: 1.895405368810581 , std 1.3918674467701868 
2023-05-13 12:26:24,071 INFO t_ofi_cancel_1: 2.1076927731924333 , std 1.3997031511734401 
2023-05-13 12:26:24,071 INFO t_ofi_cancel_2: 2.240781974104102 , std 1.3318310591416678 
2023-05-13 12:26:24,071 INFO t_ofi_cancel_3: 1.3631314155346805 , std 1.2405583320300497 
2023-05-13 12:26:24,071 INFO t_ofi_cancel_4: 1.0462801507787451 , std 1.2295903121531726 
2023-05-13 12:26:24,071 INFO t_ofi_cancel_5: 0.7040923929183396 , std 1.221917254768772 
2023-05-13 12:26:24,071 INFO t_ofi_cancel_6: 0.660876948971203 , std 1.1982130241169537 
2023-05-13 12:26:24,071 INFO t_ofi_cancel_7: 0.6118440987172867 , std 1.2042366858870477 
2023-05-13 12:26:24,071 INFO t_ofi_cancel_8: 1.629758720508126 , std 1.383939819459308 
2023-05-13 12:26:24,071 INFO t_ofi_trade_1: 0.6989363196055505 , std 1.326590747839139 
2023-05-13 12:26:24,072 INFO t_ofi_trade_2: 1.011777103353182 , std 1.2629696155443328 
2023-05-13 12:26:24,072 INFO t_ofi_trade_3: 0.7656168822899698 , std 1.2617801451352533 
2023-05-13 12:26:24,072 INFO t_ofi_trade_4: 0.6624537563000662 , std 1.250632874431125 
2023-05-13 12:26:24,072 INFO t_ofi_trade_5: 0.5528729477077786 , std 1.237701236953803 
2023-05-13 12:26:24,072 INFO t_ofi_trade_6: 0.6195103276510607 , std 1.2162670928658859 
2023-05-13 12:26:24,072 INFO t_ofi_trade_7: 0.7160589435462135 , std 1.2220540897547358 
2023-05-13 12:26:24,072 INFO t_ofi_trade_8: 1.3340899268490698 , std 1.3049818818985233 
2023-05-13 12:26:24,072 INFO Grouping by ofi type:
2023-05-13 12:26:24,072 INFO add: 11.104551607592036
2023-05-13 12:26:24,072 INFO cancel: 10.364458474724916
2023-05-13 12:26:24,072 INFO trade: 6.361316207302891
2023-05-13 12:26:24,072 INFO Grouping by level:
2023-05-13 12:26:24,072 INFO 1: 4.827893217245403
2023-05-13 12:26:24,072 INFO 2: 5.38110093474903
2023-05-13 12:26:24,072 INFO 3: 3.5845213245212477
2023-05-13 12:26:24,072 INFO 4: 2.8496751057059533
2023-05-13 12:26:24,072 INFO 5: 2.1066650425526734
2023-05-13 12:26:24,072 INFO 6: 2.097823457007979
2023-05-13 12:26:24,072 INFO 7: 2.123393191669778
2023-05-13 12:26:24,073 INFO 8: 4.859254016167777
2023-05-13 12:26:24,073 INFO Non empty regressions: 1.0 --- 6481 / 6481
