2023-05-13 12:26:07,205 INFO Starting...
2023-05-13 12:26:07,205 INFO Tickers: ['CVS']
2023-05-13 12:26:08,605 INFO in_r2: 0.9424561454178306 , std 0.0631338311582308 
2023-05-13 12:26:08,605 INFO os_r2: 0.8758978578492789 , std 1.7952030001377817 
2023-05-13 12:26:08,605 INFO intercept: -4.6219387622653993e-07 , std 8.489103240495459e-06 
2023-05-13 12:26:08,605 INFO ofi_add_1: 6.359078878041142e-05 , std 9.235254215251071e-05 
2023-05-13 12:26:08,605 INFO ofi_add_2: 0.0001003927879391095 , std 7.239807837851782e-05 
2023-05-13 12:26:08,605 INFO ofi_add_3: 9.47642808874575e-05 , std 7.305264289725921e-05 
2023-05-13 12:26:08,605 INFO ofi_add_4: 8.715161423739263e-05 , std 7.154880277474192e-05 
2023-05-13 12:26:08,605 INFO ofi_add_5: 7.730502408042302e-05 , std 7.487673178863435e-05 
2023-05-13 12:26:08,605 INFO ofi_add_6: 8.275495770915056e-05 , std 7.720771650464066e-05 
2023-05-13 12:26:08,605 INFO ofi_add_7: 9.379356208673503e-05 , std 8.463035834798852e-05 
2023-05-13 12:26:08,605 INFO ofi_add_8: 0.00013044816012136186 , std 8.434007111434111e-05 
2023-05-13 12:26:08,605 INFO ofi_cancel_1: 6.084691549015565e-05 , std 9.965781970121329e-05 
2023-05-13 12:26:08,605 INFO ofi_cancel_2: 0.00010110639627031538 , std 7.714658011393132e-05 
2023-05-13 12:26:08,605 INFO ofi_cancel_3: 9.247634948714006e-05 , std 7.615387871814998e-05 
2023-05-13 12:26:08,605 INFO ofi_cancel_4: 8.508006566194865e-05 , std 7.777729862630616e-05 
2023-05-13 12:26:08,605 INFO ofi_cancel_5: 7.484862082941006e-05 , std 7.998368227052305e-05 
2023-05-13 12:26:08,605 INFO ofi_cancel_6: 7.884100280155892e-05 , std 8.316935341093717e-05 
2023-05-13 12:26:08,605 INFO ofi_cancel_7: 8.84640795631663e-05 , std 9.130266021153578e-05 
2023-05-13 12:26:08,605 INFO ofi_cancel_8: 0.00013312526627134595 , std 9.430200203967612e-05 
2023-05-13 12:26:08,605 INFO ofi_trade_1: 5.514756299171485e-05 , std 0.00015040419510366782 
2023-05-13 12:26:08,605 INFO ofi_trade_2: 9.561876818514185e-05 , std 0.00011153413679412524 
2023-05-13 12:26:08,605 INFO ofi_trade_3: 8.585743878211862e-05 , std 0.0001184890203550323 
2023-05-13 12:26:08,605 INFO ofi_trade_4: 8.724073353275243e-05 , std 0.00010553333869031834 
2023-05-13 12:26:08,605 INFO ofi_trade_5: 8.268195193452371e-05 , std 0.00010626235372138147 
2023-05-13 12:26:08,605 INFO ofi_trade_6: 8.892515179787666e-05 , std 0.00010806152295702424 
2023-05-13 12:26:08,605 INFO ofi_trade_7: 0.00010555403946549199 , std 0.00011817843616543944 
2023-05-13 12:26:08,605 INFO ofi_trade_8: 0.00014732005396182795 , std 0.000124624995191406 
2023-05-13 12:26:08,605 INFO t_intercept: -0.07584438429830892 , std 1.038219007204494 
2023-05-13 12:26:08,605 INFO t_ofi_add_1: 1.6703395253365503 , std 1.7839495344619158 
2023-05-13 12:26:08,605 INFO t_ofi_add_2: 2.582016910195383 , std 1.571718580607337 
2023-05-13 12:26:08,605 INFO t_ofi_add_3: 2.4976895609946936 , std 1.7470997901325944 
2023-05-13 12:26:08,605 INFO t_ofi_add_4: 2.341964011880328 , std 1.8354738325709479 
2023-05-13 12:26:08,605 INFO t_ofi_add_5: 2.1312722594777793 , std 1.9428210711834248 
2023-05-13 12:26:08,605 INFO t_ofi_add_6: 2.2155082546113736 , std 2.032419793104906 
2023-05-13 12:26:08,605 INFO t_ofi_add_7: 2.32826072179977 , std 1.9771414992536587 
2023-05-13 12:26:08,605 INFO t_ofi_add_8: 3.260676272155691 , std 2.2590583538109987 
2023-05-13 12:26:08,605 INFO t_ofi_cancel_1: 1.3133880894181353 , std 1.6708556519217737 
2023-05-13 12:26:08,605 INFO t_ofi_cancel_2: 2.4371576455161987 , std 1.5082251303301542 
2023-05-13 12:26:08,606 INFO t_ofi_cancel_3: 2.2105775347155463 , std 1.6227884394494658 
2023-05-13 12:26:08,606 INFO t_ofi_cancel_4: 2.056504816671648 , std 1.711816059401792 
2023-05-13 12:26:08,606 INFO t_ofi_cancel_5: 1.8356274765649323 , std 1.7731832723720868 
2023-05-13 12:26:08,606 INFO t_ofi_cancel_6: 1.8817665536993442 , std 1.8698122100929586 
2023-05-13 12:26:08,606 INFO t_ofi_cancel_7: 1.9782732208284441 , std 1.8475960916282006 
2023-05-13 12:26:08,606 INFO t_ofi_cancel_8: 2.9365140132632894 , std 2.1246896265523025 
2023-05-13 12:26:08,606 INFO t_ofi_trade_1: 0.6745738668571751 , std 1.6052588342076768 
2023-05-13 12:26:08,606 INFO t_ofi_trade_2: 1.6527067258194532 , std 1.6179903742896196 
2023-05-13 12:26:08,606 INFO t_ofi_trade_3: 1.5938723788030147 , std 1.673123696673341 
2023-05-13 12:26:08,606 INFO t_ofi_trade_4: 1.659391574169481 , std 1.7679010870106415 
2023-05-13 12:26:08,606 INFO t_ofi_trade_5: 1.5996693681852672 , std 1.7781306581542327 
2023-05-13 12:26:08,606 INFO t_ofi_trade_6: 1.6630889343609863 , std 1.8015407703829516 
2023-05-13 12:26:08,606 INFO t_ofi_trade_7: 1.7773922492273901 , std 1.7163315072677365 
2023-05-13 12:26:08,606 INFO t_ofi_trade_8: 2.4772530957718506 , std 1.933055348853133 
2023-05-13 12:26:08,606 INFO Grouping by ofi type:
2023-05-13 12:26:08,606 INFO add: 19.02772751645157
2023-05-13 12:26:08,606 INFO cancel: 16.649809350677536
2023-05-13 12:26:08,607 INFO trade: 13.097948193194618
2023-05-13 12:26:08,607 INFO Grouping by level:
2023-05-13 12:26:08,607 INFO 1: 3.6583014816118604
2023-05-13 12:26:08,607 INFO 2: 6.671881281531034
2023-05-13 12:26:08,607 INFO 3: 6.302139474513255
2023-05-13 12:26:08,607 INFO 4: 6.057860402721458
2023-05-13 12:26:08,607 INFO 5: 5.566569104227979
2023-05-13 12:26:08,607 INFO 6: 5.760363742671704
2023-05-13 12:26:08,607 INFO 7: 6.083926191855603
2023-05-13 12:26:08,607 INFO 8: 8.67444338119083
2023-05-13 12:26:08,607 INFO Non empty regressions: 1.0 --- 6569 / 6569
