2023-05-13 12:26:08,609 INFO Starting...
2023-05-13 12:26:08,609 INFO Tickers: ['DHR']
2023-05-13 12:26:09,883 INFO in_r2: 0.8902749597466243 , std 0.06234223738241627 
2023-05-13 12:26:09,883 INFO os_r2: 0.8183201816504744 , std 0.2671645936686102 
2023-05-13 12:26:09,883 INFO intercept: -3.894169633133147e-07 , std 7.610049206852609e-06 
2023-05-13 12:26:09,883 INFO ofi_add_1: 8.181175473988882e-05 , std 8.126847861264966e-05 
2023-05-13 12:26:09,883 INFO ofi_add_2: 9.929344235307236e-05 , std 7.521096937053696e-05 
2023-05-13 12:26:09,883 INFO ofi_add_3: 7.45613607283297e-05 , std 6.931468800475895e-05 
2023-05-13 12:26:09,883 INFO ofi_add_4: 5.776390471503242e-05 , std 7.316903245712603e-05 
2023-05-13 12:26:09,883 INFO ofi_add_5: 4.713793520543434e-05 , std 7.367978451603559e-05 
2023-05-13 12:26:09,883 INFO ofi_add_6: 4.3286422471444565e-05 , std 7.662714769739495e-05 
2023-05-13 12:26:09,883 INFO ofi_add_7: 4.517610629440976e-05 , std 8.070470426940299e-05 
2023-05-13 12:26:09,883 INFO ofi_add_8: 6.553362909359308e-05 , std 7.914357608632012e-05 
2023-05-13 12:26:09,883 INFO ofi_cancel_1: 9.428954896354435e-05 , std 9.386169727512353e-05 
2023-05-13 12:26:09,883 INFO ofi_cancel_2: 0.00010985620895802805 , std 8.159503152808179e-05 
2023-05-13 12:26:09,883 INFO ofi_cancel_3: 7.293241734566634e-05 , std 7.324786769692393e-05 
2023-05-13 12:26:09,883 INFO ofi_cancel_4: 5.3966830456911366e-05 , std 7.746744367673252e-05 
2023-05-13 12:26:09,883 INFO ofi_cancel_5: 4.162634179313431e-05 , std 7.939213984188265e-05 
2023-05-13 12:26:09,883 INFO ofi_cancel_6: 3.6965321253030216e-05 , std 8.423850600442276e-05 
2023-05-13 12:26:09,883 INFO ofi_cancel_7: 3.882308362090022e-05 , std 8.733818632670959e-05 
2023-05-13 12:26:09,883 INFO ofi_cancel_8: 6.422069929469763e-05 , std 8.403969698170801e-05 
2023-05-13 12:26:09,883 INFO ofi_trade_1: 8.337402932944209e-05 , std 0.0001822507343676913 
2023-05-13 12:26:09,883 INFO ofi_trade_2: 8.725360756299908e-05 , std 0.0001596494042210127 
2023-05-13 12:26:09,883 INFO ofi_trade_3: 6.400161760508357e-05 , std 0.0001580729390274342 
2023-05-13 12:26:09,883 INFO ofi_trade_4: 6.017624425635625e-05 , std 0.0001666605443942875 
2023-05-13 12:26:09,883 INFO ofi_trade_5: 5.512100471983492e-05 , std 0.0001711140323727276 
2023-05-13 12:26:09,883 INFO ofi_trade_6: 6.702688651792185e-05 , std 0.00018459250426488703 
2023-05-13 12:26:09,883 INFO ofi_trade_7: 7.841860097345269e-05 , std 0.000182282700350037 
2023-05-13 12:26:09,883 INFO ofi_trade_8: 0.00011147697159990538 , std 0.000188606846004721 
2023-05-13 12:26:09,883 INFO t_intercept: -0.03743164499604416 , std 0.9831670459663355 
2023-05-13 12:26:09,884 INFO t_ofi_add_1: 1.9681096555594548 , std 1.6986124110822962 
2023-05-13 12:26:09,884 INFO t_ofi_add_2: 2.141517490628324 , std 1.375950213832931 
2023-05-13 12:26:09,884 INFO t_ofi_add_3: 1.599885594344922 , std 1.3041219728909124 
2023-05-13 12:26:09,884 INFO t_ofi_add_4: 1.1953344378089674 , std 1.3363602483724357 
2023-05-13 12:26:09,884 INFO t_ofi_add_5: 0.945305275350375 , std 1.3115937609158876 
2023-05-13 12:26:09,884 INFO t_ofi_add_6: 0.8241874492018818 , std 1.323784222656559 
2023-05-13 12:26:09,884 INFO t_ofi_add_7: 0.8690349327459492 , std 1.3603831452139155 
2023-05-13 12:26:09,884 INFO t_ofi_add_8: 1.3908996918895074 , std 1.4857827076595043 
2023-05-13 12:26:09,884 INFO t_ofi_cancel_1: 1.9290404092620788 , std 1.686703396344825 
2023-05-13 12:26:09,884 INFO t_ofi_cancel_2: 2.258442749366051 , std 1.41152367496592 
2023-05-13 12:26:09,884 INFO t_ofi_cancel_3: 1.469773230208739 , std 1.3133723031330509 
2023-05-13 12:26:09,884 INFO t_ofi_cancel_4: 1.0425249134167527 , std 1.318781077783683 
2023-05-13 12:26:09,884 INFO t_ofi_cancel_5: 0.7721009264647882 , std 1.315514046390903 
2023-05-13 12:26:09,884 INFO t_ofi_cancel_6: 0.6483548168894434 , std 1.331750130016095 
2023-05-13 12:26:09,884 INFO t_ofi_cancel_7: 0.6840929353177077 , std 1.356443063687006 
2023-05-13 12:26:09,884 INFO t_ofi_cancel_8: 1.2538130120607647 , std 1.4798821331506955 
2023-05-13 12:26:09,884 INFO t_ofi_trade_1: 0.7938757168222608 , std 1.4452188015444334 
2023-05-13 12:26:09,884 INFO t_ofi_trade_2: 0.8594046945723228 , std 1.3434789059492644 
2023-05-13 12:26:09,884 INFO t_ofi_trade_3: 0.6757274029819957 , std 1.3129903735634303 
2023-05-13 12:26:09,884 INFO t_ofi_trade_4: 0.6446603598357042 , std 1.342776566115611 
2023-05-13 12:26:09,884 INFO t_ofi_trade_5: 0.5870915033457553 , std 1.334733247939499 
2023-05-13 12:26:09,884 INFO t_ofi_trade_6: 0.6160083058921191 , std 1.3321597784990582 
2023-05-13 12:26:09,884 INFO t_ofi_trade_7: 0.7088565067683505 , std 1.2933094469533741 
2023-05-13 12:26:09,884 INFO t_ofi_trade_8: 1.0354039178528156 , std 1.3653559010789718 
2023-05-13 12:26:09,884 INFO Grouping by ofi type:
2023-05-13 12:26:09,885 INFO add: 10.93427452752938
2023-05-13 12:26:09,885 INFO cancel: 10.058142992986324
2023-05-13 12:26:09,885 INFO trade: 5.921028408071325
2023-05-13 12:26:09,885 INFO Grouping by level:
2023-05-13 12:26:09,885 INFO 1: 4.691025781643795
2023-05-13 12:26:09,885 INFO 2: 5.2593649345666975
2023-05-13 12:26:09,885 INFO 3: 3.745386227535657
2023-05-13 12:26:09,885 INFO 4: 2.8825197110614242
2023-05-13 12:26:09,885 INFO 5: 2.3044977051609186
2023-05-13 12:26:09,885 INFO 6: 2.0885505719834443
2023-05-13 12:26:09,885 INFO 7: 2.261984374832007
2023-05-13 12:26:09,885 INFO 8: 3.6801166218030876
2023-05-13 12:26:09,885 INFO Non empty regressions: 1.0 --- 4242 / 4242
