2023-05-13 12:26:27,987 INFO Starting...
2023-05-13 12:26:27,987 INFO Tickers: ['GS']
2023-05-13 12:26:29,263 INFO in_r2: 0.881407580221147 , std 0.05153092402861676 
2023-05-13 12:26:29,263 INFO os_r2: 0.8090805472987848 , std 0.11884180739405095 
2023-05-13 12:26:29,263 INFO intercept: -3.3480180438718933e-07 , std 8.895475488814657e-06 
2023-05-13 12:26:29,263 INFO ofi_add_1: 7.765447536401975e-05 , std 6.460774207336977e-05 
2023-05-13 12:26:29,263 INFO ofi_add_2: 8.95733546996939e-05 , std 6.517210855453085e-05 
2023-05-13 12:26:29,263 INFO ofi_add_3: 6.554031671364556e-05 , std 5.860580813390235e-05 
2023-05-13 12:26:29,263 INFO ofi_add_4: 4.139705756282822e-05 , std 5.8838868962028406e-05 
2023-05-13 12:26:29,263 INFO ofi_add_5: 3.0019801542258217e-05 , std 6.171964484750623e-05 
2023-05-13 12:26:29,263 INFO ofi_add_6: 2.5041486084573244e-05 , std 6.099619520829812e-05 
2023-05-13 12:26:29,264 INFO ofi_add_7: 2.4515065968298405e-05 , std 6.231863561107279e-05 
2023-05-13 12:26:29,264 INFO ofi_add_8: 4.673531111342417e-05 , std 5.677932056776484e-05 
2023-05-13 12:26:29,264 INFO ofi_cancel_1: 9.351854119945501e-05 , std 7.0822653672116e-05 
2023-05-13 12:26:29,264 INFO ofi_cancel_2: 9.560601119796708e-05 , std 6.657571529100375e-05 
2023-05-13 12:26:29,264 INFO ofi_cancel_3: 6.427214961555126e-05 , std 5.98528841843073e-05 
2023-05-13 12:26:29,264 INFO ofi_cancel_4: 3.963573174099176e-05 , std 6.064547771001084e-05 
2023-05-13 12:26:29,264 INFO ofi_cancel_5: 2.7612127785305685e-05 , std 6.302642196247477e-05 
2023-05-13 12:26:29,264 INFO ofi_cancel_6: 2.2037293345897767e-05 , std 6.259046441993123e-05 
2023-05-13 12:26:29,264 INFO ofi_cancel_7: 2.0366911478255795e-05 , std 6.467724678437136e-05 
2023-05-13 12:26:29,264 INFO ofi_cancel_8: 4.19217991960332e-05 , std 5.885885252336997e-05 
2023-05-13 12:26:29,264 INFO ofi_trade_1: 6.205891405626565e-05 , std 0.00012614396708817509 
2023-05-13 12:26:29,264 INFO ofi_trade_2: 8.542658586346071e-05 , std 0.00014023757045461443 
2023-05-13 12:26:29,264 INFO ofi_trade_3: 6.74379311500655e-05 , std 0.00013297165488465804 
2023-05-13 12:26:29,264 INFO ofi_trade_4: 4.984491553690191e-05 , std 0.00013391269252306822 
2023-05-13 12:26:29,264 INFO ofi_trade_5: 3.9795034022762805e-05 , std 0.00013325481303486266 
2023-05-13 12:26:29,264 INFO ofi_trade_6: 4.3228254175140327e-05 , std 0.00013472260985822887 
2023-05-13 12:26:29,264 INFO ofi_trade_7: 4.959422021624732e-05 , std 0.0001331225488123579 
2023-05-13 12:26:29,264 INFO ofi_trade_8: 8.048781415751414e-05 , std 0.00013141807972205663 
2023-05-13 12:26:29,264 INFO t_intercept: -0.023632311904760554 , std 1.0315327513572319 
2023-05-13 12:26:29,264 INFO t_ofi_add_1: 2.0959968444383605 , std 1.409839951178994 
2023-05-13 12:26:29,264 INFO t_ofi_add_2: 2.1337468734094154 , std 1.2942689925188215 
2023-05-13 12:26:29,264 INFO t_ofi_add_3: 1.5350139322649246 , std 1.2242317979206059 
2023-05-13 12:26:29,264 INFO t_ofi_add_4: 0.9918219467968242 , std 1.2001889462129904 
2023-05-13 12:26:29,264 INFO t_ofi_add_5: 0.6976426690499692 , std 1.18133843485355 
2023-05-13 12:26:29,264 INFO t_ofi_add_6: 0.6021283794585511 , std 1.170762232263353 
2023-05-13 12:26:29,264 INFO t_ofi_add_7: 0.5663540628525534 , std 1.1654564640717384 
2023-05-13 12:26:29,265 INFO t_ofi_add_8: 1.3317792649137323 , std 1.2982529047495022 
2023-05-13 12:26:29,265 INFO t_ofi_cancel_1: 2.253024193410034 , std 1.3696278102444324 
2023-05-13 12:26:29,265 INFO t_ofi_cancel_2: 2.2376677474897817 , std 1.2878745056726069 
2023-05-13 12:26:29,265 INFO t_ofi_cancel_3: 1.4867098325079664 , std 1.232239419098938 
2023-05-13 12:26:29,265 INFO t_ofi_cancel_4: 0.9284803982645771 , std 1.201934678959701 
2023-05-13 12:26:29,265 INFO t_ofi_cancel_5: 0.6240090537988086 , std 1.1838864723307636 
2023-05-13 12:26:29,265 INFO t_ofi_cancel_6: 0.5147028365886442 , std 1.173344875882085 
2023-05-13 12:26:29,265 INFO t_ofi_cancel_7: 0.4522717283792959 , std 1.1721821330106632 
2023-05-13 12:26:29,265 INFO t_ofi_cancel_8: 1.118480420831389 , std 1.2885517580506791 
2023-05-13 12:26:29,265 INFO t_ofi_trade_1: 0.7592676808786968 , std 1.3457388578165566 
2023-05-13 12:26:29,265 INFO t_ofi_trade_2: 0.9027235579366543 , std 1.292821078262103 
2023-05-13 12:26:29,265 INFO t_ofi_trade_3: 0.7554903419260511 , std 1.2680277819233898 
2023-05-13 12:26:29,265 INFO t_ofi_trade_4: 0.5761731348953684 , std 1.2508167735901579 
2023-05-13 12:26:29,265 INFO t_ofi_trade_5: 0.45876530435358037 , std 1.2325060671984784 
2023-05-13 12:26:29,265 INFO t_ofi_trade_6: 0.5224669642572524 , std 1.2556782327344096 
2023-05-13 12:26:29,265 INFO t_ofi_trade_7: 0.6033705116945429 , std 1.2446123649818497 
2023-05-13 12:26:29,265 INFO t_ofi_trade_8: 1.0447826836379135 , std 1.2919743662003855 
2023-05-13 12:26:29,266 INFO Grouping by ofi type:
2023-05-13 12:26:29,266 INFO add: 9.954483973184331
2023-05-13 12:26:29,266 INFO cancel: 9.615346211270497
2023-05-13 12:26:29,266 INFO trade: 5.623040179580059
2023-05-13 12:26:29,266 INFO Grouping by level:
2023-05-13 12:26:29,266 INFO 1: 5.108288718727092
2023-05-13 12:26:29,266 INFO 2: 5.274138178835851
2023-05-13 12:26:29,266 INFO 3: 3.777214106698942
2023-05-13 12:26:29,266 INFO 4: 2.4964754799567697
2023-05-13 12:26:29,266 INFO 5: 1.7804170272023583
2023-05-13 12:26:29,266 INFO 6: 1.6392981803044477
2023-05-13 12:26:29,266 INFO 7: 1.6219963029263922
2023-05-13 12:26:29,266 INFO 8: 3.4950423693830346
2023-05-13 12:26:29,267 INFO Non empty regressions: 1.0 --- 4886 / 4886
