2023-05-13 12:24:51,161 INFO Starting...
2023-05-13 12:24:51,162 INFO Tickers: ['JPM']
2023-05-13 12:24:52,566 INFO in_r2: 0.9667684562954079 , std 0.016388783312575008 
2023-05-13 12:24:52,566 INFO os_r2: 0.9491419873428297 , std 0.04076811558492378 
2023-05-13 12:24:52,566 INFO intercept: 6.516739345128526e-08 , std 4.290812693152813e-06 
2023-05-13 12:24:52,566 INFO ofi_add_1: 1.947258892825204e-05 , std 3.205712203358607e-05 
2023-05-13 12:24:52,566 INFO ofi_add_2: 4.694935688409621e-05 , std 4.020480811224124e-05 
2023-05-13 12:24:52,566 INFO ofi_add_3: 5.3722170496360463e-05 , std 4.3158616059212666e-05 
2023-05-13 12:24:52,566 INFO ofi_add_4: 5.954291158591115e-05 , std 4.4622880462523806e-05 
2023-05-13 12:24:52,566 INFO ofi_add_5: 5.100636690612548e-05 , std 4.305712031432741e-05 
2023-05-13 12:24:52,566 INFO ofi_add_6: 4.9225065889127654e-05 , std 4.362116284810928e-05 
2023-05-13 12:24:52,566 INFO ofi_add_7: 5.391040226623033e-05 , std 5.024962867735494e-05 
2023-05-13 12:24:52,566 INFO ofi_add_8: 0.00010264316368453809 , std 5.8022097306961304e-05 
2023-05-13 12:24:52,566 INFO ofi_cancel_1: 1.98038269779746e-05 , std 3.622990726331108e-05 
2023-05-13 12:24:52,566 INFO ofi_cancel_2: 4.6968886522978394e-05 , std 4.07604588290626e-05 
2023-05-13 12:24:52,566 INFO ofi_cancel_3: 5.2974647258521247e-05 , std 4.5663526984168413e-05 
2023-05-13 12:24:52,566 INFO ofi_cancel_4: 5.884061722345323e-05 , std 4.814785173300377e-05 
2023-05-13 12:24:52,566 INFO ofi_cancel_5: 5.123946830016691e-05 , std 4.6271528128425186e-05 
2023-05-13 12:24:52,566 INFO ofi_cancel_6: 4.862079669418176e-05 , std 4.713413456736877e-05 
2023-05-13 12:24:52,566 INFO ofi_cancel_7: 5.2996451153794924e-05 , std 5.3450397595856946e-05 
2023-05-13 12:24:52,566 INFO ofi_cancel_8: 0.00010505138833865973 , std 6.202272868130579e-05 
2023-05-13 12:24:52,566 INFO ofi_trade_1: 1.786414025688998e-05 , std 7.603143123847885e-05 
2023-05-13 12:24:52,566 INFO ofi_trade_2: 5.257905500212101e-05 , std 6.209686536163423e-05 
2023-05-13 12:24:52,566 INFO ofi_trade_3: 5.412359428607982e-05 , std 6.0217381958395844e-05 
2023-05-13 12:24:52,566 INFO ofi_trade_4: 5.776648711421221e-05 , std 5.973394283547347e-05 
2023-05-13 12:24:52,566 INFO ofi_trade_5: 4.923586842000887e-05 , std 5.877566436287172e-05 
2023-05-13 12:24:52,566 INFO ofi_trade_6: 4.736723889980321e-05 , std 5.9359830856307764e-05 
2023-05-13 12:24:52,566 INFO ofi_trade_7: 5.5248683731849875e-05 , std 6.520123568001297e-05 
2023-05-13 12:24:52,566 INFO ofi_trade_8: 9.929547092466922e-05 , std 7.250900658830285e-05 
2023-05-13 12:24:52,566 INFO t_intercept: -0.002335218021826137 , std 1.0380983660854561 
2023-05-13 12:24:52,566 INFO t_ofi_add_1: 0.8504694159130634 , std 1.3266762641900052 
2023-05-13 12:24:52,566 INFO t_ofi_add_2: 1.57054651944201 , std 1.303050275831135 
2023-05-13 12:24:52,566 INFO t_ofi_add_3: 1.7060893021194488 , std 1.335701211592963 
2023-05-13 12:24:52,566 INFO t_ofi_add_4: 1.8456404076409518 , std 1.3325091553969841 
2023-05-13 12:24:52,566 INFO t_ofi_add_5: 1.6583306676123142 , std 1.311776397348718 
2023-05-13 12:24:52,566 INFO t_ofi_add_6: 1.609303414580485 , std 1.3073020216154096 
2023-05-13 12:24:52,566 INFO t_ofi_add_7: 1.611175461216182 , std 1.3086672851419867 
2023-05-13 12:24:52,566 INFO t_ofi_add_8: 3.127199586122289 , std 1.6983650833612487 
2023-05-13 12:24:52,567 INFO t_ofi_cancel_1: 0.7575914279300024 , std 1.3172249379217413 
2023-05-13 12:24:52,567 INFO t_ofi_cancel_2: 1.5369170883988705 , std 1.2944345815758262 
2023-05-13 12:24:52,567 INFO t_ofi_cancel_3: 1.5902882089143593 , std 1.3114697338545742 
2023-05-13 12:24:52,567 INFO t_ofi_cancel_4: 1.7108083007042552 , std 1.308609685176305 
2023-05-13 12:24:52,567 INFO t_ofi_cancel_5: 1.5378784562929202 , std 1.2744255968340272 
2023-05-13 12:24:52,567 INFO t_ofi_cancel_6: 1.469936912265504 , std 1.2705776988436572 
2023-05-13 12:24:52,567 INFO t_ofi_cancel_7: 1.4629372322989591 , std 1.2812492480746784 
2023-05-13 12:24:52,567 INFO t_ofi_cancel_8: 2.942139564194299 , std 1.6675219620603392 
2023-05-13 12:24:52,567 INFO t_ofi_trade_1: 0.3491557097638355 , std 1.2378440581815287 
2023-05-13 12:24:52,567 INFO t_ofi_trade_2: 1.1265440671768636 , std 1.2413513346996625 
2023-05-13 12:24:52,567 INFO t_ofi_trade_3: 1.198575496018247 , std 1.2650006710154424 
2023-05-13 12:24:52,567 INFO t_ofi_trade_4: 1.316577824678716 , std 1.279533304611363 
2023-05-13 12:24:52,567 INFO t_ofi_trade_5: 1.1862115455345532 , std 1.2680925597173611 
2023-05-13 12:24:52,567 INFO t_ofi_trade_6: 1.1440315149929363 , std 1.2643246058530908 
2023-05-13 12:24:52,567 INFO t_ofi_trade_7: 1.2552222438362561 , std 1.2635284718091127 
2023-05-13 12:24:52,567 INFO t_ofi_trade_8: 2.358102919039561 , std 1.598069186392623 
2023-05-13 12:24:52,568 INFO Grouping by ofi type:
2023-05-13 12:24:52,568 INFO add: 13.978754774646744
2023-05-13 12:24:52,568 INFO cancel: 13.00849719099917
2023-05-13 12:24:52,568 INFO trade: 9.934421321040968
2023-05-13 12:24:52,568 INFO Grouping by level:
2023-05-13 12:24:52,568 INFO 1: 1.957216553606901
2023-05-13 12:24:52,568 INFO 2: 4.234007675017745
2023-05-13 12:24:52,568 INFO 3: 4.494953007052055
2023-05-13 12:24:52,568 INFO 4: 4.873026533023923
2023-05-13 12:24:52,568 INFO 5: 4.382420669439787
2023-05-13 12:24:52,568 INFO 6: 4.223271841838925
2023-05-13 12:24:52,568 INFO 7: 4.329334937351397
2023-05-13 12:24:52,568 INFO 8: 8.427442069356148
2023-05-13 12:24:52,568 INFO Non empty regressions: 1.0 --- 7348 / 7348
