2023-05-13 12:25:12,078 INFO Starting...
2023-05-13 12:25:12,078 INFO Tickers: ['MRK']
2023-05-13 12:25:13,443 INFO in_r2: 0.976517578416035 , std 0.012699908166087936 
2023-05-13 12:25:13,443 INFO os_r2: 0.9536979216340095 , std 0.038432727294125425 
2023-05-13 12:25:13,443 INFO intercept: 1.8165481684544152e-07 , std 2.835373192932068e-06 
2023-05-13 12:25:13,443 INFO ofi_add_1: 1.9457754338725043e-05 , std 3.895134864268838e-05 
2023-05-13 12:25:13,443 INFO ofi_add_2: 6.733121089382875e-05 , std 5.5099204994923945e-05 
2023-05-13 12:25:13,443 INFO ofi_add_3: 7.746989166292477e-05 , std 5.551502829338027e-05 
2023-05-13 12:25:13,443 INFO ofi_add_4: 7.318586047004966e-05 , std 5.94303301716974e-05 
2023-05-13 12:25:13,443 INFO ofi_add_5: 6.379962621181044e-05 , std 6.048232095208946e-05 
2023-05-13 12:25:13,443 INFO ofi_add_6: 0.00010722179212588275 , std 8.512836859423085e-05 
2023-05-13 12:25:13,443 INFO ofi_add_7: 0.00012447701281796572 , std 0.0001018396585371759 
2023-05-13 12:25:13,443 INFO ofi_add_8: 0.0001745814433150297 , std 0.00012195422467136542 
2023-05-13 12:25:13,443 INFO ofi_cancel_1: 1.4111156432191437e-05 , std 4.296952977797098e-05 
2023-05-13 12:25:13,443 INFO ofi_cancel_2: 5.907741286616368e-05 , std 5.55899585454514e-05 
2023-05-13 12:25:13,443 INFO ofi_cancel_3: 7.541647243928094e-05 , std 6.017093532625426e-05 
2023-05-13 12:25:13,443 INFO ofi_cancel_4: 7.201178479213578e-05 , std 6.324194626970604e-05 
2023-05-13 12:25:13,444 INFO ofi_cancel_5: 6.313767946350842e-05 , std 6.559632582434625e-05 
2023-05-13 12:25:13,444 INFO ofi_cancel_6: 0.00010197558755616041 , std 9.157197439747335e-05 
2023-05-13 12:25:13,444 INFO ofi_cancel_7: 0.0001305428723529064 , std 0.00011565252187565009 
2023-05-13 12:25:13,444 INFO ofi_cancel_8: 0.00018677844627489198 , std 0.0001449423754590764 
2023-05-13 12:25:13,444 INFO ofi_trade_1: 1.2204414536378101e-05 , std 0.00011739431976997337 
2023-05-13 12:25:13,444 INFO ofi_trade_2: 7.967501185922566e-05 , std 9.329832961226028e-05 
2023-05-13 12:25:13,444 INFO ofi_trade_3: 8.783746896278007e-05 , std 9.174733525805111e-05 
2023-05-13 12:25:13,444 INFO ofi_trade_4: 7.039771744433465e-05 , std 8.878183291927435e-05 
2023-05-13 12:25:13,444 INFO ofi_trade_5: 7.158568745663875e-05 , std 8.954844099223259e-05 
2023-05-13 12:25:13,444 INFO ofi_trade_6: 0.0001001517577381276 , std 0.00011497694696465971 
2023-05-13 12:25:13,444 INFO ofi_trade_7: 0.00012168725974630639 , std 0.00014655416265806274 
2023-05-13 12:25:13,444 INFO ofi_trade_8: 0.0001410537288318194 , std 0.0001593888092021563 
2023-05-13 12:25:13,444 INFO t_intercept: 0.08218258170366316 , std 1.0170241989882798 
2023-05-13 12:25:13,444 INFO t_ofi_add_1: 0.9522607065322907 , std 1.682647359161121 
2023-05-13 12:25:13,444 INFO t_ofi_add_2: 2.2731886846802962 , std 1.9123991933033067 
2023-05-13 12:25:13,444 INFO t_ofi_add_3: 2.4665013434149823 , std 1.7243572234748394 
2023-05-13 12:25:13,444 INFO t_ofi_add_4: 2.3659719546961138 , std 1.7235869789692502 
2023-05-13 12:25:13,444 INFO t_ofi_add_5: 2.0589786214359806 , std 1.868369315692223 
2023-05-13 12:25:13,444 INFO t_ofi_add_6: 2.709407248804756 , std 2.103340418280191 
2023-05-13 12:25:13,444 INFO t_ofi_add_7: 2.5350397936748728 , std 1.888749714403621 
2023-05-13 12:25:13,444 INFO t_ofi_add_8: 3.307130262823154 , std 2.0653236876914165 
2023-05-13 12:25:13,444 INFO t_ofi_cancel_1: 0.5979077204794015 , std 1.5716925512712245 
2023-05-13 12:25:13,444 INFO t_ofi_cancel_2: 1.9207930701406062 , std 1.7956043541604114 
2023-05-13 12:25:13,444 INFO t_ofi_cancel_3: 2.1735540755242537 , std 1.6443096417176502 
2023-05-13 12:25:13,444 INFO t_ofi_cancel_4: 2.0634121995606587 , std 1.5993227602293447 
2023-05-13 12:25:13,444 INFO t_ofi_cancel_5: 1.754922308135957 , std 1.6768610045925048 
2023-05-13 12:25:13,444 INFO t_ofi_cancel_6: 2.2131356802145805 , std 1.8579380950395223 
2023-05-13 12:25:13,444 INFO t_ofi_cancel_7: 2.2829350420169416 , std 1.7702355780727927 
2023-05-13 12:25:13,444 INFO t_ofi_cancel_8: 3.028878705554286 , std 2.0115265712001937 
2023-05-13 12:25:13,444 INFO t_ofi_trade_1: 0.2775705064828029 , std 1.7143944427600106 
2023-05-13 12:25:13,444 INFO t_ofi_trade_2: 1.6395116527292766 , std 1.8154255953157918 
2023-05-13 12:25:13,444 INFO t_ofi_trade_3: 1.8066997715088255 , std 1.7901179953835586 
2023-05-13 12:25:13,444 INFO t_ofi_trade_4: 1.5591223122503628 , std 1.797168282880117 
2023-05-13 12:25:13,445 INFO t_ofi_trade_5: 1.6050310350849797 , std 1.8567951784557726 
2023-05-13 12:25:13,445 INFO t_ofi_trade_6: 1.7985184076800766 , std 1.8425801934444042 
2023-05-13 12:25:13,445 INFO t_ofi_trade_7: 1.773995637066624 , std 1.7593276672908467 
2023-05-13 12:25:13,445 INFO t_ofi_trade_8: 2.070842405689893 , std 1.9683340020757412 
2023-05-13 12:25:13,445 INFO Grouping by ofi type:
2023-05-13 12:25:13,445 INFO add: 18.668478616062448
2023-05-13 12:25:13,446 INFO cancel: 16.035538801626686
2023-05-13 12:25:13,446 INFO trade: 12.531291728492842
2023-05-13 12:25:13,446 INFO Grouping by level:
2023-05-13 12:25:13,446 INFO 1: 1.8277389334944951
2023-05-13 12:25:13,446 INFO 2: 5.833493407550179
2023-05-13 12:25:13,446 INFO 3: 6.446755190448061
2023-05-13 12:25:13,446 INFO 4: 5.988506466507135
2023-05-13 12:25:13,446 INFO 5: 5.418931964656918
2023-05-13 12:25:13,446 INFO 6: 6.721061336699413
2023-05-13 12:25:13,446 INFO 7: 6.5919704727584385
2023-05-13 12:25:13,446 INFO 8: 8.406851374067333
2023-05-13 12:25:13,446 INFO Non empty regressions: 1.0 --- 7200 / 7200
