2023-05-13 12:25:57,245 INFO Starting...
2023-05-13 12:25:57,245 INFO Tickers: ['TXN']
2023-05-13 12:25:58,647 INFO in_r2: 0.937981169562876 , std 0.034032183287987364 
2023-05-13 12:25:58,647 INFO os_r2: 0.9023442957596594 , std 0.08675495098827504 
2023-05-13 12:25:58,647 INFO intercept: -1.3914505716215645e-07 , std 6.4264674111128145e-06 
2023-05-13 12:25:58,647 INFO ofi_add_1: 5.0163330240218486e-05 , std 5.3804544056661446e-05 
2023-05-13 12:25:58,647 INFO ofi_add_2: 6.9416244657929e-05 , std 5.63718759538949e-05 
2023-05-13 12:25:58,647 INFO ofi_add_3: 6.651333047403927e-05 , std 5.546051390866619e-05 
2023-05-13 12:25:58,647 INFO ofi_add_4: 5.724815433159181e-05 , std 5.665847214676718e-05 
2023-05-13 12:25:58,647 INFO ofi_add_5: 4.5218561383328935e-05 , std 5.375190814689425e-05 
2023-05-13 12:25:58,647 INFO ofi_add_6: 4.2378728994856396e-05 , std 5.5079606602929406e-05 
2023-05-13 12:25:58,647 INFO ofi_add_7: 5.3871398578508014e-05 , std 6.729107766695741e-05 
2023-05-13 12:25:58,647 INFO ofi_add_8: 9.754950658908166e-05 , std 6.428500050176699e-05 
2023-05-13 12:25:58,647 INFO ofi_cancel_1: 5.6689829355010766e-05 , std 6.303210531367873e-05 
2023-05-13 12:25:58,647 INFO ofi_cancel_2: 7.59789948054445e-05 , std 6.0130576798721316e-05 
2023-05-13 12:25:58,647 INFO ofi_cancel_3: 6.60031550402417e-05 , std 5.835293627163053e-05 
2023-05-13 12:25:58,647 INFO ofi_cancel_4: 5.5741708058714654e-05 , std 6.050970121049221e-05 
2023-05-13 12:25:58,647 INFO ofi_cancel_5: 4.434043059303622e-05 , std 5.822893498248849e-05 
2023-05-13 12:25:58,647 INFO ofi_cancel_6: 3.903063512343196e-05 , std 6.022648693647033e-05 
2023-05-13 12:25:58,647 INFO ofi_cancel_7: 4.679201787845936e-05 , std 6.911713202669793e-05 
2023-05-13 12:25:58,647 INFO ofi_cancel_8: 9.774063342380655e-05 , std 7.062897182797849e-05 
2023-05-13 12:25:58,647 INFO ofi_trade_1: 5.686626613372022e-05 , std 0.00010956860144520533 
2023-05-13 12:25:58,647 INFO ofi_trade_2: 6.450093850880802e-05 , std 9.18918120432769e-05 
2023-05-13 12:25:58,647 INFO ofi_trade_3: 6.378121824609278e-05 , std 8.585253056517734e-05 
2023-05-13 12:25:58,647 INFO ofi_trade_4: 5.631859653886501e-05 , std 8.448037247506008e-05 
2023-05-13 12:25:58,647 INFO ofi_trade_5: 4.698437833943679e-05 , std 8.097341125790715e-05 
2023-05-13 12:25:58,647 INFO ofi_trade_6: 4.565637213523876e-05 , std 8.080293355887524e-05 
2023-05-13 12:25:58,647 INFO ofi_trade_7: 6.121548889472958e-05 , std 9.193912216244164e-05 
2023-05-13 12:25:58,647 INFO ofi_trade_8: 0.00011415150454729606 , std 9.216828262610723e-05 
2023-05-13 12:25:58,647 INFO t_intercept: -0.042224090450302815 , std 1.0022259518638137 
2023-05-13 12:25:58,647 INFO t_ofi_add_1: 1.6072230007406119 , std 1.641356939368674 
2023-05-13 12:25:58,647 INFO t_ofi_add_2: 1.8303035135085008 , std 1.4246519102091473 
2023-05-13 12:25:58,647 INFO t_ofi_add_3: 1.6828399932688798 , std 1.3407260001351002 
2023-05-13 12:25:58,647 INFO t_ofi_add_4: 1.4494587289593543 , std 1.3411338032729283 
2023-05-13 12:25:58,647 INFO t_ofi_add_5: 1.2001228798381043 , std 1.3023010901427714 
2023-05-13 12:25:58,647 INFO t_ofi_add_6: 1.1197912028187613 , std 1.294304700484172 
2023-05-13 12:25:58,647 INFO t_ofi_add_7: 1.2808866851235456 , std 1.467414938262159 
2023-05-13 12:25:58,647 INFO t_ofi_add_8: 2.5556459833120706 , std 1.5806513691044304 
2023-05-13 12:25:58,647 INFO t_ofi_cancel_1: 1.506287836623467 , std 1.5833727518759482 
2023-05-13 12:25:58,647 INFO t_ofi_cancel_2: 1.9271588104259587 , std 1.4537857470426525 
2023-05-13 12:25:58,647 INFO t_ofi_cancel_3: 1.564342865564396 , std 1.314900397954717 
2023-05-13 12:25:58,647 INFO t_ofi_cancel_4: 1.3060317006167237 , std 1.3173823372777247 
2023-05-13 12:25:58,647 INFO t_ofi_cancel_5: 1.0616068613227745 , std 1.2742793606820102 
2023-05-13 12:25:58,647 INFO t_ofi_cancel_6: 0.9259922276445554 , std 1.2814512049308642 
2023-05-13 12:25:58,647 INFO t_ofi_cancel_7: 1.006910674484736 , std 1.3475757975202611 
2023-05-13 12:25:58,647 INFO t_ofi_cancel_8: 2.3225869783524162 , std 1.5481497429550544 
2023-05-13 12:25:58,647 INFO t_ofi_trade_1: 0.8363868227283132 , std 1.4489700240022216 
2023-05-13 12:25:58,648 INFO t_ofi_trade_2: 1.0110973916550767 , std 1.3525232124836024 
2023-05-13 12:25:58,648 INFO t_ofi_trade_3: 1.0487320513832994 , std 1.3098967435821143 
2023-05-13 12:25:58,648 INFO t_ofi_trade_4: 0.9684973645831615 , std 1.3292137892322695 
2023-05-13 12:25:58,648 INFO t_ofi_trade_5: 0.8493109927189603 , std 1.2986772073847872 
2023-05-13 12:25:58,648 INFO t_ofi_trade_6: 0.8263335369106517 , std 1.293167445659172 
2023-05-13 12:25:58,648 INFO t_ofi_trade_7: 1.0137782778905375 , std 1.374735019544593 
2023-05-13 12:25:58,648 INFO t_ofi_trade_8: 1.9816517211336278 , std 1.463772462201488 
2023-05-13 12:25:58,649 INFO Grouping by ofi type:
2023-05-13 12:25:58,649 INFO add: 12.72627198756983
2023-05-13 12:25:58,649 INFO cancel: 11.620917955035026
2023-05-13 12:25:58,649 INFO trade: 8.535788159003628
2023-05-13 12:25:58,649 INFO Grouping by level:
2023-05-13 12:25:58,649 INFO 1: 3.9498976600923923
2023-05-13 12:25:58,649 INFO 2: 4.768559715589536
2023-05-13 12:25:58,649 INFO 3: 4.295914910216576
2023-05-13 12:25:58,649 INFO 4: 3.7239877941592394
2023-05-13 12:25:58,649 INFO 5: 3.111040733879839
2023-05-13 12:25:58,649 INFO 6: 2.8721169673739686
2023-05-13 12:25:58,649 INFO 7: 3.301575637498819
2023-05-13 12:25:58,649 INFO 8: 6.859884682798115
2023-05-13 12:25:58,649 INFO Non empty regressions: 1.0 --- 7196 / 7196
