2023-05-13 12:26:21,391 INFO Starting...
2023-05-13 12:26:21,391 INFO Tickers: ['UPS']
2023-05-13 12:26:22,704 INFO in_r2: 0.8812707766868454 , std 0.05394483833995132 
2023-05-13 12:26:22,704 INFO os_r2: 0.7999184222333864 , std 0.2537377303602399 
2023-05-13 12:26:22,704 INFO intercept: -1.698476414602873e-07 , std 8.496894386394643e-06 
2023-05-13 12:26:22,704 INFO ofi_add_1: 0.00011331652161354919 , std 7.58006381867761e-05 
2023-05-13 12:26:22,704 INFO ofi_add_2: 0.00011282202195423548 , std 7.157057500708256e-05 
2023-05-13 12:26:22,704 INFO ofi_add_3: 7.173939321592449e-05 , std 6.191526966208257e-05 
2023-05-13 12:26:22,704 INFO ofi_add_4: 4.7347093165482706e-05 , std 6.49246891722069e-05 
2023-05-13 12:26:22,704 INFO ofi_add_5: 3.506308985749523e-05 , std 6.086385156240901e-05 
2023-05-13 12:26:22,704 INFO ofi_add_6: 3.083387345983245e-05 , std 6.512578536235596e-05 
2023-05-13 12:26:22,705 INFO ofi_add_7: 3.2273936664111535e-05 , std 6.526815863190684e-05 
2023-05-13 12:26:22,705 INFO ofi_add_8: 6.615198784106193e-05 , std 6.563387257169881e-05 
2023-05-13 12:26:22,705 INFO ofi_cancel_1: 0.00012937689202096803 , std 8.829289392819079e-05 
2023-05-13 12:26:22,705 INFO ofi_cancel_2: 0.00012369020229860883 , std 7.725082127767051e-05 
2023-05-13 12:26:22,705 INFO ofi_cancel_3: 6.93970443418661e-05 , std 6.566759620118917e-05 
2023-05-13 12:26:22,705 INFO ofi_cancel_4: 4.5653445336861576e-05 , std 6.804214697796135e-05 
2023-05-13 12:26:22,705 INFO ofi_cancel_5: 3.0476915643366413e-05 , std 6.505653902195955e-05 
2023-05-13 12:26:22,705 INFO ofi_cancel_6: 2.4817399896273633e-05 , std 6.857048965840942e-05 
2023-05-13 12:26:22,705 INFO ofi_cancel_7: 2.5060396035221206e-05 , std 7.062856772272922e-05 
2023-05-13 12:26:22,705 INFO ofi_cancel_8: 5.873048926860872e-05 , std 7.104439227640044e-05 
2023-05-13 12:26:22,705 INFO ofi_trade_1: 0.00010824133028111634 , std 0.0001570923860629266 
2023-05-13 12:26:22,705 INFO ofi_trade_2: 9.0291859532546e-05 , std 0.0001460810176319223 
2023-05-13 12:26:22,705 INFO ofi_trade_3: 5.717096975035315e-05 , std 0.00013284348746675793 
2023-05-13 12:26:22,705 INFO ofi_trade_4: 4.7798947846829384e-05 , std 0.00013184740849367442 
2023-05-13 12:26:22,705 INFO ofi_trade_5: 5.130536676017214e-05 , std 0.0001282271903381822 
2023-05-13 12:26:22,705 INFO ofi_trade_6: 5.716437469798831e-05 , std 0.0001376797463439368 
2023-05-13 12:26:22,705 INFO ofi_trade_7: 6.904780294293276e-05 , std 0.00013759803787582791 
2023-05-13 12:26:22,705 INFO ofi_trade_8: 0.00011867380185689084 , std 0.00014459341281835336 
2023-05-13 12:26:22,705 INFO t_intercept: -0.05457746657477431 , std 0.9997417698160649 
2023-05-13 12:26:22,705 INFO t_ofi_add_1: 2.5866753637063478 , std 1.4731415019299545 
2023-05-13 12:26:22,705 INFO t_ofi_add_2: 2.4413407269606213 , std 1.3429467144577714 
2023-05-13 12:26:22,705 INFO t_ofi_add_3: 1.6374458825544778 , std 1.2608409229425481 
2023-05-13 12:26:22,705 INFO t_ofi_add_4: 1.1035681203207393 , std 1.2850113353549661 
2023-05-13 12:26:22,705 INFO t_ofi_add_5: 0.8326334264753971 , std 1.244851714894299 
2023-05-13 12:26:22,705 INFO t_ofi_add_6: 0.7043050188307788 , std 1.227868499824094 
2023-05-13 12:26:22,705 INFO t_ofi_add_7: 0.7052274295181284 , std 1.227924072333268 
2023-05-13 12:26:22,705 INFO t_ofi_add_8: 1.6357907052061582 , std 1.483826986113101 
2023-05-13 12:26:22,705 INFO t_ofi_cancel_1: 2.5000034373100304 , std 1.4367904622621783 
2023-05-13 12:26:22,705 INFO t_ofi_cancel_2: 2.5510863020443892 , std 1.3662861568694193 
2023-05-13 12:26:22,705 INFO t_ofi_cancel_3: 1.4888086287413242 , std 1.2691477391698407 
2023-05-13 12:26:22,705 INFO t_ofi_cancel_4: 0.9952659776422027 , std 1.282388160414769 
2023-05-13 12:26:22,705 INFO t_ofi_cancel_5: 0.6697024910858509 , std 1.2446919089083812 
2023-05-13 12:26:22,706 INFO t_ofi_cancel_6: 0.5254201537026859 , std 1.2206691961822902 
2023-05-13 12:26:22,706 INFO t_ofi_cancel_7: 0.5093612027320307 , std 1.2421905053601419 
2023-05-13 12:26:22,706 INFO t_ofi_cancel_8: 1.331768432919281 , std 1.4684054423030408 
2023-05-13 12:26:22,706 INFO t_ofi_trade_1: 1.085078872682694 , std 1.4110025421005554 
2023-05-13 12:26:22,706 INFO t_ofi_trade_2: 0.9365653693224951 , std 1.3216233490652776 
2023-05-13 12:26:22,706 INFO t_ofi_trade_3: 0.6810956164251588 , std 1.307232044520563 
2023-05-13 12:26:22,706 INFO t_ofi_trade_4: 0.5901048773119381 , std 1.322340190330738 
2023-05-13 12:26:22,706 INFO t_ofi_trade_5: 0.6347763004795786 , std 1.2985814468922317 
2023-05-13 12:26:22,706 INFO t_ofi_trade_6: 0.6569954894636619 , std 1.2707071545033217 
2023-05-13 12:26:22,706 INFO t_ofi_trade_7: 0.7688224179760869 , std 1.297226057669124 
2023-05-13 12:26:22,706 INFO t_ofi_trade_8: 1.3938803490203655 , std 1.394962631287478 
2023-05-13 12:26:22,707 INFO Grouping by ofi type:
2023-05-13 12:26:22,707 INFO add: 11.646986673572648
2023-05-13 12:26:22,707 INFO cancel: 10.571416626177795
2023-05-13 12:26:22,707 INFO trade: 6.747319292681979
2023-05-13 12:26:22,707 INFO Grouping by level:
2023-05-13 12:26:22,707 INFO 1: 6.171757673699072
2023-05-13 12:26:22,707 INFO 2: 5.928992398327506
2023-05-13 12:26:22,707 INFO 3: 3.807350127720961
2023-05-13 12:26:22,707 INFO 4: 2.68893897527488
2023-05-13 12:26:22,707 INFO 5: 2.1371122180408264
2023-05-13 12:26:22,707 INFO 6: 1.8867206619971264
2023-05-13 12:26:22,707 INFO 7: 1.983411050226246
2023-05-13 12:26:22,707 INFO 8: 4.361439487145804
2023-05-13 12:26:22,707 INFO Non empty regressions: 1.0 --- 4759 / 4759
