2023-04-20 05:25:24,543 INFO Tickers: ['ANTM']
2023-04-20 05:25:54,925 INFO Negative OS: -0.5874272096948376 --- ticker ANTM --- day 2018-10-11 --- time 36000
2023-04-20 05:25:54,944 INFO Negative OS: -1.0185319312534493 --- ticker ANTM --- day 2018-10-11 --- time 43200
2023-04-20 05:25:55,526 INFO Negative OS: -0.08355278645655417 --- ticker ANTM --- day 2018-10-23 --- time 37800
2023-04-20 05:25:55,635 INFO Negative OS: -0.2574188480888431 --- ticker ANTM --- day 2018-10-24 --- time 52200
2023-04-20 05:25:55,713 INFO Negative OS: -0.45841623725720715 --- ticker ANTM --- day 2018-10-25 --- time 52200
2023-04-20 05:25:55,766 INFO Negative OS: -0.32880807211030216 --- ticker ANTM --- day 2018-10-26 --- time 41400
2023-04-20 05:25:57,259 INFO Negative OS: -0.30880634817883434 --- ticker ANTM --- day 2018-11-27 --- time 52200
2023-04-20 05:25:57,619 INFO Negative OS: -0.4351717669137445 --- ticker ANTM --- day 2018-12-04 --- time 52200
2023-04-20 05:25:57,699 INFO Negative OS: -0.7214198146767741 --- ticker ANTM --- day 2018-12-06 --- time 52200
2023-04-20 05:25:57,773 INFO Negative OS: -0.03618105542368055 --- ticker ANTM --- day 2018-12-07 --- time 50400
2023-04-20 05:25:58,292 INFO Negative OS: -0.06387203331416957 --- ticker ANTM --- day 2018-12-18 --- time 52200
2023-04-20 05:25:58,363 INFO Negative OS: -2.98568312721874 --- ticker ANTM --- day 2018-12-19 --- time 52200
2023-04-20 05:25:59,046 INFO Negative OS: -0.08084179026427041 --- ticker ANTM --- day 2019-01-04 --- time 52200
2023-04-20 05:25:59,105 INFO Negative OS: -0.2947318468487343 --- ticker ANTM --- day 2019-01-07 --- time 43200
2023-04-20 05:25:59,174 INFO Negative OS: -2.046960627597911 --- ticker ANTM --- day 2019-01-08 --- time 39600
2023-04-20 05:26:09,307 INFO Negative OS: -0.015728116270525394 --- ticker ANTM --- day 2019-08-05 --- time 39600
2023-04-20 05:26:12,239 INFO Negative OS: -0.11295474880275402 --- ticker ANTM --- day 2019-10-03 --- time 36000
2023-04-20 05:26:15,723 INFO in_r2: 0.6548220566777394 , std 0.20890713140801345 
2023-04-20 05:26:15,723 INFO os_r2: 0.604493520219549 , std 0.2988389479200804 
2023-04-20 05:26:15,723 INFO intercept: -1.9716494845360827e-06 , std 2.9494800539545833e-05 
2023-04-20 05:26:15,723 INFO pca_1: -5.899566616457785e-06 , std 0.00034934536194543644 
2023-04-20 05:26:15,723 INFO t_intercept: -0.1448195381604775 , std 2.107303070912827 
2023-04-20 05:26:15,723 INFO t_pca_1: -1.369567611903179 , std 24.441862667474012 
2023-04-20 05:26:15,723 INFO p_intercept: 0.3653363510824485 , std 0.32492762187010044 
2023-04-20 05:26:15,723 INFO p_pca_1: 0.0012951682057895444 , std 0.03367952976703196 
