2023-04-21 12:06:33,435 INFO Tickers: ['ACN']
2023-04-21 12:06:50,537 INFO Negative OS: -0.03537848966402324 --- ticker ACN --- day 2018-02-01 --- time 36000
2023-04-21 12:06:50,730 INFO Negative OS: -0.08673876970648964 --- ticker ACN --- day 2018-02-06 --- time 36000
2023-04-21 12:06:50,735 INFO Negative OS: -0.11936567709175505 --- ticker ACN --- day 2018-02-06 --- time 37800
2023-04-21 12:06:50,816 INFO Negative OS: -0.05814746790104208 --- ticker ACN --- day 2018-02-07 --- time 37800
2023-04-21 12:06:50,837 INFO Negative OS: -0.20180416168191218 --- ticker ACN --- day 2018-02-07 --- time 45000
2023-04-21 12:06:50,849 INFO Negative OS: -0.3097271163448765 --- ticker ACN --- day 2018-02-07 --- time 50400
2023-04-21 12:06:50,968 INFO Negative OS: -0.3376144142981896 --- ticker ACN --- day 2018-02-09 --- time 36000
2023-04-21 12:06:50,973 INFO Negative OS: -0.2897862730757339 --- ticker ACN --- day 2018-02-09 --- time 37800
2023-04-21 12:06:50,979 INFO Negative OS: -0.1492715185892517 --- ticker ACN --- day 2018-02-09 --- time 39600
2023-04-21 12:06:50,989 INFO Negative OS: -3.9653503786863054 --- ticker ACN --- day 2018-02-09 --- time 43200
2023-04-21 12:06:50,994 INFO Negative OS: -1.6468100429905443 --- ticker ACN --- day 2018-02-09 --- time 45000
2023-04-21 12:06:51,000 INFO Negative OS: -0.2079792005627783 --- ticker ACN --- day 2018-02-09 --- time 46800
2023-04-21 12:06:51,005 INFO Negative OS: -0.025472115063122747 --- ticker ACN --- day 2018-02-09 --- time 48600
2023-04-21 12:06:51,011 INFO Negative OS: -0.6442128984058475 --- ticker ACN --- day 2018-02-09 --- time 50400
2023-04-21 12:06:51,834 INFO Negative OS: -0.06656959548489949 --- ticker ACN --- day 2018-03-01 --- time 41400
2023-04-21 12:06:51,851 INFO Negative OS: -0.11600703682360614 --- ticker ACN --- day 2018-03-01 --- time 48600
2023-04-21 12:06:52,889 INFO Negative OS: -1.054572125802741 --- ticker ACN --- day 2018-03-23 --- time 37800
2023-04-21 12:06:53,055 INFO Negative OS: -0.4842654070916972 --- ticker ACN --- day 2018-03-27 --- time 41400
2023-04-21 12:06:54,373 INFO Negative OS: -0.02659902291394345 --- ticker ACN --- day 2018-04-24 --- time 41400
2023-04-21 12:06:54,383 INFO Negative OS: -0.0981099985692011 --- ticker ACN --- day 2018-04-24 --- time 45000
2023-04-21 12:06:54,819 INFO Negative OS: -2.0902707965711635 --- ticker ACN --- day 2018-05-03 --- time 36000
2023-04-21 12:06:56,713 INFO Negative OS: -0.11154740286807097 --- ticker ACN --- day 2018-06-15 --- time 52200
2023-04-21 12:07:06,964 INFO Negative OS: -0.09097276980800739 --- ticker ACN --- day 2019-01-04 --- time 39600
2023-04-21 12:07:10,740 INFO Negative OS: -4.715726251497139 --- ticker ACN --- day 2019-03-18 --- time 43200
2023-04-21 12:07:10,756 INFO Negative OS: -1.3585665852976292 --- ticker ACN --- day 2019-03-18 --- time 48600
2023-04-21 12:07:16,081 INFO Negative OS: -0.10076827424255796 --- ticker ACN --- day 2019-06-28 --- time 52200
2023-04-21 12:07:18,121 INFO Negative OS: -0.4651115372190837 --- ticker ACN --- day 2019-08-09 --- time 41400
2023-04-21 12:07:19,940 INFO Negative OS: -18.953883319512382 --- ticker ACN --- day 2019-09-13 --- time 39600
2023-04-21 12:07:20,694 INFO Negative OS: -0.7562530554810616 --- ticker ACN --- day 2019-09-30 --- time 43200
2023-04-21 12:07:20,901 INFO Negative OS: -113.8889712652988 --- ticker ACN --- day 2019-10-03 --- time 36000
2023-04-21 12:07:22,364 INFO Negative OS: -0.7254833525557824 --- ticker ACN --- day 2019-11-01 --- time 50400
2023-04-21 12:07:24,257 INFO in_r2: 0.808658718331301 , std 0.09916096345922189 
2023-04-21 12:07:24,257 INFO os_r2: 0.7087527781702143 , std 2.049907359098481 
2023-04-21 12:07:24,257 INFO intercept: -4.4287372806118947e-07 , std 1.5651757546146828e-05 
2023-04-21 12:07:24,257 INFO pca_1: 3.4105438278539395e-07 , std 6.551787150717952e-05 
2023-04-21 12:07:24,257 INFO pca_2: -9.66821718271865e-06 , std 0.0001576538116959956 
2023-04-21 12:07:24,257 INFO pca_3: -9.404669699737009e-07 , std 9.62642467008584e-05 
2023-04-21 12:07:24,258 INFO pca_4: -1.737760436048377e-06 , std 7.96328950518601e-05 
2023-04-21 12:07:24,258 INFO pca_5: -3.566270528587559e-06 , std 7.87279973145454e-05 
2023-04-21 12:07:24,258 INFO pca_6: -2.97224208563446e-06 , std 7.719144567873278e-05 
2023-04-21 12:07:24,258 INFO pca_7: -1.490980847294621e-06 , std 7.97508241258123e-05 
2023-04-21 12:07:24,258 INFO pca_8: -1.1123361963626941e-06 , std 7.960537197093734e-05 
2023-04-21 12:07:24,258 INFO pca_9: 1.5354140715052266e-07 , std 8.479361015852024e-05 
2023-04-21 12:07:24,258 INFO pca_10: -1.3440719869256944e-06 , std 8.776032506594402e-05 
2023-04-21 12:07:24,258 INFO t_intercept: -0.02923836396462325 , std 2.377031115816101 
2023-04-21 12:07:24,258 INFO t_pca_1: -0.14561117090505024 , std 18.250263494001533 
2023-04-21 12:07:24,258 INFO t_pca_2: -1.209007075108996 , std 21.147142349178033 
2023-04-21 12:07:24,258 INFO t_pca_3: 0.0012571420648386674 , std 9.001333608818284 
2023-04-21 12:07:24,258 INFO t_pca_4: -0.00931808190260283 , std 5.805596544865217 
2023-04-21 12:07:24,258 INFO t_pca_5: -0.17466676892829422 , std 4.542028478785326 
2023-04-21 12:07:24,258 INFO t_pca_6: -0.1302991160532066 , std 3.6778436998763877 
2023-04-21 12:07:24,258 INFO t_pca_7: -0.0785236166735997 , std 3.247961684052007 
2023-04-21 12:07:24,258 INFO t_pca_8: -0.006152507044794684 , std 2.8808914770429532 
2023-04-21 12:07:24,258 INFO t_pca_9: -0.03150065930942683 , std 2.7379567808838146 
2023-04-21 12:07:24,258 INFO t_pca_10: -0.04321931447193926 , std 2.557820351509451 
2023-04-21 12:07:24,258 INFO p_intercept: 0.27611756675347965 , std 0.3024945214347567 
2023-04-21 12:07:24,258 INFO p_pca_1: 0.011847787531032779 , std 0.07730271173399844 
2023-04-21 12:07:24,258 INFO p_pca_2: 0.021505259264376134 , std 0.11313012282592672 
2023-04-21 12:07:24,258 INFO p_pca_3: 0.1178017652629111 , std 0.2360809270040743 
2023-04-21 12:07:24,258 INFO p_pca_4: 0.14633550701234313 , std 0.25299576199057866 
2023-04-21 12:07:24,258 INFO p_pca_5: 0.1735843994301017 , std 0.27099054591533395 
2023-04-21 12:07:24,258 INFO p_pca_6: 0.20762365891833937 , std 0.28814430039023436 
2023-04-21 12:07:24,258 INFO p_pca_7: 0.23026436137894063 , std 0.29008284043289045 
2023-04-21 12:07:24,258 INFO p_pca_8: 0.24561105499914582 , std 0.2980736336307249 
2023-04-21 12:07:24,258 INFO p_pca_9: 0.26550184296447277 , std 0.30226940783022377 
2023-04-21 12:07:24,258 INFO p_pca_10: 0.2710044399225936 , std 0.3040408437154337 
2023-04-21 12:07:24,258 INFO pca_explained_1: 0.616365968656224 , std 0.1038310516425453 
2023-04-21 12:07:24,258 INFO pca_explained_2: 0.7461665495602996 , std 0.07316714845810214 
2023-04-21 12:07:24,258 INFO pca_explained_3: 0.8109611159144111 , std 0.057362063480097585 
2023-04-21 12:07:24,258 INFO pca_explained_4: 0.8529581359800114 , std 0.046592395509870446 
2023-04-21 12:07:24,258 INFO pca_explained_5: 0.8827729620551437 , std 0.038586718405137964 
2023-04-21 12:07:24,258 INFO pca_explained_6: 0.9052601278229729 , std 0.03240037690693772 
2023-04-21 12:07:24,258 INFO pca_explained_7: 0.9229145197272371 , std 0.027499983449425034 
2023-04-21 12:07:24,258 INFO pca_explained_8: 0.9370964678205653 , std 0.023495391644564746 
2023-04-21 12:07:24,258 INFO pca_explained_9: 0.9487081669781378 , std 0.020169293608530932 
2023-04-21 12:07:24,258 INFO pca_explained_10: 0.9583342479028122 , std 0.017367234723988524 
