2023-04-21 12:10:16,440 INFO Tickers: ['ANTM']
2023-04-21 12:10:17,718 INFO Negative OS: -0.18781423004935283 --- ticker ANTM --- day 2017-02-01 --- time 50400
2023-04-21 12:10:26,878 INFO Negative OS: -0.05804956486479673 --- ticker ANTM --- day 2017-09-12 --- time 36000
2023-04-21 12:10:32,753 INFO Negative OS: -0.03892591832883241 --- ticker ANTM --- day 2018-02-02 --- time 52200
2023-04-21 12:10:32,869 INFO Negative OS: -0.2957101550426522 --- ticker ANTM --- day 2018-02-06 --- time 46800
2023-04-21 12:10:33,052 INFO Negative OS: -2.2162489191022456 --- ticker ANTM --- day 2018-02-09 --- time 39600
2023-04-21 12:10:33,057 INFO Negative OS: -0.6340482617806378 --- ticker ANTM --- day 2018-02-09 --- time 41400
2023-04-21 12:10:33,073 INFO Negative OS: -0.2139719056635292 --- ticker ANTM --- day 2018-02-09 --- time 46800
2023-04-21 12:10:33,126 INFO Negative OS: -0.4999632775059524 --- ticker ANTM --- day 2018-02-12 --- time 37800
2023-04-21 12:10:33,196 INFO Negative OS: -0.5505663928696423 --- ticker ANTM --- day 2018-02-13 --- time 41400
2023-04-21 12:10:43,169 INFO Negative OS: -0.5533704956184606 --- ticker ANTM --- day 2018-10-11 --- time 36000
2023-04-21 12:10:43,185 INFO Negative OS: -1.002924656281456 --- ticker ANTM --- day 2018-10-11 --- time 41400
2023-04-21 12:10:43,190 INFO Negative OS: -0.5783736732994711 --- ticker ANTM --- day 2018-10-11 --- time 43200
2023-04-21 12:10:43,275 INFO Negative OS: -0.23655240071525974 --- ticker ANTM --- day 2018-10-12 --- time 50400
2023-04-21 12:10:43,532 INFO Negative OS: -0.40432304766689353 --- ticker ANTM --- day 2018-10-18 --- time 41400
2023-04-21 12:10:43,542 INFO Negative OS: -0.010511016167565668 --- ticker ANTM --- day 2018-10-18 --- time 45000
2023-04-21 12:10:43,547 INFO Negative OS: -0.35833413246852586 --- ticker ANTM --- day 2018-10-18 --- time 46800
2023-04-21 12:10:43,606 INFO Negative OS: -0.06932346791091648 --- ticker ANTM --- day 2018-10-19 --- time 45000
2023-04-21 12:10:43,725 INFO Negative OS: -0.4962858580175915 --- ticker ANTM --- day 2018-10-23 --- time 37800
2023-04-21 12:10:43,812 INFO Negative OS: -0.3168527059009356 --- ticker ANTM --- day 2018-10-24 --- time 45000
2023-04-21 12:10:43,907 INFO Negative OS: -0.8987966209311142 --- ticker ANTM --- day 2018-10-25 --- time 52200
2023-04-21 12:10:43,954 INFO Negative OS: -3.7004015363792346 --- ticker ANTM --- day 2018-10-26 --- time 41400
2023-04-21 12:10:43,959 INFO Negative OS: -0.40624516024816737 --- ticker ANTM --- day 2018-10-26 --- time 43200
2023-04-21 12:10:44,031 INFO Negative OS: -0.18186184152589435 --- ticker ANTM --- day 2018-10-29 --- time 43200
2023-04-21 12:10:44,042 INFO Negative OS: -0.14543812007910972 --- ticker ANTM --- day 2018-10-29 --- time 46800
2023-04-21 12:10:44,168 INFO Negative OS: -2.0425559443395693 --- ticker ANTM --- day 2018-10-31 --- time 37800
2023-04-21 12:10:44,357 INFO Negative OS: -0.04313026789755425 --- ticker ANTM --- day 2018-11-05 --- time 36000
2023-04-21 12:10:44,880 INFO Negative OS: -0.03066222805246599 --- ticker ANTM --- day 2018-11-15 --- time 43200
2023-04-21 12:10:44,962 INFO Negative OS: -0.23580830032772093 --- ticker ANTM --- day 2018-11-16 --- time 46800
2023-04-21 12:10:44,968 INFO Negative OS: -0.04301241680459378 --- ticker ANTM --- day 2018-11-16 --- time 48600
2023-04-21 12:10:45,312 INFO Negative OS: -0.07517879119352222 --- ticker ANTM --- day 2018-11-27 --- time 52200
2023-04-21 12:10:45,551 INFO Negative OS: -0.02296224453686735 --- ticker ANTM --- day 2018-12-03 --- time 46800
2023-04-21 12:10:45,627 INFO Negative OS: -0.16715937554031868 --- ticker ANTM --- day 2018-12-04 --- time 48600
2023-04-21 12:10:45,632 INFO Negative OS: -0.07580052562548656 --- ticker ANTM --- day 2018-12-04 --- time 50400
2023-04-21 12:10:45,638 INFO Negative OS: -0.15532894606298187 --- ticker ANTM --- day 2018-12-04 --- time 52200
2023-04-21 12:10:45,681 INFO Negative OS: -3.191659872293714 --- ticker ANTM --- day 2018-12-06 --- time 39600
2023-04-21 12:10:45,687 INFO Negative OS: -0.5445606644491505 --- ticker ANTM --- day 2018-12-06 --- time 41400
2023-04-21 12:10:45,763 INFO Negative OS: -0.14552705434038415 --- ticker ANTM --- day 2018-12-07 --- time 41400
2023-04-21 12:10:45,778 INFO Negative OS: -0.40492001801391386 --- ticker ANTM --- day 2018-12-07 --- time 48600
2023-04-21 12:10:45,784 INFO Negative OS: -0.17957283117203726 --- ticker ANTM --- day 2018-12-07 --- time 50400
2023-04-21 12:10:46,264 INFO Negative OS: -0.8088987500666363 --- ticker ANTM --- day 2018-12-18 --- time 52200
2023-04-21 12:10:46,323 INFO Negative OS: -0.4216729683272087 --- ticker ANTM --- day 2018-12-19 --- time 50400
2023-04-21 12:10:46,328 INFO Negative OS: -4.7973485701801275 --- ticker ANTM --- day 2018-12-19 --- time 52200
2023-04-21 12:10:46,380 INFO Negative OS: -0.03660016834086344 --- ticker ANTM --- day 2018-12-20 --- time 45000
2023-04-21 12:10:46,391 INFO Negative OS: -0.567623960664499 --- ticker ANTM --- day 2018-12-20 --- time 48600
2023-04-21 12:10:46,594 INFO Negative OS: -0.06539318261089 --- ticker ANTM --- day 2018-12-27 --- time 39600
2023-04-21 12:10:46,618 INFO Negative OS: -0.3379768472217133 --- ticker ANTM --- day 2018-12-27 --- time 50400
2023-04-21 12:10:46,685 INFO Negative OS: -0.4077191430732978 --- ticker ANTM --- day 2018-12-28 --- time 52200
2023-04-21 12:10:46,954 INFO Negative OS: -0.4510786562872233 --- ticker ANTM --- day 2019-01-04 --- time 52200
2023-04-21 12:10:47,003 INFO Negative OS: -0.47274227553787385 --- ticker ANTM --- day 2019-01-07 --- time 41400
2023-04-21 12:10:47,008 INFO Negative OS: -0.3451973874506209 --- ticker ANTM --- day 2019-01-07 --- time 43200
2023-04-21 12:10:47,072 INFO Negative OS: -0.5371465768114916 --- ticker ANTM --- day 2019-01-08 --- time 39600
2023-04-21 12:10:47,156 INFO Negative OS: -0.30135817532532316 --- ticker ANTM --- day 2019-01-10 --- time 50400
2023-04-21 12:10:48,007 INFO Negative OS: -0.0531124945031245 --- ticker ANTM --- day 2019-01-31 --- time 36000
2023-04-21 12:10:48,226 INFO Negative OS: -0.09243319401197958 --- ticker ANTM --- day 2019-02-05 --- time 41400
2023-04-21 12:10:48,344 INFO Negative OS: -0.6163281948147636 --- ticker ANTM --- day 2019-02-07 --- time 37800
2023-04-21 12:10:52,126 INFO Negative OS: -2.018147128899049 --- ticker ANTM --- day 2019-05-02 --- time 50400
2023-04-21 12:10:53,454 INFO Negative OS: -9.115839126355539 --- ticker ANTM --- day 2019-05-31 --- time 52200
2023-04-21 12:10:53,507 INFO Negative OS: -1.0044825811138733 --- ticker ANTM --- day 2019-06-03 --- time 45000
2023-04-21 12:10:54,713 INFO Negative OS: -44.97239418171819 --- ticker ANTM --- day 2019-07-01 --- time 36000
2023-04-21 12:10:55,355 INFO Negative OS: -0.01147470772650494 --- ticker ANTM --- day 2019-07-16 --- time 52200
2023-04-21 12:10:55,752 INFO Negative OS: -0.13832085121808446 --- ticker ANTM --- day 2019-07-25 --- time 36000
2023-04-21 12:10:56,735 INFO Negative OS: -0.745291020332856 --- ticker ANTM --- day 2019-08-15 --- time 41400
2023-04-21 12:10:57,119 INFO Negative OS: -0.4867065045673167 --- ticker ANTM --- day 2019-08-23 --- time 39600
2023-04-21 12:10:57,553 INFO Negative OS: -0.023764981136005003 --- ticker ANTM --- day 2019-09-04 --- time 36000
2023-04-21 12:10:57,618 INFO Negative OS: -7.097390753820136 --- ticker ANTM --- day 2019-09-05 --- time 36000
2023-04-21 12:10:58,832 INFO Negative OS: -0.7316346506163098 --- ticker ANTM --- day 2019-10-03 --- time 36000
2023-04-21 12:10:59,709 INFO Negative OS: -4.777769519581769 --- ticker ANTM --- day 2019-10-23 --- time 39600
2023-04-21 12:11:00,760 INFO Negative OS: -6.809074350442028 --- ticker ANTM --- day 2019-11-15 --- time 52200
2023-04-21 12:11:01,932 INFO in_r2: 0.6808197255489756 , std 0.2080518081308418 
2023-04-21 12:11:01,932 INFO os_r2: 0.40551642530657545 , std 1.7806997874392458 
2023-04-21 12:11:01,932 INFO intercept: -1.971649484536082e-06 , std 2.9494800539545833e-05 
2023-04-21 12:11:01,932 INFO pca_1: 3.6769875854517107e-06 , std 7.372543685810465e-05 
2023-04-21 12:11:01,932 INFO pca_2: -8.460788127426965e-07 , std 0.0001524602810079362 
2023-04-21 12:11:01,932 INFO pca_3: 1.3640367864577324e-06 , std 0.0001376541838359945 
2023-04-21 12:11:01,932 INFO pca_4: -8.398671348009182e-06 , std 0.00015703057717798326 
2023-04-21 12:11:01,932 INFO pca_5: 1.9668691198615524e-06 , std 0.00018794358028511625 
2023-04-21 12:11:01,932 INFO pca_6: -1.0577478461446575e-05 , std 0.00020020426803492823 
2023-04-21 12:11:01,932 INFO pca_7: -2.1589761190181747e-06 , std 0.00019446351301487223 
2023-04-21 12:11:01,932 INFO pca_8: -1.7629114048029779e-06 , std 0.00022755751579629416 
2023-04-21 12:11:01,932 INFO pca_9: 1.624964516827047e-05 , std 0.00023774744676271237 
2023-04-21 12:11:01,932 INFO pca_10: -8.761037133445315e-06 , std 0.00023033957006753832 
2023-04-21 12:11:01,932 INFO t_intercept: -0.13932515579108187 , std 2.2180786842395017 
2023-04-21 12:11:01,932 INFO t_pca_1: 0.5763143311815042 , std 15.46286731724481 
2023-04-21 12:11:01,932 INFO t_pca_2: -0.08896175007948927 , std 11.875516310450934 
2023-04-21 12:11:01,932 INFO t_pca_3: 0.08098665829560593 , std 9.264002583478428 
2023-04-21 12:11:01,932 INFO t_pca_4: -0.1672078475607752 , std 8.351430092583676 
2023-04-21 12:11:01,932 INFO t_pca_5: -0.016860468955258095 , std 6.991051717396437 
2023-04-21 12:11:01,932 INFO t_pca_6: -0.5007217236913283 , std 5.86602015184999 
2023-04-21 12:11:01,932 INFO t_pca_7: 0.017603813227638734 , std 4.513882211654746 
2023-04-21 12:11:01,932 INFO t_pca_8: -0.05438330639356824 , std 4.08098397961751 
2023-04-21 12:11:01,932 INFO t_pca_9: 0.19295267273587674 , std 3.6458898450194615 
2023-04-21 12:11:01,932 INFO t_pca_10: -0.06953435248660753 , std 3.296908163292237 
2023-04-21 12:11:01,932 INFO p_intercept: 0.35411743128031664 , std 0.3260655544621018 
2023-04-21 12:11:01,932 INFO p_pca_1: 0.03130460702696586 , std 0.11770249209423697 
2023-04-21 12:11:01,932 INFO p_pca_2: 0.08782082664561536 , std 0.2158510664729137 
2023-04-21 12:11:01,932 INFO p_pca_3: 0.12124911790711634 , std 0.24299170062645126 
2023-04-21 12:11:01,932 INFO p_pca_4: 0.11195755129354817 , std 0.23400947727825863 
2023-04-21 12:11:01,932 INFO p_pca_5: 0.1232851675608005 , std 0.2419694003560357 
2023-04-21 12:11:01,933 INFO p_pca_6: 0.13053238423755387 , std 0.23973502105407515 
2023-04-21 12:11:01,933 INFO p_pca_7: 0.18138923585947447 , std 0.2744765981282137 
2023-04-21 12:11:01,933 INFO p_pca_8: 0.1722763095283245 , std 0.27116477457179655 
2023-04-21 12:11:01,933 INFO p_pca_9: 0.209305126021454 , std 0.2850086805030552 
2023-04-21 12:11:01,933 INFO p_pca_10: 0.23317870362883342 , std 0.296568243483578 
2023-04-21 12:11:01,933 INFO pca_explained_1: 0.6413092994612678 , std 0.11068189721734407 
2023-04-21 12:11:01,933 INFO pca_explained_2: 0.7593310043338549 , std 0.08208649634835352 
2023-04-21 12:11:01,933 INFO pca_explained_3: 0.8213749130730569 , std 0.06546458284113875 
2023-04-21 12:11:01,933 INFO pca_explained_4: 0.8625294306682341 , std 0.052965671588856254 
2023-04-21 12:11:01,933 INFO pca_explained_5: 0.8919645467906208 , std 0.043739326377164156 
2023-04-21 12:11:01,933 INFO pca_explained_6: 0.9143948904660311 , std 0.03625629890008473 
2023-04-21 12:11:01,933 INFO pca_explained_7: 0.9318439706698661 , std 0.030118737500264982 
2023-04-21 12:11:01,933 INFO pca_explained_8: 0.9457799636885599 , std 0.025018480004709253 
2023-04-21 12:11:01,933 INFO pca_explained_9: 0.957012677789682 , std 0.020820658022319687 
2023-04-21 12:11:01,933 INFO pca_explained_10: 0.9660632890024827 , std 0.01734115155625435 
