2023-04-21 12:06:46,806 INFO Tickers: ['AVGO']
2023-04-21 12:07:03,684 INFO Negative OS: -0.8356210093120495 --- ticker AVGO --- day 2017-12-11 --- time 52200
2023-04-21 12:07:04,569 INFO Negative OS: -0.3290006021508656 --- ticker AVGO --- day 2018-01-02 --- time 36000
2023-04-21 12:07:04,575 INFO Negative OS: -0.14947329058949843 --- ticker AVGO --- day 2018-01-02 --- time 37800
2023-04-21 12:07:04,595 INFO Negative OS: -15.290057702837299 --- ticker AVGO --- day 2018-01-02 --- time 46800
2023-04-21 12:07:04,776 INFO Negative OS: -3.8673446482709446 --- ticker AVGO --- day 2018-01-05 --- time 37800
2023-04-21 12:07:05,255 INFO Negative OS: -1.8671588852732954 --- ticker AVGO --- day 2018-01-17 --- time 46800
2023-04-21 12:07:05,658 INFO Negative OS: -0.0666137917455143 --- ticker AVGO --- day 2018-01-25 --- time 36000
2023-04-21 12:07:05,844 INFO Negative OS: -7.139286717004714 --- ticker AVGO --- day 2018-01-29 --- time 45000
2023-04-21 12:07:06,317 INFO Negative OS: -0.1354442373806215 --- ticker AVGO --- day 2018-02-06 --- time 39600
2023-04-21 12:07:06,323 INFO Negative OS: -6.605643750612202 --- ticker AVGO --- day 2018-02-06 --- time 41400
2023-04-21 12:07:06,334 INFO Negative OS: -0.7203487403663551 --- ticker AVGO --- day 2018-02-06 --- time 45000
2023-04-21 12:07:06,340 INFO Negative OS: -0.6657928962276041 --- ticker AVGO --- day 2018-02-06 --- time 46800
2023-04-21 12:07:06,411 INFO Negative OS: -0.011644838442731897 --- ticker AVGO --- day 2018-02-07 --- time 43200
2023-04-21 12:07:06,472 INFO Negative OS: -0.1490433269403857 --- ticker AVGO --- day 2018-02-08 --- time 36000
2023-04-21 12:07:06,499 INFO Negative OS: -0.8884388170861239 --- ticker AVGO --- day 2018-02-08 --- time 45000
2023-04-21 12:07:06,554 INFO Negative OS: -3.130577547361286 --- ticker AVGO --- day 2018-02-09 --- time 36000
2023-04-21 12:07:06,586 INFO Negative OS: -0.8880996368325529 --- ticker AVGO --- day 2018-02-09 --- time 46800
2023-04-21 12:07:06,647 INFO Negative OS: -1.1769929628113633 --- ticker AVGO --- day 2018-02-12 --- time 39600
2023-04-21 12:07:06,653 INFO Negative OS: -0.44273775397946546 --- ticker AVGO --- day 2018-02-12 --- time 41400
2023-04-21 12:07:06,896 INFO Negative OS: -3.211592142731023 --- ticker AVGO --- day 2018-02-15 --- time 48600
2023-04-21 12:07:06,962 INFO Negative OS: -7.417917337989548 --- ticker AVGO --- day 2018-02-16 --- time 45000
2023-04-21 12:07:06,967 INFO Negative OS: -1.5658034402389678 --- ticker AVGO --- day 2018-02-16 --- time 46800
2023-04-21 12:07:07,763 INFO Negative OS: -0.7678869025023711 --- ticker AVGO --- day 2018-03-06 --- time 37800
2023-04-21 12:07:08,002 INFO Negative OS: -0.46860232202187446 --- ticker AVGO --- day 2018-03-09 --- time 41400
2023-04-21 12:07:08,008 INFO Negative OS: -0.07843918097915936 --- ticker AVGO --- day 2018-03-09 --- time 43200
2023-04-21 12:07:08,031 INFO Negative OS: -0.4803308395618322 --- ticker AVGO --- day 2018-03-09 --- time 52200
2023-04-21 12:07:08,070 INFO Negative OS: -0.42073934275641767 --- ticker AVGO --- day 2018-03-12 --- time 37800
2023-04-21 12:07:08,241 INFO Negative OS: -1.785215282898879 --- ticker AVGO --- day 2018-03-14 --- time 41400
2023-04-21 12:07:08,309 INFO Negative OS: -8.975858984291671 --- ticker AVGO --- day 2018-03-15 --- time 37800
2023-04-21 12:07:08,337 INFO Negative OS: -1.0714824924974122 --- ticker AVGO --- day 2018-03-15 --- time 46800
2023-04-21 12:07:08,353 INFO Negative OS: -0.9382790585993817 --- ticker AVGO --- day 2018-03-15 --- time 52200
2023-04-21 12:07:08,672 INFO Negative OS: -8.639429555569528 --- ticker AVGO --- day 2018-03-21 --- time 50400
2023-04-21 12:07:08,727 INFO Negative OS: -0.9307257157281017 --- ticker AVGO --- day 2018-03-22 --- time 41400
2023-04-21 12:07:08,794 INFO Negative OS: -1.2453955171416937 --- ticker AVGO --- day 2018-03-23 --- time 36000
2023-04-21 12:07:08,887 INFO Negative OS: -1.2088900670608638 --- ticker AVGO --- day 2018-03-26 --- time 39600
2023-04-21 12:07:09,528 INFO Negative OS: -0.46575699458133557 --- ticker AVGO --- day 2018-04-06 --- time 36000
2023-04-21 12:07:09,561 INFO Negative OS: -0.08400691057818621 --- ticker AVGO --- day 2018-04-06 --- time 48600
2023-04-21 12:07:12,847 INFO Negative OS: -0.025656055195097505 --- ticker AVGO --- day 2018-06-06 --- time 39600
2023-04-21 12:07:21,421 INFO Negative OS: -1.7485826875665058 --- ticker AVGO --- day 2018-11-06 --- time 36000
2023-04-21 12:07:24,039 INFO Negative OS: -0.3140918590831563 --- ticker AVGO --- day 2018-12-24 --- time 43200
2023-04-21 12:07:26,333 INFO Negative OS: -0.538619422723746 --- ticker AVGO --- day 2019-02-06 --- time 46800
2023-04-21 12:07:27,334 INFO Negative OS: -0.7724823966806027 --- ticker AVGO --- day 2019-02-26 --- time 39600
2023-04-21 12:07:27,686 INFO Negative OS: -0.31178658135980863 --- ticker AVGO --- day 2019-03-04 --- time 50400
2023-04-21 12:07:27,763 INFO Negative OS: -14.881302398066392 --- ticker AVGO --- day 2019-03-05 --- time 48600
2023-04-21 12:07:31,860 INFO Negative OS: -0.43117830939718127 --- ticker AVGO --- day 2019-05-20 --- time 48600
2023-04-21 12:07:34,604 INFO Negative OS: -29.74526557850215 --- ticker AVGO --- day 2019-07-10 --- time 37800
2023-04-21 12:07:35,925 INFO Negative OS: -0.2657466196553613 --- ticker AVGO --- day 2019-08-05 --- time 43200
2023-04-21 12:07:42,298 INFO Negative OS: -0.05044228429261577 --- ticker AVGO --- day 2019-12-05 --- time 52200
2023-04-21 12:07:42,755 INFO in_r2: 0.8260529203671093 , std 0.08464463486628229 
2023-04-21 12:07:42,755 INFO os_r2: 0.7278764423579661 , std 0.6299280054257639 
2023-04-21 12:07:42,755 INFO intercept: -2.509171907756812e-07 , std 2.2942384011992173e-05 
2023-04-21 12:07:42,755 INFO pca_1: 1.5332382082369421e-06 , std 5.004085565288199e-05 
2023-04-21 12:07:42,755 INFO pca_2: -2.96630128519298e-06 , std 9.571884985561034e-05 
2023-04-21 12:07:42,755 INFO pca_3: -6.584001147843054e-06 , std 9.744644593074559e-05 
2023-04-21 12:07:42,755 INFO pca_4: -5.092135326465851e-06 , std 9.74367057333565e-05 
2023-04-21 12:07:42,755 INFO pca_5: -3.1772834164085516e-06 , std 8.712229789493414e-05 
2023-04-21 12:07:42,755 INFO pca_6: -4.018968034284157e-06 , std 7.765167905018227e-05 
2023-04-21 12:07:42,755 INFO pca_7: 5.073135328147399e-07 , std 7.04397566075708e-05 
2023-04-21 12:07:42,755 INFO pca_8: -1.1223827629503788e-06 , std 6.662305536972465e-05 
2023-04-21 12:07:42,755 INFO pca_9: -2.2303142526142368e-07 , std 6.216082256631691e-05 
2023-04-21 12:07:42,755 INFO pca_10: -1.649237294270708e-06 , std 6.092959805700309e-05 
2023-04-21 12:07:42,755 INFO t_intercept: 0.04266633921084055 , std 2.6518141697013227 
2023-04-21 12:07:42,755 INFO t_pca_1: 0.7123253833790887 , std 20.80244438059585 
2023-04-21 12:07:42,755 INFO t_pca_2: -0.35315367021335126 , std 16.334040479658235 
2023-04-21 12:07:42,755 INFO t_pca_3: -0.7511025183548945 , std 12.325856868033366 
2023-04-21 12:07:42,755 INFO t_pca_4: -0.5202842989543591 , std 9.596555238175274 
2023-04-21 12:07:42,755 INFO t_pca_5: -0.21029182551708475 , std 7.2413978541811925 
2023-04-21 12:07:42,755 INFO t_pca_6: -0.26075856688927235 , std 5.588024092583191 
2023-04-21 12:07:42,755 INFO t_pca_7: 0.02403958099394434 , std 4.419404572553803 
2023-04-21 12:07:42,755 INFO t_pca_8: -0.037925114144959804 , std 3.645999226288079 
2023-04-21 12:07:42,756 INFO t_pca_9: -0.004720253043587797 , std 3.0423725844229605 
2023-04-21 12:07:42,756 INFO t_pca_10: -0.083024022693007 , std 2.622492196017922 
2023-04-21 12:07:42,756 INFO p_intercept: 0.24834410191392173 , std 0.2967728588420159 
2023-04-21 12:07:42,756 INFO p_pca_1: 0.007459669230843051 , std 0.06781505448407578 
2023-04-21 12:07:42,756 INFO p_pca_2: 0.045798312820866334 , std 0.15599542571521186 
2023-04-21 12:07:42,756 INFO p_pca_3: 0.06463077898652335 , std 0.18243350993712995 
2023-04-21 12:07:42,756 INFO p_pca_4: 0.08908744195059466 , std 0.2117888195945313 
2023-04-21 12:07:42,756 INFO p_pca_5: 0.11589909258240423 , std 0.23333954669331242 
2023-04-21 12:07:42,756 INFO p_pca_6: 0.1510458238202467 , std 0.25830736526654785 
2023-04-21 12:07:42,756 INFO p_pca_7: 0.19228254701901107 , std 0.28164341584502217 
2023-04-21 12:07:42,756 INFO p_pca_8: 0.2316445857077123 , std 0.29935413653026116 
2023-04-21 12:07:42,756 INFO p_pca_9: 0.2553683138169781 , std 0.3005409786599059 
2023-04-21 12:07:42,756 INFO p_pca_10: 0.27880783383083924 , std 0.3036736784794808 
2023-04-21 12:07:42,756 INFO pca_explained_1: 0.6624352432644681 , std 0.11184285728266595 
2023-04-21 12:07:42,756 INFO pca_explained_2: 0.7702237411915497 , std 0.0806479897682915 
2023-04-21 12:07:42,756 INFO pca_explained_3: 0.8305872756326277 , std 0.06234116422243706 
2023-04-21 12:07:42,756 INFO pca_explained_4: 0.8707348818068302 , std 0.04945967672237097 
2023-04-21 12:07:42,756 INFO pca_explained_5: 0.899462436902595 , std 0.039685726913241924 
2023-04-21 12:07:42,756 INFO pca_explained_6: 0.920802821121857 , std 0.03218637545037378 
2023-04-21 12:07:42,756 INFO pca_explained_7: 0.9370416491436304 , std 0.026415549242907923 
2023-04-21 12:07:42,756 INFO pca_explained_8: 0.9496633484955266 , std 0.021867828190478764 
2023-04-21 12:07:42,756 INFO pca_explained_9: 0.9596454864958444 , std 0.018284556082810193 
2023-04-21 12:07:42,756 INFO pca_explained_10: 0.9676209048663488 , std 0.015425178763784275 
