2023-04-20 05:33:37,130 INFO Tickers: ['BDX']
2023-04-20 05:33:56,319 INFO Negative OS: -0.9870996705942456 --- ticker BDX --- day 2018-03-01 --- time 52200
2023-04-20 05:33:59,958 INFO Negative OS: -0.13064191018698335 --- ticker BDX --- day 2018-05-21 --- time 41400
2023-04-20 05:33:59,982 INFO Negative OS: -8.769245191540456 --- ticker BDX --- day 2018-05-21 --- time 52200
2023-04-20 05:34:04,423 INFO Negative OS: -5.309297095444307 --- ticker BDX --- day 2018-08-22 --- time 36000
2023-04-20 05:34:06,648 INFO Negative OS: -0.09914995772829527 --- ticker BDX --- day 2018-10-08 --- time 45000
2023-04-20 05:34:06,971 INFO Negative OS: -0.23137513839032597 --- ticker BDX --- day 2018-10-12 --- time 52200
2023-04-20 05:34:07,022 INFO Negative OS: -0.21766555584599234 --- ticker BDX --- day 2018-10-15 --- time 43200
2023-04-20 05:34:07,183 INFO Negative OS: -1.3818995379865653 --- ticker BDX --- day 2018-10-17 --- time 41400
2023-04-20 05:34:07,196 INFO Negative OS: -0.09695657028468663 --- ticker BDX --- day 2018-10-17 --- time 45000
2023-04-20 05:34:07,209 INFO Negative OS: -0.14115620980631527 --- ticker BDX --- day 2018-10-17 --- time 50400
2023-04-20 05:34:07,352 INFO Negative OS: -0.0947596616681512 --- ticker BDX --- day 2018-10-19 --- time 50400
2023-04-20 05:34:07,428 INFO Negative OS: -0.18006963132278186 --- ticker BDX --- day 2018-10-22 --- time 50400
2023-04-20 05:34:07,471 INFO Negative OS: -0.08452620884883211 --- ticker BDX --- day 2018-10-23 --- time 36000
2023-04-20 05:34:07,501 INFO Negative OS: -2.3752426412833048 --- ticker BDX --- day 2018-10-23 --- time 45000
2023-04-20 05:34:07,507 INFO Negative OS: -0.49625700693066754 --- ticker BDX --- day 2018-10-23 --- time 46800
2023-04-20 05:34:07,562 INFO Negative OS: -0.025273209566484045 --- ticker BDX --- day 2018-10-24 --- time 36000
2023-04-20 05:34:07,568 INFO Negative OS: -0.10661670735789319 --- ticker BDX --- day 2018-10-24 --- time 37800
2023-04-20 05:34:07,593 INFO Negative OS: -4.233804945527272 --- ticker BDX --- day 2018-10-24 --- time 46800
2023-04-20 05:34:07,599 INFO Negative OS: -0.39431088538295045 --- ticker BDX --- day 2018-10-24 --- time 48600
2023-04-20 05:34:07,648 INFO Negative OS: -0.1941466445790463 --- ticker BDX --- day 2018-10-25 --- time 36000
2023-04-20 05:34:07,738 INFO Negative OS: -0.9763725001897634 --- ticker BDX --- day 2018-10-26 --- time 41400
2023-04-20 05:34:07,744 INFO Negative OS: -0.7175898730522632 --- ticker BDX --- day 2018-10-26 --- time 43200
2023-04-20 05:34:07,762 INFO Negative OS: -0.3299606733459699 --- ticker BDX --- day 2018-10-26 --- time 48600
2023-04-20 05:34:07,895 INFO Negative OS: -0.15570313173315609 --- ticker BDX --- day 2018-10-30 --- time 41400
2023-04-20 05:34:07,919 INFO Negative OS: -0.07072288749901623 --- ticker BDX --- day 2018-10-30 --- time 50400
2023-04-20 05:34:07,961 INFO Negative OS: -0.12269207309241148 --- ticker BDX --- day 2018-10-31 --- time 36000
2023-04-20 05:34:07,991 INFO Negative OS: -0.18162339639742808 --- ticker BDX --- day 2018-10-31 --- time 48600
2023-04-20 05:34:08,115 INFO Negative OS: -1.142370118508563 --- ticker BDX --- day 2018-11-02 --- time 41400
2023-04-20 05:34:08,136 INFO Negative OS: -0.09816742399178846 --- ticker BDX --- day 2018-11-02 --- time 50400
2023-04-20 05:34:08,592 INFO Negative OS: -0.030273106413935436 --- ticker BDX --- day 2018-11-13 --- time 36000
2023-04-20 05:34:08,802 INFO Negative OS: -0.016457108064158232 --- ticker BDX --- day 2018-11-16 --- time 36000
2023-04-20 05:34:08,814 INFO Negative OS: -0.397974192491076 --- ticker BDX --- day 2018-11-16 --- time 39600
2023-04-20 05:34:08,826 INFO Negative OS: -0.10022147335290121 --- ticker BDX --- day 2018-11-16 --- time 43200
2023-04-20 05:34:08,915 INFO Negative OS: -0.2557464856156224 --- ticker BDX --- day 2018-11-19 --- time 46800
2023-04-20 05:34:08,990 INFO Negative OS: -0.5192021690736837 --- ticker BDX --- day 2018-11-20 --- time 45000
2023-04-20 05:34:09,221 INFO Negative OS: -1.2098507094210205 --- ticker BDX --- day 2018-11-27 --- time 45000
2023-04-20 05:34:09,228 INFO Negative OS: -0.06545148955429059 --- ticker BDX --- day 2018-11-27 --- time 46800
2023-04-20 05:34:10,049 INFO Negative OS: -0.28625690322057085 --- ticker BDX --- day 2018-12-13 --- time 41400
2023-04-20 05:34:10,055 INFO Negative OS: -0.52670251011311 --- ticker BDX --- day 2018-12-13 --- time 43200
2023-04-20 05:34:10,213 INFO Negative OS: -0.30967802243967113 --- ticker BDX --- day 2018-12-17 --- time 43200
2023-04-20 05:34:10,229 INFO Negative OS: -0.0031197360449271017 --- ticker BDX --- day 2018-12-17 --- time 50400
2023-04-20 05:34:10,272 INFO Negative OS: -0.010137137758646997 --- ticker BDX --- day 2018-12-18 --- time 36000
2023-04-20 05:34:10,371 INFO Negative OS: -0.00739327994369976 --- ticker BDX --- day 2018-12-19 --- time 46800
2023-04-20 05:34:10,376 INFO Negative OS: -0.214967188094898 --- ticker BDX --- day 2018-12-19 --- time 48600
2023-04-20 05:34:10,439 INFO Negative OS: -0.024577058270979668 --- ticker BDX --- day 2018-12-20 --- time 41400
2023-04-20 05:34:10,445 INFO Negative OS: -0.150175756801733 --- ticker BDX --- day 2018-12-20 --- time 43200
2023-04-20 05:34:10,451 INFO Negative OS: -0.33697900510356704 --- ticker BDX --- day 2018-12-20 --- time 45000
2023-04-20 05:34:10,469 INFO Negative OS: -1.9532874200179315 --- ticker BDX --- day 2018-12-20 --- time 50400
2023-04-20 05:34:10,561 INFO Negative OS: -0.6663188334288233 --- ticker BDX --- day 2018-12-21 --- time 52200
2023-04-20 05:34:10,692 INFO Negative OS: -0.11299015417725 --- ticker BDX --- day 2018-12-26 --- time 43200
2023-04-20 05:34:10,712 INFO Negative OS: -1.7944348322568962 --- ticker BDX --- day 2018-12-26 --- time 52200
2023-04-20 05:34:10,761 INFO Negative OS: -0.6893155953076096 --- ticker BDX --- day 2018-12-27 --- time 39600
2023-04-20 05:34:10,767 INFO Negative OS: -0.3521536975269517 --- ticker BDX --- day 2018-12-27 --- time 41400
2023-04-20 05:34:10,773 INFO Negative OS: -0.43020315608775217 --- ticker BDX --- day 2018-12-27 --- time 43200
2023-04-20 05:34:10,779 INFO Negative OS: -0.1871317266145378 --- ticker BDX --- day 2018-12-27 --- time 45000
2023-04-20 05:34:10,843 INFO Negative OS: -0.11834192824980261 --- ticker BDX --- day 2018-12-28 --- time 39600
2023-04-20 05:34:10,849 INFO Negative OS: -0.29471261731482534 --- ticker BDX --- day 2018-12-28 --- time 41400
2023-04-20 05:34:10,988 INFO Negative OS: -0.13245466206499534 --- ticker BDX --- day 2019-01-02 --- time 39600
2023-04-20 05:34:10,994 INFO Negative OS: -0.17771247535228052 --- ticker BDX --- day 2019-01-02 --- time 41400
2023-04-20 05:34:11,078 INFO Negative OS: -0.012088198683586349 --- ticker BDX --- day 2019-01-03 --- time 41400
2023-04-20 05:34:11,084 INFO Negative OS: -0.14254849420496707 --- ticker BDX --- day 2019-01-03 --- time 43200
2023-04-20 05:34:11,157 INFO Negative OS: -0.7558479258094768 --- ticker BDX --- day 2019-01-04 --- time 39600
2023-04-20 05:34:11,163 INFO Negative OS: -0.36803724074231625 --- ticker BDX --- day 2019-01-04 --- time 41400
2023-04-20 05:34:11,194 INFO Negative OS: -0.03820886743980778 --- ticker BDX --- day 2019-01-04 --- time 52200
2023-04-20 05:34:11,245 INFO Negative OS: -0.2584734267757014 --- ticker BDX --- day 2019-01-07 --- time 41400
2023-04-20 05:34:11,306 INFO Negative OS: -0.017496629075882675 --- ticker BDX --- day 2019-01-08 --- time 36000
2023-04-20 05:34:11,725 INFO Negative OS: -1.274696888188073 --- ticker BDX --- day 2019-01-17 --- time 37800
2023-04-20 05:34:11,759 INFO Negative OS: -2.0391568742293646 --- ticker BDX --- day 2019-01-17 --- time 52200
2023-04-20 05:34:12,145 INFO Negative OS: -0.18683047196961966 --- ticker BDX --- day 2019-01-28 --- time 41400
2023-04-20 05:34:17,199 INFO Negative OS: -0.029786260916534912 --- ticker BDX --- day 2019-05-10 --- time 36000
2023-04-20 05:34:19,195 INFO Negative OS: -0.4851286575725009 --- ticker BDX --- day 2019-06-19 --- time 36000
2023-04-20 05:34:19,353 INFO Negative OS: -7.719036781938552 --- ticker BDX --- day 2019-06-21 --- time 37800
2023-04-20 05:34:21,559 INFO Negative OS: -0.08772428081464456 --- ticker BDX --- day 2019-08-07 --- time 41400
2023-04-20 05:34:21,727 INFO Negative OS: -0.022826007710723406 --- ticker BDX --- day 2019-08-09 --- time 52200
2023-04-20 05:34:22,353 INFO Negative OS: -0.5684237723245873 --- ticker BDX --- day 2019-08-22 --- time 39600
2023-04-20 05:34:23,724 INFO Negative OS: -0.12477655187644698 --- ticker BDX --- day 2019-09-20 --- time 52200
2023-04-20 05:34:27,661 INFO in_r2: 0.6662694261359045 , std 0.2152157376800212 
2023-04-20 05:34:27,661 INFO os_r2: 0.4618383272031371 , std 0.6644990786423502 
2023-04-20 05:34:27,661 INFO intercept: -9.843400447427295e-08 , std 2.2743864570994097e-05 
2023-04-20 05:34:27,661 INFO pca_1: 2.3387006292841217e-06 , std 5.6820138401322597e-05 
2023-04-20 05:34:27,661 INFO pca_2: -2.489957610640972e-06 , std 0.00012561776550075137 
2023-04-20 05:34:27,661 INFO pca_3: -2.0425192012251826e-07 , std 0.00011423205846448966 
2023-04-20 05:34:27,661 INFO pca_4: 2.174032707346785e-06 , std 0.0001238765364302644 
2023-04-20 05:34:27,661 INFO pca_5: 1.4263586203454089e-06 , std 0.00015385079442276062 
2023-04-20 05:34:27,661 INFO pca_6: 2.943145803244032e-07 , std 0.00014629505766424863 
2023-04-20 05:34:27,661 INFO pca_7: -4.870284851363749e-06 , std 0.00017990797720276132 
2023-04-20 05:34:27,661 INFO pca_8: 1.0405409655599016e-06 , std 0.00020452441981873678 
2023-04-20 05:34:27,661 INFO pca_9: 5.005202619516616e-06 , std 0.00020911381617223955 
2023-04-20 05:34:27,661 INFO pca_10: -1.6014771601703222e-06 , std 0.00020838841615358305 
2023-04-20 05:34:27,661 INFO t_intercept: 0.013015009639223703 , std 2.140683800830356 
2023-04-20 05:34:27,661 INFO t_pca_1: 0.5108356633691302 , std 13.793339590168912 
2023-04-20 05:34:27,661 INFO t_pca_2: -0.049124473781513425 , std 12.693244838599371 
2023-04-20 05:34:27,661 INFO t_pca_3: 0.1370276152636775 , std 8.62901812140386 
2023-04-20 05:34:27,661 INFO t_pca_4: 0.16914080549832491 , std 7.357949514191812 
2023-04-20 05:34:27,662 INFO t_pca_5: -0.2014512660874766 , std 6.572513349754716 
2023-04-20 05:34:27,662 INFO t_pca_6: -0.01136226401374055 , std 5.069066166845678 
2023-04-20 05:34:27,662 INFO t_pca_7: 0.03991097027413007 , std 4.4980729167026166 
2023-04-20 05:34:27,662 INFO t_pca_8: 0.05302818492745108 , std 4.27241499711259 
2023-04-20 05:34:27,662 INFO t_pca_9: 0.09450578410835234 , std 3.7604948365625024 
2023-04-20 05:34:27,662 INFO t_pca_10: 0.00418880930454804 , std 3.4475932221765815 
2023-04-20 05:34:27,662 INFO p_intercept: 0.346076500473931 , std 0.3200106585421708 
2023-04-20 05:34:27,662 INFO p_pca_1: 0.05282595060001354 , std 0.16563508503252497 
2023-04-20 05:34:27,662 INFO p_pca_2: 0.07209318211728732 , std 0.18892679721973732 
2023-04-20 05:34:27,662 INFO p_pca_3: 0.1160079488819522 , std 0.22987905947032683 
2023-04-20 05:34:27,662 INFO p_pca_4: 0.1408476402710465 , std 0.25354039486687696 
2023-04-20 05:34:27,662 INFO p_pca_5: 0.15111403837108145 , std 0.26797731522353924 
2023-04-20 05:34:27,662 INFO p_pca_6: 0.18284917002365572 , std 0.2826645321280261 
2023-04-20 05:34:27,662 INFO p_pca_7: 0.16023364651949493 , std 0.2604620362268158 
2023-04-20 05:34:27,662 INFO p_pca_8: 0.1796158299121744 , std 0.2739595287100932 
2023-04-20 05:34:27,662 INFO p_pca_9: 0.2091452392728283 , std 0.28975338274184126 
2023-04-20 05:34:27,662 INFO p_pca_10: 0.20914879397651623 , std 0.2859748816947035 
