2023-04-20 05:34:13,971 INFO Tickers: ['ISRG']
2023-04-20 05:34:28,846 INFO Negative OS: -2.6271192152594707 --- ticker ISRG --- day 2017-11-29 --- time 37800
2023-04-20 05:34:28,981 INFO Negative OS: -0.39776042070753315 --- ticker ISRG --- day 2017-12-01 --- time 36000
2023-04-20 05:34:28,992 INFO Negative OS: -2.2897016606534013 --- ticker ISRG --- day 2017-12-01 --- time 39600
2023-04-20 05:34:32,150 INFO Negative OS: -0.4527267447455334 --- ticker ISRG --- day 2018-02-09 --- time 46800
2023-04-20 05:34:34,029 INFO Negative OS: -0.21470624507161462 --- ticker ISRG --- day 2018-03-23 --- time 37800
2023-04-20 05:34:34,246 INFO Negative OS: -0.15827956641089402 --- ticker ISRG --- day 2018-03-28 --- time 36000
2023-04-20 05:34:34,382 INFO Negative OS: -3.8927584621951734 --- ticker ISRG --- day 2018-04-02 --- time 36000
2023-04-20 05:34:34,388 INFO Negative OS: -2.118790358907988 --- ticker ISRG --- day 2018-04-02 --- time 37800
2023-04-20 05:34:35,572 INFO Negative OS: -0.09153346572560062 --- ticker ISRG --- day 2018-04-25 --- time 50400
2023-04-20 05:34:35,578 INFO Negative OS: -1.2371279399140458 --- ticker ISRG --- day 2018-04-25 --- time 52200
2023-04-20 05:34:37,121 INFO Negative OS: -6.405302032240094 --- ticker ISRG --- day 2018-05-30 --- time 39600
2023-04-20 05:34:37,264 INFO Negative OS: -0.006051062483142022 --- ticker ISRG --- day 2018-06-01 --- time 36000
2023-04-20 05:34:37,297 INFO Negative OS: -0.3297748018669475 --- ticker ISRG --- day 2018-06-01 --- time 46800
2023-04-20 05:34:38,742 INFO Negative OS: -0.9748848422311258 --- ticker ISRG --- day 2018-07-02 --- time 52200
2023-04-20 05:34:40,037 INFO Negative OS: -0.19553483247825798 --- ticker ISRG --- day 2018-07-30 --- time 39600
2023-04-20 05:34:40,862 INFO Negative OS: -0.38997413055535435 --- ticker ISRG --- day 2018-08-15 --- time 52200
2023-04-20 05:34:40,969 INFO Negative OS: -0.02184160715303407 --- ticker ISRG --- day 2018-08-17 --- time 37800
2023-04-20 05:34:42,650 INFO Negative OS: -0.1745207085190572 --- ticker ISRG --- day 2018-09-21 --- time 52200
2023-04-20 05:34:42,878 INFO Negative OS: -0.5646695626567928 --- ticker ISRG --- day 2018-09-26 --- time 50400
2023-04-20 05:34:43,400 INFO Negative OS: -0.14202786945029167 --- ticker ISRG --- day 2018-10-05 --- time 43200
2023-04-20 05:34:43,838 INFO Negative OS: -0.5022867894600247 --- ticker ISRG --- day 2018-10-12 --- time 46800
2023-04-20 05:34:43,849 INFO Negative OS: -0.4700583555370328 --- ticker ISRG --- day 2018-10-12 --- time 50400
2023-04-20 05:34:43,919 INFO Negative OS: -0.19099896317917553 --- ticker ISRG --- day 2018-10-15 --- time 45000
2023-04-20 05:34:43,983 INFO Negative OS: -2.530059988231165 --- ticker ISRG --- day 2018-10-16 --- time 37800
2023-04-20 05:34:43,989 INFO Negative OS: -0.30053270844876234 --- ticker ISRG --- day 2018-10-16 --- time 39600
2023-04-20 05:34:44,006 INFO Negative OS: -0.9141424389688508 --- ticker ISRG --- day 2018-10-16 --- time 45000
2023-04-20 05:34:44,065 INFO Negative OS: -0.06233722609251435 --- ticker ISRG --- day 2018-10-17 --- time 36000
2023-04-20 05:34:44,105 INFO Negative OS: -0.06234336759701331 --- ticker ISRG --- day 2018-10-17 --- time 50400
2023-04-20 05:34:44,111 INFO Negative OS: -0.13830519839460087 --- ticker ISRG --- day 2018-10-17 --- time 52200
2023-04-20 05:34:44,483 INFO Negative OS: -0.1883196465631738 --- ticker ISRG --- day 2018-10-24 --- time 36000
2023-04-20 05:34:44,666 INFO Negative OS: -0.35189671349189866 --- ticker ISRG --- day 2018-10-26 --- time 41400
2023-04-20 05:34:44,841 INFO Negative OS: -0.07376438733411739 --- ticker ISRG --- day 2018-10-30 --- time 41400
2023-04-20 05:34:45,232 INFO Negative OS: -10.439004366819333 --- ticker ISRG --- day 2018-11-06 --- time 36000
2023-04-20 05:34:45,238 INFO Negative OS: -1.0406245136867076 --- ticker ISRG --- day 2018-11-06 --- time 37800
2023-04-20 05:34:45,401 INFO Negative OS: -1.1813388343130011 --- ticker ISRG --- day 2018-11-08 --- time 39600
2023-04-20 05:34:45,514 INFO Negative OS: -0.5481075466180307 --- ticker ISRG --- day 2018-11-09 --- time 50400
2023-04-20 05:34:45,603 INFO Negative OS: -0.020956954143291018 --- ticker ISRG --- day 2018-11-12 --- time 52200
2023-04-20 05:34:45,679 INFO Negative OS: -0.407949417135705 --- ticker ISRG --- day 2018-11-13 --- time 48600
2023-04-20 05:34:46,096 INFO Negative OS: -0.0016203210017906589 --- ticker ISRG --- day 2018-11-20 --- time 43200
2023-04-20 05:34:46,771 INFO Negative OS: -0.20867033484318975 --- ticker ISRG --- day 2018-12-04 --- time 39600
2023-04-20 05:34:46,777 INFO Negative OS: -1.2843199440546273 --- ticker ISRG --- day 2018-12-04 --- time 41400
2023-04-20 05:34:46,783 INFO Negative OS: -0.07449528725387777 --- ticker ISRG --- day 2018-12-04 --- time 43200
2023-04-20 05:34:46,796 INFO Negative OS: -2.411987555770096 --- ticker ISRG --- day 2018-12-04 --- time 48600
2023-04-20 05:34:46,844 INFO Negative OS: -1.1622345489948893 --- ticker ISRG --- day 2018-12-06 --- time 36000
2023-04-20 05:34:46,850 INFO Negative OS: -0.12586670182057524 --- ticker ISRG --- day 2018-12-06 --- time 37800
2023-04-20 05:34:46,932 INFO Negative OS: -0.30381584988395716 --- ticker ISRG --- day 2018-12-07 --- time 36000
2023-04-20 05:34:46,938 INFO Negative OS: -2.143893960851061 --- ticker ISRG --- day 2018-12-07 --- time 37800
2023-04-20 05:34:47,061 INFO Negative OS: -0.04473682172177762 --- ticker ISRG --- day 2018-12-10 --- time 50400
2023-04-20 05:34:47,148 INFO Negative OS: -0.04205585610350049 --- ticker ISRG --- day 2018-12-11 --- time 50400
2023-04-20 05:34:47,154 INFO Negative OS: -0.43919635397790824 --- ticker ISRG --- day 2018-12-11 --- time 52200
2023-04-20 05:34:47,190 INFO Negative OS: -0.5642717891038984 --- ticker ISRG --- day 2018-12-12 --- time 36000
2023-04-20 05:34:47,305 INFO Negative OS: -0.11826696993510377 --- ticker ISRG --- day 2018-12-13 --- time 46800
2023-04-20 05:34:47,639 INFO Negative OS: -0.3424558676343672 --- ticker ISRG --- day 2018-12-19 --- time 50400
2023-04-20 05:34:48,418 INFO Negative OS: -0.02865526527583806 --- ticker ISRG --- day 2019-01-04 --- time 37800
2023-04-20 05:34:48,424 INFO Negative OS: -0.0785234933755361 --- ticker ISRG --- day 2019-01-04 --- time 39600
2023-04-20 05:34:48,513 INFO Negative OS: -0.00538511571346123 --- ticker ISRG --- day 2019-01-07 --- time 41400
2023-04-20 05:34:48,742 INFO Negative OS: -0.012873558065056523 --- ticker ISRG --- day 2019-01-11 --- time 41400
2023-04-20 05:34:48,753 INFO Negative OS: -0.34293119788602455 --- ticker ISRG --- day 2019-01-11 --- time 45000
2023-04-20 05:34:48,968 INFO Negative OS: -1.4229240594466628 --- ticker ISRG --- day 2019-01-16 --- time 41400
2023-04-20 05:34:49,028 INFO Negative OS: -0.1727069590594612 --- ticker ISRG --- day 2019-01-17 --- time 36000
2023-04-20 05:34:49,353 INFO Negative OS: -0.6843096542703162 --- ticker ISRG --- day 2019-01-24 --- time 41400
2023-04-20 05:34:49,447 INFO Negative OS: -0.21866662066522125 --- ticker ISRG --- day 2019-01-25 --- time 52200
2023-04-20 05:34:49,649 INFO Negative OS: -0.37979015960598295 --- ticker ISRG --- day 2019-01-30 --- time 50400
2023-04-20 05:34:50,384 INFO Negative OS: -1.478336878759431 --- ticker ISRG --- day 2019-02-14 --- time 41400
2023-04-20 05:34:50,612 INFO Negative OS: -0.07808684517932574 --- ticker ISRG --- day 2019-02-20 --- time 50400
2023-04-20 05:34:50,618 INFO Negative OS: -5.481496990317082 --- ticker ISRG --- day 2019-02-20 --- time 52200
2023-04-20 05:34:50,921 INFO Negative OS: -0.18476781783040286 --- ticker ISRG --- day 2019-02-27 --- time 37800
2023-04-20 05:34:51,323 INFO Negative OS: -9.170720380384623 --- ticker ISRG --- day 2019-03-07 --- time 36000
2023-04-20 05:34:51,883 INFO Negative OS: -6.074223019966013 --- ticker ISRG --- day 2019-03-19 --- time 37800
2023-04-20 05:34:51,894 INFO Negative OS: -0.20096119779100796 --- ticker ISRG --- day 2019-03-19 --- time 41400
2023-04-20 05:34:53,551 INFO Negative OS: -0.39995306047215173 --- ticker ISRG --- day 2019-04-22 --- time 52200
2023-04-20 05:34:53,775 INFO Negative OS: -1.821271391671428 --- ticker ISRG --- day 2019-04-25 --- time 52200
2023-04-20 05:34:55,955 INFO Negative OS: -0.36355132195584283 --- ticker ISRG --- day 2019-06-10 --- time 36000
2023-04-20 05:34:58,476 INFO Negative OS: -0.4686188293463651 --- ticker ISRG --- day 2019-08-01 --- time 43200
2023-04-20 05:34:58,779 INFO Negative OS: -1.016992330672056 --- ticker ISRG --- day 2019-08-07 --- time 41400
2023-04-20 05:34:58,796 INFO Negative OS: -0.6086651376146053 --- ticker ISRG --- day 2019-08-07 --- time 48600
2023-04-20 05:34:59,212 INFO Negative OS: -2.0295151306584844 --- ticker ISRG --- day 2019-08-15 --- time 37800
2023-04-20 05:34:59,635 INFO Negative OS: -0.1417470912146852 --- ticker ISRG --- day 2019-08-23 --- time 37800
2023-04-20 05:34:59,869 INFO Negative OS: -4.692929888587657 --- ticker ISRG --- day 2019-08-28 --- time 37800
2023-04-20 05:35:01,099 INFO Negative OS: -0.1729191344431722 --- ticker ISRG --- day 2019-09-24 --- time 52200
2023-04-20 05:35:01,287 INFO Negative OS: -0.9430491352128911 --- ticker ISRG --- day 2019-09-27 --- time 45000
2023-04-20 05:35:01,403 INFO Negative OS: -0.16217678436013272 --- ticker ISRG --- day 2019-10-01 --- time 36000
2023-04-20 05:35:01,491 INFO Negative OS: -0.0026396063258264935 --- ticker ISRG --- day 2019-10-02 --- time 41400
2023-04-20 05:35:01,557 INFO Negative OS: -0.539015955323499 --- ticker ISRG --- day 2019-10-03 --- time 36000
2023-04-20 05:35:01,568 INFO Negative OS: -1.1594394090825304 --- ticker ISRG --- day 2019-10-03 --- time 39600
2023-04-20 05:35:02,311 INFO Negative OS: -0.08126278231136785 --- ticker ISRG --- day 2019-10-18 --- time 41400
2023-04-20 05:35:02,401 INFO Negative OS: -0.6065438712835971 --- ticker ISRG --- day 2019-10-21 --- time 52200
2023-04-20 05:35:02,777 INFO Negative OS: -0.033048995641940415 --- ticker ISRG --- day 2019-10-29 --- time 41400
2023-04-20 05:35:02,783 INFO Negative OS: -0.0525708759118817 --- ticker ISRG --- day 2019-10-29 --- time 43200
2023-04-20 05:35:02,967 INFO Negative OS: -0.3407285633269457 --- ticker ISRG --- day 2019-11-01 --- time 36000
2023-04-20 05:35:02,985 INFO Negative OS: -0.009728826652646072 --- ticker ISRG --- day 2019-11-01 --- time 43200
2023-04-20 05:35:03,244 INFO Negative OS: -1.969573229727799 --- ticker ISRG --- day 2019-11-07 --- time 36000
2023-04-20 05:35:03,257 INFO Negative OS: -0.10824470643326678 --- ticker ISRG --- day 2019-11-07 --- time 41400
2023-04-20 05:35:03,791 INFO Negative OS: -0.9277094189538782 --- ticker ISRG --- day 2019-11-19 --- time 37800
2023-04-20 05:35:04,760 INFO Negative OS: -0.013736977902929493 --- ticker ISRG --- day 2019-12-10 --- time 36000
2023-04-20 05:35:04,897 INFO Negative OS: -0.1337290720307993 --- ticker ISRG --- day 2019-12-12 --- time 36000
2023-04-20 05:35:04,910 INFO Negative OS: -0.41275841795918056 --- ticker ISRG --- day 2019-12-12 --- time 41400
2023-04-20 05:35:04,931 INFO Negative OS: -0.10318938329106375 --- ticker ISRG --- day 2019-12-12 --- time 50400
2023-04-20 05:35:04,936 INFO Negative OS: -0.8799960039788142 --- ticker ISRG --- day 2019-12-12 --- time 52200
2023-04-20 05:35:05,008 INFO in_r2: 0.628219259317963 , std 0.16771636990471345 
2023-04-20 05:35:05,008 INFO os_r2: 0.3867813276654034 , std 0.6796214504602353 
2023-04-20 05:35:05,008 INFO intercept: -2.246077621800165e-06 , std 2.980771552751934e-05 
2023-04-20 05:35:05,008 INFO pca_1: -6.156212724864892e-08 , std 4.8406373976867496e-05 
2023-04-20 05:35:05,008 INFO pca_2: 7.827302148184317e-08 , std 6.818218134970807e-05 
2023-04-20 05:35:05,008 INFO pca_3: -2.3471824332404704e-06 , std 8.512708593817765e-05 
2023-04-20 05:35:05,008 INFO pca_4: 6.948408334610544e-07 , std 0.00012143957770839088 
2023-04-20 05:35:05,008 INFO pca_5: -4.790500245813002e-06 , std 0.00014436637107727 
2023-04-20 05:35:05,008 INFO pca_6: -1.0534160697461905e-05 , std 0.00017520879624817673 
2023-04-20 05:35:05,008 INFO pca_7: 4.561772240217586e-07 , std 0.00017962837336839619 
2023-04-20 05:35:05,008 INFO pca_8: -4.490459024806679e-06 , std 0.00017904942925350213 
2023-04-20 05:35:05,008 INFO pca_9: -1.0767672503698796e-06 , std 0.00019515777326569133 
2023-04-20 05:35:05,008 INFO pca_10: 2.1992191886341746e-06 , std 0.0001874730644758667 
2023-04-20 05:35:05,008 INFO t_intercept: -0.11299082012674451 , std 1.800971487925181 
2023-04-20 05:35:05,008 INFO t_pca_1: 0.11294580817429133 , std 10.704311551365521 
2023-04-20 05:35:05,008 INFO t_pca_2: -0.07207320159030142 , std 5.937736229934238 
2023-04-20 05:35:05,008 INFO t_pca_3: -0.13804526961242136 , std 5.638998464523525 
2023-04-20 05:35:05,008 INFO t_pca_4: 0.09396591790739013 , std 6.609276712461506 
2023-04-20 05:35:05,008 INFO t_pca_5: -0.22164898498667188 , std 6.569550993360867 
2023-04-20 05:35:05,008 INFO t_pca_6: -0.3146672790981306 , std 6.530757572450691 
2023-04-20 05:35:05,008 INFO t_pca_7: 0.13572039342123163 , std 6.056937544926557 
2023-04-20 05:35:05,008 INFO t_pca_8: -0.05647840404322472 , std 5.39241971851398 
2023-04-20 05:35:05,008 INFO t_pca_9: -0.22430250171670432 , std 4.909262016850671 
2023-04-20 05:35:05,008 INFO t_pca_10: -0.006010461827087446 , std 4.445556401110777 
2023-04-20 05:35:05,008 INFO p_intercept: 0.3544501263401844 , std 0.31612864612307257 
2023-04-20 05:35:05,008 INFO p_pca_1: 0.04404003064394767 , std 0.15706649483365753 
2023-04-20 05:35:05,008 INFO p_pca_2: 0.12481423247595894 , std 0.24020644053341206 
2023-04-20 05:35:05,008 INFO p_pca_3: 0.14030662018039325 , std 0.24726284624349976 
2023-04-20 05:35:05,008 INFO p_pca_4: 0.12979566552555755 , std 0.24138503355061247 
2023-04-20 05:35:05,008 INFO p_pca_5: 0.13322715921242692 , std 0.24887422285210867 
2023-04-20 05:35:05,009 INFO p_pca_6: 0.11925516875240995 , std 0.23749036639280904 
2023-04-20 05:35:05,009 INFO p_pca_7: 0.12849586761647228 , std 0.24541309164991976 
2023-04-20 05:35:05,009 INFO p_pca_8: 0.13270160939069411 , std 0.24406682293521098 
2023-04-20 05:35:05,009 INFO p_pca_9: 0.157151391101582 , std 0.2601243329708617 
2023-04-20 05:35:05,009 INFO p_pca_10: 0.17903981728678844 , std 0.2707121988137055 
