2023-04-20 05:30:16,904 INFO Tickers: ['LIN']
2023-04-20 05:30:16,951 INFO Negative OS: -5.71801211725603 --- ticker LIN --- day 2018-10-31 --- time 39600
2023-04-20 05:30:16,957 INFO Negative OS: -2.9921234997269366 --- ticker LIN --- day 2018-10-31 --- time 41400
2023-04-20 05:30:17,022 INFO Negative OS: -0.05712982709685255 --- ticker LIN --- day 2018-11-01 --- time 36000
2023-04-20 05:30:17,028 INFO Negative OS: -0.06766188305127474 --- ticker LIN --- day 2018-11-01 --- time 37800
2023-04-20 05:30:17,040 INFO Negative OS: -0.08476426243393465 --- ticker LIN --- day 2018-11-01 --- time 41400
2023-04-20 05:30:17,071 INFO Negative OS: -6.794615754943416 --- ticker LIN --- day 2018-11-01 --- time 52200
2023-04-20 05:30:17,142 INFO Negative OS: -0.04639555228000414 --- ticker LIN --- day 2018-11-02 --- time 46800
2023-04-20 05:30:17,220 INFO Negative OS: -0.9196976528076402 --- ticker LIN --- day 2018-11-05 --- time 45000
2023-04-20 05:30:17,286 INFO Negative OS: -0.17570091515753616 --- ticker LIN --- day 2018-11-06 --- time 39600
2023-04-20 05:30:17,309 INFO Negative OS: -4.956982596482491 --- ticker LIN --- day 2018-11-06 --- time 48600
2023-04-20 05:30:17,358 INFO Negative OS: -0.4021358983597061 --- ticker LIN --- day 2018-11-07 --- time 37800
2023-04-20 05:30:17,422 INFO Negative OS: -0.14063188348087685 --- ticker LIN --- day 2018-11-08 --- time 36000
2023-04-20 05:30:17,458 INFO Negative OS: -0.203441534247097 --- ticker LIN --- day 2018-11-08 --- time 50400
2023-04-20 05:30:18,171 INFO Negative OS: -0.22717125195405186 --- ticker LIN --- day 2018-11-26 --- time 36000
2023-04-20 05:30:18,567 INFO Negative OS: -0.000797351949744618 --- ticker LIN --- day 2018-12-03 --- time 50400
2023-04-20 05:30:18,645 INFO Negative OS: -0.06396000935366186 --- ticker LIN --- day 2018-12-04 --- time 48600
2023-04-20 05:30:18,739 INFO Negative OS: -3.442599877385632 --- ticker LIN --- day 2018-12-06 --- time 52200
2023-04-20 05:30:18,787 INFO Negative OS: -0.06283184347096937 --- ticker LIN --- day 2018-12-07 --- time 39600
2023-04-20 05:30:18,941 INFO Negative OS: -0.062267183227998846 --- ticker LIN --- day 2018-12-11 --- time 36000
2023-04-20 05:30:18,953 INFO Negative OS: -0.042105582010670606 --- ticker LIN --- day 2018-12-11 --- time 39600
2023-04-20 05:30:18,958 INFO Negative OS: -0.4870877600906942 --- ticker LIN --- day 2018-12-11 --- time 41400
2023-04-20 05:30:18,964 INFO Negative OS: -0.35977306024029576 --- ticker LIN --- day 2018-12-11 --- time 43200
2023-04-20 05:30:19,039 INFO Negative OS: -0.23422471755935703 --- ticker LIN --- day 2018-12-12 --- time 41400
2023-04-20 05:30:19,058 INFO Negative OS: -0.8142751406658397 --- ticker LIN --- day 2018-12-12 --- time 48600
2023-04-20 05:30:19,313 INFO Negative OS: -0.3050252898337984 --- ticker LIN --- day 2018-12-17 --- time 52200
2023-04-20 05:30:19,379 INFO Negative OS: -0.7611482783802064 --- ticker LIN --- day 2018-12-18 --- time 48600
2023-04-20 05:30:19,390 INFO Negative OS: -0.1670492858853938 --- ticker LIN --- day 2018-12-18 --- time 52200
2023-04-20 05:30:19,432 INFO Negative OS: -0.8831909470726087 --- ticker LIN --- day 2018-12-19 --- time 37800
2023-04-20 05:30:19,438 INFO Negative OS: -0.4011609821491575 --- ticker LIN --- day 2018-12-19 --- time 39600
2023-04-20 05:30:19,464 INFO Negative OS: -1.703969609503682 --- ticker LIN --- day 2018-12-19 --- time 50400
2023-04-20 05:30:19,511 INFO Negative OS: -0.06020806087014274 --- ticker LIN --- day 2018-12-20 --- time 37800
2023-04-20 05:30:19,517 INFO Negative OS: -0.02384288008311053 --- ticker LIN --- day 2018-12-20 --- time 39600
2023-04-20 05:30:19,593 INFO Negative OS: -0.6329715132159484 --- ticker LIN --- day 2018-12-21 --- time 39600
2023-04-20 05:30:19,698 INFO Negative OS: -0.10633412032226253 --- ticker LIN --- day 2018-12-26 --- time 43200
2023-04-20 05:30:19,704 INFO Negative OS: -0.40750963087883973 --- ticker LIN --- day 2018-12-26 --- time 45000
2023-04-20 05:30:19,710 INFO Negative OS: -0.050190280068620474 --- ticker LIN --- day 2018-12-26 --- time 46800
2023-04-20 05:30:19,763 INFO Negative OS: -0.3002975899147451 --- ticker LIN --- day 2018-12-27 --- time 36000
2023-04-20 05:30:20,162 INFO Negative OS: -0.0220716871896407 --- ticker LIN --- day 2019-01-04 --- time 41400
2023-04-20 05:30:20,245 INFO Negative OS: -0.1712886438658583 --- ticker LIN --- day 2019-01-07 --- time 41400
2023-04-20 05:30:20,256 INFO Negative OS: -0.039295715733824066 --- ticker LIN --- day 2019-01-07 --- time 45000
2023-04-20 05:30:20,698 INFO Negative OS: -0.010185539150538991 --- ticker LIN --- day 2019-01-16 --- time 39600
2023-04-20 05:30:21,694 INFO Negative OS: -0.14677909838351821 --- ticker LIN --- day 2019-02-05 --- time 50400
2023-04-20 05:30:21,700 INFO Negative OS: -0.07567500168162278 --- ticker LIN --- day 2019-02-05 --- time 52200
2023-04-20 05:30:21,894 INFO Negative OS: -1.2653474300188141 --- ticker LIN --- day 2019-02-08 --- time 41400
2023-04-20 05:30:21,957 INFO Negative OS: -0.09967865608083937 --- ticker LIN --- day 2019-02-11 --- time 36000
2023-04-20 05:30:22,119 INFO Negative OS: -0.05077212211610216 --- ticker LIN --- day 2019-02-13 --- time 39600
2023-04-20 05:30:22,191 INFO Negative OS: -0.8152195250124274 --- ticker LIN --- day 2019-02-14 --- time 39600
2023-04-20 05:30:22,732 INFO Negative OS: -1.5549402551541451 --- ticker LIN --- day 2019-02-26 --- time 46800
2023-04-20 05:30:22,934 INFO Negative OS: -1.1196748266667327 --- ticker LIN --- day 2019-03-01 --- time 39600
2023-04-20 05:30:23,032 INFO Negative OS: -0.6507316896034852 --- ticker LIN --- day 2019-03-04 --- time 43200
2023-04-20 05:30:23,051 INFO Negative OS: -0.046982223640208653 --- ticker LIN --- day 2019-03-04 --- time 50400
2023-04-20 05:30:23,768 INFO Negative OS: -0.3089776011772418 --- ticker LIN --- day 2019-03-18 --- time 41400
2023-04-20 05:30:26,113 INFO Negative OS: -5.380950959386752 --- ticker LIN --- day 2019-05-01 --- time 36000
2023-04-20 05:30:28,599 INFO Negative OS: -0.031024850331613285 --- ticker LIN --- day 2019-06-19 --- time 52200
2023-04-20 05:30:31,097 INFO Negative OS: -1.0539538107183044 --- ticker LIN --- day 2019-08-09 --- time 39600
2023-04-20 05:30:32,189 INFO Negative OS: -1.45234587741732 --- ticker LIN --- day 2019-08-30 --- time 36000
2023-04-20 05:30:33,491 INFO Negative OS: -0.008786037506747002 --- ticker LIN --- day 2019-09-27 --- time 41400
2023-04-20 05:30:37,038 INFO Negative OS: -0.5415489862350911 --- ticker LIN --- day 2019-12-11 --- time 36000
2023-04-20 05:30:37,215 INFO in_r2: 0.6931446396172024 , std 0.18427096585055167 
2023-04-20 05:30:37,215 INFO os_r2: 0.5006908526061777 , std 0.5741753599557416 
2023-04-20 05:30:37,215 INFO intercept: -3.4222222222222186e-07 , std 1.9686511161023977e-05 
2023-04-20 05:30:37,215 INFO pca_1: -5.644618931432425e-06 , std 4.738312930056356e-05 
2023-04-20 05:30:37,215 INFO pca_2: -5.7301753628183244e-06 , std 0.00010288676468305057 
2023-04-20 05:30:37,215 INFO pca_3: -5.164617802645843e-06 , std 0.0001355637259670658 
2023-04-20 05:30:37,215 INFO pca_4: 4.665763825925307e-06 , std 0.00012441136738044797 
2023-04-20 05:30:37,215 INFO pca_5: -6.146548974595457e-06 , std 0.0001282355920553101 
2023-04-20 05:30:37,215 INFO pca_6: -8.609824121381787e-06 , std 0.00014235141999455555 
2023-04-20 05:30:37,215 INFO pca_7: 1.8231673616403754e-06 , std 0.00014807465711403175 
2023-04-20 05:30:37,215 INFO pca_8: -5.42581294131693e-06 , std 0.00013914926472030753 
2023-04-20 05:30:37,215 INFO pca_9: -3.6434593472793667e-06 , std 0.0001666327301291428 
2023-04-20 05:30:37,215 INFO pca_10: 7.965557997049961e-06 , std 0.0001874699484301894 
2023-04-20 05:30:37,215 INFO t_intercept: -0.004692222690425991 , std 2.257878533218022 
2023-04-20 05:30:37,215 INFO t_pca_1: -1.5300811688503515 , std 11.778104879456917 
2023-04-20 05:30:37,215 INFO t_pca_2: -0.3723552472261298 , std 11.493108479529052 
2023-04-20 05:30:37,215 INFO t_pca_3: -0.5176825102158742 , std 12.114141482094169 
2023-04-20 05:30:37,215 INFO t_pca_4: 0.1447038918474896 , std 8.75367507138266 
2023-04-20 05:30:37,215 INFO t_pca_5: -0.3139655374929757 , std 6.4770488663282615 
2023-04-20 05:30:37,215 INFO t_pca_6: -0.20602045588975468 , std 5.515055299508755 
2023-04-20 05:30:37,215 INFO t_pca_7: 0.051129640145035155 , std 4.721654947827583 
2023-04-20 05:30:37,215 INFO t_pca_8: -0.09921450520261596 , std 4.487392569012834 
2023-04-20 05:30:37,216 INFO t_pca_9: -0.04396060560653255 , std 4.064658049457174 
2023-04-20 05:30:37,216 INFO t_pca_10: 0.11745571179537721 , std 4.166851181110786 
2023-04-20 05:30:37,216 INFO p_intercept: 0.3179446760009669 , std 0.32458148595038255 
2023-04-20 05:30:37,216 INFO p_pca_1: 0.05386754306509678 , std 0.16800610945120997 
2023-04-20 05:30:37,216 INFO p_pca_2: 0.0804950996752104 , std 0.20216110882244234 
2023-04-20 05:30:37,216 INFO p_pca_3: 0.0913147398570311 , std 0.21288316988729442 
2023-04-20 05:30:37,216 INFO p_pca_4: 0.1156121297307756 , std 0.23966266103355394 
2023-04-20 05:30:37,216 INFO p_pca_5: 0.1378711121682561 , std 0.24892964580288474 
2023-04-20 05:30:37,216 INFO p_pca_6: 0.16164658797798928 , std 0.267143979251342 
2023-04-20 05:30:37,216 INFO p_pca_7: 0.1812380260052134 , std 0.2745444845428132 
2023-04-20 05:30:37,216 INFO p_pca_8: 0.18560652149721193 , std 0.2808148060169544 
2023-04-20 05:30:37,216 INFO p_pca_9: 0.18996446091881147 , std 0.27616470271635835 
2023-04-20 05:30:37,216 INFO p_pca_10: 0.19282097358760628 , std 0.2704091819443468 
