2023-04-21 12:06:27,179 INFO Tickers: ['NFLX']
2023-04-21 12:06:46,628 INFO Negative OS: -7.855798116706232 --- ticker NFLX --- day 2017-12-15 --- time 48600
2023-04-21 12:06:46,633 INFO Negative OS: -0.4233625837812167 --- ticker NFLX --- day 2017-12-15 --- time 50400
2023-04-21 12:06:46,750 INFO Negative OS: -0.03824442432571984 --- ticker NFLX --- day 2017-12-19 --- time 36000
2023-04-21 12:06:47,016 INFO Negative OS: -0.272337085087051 --- ticker NFLX --- day 2017-12-22 --- time 46800
2023-04-21 12:06:47,170 INFO Negative OS: -0.7508019554495136 --- ticker NFLX --- day 2017-12-27 --- time 45000
2023-04-21 12:06:47,407 INFO Negative OS: -2.9272705753449153 --- ticker NFLX --- day 2018-01-02 --- time 43200
2023-04-21 12:06:47,581 INFO Negative OS: -2.439598636831051 --- ticker NFLX --- day 2018-01-04 --- time 46800
2023-04-21 12:06:47,592 INFO Negative OS: -0.2250598589951298 --- ticker NFLX --- day 2018-01-04 --- time 50400
2023-04-21 12:06:48,407 INFO Negative OS: -1.423330232392011 --- ticker NFLX --- day 2018-01-19 --- time 52200
2023-04-21 12:06:48,451 INFO Negative OS: -0.21693908847958565 --- ticker NFLX --- day 2018-01-22 --- time 39600
2023-04-21 12:06:48,467 INFO Negative OS: -0.20380136545966887 --- ticker NFLX --- day 2018-01-22 --- time 45000
2023-04-21 12:06:48,479 INFO Negative OS: -0.09594011585236406 --- ticker NFLX --- day 2018-01-22 --- time 48600
2023-04-21 12:06:48,642 INFO Negative OS: -0.08074017942688005 --- ticker NFLX --- day 2018-01-24 --- time 48600
2023-04-21 12:06:48,883 INFO Negative OS: -0.01390843907960626 --- ticker NFLX --- day 2018-01-29 --- time 46800
2023-04-21 12:06:49,051 INFO Negative OS: -0.20457010179291268 --- ticker NFLX --- day 2018-01-31 --- time 48600
2023-04-21 12:06:49,139 INFO Negative OS: -0.563717639275213 --- ticker NFLX --- day 2018-02-01 --- time 50400
2023-04-21 12:06:49,605 INFO Negative OS: -0.05038103857184373 --- ticker NFLX --- day 2018-02-09 --- time 41400
2023-04-21 12:06:50,345 INFO Negative OS: -3.9281141634060965 --- ticker NFLX --- day 2018-02-23 --- time 41400
2023-04-21 12:06:50,378 INFO Negative OS: -6.292655204680878 --- ticker NFLX --- day 2018-02-23 --- time 52200
2023-04-21 12:06:50,516 INFO Negative OS: -0.0801863175123565 --- ticker NFLX --- day 2018-02-27 --- time 43200
2023-04-21 12:07:02,450 INFO Negative OS: -0.9659590692013651 --- ticker NFLX --- day 2018-09-25 --- time 52200
2023-04-21 12:07:03,004 INFO Negative OS: -0.37160595282166753 --- ticker NFLX --- day 2018-10-04 --- time 46800
2023-04-21 12:07:03,462 INFO Negative OS: -0.5326735472752233 --- ticker NFLX --- day 2018-10-12 --- time 36000
2023-04-21 12:07:03,805 INFO Negative OS: -0.22912796365563315 --- ticker NFLX --- day 2018-10-18 --- time 41400
2023-04-21 12:07:08,236 INFO Negative OS: -0.5177144500706476 --- ticker NFLX --- day 2019-01-08 --- time 48600
2023-04-21 12:07:09,644 INFO Negative OS: -0.28427256638878395 --- ticker NFLX --- day 2019-02-04 --- time 52200
2023-04-21 12:07:10,620 INFO Negative OS: -0.10151193612830434 --- ticker NFLX --- day 2019-02-21 --- time 48600
2023-04-21 12:07:13,598 INFO Negative OS: -0.7300717027765036 --- ticker NFLX --- day 2019-04-15 --- time 36000
2023-04-21 12:07:16,566 INFO Negative OS: -1.1801405509258092 --- ticker NFLX --- day 2019-06-06 --- time 46800
2023-04-21 12:07:16,795 INFO Negative OS: -0.18459059756476748 --- ticker NFLX --- day 2019-06-11 --- time 41400
2023-04-21 12:07:23,756 INFO Negative OS: -3.45060179793305 --- ticker NFLX --- day 2019-10-10 --- time 50400
2023-04-21 12:07:27,468 INFO in_r2: 0.8531253941185324 , std 0.07932994426053623 
2023-04-21 12:07:27,468 INFO os_r2: 0.7986782662733496 , std 0.21223271685260786 
2023-04-21 12:07:27,468 INFO intercept: -6.56657496774995e-08 , std 2.674452551455906e-05 
2023-04-21 12:07:27,468 INFO pca_1: -5.345488836551407e-07 , std 4.5930691899152544e-05 
2023-04-21 12:07:27,468 INFO pca_2: -2.2830972545092055e-06 , std 7.670199360274595e-05 
2023-04-21 12:07:27,468 INFO pca_3: -2.718607519930248e-06 , std 7.24943303990279e-05 
2023-04-21 12:07:27,468 INFO pca_4: -8.026368907384301e-07 , std 7.747431493226395e-05 
2023-04-21 12:07:27,468 INFO pca_5: -6.717379265937363e-07 , std 7.630193629697132e-05 
2023-04-21 12:07:27,468 INFO pca_6: -1.1227611722201185e-06 , std 7.0076464945639e-05 
2023-04-21 12:07:27,468 INFO pca_7: 9.866443463569394e-08 , std 6.63925807177638e-05 
2023-04-21 12:07:27,468 INFO pca_8: -1.2910195696663219e-07 , std 6.308611014462244e-05 
2023-04-21 12:07:27,468 INFO pca_9: 6.222702087978577e-07 , std 5.633781018348696e-05 
2023-04-21 12:07:27,468 INFO pca_10: 5.425168219095602e-07 , std 5.222929416533844e-05 
2023-04-21 12:07:27,468 INFO t_intercept: 0.026646043197534133 , std 2.895620599546321 
2023-04-21 12:07:27,468 INFO t_pca_1: -0.6095696124844134 , std 21.384763209098203 
2023-04-21 12:07:27,468 INFO t_pca_2: -0.3910722590893466 , std 19.332453803835666 
2023-04-21 12:07:27,468 INFO t_pca_3: -0.44570243670985554 , std 13.9018001006188 
2023-04-21 12:07:27,468 INFO t_pca_4: -0.07091088750500768 , std 11.935274890393098 
2023-04-21 12:07:27,468 INFO t_pca_5: -0.021611944831478727 , std 10.108391825767967 
2023-04-21 12:07:27,468 INFO t_pca_6: -0.08354926264687143 , std 8.134477364297483 
2023-04-21 12:07:27,468 INFO t_pca_7: 0.021679655977816046 , std 6.854961785707726 
2023-04-21 12:07:27,468 INFO t_pca_8: 0.001186053811465942 , std 5.64526257327209 
2023-04-21 12:07:27,469 INFO t_pca_9: 0.07060035384783987 , std 4.5423742887852985 
2023-04-21 12:07:27,469 INFO t_pca_10: 0.026172811277238 , std 3.69747378810617 
2023-04-21 12:07:27,469 INFO p_intercept: 0.2210025464752614 , std 0.2877872700699416 
2023-04-21 12:07:27,469 INFO p_pca_1: 0.00797204764664993 , std 0.0692345312652876 
2023-04-21 12:07:27,469 INFO p_pca_2: 0.06601406110321548 , std 0.1860577684658587 
2023-04-21 12:07:27,469 INFO p_pca_3: 0.06178484006089475 , std 0.1790895668575568 
2023-04-21 12:07:27,469 INFO p_pca_4: 0.070321631154295 , std 0.19366098129425313 
2023-04-21 12:07:27,469 INFO p_pca_5: 0.09699425520615276 , std 0.2204198132770068 
2023-04-21 12:07:27,469 INFO p_pca_6: 0.12645094730515183 , std 0.24574796706316007 
2023-04-21 12:07:27,469 INFO p_pca_7: 0.1579905397200058 , std 0.26356353628045986 
2023-04-21 12:07:27,469 INFO p_pca_8: 0.1924471992895622 , std 0.2824712268969262 
2023-04-21 12:07:27,469 INFO p_pca_9: 0.232321074244121 , std 0.2979674511411965 
2023-04-21 12:07:27,469 INFO p_pca_10: 0.26439837423227003 , std 0.3045914268932534 
2023-04-21 12:07:27,469 INFO pca_explained_1: 0.5847482523681655 , std 0.11707026445789208 
2023-04-21 12:07:27,469 INFO pca_explained_2: 0.7205693614383628 , std 0.08715495629099783 
2023-04-21 12:07:27,469 INFO pca_explained_3: 0.795360846068224 , std 0.06842714210395086 
2023-04-21 12:07:27,469 INFO pca_explained_4: 0.844321102850781 , std 0.05487266699214544 
2023-04-21 12:07:27,469 INFO pca_explained_5: 0.8790946891945642 , std 0.04452203526358718 
2023-04-21 12:07:27,469 INFO pca_explained_6: 0.9048389485227408 , std 0.0366613231107628 
2023-04-21 12:07:27,469 INFO pca_explained_7: 0.9244821926385014 , std 0.030543635604713997 
2023-04-21 12:07:27,469 INFO pca_explained_8: 0.9398239275291795 , std 0.025758916734544998 
2023-04-21 12:07:27,469 INFO pca_explained_9: 0.9519397194679774 , std 0.021967303301428136 
2023-04-21 12:07:27,469 INFO pca_explained_10: 0.9615347955215066 , std 0.018901846328012853 
