2023-04-21 12:12:38,863 INFO Tickers: ['RTN']
2023-04-21 12:12:53,772 INFO Negative OS: -0.6442554342452285 --- ticker RTN --- day 2017-12-18 --- time 36000
2023-04-21 12:12:55,578 INFO Negative OS: -0.196178211176542 --- ticker RTN --- day 2018-02-01 --- time 36000
2023-04-21 12:12:55,641 INFO Negative OS: -0.3697141475299677 --- ticker RTN --- day 2018-02-02 --- time 36000
2023-04-21 12:12:55,896 INFO Negative OS: -0.027852460694888448 --- ticker RTN --- day 2018-02-08 --- time 36000
2023-04-21 12:12:55,934 INFO Negative OS: -0.15073221733262177 --- ticker RTN --- day 2018-02-08 --- time 52200
2023-04-21 12:12:55,967 INFO Negative OS: -0.3700047909873263 --- ticker RTN --- day 2018-02-09 --- time 36000
2023-04-21 12:12:55,972 INFO Negative OS: -0.0167901678389335 --- ticker RTN --- day 2018-02-09 --- time 37800
2023-04-21 12:12:56,043 INFO Negative OS: -1.0118263722099727 --- ticker RTN --- day 2018-02-12 --- time 36000
2023-04-21 12:12:56,494 INFO Negative OS: -0.11302563949176125 --- ticker RTN --- day 2018-02-22 --- time 36000
2023-04-21 12:12:56,614 INFO Negative OS: -0.23824851270432634 --- ticker RTN --- day 2018-02-26 --- time 36000
2023-04-21 12:12:56,838 INFO Negative OS: -0.703896458424961 --- ticker RTN --- day 2018-03-01 --- time 52200
2023-04-21 12:13:06,652 INFO Negative OS: -0.6067842822047567 --- ticker RTN --- day 2018-10-10 --- time 46800
2023-04-21 12:13:06,716 INFO Negative OS: -0.8941197346192677 --- ticker RTN --- day 2018-10-11 --- time 41400
2023-04-21 12:13:06,999 INFO Negative OS: -0.12123519665756732 --- ticker RTN --- day 2018-10-17 --- time 36000
2023-04-21 12:13:07,094 INFO Negative OS: -0.0866653500144976 --- ticker RTN --- day 2018-10-18 --- time 45000
2023-04-21 12:13:07,110 INFO Negative OS: -0.16065049309836676 --- ticker RTN --- day 2018-10-18 --- time 50400
2023-04-21 12:13:07,160 INFO Negative OS: -0.757344101917431 --- ticker RTN --- day 2018-10-19 --- time 39600
2023-04-21 12:13:07,175 INFO Negative OS: -0.3374113439914752 --- ticker RTN --- day 2018-10-19 --- time 45000
2023-04-21 12:13:07,186 INFO Negative OS: -0.06657619941398152 --- ticker RTN --- day 2018-10-19 --- time 48600
2023-04-21 12:13:07,256 INFO Negative OS: -0.4791410240323779 --- ticker RTN --- day 2018-10-22 --- time 45000
2023-04-21 12:13:07,261 INFO Negative OS: -0.3647219074141268 --- ticker RTN --- day 2018-10-22 --- time 46800
2023-04-21 12:13:07,266 INFO Negative OS: -0.018027312414089947 --- ticker RTN --- day 2018-10-22 --- time 48600
2023-04-21 12:13:07,272 INFO Negative OS: -0.07424588252577302 --- ticker RTN --- day 2018-10-22 --- time 50400
2023-04-21 12:13:07,335 INFO Negative OS: -0.08725587821463265 --- ticker RTN --- day 2018-10-23 --- time 46800
2023-04-21 12:13:07,341 INFO Negative OS: -1.6363448679564843 --- ticker RTN --- day 2018-10-23 --- time 48600
2023-04-21 12:13:07,400 INFO Negative OS: -0.49740770208951357 --- ticker RTN --- day 2018-10-24 --- time 41400
2023-04-21 12:13:07,421 INFO Negative OS: -1.2288092819813894 --- ticker RTN --- day 2018-10-24 --- time 48600
2023-04-21 12:13:07,431 INFO Negative OS: -2.0039939782526206 --- ticker RTN --- day 2018-10-24 --- time 52200
2023-04-21 12:13:07,480 INFO Negative OS: -2.3145753246004372 --- ticker RTN --- day 2018-10-25 --- time 41400
2023-04-21 12:13:07,544 INFO Negative OS: -0.7554153337807188 --- ticker RTN --- day 2018-10-26 --- time 36000
2023-04-21 12:13:07,549 INFO Negative OS: -0.007330438569024267 --- ticker RTN --- day 2018-10-26 --- time 37800
2023-04-21 12:13:07,555 INFO Negative OS: -0.24007035099690066 --- ticker RTN --- day 2018-10-26 --- time 39600
2023-04-21 12:13:07,560 INFO Negative OS: -0.002172976170741636 --- ticker RTN --- day 2018-10-26 --- time 41400
2023-04-21 12:13:07,570 INFO Negative OS: -0.0536315048424274 --- ticker RTN --- day 2018-10-26 --- time 45000
2023-04-21 12:13:07,576 INFO Negative OS: -0.23482447792905603 --- ticker RTN --- day 2018-10-26 --- time 46800
2023-04-21 12:13:07,624 INFO Negative OS: -0.16082598907473122 --- ticker RTN --- day 2018-10-29 --- time 36000
2023-04-21 12:13:07,630 INFO Negative OS: -0.35157744239389044 --- ticker RTN --- day 2018-10-29 --- time 37800
2023-04-21 12:13:07,799 INFO Negative OS: -0.10739316293398682 --- ticker RTN --- day 2018-10-31 --- time 41400
2023-04-21 12:13:07,964 INFO Negative OS: -0.13351796515511571 --- ticker RTN --- day 2018-11-02 --- time 43200
2023-04-21 12:13:07,985 INFO Negative OS: -0.0455264544334939 --- ticker RTN --- day 2018-11-02 --- time 50400
2023-04-21 12:13:08,059 INFO Negative OS: -0.04970623713904865 --- ticker RTN --- day 2018-11-05 --- time 48600
2023-04-21 12:13:08,103 INFO Negative OS: -0.04903502254595393 --- ticker RTN --- day 2018-11-06 --- time 36000
2023-04-21 12:13:08,108 INFO Negative OS: -2.4914383331997727 --- ticker RTN --- day 2018-11-06 --- time 37800
2023-04-21 12:13:08,114 INFO Negative OS: -4.028604079852175 --- ticker RTN --- day 2018-11-06 --- time 39600
2023-04-21 12:13:08,240 INFO Negative OS: -0.10435740494269674 --- ticker RTN --- day 2018-11-08 --- time 37800
2023-04-21 12:13:08,250 INFO Negative OS: -0.023397249636385453 --- ticker RTN --- day 2018-11-08 --- time 41400
2023-04-21 12:13:08,269 INFO Negative OS: -0.3920558668301448 --- ticker RTN --- day 2018-11-08 --- time 50400
2023-04-21 12:13:08,398 INFO Negative OS: -0.28736250694881704 --- ticker RTN --- day 2018-11-12 --- time 43200
2023-04-21 12:13:08,651 INFO Negative OS: -1.7642157048552525 --- ticker RTN --- day 2018-11-16 --- time 37800
2023-04-21 12:13:09,089 INFO Negative OS: -1.4137094788488147 --- ticker RTN --- day 2018-11-27 --- time 36000
2023-04-21 12:13:09,122 INFO Negative OS: -0.39886027574592653 --- ticker RTN --- day 2018-11-27 --- time 48600
2023-04-21 12:13:09,396 INFO Negative OS: -0.14221879041643937 --- ticker RTN --- day 2018-12-03 --- time 48600
2023-04-21 12:13:10,192 INFO Negative OS: -0.34100637545820933 --- ticker RTN --- day 2018-12-18 --- time 50400
2023-04-21 12:13:10,197 INFO Negative OS: -0.5482710477708499 --- ticker RTN --- day 2018-12-18 --- time 52200
2023-04-21 12:13:10,273 INFO Negative OS: -0.02289358697234456 --- ticker RTN --- day 2018-12-19 --- time 50400
2023-04-21 12:13:10,312 INFO Negative OS: -0.7706510201067434 --- ticker RTN --- day 2018-12-20 --- time 36000
2023-04-21 12:13:10,472 INFO Negative OS: -1.2026615963534808 --- ticker RTN --- day 2018-12-24 --- time 37800
2023-04-21 12:13:10,627 INFO Negative OS: -0.005586935674339655 --- ticker RTN --- day 2018-12-27 --- time 39600
2023-04-21 12:13:10,915 INFO Negative OS: -0.12487385351718805 --- ticker RTN --- day 2019-01-03 --- time 36000
2023-04-21 12:13:10,991 INFO Negative OS: -0.09036561670415377 --- ticker RTN --- day 2019-01-04 --- time 36000
2023-04-21 12:13:11,212 INFO Negative OS: -0.41844605688972214 --- ticker RTN --- day 2019-01-10 --- time 36000
2023-04-21 12:13:11,243 INFO Negative OS: -0.01986920560718941 --- ticker RTN --- day 2019-01-10 --- time 46800
2023-04-21 12:13:11,249 INFO Negative OS: -0.09467312144941564 --- ticker RTN --- day 2019-01-10 --- time 48600
2023-04-21 12:13:11,259 INFO Negative OS: -0.013735892375851488 --- ticker RTN --- day 2019-01-10 --- time 52200
2023-04-21 12:13:11,310 INFO Negative OS: -0.09497805489414435 --- ticker RTN --- day 2019-01-11 --- time 45000
2023-04-21 12:13:11,370 INFO Negative OS: -0.315722039648372 --- ticker RTN --- day 2019-01-14 --- time 39600
2023-04-21 12:13:11,446 INFO Negative OS: -0.49751869497723256 --- ticker RTN --- day 2019-01-15 --- time 39600
2023-04-21 12:13:11,524 INFO Negative OS: -0.28669784085447914 --- ticker RTN --- day 2019-01-16 --- time 45000
2023-04-21 12:13:11,714 INFO Negative OS: -0.04322345235966063 --- ticker RTN --- day 2019-01-22 --- time 39600
2023-04-21 12:13:11,719 INFO Negative OS: -0.02545443371733702 --- ticker RTN --- day 2019-01-22 --- time 41400
2023-04-21 12:13:11,805 INFO Negative OS: -0.03032504976977246 --- ticker RTN --- day 2019-01-23 --- time 45000
2023-04-21 12:13:12,248 INFO Negative OS: -0.19584156354117543 --- ticker RTN --- day 2019-01-31 --- time 36000
2023-04-21 12:13:13,787 INFO Negative OS: -11.040501907683735 --- ticker RTN --- day 2019-03-04 --- time 48600
2023-04-21 12:13:13,792 INFO Negative OS: -2.092793025068405 --- ticker RTN --- day 2019-03-04 --- time 50400
2023-04-21 12:13:17,196 INFO Negative OS: -0.9753114922244215 --- ticker RTN --- day 2019-05-14 --- time 41400
2023-04-21 12:13:23,960 INFO Negative OS: -3.023453968847118 --- ticker RTN --- day 2019-10-22 --- time 36000
2023-04-21 12:13:26,113 INFO in_r2: 0.7240028701537722 , std 0.16995564439781535 
2023-04-21 12:13:26,113 INFO os_r2: 0.5870742574811557 , std 0.4697444650017345 
2023-04-21 12:13:26,113 INFO intercept: -9.167204648160102e-07 , std 2.140989991628571e-05 
2023-04-21 12:13:26,113 INFO pca_1: 2.430241130889699e-06 , std 7.052422901272512e-05 
2023-04-21 12:13:26,113 INFO pca_2: 3.3608848813549593e-06 , std 0.00011752537966480096 
2023-04-21 12:13:26,113 INFO pca_3: -7.327877967707473e-06 , std 0.00011711747550481812 
2023-04-21 12:13:26,113 INFO pca_4: -4.9186475087968706e-06 , std 0.00011859810397308815 
2023-04-21 12:13:26,113 INFO pca_5: -2.078300330113131e-06 , std 0.0001352458026010315 
2023-04-21 12:13:26,113 INFO pca_6: -5.348270822739695e-06 , std 0.0001377694402105615 
2023-04-21 12:13:26,113 INFO pca_7: -4.623268860828112e-06 , std 0.00014398198470116105 
2023-04-21 12:13:26,113 INFO pca_8: 1.2795735113874949e-06 , std 0.00015300866606409155 
2023-04-21 12:13:26,113 INFO pca_9: -6.3246397596781095e-06 , std 0.00015222119732553242 
2023-04-21 12:13:26,113 INFO pca_10: 1.697841115645573e-06 , std 0.00016033387989747378 
2023-04-21 12:13:26,113 INFO t_intercept: -0.09500694025785389 , std 2.2735421103647777 
2023-04-21 12:13:26,113 INFO t_pca_1: 0.9676689615159203 , std 16.728213427939888 
2023-04-21 12:13:26,113 INFO t_pca_2: 0.2738652252145819 , std 12.822971644857803 
2023-04-21 12:13:26,113 INFO t_pca_3: -0.5910728196998859 , std 9.591479760431318 
2023-04-21 12:13:26,113 INFO t_pca_4: -0.2730742777003931 , std 7.560892019912466 
2023-04-21 12:13:26,113 INFO t_pca_5: -0.06757700960054899 , std 6.631964070875374 
2023-04-21 12:13:26,113 INFO t_pca_6: -0.23354017196768295 , std 5.322303978746642 
2023-04-21 12:13:26,113 INFO t_pca_7: -0.04132893391196791 , std 4.572259028979149 
2023-04-21 12:13:26,113 INFO t_pca_8: 0.1719965680572891 , std 4.275229885864272 
2023-04-21 12:13:26,113 INFO t_pca_9: -0.10454320831762691 , std 3.7335015999390504 
2023-04-21 12:13:26,113 INFO t_pca_10: 0.10197956209491191 , std 3.561217547878901 
2023-04-21 12:13:26,113 INFO p_intercept: 0.32208396526253225 , std 0.31744873324113315 
2023-04-21 12:13:26,113 INFO p_pca_1: 0.033648016296485284 , std 0.13773110797163116 
2023-04-21 12:13:26,113 INFO p_pca_2: 0.07427837318342982 , std 0.18919850146662806 
2023-04-21 12:13:26,113 INFO p_pca_3: 0.09771238006380067 , std 0.21750564628291907 
2023-04-21 12:13:26,113 INFO p_pca_4: 0.12114135774135708 , std 0.2418028668880758 
2023-04-21 12:13:26,113 INFO p_pca_5: 0.13613923405455491 , std 0.2542482766060715 
2023-04-21 12:13:26,113 INFO p_pca_6: 0.15036148428443755 , std 0.2568464514269259 
2023-04-21 12:13:26,113 INFO p_pca_7: 0.1842138636867443 , std 0.2805184709245907 
2023-04-21 12:13:26,113 INFO p_pca_8: 0.18670093022028078 , std 0.27268624126171737 
2023-04-21 12:13:26,114 INFO p_pca_9: 0.2105080061956766 , std 0.2832417161187877 
2023-04-21 12:13:26,114 INFO p_pca_10: 0.2358708564399459 , std 0.29590390725458343 
2023-04-21 12:13:26,114 INFO pca_explained_1: 0.5810261166564196 , std 0.10502686234217423 
2023-04-21 12:13:26,114 INFO pca_explained_2: 0.7071492427237787 , std 0.08301662780667633 
2023-04-21 12:13:26,114 INFO pca_explained_3: 0.7783951381015694 , std 0.06843693641541435 
2023-04-21 12:13:26,114 INFO pca_explained_4: 0.8271494916113085 , std 0.05728545569444316 
2023-04-21 12:13:26,114 INFO pca_explained_5: 0.8630502636773384 , std 0.048196693143677284 
2023-04-21 12:13:26,114 INFO pca_explained_6: 0.8904835056908884 , std 0.04084199866578263 
2023-04-21 12:13:26,114 INFO pca_explained_7: 0.9121379779086901 , std 0.034617345149059495 
2023-04-21 12:13:26,114 INFO pca_explained_8: 0.9294320733181443 , std 0.02934215061925305 
2023-04-21 12:13:26,114 INFO pca_explained_9: 0.9434631472839284 , std 0.024858540353448786 
2023-04-21 12:13:26,114 INFO pca_explained_10: 0.9548566423071931 , std 0.021107831407102533 
