2023-05-11 12:58:38,844 INFO Predictions loaded...
2023-05-11 12:58:38,845 INFO quarter 2017-01-01 2017-03-31
2023-05-11 12:59:33,129 INFO quarter 2017-01-01 2017-03-31 results
2023-05-11 12:59:33,129 INFO average profit --- -5.33260257691461e-05 --- std: 9.816497577750128e-05 --- -0.533260257691461 bps
2023-05-11 12:59:33,130 INFO sum profit --- -0.003306213597687058 --- -33.06213597687058 bps
2023-05-11 12:59:33,130 INFO annualized profit --- -0.013331506442286525 --- -133.31506442286525 bps
2023-05-11 12:59:33,130 INFO quarter 2017-04-01 2017-06-30
2023-05-11 13:00:15,553 INFO quarter 2017-04-01 2017-06-30 results
2023-05-11 13:00:15,554 INFO average profit --- -5.301934496112776e-05 --- std: 9.513303617022666e-05 --- -0.5301934496112776 bps
2023-05-11 13:00:15,554 INFO sum profit --- -0.0033402187325510487 --- -33.40218732551049 bps
2023-05-11 13:00:15,554 INFO annualized profit --- -0.01325483624028194 --- -132.54836240281938 bps
2023-05-11 13:00:15,554 INFO quarter 2017-07-01 2017-09-30
2023-05-11 13:00:56,182 INFO quarter 2017-07-01 2017-09-30 results
2023-05-11 13:00:56,183 INFO average profit --- -5.5006870955052885e-05 --- std: 0.00013031570954072534 --- -0.5500687095505289 bps
2023-05-11 13:00:56,183 INFO sum profit --- -0.003410425999213279 --- -34.10425999213279 bps
2023-05-11 13:00:56,183 INFO annualized profit --- -0.01375171773876322 --- -137.51717738763222 bps
2023-05-11 13:00:56,183 INFO quarter 2017-10-01 2017-12-31
2023-05-11 13:01:36,949 INFO quarter 2017-10-01 2017-12-31 results
2023-05-11 13:01:36,950 INFO average profit --- -0.00029939532937101786 --- std: 0.00012199568358540451 --- -2.9939532937101787 bps
2023-05-11 13:01:36,950 INFO sum profit --- -0.018562510421003108 --- -185.62510421003108 bps
2023-05-11 13:01:36,950 INFO annualized profit --- -0.07484883234275447 --- -748.4883234275446 bps
2023-05-11 13:01:36,950 INFO quarter 2018-01-01 2018-03-31
2023-05-11 13:02:18,918 INFO quarter 2018-01-01 2018-03-31 results
2023-05-11 13:02:18,918 INFO average profit --- -0.00010575390363165429 --- std: 0.0001222651743407993 --- -1.057539036316543 bps
2023-05-11 13:02:18,918 INFO sum profit --- -0.006450988121530912 --- -64.50988121530912 bps
2023-05-11 13:02:18,918 INFO annualized profit --- -0.02643847590791357 --- -264.3847590791357 bps
2023-05-11 13:02:18,918 INFO quarter 2018-04-01 2018-06-30
2023-05-11 13:03:02,720 INFO quarter 2018-04-01 2018-06-30 results
2023-05-11 13:03:02,721 INFO average profit --- -1.2211273702295636e-05 --- std: 9.502575181305484e-05 --- -0.12211273702295636 bps
2023-05-11 13:03:02,721 INFO sum profit --- -0.0007815215169469207 --- -7.815215169469207 bps
2023-05-11 13:03:02,721 INFO annualized profit --- -0.003052818425573909 --- -30.52818425573909 bps
2023-05-11 13:03:02,721 INFO quarter 2018-07-01 2018-09-30
2023-05-11 13:03:44,984 INFO quarter 2018-07-01 2018-09-30 results
2023-05-11 13:03:44,984 INFO average profit --- 3.385035510328422e-05 --- std: 9.22023221489698e-05 --- 0.3385035510328422 bps
2023-05-11 13:03:44,984 INFO sum profit --- 0.0020987220164036214 --- 20.987220164036213 bps
2023-05-11 13:03:44,984 INFO annualized profit --- 0.008462588775821053 --- 84.62588775821054 bps
2023-05-11 13:03:44,984 INFO quarter 2018-10-01 2018-12-31
2023-05-11 13:04:28,107 INFO quarter 2018-10-01 2018-12-31 results
2023-05-11 13:04:28,108 INFO average profit --- 5.619546514531886e-06 --- std: 0.00012047889260534396 --- 0.05619546514531886 bps
2023-05-11 13:04:28,108 INFO sum profit --- 0.00034279233738644503 --- 3.4279233738644503 bps
2023-05-11 13:04:28,108 INFO annualized profit --- 0.0014048866286329716 --- 14.048866286329716 bps
2023-05-11 13:04:28,108 INFO quarter 2019-01-01 2019-03-31
2023-05-11 13:05:09,558 INFO quarter 2019-01-01 2019-03-31 results
2023-05-11 13:05:09,558 INFO average profit --- -6.923474835588411e-06 --- std: 8.994166712741874e-05 --- -0.06923474835588411 bps
2023-05-11 13:05:09,558 INFO sum profit --- -0.00041540849013530466 --- -4.1540849013530465 bps
2023-05-11 13:05:09,558 INFO annualized profit --- -0.0017308687088971027 --- -17.308687088971027 bps
2023-05-11 13:05:09,558 INFO quarter 2019-04-01 2019-06-30
2023-05-11 13:05:52,856 INFO quarter 2019-04-01 2019-06-30 results
2023-05-11 13:05:52,856 INFO average profit --- -3.446103849651524e-05 --- std: 0.00010329437251215582 --- -0.3446103849651524 bps
2023-05-11 13:05:52,856 INFO sum profit --- -0.00217104542528046 --- -21.710454252804603 bps
2023-05-11 13:05:52,856 INFO annualized profit --- -0.008615259624128811 --- -86.15259624128811 bps
2023-05-11 13:05:52,856 INFO quarter 2019-07-01 2019-09-30
2023-05-11 13:06:36,160 INFO quarter 2019-07-01 2019-09-30 results
2023-05-11 13:06:36,160 INFO average profit --- -2.1275400721125535e-05 --- std: 9.612102870017155e-05 --- -0.21275400721125534 bps
2023-05-11 13:06:36,160 INFO sum profit --- -0.0013403502454309086 --- -13.403502454309086 bps
2023-05-11 13:06:36,160 INFO annualized profit --- -0.0053188501802813835 --- -53.18850180281383 bps
2023-05-11 13:06:36,160 INFO quarter 2019-10-01 2019-12-31
2023-05-11 13:07:11,571 INFO quarter 2019-10-01 2019-12-31 results
2023-05-11 13:07:11,571 INFO average profit --- 6.080762658107495e-05 --- std: 0.00010586683467666656 --- 0.6080762658107495 bps
2023-05-11 13:07:11,571 INFO sum profit --- 0.0031619965822158973 --- 31.619965822158974 bps
2023-05-11 13:07:11,571 INFO annualized profit --- 0.015201906645268737 --- 152.01906645268738 bps
2023-05-11 13:07:11,571 INFO overall results
2023-05-11 13:07:11,571 INFO average profit --- -4.649683212758235e-05 --- std: 0.00013772049897372454 --- -0.4649683212758235 bps
2023-05-11 13:07:11,571 INFO sum profit --- -0.03417517161377303 --- -341.7517161377303 bps
2023-05-11 13:07:11,571 INFO annualized profit --- -0.011624208031895587 --- -116.24208031895587 bps
