2023-04-20 01:07:32,409 INFO Experiment: universal_price_impact
2023-04-20 01:07:32,416 INFO Tickers: ['AAPL', 'MSFT', 'AMZN', 'FB', 'BRK.B', 'JPM', 'GOOG', 'GOOGL', 'JNJ', 'V', 'PG', 'XOM', 'BAC', 'T', 'UNH', 'DIS', 'MA', 'INTC', 'VZ', 'HD', 'MRK', 'CVX', 'WFC', 'PFE', 'KO', 'CMCSA', 'CSCO', 'PEP', 'BA', 'C', 'WMT', 'ADBE', 'MDT', 'ABT', 'MCD', 'BMY', 'AMGN', 'CRM', 'NVDA', 'PM', 'NFLX', 'ABBV', 'ACN', 'COST', 'PYPL', 'TMO', 'AVGO', 'HON', 'UNP', 'NKE', 'UTX', 'ORCL', 'IBM', 'TXN', 'NEE', 'LIN', 'SBUX', 'LLY', 'QCOM', 'MMM', 'GE', 'CVS', 'DHR', 'LMT', 'AMT', 'MO', 'LOW', 'USB', 'BKNG', 'AXP', 'FIS', 'GILD', 'UPS', 'CAT', 'MDLZ', 'CHTR', 'TFC', 'ANTM', 'GS', 'CI', 'TJX', 'ADP', 'BDX', 'CME', 'CB', 'PNC', 'COP', 'INTU', 'ISRG', 'D', 'SPGI', 'FISV', 'DUK', 'SYK', 'SO', 'TGT', 'MS', 'BSX', 'AGN', 'RTN']
2023-04-20 02:44:01,211 INFO in_r2: 0.7491776739303397 , std 0.047061972347871094 
2023-04-20 02:44:01,211 INFO os_r2: 0.7400944903261235 , std 0.051001559076680546 
2023-04-20 02:44:01,211 INFO intercept: -6.001909440435656e-08 , std 2.4407643226678588e-06 
2023-04-20 02:44:01,211 INFO ofi_1: 8.59292707702705e-05 , std 5.1854174645274325e-05 
2023-04-20 02:44:01,211 INFO ofi_2: 7.785176622064785e-05 , std 4.4420519775410604e-05 
2023-04-20 02:44:01,211 INFO ofi_3: 8.738680824782451e-05 , std 2.375759345451975e-05 
2023-04-20 02:44:01,211 INFO ofi_4: 6.752458154553895e-05 , std 1.9789899807276337e-05 
2023-04-20 02:44:01,211 INFO ofi_5: 5.255129013411215e-05 , std 1.898130010201897e-05 
2023-04-20 02:44:01,211 INFO ofi_6: 3.80009641661922e-05 , std 1.9667171825671303e-05 
2023-04-20 02:44:01,211 INFO ofi_7: 2.0189018018493933e-05 , std 1.9334584142666284e-05 
2023-04-20 02:44:01,211 INFO ofi_8: 1.5911333937788795e-05 , std 1.9891665532643332e-05 
2023-04-20 02:44:01,211 INFO ofi_9: -9.893249926461904e-07 , std 3.3664727118376e-05 
2023-04-20 02:44:01,211 INFO t_intercept: -0.03613494922666704 , std 2.093457304730508 
2023-04-20 02:44:01,211 INFO t_ofi_1: 21.342364813123087 , std 10.841971351994589 
2023-04-20 02:44:01,211 INFO t_ofi_2: 13.223524352312383 , std 7.226169813996081 
2023-04-20 02:44:01,211 INFO t_ofi_3: 13.452663166605609 , std 3.6722384076429275 
2023-04-20 02:44:01,211 INFO t_ofi_4: 10.16101527711467 , std 3.007618968806194 
2023-04-20 02:44:01,211 INFO t_ofi_5: 7.523863444931309 , std 2.6335235772586167 
2023-04-20 02:44:01,211 INFO t_ofi_6: 5.191546983754175 , std 2.492096325630743 
2023-04-20 02:44:01,211 INFO t_ofi_7: 2.5519204884307594 , std 2.238290869796858 
2023-04-20 02:44:01,211 INFO t_ofi_8: 1.954781998825007 , std 2.240024599357957 
2023-04-20 02:44:01,211 INFO t_ofi_9: -0.37483055653389896 , std 4.570343538751652 
2023-04-20 02:44:01,212 INFO p_intercept: 0.3054675284063061 , std 0.30660320064457514 
2023-04-20 02:44:01,212 INFO p_ofi_1: 0.010232954660324107 , std 0.07628648633820317 
2023-04-20 02:44:01,212 INFO p_ofi_2: 0.016460597820850412 , std 0.09645641455731012 
2023-04-20 02:44:01,212 INFO p_ofi_3: 0.0004827994095181549 , std 0.017629882694629336 
2023-04-20 02:44:01,212 INFO p_ofi_4: 0.0012677338585332526 , std 0.023685833855870198 
2023-04-20 02:44:01,212 INFO p_ofi_5: 0.005099275345614714 , std 0.05018620899268919 
2023-04-20 02:44:01,212 INFO p_ofi_6: 0.026780739370345724 , std 0.11351295360044054 
2023-04-20 02:44:01,212 INFO p_ofi_7: 0.14359809275238067 , std 0.24666892574473387 
2023-04-20 02:44:01,212 INFO p_ofi_8: 0.19002559211400125 , std 0.27398816036998797 
2023-04-20 02:44:01,212 INFO p_ofi_9: 0.13396212964108706 , std 0.24355505785154835 
2023-04-20 02:44:01,214 INFO AAPL, MSFT, AMZN, FB, BRK.B ... --- INS : 0.7491776739303397 --- OOS : 0.7400944903261235
