2023-05-13 12:24:20,085 INFO Starting...
2023-05-13 12:24:20,085 INFO Tickers: ['CB']
2023-05-13 12:24:21,309 INFO in_r2: 0.8192220502869926 , std 0.08960410419838852 
2023-05-13 12:24:21,309 INFO os_r2: 0.6805885607954807 , std 0.6889202909511069 
2023-05-13 12:24:21,309 INFO intercept: 5.247471676379394e-08 , std 1.0670001000245362e-05 
2023-05-13 12:24:21,309 INFO ofi_add_1: 0.00012265658296888295 , std 0.0001098250161881405 
2023-05-13 12:24:21,309 INFO ofi_add_2: 0.00011627003529554867 , std 0.0001024299749805974 
2023-05-13 12:24:21,309 INFO ofi_add_3: 6.952104083593315e-05 , std 0.00010026947458399267 
2023-05-13 12:24:21,309 INFO ofi_add_4: 5.0854371082468096e-05 , std 0.00011228281655009252 
2023-05-13 12:24:21,309 INFO ofi_add_5: 4.6697924097439964e-05 , std 0.00014114979933840336 
2023-05-13 12:24:21,309 INFO ofi_add_6: 4.7113995910429436e-05 , std 0.00013139686245812847 
2023-05-13 12:24:21,309 INFO ofi_add_7: 7.47772526089418e-05 , std 0.00012308932846692917 
2023-05-13 12:24:21,309 INFO ofi_cancel_1: 0.00014924099023718858 , std 0.0001290626828954305 
2023-05-13 12:24:21,309 INFO ofi_cancel_2: 0.00012713261490673462 , std 0.00011519200914099265 
2023-05-13 12:24:21,309 INFO ofi_cancel_3: 6.564403602765076e-05 , std 0.00010672935412026072 
2023-05-13 12:24:21,309 INFO ofi_cancel_4: 4.37812496079597e-05 , std 0.00011375176301852239 
2023-05-13 12:24:21,309 INFO ofi_cancel_5: 3.865320362721893e-05 , std 0.0001457981137983738 
2023-05-13 12:24:21,310 INFO ofi_cancel_6: 3.98160773516479e-05 , std 0.0001376417618407876 
2023-05-13 12:24:21,310 INFO ofi_cancel_7: 7.592508473297453e-05 , std 0.00012856068424219258 
2023-05-13 12:24:21,310 INFO ofi_trade_1: 0.00016583831899669732 , std 0.00024598497200013813 
2023-05-13 12:24:21,310 INFO ofi_trade_2: 0.00010420831862363299 , std 0.00023844069953359563 
2023-05-13 12:24:21,310 INFO ofi_trade_3: 5.888044197818878e-05 , std 0.0002498954540317747 
2023-05-13 12:24:21,310 INFO ofi_trade_4: 4.04762301268247e-05 , std 0.000262251248406138 
2023-05-13 12:24:21,310 INFO ofi_trade_5: 9.33213272193361e-05 , std 0.000297796583808458 
2023-05-13 12:24:21,310 INFO ofi_trade_6: 0.00011555173276766975 , std 0.0003131387037763197 
2023-05-13 12:24:21,310 INFO ofi_trade_7: 0.00019645757927835055 , std 0.0003237420927066782 
2023-05-13 12:24:21,310 INFO t_intercept: 0.015145675679571693 , std 1.0281440057057811 
2023-05-13 12:24:21,310 INFO t_ofi_add_1: 2.892333250492295 , std 1.5517961084278655 
2023-05-13 12:24:21,310 INFO t_ofi_add_2: 2.5182976639680184 , std 1.4502168293799622 
2023-05-13 12:24:21,310 INFO t_ofi_add_3: 1.5423813557228059 , std 1.3358624914415773 
2023-05-13 12:24:21,310 INFO t_ofi_add_4: 1.006723464076124 , std 1.3282580079193058 
2023-05-13 12:24:21,310 INFO t_ofi_add_5: 0.812942646336627 , std 1.3090017016251236 
2023-05-13 12:24:21,310 INFO t_ofi_add_6: 0.698978626400427 , std 1.2842442164685 
2023-05-13 12:24:21,310 INFO t_ofi_add_7: 1.3317498386989195 , std 1.451344497312769 
2023-05-13 12:24:21,310 INFO t_ofi_cancel_1: 2.9095647357560823 , std 1.5375092433692172 
2023-05-13 12:24:21,310 INFO t_ofi_cancel_2: 2.590438125301416 , std 1.461083169866348 
2023-05-13 12:24:21,310 INFO t_ofi_cancel_3: 1.371498775947101 , std 1.3557092336513834 
2023-05-13 12:24:21,310 INFO t_ofi_cancel_4: 0.8196035832865052 , std 1.3129532279111495 
2023-05-13 12:24:21,310 INFO t_ofi_cancel_5: 0.6452632424467183 , std 1.3031322488859476 
2023-05-13 12:24:21,310 INFO t_ofi_cancel_6: 0.5306379121177248 , std 1.2760329479935866 
2023-05-13 12:24:21,310 INFO t_ofi_cancel_7: 1.2577746045625098 , std 1.4456897122260741 
2023-05-13 12:24:21,310 INFO t_ofi_trade_1: 1.501005349664087 , std 1.463357337035192 
2023-05-13 12:24:21,311 INFO t_ofi_trade_2: 0.8676628164899721 , std 1.3755213439242933 
2023-05-13 12:24:21,311 INFO t_ofi_trade_3: 0.5416252778556794 , std 1.3473779664008925 
2023-05-13 12:24:21,311 INFO t_ofi_trade_4: 0.434609879126746 , std 1.3491800763436492 
2023-05-13 12:24:21,311 INFO t_ofi_trade_5: 0.6504477056961625 , std 1.358173619396519 
2023-05-13 12:24:21,311 INFO t_ofi_trade_6: 0.8172285567204127 , std 1.424863069699399 
2023-05-13 12:24:21,311 INFO t_ofi_trade_7: 1.3760566569581385 , std 1.4753380871824051 
2023-05-13 12:24:21,311 INFO Grouping by ofi type:
2023-05-13 12:24:21,311 INFO add: 10.803406845695218
2023-05-13 12:24:21,311 INFO cancel: 10.124780979418057
2023-05-13 12:24:21,311 INFO trade: 6.1886362425111985
2023-05-13 12:24:21,311 INFO Grouping by level:
2023-05-13 12:24:21,311 INFO 1: 7.302903335912465
2023-05-13 12:24:21,311 INFO 2: 5.976398605759407
2023-05-13 12:24:21,311 INFO 3: 3.4555054095255864
2023-05-13 12:24:21,311 INFO 4: 2.260936926489375
2023-05-13 12:24:21,311 INFO 5: 2.1086535944795077
2023-05-13 12:24:21,312 INFO 6: 2.046845095238565
2023-05-13 12:24:21,312 INFO 7: 3.965581100219568
2023-05-13 12:24:21,312 INFO Non empty regressions: 1.0 --- 2229 / 2229
