2023-05-13 12:24:18,831 INFO Starting...
2023-05-13 12:24:18,831 INFO Tickers: ['CME']
2023-05-13 12:24:20,080 INFO in_r2: 0.8395906192710129 , std 0.07348627500659576 
2023-05-13 12:24:20,080 INFO os_r2: 0.6848092445520513 , std 0.7168049541895714 
2023-05-13 12:24:20,080 INFO intercept: 6.807660598288748e-08 , std 1.0244626000165481e-05 
2023-05-13 12:24:20,080 INFO ofi_add_1: 7.646612239401668e-05 , std 6.006990939581001e-05 
2023-05-13 12:24:20,080 INFO ofi_add_2: 9.104520406476423e-05 , std 7.176937841168715e-05 
2023-05-13 12:24:20,080 INFO ofi_add_3: 7.658988663131e-05 , std 7.490530328967816e-05 
2023-05-13 12:24:20,080 INFO ofi_add_4: 4.55544223822261e-05 , std 7.780744768501034e-05 
2023-05-13 12:24:20,081 INFO ofi_add_5: 3.425072882992124e-05 , std 8.108140179587623e-05 
2023-05-13 12:24:20,081 INFO ofi_add_6: 3.174369169601214e-05 , std 9.144842325728078e-05 
2023-05-13 12:24:20,081 INFO ofi_add_7: 6.693440031286629e-05 , std 8.774600638677227e-05 
2023-05-13 12:24:20,081 INFO ofi_cancel_1: 0.00010910387138978356 , std 8.410674001028764e-05 
2023-05-13 12:24:20,081 INFO ofi_cancel_2: 0.00010407506087542086 , std 7.614617366945241e-05 
2023-05-13 12:24:20,081 INFO ofi_cancel_3: 7.432938303694638e-05 , std 7.812755629411631e-05 
2023-05-13 12:24:20,081 INFO ofi_cancel_4: 4.204698387365131e-05 , std 8.134553870675619e-05 
2023-05-13 12:24:20,081 INFO ofi_cancel_5: 2.7608419998337636e-05 , std 8.644373689884454e-05 
2023-05-13 12:24:20,081 INFO ofi_cancel_6: 2.1265694969669822e-05 , std 9.383266242104179e-05 
2023-05-13 12:24:20,081 INFO ofi_cancel_7: 6.025789795069979e-05 , std 9.071293002463789e-05 
2023-05-13 12:24:20,081 INFO ofi_trade_1: 0.0001440249457478209 , std 0.00017394307651028012 
2023-05-13 12:24:20,081 INFO ofi_trade_2: 7.758001510409083e-05 , std 0.00016736342607829324 
2023-05-13 12:24:20,081 INFO ofi_trade_3: 7.270624849791195e-05 , std 0.00017213267533259955 
2023-05-13 12:24:20,081 INFO ofi_trade_4: 5.4251036436751504e-05 , std 0.00017343569216215227 
2023-05-13 12:24:20,081 INFO ofi_trade_5: 5.4853751295594914e-05 , std 0.00019456386160346365 
2023-05-13 12:24:20,081 INFO ofi_trade_6: 7.500933057410643e-05 , std 0.00020323990146549822 
2023-05-13 12:24:20,081 INFO ofi_trade_7: 0.00016519876133361375 , std 0.0002219477362871052 
2023-05-13 12:24:20,081 INFO t_intercept: 0.0037746888110411696 , std 1.0680462249620777 
2023-05-13 12:24:20,081 INFO t_ofi_add_1: 2.4197853518491907 , std 1.6234270522732557 
2023-05-13 12:24:20,081 INFO t_ofi_add_2: 2.260781560334691 , std 1.4976004748526017 
2023-05-13 12:24:20,081 INFO t_ofi_add_3: 1.7109938064777876 , std 1.3993458470079942 
2023-05-13 12:24:20,081 INFO t_ofi_add_4: 0.9737564453856009 , std 1.3469772123086485 
2023-05-13 12:24:20,081 INFO t_ofi_add_5: 0.7172464619391234 , std 1.2939871719195128 
2023-05-13 12:24:20,081 INFO t_ofi_add_6: 0.6108258769921618 , std 1.3130653092477294 
2023-05-13 12:24:20,081 INFO t_ofi_add_7: 1.4294553024741616 , std 1.4854317019335646 
2023-05-13 12:24:20,081 INFO t_ofi_cancel_1: 2.522442240352973 , std 1.4960998647615849 
2023-05-13 12:24:20,081 INFO t_ofi_cancel_2: 2.425277134242325 , std 1.4611073731098412 
2023-05-13 12:24:20,081 INFO t_ofi_cancel_3: 1.5887717553876597 , std 1.4009062954519373 
2023-05-13 12:24:20,081 INFO t_ofi_cancel_4: 0.8671161971067985 , std 1.3691833983667925 
2023-05-13 12:24:20,081 INFO t_ofi_cancel_5: 0.5560575246948163 , std 1.2955480474973633 
2023-05-13 12:24:20,081 INFO t_ofi_cancel_6: 0.38557467967712933 , std 1.314924758571938 
2023-05-13 12:24:20,082 INFO t_ofi_cancel_7: 1.1891475771024997 , std 1.4462849199384582 
2023-05-13 12:24:20,082 INFO t_ofi_trade_1: 1.749060492161649 , std 1.6525427984040004 
2023-05-13 12:24:20,082 INFO t_ofi_trade_2: 0.9121933082908253 , std 1.5335903161553956 
2023-05-13 12:24:20,082 INFO t_ofi_trade_3: 0.8087405360981565 , std 1.4806852635238743 
2023-05-13 12:24:20,082 INFO t_ofi_trade_4: 0.6025709123623958 , std 1.4296293767826256 
2023-05-13 12:24:20,082 INFO t_ofi_trade_5: 0.5725847356198089 , std 1.4642758952428905 
2023-05-13 12:24:20,082 INFO t_ofi_trade_6: 0.6997029479732043 , std 1.4523188408236336 
2023-05-13 12:24:20,082 INFO t_ofi_trade_7: 1.5411570630734897 , std 1.564596113724433 
2023-05-13 12:24:20,082 INFO Grouping by ofi type:
2023-05-13 12:24:20,082 INFO add: 10.122844805452718
2023-05-13 12:24:20,082 INFO cancel: 9.534387108564202
2023-05-13 12:24:20,082 INFO trade: 6.886009995579529
2023-05-13 12:24:20,082 INFO Grouping by level:
2023-05-13 12:24:20,082 INFO 1: 6.691288084363813
2023-05-13 12:24:20,082 INFO 2: 5.598252002867841
2023-05-13 12:24:20,082 INFO 3: 4.108506097963604
2023-05-13 12:24:20,082 INFO 4: 2.4434435548547953
2023-05-13 12:24:20,083 INFO 5: 1.8458887222537488
2023-05-13 12:24:20,083 INFO 6: 1.6961035046424955
2023-05-13 12:24:20,083 INFO 7: 4.159759942650151
2023-05-13 12:24:20,083 INFO Non empty regressions: 1.0 --- 2751 / 2751
