2023-05-13 12:23:28,852 INFO Starting...
2023-05-13 12:23:28,852 INFO Tickers: ['COST']
2023-05-13 12:23:30,171 INFO in_r2: 0.8505047013016377 , std 0.05666336955588971 
2023-05-13 12:23:30,171 INFO os_r2: 0.7230539967996106 , std 1.070889823822764 
2023-05-13 12:23:30,171 INFO intercept: 3.932944413756258e-07 , std 7.889817755203558e-06 
2023-05-13 12:23:30,171 INFO ofi_add_1: 6.088120397523349e-05 , std 4.828723691247712e-05 
2023-05-13 12:23:30,171 INFO ofi_add_2: 7.291153036692875e-05 , std 5.179139005718393e-05 
2023-05-13 12:23:30,171 INFO ofi_add_3: 5.7067901416870605e-05 , std 5.140160690034017e-05 
2023-05-13 12:23:30,171 INFO ofi_add_4: 3.7610302141570566e-05 , std 4.9697984016626715e-05 
2023-05-13 12:23:30,171 INFO ofi_add_5: 2.633615474313244e-05 , std 4.913202524819366e-05 
2023-05-13 12:23:30,172 INFO ofi_add_6: 2.3781736063812364e-05 , std 4.897373251650793e-05 
2023-05-13 12:23:30,172 INFO ofi_add_7: 4.97341587539287e-05 , std 4.905073429305675e-05 
2023-05-13 12:23:30,172 INFO ofi_cancel_1: 8.022423136570684e-05 , std 6.454499791537732e-05 
2023-05-13 12:23:30,172 INFO ofi_cancel_2: 8.079599626414921e-05 , std 5.568459253650071e-05 
2023-05-13 12:23:30,172 INFO ofi_cancel_3: 5.6767959289758876e-05 , std 5.300405687118315e-05 
2023-05-13 12:23:30,172 INFO ofi_cancel_4: 3.624685716797054e-05 , std 5.2504669144870384e-05 
2023-05-13 12:23:30,172 INFO ofi_cancel_5: 2.2668393321219904e-05 , std 5.119385736367162e-05 
2023-05-13 12:23:30,172 INFO ofi_cancel_6: 1.817779327121981e-05 , std 5.0906282416715106e-05 
2023-05-13 12:23:30,172 INFO ofi_cancel_7: 4.373434754747744e-05 , std 5.14747458223958e-05 
2023-05-13 12:23:30,172 INFO ofi_trade_1: 7.669257310777928e-05 , std 0.0001120165360293871 
2023-05-13 12:23:30,172 INFO ofi_trade_2: 6.672464848498338e-05 , std 0.00010642135771871679 
2023-05-13 12:23:30,172 INFO ofi_trade_3: 6.0283326651173374e-05 , std 0.00010603346019814624 
2023-05-13 12:23:30,172 INFO ofi_trade_4: 4.5931327945087466e-05 , std 0.00010438869841924711 
2023-05-13 12:23:30,172 INFO ofi_trade_5: 4.3364696942677174e-05 , std 0.00010450817704654291 
2023-05-13 12:23:30,172 INFO ofi_trade_6: 4.7795983782395044e-05 , std 0.00010384543245031103 
2023-05-13 12:23:30,172 INFO ofi_trade_7: 9.246673374616213e-05 , std 0.00010591812324413754 
2023-05-13 12:23:30,172 INFO t_intercept: 0.014408603097489347 , std 1.071084015179428 
2023-05-13 12:23:30,172 INFO t_ofi_add_1: 2.1687523951068823 , std 1.5714617151176034 
2023-05-13 12:23:30,172 INFO t_ofi_add_2: 2.1655737393799517 , std 1.3786474114612055 
2023-05-13 12:23:30,172 INFO t_ofi_add_3: 1.6072710728939155 , std 1.3322227815963625 
2023-05-13 12:23:30,172 INFO t_ofi_add_4: 1.0725111430149832 , std 1.2775037484676335 
2023-05-13 12:23:30,172 INFO t_ofi_add_5: 0.7717627473258145 , std 1.2508657387181954 
2023-05-13 12:23:30,172 INFO t_ofi_add_6: 0.6787145910841982 , std 1.2338571534167364 
2023-05-13 12:23:30,172 INFO t_ofi_add_7: 1.6543458987600699 , std 1.419347474387307 
2023-05-13 12:23:30,172 INFO t_ofi_cancel_1: 2.168326086867073 , std 1.4897764993189218 
2023-05-13 12:23:30,172 INFO t_ofi_cancel_2: 2.282489542673304 , std 1.4055418221413571 
2023-05-13 12:23:30,172 INFO t_ofi_cancel_3: 1.5224098802024881 , std 1.3189492206544866 
2023-05-13 12:23:30,172 INFO t_ofi_cancel_4: 0.9740711113980832 , std 1.2897378124278576 
2023-05-13 12:23:30,172 INFO t_ofi_cancel_5: 0.6281279927761152 , std 1.2487067725807437 
2023-05-13 12:23:30,172 INFO t_ofi_cancel_6: 0.48391832977777643 , std 1.228605602249473 
2023-05-13 12:23:30,172 INFO t_ofi_cancel_7: 1.3536894960486483 , std 1.4284306212635518 
2023-05-13 12:23:30,172 INFO t_ofi_trade_1: 1.2237867403031866 , std 1.538358480816206 
2023-05-13 12:23:30,173 INFO t_ofi_trade_2: 0.998584207650477 , std 1.4024748426549312 
2023-05-13 12:23:30,173 INFO t_ofi_trade_3: 0.9149741609484418 , std 1.372253902498408 
2023-05-13 12:23:30,173 INFO t_ofi_trade_4: 0.7468391013455061 , std 1.3613051954871231 
2023-05-13 12:23:30,173 INFO t_ofi_trade_5: 0.6967313402034181 , std 1.3493150240423122 
2023-05-13 12:23:30,173 INFO t_ofi_trade_6: 0.7392645774759219 , std 1.3714692701312505 
2023-05-13 12:23:30,173 INFO t_ofi_trade_7: 1.577838880944132 , std 1.4647709388736694 
2023-05-13 12:23:30,173 INFO Grouping by ofi type:
2023-05-13 12:23:30,173 INFO add: 10.118931587565816
2023-05-13 12:23:30,173 INFO cancel: 9.413032439743489
2023-05-13 12:23:30,173 INFO trade: 6.898019008871083
2023-05-13 12:23:30,173 INFO Grouping by level:
2023-05-13 12:23:30,174 INFO 1: 5.560865222277142
2023-05-13 12:23:30,174 INFO 2: 5.446647489703732
2023-05-13 12:23:30,174 INFO 3: 4.044655114044845
2023-05-13 12:23:30,174 INFO 4: 2.7934213557585728
2023-05-13 12:23:30,174 INFO 5: 2.0966220803053477
2023-05-13 12:23:30,174 INFO 6: 1.9018974983378965
2023-05-13 12:23:30,174 INFO 7: 4.58587427575285
2023-05-13 12:23:30,174 INFO Non empty regressions: 1.0 --- 5304 / 5304
