2023-05-13 12:23:20,705 INFO Starting...
2023-05-13 12:23:20,705 INFO Tickers: ['CRM']
2023-05-13 12:23:22,074 INFO in_r2: 0.8862922882167564 , std 0.056713168435836805 
2023-05-13 12:23:22,074 INFO os_r2: 0.8202925859523201 , std 0.1476522464862407 
2023-05-13 12:23:22,074 INFO intercept: 1.1821089955010435e-07 , std 1.033034769911665e-05 
2023-05-13 12:23:22,074 INFO ofi_add_1: 9.17916178590546e-05 , std 6.796810175891477e-05 
2023-05-13 12:23:22,074 INFO ofi_add_2: 0.00010720755055180718 , std 6.924272501230465e-05 
2023-05-13 12:23:22,074 INFO ofi_add_3: 7.717127222434441e-05 , std 6.733842689605922e-05 
2023-05-13 12:23:22,074 INFO ofi_add_4: 5.761816830765911e-05 , std 6.862192129033995e-05 
2023-05-13 12:23:22,074 INFO ofi_add_5: 4.68689412365206e-05 , std 7.002776165039266e-05 
2023-05-13 12:23:22,074 INFO ofi_add_6: 4.412759337984713e-05 , std 7.128866707597332e-05 
2023-05-13 12:23:22,074 INFO ofi_add_7: 8.043005710745519e-05 , std 6.850792387419628e-05 
2023-05-13 12:23:22,074 INFO ofi_cancel_1: 0.00010565635234751178 , std 7.815560144238895e-05 
2023-05-13 12:23:22,074 INFO ofi_cancel_2: 0.00011618199474783958 , std 7.200385007021246e-05 
2023-05-13 12:23:22,074 INFO ofi_cancel_3: 7.549130592108462e-05 , std 7.025111432428691e-05 
2023-05-13 12:23:22,074 INFO ofi_cancel_4: 5.306263683063311e-05 , std 7.147623763491742e-05 
2023-05-13 12:23:22,074 INFO ofi_cancel_5: 4.177016889517158e-05 , std 7.289853510458336e-05 
2023-05-13 12:23:22,074 INFO ofi_cancel_6: 3.8388741996538416e-05 , std 7.480735083859932e-05 
2023-05-13 12:23:22,074 INFO ofi_cancel_7: 7.495220452357986e-05 , std 7.089620790122753e-05 
2023-05-13 12:23:22,074 INFO ofi_trade_1: 8.167034584772156e-05 , std 0.0001446730209402723 
2023-05-13 12:23:22,074 INFO ofi_trade_2: 0.00010054439910769319 , std 0.00013897840092181143 
2023-05-13 12:23:22,074 INFO ofi_trade_3: 6.848592812650253e-05 , std 0.00013053400988873853 
2023-05-13 12:23:22,074 INFO ofi_trade_4: 6.129986599621363e-05 , std 0.0001318215571215341 
2023-05-13 12:23:22,074 INFO ofi_trade_5: 6.040344312904079e-05 , std 0.00012822907664545785 
2023-05-13 12:23:22,074 INFO ofi_trade_6: 7.003720681124805e-05 , std 0.0001310835705392668 
2023-05-13 12:23:22,074 INFO ofi_trade_7: 0.00012155332374086755 , std 0.000130722574190055 
2023-05-13 12:23:22,074 INFO t_intercept: 0.027372679715990587 , std 1.0499434805924803 
2023-05-13 12:23:22,074 INFO t_ofi_add_1: 2.362645772920773 , std 1.442198187576898 
2023-05-13 12:23:22,074 INFO t_ofi_add_2: 2.3852204325300757 , std 1.3635339666430666 
2023-05-13 12:23:22,074 INFO t_ofi_add_3: 1.6287569179455126 , std 1.285366895493674 
2023-05-13 12:23:22,074 INFO t_ofi_add_4: 1.1997204131084258 , std 1.2873295993967728 
2023-05-13 12:23:22,074 INFO t_ofi_add_5: 0.9434356021884693 , std 1.2512002070541344 
2023-05-13 12:23:22,074 INFO t_ofi_add_6: 0.9048762749055433 , std 1.2862987012705578 
2023-05-13 12:23:22,074 INFO t_ofi_add_7: 1.9207820013098376 , std 1.4589013563912478 
2023-05-13 12:23:22,074 INFO t_ofi_cancel_1: 2.327740537627284 , std 1.424248464854879 
2023-05-13 12:23:22,074 INFO t_ofi_cancel_2: 2.4879641967321344 , std 1.3450646704401465 
2023-05-13 12:23:22,074 INFO t_ofi_cancel_3: 1.5244742819048398 , std 1.2869470328330999 
2023-05-13 12:23:22,074 INFO t_ofi_cancel_4: 1.049424938570488 , std 1.272806686579169 
2023-05-13 12:23:22,074 INFO t_ofi_cancel_5: 0.7957653468940233 , std 1.238031339187565 
2023-05-13 12:23:22,074 INFO t_ofi_cancel_6: 0.7319016594432364 , std 1.27257826227105 
2023-05-13 12:23:22,074 INFO t_ofi_cancel_7: 1.674778796647192 , std 1.4270588696281405 
2023-05-13 12:23:22,074 INFO t_ofi_trade_1: 0.9372550116915603 , std 1.3897800534587323 
2023-05-13 12:23:22,074 INFO t_ofi_trade_2: 1.1094426919590465 , std 1.3222200137552629 
2023-05-13 12:23:22,074 INFO t_ofi_trade_3: 0.8265854750267689 , std 1.2918429802203275 
2023-05-13 12:23:22,074 INFO t_ofi_trade_4: 0.7427328715159127 , std 1.2785990806139997 
2023-05-13 12:23:22,075 INFO t_ofi_trade_5: 0.702761127344428 , std 1.2430200902375967 
2023-05-13 12:23:22,075 INFO t_ofi_trade_6: 0.8206908430167066 , std 1.2669251140040307 
2023-05-13 12:23:22,075 INFO t_ofi_trade_7: 1.5025698250440362 , std 1.331440259781161 
2023-05-13 12:23:22,076 INFO Grouping by ofi type:
2023-05-13 12:23:22,076 INFO add: 11.345437414908638
2023-05-13 12:23:22,076 INFO cancel: 10.592049757819199
2023-05-13 12:23:22,076 INFO trade: 6.642037845598459
2023-05-13 12:23:22,076 INFO Grouping by level:
2023-05-13 12:23:22,076 INFO 1: 5.627641322239617
2023-05-13 12:23:22,076 INFO 2: 5.982627321221257
2023-05-13 12:23:22,076 INFO 3: 3.979816674877121
2023-05-13 12:23:22,076 INFO 4: 2.991878223194827
2023-05-13 12:23:22,076 INFO 5: 2.4419620764269205
2023-05-13 12:23:22,076 INFO 6: 2.457468777365486
2023-05-13 12:23:22,076 INFO 7: 5.098130623001066
2023-05-13 12:23:22,076 INFO Non empty regressions: 1.0 --- 6534 / 6534
