2023-05-13 12:24:28,479 INFO Starting...
2023-05-13 12:24:28,479 INFO Tickers: ['FISV']
2023-05-13 12:24:29,779 INFO in_r2: 0.9103460030113804 , std 0.05638899884901091 
2023-05-13 12:24:29,779 INFO os_r2: 0.8474622474575888 , std 0.16025811379583632 
2023-05-13 12:24:29,779 INFO intercept: -4.991646821540558e-09 , std 7.818032665912998e-06 
2023-05-13 12:24:29,779 INFO ofi_add_1: 8.070221371209895e-05 , std 6.59160186453475e-05 
2023-05-13 12:24:29,779 INFO ofi_add_2: 9.796049870601021e-05 , std 6.648785771210426e-05 
2023-05-13 12:24:29,779 INFO ofi_add_3: 8.630932775318737e-05 , std 6.942576217570956e-05 
2023-05-13 12:24:29,779 INFO ofi_add_4: 7.42543698025819e-05 , std 6.97442425949411e-05 
2023-05-13 12:24:29,779 INFO ofi_add_5: 6.606144411863959e-05 , std 7.233720160004889e-05 
2023-05-13 12:24:29,779 INFO ofi_add_6: 6.242904286810225e-05 , std 7.756914187420493e-05 
2023-05-13 12:24:29,779 INFO ofi_add_7: 9.669846667650111e-05 , std 7.62887888419606e-05 
2023-05-13 12:24:29,779 INFO ofi_cancel_1: 9.267136063874892e-05 , std 8.18108228120798e-05 
2023-05-13 12:24:29,780 INFO ofi_cancel_2: 0.00010699825995588538 , std 7.308522304267317e-05 
2023-05-13 12:24:29,780 INFO ofi_cancel_3: 8.528806721385404e-05 , std 7.461378580128583e-05 
2023-05-13 12:24:29,780 INFO ofi_cancel_4: 6.987683240657176e-05 , std 7.549052545630337e-05 
2023-05-13 12:24:29,780 INFO ofi_cancel_5: 5.9909988834500195e-05 , std 7.771755147251315e-05 
2023-05-13 12:24:29,780 INFO ofi_cancel_6: 5.687158390308213e-05 , std 8.437300654498881e-05 
2023-05-13 12:24:29,780 INFO ofi_cancel_7: 9.831741740166672e-05 , std 8.23125784794763e-05 
2023-05-13 12:24:29,780 INFO ofi_trade_1: 0.00012747833397682727 , std 0.0001680615216222886 
2023-05-13 12:24:29,780 INFO ofi_trade_2: 8.941280609774346e-05 , std 0.00013109805614428704 
2023-05-13 12:24:29,780 INFO ofi_trade_3: 8.077819725371589e-05 , std 0.00013447745503835412 
2023-05-13 12:24:29,780 INFO ofi_trade_4: 7.146819968671627e-05 , std 0.00013495737659915692 
2023-05-13 12:24:29,780 INFO ofi_trade_5: 8.354951125174787e-05 , std 0.000149941371034023 
2023-05-13 12:24:29,780 INFO ofi_trade_6: 8.988738224559234e-05 , std 0.00016051176081692574 
2023-05-13 12:24:29,780 INFO ofi_trade_7: 0.000154745741048485 , std 0.00016291436749099386 
2023-05-13 12:24:29,780 INFO t_intercept: 0.008170601487395705 , std 1.0148709585093802 
2023-05-13 12:24:29,780 INFO t_ofi_add_1: 2.283450642687788 , std 1.6969394424219282 
2023-05-13 12:24:29,780 INFO t_ofi_add_2: 2.3773956336456967 , std 1.4210588404579831 
2023-05-13 12:24:29,780 INFO t_ofi_add_3: 1.9526131687093708 , std 1.3769703309451218 
2023-05-13 12:24:29,780 INFO t_ofi_add_4: 1.6865379110399714 , std 1.477376814697613 
2023-05-13 12:24:29,780 INFO t_ofi_add_5: 1.4632888148249208 , std 1.4156044238767984 
2023-05-13 12:24:29,780 INFO t_ofi_add_6: 1.3705358803173897 , std 1.4587559733492232 
2023-05-13 12:24:29,780 INFO t_ofi_add_7: 2.4633240685507807 , std 1.9144695567980419 
2023-05-13 12:24:29,780 INFO t_ofi_cancel_1: 2.0768664359736357 , std 1.6061453612607466 
2023-05-13 12:24:29,780 INFO t_ofi_cancel_2: 2.419818562073414 , std 1.4433888080312167 
2023-05-13 12:24:29,780 INFO t_ofi_cancel_3: 1.7766799983939834 , std 1.398019512525984 
2023-05-13 12:24:29,780 INFO t_ofi_cancel_4: 1.4595780976163404 , std 1.4581844913919844 
2023-05-13 12:24:29,781 INFO t_ofi_cancel_5: 1.2360780657111863 , std 1.3942923960989875 
2023-05-13 12:24:29,781 INFO t_ofi_cancel_6: 1.1573964744082361 , std 1.4646657232557478 
2023-05-13 12:24:29,781 INFO t_ofi_cancel_7: 2.2951597093734013 , std 1.8664494664044438 
2023-05-13 12:24:29,781 INFO t_ofi_trade_1: 1.4487497176276904 , std 1.5898214507555417 
2023-05-13 12:24:29,781 INFO t_ofi_trade_2: 1.20669331675002 , std 1.400947525243435 
2023-05-13 12:24:29,781 INFO t_ofi_trade_3: 1.1129780178851518 , std 1.3881426721078347 
2023-05-13 12:24:29,781 INFO t_ofi_trade_4: 1.043922046246903 , std 1.459953705080933 
2023-05-13 12:24:29,781 INFO t_ofi_trade_5: 1.1152647900166504 , std 1.4135430984403072 
2023-05-13 12:24:29,781 INFO t_ofi_trade_6: 1.1485810466743664 , std 1.4223766159245026 
2023-05-13 12:24:29,781 INFO t_ofi_trade_7: 2.0890604059887528 , std 1.6195853542193628 
2023-05-13 12:24:29,782 INFO Grouping by ofi type:
2023-05-13 12:24:29,782 INFO add: 13.59714611977592
2023-05-13 12:24:29,782 INFO cancel: 12.421577343550195
2023-05-13 12:24:29,782 INFO trade: 9.165249341189536
2023-05-13 12:24:29,782 INFO Grouping by level:
2023-05-13 12:24:29,782 INFO 1: 5.809066796289114
2023-05-13 12:24:29,782 INFO 2: 6.00390751246913
2023-05-13 12:24:29,782 INFO 3: 4.8422711849885065
2023-05-13 12:24:29,782 INFO 4: 4.190038054903215
2023-05-13 12:24:29,782 INFO 5: 3.8146316705527576
2023-05-13 12:24:29,782 INFO 6: 3.6765134013999923
2023-05-13 12:24:29,782 INFO 7: 6.847544183912935
2023-05-13 12:24:29,783 INFO Non empty regressions: 1.0 --- 3290 / 3290
