2023-05-13 12:23:34,081 INFO Starting...
2023-05-13 12:23:34,081 INFO Tickers: ['HON']
2023-05-13 12:23:35,358 INFO in_r2: 0.8659910838082505 , std 0.056210512148682064 
2023-05-13 12:23:35,358 INFO os_r2: 0.7884517070843264 , std 0.31720244958501453 
2023-05-13 12:23:35,358 INFO intercept: -1.1335791694101194e-08 , std 7.78365714293361e-06 
2023-05-13 12:23:35,358 INFO ofi_add_1: 9.323959229799699e-05 , std 6.828837781162222e-05 
2023-05-13 12:23:35,358 INFO ofi_add_2: 9.890763473319966e-05 , std 6.939728236658393e-05 
2023-05-13 12:23:35,358 INFO ofi_add_3: 6.920991368565825e-05 , std 6.37965494421093e-05 
2023-05-13 12:23:35,358 INFO ofi_add_4: 4.4714585469204224e-05 , std 6.538884470337389e-05 
2023-05-13 12:23:35,358 INFO ofi_add_5: 3.34797364765713e-05 , std 6.58924083858135e-05 
2023-05-13 12:23:35,358 INFO ofi_add_6: 3.137759924096063e-05 , std 6.642870921417325e-05 
2023-05-13 12:23:35,358 INFO ofi_add_7: 5.4606184831396294e-05 , std 6.383981116343907e-05 
2023-05-13 12:23:35,358 INFO ofi_cancel_1: 0.00010761740759525531 , std 8.095502167485795e-05 
2023-05-13 12:23:35,358 INFO ofi_cancel_2: 0.00011068678945173908 , std 7.597817906349455e-05 
2023-05-13 12:23:35,358 INFO ofi_cancel_3: 6.492672573541364e-05 , std 6.716976679750621e-05 
2023-05-13 12:23:35,358 INFO ofi_cancel_4: 3.9534113455037335e-05 , std 6.878859505000294e-05 
2023-05-13 12:23:35,358 INFO ofi_cancel_5: 2.7150936207036333e-05 , std 6.965174198302975e-05 
2023-05-13 12:23:35,358 INFO ofi_cancel_6: 2.4940684533791716e-05 , std 6.951229836372078e-05 
2023-05-13 12:23:35,358 INFO ofi_cancel_7: 4.894666535910463e-05 , std 6.75467619907056e-05 
2023-05-13 12:23:35,358 INFO ofi_trade_1: 9.114910567663258e-05 , std 0.00016015758617545235 
2023-05-13 12:23:35,359 INFO ofi_trade_2: 9.626385917138625e-05 , std 0.0001593417095466879 
2023-05-13 12:23:35,359 INFO ofi_trade_3: 6.615700618903489e-05 , std 0.00014346261066875524 
2023-05-13 12:23:35,359 INFO ofi_trade_4: 5.185752110487382e-05 , std 0.00014693034773528233 
2023-05-13 12:23:35,359 INFO ofi_trade_5: 5.220195090636018e-05 , std 0.0001529013683611695 
2023-05-13 12:23:35,359 INFO ofi_trade_6: 5.899133206465103e-05 , std 0.00014983307197202942 
2023-05-13 12:23:35,359 INFO ofi_trade_7: 0.00010011496504869289 , std 0.00015296759409023363 
2023-05-13 12:23:35,359 INFO t_intercept: -0.003581909704106308 , std 0.9812087474999847 
2023-05-13 12:23:35,359 INFO t_ofi_add_1: 2.384858404392162 , std 1.4741967490232344 
2023-05-13 12:23:35,359 INFO t_ofi_add_2: 2.2642339710309622 , std 1.3467389600748005 
2023-05-13 12:23:35,359 INFO t_ofi_add_3: 1.5432351691805277 , std 1.2462687789678562 
2023-05-13 12:23:35,359 INFO t_ofi_add_4: 0.9810610020084573 , std 1.2520359261271399 
2023-05-13 12:23:35,359 INFO t_ofi_add_5: 0.7054879037172693 , std 1.213596641128341 
2023-05-13 12:23:35,359 INFO t_ofi_add_6: 0.664173037355983 , std 1.2268134857085755 
2023-05-13 12:23:35,359 INFO t_ofi_add_7: 1.3459155210347709 , std 1.380908179316533 
2023-05-13 12:23:35,359 INFO t_ofi_cancel_1: 2.308965547866463 , std 1.4627207537600697 
2023-05-13 12:23:35,359 INFO t_ofi_cancel_2: 2.3979746120196785 , std 1.3785171907899891 
2023-05-13 12:23:35,359 INFO t_ofi_cancel_3: 1.3797861345025446 , std 1.2696452032189005 
2023-05-13 12:23:35,359 INFO t_ofi_cancel_4: 0.8167343762344912 , std 1.2494325312511392 
2023-05-13 12:23:35,359 INFO t_ofi_cancel_5: 0.528380170096861 , std 1.2226665194764939 
2023-05-13 12:23:35,359 INFO t_ofi_cancel_6: 0.48626059880792993 , std 1.2223462796508773 
2023-05-13 12:23:35,359 INFO t_ofi_cancel_7: 1.113379136078581 , std 1.3700790584077467 
2023-05-13 12:23:35,359 INFO t_ofi_trade_1: 0.9872986156755202 , std 1.4053119659013267 
2023-05-13 12:23:35,359 INFO t_ofi_trade_2: 0.9571601067643292 , std 1.322233034851957 
2023-05-13 12:23:35,359 INFO t_ofi_trade_3: 0.7380321839856555 , std 1.282824565209043 
2023-05-13 12:23:35,359 INFO t_ofi_trade_4: 0.5828055325062683 , std 1.2821057110624612 
2023-05-13 12:23:35,359 INFO t_ofi_trade_5: 0.5621355380743207 , std 1.2809461978906254 
2023-05-13 12:23:35,359 INFO t_ofi_trade_6: 0.6335131529185261 , std 1.2583606874097455 
2023-05-13 12:23:35,359 INFO t_ofi_trade_7: 1.0846244218190624 , std 1.3079320483314025 
2023-05-13 12:23:35,360 INFO Grouping by ofi type:
2023-05-13 12:23:35,360 INFO add: 9.888965008720131
2023-05-13 12:23:35,360 INFO cancel: 9.03148057560655
2023-05-13 12:23:35,360 INFO trade: 5.545569551743682
2023-05-13 12:23:35,360 INFO Grouping by level:
2023-05-13 12:23:35,360 INFO 1: 5.681122567934145
2023-05-13 12:23:35,360 INFO 2: 5.619368689814969
2023-05-13 12:23:35,360 INFO 3: 3.661053487668728
2023-05-13 12:23:35,361 INFO 4: 2.3806009107492168
2023-05-13 12:23:35,361 INFO 5: 1.796003611888451
2023-05-13 12:23:35,361 INFO 6: 1.783946789082439
2023-05-13 12:23:35,361 INFO 7: 3.543919078932414
2023-05-13 12:23:35,361 INFO Non empty regressions: 1.0 --- 4688 / 4688
