2023-05-13 12:22:53,098 INFO Starting...
2023-05-13 12:22:53,098 INFO Tickers: ['INTC']
2023-05-13 12:22:54,537 INFO in_r2: 0.9901986528743528 , std 0.010419416611313126 
2023-05-13 12:22:54,537 INFO os_r2: 0.9561138968088391 , std 0.4081370232639677 
2023-05-13 12:22:54,537 INFO intercept: 7.834298230343631e-08 , std 2.844830780671569e-06 
2023-05-13 12:22:54,537 INFO ofi_add_1: 2.1836271545092333e-05 , std 4.163017995080047e-05 
2023-05-13 12:22:54,537 INFO ofi_add_2: 0.00012547118944063377 , std 7.638956768244626e-05 
2023-05-13 12:22:54,537 INFO ofi_add_3: 0.00010493098563049535 , std 7.546110200150632e-05 
2023-05-13 12:22:54,537 INFO ofi_add_4: 0.0001164033630494941 , std 0.00011718338485361204 
2023-05-13 12:22:54,537 INFO ofi_add_5: 0.00017326180574705867 , std 0.00011707915735495697 
2023-05-13 12:22:54,537 INFO ofi_add_6: 0.00021216388556129402 , std 0.00013286452582076893 
2023-05-13 12:22:54,537 INFO ofi_add_7: 0.000272053837747439 , std 0.00015778828105623632 
2023-05-13 12:22:54,537 INFO ofi_cancel_1: 1.696193882445746e-05 , std 4.246943807864881e-05 
2023-05-13 12:22:54,537 INFO ofi_cancel_2: 9.711546456170514e-05 , std 7.471869774271954e-05 
2023-05-13 12:22:54,537 INFO ofi_cancel_3: 9.417702544697526e-05 , std 7.808241853389203e-05 
2023-05-13 12:22:54,537 INFO ofi_cancel_4: 0.00010452194284370243 , std 0.00011235378386751738 
2023-05-13 12:22:54,537 INFO ofi_cancel_5: 0.00016416688242237528 , std 0.00014476527609112342 
2023-05-13 12:22:54,537 INFO ofi_cancel_6: 0.00022851854783509 , std 0.00018559392157778545 
2023-05-13 12:22:54,537 INFO ofi_cancel_7: 0.00029032287809715 , std 0.0002036490730005688 
2023-05-13 12:22:54,538 INFO ofi_trade_1: 2.288610800162821e-05 , std 0.00012732173520585592 
2023-05-13 12:22:54,538 INFO ofi_trade_2: 0.00014948673400288346 , std 0.00014195066516547135 
2023-05-13 12:22:54,538 INFO ofi_trade_3: 0.00012762119459133625 , std 0.0001511096353954861 
2023-05-13 12:22:54,538 INFO ofi_trade_4: 0.0001249377308216261 , std 0.0003886603923515228 
2023-05-13 12:22:54,538 INFO ofi_trade_5: 0.0001668769355874268 , std 0.0005341689919037374 
2023-05-13 12:22:54,538 INFO ofi_trade_6: 0.00018718132424952761 , std 0.0005282477761604891 
2023-05-13 12:22:54,538 INFO ofi_trade_7: 0.0002346414876862462 , std 0.0006562308004032545 
2023-05-13 12:22:54,538 INFO t_intercept: 0.05645396046149156 , std 1.1529074578461298 
2023-05-13 12:22:54,538 INFO t_ofi_add_1: 1.1490652719450483 , std 1.8402010413201892 
2023-05-13 12:22:54,538 INFO t_ofi_add_2: 4.322916090608271 , std 2.3899678887268063 
2023-05-13 12:22:54,538 INFO t_ofi_add_3: 3.8216247216580403 , std 2.303314885775701 
2023-05-13 12:22:54,538 INFO t_ofi_add_4: 3.677273931487338 , std 2.6683282286284347 
2023-05-13 12:22:54,538 INFO t_ofi_add_5: 4.758939906626985 , std 2.6849331414735635 
2023-05-13 12:22:54,538 INFO t_ofi_add_6: 4.97360786085744 , std 2.8926177095294645 
2023-05-13 12:22:54,538 INFO t_ofi_add_7: 6.191497200116737 , std 2.9623527444345306 
2023-05-13 12:22:54,538 INFO t_ofi_cancel_1: 0.7785630726247967 , std 1.7492590080770434 
2023-05-13 12:22:54,538 INFO t_ofi_cancel_2: 3.117262625682092 , std 2.1029067023912966 
2023-05-13 12:22:54,538 INFO t_ofi_cancel_3: 2.948641508743289 , std 1.8894638395658045 
2023-05-13 12:22:54,538 INFO t_ofi_cancel_4: 2.746772168115951 , std 1.9753262775639806 
2023-05-13 12:22:54,538 INFO t_ofi_cancel_5: 3.328216106427006 , std 2.163836526075772 
2023-05-13 12:22:54,538 INFO t_ofi_cancel_6: 3.7437600402230062 , std 2.426552636389597 
2023-05-13 12:22:54,538 INFO t_ofi_cancel_7: 4.576454165421412 , std 2.6482636565502897 
2023-05-13 12:22:54,538 INFO t_ofi_trade_1: 0.5467531689786578 , std 2.0972420250554618 
2023-05-13 12:22:54,538 INFO t_ofi_trade_2: -2158929496.4115925 , std 1105104477514.368 
2023-05-13 12:22:54,538 INFO t_ofi_trade_3: 19738792518.29415 , std 1122408506633.781 
2023-05-13 12:22:54,538 INFO t_ofi_trade_4: -18409802636.55766 , std 1139690875231.7783 
2023-05-13 12:22:54,538 INFO t_ofi_trade_5: 2594586628.870992 , std 959422553770.8224 
2023-05-13 12:22:54,538 INFO t_ofi_trade_6: 17947197214.186478 , std 1077904776972.8359 
2023-05-13 12:22:54,538 INFO t_ofi_trade_7: 6050467425.096655 , std 1316235231517.7375 
2023-05-13 12:22:54,539 INFO Grouping by ofi type:
2023-05-13 12:22:54,539 INFO add: 28.89492498329986
2023-05-13 12:22:54,539 INFO cancel: 21.23966968723755
2023-05-13 12:22:54,539 INFO trade: 25762311654.02578
2023-05-13 12:22:54,539 INFO Grouping by level:
2023-05-13 12:22:54,539 INFO 1: 2.4743815135485026
2023-05-13 12:22:54,539 INFO 2: -2158929488.9714136
2023-05-13 12:22:54,539 INFO 3: 19738792525.06442
2023-05-13 12:22:54,539 INFO 4: -18409802630.133614
2023-05-13 12:22:54,539 INFO 5: 2594586636.958148
2023-05-13 12:22:54,539 INFO 6: 17947197222.903847
2023-05-13 12:22:54,539 INFO 7: 6050467435.864606
2023-05-13 12:22:54,539 INFO Non empty regressions: 1.0 --- 7348 / 7348
