2023-05-13 12:23:46,666 INFO Starting...
2023-05-13 12:23:46,666 INFO Tickers: ['LLY']
2023-05-13 12:23:47,959 INFO in_r2: 0.9068331374788267 , std 0.047045387837908625 
2023-05-13 12:23:47,960 INFO os_r2: 0.8542341845846438 , std 0.1997165177259909 
2023-05-13 12:23:47,960 INFO intercept: -5.598981712638825e-07 , std 6.99369735049348e-06 
2023-05-13 12:23:47,960 INFO ofi_add_1: 9.751866815241177e-05 , std 8.126359154100758e-05 
2023-05-13 12:23:47,960 INFO ofi_add_2: 0.0001055522750599741 , std 7.360246762632795e-05 
2023-05-13 12:23:47,960 INFO ofi_add_3: 7.980564533243411e-05 , std 6.342017104626706e-05 
2023-05-13 12:23:47,960 INFO ofi_add_4: 5.8901918390486554e-05 , std 6.739957604919708e-05 
2023-05-13 12:23:47,960 INFO ofi_add_5: 4.946598232548708e-05 , std 6.904024378422118e-05 
2023-05-13 12:23:47,960 INFO ofi_add_6: 5.3097226805948666e-05 , std 7.163411514741183e-05 
2023-05-13 12:23:47,960 INFO ofi_add_7: 8.932859772459116e-05 , std 7.387500082442887e-05 
2023-05-13 12:23:47,960 INFO ofi_cancel_1: 0.00010083277329600001 , std 8.906749356328514e-05 
2023-05-13 12:23:47,960 INFO ofi_cancel_2: 0.00011259670275145676 , std 7.953850293950836e-05 
2023-05-13 12:23:47,960 INFO ofi_cancel_3: 7.695886360185263e-05 , std 6.865963993173219e-05 
2023-05-13 12:23:47,960 INFO ofi_cancel_4: 5.326463936648771e-05 , std 7.17858320238964e-05 
2023-05-13 12:23:47,960 INFO ofi_cancel_5: 4.264794647910061e-05 , std 7.522543800733641e-05 
2023-05-13 12:23:47,960 INFO ofi_cancel_6: 4.563193091224819e-05 , std 7.827214132352021e-05 
2023-05-13 12:23:47,960 INFO ofi_cancel_7: 8.350478244223685e-05 , std 7.921228973141604e-05 
2023-05-13 12:23:47,960 INFO ofi_trade_1: 8.817023311730972e-05 , std 0.00014164160845375097 
2023-05-13 12:23:47,960 INFO ofi_trade_2: 8.937200347718353e-05 , std 0.00012944828287209665 
2023-05-13 12:23:47,960 INFO ofi_trade_3: 7.199938543907406e-05 , std 0.00012162655695438476 
2023-05-13 12:23:47,960 INFO ofi_trade_4: 5.8668349262673065e-05 , std 0.0001189127861514072 
2023-05-13 12:23:47,960 INFO ofi_trade_5: 6.024107105135845e-05 , std 0.0001223175478412652 
2023-05-13 12:23:47,960 INFO ofi_trade_6: 7.720730073249202e-05 , std 0.0001324795600390027 
2023-05-13 12:23:47,960 INFO ofi_trade_7: 0.00012019022782394951 , std 0.00013782474808245646 
2023-05-13 12:23:47,960 INFO t_intercept: -0.0693377639100006 , std 1.0184014622041033 
2023-05-13 12:23:47,960 INFO t_ofi_add_1: 2.3875770020651896 , std 1.6382345269567549 
2023-05-13 12:23:47,960 INFO t_ofi_add_2: 2.429129880682031 , std 1.423335602508528 
2023-05-13 12:23:47,960 INFO t_ofi_add_3: 1.9012843389169625 , std 1.3545979194413065 
2023-05-13 12:23:47,960 INFO t_ofi_add_4: 1.3464727719143124 , std 1.3759579240421256 
2023-05-13 12:23:47,961 INFO t_ofi_add_5: 1.0713487193987834 , std 1.3539009707685303 
2023-05-13 12:23:47,961 INFO t_ofi_add_6: 1.1270976504709083 , std 1.3569055321974397 
2023-05-13 12:23:47,961 INFO t_ofi_add_7: 2.113206012023309 , std 1.6424628484114514 
2023-05-13 12:23:47,961 INFO t_ofi_cancel_1: 2.1055591587900775 , std 1.5663288403818967 
2023-05-13 12:23:47,961 INFO t_ofi_cancel_2: 2.4291260331536475 , std 1.4328784708622981 
2023-05-13 12:23:47,961 INFO t_ofi_cancel_3: 1.6836105330361049 , std 1.3335545034912382 
2023-05-13 12:23:47,961 INFO t_ofi_cancel_4: 1.1243810736241973 , std 1.3502590874287195 
2023-05-13 12:23:47,961 INFO t_ofi_cancel_5: 0.8478331960678727 , std 1.3326855798770454 
2023-05-13 12:23:47,961 INFO t_ofi_cancel_6: 0.8915132245483353 , std 1.3497586205099343 
2023-05-13 12:23:47,961 INFO t_ofi_cancel_7: 1.8059856853162943 , std 1.5940688905775222 
2023-05-13 12:23:47,961 INFO t_ofi_trade_1: 1.041040470417781 , std 1.425041386214997 
2023-05-13 12:23:47,961 INFO t_ofi_trade_2: 1.0983902205855103 , std 1.3310823006062433 
2023-05-13 12:23:47,961 INFO t_ofi_trade_3: 0.9746137848320949 , std 1.340090238662811 
2023-05-13 12:23:47,961 INFO t_ofi_trade_4: 0.7994953192294606 , std 1.317204345012674 
2023-05-13 12:23:47,961 INFO t_ofi_trade_5: 0.7793298138461014 , std 1.3072872091355678 
2023-05-13 12:23:47,961 INFO t_ofi_trade_6: 0.93923607508289 , std 1.332647218855429 
2023-05-13 12:23:47,961 INFO t_ofi_trade_7: 1.4937542507590726 , std 1.4041320056327258 
2023-05-13 12:23:47,961 INFO Grouping by ofi type:
2023-05-13 12:23:47,961 INFO add: 12.376116375471495
2023-05-13 12:23:47,962 INFO cancel: 10.888008904536528
2023-05-13 12:23:47,962 INFO trade: 7.125859934752912
2023-05-13 12:23:47,962 INFO Grouping by level:
2023-05-13 12:23:47,962 INFO 1: 5.534176631273048
2023-05-13 12:23:47,962 INFO 2: 5.956646134421189
2023-05-13 12:23:47,962 INFO 3: 4.559508656785162
2023-05-13 12:23:47,962 INFO 4: 3.27034916476797
2023-05-13 12:23:47,962 INFO 5: 2.6985117293127576
2023-05-13 12:23:47,962 INFO 6: 2.9578469501021334
2023-05-13 12:23:47,962 INFO 7: 5.412945948098676
2023-05-13 12:23:47,962 INFO Non empty regressions: 1.0 --- 5369 / 5369
