2023-05-13 12:22:57,282 INFO Starting...
2023-05-13 12:22:57,282 INFO Tickers: ['MRK']
2023-05-13 12:22:58,636 INFO in_r2: 0.9740847649221648 , std 0.01376816071865499 
2023-05-13 12:22:58,637 INFO os_r2: 0.9529747008123863 , std 0.03611530405868529 
2023-05-13 12:22:58,637 INFO intercept: 2.2287197103185372e-07 , std 2.9535873872720154e-06 
2023-05-13 12:22:58,637 INFO ofi_add_1: 2.1563352512556743e-05 , std 4.158704853492999e-05 
2023-05-13 12:22:58,637 INFO ofi_add_2: 8.04888457533456e-05 , std 5.758853322772673e-05 
2023-05-13 12:22:58,637 INFO ofi_add_3: 8.907460430441213e-05 , std 5.8298836220336604e-05 
2023-05-13 12:22:58,637 INFO ofi_add_4: 8.27509946332931e-05 , std 6.175755392773541e-05 
2023-05-13 12:22:58,637 INFO ofi_add_5: 7.001122790660965e-05 , std 6.374999557604629e-05 
2023-05-13 12:22:58,637 INFO ofi_add_6: 0.00012890796575870705 , std 8.978481181867021e-05 
2023-05-13 12:22:58,637 INFO ofi_add_7: 0.0001930629201274777 , std 0.0001104637013836542 
2023-05-13 12:22:58,637 INFO ofi_cancel_1: 1.6239903195963375e-05 , std 4.5689186378455376e-05 
2023-05-13 12:22:58,637 INFO ofi_cancel_2: 7.064285989919137e-05 , std 5.859551365699613e-05 
2023-05-13 12:22:58,637 INFO ofi_cancel_3: 8.700301373834055e-05 , std 6.252732489990234e-05 
2023-05-13 12:22:58,637 INFO ofi_cancel_4: 8.137195365808064e-05 , std 6.467315239793431e-05 
2023-05-13 12:22:58,637 INFO ofi_cancel_5: 6.917630994865226e-05 , std 6.893505400084458e-05 
2023-05-13 12:22:58,637 INFO ofi_cancel_6: 0.00012483169155317657 , std 9.616671493894638e-05 
2023-05-13 12:22:58,637 INFO ofi_cancel_7: 0.00020818219892110673 , std 0.0001266134324873877 
2023-05-13 12:22:58,637 INFO ofi_trade_1: 1.4857625724158165e-05 , std 0.00011808873177468334 
2023-05-13 12:22:58,637 INFO ofi_trade_2: 9.36605237433996e-05 , std 9.404028984232305e-05 
2023-05-13 12:22:58,637 INFO ofi_trade_3: 9.710353029004637e-05 , std 9.341413390880998e-05 
2023-05-13 12:22:58,637 INFO ofi_trade_4: 7.825761590615006e-05 , std 8.966230672853055e-05 
2023-05-13 12:22:58,637 INFO ofi_trade_5: 7.496865725338485e-05 , std 9.095737202552396e-05 
2023-05-13 12:22:58,637 INFO ofi_trade_6: 0.00011794754007704597 , std 0.0001146849517664372 
2023-05-13 12:22:58,637 INFO ofi_trade_7: 0.00017677573718096596 , std 0.00014370477596179363 
2023-05-13 12:22:58,637 INFO t_intercept: 0.09787496799321374 , std 1.0208630788650574 
2023-05-13 12:22:58,637 INFO t_ofi_add_1: 1.0020878084891334 , std 1.7442458109947738 
2023-05-13 12:22:58,637 INFO t_ofi_add_2: 2.60132541495665 , std 1.9240418621332833 
2023-05-13 12:22:58,637 INFO t_ofi_add_3: 2.7557289447843294 , std 1.7773309269604556 
2023-05-13 12:22:58,637 INFO t_ofi_add_4: 2.605974928583983 , std 1.7511210447462016 
2023-05-13 12:22:58,637 INFO t_ofi_add_5: 2.195951718103162 , std 1.8982919787296024 
2023-05-13 12:22:58,637 INFO t_ofi_add_6: 3.1887294930621715 , std 2.119354141060498 
2023-05-13 12:22:58,637 INFO t_ofi_add_7: 4.265943945802074 , std 2.1897872644103336 
2023-05-13 12:22:58,638 INFO t_ofi_cancel_1: 0.6462729230847594 , std 1.6174040884169187 
2023-05-13 12:22:58,638 INFO t_ofi_cancel_2: 2.2066785578694907 , std 1.8336915488827414 
2023-05-13 12:22:58,638 INFO t_ofi_cancel_3: 2.438853960030083 , std 1.6735537834524057 
2023-05-13 12:22:58,638 INFO t_ofi_cancel_4: 2.2799714505922815 , std 1.6113399277626508 
2023-05-13 12:22:58,638 INFO t_ofi_cancel_5: 1.880332712528424 , std 1.7130449641402778 
2023-05-13 12:22:58,638 INFO t_ofi_cancel_6: 2.690896924448094 , std 1.9045023225814688 
2023-05-13 12:22:58,638 INFO t_ofi_cancel_7: 3.9797856363474495 , std 2.119960599578123 
2023-05-13 12:22:58,638 INFO t_ofi_trade_1: 0.3011367573366996 , std 1.6880858981988225 
2023-05-13 12:22:58,638 INFO t_ofi_trade_2: 1.839196693114221 , std 1.7971523122700805 
2023-05-13 12:22:58,638 INFO t_ofi_trade_3: 1.9379206602694734 , std 1.8068752643187524 
2023-05-13 12:22:58,638 INFO t_ofi_trade_4: 1.664862305009234 , std 1.7785017727763668 
2023-05-13 12:22:58,638 INFO t_ofi_trade_5: 1.627226426342207 , std 1.843673424123735 
2023-05-13 12:22:58,638 INFO t_ofi_trade_6: 2.0877566118296946 , std 1.8341677108109862 
2023-05-13 12:22:58,638 INFO t_ofi_trade_7: 2.7775828567188605 , std 1.9454529375130454 
2023-05-13 12:22:58,639 INFO Grouping by ofi type:
2023-05-13 12:22:58,639 INFO add: 18.6157422537815
2023-05-13 12:22:58,639 INFO cancel: 16.122792164900584
2023-05-13 12:22:58,639 INFO trade: 12.23568231062039
2023-05-13 12:22:58,639 INFO Grouping by level:
2023-05-13 12:22:58,639 INFO 1: 1.9494974889105925
2023-05-13 12:22:58,639 INFO 2: 6.647200665940362
2023-05-13 12:22:58,639 INFO 3: 7.132503565083885
2023-05-13 12:22:58,639 INFO 4: 6.550808684185498
2023-05-13 12:22:58,639 INFO 5: 5.703510856973793
2023-05-13 12:22:58,639 INFO 6: 7.96738302933996
2023-05-13 12:22:58,639 INFO 7: 11.023312438868384
2023-05-13 12:22:58,639 INFO Non empty regressions: 1.0 --- 7200 / 7200
