2023-05-13 12:23:43,564 INFO Starting...
2023-05-13 12:23:43,564 INFO Tickers: ['NEE']
2023-05-13 12:23:44,792 INFO in_r2: 0.8299853968175539 , std 0.06529540980994494 
2023-05-13 12:23:44,792 INFO os_r2: 0.6942906535561802 , std 0.7411272681164695 
2023-05-13 12:23:44,792 INFO intercept: 3.0453257976607976e-07 , std 8.135866421704836e-06 
2023-05-13 12:23:44,792 INFO ofi_add_1: 0.00010447771956256373 , std 7.473899807271958e-05 
2023-05-13 12:23:44,792 INFO ofi_add_2: 0.00011203943869605179 , std 7.393734969382841e-05 
2023-05-13 12:23:44,792 INFO ofi_add_3: 7.267420455433292e-05 , std 6.878072744259271e-05 
2023-05-13 12:23:44,792 INFO ofi_add_4: 4.367901327576203e-05 , std 6.769196277862352e-05 
2023-05-13 12:23:44,792 INFO ofi_add_5: 2.642742379885533e-05 , std 7.144335524152768e-05 
2023-05-13 12:23:44,792 INFO ofi_add_6: 2.432526998434027e-05 , std 7.560188561240876e-05 
2023-05-13 12:23:44,792 INFO ofi_add_7: 4.033939030084997e-05 , std 6.988820239175495e-05 
2023-05-13 12:23:44,792 INFO ofi_cancel_1: 0.00013094576744859945 , std 9.030910639896999e-05 
2023-05-13 12:23:44,792 INFO ofi_cancel_2: 0.00012373833961181325 , std 7.831291647121799e-05 
2023-05-13 12:23:44,792 INFO ofi_cancel_3: 6.94028179630687e-05 , std 6.967875973171208e-05 
2023-05-13 12:23:44,792 INFO ofi_cancel_4: 4.060196253974972e-05 , std 7.3349768806476e-05 
2023-05-13 12:23:44,792 INFO ofi_cancel_5: 2.112296323628235e-05 , std 7.835881744480267e-05 
2023-05-13 12:23:44,792 INFO ofi_cancel_6: 1.6736494173107295e-05 , std 8.52325849665539e-05 
2023-05-13 12:23:44,792 INFO ofi_cancel_7: 3.232343180997885e-05 , std 7.77242472616096e-05 
2023-05-13 12:23:44,792 INFO ofi_trade_1: 0.00011206983277620474 , std 0.00018922835160536432 
2023-05-13 12:23:44,792 INFO ofi_trade_2: 0.00010973434258828595 , std 0.00020742152266846637 
2023-05-13 12:23:44,792 INFO ofi_trade_3: 8.358985562111763e-05 , std 0.00019526054065719368 
2023-05-13 12:23:44,792 INFO ofi_trade_4: 6.301437506127702e-05 , std 0.00021118674422834573 
2023-05-13 12:23:44,792 INFO ofi_trade_5: 5.3557628048175995e-05 , std 0.00021021090752179942 
2023-05-13 12:23:44,792 INFO ofi_trade_6: 7.163205924407096e-05 , std 0.0002180614556462582 
2023-05-13 12:23:44,792 INFO ofi_trade_7: 0.00011422695931551777 , std 0.00021582591297970638 
2023-05-13 12:23:44,792 INFO t_intercept: 0.0522402745834781 , std 0.9996435410789135 
2023-05-13 12:23:44,792 INFO t_ofi_add_1: 2.5580244746000087 , std 1.4321459334335107 
2023-05-13 12:23:44,792 INFO t_ofi_add_2: 2.5005829403988877 , std 1.3853874360184915 
2023-05-13 12:23:44,793 INFO t_ofi_add_3: 1.5643572491792095 , std 1.2529086639726852 
2023-05-13 12:23:44,793 INFO t_ofi_add_4: 0.9493868476946862 , std 1.2237167762127412 
2023-05-13 12:23:44,793 INFO t_ofi_add_5: 0.5541347722947658 , std 1.2137848557957198 
2023-05-13 12:23:44,793 INFO t_ofi_add_6: 0.4873333474307107 , std 1.2076365745931905 
2023-05-13 12:23:44,793 INFO t_ofi_add_7: 0.9293753145597666 , std 1.2643626664741998 
2023-05-13 12:23:44,793 INFO t_ofi_cancel_1: 2.7357053301452083 , std 1.4239407632394678 
2023-05-13 12:23:44,793 INFO t_ofi_cancel_2: 2.6442092149242677 , std 1.3651592372980101 
2023-05-13 12:23:44,793 INFO t_ofi_cancel_3: 1.4580099675507812 , std 1.2649669424082821 
2023-05-13 12:23:44,793 INFO t_ofi_cancel_4: 0.8393190256589123 , std 1.2145669283135492 
2023-05-13 12:23:44,793 INFO t_ofi_cancel_5: 0.42812794453706327 , std 1.1998829047231978 
2023-05-13 12:23:44,793 INFO t_ofi_cancel_6: 0.34202335233297587 , std 1.2236319412243504 
2023-05-13 12:23:44,793 INFO t_ofi_cancel_7: 0.6685437293822708 , std 1.28129147568424 
2023-05-13 12:23:44,793 INFO t_ofi_trade_1: 1.012662271491984 , std 1.4152066323209298 
2023-05-13 12:23:44,793 INFO t_ofi_trade_2: 0.8871963246466429 , std 1.357091015382406 
2023-05-13 12:23:44,793 INFO t_ofi_trade_3: 0.7322418911146023 , std 1.273373451360012 
2023-05-13 12:23:44,793 INFO t_ofi_trade_4: 0.5527866854716056 , std 1.314095111407531 
2023-05-13 12:23:44,793 INFO t_ofi_trade_5: 0.5036437629535685 , std 1.2907865346754137 
2023-05-13 12:23:44,793 INFO t_ofi_trade_6: 0.5812735674495568 , std 1.3289667994526224 
2023-05-13 12:23:44,793 INFO t_ofi_trade_7: 0.9581002677542234 , std 1.3362310115528884 
2023-05-13 12:23:44,793 INFO Grouping by ofi type:
2023-05-13 12:23:44,793 INFO add: 9.543194946158037
2023-05-13 12:23:44,793 INFO cancel: 9.115938564531481
2023-05-13 12:23:44,793 INFO trade: 5.2279047708821835
2023-05-13 12:23:44,794 INFO Grouping by level:
2023-05-13 12:23:44,794 INFO 1: 6.306392076237201
2023-05-13 12:23:44,794 INFO 2: 6.031988479969799
2023-05-13 12:23:44,794 INFO 3: 3.7546091078445927
2023-05-13 12:23:44,794 INFO 4: 2.341492558825204
2023-05-13 12:23:44,794 INFO 5: 1.4859064797853976
2023-05-13 12:23:44,794 INFO 6: 1.4106302672132434
2023-05-13 12:23:44,794 INFO 7: 2.556019311696261
2023-05-13 12:23:44,794 INFO Non empty regressions: 1.0 --- 2529 / 2529
