2023-05-13 12:22:43,780 INFO Starting...
2023-05-13 12:22:43,780 INFO Tickers: ['PG']
2023-05-13 12:22:45,104 INFO in_r2: 0.952139615466636 , std 0.027267512693434203 
2023-05-13 12:22:45,104 INFO os_r2: 0.9227689878697337 , std 0.09222415416445752 
2023-05-13 12:22:45,104 INFO intercept: 6.786993020443712e-08 , std 3.1723274454182844e-06 
2023-05-13 12:22:45,104 INFO ofi_add_1: 2.357137300749835e-05 , std 4.414369003845305e-05 
2023-05-13 12:22:45,104 INFO ofi_add_2: 7.059212677327192e-05 , std 5.222214178833726e-05 
2023-05-13 12:22:45,104 INFO ofi_add_3: 7.657115520576188e-05 , std 5.094442524380334e-05 
2023-05-13 12:22:45,104 INFO ofi_add_4: 6.674404520588867e-05 , std 5.480004725439855e-05 
2023-05-13 12:22:45,104 INFO ofi_add_5: 5.7384462753561495e-05 , std 4.968873970610817e-05 
2023-05-13 12:22:45,104 INFO ofi_add_6: 5.904481687840047e-05 , std 5.5038559353001116e-05 
2023-05-13 12:22:45,104 INFO ofi_add_7: 0.00012220694756655476 , std 7.977160546528168e-05 
2023-05-13 12:22:45,104 INFO ofi_cancel_1: 2.1934012145614823e-05 , std 4.8970670935209524e-05 
2023-05-13 12:22:45,104 INFO ofi_cancel_2: 7.018864672714268e-05 , std 5.332507437350543e-05 
2023-05-13 12:22:45,104 INFO ofi_cancel_3: 7.477179788717265e-05 , std 5.519819772964386e-05 
2023-05-13 12:22:45,104 INFO ofi_cancel_4: 6.485577583102502e-05 , std 5.8195899927296e-05 
2023-05-13 12:22:45,104 INFO ofi_cancel_5: 5.669778042202396e-05 , std 5.551318259615105e-05 
2023-05-13 12:22:45,104 INFO ofi_cancel_6: 5.967017052818161e-05 , std 6.193930198028505e-05 
2023-05-13 12:22:45,104 INFO ofi_cancel_7: 0.00012256371653364715 , std 8.669134426339169e-05 
2023-05-13 12:22:45,104 INFO ofi_trade_1: 1.747683535358481e-05 , std 0.00010589353004934003 
2023-05-13 12:22:45,104 INFO ofi_trade_2: 7.611827861380978e-05 , std 8.413797162347051e-05 
2023-05-13 12:22:45,104 INFO ofi_trade_3: 7.258474777431343e-05 , std 7.954343175814327e-05 
2023-05-13 12:22:45,104 INFO ofi_trade_4: 6.458796639076067e-05 , std 7.711674772745223e-05 
2023-05-13 12:22:45,104 INFO ofi_trade_5: 5.477258793348536e-05 , std 7.472703632802053e-05 
2023-05-13 12:22:45,104 INFO ofi_trade_6: 5.8119947830598036e-05 , std 8.00058542691841e-05 
2023-05-13 12:22:45,104 INFO ofi_trade_7: 0.00011577127728196681 , std 0.00010006351635463367 
2023-05-13 12:22:45,104 INFO t_intercept: 0.026600128616286314 , std 0.9830076725731663 
2023-05-13 12:22:45,104 INFO t_ofi_add_1: 0.8601539710116732 , std 1.5534491342113297 
2023-05-13 12:22:45,104 INFO t_ofi_add_2: 2.1401243902593587 , std 1.5311256404708549 
2023-05-13 12:22:45,104 INFO t_ofi_add_3: 2.3643873293611537 , std 1.55537119630554 
2023-05-13 12:22:45,104 INFO t_ofi_add_4: 2.0933515550719313 , std 1.606358634216139 
2023-05-13 12:22:45,104 INFO t_ofi_add_5: 1.9116453615472753 , std 1.5291477005230518 
2023-05-13 12:22:45,104 INFO t_ofi_add_6: 1.8528623029066726 , std 1.5283314978863842 
2023-05-13 12:22:45,104 INFO t_ofi_add_7: 3.4541493700477814 , std 1.9838452327158722 
2023-05-13 12:22:45,104 INFO t_ofi_cancel_1: 0.6602932607523883 , std 1.4799199990822434 
2023-05-13 12:22:45,104 INFO t_ofi_cancel_2: 2.049870272365276 , std 1.5034564589636692 
2023-05-13 12:22:45,104 INFO t_ofi_cancel_3: 2.119938813611436 , std 1.51946226307069 
2023-05-13 12:22:45,104 INFO t_ofi_cancel_4: 1.8496799640052677 , std 1.5463828981838381 
2023-05-13 12:22:45,104 INFO t_ofi_cancel_5: 1.6614984555196384 , std 1.4743533741536854 
2023-05-13 12:22:45,104 INFO t_ofi_cancel_6: 1.6353695495053726 , std 1.4641113838071056 
2023-05-13 12:22:45,104 INFO t_ofi_cancel_7: 3.0067117849710905 , std 1.8606807590054604 
2023-05-13 12:22:45,104 INFO t_ofi_trade_1: 0.28165362232506946 , std 1.4486296813608692 
2023-05-13 12:22:45,105 INFO t_ofi_trade_2: 1.394506668097713 , std 1.4527318985975113 
2023-05-13 12:22:45,105 INFO t_ofi_trade_3: 1.439778716053498 , std 1.4737264568383819 
2023-05-13 12:22:45,105 INFO t_ofi_trade_4: 1.3395502354089712 , std 1.4634476196901545 
2023-05-13 12:22:45,105 INFO t_ofi_trade_5: 1.2086308557185323 , std 1.4455719398463578 
2023-05-13 12:22:45,105 INFO t_ofi_trade_6: 1.243055181597775 , std 1.4626082623145211 
2023-05-13 12:22:45,105 INFO t_ofi_trade_7: 2.260493725435696 , std 1.7233585722356997 
2023-05-13 12:22:45,105 INFO Grouping by ofi type:
2023-05-13 12:22:45,105 INFO add: 14.676674280205846
2023-05-13 12:22:45,105 INFO cancel: 12.983362100730469
2023-05-13 12:22:45,105 INFO trade: 9.167669004637254
2023-05-13 12:22:45,105 INFO Grouping by level:
2023-05-13 12:22:45,105 INFO 1: 1.802100854089131
2023-05-13 12:22:45,105 INFO 2: 5.584501330722348
2023-05-13 12:22:45,105 INFO 3: 5.924104859026087
2023-05-13 12:22:45,105 INFO 4: 5.28258175448617
2023-05-13 12:22:45,105 INFO 5: 4.7817746727854455
2023-05-13 12:22:45,105 INFO 6: 4.731287034009821
2023-05-13 12:22:45,105 INFO 7: 8.721354880454568
2023-05-13 12:22:45,106 INFO Non empty regressions: 1.0 --- 7274 / 7274
