2023-05-13 12:23:23,456 INFO Starting...
2023-05-13 12:23:23,456 INFO Tickers: ['PM']
2023-05-13 12:23:24,805 INFO in_r2: 0.9057773328812101 , std 0.04746480872268905 
2023-05-13 12:23:24,805 INFO os_r2: 0.8508904848266224 , std 0.2818009994755123 
2023-05-13 12:23:24,805 INFO intercept: -2.625944304579632e-07 , std 6.683650933467623e-06 
2023-05-13 12:23:24,805 INFO ofi_add_1: 9.037683597640917e-05 , std 7.488354065978872e-05 
2023-05-13 12:23:24,805 INFO ofi_add_2: 0.00011807553651789872 , std 7.337839595014524e-05 
2023-05-13 12:23:24,805 INFO ofi_add_3: 7.866440373871313e-05 , std 6.469560241275641e-05 
2023-05-13 12:23:24,805 INFO ofi_add_4: 5.858466880631478e-05 , std 6.493498065709288e-05 
2023-05-13 12:23:24,805 INFO ofi_add_5: 4.796160008352449e-05 , std 6.588985039027157e-05 
2023-05-13 12:23:24,805 INFO ofi_add_6: 5.693073925192026e-05 , std 6.82927135159183e-05 
2023-05-13 12:23:24,805 INFO ofi_add_7: 8.571621482514151e-05 , std 6.771082875113043e-05 
2023-05-13 12:23:24,805 INFO ofi_cancel_1: 9.55162226451348e-05 , std 8.408185462729817e-05 
2023-05-13 12:23:24,805 INFO ofi_cancel_2: 0.00012419946433691996 , std 7.697082332317199e-05 
2023-05-13 12:23:24,805 INFO ofi_cancel_3: 7.649541859459255e-05 , std 6.834223192232706e-05 
2023-05-13 12:23:24,805 INFO ofi_cancel_4: 5.4465582696743776e-05 , std 6.982525042210413e-05 
2023-05-13 12:23:24,805 INFO ofi_cancel_5: 4.2088108291124183e-05 , std 7.09216767780706e-05 
2023-05-13 12:23:24,805 INFO ofi_cancel_6: 5.001690791957789e-05 , std 7.32218059839187e-05 
2023-05-13 12:23:24,806 INFO ofi_cancel_7: 8.19423601558182e-05 , std 7.510335598579176e-05 
2023-05-13 12:23:24,806 INFO ofi_trade_1: 8.141466274495666e-05 , std 0.00014944311852552986 
2023-05-13 12:23:24,806 INFO ofi_trade_2: 0.00011548343028195691 , std 0.00012815826271362713 
2023-05-13 12:23:24,806 INFO ofi_trade_3: 7.526988081138944e-05 , std 0.00011734278800096557 
2023-05-13 12:23:24,806 INFO ofi_trade_4: 6.515819666958723e-05 , std 0.00011267435913222777 
2023-05-13 12:23:24,806 INFO ofi_trade_5: 5.9800965208290135e-05 , std 0.00011699564336372932 
2023-05-13 12:23:24,806 INFO ofi_trade_6: 7.382683022525541e-05 , std 0.00011573250297106779 
2023-05-13 12:23:24,806 INFO ofi_trade_7: 0.00010665996923852177 , std 0.0001194605415349989 
2023-05-13 12:23:24,806 INFO t_intercept: -0.04629809947242611 , std 0.9481900608630724 
2023-05-13 12:23:24,806 INFO t_ofi_add_1: 2.2142152628331653 , std 1.602912913668663 
2023-05-13 12:23:24,806 INFO t_ofi_add_2: 2.7067410019435383 , std 1.4069259043374505 
2023-05-13 12:23:24,806 INFO t_ofi_add_3: 1.8198100715570582 , std 1.3226943602594365 
2023-05-13 12:23:24,806 INFO t_ofi_add_4: 1.3734493376963743 , std 1.339743234396474 
2023-05-13 12:23:24,806 INFO t_ofi_add_5: 1.0732544262972545 , std 1.3688412714540716 
2023-05-13 12:23:24,806 INFO t_ofi_add_6: 1.2539821904893842 , std 1.3892225205586066 
2023-05-13 12:23:24,806 INFO t_ofi_add_7: 2.0480049834505514 , std 1.5310849648086426 
2023-05-13 12:23:24,806 INFO t_ofi_cancel_1: 2.0154855298120933 , std 1.5781800958607117 
2023-05-13 12:23:24,806 INFO t_ofi_cancel_2: 2.6856357471580354 , std 1.4006442446676775 
2023-05-13 12:23:24,806 INFO t_ofi_cancel_3: 1.6292574955206922 , std 1.3089246408483053 
2023-05-13 12:23:24,806 INFO t_ofi_cancel_4: 1.1710399892546142 , std 1.321254842456679 
2023-05-13 12:23:24,806 INFO t_ofi_cancel_5: 0.8555853825511577 , std 1.3338207121699701 
2023-05-13 12:23:24,806 INFO t_ofi_cancel_6: 1.0057912861233265 , std 1.356090369718135 
2023-05-13 12:23:24,806 INFO t_ofi_cancel_7: 1.7753741003217856 , std 1.5079024561082677 
2023-05-13 12:23:24,806 INFO t_ofi_trade_1: 0.8606106170369344 , std 1.4345949028124914 
2023-05-13 12:23:24,806 INFO t_ofi_trade_2: 1.377143841861495 , std 1.3398587733189462 
2023-05-13 12:23:24,806 INFO t_ofi_trade_3: 0.9596828671699794 , std 1.340779769007436 
2023-05-13 12:23:24,806 INFO t_ofi_trade_4: 0.9104524574559416 , std 1.327716063808624 
2023-05-13 12:23:24,806 INFO t_ofi_trade_5: 0.8042335184864116 , std 1.3329062504213227 
2023-05-13 12:23:24,806 INFO t_ofi_trade_6: 0.937433588260354 , std 1.3167047990783787 
2023-05-13 12:23:24,806 INFO t_ofi_trade_7: 1.3956261175239053 , std 1.3855510199783898 
2023-05-13 12:23:24,808 INFO Grouping by ofi type:
2023-05-13 12:23:24,808 INFO add: 12.489457274267327
2023-05-13 12:23:24,808 INFO cancel: 11.138169530741706
2023-05-13 12:23:24,808 INFO trade: 7.2451830077950214
2023-05-13 12:23:24,808 INFO Grouping by level:
2023-05-13 12:23:24,808 INFO 1: 5.090311409682194
2023-05-13 12:23:24,808 INFO 2: 6.769520590963069
2023-05-13 12:23:24,808 INFO 3: 4.40875043424773
2023-05-13 12:23:24,808 INFO 4: 3.4549417844069303
2023-05-13 12:23:24,808 INFO 5: 2.7330733273348238
2023-05-13 12:23:24,808 INFO 6: 3.197207064873065
2023-05-13 12:23:24,808 INFO 7: 5.219005201296242
2023-05-13 12:23:24,808 INFO Non empty regressions: 1.0 --- 6689 / 6689
