2023-05-13 12:24:38,553 INFO Starting...
2023-05-13 12:24:38,554 INFO Tickers: ['RTN']
2023-05-13 12:24:39,750 INFO in_r2: 0.7821782981468463 , std 0.11570888933361782 
2023-05-13 12:24:39,751 INFO os_r2: 0.6080469542700381 , std 0.3377083225007494 
2023-05-13 12:24:39,751 INFO intercept: 2.0797834672421489e-07 , std 1.6098165306920737e-05 
2023-05-13 12:24:39,751 INFO ofi_add_1: 0.00014007931129462578 , std 0.00014004250233156946 
2023-05-13 12:24:39,751 INFO ofi_add_2: 0.00013694852883847729 , std 0.00015490318313817427 
2023-05-13 12:24:39,751 INFO ofi_add_3: 9.846982598557469e-05 , std 0.00012866640120292344 
2023-05-13 12:24:39,751 INFO ofi_add_4: 6.43891934756625e-05 , std 0.00013403646486004984 
2023-05-13 12:24:39,751 INFO ofi_add_5: 5.0534395959909616e-05 , std 0.0001447142571834695 
2023-05-13 12:24:39,751 INFO ofi_add_6: 4.041023032039741e-05 , std 0.00014552368538716786 
2023-05-13 12:24:39,751 INFO ofi_add_7: 8.16972501575438e-05 , std 0.00013842352787937055 
2023-05-13 12:24:39,751 INFO ofi_cancel_1: 0.00017941466715685572 , std 0.0001816351627505323 
2023-05-13 12:24:39,751 INFO ofi_cancel_2: 0.0001496268759800333 , std 0.0001577941869944117 
2023-05-13 12:24:39,751 INFO ofi_cancel_3: 9.500747719066393e-05 , std 0.0001310601420999695 
2023-05-13 12:24:39,751 INFO ofi_cancel_4: 5.783857962815197e-05 , std 0.00013847239276193062 
2023-05-13 12:24:39,751 INFO ofi_cancel_5: 4.021549816766432e-05 , std 0.0001471458471560685 
2023-05-13 12:24:39,751 INFO ofi_cancel_6: 3.259997655156911e-05 , std 0.00015106904235394916 
2023-05-13 12:24:39,751 INFO ofi_cancel_7: 7.337259581234704e-05 , std 0.000144600089827497 
2023-05-13 12:24:39,751 INFO ofi_trade_1: 0.00018046079767401274 , std 0.00031105384781773723 
2023-05-13 12:24:39,751 INFO ofi_trade_2: 0.00014804122589508827 , std 0.00034830794434386397 
2023-05-13 12:24:39,751 INFO ofi_trade_3: 9.099495933517502e-05 , std 0.0003192675784688584 
2023-05-13 12:24:39,751 INFO ofi_trade_4: 7.275594737563487e-05 , std 0.00030082919916075886 
2023-05-13 12:24:39,751 INFO ofi_trade_5: 9.356194459899688e-05 , std 0.0003258795443621303 
2023-05-13 12:24:39,751 INFO ofi_trade_6: 0.00010945601137204163 , std 0.00037556441126434354 
2023-05-13 12:24:39,751 INFO ofi_trade_7: 0.00018858237700715232 , std 0.0003198729942135367 
2023-05-13 12:24:39,751 INFO t_intercept: 0.02104254283051273 , std 1.120949068158651 
2023-05-13 12:24:39,752 INFO t_ofi_add_1: 2.7169688059844566 , std 1.5678148658211823 
2023-05-13 12:24:39,752 INFO t_ofi_add_2: 2.2045276766698367 , std 1.4251587925270466 
2023-05-13 12:24:39,752 INFO t_ofi_add_3: 1.626173027285332 , std 1.357368542109623 
2023-05-13 12:24:39,752 INFO t_ofi_add_4: 1.0212390952966033 , std 1.310583767031249 
2023-05-13 12:24:39,752 INFO t_ofi_add_5: 0.7433339329575495 , std 1.2718994204578344 
2023-05-13 12:24:39,752 INFO t_ofi_add_6: 0.667088423750872 , std 1.262493283140194 
2023-05-13 12:24:39,752 INFO t_ofi_add_7: 1.4592008157060778 , std 1.5245403815708045 
2023-05-13 12:24:39,752 INFO t_ofi_cancel_1: 2.7083167877771013 , std 1.4875661988436981 
2023-05-13 12:24:39,752 INFO t_ofi_cancel_2: 2.3193364017062996 , std 1.4476282380577568 
2023-05-13 12:24:39,752 INFO t_ofi_cancel_3: 1.5282050679926593 , std 1.3621307127031936 
2023-05-13 12:24:39,752 INFO t_ofi_cancel_4: 0.8669453631035857 , std 1.334576873098919 
2023-05-13 12:24:39,752 INFO t_ofi_cancel_5: 0.5651304385242069 , std 1.2941700512732586 
2023-05-13 12:24:39,752 INFO t_ofi_cancel_6: 0.4940556059246299 , std 1.2508197727798025 
2023-05-13 12:24:39,752 INFO t_ofi_cancel_7: 1.1819786016861755 , std 1.5048683851693885 
2023-05-13 12:24:39,752 INFO t_ofi_trade_1: 1.7016005633967333 , std 1.6287876933324723 
2023-05-13 12:24:39,752 INFO t_ofi_trade_2: 0.9027657898546276 , std 1.4687096307207734 
2023-05-13 12:24:39,752 INFO t_ofi_trade_3: 0.6857152819393052 , std 1.3965619857221023 
2023-05-13 12:24:39,752 INFO t_ofi_trade_4: 0.5432484645977431 , std 1.3895370440159645 
2023-05-13 12:24:39,752 INFO t_ofi_trade_5: 0.615456890460248 , std 1.455003541102519 
2023-05-13 12:24:39,752 INFO t_ofi_trade_6: 0.6906485341933202 , std 1.4137725451080172 
2023-05-13 12:24:39,752 INFO t_ofi_trade_7: 1.3899382205349295 , std 1.5560707595406897 
2023-05-13 12:24:39,753 INFO Grouping by ofi type:
2023-05-13 12:24:39,753 INFO add: 10.438531777650727
2023-05-13 12:24:39,753 INFO cancel: 9.663968266714658
2023-05-13 12:24:39,753 INFO trade: 6.529373744976907
2023-05-13 12:24:39,753 INFO Grouping by level:
2023-05-13 12:24:39,753 INFO 1: 7.126886157158291
2023-05-13 12:24:39,753 INFO 2: 5.426629868230764
2023-05-13 12:24:39,753 INFO 3: 3.8400933772172965
2023-05-13 12:24:39,753 INFO 4: 2.4314329229979323
2023-05-13 12:24:39,753 INFO 5: 1.9239212619420043
2023-05-13 12:24:39,753 INFO 6: 1.851792563868822
2023-05-13 12:24:39,753 INFO 7: 4.031117637927183
2023-05-13 12:24:39,753 INFO Non empty regressions: 1.0 --- 1624 / 1624
