2023-05-13 12:23:45,304 INFO Starting...
2023-05-13 12:23:45,304 INFO Tickers: ['SBUX']
2023-05-13 12:23:46,661 INFO in_r2: 0.9774697426437987 , std 0.01606640858735324 
2023-05-13 12:23:46,661 INFO os_r2: 0.5110732137949783 , std 36.76936776386114 
2023-05-13 12:23:46,661 INFO intercept: 2.163471375260071e-07 , std 2.831416297019013e-06 
2023-05-13 12:23:46,661 INFO ofi_add_1: 2.5715350162470156e-05 , std 4.3648654435129236e-05 
2023-05-13 12:23:46,661 INFO ofi_add_2: 9.945169266602643e-05 , std 6.781145012904006e-05 
2023-05-13 12:23:46,661 INFO ofi_add_3: 9.718087888986447e-05 , std 6.268264321898368e-05 
2023-05-13 12:23:46,661 INFO ofi_add_4: 7.727749642286443e-05 , std 5.826452548721633e-05 
2023-05-13 12:23:46,661 INFO ofi_add_5: 0.0001059717992920132 , std 7.630073281713165e-05 
2023-05-13 12:23:46,661 INFO ofi_add_6: 0.00014246854940362945 , std 9.945825070809467e-05 
2023-05-13 12:23:46,661 INFO ofi_add_7: 0.0001936457888325755 , std 0.00010432740374392716 
2023-05-13 12:23:46,661 INFO ofi_cancel_1: 1.686163172022443e-05 , std 4.725837551662912e-05 
2023-05-13 12:23:46,661 INFO ofi_cancel_2: 8.174323809847477e-05 , std 6.668334367776143e-05 
2023-05-13 12:23:46,661 INFO ofi_cancel_3: 9.012449472847658e-05 , std 6.53067309662824e-05 
2023-05-13 12:23:46,661 INFO ofi_cancel_4: 7.723485152742726e-05 , std 6.363461940645849e-05 
2023-05-13 12:23:46,661 INFO ofi_cancel_5: 9.826329687168002e-05 , std 7.906479898627948e-05 
2023-05-13 12:23:46,661 INFO ofi_cancel_6: 0.00014550885575301213 , std 0.00011204261920676725 
2023-05-13 12:23:46,661 INFO ofi_cancel_7: 0.0002105218327723601 , std 0.00012652872576282507 
2023-05-13 12:23:46,661 INFO ofi_trade_1: 1.2269423077757707e-05 , std 0.00010656224546419442 
2023-05-13 12:23:46,661 INFO ofi_trade_2: 0.00011892901369087826 , std 0.00037195131087225733 
2023-05-13 12:23:46,661 INFO ofi_trade_3: 0.00010154185244256645 , std 9.53131321712697e-05 
2023-05-13 12:23:46,661 INFO ofi_trade_4: 8.13534973991658e-05 , std 0.0003364163389713451 
2023-05-13 12:23:46,661 INFO ofi_trade_5: 0.00010777862611198707 , std 0.00017706574735144786 
2023-05-13 12:23:46,662 INFO ofi_trade_6: 0.00013328281035215295 , std 0.0002138967278283023 
2023-05-13 12:23:46,662 INFO ofi_trade_7: 0.0001672551172269972 , std 0.00031887807419457554 
2023-05-13 12:23:46,662 INFO t_intercept: 0.07683068487022245 , std 1.0651710624931359 
2023-05-13 12:23:46,662 INFO t_ofi_add_1: 1.1740096804577709 , std 1.822220500058351 
2023-05-13 12:23:46,662 INFO t_ofi_add_2: 3.23770158412347 , std 2.2219078410914865 
2023-05-13 12:23:46,662 INFO t_ofi_add_3: 3.2753103540437754 , std 2.165296728582465 
2023-05-13 12:23:46,662 INFO t_ofi_add_4: 2.8413453969862403 , std 2.0409630506083323 
2023-05-13 12:23:46,662 INFO t_ofi_add_5: 3.5182368438900475 , std 2.600403741675461 
2023-05-13 12:23:46,662 INFO t_ofi_add_6: 3.8942552664198096 , std 2.6070347090243216 
2023-05-13 12:23:46,662 INFO t_ofi_add_7: 5.132106543977897 , std 2.516803476942761 
2023-05-13 12:23:46,662 INFO t_ofi_cancel_1: 0.6681126817928678 , std 1.6920366745008888 
2023-05-13 12:23:46,662 INFO t_ofi_cancel_2: 2.4638680427028 , std 1.9202062115581144 
2023-05-13 12:23:46,662 INFO t_ofi_cancel_3: 2.6478491344586668 , std 1.809408229444032 
2023-05-13 12:23:46,662 INFO t_ofi_cancel_4: 2.3858205173168 , std 1.7053150394757572 
2023-05-13 12:23:46,662 INFO t_ofi_cancel_5: 2.6462555960040834 , std 1.9866301357051244 
2023-05-13 12:23:46,662 INFO t_ofi_cancel_6: 3.124630886738467 , std 2.1459980744602194 
2023-05-13 12:23:46,662 INFO t_ofi_cancel_7: 4.361662210900393 , std 2.2242029803117647 
2023-05-13 12:23:46,662 INFO t_ofi_trade_1: 0.30230445608237144 , std 1.8760494123964142 
2023-05-13 12:23:46,662 INFO t_ofi_trade_2: -19390262214.733658 , std 1659992183255.619 
2023-05-13 12:23:46,662 INFO t_ofi_trade_3: 27334710174.492092 , std 2340113027263.9355 
2023-05-13 12:23:46,662 INFO t_ofi_trade_4: -9254650896.99991 , std 792286766392.5098 
2023-05-13 12:23:46,662 INFO t_ofi_trade_5: 9301659155.873516 , std 796311123198.0154 
2023-05-13 12:23:46,662 INFO t_ofi_trade_6: 38164683428.4628 , std 3267262477035.2607 
2023-05-13 12:23:46,662 INFO t_ofi_trade_7: 30121015409.10444 , std 2578647444987.5854 
2023-05-13 12:23:46,663 INFO Grouping by ofi type:
2023-05-13 12:23:46,663 INFO add: 23.07296566989901
2023-05-13 12:23:46,663 INFO cancel: 18.298199069914077
2023-05-13 12:23:46,663 INFO trade: 76277155056.50159
2023-05-13 12:23:46,663 INFO Grouping by level:
2023-05-13 12:23:46,663 INFO 1: 2.14442681833301
2023-05-13 12:23:46,663 INFO 2: -19390262209.03209
2023-05-13 12:23:46,663 INFO 3: 27334710180.415253
2023-05-13 12:23:46,663 INFO 4: -9254650891.772745
2023-05-13 12:23:46,663 INFO 5: 9301659162.038008
2023-05-13 12:23:46,663 INFO 6: 38164683435.48168
2023-05-13 12:23:46,663 INFO 7: 30121015418.59821
2023-05-13 12:23:46,663 INFO Non empty regressions: 1.0 --- 7330 / 7330
