2023-05-13 12:24:32,248 INFO Starting...
2023-05-13 12:24:32,248 INFO Tickers: ['SO']
2023-05-13 12:24:33,629 INFO in_r2: 0.9888944126684694 , std 0.012241343374554656 
2023-05-13 12:24:33,629 INFO os_r2: 0.971514057432374 , std 0.13496092033660465 
2023-05-13 12:24:33,629 INFO intercept: 3.127646663195056e-08 , std 2.1416185783338168e-06 
2023-05-13 12:24:33,629 INFO ofi_add_1: 2.2626250350735304e-05 , std 3.822467657761187e-05 
2023-05-13 12:24:33,629 INFO ofi_add_2: 9.021295329557259e-05 , std 5.456470306858769e-05 
2023-05-13 12:24:33,629 INFO ofi_add_3: 0.00011647987207449551 , std 5.917763745370855e-05 
2023-05-13 12:24:33,629 INFO ofi_add_4: 0.00013575199730926177 , std 6.730079195181233e-05 
2023-05-13 12:24:33,629 INFO ofi_add_5: 0.00013623864203790248 , std 7.628289454254563e-05 
2023-05-13 12:24:33,629 INFO ofi_add_6: 0.00015845960926923072 , std 7.610310320125704e-05 
2023-05-13 12:24:33,629 INFO ofi_add_7: 0.0002100317545743748 , std 9.067785747199186e-05 
2023-05-13 12:24:33,629 INFO ofi_cancel_1: 1.687418182793707e-05 , std 4.053235719307944e-05 
2023-05-13 12:24:33,629 INFO ofi_cancel_2: 7.596021295558112e-05 , std 5.677029804401644e-05 
2023-05-13 12:24:33,629 INFO ofi_cancel_3: 0.00011198195232589296 , std 6.401216116809787e-05 
2023-05-13 12:24:33,629 INFO ofi_cancel_4: 0.00013483911240124626 , std 7.346690812036197e-05 
2023-05-13 12:24:33,629 INFO ofi_cancel_5: 0.00013891711067618703 , std 8.646305808272455e-05 
2023-05-13 12:24:33,629 INFO ofi_cancel_6: 0.00016739941195996027 , std 8.7720424954518e-05 
2023-05-13 12:24:33,629 INFO ofi_cancel_7: 0.00021360966163776966 , std 0.00010098523916952863 
2023-05-13 12:24:33,629 INFO ofi_trade_1: 4.6732983576483924e-05 , std 0.00011462017734014695 
2023-05-13 12:24:33,629 INFO ofi_trade_2: 0.0001092927684523637 , std 9.564246255119121e-05 
2023-05-13 12:24:33,629 INFO ofi_trade_3: 0.00012470401013619451 , std 9.427779753991781e-05 
2023-05-13 12:24:33,629 INFO ofi_trade_4: 0.00014103266554175463 , std 0.00017625545483847388 
2023-05-13 12:24:33,629 INFO ofi_trade_5: 0.00013878672341589865 , std 0.00010934342937706231 
2023-05-13 12:24:33,629 INFO ofi_trade_6: 0.00014373771767625153 , std 0.00013984586208682664 
2023-05-13 12:24:33,629 INFO ofi_trade_7: 0.0001774119370202702 , std 0.00020302774418220538 
2023-05-13 12:24:33,629 INFO t_intercept: -0.008550387137536582 , std 1.0239187012172108 
2023-05-13 12:24:33,630 INFO t_ofi_add_1: 1.5019124985536758 , std 2.1356214733646155 
2023-05-13 12:24:33,630 INFO t_ofi_add_2: 3.9179014650716084 , std 2.188207646203883 
2023-05-13 12:24:33,630 INFO t_ofi_add_3: 4.416167880626211 , std 2.2921018252313483 
2023-05-13 12:24:33,630 INFO t_ofi_add_4: 4.510801222601508 , std 2.4098769884218982 
2023-05-13 12:24:33,630 INFO t_ofi_add_5: 4.28689676581871 , std 2.555686283036253 
2023-05-13 12:24:33,630 INFO t_ofi_add_6: 4.8363944260493374 , std 2.5889444465686826 
2023-05-13 12:24:33,630 INFO t_ofi_add_7: 5.991417638631336 , std 2.7660580477736874 
2023-05-13 12:24:33,630 INFO t_ofi_cancel_1: 0.9521501011487778 , std 1.9453717013819276 
2023-05-13 12:24:33,630 INFO t_ofi_cancel_2: 3.092970460722036 , std 2.0630948572806034 
2023-05-13 12:24:33,630 INFO t_ofi_cancel_3: 3.6427814364062043 , std 2.0206776820115078 
2023-05-13 12:24:33,630 INFO t_ofi_cancel_4: 3.797935796808038 , std 2.086963092814922 
2023-05-13 12:24:33,630 INFO t_ofi_cancel_5: 3.6180673740043097 , std 2.2382806781689566 
2023-05-13 12:24:33,630 INFO t_ofi_cancel_6: 4.24536655004754 , std 2.299526467494345 
2023-05-13 12:24:33,630 INFO t_ofi_cancel_7: 5.184013664247563 , std 2.624089382618082 
2023-05-13 12:24:33,630 INFO t_ofi_trade_1: 0.9992165625154822 , std 2.0102206220439465 
2023-05-13 12:24:33,630 INFO t_ofi_trade_2: 1578405395.8416228 , std 124002806600.16678 
2023-05-13 12:24:33,630 INFO t_ofi_trade_3: 695575184.8287525 , std 54645831235.42433 
2023-05-13 12:24:33,630 INFO t_ofi_trade_4: 557089967.9699687 , std 43766144911.14085 
2023-05-13 12:24:33,630 INFO t_ofi_trade_5: 60806981.950777166 , std 4777122581.295976 
2023-05-13 12:24:33,630 INFO t_ofi_trade_6: -3861213.5072382907 , std 303345191.30588233 
2023-05-13 12:24:33,630 INFO t_ofi_trade_7: 262380842.943178 , std 20613183807.422626 
2023-05-13 12:24:33,631 INFO Grouping by ofi type:
2023-05-13 12:24:33,631 INFO add: 29.46149189735239
2023-05-13 12:24:33,631 INFO cancel: 24.53328538338447
2023-05-13 12:24:33,631 INFO trade: 3150397161.0262775
2023-05-13 12:24:33,631 INFO Grouping by level:
2023-05-13 12:24:33,631 INFO 1: 3.4532791622179357
2023-05-13 12:24:33,632 INFO 2: 1578405402.8524947
2023-05-13 12:24:33,632 INFO 3: 695575192.8877019
2023-05-13 12:24:33,632 INFO 4: 557089976.2787057
2023-05-13 12:24:33,632 INFO 5: 60806989.85574131
2023-05-13 12:24:33,632 INFO 6: -3861204.4254773147
2023-05-13 12:24:33,632 INFO 7: 262380854.1186093
2023-05-13 12:24:33,632 INFO Non empty regressions: 1.0 --- 6173 / 6173
