2023-05-13 12:24:27,356 INFO Starting...
2023-05-13 12:24:27,357 INFO Tickers: ['SPGI']
2023-05-13 12:24:28,475 INFO in_r2: 0.7827589543116017 , std 0.10991798399404797 
2023-05-13 12:24:28,475 INFO os_r2: 0.5730013628876717 , std 0.5381843925288242 
2023-05-13 12:24:28,475 INFO intercept: -1.406394377830474e-07 , std 1.521688569789119e-05 
2023-05-13 12:24:28,475 INFO ofi_add_1: 0.00011330170112249205 , std 0.00012710745969639898 
2023-05-13 12:24:28,475 INFO ofi_add_2: 0.0001066397035369396 , std 0.00012082404367099398 
2023-05-13 12:24:28,475 INFO ofi_add_3: 7.963625105895126e-05 , std 0.00012203761917502967 
2023-05-13 12:24:28,475 INFO ofi_add_4: 5.357813429830184e-05 , std 0.0001455244665656565 
2023-05-13 12:24:28,475 INFO ofi_add_5: 5.678803711729362e-05 , std 0.00023813178840029051 
2023-05-13 12:24:28,475 INFO ofi_add_6: 3.572886284853405e-05 , std 0.00017444433475139265 
2023-05-13 12:24:28,475 INFO ofi_add_7: 6.0501735344889874e-05 , std 0.0001499108976676829 
2023-05-13 12:24:28,475 INFO ofi_cancel_1: 0.00013208895599348992 , std 0.00014729963759001208 
2023-05-13 12:24:28,475 INFO ofi_cancel_2: 0.0001179716072770814 , std 0.0001237696784829475 
2023-05-13 12:24:28,475 INFO ofi_cancel_3: 8.274823413597987e-05 , std 0.00012354916614572476 
2023-05-13 12:24:28,475 INFO ofi_cancel_4: 4.7101245271535776e-05 , std 0.00013802076450496079 
2023-05-13 12:24:28,476 INFO ofi_cancel_5: 4.889516937091751e-05 , std 0.0002274283178549476 
2023-05-13 12:24:28,476 INFO ofi_cancel_6: 2.9498735667935916e-05 , std 0.00017336405781438714 
2023-05-13 12:24:28,476 INFO ofi_cancel_7: 4.7683528371931586e-05 , std 0.0001678094246584569 
2023-05-13 12:24:28,476 INFO ofi_trade_1: 0.0001621423042064913 , std 0.00024897964169738216 
2023-05-13 12:24:28,476 INFO ofi_trade_2: 8.511767632517245e-05 , std 0.000245194901117499 
2023-05-13 12:24:28,476 INFO ofi_trade_3: 6.670002168180688e-05 , std 0.0003213312681036949 
2023-05-13 12:24:28,476 INFO ofi_trade_4: 5.725933593302419e-05 , std 0.00034104742214546217 
2023-05-13 12:24:28,476 INFO ofi_trade_5: 0.00010284057672135654 , std 0.0004178138351062508 
2023-05-13 12:24:28,476 INFO ofi_trade_6: 9.440034314647521e-05 , std 0.0004005673915435156 
2023-05-13 12:24:28,476 INFO ofi_trade_7: 0.00017875712800274616 , std 0.00033154649610016236 
2023-05-13 12:24:28,476 INFO t_intercept: -0.0479636786783662 , std 1.141032848155948 
2023-05-13 12:24:28,476 INFO t_ofi_add_1: 2.863066903870387 , std 1.5664471765199075 
2023-05-13 12:24:28,476 INFO t_ofi_add_2: 2.3325982510031715 , std 1.5331858763146913 
2023-05-13 12:24:28,476 INFO t_ofi_add_3: 1.6519044442872195 , std 1.414406680160052 
2023-05-13 12:24:28,476 INFO t_ofi_add_4: 0.9848015119756098 , std 1.309083884872201 
2023-05-13 12:24:28,476 INFO t_ofi_add_5: 0.7456808223471029 , std 1.2897108067321046 
2023-05-13 12:24:28,476 INFO t_ofi_add_6: 0.5435602443378232 , std 1.3247563972830898 
2023-05-13 12:24:28,476 INFO t_ofi_add_7: 1.2185665294083012 , std 1.413114301122544 
2023-05-13 12:24:28,476 INFO t_ofi_cancel_1: 2.668026249732471 , std 1.497287869203221 
2023-05-13 12:24:28,476 INFO t_ofi_cancel_2: 2.5039254047102366 , std 1.5661799723970202 
2023-05-13 12:24:28,476 INFO t_ofi_cancel_3: 1.6505079549497057 , std 1.4095771790614267 
2023-05-13 12:24:28,476 INFO t_ofi_cancel_4: 0.8666048403223464 , std 1.3201213037670962 
2023-05-13 12:24:28,476 INFO t_ofi_cancel_5: 0.5452948602215418 , std 1.3183298252978088 
2023-05-13 12:24:28,476 INFO t_ofi_cancel_6: 0.39590615290802106 , std 1.3435701417604342 
2023-05-13 12:24:28,476 INFO t_ofi_cancel_7: 0.9048345032591093 , std 1.4526306304349315 
2023-05-13 12:24:28,476 INFO t_ofi_trade_1: 1.8362366259262706 , std 1.6891795526276152 
2023-05-13 12:24:28,477 INFO t_ofi_trade_2: 0.8981923497303325 , std 1.435697795937327 
2023-05-13 12:24:28,477 INFO t_ofi_trade_3: 0.6596697935890382 , std 1.3699942376708358 
2023-05-13 12:24:28,477 INFO t_ofi_trade_4: 0.513842338215617 , std 1.4377263413055028 
2023-05-13 12:24:28,477 INFO t_ofi_trade_5: 0.5925867714674992 , std 1.372839138733786 
2023-05-13 12:24:28,477 INFO t_ofi_trade_6: 0.5872841157764561 , std 1.44882832968669 
2023-05-13 12:24:28,477 INFO t_ofi_trade_7: 1.2993432962094404 , std 1.5034916215338403 
2023-05-13 12:24:28,477 INFO Grouping by ofi type:
2023-05-13 12:24:28,477 INFO add: 10.340178707229615
2023-05-13 12:24:28,477 INFO cancel: 9.535099966103433
2023-05-13 12:24:28,477 INFO trade: 6.387155290914654
2023-05-13 12:24:28,477 INFO Grouping by level:
2023-05-13 12:24:28,477 INFO 1: 7.367329779529128
2023-05-13 12:24:28,477 INFO 2: 5.734716005443741
2023-05-13 12:24:28,477 INFO 3: 3.9620821928259633
2023-05-13 12:24:28,477 INFO 4: 2.3652486905135732
2023-05-13 12:24:28,477 INFO 5: 1.8835624540361438
2023-05-13 12:24:28,477 INFO 6: 1.5267505130223005
2023-05-13 12:24:28,477 INFO 7: 3.422744328876851
2023-05-13 12:24:28,478 INFO Non empty regressions: 1.0 --- 905 / 905
