2023-05-13 12:24:31,124 INFO Starting...
2023-05-13 12:24:31,124 INFO Tickers: ['SYK']
2023-05-13 12:24:32,245 INFO in_r2: 0.7215618924668692 , std 0.13908826287297568 
2023-05-13 12:24:32,245 INFO os_r2: 0.45663991031739853 , std 0.5136589136152367 
2023-05-13 12:24:32,245 INFO intercept: 1.926464532465491e-06 , std 2.0099881304555912e-05 
2023-05-13 12:24:32,245 INFO ofi_add_1: 0.00016869940422006014 , std 0.000180276085155487 
2023-05-13 12:24:32,245 INFO ofi_add_2: 0.00017518796451438298 , std 0.00019598523429254495 
2023-05-13 12:24:32,245 INFO ofi_add_3: 0.00012887992264946473 , std 0.0001950101424451857 
2023-05-13 12:24:32,245 INFO ofi_add_4: 0.00011266897783013107 , std 0.00028434661183674386 
2023-05-13 12:24:32,245 INFO ofi_add_5: 6.891881726127923e-05 , std 0.00029243108095946266 
2023-05-13 12:24:32,245 INFO ofi_add_6: 7.194492603421453e-05 , std 0.000258757284975449 
2023-05-13 12:24:32,245 INFO ofi_add_7: 0.00010005355645961225 , std 0.0002415886965288944 
2023-05-13 12:24:32,245 INFO ofi_cancel_1: 0.00021788428422920623 , std 0.00022266996728702567 
2023-05-13 12:24:32,245 INFO ofi_cancel_2: 0.0001852902495825966 , std 0.00020172956475635173 
2023-05-13 12:24:32,245 INFO ofi_cancel_3: 0.00013071696262235443 , std 0.0002195735945265791 
2023-05-13 12:24:32,245 INFO ofi_cancel_4: 0.00010202785763593177 , std 0.0002875045653428009 
2023-05-13 12:24:32,245 INFO ofi_cancel_5: 5.667437564985742e-05 , std 0.00030024504930019997 
2023-05-13 12:24:32,245 INFO ofi_cancel_6: 6.681944366882097e-05 , std 0.0002598420908763094 
2023-05-13 12:24:32,245 INFO ofi_cancel_7: 0.00010234272593035256 , std 0.0002485991252210753 
2023-05-13 12:24:32,246 INFO ofi_trade_1: 0.00021038151907458712 , std 0.00042048057801474245 
2023-05-13 12:24:32,246 INFO ofi_trade_2: 0.00016521547395766933 , std 0.0004653614236815565 
2023-05-13 12:24:32,246 INFO ofi_trade_3: 0.00012139425409665426 , std 0.000516865520501951 
2023-05-13 12:24:32,246 INFO ofi_trade_4: 0.00014478147849002014 , std 0.0005861178506967889 
2023-05-13 12:24:32,246 INFO ofi_trade_5: 0.00012885185508124968 , std 0.0006520388260893909 
2023-05-13 12:24:32,246 INFO ofi_trade_6: 0.0001877459981971512 , std 0.0005669243349322147 
2023-05-13 12:24:32,246 INFO ofi_trade_7: 0.000258553288203804 , std 0.0005686282867943833 
2023-05-13 12:24:32,246 INFO t_intercept: 0.08529077101423904 , std 0.98275541614718 
2023-05-13 12:24:32,246 INFO t_ofi_add_1: 2.5871203456025587 , std 1.642628408217903 
2023-05-13 12:24:32,246 INFO t_ofi_add_2: 2.0722427230867555 , std 1.4586700240143453 
2023-05-13 12:24:32,246 INFO t_ofi_add_3: 1.4096400850527933 , std 1.4263026733957653 
2023-05-13 12:24:32,246 INFO t_ofi_add_4: 1.0222633705124777 , std 1.2578988102421174 
2023-05-13 12:24:32,246 INFO t_ofi_add_5: 0.7188262506669538 , std 1.3729441102708908 
2023-05-13 12:24:32,246 INFO t_ofi_add_6: 0.6235453609613638 , std 1.358929238009738 
2023-05-13 12:24:32,246 INFO t_ofi_add_7: 1.1077167000520116 , std 1.5177747836683297 
2023-05-13 12:24:32,246 INFO t_ofi_cancel_1: 2.6060731167706166 , std 1.6029107068485313 
2023-05-13 12:24:32,246 INFO t_ofi_cancel_2: 2.1541714651285786 , std 1.5233987889157972 
2023-05-13 12:24:32,246 INFO t_ofi_cancel_3: 1.34953449617047 , std 1.4151545433293315 
2023-05-13 12:24:32,246 INFO t_ofi_cancel_4: 0.8882439598929432 , std 1.296595240919157 
2023-05-13 12:24:32,246 INFO t_ofi_cancel_5: 0.5753193037382893 , std 1.3892261404592714 
2023-05-13 12:24:32,246 INFO t_ofi_cancel_6: 0.5090213331585434 , std 1.381957406451898 
2023-05-13 12:24:32,246 INFO t_ofi_cancel_7: 1.0381113460338673 , std 1.5111403253223796 
2023-05-13 12:24:32,246 INFO t_ofi_trade_1: 1.4429278906527099 , std 1.6386719622971657 
2023-05-13 12:24:32,246 INFO t_ofi_trade_2: 0.7418227327076683 , std 1.445169626404711 
2023-05-13 12:24:32,246 INFO t_ofi_trade_3: 0.5650225321859831 , std 1.3588251383018046 
2023-05-13 12:24:32,246 INFO t_ofi_trade_4: 0.5816913452181793 , std 1.3777566007820652 
2023-05-13 12:24:32,246 INFO t_ofi_trade_5: 0.5359098756671572 , std 1.4170824921709655 
2023-05-13 12:24:32,246 INFO t_ofi_trade_6: 0.6764220072385827 , std 1.4065029052554265 
2023-05-13 12:24:32,246 INFO t_ofi_trade_7: 1.3113725250580088 , std 1.6640796219684433 
2023-05-13 12:24:32,246 INFO Grouping by ofi type:
2023-05-13 12:24:32,246 INFO add: 9.541354835934914
2023-05-13 12:24:32,246 INFO cancel: 9.12047502089331
2023-05-13 12:24:32,247 INFO trade: 5.855168908728289
2023-05-13 12:24:32,247 INFO Grouping by level:
2023-05-13 12:24:32,247 INFO 1: 6.636121353025885
2023-05-13 12:24:32,247 INFO 2: 4.968236920923003
2023-05-13 12:24:32,247 INFO 3: 3.3241971134092463
2023-05-13 12:24:32,247 INFO 4: 2.4921986756236003
2023-05-13 12:24:32,247 INFO 5: 1.8300554300724003
2023-05-13 12:24:32,247 INFO 6: 1.8089887013584898
2023-05-13 12:24:32,247 INFO 7: 3.457200571143888
2023-05-13 12:24:32,247 INFO Non empty regressions: 1.0 --- 544 / 544
