2023-05-13 12:24:14,986 INFO Starting...
2023-05-13 12:24:14,986 INFO Tickers: ['TJX']
2023-05-13 12:24:16,314 INFO in_r2: 0.946588036573226 , std 0.04851036769587166 
2023-05-13 12:24:16,314 INFO os_r2: 0.915583538453919 , std 0.1779700476326954 
2023-05-13 12:24:16,314 INFO intercept: -2.0545309315208987e-07 , std 5.4726861571228e-06 
2023-05-13 12:24:16,314 INFO ofi_add_1: 6.368372640719153e-05 , std 7.560249954875616e-05 
2023-05-13 12:24:16,314 INFO ofi_add_2: 0.00011629757517250171 , std 6.879649071018013e-05 
2023-05-13 12:24:16,314 INFO ofi_add_3: 0.00010468322353724175 , std 6.914615517782185e-05 
2023-05-13 12:24:16,314 INFO ofi_add_4: 9.361853422505162e-05 , std 7.109078902152403e-05 
2023-05-13 12:24:16,315 INFO ofi_add_5: 8.736328250795945e-05 , std 7.605543668061584e-05 
2023-05-13 12:24:16,315 INFO ofi_add_6: 9.543180395789853e-05 , std 7.977269169944201e-05 
2023-05-13 12:24:16,315 INFO ofi_add_7: 0.00015223732605794608 , std 8.967090260738357e-05 
2023-05-13 12:24:16,315 INFO ofi_cancel_1: 6.222998564450581e-05 , std 8.450453434365166e-05 
2023-05-13 12:24:16,315 INFO ofi_cancel_2: 0.00011521607110560531 , std 7.392450691049473e-05 
2023-05-13 12:24:16,315 INFO ofi_cancel_3: 0.00010274562786678762 , std 7.452433717671742e-05 
2023-05-13 12:24:16,315 INFO ofi_cancel_4: 9.115334344807709e-05 , std 7.664340007701574e-05 
2023-05-13 12:24:16,315 INFO ofi_cancel_5: 8.263316772540031e-05 , std 8.333383667408644e-05 
2023-05-13 12:24:16,315 INFO ofi_cancel_6: 8.963138343475165e-05 , std 8.982968940799594e-05 
2023-05-13 12:24:16,315 INFO ofi_cancel_7: 0.00015062857025470227 , std 0.00010241084697299406 
2023-05-13 12:24:16,315 INFO ofi_trade_1: 5.534600707186709e-05 , std 0.00014064998577328433 
2023-05-13 12:24:16,315 INFO ofi_trade_2: 0.00011391849500894716 , std 0.0001140151870720018 
2023-05-13 12:24:16,315 INFO ofi_trade_3: 9.344243750934968e-05 , std 0.00010744969800066022 
2023-05-13 12:24:16,315 INFO ofi_trade_4: 9.606156432901188e-05 , std 0.00010904298199679434 
2023-05-13 12:24:16,315 INFO ofi_trade_5: 9.441202510322321e-05 , std 0.00011471339316459025 
2023-05-13 12:24:16,315 INFO ofi_trade_6: 0.00010570217379704017 , std 0.00011695363422187295 
2023-05-13 12:24:16,315 INFO ofi_trade_7: 0.0001630851541544811 , std 0.00012162843155455397 
2023-05-13 12:24:16,315 INFO t_intercept: -0.023920467301471546 , std 0.9813603106360176 
2023-05-13 12:24:16,315 INFO t_ofi_add_1: 1.7218139525199772 , std 1.7715707965776675 
2023-05-13 12:24:16,315 INFO t_ofi_add_2: 3.2510050980678535 , std 1.8612704910214548 
2023-05-13 12:24:16,315 INFO t_ofi_add_3: 3.0006011715150716 , std 2.1280738252718945 
2023-05-13 12:24:16,315 INFO t_ofi_add_4: 2.6060533742429213 , std 2.2185068117747027 
2023-05-13 12:24:16,315 INFO t_ofi_add_5: 2.362594265480845 , std 2.2447133683863707 
2023-05-13 12:24:16,315 INFO t_ofi_add_6: 2.585437597896065 , std 2.450798143322023 
2023-05-13 12:24:16,315 INFO t_ofi_add_7: 4.002418512710862 , std 2.813024092713634 
2023-05-13 12:24:16,315 INFO t_ofi_cancel_1: 1.3805444572645482 , std 1.7295003636859563 
2023-05-13 12:24:16,315 INFO t_ofi_cancel_2: 2.9448837699181283 , std 1.684008730933898 
2023-05-13 12:24:16,315 INFO t_ofi_cancel_3: 2.530890278641621 , std 1.8294749802731283 
2023-05-13 12:24:16,315 INFO t_ofi_cancel_4: 2.2079395497622754 , std 1.9590597940662704 
2023-05-13 12:24:16,315 INFO t_ofi_cancel_5: 1.9367017675045994 , std 2.003847968378614 
2023-05-13 12:24:16,315 INFO t_ofi_cancel_6: 2.1567563258869615 , std 2.2874240231464515 
2023-05-13 12:24:16,315 INFO t_ofi_cancel_7: 3.4502256466032866 , std 2.661816182419278 
2023-05-13 12:24:16,315 INFO t_ofi_trade_1: 0.6769606155785457 , std 1.5758925361212954 
2023-05-13 12:24:16,316 INFO t_ofi_trade_2: 2.0148194106302606 , std 1.8114297736622211 
2023-05-13 12:24:16,316 INFO t_ofi_trade_3: 1.8041979003926798 , std 1.889601178705722 
2023-05-13 12:24:16,316 INFO t_ofi_trade_4: 1.829972546063205 , std 1.9549451788713923 
2023-05-13 12:24:16,316 INFO t_ofi_trade_5: 1.7319109269080728 , std 1.9264445926619063 
2023-05-13 12:24:16,316 INFO t_ofi_trade_6: 1.85177634854968 , std 1.9244122635398648 
2023-05-13 12:24:16,316 INFO t_ofi_trade_7: 2.7140617803792364 , std 2.1309935464123373 
2023-05-13 12:24:16,316 INFO Grouping by ofi type:
2023-05-13 12:24:16,316 INFO add: 19.529923972433593
2023-05-13 12:24:16,316 INFO cancel: 16.60794179558142
2023-05-13 12:24:16,316 INFO trade: 12.62369952850168
2023-05-13 12:24:16,316 INFO Grouping by level:
2023-05-13 12:24:16,316 INFO 1: 3.779319025363071
2023-05-13 12:24:16,316 INFO 2: 8.210708278616242
2023-05-13 12:24:16,317 INFO 3: 7.335689350549373
2023-05-13 12:24:16,317 INFO 4: 6.643965470068402
2023-05-13 12:24:16,317 INFO 5: 6.031206959893518
2023-05-13 12:24:16,317 INFO 6: 6.593970272332706
2023-05-13 12:24:16,317 INFO 7: 10.166705939693385
2023-05-13 12:24:16,317 INFO Non empty regressions: 1.0 --- 6077 / 6077
