2023-05-13 12:22:45,108 INFO Starting...
2023-05-13 12:22:45,108 INFO Tickers: ['XOM']
2023-05-13 12:22:46,451 INFO in_r2: 0.9630926401426317 , std 0.016118024677273194 
2023-05-13 12:22:46,451 INFO os_r2: 0.932249952261892 , std 0.16012812739052532 
2023-05-13 12:22:46,451 INFO intercept: 1.5380137545126877e-08 , std 3.191862733708126e-06 
2023-05-13 12:22:46,451 INFO ofi_add_1: 1.3865480398828709e-05 , std 4.286424947166518e-05 
2023-05-13 12:22:46,451 INFO ofi_add_2: 8.133189979216101e-05 , std 6.239569730660553e-05 
2023-05-13 12:22:46,451 INFO ofi_add_3: 8.756195199411064e-05 , std 5.803058157832381e-05 
2023-05-13 12:22:46,451 INFO ofi_add_4: 7.203610605736936e-05 , std 5.43468038262958e-05 
2023-05-13 12:22:46,451 INFO ofi_add_5: 5.630135649781341e-05 , std 4.8665902231117266e-05 
2023-05-13 12:22:46,451 INFO ofi_add_6: 7.479492370267987e-05 , std 5.957057532996567e-05 
2023-05-13 12:22:46,451 INFO ofi_add_7: 0.00015435593753561211 , std 8.342544384474906e-05 
2023-05-13 12:22:46,451 INFO ofi_cancel_1: 1.3029741405507849e-05 , std 4.623426156282159e-05 
2023-05-13 12:22:46,451 INFO ofi_cancel_2: 7.976479843950042e-05 , std 6.183866720050338e-05 
2023-05-13 12:22:46,451 INFO ofi_cancel_3: 8.72796008349519e-05 , std 6.243835306165654e-05 
2023-05-13 12:22:46,451 INFO ofi_cancel_4: 7.05292291422226e-05 , std 5.8662120924176964e-05 
2023-05-13 12:22:46,451 INFO ofi_cancel_5: 5.5977448300942914e-05 , std 5.335428058309512e-05 
2023-05-13 12:22:46,451 INFO ofi_cancel_6: 7.468357642912208e-05 , std 6.460763157491815e-05 
2023-05-13 12:22:46,451 INFO ofi_cancel_7: 0.00015522869626445114 , std 9.064620750008756e-05 
2023-05-13 12:22:46,451 INFO ofi_trade_1: 2.198750850592525e-05 , std 0.00012045367879579698 
2023-05-13 12:22:46,451 INFO ofi_trade_2: 8.892936536346526e-05 , std 9.202036216982298e-05 
2023-05-13 12:22:46,451 INFO ofi_trade_3: 7.972621711605547e-05 , std 8.662910527890602e-05 
2023-05-13 12:22:46,451 INFO ofi_trade_4: 7.019178525657056e-05 , std 8.078175161923591e-05 
2023-05-13 12:22:46,451 INFO ofi_trade_5: 5.189953781016935e-05 , std 7.018041008977823e-05 
2023-05-13 12:22:46,451 INFO ofi_trade_6: 7.063630298099681e-05 , std 7.925247025737875e-05 
2023-05-13 12:22:46,451 INFO ofi_trade_7: 0.00014531744447685021 , std 0.00010087954440589698 
2023-05-13 12:22:46,451 INFO t_intercept: 0.0119351316563879 , std 0.9828597407806403 
2023-05-13 12:22:46,451 INFO t_ofi_add_1: 0.5285189176912068 , std 1.501579000887645 
2023-05-13 12:22:46,451 INFO t_ofi_add_2: 2.189309616601978 , std 1.5567849797467472 
2023-05-13 12:22:46,451 INFO t_ofi_add_3: 2.5190738553238563 , std 1.5173932971808333 
2023-05-13 12:22:46,451 INFO t_ofi_add_4: 2.2892205736248514 , std 1.5434728443111962 
2023-05-13 12:22:46,451 INFO t_ofi_add_5: 2.0141585676655294 , std 1.5265026697296395 
2023-05-13 12:22:46,452 INFO t_ofi_add_6: 2.286506366670453 , std 1.5274153431972142 
2023-05-13 12:22:46,452 INFO t_ofi_add_7: 4.013421486702197 , std 1.9682521520063914 
2023-05-13 12:22:46,452 INFO t_ofi_cancel_1: 0.42758833127932516 , std 1.4218182236351091 
2023-05-13 12:22:46,452 INFO t_ofi_cancel_2: 2.115790823794908 , std 1.5263324733855048 
2023-05-13 12:22:46,452 INFO t_ofi_cancel_3: 2.3178444386464725 , std 1.499252603138231 
2023-05-13 12:22:46,452 INFO t_ofi_cancel_4: 2.0477175816178774 , std 1.4909366376209996 
2023-05-13 12:22:46,452 INFO t_ofi_cancel_5: 1.7771344419731094 , std 1.4450165030098931 
2023-05-13 12:22:46,452 INFO t_ofi_cancel_6: 2.0364027098966937 , std 1.4976500266000323 
2023-05-13 12:22:46,452 INFO t_ofi_cancel_7: 3.5901016087343036 , std 1.9520204499179017 
2023-05-13 12:22:46,452 INFO t_ofi_trade_1: 0.3238695845434401 , std 1.497338563709339 
2023-05-13 12:22:46,452 INFO t_ofi_trade_2: 1.5432091586307797 , std 1.4508877803102385 
2023-05-13 12:22:46,452 INFO t_ofi_trade_3: 1.5688420101549114 , std 1.5160186407050154 
2023-05-13 12:22:46,452 INFO t_ofi_trade_4: 1.5305962529587844 , std 1.5240738002439118 
2023-05-13 12:22:46,452 INFO t_ofi_trade_5: 1.2980374489538686 , std 1.4926528731424118 
2023-05-13 12:22:46,452 INFO t_ofi_trade_6: 1.5948291910055221 , std 1.5276645103120416 
2023-05-13 12:22:46,452 INFO t_ofi_trade_7: 2.861955325035243 , std 1.7977133955493068 
2023-05-13 12:22:46,452 INFO Grouping by ofi type:
2023-05-13 12:22:46,452 INFO add: 15.840209384280072
2023-05-13 12:22:46,452 INFO cancel: 14.31257993594269
2023-05-13 12:22:46,452 INFO trade: 10.721338971282549
2023-05-13 12:22:46,452 INFO Grouping by level:
2023-05-13 12:22:46,452 INFO 1: 1.279976833513972
2023-05-13 12:22:46,452 INFO 2: 5.848309599027666
2023-05-13 12:22:46,452 INFO 3: 6.4057603041252404
2023-05-13 12:22:46,453 INFO 4: 5.8675344082015135
2023-05-13 12:22:46,453 INFO 5: 5.089330458592507
2023-05-13 12:22:46,453 INFO 6: 5.917738267572669
2023-05-13 12:22:46,453 INFO 7: 10.465478420471744
2023-05-13 12:22:46,453 INFO Non empty regressions: 1.0 --- 7344 / 7344
