2023-05-13 15:42:52,715 INFO Starting...
2023-05-13 15:42:52,715 INFO Tickers: ['AVGO']
2023-05-13 15:42:55,418 INFO in_r2: 0.8301029652865715 , std 0.0929724440222892 
2023-05-13 15:42:55,418 INFO os_r2: 0.7228704814185521 , std 0.9254819786607871 
2023-05-13 15:42:55,418 INFO intercept: 8.723188184503893e-07 , std 1.6261472225626135e-05 
2023-05-13 15:42:55,418 INFO ofi_add_1: 5.857179245570546e-05 , std 5.152252386568332e-05 
2023-05-13 15:42:55,418 INFO ofi_add_2: 7.278254867295167e-05 , std 5.919306122360087e-05 
2023-05-13 15:42:55,418 INFO ofi_add_3: 6.624607109222567e-05 , std 5.720065438789805e-05 
2023-05-13 15:42:55,418 INFO ofi_add_4: 4.9600795068072495e-05 , std 5.274063637284958e-05 
2023-05-13 15:42:55,418 INFO ofi_add_5: 4.5341618837807114e-05 , std 5.215890776620404e-05 
2023-05-13 15:42:55,418 INFO ofi_add_6: 8.053846693946139e-05 , std 6.383137437414726e-05 
2023-05-13 15:42:55,418 INFO ofi_cancel_1: 7.398959794061003e-05 , std 6.817431406251042e-05 
2023-05-13 15:42:55,418 INFO ofi_cancel_2: 8.153221732629359e-05 , std 6.35103023291835e-05 
2023-05-13 15:42:55,418 INFO ofi_cancel_3: 6.054991887254018e-05 , std 5.791073632749436e-05 
2023-05-13 15:42:55,418 INFO ofi_cancel_4: 4.324432802556131e-05 , std 5.312185360889058e-05 
2023-05-13 15:42:55,418 INFO ofi_cancel_5: 3.9610256205214334e-05 , std 5.278893438252401e-05 
2023-05-13 15:42:55,418 INFO ofi_cancel_6: 7.197327053328704e-05 , std 6.572088624048462e-05 
2023-05-13 15:42:55,418 INFO ofi_trade_1: 9.3757615747728e-05 , std 0.00010575381144506037 
2023-05-13 15:42:55,418 INFO ofi_trade_2: 7.049175724088496e-05 , std 9.11520179627724e-05 
2023-05-13 15:42:55,418 INFO ofi_trade_3: 6.852419925701483e-05 , std 9.197022670127616e-05 
2023-05-13 15:42:55,418 INFO ofi_trade_4: 5.676087358656243e-05 , std 9.036812510866851e-05 
2023-05-13 15:42:55,419 INFO ofi_trade_5: 6.150639170904509e-05 , std 9.29045215071582e-05 
2023-05-13 15:42:55,419 INFO ofi_trade_6: 0.00011053096210041512 , std 0.00011237365533092896 
2023-05-13 15:42:55,419 INFO used_intercept: 0.9998055231427461 , std 0.01394413984460782 
2023-05-13 15:42:55,419 INFO used_ofi_add_1: 0.8932322053675612 , std 0.3088177984860395 
2023-05-13 15:42:55,419 INFO used_ofi_add_2: 0.9218203033838973 , std 0.26845415186418115 
2023-05-13 15:42:55,419 INFO used_ofi_add_3: 0.9130688448074679 , std 0.2817341467579391 
2023-05-13 15:42:55,419 INFO used_ofi_add_4: 0.851808634772462 , std 0.3552895783716944 
2023-05-13 15:42:55,419 INFO used_ofi_add_5: 0.8345001944768573 , std 0.37163102655045455 
2023-05-13 15:42:55,419 INFO used_ofi_add_6: 0.9453520031116297 , std 0.2272918681441528 
2023-05-13 15:42:55,419 INFO used_ofi_cancel_1: 0.8498638661999222 , std 0.3572048083769911 
2023-05-13 15:42:55,419 INFO used_ofi_cancel_2: 0.9303772851030727 , std 0.25451010287866466 
2023-05-13 15:42:55,419 INFO used_ofi_cancel_3: 0.8593932322053676 , std 0.34761545512962844 
2023-05-13 15:42:55,419 INFO used_ofi_cancel_4: 0.7967716841695838 , std 0.40240100332274126 
2023-05-13 15:42:55,419 INFO used_ofi_cancel_5: 0.7572928821470245 , std 0.4287194569837919 
2023-05-13 15:42:55,419 INFO used_ofi_cancel_6: 0.882535978218592 , std 0.32197239845729775 
2023-05-13 15:42:55,419 INFO used_ofi_trade_1: 0.8035783741734733 , std 0.3972910403396867 
2023-05-13 15:42:55,419 INFO used_ofi_trade_2: 0.7182030338389732 , std 0.44987491152926934 
2023-05-13 15:42:55,419 INFO used_ofi_trade_3: 0.7049786075457021 , std 0.4560523768698339 
2023-05-13 15:42:55,419 INFO used_ofi_trade_4: 0.6577207312329832 , std 0.47447251863446527 
2023-05-13 15:42:55,419 INFO used_ofi_trade_5: 0.6647218980941269 , std 0.47208759387243815 
2023-05-13 15:42:55,419 INFO used_ofi_trade_6: 0.8257487359004279 , std 0.379325402602137 
2023-05-13 15:42:55,419 INFO Grouping by ofi type:
2023-05-13 15:42:55,419 INFO add: 5.359782185919875
2023-05-13 15:42:55,419 INFO cancel: 5.076234928043563
2023-05-13 15:42:55,419 INFO trade: 4.374951380785687
2023-05-13 15:42:55,419 INFO Grouping by level:
2023-05-13 15:42:55,419 INFO 1: 2.546674445740957
2023-05-13 15:42:55,419 INFO 2: 2.5704006223259435
2023-05-13 15:42:55,419 INFO 3: 2.4774406845585375
2023-05-13 15:42:55,419 INFO 4: 2.306301050175029
2023-05-13 15:42:55,419 INFO 5: 2.2565149747180087
2023-05-13 15:42:55,419 INFO 6: 2.6536367172306496
2023-05-13 15:42:55,420 INFO Non empty regressions: 0.9990276157137301 --- 5137 / 5142
