2023-05-13 15:44:19,085 INFO Starting...
2023-05-13 15:44:19,085 INFO Tickers: ['BDX']
2023-05-13 15:44:20,603 INFO in_r2: 0.7045689421270778 , std 0.18609308039415237 
2023-05-13 15:44:20,603 INFO os_r2: 0.5394609336871634 , std 0.38575991279592053 
2023-05-13 15:44:20,603 INFO intercept: 2.436492647195069e-06 , std 2.0445722686082596e-05 
2023-05-13 15:44:20,603 INFO ofi_add_1: 0.00013626570573716906 , std 0.00015039715933136595 
2023-05-13 15:44:20,603 INFO ofi_add_2: 0.00015001075358667693 , std 0.00015938039262010804 
2023-05-13 15:44:20,603 INFO ofi_add_3: 0.0001026533176485219 , std 0.00011789570578982678 
2023-05-13 15:44:20,603 INFO ofi_add_4: 9.004258844394021e-05 , std 0.00014334878455051322 
2023-05-13 15:44:20,603 INFO ofi_add_5: 5.727148431584845e-05 , std 0.00010625872804035551 
2023-05-13 15:44:20,603 INFO ofi_add_6: 8.079631377288791e-05 , std 0.0001099352532136389 
2023-05-13 15:44:20,603 INFO ofi_cancel_1: 0.00015513135317592002 , std 0.00018502134115739417 
2023-05-13 15:44:20,603 INFO ofi_cancel_2: 0.00015415524793125333 , std 0.00016101722428595264 
2023-05-13 15:44:20,603 INFO ofi_cancel_3: 9.981846425079467e-05 , std 0.0001236980031668124 
2023-05-13 15:44:20,603 INFO ofi_cancel_4: 8.029378709906347e-05 , std 0.00014164438279070545 
2023-05-13 15:44:20,603 INFO ofi_cancel_5: 5.1456278789800344e-05 , std 0.00011178412030130186 
2023-05-13 15:44:20,603 INFO ofi_cancel_6: 7.08776403884942e-05 , std 0.00012205711309767463 
2023-05-13 15:44:20,603 INFO ofi_trade_1: 0.00020812626111540436 , std 0.00029673015492944274 
2023-05-13 15:44:20,603 INFO ofi_trade_2: 0.00014150084984883749 , std 0.0002867393793795085 
2023-05-13 15:44:20,603 INFO ofi_trade_3: 8.17168603535624e-05 , std 0.00035570065759899774 
2023-05-13 15:44:20,603 INFO ofi_trade_4: 0.0001438102381900225 , std 0.0003383285217507154 
2023-05-13 15:44:20,603 INFO ofi_trade_5: 0.0001464724646910303 , std 0.00033644776663813175 
2023-05-13 15:44:20,603 INFO ofi_trade_6: 0.00019194292114015895 , std 0.0003274479185736574 
2023-05-13 15:44:20,603 INFO used_intercept: 1.0 , std 0.0 
2023-05-13 15:44:20,603 INFO used_ofi_add_1: 0.9275905118601748 , std 0.2591647240022332 
2023-05-13 15:44:20,603 INFO used_ofi_add_2: 0.9388264669163545 , std 0.23964835057581677 
2023-05-13 15:44:20,603 INFO used_ofi_add_3: 0.8863920099875156 , std 0.31733454683946344 
2023-05-13 15:44:20,603 INFO used_ofi_add_4: 0.8239700374531835 , std 0.38084565749471644 
2023-05-13 15:44:20,603 INFO used_ofi_add_5: 0.7852684144818977 , std 0.41063600877052203 
2023-05-13 15:44:20,603 INFO used_ofi_add_6: 0.8526841448189763 , std 0.3544205044764021 
2023-05-13 15:44:20,603 INFO used_ofi_cancel_1: 0.8751560549313359 , std 0.33054188002181584 
2023-05-13 15:44:20,603 INFO used_ofi_cancel_2: 0.9338327091136079 , std 0.24857429574102707 
2023-05-13 15:44:20,603 INFO used_ofi_cancel_3: 0.8489388264669163 , std 0.35810849666531397 
2023-05-13 15:44:20,603 INFO used_ofi_cancel_4: 0.7540574282147315 , std 0.4306446599795666 
2023-05-13 15:44:20,603 INFO used_ofi_cancel_5: 0.682896379525593 , std 0.4653481646642976 
2023-05-13 15:44:20,603 INFO used_ofi_cancel_6: 0.7640449438202247 , std 0.4245942388245211 
2023-05-13 15:44:20,603 INFO used_ofi_trade_1: 0.7802746566791511 , std 0.41406052314049935 
2023-05-13 15:44:20,603 INFO used_ofi_trade_2: 0.6504369538077404 , std 0.4768319650873332 
2023-05-13 15:44:20,603 INFO used_ofi_trade_3: 0.5667915106117354 , std 0.4955188130739361 
2023-05-13 15:44:20,603 INFO used_ofi_trade_4: 0.5755305867665418 , std 0.49426220820805417 
2023-05-13 15:44:20,603 INFO used_ofi_trade_5: 0.5655430711610487 , std 0.4956854908334292 
2023-05-13 15:44:20,603 INFO used_ofi_trade_6: 0.6754057428214731 , std 0.4682230508905421 
2023-05-13 15:44:20,603 INFO Grouping by ofi type:
2023-05-13 15:44:20,603 INFO add: 5.214731585518103
2023-05-13 15:44:20,603 INFO cancel: 4.85892634207241
2023-05-13 15:44:20,604 INFO trade: 3.8139825218476906
2023-05-13 15:44:20,604 INFO Grouping by level:
2023-05-13 15:44:20,604 INFO 1: 2.5830212234706615
2023-05-13 15:44:20,604 INFO 2: 2.523096129837703
2023-05-13 15:44:20,604 INFO 3: 2.302122347066167
2023-05-13 15:44:20,604 INFO 4: 2.1535580524344566
2023-05-13 15:44:20,604 INFO 5: 2.033707865168539
2023-05-13 15:44:20,604 INFO 6: 2.292134831460674
2023-05-13 15:44:20,604 INFO Non empty regressions: 0.9950062421972534 --- 797 / 801
