2023-05-13 15:42:21,724 INFO Starting...
2023-05-13 15:42:21,725 INFO Tickers: ['BMY']
2023-05-13 15:42:24,518 INFO in_r2: 0.9711774137012784 , std 0.035299011246698694 
2023-05-13 15:42:24,518 INFO os_r2: 0.9544518793261649 , std 0.06218199547396388 
2023-05-13 15:42:24,518 INFO intercept: 1.5590941070949775e-07 , std 5.055782570639041e-06 
2023-05-13 15:42:24,518 INFO ofi_add_1: 5.7390162446111736e-05 , std 5.7659738433064016e-05 
2023-05-13 15:42:24,518 INFO ofi_add_2: 0.00012184074109215623 , std 6.595674572587125e-05 
2023-05-13 15:42:24,518 INFO ofi_add_3: 0.0001206827824170846 , std 6.352495507479957e-05 
2023-05-13 15:42:24,518 INFO ofi_add_4: 0.00014542701850973072 , std 6.846209111030984e-05 
2023-05-13 15:42:24,519 INFO ofi_add_5: 0.0001331479105485767 , std 7.013544041861737e-05 
2023-05-13 15:42:24,519 INFO ofi_add_6: 0.0001952082070115504 , std 9.146478205379048e-05 
2023-05-13 15:42:24,519 INFO ofi_cancel_1: 3.81259421028518e-05 , std 5.4123461081579055e-05 
2023-05-13 15:42:24,519 INFO ofi_cancel_2: 9.92175129019143e-05 , std 6.828005100541779e-05 
2023-05-13 15:42:24,519 INFO ofi_cancel_3: 0.00011969040545341833 , std 6.893168075343692e-05 
2023-05-13 15:42:24,519 INFO ofi_cancel_4: 0.00014439146760844814 , std 7.799943610972961e-05 
2023-05-13 15:42:24,519 INFO ofi_cancel_5: 0.00013518553305352774 , std 7.992418954695806e-05 
2023-05-13 15:42:24,519 INFO ofi_cancel_6: 0.000198195622008967 , std 0.00010386538868780575 
2023-05-13 15:42:24,519 INFO ofi_trade_1: 3.3975029137114826e-05 , std 8.07267812504621e-05 
2023-05-13 15:42:24,519 INFO ofi_trade_2: 0.00012207033453630922 , std 8.701817984824347e-05 
2023-05-13 15:42:24,519 INFO ofi_trade_3: 0.0001304365236264393 , std 8.417848054050984e-05 
2023-05-13 15:42:24,519 INFO ofi_trade_4: 0.0001382202670450608 , std 8.646355185367548e-05 
2023-05-13 15:42:24,519 INFO ofi_trade_5: 0.00013295716330901196 , std 8.785533318193888e-05 
2023-05-13 15:42:24,519 INFO ofi_trade_6: 0.00018036366499318238 , std 0.00010899241437618536 
2023-05-13 15:42:24,519 INFO used_intercept: 0.9996953077391835 , std 0.017452776955051413 
2023-05-13 15:42:24,519 INFO used_ofi_add_1: 0.9405850091407678 , std 0.23639976675206245 
2023-05-13 15:42:24,519 INFO used_ofi_add_2: 0.9823278488726387 , std 0.13175676909325404 
2023-05-13 15:42:24,519 INFO used_ofi_add_3: 0.9727300426569165 , std 0.16286898651858153 
2023-05-13 15:42:24,519 INFO used_ofi_add_4: 0.978823887873248 , std 0.14397112350032978 
2023-05-13 15:42:24,519 INFO used_ofi_add_5: 0.9620658135283364 , std 0.1910371271988685 
2023-05-13 15:42:24,519 INFO used_ofi_add_6: 0.9690737355271176 , std 0.17311796740556923 
2023-05-13 15:42:24,519 INFO used_ofi_cancel_1: 0.6666666666666666 , std 0.47140452079103173 
2023-05-13 15:42:24,519 INFO used_ofi_cancel_2: 0.8865021328458257 , std 0.31720041189384934 
2023-05-13 15:42:24,519 INFO used_ofi_cancel_3: 0.9547531992687386 , std 0.20784496085988458 
2023-05-13 15:42:24,519 INFO used_ofi_cancel_4: 0.962370505789153 , std 0.19029849021020337 
2023-05-13 15:42:24,519 INFO used_ofi_cancel_5: 0.9390615478366849 , std 0.23921738484327268 
2023-05-13 15:42:24,519 INFO used_ofi_cancel_6: 0.9372333942717855 , std 0.24254269507361662 
2023-05-13 15:42:24,519 INFO used_ofi_trade_1: 0.2920475319926874 , std 0.4547040477603731 
2023-05-13 15:42:24,519 INFO used_ofi_trade_2: 0.8825411334552102 , std 0.3219662734119881 
2023-05-13 15:42:24,519 INFO used_ofi_trade_3: 0.9174283973187081 , std 0.27523359735311165 
2023-05-13 15:42:24,519 INFO used_ofi_trade_4: 0.917885435709933 , std 0.27453918230649604 
2023-05-13 15:42:24,519 INFO used_ofi_trade_5: 0.9003656307129799 , std 0.2995118724588356 
2023-05-13 15:42:24,520 INFO used_ofi_trade_6: 0.8950335161486899 , std 0.30651023004004746 
2023-05-13 15:42:24,520 INFO Grouping by ofi type:
2023-05-13 15:42:24,520 INFO add: 5.805606337599024
2023-05-13 15:42:24,520 INFO cancel: 5.346587446678854
2023-05-13 15:42:24,520 INFO trade: 4.805301645338209
2023-05-13 15:42:24,520 INFO Grouping by level:
2023-05-13 15:42:24,520 INFO 1: 1.8992992078001218
2023-05-13 15:42:24,520 INFO 2: 2.751371115173675
2023-05-13 15:42:24,520 INFO 3: 2.844911639244363
2023-05-13 15:42:24,520 INFO 4: 2.859079829372334
2023-05-13 15:42:24,520 INFO 5: 2.801492992078001
2023-05-13 15:42:24,520 INFO 6: 2.801340645947593
2023-05-13 15:42:24,521 INFO Non empty regressions: 1.0 --- 6564 / 6564
