2023-05-13 15:44:22,703 INFO Starting...
2023-05-13 15:44:22,703 INFO Tickers: ['CB']
2023-05-13 15:44:24,445 INFO in_r2: 0.8043611842299639 , std 0.10266052138482204 
2023-05-13 15:44:24,445 INFO os_r2: 0.6872249565845263 , std 1.7367146257934178 
2023-05-13 15:44:24,445 INFO intercept: -1.9767973555923902e-07 , std 1.1134853708197763e-05 
2023-05-13 15:44:24,445 INFO ofi_add_1: 0.00011074116967183787 , std 9.458184816524085e-05 
2023-05-13 15:44:24,445 INFO ofi_add_2: 0.00011429199463048711 , std 8.380924948526735e-05 
2023-05-13 15:44:24,445 INFO ofi_add_3: 7.575768131243125e-05 , std 6.782491639238235e-05 
2023-05-13 15:44:24,445 INFO ofi_add_4: 5.886871403316051e-05 , std 6.437141632725835e-05 
2023-05-13 15:44:24,445 INFO ofi_add_5: 5.969386587849403e-05 , std 8.265665891705434e-05 
2023-05-13 15:44:24,445 INFO ofi_add_6: 7.855178979358473e-05 , std 9.307901898417024e-05 
2023-05-13 15:44:24,445 INFO ofi_cancel_1: 0.00012800573740868315 , std 0.00011239430319051598 
2023-05-13 15:44:24,445 INFO ofi_cancel_2: 0.00011835105217906306 , std 9.122945924021637e-05 
2023-05-13 15:44:24,445 INFO ofi_cancel_3: 6.724567749332531e-05 , std 6.869436719809843e-05 
2023-05-13 15:44:24,445 INFO ofi_cancel_4: 4.9197667874786295e-05 , std 6.456157262340064e-05 
2023-05-13 15:44:24,445 INFO ofi_cancel_5: 5.053628837239797e-05 , std 8.134970563422126e-05 
2023-05-13 15:44:24,446 INFO ofi_cancel_6: 7.67933813002352e-05 , std 9.859247845887745e-05 
2023-05-13 15:44:24,446 INFO ofi_trade_1: 0.00014690386489552864 , std 0.00017338711668364492 
2023-05-13 15:44:24,446 INFO ofi_trade_2: 0.00010911377553487624 , std 0.00015192204993796845 
2023-05-13 15:44:24,446 INFO ofi_trade_3: 8.226101779550807e-05 , std 0.00014045191962674806 
2023-05-13 15:44:24,446 INFO ofi_trade_4: 7.351569986096812e-05 , std 0.00013187130506964157 
2023-05-13 15:44:24,446 INFO ofi_trade_5: 0.00010205156996271975 , std 0.00017887639115593266 
2023-05-13 15:44:24,446 INFO ofi_trade_6: 0.00015833189625432884 , std 0.00021921783471966309 
2023-05-13 15:44:24,446 INFO used_intercept: 1.0 , std 0.0 
2023-05-13 15:44:24,446 INFO used_ofi_add_1: 0.9569313593539704 , std 0.20301165690406248 
2023-05-13 15:44:24,446 INFO used_ofi_add_2: 0.9699416778824586 , std 0.17074782396569396 
2023-05-13 15:44:24,446 INFO used_ofi_add_3: 0.927321668909825 , std 0.2596077642909046 
2023-05-13 15:44:24,446 INFO used_ofi_add_4: 0.8658591296545536 , std 0.34080360509890817 
2023-05-13 15:44:24,446 INFO used_ofi_add_5: 0.8371467025572006 , std 0.36923177132365864 
2023-05-13 15:44:24,446 INFO used_ofi_add_6: 0.8820098698968147 , std 0.3225964341114431 
2023-05-13 15:44:24,446 INFO used_ofi_cancel_1: 0.9313593539703903 , std 0.2528420608645791 
2023-05-13 15:44:24,446 INFO used_ofi_cancel_2: 0.9569313593539704 , std 0.20301165690406248 
2023-05-13 15:44:24,446 INFO used_ofi_cancel_3: 0.8618214445939884 , std 0.3450872965380201 
2023-05-13 15:44:24,446 INFO used_ofi_cancel_4: 0.7833109017496636 , std 0.4119889961513444 
2023-05-13 15:44:24,446 INFO used_ofi_cancel_5: 0.753252579632122 , std 0.43111846505302426 
2023-05-13 15:44:24,446 INFO used_ofi_cancel_6: 0.8461193360251233 , std 0.36083431825358264 
2023-05-13 15:44:24,446 INFO used_ofi_trade_1: 0.7613279497532526 , std 0.4262718647503744 
2023-05-13 15:44:24,446 INFO used_ofi_trade_2: 0.699416778824585 , std 0.45851166650721825 
2023-05-13 15:44:24,446 INFO used_ofi_trade_3: 0.6590399282189322 , std 0.47403196224739624 
2023-05-13 15:44:24,446 INFO used_ofi_trade_4: 0.6244952893674294 , std 0.484252953450281 
2023-05-13 15:44:24,446 INFO used_ofi_trade_5: 0.6554508748317631 , std 0.47522102806382577 
2023-05-13 15:44:24,447 INFO used_ofi_trade_6: 0.7792732166890982 , std 0.4147366278014567 
2023-05-13 15:44:24,447 INFO Grouping by ofi type:
2023-05-13 15:44:24,447 INFO add: 5.439210408254824
2023-05-13 15:44:24,447 INFO cancel: 5.1327949753252575
2023-05-13 15:44:24,447 INFO trade: 4.17900403768506
2023-05-13 15:44:24,447 INFO Grouping by level:
2023-05-13 15:44:24,447 INFO 1: 2.6496186630776135
2023-05-13 15:44:24,447 INFO 2: 2.626289816061014
2023-05-13 15:44:24,447 INFO 3: 2.4481830417227455
2023-05-13 15:44:24,447 INFO 4: 2.273665320771647
2023-05-13 15:44:24,447 INFO 5: 2.245850157021086
2023-05-13 15:44:24,447 INFO 6: 2.5074024226110363
2023-05-13 15:44:24,447 INFO Non empty regressions: 0.9995513683266039 --- 2228 / 2229
