2023-05-13 15:43:31,607 INFO Starting...
2023-05-13 15:43:31,607 INFO Tickers: ['CVS']
2023-05-13 15:43:34,537 INFO in_r2: 0.9296642792458734 , std 0.076066905315425 
2023-05-13 15:43:34,537 INFO os_r2: 0.8846426831169373 , std 0.8842095735647513 
2023-05-13 15:43:34,537 INFO intercept: -5.130949656724702e-07 , std 9.548329249290742e-06 
2023-05-13 15:43:34,537 INFO ofi_add_1: 7.90837190822171e-05 , std 8.325148985728861e-05 
2023-05-13 15:43:34,537 INFO ofi_add_2: 0.00011281030784353231 , std 6.809211437912833e-05 
2023-05-13 15:43:34,537 INFO ofi_add_3: 0.00011006703473440623 , std 6.806904098842869e-05 
2023-05-13 15:43:34,538 INFO ofi_add_4: 0.00010474811308468061 , std 6.647109949130211e-05 
2023-05-13 15:43:34,538 INFO ofi_add_5: 0.00010331777806495863 , std 7.041434147716872e-05 
2023-05-13 15:43:34,538 INFO ofi_add_6: 0.00016202764075887432 , std 8.318559717416123e-05 
2023-05-13 15:43:34,538 INFO ofi_cancel_1: 5.83942161507402e-05 , std 7.733354646480961e-05 
2023-05-13 15:43:34,538 INFO ofi_cancel_2: 0.00010622533634074724 , std 7.281772965265881e-05 
2023-05-13 15:43:34,538 INFO ofi_cancel_3: 0.00010524052865377209 , std 7.145695223725427e-05 
2023-05-13 15:43:34,538 INFO ofi_cancel_4: 0.00010241346947627303 , std 7.261552275158282e-05 
2023-05-13 15:43:34,538 INFO ofi_cancel_5: 0.0001010888388225994 , std 7.568367795779169e-05 
2023-05-13 15:43:34,538 INFO ofi_cancel_6: 0.00016019210231764416 , std 9.319243438964658e-05 
2023-05-13 15:43:34,538 INFO ofi_trade_1: 6.138814629147212e-05 , std 0.00011961789373419898 
2023-05-13 15:43:34,538 INFO ofi_trade_2: 0.00010789882441927138 , std 9.4961740621618e-05 
2023-05-13 15:43:34,538 INFO ofi_trade_3: 0.00010897823358923704 , std 9.124989179369214e-05 
2023-05-13 15:43:34,538 INFO ofi_trade_4: 0.00010612654878683738 , std 8.77090065221657e-05 
2023-05-13 15:43:34,538 INFO ofi_trade_5: 0.00010851406383341315 , std 9.245684174782086e-05 
2023-05-13 15:43:34,538 INFO ofi_trade_6: 0.00016247889066941135 , std 0.00010566976552166072 
2023-05-13 15:43:34,538 INFO used_intercept: 0.99984776982798 , std 0.01233722002700856 
2023-05-13 15:43:34,538 INFO used_ofi_add_1: 0.9366722484396407 , std 0.24355152933756888 
2023-05-13 15:43:34,538 INFO used_ofi_add_2: 0.9718374181762826 , std 0.1654371506305034 
2023-05-13 15:43:34,538 INFO used_ofi_add_3: 0.9665093621555793 , std 0.17991391002697546 
2023-05-13 15:43:34,538 INFO used_ofi_add_4: 0.9639214492312377 , std 0.18648562663966411 
2023-05-13 15:43:34,538 INFO used_ofi_add_5: 0.9569188613183133 , std 0.20303978470136336 
2023-05-13 15:43:34,538 INFO used_ofi_add_6: 0.9815801491855686 , std 0.1344639725369049 
2023-05-13 15:43:34,538 INFO used_ofi_cancel_1: 0.7092403714416198 , std 0.4541128350520089 
2023-05-13 15:43:34,538 INFO used_ofi_cancel_2: 0.9264728269142944 , std 0.26099986188450425 
2023-05-13 15:43:34,538 INFO used_ofi_cancel_3: 0.9351499467194397 , std 0.24626108882661243 
2023-05-13 15:43:34,538 INFO used_ofi_cancel_4: 0.930735271730857 , std 0.2539037724945117 
2023-05-13 15:43:34,538 INFO used_ofi_cancel_5: 0.920840310549551 , std 0.26998783864566483 
2023-05-13 15:43:34,538 INFO used_ofi_cancel_6: 0.9538742578779114 , std 0.2097573789781308 
2023-05-13 15:43:34,538 INFO used_ofi_trade_1: 0.4154361394428376 , std 0.49279707130589645 
2023-05-13 15:43:34,538 INFO used_ofi_trade_2: 0.817780484091947 , std 0.3860253410467865 
2023-05-13 15:43:34,538 INFO used_ofi_trade_3: 0.8643629167300959 , std 0.3424027816942164 
2023-05-13 15:43:34,538 INFO used_ofi_trade_4: 0.8713655046430202 , std 0.3347949551012304 
2023-05-13 15:43:34,538 INFO used_ofi_trade_5: 0.8747145684274623 , std 0.3310422816019438 
2023-05-13 15:43:34,539 INFO used_ofi_trade_6: 0.9314964225909576 , std 0.2526080705187501 
2023-05-13 15:43:34,539 INFO Grouping by ofi type:
2023-05-13 15:43:34,539 INFO add: 5.777439488506622
2023-05-13 15:43:34,539 INFO cancel: 5.376312985233673
2023-05-13 15:43:34,539 INFO trade: 4.7751560359263205
2023-05-13 15:43:34,539 INFO Grouping by level:
2023-05-13 15:43:34,539 INFO 1: 2.061348759324098
2023-05-13 15:43:34,539 INFO 2: 2.716090729182524
2023-05-13 15:43:34,539 INFO 3: 2.7660222256051146
2023-05-13 15:43:34,539 INFO 4: 2.766022225605115
2023-05-13 15:43:34,539 INFO 5: 2.7524737402953265
2023-05-13 15:43:34,540 INFO 6: 2.8669508296544373
2023-05-13 15:43:34,540 INFO Non empty regressions: 1.0 --- 6569 / 6569
