2023-05-13 15:44:40,170 INFO Starting...
2023-05-13 15:44:40,170 INFO Tickers: ['DUK']
2023-05-13 15:44:42,910 INFO in_r2: 0.9220586854114821 , std 0.045432953728759544 
2023-05-13 15:44:42,910 INFO os_r2: 0.89624429883037 , std 0.11145395515399248 
2023-05-13 15:44:42,910 INFO intercept: 1.1534672994532277e-07 , std 4.61584383222304e-06 
2023-05-13 15:44:42,910 INFO ofi_add_1: 6.026412044668069e-05 , std 6.058166036798527e-05 
2023-05-13 15:44:42,910 INFO ofi_add_2: 9.269123216349784e-05 , std 6.511088527979856e-05 
2023-05-13 15:44:42,910 INFO ofi_add_3: 8.451916946135645e-05 , std 5.320601968502503e-05 
2023-05-13 15:44:42,910 INFO ofi_add_4: 9.073026394388272e-05 , std 5.6889511720263125e-05 
2023-05-13 15:44:42,910 INFO ofi_add_5: 9.129434677271884e-05 , std 5.888003254885332e-05 
2023-05-13 15:44:42,911 INFO ofi_add_6: 0.00011625372466099423 , std 6.268826207234288e-05 
2023-05-13 15:44:42,911 INFO ofi_cancel_1: 4.4737425804497404e-05 , std 6.18640156430888e-05 
2023-05-13 15:44:42,911 INFO ofi_cancel_2: 9.376894859267402e-05 , std 6.780626893092344e-05 
2023-05-13 15:44:42,911 INFO ofi_cancel_3: 8.401426262700243e-05 , std 5.6707666345071634e-05 
2023-05-13 15:44:42,911 INFO ofi_cancel_4: 8.521289785191765e-05 , std 6.095447820033779e-05 
2023-05-13 15:44:42,911 INFO ofi_cancel_5: 8.78046460704041e-05 , std 6.345097291867866e-05 
2023-05-13 15:44:42,911 INFO ofi_cancel_6: 0.0001121138852753851 , std 6.785903754172911e-05 
2023-05-13 15:44:42,911 INFO ofi_trade_1: 3.62820844844447e-05 , std 8.832597002965983e-05 
2023-05-13 15:44:42,911 INFO ofi_trade_2: 7.935205772252034e-05 , std 9.658657538175365e-05 
2023-05-13 15:44:42,911 INFO ofi_trade_3: 8.609509029223153e-05 , std 8.380167818303956e-05 
2023-05-13 15:44:42,911 INFO ofi_trade_4: 9.663428830381368e-05 , std 8.37258839566089e-05 
2023-05-13 15:44:42,911 INFO ofi_trade_5: 0.0001038376710737404 , std 8.77374374889764e-05 
2023-05-13 15:44:42,911 INFO ofi_trade_6: 0.00011994643632215586 , std 9.296676587343712e-05 
2023-05-13 15:44:42,911 INFO used_intercept: 0.9996844430419691 , std 0.01776111994884227 
2023-05-13 15:44:42,911 INFO used_ofi_add_1: 0.8731461028715684 , std 0.3328092335133762 
2023-05-13 15:44:42,911 INFO used_ofi_add_2: 0.9338908172925213 , std 0.24847285298242927 
2023-05-13 15:44:42,911 INFO used_ofi_add_3: 0.94540864626065 , std 0.22718084830428625 
2023-05-13 15:44:42,911 INFO used_ofi_add_4: 0.9485642158409593 , std 0.2208849118137889 
2023-05-13 15:44:42,911 INFO used_ofi_add_5: 0.9367308299147996 , std 0.24344646680929746 
2023-05-13 15:44:42,911 INFO used_ofi_add_6: 0.9659198485326601 , std 0.18143509788159243 
2023-05-13 15:44:42,911 INFO used_ofi_cancel_1: 0.5994004417797413 , std 0.49001995079179406 
2023-05-13 15:44:42,911 INFO used_ofi_cancel_2: 0.9192174187440834 , std 0.2725009281113514 
2023-05-13 15:44:42,911 INFO used_ofi_cancel_3: 0.9256863363837172 , std 0.26228065696160047 
2023-05-13 15:44:42,911 INFO used_ofi_cancel_4: 0.9133796150205112 , std 0.28127796551719786 
2023-05-13 15:44:42,911 INFO used_ofi_cancel_5: 0.8998106658251814 , std 0.30025227974559177 
2023-05-13 15:44:42,911 INFO used_ofi_cancel_6: 0.9323130325023666 , std 0.2512079654959366 
2023-05-13 15:44:42,911 INFO used_ofi_trade_1: 0.25071000315556957 , std 0.43342184701893366 
2023-05-13 15:44:42,911 INFO used_ofi_trade_2: 0.602398232881035 , std 0.48940229045524636 
2023-05-13 15:44:42,911 INFO used_ofi_trade_3: 0.77816345850426 , std 0.4154817569436098 
2023-05-13 15:44:42,911 INFO used_ofi_trade_4: 0.8218680971915431 , std 0.38262374208913824 
2023-05-13 15:44:42,911 INFO used_ofi_trade_5: 0.8318081413695172 , std 0.37403657217029795 
2023-05-13 15:44:42,912 INFO used_ofi_trade_6: 0.8346481539917955 , std 0.37149779680353895 
2023-05-13 15:44:42,912 INFO Grouping by ofi type:
2023-05-13 15:44:42,912 INFO add: 5.60366046071316
2023-05-13 15:44:42,912 INFO cancel: 5.189807510255601
2023-05-13 15:44:42,912 INFO trade: 4.11959608709372
2023-05-13 15:44:42,912 INFO Grouping by level:
2023-05-13 15:44:42,912 INFO 1: 1.7232565478068793
2023-05-13 15:44:42,912 INFO 2: 2.4555064689176396
2023-05-13 15:44:42,913 INFO 3: 2.6492584411486275
2023-05-13 15:44:42,913 INFO 4: 2.6838119280530135
2023-05-13 15:44:42,913 INFO 5: 2.668349637109498
2023-05-13 15:44:42,913 INFO 6: 2.7328810350268222
2023-05-13 15:44:42,913 INFO Non empty regressions: 0.9998422215209846 --- 6337 / 6338
