2023-05-13 15:41:50,312 INFO Starting...
2023-05-13 15:41:50,313 INFO Tickers: ['KO']
2023-05-13 15:41:53,242 INFO in_r2: 0.9653544245831077 , std 0.04658308944544258 
2023-05-13 15:41:53,242 INFO os_r2: 0.9168766267752283 , std 0.35740068155953564 
2023-05-13 15:41:53,242 INFO intercept: 1.1148540455921936e-07 , std 2.5057728094983825e-06 
2023-05-13 15:41:53,242 INFO ofi_add_1: 6.186037231086846e-05 , std 5.247388090710335e-05 
2023-05-13 15:41:53,242 INFO ofi_add_2: 0.0001620813666152392 , std 8.071830481695237e-05 
2023-05-13 15:41:53,242 INFO ofi_add_3: 6.849994817445447e-05 , std 6.506376218845162e-05 
2023-05-13 15:41:53,242 INFO ofi_add_4: 3.536251482071036e-05 , std 4.531076645436408e-05 
2023-05-13 15:41:53,242 INFO ofi_add_5: 0.00014823952907846215 , std 9.748556692600516e-05 
2023-05-13 15:41:53,243 INFO ofi_add_6: 0.00017854039213649906 , std 0.0001682800437913249 
2023-05-13 15:41:53,243 INFO ofi_cancel_1: 2.6976124725459863e-05 , std 4.0402961698117304e-05 
2023-05-13 15:41:53,243 INFO ofi_cancel_2: 7.363548209495648e-05 , std 7.395431340173728e-05 
2023-05-13 15:41:53,243 INFO ofi_cancel_3: 7.164754331407671e-05 , std 6.790620228098991e-05 
2023-05-13 15:41:53,243 INFO ofi_cancel_4: 3.9007856218772865e-05 , std 5.2315406150539114e-05 
2023-05-13 15:41:53,243 INFO ofi_cancel_5: 0.00010185491138675472 , std 0.00010204694219670232 
2023-05-13 15:41:53,243 INFO ofi_cancel_6: 0.00018546501990072292 , std 0.00018972253381653215 
2023-05-13 15:41:53,243 INFO ofi_trade_1: 9.90187765402987e-06 , std 4.5763372905439826e-05 
2023-05-13 15:41:53,243 INFO ofi_trade_2: 0.00014306804286693122 , std 0.00010911584655881472 
2023-05-13 15:41:53,243 INFO ofi_trade_3: 0.00010430645611688004 , std 9.156439002156815e-05 
2023-05-13 15:41:53,243 INFO ofi_trade_4: 7.130613004448822e-05 , std 7.225622563983204e-05 
2023-05-13 15:41:53,243 INFO ofi_trade_5: 0.00011936686616824133 , std 0.00011344984722405855 
2023-05-13 15:41:53,243 INFO ofi_trade_6: 0.00012234899172868714 , std 0.000155071429950576 
2023-05-13 15:41:53,243 INFO used_intercept: 0.9990272373540856 , std 0.03117396956996511 
2023-05-13 15:41:53,243 INFO used_ofi_add_1: 0.9751250694830461 , std 0.1557439191388562 
2023-05-13 15:41:53,243 INFO used_ofi_add_2: 0.9901334074485826 , std 0.09883948048650279 
2023-05-13 15:41:53,243 INFO used_ofi_add_3: 0.8219844357976653 , std 0.3825258463216036 
2023-05-13 15:41:53,243 INFO used_ofi_add_4: 0.8041967759866593 , std 0.39681774340284015 
2023-05-13 15:41:53,243 INFO used_ofi_add_5: 0.8956364647026126 , std 0.3057315616641802 
2023-05-13 15:41:53,243 INFO used_ofi_add_6: 0.6891328515842134 , std 0.4628485329474686 
2023-05-13 15:41:53,243 INFO used_ofi_cancel_1: 0.5264035575319622 , std 0.49930236545569895 
2023-05-13 15:41:53,243 INFO used_ofi_cancel_2: 0.664952751528627 , std 0.47200698062966717 
2023-05-13 15:41:53,243 INFO used_ofi_cancel_3: 0.8457476375764313 , std 0.3611904914450499 
2023-05-13 15:41:53,243 INFO used_ofi_cancel_4: 0.778349082823791 , std 0.415357422097107 
2023-05-13 15:41:53,243 INFO used_ofi_cancel_5: 0.6650917176209005 , std 0.4719583930527996 
2023-05-13 15:41:53,243 INFO used_ofi_cancel_6: 0.6142301278488049 , std 0.4867766201160915 
2023-05-13 15:41:53,243 INFO used_ofi_trade_1: 0.08240689271817676 , std 0.2749836299686068 
2023-05-13 15:41:53,243 INFO used_ofi_trade_2: 0.8189271817676487 , std 0.38507850203529304 
2023-05-13 15:41:53,243 INFO used_ofi_trade_3: 0.8192051139521956 , std 0.38484814567146575 
2023-05-13 15:41:53,243 INFO used_ofi_trade_4: 0.782657031684269 , std 0.41243787706688406 
2023-05-13 15:41:53,243 INFO used_ofi_trade_5: 0.6869093941078377 , std 0.4637508796695064 
2023-05-13 15:41:53,243 INFO used_ofi_trade_6: 0.508893829905503 , std 0.4999208935317786 
2023-05-13 15:41:53,244 INFO Grouping by ofi type:
2023-05-13 15:41:53,244 INFO add: 5.17620900500278
2023-05-13 15:41:53,244 INFO cancel: 4.094774874930517
2023-05-13 15:41:53,244 INFO trade: 3.698999444135631
2023-05-13 15:41:53,245 INFO Grouping by level:
2023-05-13 15:41:53,245 INFO 1: 1.583935519733185
2023-05-13 15:41:53,245 INFO 2: 2.4740133407448583
2023-05-13 15:41:53,245 INFO 3: 2.4869371873262924
2023-05-13 15:41:53,245 INFO 4: 2.3652028904947193
2023-05-13 15:41:53,245 INFO 5: 2.2476375764313508
2023-05-13 15:41:53,245 INFO 6: 1.8122568093385214
2023-05-13 15:41:53,245 INFO Non empty regressions: 0.9991662034463591 --- 7190 / 7196
