2023-05-13 15:43:36,883 INFO Starting...
2023-05-13 15:43:36,883 INFO Tickers: ['LMT']
2023-05-13 15:43:38,468 INFO in_r2: 0.6810269791759916 , std 0.17961309918274357 
2023-05-13 15:43:38,469 INFO os_r2: 0.36057106940513134 , std 3.656936350618982 
2023-05-13 15:43:38,469 INFO intercept: 6.857740470139624e-07 , std 2.048068592588291e-05 
2023-05-13 15:43:38,469 INFO ofi_add_1: 0.0001577545765864069 , std 0.0001551307297905221 
2023-05-13 15:43:38,469 INFO ofi_add_2: 0.0001241201759298135 , std 0.00013787263132495925 
2023-05-13 15:43:38,469 INFO ofi_add_3: 9.839818191726192e-05 , std 0.00011479809112724097 
2023-05-13 15:43:38,469 INFO ofi_add_4: 7.401373805590021e-05 , std 0.00011637433329828067 
2023-05-13 15:43:38,469 INFO ofi_add_5: 6.548907044296449e-05 , std 0.00011248118332524525 
2023-05-13 15:43:38,469 INFO ofi_add_6: 9.140296205160215e-05 , std 0.00012587976458098386 
2023-05-13 15:43:38,469 INFO ofi_cancel_1: 0.0001666103982625848 , std 0.00020371854515604233 
2023-05-13 15:43:38,469 INFO ofi_cancel_2: 0.00012949896989568219 , std 0.00014160105152100037 
2023-05-13 15:43:38,469 INFO ofi_cancel_3: 8.451815557237401e-05 , std 0.00011455375725644773 
2023-05-13 15:43:38,469 INFO ofi_cancel_4: 6.416839640785627e-05 , std 0.00011623965369434092 
2023-05-13 15:43:38,469 INFO ofi_cancel_5: 5.7621342135123295e-05 , std 0.00011189156540483968 
2023-05-13 15:43:38,469 INFO ofi_cancel_6: 8.244015392159867e-05 , std 0.00012428903948398043 
2023-05-13 15:43:38,469 INFO ofi_trade_1: 0.00021350259728647214 , std 0.0002871435317534267 
2023-05-13 15:43:38,469 INFO ofi_trade_2: 0.00012572395003880324 , std 0.00022693869791469542 
2023-05-13 15:43:38,469 INFO ofi_trade_3: 9.87423434371244e-05 , std 0.00019318041727308153 
2023-05-13 15:43:38,469 INFO ofi_trade_4: 9.928953956604078e-05 , std 0.00022175274953110935 
2023-05-13 15:43:38,469 INFO ofi_trade_5: 0.00011551267401559623 , std 0.0002496030319148879 
2023-05-13 15:43:38,469 INFO ofi_trade_6: 0.0001889105535176191 , std 0.00028915835069754975 
2023-05-13 15:43:38,469 INFO used_intercept: 1.0 , std 0.0 
2023-05-13 15:43:38,469 INFO used_ofi_add_1: 0.9468954248366013 , std 0.22424201047108372 
2023-05-13 15:43:38,469 INFO used_ofi_add_2: 0.9142156862745098 , std 0.28004529141575807 
2023-05-13 15:43:38,470 INFO used_ofi_add_3: 0.8790849673202614 , std 0.32602850726860727 
2023-05-13 15:43:38,470 INFO used_ofi_add_4: 0.8316993464052288 , std 0.3741330560032674 
2023-05-13 15:43:38,470 INFO used_ofi_add_5: 0.7859477124183006 , std 0.4101632672031234 
2023-05-13 15:43:38,470 INFO used_ofi_add_6: 0.8521241830065359 , std 0.3549768439517986 
2023-05-13 15:43:38,470 INFO used_ofi_cancel_1: 0.8815359477124183 , std 0.32315680497737753 
2023-05-13 15:43:38,470 INFO used_ofi_cancel_2: 0.9019607843137255 , std 0.2973676644726098 
2023-05-13 15:43:38,470 INFO used_ofi_cancel_3: 0.8251633986928104 , std 0.37982728199872684 
2023-05-13 15:43:38,470 INFO used_ofi_cancel_4: 0.7459150326797386 , std 0.4353456060443508 
2023-05-13 15:43:38,470 INFO used_ofi_cancel_5: 0.7181372549019608 , std 0.4499068103772569 
2023-05-13 15:43:38,470 INFO used_ofi_cancel_6: 0.7892156862745098 , std 0.4078655254036118 
2023-05-13 15:43:38,470 INFO used_ofi_trade_1: 0.8014705882352942 , std 0.3988928232358483 
2023-05-13 15:43:38,470 INFO used_ofi_trade_2: 0.6601307189542484 , std 0.4736645995292402 
2023-05-13 15:43:38,470 INFO used_ofi_trade_3: 0.5669934640522876 , std 0.49549154964971387 
2023-05-13 15:43:38,470 INFO used_ofi_trade_4: 0.571078431372549 , std 0.49492207123305565 
2023-05-13 15:43:38,470 INFO used_ofi_trade_5: 0.5612745098039216 , std 0.4962312308272113 
2023-05-13 15:43:38,470 INFO used_ofi_trade_6: 0.6862745098039216 , std 0.4640062574980091 
2023-05-13 15:43:38,470 INFO Grouping by ofi type:
2023-05-13 15:43:38,470 INFO add: 5.2099673202614385
2023-05-13 15:43:38,471 INFO cancel: 4.8619281045751634
2023-05-13 15:43:38,471 INFO trade: 3.847222222222223
2023-05-13 15:43:38,471 INFO Grouping by level:
2023-05-13 15:43:38,471 INFO 1: 2.6299019607843137
2023-05-13 15:43:38,471 INFO 2: 2.4763071895424837
2023-05-13 15:43:38,471 INFO 3: 2.2712418300653594
2023-05-13 15:43:38,471 INFO 4: 2.1486928104575167
2023-05-13 15:43:38,471 INFO 5: 2.0653594771241828
2023-05-13 15:43:38,471 INFO 6: 2.3276143790849675
2023-05-13 15:43:38,471 INFO Non empty regressions: 0.9959150326797386 --- 1219 / 1224
