2023-05-13 15:40:36,847 INFO Experiment: individual_price_impact
2023-05-13 15:40:41,221 INFO AAPL --- INS : 0.9309598900300496 --- OOS : 0.9001498500790478
2023-05-13 15:40:44,415 INFO MSFT --- INS : 0.960606928404673 --- OOS : 0.9363294113725035
2023-05-13 15:40:47,702 INFO AMZN --- INS : 0.7624961625291451 --- OOS : 0.6510002470746722
2023-05-13 15:40:51,002 INFO FB --- INS : 0.9341387779702959 --- OOS : 0.907170984808793
2023-05-13 15:40:53,764 INFO BRK.B --- INS : 0.8514933735068411 --- OOS : 0.8044384597300228
2023-05-13 15:40:56,905 INFO JPM --- INS : 0.9595501842885089 --- OOS : 0.9454302211948084
2023-05-13 15:40:59,957 INFO GOOG --- INS : 0.7053080993533731 --- OOS : 0.5519843305345951
2023-05-13 15:41:02,970 INFO GOOGL --- INS : 0.7313339665162376 --- OOS : 0.5854634157396804
2023-05-13 15:41:05,882 INFO JNJ --- INS : 0.8955191677487458 --- OOS : 0.8606593745176122
2023-05-13 15:41:08,848 INFO V --- INS : 0.9144586850181619 --- OOS : 0.8846048346651353
2023-05-13 15:41:11,837 INFO PG --- INS : 0.9435176224114259 --- OOS : 0.9203717353870802
2023-05-13 15:41:14,770 INFO XOM --- INS : 0.954425468644657 --- OOS : 0.9301532819037454
2023-05-13 15:41:17,656 INFO BAC --- INS : 0.9771264058496972 --- OOS : 0.9231742903252282
2023-05-13 15:41:20,408 INFO T --- INS : 0.9640252952041874 --- OOS : 0.8980999689157181
2023-05-13 15:41:23,059 INFO UNH --- INS : 0.8659029674816655 --- OOS : 0.7974957168525332
2023-05-13 15:41:26,171 INFO DIS --- INS : 0.916749237661722 --- OOS : 0.8889264870735838
2023-05-13 15:41:29,057 INFO MA --- INS : 0.8267053339923176 --- OOS : 0.7404136205210313
2023-05-13 15:41:32,088 INFO INTC --- INS : 0.9807339028969053 --- OOS : 0.9554165780501203
2023-05-13 15:41:35,045 INFO VZ --- INS : 0.9749284557957917 --- OOS : 0.9447815524977452
2023-05-13 15:41:38,151 INFO HD --- INS : 0.8738611263627588 --- OOS : 0.8184473910774333
2023-05-13 15:41:41,096 INFO MRK --- INS : 0.9667610279390217 --- OOS : 0.9481221527576074
2023-05-13 15:41:44,166 INFO CVX --- INS : 0.9145872744482648 --- OOS : 0.8876433384893896
2023-05-13 15:41:47,441 INFO WFC --- INS : 0.9838316412614427 --- OOS : 0.9693445713244999
2023-05-13 15:41:50,309 INFO PFE --- INS : 0.9701874841867668 --- OOS : 0.9127705801516252
2023-05-13 15:41:53,245 INFO KO --- INS : 0.9653544245831077 --- OOS : 0.9168766267752283
2023-05-13 15:41:56,175 INFO CMCSA --- INS : 0.9798020053386739 --- OOS : 0.9568034685163874
2023-05-13 15:41:59,111 INFO CSCO --- INS : 0.9768763077502577 --- OOS : 0.9387043813985714
2023-05-13 15:42:02,023 INFO PEP --- INS : 0.910935059043024 --- OOS : 0.8771332132733888
2023-05-13 15:42:04,536 INFO BA --- INS : 0.8363812670085204 --- OOS : 0.7485102147586447
2023-05-13 15:42:07,475 INFO C --- INS : 0.9669886962057581 --- OOS : 0.9495749795642007
2023-05-13 15:42:10,518 INFO WMT --- INS : 0.9341283746035648 --- OOS : 0.9049542825050888
2023-05-13 15:42:13,376 INFO ADBE --- INS : 0.8613225643670914 --- OOS : 0.8010921570769026
2023-05-13 15:42:16,175 INFO MDT --- INS : 0.9118590661871034 --- OOS : 0.8750185727664308
2023-05-13 15:42:19,012 INFO ABT --- INS : 0.9501936547954964 --- OOS : 0.9180484651909185
2023-05-13 15:42:21,722 INFO MCD --- INS : 0.8604716631775868 --- OOS : 0.8066575316617386
2023-05-13 15:42:24,521 INFO BMY --- INS : 0.9711774137012784 --- OOS : 0.9544518793261649
2023-05-13 15:42:27,383 INFO AMGN --- INS : 0.8582267248549366 --- OOS : 0.7802319075631347
2023-05-13 15:42:30,413 INFO CRM --- INS : 0.8771559328416136 --- OOS : 0.8293489095242715
2023-05-13 15:42:33,742 INFO NVDA --- INS : 0.9013085156329701 --- OOS : 0.857334829288859
2023-05-13 15:42:36,755 INFO PM --- INS : 0.8983761064378456 --- OOS : 0.8599328079519862
2023-05-13 15:42:40,082 INFO NFLX --- INS : 0.8523662910075371 --- OOS : 0.789618520097864
2023-05-13 15:42:42,920 INFO ABBV --- INS : 0.9084176576277928 --- OOS : 0.8583614261052207
2023-05-13 15:42:45,117 INFO ACN --- INS : 0.8274060945419577 --- OOS : 0.7570374950684593
2023-05-13 15:42:47,909 INFO COST --- INS : 0.8362167299169184 --- OOS : 0.7365724036210928
2023-05-13 15:42:51,033 INFO PYPL --- INS : 0.9517063634243974 --- OOS : 0.9275890609739134
2023-05-13 15:42:52,714 INFO TMO --- INS : 0.7129902784583884 --- OOS : 0.5272770166690375
2023-05-13 15:42:55,420 INFO AVGO --- INS : 0.8301029652865715 --- OOS : 0.7228704814185521
2023-05-13 15:42:57,909 INFO HON --- INS : 0.8562330982637811 --- OOS : 0.8037380683491658
2023-05-13 15:43:00,704 INFO UNP --- INS : 0.8730469714056631 --- OOS : 0.8228526450061237
2023-05-13 15:43:03,798 INFO NKE --- INS : 0.9471300316597415 --- OOS : 0.914521688092267
2023-05-13 15:43:06,467 INFO UTX --- INS : 0.8892887166476743 --- OOS : 0.8467691865838269
2023-05-13 15:43:09,474 INFO ORCL --- INS : 0.9727181086664101 --- OOS : 0.9086377263913606
2023-05-13 15:43:12,317 INFO IBM --- INS : 0.8811908642826535 --- OOS : -0.019397552248720924
2023-05-13 15:43:15,567 INFO TXN --- INS : 0.9268377128751412 --- OOS : 0.8982050600500964
2023-05-13 15:43:17,499 INFO NEE --- INS : 0.8175962521674404 --- OOS : 0.712320408861436
2023-05-13 15:43:18,292 INFO LIN --- INS : 0.769319214475991 --- OOS : 0.6208487005476699
2023-05-13 15:43:21,145 INFO SBUX --- INS : 0.9661878797709345 --- OOS : 0.9359923767722533
2023-05-13 15:43:23,807 INFO LLY --- INS : 0.8984489606298933 --- OOS : 0.8573830314827476
2023-05-13 15:43:26,852 INFO QCOM --- INS : 0.9668461023294551 --- OOS : 0.9384395911434388
2023-05-13 15:43:29,127 INFO MMM --- INS : 0.8484342250472235 --- OOS : 0.7852047446552987
2023-05-13 15:43:31,604 INFO GE --- INS : 0.959759190786109 --- OOS : 0.862756289486607
2023-05-13 15:43:34,540 INFO CVS --- INS : 0.9296642792458734 --- OOS : 0.8846426831169373
2023-05-13 15:43:36,880 INFO DHR --- INS : 0.8775228943903151 --- OOS : 0.8322851385527507
2023-05-13 15:43:38,471 INFO LMT --- INS : 0.6810269791759916 --- OOS : 0.36057106940513134
2023-05-13 15:43:40,248 INFO AMT --- INS : 0.7617088970064829 --- OOS : 0.6384548576970648
2023-05-13 15:43:43,115 INFO MO --- INS : 0.9649002044483393 --- OOS : 0.9429584223772304
2023-05-13 15:43:46,217 INFO LOW --- INS : 0.8960998900507213 --- OOS : 0.855263320071945
2023-05-13 15:43:49,168 INFO USB --- INS : 0.9884883850281078 --- OOS : 0.9786400159497287
2023-05-13 15:43:50,008 INFO BKNG --- INS : 0.5918057981443972 --- OOS : 0.24688668013403334
2023-05-13 15:43:52,924 INFO AXP --- INS : 0.9148086491537336 --- OOS : 0.8855804777685378
2023-05-13 15:43:54,718 INFO FIS --- INS : 0.8360597466354285 --- OOS : 0.7640832682574504
2023-05-13 15:43:57,801 INFO GILD --- INS : 0.9509740855708553 --- OOS : 0.9224923942707188
2023-05-13 15:44:00,361 INFO UPS --- INS : 0.8659071341376372 --- OOS : 0.8090137334205812
2023-05-13 15:44:03,428 INFO CAT --- INS : 0.8986672436325898 --- OOS : 0.857827915945138
2023-05-13 15:44:06,351 INFO MDLZ --- INS : 0.977722970847498 --- OOS : 0.9501108627081313
2023-05-13 15:44:08,013 INFO CHTR --- INS : 0.7217271108930776 --- OOS : 0.5225785035023259
2023-05-13 15:44:08,199 INFO TFC --- INS : 0.9571522860191125 --- OOS : 0.9284447111353025
2023-05-13 15:44:09,720 INFO ANTM --- INS : 0.6964119607484012 --- OOS : 0.4653778122547776
2023-05-13 15:44:12,203 INFO GS --- INS : 0.869181061612216 --- OOS : 0.8216747694129123
2023-05-13 15:44:13,800 INFO CI --- INS : 0.7498995510100774 --- OOS : 0.6116204564529109
2023-05-13 15:44:16,506 INFO TJX --- INS : 0.939983592643888 --- OOS : 0.9166245197602818
2023-05-13 15:44:19,082 INFO ADP --- INS : 0.8663983312300222 --- OOS : 0.8020888503606258
2023-05-13 15:44:20,604 INFO BDX --- INS : 0.7045689421270778 --- OOS : 0.5394609336871634
2023-05-13 15:44:22,700 INFO CME --- INS : 0.8215701093609498 --- OOS : 0.7179370700050639
2023-05-13 15:44:24,448 INFO CB --- INS : 0.8043611842299639 --- OOS : 0.6872249565845263
2023-05-13 15:44:27,131 INFO PNC --- INS : 0.859722942111019 --- OOS : 0.8143752862098429
2023-05-13 15:44:29,424 INFO COP --- INS : 0.9563974493299628 --- OOS : 0.9409226488710508
2023-05-13 15:44:31,546 INFO INTU --- INS : 0.8200230396705684 --- OOS : 0.7268155509153021
2023-05-13 15:44:33,244 INFO ISRG --- INS : 0.6794622006471239 --- OOS : 0.4942807689634088
2023-05-13 15:44:36,089 INFO D --- INS : 0.9287728012156401 --- OOS : 0.9048537066688375
2023-05-13 15:44:37,758 INFO SPGI --- INS : 0.7557861231674958 --- OOS : 0.6147253726635373
2023-05-13 15:44:40,167 INFO FISV --- INS : 0.9003224644520049 --- OOS : 0.8529065449926773
2023-05-13 15:44:42,913 INFO DUK --- INS : 0.9220586854114821 --- OOS : 0.89624429883037
2023-05-13 15:44:44,433 INFO SYK --- INS : 0.6912938084073644 --- OOS : 0.5249390250474925
2023-05-13 15:44:47,081 INFO SO --- INS : 0.9812087368904082 --- OOS : 0.9639181648717685
2023-05-13 15:44:50,181 INFO TGT --- INS : 0.9195610137167538 --- OOS : 0.884607976794369
2023-05-13 15:44:53,151 INFO MS --- INS : 0.9836123035784249 --- OOS : 0.9708290436588722
2023-05-13 15:44:55,732 INFO BSX --- INS : 0.9805893581643074 --- OOS : 0.9599990448499337
2023-05-13 15:44:57,207 INFO AGN --- INS : 0.806735997565914 --- OOS : 0.7315571599222747
2023-05-13 15:44:58,841 INFO RTN --- INS : 0.7575564179196733 --- OOS : 0.6441582755764897
2023-05-13 15:44:59,066 INFO in_r2: 0.9092654962025801 , std 0.09284849122341075 
2023-05-13 15:44:59,066 INFO os_r2: 0.8512079028125428 , std 7.061231695138618 
2023-05-13 15:44:59,066 INFO intercept: 1.6601190329324102e-07 , std 8.470980158881264e-06 
2023-05-13 15:44:59,066 INFO ofi_add_1: 6.08476308890232e-05 , std 6.329244254145966e-05 
2023-05-13 15:44:59,066 INFO ofi_add_2: 0.00011372065896982958 , std 0.00012842910003221106 
2023-05-13 15:44:59,066 INFO ofi_add_3: 8.738922252506608e-05 , std 9.410981039959167e-05 
2023-05-13 15:44:59,066 INFO ofi_add_4: 8.54109877948207e-05 , std 0.0001005868156224216 
2023-05-13 15:44:59,066 INFO ofi_add_5: 8.882726055322043e-05 , std 0.00010192929904531433 
2023-05-13 15:44:59,066 INFO ofi_add_6: 0.00012906737971129972 , std 0.00011855598343809148 
2023-05-13 15:44:59,066 INFO ofi_cancel_1: 5.1392738919434265e-05 , std 7.020014938648812e-05 
2023-05-13 15:44:59,066 INFO ofi_cancel_2: 8.709844623660044e-05 , std 8.14479157512725e-05 
2023-05-13 15:44:59,066 INFO ofi_cancel_3: 8.196616269938773e-05 , std 8.843042808312032e-05 
2023-05-13 15:44:59,066 INFO ofi_cancel_4: 7.95706513225182e-05 , std 0.00011015679563317281 
2023-05-13 15:44:59,066 INFO ofi_cancel_5: 8.199537864861483e-05 , std 0.00010949357917415711 
2023-05-13 15:44:59,066 INFO ofi_cancel_6: 0.00012278038563590945 , std 0.00013101787183564373 
2023-05-13 15:44:59,066 INFO ofi_trade_1: 4.7763350341781786e-05 , std 0.00010208934787197126 
2023-05-13 15:44:59,066 INFO ofi_trade_2: 0.0001071688799282997 , std 0.00014722451693029287 
2023-05-13 15:44:59,066 INFO ofi_trade_3: 9.878554108015412e-05 , std 0.00013022081597138777 
2023-05-13 15:44:59,066 INFO ofi_trade_4: 9.215855337164856e-05 , std 0.0001219288015914903 
2023-05-13 15:44:59,066 INFO ofi_trade_5: 9.658224522660336e-05 , std 0.0001210626097716973 
2023-05-13 15:44:59,066 INFO ofi_trade_6: 0.0001299538774476248 , std 0.00013454906296596383 
2023-05-13 15:44:59,066 INFO used_intercept: 0.9996583488461425 , std 0.01848065010616743 
2023-05-13 15:44:59,066 INFO used_ofi_add_1: 0.9095917176373253 , std 0.2867658013831245 
2023-05-13 15:44:59,066 INFO used_ofi_add_2: 0.954876193008894 , std 0.2075756465333431 
2023-05-13 15:44:59,066 INFO used_ofi_add_3: 0.9213851461158881 , std 0.2691366913538391 
2023-05-13 15:44:59,066 INFO used_ofi_add_4: 0.9080330496705374 , std 0.28897929056692057 
2023-05-13 15:44:59,066 INFO used_ofi_add_5: 0.8967641018822209 , std 0.3042667373499685 
2023-05-13 15:44:59,067 INFO used_ofi_add_6: 0.9266428803593062 , std 0.26072179164526066 
2023-05-13 15:44:59,067 INFO used_ofi_cancel_1: 0.6965546789587211 , std 0.4597458626017574 
2023-05-13 15:44:59,067 INFO used_ofi_cancel_2: 0.8612859380078598 , std 0.3456479003231191 
2023-05-13 15:44:59,067 INFO used_ofi_cancel_3: 0.884845093520078 , std 0.31920879372837224 
2023-05-13 15:44:59,067 INFO used_ofi_cancel_4: 0.8573227846231126 , std 0.34974337390318727 
2023-05-13 15:44:59,067 INFO used_ofi_cancel_5: 0.8299943858404988 , std 0.37563773148307666 
2023-05-13 15:44:59,067 INFO used_ofi_cancel_6: 0.8612970185858227 , std 0.3456363180584408 
2023-05-13 15:44:59,067 INFO used_ofi_trade_1: 0.393249711904973 , std 0.4884714689637755 
2023-05-13 15:44:59,067 INFO used_ofi_trade_2: 0.745318455810655 , std 0.435682057512902 
2023-05-13 15:44:59,067 INFO used_ofi_trade_3: 0.7884163637975357 , std 0.4084311460868375 
2023-05-13 15:44:59,067 INFO used_ofi_trade_4: 0.7819600803711255 , std 0.41291465592433074 
2023-05-13 15:44:59,067 INFO used_ofi_trade_5: 0.7846618946310906 , std 0.41105669407642287 
2023-05-13 15:44:59,067 INFO used_ofi_trade_6: 0.8231798303932867 , std 0.3815164442418787 
2023-05-13 15:44:59,067 INFO Grouping by ofi type:
2023-05-13 15:44:59,067 INFO add: 5.5172930886741725
2023-05-13 15:44:59,067 INFO cancel: 4.991299899536093
2023-05-13 15:44:59,067 INFO trade: 4.316786336908667
2023-05-13 15:44:59,067 INFO Grouping by level:
2023-05-13 15:44:59,067 INFO 1: 1.9993961085010195
2023-05-13 15:44:59,067 INFO 2: 2.561480586827409
2023-05-13 15:44:59,067 INFO 3: 2.5946466034335014
2023-05-13 15:44:59,067 INFO 4: 2.5473159146647757
2023-05-13 15:44:59,067 INFO 5: 2.51142038235381
2023-05-13 15:44:59,067 INFO 6: 2.611119729338416
2023-05-13 15:44:59,075 INFO Non empty regressions: 0.999558623644476 --- 541249 / 541488
