2023-05-13 15:43:26,855 INFO Starting...
2023-05-13 15:43:26,855 INFO Tickers: ['MMM']
2023-05-13 15:43:29,124 INFO in_r2: 0.8484342250472235 , std 0.08690876556114456 
2023-05-13 15:43:29,124 INFO os_r2: 0.7852047446552987 , std 0.2221659968186782 
2023-05-13 15:43:29,124 INFO intercept: 1.3232145705052664e-06 , std 1.1599678167641864e-05 
2023-05-13 15:43:29,124 INFO ofi_add_1: 8.369145724577423e-05 , std 8.018569118441777e-05 
2023-05-13 15:43:29,124 INFO ofi_add_2: 9.929606244613304e-05 , std 7.647448495639431e-05 
2023-05-13 15:43:29,124 INFO ofi_add_3: 7.088881541937893e-05 , std 6.0794081851675246e-05 
2023-05-13 15:43:29,124 INFO ofi_add_4: 5.1490679124256e-05 , std 5.284790900997058e-05 
2023-05-13 15:43:29,124 INFO ofi_add_5: 4.572363199537828e-05 , std 5.19124317035572e-05 
2023-05-13 15:43:29,124 INFO ofi_add_6: 6.677657111062918e-05 , std 5.8470650760105865e-05 
2023-05-13 15:43:29,124 INFO ofi_cancel_1: 9.615384032044704e-05 , std 9.599417640831754e-05 
2023-05-13 15:43:29,124 INFO ofi_cancel_2: 0.00010647122351436428 , std 7.921025799335312e-05 
2023-05-13 15:43:29,124 INFO ofi_cancel_3: 6.470025575274049e-05 , std 5.934620638440195e-05 
2023-05-13 15:43:29,124 INFO ofi_cancel_4: 4.411411302289984e-05 , std 5.317838065146413e-05 
2023-05-13 15:43:29,125 INFO ofi_cancel_5: 3.9166231442149026e-05 , std 5.150798228969814e-05 
2023-05-13 15:43:29,125 INFO ofi_cancel_6: 5.895908750244796e-05 , std 6.146962231364094e-05 
2023-05-13 15:43:29,125 INFO ofi_trade_1: 8.465467513719575e-05 , std 0.00012803516234076578 
2023-05-13 15:43:29,125 INFO ofi_trade_2: 9.747203319038724e-05 , std 0.00012241976054733675 
2023-05-13 15:43:29,125 INFO ofi_trade_3: 7.785576919074503e-05 , std 0.00010441010130447366 
2023-05-13 15:43:29,125 INFO ofi_trade_4: 6.717283197379028e-05 , std 0.00010116681810116028 
2023-05-13 15:43:29,125 INFO ofi_trade_5: 6.626875163390901e-05 , std 0.00010072717340973447 
2023-05-13 15:43:29,125 INFO ofi_trade_6: 9.541978783553252e-05 , std 0.00011378195094801096 
2023-05-13 15:43:29,125 INFO used_intercept: 0.9991967871485944 , std 0.028329625845057677 
2023-05-13 15:43:29,125 INFO used_ofi_add_1: 0.9204819277108434 , std 0.27054564950960325 
2023-05-13 15:43:29,125 INFO used_ofi_add_2: 0.9585006693440429 , std 0.19944206229144515 
2023-05-13 15:43:29,125 INFO used_ofi_add_3: 0.921285140562249 , std 0.26929320515275934 
2023-05-13 15:43:29,125 INFO used_ofi_add_4: 0.8728246318607764 , std 0.33316931713150977 
2023-05-13 15:43:29,125 INFO used_ofi_add_5: 0.8524765729585007 , std 0.35462693850782223 
2023-05-13 15:43:29,125 INFO used_ofi_add_6: 0.9303882195448461 , std 0.2544916118008949 
2023-05-13 15:43:29,125 INFO used_ofi_cancel_1: 0.8655957161981258 , std 0.341086165503058 
2023-05-13 15:43:29,125 INFO used_ofi_cancel_2: 0.9614457831325302 , std 0.1925299696909704 
2023-05-13 15:43:29,125 INFO used_ofi_cancel_3: 0.8886211512717537 , std 0.31460070054629047 
2023-05-13 15:43:29,125 INFO used_ofi_cancel_4: 0.7951807228915663 , std 0.4035694993841982 
2023-05-13 15:43:29,125 INFO used_ofi_cancel_5: 0.7708165997322624 , std 0.4203074699662802 
2023-05-13 15:43:29,125 INFO used_ofi_cancel_6: 0.8605087014725569 , std 0.3464584768230832 
2023-05-13 15:43:29,125 INFO used_ofi_trade_1: 0.6080321285140562 , std 0.4881895730233517 
2023-05-13 15:43:29,125 INFO used_ofi_trade_2: 0.7143239625167336 , std 0.45173580674009645 
2023-05-13 15:43:29,125 INFO used_ofi_trade_3: 0.6995983935742972 , std 0.4584326354902757 
2023-05-13 15:43:29,125 INFO used_ofi_trade_4: 0.6840696117804551 , std 0.4648853385717735 
2023-05-13 15:43:29,126 INFO used_ofi_trade_5: 0.6958500669344043 , std 0.46004646643767333 
2023-05-13 15:43:29,126 INFO used_ofi_trade_6: 0.7933065595716198 , std 0.4049336514939946 
2023-05-13 15:43:29,126 INFO Grouping by ofi type:
2023-05-13 15:43:29,126 INFO add: 5.455957161981258
2023-05-13 15:43:29,126 INFO cancel: 5.1421686746987945
2023-05-13 15:43:29,126 INFO trade: 4.195180722891566
2023-05-13 15:43:29,126 INFO Grouping by level:
2023-05-13 15:43:29,126 INFO 1: 2.3941097724230254
2023-05-13 15:43:29,126 INFO 2: 2.6342704149933067
2023-05-13 15:43:29,126 INFO 3: 2.5095046854082996
2023-05-13 15:43:29,126 INFO 4: 2.352074966532798
2023-05-13 15:43:29,126 INFO 5: 2.319143239625167
2023-05-13 15:43:29,126 INFO 6: 2.5842034805890224
2023-05-13 15:43:29,127 INFO Non empty regressions: 0.9994645247657296 --- 3733 / 3735
