2023-05-13 15:42:36,758 INFO Starting...
2023-05-13 15:42:36,758 INFO Tickers: ['NFLX']
2023-05-13 15:42:40,078 INFO in_r2: 0.8523662910075371 , std 0.0699481198609944 
2023-05-13 15:42:40,079 INFO os_r2: 0.789618520097864 , std 0.13245606321144346 
2023-05-13 15:42:40,079 INFO intercept: 9.635515211961646e-07 , std 1.8166739910010958e-05 
2023-05-13 15:42:40,079 INFO ofi_add_1: 4.511912328324241e-05 , std 4.2073510204731126e-05 
2023-05-13 15:42:40,079 INFO ofi_add_2: 5.6844444721164916e-05 , std 4.777203650862498e-05 
2023-05-13 15:42:40,079 INFO ofi_add_3: 5.6866695118411434e-05 , std 4.6523133579151987e-05 
2023-05-13 15:42:40,079 INFO ofi_add_4: 4.909884892516019e-05 , std 4.443800691413734e-05 
2023-05-13 15:42:40,079 INFO ofi_add_5: 4.8633386427919584e-05 , std 4.703763908729464e-05 
2023-05-13 15:42:40,079 INFO ofi_add_6: 0.00010509635542171819 , std 6.63611665266108e-05 
2023-05-13 15:42:40,079 INFO ofi_cancel_1: 4.647184860599907e-05 , std 5.4124535274167315e-05 
2023-05-13 15:42:40,079 INFO ofi_cancel_2: 5.656731730653716e-05 , std 5.0579016082296856e-05 
2023-05-13 15:42:40,079 INFO ofi_cancel_3: 5.388376626722743e-05 , std 4.822330499457698e-05 
2023-05-13 15:42:40,079 INFO ofi_cancel_4: 4.638978569779258e-05 , std 4.62052050962897e-05 
2023-05-13 15:42:40,079 INFO ofi_cancel_5: 4.566264064105386e-05 , std 4.826553314984139e-05 
2023-05-13 15:42:40,079 INFO ofi_cancel_6: 0.00010189215715555744 , std 6.869341422192472e-05 
2023-05-13 15:42:40,079 INFO ofi_trade_1: 4.261040327212362e-05 , std 5.609955836195212e-05 
2023-05-13 15:42:40,079 INFO ofi_trade_2: 5.08638874999021e-05 , std 5.954258130649176e-05 
2023-05-13 15:42:40,079 INFO ofi_trade_3: 5.568794399015786e-05 , std 6.074913028481856e-05 
2023-05-13 15:42:40,079 INFO ofi_trade_4: 5.110863158382937e-05 , std 5.770700591205364e-05 
2023-05-13 15:42:40,079 INFO ofi_trade_5: 5.5751424419440194e-05 , std 6.429134462669724e-05 
2023-05-13 15:42:40,079 INFO ofi_trade_6: 0.0001184550611407214 , std 8.22295837786026e-05 
2023-05-13 15:42:40,079 INFO used_intercept: 1.0 , std 0.0 
2023-05-13 15:42:40,079 INFO used_ofi_add_1: 0.8704249053428692 , std 0.3358353607077826 
2023-05-13 15:42:40,079 INFO used_ofi_add_2: 0.9228719674659935 , std 0.2667944885702096 
2023-05-13 15:42:40,079 INFO used_ofi_add_3: 0.9280605805637357 , std 0.2583875758767001 
2023-05-13 15:42:40,079 INFO used_ofi_add_4: 0.8995933249193662 , std 0.3005414691517393 
2023-05-13 15:42:40,079 INFO used_ofi_add_5: 0.9021175150750246 , std 0.2971556899503817 
2023-05-13 15:42:40,079 INFO used_ofi_add_6: 0.9903239377366428 , std 0.09788991818585203 
2023-05-13 15:42:40,079 INFO used_ofi_cancel_1: 0.7465993549291824 , std 0.43495834070461403 
2023-05-13 15:42:40,080 INFO used_ofi_cancel_2: 0.8774365446641424 , std 0.32793544296399674 
2023-05-13 15:42:40,080 INFO used_ofi_cancel_3: 0.8837470200532884 , std 0.320528040271395 
2023-05-13 15:42:40,080 INFO used_ofi_cancel_4: 0.8559809283410461 , std 0.35110906946054093 
2023-05-13 15:42:40,080 INFO used_ofi_cancel_5: 0.8505118496704529 , std 0.3565689880522391 
2023-05-13 15:42:40,080 INFO used_ofi_cancel_6: 0.9748983312298415 , std 0.15643393172554257 
2023-05-13 15:42:40,080 INFO used_ofi_trade_1: 0.7008834665544804 , std 0.45787097840445723 
2023-05-13 15:42:40,080 INFO used_ofi_trade_2: 0.752489131959052 , std 0.4315660299914307 
2023-05-13 15:42:40,080 INFO used_ofi_trade_3: 0.7752068433599776 , std 0.41744603647398154 
2023-05-13 15:42:40,080 INFO used_ofi_trade_4: 0.7592203057074745 , std 0.4275568185737698 
2023-05-13 15:42:40,080 INFO used_ofi_trade_5: 0.7764689384378067 , std 0.41661124094180685 
2023-05-13 15:42:40,080 INFO used_ofi_trade_6: 0.9485345673818539 , std 0.22094511052198731 
2023-05-13 15:42:40,082 INFO Grouping by ofi type:
2023-05-13 15:42:40,082 INFO add: 5.513392231103633
2023-05-13 15:42:40,082 INFO cancel: 5.189174028887954
2023-05-13 15:42:40,082 INFO trade: 4.712803253400645
2023-05-13 15:42:40,082 INFO Grouping by level:
2023-05-13 15:42:40,082 INFO 1: 2.3179077268265322
2023-05-13 15:42:40,082 INFO 2: 2.5527976440891877
2023-05-13 15:42:40,082 INFO 3: 2.5870144439770018
2023-05-13 15:42:40,082 INFO 4: 2.514794558967887
2023-05-13 15:42:40,082 INFO 5: 2.529098303183284
2023-05-13 15:42:40,082 INFO 6: 2.9137568363483384
2023-05-13 15:42:40,082 INFO Non empty regressions: 0.9998597672135745 --- 7130 / 7131
