2023-05-13 15:43:00,707 INFO Starting...
2023-05-13 15:43:00,707 INFO Tickers: ['NKE']
2023-05-13 15:43:03,795 INFO in_r2: 0.9471300316597415 , std 0.045330087765795814 
2023-05-13 15:43:03,795 INFO os_r2: 0.914521688092267 , std 0.296652341560286 
2023-05-13 15:43:03,795 INFO intercept: 5.508201350358412e-07 , std 5.177766882791226e-06 
2023-05-13 15:43:03,795 INFO ofi_add_1: 6.657697069862685e-05 , std 5.6697731933177874e-05 
2023-05-13 15:43:03,795 INFO ofi_add_2: 0.0001093493540316204 , std 6.065241826133147e-05 
2023-05-13 15:43:03,795 INFO ofi_add_3: 9.353016501947964e-05 , std 5.456989643901675e-05 
2023-05-13 15:43:03,795 INFO ofi_add_4: 7.889761326688209e-05 , std 5.275118864509905e-05 
2023-05-13 15:43:03,795 INFO ofi_add_5: 9.84917735925998e-05 , std 7.60743795804088e-05 
2023-05-13 15:43:03,795 INFO ofi_add_6: 0.0001655169804564475 , std 0.00010204699007751608 
2023-05-13 15:43:03,796 INFO ofi_cancel_1: 4.1576456964768234e-05 , std 5.125421080120936e-05 
2023-05-13 15:43:03,796 INFO ofi_cancel_2: 9.658466626078178e-05 , std 6.41296013245489e-05 
2023-05-13 15:43:03,796 INFO ofi_cancel_3: 9.325001019390622e-05 , std 5.796068222324852e-05 
2023-05-13 15:43:03,796 INFO ofi_cancel_4: 7.711394026180839e-05 , std 5.5706938702787916e-05 
2023-05-13 15:43:03,796 INFO ofi_cancel_5: 9.026759556871603e-05 , std 7.462621205758011e-05 
2023-05-13 15:43:03,796 INFO ofi_cancel_6: 0.00016682597544292338 , std 0.0001120841702653661 
2023-05-13 15:43:03,796 INFO ofi_trade_1: 3.48298877320587e-05 , std 7.880802630318837e-05 
2023-05-13 15:43:03,796 INFO ofi_trade_2: 0.00010069356203202437 , std 8.93312162934768e-05 
2023-05-13 15:43:03,796 INFO ofi_trade_3: 0.00010026330808307554 , std 7.883713614954872e-05 
2023-05-13 15:43:03,796 INFO ofi_trade_4: 8.39478502319514e-05 , std 7.29388971426731e-05 
2023-05-13 15:43:03,796 INFO ofi_trade_5: 9.982119745358285e-05 , std 8.811369966124054e-05 
2023-05-13 15:43:03,796 INFO ofi_trade_6: 0.0001523409934090101 , std 0.0001117003125964286 
2023-05-13 15:43:03,796 INFO used_intercept: 0.9997204751921733 , std 0.01671665856887985 
2023-05-13 15:43:03,796 INFO used_ofi_add_1: 0.9361285814116003 , std 0.24452374215176967 
2023-05-13 15:43:03,796 INFO used_ofi_add_2: 0.9689727463312369 , std 0.17339135848864365 
2023-05-13 15:43:03,796 INFO used_ofi_add_3: 0.9672955974842767 , std 0.17786181313540247 
2023-05-13 15:43:03,796 INFO used_ofi_add_4: 0.9650593990216632 , std 0.183629396833975 
2023-05-13 15:43:03,796 INFO used_ofi_add_5: 0.9617051013277428 , std 0.1919072677308984 
2023-05-13 15:43:03,796 INFO used_ofi_add_6: 0.9748427672955975 , std 0.15660251066652495 
2023-05-13 15:43:03,796 INFO used_ofi_cancel_1: 0.6356394129979036 , std 0.4812504022248544 
2023-05-13 15:43:03,796 INFO used_ofi_cancel_2: 0.8939203354297693 , std 0.3079395546773717 
2023-05-13 15:43:03,796 INFO used_ofi_cancel_3: 0.9519217330538086 , std 0.2139316414036087 
2023-05-13 15:43:03,796 INFO used_ofi_cancel_4: 0.9429769392033543 , std 0.23188667778470531 
2023-05-13 15:43:03,796 INFO used_ofi_cancel_5: 0.923549965059399 , std 0.26571681749219767 
2023-05-13 15:43:03,796 INFO used_ofi_cancel_6: 0.9443745632424878 , std 0.2291969623338151 
2023-05-13 15:43:03,797 INFO used_ofi_trade_1: 0.273654786862334 , std 0.4458338754397927 
2023-05-13 15:43:03,797 INFO used_ofi_trade_2: 0.7591893780573026 , std 0.42757556794357265 
2023-05-13 15:43:03,797 INFO used_ofi_trade_3: 0.8677847658979735 , std 0.3387246167218628 
2023-05-13 15:43:03,797 INFO used_ofi_trade_4: 0.8564640111809924 , std 0.3506186086515623 
2023-05-13 15:43:03,797 INFO used_ofi_trade_5: 0.8559049615653389 , std 0.35118607366063737 
2023-05-13 15:43:03,797 INFO used_ofi_trade_6: 0.8916841369671559 , std 0.3107789195687094 
2023-05-13 15:43:03,798 INFO Grouping by ofi type:
2023-05-13 15:43:03,798 INFO add: 5.774004192872117
2023-05-13 15:43:03,798 INFO cancel: 5.292382948986723
2023-05-13 15:43:03,798 INFO trade: 4.5046820405310966
2023-05-13 15:43:03,798 INFO Grouping by level:
2023-05-13 15:43:03,798 INFO 1: 1.845422781271838
2023-05-13 15:43:03,798 INFO 2: 2.6220824598183086
2023-05-13 15:43:03,798 INFO 3: 2.787002096436059
2023-05-13 15:43:03,798 INFO 4: 2.76450034940601
2023-05-13 15:43:03,798 INFO 5: 2.741160027952481
2023-05-13 15:43:03,798 INFO 6: 2.810901467505241
2023-05-13 15:43:03,798 INFO Non empty regressions: 0.9998602375960867 --- 7154 / 7155
