2023-05-13 15:44:47,083 INFO Starting...
2023-05-13 15:44:47,083 INFO Tickers: ['TGT']
2023-05-13 15:44:50,178 INFO in_r2: 0.9195610137167538 , std 0.06170407321475356 
2023-05-13 15:44:50,178 INFO os_r2: 0.884607976794369 , std 0.12073969534334857 
2023-05-13 15:44:50,178 INFO intercept: 2.472735174048785e-07 , std 7.412018277465318e-06 
2023-05-13 15:44:50,178 INFO ofi_add_1: 9.52349362303855e-05 , std 6.672522390499757e-05 
2023-05-13 15:44:50,178 INFO ofi_add_2: 0.00012272786524305629 , std 6.56975187261755e-05 
2023-05-13 15:44:50,178 INFO ofi_add_3: 9.296667165028029e-05 , std 5.751527819838258e-05 
2023-05-13 15:44:50,179 INFO ofi_add_4: 8.148024513959062e-05 , std 5.978610714893501e-05 
2023-05-13 15:44:50,179 INFO ofi_add_5: 8.468509026242763e-05 , std 6.818873766300629e-05 
2023-05-13 15:44:50,179 INFO ofi_add_6: 0.00015237675850101505 , std 8.854025878617823e-05 
2023-05-13 15:44:50,179 INFO ofi_cancel_1: 7.394645201314133e-05 , std 7.357005485240393e-05 
2023-05-13 15:44:50,179 INFO ofi_cancel_2: 0.00011709734646215907 , std 6.890251294157375e-05 
2023-05-13 15:44:50,179 INFO ofi_cancel_3: 8.908900164532925e-05 , std 6.024124010815441e-05 
2023-05-13 15:44:50,179 INFO ofi_cancel_4: 7.876570322637024e-05 , std 6.427960128125177e-05 
2023-05-13 15:44:50,179 INFO ofi_cancel_5: 8.055234946703907e-05 , std 7.162352683065078e-05 
2023-05-13 15:44:50,179 INFO ofi_cancel_6: 0.00014709114990496154 , std 9.669798078141122e-05 
2023-05-13 15:44:50,179 INFO ofi_trade_1: 7.222163250971669e-05 , std 0.0001143358197973995 
2023-05-13 15:44:50,179 INFO ofi_trade_2: 0.00011305855752109862 , std 9.884988388527187e-05 
2023-05-13 15:44:50,179 INFO ofi_trade_3: 9.55489345419759e-05 , std 8.525988405517931e-05 
2023-05-13 15:44:50,179 INFO ofi_trade_4: 8.716981170199363e-05 , std 8.218515232248266e-05 
2023-05-13 15:44:50,179 INFO ofi_trade_5: 9.38974542478688e-05 , std 8.59013555853598e-05 
2023-05-13 15:44:50,179 INFO ofi_trade_6: 0.00015882112705454206 , std 0.00010819233305668324 
2023-05-13 15:44:50,179 INFO used_intercept: 1.0 , std 0.0 
2023-05-13 15:44:50,179 INFO used_ofi_add_1: 0.9627490615073636 , std 0.1893760968920161 
2023-05-13 15:44:50,179 INFO used_ofi_add_2: 0.9815189142362114 , std 0.13468309185929803 
2023-05-13 15:44:50,179 INFO used_ofi_add_3: 0.9640485128501299 , std 0.18616921797542899 
2023-05-13 15:44:50,179 INFO used_ofi_add_4: 0.9550967369332948 , std 0.20709167060185557 
2023-05-13 15:44:50,179 INFO used_ofi_add_5: 0.952497834247762 , std 0.21271038996975408 
2023-05-13 15:44:50,179 INFO used_ofi_add_6: 0.9844065838868034 , std 0.12389617220526769 
2023-05-13 15:44:50,179 INFO used_ofi_cancel_1: 0.7634998556165175 , std 0.4249327312529296 
2023-05-13 15:44:50,179 INFO used_ofi_cancel_2: 0.9470112619116373 , std 0.22401100804238527 
2023-05-13 15:44:50,179 INFO used_ofi_cancel_3: 0.9373375685821542 , std 0.24235480417489058 
2023-05-13 15:44:50,179 INFO used_ofi_cancel_4: 0.929829627490615 , std 0.25543392752584587 
2023-05-13 15:44:50,179 INFO used_ofi_cancel_5: 0.9061507363557609 , std 0.2916188940341027 
2023-05-13 15:44:50,179 INFO used_ofi_cancel_6: 0.9576956396188276 , std 0.2012826407664414 
2023-05-13 15:44:50,179 INFO used_ofi_trade_1: 0.4792087785157378 , std 0.4995675380858852 
2023-05-13 15:44:50,179 INFO used_ofi_trade_2: 0.8055154490326306 , std 0.3958033734095632 
2023-05-13 15:44:50,179 INFO used_ofi_trade_3: 0.8296274906150737 , std 0.3759597284694327 
2023-05-13 15:44:50,180 INFO used_ofi_trade_4: 0.8416113196650303 , std 0.3651050619708202 
2023-05-13 15:44:50,180 INFO used_ofi_trade_5: 0.8527288478198094 , std 0.35437601487080034 
2023-05-13 15:44:50,180 INFO used_ofi_trade_6: 0.9350274328616807 , std 0.24647744857851797 
2023-05-13 15:44:50,180 INFO Grouping by ofi type:
2023-05-13 15:44:50,180 INFO add: 5.8003176436615655
2023-05-13 15:44:50,180 INFO cancel: 5.441524689575512
2023-05-13 15:44:50,180 INFO trade: 4.743719318509963
2023-05-13 15:44:50,180 INFO Grouping by level:
2023-05-13 15:44:50,180 INFO 1: 2.205457695639619
2023-05-13 15:44:50,180 INFO 2: 2.734045625180479
2023-05-13 15:44:50,180 INFO 3: 2.731013572047358
2023-05-13 15:44:50,180 INFO 4: 2.72653768408894
2023-05-13 15:44:50,180 INFO 5: 2.711377418423332
2023-05-13 15:44:50,181 INFO 6: 2.8771296563673117
2023-05-13 15:44:50,181 INFO Non empty regressions: 1.0 --- 6926 / 6926
