2023-05-13 12:28:27,547 INFO Starting...
2023-05-13 12:28:27,547 INFO Tickers: ['AMT']
2023-05-13 12:28:28,780 INFO in_r2: 0.7950507366221017 , std 0.10640512655698309 
2023-05-13 12:28:28,780 INFO os_r2: 0.5786393320075149 , std 0.5749575892198766 
2023-05-13 12:28:28,780 INFO intercept: 2.3609513187092106e-08 , std 1.4101407182058007e-05 
2023-05-13 12:28:28,780 INFO ofi_add_1: 0.0001242685791602932 , std 0.00010999283091308203 
2023-05-13 12:28:28,780 INFO ofi_add_2: 0.00012980914323915675 , std 0.00011585218775302599 
2023-05-13 12:28:28,780 INFO ofi_add_3: 8.286145937455455e-05 , std 0.00012201352475789125 
2023-05-13 12:28:28,780 INFO ofi_add_4: 5.3602950686362105e-05 , std 0.00013804784842940857 
2023-05-13 12:28:28,780 INFO ofi_add_5: 3.943399100784325e-05 , std 0.00014888760230597736 
2023-05-13 12:28:28,780 INFO ofi_add_6: 4.894559930991663e-05 , std 0.00017396309548886363 
2023-05-13 12:28:28,780 INFO ofi_add_7: 4.29051445441162e-05 , std 0.0001697044882565098 
2023-05-13 12:28:28,780 INFO ofi_add_8: 2.807701452055448e-05 , std 0.00017729001744713497 
2023-05-13 12:28:28,780 INFO ofi_add_9: 3.3559073133413234e-05 , std 0.00016282786317778304 
2023-05-13 12:28:28,780 INFO ofi_cancel_1: 0.00016423506434189234 , std 0.00014927934785827318 
2023-05-13 12:28:28,780 INFO ofi_cancel_2: 0.000147470140945759 , std 0.00012293151930985123 
2023-05-13 12:28:28,780 INFO ofi_cancel_3: 8.17550992513272e-05 , std 0.0001292600006109242 
2023-05-13 12:28:28,780 INFO ofi_cancel_4: 4.8027756621880044e-05 , std 0.0001393569660464172 
2023-05-13 12:28:28,780 INFO ofi_cancel_5: 3.31044118914143e-05 , std 0.00015287163842896053 
2023-05-13 12:28:28,781 INFO ofi_cancel_6: 3.6750332659127043e-05 , std 0.00017722707357662265 
2023-05-13 12:28:28,781 INFO ofi_cancel_7: 3.486398773673502e-05 , std 0.00017707375207724326 
2023-05-13 12:28:28,781 INFO ofi_cancel_8: 1.9803736548310363e-05 , std 0.00018504851803044715 
2023-05-13 12:28:28,781 INFO ofi_cancel_9: 3.313917237069182e-05 , std 0.00017357083333397415 
2023-05-13 12:28:28,781 INFO ofi_trade_1: 0.00014878838481728572 , std 0.0002622074759428792 
2023-05-13 12:28:28,781 INFO ofi_trade_2: 0.00011113693008365483 , std 0.0002887614199042229 
2023-05-13 12:28:28,781 INFO ofi_trade_3: 4.499911089182273e-05 , std 0.0002932198682282901 
2023-05-13 12:28:28,781 INFO ofi_trade_4: 3.991993589716408e-05 , std 0.0003222501168322105 
2023-05-13 12:28:28,781 INFO ofi_trade_5: 5.301719019671346e-05 , std 0.0003547693535527026 
2023-05-13 12:28:28,781 INFO ofi_trade_6: 8.178274457696253e-05 , std 0.0003424604424233975 
2023-05-13 12:28:28,781 INFO ofi_trade_7: 0.00011579419898302238 , std 0.0003620959287663174 
2023-05-13 12:28:28,781 INFO ofi_trade_8: 0.0001103281628951907 , std 0.00038240345204853285 
2023-05-13 12:28:28,781 INFO ofi_trade_9: 0.0001563973081710451 , std 0.00036086405240088053 
2023-05-13 12:28:28,781 INFO t_intercept: -0.00949905496485101 , std 1.0541721232550765 
2023-05-13 12:28:28,781 INFO t_ofi_add_1: 2.6067697025580028 , std 1.5947387540258275 
2023-05-13 12:28:28,781 INFO t_ofi_add_2: 2.2887208427357124 , std 1.423152618764624 
2023-05-13 12:28:28,781 INFO t_ofi_add_3: 1.37266198387655 , std 1.3204606161797823 
2023-05-13 12:28:28,781 INFO t_ofi_add_4: 0.7986046565017655 , std 1.2914802961195244 
2023-05-13 12:28:28,781 INFO t_ofi_add_5: 0.4925317302489641 , std 1.284373381269593 
2023-05-13 12:28:28,781 INFO t_ofi_add_6: 0.5072604271100701 , std 1.2617019185131373 
2023-05-13 12:28:28,781 INFO t_ofi_add_7: 0.46390209708285124 , std 1.2308290888456128 
2023-05-13 12:28:28,781 INFO t_ofi_add_8: 0.3299218387485142 , std 1.268963840290196 
2023-05-13 12:28:28,781 INFO t_ofi_add_9: 0.44981910359321653 , std 1.3853506896229517 
2023-05-13 12:28:28,781 INFO t_ofi_cancel_1: 2.6418753118154137 , std 1.5078177066647884 
2023-05-13 12:28:28,781 INFO t_ofi_cancel_2: 2.4525106199081153 , std 1.4623902726084892 
2023-05-13 12:28:28,781 INFO t_ofi_cancel_3: 1.2745140226154088 , std 1.3143819779880654 
2023-05-13 12:28:28,782 INFO t_ofi_cancel_4: 0.6795877927767763 , std 1.307965985556513 
2023-05-13 12:28:28,782 INFO t_ofi_cancel_5: 0.37027601508491886 , std 1.3039564785344977 
2023-05-13 12:28:28,782 INFO t_ofi_cancel_6: 0.35074824053023607 , std 1.2522543033209785 
2023-05-13 12:28:28,782 INFO t_ofi_cancel_7: 0.3169073705878123 , std 1.2607742137137015 
2023-05-13 12:28:28,782 INFO t_ofi_cancel_8: 0.20821981860905847 , std 1.2705050721891884 
2023-05-13 12:28:28,782 INFO t_ofi_cancel_9: 0.4105083135871904 , std 1.4045469097446335 
2023-05-13 12:28:28,782 INFO t_ofi_trade_1: 1.2060506263034143 , std 1.5023645939840227 
2023-05-13 12:28:28,782 INFO t_ofi_trade_2: 0.8148137094699672 , std 1.407421828028507 
2023-05-13 12:28:28,782 INFO t_ofi_trade_3: 0.40219858319265794 , std 1.3707886568543601 
2023-05-13 12:28:28,782 INFO t_ofi_trade_4: 0.3243856832368816 , std 1.2941626935627677 
2023-05-13 12:28:28,782 INFO t_ofi_trade_5: 0.30870670556662894 , std 1.3559850027594231 
2023-05-13 12:28:28,782 INFO t_ofi_trade_6: 0.43608553105016634 , std 1.3697268162899756 
2023-05-13 12:28:28,782 INFO t_ofi_trade_7: 0.5802665729129074 , std 1.3284537275524566 
2023-05-13 12:28:28,782 INFO t_ofi_trade_8: 0.6133904019823175 , std 1.3714931483518749 
2023-05-13 12:28:28,782 INFO t_ofi_trade_9: 0.915879594757876 , std 1.4232379822988113 
2023-05-13 12:28:28,782 INFO Grouping by ofi type:
2023-05-13 12:28:28,782 INFO add: 9.310192382455647
2023-05-13 12:28:28,783 INFO cancel: 8.70514750551493
2023-05-13 12:28:28,783 INFO trade: 5.601777408472818
2023-05-13 12:28:28,783 INFO Grouping by level:
2023-05-13 12:28:28,783 INFO 1: 6.45469564067683
2023-05-13 12:28:28,783 INFO 2: 5.556045172113795
2023-05-13 12:28:28,783 INFO 3: 3.049374589684617
2023-05-13 12:28:28,783 INFO 4: 1.8025781325154235
2023-05-13 12:28:28,783 INFO 5: 1.1715144509005118
2023-05-13 12:28:28,783 INFO 6: 1.2940941986904726
2023-05-13 12:28:28,783 INFO 7: 1.361076040583571
2023-05-13 12:28:28,783 INFO 8: 1.1515320593398903
2023-05-13 12:28:28,783 INFO 9: 1.776207011938283
2023-05-13 12:28:28,783 INFO Non empty regressions: 1.0 --- 1478 / 1478
