2023-05-13 12:28:36,529 INFO Starting...
2023-05-13 12:28:36,529 INFO Tickers: ['GILD']
2023-05-13 12:28:37,896 INFO in_r2: 0.9657871611522375 , std 0.02551513224246808 
2023-05-13 12:28:37,896 INFO os_r2: 0.9303610767594191 , std 0.13866505590509468 
2023-05-13 12:28:37,896 INFO intercept: -2.012454610474941e-07 , std 4.896616985926292e-06 
2023-05-13 12:28:37,896 INFO ofi_add_1: 3.332091724348377e-05 , std 5.31721860161657e-05 
2023-05-13 12:28:37,896 INFO ofi_add_2: 7.230441577484892e-05 , std 5.7850709306036524e-05 
2023-05-13 12:28:37,896 INFO ofi_add_3: 7.743388851709063e-05 , std 5.70535728300589e-05 
2023-05-13 12:28:37,896 INFO ofi_add_4: 7.116423729982145e-05 , std 5.618875386682473e-05 
2023-05-13 12:28:37,896 INFO ofi_add_5: 5.9434063527581796e-05 , std 5.3688439524347905e-05 
2023-05-13 12:28:37,896 INFO ofi_add_6: 8.279149587349247e-05 , std 6.503655675653591e-05 
2023-05-13 12:28:37,896 INFO ofi_add_7: 8.731742411647934e-05 , std 7.412532868807009e-05 
2023-05-13 12:28:37,896 INFO ofi_add_8: 8.734049037227766e-05 , std 8.002388672977873e-05 
2023-05-13 12:28:37,896 INFO ofi_add_9: 0.00011678734308952573 , std 7.880165436435524e-05 
2023-05-13 12:28:37,896 INFO ofi_cancel_1: 3.366761298950303e-05 , std 6.055309836478737e-05 
2023-05-13 12:28:37,896 INFO ofi_cancel_2: 7.086668549827487e-05 , std 6.101719907073654e-05 
2023-05-13 12:28:37,896 INFO ofi_cancel_3: 7.777561214853585e-05 , std 6.184468848176671e-05 
2023-05-13 12:28:37,896 INFO ofi_cancel_4: 7.014118662331124e-05 , std 6.108556116901656e-05 
2023-05-13 12:28:37,896 INFO ofi_cancel_5: 5.825300316483247e-05 , std 5.8474926782745406e-05 
2023-05-13 12:28:37,896 INFO ofi_cancel_6: 7.754399169612555e-05 , std 7.126528905720473e-05 
2023-05-13 12:28:37,896 INFO ofi_cancel_7: 8.150466896379424e-05 , std 8.248253740137244e-05 
2023-05-13 12:28:37,896 INFO ofi_cancel_8: 8.819521751428893e-05 , std 9.225411424382934e-05 
2023-05-13 12:28:37,896 INFO ofi_cancel_9: 0.0001236023970231821 , std 9.183507147522791e-05 
2023-05-13 12:28:37,896 INFO ofi_trade_1: 3.438264529430465e-05 , std 0.00010082690608735232 
2023-05-13 12:28:37,896 INFO ofi_trade_2: 7.887479193829863e-05 , std 8.107920034076133e-05 
2023-05-13 12:28:37,896 INFO ofi_trade_3: 7.385000074538198e-05 , std 7.819274318919055e-05 
2023-05-13 12:28:37,896 INFO ofi_trade_4: 6.846447061648296e-05 , std 7.546386129778048e-05 
2023-05-13 12:28:37,896 INFO ofi_trade_5: 6.083749571420829e-05 , std 7.484067554030898e-05 
2023-05-13 12:28:37,896 INFO ofi_trade_6: 8.150915340770087e-05 , std 8.126718397829728e-05 
2023-05-13 12:28:37,896 INFO ofi_trade_7: 8.864531013922655e-05 , std 9.313176871403367e-05 
2023-05-13 12:28:37,897 INFO ofi_trade_8: 8.744262847862932e-05 , std 9.921669199937017e-05 
2023-05-13 12:28:37,897 INFO ofi_trade_9: 0.00011760303692559644 , std 9.776006502553708e-05 
2023-05-13 12:28:37,897 INFO t_intercept: -0.03138276645569185 , std 1.0195127077960566 
2023-05-13 12:28:37,897 INFO t_ofi_add_1: 1.064945664097875 , std 1.60521393231129 
2023-05-13 12:28:37,897 INFO t_ofi_add_2: 2.0384530560028495 , std 1.531414752707374 
2023-05-13 12:28:37,897 INFO t_ofi_add_3: 2.1522460082502044 , std 1.502756602211375 
2023-05-13 12:28:37,897 INFO t_ofi_add_4: 2.0600075788402723 , std 1.5127750871960648 
2023-05-13 12:28:37,897 INFO t_ofi_add_5: 1.7887307516612874 , std 1.5079823401880308 
2023-05-13 12:28:37,897 INFO t_ofi_add_6: 2.1613832372698543 , std 1.6273033534835315 
2023-05-13 12:28:37,897 INFO t_ofi_add_7: 2.028161545767659 , std 1.5862569732108314 
2023-05-13 12:28:37,897 INFO t_ofi_add_8: 1.9396649165826005 , std 1.6355560539942329 
2023-05-13 12:28:37,897 INFO t_ofi_add_9: 2.847233158737207 , std 1.8466997085779653 
2023-05-13 12:28:37,897 INFO t_ofi_cancel_1: 0.8921413709532918 , std 1.5589109340619762 
2023-05-13 12:28:37,897 INFO t_ofi_cancel_2: 1.8817999338552036 , std 1.5196442010120612 
2023-05-13 12:28:37,897 INFO t_ofi_cancel_3: 1.9363047707437566 , std 1.4269481449707186 
2023-05-13 12:28:37,897 INFO t_ofi_cancel_4: 1.798921749466913 , std 1.4352568577457614 
2023-05-13 12:28:37,897 INFO t_ofi_cancel_5: 1.5184986528199451 , std 1.4152883510926362 
2023-05-13 12:28:37,897 INFO t_ofi_cancel_6: 1.760522201462137 , std 1.5235791951087736 
2023-05-13 12:28:37,897 INFO t_ofi_cancel_7: 1.6491956186414132 , std 1.503788327107143 
2023-05-13 12:28:37,897 INFO t_ofi_cancel_8: 1.6828661250709807 , std 1.5596446821986913 
2023-05-13 12:28:37,897 INFO t_ofi_cancel_9: 2.549288102665556 , std 1.76023650290954 
2023-05-13 12:28:37,897 INFO t_ofi_trade_1: 0.6072372493535808 , std 1.5448616377063749 
2023-05-13 12:28:37,897 INFO t_ofi_trade_2: 1.5379988531578717 , std 1.4748174261016753 
2023-05-13 12:28:37,897 INFO t_ofi_trade_3: 1.5335574989100116 , std 1.5233449673674975 
2023-05-13 12:28:37,897 INFO t_ofi_trade_4: 1.487652431716961 , std 1.520788780941085 
2023-05-13 12:28:37,897 INFO t_ofi_trade_5: 1.4097079642510817 , std 1.5932121783324729 
2023-05-13 12:28:37,897 INFO t_ofi_trade_6: 1.7131218760999045 , std 1.598565234693732 
2023-05-13 12:28:37,897 INFO t_ofi_trade_7: 1.6637234400427496 , std 1.5388446921740568 
2023-05-13 12:28:37,897 INFO t_ofi_trade_8: 1.5938926890266698 , std 1.5731839510603471 
2023-05-13 12:28:37,897 INFO t_ofi_trade_9: 2.340251087037779 , std 1.8361397445194225 
2023-05-13 12:28:37,898 INFO Grouping by ofi type:
2023-05-13 12:28:37,898 INFO add: 18.080825917209808
2023-05-13 12:28:37,898 INFO cancel: 15.669538525679197
2023-05-13 12:28:37,898 INFO trade: 13.88714308959661
2023-05-13 12:28:37,898 INFO Grouping by level:
2023-05-13 12:28:37,898 INFO 1: 2.564324284404748
2023-05-13 12:28:37,898 INFO 2: 5.458251843015924
2023-05-13 12:28:37,898 INFO 3: 5.622108277903973
2023-05-13 12:28:37,898 INFO 4: 5.346581760024146
2023-05-13 12:28:37,898 INFO 5: 4.716937368732314
2023-05-13 12:28:37,898 INFO 6: 5.635027314831896
2023-05-13 12:28:37,898 INFO 7: 5.341080604451822
2023-05-13 12:28:37,898 INFO 8: 5.216423730680251
2023-05-13 12:28:37,898 INFO 9: 7.7367723484405415
2023-05-13 12:28:37,899 INFO Non empty regressions: 1.0 --- 7282 / 7282
