2023-05-13 12:28:57,210 INFO Starting...
2023-05-13 12:28:57,210 INFO Tickers: ['ISRG']
2023-05-13 12:28:58,412 INFO in_r2: 0.7418118588686684 , std 0.09245621314354846 
2023-05-13 12:28:58,412 INFO os_r2: 0.39332781625284213 , std 0.849380044389592 
2023-05-13 12:28:58,413 INFO intercept: 1.8762887967990131e-06 , std 2.3940234181684635e-05 
2023-05-13 12:28:58,413 INFO ofi_add_1: 6.450936151113695e-05 , std 9.215106938589229e-05 
2023-05-13 12:28:58,413 INFO ofi_add_2: 0.00011810301765743135 , std 0.0001234827665196267 
2023-05-13 12:28:58,413 INFO ofi_add_3: 9.207768566369728e-05 , std 0.00012654273383830693 
2023-05-13 12:28:58,413 INFO ofi_add_4: 6.351834457488722e-05 , std 0.0001576564836790579 
2023-05-13 12:28:58,413 INFO ofi_add_5: 5.354572976885292e-05 , std 0.00015805547366563624 
2023-05-13 12:28:58,413 INFO ofi_add_6: 5.003695387950827e-05 , std 0.00016818332154531782 
2023-05-13 12:28:58,413 INFO ofi_add_7: 4.474565966006005e-05 , std 0.0001628495327255607 
2023-05-13 12:28:58,413 INFO ofi_add_8: 5.081108656690791e-05 , std 0.00016281907904306916 
2023-05-13 12:28:58,413 INFO ofi_add_9: 6.203396669604513e-05 , std 0.00014529311122595556 
2023-05-13 12:28:58,413 INFO ofi_cancel_1: 0.00011899866228445651 , std 0.00013640007263277277 
2023-05-13 12:28:58,413 INFO ofi_cancel_2: 0.0001324076384774074 , std 0.0001334349048219509 
2023-05-13 12:28:58,413 INFO ofi_cancel_3: 8.87225826356378e-05 , std 0.0001265756135234435 
2023-05-13 12:28:58,413 INFO ofi_cancel_4: 5.9119064160666215e-05 , std 0.00015321472837218403 
2023-05-13 12:28:58,413 INFO ofi_cancel_5: 4.940069622626479e-05 , std 0.00016336145641713255 
2023-05-13 12:28:58,413 INFO ofi_cancel_6: 4.2565513113465355e-05 , std 0.00017016317912649516 
2023-05-13 12:28:58,413 INFO ofi_cancel_7: 3.844749023144397e-05 , std 0.0001611286162220785 
2023-05-13 12:28:58,413 INFO ofi_cancel_8: 5.051587413133087e-05 , std 0.00017010248971009457 
2023-05-13 12:28:58,413 INFO ofi_cancel_9: 6.0407185885298886e-05 , std 0.000150074917283712 
2023-05-13 12:28:58,413 INFO ofi_trade_1: 0.0002116430822010645 , std 0.0003602132449694122 
2023-05-13 12:28:58,413 INFO ofi_trade_2: 0.00010525348878478296 , std 0.00035362669409588575 
2023-05-13 12:28:58,414 INFO ofi_trade_3: 0.00012742128697320568 , std 0.0004202950730282357 
2023-05-13 12:28:58,414 INFO ofi_trade_4: 0.00010446831570734986 , std 0.00047390791855408444 
2023-05-13 12:28:58,414 INFO ofi_trade_5: 0.00010862942397961306 , std 0.00044455583478604673 
2023-05-13 12:28:58,414 INFO ofi_trade_6: 0.00014309342741128874 , std 0.0004789849857621736 
2023-05-13 12:28:58,414 INFO ofi_trade_7: 0.00015911698246246503 , std 0.0004985904959363165 
2023-05-13 12:28:58,414 INFO ofi_trade_8: 0.00016178539098831528 , std 0.00044631209637093844 
2023-05-13 12:28:58,414 INFO ofi_trade_9: 0.0002471230301728624 , std 0.00041418700545078153 
2023-05-13 12:28:58,414 INFO t_intercept: 0.0898523573984335 , std 1.1404820901325887 
2023-05-13 12:28:58,414 INFO t_ofi_add_1: 1.3998965863776143 , std 1.6106373879785316 
2023-05-13 12:28:58,414 INFO t_ofi_add_2: 1.806579662975125 , std 1.4315013463363981 
2023-05-13 12:28:58,414 INFO t_ofi_add_3: 1.2912541430009332 , std 1.314606715538643 
2023-05-13 12:28:58,414 INFO t_ofi_add_4: 0.7850306417499368 , std 1.2984870129994572 
2023-05-13 12:28:58,414 INFO t_ofi_add_5: 0.6199253791705664 , std 1.2632349482361118 
2023-05-13 12:28:58,414 INFO t_ofi_add_6: 0.5484855828138693 , std 1.2719339233511997 
2023-05-13 12:28:58,414 INFO t_ofi_add_7: 0.48616962625221727 , std 1.26665498670393 
2023-05-13 12:28:58,414 INFO t_ofi_add_8: 0.5312387912035373 , std 1.238952131872038 
2023-05-13 12:28:58,414 INFO t_ofi_add_9: 0.9170852985241789 , std 1.450897534478312 
2023-05-13 12:28:58,414 INFO t_ofi_cancel_1: 1.7620409802587558 , std 1.4814794911458615 
2023-05-13 12:28:58,414 INFO t_ofi_cancel_2: 1.961621655491233 , std 1.4488593841140291 
2023-05-13 12:28:58,414 INFO t_ofi_cancel_3: 1.2476542822080585 , std 1.3274543529457223 
2023-05-13 12:28:58,414 INFO t_ofi_cancel_4: 0.7454957763669516 , std 1.2789706460856376 
2023-05-13 12:28:58,414 INFO t_ofi_cancel_5: 0.5202021814756286 , std 1.293643058404425 
2023-05-13 12:28:58,414 INFO t_ofi_cancel_6: 0.4646997869380409 , std 1.2806923606915737 
2023-05-13 12:28:58,414 INFO t_ofi_cancel_7: 0.4046788663882682 , std 1.2372776407010908 
2023-05-13 12:28:58,414 INFO t_ofi_cancel_8: 0.489129475524571 , std 1.2456033297709328 
2023-05-13 12:28:58,415 INFO t_ofi_cancel_9: 0.8870735002256719 , std 1.4694416914839763 
2023-05-13 12:28:58,415 INFO t_ofi_trade_1: 1.4775017837121178 , std 1.7830504536829546 
2023-05-13 12:28:58,415 INFO t_ofi_trade_2: 0.5641778443973301 , std 1.5105600990310748 
2023-05-13 12:28:58,415 INFO t_ofi_trade_3: 0.5513640750793944 , std 1.5001411029391276 
2023-05-13 12:28:58,415 INFO t_ofi_trade_4: 0.4376837167904783 , std 1.5179567357271266 
2023-05-13 12:28:58,415 INFO t_ofi_trade_5: 0.4713633861801657 , std 1.482444854158713 
2023-05-13 12:28:58,415 INFO t_ofi_trade_6: 0.5781980998211388 , std 1.5096609119330804 
2023-05-13 12:28:58,415 INFO t_ofi_trade_7: 0.732677935185143 , std 1.5707051303718094 
2023-05-13 12:28:58,415 INFO t_ofi_trade_8: 0.7806378095998548 , std 1.578862616668977 
2023-05-13 12:28:58,415 INFO t_ofi_trade_9: 1.3273622547678092 , std 1.7085358770482464 
2023-05-13 12:28:58,415 INFO Grouping by ofi type:
2023-05-13 12:28:58,415 INFO add: 8.38566571206798
2023-05-13 12:28:58,415 INFO cancel: 8.48259650487718
2023-05-13 12:28:58,415 INFO trade: 6.920966905533433
2023-05-13 12:28:58,415 INFO Grouping by level:
2023-05-13 12:28:58,415 INFO 1: 4.639439350348487
2023-05-13 12:28:58,415 INFO 2: 4.332379162863687
2023-05-13 12:28:58,415 INFO 3: 3.0902725002883864
2023-05-13 12:28:58,415 INFO 4: 1.9682101349073666
2023-05-13 12:28:58,415 INFO 5: 1.6114909468263607
2023-05-13 12:28:58,416 INFO 6: 1.5913834695730489
2023-05-13 12:28:58,416 INFO 7: 1.6235264278256285
2023-05-13 12:28:58,416 INFO 8: 1.8010060763279632
2023-05-13 12:28:58,416 INFO 9: 3.13152105351766
2023-05-13 12:28:58,416 INFO Non empty regressions: 1.0 --- 1202 / 1202
