2023-05-13 12:27:33,509 INFO Starting...
2023-05-13 12:27:33,509 INFO Tickers: ['KO']
2023-05-13 12:27:34,949 INFO in_r2: 0.9932337920434628 , std 0.0068962374629043645 
2023-05-13 12:27:34,949 INFO os_r2: 0.8044898016414097 , std 4.120404639187138 
2023-05-13 12:27:34,949 INFO intercept: 3.793385293672934e-08 , std 1.4155338111958605e-06 
2023-05-13 12:27:34,949 INFO ofi_add_1: 2.3145985888970484e-05 , std 2.6352343089124965e-05 
2023-05-13 12:27:34,949 INFO ofi_add_2: 7.352145543960952e-05 , std 4.951209171026014e-05 
2023-05-13 12:27:34,949 INFO ofi_add_3: 4.5115579172877705e-05 , std 4.5503474573712476e-05 
2023-05-13 12:27:34,949 INFO ofi_add_4: 2.255057709726569e-05 , std 3.474486403232898e-05 
2023-05-13 12:27:34,949 INFO ofi_add_5: 0.00012670993539005038 , std 9.380229694707956e-05 
2023-05-13 12:27:34,949 INFO ofi_add_6: 0.00016991575717425047 , std 0.00012794563588135728 
2023-05-13 12:27:34,949 INFO ofi_add_7: 0.00020477781607587252 , std 0.0001571538435776763 
2023-05-13 12:27:34,950 INFO ofi_add_8: 0.0002113651084198474 , std 0.00022549706661198582 
2023-05-13 12:27:34,950 INFO ofi_add_9: 0.00023112928883033194 , std 0.000270077717586538 
2023-05-13 12:27:34,950 INFO ofi_cancel_1: 1.988906384186945e-05 , std 2.7414616395507127e-05 
2023-05-13 12:27:34,950 INFO ofi_cancel_2: 5.6672120931540513e-05 , std 4.894938039000624e-05 
2023-05-13 12:27:34,950 INFO ofi_cancel_3: 4.0920135993466645e-05 , std 4.399523064383937e-05 
2023-05-13 12:27:34,950 INFO ofi_cancel_4: 2.2807646621737444e-05 , std 3.625711068885223e-05 
2023-05-13 12:27:34,950 INFO ofi_cancel_5: 8.705073057653394e-05 , std 9.290185520069923e-05 
2023-05-13 12:27:34,950 INFO ofi_cancel_6: 0.00016492003189000042 , std 0.00014625385048017928 
2023-05-13 12:27:34,950 INFO ofi_cancel_7: 0.0001975639660576778 , std 0.00018729440851517228 
2023-05-13 12:27:34,950 INFO ofi_cancel_8: 0.00022472047713900005 , std 0.0003283349090508979 
2023-05-13 12:27:34,950 INFO ofi_cancel_9: 0.00032212695714860733 , std 0.00046293648032025015 
2023-05-13 12:27:34,950 INFO ofi_trade_1: 4.318327747257439e-05 , std 0.00021486770973976505 
2023-05-13 12:27:34,950 INFO ofi_trade_2: 9.12371419918802e-05 , std 0.000272451451471325 
2023-05-13 12:27:34,950 INFO ofi_trade_3: 6.64085844414482e-05 , std 0.00021975383691247803 
2023-05-13 12:27:34,950 INFO ofi_trade_4: 5.839028834584408e-05 , std 0.00026513380716940144 
2023-05-13 12:27:34,950 INFO ofi_trade_5: 0.00013308383116053716 , std 0.0004060335964150412 
2023-05-13 12:27:34,950 INFO ofi_trade_6: 0.00017815787286138237 , std 0.0006520868219702743 
2023-05-13 12:27:34,950 INFO ofi_trade_7: 0.00017417277215152466 , std 0.0007785352829621043 
2023-05-13 12:27:34,950 INFO ofi_trade_8: 0.00015954464371248605 , std 0.0009698686546642869 
2023-05-13 12:27:34,950 INFO ofi_trade_9: 0.00017767643143438446 , std 0.0008794527084004918 
2023-05-13 12:27:34,950 INFO t_intercept: 0.018024405927329058 , std 1.3205747883187524 
2023-05-13 12:27:34,950 INFO t_ofi_add_1: 2.188391292927172 , std 2.131626830074812 
2023-05-13 12:27:34,950 INFO t_ofi_add_2: 4.166549365973156 , std 2.540648975886262 
2023-05-13 12:27:34,950 INFO t_ofi_add_3: 3.1224413114988456 , std 2.3103828043974675 
2023-05-13 12:27:34,950 INFO t_ofi_add_4: 2.025733551466552 , std 2.060412205482048 
2023-05-13 12:27:34,950 INFO t_ofi_add_5: 17581063684.006252 , std 1491284644695.1292 
2023-05-13 12:27:34,950 INFO t_ofi_add_6: 4.6399835968369985 , std 3.0619055684514094 
2023-05-13 12:27:34,950 INFO t_ofi_add_7: 4.3848192945571585 , std 3.03651723539774 
2023-05-13 12:27:34,950 INFO t_ofi_add_8: 40801588666.11655 , std 2819937955415.6963 
2023-05-13 12:27:34,950 INFO t_ofi_add_9: 35573742630.52211 , std 1794074862171.4485 
2023-05-13 12:27:34,950 INFO t_ofi_cancel_1: 1.6480543249903872 , std 1.979031957709141 
2023-05-13 12:27:34,950 INFO t_ofi_cancel_2: 3.0217891683213365 , std 2.3667363005589093 
2023-05-13 12:27:34,950 INFO t_ofi_cancel_3: 2.692279099232951 , std 2.1006937018969962 
2023-05-13 12:27:34,950 INFO t_ofi_cancel_4: 1.7390758173004994 , std 1.8944650748819454 
2023-05-13 12:27:34,951 INFO t_ofi_cancel_5: 3.1351952831761967 , std 2.6672806977599266 
2023-05-13 12:27:34,951 INFO t_ofi_cancel_6: 3.526682275736725 , std 2.5734211990818556 
2023-05-13 12:27:34,951 INFO t_ofi_cancel_7: 3.259880990158524 , std 2.5514347246554756 
2023-05-13 12:27:34,951 INFO t_ofi_cancel_8: 22253395173.72539 , std 1562290271480.8804 
2023-05-13 12:27:34,951 INFO t_ofi_cancel_9: 9015775571.858753 , std 1574552336404.0703 
2023-05-13 12:27:34,951 INFO t_ofi_trade_1: 11676655138.33293 , std 1030245797006.7281 
2023-05-13 12:27:34,951 INFO t_ofi_trade_2: 106683630707.82405 , std 6268635122036.15 
2023-05-13 12:27:34,951 INFO t_ofi_trade_3: 185853607592.90408 , std 9568212868678.182 
2023-05-13 12:27:34,951 INFO t_ofi_trade_4: 307864601106.21936 , std 9299010686252.691 
2023-05-13 12:27:34,951 INFO t_ofi_trade_5: 231397859424.41287 , std 6502049137651.835 
2023-05-13 12:27:34,951 INFO t_ofi_trade_6: 303368819147.35626 , std 10178326132134.041 
2023-05-13 12:27:34,951 INFO t_ofi_trade_7: 238187317151.75198 , std 11185847295582.332 
2023-05-13 12:27:34,951 INFO t_ofi_trade_8: 224038540746.432 , std 9675477460485.182 
2023-05-13 12:27:34,951 INFO t_ofi_trade_9: 289959731238.6823 , std 8613562401572.895 
2023-05-13 12:27:34,954 INFO Grouping by ofi type:
2023-05-13 12:27:34,954 INFO add: 93956395001.17282
2023-05-13 12:27:34,954 INFO cancel: 31269170764.6071
2023-05-13 12:27:34,954 INFO trade: 1899030762253.9158
2023-05-13 12:27:34,954 INFO Grouping by level:
2023-05-13 12:27:34,954 INFO 1: 11676655142.169374
2023-05-13 12:27:34,954 INFO 2: 106683630715.01239
2023-05-13 12:27:34,954 INFO 3: 185853607598.7188
2023-05-13 12:27:34,954 INFO 4: 307864601109.9842
2023-05-13 12:27:34,954 INFO 5: 248978923111.55432
2023-05-13 12:27:34,954 INFO 6: 303368819155.52295
2023-05-13 12:27:34,954 INFO 7: 238187317159.3967
2023-05-13 12:27:34,954 INFO 8: 287093524586.2739
2023-05-13 12:27:34,954 INFO 9: 334549249441.0632
2023-05-13 12:27:34,954 INFO Non empty regressions: 1.0 --- 7196 / 7196
