2023-05-13 12:28:28,785 INFO Starting...
2023-05-13 12:28:28,785 INFO Tickers: ['MO']
2023-05-13 12:28:30,271 INFO in_r2: 0.9768630131398017 , std 0.022034314495322522 
2023-05-13 12:28:30,271 INFO os_r2: 0.9469938003076264 , std 0.06924140293354068 
2023-05-13 12:28:30,271 INFO intercept: 9.307896476435107e-08 , std 5.033714061070243e-06 
2023-05-13 12:28:30,271 INFO ofi_add_1: 3.235069470399855e-05 , std 4.646868812083582e-05 
2023-05-13 12:28:30,271 INFO ofi_add_2: 8.080915380785265e-05 , std 5.904016255682536e-05 
2023-05-13 12:28:30,271 INFO ofi_add_3: 8.587733982080083e-05 , std 6.026973488020673e-05 
2023-05-13 12:28:30,271 INFO ofi_add_4: 9.991287336892425e-05 , std 7.214182080418978e-05 
2023-05-13 12:28:30,271 INFO ofi_add_5: 9.35961668513424e-05 , std 7.458009808752413e-05 
2023-05-13 12:28:30,271 INFO ofi_add_6: 0.00010748284242300695 , std 8.327116226302804e-05 
2023-05-13 12:28:30,271 INFO ofi_add_7: 0.00010714694636984616 , std 8.938088263675206e-05 
2023-05-13 12:28:30,271 INFO ofi_add_8: 9.783540518252477e-05 , std 0.00010031105845158641 
2023-05-13 12:28:30,271 INFO ofi_add_9: 0.0001197319485156501 , std 0.00010404545545434974 
2023-05-13 12:28:30,271 INFO ofi_cancel_1: 2.801988885558301e-05 , std 4.9938129030400854e-05 
2023-05-13 12:28:30,271 INFO ofi_cancel_2: 7.899235844095046e-05 , std 6.0726097360059435e-05 
2023-05-13 12:28:30,271 INFO ofi_cancel_3: 8.330560517613108e-05 , std 6.475996334963105e-05 
2023-05-13 12:28:30,271 INFO ofi_cancel_4: 9.720570122661557e-05 , std 7.873581864347348e-05 
2023-05-13 12:28:30,271 INFO ofi_cancel_5: 9.283276005685844e-05 , std 8.284333488393804e-05 
2023-05-13 12:28:30,272 INFO ofi_cancel_6: 0.00010916791622553124 , std 9.0951863015932e-05 
2023-05-13 12:28:30,272 INFO ofi_cancel_7: 0.00010467580022342241 , std 9.769179359233196e-05 
2023-05-13 12:28:30,272 INFO ofi_cancel_8: 9.992848900187577e-05 , std 0.00011412640120377495 
2023-05-13 12:28:30,272 INFO ofi_cancel_9: 0.00012703496919427506 , std 0.0001243519143150128 
2023-05-13 12:28:30,272 INFO ofi_trade_1: 3.38382406399488e-05 , std 0.00011804115204945131 
2023-05-13 12:28:30,272 INFO ofi_trade_2: 8.753259116878435e-05 , std 9.282084727764045e-05 
2023-05-13 12:28:30,272 INFO ofi_trade_3: 8.609591205104036e-05 , std 9.269571294565036e-05 
2023-05-13 12:28:30,272 INFO ofi_trade_4: 9.683604189698816e-05 , std 0.00010761461044880486 
2023-05-13 12:28:30,272 INFO ofi_trade_5: 9.855095831931035e-05 , std 0.00010934590271619303 
2023-05-13 12:28:30,272 INFO ofi_trade_6: 9.860179652453291e-05 , std 0.00012473378473701913 
2023-05-13 12:28:30,272 INFO ofi_trade_7: 0.00010613234214857891 , std 0.00013998662892379042 
2023-05-13 12:28:30,272 INFO ofi_trade_8: 9.767700785086179e-05 , std 0.0001458564961505884 
2023-05-13 12:28:30,272 INFO ofi_trade_9: 0.00010988698772554633 , std 0.00014976739897551566 
2023-05-13 12:28:30,272 INFO t_intercept: 0.011995048433930275 , std 1.024804566649715 
2023-05-13 12:28:30,272 INFO t_ofi_add_1: 1.439696971213404 , std 1.7860214075696845 
2023-05-13 12:28:30,272 INFO t_ofi_add_2: 2.9167718239857474 , std 2.0217905246235968 
2023-05-13 12:28:30,272 INFO t_ofi_add_3: 3.0204437671513147 , std 2.192615639231969 
2023-05-13 12:28:30,272 INFO t_ofi_add_4: 3.246386942614909 , std 2.4936790884782507 
2023-05-13 12:28:30,272 INFO t_ofi_add_5: 2.9313912398538355 , std 2.577560386031925 
2023-05-13 12:28:30,272 INFO t_ofi_add_6: 3.0579911798324977 , std 2.552289056139479 
2023-05-13 12:28:30,272 INFO t_ofi_add_7: 2.7861460486604166 , std 2.406561875155939 
2023-05-13 12:28:30,272 INFO t_ofi_add_8: 2.43109444232356 , std 2.359917424469622 
2023-05-13 12:28:30,272 INFO t_ofi_add_9: 3.111865703151177 , std 2.7401407178030404 
2023-05-13 12:28:30,272 INFO t_ofi_cancel_1: 1.0313497013785813 , std 1.6335006643700083 
2023-05-13 12:28:30,272 INFO t_ofi_cancel_2: 2.653559681557587 , std 1.8553642929887109 
2023-05-13 12:28:30,272 INFO t_ofi_cancel_3: 2.517579416082154 , std 1.9065864015827871 
2023-05-13 12:28:30,272 INFO t_ofi_cancel_4: 2.726380825334842 , std 2.1865280575388506 
2023-05-13 12:28:30,272 INFO t_ofi_cancel_5: 2.4483473040728057 , std 2.200036551453515 
2023-05-13 12:28:30,272 INFO t_ofi_cancel_6: 2.6214625653821213 , std 2.2294052473055244 
2023-05-13 12:28:30,272 INFO t_ofi_cancel_7: 2.3359364489245573 , std 2.136839825206778 
2023-05-13 12:28:30,272 INFO t_ofi_cancel_8: 2.041149618946046 , std 2.085639554212906 
2023-05-13 12:28:30,272 INFO t_ofi_cancel_9: 2.734648259613892 , std 2.498412895896007 
2023-05-13 12:28:30,272 INFO t_ofi_trade_1: 0.6257882997181129 , std 1.7633725000895344 
2023-05-13 12:28:30,272 INFO t_ofi_trade_2: 2.049461156152539 , std 1.9803944372551336 
2023-05-13 12:28:30,272 INFO t_ofi_trade_3: 2.10878739935635 , std 2.1508910706353035 
2023-05-13 12:28:30,272 INFO t_ofi_trade_4: 2.2848967330465806 , std 2.306285223762019 
2023-05-13 12:28:30,272 INFO t_ofi_trade_5: 2.2400126109096727 , std 2.3605954628221975 
2023-05-13 12:28:30,272 INFO t_ofi_trade_6: 2.1376536804153217 , std 2.3543301863068526 
2023-05-13 12:28:30,272 INFO t_ofi_trade_7: 2.0162948759465347 , std 2.1878181275183812 
2023-05-13 12:28:30,272 INFO t_ofi_trade_8: 1.8073896488928576 , std 2.1123210771603467 
2023-05-13 12:28:30,272 INFO t_ofi_trade_9: 2.2523672281680795 , std 2.4713691498193504 
2023-05-13 12:28:30,275 INFO Grouping by ofi type:
2023-05-13 12:28:30,275 INFO add: 24.94178811878686
2023-05-13 12:28:30,275 INFO cancel: 21.11041382129259
2023-05-13 12:28:30,275 INFO trade: 17.52265163260605
2023-05-13 12:28:30,275 INFO Grouping by level:
2023-05-13 12:28:30,275 INFO 1: 3.096834972310098
2023-05-13 12:28:30,275 INFO 2: 7.6197926616958735
2023-05-13 12:28:30,275 INFO 3: 7.6468105825898185
2023-05-13 12:28:30,275 INFO 4: 8.25766450099633
2023-05-13 12:28:30,275 INFO 5: 7.6197511548363135
2023-05-13 12:28:30,275 INFO 6: 7.817107425629941
2023-05-13 12:28:30,275 INFO 7: 7.138377373531508
2023-05-13 12:28:30,275 INFO 8: 6.2796337101624635
2023-05-13 12:28:30,275 INFO 9: 8.098881190933149
2023-05-13 12:28:30,275 INFO Non empty regressions: 1.0 --- 6876 / 6876
