2023-05-13 12:28:15,068 INFO Starting...
2023-05-13 12:28:15,068 INFO Tickers: ['NEE']
2023-05-13 12:28:16,288 INFO in_r2: 0.8349147219258627 , std 0.06352919026982992 
2023-05-13 12:28:16,288 INFO os_r2: 0.6791454117807609 , std 0.6861253770852317 
2023-05-13 12:28:16,288 INFO intercept: 2.506606038648574e-07 , std 8.377686386712886e-06 
2023-05-13 12:28:16,288 INFO ofi_add_1: 0.00010332693014444217 , std 7.467726696714922e-05 
2023-05-13 12:28:16,288 INFO ofi_add_2: 0.00011164396802223628 , std 7.424476049501514e-05 
2023-05-13 12:28:16,288 INFO ofi_add_3: 7.154463383188893e-05 , std 6.911281563659373e-05 
2023-05-13 12:28:16,288 INFO ofi_add_4: 4.3318581255716906e-05 , std 6.84993276187967e-05 
2023-05-13 12:28:16,288 INFO ofi_add_5: 2.454960842006733e-05 , std 6.975543846240859e-05 
2023-05-13 12:28:16,288 INFO ofi_add_6: 2.1165928513991627e-05 , std 7.599599262232382e-05 
2023-05-13 12:28:16,288 INFO ofi_add_7: 1.9446244870366317e-05 , std 8.777174823353136e-05 
2023-05-13 12:28:16,288 INFO ofi_add_8: 1.3895287113885465e-05 , std 8.314491197030253e-05 
2023-05-13 12:28:16,288 INFO ofi_add_9: 1.356098664750583e-05 , std 6.776100462308213e-05 
2023-05-13 12:28:16,288 INFO ofi_cancel_1: 0.00013086125645281655 , std 9.097326138278447e-05 
2023-05-13 12:28:16,288 INFO ofi_cancel_2: 0.0001242323714968203 , std 7.892281245419008e-05 
2023-05-13 12:28:16,288 INFO ofi_cancel_3: 6.929857029603095e-05 , std 6.965807372415543e-05 
2023-05-13 12:28:16,288 INFO ofi_cancel_4: 4.189459736334441e-05 , std 7.354500834851361e-05 
2023-05-13 12:28:16,288 INFO ofi_cancel_5: 2.096728967334754e-05 , std 7.645783043229518e-05 
2023-05-13 12:28:16,288 INFO ofi_cancel_6: 1.552259584848309e-05 , std 8.685701917901161e-05 
2023-05-13 12:28:16,289 INFO ofi_cancel_7: 1.363846760714486e-05 , std 8.924417375460948e-05 
2023-05-13 12:28:16,289 INFO ofi_cancel_8: 9.147016893533632e-06 , std 8.306949859805149e-05 
2023-05-13 12:28:16,289 INFO ofi_cancel_9: 9.339053596108986e-06 , std 7.116675538982163e-05 
2023-05-13 12:28:16,289 INFO ofi_trade_1: 0.00010172318844001763 , std 0.00019143721444540396 
2023-05-13 12:28:16,289 INFO ofi_trade_2: 9.705708753193715e-05 , std 0.00020601553040707778 
2023-05-13 12:28:16,289 INFO ofi_trade_3: 7.225497662230561e-05 , std 0.0001993209561522456 
2023-05-13 12:28:16,289 INFO ofi_trade_4: 4.965719580631466e-05 , std 0.00021898673680483032 
2023-05-13 12:28:16,289 INFO ofi_trade_5: 3.528524202001289e-05 , std 0.00021688990840248063 
2023-05-13 12:28:16,289 INFO ofi_trade_6: 4.973480057864497e-05 , std 0.0002335739933138706 
2023-05-13 12:28:16,289 INFO ofi_trade_7: 6.432700776991707e-05 , std 0.0002346833675969533 
2023-05-13 12:28:16,289 INFO ofi_trade_8: 6.671386124433039e-05 , std 0.00023819046429531934 
2023-05-13 12:28:16,289 INFO ofi_trade_9: 8.112880549097738e-05 , std 0.00024738805415796064 
2023-05-13 12:28:16,289 INFO t_intercept: 0.044832478620699716 , std 1.0039852308683224 
2023-05-13 12:28:16,289 INFO t_ofi_add_1: 2.4880449286871964 , std 1.419749818228264 
2023-05-13 12:28:16,289 INFO t_ofi_add_2: 2.4570869523431744 , std 1.3698722371471956 
2023-05-13 12:28:16,289 INFO t_ofi_add_3: 1.5191973337335989 , std 1.2485514821199402 
2023-05-13 12:28:16,289 INFO t_ofi_add_4: 0.9245753689276586 , std 1.2093497386726002 
2023-05-13 12:28:16,289 INFO t_ofi_add_5: 0.5067827539033217 , std 1.2014767336533634 
2023-05-13 12:28:16,289 INFO t_ofi_add_6: 0.41102552761765404 , std 1.2016551050367037 
2023-05-13 12:28:16,289 INFO t_ofi_add_7: 0.3296410918319001 , std 1.1756608916297353 
2023-05-13 12:28:16,289 INFO t_ofi_add_8: 0.2600860131310915 , std 1.1809657542517982 
2023-05-13 12:28:16,289 INFO t_ofi_add_9: 0.3075115196034101 , std 1.2289229871950151 
2023-05-13 12:28:16,289 INFO t_ofi_cancel_1: 2.689488189300976 , std 1.411486544522489 
2023-05-13 12:28:16,289 INFO t_ofi_cancel_2: 2.615270820095722 , std 1.3461067929208603 
2023-05-13 12:28:16,289 INFO t_ofi_cancel_3: 1.4367817927781887 , std 1.255825077358932 
2023-05-13 12:28:16,289 INFO t_ofi_cancel_4: 0.8487960497700474 , std 1.2030529242578776 
2023-05-13 12:28:16,290 INFO t_ofi_cancel_5: 0.4199432025053026 , std 1.1944836428651695 
2023-05-13 12:28:16,290 INFO t_ofi_cancel_6: 0.30695435825776657 , std 1.213783698696861 
2023-05-13 12:28:16,290 INFO t_ofi_cancel_7: 0.19558502339923484 , std 1.194939283802441 
2023-05-13 12:28:16,290 INFO t_ofi_cancel_8: 0.1478157329604446 , std 1.1707266813157928 
2023-05-13 12:28:16,290 INFO t_ofi_cancel_9: 0.20717245605726983 , std 1.210233898994274 
2023-05-13 12:28:16,290 INFO t_ofi_trade_1: 0.8757669225229421 , std 1.3888819936958037 
2023-05-13 12:28:16,290 INFO t_ofi_trade_2: 0.7660701112081529 , std 1.344127324526879 
2023-05-13 12:28:16,290 INFO t_ofi_trade_3: 0.6206059714993408 , std 1.2842428499786316 
2023-05-13 12:28:16,290 INFO t_ofi_trade_4: 0.43376368520599556 , std 1.3015823948292924 
2023-05-13 12:28:16,290 INFO t_ofi_trade_5: 0.3481864211896529 , std 1.2923958965537452 
2023-05-13 12:28:16,290 INFO t_ofi_trade_6: 0.37061568213039137 , std 1.3118991755084828 
2023-05-13 12:28:16,290 INFO t_ofi_trade_7: 0.46006906534749387 , std 1.2910925054035471 
2023-05-13 12:28:16,290 INFO t_ofi_trade_8: 0.49170051422070454 , std 1.2782942813711693 
2023-05-13 12:28:16,290 INFO t_ofi_trade_9: 0.6312002721159293 , std 1.3489988378763362 
2023-05-13 12:28:16,290 INFO Grouping by ofi type:
2023-05-13 12:28:16,290 INFO add: 9.203951489779008
2023-05-13 12:28:16,291 INFO cancel: 8.867807625124952
2023-05-13 12:28:16,291 INFO trade: 4.997978645440604
2023-05-13 12:28:16,291 INFO Grouping by level:
2023-05-13 12:28:16,291 INFO 1: 6.053300040511115
2023-05-13 12:28:16,291 INFO 2: 5.83842788364705
2023-05-13 12:28:16,291 INFO 3: 3.5765850980111287
2023-05-13 12:28:16,291 INFO 4: 2.2071351039037013
2023-05-13 12:28:16,291 INFO 5: 1.2749123775982771
2023-05-13 12:28:16,291 INFO 6: 1.088595568005812
2023-05-13 12:28:16,291 INFO 7: 0.9852951805786287
2023-05-13 12:28:16,291 INFO 8: 0.8996022603122407
2023-05-13 12:28:16,291 INFO 9: 1.1458842477766091
2023-05-13 12:28:16,291 INFO Non empty regressions: 1.0 --- 2529 / 2529
