2023-05-13 12:27:54,703 INFO Starting...
2023-05-13 12:27:54,703 INFO Tickers: ['PM']
2023-05-13 12:27:56,079 INFO in_r2: 0.9108706629519043 , std 0.04502563453739166 
2023-05-13 12:27:56,079 INFO os_r2: 0.8465924472259703 , std 0.22038336247753318 
2023-05-13 12:27:56,079 INFO intercept: -2.871962728712649e-07 , std 6.7121798806602255e-06 
2023-05-13 12:27:56,079 INFO ofi_add_1: 8.748966088648187e-05 , std 7.401017527064623e-05 
2023-05-13 12:27:56,079 INFO ofi_add_2: 0.00011181743544118409 , std 7.303087927496386e-05 
2023-05-13 12:27:56,079 INFO ofi_add_3: 7.095466629562357e-05 , std 6.305969496937027e-05 
2023-05-13 12:27:56,079 INFO ofi_add_4: 5.700148339716847e-05 , std 6.356814617983078e-05 
2023-05-13 12:27:56,079 INFO ofi_add_5: 4.531785784307608e-05 , std 6.550184994996974e-05 
2023-05-13 12:27:56,079 INFO ofi_add_6: 4.624608099670945e-05 , std 6.683449167183209e-05 
2023-05-13 12:27:56,079 INFO ofi_add_7: 3.902194971881385e-05 , std 6.856338530419087e-05 
2023-05-13 12:27:56,079 INFO ofi_add_8: 4.303403569060344e-05 , std 7.615982802776517e-05 
2023-05-13 12:27:56,079 INFO ofi_add_9: 5.492521983774056e-05 , std 7.808174271578044e-05 
2023-05-13 12:27:56,079 INFO ofi_cancel_1: 9.392174664282401e-05 , std 8.288241971993516e-05 
2023-05-13 12:27:56,079 INFO ofi_cancel_2: 0.00011918383283968166 , std 7.73931122277735e-05 
2023-05-13 12:27:56,079 INFO ofi_cancel_3: 6.954450269348987e-05 , std 6.693676539859408e-05 
2023-05-13 12:27:56,079 INFO ofi_cancel_4: 5.387873771886591e-05 , std 6.936171040399301e-05 
2023-05-13 12:27:56,079 INFO ofi_cancel_5: 4.123972218095945e-05 , std 7.057874313539034e-05 
2023-05-13 12:27:56,079 INFO ofi_cancel_6: 4.12350126524069e-05 , std 7.1513693942257e-05 
2023-05-13 12:27:56,079 INFO ofi_cancel_7: 3.3972523575603235e-05 , std 7.324367644742066e-05 
2023-05-13 12:27:56,079 INFO ofi_cancel_8: 3.642112849017051e-05 , std 8.181233487774626e-05 
2023-05-13 12:27:56,079 INFO ofi_cancel_9: 5.499405895829295e-05 , std 8.45566226380962e-05 
2023-05-13 12:27:56,079 INFO ofi_trade_1: 6.846860000198459e-05 , std 0.00014636552240375255 
2023-05-13 12:27:56,079 INFO ofi_trade_2: 0.00010177985370140048 , std 0.00012833499733948603 
2023-05-13 12:27:56,079 INFO ofi_trade_3: 6.206378780068225e-05 , std 0.00011680412948074927 
2023-05-13 12:27:56,079 INFO ofi_trade_4: 5.749823424646373e-05 , std 0.00011300216798155438 
2023-05-13 12:27:56,079 INFO ofi_trade_5: 5.157004374178588e-05 , std 0.0001181971655406893 
2023-05-13 12:27:56,079 INFO ofi_trade_6: 5.4867566687402355e-05 , std 0.0001193127842380629 
2023-05-13 12:27:56,079 INFO ofi_trade_7: 5.063355536762877e-05 , std 0.00012554516456125388 
2023-05-13 12:27:56,079 INFO ofi_trade_8: 6.806913978177188e-05 , std 0.0001360911581042147 
2023-05-13 12:27:56,079 INFO ofi_trade_9: 9.300026180951538e-05 , std 0.00013989280928872216 
2023-05-13 12:27:56,080 INFO t_intercept: -0.04350106945009924 , std 0.9486306593289235 
2023-05-13 12:27:56,080 INFO t_ofi_add_1: 2.1296530804789304 , std 1.5880093011059477 
2023-05-13 12:27:56,080 INFO t_ofi_add_2: 2.542662460406437 , std 1.407617002231006 
2023-05-13 12:27:56,080 INFO t_ofi_add_3: 1.628721852545544 , std 1.3020147691874577 
2023-05-13 12:27:56,080 INFO t_ofi_add_4: 1.3258693531890027 , std 1.3157468638401622 
2023-05-13 12:27:56,080 INFO t_ofi_add_5: 1.008170096491996 , std 1.3424972663105232 
2023-05-13 12:27:56,080 INFO t_ofi_add_6: 1.0118384614872193 , std 1.343997879515183 
2023-05-13 12:27:56,080 INFO t_ofi_add_7: 0.8209472234105444 , std 1.3032644853062805 
2023-05-13 12:27:56,080 INFO t_ofi_add_8: 0.818458289677908 , std 1.3137809983725486 
2023-05-13 12:27:56,080 INFO t_ofi_add_9: 1.1182787625496249 , std 1.446730598798848 
2023-05-13 12:27:56,080 INFO t_ofi_cancel_1: 1.9629169083480786 , std 1.5610395191518431 
2023-05-13 12:27:56,080 INFO t_ofi_cancel_2: 2.5532578012530056 , std 1.4103906934782715 
2023-05-13 12:27:56,080 INFO t_ofi_cancel_3: 1.4639679233890273 , std 1.2850879557008121 
2023-05-13 12:27:56,080 INFO t_ofi_cancel_4: 1.1447465249167998 , std 1.3021484517219417 
2023-05-13 12:27:56,080 INFO t_ofi_cancel_5: 0.8311079215981771 , std 1.3084885918649996 
2023-05-13 12:27:56,080 INFO t_ofi_cancel_6: 0.8185421060919532 , std 1.3163894880776041 
2023-05-13 12:27:56,080 INFO t_ofi_cancel_7: 0.6571902422137555 , std 1.2907270648771831 
2023-05-13 12:27:56,080 INFO t_ofi_cancel_8: 0.6362295407005399 , std 1.304652723526319 
2023-05-13 12:27:56,080 INFO t_ofi_cancel_9: 1.0254861504717485 , std 1.4172651717850855 
2023-05-13 12:27:56,080 INFO t_ofi_trade_1: 0.7187820029272449 , std 1.395117642432645 
2023-05-13 12:27:56,080 INFO t_ofi_trade_2: 1.1961054565038 , std 1.3268272783945174 
2023-05-13 12:27:56,080 INFO t_ofi_trade_3: 0.7833751588274658 , std 1.3289139010472062 
2023-05-13 12:27:56,080 INFO t_ofi_trade_4: 0.799393997625125 , std 1.3113807400526836 
2023-05-13 12:27:56,080 INFO t_ofi_trade_5: 0.686448569665956 , std 1.3173832755969999 
2023-05-13 12:27:56,080 INFO t_ofi_trade_6: 0.6856678737951373 , std 1.304133209963555 
2023-05-13 12:27:56,080 INFO t_ofi_trade_7: 0.6213039384713452 , std 1.2838886775719716 
2023-05-13 12:27:56,080 INFO t_ofi_trade_8: 0.7481845223779754 , std 1.2780848458576068 
2023-05-13 12:27:56,080 INFO t_ofi_trade_9: 1.0249092399797137 , std 1.3538713714645465 
2023-05-13 12:27:56,081 INFO Grouping by ofi type:
2023-05-13 12:27:56,081 INFO add: 12.404599580237207
2023-05-13 12:27:56,081 INFO cancel: 11.093445118983084
2023-05-13 12:27:56,081 INFO trade: 7.264170760173763
2023-05-13 12:27:56,081 INFO Grouping by level:
2023-05-13 12:27:56,081 INFO 1: 4.811351991754254
2023-05-13 12:27:56,081 INFO 2: 6.292025718163242
2023-05-13 12:27:56,081 INFO 3: 3.876064934762037
2023-05-13 12:27:56,081 INFO 4: 3.2700098757309277
2023-05-13 12:27:56,081 INFO 5: 2.5257265877561292
2023-05-13 12:27:56,081 INFO 6: 2.5160484413743096
2023-05-13 12:27:56,081 INFO 7: 2.099441404095645
2023-05-13 12:27:56,081 INFO 8: 2.2028723527564233
2023-05-13 12:27:56,081 INFO 9: 3.1686741530010867
2023-05-13 12:27:56,081 INFO Non empty regressions: 1.0 --- 6689 / 6689
