2023-05-13 12:29:03,613 INFO Starting...
2023-05-13 12:29:03,613 INFO Tickers: ['SYK']
2023-05-13 12:29:04,740 INFO in_r2: 0.73818478855336 , std 0.13583268907961946 
2023-05-13 12:29:04,740 INFO os_r2: 0.4184456206369229 , std 0.6115830116029285 
2023-05-13 12:29:04,740 INFO intercept: 1.5248792269247404e-06 , std 2.007132872325135e-05 
2023-05-13 12:29:04,741 INFO ofi_add_1: 0.00016357358889287048 , std 0.00017739536743443553 
2023-05-13 12:29:04,741 INFO ofi_add_2: 0.00017309445246136074 , std 0.00019347037778255077 
2023-05-13 12:29:04,741 INFO ofi_add_3: 0.00011961964897764388 , std 0.0001938147379951316 
2023-05-13 12:29:04,741 INFO ofi_add_4: 0.00011079437183063324 , std 0.0002724879456971464 
2023-05-13 12:29:04,741 INFO ofi_add_5: 6.179222010978535e-05 , std 0.00030288639964145994 
2023-05-13 12:29:04,741 INFO ofi_add_6: 6.529712577707469e-05 , std 0.00026733739461050435 
2023-05-13 12:29:04,741 INFO ofi_add_7: 5.448595889109486e-05 , std 0.0002606173696426237 
2023-05-13 12:29:04,741 INFO ofi_add_8: 1.9430418674227227e-05 , std 0.0002323006269805401 
2023-05-13 12:29:04,741 INFO ofi_add_9: 5.35792395236256e-05 , std 0.00022054213560920548 
2023-05-13 12:29:04,741 INFO ofi_cancel_1: 0.0002126830289462652 , std 0.00021821747682780092 
2023-05-13 12:29:04,741 INFO ofi_cancel_2: 0.0001828698349362868 , std 0.00020082205048418917 
2023-05-13 12:29:04,741 INFO ofi_cancel_3: 0.00012268951426194677 , std 0.0002248089422268311 
2023-05-13 12:29:04,741 INFO ofi_cancel_4: 0.00010270472707593601 , std 0.00026749384195924787 
2023-05-13 12:29:04,741 INFO ofi_cancel_5: 4.947686177158443e-05 , std 0.0003186864164395879 
2023-05-13 12:29:04,741 INFO ofi_cancel_6: 6.073940367330682e-05 , std 0.0002614066047479686 
2023-05-13 12:29:04,741 INFO ofi_cancel_7: 5.075660063431835e-05 , std 0.0002604690090965112 
2023-05-13 12:29:04,741 INFO ofi_cancel_8: 1.1113828514341177e-05 , std 0.00023936377595311297 
2023-05-13 12:29:04,741 INFO ofi_cancel_9: 6.186596682502795e-05 , std 0.0002376929118204606 
2023-05-13 12:29:04,741 INFO ofi_trade_1: 0.00017728395947687998 , std 0.0003922330323484824 
2023-05-13 12:29:04,741 INFO ofi_trade_2: 0.0001452849096323571 , std 0.0004878530961487356 
2023-05-13 12:29:04,741 INFO ofi_trade_3: 9.13368197600577e-05 , std 0.0005043283240420339 
2023-05-13 12:29:04,741 INFO ofi_trade_4: 0.00011089746934193235 , std 0.0006403953858106735 
2023-05-13 12:29:04,741 INFO ofi_trade_5: 8.500208296123327e-05 , std 0.0006577949049396804 
2023-05-13 12:29:04,741 INFO ofi_trade_6: 0.0001485157167412539 , std 0.000553990754230471 
2023-05-13 12:29:04,742 INFO ofi_trade_7: 9.985618528069156e-05 , std 0.0006150617165752906 
2023-05-13 12:29:04,742 INFO ofi_trade_8: 0.00015534971536099445 , std 0.0005274386005775947 
2023-05-13 12:29:04,742 INFO ofi_trade_9: 0.00023244883987331237 , std 0.0005704904215419349 
2023-05-13 12:29:04,742 INFO t_intercept: 0.05145555711300718 , std 0.9854883978173218 
2023-05-13 12:29:04,742 INFO t_ofi_add_1: 2.519559050594547 , std 1.6189853152986402 
2023-05-13 12:29:04,742 INFO t_ofi_add_2: 2.0473710733943054 , std 1.4510579269100887 
2023-05-13 12:29:04,742 INFO t_ofi_add_3: 1.32106330820605 , std 1.3787782168271614 
2023-05-13 12:29:04,742 INFO t_ofi_add_4: 0.9589450995565031 , std 1.2315081327081072 
2023-05-13 12:29:04,742 INFO t_ofi_add_5: 0.6217466508618024 , std 1.3670481715193106 
2023-05-13 12:29:04,742 INFO t_ofi_add_6: 0.5221659379667808 , std 1.330487065398086 
2023-05-13 12:29:04,742 INFO t_ofi_add_7: 0.4370430356610304 , std 1.3570965123453573 
2023-05-13 12:29:04,742 INFO t_ofi_add_8: 0.3110809749404306 , std 1.3291732427164193 
2023-05-13 12:29:04,742 INFO t_ofi_add_9: 0.6513799348305231 , std 1.5050000796149514 
2023-05-13 12:29:04,742 INFO t_ofi_cancel_1: 2.566125443639924 , std 1.5378063521821976 
2023-05-13 12:29:04,742 INFO t_ofi_cancel_2: 2.1343275610777606 , std 1.5168002823158775 
2023-05-13 12:29:04,742 INFO t_ofi_cancel_3: 1.2725903698312384 , std 1.3744731649865962 
2023-05-13 12:29:04,742 INFO t_ofi_cancel_4: 0.8489817151455343 , std 1.269845601224394 
2023-05-13 12:29:04,742 INFO t_ofi_cancel_5: 0.49817293465038154 , std 1.3864273078016227 
2023-05-13 12:29:04,742 INFO t_ofi_cancel_6: 0.4131084738287606 , std 1.357703323144031 
2023-05-13 12:29:04,742 INFO t_ofi_cancel_7: 0.3357268474888469 , std 1.339163187414682 
2023-05-13 12:29:04,742 INFO t_ofi_cancel_8: 0.23255750137176964 , std 1.3290432512328547 
2023-05-13 12:29:04,742 INFO t_ofi_cancel_9: 0.711617948890829 , std 1.5686721759818936 
2023-05-13 12:29:04,742 INFO t_ofi_trade_1: 1.2383675917716004 , std 1.598291096425069 
2023-05-13 12:29:04,742 INFO t_ofi_trade_2: 0.6239108951342688 , std 1.4624005137964584 
2023-05-13 12:29:04,743 INFO t_ofi_trade_3: 0.4216742841553811 , std 1.3627843432898248 
2023-05-13 12:29:04,743 INFO t_ofi_trade_4: 0.413827703467269 , std 1.3745290056016488 
2023-05-13 12:29:04,743 INFO t_ofi_trade_5: 0.36421912020042607 , std 1.399913948533986 
2023-05-13 12:29:04,743 INFO t_ofi_trade_6: 0.4719831201895488 , std 1.3606156399404896 
2023-05-13 12:29:04,743 INFO t_ofi_trade_7: 0.5027227432483311 , std 1.5122004262350306 
2023-05-13 12:29:04,743 INFO t_ofi_trade_8: 0.6577646017082452 , std 1.40144733653089 
2023-05-13 12:29:04,743 INFO t_ofi_trade_9: 1.1834928583876898 , std 1.6230624648553804 
2023-05-13 12:29:04,743 INFO Grouping by ofi type:
2023-05-13 12:29:04,743 INFO add: 9.390355066011972
2023-05-13 12:29:04,743 INFO cancel: 9.013208795925044
2023-05-13 12:29:04,743 INFO trade: 5.87796291826276
2023-05-13 12:29:04,743 INFO Grouping by level:
2023-05-13 12:29:04,743 INFO 1: 6.324052086006072
2023-05-13 12:29:04,743 INFO 2: 4.805609529606334
2023-05-13 12:29:04,743 INFO 3: 3.0153279621926696
2023-05-13 12:29:04,743 INFO 4: 2.2217545181693064
2023-05-13 12:29:04,743 INFO 5: 1.48413870571261
2023-05-13 12:29:04,743 INFO 6: 1.4072575319850902
2023-05-13 12:29:04,743 INFO 7: 1.2754926263982083
2023-05-13 12:29:04,744 INFO 8: 1.2014030780204454
2023-05-13 12:29:04,744 INFO 9: 2.546490742109042
2023-05-13 12:29:04,744 INFO Non empty regressions: 1.0 --- 544 / 544
