2023-05-13 12:29:06,222 INFO Starting...
2023-05-13 12:29:06,222 INFO Tickers: ['TGT']
2023-05-13 12:29:07,634 INFO in_r2: 0.9357709908842317 , std 0.053401264574330067 
2023-05-13 12:29:07,634 INFO os_r2: 0.8907649112571934 , std 0.1361744413753868 
2023-05-13 12:29:07,634 INFO intercept: -1.3869148019683677e-08 , std 6.585066847914635e-06 
2023-05-13 12:29:07,634 INFO ofi_add_1: 7.751730880980766e-05 , std 7.011216703758199e-05 
2023-05-13 12:29:07,634 INFO ofi_add_2: 0.00010403208769645868 , std 6.556951051852846e-05 
2023-05-13 12:29:07,634 INFO ofi_add_3: 7.870755348294104e-05 , std 5.748591122306868e-05 
2023-05-13 12:29:07,634 INFO ofi_add_4: 6.39564968728202e-05 , std 5.7718831543690186e-05 
2023-05-13 12:29:07,634 INFO ofi_add_5: 5.956991793782133e-05 , std 6.25334237287929e-05 
2023-05-13 12:29:07,634 INFO ofi_add_6: 7.352920220468009e-05 , std 7.05322973221268e-05 
2023-05-13 12:29:07,634 INFO ofi_add_7: 7.346977401277341e-05 , std 7.292416846181518e-05 
2023-05-13 12:29:07,634 INFO ofi_add_8: 7.457407374133684e-05 , std 8.011379824566398e-05 
2023-05-13 12:29:07,634 INFO ofi_add_9: 0.00010059466876242378 , std 8.701004024498215e-05 
2023-05-13 12:29:07,634 INFO ofi_cancel_1: 7.959549348000934e-05 , std 8.192594306397309e-05 
2023-05-13 12:29:07,634 INFO ofi_cancel_2: 0.0001068251049164928 , std 6.990730037169305e-05 
2023-05-13 12:29:07,634 INFO ofi_cancel_3: 7.825612575483465e-05 , std 6.116471828596575e-05 
2023-05-13 12:29:07,634 INFO ofi_cancel_4: 6.352228134664924e-05 , std 6.213134819245427e-05 
2023-05-13 12:29:07,634 INFO ofi_cancel_5: 5.664182523930911e-05 , std 6.671423535230202e-05 
2023-05-13 12:29:07,634 INFO ofi_cancel_6: 6.867879757169935e-05 , std 7.793890791127558e-05 
2023-05-13 12:29:07,634 INFO ofi_cancel_7: 6.643277933434767e-05 , std 7.773692989339994e-05 
2023-05-13 12:29:07,634 INFO ofi_cancel_8: 7.098944111447117e-05 , std 8.97235059911089e-05 
2023-05-13 12:29:07,634 INFO ofi_cancel_9: 0.00010207795282139408 , std 9.906217353941001e-05 
2023-05-13 12:29:07,634 INFO ofi_trade_1: 6.602219475440761e-05 , std 0.00013459153924900196 
2023-05-13 12:29:07,634 INFO ofi_trade_2: 9.328270679594029e-05 , std 0.00010765391966355586 
2023-05-13 12:29:07,634 INFO ofi_trade_3: 7.19459467009474e-05 , std 9.838490594468727e-05 
2023-05-13 12:29:07,634 INFO ofi_trade_4: 6.347982939225715e-05 , std 9.228648549728772e-05 
2023-05-13 12:29:07,634 INFO ofi_trade_5: 6.429347868619603e-05 , std 9.47438689533742e-05 
2023-05-13 12:29:07,634 INFO ofi_trade_6: 8.267589769943587e-05 , std 0.00010240385138692551 
2023-05-13 12:29:07,634 INFO ofi_trade_7: 8.313311042911085e-05 , std 0.0001111132273173897 
2023-05-13 12:29:07,634 INFO ofi_trade_8: 8.91371614254809e-05 , std 0.00011760094391417891 
2023-05-13 12:29:07,634 INFO ofi_trade_9: 0.00012214670730085694 , std 0.00012336230841895058 
2023-05-13 12:29:07,634 INFO t_intercept: 0.011510096513513915 , std 0.9801186128211077 
2023-05-13 12:29:07,634 INFO t_ofi_add_1: 2.1164169184524684 , std 1.6572434000167455 
2023-05-13 12:29:07,634 INFO t_ofi_add_2: 2.6669309504368752 , std 1.5700729929822383 
2023-05-13 12:29:07,635 INFO t_ofi_add_3: 2.259360375364409 , std 1.5776698352848886 
2023-05-13 12:29:07,635 INFO t_ofi_add_4: 1.9983115591086693 , std 1.639618990880182 
2023-05-13 12:29:07,635 INFO t_ofi_add_5: 1.8374724771292403 , std 1.828554044058107 
2023-05-13 12:29:07,635 INFO t_ofi_add_6: 2.0214783040375663 , std 1.8624417163354277 
2023-05-13 12:29:07,635 INFO t_ofi_add_7: 1.8093455753586332 , std 1.7442936141993677 
2023-05-13 12:29:07,635 INFO t_ofi_add_8: 1.6154814199894494 , std 1.6840192902077262 
2023-05-13 12:29:07,635 INFO t_ofi_add_9: 2.2632965630843422 , std 1.9358706683550955 
2023-05-13 12:29:07,635 INFO t_ofi_cancel_1: 1.74242259586522 , std 1.6188514750248884 
2023-05-13 12:29:07,635 INFO t_ofi_cancel_2: 2.5985384286595425 , std 1.5365120413404847 
2023-05-13 12:29:07,635 INFO t_ofi_cancel_3: 2.067880876064436 , std 1.5079877256311411 
2023-05-13 12:29:07,635 INFO t_ofi_cancel_4: 1.7571674336579117 , std 1.5204330597815126 
2023-05-13 12:29:07,635 INFO t_ofi_cancel_5: 1.5302630432948288 , std 1.6438206605512675 
2023-05-13 12:29:07,635 INFO t_ofi_cancel_6: 1.6616553043277504 , std 1.7290120593089593 
2023-05-13 12:29:07,635 INFO t_ofi_cancel_7: 1.4554872778105734 , std 1.5868423843730421 
2023-05-13 12:29:07,635 INFO t_ofi_cancel_8: 1.360788050939164 , std 1.6122400628730875 
2023-05-13 12:29:07,635 INFO t_ofi_cancel_9: 2.005840980828451 , std 1.8354765496784915 
2023-05-13 12:29:07,635 INFO t_ofi_trade_1: 0.7690340058387183 , std 1.5029506192902262 
2023-05-13 12:29:07,635 INFO t_ofi_trade_2: 1.445238889391247 , std 1.5243205272574287 
2023-05-13 12:29:07,635 INFO t_ofi_trade_3: 1.2808286462820315 , std 1.5971949756532393 
2023-05-13 12:29:07,635 INFO t_ofi_trade_4: 1.2466828343803846 , std 1.5840202075131284 
2023-05-13 12:29:07,635 INFO t_ofi_trade_5: 1.2776490050729086 , std 1.665588451847086 
2023-05-13 12:29:07,635 INFO t_ofi_trade_6: 1.4585943692563181 , std 1.5908613078898248 
2023-05-13 12:29:07,635 INFO t_ofi_trade_7: 1.3237448727687255 , std 1.5293224500603886 
2023-05-13 12:29:07,635 INFO t_ofi_trade_8: 1.259185982783459 , std 1.4619586570570695 
2023-05-13 12:29:07,635 INFO t_ofi_trade_9: 1.7658389225022746 , std 1.6540788728711655 
2023-05-13 12:29:07,636 INFO Grouping by ofi type:
2023-05-13 12:29:07,636 INFO add: 18.588094142961655
2023-05-13 12:29:07,636 INFO cancel: 16.180043991447878
2023-05-13 12:29:07,636 INFO trade: 11.826797528276067
2023-05-13 12:29:07,636 INFO Grouping by level:
2023-05-13 12:29:07,636 INFO 1: 4.627873520156407
2023-05-13 12:29:07,636 INFO 2: 6.710708268487664
2023-05-13 12:29:07,636 INFO 3: 5.608069897710877
2023-05-13 12:29:07,636 INFO 4: 5.002161827146965
2023-05-13 12:29:07,636 INFO 5: 4.6453845254969774
2023-05-13 12:29:07,636 INFO 6: 5.141727977621635
2023-05-13 12:29:07,636 INFO 7: 4.588577725937932
2023-05-13 12:29:07,636 INFO 8: 4.235455453712072
2023-05-13 12:29:07,636 INFO 9: 6.034976466415067
2023-05-13 12:29:07,636 INFO Non empty regressions: 1.0 --- 6926 / 6926
