2023-05-13 12:28:09,616 INFO Starting...
2023-05-13 12:28:09,616 INFO Tickers: ['UTX']
2023-05-13 12:28:10,928 INFO in_r2: 0.9008691304614668 , std 0.04331277181348681 
2023-05-13 12:28:10,928 INFO os_r2: 0.8302459905682928 , std 0.42391985499921236 
2023-05-13 12:28:10,928 INFO intercept: -4.916790776207504e-07 , std 7.048630469872278e-06 
2023-05-13 12:28:10,928 INFO ofi_add_1: 7.788380009321066e-05 , std 6.468932193823649e-05 
2023-05-13 12:28:10,928 INFO ofi_add_2: 9.597349984121597e-05 , std 6.584704408933904e-05 
2023-05-13 12:28:10,928 INFO ofi_add_3: 6.224810341240503e-05 , std 6.291817652795162e-05 
2023-05-13 12:28:10,928 INFO ofi_add_4: 4.3881309466544515e-05 , std 6.087889453187683e-05 
2023-05-13 12:28:10,928 INFO ofi_add_5: 3.228235631681426e-05 , std 6.17988109028503e-05 
2023-05-13 12:28:10,928 INFO ofi_add_6: 3.1098147638838085e-05 , std 6.100640744326372e-05 
2023-05-13 12:28:10,928 INFO ofi_add_7: 2.4392870296509968e-05 , std 6.389081629554053e-05 
2023-05-13 12:28:10,929 INFO ofi_add_8: 3.030206877401378e-05 , std 6.593566714962759e-05 
2023-05-13 12:28:10,929 INFO ofi_add_9: 4.139293714835626e-05 , std 6.109809464552146e-05 
2023-05-13 12:28:10,929 INFO ofi_cancel_1: 9.383438680846492e-05 , std 7.630892319115196e-05 
2023-05-13 12:28:10,929 INFO ofi_cancel_2: 0.00010544352816877205 , std 7.02702473790786e-05 
2023-05-13 12:28:10,929 INFO ofi_cancel_3: 6.0319690913557e-05 , std 6.644545652385768e-05 
2023-05-13 12:28:10,929 INFO ofi_cancel_4: 4.282201458741172e-05 , std 6.604184211017654e-05 
2023-05-13 12:28:10,929 INFO ofi_cancel_5: 2.8985693955598082e-05 , std 6.567030384994965e-05 
2023-05-13 12:28:10,929 INFO ofi_cancel_6: 2.773614798742341e-05 , std 6.509073608217503e-05 
2023-05-13 12:28:10,929 INFO ofi_cancel_7: 1.9032073475090243e-05 , std 6.825600430288699e-05 
2023-05-13 12:28:10,929 INFO ofi_cancel_8: 2.4361773918830723e-05 , std 6.964568131237829e-05 
2023-05-13 12:28:10,929 INFO ofi_cancel_9: 3.87803170900855e-05 , std 6.592872023514809e-05 
2023-05-13 12:28:10,929 INFO ofi_trade_1: 6.41227605816088e-05 , std 0.00014706697966118123 
2023-05-13 12:28:10,929 INFO ofi_trade_2: 8.791961584259958e-05 , std 0.00013677211023564804 
2023-05-13 12:28:10,929 INFO ofi_trade_3: 5.769547883190594e-05 , std 0.00012435586821152688 
2023-05-13 12:28:10,929 INFO ofi_trade_4: 4.6376005146897344e-05 , std 0.00011702801350582354 
2023-05-13 12:28:10,929 INFO ofi_trade_5: 3.913264814464586e-05 , std 0.00011666008563349228 
2023-05-13 12:28:10,929 INFO ofi_trade_6: 4.421974913774478e-05 , std 0.00011962858889005063 
2023-05-13 12:28:10,929 INFO ofi_trade_7: 4.3643360336945485e-05 , std 0.00012306913440999484 
2023-05-13 12:28:10,929 INFO ofi_trade_8: 5.347099289944288e-05 , std 0.0001236854036985043 
2023-05-13 12:28:10,929 INFO ofi_trade_9: 7.170489770469658e-05 , std 0.00012689574661305445 
2023-05-13 12:28:10,929 INFO t_intercept: -0.08164300754771653 , std 0.9643720498168579 
2023-05-13 12:28:10,929 INFO t_ofi_add_1: 1.938615846533978 , std 1.433213501206169 
2023-05-13 12:28:10,929 INFO t_ofi_add_2: 2.1626414147060613 , std 1.3277054784947264 
2023-05-13 12:28:10,929 INFO t_ofi_add_3: 1.3728427062467266 , std 1.2694264061982328 
2023-05-13 12:28:10,929 INFO t_ofi_add_4: 0.9683537923575385 , std 1.2480964597089939 
2023-05-13 12:28:10,929 INFO t_ofi_add_5: 0.7004646314039076 , std 1.2332056947741115 
2023-05-13 12:28:10,929 INFO t_ofi_add_6: 0.6973017748455566 , std 1.2172058126486887 
2023-05-13 12:28:10,929 INFO t_ofi_add_7: 0.5199250043325718 , std 1.2288439233798234 
2023-05-13 12:28:10,929 INFO t_ofi_add_8: 0.6313889505138566 , std 1.2303597654086267 
2023-05-13 12:28:10,929 INFO t_ofi_add_9: 0.9520981218897221 , std 1.3096391109955994 
2023-05-13 12:28:10,929 INFO t_ofi_cancel_1: 1.9939384009488659 , std 1.4328440670228633 
2023-05-13 12:28:10,929 INFO t_ofi_cancel_2: 2.2921772040363626 , std 1.3772991678063835 
2023-05-13 12:28:10,929 INFO t_ofi_cancel_3: 1.2514326707006782 , std 1.269947221358115 
2023-05-13 12:28:10,929 INFO t_ofi_cancel_4: 0.8834236705774412 , std 1.2594507957869079 
2023-05-13 12:28:10,929 INFO t_ofi_cancel_5: 0.5822117162826492 , std 1.2150905698678278 
2023-05-13 12:28:10,929 INFO t_ofi_cancel_6: 0.5694575377611941 , std 1.2061728133899519 
2023-05-13 12:28:10,929 INFO t_ofi_cancel_7: 0.3807720494876815 , std 1.230178339267077 
2023-05-13 12:28:10,929 INFO t_ofi_cancel_8: 0.4685275117725326 , std 1.215145799106705 
2023-05-13 12:28:10,929 INFO t_ofi_cancel_9: 0.8150836994573276 , std 1.2979164544600859 
2023-05-13 12:28:10,929 INFO t_ofi_trade_1: 0.6885997883339225 , std 1.3166907418074256 
2023-05-13 12:28:10,929 INFO t_ofi_trade_2: 0.9577533006724767 , std 1.3021337126428567 
2023-05-13 12:28:10,929 INFO t_ofi_trade_3: 0.6730971436680615 , std 1.2739302690598067 
2023-05-13 12:28:10,929 INFO t_ofi_trade_4: 0.5736820102967727 , std 1.245891726175502 
2023-05-13 12:28:10,929 INFO t_ofi_trade_5: 0.4888549983212422 , std 1.2291459131256146 
2023-05-13 12:28:10,929 INFO t_ofi_trade_6: 0.5416673891103003 , std 1.2336372776575824 
2023-05-13 12:28:10,929 INFO t_ofi_trade_7: 0.5147908597920632 , std 1.2371287417205454 
2023-05-13 12:28:10,929 INFO t_ofi_trade_8: 0.6271001434204688 , std 1.2371041443520212 
2023-05-13 12:28:10,929 INFO t_ofi_trade_9: 0.8471868072548221 , std 1.2952199118857208 
2023-05-13 12:28:10,931 INFO Grouping by ofi type:
2023-05-13 12:28:10,931 INFO add: 9.94363224282992
2023-05-13 12:28:10,931 INFO cancel: 9.237024461024733
2023-05-13 12:28:10,931 INFO trade: 5.91273244087013
2023-05-13 12:28:10,931 INFO Grouping by level:
2023-05-13 12:28:10,931 INFO 1: 4.621154035816766
2023-05-13 12:28:10,931 INFO 2: 5.4125719194149005
2023-05-13 12:28:10,931 INFO 3: 3.2973725206154665
2023-05-13 12:28:10,931 INFO 4: 2.4254594732317525
2023-05-13 12:28:10,931 INFO 5: 1.771531346007799
2023-05-13 12:28:10,931 INFO 6: 1.808426701717051
2023-05-13 12:28:10,931 INFO 7: 1.4154879136123166
2023-05-13 12:28:10,931 INFO 8: 1.7270166057068579
2023-05-13 12:28:10,931 INFO 9: 2.6143686286018717
2023-05-13 12:28:10,931 INFO Non empty regressions: 1.0 --- 5248 / 5248
