2023-05-13 12:27:12,391 INFO Starting...
2023-05-13 12:27:12,391 INFO Tickers: ['V']
2023-05-13 12:27:13,919 INFO in_r2: 0.9272860779831328 , std 0.03973309571239608 
2023-05-13 12:27:13,920 INFO os_r2: 0.8812586615776249 , std 0.20873214011005053 
2023-05-13 12:27:13,920 INFO intercept: -2.362038224309197e-07 , std 5.683807594288024e-06 
2023-05-13 12:27:13,920 INFO ofi_add_1: 3.6912758508704456e-05 , std 4.8435434902392595e-05 
2023-05-13 12:27:13,920 INFO ofi_add_2: 5.3784754218391455e-05 , std 5.1279679652511986e-05 
2023-05-13 12:27:13,920 INFO ofi_add_3: 5.2278751698069136e-05 , std 5.02498065403085e-05 
2023-05-13 12:27:13,920 INFO ofi_add_4: 4.771966692335112e-05 , std 5.008837115542604e-05 
2023-05-13 12:27:13,920 INFO ofi_add_5: 3.781089482013963e-05 , std 4.838538890211851e-05 
2023-05-13 12:27:13,920 INFO ofi_add_6: 3.291201064849319e-05 , std 4.6154683679306174e-05 
2023-05-13 12:27:13,920 INFO ofi_add_7: 3.3024274976542005e-05 , std 5.542600798440269e-05 
2023-05-13 12:27:13,920 INFO ofi_add_8: 4.622075161489256e-05 , std 6.545309629761761e-05 
2023-05-13 12:27:13,920 INFO ofi_add_9: 6.735228483118311e-05 , std 6.465952045171634e-05 
2023-05-13 12:27:13,920 INFO ofi_cancel_1: 4.34989568137345e-05 , std 5.931067318402274e-05 
2023-05-13 12:27:13,920 INFO ofi_cancel_2: 5.650867995718695e-05 , std 5.3213536473921514e-05 
2023-05-13 12:27:13,920 INFO ofi_cancel_3: 5.141272674267287e-05 , std 5.2173735146796604e-05 
2023-05-13 12:27:13,920 INFO ofi_cancel_4: 4.738203322560992e-05 , std 5.367254531826318e-05 
2023-05-13 12:27:13,920 INFO ofi_cancel_5: 3.642695209082755e-05 , std 5.132694777409531e-05 
2023-05-13 12:27:13,920 INFO ofi_cancel_6: 3.193057466331903e-05 , std 5.042455190343386e-05 
2023-05-13 12:27:13,920 INFO ofi_cancel_7: 3.024621783637125e-05 , std 5.8706085872020334e-05 
2023-05-13 12:27:13,920 INFO ofi_cancel_8: 4.427200776503768e-05 , std 7.073396969589104e-05 
2023-05-13 12:27:13,920 INFO ofi_cancel_9: 6.916118661049105e-05 , std 7.312233714546119e-05 
2023-05-13 12:27:13,920 INFO ofi_trade_1: 3.359850012760634e-05 , std 0.00010223573817140822 
2023-05-13 12:27:13,920 INFO ofi_trade_2: 5.339595001311108e-05 , std 8.720832930988335e-05 
2023-05-13 12:27:13,920 INFO ofi_trade_3: 5.0351966025082836e-05 , std 8.335481439904392e-05 
2023-05-13 12:27:13,920 INFO ofi_trade_4: 4.8353958406957335e-05 , std 8.087616205001717e-05 
2023-05-13 12:27:13,920 INFO ofi_trade_5: 3.802658052761554e-05 , std 7.760823176664698e-05 
2023-05-13 12:27:13,920 INFO ofi_trade_6: 3.7416550376583855e-05 , std 7.568504492934969e-05 
2023-05-13 12:27:13,920 INFO ofi_trade_7: 3.933782431738252e-05 , std 8.228000424970015e-05 
2023-05-13 12:27:13,920 INFO ofi_trade_8: 5.379412128226111e-05 , std 9.188624762583033e-05 
2023-05-13 12:27:13,920 INFO ofi_trade_9: 7.425334382973553e-05 , std 9.326328375164293e-05 
2023-05-13 12:27:13,920 INFO t_intercept: -0.036491405724248804 , std 0.9807963656812831 
2023-05-13 12:27:13,920 INFO t_ofi_add_1: 1.2736365817749749 , std 1.5430072814195706 
2023-05-13 12:27:13,920 INFO t_ofi_add_2: 1.5529196698004601 , std 1.3882085979744825 
2023-05-13 12:27:13,920 INFO t_ofi_add_3: 1.4218407528630654 , std 1.2804620342574773 
2023-05-13 12:27:13,920 INFO t_ofi_add_4: 1.3203179139311232 , std 1.2760090598310918 
2023-05-13 12:27:13,920 INFO t_ofi_add_5: 1.0996030800914114 , std 1.27968968410832 
2023-05-13 12:27:13,920 INFO t_ofi_add_6: 1.013166244367648 , std 1.248017619718205 
2023-05-13 12:27:13,920 INFO t_ofi_add_7: 0.900934934361556 , std 1.3088161923205381 
2023-05-13 12:27:13,920 INFO t_ofi_add_8: 1.1149732545130462 , std 1.3376151481312797 
2023-05-13 12:27:13,920 INFO t_ofi_add_9: 1.787411173567272 , std 1.4233515239998382 
2023-05-13 12:27:13,920 INFO t_ofi_cancel_1: 1.2419880068074134 , std 1.5569921287951582 
2023-05-13 12:27:13,920 INFO t_ofi_cancel_2: 1.587102713369435 , std 1.4057802512887811 
2023-05-13 12:27:13,920 INFO t_ofi_cancel_3: 1.3262164120744027 , std 1.2584187757165821 
2023-05-13 12:27:13,920 INFO t_ofi_cancel_4: 1.221180187299289 , std 1.2557601032786605 
2023-05-13 12:27:13,921 INFO t_ofi_cancel_5: 0.9741738039265921 , std 1.2456179422779818 
2023-05-13 12:27:13,921 INFO t_ofi_cancel_6: 0.8996342300977795 , std 1.230956844186195 
2023-05-13 12:27:13,921 INFO t_ofi_cancel_7: 0.7488724551168909 , std 1.2769007316317063 
2023-05-13 12:27:13,921 INFO t_ofi_cancel_8: 0.963641658815994 , std 1.2940145293158922 
2023-05-13 12:27:13,921 INFO t_ofi_cancel_9: 1.646962927823531 , std 1.3975906546083239 
2023-05-13 12:27:13,921 INFO t_ofi_trade_1: 0.4916529094666289 , std 1.3188478637257688 
2023-05-13 12:27:13,921 INFO t_ofi_trade_2: 0.833487533358493 , std 1.2510111387251786 
2023-05-13 12:27:13,921 INFO t_ofi_trade_3: 0.8245183466170436 , std 1.2508734197887619 
2023-05-13 12:27:13,921 INFO t_ofi_trade_4: 0.8322880439060082 , std 1.2679765123102709 
2023-05-13 12:27:13,921 INFO t_ofi_trade_5: 0.7046559795739921 , std 1.2810996933434813 
2023-05-13 12:27:13,921 INFO t_ofi_trade_6: 0.7152317205094151 , std 1.263232926135011 
2023-05-13 12:27:13,921 INFO t_ofi_trade_7: 0.7011622505433371 , std 1.2588073450470671 
2023-05-13 12:27:13,921 INFO t_ofi_trade_8: 0.8630709101776747 , std 1.255838814129405 
2023-05-13 12:27:13,921 INFO t_ofi_trade_9: 1.2653686852353427 , std 1.3295464452515284 
2023-05-13 12:27:13,922 INFO Grouping by ofi type:
2023-05-13 12:27:13,922 INFO add: 11.484803605270557
2023-05-13 12:27:13,922 INFO cancel: 10.609772395331328
2023-05-13 12:27:13,922 INFO trade: 7.231436379387936
2023-05-13 12:27:13,922 INFO Grouping by level:
2023-05-13 12:27:13,922 INFO 1: 3.007277498049017
2023-05-13 12:27:13,922 INFO 2: 3.9735099165283883
2023-05-13 12:27:13,922 INFO 3: 3.572575511554512
2023-05-13 12:27:13,922 INFO 4: 3.3737861451364206
2023-05-13 12:27:13,922 INFO 5: 2.7784328635919953
2023-05-13 12:27:13,922 INFO 6: 2.6280321949748426
2023-05-13 12:27:13,922 INFO 7: 2.350969640021784
2023-05-13 12:27:13,922 INFO 8: 2.9416858235067145
2023-05-13 12:27:13,922 INFO 9: 4.699742786626146
2023-05-13 12:27:13,922 INFO Non empty regressions: 1.0 --- 7254 / 7254
