2023-05-13 12:27:15,362 INFO Starting...
2023-05-13 12:27:15,362 INFO Tickers: ['XOM']
2023-05-13 12:27:16,738 INFO in_r2: 0.9685433601294101 , std 0.01333361333753874 
2023-05-13 12:27:16,738 INFO os_r2: 0.9310525638355536 , std 0.272367262925526 
2023-05-13 12:27:16,738 INFO intercept: 3.5718295617584182e-09 , std 2.9084551593540376e-06 
2023-05-13 12:27:16,738 INFO ofi_add_1: 9.304698608924697e-06 , std 3.813776199732274e-05 
2023-05-13 12:27:16,738 INFO ofi_add_2: 5.9572506939711304e-05 , std 5.497205713486202e-05 
2023-05-13 12:27:16,738 INFO ofi_add_3: 6.590477898977324e-05 , std 5.4091676375955354e-05 
2023-05-13 12:27:16,738 INFO ofi_add_4: 5.6160504393866536e-05 , std 5.251415068336349e-05 
2023-05-13 12:27:16,738 INFO ofi_add_5: 4.667425063702178e-05 , std 4.666450613756852e-05 
2023-05-13 12:27:16,738 INFO ofi_add_6: 5.823226354195082e-05 , std 5.60930211499466e-05 
2023-05-13 12:27:16,738 INFO ofi_add_7: 8.769722453855214e-05 , std 7.769549560832321e-05 
2023-05-13 12:27:16,739 INFO ofi_add_8: 9.340883266009288e-05 , std 9.075707298169713e-05 
2023-05-13 12:27:16,739 INFO ofi_add_9: 0.00011495805684097868 , std 9.358090873665141e-05 
2023-05-13 12:27:16,739 INFO ofi_cancel_1: 9.253757484042797e-06 , std 4.164368886369642e-05 
2023-05-13 12:27:16,739 INFO ofi_cancel_2: 6.0767949321240544e-05 , std 5.4656967736041516e-05 
2023-05-13 12:27:16,739 INFO ofi_cancel_3: 6.548188279337874e-05 , std 5.944504180174968e-05 
2023-05-13 12:27:16,739 INFO ofi_cancel_4: 5.505715988767581e-05 , std 5.685349627555023e-05 
2023-05-13 12:27:16,739 INFO ofi_cancel_5: 4.6468828473900116e-05 , std 5.187214384609235e-05 
2023-05-13 12:27:16,739 INFO ofi_cancel_6: 5.7382525244495854e-05 , std 6.189605550020634e-05 
2023-05-13 12:27:16,739 INFO ofi_cancel_7: 8.214041088875161e-05 , std 8.463765633788872e-05 
2023-05-13 12:27:16,739 INFO ofi_cancel_8: 9.495981852594429e-05 , std 0.00010726437855685056 
2023-05-13 12:27:16,739 INFO ofi_cancel_9: 0.00012173135600024384 , std 0.00011371887065663132 
2023-05-13 12:27:16,739 INFO ofi_trade_1: 1.8830550708057106e-05 , std 0.00011327745358554311 
2023-05-13 12:27:16,739 INFO ofi_trade_2: 6.52611111993235e-05 , std 8.770960879881343e-05 
2023-05-13 12:27:16,739 INFO ofi_trade_3: 6.092350126049897e-05 , std 8.398962367943894e-05 
2023-05-13 12:27:16,739 INFO ofi_trade_4: 5.707207621573696e-05 , std 7.817658509851271e-05 
2023-05-13 12:27:16,739 INFO ofi_trade_5: 4.55586095129138e-05 , std 7.19513661030821e-05 
2023-05-13 12:27:16,739 INFO ofi_trade_6: 5.764790881078003e-05 , std 7.900562276792834e-05 
2023-05-13 12:27:16,739 INFO ofi_trade_7: 8.625107102635573e-05 , std 0.00010145128645593093 
2023-05-13 12:27:16,739 INFO ofi_trade_8: 8.234109307746914e-05 , std 0.00011934166778547958 
2023-05-13 12:27:16,739 INFO ofi_trade_9: 0.00010014764015112211 , std 0.0001181594827432832 
2023-05-13 12:27:16,739 INFO t_intercept: 0.010344877617463933 , std 0.9784102470008131 
2023-05-13 12:27:16,739 INFO t_ofi_add_1: 0.40077901740160066 , std 1.421975950070147 
2023-05-13 12:27:16,739 INFO t_ofi_add_2: 1.6885585886328327 , std 1.4719921330323487 
2023-05-13 12:27:16,739 INFO t_ofi_add_3: 1.9644222158339526 , std 1.4721471046960242 
2023-05-13 12:27:16,739 INFO t_ofi_add_4: 1.8445488850972205 , std 1.5218770393788204 
2023-05-13 12:27:16,739 INFO t_ofi_add_5: 1.7223488251021042 , std 1.507367642033969 
2023-05-13 12:27:16,739 INFO t_ofi_add_6: 1.8604414237185976 , std 1.5583895230764038 
2023-05-13 12:27:16,739 INFO t_ofi_add_7: 2.107589757012833 , std 1.6499802985679382 
2023-05-13 12:27:16,739 INFO t_ofi_add_8: 1.9341251310070398 , std 1.6729914258238168 
2023-05-13 12:27:16,739 INFO t_ofi_add_9: 2.4918963042668416 , std 1.8324971053558128 
2023-05-13 12:27:16,739 INFO t_ofi_cancel_1: 0.3393208367500647 , std 1.3624108644055606 
2023-05-13 12:27:16,739 INFO t_ofi_cancel_2: 1.6877182933666548 , std 1.4292720197332813 
2023-05-13 12:27:16,739 INFO t_ofi_cancel_3: 1.7911252968021762 , std 1.4498409421862763 
2023-05-13 12:27:16,739 INFO t_ofi_cancel_4: 1.650070631923308 , std 1.4564382558992128 
2023-05-13 12:27:16,739 INFO t_ofi_cancel_5: 1.5112235330248713 , std 1.4220998814352637 
2023-05-13 12:27:16,739 INFO t_ofi_cancel_6: 1.6134533697031659 , std 1.4819800351855243 
2023-05-13 12:27:16,739 INFO t_ofi_cancel_7: 1.7509156930835503 , std 1.5589621992557208 
2023-05-13 12:27:16,739 INFO t_ofi_cancel_8: 1.6741168687863262 , std 1.5806757552487132 
2023-05-13 12:27:16,739 INFO t_ofi_cancel_9: 2.229858456678445 , std 1.7951849514714302 
2023-05-13 12:27:16,739 INFO t_ofi_trade_1: 0.2963870778704686 , std 1.464414236738204 
2023-05-13 12:27:16,739 INFO t_ofi_trade_2: 1.2036139352612143 , std 1.4296971264112295 
2023-05-13 12:27:16,739 INFO t_ofi_trade_3: 1.244816211118653 , std 1.501186176536313 
2023-05-13 12:27:16,739 INFO t_ofi_trade_4: 1.2987494593292228 , std 1.518090331353623 
2023-05-13 12:27:16,739 INFO t_ofi_trade_5: 1.1875889926039513 , std 1.5225132254488298 
2023-05-13 12:27:16,739 INFO t_ofi_trade_6: 1.3670394548524707 , std 1.5778594579889473 
2023-05-13 12:27:16,739 INFO t_ofi_trade_7: 1.6066860819675455 , std 1.6270971909938732 
2023-05-13 12:27:16,739 INFO t_ofi_trade_8: 1.374725274078618 , std 1.5846625145260667 
2023-05-13 12:27:16,739 INFO t_ofi_trade_9: 1.8011879677071656 , std 1.787795885519856 
2023-05-13 12:27:16,740 INFO Grouping by ofi type:
2023-05-13 12:27:16,741 INFO add: 16.01471014807302
2023-05-13 12:27:16,741 INFO cancel: 14.247802980118562
2023-05-13 12:27:16,741 INFO trade: 11.38079445478931
2023-05-13 12:27:16,741 INFO Grouping by level:
2023-05-13 12:27:16,741 INFO 1: 1.036486932022134
2023-05-13 12:27:16,741 INFO 2: 4.579890817260702
2023-05-13 12:27:16,741 INFO 3: 5.000363723754782
2023-05-13 12:27:16,741 INFO 4: 4.793368976349751
2023-05-13 12:27:16,741 INFO 5: 4.421161350730927
2023-05-13 12:27:16,741 INFO 6: 4.840934248274234
2023-05-13 12:27:16,741 INFO 7: 5.465191532063929
2023-05-13 12:27:16,741 INFO 8: 4.982967273871984
2023-05-13 12:27:16,741 INFO 9: 6.522942728652452
2023-05-13 12:27:16,741 INFO Non empty regressions: 1.0 --- 7344 / 7344
