2023-05-13 15:45:10,130 INFO Starting...
2023-05-13 15:45:10,130 INFO Tickers: ['AMZN']
2023-05-13 15:45:13,560 INFO in_r2: 0.7742281871580788 , std 0.11701092927713355 
2023-05-13 15:45:13,560 INFO os_r2: 0.6634558668436215 , std 0.5104564830640882 
2023-05-13 15:45:13,560 INFO intercept: 9.76835064787253e-07 , std 1.2009452834061108e-05 
2023-05-13 15:45:13,560 INFO ofi_add_1: 2.074158581401512e-05 , std 2.4601734495680623e-05 
2023-05-13 15:45:13,560 INFO ofi_add_2: 2.504340497743387e-05 , std 2.6088426381392055e-05 
2023-05-13 15:45:13,560 INFO ofi_add_3: 2.6054203214028177e-05 , std 2.681984097123066e-05 
2023-05-13 15:45:13,560 INFO ofi_add_4: 2.3473708760367796e-05 , std 2.541768561740485e-05 
2023-05-13 15:45:13,560 INFO ofi_add_5: 2.2354740293168387e-05 , std 2.536809584126975e-05 
2023-05-13 15:45:13,560 INFO ofi_add_6: 2.4246583993842052e-05 , std 2.7276324167926034e-05 
2023-05-13 15:45:13,560 INFO ofi_add_7: 5.0463942739848556e-05 , std 3.753475490223737e-05 
2023-05-13 15:45:13,560 INFO ofi_cancel_1: 1.913307742295839e-05 , std 2.9385668331602267e-05 
2023-05-13 15:45:13,560 INFO ofi_cancel_2: 2.386325704309348e-05 , std 2.7749028413200708e-05 
2023-05-13 15:45:13,560 INFO ofi_cancel_3: 2.453051507478937e-05 , std 2.777198729895626e-05 
2023-05-13 15:45:13,560 INFO ofi_cancel_4: 2.178772711866749e-05 , std 2.6072234544454165e-05 
2023-05-13 15:45:13,560 INFO ofi_cancel_5: 2.123771991199124e-05 , std 2.610283597786437e-05 
2023-05-13 15:45:13,560 INFO ofi_cancel_6: 2.3291749811287313e-05 , std 2.770769305807265e-05 
2023-05-13 15:45:13,560 INFO ofi_cancel_7: 4.890514965322382e-05 , std 3.854835791282059e-05 
2023-05-13 15:45:13,561 INFO ofi_trade_1: 2.885218854236228e-05 , std 3.4030758103374616e-05 
2023-05-13 15:45:13,561 INFO ofi_trade_2: 2.2988941447645188e-05 , std 3.405032122830926e-05 
2023-05-13 15:45:13,561 INFO ofi_trade_3: 2.205977603504425e-05 , std 3.387560076778907e-05 
2023-05-13 15:45:13,561 INFO ofi_trade_4: 2.091975894392017e-05 , std 3.334757251716386e-05 
2023-05-13 15:45:13,561 INFO ofi_trade_5: 2.4777333461676942e-05 , std 3.6454918309453755e-05 
2023-05-13 15:45:13,561 INFO ofi_trade_6: 2.991236249938178e-05 , std 3.8434765438512966e-05 
2023-05-13 15:45:13,561 INFO ofi_trade_7: 6.136055239601151e-05 , std 4.683007976226294e-05 
2023-05-13 15:45:13,561 INFO used_intercept: 0.9998545666084933 , std 0.012058699790413758 
2023-05-13 15:45:13,561 INFO used_ofi_add_1: 0.828824898196626 , std 0.37666189922260335 
2023-05-13 15:45:13,561 INFO used_ofi_add_2: 0.872454915648633 , std 0.3335825771966661 
2023-05-13 15:45:13,561 INFO used_ofi_add_3: 0.8891797556719022 , std 0.31390941014114004 
2023-05-13 15:45:13,561 INFO used_ofi_add_4: 0.8644560791157649 , std 0.3423036172691771 
2023-05-13 15:45:13,561 INFO used_ofi_add_5: 0.8448225712623618 , std 0.3620737415886623 
2023-05-13 15:45:13,561 INFO used_ofi_add_6: 0.8618382780686445 , std 0.34506964590400907 
2023-05-13 15:45:13,561 INFO used_ofi_add_7: 0.9646596858638743 , std 0.1846385017619175 
2023-05-13 15:45:13,561 INFO used_ofi_cancel_1: 0.6518324607329843 , std 0.47638944558813096 
2023-05-13 15:45:13,561 INFO used_ofi_cancel_2: 0.7860674810936591 , std 0.41007974378250994 
2023-05-13 15:45:13,561 INFO used_ofi_cancel_3: 0.8061372891215823 , std 0.39532260270478936 
2023-05-13 15:45:13,561 INFO used_ofi_cancel_4: 0.7961023851076207 , std 0.4028937546470263 
2023-05-13 15:45:13,561 INFO used_ofi_cancel_5: 0.7962478184991274 , std 0.4027868295196705 
2023-05-13 15:45:13,561 INFO used_ofi_cancel_6: 0.8154450261780105 , std 0.3879361229114328 
2023-05-13 15:45:13,561 INFO used_ofi_cancel_7: 0.9258289703315882 , std 0.26204901836553296 
2023-05-13 15:45:13,561 INFO used_ofi_trade_1: 0.7611983711460151 , std 0.42635127642669085 
2023-05-13 15:45:13,561 INFO used_ofi_trade_2: 0.6601221640488656 , std 0.4736674915806532 
2023-05-13 15:45:13,561 INFO used_ofi_trade_3: 0.6140197789412449 , std 0.4868259339950879 
2023-05-13 15:45:13,561 INFO used_ofi_trade_4: 0.6023851076207097 , std 0.4894050364856247 
2023-05-13 15:45:13,561 INFO used_ofi_trade_5: 0.6428155904595695 , std 0.47916981031956146 
2023-05-13 15:45:13,561 INFO used_ofi_trade_6: 0.7038976148923793 , std 0.4565367045936164 
2023-05-13 15:45:13,561 INFO used_ofi_trade_7: 0.9152123327515997 , std 0.2785654657903143 
2023-05-13 15:45:13,562 INFO Grouping by ofi type:
2023-05-13 15:45:13,562 INFO add: 6.126236183827806
2023-05-13 15:45:13,562 INFO cancel: 5.5776614310645725
2023-05-13 15:45:13,562 INFO trade: 4.8996509598603835
2023-05-13 15:45:13,562 INFO Grouping by level:
2023-05-13 15:45:13,562 INFO 1: 2.2418557300756254
2023-05-13 15:45:13,562 INFO 2: 2.3186445607911574
2023-05-13 15:45:13,562 INFO 3: 2.3093368237347294
2023-05-13 15:45:13,562 INFO 4: 2.262943571844095
2023-05-13 15:45:13,563 INFO 5: 2.2838859802210587
2023-05-13 15:45:13,563 INFO 6: 2.3811809191390343
2023-05-13 15:45:13,563 INFO 7: 2.805700988947062
2023-05-13 15:45:13,563 INFO Non empty regressions: 0.9995636998254799 --- 6873 / 6876
