2023-05-13 15:47:23,576 INFO Starting...
2023-05-13 15:47:23,576 INFO Tickers: ['AVGO']
2023-05-13 15:47:26,393 INFO in_r2: 0.8350462194863028 , std 0.09290384733719022 
2023-05-13 15:47:26,393 INFO os_r2: 0.7094143481883296 , std 1.718759936471228 
2023-05-13 15:47:26,393 INFO intercept: 8.784160043237694e-07 , std 1.586478142702361e-05 
2023-05-13 15:47:26,393 INFO ofi_add_1: 5.5876807169970015e-05 , std 5.025537399139939e-05 
2023-05-13 15:47:26,393 INFO ofi_add_2: 6.919850409875448e-05 , std 5.691442451564325e-05 
2023-05-13 15:47:26,393 INFO ofi_add_3: 6.243932628003639e-05 , std 5.420840850458468e-05 
2023-05-13 15:47:26,393 INFO ofi_add_4: 4.58142191288483e-05 , std 4.946456487900094e-05 
2023-05-13 15:47:26,393 INFO ofi_add_5: 3.74123764536925e-05 , std 4.5986221108088344e-05 
2023-05-13 15:47:26,393 INFO ofi_add_6: 3.7698871031776034e-05 , std 4.742022179640198e-05 
2023-05-13 15:47:26,393 INFO ofi_add_7: 6.390865576842953e-05 , std 5.755368923948692e-05 
2023-05-13 15:47:26,393 INFO ofi_cancel_1: 7.177977848745314e-05 , std 6.692720424200374e-05 
2023-05-13 15:47:26,393 INFO ofi_cancel_2: 7.861068178823022e-05 , std 6.17869470663017e-05 
2023-05-13 15:47:26,393 INFO ofi_cancel_3: 5.773587624101959e-05 , std 5.487272008684569e-05 
2023-05-13 15:47:26,393 INFO ofi_cancel_4: 4.010949166013761e-05 , std 4.980037051255263e-05 
2023-05-13 15:47:26,393 INFO ofi_cancel_5: 3.2055759351574815e-05 , std 4.707942956878021e-05 
2023-05-13 15:47:26,393 INFO ofi_cancel_6: 3.219641397827303e-05 , std 4.7586334805570625e-05 
2023-05-13 15:47:26,393 INFO ofi_cancel_7: 5.6839575774946265e-05 , std 5.976664438962112e-05 
2023-05-13 15:47:26,394 INFO ofi_trade_1: 8.469478779008197e-05 , std 9.913300010954176e-05 
2023-05-13 15:47:26,394 INFO ofi_trade_2: 6.337536328552933e-05 , std 8.631935255871211e-05 
2023-05-13 15:47:26,394 INFO ofi_trade_3: 6.146775063891637e-05 , std 8.653449536106115e-05 
2023-05-13 15:47:26,394 INFO ofi_trade_4: 4.9359562978953847e-05 , std 8.2388242207022e-05 
2023-05-13 15:47:26,394 INFO ofi_trade_5: 4.881573009730181e-05 , std 8.197148535543026e-05 
2023-05-13 15:47:26,394 INFO ofi_trade_6: 5.840128361459329e-05 , std 8.777749485943474e-05 
2023-05-13 15:47:26,394 INFO ofi_trade_7: 9.970199107458981e-05 , std 0.00011400988714294501 
2023-05-13 15:47:26,394 INFO used_intercept: 0.999611046285492 , std 0.019718073676602995 
2023-05-13 15:47:26,394 INFO used_ofi_add_1: 0.8881758070789576 , std 0.31515003220466264 
2023-05-13 15:47:26,394 INFO used_ofi_add_2: 0.9171528588098017 , std 0.2756510337125723 
2023-05-13 15:47:26,394 INFO used_ofi_add_3: 0.9041229093737845 , std 0.2944226114266157 
2023-05-13 15:47:26,394 INFO used_ofi_add_4: 0.8346946713341112 , std 0.3714558883374327 
2023-05-13 15:47:26,394 INFO used_ofi_add_5: 0.8016336056009334 , std 0.3987695675100853 
2023-05-13 15:47:26,394 INFO used_ofi_add_6: 0.794826915597044 , std 0.4038280448898188 
2023-05-13 15:47:26,394 INFO used_ofi_add_7: 0.9054842473745625 , std 0.2925449113060842 
2023-05-13 15:47:26,394 INFO used_ofi_cancel_1: 0.8411124076234928 , std 0.36557123158873445 
2023-05-13 15:47:26,394 INFO used_ofi_cancel_2: 0.9290159471022948 , std 0.2567982031321889 
2023-05-13 15:47:26,394 INFO used_ofi_cancel_3: 0.8508362504861922 , std 0.35624980750140745 
2023-05-13 15:47:26,394 INFO used_ofi_cancel_4: 0.7765460910151692 , std 0.4165600311410466 
2023-05-13 15:47:26,394 INFO used_ofi_cancel_5: 0.7112018669778296 , std 0.45320389603916594 
2023-05-13 15:47:26,394 INFO used_ofi_cancel_6: 0.7147024504084014 , std 0.4515560405848071 
2023-05-13 15:47:26,394 INFO used_ofi_cancel_7: 0.8345001944768573 , std 0.37163102655045455 
2023-05-13 15:47:26,394 INFO used_ofi_trade_1: 0.7771295215869312 , std 0.4161721137522295 
2023-05-13 15:47:26,394 INFO used_ofi_trade_2: 0.6859198755348114 , std 0.4641484674984075 
2023-05-13 15:47:26,394 INFO used_ofi_trade_3: 0.6771684169583819 , std 0.46755892894100626 
2023-05-13 15:47:26,394 INFO used_ofi_trade_4: 0.618630882924932 , std 0.4857228773863252 
2023-05-13 15:47:26,395 INFO used_ofi_trade_5: 0.6046285492026449 , std 0.4889303290774154 
2023-05-13 15:47:26,395 INFO used_ofi_trade_6: 0.6509140412290937 , std 0.47668118502821505 
2023-05-13 15:47:26,395 INFO used_ofi_trade_7: 0.7786853364449631 , std 0.41513188657408345 
2023-05-13 15:47:26,395 INFO Grouping by ofi type:
2023-05-13 15:47:26,395 INFO add: 6.0460910151691944
2023-05-13 15:47:26,396 INFO cancel: 5.6579152080902375
2023-05-13 15:47:26,396 INFO trade: 4.793076623881757
2023-05-13 15:47:26,396 INFO Grouping by level:
2023-05-13 15:47:26,396 INFO 1: 2.5064177362893814
2023-05-13 15:47:26,396 INFO 2: 2.532088681446908
2023-05-13 15:47:26,396 INFO 3: 2.432127576818359
2023-05-13 15:47:26,396 INFO 4: 2.2298716452742124
2023-05-13 15:47:26,396 INFO 5: 2.117464021781408
2023-05-13 15:47:26,396 INFO 6: 2.1604434072345393
2023-05-13 15:47:26,396 INFO 7: 2.518669778296383
2023-05-13 15:47:26,396 INFO Non empty regressions: 0.999222092570984 --- 5138 / 5142
