2023-05-13 15:45:16,990 INFO Starting...
2023-05-13 15:45:16,990 INFO Tickers: ['BRK.B']
2023-05-13 15:45:19,915 INFO in_r2: 0.8532399341802435 , std 0.07293865152043816 
2023-05-13 15:45:19,916 INFO os_r2: 0.8054348256999586 , std 0.1444383004491044 
2023-05-13 15:45:19,916 INFO intercept: -1.9763121048800366e-08 , std 6.730732820051801e-06 
2023-05-13 15:45:19,916 INFO ofi_add_1: 4.2907520685089806e-05 , std 5.398358792289647e-05 
2023-05-13 15:45:19,916 INFO ofi_add_2: 6.956503434352518e-05 , std 5.643964709379257e-05 
2023-05-13 15:45:19,916 INFO ofi_add_3: 5.373209705829241e-05 , std 4.5597512676137306e-05 
2023-05-13 15:45:19,916 INFO ofi_add_4: 4.0851550357784505e-05 , std 3.884673842979992e-05 
2023-05-13 15:45:19,916 INFO ofi_add_5: 3.2732038911501304e-05 , std 3.537396848730649e-05 
2023-05-13 15:45:19,916 INFO ofi_add_6: 3.357148761948262e-05 , std 3.44453119146584e-05 
2023-05-13 15:45:19,916 INFO ofi_add_7: 4.147359455297931e-05 , std 3.583252295947731e-05 
2023-05-13 15:45:19,916 INFO ofi_cancel_1: 4.748650640318253e-05 , std 5.73408328675051e-05 
2023-05-13 15:45:19,916 INFO ofi_cancel_2: 7.216507790946024e-05 , std 5.738947619418007e-05 
2023-05-13 15:45:19,916 INFO ofi_cancel_3: 5.2071619367748404e-05 , std 4.5309577943631635e-05 
2023-05-13 15:45:19,916 INFO ofi_cancel_4: 3.979798557406547e-05 , std 3.935064852602462e-05 
2023-05-13 15:45:19,916 INFO ofi_cancel_5: 3.052170163608908e-05 , std 3.597475502533731e-05 
2023-05-13 15:45:19,916 INFO ofi_cancel_6: 3.0924066300994e-05 , std 3.415812366658689e-05 
2023-05-13 15:45:19,916 INFO ofi_cancel_7: 3.7732170566793576e-05 , std 3.755173291523706e-05 
2023-05-13 15:45:19,916 INFO ofi_trade_1: 3.226605601301785e-05 , std 8.289297717757703e-05 
2023-05-13 15:45:19,916 INFO ofi_trade_2: 6.048571437716781e-05 , std 0.000102232932400854 
2023-05-13 15:45:19,916 INFO ofi_trade_3: 5.233460059442002e-05 , std 8.263956634439282e-05 
2023-05-13 15:45:19,916 INFO ofi_trade_4: 5.208224262332886e-05 , std 8.263404241016774e-05 
2023-05-13 15:45:19,916 INFO ofi_trade_5: 5.004334812607291e-05 , std 7.708981837927271e-05 
2023-05-13 15:45:19,916 INFO ofi_trade_6: 5.122089409284603e-05 , std 7.486711467093083e-05 
2023-05-13 15:45:19,916 INFO ofi_trade_7: 5.642488138902042e-05 , std 7.853134129849219e-05 
2023-05-13 15:45:19,916 INFO used_intercept: 0.9998353367363741 , std 0.012831061905995821 
2023-05-13 15:45:19,916 INFO used_ofi_add_1: 0.7918656347768813 , std 0.40597346124628414 
2023-05-13 15:45:19,916 INFO used_ofi_add_2: 0.9252428783138482 , std 0.2629990388639352 
2023-05-13 15:45:19,916 INFO used_ofi_add_3: 0.8949448378066853 , std 0.30662448547017734 
2023-05-13 15:45:19,916 INFO used_ofi_add_4: 0.8481804709369339 , std 0.35884587173065663 
2023-05-13 15:45:19,916 INFO used_ofi_add_5: 0.8058620121850815 , std 0.3955356235563278 
2023-05-13 15:45:19,916 INFO used_ofi_add_6: 0.8101432570393545 , std 0.39218765930740457 
2023-05-13 15:45:19,917 INFO used_ofi_add_7: 0.886876337889017 , std 0.31674390156968 
2023-05-13 15:45:19,917 INFO used_ofi_cancel_1: 0.7712827268236456 , std 0.4200067643825837 
2023-05-13 15:45:19,917 INFO used_ofi_cancel_2: 0.9260661946319776 , std 0.261663138007297 
2023-05-13 15:45:19,917 INFO used_ofi_cancel_3: 0.8825950930347439 , std 0.32190215094922187 
2023-05-13 15:45:19,917 INFO used_ofi_cancel_4: 0.8241396344475548 , std 0.38070132306075 
2023-05-13 15:45:19,917 INFO used_ofi_cancel_5: 0.7668368187057467 , std 0.42284525796441946 
2023-05-13 15:45:19,917 INFO used_ofi_cancel_6: 0.7689774411328832 , std 0.42148681611837674 
2023-05-13 15:45:19,917 INFO used_ofi_cancel_7: 0.8071793182940886 , std 0.3945134552995361 
2023-05-13 15:45:19,917 INFO used_ofi_trade_1: 0.31483616005269227 , std 0.4644505919642774 
2023-05-13 15:45:19,917 INFO used_ofi_trade_2: 0.5005763214226906 , std 0.4999996678535074 
2023-05-13 15:45:19,917 INFO used_ofi_trade_3: 0.545858718919809 , std 0.4978925364966158 
2023-05-13 15:45:19,917 INFO used_ofi_trade_4: 0.5779680553268566 , std 0.49388357165282204 
2023-05-13 15:45:19,917 INFO used_ofi_trade_5: 0.5990449530709698 , std 0.4900919273678861 
2023-05-13 15:45:19,917 INFO used_ofi_trade_6: 0.6199571875514572 , std 0.4853970263142786 
2023-05-13 15:45:19,917 INFO used_ofi_trade_7: 0.6349415445414128 , std 0.4814465490132605 
2023-05-13 15:45:19,918 INFO Grouping by ofi type:
2023-05-13 15:45:19,918 INFO add: 5.963115428947802
2023-05-13 15:45:19,918 INFO cancel: 5.7470772270706405
2023-05-13 15:45:19,918 INFO trade: 3.7931829408858886
2023-05-13 15:45:19,918 INFO Grouping by level:
2023-05-13 15:45:19,918 INFO 1: 1.8779845216532192
2023-05-13 15:45:19,918 INFO 2: 2.3518853943685167
2023-05-13 15:45:19,918 INFO 3: 2.323398649761238
2023-05-13 15:45:19,918 INFO 4: 2.2502881607113454
2023-05-13 15:45:19,918 INFO 5: 2.171743783961798
2023-05-13 15:45:19,918 INFO 6: 2.1990778857236952
2023-05-13 15:45:19,918 INFO 7: 2.3289972007245185
2023-05-13 15:45:19,918 INFO Non empty regressions: 0.9996706734727482 --- 6071 / 6073
