2023-05-13 15:48:56,086 INFO Starting...
2023-05-13 15:48:56,086 INFO Tickers: ['CB']
2023-05-13 15:48:58,020 INFO in_r2: 0.8076052518877713 , std 0.10496491017750083 
2023-05-13 15:48:58,021 INFO os_r2: 0.6896520664982267 , std 1.77199817307533 
2023-05-13 15:48:58,021 INFO intercept: -3.1920270065240675e-07 , std 1.1051557364908538e-05 
2023-05-13 15:48:58,021 INFO ofi_add_1: 0.00010708166985123968 , std 9.254247539861488e-05 
2023-05-13 15:48:58,021 INFO ofi_add_2: 0.00011001008411064174 , std 8.207476045098998e-05 
2023-05-13 15:48:58,021 INFO ofi_add_3: 7.078979718172146e-05 , std 6.475716930710054e-05 
2023-05-13 15:48:58,021 INFO ofi_add_4: 5.2961333512130995e-05 , std 5.9227476573747744e-05 
2023-05-13 15:48:58,021 INFO ofi_add_5: 4.927758305179352e-05 , std 6.99114820910828e-05 
2023-05-13 15:48:58,021 INFO ofi_add_6: 4.670801713523955e-05 , std 7.132114026193197e-05 
2023-05-13 15:48:58,021 INFO ofi_add_7: 6.0114580585931484e-05 , std 7.641880289255836e-05 
2023-05-13 15:48:58,021 INFO ofi_cancel_1: 0.00012373873988159715 , std 0.00011092592998097144 
2023-05-13 15:48:58,021 INFO ofi_cancel_2: 0.00011399705374709929 , std 8.96868173724369e-05 
2023-05-13 15:48:58,021 INFO ofi_cancel_3: 6.304176216792325e-05 , std 6.566118909174247e-05 
2023-05-13 15:48:58,021 INFO ofi_cancel_4: 4.3552366575479375e-05 , std 5.82904064735802e-05 
2023-05-13 15:48:58,021 INFO ofi_cancel_5: 4.070452406866742e-05 , std 7.156440199466051e-05 
2023-05-13 15:48:58,021 INFO ofi_cancel_6: 4.038679068361258e-05 , std 7.220950391271506e-05 
2023-05-13 15:48:58,021 INFO ofi_cancel_7: 6.197370593553088e-05 , std 8.027113346467737e-05 
2023-05-13 15:48:58,021 INFO ofi_trade_1: 0.00012666110780564687 , std 0.00016153167720332108 
2023-05-13 15:48:58,021 INFO ofi_trade_2: 9.335634549357154e-05 , std 0.00013891543503010524 
2023-05-13 15:48:58,021 INFO ofi_trade_3: 7.009100399025298e-05 , std 0.00012393123731995457 
2023-05-13 15:48:58,021 INFO ofi_trade_4: 6.082510928947947e-05 , std 0.0001168598094551961 
2023-05-13 15:48:58,021 INFO ofi_trade_5: 8.034038656481249e-05 , std 0.00015906527207342058 
2023-05-13 15:48:58,021 INFO ofi_trade_6: 9.991165928183797e-05 , std 0.00017560210961354775 
2023-05-13 15:48:58,022 INFO ofi_trade_7: 0.0001434124577822941 , std 0.00019893590383809372 
2023-05-13 15:48:58,022 INFO used_intercept: 1.0 , std 0.0 
2023-05-13 15:48:58,022 INFO used_ofi_add_1: 0.9515477792732167 , std 0.21471982450026914 
2023-05-13 15:48:58,022 INFO used_ofi_add_2: 0.9596231493943472 , std 0.1968414604213796 
2023-05-13 15:48:58,022 INFO used_ofi_add_3: 0.9125168236877523 , std 0.2825418025258702 
2023-05-13 15:48:58,022 INFO used_ofi_add_4: 0.8434275459847466 , std 0.36339719407130106 
2023-05-13 15:48:58,022 INFO used_ofi_add_5: 0.7949753252579632 , std 0.4037196520965493 
2023-05-13 15:48:58,022 INFO used_ofi_add_6: 0.7698519515477793 , std 0.42092745722494157 
2023-05-13 15:48:58,022 INFO used_ofi_add_7: 0.8124719605204127 , std 0.39033482279772275 
2023-05-13 15:48:58,022 INFO used_ofi_cancel_1: 0.924181247196052 , std 0.2647078947202025 
2023-05-13 15:48:58,022 INFO used_ofi_cancel_2: 0.9470614625392553 , std 0.22391080526017956 
2023-05-13 15:48:58,022 INFO used_ofi_cancel_3: 0.8470165993719156 , std 0.359971498538914 
2023-05-13 15:48:58,022 INFO used_ofi_cancel_4: 0.7523553162853297 , std 0.43164429145134214 
2023-05-13 15:48:58,022 INFO used_ofi_cancel_5: 0.7016599371915657 , std 0.4575295288086811 
2023-05-13 15:48:58,022 INFO used_ofi_cancel_6: 0.6742934051144011 , std 0.46863824954182653 
2023-05-13 15:48:58,022 INFO used_ofi_cancel_7: 0.7783759533423059 , std 0.4153394137338308 
2023-05-13 15:48:58,022 INFO used_ofi_trade_1: 0.7267833109017496 , std 0.4456111869067476 
2023-05-13 15:48:58,022 INFO used_ofi_trade_2: 0.6621803499327052 , std 0.47296673677511963 
2023-05-13 15:48:58,022 INFO used_ofi_trade_3: 0.6020637056976222 , std 0.4894721646623729 
2023-05-13 15:48:58,022 INFO used_ofi_trade_4: 0.566621803499327 , std 0.49554165848947257 
2023-05-13 15:48:58,022 INFO used_ofi_trade_5: 0.588604755495738 , std 0.49208657500844344 
2023-05-13 15:48:58,022 INFO used_ofi_trade_6: 0.6231493943472409 , std 0.4845969734448491 
2023-05-13 15:48:58,022 INFO used_ofi_trade_7: 0.7285778375953342 , std 0.44469334620639533 
2023-05-13 15:48:58,023 INFO Grouping by ofi type:
2023-05-13 15:48:58,023 INFO add: 6.044414535666219
2023-05-13 15:48:58,023 INFO cancel: 5.624943921040826
2023-05-13 15:48:58,023 INFO trade: 4.4979811574697175
2023-05-13 15:48:58,023 INFO Grouping by level:
2023-05-13 15:48:58,023 INFO 1: 2.602512337371018
2023-05-13 15:48:58,023 INFO 2: 2.568864961866308
2023-05-13 15:48:58,023 INFO 3: 2.3615971287572903
2023-05-13 15:48:58,023 INFO 4: 2.162404665769403
2023-05-13 15:48:58,023 INFO 5: 2.085240017945267
2023-05-13 15:48:58,023 INFO 6: 2.0672947510094213
2023-05-13 15:48:58,023 INFO 7: 2.319425751458053
2023-05-13 15:48:58,023 INFO Non empty regressions: 0.9991027366532077 --- 2227 / 2229
