2023-05-13 15:48:45,271 INFO Starting...
2023-05-13 15:48:45,271 INFO Tickers: ['CI']
2023-05-13 15:48:46,975 INFO in_r2: 0.7558827583645421 , std 0.16961093977423441 
2023-05-13 15:48:46,975 INFO os_r2: 0.6088367653464111 , std 0.44969828338375006 
2023-05-13 15:48:46,975 INFO intercept: -1.8578309041021062e-07 , std 2.1576220070327255e-05 
2023-05-13 15:48:46,975 INFO ofi_add_1: 0.00013139271322577692 , std 0.00014700398232174474 
2023-05-13 15:48:46,975 INFO ofi_add_2: 0.00012916940905910635 , std 0.00012612597833241526 
2023-05-13 15:48:46,975 INFO ofi_add_3: 0.00010947918694332509 , std 0.00011844232096334394 
2023-05-13 15:48:46,975 INFO ofi_add_4: 7.937296063420968e-05 , std 0.00010032993901372295 
2023-05-13 15:48:46,975 INFO ofi_add_5: 6.535183967023401e-05 , std 0.00011919777261448426 
2023-05-13 15:48:46,975 INFO ofi_add_6: 6.335470983435787e-05 , std 9.715891068152607e-05 
2023-05-13 15:48:46,975 INFO ofi_add_7: 7.974073838047729e-05 , std 0.00011258682975530061 
2023-05-13 15:48:46,975 INFO ofi_cancel_1: 0.0001631743649035744 , std 0.0001922782928076433 
2023-05-13 15:48:46,975 INFO ofi_cancel_2: 0.00013199633246558154 , std 0.00012769105584996613 
2023-05-13 15:48:46,975 INFO ofi_cancel_3: 9.713630784759927e-05 , std 0.00012678038098329626 
2023-05-13 15:48:46,975 INFO ofi_cancel_4: 6.922653656698415e-05 , std 0.00010472771337817527 
2023-05-13 15:48:46,975 INFO ofi_cancel_5: 5.288220792628989e-05 , std 0.00011223702308465901 
2023-05-13 15:48:46,975 INFO ofi_cancel_6: 5.686699540886889e-05 , std 0.00010302379470812082 
2023-05-13 15:48:46,975 INFO ofi_cancel_7: 7.888275032061373e-05 , std 0.0001210679295743736 
2023-05-13 15:48:46,975 INFO ofi_trade_1: 0.00018475889691531598 , std 0.000217875907245518 
2023-05-13 15:48:46,975 INFO ofi_trade_2: 0.00010800627087646302 , std 0.00019177020193105563 
2023-05-13 15:48:46,975 INFO ofi_trade_3: 8.239222892706028e-05 , std 0.0002155304563818621 
2023-05-13 15:48:46,975 INFO ofi_trade_4: 8.425440904817563e-05 , std 0.000196666970419697 
2023-05-13 15:48:46,975 INFO ofi_trade_5: 0.00010848675064050545 , std 0.0002446445770033841 
2023-05-13 15:48:46,975 INFO ofi_trade_6: 0.00011690403667388437 , std 0.00020818280983990933 
2023-05-13 15:48:46,975 INFO ofi_trade_7: 0.0001698674370768166 , std 0.000257072462323961 
2023-05-13 15:48:46,975 INFO used_intercept: 1.0 , std 0.0 
2023-05-13 15:48:46,975 INFO used_ofi_add_1: 0.9300499643112062 , std 0.2550627926529665 
2023-05-13 15:48:46,975 INFO used_ofi_add_2: 0.9329050678087081 , std 0.2501863350895445 
2023-05-13 15:48:46,975 INFO used_ofi_add_3: 0.907209136331192 , std 0.2901391378087497 
2023-05-13 15:48:46,975 INFO used_ofi_add_4: 0.8529621698786581 , std 0.35414362430311985 
2023-05-13 15:48:46,975 INFO used_ofi_add_5: 0.7930049964311207 , std 0.4051519123321511 
2023-05-13 15:48:46,975 INFO used_ofi_add_6: 0.7658815132048536 , std 0.4234465975018541 
2023-05-13 15:48:46,975 INFO used_ofi_add_7: 0.8294075660242684 , std 0.3761524364482666 
2023-05-13 15:48:46,976 INFO used_ofi_cancel_1: 0.9036402569593148 , std 0.2950839591740262 
2023-05-13 15:48:46,976 INFO used_ofi_cancel_2: 0.9179157744468237 , std 0.27449299712107694 
2023-05-13 15:48:46,976 INFO used_ofi_cancel_3: 0.8344039971448965 , std 0.3717175899705528 
2023-05-13 15:48:46,976 INFO used_ofi_cancel_4: 0.7623126338329764 , std 0.42566663262652715 
2023-05-13 15:48:46,976 INFO used_ofi_cancel_5: 0.708779443254818 , std 0.4543249322612707 
2023-05-13 15:48:46,976 INFO used_ofi_cancel_6: 0.708779443254818 , std 0.4543249322612707 
2023-05-13 15:48:46,976 INFO used_ofi_cancel_7: 0.7858672376873662 , std 0.41021935890081407 
2023-05-13 15:48:46,976 INFO used_ofi_trade_1: 0.8379728765167738 , std 0.368475690838592 
2023-05-13 15:48:46,976 INFO used_ofi_trade_2: 0.662384011420414 , std 0.4728968522151684 
2023-05-13 15:48:46,976 INFO used_ofi_trade_3: 0.6124197002141327 , std 0.48719791769235277 
2023-05-13 15:48:46,976 INFO used_ofi_trade_4: 0.5517487508922199 , std 0.49731485678702075 
2023-05-13 15:48:46,976 INFO used_ofi_trade_5: 0.5924339757316203 , std 0.49138168477309596 
2023-05-13 15:48:46,976 INFO used_ofi_trade_6: 0.6017130620985011 , std 0.48954514909101743 
2023-05-13 15:48:46,976 INFO used_ofi_trade_7: 0.7130620985010707 , std 0.4523323359901656 
2023-05-13 15:48:46,976 INFO Grouping by ofi type:
2023-05-13 15:48:46,976 INFO add: 6.011420413990007
2023-05-13 15:48:46,976 INFO cancel: 5.621698786581014
2023-05-13 15:48:46,976 INFO trade: 4.571734475374733
2023-05-13 15:48:46,976 INFO Grouping by level:
2023-05-13 15:48:46,976 INFO 1: 2.671663097787295
2023-05-13 15:48:46,976 INFO 2: 2.513204853675946
2023-05-13 15:48:46,976 INFO 3: 2.354032833690221
2023-05-13 15:48:46,976 INFO 4: 2.1670235546038543
2023-05-13 15:48:46,976 INFO 5: 2.0942184154175587
2023-05-13 15:48:46,976 INFO 6: 2.0763740185581727
2023-05-13 15:48:46,976 INFO 7: 2.328336902212705
2023-05-13 15:48:46,976 INFO Non empty regressions: 0.9985724482512491 --- 1399 / 1401
