2023-05-13 15:49:00,744 INFO Starting...
2023-05-13 15:49:00,744 INFO Tickers: ['COP']
2023-05-13 15:49:02,931 INFO in_r2: 0.959517612925869 , std 0.031873990893911616 
2023-05-13 15:49:02,931 INFO os_r2: 0.9441504030795551 , std 0.05493075656240085 
2023-05-13 15:49:02,931 INFO intercept: 4.260992104083716e-08 , std 6.808780522977121e-06 
2023-05-13 15:49:02,931 INFO ofi_add_1: 5.1125164772744585e-05 , std 4.888179159006e-05 
2023-05-13 15:49:02,931 INFO ofi_add_2: 9.670797653773729e-05 , std 6.027668740873437e-05 
2023-05-13 15:49:02,931 INFO ofi_add_3: 0.0001101044678237724 , std 5.8997234763278944e-05 
2023-05-13 15:49:02,931 INFO ofi_add_4: 0.00010921079355359391 , std 6.202148408941674e-05 
2023-05-13 15:49:02,932 INFO ofi_add_5: 9.613021855009248e-05 , std 6.0855445822867555e-05 
2023-05-13 15:49:02,932 INFO ofi_add_6: 9.963743154281257e-05 , std 6.025641077478881e-05 
2023-05-13 15:49:02,932 INFO ofi_add_7: 0.0001367374444022517 , std 7.171726042034084e-05 
2023-05-13 15:49:02,932 INFO ofi_cancel_1: 4.024260013579147e-05 , std 5.009625425052866e-05 
2023-05-13 15:49:02,932 INFO ofi_cancel_2: 9.305159914892332e-05 , std 6.356510919677618e-05 
2023-05-13 15:49:02,932 INFO ofi_cancel_3: 0.00011255715035848091 , std 6.226143047988503e-05 
2023-05-13 15:49:02,932 INFO ofi_cancel_4: 0.00011019068161578233 , std 6.650783014854255e-05 
2023-05-13 15:49:02,932 INFO ofi_cancel_5: 9.423719640865139e-05 , std 6.579201119813005e-05 
2023-05-13 15:49:02,932 INFO ofi_cancel_6: 9.6340321478488e-05 , std 6.464982836775713e-05 
2023-05-13 15:49:02,932 INFO ofi_cancel_7: 0.00013422267898060593 , std 8.020492802787459e-05 
2023-05-13 15:49:02,932 INFO ofi_trade_1: 5.035088071676399e-05 , std 9.638929809284559e-05 
2023-05-13 15:49:02,932 INFO ofi_trade_2: 9.327286377062161e-05 , std 8.975483520110811e-05 
2023-05-13 15:49:02,932 INFO ofi_trade_3: 0.00010791259094211247 , std 8.48371731387853e-05 
2023-05-13 15:49:02,932 INFO ofi_trade_4: 0.00011118830792712463 , std 8.519178368637617e-05 
2023-05-13 15:49:02,932 INFO ofi_trade_5: 9.959856452768212e-05 , std 8.423583728086347e-05 
2023-05-13 15:49:02,932 INFO ofi_trade_6: 0.00010362244282499543 , std 8.592733115372463e-05 
2023-05-13 15:49:02,932 INFO ofi_trade_7: 0.00013390326881374543 , std 9.759310895873827e-05 
2023-05-13 15:49:02,932 INFO used_intercept: 0.9995851483094793 , std 0.020363683080315092 
2023-05-13 15:49:02,932 INFO used_ofi_add_1: 0.8996058908940054 , std 0.30052476098120146 
2023-05-13 15:49:02,932 INFO used_ofi_add_2: 0.9695084007467331 , std 0.17193563222393757 
2023-05-13 15:49:02,932 INFO used_ofi_add_3: 0.9796722671644887 , std 0.14111880141667651 
2023-05-13 15:49:02,932 INFO used_ofi_add_4: 0.9738643434971997 , std 0.15953865977238207 
2023-05-13 15:49:02,932 INFO used_ofi_add_5: 0.9537440365069487 , std 0.2100389233794078 
2023-05-13 15:49:02,932 INFO used_ofi_add_6: 0.9533291848164281 , std 0.21093280966618908 
2023-05-13 15:49:02,932 INFO used_ofi_add_7: 0.9678489939846505 , std 0.17640101708196151 
2023-05-13 15:49:02,932 INFO used_ofi_cancel_1: 0.7033810412777433 , std 0.45676706541603995 
2023-05-13 15:49:02,932 INFO used_ofi_cancel_2: 0.9330014519809168 , std 0.25001948440555144 
2023-05-13 15:49:02,932 INFO used_ofi_cancel_3: 0.9717900850445965 , std 0.16557208597348874 
2023-05-13 15:49:02,932 INFO used_ofi_cancel_4: 0.9583074051026758 , std 0.19988577345086825 
2023-05-13 15:49:02,932 INFO used_ofi_cancel_5: 0.9280232316946692 , std 0.2584494401805729 
2023-05-13 15:49:02,932 INFO used_ofi_cancel_6: 0.9226301597179009 , std 0.2671773719775341 
2023-05-13 15:49:02,932 INFO used_ofi_cancel_7: 0.9215930304915992 , std 0.2688109310294309 
2023-05-13 15:49:02,932 INFO used_ofi_trade_1: 0.3731590956233147 , std 0.48364386171738455 
2023-05-13 15:49:02,932 INFO used_ofi_trade_2: 0.7994192076332711 , std 0.40043493616349723 
2023-05-13 15:49:02,932 INFO used_ofi_trade_3: 0.8788633063679735 , std 0.3262860632756585 
2023-05-13 15:49:02,932 INFO used_ofi_trade_4: 0.8836341008089608 , std 0.3206631826332735 
2023-05-13 15:49:02,932 INFO used_ofi_trade_5: 0.8531425015556938 , std 0.3539638026620615 
2023-05-13 15:49:02,932 INFO used_ofi_trade_6: 0.8413192283758556 , std 0.3653781388382596 
2023-05-13 15:49:02,932 INFO used_ofi_trade_7: 0.8620618129018875 , std 0.3448350962970541 
2023-05-13 15:49:02,933 INFO Grouping by ofi type:
2023-05-13 15:49:02,933 INFO add: 6.697573117610454
2023-05-13 15:49:02,933 INFO cancel: 6.338726405310101
2023-05-13 15:49:02,933 INFO trade: 5.4915992532669575
2023-05-13 15:49:02,933 INFO Grouping by level:
2023-05-13 15:49:02,933 INFO 1: 1.9761460277950633
2023-05-13 15:49:02,933 INFO 2: 2.701929060360921
2023-05-13 15:49:02,933 INFO 3: 2.830325658577059
2023-05-13 15:49:02,933 INFO 4: 2.8158058494088363
2023-05-13 15:49:02,933 INFO 5: 2.7349097697573117
2023-05-13 15:49:02,933 INFO 6: 2.7172785729101845
2023-05-13 15:49:02,933 INFO 7: 2.751503837378137
2023-05-13 15:49:02,933 INFO Non empty regressions: 1.0 --- 4821 / 4821
