2023-05-13 15:45:13,566 INFO Starting...
2023-05-13 15:45:13,566 INFO Tickers: ['FB']
2023-05-13 15:45:16,983 INFO in_r2: 0.9403880261194396 , std 0.03654207971197581 
2023-05-13 15:45:16,984 INFO os_r2: 0.9135269933337797 , std 0.10434644769049962 
2023-05-13 15:45:16,984 INFO intercept: 5.889067386657268e-07 , std 6.629446036006711e-06 
2023-05-13 15:45:16,984 INFO ofi_add_1: 2.0354275039680523e-05 , std 2.1855127967249922e-05 
2023-05-13 15:45:16,984 INFO ofi_add_2: 2.6871907783522036e-05 , std 2.4241641411935752e-05 
2023-05-13 15:45:16,984 INFO ofi_add_3: 3.3739156562914404e-05 , std 2.854037484127529e-05 
2023-05-13 15:45:16,984 INFO ofi_add_4: 3.6827915281405095e-05 , std 2.9536576575264586e-05 
2023-05-13 15:45:16,984 INFO ofi_add_5: 3.7751623273178706e-05 , std 2.9647740788952288e-05 
2023-05-13 15:45:16,984 INFO ofi_add_6: 4.0933520525714406e-05 , std 3.085369303734226e-05 
2023-05-13 15:45:16,984 INFO ofi_add_7: 8.303351018430041e-05 , std 3.858483851147687e-05 
2023-05-13 15:45:16,984 INFO ofi_cancel_1: 1.6182305978044756e-05 , std 2.293167830312533e-05 
2023-05-13 15:45:16,984 INFO ofi_cancel_2: 2.6414715321616876e-05 , std 2.6110327362580622e-05 
2023-05-13 15:45:16,984 INFO ofi_cancel_3: 3.2772394028520347e-05 , std 2.9806880564029247e-05 
2023-05-13 15:45:16,984 INFO ofi_cancel_4: 3.6339415724608606e-05 , std 3.0932848121544946e-05 
2023-05-13 15:45:16,984 INFO ofi_cancel_5: 3.705468840713677e-05 , std 3.103094447345964e-05 
2023-05-13 15:45:16,984 INFO ofi_cancel_6: 3.9174684267743136e-05 , std 3.2081766681566764e-05 
2023-05-13 15:45:16,984 INFO ofi_cancel_7: 8.293871962747829e-05 , std 4.0299383962480125e-05 
2023-05-13 15:45:16,984 INFO ofi_trade_1: 7.915023408767383e-06 , std 2.843878156398556e-05 
2023-05-13 15:45:16,984 INFO ofi_trade_2: 2.2191598519168896e-05 , std 2.972095616277505e-05 
2023-05-13 15:45:16,984 INFO ofi_trade_3: 3.481115609621112e-05 , std 3.476901452061642e-05 
2023-05-13 15:45:16,984 INFO ofi_trade_4: 3.7389105412293014e-05 , std 3.466742049497647e-05 
2023-05-13 15:45:16,984 INFO ofi_trade_5: 3.813153011814754e-05 , std 3.502655814556315e-05 
2023-05-13 15:45:16,984 INFO ofi_trade_6: 4.138404442761744e-05 , std 3.5328505969671e-05 
2023-05-13 15:45:16,984 INFO ofi_trade_7: 8.508619663705641e-05 , std 4.306578165701874e-05 
2023-05-13 15:45:16,984 INFO used_intercept: 1.0 , std 0.0 
2023-05-13 15:45:16,984 INFO used_ofi_add_1: 0.801578660860098 , std 0.3988111223547182 
2023-05-13 15:45:16,985 INFO used_ofi_add_2: 0.8611867174741427 , std 0.34575158006906326 
2023-05-13 15:45:16,985 INFO used_ofi_add_3: 0.8889493739793141 , std 0.31419481930977106 
2023-05-13 15:45:16,985 INFO used_ofi_add_4: 0.9062329885683179 , std 0.2915043035683228 
2023-05-13 15:45:16,985 INFO used_ofi_add_5: 0.9111322808927599 , std 0.2845527149895371 
2023-05-13 15:45:16,985 INFO used_ofi_add_6: 0.9303211758301578 , std 0.254604959951982 
2023-05-13 15:45:16,985 INFO used_ofi_add_7: 0.9895209580838323 , std 0.10182942402216985 
2023-05-13 15:45:16,985 INFO used_ofi_cancel_1: 0.5986663037561241 , std 0.49016829814167323 
2023-05-13 15:45:16,985 INFO used_ofi_cancel_2: 0.7955906369080021 , std 0.4032693583354947 
2023-05-13 15:45:16,985 INFO used_ofi_cancel_3: 0.8426782798040283 , std 0.36410382660795 
2023-05-13 15:45:16,985 INFO used_ofi_cancel_4: 0.8663581927054981 , std 0.3402670636978565 
2023-05-13 15:45:16,985 INFO used_ofi_cancel_5: 0.87915078933043 , std 0.32595195804000293 
2023-05-13 15:45:16,985 INFO used_ofi_cancel_6: 0.8822808927599347 , std 0.3222752224895164 
2023-05-13 15:45:16,985 INFO used_ofi_cancel_7: 0.9783614589003811 , std 0.14550022212594402 
2023-05-13 15:45:16,985 INFO used_ofi_trade_1: 0.3343767011431682 , std 0.47177210904819356 
2023-05-13 15:45:16,985 INFO used_ofi_trade_2: 0.5998911268372347 , std 0.48992015959663004 
2023-05-13 15:45:16,985 INFO used_ofi_trade_3: 0.7783070223189984 , std 0.4153856055858611 
2023-05-13 15:45:16,985 INFO used_ofi_trade_4: 0.8150517147523135 , std 0.38825560785599333 
2023-05-13 15:45:16,985 INFO used_ofi_trade_5: 0.8222645617855199 , std 0.3822898798257506 
2023-05-13 15:45:16,985 INFO used_ofi_trade_6: 0.8482580293957539 , std 0.35877060214207374 
2023-05-13 15:45:16,985 INFO used_ofi_trade_7: 0.9674741426238432 , std 0.17739201215980016 
2023-05-13 15:45:16,987 INFO Grouping by ofi type:
2023-05-13 15:45:16,987 INFO add: 6.288922155688622
2023-05-13 15:45:16,987 INFO cancel: 5.843086554164398
2023-05-13 15:45:16,987 INFO trade: 5.165623298856832
2023-05-13 15:45:16,987 INFO Grouping by level:
2023-05-13 15:45:16,987 INFO 1: 1.7346216657593903
2023-05-13 15:45:16,987 INFO 2: 2.2566684812193794
2023-05-13 15:45:16,987 INFO 3: 2.5099346761023407
2023-05-13 15:45:16,987 INFO 4: 2.5876428960261295
2023-05-13 15:45:16,987 INFO 5: 2.61254763200871
2023-05-13 15:45:16,987 INFO 6: 2.6608600979858466
2023-05-13 15:45:16,987 INFO 7: 2.9353565596080564
2023-05-13 15:45:16,988 INFO Non empty regressions: 1.0 --- 7348 / 7348
