2023-05-13 15:49:05,064 INFO Starting...
2023-05-13 15:49:05,064 INFO Tickers: ['ISRG']
2023-05-13 15:49:06,663 INFO in_r2: 0.6899240848167004 , std 0.14074115384427613 
2023-05-13 15:49:06,663 INFO os_r2: 0.49353926542938237 , std 0.48864763187613947 
2023-05-13 15:49:06,663 INFO intercept: 2.213554557870965e-06 , std 2.692099700974175e-05 
2023-05-13 15:49:06,663 INFO ofi_add_1: 5.6051190445327446e-05 , std 7.57406766750543e-05 
2023-05-13 15:49:06,663 INFO ofi_add_2: 0.00011001108493132523 , std 0.00010331082536412035 
2023-05-13 15:49:06,663 INFO ofi_add_3: 9.007001087498824e-05 , std 9.127597278344816e-05 
2023-05-13 15:49:06,663 INFO ofi_add_4: 6.606991812385629e-05 , std 9.484074094010244e-05 
2023-05-13 15:49:06,663 INFO ofi_add_5: 5.9342554940921167e-05 , std 8.931932791361774e-05 
2023-05-13 15:49:06,664 INFO ofi_add_6: 6.381294321879585e-05 , std 9.376735575572787e-05 
2023-05-13 15:49:06,664 INFO ofi_add_7: 8.444679698873241e-05 , std 0.00010275200198437974 
2023-05-13 15:49:06,664 INFO ofi_cancel_1: 9.400540494499991e-05 , std 0.00011708418168210044 
2023-05-13 15:49:06,664 INFO ofi_cancel_2: 0.0001134895751057708 , std 0.00011235631037003305 
2023-05-13 15:49:06,664 INFO ofi_cancel_3: 8.173533171886036e-05 , std 9.08103211059783e-05 
2023-05-13 15:49:06,664 INFO ofi_cancel_4: 5.74319278177993e-05 , std 8.902305848031256e-05 
2023-05-13 15:49:06,664 INFO ofi_cancel_5: 5.293954871547084e-05 , std 9.24108372606232e-05 
2023-05-13 15:49:06,664 INFO ofi_cancel_6: 5.52167636841587e-05 , std 9.381219508988796e-05 
2023-05-13 15:49:06,664 INFO ofi_cancel_7: 8.051700884043892e-05 , std 0.00010148406348882712 
2023-05-13 15:49:06,664 INFO ofi_trade_1: 0.00020657872713188315 , std 0.00025619446336535846 
2023-05-13 15:49:06,664 INFO ofi_trade_2: 0.00013037520887271815 , std 0.00021815533920135796 
2023-05-13 15:49:06,664 INFO ofi_trade_3: 0.00013022902419813662 , std 0.00023799255588299948 
2023-05-13 15:49:06,664 INFO ofi_trade_4: 0.00012502716479746956 , std 0.0002549329037972759 
2023-05-13 15:49:06,664 INFO ofi_trade_5: 0.000127251195862394 , std 0.00023732492417686453 
2023-05-13 15:49:06,664 INFO ofi_trade_6: 0.00016028386623706623 , std 0.00027290131791407244 
2023-05-13 15:49:06,664 INFO ofi_trade_7: 0.0002493816690872093 , std 0.00030418194581039836 
2023-05-13 15:49:06,664 INFO used_intercept: 1.0 , std 0.0 
2023-05-13 15:49:06,664 INFO used_ofi_add_1: 0.8194675540765392 , std 0.38463031847782564 
2023-05-13 15:49:06,664 INFO used_ofi_add_2: 0.9051580698835274 , std 0.2929964819042281 
2023-05-13 15:49:06,664 INFO used_ofi_add_3: 0.8835274542429284 , std 0.32079072904611566 
2023-05-13 15:49:06,664 INFO used_ofi_add_4: 0.8144758735440932 , std 0.388722169368663 
2023-05-13 15:49:06,664 INFO used_ofi_add_5: 0.7728785357737105 , std 0.41897172304822167 
2023-05-13 15:49:06,664 INFO used_ofi_add_6: 0.7820299500831946 , std 0.4128669365014238 
2023-05-13 15:49:06,664 INFO used_ofi_add_7: 0.8219633943427621 , std 0.3825435566092927 
2023-05-13 15:49:06,664 INFO used_ofi_cancel_1: 0.8236272878535774 , std 0.38113695511789164 
2023-05-13 15:49:06,664 INFO used_ofi_cancel_2: 0.8760399334442596 , std 0.3295359896206131 
2023-05-13 15:49:06,665 INFO used_ofi_cancel_3: 0.8161397670549085 , std 0.38737016881333053 
2023-05-13 15:49:06,665 INFO used_ofi_cancel_4: 0.7371048252911814 , std 0.4402059765878223 
2023-05-13 15:49:06,665 INFO used_ofi_cancel_5: 0.7079866888519135 , std 0.4546883957837689 
2023-05-13 15:49:06,665 INFO used_ofi_cancel_6: 0.7029950083194676 , std 0.45693875584959887 
2023-05-13 15:49:06,665 INFO used_ofi_cancel_7: 0.7770382695507487 , std 0.41623286415698446 
2023-05-13 15:49:06,665 INFO used_ofi_trade_1: 0.762063227953411 , std 0.42582022562888977 
2023-05-13 15:49:06,665 INFO used_ofi_trade_2: 0.6239600665557404 , std 0.48439023720497965 
2023-05-13 15:49:06,665 INFO used_ofi_trade_3: 0.589018302828619 , std 0.49201193253976294 
2023-05-13 15:49:06,665 INFO used_ofi_trade_4: 0.5440931780366056 , std 0.4980519969346897 
2023-05-13 15:49:06,665 INFO used_ofi_trade_5: 0.521630615640599 , std 0.49953189734691483 
2023-05-13 15:49:06,665 INFO used_ofi_trade_6: 0.5998336106489185 , std 0.48993188320908465 
2023-05-13 15:49:06,665 INFO used_ofi_trade_7: 0.7396006655574043 , std 0.4388525049084816 
2023-05-13 15:49:06,665 INFO Grouping by ofi type:
2023-05-13 15:49:06,665 INFO add: 5.799500831946756
2023-05-13 15:49:06,665 INFO cancel: 5.440931780366056
2023-05-13 15:49:06,665 INFO trade: 4.380199667221298
2023-05-13 15:49:06,665 INFO Grouping by level:
2023-05-13 15:49:06,665 INFO 1: 2.4051580698835275
2023-05-13 15:49:06,666 INFO 2: 2.4051580698835275
2023-05-13 15:49:06,666 INFO 3: 2.288685524126456
2023-05-13 15:49:06,666 INFO 4: 2.09567387687188
2023-05-13 15:49:06,666 INFO 5: 2.002495840266223
2023-05-13 15:49:06,666 INFO 6: 2.0848585690515806
2023-05-13 15:49:06,666 INFO 7: 2.3386023294509153
2023-05-13 15:49:06,666 INFO Non empty regressions: 0.9966722129783694 --- 1198 / 1202
