2023-05-13 15:48:15,402 INFO Starting...
2023-05-13 15:48:15,402 INFO Tickers: ['LOW']
2023-05-13 15:48:18,576 INFO in_r2: 0.9018433662790927 , std 0.06501632125926207 
2023-05-13 15:48:18,576 INFO os_r2: 0.8594242470296769 , std 0.253735903584883 
2023-05-13 15:48:18,576 INFO intercept: -2.0558344971537225e-07 , std 8.757222731073647e-06 
2023-05-13 15:48:18,576 INFO ofi_add_1: 8.698862669633587e-05 , std 6.608408674473532e-05 
2023-05-13 15:48:18,576 INFO ofi_add_2: 9.821328158865408e-05 , std 5.9795539923895184e-05 
2023-05-13 15:48:18,576 INFO ofi_add_3: 7.696467260546361e-05 , std 5.047779617954876e-05 
2023-05-13 15:48:18,576 INFO ofi_add_4: 6.197027604941529e-05 , std 4.7606629722441535e-05 
2023-05-13 15:48:18,576 INFO ofi_add_5: 5.094358837657642e-05 , std 4.557659238643622e-05 
2023-05-13 15:48:18,577 INFO ofi_add_6: 5.7073026798927824e-05 , std 5.272283742301592e-05 
2023-05-13 15:48:18,577 INFO ofi_add_7: 9.621431136644365e-05 , std 6.54308460024082e-05 
2023-05-13 15:48:18,577 INFO ofi_cancel_1: 7.638862759111405e-05 , std 7.590455761954907e-05 
2023-05-13 15:48:18,577 INFO ofi_cancel_2: 9.992281755298315e-05 , std 6.331281474238274e-05 
2023-05-13 15:48:18,577 INFO ofi_cancel_3: 7.470491480657494e-05 , std 5.240367153701618e-05 
2023-05-13 15:48:18,577 INFO ofi_cancel_4: 5.817599126623026e-05 , std 5.002283219658728e-05 
2023-05-13 15:48:18,577 INFO ofi_cancel_5: 4.698599503610874e-05 , std 4.8583527367239334e-05 
2023-05-13 15:48:18,577 INFO ofi_cancel_6: 5.2367064481218964e-05 , std 5.446247801165577e-05 
2023-05-13 15:48:18,577 INFO ofi_cancel_7: 8.577683796712394e-05 , std 6.951749313978982e-05 
2023-05-13 15:48:18,577 INFO ofi_trade_1: 6.67946812349812e-05 , std 0.00010460447228923587 
2023-05-13 15:48:18,577 INFO ofi_trade_2: 7.914218739946537e-05 , std 9.013394111665614e-05 
2023-05-13 15:48:18,577 INFO ofi_trade_3: 7.454412658391755e-05 , std 8.226031056013136e-05 
2023-05-13 15:48:18,577 INFO ofi_trade_4: 6.690057527190917e-05 , std 7.452951554647216e-05 
2023-05-13 15:48:18,577 INFO ofi_trade_5: 6.035384010022109e-05 , std 7.293045935645037e-05 
2023-05-13 15:48:18,577 INFO ofi_trade_6: 7.087991251565281e-05 , std 7.920646988722674e-05 
2023-05-13 15:48:18,577 INFO ofi_trade_7: 0.00011255457300487767 , std 9.828356042808304e-05 
2023-05-13 15:48:18,577 INFO used_intercept: 0.9998523331364442 , std 0.012150928279486536 
2023-05-13 15:48:18,577 INFO used_ofi_add_1: 0.9481689308919079 , std 0.22168583487269616 
2023-05-13 15:48:18,577 INFO used_ofi_add_2: 0.9592439456585942 , std 0.1977245517782912 
2023-05-13 15:48:18,577 INFO used_ofi_add_3: 0.9511222681630243 , std 0.21561238175821087 
2023-05-13 15:48:18,577 INFO used_ofi_add_4: 0.9221795629060838 , std 0.2678888139964563 
2023-05-13 15:48:18,577 INFO used_ofi_add_5: 0.9023922031896042 , std 0.2967836161451913 
2023-05-13 15:48:18,577 INFO used_ofi_add_6: 0.896928529238039 , std 0.30405220386790033 
2023-05-13 15:48:18,577 INFO used_ofi_add_7: 0.9564382752510336 , std 0.204117860281411 
2023-05-13 15:48:18,577 INFO used_ofi_cancel_1: 0.7869167158889545 , std 0.40948601703049264 
2023-05-13 15:48:18,577 INFO used_ofi_cancel_2: 0.9468399291199054 , std 0.2243525746322467 
2023-05-13 15:48:18,577 INFO used_ofi_cancel_3: 0.9257235676314235 , std 0.26222022035528225 
2023-05-13 15:48:18,577 INFO used_ofi_cancel_4: 0.8780271707028943 , std 0.3272544242792828 
2023-05-13 15:48:18,577 INFO used_ofi_cancel_5: 0.8406674542232723 , std 0.3659859090634975 
2023-05-13 15:48:18,577 INFO used_ofi_cancel_6: 0.8362374483165977 , std 0.37005996588329204 
2023-05-13 15:48:18,577 INFO used_ofi_cancel_7: 0.8821618428824571 , std 0.3224163858191517 
2023-05-13 15:48:18,577 INFO used_ofi_trade_1: 0.4911399881866509 , std 0.49992149402747954 
2023-05-13 15:48:18,577 INFO used_ofi_trade_2: 0.6969875959834613 , std 0.45956053684869047 
2023-05-13 15:48:18,577 INFO used_ofi_trade_3: 0.7526580035440047 , std 0.4314671867537063 
2023-05-13 15:48:18,577 INFO used_ofi_trade_4: 0.7681630242173656 , std 0.42200544124761774 
2023-05-13 15:48:18,577 INFO used_ofi_trade_5: 0.7533963378617838 , std 0.4310339846905772 
2023-05-13 15:48:18,577 INFO used_ofi_trade_6: 0.7793857058476078 , std 0.4146608582541087 
2023-05-13 15:48:18,577 INFO used_ofi_trade_7: 0.8527761370348493 , std 0.35432893917766467 
2023-05-13 15:48:18,578 INFO Grouping by ofi type:
2023-05-13 15:48:18,578 INFO add: 6.536473715298287
2023-05-13 15:48:18,578 INFO cancel: 6.096574128765505
2023-05-13 15:48:18,578 INFO trade: 5.094506792675724
2023-05-13 15:48:18,578 INFO Grouping by level:
2023-05-13 15:48:18,578 INFO 1: 2.226225634967513
2023-05-13 15:48:18,578 INFO 2: 2.603071470761961
2023-05-13 15:48:18,578 INFO 3: 2.6295038393384527
2023-05-13 15:48:18,578 INFO 4: 2.5683697578263436
2023-05-13 15:48:18,578 INFO 5: 2.49645599527466
2023-05-13 15:48:18,578 INFO 6: 2.5125516834022448
2023-05-13 15:48:18,578 INFO 7: 2.6913762551683402
2023-05-13 15:48:18,578 INFO Non empty regressions: 0.9998523331364442 --- 6771 / 6772
