2023-05-13 15:49:09,395 INFO Starting...
2023-05-13 15:49:09,395 INFO Tickers: ['SPGI']
2023-05-13 15:49:10,912 INFO in_r2: 0.7592898761106064 , std 0.15160746871022385 
2023-05-13 15:49:10,912 INFO os_r2: 0.611656021797269 , std 0.5187782852041533 
2023-05-13 15:49:10,912 INFO intercept: -6.415756622251124e-07 , std 1.5635160671438897e-05 
2023-05-13 15:49:10,912 INFO ofi_add_1: 9.533665166561958e-05 , std 0.000100005863221115 
2023-05-13 15:49:10,912 INFO ofi_add_2: 9.722280174799335e-05 , std 9.41495655537629e-05 
2023-05-13 15:49:10,913 INFO ofi_add_3: 7.467367063701948e-05 , std 8.740153848237169e-05 
2023-05-13 15:49:10,913 INFO ofi_add_4: 5.3208177644765295e-05 , std 8.129101566465582e-05 
2023-05-13 15:49:10,913 INFO ofi_add_5: 4.762732317525444e-05 , std 0.00013833150754963592 
2023-05-13 15:49:10,913 INFO ofi_add_6: 4.1332532461248836e-05 , std 8.460075780883872e-05 
2023-05-13 15:49:10,913 INFO ofi_add_7: 4.7567300696563366e-05 , std 7.941156821990166e-05 
2023-05-13 15:49:10,913 INFO ofi_cancel_1: 0.0001008977802276012 , std 0.00012041138626120543 
2023-05-13 15:49:10,913 INFO ofi_cancel_2: 0.00010100513151619717 , std 9.70733002222506e-05 
2023-05-13 15:49:10,913 INFO ofi_cancel_3: 7.295936215404974e-05 , std 8.470638321553365e-05 
2023-05-13 15:49:10,913 INFO ofi_cancel_4: 4.3281372996528224e-05 , std 7.352798612666541e-05 
2023-05-13 15:49:10,913 INFO ofi_cancel_5: 4.055232125322299e-05 , std 0.00014027938053556656 
2023-05-13 15:49:10,913 INFO ofi_cancel_6: 3.3052672142871405e-05 , std 9.113848511560518e-05 
2023-05-13 15:49:10,913 INFO ofi_cancel_7: 3.486070066408297e-05 , std 8.439996092047468e-05 
2023-05-13 15:49:10,913 INFO ofi_trade_1: 0.0001362660833306742 , std 0.0001698797018645697 
2023-05-13 15:49:10,913 INFO ofi_trade_2: 8.215881631716523e-05 , std 0.0001355892745066693 
2023-05-13 15:49:10,913 INFO ofi_trade_3: 6.925681597263968e-05 , std 0.00016109908171528054 
2023-05-13 15:49:10,913 INFO ofi_trade_4: 6.523712480403494e-05 , std 0.00015431525568947337 
2023-05-13 15:49:10,913 INFO ofi_trade_5: 7.940714862971285e-05 , std 0.00021285538642558516 
2023-05-13 15:49:10,913 INFO ofi_trade_6: 8.108393335387492e-05 , std 0.0001925421487680934 
2023-05-13 15:49:10,913 INFO ofi_trade_7: 0.00011934133707038705 , std 0.00020566004168850696 
2023-05-13 15:49:10,913 INFO used_intercept: 1.0 , std 0.0 
2023-05-13 15:49:10,913 INFO used_ofi_add_1: 0.938121546961326 , std 0.24093465937513986 
2023-05-13 15:49:10,913 INFO used_ofi_add_2: 0.9480662983425414 , std 0.22189320018786665 
2023-05-13 15:49:10,913 INFO used_ofi_add_3: 0.8883977900552487 , std 0.31487641493163476 
2023-05-13 15:49:10,913 INFO used_ofi_add_4: 0.8397790055248618 , std 0.3668108877944272 
2023-05-13 15:49:10,913 INFO used_ofi_add_5: 0.7911602209944751 , std 0.40647967441244637 
2023-05-13 15:49:10,913 INFO used_ofi_add_6: 0.7469613259668508 , std 0.434752922332553 
2023-05-13 15:49:10,914 INFO used_ofi_add_7: 0.8055248618784531 , std 0.395796107578324 
2023-05-13 15:49:10,914 INFO used_ofi_cancel_1: 0.8917127071823204 , std 0.3107429082568059 
2023-05-13 15:49:10,914 INFO used_ofi_cancel_2: 0.9116022099447514 , std 0.28387254317492 
2023-05-13 15:49:10,914 INFO used_ofi_cancel_3: 0.8696132596685083 , std 0.33672843401949276 
2023-05-13 15:49:10,914 INFO used_ofi_cancel_4: 0.7602209944751381 , std 0.4269485145007183 
2023-05-13 15:49:10,914 INFO used_ofi_cancel_5: 0.6552486187845303 , std 0.47528714096374997 
2023-05-13 15:49:10,914 INFO used_ofi_cancel_6: 0.6408839779005525 , std 0.47974128941640687 
2023-05-13 15:49:10,914 INFO used_ofi_cancel_7: 0.6408839779005525 , std 0.47974128941640687 
2023-05-13 15:49:10,914 INFO used_ofi_trade_1: 0.8011049723756906 , std 0.3991688810649379 
2023-05-13 15:49:10,914 INFO used_ofi_trade_2: 0.6762430939226519 , std 0.4679085079848103 
2023-05-13 15:49:10,914 INFO used_ofi_trade_3: 0.6044198895027625 , std 0.48897493460936303 
2023-05-13 15:49:10,914 INFO used_ofi_trade_4: 0.5469613259668509 , std 0.4977897486524156 
2023-05-13 15:49:10,914 INFO used_ofi_trade_5: 0.5292817679558011 , std 0.4991418416295939 
2023-05-13 15:49:10,914 INFO used_ofi_trade_6: 0.5337016574585636 , std 0.4988629053001893 
2023-05-13 15:49:10,914 INFO used_ofi_trade_7: 0.6287292817679558 , std 0.4831446698614259 
2023-05-13 15:49:10,914 INFO Grouping by ofi type:
2023-05-13 15:49:10,915 INFO add: 5.958011049723757
2023-05-13 15:49:10,915 INFO cancel: 5.370165745856353
2023-05-13 15:49:10,915 INFO trade: 4.320441988950276
2023-05-13 15:49:10,915 INFO Grouping by level:
2023-05-13 15:49:10,915 INFO 1: 2.630939226519337
2023-05-13 15:49:10,915 INFO 2: 2.5359116022099446
2023-05-13 15:49:10,915 INFO 3: 2.3624309392265195
2023-05-13 15:49:10,915 INFO 4: 2.146961325966851
2023-05-13 15:49:10,915 INFO 5: 1.9756906077348064
2023-05-13 15:49:10,915 INFO 6: 1.9215469613259668
2023-05-13 15:49:10,915 INFO 7: 2.0751381215469613
2023-05-13 15:49:10,915 INFO Non empty regressions: 0.9988950276243094 --- 904 / 905
