2023-05-13 15:49:20,135 INFO Starting...
2023-05-13 15:49:20,135 INFO Tickers: ['TGT']
2023-05-13 15:49:23,301 INFO in_r2: 0.9257728813710365 , std 0.059805312445327184 
2023-05-13 15:49:23,302 INFO os_r2: 0.8921234945741378 , std 0.11647328708314195 
2023-05-13 15:49:23,302 INFO intercept: 5.27758549929628e-08 , std 6.993263882825694e-06 
2023-05-13 15:49:23,302 INFO ofi_add_1: 8.782034183878988e-05 , std 6.236452722807828e-05 
2023-05-13 15:49:23,302 INFO ofi_add_2: 0.00010876825626572565 , std 6.176809841299365e-05 
2023-05-13 15:49:23,302 INFO ofi_add_3: 8.875576394929514e-05 , std 5.454812610130944e-05 
2023-05-13 15:49:23,302 INFO ofi_add_4: 7.313751579772718e-05 , std 5.529868517453891e-05 
2023-05-13 15:49:23,302 INFO ofi_add_5: 7.196551881552702e-05 , std 6.14276893891055e-05 
2023-05-13 15:49:23,302 INFO ofi_add_6: 8.834193312389074e-05 , std 6.848881688166592e-05 
2023-05-13 15:49:23,302 INFO ofi_add_7: 0.0001254404905292748 , std 7.594358415042019e-05 
2023-05-13 15:49:23,302 INFO ofi_cancel_1: 6.904381145293758e-05 , std 7.029836250665924e-05 
2023-05-13 15:49:23,302 INFO ofi_cancel_2: 0.00010508306276343865 , std 6.537606478967625e-05 
2023-05-13 15:49:23,302 INFO ofi_cancel_3: 8.745547835317089e-05 , std 5.7504081118336464e-05 
2023-05-13 15:49:23,302 INFO ofi_cancel_4: 7.25319366807839e-05 , std 6.024990535362325e-05 
2023-05-13 15:49:23,302 INFO ofi_cancel_5: 6.940912048911432e-05 , std 6.603809227850299e-05 
2023-05-13 15:49:23,302 INFO ofi_cancel_6: 8.224509020676294e-05 , std 7.458058057447011e-05 
2023-05-13 15:49:23,302 INFO ofi_cancel_7: 0.00011590203342026946 , std 8.41590835300257e-05 
2023-05-13 15:49:23,302 INFO ofi_trade_1: 5.899796090265819e-05 , std 0.00010060646063220303 
2023-05-13 15:49:23,302 INFO ofi_trade_2: 9.467561504208017e-05 , std 8.878074709828421e-05 
2023-05-13 15:49:23,302 INFO ofi_trade_3: 8.74198185513331e-05 , std 7.996150878024675e-05 
2023-05-13 15:49:23,302 INFO ofi_trade_4: 7.820359928257967e-05 , std 7.596312690902179e-05 
2023-05-13 15:49:23,302 INFO ofi_trade_5: 8.070087665966981e-05 , std 8.029145405125288e-05 
2023-05-13 15:49:23,302 INFO ofi_trade_6: 9.915636606571165e-05 , std 8.772358848709441e-05 
2023-05-13 15:49:23,302 INFO ofi_trade_7: 0.0001319164231643043 , std 0.00010102485452345834 
2023-05-13 15:49:23,302 INFO used_intercept: 0.9995668495524112 , std 0.02080775884804871 
2023-05-13 15:49:23,302 INFO used_ofi_add_1: 0.9628934449898932 , std 0.1890229049226277 
2023-05-13 15:49:23,302 INFO used_ofi_add_2: 0.9755991914524978 , std 0.15429001616997232 
2023-05-13 15:49:23,302 INFO used_ofi_add_3: 0.9637597458850707 , std 0.1868873941618712 
2023-05-13 15:49:23,302 INFO used_ofi_add_4: 0.9468668784291077 , std 0.22429889202362344 
2023-05-13 15:49:23,302 INFO used_ofi_add_5: 0.9319953797285591 , std 0.2517538319334545 
2023-05-13 15:49:23,302 INFO used_ofi_add_6: 0.9389257868899797 , std 0.2394663934730969 
2023-05-13 15:49:23,302 INFO used_ofi_add_7: 0.9613052266820675 , std 0.1928665026276109 
2023-05-13 15:49:23,302 INFO used_ofi_cancel_1: 0.7609009529309847 , std 0.42653334308082425 
2023-05-13 15:49:23,302 INFO used_ofi_cancel_2: 0.941380306092983 , std 0.2349115267356301 
2023-05-13 15:49:23,302 INFO used_ofi_cancel_3: 0.9431129078833381 , std 0.23162674903208458 
2023-05-13 15:49:23,302 INFO used_ofi_cancel_4: 0.9214553855038984 , std 0.26902668646392763 
2023-05-13 15:49:23,302 INFO used_ofi_cancel_5: 0.8862258157666763 , std 0.3175367998128176 
2023-05-13 15:49:23,302 INFO used_ofi_cancel_6: 0.8810280103956107 , std 0.32375554866899553 
2023-05-13 15:49:23,302 INFO used_ofi_cancel_7: 0.8912792376552122 , std 0.31128854489035723 
2023-05-13 15:49:23,302 INFO used_ofi_trade_1: 0.44498989315622295 , std 0.49696467494685803 
2023-05-13 15:49:23,302 INFO used_ofi_trade_2: 0.7705746462604678 , std 0.4204632692650129 
2023-05-13 15:49:23,302 INFO used_ofi_trade_3: 0.8190874963904129 , std 0.3849456710333267 
2023-05-13 15:49:23,302 INFO used_ofi_trade_4: 0.8199537972855905 , std 0.3842259330166708 
2023-05-13 15:49:23,302 INFO used_ofi_trade_5: 0.8216863990759458 , std 0.3827765152795445 
2023-05-13 15:49:23,302 INFO used_ofi_trade_6: 0.8561940514005197 , std 0.35089285793085595 
2023-05-13 15:49:23,302 INFO used_ofi_trade_7: 0.8615362402541149 , std 0.34538608394508147 
2023-05-13 15:49:23,304 INFO Grouping by ofi type:
2023-05-13 15:49:23,304 INFO add: 6.681345654057176
2023-05-13 15:49:23,304 INFO cancel: 6.225382616228703
2023-05-13 15:49:23,304 INFO trade: 5.394022523823274
2023-05-13 15:49:23,304 INFO Grouping by level:
2023-05-13 15:49:23,304 INFO 1: 2.1687842910771007
2023-05-13 15:49:23,304 INFO 2: 2.6875541438059485
2023-05-13 15:49:23,304 INFO 3: 2.725960150158822
2023-05-13 15:49:23,304 INFO 4: 2.6882760612185965
2023-05-13 15:49:23,304 INFO 5: 2.639907594571181
2023-05-13 15:49:23,304 INFO 6: 2.67614784868611
2023-05-13 15:49:23,304 INFO 7: 2.7141207045913944
2023-05-13 15:49:23,304 INFO Non empty regressions: 1.0 --- 6926 / 6926
