2023-05-13 15:45:33,085 INFO Starting...
2023-05-13 15:45:33,085 INFO Tickers: ['V']
2023-05-13 15:45:36,305 INFO in_r2: 0.9175758927134445 , std 0.04619726349727514 
2023-05-13 15:45:36,305 INFO os_r2: 0.8877947312779382 , std 0.12433197689513976 
2023-05-13 15:45:36,305 INFO intercept: -2.1603854481806432e-07 , std 5.9763923434122805e-06 
2023-05-13 15:45:36,305 INFO ofi_add_1: 4.24120156137786e-05 , std 3.841996184524419e-05 
2023-05-13 15:45:36,305 INFO ofi_add_2: 5.674176465549169e-05 , std 4.267461250880452e-05 
2023-05-13 15:45:36,305 INFO ofi_add_3: 5.8172362506812354e-05 , std 4.1378358378602276e-05 
2023-05-13 15:45:36,305 INFO ofi_add_4: 5.550777190214113e-05 , std 4.2447198840937593e-05 
2023-05-13 15:45:36,305 INFO ofi_add_5: 4.9050968008395066e-05 , std 4.165123615914255e-05 
2023-05-13 15:45:36,305 INFO ofi_add_6: 4.509059464694625e-05 , std 3.659312721365152e-05 
2023-05-13 15:45:36,305 INFO ofi_add_7: 6.879424564411394e-05 , std 4.9238701155432466e-05 
2023-05-13 15:45:36,305 INFO ofi_cancel_1: 3.8285845794629934e-05 , std 4.610080460682594e-05 
2023-05-13 15:45:36,305 INFO ofi_cancel_2: 5.4843215908708145e-05 , std 4.5135498066999964e-05 
2023-05-13 15:45:36,305 INFO ofi_cancel_3: 5.735364568350136e-05 , std 4.313897495881776e-05 
2023-05-13 15:45:36,306 INFO ofi_cancel_4: 5.5817860069896634e-05 , std 4.633127553534884e-05 
2023-05-13 15:45:36,306 INFO ofi_cancel_5: 4.784404264798124e-05 , std 4.42587012783014e-05 
2023-05-13 15:45:36,306 INFO ofi_cancel_6: 4.344913792632918e-05 , std 3.9510410427557486e-05 
2023-05-13 15:45:36,306 INFO ofi_cancel_7: 6.343430645272664e-05 , std 5.207456438308899e-05 
2023-05-13 15:45:36,306 INFO ofi_trade_1: 2.7695482425779824e-05 , std 5.965505739152071e-05 
2023-05-13 15:45:36,306 INFO ofi_trade_2: 4.551663311843904e-05 , std 6.0748941083712316e-05 
2023-05-13 15:45:36,306 INFO ofi_trade_3: 5.4386489553223166e-05 , std 5.871866957655663e-05 
2023-05-13 15:45:36,306 INFO ofi_trade_4: 6.03409707775953e-05 , std 5.985783275125263e-05 
2023-05-13 15:45:36,306 INFO ofi_trade_5: 5.4583911815461604e-05 , std 5.710631076702459e-05 
2023-05-13 15:45:36,306 INFO ofi_trade_6: 5.331373141191227e-05 , std 5.302692873379451e-05 
2023-05-13 15:45:36,306 INFO ofi_trade_7: 7.11020799933902e-05 , std 6.528003836391068e-05 
2023-05-13 15:45:36,306 INFO used_intercept: 0.9995864350703061 , std 0.0203320902452967 
2023-05-13 15:45:36,306 INFO used_ofi_add_1: 0.8817204301075269 , std 0.3229388691974453 
2023-05-13 15:45:36,306 INFO used_ofi_add_2: 0.9066721808657292 , std 0.2908912809107753 
2023-05-13 15:45:36,306 INFO used_ofi_add_3: 0.923904052936311 , std 0.2651515677950429 
2023-05-13 15:45:36,306 INFO used_ofi_add_4: 0.921146953405018 , std 0.26950926447465895 
2023-05-13 15:45:36,306 INFO used_ofi_add_5: 0.9037772263578715 , std 0.294896509770367 
2023-05-13 15:45:36,306 INFO used_ofi_add_6: 0.9073614557485525 , std 0.2899252392780251 
2023-05-13 15:45:36,306 INFO used_ofi_add_7: 0.9538185828508409 , std 0.20987780697171018 
2023-05-13 15:45:36,306 INFO used_ofi_cancel_1: 0.6752136752136753 , std 0.4682949583522299 
2023-05-13 15:45:36,306 INFO used_ofi_cancel_2: 0.8403639371381307 , std 0.3662681944911824 
2023-05-13 15:45:36,306 INFO used_ofi_cancel_3: 0.9036393713813069 , std 0.2950851705370899 
2023-05-13 15:45:36,306 INFO used_ofi_cancel_4: 0.9063964709125999 , std 0.29127634375243094 
2023-05-13 15:45:36,306 INFO used_ofi_cancel_5: 0.8711055969120485 , std 0.33508302842810794 
2023-05-13 15:45:36,306 INFO used_ofi_cancel_6: 0.8571822442790185 , std 0.3498869022581491 
2023-05-13 15:45:36,306 INFO used_ofi_cancel_7: 0.8672456575682382 , std 0.33930904349467655 
2023-05-13 15:45:36,306 INFO used_ofi_trade_1: 0.31706644609870416 , std 0.46533355225799233 
2023-05-13 15:45:36,306 INFO used_ofi_trade_2: 0.5507306313757927 , std 0.49741974532603084 
2023-05-13 15:45:36,306 INFO used_ofi_trade_3: 0.6986490212296664 , std 0.458844817301553 
2023-05-13 15:45:36,306 INFO used_ofi_trade_4: 0.7750206782464847 , std 0.41756870876161634 
2023-05-13 15:45:36,306 INFO used_ofi_trade_5: 0.771712158808933 , std 0.41972908257039937 
2023-05-13 15:45:36,306 INFO used_ofi_trade_6: 0.7803970223325062 , std 0.4139776683192754 
2023-05-13 15:45:36,306 INFO used_ofi_trade_7: 0.8136200716845878 , std 0.38941295643128515 
2023-05-13 15:45:36,306 INFO Grouping by ofi type:
2023-05-13 15:45:36,306 INFO add: 6.398400882271849
2023-05-13 15:45:36,306 INFO cancel: 5.921146953405018
2023-05-13 15:45:36,306 INFO trade: 4.707196029776675
2023-05-13 15:45:36,307 INFO Grouping by level:
2023-05-13 15:45:36,307 INFO 1: 1.8740005514199063
2023-05-13 15:45:36,307 INFO 2: 2.2977667493796528
2023-05-13 15:45:36,307 INFO 3: 2.5261924455472844
2023-05-13 15:45:36,307 INFO 4: 2.6025641025641026
2023-05-13 15:45:36,307 INFO 5: 2.546594982078853
2023-05-13 15:45:36,307 INFO 6: 2.544940722360077
2023-05-13 15:45:36,307 INFO 7: 2.634684312103667
2023-05-13 15:45:36,307 INFO Non empty regressions: 0.9998621450234354 --- 7253 / 7254
