2023-05-13 12:15:06,517 INFO Starting...
2023-05-13 12:15:06,517 INFO Tickers: ['ANTM']
2023-05-13 12:15:07,737 INFO in_r2: 0.677483923177846 , std 0.1590878260134687 
2023-05-13 12:15:07,737 INFO os_r2: 0.46949917874476305 , std 0.6953863744931399 
2023-05-13 12:15:07,737 INFO intercept: -2.2919856902256436e-07 , std 2.649905952424764e-05 
2023-05-13 12:15:07,737 INFO ofi_add_1: 0.00021075600543641072 , std 0.00020800568591624645 
2023-05-13 12:15:07,737 INFO ofi_add_2: 0.00020664074702150687 , std 0.00022672856574408826 
2023-05-13 12:15:07,737 INFO ofi_add_3: 0.00033294425578786474 , std 0.00029013194132704025 
2023-05-13 12:15:07,737 INFO ofi_cancel_1: 0.0002519408267088868 , std 0.00026404895343964957 
2023-05-13 12:15:07,737 INFO ofi_cancel_2: 0.0002158019080916769 , std 0.00024175023751519728 
2023-05-13 12:15:07,737 INFO ofi_cancel_3: 0.0003104804559645798 , std 0.0003018440297273309 
2023-05-13 12:15:07,737 INFO ofi_trade_1: 0.00034499365500622237 , std 0.0005004742488179435 
2023-05-13 12:15:07,737 INFO ofi_trade_2: 0.0002927708462127246 , std 0.0005978582873418206 
2023-05-13 12:15:07,737 INFO ofi_trade_3: 0.00044454906098519945 , std 0.0006551446790337365 
2023-05-13 12:15:07,737 INFO t_intercept: -0.0249397732305687 , std 1.225433944696017 
2023-05-13 12:15:07,737 INFO t_ofi_add_1: 3.0604885307842955 , std 1.6808737159162763 
2023-05-13 12:15:07,737 INFO t_ofi_add_2: 2.314367742167697 , std 1.583021707236882 
2023-05-13 12:15:07,737 INFO t_ofi_add_3: 4.268414588300504 , std 2.174129833741881 
2023-05-13 12:15:07,737 INFO t_ofi_cancel_1: 2.6850173542054634 , std 1.6206924465264798 
2023-05-13 12:15:07,737 INFO t_ofi_cancel_2: 2.3898641670280334 , std 1.678597753293284 
2023-05-13 12:15:07,738 INFO t_ofi_cancel_3: 3.7612174577192605 , std 2.120566926124762 
2023-05-13 12:15:07,738 INFO t_ofi_trade_1: 2.261859258503471 , std 1.741809785749161 
2023-05-13 12:15:07,738 INFO t_ofi_trade_2: 1.1994277119700747 , std 1.5286727255123744 
2023-05-13 12:15:07,738 INFO t_ofi_trade_3: 2.2896689755277744 , std 1.757432645939979 
2023-05-13 12:15:07,738 INFO Grouping by ofi type:
2023-05-13 12:15:07,738 INFO add: 9.643270861252496
2023-05-13 12:15:07,738 INFO cancel: 8.836098978952757
2023-05-13 12:15:07,738 INFO trade: 5.750955946001319
2023-05-13 12:15:07,738 INFO Grouping by level:
2023-05-13 12:15:07,738 INFO 1: 8.00736514349323
2023-05-13 12:15:07,738 INFO 2: 5.903659621165805
2023-05-13 12:15:07,738 INFO 3: 10.31930102154754
2023-05-13 12:15:07,738 INFO Non empty regressions: 1.0 --- 803 / 803
