2023-05-13 12:14:26,817 INFO Starting...
2023-05-13 12:14:26,817 INFO Tickers: ['AVGO']
2023-05-13 12:14:28,202 INFO in_r2: 0.8028399723143211 , std 0.07804599457140968 
2023-05-13 12:14:28,202 INFO os_r2: 0.6994389402419865 , std 1.1061452987726463 
2023-05-13 12:14:28,202 INFO intercept: 1.2328255833588983e-06 , std 1.9112895445230123e-05 
2023-05-13 12:14:28,202 INFO ofi_add_1: 8.454986516414621e-05 , std 6.46447211304028e-05 
2023-05-13 12:14:28,202 INFO ofi_add_2: 0.0001002093193449508 , std 7.802855519959059e-05 
2023-05-13 12:14:28,202 INFO ofi_add_3: 0.00019695336255590122 , std 9.26394677498262e-05 
2023-05-13 12:14:28,202 INFO ofi_cancel_1: 0.00010779742318030751 , std 8.416235732487098e-05 
2023-05-13 12:14:28,202 INFO ofi_cancel_2: 0.0001089396781288104 , std 8.141169638697949e-05 
2023-05-13 12:14:28,202 INFO ofi_cancel_3: 0.00018633896186880827 , std 9.241852419818548e-05 
2023-05-13 12:14:28,202 INFO ofi_trade_1: 0.00015220679101778022 , std 0.0001459849250695596 
2023-05-13 12:14:28,202 INFO ofi_trade_2: 0.00010557500249785279 , std 0.00014448950866268067 
2023-05-13 12:14:28,202 INFO ofi_trade_3: 0.00022708082397521312 , std 0.000155052848346293 
2023-05-13 12:14:28,202 INFO t_intercept: 0.05736392603007514 , std 1.4181200330824983 
2023-05-13 12:14:28,202 INFO t_ofi_add_1: 2.602951795982827 , std 1.7186018297051846 
2023-05-13 12:14:28,202 INFO t_ofi_add_2: 2.2112955464224466 , std 1.4660369799104003 
2023-05-13 12:14:28,202 INFO t_ofi_add_3: 5.107019343734303 , std 1.8702171180274365 
2023-05-13 12:14:28,202 INFO t_ofi_cancel_1: 2.4225400937216874 , std 1.596934618600308 
2023-05-13 12:14:28,202 INFO t_ofi_cancel_2: 2.3637960366931416 , std 1.485683094842423 
2023-05-13 12:14:28,202 INFO t_ofi_cancel_3: 4.627914201785267 , std 1.8617815873826717 
2023-05-13 12:14:28,202 INFO t_ofi_trade_1: 2.178499065773212 , std 1.653572531372364 
2023-05-13 12:14:28,202 INFO t_ofi_trade_2: 1.265287684326204 , std 1.4887592001228303 
2023-05-13 12:14:28,202 INFO t_ofi_trade_3: 3.1582737285023605 , std 1.7681448010857872 
2023-05-13 12:14:28,203 INFO Grouping by ofi type:
2023-05-13 12:14:28,203 INFO add: 9.921266686139578
2023-05-13 12:14:28,203 INFO cancel: 9.414250332200098
2023-05-13 12:14:28,203 INFO trade: 6.602060478601777
2023-05-13 12:14:28,203 INFO Grouping by level:
2023-05-13 12:14:28,203 INFO 1: 7.203990955477727
2023-05-13 12:14:28,203 INFO 2: 5.840379267441792
2023-05-13 12:14:28,203 INFO 3: 12.89320727402193
2023-05-13 12:14:28,203 INFO Non empty regressions: 1.0 --- 5142 / 5142
