2023-05-13 12:07:55,384 INFO Starting...
2023-05-13 12:07:55,384 INFO Tickers: ['BRK.B']
2023-05-13 12:13:28,113 INFO Starting...
2023-05-13 12:13:28,113 INFO Tickers: ['BRK.B']
2023-05-13 12:13:29,470 INFO in_r2: 0.8333006415605635 , std 0.07098788043957306 
2023-05-13 12:13:29,470 INFO os_r2: 0.7750226936008223 , std 0.18770836915090275 
2023-05-13 12:13:29,470 INFO intercept: -4.4344921865046334e-09 , std 8.159674612470493e-06 
2023-05-13 12:13:29,470 INFO ofi_add_1: 7.033272858620302e-05 , std 7.322422638042197e-05 
2023-05-13 12:13:29,470 INFO ofi_add_2: 0.00010415254593702355 , std 6.862673506286751e-05 
2023-05-13 12:13:29,470 INFO ofi_add_3: 0.00016148435798945502 , std 6.45356985098972e-05 
2023-05-13 12:13:29,470 INFO ofi_cancel_1: 7.54776016135076e-05 , std 7.692852693953093e-05 
2023-05-13 12:13:29,470 INFO ofi_cancel_2: 0.00010363308071942273 , std 6.986766293161276e-05 
2023-05-13 12:13:29,470 INFO ofi_cancel_3: 0.00015616645124627722 , std 6.626740478465514e-05 
2023-05-13 12:13:29,470 INFO ofi_trade_1: 9.800511551460435e-05 , std 0.00016803001257587033 
2023-05-13 12:13:29,470 INFO ofi_trade_2: 0.00015216708349246986 , std 0.00016487349980368095 
2023-05-13 12:13:29,470 INFO ofi_trade_3: 0.0002032345100586806 , std 0.00014779131403071545 
2023-05-13 12:13:29,470 INFO t_intercept: 0.03565003028042382 , std 1.2209528062472692 
2023-05-13 12:13:29,470 INFO t_ofi_add_1: 1.9847618655605666 , std 1.7376335041478153 
2023-05-13 12:13:29,470 INFO t_ofi_add_2: 2.6390939131016453 , std 1.491163832419949 
2023-05-13 12:13:29,470 INFO t_ofi_add_3: 5.295860406802478 , std 1.7709447399256253 
2023-05-13 12:13:29,470 INFO t_ofi_cancel_1: 1.9534045484074856 , std 1.6172462503183207 
2023-05-13 12:13:29,470 INFO t_ofi_cancel_2: 2.588099817457119 , std 1.4948504618134102 
2023-05-13 12:13:29,470 INFO t_ofi_cancel_3: 4.934042052664936 , std 1.777634566578307 
2023-05-13 12:13:29,470 INFO t_ofi_trade_1: 1.0447264619452326 , std 1.5228817610281338 
2023-05-13 12:13:29,470 INFO t_ofi_trade_2: 1.5680248006979294 , std 1.4354745544598897 
2023-05-13 12:13:29,470 INFO t_ofi_trade_3: 2.711266862684337 , std 1.6966468431533024 
2023-05-13 12:13:29,471 INFO Grouping by ofi type:
2023-05-13 12:13:29,471 INFO add: 9.91971618546469
2023-05-13 12:13:29,471 INFO cancel: 9.47554641852954
2023-05-13 12:13:29,471 INFO trade: 5.324018125327498
2023-05-13 12:13:29,471 INFO Grouping by level:
2023-05-13 12:13:29,471 INFO 1: 4.982892875913285
2023-05-13 12:13:29,471 INFO 2: 6.795218531256694
2023-05-13 12:13:29,471 INFO 3: 12.941169322151751
2023-05-13 12:13:29,472 INFO Non empty regressions: 1.0 --- 6073 / 6073
