2023-05-13 12:15:24,192 INFO Starting...
2023-05-13 12:15:24,192 INFO Tickers: ['FISV']
2023-05-13 12:15:25,459 INFO in_r2: 0.8691877609858695 , std 0.06865472809230097 
2023-05-13 12:15:25,459 INFO os_r2: 0.812606350891947 , std 0.187277099385409 
2023-05-13 12:15:25,459 INFO intercept: -1.5591032296789327e-07 , std 1.0456195242575804e-05 
2023-05-13 12:15:25,459 INFO ofi_add_1: 0.00012401607495715936 , std 7.855207955594373e-05 
2023-05-13 12:15:25,459 INFO ofi_add_2: 0.00016153648364520884 , std 8.308659433620438e-05 
2023-05-13 12:15:25,459 INFO ofi_add_3: 0.0002521101506571131 , std 9.131301637739827e-05 
2023-05-13 12:15:25,459 INFO ofi_cancel_1: 0.0001284667774163332 , std 9.016372359960936e-05 
2023-05-13 12:15:25,459 INFO ofi_cancel_2: 0.00016324776665878546 , std 8.496937954896542e-05 
2023-05-13 12:15:25,459 INFO ofi_cancel_3: 0.0002515899623957959 , std 9.703806047337848e-05 
2023-05-13 12:15:25,459 INFO ofi_trade_1: 0.00022511851833059902 , std 0.0002111406630353836 
2023-05-13 12:15:25,459 INFO ofi_trade_2: 0.00018182883535448072 , std 0.00015142106756955474 
2023-05-13 12:15:25,459 INFO ofi_trade_3: 0.00025981034189083565 , std 0.000156831742452662 
2023-05-13 12:15:25,459 INFO t_intercept: -0.00920237474782979 , std 1.263089323944708 
2023-05-13 12:15:25,459 INFO t_ofi_add_1: 3.1752313972368844 , std 1.7957112639572046 
2023-05-13 12:15:25,459 INFO t_ofi_add_2: 3.5387282995205185 , std 1.733183224822903 
2023-05-13 12:15:25,459 INFO t_ofi_add_3: 6.169411479237341 , std 2.0144992503513097 
2023-05-13 12:15:25,459 INFO t_ofi_cancel_1: 2.669820503336512 , std 1.6322703006631734 
2023-05-13 12:15:25,459 INFO t_ofi_cancel_2: 3.390955158009564 , std 1.6822347880268669 
2023-05-13 12:15:25,460 INFO t_ofi_cancel_3: 5.705869545534032 , std 2.012345091314513 
2023-05-13 12:15:25,460 INFO t_ofi_trade_1: 2.422414660612232 , std 1.8438465658113812 
2023-05-13 12:15:25,460 INFO t_ofi_trade_2: 2.220828017604707 , std 1.586028633602318 
2023-05-13 12:15:25,460 INFO t_ofi_trade_3: 3.6944275799473356 , std 1.9081180753623137 
2023-05-13 12:15:25,461 INFO Grouping by ofi type:
2023-05-13 12:15:25,461 INFO add: 12.883371175994743
2023-05-13 12:15:25,461 INFO cancel: 11.766645206880108
2023-05-13 12:15:25,461 INFO trade: 8.337670258164275
2023-05-13 12:15:25,461 INFO Grouping by level:
2023-05-13 12:15:25,461 INFO 1: 8.267466561185628
2023-05-13 12:15:25,461 INFO 2: 9.150511475134788
2023-05-13 12:15:25,461 INFO 3: 15.569708604718707
2023-05-13 12:15:25,461 INFO Non empty regressions: 1.0 --- 3290 / 3290
