2023-05-13 12:14:35,174 INFO Starting...
2023-05-13 12:14:35,174 INFO Tickers: ['IBM']
2023-05-13 12:14:36,562 INFO in_r2: 0.8583980522514703 , std 0.05583357339881404 
2023-05-13 12:14:36,562 INFO os_r2: 0.7702579045262865 , std 3.4967874198790923 
2023-05-13 12:14:36,562 INFO intercept: -3.2286247761057956e-08 , std 8.215910358173256e-06 
2023-05-13 12:14:36,562 INFO ofi_add_1: 0.00011033385176455649 , std 6.939368827136855e-05 
2023-05-13 12:14:36,562 INFO ofi_add_2: 0.00012807768145366733 , std 6.470053776966239e-05 
2023-05-13 12:14:36,562 INFO ofi_add_3: 0.00018211264704587758 , std 6.760110708666624e-05 
2023-05-13 12:14:36,562 INFO ofi_cancel_1: 0.00010336652096573889 , std 7.588212510295969e-05 
2023-05-13 12:14:36,562 INFO ofi_cancel_2: 0.00012309209217655143 , std 6.558633308813176e-05 
2023-05-13 12:14:36,562 INFO ofi_cancel_3: 0.00017356527650804734 , std 6.960505914982956e-05 
2023-05-13 12:14:36,562 INFO ofi_trade_1: 0.0001313594595673154 , std 0.00015089961981517148 
2023-05-13 12:14:36,562 INFO ofi_trade_2: 0.00015357144421461298 , std 0.00012845130284042393 
2023-05-13 12:14:36,562 INFO ofi_trade_3: 0.00019473664193011853 , std 0.00011333018406325222 
2023-05-13 12:14:36,562 INFO t_intercept: 0.025171781217771697 , std 1.264056704348425 
2023-05-13 12:14:36,563 INFO t_ofi_add_1: 2.833960512338607 , std 1.5892263617264828 
2023-05-13 12:14:36,563 INFO t_ofi_add_2: 3.0798369695792567 , std 1.4333342132372675 
2023-05-13 12:14:36,563 INFO t_ofi_add_3: 5.6535889348159865 , std 1.7198754168713808 
2023-05-13 12:14:36,563 INFO t_ofi_cancel_1: 2.2865524353161 , std 1.5232784669635406 
2023-05-13 12:14:36,563 INFO t_ofi_cancel_2: 2.8646290781090302 , std 1.4284481073910145 
2023-05-13 12:14:36,563 INFO t_ofi_cancel_3: 5.108937237368718 , std 1.7907270458791378 
2023-05-13 12:14:36,563 INFO t_ofi_trade_1: 1.517979326148285 , std 1.5381044624406266 
2023-05-13 12:14:36,563 INFO t_ofi_trade_2: 1.887888492709207 , std 1.4083751473913957 
2023-05-13 12:14:36,563 INFO t_ofi_trade_3: 3.1000847859792744 , std 1.6465260709702632 
2023-05-13 12:14:36,563 INFO Grouping by ofi type:
2023-05-13 12:14:36,563 INFO add: 11.56738641673385
2023-05-13 12:14:36,563 INFO cancel: 10.260118750793847
2023-05-13 12:14:36,563 INFO trade: 6.505952604836766
2023-05-13 12:14:36,564 INFO Grouping by level:
2023-05-13 12:14:36,564 INFO 1: 6.638492273802991
2023-05-13 12:14:36,564 INFO 2: 7.832354540397494
2023-05-13 12:14:36,564 INFO 3: 13.862610958163977
2023-05-13 12:14:36,564 INFO Non empty regressions: 1.0 --- 6021 / 6021
