2023-05-13 12:13:46,190 INFO Starting...
2023-05-13 12:13:46,190 INFO Tickers: ['INTC']
2023-05-13 12:13:47,688 INFO in_r2: 0.9639244460205408 , std 0.02539398886061241 
2023-05-13 12:13:47,688 INFO os_r2: 0.928548285875546 , std 0.2435247288449134 
2023-05-13 12:13:47,688 INFO intercept: 2.306187556080025e-07 , std 6.228162657052937e-06 
2023-05-13 12:13:47,688 INFO ofi_add_1: 6.617170202308418e-05 , std 9.559113775459808e-05 
2023-05-13 12:13:47,688 INFO ofi_add_2: 0.0003970878789581754 , std 0.00015979581191477625 
2023-05-13 12:13:47,688 INFO ofi_add_3: 0.0003458785501577856 , std 0.0001568595013013332 
2023-05-13 12:13:47,688 INFO ofi_cancel_1: 5.4059759757106375e-05 , std 9.220253749209191e-05 
2023-05-13 12:13:47,688 INFO ofi_cancel_2: 0.00032997961744740033 , std 0.00015154042670598058 
2023-05-13 12:13:47,688 INFO ofi_cancel_3: 0.00034648920960006404 , std 0.00016945969261884369 
2023-05-13 12:13:47,688 INFO ofi_trade_1: 4.3826515860908776e-05 , std 0.0002210555210246559 
2023-05-13 12:13:47,688 INFO ofi_trade_2: 0.0004448044231438539 , std 0.00021187858505454328 
2023-05-13 12:13:47,688 INFO ofi_trade_3: 0.0003277085357240554 , std 0.00018337894477353804 
2023-05-13 12:13:47,688 INFO t_intercept: 0.06586466473727515 , std 1.3300900554969692 
2023-05-13 12:13:47,688 INFO t_ofi_add_1: 1.8374093641115106 , std 2.426893119832452 
2023-05-13 12:13:47,688 INFO t_ofi_add_2: 8.430782112691587 , std 3.677267932684962 
2023-05-13 12:13:47,688 INFO t_ofi_add_3: 8.168243502001069 , std 3.0636650809712385 
2023-05-13 12:13:47,688 INFO t_ofi_cancel_1: 1.3138191449920738 , std 2.1668266957838096 
2023-05-13 12:13:47,688 INFO t_ofi_cancel_2: 6.611255627055304 , std 3.1280756836679013 
2023-05-13 12:13:47,688 INFO t_ofi_cancel_3: 7.387877846326168 , std 2.9224794572568293 
2023-05-13 12:13:47,688 INFO t_ofi_trade_1: 0.4694686455907507 , std 2.131818999756342 
2023-05-13 12:13:47,688 INFO t_ofi_trade_2: 6.73460106732297 , std 3.0413660071835036 
2023-05-13 12:13:47,689 INFO t_ofi_trade_3: 5.961580773015914 , std 3.228130171063235 
2023-05-13 12:13:47,689 INFO Grouping by ofi type:
2023-05-13 12:13:47,689 INFO add: 18.436434978804165
2023-05-13 12:13:47,689 INFO cancel: 15.312952618373545
2023-05-13 12:13:47,689 INFO trade: 13.165650485929635
2023-05-13 12:13:47,689 INFO Grouping by level:
2023-05-13 12:13:47,689 INFO 1: 3.620697154694335
2023-05-13 12:13:47,689 INFO 2: 21.776638807069858
2023-05-13 12:13:47,689 INFO 3: 21.51770212134315
2023-05-13 12:13:47,689 INFO Non empty regressions: 1.0 --- 7348 / 7348
