2023-05-13 12:13:29,473 INFO Starting...
2023-05-13 12:13:29,473 INFO Tickers: ['JPM']
2023-05-13 12:13:30,960 INFO in_r2: 0.9390520127315978 , std 0.02750836900364997 
2023-05-13 12:13:30,960 INFO os_r2: 0.919425225661841 , std 0.06284099870588455 
2023-05-13 12:13:30,960 INFO intercept: -4.938895677498163e-07 , std 7.961765859565616e-06 
2023-05-13 12:13:30,960 INFO ofi_add_1: 5.332826549471275e-05 , std 5.492470444349047e-05 
2023-05-13 12:13:30,960 INFO ofi_add_2: 0.00013334539262478811 , std 6.0268184997249304e-05 
2023-05-13 12:13:30,960 INFO ofi_add_3: 0.00023593267571288132 , std 6.862902099704245e-05 
2023-05-13 12:13:30,960 INFO ofi_cancel_1: 5.205079450786726e-05 , std 5.844657107681636e-05 
2023-05-13 12:13:30,961 INFO ofi_cancel_2: 0.0001275549828290616 , std 6.028158419227578e-05 
2023-05-13 12:13:30,961 INFO ofi_cancel_3: 0.00023702112048652982 , std 6.925431194696603e-05 
2023-05-13 12:13:30,961 INFO ofi_trade_1: 3.413929343052766e-05 , std 0.00011356014216392931 
2023-05-13 12:13:30,961 INFO ofi_trade_2: 0.00014876368707401668 , std 9.033355699028506e-05 
2023-05-13 12:13:30,961 INFO ofi_trade_3: 0.0002213483318890923 , std 7.854801124305513e-05 
2023-05-13 12:13:30,961 INFO t_intercept: -0.09439214132944253 , std 1.4594772952807407 
2023-05-13 12:13:30,961 INFO t_ofi_add_1: 1.8140371400847675 , std 1.7890196022947822 
2023-05-13 12:13:30,961 INFO t_ofi_add_2: 3.6751021325531132 , std 1.7100597269465103 
2023-05-13 12:13:30,961 INFO t_ofi_add_3: 7.97093722749869 , std 2.1846545960187993 
2023-05-13 12:13:30,961 INFO t_ofi_cancel_1: 1.5526586012756807 , std 1.681226599134587 
2023-05-13 12:13:30,961 INFO t_ofi_cancel_2: 3.4960196173880593 , std 1.7002272307052286 
2023-05-13 12:13:30,961 INFO t_ofi_cancel_3: 7.631474601310317 , std 2.11487163096328 
2023-05-13 12:13:30,961 INFO t_ofi_trade_1: 0.491393492455162 , std 1.5534498456288592 
2023-05-13 12:13:30,961 INFO t_ofi_trade_2: 2.595046454069272 , std 1.5689800381288321 
2023-05-13 12:13:30,961 INFO t_ofi_trade_3: 5.159083499388981 , std 1.9164233880261632 
2023-05-13 12:13:30,962 INFO Grouping by ofi type:
2023-05-13 12:13:30,962 INFO add: 13.460076500136571
2023-05-13 12:13:30,962 INFO cancel: 12.680152819974058
2023-05-13 12:13:30,962 INFO trade: 8.245523445913415
2023-05-13 12:13:30,962 INFO Grouping by level:
2023-05-13 12:13:30,962 INFO 1: 3.85808923381561
2023-05-13 12:13:30,962 INFO 2: 9.766168204010444
2023-05-13 12:13:30,962 INFO 3: 20.761495328197988
2023-05-13 12:13:30,962 INFO Non empty regressions: 1.0 --- 7348 / 7348
