2023-05-13 12:13:56,035 INFO Starting...
2023-05-13 12:13:56,035 INFO Tickers: ['KO']
2023-05-13 12:13:57,451 INFO in_r2: 0.9493502387310747 , std 0.033078087473194843 
2023-05-13 12:13:57,451 INFO os_r2: 0.8818895878088703 , std 0.7705697120018183 
2023-05-13 12:13:57,451 INFO intercept: 8.194912641596473e-08 , std 3.993743745155284e-06 
2023-05-13 12:13:57,451 INFO ofi_add_1: 7.489715343115439e-05 , std 9.919637265401514e-05 
2023-05-13 12:13:57,451 INFO ofi_add_2: 0.00032711159928422586 , std 0.00013849298856546572 
2023-05-13 12:13:57,451 INFO ofi_add_3: 0.00019219960528363785 , std 0.0001400680664888282 
2023-05-13 12:13:57,451 INFO ofi_cancel_1: 5.589737315895292e-05 , std 9.195229219002423e-05 
2023-05-13 12:13:57,451 INFO ofi_cancel_2: 0.00025498137370144825 , std 0.00014273996529646956 
2023-05-13 12:13:57,451 INFO ofi_cancel_3: 0.00019524470861183096 , std 0.00014933687757582234 
2023-05-13 12:13:57,451 INFO ofi_trade_1: 0.00010268765564663215 , std 0.00025301911668567815 
2023-05-13 12:13:57,451 INFO ofi_trade_2: 0.0003835629158093325 , std 0.000342076786133085 
2023-05-13 12:13:57,451 INFO ofi_trade_3: 0.00018391492090462334 , std 0.00024465096281012363 
2023-05-13 12:13:57,451 INFO t_intercept: 0.035406799422619394 , std 1.2885193615614816 
2023-05-13 12:13:57,451 INFO t_ofi_add_1: 2.6898744069687175 , std 3.440256503279664 
2023-05-13 12:13:57,451 INFO t_ofi_add_2: 9.454256421964255 , std 3.7238216220627933 
2023-05-13 12:13:57,451 INFO t_ofi_add_3: 6.71291070762473 , std 3.361088311865037 
2023-05-13 12:13:57,451 INFO t_ofi_cancel_1: 1.6303518270419564 , std 2.777574263744801 
2023-05-13 12:13:57,451 INFO t_ofi_cancel_2: 6.863010262632452 , std 3.529718731006175 
2023-05-13 12:13:57,452 INFO t_ofi_cancel_3: 6.69081646093545 , std 3.3529864596650225 
2023-05-13 12:13:57,452 INFO t_ofi_trade_1: 1.0040218094616054 , std 5.826565831800502 
2023-05-13 12:13:57,452 INFO t_ofi_trade_2: 165891974458.94995 , std 12173769650267.084 
2023-05-13 12:13:57,452 INFO t_ofi_trade_3: -10861060439.443848 , std 1488356968710.4434 
2023-05-13 12:13:57,453 INFO Grouping by ofi type:
2023-05-13 12:13:57,454 INFO add: 18.857041536557702
2023-05-13 12:13:57,454 INFO cancel: 15.184178550609857
2023-05-13 12:13:57,454 INFO trade: 155030914020.51013
2023-05-13 12:13:57,454 INFO Grouping by level:
2023-05-13 12:13:57,454 INFO 1: 5.324248043472279
2023-05-13 12:13:57,454 INFO 2: 165891974475.2672
2023-05-13 12:13:57,454 INFO 3: -10861060426.040121
2023-05-13 12:13:57,454 INFO Non empty regressions: 1.0 --- 7196 / 7196
