2023-05-13 12:14:39,124 INFO Starting...
2023-05-13 12:14:39,124 INFO Tickers: ['LIN']
2023-05-13 12:14:39,630 INFO in_r2: 0.760985321636492 , std 0.13848486614171762 
2023-05-13 12:14:39,631 INFO os_r2: 0.605642895344609 , std 0.46603107756868356 
2023-05-13 12:14:39,631 INFO intercept: 6.7573769154746e-07 , std 1.587773704504042e-05 
2023-05-13 12:14:39,631 INFO ofi_add_1: 0.00020067686754553042 , std 0.0001783190863114492 
2023-05-13 12:14:39,631 INFO ofi_add_2: 0.00022073940791775257 , std 0.0002147522231891577 
2023-05-13 12:14:39,631 INFO ofi_add_3: 0.0002168454471919143 , std 0.00018453592714904796 
2023-05-13 12:14:39,631 INFO ofi_cancel_1: 0.00022343877656596283 , std 0.00023606603853015828 
2023-05-13 12:14:39,631 INFO ofi_cancel_2: 0.00022711664976090233 , std 0.0002202795115278393 
2023-05-13 12:14:39,631 INFO ofi_cancel_3: 0.00021030316593901666 , std 0.0001920966138937119 
2023-05-13 12:14:39,631 INFO ofi_trade_1: 0.0002518802870922493 , std 0.0003483039231470006 
2023-05-13 12:14:39,631 INFO ofi_trade_2: 0.00027647344592863306 , std 0.0005621288548785226 
2023-05-13 12:14:39,631 INFO ofi_trade_3: 0.00032167697493208386 , std 0.0004332394426937321 
2023-05-13 12:14:39,631 INFO t_intercept: 0.0657449989836954 , std 1.412299353811843 
2023-05-13 12:14:39,631 INFO t_ofi_add_1: 3.7803958041592285 , std 1.8924540257991118 
2023-05-13 12:14:39,631 INFO t_ofi_add_2: 3.6179535002470162 , std 1.7480359684835793 
2023-05-13 12:14:39,631 INFO t_ofi_add_3: 4.60594451495835 , std 2.1890482122832204 
2023-05-13 12:14:39,631 INFO t_ofi_cancel_1: 3.3664264640223154 , std 1.737727382532282 
2023-05-13 12:14:39,631 INFO t_ofi_cancel_2: 3.6090749167689182 , std 1.6668180954771865 
2023-05-13 12:14:39,631 INFO t_ofi_cancel_3: 4.223719200496574 , std 2.142878952695242 
2023-05-13 12:14:39,631 INFO t_ofi_trade_1: 2.068148417359475 , std 1.6685651865661388 
2023-05-13 12:14:39,631 INFO t_ofi_trade_2: 2.0827250527715537 , std 1.6384285589112477 
2023-05-13 12:14:39,631 INFO t_ofi_trade_3: 2.849577651931863 , std 1.689019355156691 
2023-05-13 12:14:39,632 INFO Grouping by ofi type:
2023-05-13 12:14:39,632 INFO add: 12.004293819364594
2023-05-13 12:14:39,632 INFO cancel: 11.199220581287808
2023-05-13 12:14:39,632 INFO trade: 7.000451122062891
2023-05-13 12:14:39,632 INFO Grouping by level:
2023-05-13 12:14:39,632 INFO 1: 9.214970685541019
2023-05-13 12:14:39,632 INFO 2: 9.309753469787488
2023-05-13 12:14:39,632 INFO 3: 11.679241367386787
2023-05-13 12:14:39,632 INFO Non empty regressions: 1.0 --- 908 / 908
