2023-05-13 12:14:40,979 INFO Starting...
2023-05-13 12:14:40,979 INFO Tickers: ['LLY']
2023-05-13 12:14:42,232 INFO in_r2: 0.8739366828729408 , std 0.05251898565592664 
2023-05-13 12:14:42,232 INFO os_r2: 0.8287149344821845 , std 0.22414365496454486 
2023-05-13 12:14:42,232 INFO intercept: -3.5894673871899655e-07 , std 9.679719444797562e-06 
2023-05-13 12:14:42,232 INFO ofi_add_1: 0.000141686492352314 , std 8.885541764487966e-05 
2023-05-13 12:14:42,232 INFO ofi_add_2: 0.00016241854958367913 , std 8.438847786815654e-05 
2023-05-13 12:14:42,232 INFO ofi_add_3: 0.00023465862871711513 , std 8.898556305937257e-05 
2023-05-13 12:14:42,232 INFO ofi_cancel_1: 0.0001278972740238016 , std 9.2621788011996e-05 
2023-05-13 12:14:42,232 INFO ofi_cancel_2: 0.0001589822516878669 , std 8.605046673123141e-05 
2023-05-13 12:14:42,232 INFO ofi_cancel_3: 0.0002200901566711551 , std 9.14771242135063e-05 
2023-05-13 12:14:42,232 INFO ofi_trade_1: 0.00017292345235163904 , std 0.00017059267415779695 
2023-05-13 12:14:42,232 INFO ofi_trade_2: 0.00017544674145886626 , std 0.00014373694127379583 
2023-05-13 12:14:42,232 INFO ofi_trade_3: 0.00023314235972001702 , std 0.00013453909119407988 
2023-05-13 12:14:42,232 INFO t_intercept: -0.04608411529667863 , std 1.3488560757837802 
2023-05-13 12:14:42,232 INFO t_ofi_add_1: 3.3521342519724078 , std 1.6482957691522566 
2023-05-13 12:14:42,232 INFO t_ofi_add_2: 3.5806113643307573 , std 1.5972545979760195 
2023-05-13 12:14:42,232 INFO t_ofi_add_3: 6.378604242431971 , std 1.9633774413280753 
2023-05-13 12:14:42,232 INFO t_ofi_cancel_1: 2.6018826043903727 , std 1.5788021378537958 
2023-05-13 12:14:42,232 INFO t_ofi_cancel_2: 3.329133215621572 , std 1.543511956428978 
2023-05-13 12:14:42,232 INFO t_ofi_cancel_3: 5.504395774760011 , std 2.0209755493867725 
2023-05-13 12:14:42,232 INFO t_ofi_trade_1: 1.955193172465709 , std 1.5774940528938386 
2023-05-13 12:14:42,232 INFO t_ofi_trade_2: 2.1016651574228797 , std 1.455450297439104 
2023-05-13 12:14:42,232 INFO t_ofi_trade_3: 3.4623303696177636 , std 1.7955610999521547 
2023-05-13 12:14:42,233 INFO Grouping by ofi type:
2023-05-13 12:14:42,233 INFO add: 13.311349858735136
2023-05-13 12:14:42,233 INFO cancel: 11.435411594771956
2023-05-13 12:14:42,233 INFO trade: 7.519188699506352
2023-05-13 12:14:42,233 INFO Grouping by level:
2023-05-13 12:14:42,233 INFO 1: 7.90921002882849
2023-05-13 12:14:42,233 INFO 2: 9.01140973737521
2023-05-13 12:14:42,233 INFO 3: 15.345330386809746
2023-05-13 12:14:42,233 INFO Non empty regressions: 1.0 --- 5369 / 5369
