2023-05-13 12:13:44,824 INFO Starting...
2023-05-13 12:13:44,824 INFO Tickers: ['MA']
2023-05-13 12:13:46,185 INFO in_r2: 0.8051815864292793 , std 0.08234350002551231 
2023-05-13 12:13:46,185 INFO os_r2: 0.7262763893826469 , std 0.3591359606471901 
2023-05-13 12:13:46,185 INFO intercept: -4.515367916271089e-08 , std 1.276070723721498e-05 
2023-05-13 12:13:46,186 INFO ofi_add_1: 0.0001236343443442501 , std 8.324290942300577e-05 
2023-05-13 12:13:46,186 INFO ofi_add_2: 0.00011713490844038393 , std 7.775248734509654e-05 
2023-05-13 12:13:46,186 INFO ofi_add_3: 0.0001865188183598469 , std 8.99546619453869e-05 
2023-05-13 12:13:46,186 INFO ofi_cancel_1: 0.0001299567998612749 , std 9.175641420565046e-05 
2023-05-13 12:13:46,186 INFO ofi_cancel_2: 0.00011879706180825526 , std 7.92299087017387e-05 
2023-05-13 12:13:46,186 INFO ofi_cancel_3: 0.00017209363404903377 , std 9.016917019021615e-05 
2023-05-13 12:13:46,186 INFO ofi_trade_1: 0.00016539561393240495 , std 0.00017798524844034428 
2023-05-13 12:13:46,186 INFO ofi_trade_2: 0.0001410796817047767 , std 0.00016449943612060903 
2023-05-13 12:13:46,186 INFO ofi_trade_3: 0.00020977662634446678 , std 0.0001596537382154455 
2023-05-13 12:13:46,186 INFO t_intercept: -0.044338319336036144 , std 1.295549054008373 
2023-05-13 12:13:46,186 INFO t_ofi_add_1: 3.2365827817128943 , std 1.5739344865638218 
2023-05-13 12:13:46,186 INFO t_ofi_add_2: 2.7190360798771076 , std 1.4645408782680407 
2023-05-13 12:13:46,186 INFO t_ofi_add_3: 5.313642200246046 , std 1.7936309978779756 
2023-05-13 12:13:46,186 INFO t_ofi_cancel_1: 2.940129539431705 , std 1.5422180087935158 
2023-05-13 12:13:46,186 INFO t_ofi_cancel_2: 2.6897148560485364 , std 1.4574980395072303 
2023-05-13 12:13:46,186 INFO t_ofi_cancel_3: 4.678841896232237 , std 1.8022625245105182 
2023-05-13 12:13:46,186 INFO t_ofi_trade_1: 1.870430939747929 , std 1.5595796524560288 
2023-05-13 12:13:46,186 INFO t_ofi_trade_2: 1.527350276797555 , std 1.4099276927221893 
2023-05-13 12:13:46,186 INFO t_ofi_trade_3: 2.7168778452831903 , std 1.659263310515445 
2023-05-13 12:13:46,187 INFO Grouping by ofi type:
2023-05-13 12:13:46,187 INFO add: 11.269261061836048
2023-05-13 12:13:46,187 INFO cancel: 10.308686291712478
2023-05-13 12:13:46,187 INFO trade: 6.114659061828674
2023-05-13 12:13:46,187 INFO Grouping by level:
2023-05-13 12:13:46,187 INFO 1: 8.047143260892529
2023-05-13 12:13:46,187 INFO 2: 6.936101212723199
2023-05-13 12:13:46,188 INFO 3: 12.709361941761472
2023-05-13 12:13:46,188 INFO Non empty regressions: 1.0 --- 5283 / 5283
