2023-05-13 12:14:10,163 INFO Starting...
2023-05-13 12:14:10,163 INFO Tickers: ['MCD']
2023-05-13 12:14:11,548 INFO in_r2: 0.8419313274241923 , std 0.06063401014601401 
2023-05-13 12:14:11,548 INFO os_r2: 0.7653186667392534 , std 1.1966431972640246 
2023-05-13 12:14:11,548 INFO intercept: 7.527452977782987e-08 , std 6.708640547899209e-06 
2023-05-13 12:14:11,548 INFO ofi_add_1: 9.621571454926005e-05 , std 6.0982368202025855e-05 
2023-05-13 12:14:11,548 INFO ofi_add_2: 0.00011392392645407355 , std 6.038100740294858e-05 
2023-05-13 12:14:11,548 INFO ofi_add_3: 0.00016604000475194567 , std 6.001834548608945e-05 
2023-05-13 12:14:11,548 INFO ofi_cancel_1: 8.599157875544427e-05 , std 6.626267453819036e-05 
2023-05-13 12:14:11,548 INFO ofi_cancel_2: 0.00011282147652217575 , std 6.180358316523124e-05 
2023-05-13 12:14:11,548 INFO ofi_cancel_3: 0.0001566892835608158 , std 6.335992772719434e-05 
2023-05-13 12:14:11,548 INFO ofi_trade_1: 0.00013033611846710797 , std 0.0001365149069562821 
2023-05-13 12:14:11,548 INFO ofi_trade_2: 0.00014444166841731226 , std 0.00012436831644019406 
2023-05-13 12:14:11,548 INFO ofi_trade_3: 0.0001926469707422545 , std 0.00010968111748605037 
2023-05-13 12:14:11,548 INFO t_intercept: 0.01373262777923298 , std 1.1302715616598935 
2023-05-13 12:14:11,548 INFO t_ofi_add_1: 2.6519688247256514 , std 1.5642627723140456 
2023-05-13 12:14:11,548 INFO t_ofi_add_2: 2.865893458164411 , std 1.4352351207997824 
2023-05-13 12:14:11,548 INFO t_ofi_add_3: 5.450936026847961 , std 1.718888771595733 
2023-05-13 12:14:11,549 INFO t_ofi_cancel_1: 2.052030810046095 , std 1.5016136053768778 
2023-05-13 12:14:11,549 INFO t_ofi_cancel_2: 2.7460954333476337 , std 1.4268747035355427 
2023-05-13 12:14:11,549 INFO t_ofi_cancel_3: 4.824134369905968 , std 1.7430711231767866 
2023-05-13 12:14:11,549 INFO t_ofi_trade_1: 1.5615357453276428 , std 1.4959364256494248 
2023-05-13 12:14:11,549 INFO t_ofi_trade_2: 1.7796085967635802 , std 1.4002887253385665 
2023-05-13 12:14:11,549 INFO t_ofi_trade_3: 2.986912923266721 , std 1.5574200306615862 
2023-05-13 12:14:11,549 INFO Grouping by ofi type:
2023-05-13 12:14:11,549 INFO add: 10.968798309738023
2023-05-13 12:14:11,549 INFO cancel: 9.622260613299696
2023-05-13 12:14:11,549 INFO trade: 6.328057265357944
2023-05-13 12:14:11,549 INFO Grouping by level:
2023-05-13 12:14:11,550 INFO 1: 6.265535380099388
2023-05-13 12:14:11,550 INFO 2: 7.391597488275625
2023-05-13 12:14:11,550 INFO 3: 13.26198332002065
2023-05-13 12:14:11,550 INFO Non empty regressions: 1.0 --- 5412 / 5412
