2023-05-13 12:14:07,145 INFO Starting...
2023-05-13 12:14:07,145 INFO Tickers: ['MDT']
2023-05-13 12:14:08,506 INFO in_r2: 0.8862143635010457 , std 0.052646584921397586 
2023-05-13 12:14:08,506 INFO os_r2: 0.843342688525366 , std 0.1859936603052882 
2023-05-13 12:14:08,506 INFO intercept: 4.361403142710593e-08 , std 7.501102360315021e-06 
2023-05-13 12:14:08,506 INFO ofi_add_1: 0.00011744685123831019 , std 9.105399105562241e-05 
2023-05-13 12:14:08,506 INFO ofi_add_2: 0.00016703028147631004 , std 7.445262947140355e-05 
2023-05-13 12:14:08,506 INFO ofi_add_3: 0.0002484091910966363 , std 8.964343756328038e-05 
2023-05-13 12:14:08,506 INFO ofi_cancel_1: 9.616512613782662e-05 , std 9.288501853852052e-05 
2023-05-13 12:14:08,506 INFO ofi_cancel_2: 0.00016192653458652067 , std 7.655787255467988e-05 
2023-05-13 12:14:08,506 INFO ofi_cancel_3: 0.00023936083405287251 , std 9.254812415787452e-05 
2023-05-13 12:14:08,506 INFO ofi_trade_1: 0.00014698544476166942 , std 0.00019958058103787684 
2023-05-13 12:14:08,506 INFO ofi_trade_2: 0.00019286907230655053 , std 0.0001370264801270434 
2023-05-13 12:14:08,507 INFO ofi_trade_3: 0.00023699795721370115 , std 0.0001187983459881969 
2023-05-13 12:14:08,507 INFO t_intercept: 0.050924626465651913 , std 1.2053648464573214 
2023-05-13 12:14:08,507 INFO t_ofi_add_1: 2.710471968478654 , std 1.9062544487344755 
2023-05-13 12:14:08,507 INFO t_ofi_add_2: 3.7575304281958575 , std 1.5943014668460398 
2023-05-13 12:14:08,507 INFO t_ofi_add_3: 7.082627870632821 , std 2.320811434471389 
2023-05-13 12:14:08,507 INFO t_ofi_cancel_1: 1.9257681494784566 , std 1.7546624178269008 
2023-05-13 12:14:08,507 INFO t_ofi_cancel_2: 3.511236884604891 , std 1.581140340398663 
2023-05-13 12:14:08,507 INFO t_ofi_cancel_3: 6.303618937466783 , std 2.240883931869283 
2023-05-13 12:14:08,507 INFO t_ofi_trade_1: 1.460574518570004 , std 1.7961131512393134 
2023-05-13 12:14:08,507 INFO t_ofi_trade_2: 2.3449461621017123 , std 1.5137877084647091 
2023-05-13 12:14:08,507 INFO t_ofi_trade_3: 3.776013007263913 , std 1.8839249804692173 
2023-05-13 12:14:08,507 INFO Grouping by ofi type:
2023-05-13 12:14:08,507 INFO add: 13.550630267307334
2023-05-13 12:14:08,508 INFO cancel: 11.74062397155013
2023-05-13 12:14:08,508 INFO trade: 7.581533687935629
2023-05-13 12:14:08,508 INFO Grouping by level:
2023-05-13 12:14:08,508 INFO 1: 6.096814636527115
2023-05-13 12:14:08,508 INFO 2: 9.613713474902461
2023-05-13 12:14:08,508 INFO 3: 17.162259815363516
2023-05-13 12:14:08,508 INFO Non empty regressions: 1.0 --- 6517 / 6517
