2023-05-13 12:14:43,558 INFO Starting...
2023-05-13 12:14:43,558 INFO Tickers: ['MMM']
2023-05-13 12:14:44,849 INFO in_r2: 0.8301635251555779 , std 0.08138697356643589 
2023-05-13 12:14:44,850 INFO os_r2: 0.7650254570039076 , std 0.2679808268303782 
2023-05-13 12:14:44,850 INFO intercept: 1.0019481682148208e-06 , std 1.3186363340631606e-05 
2023-05-13 12:14:44,850 INFO ofi_add_1: 0.00011386990815445709 , std 9.358920658584204e-05 
2023-05-13 12:14:44,850 INFO ofi_add_2: 0.0001310373366552129 , std 8.830226825105669e-05 
2023-05-13 12:14:44,850 INFO ofi_add_3: 0.00018851319623373316 , std 9.447166475877358e-05 
2023-05-13 12:14:44,850 INFO ofi_cancel_1: 0.00012832465059355752 , std 0.0001095786471077313 
2023-05-13 12:14:44,850 INFO ofi_cancel_2: 0.00013362469952241324 , std 8.920206298742501e-05 
2023-05-13 12:14:44,850 INFO ofi_cancel_3: 0.00017479149821729984 , std 9.30397460972196e-05 
2023-05-13 12:14:44,850 INFO ofi_trade_1: 0.00016658666070481115 , std 0.00017897216067431506 
2023-05-13 12:14:44,850 INFO ofi_trade_2: 0.00016384094704726846 , std 0.00016972104283925494 
2023-05-13 12:14:44,850 INFO ofi_trade_3: 0.00022568588148190848 , std 0.0001721834786288873 
2023-05-13 12:14:44,850 INFO t_intercept: 0.038252702140554415 , std 1.2965895922217414 
2023-05-13 12:14:44,850 INFO t_ofi_add_1: 2.878477197734754 , std 1.568029156488281 
2023-05-13 12:14:44,850 INFO t_ofi_add_2: 2.9165334795881455 , std 1.4191952820588067 
2023-05-13 12:14:44,850 INFO t_ofi_add_3: 5.180159184254414 , std 1.7693691284971798 
2023-05-13 12:14:44,850 INFO t_ofi_cancel_1: 2.7480745243704843 , std 1.5622802525287587 
2023-05-13 12:14:44,850 INFO t_ofi_cancel_2: 2.9144816118306647 , std 1.4133581104117772 
2023-05-13 12:14:44,850 INFO t_ofi_cancel_3: 4.613826429737819 , std 1.7709148367600474 
2023-05-13 12:14:44,850 INFO t_ofi_trade_1: 1.840064927466306 , std 1.5412092586501118 
2023-05-13 12:14:44,850 INFO t_ofi_trade_2: 1.7598804297609565 , std 1.4237042287640878 
2023-05-13 12:14:44,850 INFO t_ofi_trade_3: 2.8865109823783173 , std 1.6605440218461718 
2023-05-13 12:14:44,851 INFO Grouping by ofi type:
2023-05-13 12:14:44,851 INFO add: 10.975169861577314
2023-05-13 12:14:44,851 INFO cancel: 10.276382565938967
2023-05-13 12:14:44,851 INFO trade: 6.48645633960558
2023-05-13 12:14:44,851 INFO Grouping by level:
2023-05-13 12:14:44,851 INFO 1: 7.466616649571545
2023-05-13 12:14:44,851 INFO 2: 7.590895521179767
2023-05-13 12:14:44,851 INFO 3: 12.680496596370551
2023-05-13 12:14:44,851 INFO Non empty regressions: 1.0 --- 3735 / 3735
