2023-05-13 12:14:33,714 INFO Starting...
2023-05-13 12:14:33,714 INFO Tickers: ['ORCL']
2023-05-13 12:14:35,170 INFO in_r2: 0.9524812719277436 , std 0.03516189076480279 
2023-05-13 12:14:35,170 INFO os_r2: 0.8440738719759328 , std 2.7419586086225975 
2023-05-13 12:14:35,170 INFO intercept: 1.1566501203499417e-07 , std 6.151648622214653e-06 
2023-05-13 12:14:35,170 INFO ofi_add_1: 7.518322457724211e-05 , std 9.742569548369677e-05 
2023-05-13 12:14:35,170 INFO ofi_add_2: 0.0003192211613555121 , std 0.00014323231732693857 
2023-05-13 12:14:35,170 INFO ofi_add_3: 0.00027395962409762134 , std 0.00015451058063193282 
2023-05-13 12:14:35,170 INFO ofi_cancel_1: 6.212019534499896e-05 , std 9.696454384129813e-05 
2023-05-13 12:14:35,170 INFO ofi_cancel_2: 0.0002645533977691264 , std 0.0001453924314513042 
2023-05-13 12:14:35,170 INFO ofi_cancel_3: 0.00027893516579594513 , std 0.0001640156347332943 
2023-05-13 12:14:35,170 INFO ofi_trade_1: 7.698484565441029e-05 , std 0.00021205782261313216 
2023-05-13 12:14:35,170 INFO ofi_trade_2: 0.0003503654428877066 , std 0.00018576571192484626 
2023-05-13 12:14:35,170 INFO ofi_trade_3: 0.00025627999841152906 , std 0.00017217163342637167 
2023-05-13 12:14:35,170 INFO t_intercept: 0.06591080402307371 , std 1.3594943849903975 
2023-05-13 12:14:35,170 INFO t_ofi_add_1: 2.6126949954680283 , std 2.8537197951806688 
2023-05-13 12:14:35,170 INFO t_ofi_add_2: 8.099088934844223 , std 3.076238334331389 
2023-05-13 12:14:35,170 INFO t_ofi_add_3: 7.998166308780318 , std 3.3957517449095116 
2023-05-13 12:14:35,170 INFO t_ofi_cancel_1: 1.797588923722683 , std 2.4723157609191375 
2023-05-13 12:14:35,170 INFO t_ofi_cancel_2: 6.453417331633315 , std 3.028610215244637 
2023-05-13 12:14:35,171 INFO t_ofi_cancel_3: 7.702898154312244 , std 3.3765105677294227 
2023-05-13 12:14:35,171 INFO t_ofi_trade_1: 0.9128473587754098 , std 2.228846238286407 
2023-05-13 12:14:35,171 INFO t_ofi_trade_2: 5.944966338054339 , std 2.778358761522635 
2023-05-13 12:14:35,171 INFO t_ofi_trade_3: 5.33154438590817 , std 3.433134485169693 
2023-05-13 12:14:35,171 INFO Grouping by ofi type:
2023-05-13 12:14:35,171 INFO add: 18.70995023909257
2023-05-13 12:14:35,171 INFO cancel: 15.953904409668242
2023-05-13 12:14:35,171 INFO trade: 12.189358082737918
2023-05-13 12:14:35,171 INFO Grouping by level:
2023-05-13 12:14:35,171 INFO 1: 5.32313127796612
2023-05-13 12:14:35,171 INFO 2: 20.49747260453188
2023-05-13 12:14:35,171 INFO 3: 21.03260884900073
2023-05-13 12:14:35,172 INFO Non empty regressions: 1.0 --- 7246 / 7246
