2023-05-13 12:14:24,137 INFO Starting...
2023-05-13 12:14:24,137 INFO Tickers: ['PYPL']
2023-05-13 12:14:25,541 INFO in_r2: 0.9251810868776281 , std 0.04734243897259901 
2023-05-13 12:14:25,541 INFO os_r2: 0.8889777911187893 , std 0.13567369459636996 
2023-05-13 12:14:25,541 INFO intercept: 4.801603629174938e-08 , std 1.0205854972362694e-05 
2023-05-13 12:14:25,541 INFO ofi_add_1: 8.396009221229339e-05 , std 9.144757716284033e-05 
2023-05-13 12:14:25,541 INFO ofi_add_2: 0.00018677785911902994 , std 0.0001231942442055379 
2023-05-13 12:14:25,541 INFO ofi_add_3: 0.0003497624417288692 , std 0.00013297904860868888 
2023-05-13 12:14:25,541 INFO ofi_cancel_1: 7.398182734791943e-05 , std 9.343058657037135e-05 
2023-05-13 12:14:25,541 INFO ofi_cancel_2: 0.0001659114427275931 , std 0.00010995798728622736 
2023-05-13 12:14:25,541 INFO ofi_cancel_3: 0.0003546553804234672 , std 0.00014265309529001605 
2023-05-13 12:14:25,541 INFO ofi_trade_1: 8.666517897798656e-05 , std 0.0001718160276583207 
2023-05-13 12:14:25,541 INFO ofi_trade_2: 0.00020006306598134511 , std 0.0001607456657742064 
2023-05-13 12:14:25,541 INFO ofi_trade_3: 0.00033497250594488826 , std 0.00014589351256718167 
2023-05-13 12:14:25,541 INFO t_intercept: 0.01879858236967069 , std 1.3778309883300397 
2023-05-13 12:14:25,541 INFO t_ofi_add_1: 2.080864598794671 , std 1.9118640122874748 
2023-05-13 12:14:25,542 INFO t_ofi_add_2: 3.7536361771593234 , std 2.1818473423215012 
2023-05-13 12:14:25,542 INFO t_ofi_add_3: 8.485924135897728 , std 2.713000217689264 
2023-05-13 12:14:25,542 INFO t_ofi_cancel_1: 1.5202602363902145 , std 1.7136263487839734 
2023-05-13 12:14:25,542 INFO t_ofi_cancel_2: 3.239102699494359 , std 1.8824932509198027 
2023-05-13 12:14:25,542 INFO t_ofi_cancel_3: 7.853683317811452 , std 2.599303760147828 
2023-05-13 12:14:25,542 INFO t_ofi_trade_1: 1.0888520050392423 , std 1.8749375985081402 
2023-05-13 12:14:25,542 INFO t_ofi_trade_2: 2.789635018161051 , std 2.0488193132973254 
2023-05-13 12:14:25,542 INFO t_ofi_trade_3: 5.839074175684978 , std 2.3965255622464707 
2023-05-13 12:14:25,542 INFO Grouping by ofi type:
2023-05-13 12:14:25,542 INFO add: 14.320424911851722
2023-05-13 12:14:25,542 INFO cancel: 12.613046253696025
2023-05-13 12:14:25,542 INFO trade: 9.71756119888527
2023-05-13 12:14:25,542 INFO Grouping by level:
2023-05-13 12:14:25,542 INFO 1: 4.689976840224127
2023-05-13 12:14:25,542 INFO 2: 9.782373894814732
2023-05-13 12:14:25,542 INFO 3: 22.178681629394156
2023-05-13 12:14:25,542 INFO Non empty regressions: 1.0 --- 7311 / 7311
