2023-05-13 12:14:25,544 INFO Starting...
2023-05-13 12:14:25,544 INFO Tickers: ['TMO']
2023-05-13 12:14:26,814 INFO in_r2: 0.7023041726117846 , std 0.16205856619169406 
2023-05-13 12:14:26,814 INFO os_r2: 0.5242628466292546 , std 0.6529625963088743 
2023-05-13 12:14:26,814 INFO intercept: -7.136147951082106e-07 , std 2.22000890048711e-05 
2023-05-13 12:14:26,814 INFO ofi_add_1: 0.0001659441692714769 , std 0.00017012169774185157 
2023-05-13 12:14:26,814 INFO ofi_add_2: 0.00018653802045594966 , std 0.00019330910779580423 
2023-05-13 12:14:26,814 INFO ofi_add_3: 0.0002450331999209463 , std 0.00019811899875966026 
2023-05-13 12:14:26,814 INFO ofi_cancel_1: 0.00019302045189498063 , std 0.00021799676560469483 
2023-05-13 12:14:26,814 INFO ofi_cancel_2: 0.0001943413713188514 , std 0.00019523644695570143 
2023-05-13 12:14:26,814 INFO ofi_cancel_3: 0.00022685391512017986 , std 0.00019828496283164386 
2023-05-13 12:14:26,814 INFO ofi_trade_1: 0.0002773769979336114 , std 0.0003994186274149236 
2023-05-13 12:14:26,814 INFO ofi_trade_2: 0.000244270943181514 , std 0.0004345066200524206 
2023-05-13 12:14:26,814 INFO ofi_trade_3: 0.0003617877305690589 , std 0.00047021234735553693 
2023-05-13 12:14:26,815 INFO t_intercept: -0.035048566561300225 , std 1.2946830967370244 
2023-05-13 12:14:26,815 INFO t_ofi_add_1: 3.079666193532792 , std 1.7764116819226006 
2023-05-13 12:14:26,815 INFO t_ofi_add_2: 2.6495435744952665 , std 1.5522373121434163 
2023-05-13 12:14:26,815 INFO t_ofi_add_3: 4.131570097859965 , std 1.9871331336724887 
2023-05-13 12:14:26,815 INFO t_ofi_cancel_1: 2.622153378132916 , std 1.5949763775941475 
2023-05-13 12:14:26,815 INFO t_ofi_cancel_2: 2.6878496392182467 , std 1.6034315242189299 
2023-05-13 12:14:26,815 INFO t_ofi_cancel_3: 3.6237977252833065 , std 1.921001010303032 
2023-05-13 12:14:26,815 INFO t_ofi_trade_1: 2.137205982640484 , std 1.6914473878267617 
2023-05-13 12:14:26,815 INFO t_ofi_trade_2: 1.4324926903652957 , std 1.4748821477884655 
2023-05-13 12:14:26,815 INFO t_ofi_trade_3: 2.322312338045762 , std 1.676728124537082 
2023-05-13 12:14:26,815 INFO Grouping by ofi type:
2023-05-13 12:14:26,815 INFO add: 9.860779865888023
2023-05-13 12:14:26,815 INFO cancel: 8.93380074263447
2023-05-13 12:14:26,815 INFO trade: 5.892011011051542
2023-05-13 12:14:26,815 INFO Grouping by level:
2023-05-13 12:14:26,815 INFO 1: 7.8390255543061915
2023-05-13 12:14:26,815 INFO 2: 6.769885904078809
2023-05-13 12:14:26,815 INFO 3: 10.077680161189035
2023-05-13 12:14:26,816 INFO Non empty regressions: 1.0 --- 1283 / 1283
