2023-05-13 12:14:32,293 INFO Starting...
2023-05-13 12:14:32,293 INFO Tickers: ['UTX']
2023-05-13 12:14:33,709 INFO in_r2: 0.8693602226601599 , std 0.05128452287706763 
2023-05-13 12:14:33,709 INFO os_r2: 0.8266312287257804 , std 0.22829384964530744 
2023-05-13 12:14:33,710 INFO intercept: -5.845844336392179e-07 , std 9.532390352705468e-06 
2023-05-13 12:14:33,710 INFO ofi_add_1: 0.0001091514599028939 , std 7.356985287225057e-05 
2023-05-13 12:14:33,710 INFO ofi_add_2: 0.00014172630904690862 , std 6.934211529191556e-05 
2023-05-13 12:14:33,710 INFO ofi_add_3: 0.00020632610912160417 , std 7.982770372328609e-05 
2023-05-13 12:14:33,710 INFO ofi_cancel_1: 0.00011173355670497175 , std 8.374271126194761e-05 
2023-05-13 12:14:33,710 INFO ofi_cancel_2: 0.0001414905192399998 , std 6.967198544469808e-05 
2023-05-13 12:14:33,710 INFO ofi_cancel_3: 0.00019358559678015237 , std 8.055515077748123e-05 
2023-05-13 12:14:33,710 INFO ofi_trade_1: 0.00015261422085500293 , std 0.00016486463066872183 
2023-05-13 12:14:33,710 INFO ofi_trade_2: 0.00017291156417755416 , std 0.00014435793568323016 
2023-05-13 12:14:33,710 INFO ofi_trade_3: 0.00022552053915157207 , std 0.00013691383663739847 
2023-05-13 12:14:33,710 INFO t_intercept: -0.07069546371398862 , std 1.2615591701340603 
2023-05-13 12:14:33,710 INFO t_ofi_add_1: 2.644975424704115 , std 1.5686533388905655 
2023-05-13 12:14:33,710 INFO t_ofi_add_2: 3.171709737967584 , std 1.4330328428804457 
2023-05-13 12:14:33,710 INFO t_ofi_add_3: 5.813637498688958 , std 1.726526880850517 
2023-05-13 12:14:33,710 INFO t_ofi_cancel_1: 2.31833272947179 , std 1.532445258814934 
2023-05-13 12:14:33,710 INFO t_ofi_cancel_2: 3.0826800607175127 , std 1.4189193374176081 
2023-05-13 12:14:33,710 INFO t_ofi_cancel_3: 5.14328627104893 , std 1.7452157030262119 
2023-05-13 12:14:33,710 INFO t_ofi_trade_1: 1.6127004446971906 , std 1.5329949428619447 
2023-05-13 12:14:33,710 INFO t_ofi_trade_2: 1.9618949421278273 , std 1.4187782902048784 
2023-05-13 12:14:33,710 INFO t_ofi_trade_3: 3.192383556580641 , std 1.602499194370836 
2023-05-13 12:14:33,712 INFO Grouping by ofi type:
2023-05-13 12:14:33,712 INFO add: 11.630322661360657
2023-05-13 12:14:33,712 INFO cancel: 10.544299061238231
2023-05-13 12:14:33,712 INFO trade: 6.766978943405659
2023-05-13 12:14:33,712 INFO Grouping by level:
2023-05-13 12:14:33,712 INFO 1: 6.576008598873096
2023-05-13 12:14:33,712 INFO 2: 8.216284740812924
2023-05-13 12:14:33,712 INFO 3: 14.149307326318528
2023-05-13 12:14:33,712 INFO Non empty regressions: 1.0 --- 5248 / 5248
