2023-05-09 05:29:19,327 INFO Starting...
2023-05-09 05:29:19,327 INFO Tickers: ['ADBE']
2023-05-09 05:29:23,549 INFO in_r2: 0.03781979644050889 , std 0.15645178841841148 
2023-05-09 05:29:23,549 INFO os_r2: -0.6649281845881104 , std 0.23317342146314857 
2023-05-09 05:29:23,549 INFO intercept: 4.268817784116077e-06 , std 0.0010353567742118729 
2023-05-09 05:29:23,549 INFO ofi_1_1: -2.6680794069781087e-06 , std 0.00011156704367857089 
2023-05-09 05:29:23,549 INFO ofi_1_2: -1.001115828481803e-05 , std 0.0001065888681121026 
2023-05-09 05:29:23,549 INFO ofi_1_3: -2.1344562402372227e-06 , std 9.523854309279518e-05 
2023-05-09 05:29:23,549 INFO ofi_1_5: -1.3304429239778787e-05 , std 7.495517720723989e-05 
2023-05-09 05:29:23,549 INFO ofi_1_10: -1.4603253972801481e-05 , std 6.70925268641199e-05 
2023-05-09 05:29:23,549 INFO ofi_1_20: -1.1842781268072319e-05 , std 6.922281931564354e-05 
2023-05-09 05:29:23,549 INFO ofi_1_30: -2.1017305180818678e-05 , std 7.081775821146762e-05 
2023-05-09 05:29:23,549 INFO t_intercept: 0.052000024456842334 , std 1.476610127704072 
2023-05-09 05:29:23,549 INFO t_ofi_1_1: -0.07245345408478654 , std 0.9994179992213712 
2023-05-09 05:29:23,549 INFO t_ofi_1_2: -0.0954886009658885 , std 0.9612150272370011 
2023-05-09 05:29:23,549 INFO t_ofi_1_3: -0.022938325545901257 , std 0.9821683381520238 
2023-05-09 05:29:23,549 INFO t_ofi_1_5: -0.2009924061903624 , std 1.0364894451150393 
2023-05-09 05:29:23,549 INFO t_ofi_1_10: -0.26532983231090396 , std 1.134146320518568 
2023-05-09 05:29:23,549 INFO t_ofi_1_20: -0.2301220978691585 , std 1.2309233717470922 
2023-05-09 05:29:23,549 INFO t_ofi_1_30: -0.416754101885224 , std 1.2896566096399045 
2023-05-09 05:29:24,061 INFO Grouping by horizont:
2023-05-09 05:29:24,061 INFO 1: -0.07245345408478654
2023-05-09 05:29:24,061 INFO 2: -0.0954886009658885
2023-05-09 05:29:24,061 INFO 3: -0.022938325545901257
2023-05-09 05:29:24,061 INFO 5: -0.2009924061903624
2023-05-09 05:29:24,061 INFO 10: -0.26532983231090396
2023-05-09 05:29:24,061 INFO 20: -0.2301220978691585
2023-05-09 05:29:24,061 INFO 30: -0.416754101885224
2023-05-09 05:29:24,061 INFO Grouping by level:
2023-05-09 05:29:24,061 INFO 1: -1.3040788188522252
2023-05-09 05:29:24,062 INFO Grouping by level and horizont:
2023-05-09 05:29:24,062 INFO 1_1: -0.07245345408478654
2023-05-09 05:29:24,062 INFO 1_2: -0.0954886009658885
2023-05-09 05:29:24,062 INFO 1_3: -0.022938325545901257
2023-05-09 05:29:24,062 INFO 1_5: -0.2009924061903624
2023-05-09 05:29:24,062 INFO 1_10: -0.26532983231090396
2023-05-09 05:29:24,062 INFO 1_20: -0.2301220978691585
2023-05-09 05:29:24,062 INFO 1_30: -0.416754101885224
2023-05-09 05:29:24,063 INFO Non empty regressions: 1.0 --- 151760 / 151760
