2023-05-09 05:34:11,978 INFO Starting...
2023-05-09 05:34:11,978 INFO Tickers: ['ADP']
2023-05-09 05:34:17,411 INFO in_r2: 0.03930921887389668 , std 0.1571468356133227 
2023-05-09 05:34:17,411 INFO os_r2: -0.6663764933529918 , std 0.39591632081707595 
2023-05-09 05:34:17,411 INFO intercept: 2.437448792345659e-05 , std 0.0005673534005876833 
2023-05-09 05:34:17,411 INFO ofi_1_1: 2.607375574717499e-07 , std 0.00012366557075401002 
2023-05-09 05:34:17,411 INFO ofi_1_2: -1.3844134124875179e-05 , std 0.00011732199904814252 
2023-05-09 05:34:17,411 INFO ofi_1_3: 1.9110835965212273e-08 , std 0.00010625370812427589 
2023-05-09 05:34:17,411 INFO ofi_1_5: -1.1703845164276266e-05 , std 8.533085186077037e-05 
2023-05-09 05:34:17,411 INFO ofi_1_10: -1.8282150694666363e-05 , std 7.556248071981585e-05 
2023-05-09 05:34:17,411 INFO ofi_1_20: -1.2748536339962743e-05 , std 7.856713469603733e-05 
2023-05-09 05:34:17,411 INFO ofi_1_30: -2.6828025766225414e-05 , std 7.946041627647182e-05 
2023-05-09 05:34:17,411 INFO t_intercept: 0.10394944935967762 , std 1.4777100907724448 
2023-05-09 05:34:17,411 INFO t_ofi_1_1: -0.03984764113733856 , std 1.0047763756621015 
2023-05-09 05:34:17,411 INFO t_ofi_1_2: -0.12384604187568174 , std 0.956288695030338 
2023-05-09 05:34:17,411 INFO t_ofi_1_3: 0.0005383627516870316 , std 0.9919876067954295 
2023-05-09 05:34:17,411 INFO t_ofi_1_5: -0.1681394131210207 , std 1.0512184013035533 
2023-05-09 05:34:17,411 INFO t_ofi_1_10: -0.28851888411586657 , std 1.1327133768669995 
2023-05-09 05:34:17,411 INFO t_ofi_1_20: -0.23013569587264018 , std 1.2367080047716368 
2023-05-09 05:34:17,411 INFO t_ofi_1_30: -0.4624126486353498 , std 1.2765100139803622 
2023-05-09 05:34:18,074 INFO Grouping by horizont:
2023-05-09 05:34:18,074 INFO 1: -0.03984764113733856
2023-05-09 05:34:18,074 INFO 2: -0.12384604187568174
2023-05-09 05:34:18,074 INFO 3: 0.0005383627516870316
2023-05-09 05:34:18,074 INFO 5: -0.1681394131210207
2023-05-09 05:34:18,074 INFO 10: -0.28851888411586657
2023-05-09 05:34:18,074 INFO 20: -0.23013569587264018
2023-05-09 05:34:18,074 INFO 30: -0.4624126486353498
2023-05-09 05:34:18,074 INFO Grouping by level:
2023-05-09 05:34:18,074 INFO 1: -1.3123619620062104
2023-05-09 05:34:18,074 INFO Grouping by level and horizont:
2023-05-09 05:34:18,074 INFO 1_1: -0.03984764113733856
2023-05-09 05:34:18,074 INFO 1_2: -0.12384604187568174
2023-05-09 05:34:18,075 INFO 1_3: 0.0005383627516870316
2023-05-09 05:34:18,075 INFO 1_5: -0.1681394131210207
2023-05-09 05:34:18,075 INFO 1_10: -0.28851888411586657
2023-05-09 05:34:18,075 INFO 1_20: -0.23013569587264018
2023-05-09 05:34:18,075 INFO 1_30: -0.4624126486353498
2023-05-09 05:34:18,077 INFO Non empty regressions: 1.0 --- 199128 / 199128
