2023-05-09 05:29:48,323 INFO Starting...
2023-05-09 05:29:48,323 INFO Tickers: ['AMGN']
2023-05-09 05:29:53,720 INFO in_r2: 0.04522016759670442 , std 0.158537778820996 
2023-05-09 05:29:53,720 INFO os_r2: -0.6661132559200964 , std 0.183813730349318 
2023-05-09 05:29:53,720 INFO intercept: 1.9682416430495724e-05 , std 0.0007208026958916716 
2023-05-09 05:29:53,720 INFO ofi_1_1: -4.609499274325448e-06 , std 0.00010659356972075056 
2023-05-09 05:29:53,720 INFO ofi_1_2: -1.0094314864524146e-05 , std 0.00010297433007154957 
2023-05-09 05:29:53,720 INFO ofi_1_3: -3.611764223908893e-06 , std 9.271886926877183e-05 
2023-05-09 05:29:53,720 INFO ofi_1_5: -1.25257772300034e-05 , std 7.32283492614351e-05 
2023-05-09 05:29:53,720 INFO ofi_1_10: -1.4771738643211364e-05 , std 6.489478478343488e-05 
2023-05-09 05:29:53,720 INFO ofi_1_20: -1.1604026274410364e-05 , std 6.687132827647267e-05 
2023-05-09 05:29:53,720 INFO ofi_1_30: -2.17582944703558e-05 , std 6.846977049752093e-05 
2023-05-09 05:29:53,720 INFO t_intercept: 0.0761655295258567 , std 1.488174904985111 
2023-05-09 05:29:53,720 INFO t_ofi_1_1: -0.08997843542831058 , std 1.0028937663092312 
2023-05-09 05:29:53,720 INFO t_ofi_1_2: -0.09964393201148247 , std 0.9705180580714621 
2023-05-09 05:29:53,720 INFO t_ofi_1_3: -0.04654470345942986 , std 0.9957834215687108 
2023-05-09 05:29:53,720 INFO t_ofi_1_5: -0.20401949073576206 , std 1.0545126156520443 
2023-05-09 05:29:53,720 INFO t_ofi_1_10: -0.28438469324607235 , std 1.1384115320698565 
2023-05-09 05:29:53,720 INFO t_ofi_1_20: -0.23261853169242838 , std 1.2397956788540285 
2023-05-09 05:29:53,720 INFO t_ofi_1_30: -0.44890688925482247 , std 1.2833264463981344 
2023-05-09 05:29:54,390 INFO Grouping by horizont:
2023-05-09 05:29:54,390 INFO 1: -0.08997843542831058
2023-05-09 05:29:54,390 INFO 2: -0.09964393201148247
2023-05-09 05:29:54,390 INFO 3: -0.04654470345942986
2023-05-09 05:29:54,390 INFO 5: -0.20401949073576206
2023-05-09 05:29:54,390 INFO 10: -0.28438469324607235
2023-05-09 05:29:54,390 INFO 20: -0.23261853169242838
2023-05-09 05:29:54,390 INFO 30: -0.44890688925482247
2023-05-09 05:29:54,390 INFO Grouping by level:
2023-05-09 05:29:54,390 INFO 1: -1.4060966758283082
2023-05-09 05:29:54,390 INFO Grouping by level and horizont:
2023-05-09 05:29:54,390 INFO 1_1: -0.08997843542831058
2023-05-09 05:29:54,390 INFO 1_2: -0.09964393201148247
2023-05-09 05:29:54,390 INFO 1_3: -0.04654470345942986
2023-05-09 05:29:54,390 INFO 1_5: -0.20401949073576206
2023-05-09 05:29:54,390 INFO 1_10: -0.28438469324607235
2023-05-09 05:29:54,390 INFO 1_20: -0.23261853169242838
2023-05-09 05:29:54,390 INFO 1_30: -0.44890688925482247
2023-05-09 05:29:54,393 INFO Non empty regressions: 1.0 --- 199128 / 199128
