2023-05-09 05:33:00,276 INFO Starting...
2023-05-09 05:33:00,276 INFO Tickers: ['BKNG']
2023-05-09 05:33:03,648 INFO in_r2: 0.02388999742579071 , std 0.16209550425689448 
2023-05-09 05:33:03,648 INFO os_r2: -0.9352311242249578 , std 0.34962267245078904 
2023-05-09 05:33:03,648 INFO intercept: -1.438836821303511e-05 , std 0.0007763393762321991 
2023-05-09 05:33:03,648 INFO ofi_1_1: 6.1797700763546315e-06 , std 0.0001248357549437699 
2023-05-09 05:33:03,648 INFO ofi_1_2: -8.18214732183336e-06 , std 0.00011707293928929392 
2023-05-09 05:33:03,648 INFO ofi_1_3: -1.7827995804152385e-06 , std 0.0001010245124550971 
2023-05-09 05:33:03,648 INFO ofi_1_5: -8.739132859976883e-06 , std 7.129357627497697e-05 
2023-05-09 05:33:03,648 INFO ofi_1_10: -8.685268007385264e-06 , std 5.8271589645181977e-05 
2023-05-09 05:33:03,648 INFO ofi_1_20: -4.382498851486483e-06 , std 5.882608828799979e-05 
2023-05-09 05:33:03,648 INFO ofi_1_30: -1.2129826250898972e-05 , std 5.772750546557366e-05 
2023-05-09 05:33:03,648 INFO t_intercept: -0.008658462369146528 , std 1.3543467706860164 
2023-05-09 05:33:03,649 INFO t_ofi_1_1: 0.04553700521742887 , std 1.0452319853903458 
2023-05-09 05:33:03,649 INFO t_ofi_1_2: -0.09300062625322389 , std 1.0143963934029538 
2023-05-09 05:33:03,649 INFO t_ofi_1_3: -0.022949367388100435 , std 1.0138457473197309 
2023-05-09 05:33:03,649 INFO t_ofi_1_5: -0.15655613004201685 , std 1.0334593239596077 
2023-05-09 05:33:03,649 INFO t_ofi_1_10: -0.2100825441861256 , std 1.1117933042391546 
2023-05-09 05:33:03,649 INFO t_ofi_1_20: -0.09776898833847514 , std 1.1811668997254559 
2023-05-09 05:33:03,649 INFO t_ofi_1_30: -0.3268127510225253 , std 1.2229833501401606 
2023-05-09 05:33:04,061 INFO Grouping by horizont:
2023-05-09 05:33:04,061 INFO 1: 0.04553700521742887
2023-05-09 05:33:04,061 INFO 2: -0.09300062625322389
2023-05-09 05:33:04,061 INFO 3: -0.022949367388100435
2023-05-09 05:33:04,061 INFO 5: -0.15655613004201685
2023-05-09 05:33:04,061 INFO 10: -0.2100825441861256
2023-05-09 05:33:04,061 INFO 20: -0.09776898833847514
2023-05-09 05:33:04,061 INFO 30: -0.3268127510225253
2023-05-09 05:33:04,061 INFO Grouping by level:
2023-05-09 05:33:04,061 INFO 1: -0.8616334020130383
2023-05-09 05:33:04,061 INFO Grouping by level and horizont:
2023-05-09 05:33:04,061 INFO 1_1: 0.04553700521742887
2023-05-09 05:33:04,061 INFO 1_2: -0.09300062625322389
2023-05-09 05:33:04,061 INFO 1_3: -0.022949367388100435
2023-05-09 05:33:04,061 INFO 1_5: -0.15655613004201685
2023-05-09 05:33:04,061 INFO 1_10: -0.2100825441861256
2023-05-09 05:33:04,061 INFO 1_20: -0.09776898833847514
2023-05-09 05:33:04,061 INFO 1_30: -0.3268127510225253
2023-05-09 05:33:04,062 INFO Non empty regressions: 1.0 --- 121270 / 121270
