2023-05-09 05:34:30,328 INFO Starting...
2023-05-09 05:34:30,329 INFO Tickers: ['CB']
2023-05-09 05:34:35,777 INFO in_r2: 0.03235936181000127 , std 0.15591997327145757 
2023-05-09 05:34:35,777 INFO os_r2: -0.651400513562807 , std 0.14835908283792698 
2023-05-09 05:34:35,777 INFO intercept: -1.9924739608625532e-05 , std 0.0004632086021530953 
2023-05-09 05:34:35,777 INFO ofi_1_1: -1.1546028451609867e-05 , std 0.00022022882877889772 
2023-05-09 05:34:35,777 INFO ofi_1_2: -1.8658380185306868e-05 , std 0.00021535138437198998 
2023-05-09 05:34:35,777 INFO ofi_1_3: -2.9852957796560436e-06 , std 0.00018332562507999013 
2023-05-09 05:34:35,777 INFO ofi_1_5: -1.4595455587454515e-05 , std 0.000138947231099673 
2023-05-09 05:34:35,777 INFO ofi_1_10: -2.0963969547801472e-05 , std 0.0001212856284321679 
2023-05-09 05:34:35,777 INFO ofi_1_20: -1.610229039259462e-05 , std 0.00011873466159557976 
2023-05-09 05:34:35,777 INFO ofi_1_30: -3.299773203629404e-05 , std 0.00011785123804519812 
2023-05-09 05:34:35,777 INFO t_intercept: -0.056330738971532325 , std 1.4147754385300175 
2023-05-09 05:34:35,777 INFO t_ofi_1_1: -0.06724235418027312 , std 1.016192545617474 
2023-05-09 05:34:35,777 INFO t_ofi_1_2: -0.1070082265355553 , std 0.9842847169201945 
2023-05-09 05:34:35,777 INFO t_ofi_1_3: -0.03261792587921057 , std 0.9998175979113041 
2023-05-09 05:34:35,777 INFO t_ofi_1_5: -0.1574995161270446 , std 1.03361834178798 
2023-05-09 05:34:35,777 INFO t_ofi_1_10: -0.250073571252995 , std 1.1162066278454208 
2023-05-09 05:34:35,777 INFO t_ofi_1_20: -0.21528350574576313 , std 1.1969201746677498 
2023-05-09 05:34:35,777 INFO t_ofi_1_30: -0.4435196384132425 , std 1.2348837965117958 
2023-05-09 05:34:36,444 INFO Grouping by horizont:
2023-05-09 05:34:36,444 INFO 1: -0.06724235418027312
2023-05-09 05:34:36,444 INFO 2: -0.1070082265355553
2023-05-09 05:34:36,444 INFO 3: -0.03261792587921057
2023-05-09 05:34:36,444 INFO 5: -0.1574995161270446
2023-05-09 05:34:36,444 INFO 10: -0.250073571252995
2023-05-09 05:34:36,444 INFO 20: -0.21528350574576313
2023-05-09 05:34:36,445 INFO 30: -0.4435196384132425
2023-05-09 05:34:36,445 INFO Grouping by level:
2023-05-09 05:34:36,445 INFO 1: -1.2732447381340843
2023-05-09 05:34:36,445 INFO Grouping by level and horizont:
2023-05-09 05:34:36,445 INFO 1_1: -0.06724235418027312
2023-05-09 05:34:36,445 INFO 1_2: -0.1070082265355553
2023-05-09 05:34:36,445 INFO 1_3: -0.03261792587921057
2023-05-09 05:34:36,445 INFO 1_5: -0.1574995161270446
2023-05-09 05:34:36,445 INFO 1_10: -0.250073571252995
2023-05-09 05:34:36,445 INFO 1_20: -0.21528350574576313
2023-05-09 05:34:36,445 INFO 1_30: -0.4435196384132425
2023-05-09 05:34:36,446 INFO Non empty regressions: 1.0 --- 199109 / 199109
