2023-05-09 05:33:40,846 INFO Starting...
2023-05-09 05:33:40,846 INFO Tickers: ['CHTR']
2023-05-09 05:33:46,352 INFO in_r2: 0.029880184127455016 , std 0.157777539963535 
2023-05-09 05:33:46,352 INFO os_r2: -0.7374418810583354 , std 0.18714934120007964 
2023-05-09 05:33:46,352 INFO intercept: 1.428804443383029e-06 , std 0.0008368244970904563 
2023-05-09 05:33:46,352 INFO ofi_1_1: 1.0162255182454994e-05 , std 0.00011676379390204231 
2023-05-09 05:33:46,352 INFO ofi_1_2: -1.0369198858408146e-05 , std 0.00011053010274639128 
2023-05-09 05:33:46,352 INFO ofi_1_3: -7.431018163766077e-07 , std 9.653814375420475e-05 
2023-05-09 05:33:46,352 INFO ofi_1_5: -9.383673295564836e-06 , std 7.299339084130706e-05 
2023-05-09 05:33:46,352 INFO ofi_1_10: -1.047634779822349e-05 , std 5.9968886060826963e-05 
2023-05-09 05:33:46,352 INFO ofi_1_20: -6.48496232124961e-06 , std 6.053545273142622e-05 
2023-05-09 05:33:46,352 INFO ofi_1_30: -1.6177162327681893e-05 , std 6.182731477157479e-05 
2023-05-09 05:33:46,352 INFO t_intercept: 0.00933849826228888 , std 1.391648607720189 
2023-05-09 05:33:46,352 INFO t_ofi_1_1: 0.06754810806479566 , std 1.01094805202075 
2023-05-09 05:33:46,352 INFO t_ofi_1_2: -0.10542956724045846 , std 0.9832885879330014 
2023-05-09 05:33:46,352 INFO t_ofi_1_3: -0.009524442967519841 , std 1.0003046307505588 
2023-05-09 05:33:46,352 INFO t_ofi_1_5: -0.17373205237176823 , std 1.0566318893421682 
2023-05-09 05:33:46,352 INFO t_ofi_1_10: -0.22683655050087265 , std 1.1096097601559947 
2023-05-09 05:33:46,352 INFO t_ofi_1_20: -0.15475771622443768 , std 1.1956901830054747 
2023-05-09 05:33:46,352 INFO t_ofi_1_30: -0.3804909001889624 , std 1.2418002698892945 
2023-05-09 05:33:47,023 INFO Grouping by horizont:
2023-05-09 05:33:47,024 INFO 1: 0.06754810806479566
2023-05-09 05:33:47,024 INFO 2: -0.10542956724045846
2023-05-09 05:33:47,024 INFO 3: -0.009524442967519841
2023-05-09 05:33:47,024 INFO 5: -0.17373205237176823
2023-05-09 05:33:47,024 INFO 10: -0.22683655050087265
2023-05-09 05:33:47,024 INFO 20: -0.15475771622443768
2023-05-09 05:33:47,024 INFO 30: -0.3804909001889624
2023-05-09 05:33:47,024 INFO Grouping by level:
2023-05-09 05:33:47,024 INFO 1: -0.9832231214292235
2023-05-09 05:33:47,024 INFO Grouping by level and horizont:
2023-05-09 05:33:47,024 INFO 1_1: 0.06754810806479566
2023-05-09 05:33:47,024 INFO 1_2: -0.10542956724045846
2023-05-09 05:33:47,024 INFO 1_3: -0.009524442967519841
2023-05-09 05:33:47,024 INFO 1_5: -0.17373205237176823
2023-05-09 05:33:47,024 INFO 1_10: -0.22683655050087265
2023-05-09 05:33:47,024 INFO 1_20: -0.15475771622443768
2023-05-09 05:33:47,024 INFO 1_30: -0.3804909001889624
2023-05-09 05:33:47,025 INFO Non empty regressions: 1.0 --- 199121 / 199121
