2023-05-09 05:34:42,501 INFO Starting...
2023-05-09 05:34:42,502 INFO Tickers: ['COP']
2023-05-09 05:34:46,119 INFO in_r2: 0.0499801547926397 , std 0.15551230520715154 
2023-05-09 05:34:46,119 INFO os_r2: -0.6134846937403932 , std 0.13916917104135706 
2023-05-09 05:34:46,119 INFO intercept: -3.90268480924132e-05 , std 0.0007950500420804033 
2023-05-09 05:34:46,119 INFO ofi_1_1: 5.598936582708335e-06 , std 0.00018534068442594575 
2023-05-09 05:34:46,119 INFO ofi_1_2: -1.6320894501005414e-05 , std 0.0001771841703147764 
2023-05-09 05:34:46,119 INFO ofi_1_3: -8.565449619641738e-06 , std 0.00016347485000892722 
2023-05-09 05:34:46,119 INFO ofi_1_5: -2.3214698199151813e-05 , std 0.00013355579823252347 
2023-05-09 05:34:46,119 INFO ofi_1_10: -2.877788661612305e-05 , std 0.00011755803182180873 
2023-05-09 05:34:46,119 INFO ofi_1_20: -1.994883858794014e-05 , std 0.00012285240432905584 
2023-05-09 05:34:46,119 INFO ofi_1_30: -4.821944015705421e-05 , std 0.0001252515841235134 
2023-05-09 05:34:46,119 INFO t_intercept: -0.07713554407550101 , std 1.5513166266308875 
2023-05-09 05:34:46,119 INFO t_ofi_1_1: -0.010110504464152119 , std 0.9697569296343733 
2023-05-09 05:34:46,119 INFO t_ofi_1_2: -0.09971446611730615 , std 0.9401038076968924 
2023-05-09 05:34:46,119 INFO t_ofi_1_3: -0.050190305383896155 , std 0.9804324093987952 
2023-05-09 05:34:46,119 INFO t_ofi_1_5: -0.2050994037213299 , std 1.0516787312753322 
2023-05-09 05:34:46,119 INFO t_ofi_1_10: -0.2962298600294383 , std 1.1407823944333346 
2023-05-09 05:34:46,119 INFO t_ofi_1_20: -0.23182880068459033 , std 1.2600318180788863 
2023-05-09 05:34:46,119 INFO t_ofi_1_30: -0.5452384329850023 , std 1.2891702431822143 
2023-05-09 05:34:46,565 INFO Grouping by horizont:
2023-05-09 05:34:46,566 INFO 1: -0.010110504464152119
2023-05-09 05:34:46,566 INFO 2: -0.09971446611730615
2023-05-09 05:34:46,566 INFO 3: -0.050190305383896155
2023-05-09 05:34:46,566 INFO 5: -0.2050994037213299
2023-05-09 05:34:46,566 INFO 10: -0.2962298600294383
2023-05-09 05:34:46,566 INFO 20: -0.23182880068459033
2023-05-09 05:34:46,566 INFO 30: -0.5452384329850023
2023-05-09 05:34:46,566 INFO Grouping by level:
2023-05-09 05:34:46,566 INFO 1: -1.4384117733857154
2023-05-09 05:34:46,566 INFO Grouping by level and horizont:
2023-05-09 05:34:46,566 INFO 1_1: -0.010110504464152119
2023-05-09 05:34:46,566 INFO 1_2: -0.09971446611730615
2023-05-09 05:34:46,566 INFO 1_3: -0.050190305383896155
2023-05-09 05:34:46,566 INFO 1_5: -0.2050994037213299
2023-05-09 05:34:46,566 INFO 1_10: -0.2962298600294383
2023-05-09 05:34:46,566 INFO 1_20: -0.23182880068459033
2023-05-09 05:34:46,566 INFO 1_30: -0.5452384329850023
2023-05-09 05:34:46,567 INFO Non empty regressions: 1.0 --- 131649 / 131649
