2023-05-09 05:31:52,470 INFO Starting...
2023-05-09 05:31:52,470 INFO Tickers: ['LLY']
2023-05-09 05:31:58,046 INFO in_r2: 0.05264216293394543 , std 0.159007373273995 
2023-05-09 05:31:58,046 INFO os_r2: -0.672119772399575 , std 0.6006804752624401 
2023-05-09 05:31:58,046 INFO intercept: 5.963290764065681e-06 , std 0.0005442559152928403 
2023-05-09 05:31:58,046 INFO ofi_1_1: -1.0704629774400072e-05 , std 0.00017458815729626959 
2023-05-09 05:31:58,046 INFO ofi_1_2: -2.051751274219912e-05 , std 0.00016690482300028102 
2023-05-09 05:31:58,046 INFO ofi_1_3: -1.6709955634099113e-06 , std 0.00015418203564657081 
2023-05-09 05:31:58,046 INFO ofi_1_5: -2.0378206728760856e-05 , std 0.00012215906789837775 
2023-05-09 05:31:58,046 INFO ofi_1_10: -2.78977067859947e-05 , std 0.00011080122689145353 
2023-05-09 05:31:58,046 INFO ofi_1_20: -1.8324573233048312e-05 , std 0.00011596126744941409 
2023-05-09 05:31:58,046 INFO ofi_1_30: -4.026528261904824e-05 , std 0.0001176701017356203 
2023-05-09 05:31:58,046 INFO t_intercept: 0.042300857173366645 , std 1.537806925745462 
2023-05-09 05:31:58,046 INFO t_ofi_1_1: -0.10001556910276863 , std 0.9999572902204699 
2023-05-09 05:31:58,046 INFO t_ofi_1_2: -0.13075281124110827 , std 0.9689238445602824 
2023-05-09 05:31:58,046 INFO t_ofi_1_3: -0.01808952484172273 , std 1.0065524721214982 
2023-05-09 05:31:58,046 INFO t_ofi_1_5: -0.20289664933390317 , std 1.0423685529441167 
2023-05-09 05:31:58,046 INFO t_ofi_1_10: -0.30642900539015355 , std 1.1405558062810852 
2023-05-09 05:31:58,046 INFO t_ofi_1_20: -0.23308460402664627 , std 1.2504034432518814 
2023-05-09 05:31:58,046 INFO t_ofi_1_30: -0.49561896046946724 , std 1.303444441045269 
2023-05-09 05:31:58,714 INFO Grouping by horizont:
2023-05-09 05:31:58,715 INFO 1: -0.10001556910276863
2023-05-09 05:31:58,715 INFO 2: -0.13075281124110827
2023-05-09 05:31:58,715 INFO 3: -0.01808952484172273
2023-05-09 05:31:58,715 INFO 5: -0.20289664933390317
2023-05-09 05:31:58,715 INFO 10: -0.30642900539015355
2023-05-09 05:31:58,715 INFO 20: -0.23308460402664627
2023-05-09 05:31:58,715 INFO 30: -0.49561896046946724
2023-05-09 05:31:58,715 INFO Grouping by level:
2023-05-09 05:31:58,715 INFO 1: -1.4868871244057698
2023-05-09 05:31:58,715 INFO Grouping by level and horizont:
2023-05-09 05:31:58,715 INFO 1_1: -0.10001556910276863
2023-05-09 05:31:58,715 INFO 1_2: -0.13075281124110827
2023-05-09 05:31:58,715 INFO 1_3: -0.01808952484172273
2023-05-09 05:31:58,715 INFO 1_5: -0.20289664933390317
2023-05-09 05:31:58,715 INFO 1_10: -0.30642900539015355
2023-05-09 05:31:58,715 INFO 1_20: -0.23308460402664627
2023-05-09 05:31:58,715 INFO 1_30: -0.49561896046946724
2023-05-09 05:31:58,716 INFO Non empty regressions: 1.0 --- 199128 / 199128
