2023-05-09 05:32:29,576 INFO Starting...
2023-05-09 05:32:29,576 INFO Tickers: ['LMT']
2023-05-09 05:32:35,023 INFO in_r2: 0.031756095283117215 , std 0.1580043318608047 
2023-05-09 05:32:35,023 INFO os_r2: -0.6883973886826704 , std 0.2606824506447872 
2023-05-09 05:32:35,023 INFO intercept: 1.196936217381638e-05 , std 0.0005479696358080669 
2023-05-09 05:32:35,023 INFO ofi_1_1: -7.233475316798891e-06 , std 0.0001572697592977764 
2023-05-09 05:32:35,023 INFO ofi_1_2: -1.385942444485534e-05 , std 0.00015080836383456778 
2023-05-09 05:32:35,023 INFO ofi_1_3: -4.726698581027595e-06 , std 0.00013018595947833972 
2023-05-09 05:32:35,023 INFO ofi_1_5: -1.0556656726111106e-05 , std 9.862606421704681e-05 
2023-05-09 05:32:35,023 INFO ofi_1_10: -1.6299829356502465e-05 , std 8.422947770897745e-05 
2023-05-09 05:32:35,023 INFO ofi_1_20: -1.0915563998182194e-05 , std 8.3493555499961e-05 
2023-05-09 05:32:35,023 INFO ofi_1_30: -2.3476522853405032e-05 , std 8.82320735442585e-05 
2023-05-09 05:32:35,023 INFO t_intercept: 0.028498617560560872 , std 1.4203395161901535 
2023-05-09 05:32:35,023 INFO t_ofi_1_1: -0.06312013498210917 , std 1.0293080390620204 
2023-05-09 05:32:35,023 INFO t_ofi_1_2: -0.10919333381347052 , std 0.9945667356770359 
2023-05-09 05:32:35,023 INFO t_ofi_1_3: -0.04944595710831814 , std 1.0073924083130326 
2023-05-09 05:32:35,023 INFO t_ofi_1_5: -0.15306053029044495 , std 1.0380961057708262 
2023-05-09 05:32:35,023 INFO t_ofi_1_10: -0.25683396795707863 , std 1.1093091466666316 
2023-05-09 05:32:35,023 INFO t_ofi_1_20: -0.19062446033000321 , std 1.1882498479401593 
2023-05-09 05:32:35,023 INFO t_ofi_1_30: -0.42979383973091567 , std 1.233464762664132 
2023-05-09 05:32:35,687 INFO Grouping by horizont:
2023-05-09 05:32:35,687 INFO 1: -0.06312013498210917
2023-05-09 05:32:35,687 INFO 2: -0.10919333381347052
2023-05-09 05:32:35,687 INFO 3: -0.04944595710831814
2023-05-09 05:32:35,687 INFO 5: -0.15306053029044495
2023-05-09 05:32:35,687 INFO 10: -0.25683396795707863
2023-05-09 05:32:35,687 INFO 20: -0.19062446033000321
2023-05-09 05:32:35,687 INFO 30: -0.42979383973091567
2023-05-09 05:32:35,687 INFO Grouping by level:
2023-05-09 05:32:35,687 INFO 1: -1.2520722242123403
2023-05-09 05:32:35,687 INFO Grouping by level and horizont:
2023-05-09 05:32:35,687 INFO 1_1: -0.06312013498210917
2023-05-09 05:32:35,687 INFO 1_2: -0.10919333381347052
2023-05-09 05:32:35,687 INFO 1_3: -0.04944595710831814
2023-05-09 05:32:35,687 INFO 1_5: -0.15306053029044495
2023-05-09 05:32:35,687 INFO 1_10: -0.25683396795707863
2023-05-09 05:32:35,687 INFO 1_20: -0.19062446033000321
2023-05-09 05:32:35,687 INFO 1_30: -0.42979383973091567
2023-05-09 05:32:35,689 INFO Non empty regressions: 1.0 --- 199128 / 199128
