2023-05-09 05:29:24,064 INFO Starting...
2023-05-09 05:29:24,064 INFO Tickers: ['MDT']
2023-05-09 05:29:29,457 INFO in_r2: 0.05276602843437668 , std 0.15783501985069204 
2023-05-09 05:29:29,458 INFO os_r2: -0.6597495998240216 , std 0.18140012701198255 
2023-05-09 05:29:29,458 INFO intercept: 1.3933665227539246e-05 , std 0.000463097297528267 
2023-05-09 05:29:29,458 INFO ofi_1_1: -6.766685676596554e-06 , std 0.00016939574392612806 
2023-05-09 05:29:29,458 INFO ofi_1_2: -2.0274229040114148e-05 , std 0.00016169253568272106 
2023-05-09 05:29:29,458 INFO ofi_1_3: -4.10911872364243e-06 , std 0.00014694252182134013 
2023-05-09 05:29:29,458 INFO ofi_1_5: -2.0057026575593446e-05 , std 0.00012041902442721154 
2023-05-09 05:29:29,458 INFO ofi_1_10: -2.5607107774709754e-05 , std 0.00010915390564263721 
2023-05-09 05:29:29,458 INFO ofi_1_20: -1.9845745742304156e-05 , std 0.0001141895821511177 
2023-05-09 05:29:29,458 INFO ofi_1_30: -4.2451741254019066e-05 , std 0.00011558087020294617 
2023-05-09 05:29:29,458 INFO t_intercept: 0.0659769780097537 , std 1.5634762501806527 
2023-05-09 05:29:29,458 INFO t_ofi_1_1: -0.08196085835378854 , std 0.9897452089883529 
2023-05-09 05:29:29,458 INFO t_ofi_1_2: -0.12885802574071206 , std 0.9480575448885221 
2023-05-09 05:29:29,458 INFO t_ofi_1_3: -0.031530660748081134 , std 0.9828805884723617 
2023-05-09 05:29:29,458 INFO t_ofi_1_5: -0.19755466101134858 , std 1.0492502890399702 
2023-05-09 05:29:29,458 INFO t_ofi_1_10: -0.29237198856490043 , std 1.1556436827899337 
2023-05-09 05:29:29,458 INFO t_ofi_1_20: -0.25326001268235027 , std 1.2661143170312372 
2023-05-09 05:29:29,458 INFO t_ofi_1_30: -0.530292546129328 , std 1.3013715913487114 
2023-05-09 05:29:30,128 INFO Grouping by horizont:
2023-05-09 05:29:30,128 INFO 1: -0.08196085835378854
2023-05-09 05:29:30,129 INFO 2: -0.12885802574071206
2023-05-09 05:29:30,129 INFO 3: -0.031530660748081134
2023-05-09 05:29:30,129 INFO 5: -0.19755466101134858
2023-05-09 05:29:30,129 INFO 10: -0.29237198856490043
2023-05-09 05:29:30,129 INFO 20: -0.25326001268235027
2023-05-09 05:29:30,129 INFO 30: -0.530292546129328
2023-05-09 05:29:30,129 INFO Grouping by level:
2023-05-09 05:29:30,129 INFO 1: -1.515828753230509
2023-05-09 05:29:30,129 INFO Grouping by level and horizont:
2023-05-09 05:29:30,129 INFO 1_1: -0.08196085835378854
2023-05-09 05:29:30,129 INFO 1_2: -0.12885802574071206
2023-05-09 05:29:30,129 INFO 1_3: -0.031530660748081134
2023-05-09 05:29:30,129 INFO 1_5: -0.19755466101134858
2023-05-09 05:29:30,129 INFO 1_10: -0.29237198856490043
2023-05-09 05:29:30,129 INFO 1_20: -0.25326001268235027
2023-05-09 05:29:30,129 INFO 1_30: -0.530292546129328
2023-05-09 05:29:30,131 INFO Non empty regressions: 1.0 --- 199128 / 199128
