2023-05-09 05:27:29,207 INFO Starting...
2023-05-09 05:27:29,207 INFO Tickers: ['T']
2023-05-09 05:27:34,657 INFO in_r2: 0.049128128344095856 , std 0.15646494388239515 
2023-05-09 05:27:34,657 INFO os_r2: -0.6788908187286808 , std 0.28198469115814734 
2023-05-09 05:27:34,657 INFO intercept: -1.129254179839034e-05 , std 0.00048356144901072 
2023-05-09 05:27:34,657 INFO ofi_1_1: 1.0241928737056843e-05 , std 0.00019380496271901708 
2023-05-09 05:27:34,657 INFO ofi_1_2: -2.4289128535331146e-05 , std 0.00018313059546901336 
2023-05-09 05:27:34,657 INFO ofi_1_3: -4.321102481438616e-06 , std 0.00016571417127263428 
2023-05-09 05:27:34,657 INFO ofi_1_5: -2.319226924317362e-05 , std 0.00013639262234069535 
2023-05-09 05:27:34,657 INFO ofi_1_10: -3.091157677153625e-05 , std 0.0001226155661575751 
2023-05-09 05:27:34,657 INFO ofi_1_20: -2.360615407293294e-05 , std 0.00013122347968386435 
2023-05-09 05:27:34,657 INFO ofi_1_30: -4.824363696414014e-05 , std 0.00013511968936900332 
2023-05-09 05:27:34,657 INFO t_intercept: -0.01844221131775024 , std 1.5689863201062453 
2023-05-09 05:27:34,657 INFO t_ofi_1_1: 0.012624940103543628 , std 0.9868259650344077 
2023-05-09 05:27:34,657 INFO t_ofi_1_2: -0.13620306384025616 , std 0.9464065640620304 
2023-05-09 05:27:34,657 INFO t_ofi_1_3: -0.03408743954041575 , std 0.9880381344411562 
2023-05-09 05:27:34,657 INFO t_ofi_1_5: -0.20253251518909718 , std 1.0443791387184054 
2023-05-09 05:27:34,657 INFO t_ofi_1_10: -0.30886816853786253 , std 1.1216463686378428 
2023-05-09 05:27:34,657 INFO t_ofi_1_20: -0.2541490705695231 , std 1.2600016847911446 
2023-05-09 05:27:34,657 INFO t_ofi_1_30: -0.5461203988761902 , std 1.293662916330452 
2023-05-09 05:27:35,309 INFO Grouping by horizont:
2023-05-09 05:27:35,309 INFO 1: 0.012624940103543628
2023-05-09 05:27:35,309 INFO 2: -0.13620306384025616
2023-05-09 05:27:35,309 INFO 3: -0.03408743954041575
2023-05-09 05:27:35,309 INFO 5: -0.20253251518909718
2023-05-09 05:27:35,309 INFO 10: -0.30886816853786253
2023-05-09 05:27:35,309 INFO 20: -0.2541490705695231
2023-05-09 05:27:35,309 INFO 30: -0.5461203988761902
2023-05-09 05:27:35,309 INFO Grouping by level:
2023-05-09 05:27:35,309 INFO 1: -1.4693357164498013
2023-05-09 05:27:35,309 INFO Grouping by level and horizont:
2023-05-09 05:27:35,309 INFO 1_1: 0.012624940103543628
2023-05-09 05:27:35,309 INFO 1_2: -0.13620306384025616
2023-05-09 05:27:35,309 INFO 1_3: -0.03408743954041575
2023-05-09 05:27:35,309 INFO 1_5: -0.20253251518909718
2023-05-09 05:27:35,309 INFO 1_10: -0.30886816853786253
2023-05-09 05:27:35,309 INFO 1_20: -0.2541490705695231
2023-05-09 05:27:35,309 INFO 1_30: -0.5461203988761902
2023-05-09 05:27:35,311 INFO Non empty regressions: 1.0 --- 199127 / 199127
