2023-05-09 05:27:59,876 INFO Starting...
2023-05-09 05:27:59,876 INFO Tickers: ['VZ']
2023-05-09 05:28:05,341 INFO in_r2: 0.054754066535475446 , std 0.15727228985287628 
2023-05-09 05:28:05,341 INFO os_r2: -0.671149360077556 , std 0.4759524475102185 
2023-05-09 05:28:05,341 INFO intercept: -4.7505810318662684e-06 , std 0.00047553219652825973 
2023-05-09 05:28:05,341 INFO ofi_1_1: 2.846526056328165e-06 , std 0.00014943692657671645 
2023-05-09 05:28:05,341 INFO ofi_1_2: -2.0843630745197978e-05 , std 0.00014081725716818188 
2023-05-09 05:28:05,342 INFO ofi_1_3: -4.311616290151303e-06 , std 0.00012842338910035262 
2023-05-09 05:28:05,342 INFO ofi_1_5: -1.7280051722541943e-05 , std 0.00010534745389482553 
2023-05-09 05:28:05,342 INFO ofi_1_10: -2.3933978087099762e-05 , std 9.726044259770085e-05 
2023-05-09 05:28:05,342 INFO ofi_1_20: -1.8745705741493804e-05 , std 0.00010142349118427263 
2023-05-09 05:28:05,342 INFO ofi_1_30: -3.8398872142658007e-05 , std 0.00010329325953706065 
2023-05-09 05:28:05,342 INFO t_intercept: -0.014690228168121175 , std 1.5702544290188274 
2023-05-09 05:28:05,342 INFO t_ofi_1_1: -0.025321523755546336 , std 0.9947813809819773 
2023-05-09 05:28:05,342 INFO t_ofi_1_2: -0.15056477314220845 , std 0.9432903280456709 
2023-05-09 05:28:05,342 INFO t_ofi_1_3: -0.04025763467499059 , std 0.9751941822820505 
2023-05-09 05:28:05,342 INFO t_ofi_1_5: -0.19280811212960222 , std 1.0424252302460302 
2023-05-09 05:28:05,342 INFO t_ofi_1_10: -0.30115722373857956 , std 1.1518179131463238 
2023-05-09 05:28:05,342 INFO t_ofi_1_20: -0.2583151932811581 , std 1.2593847591883038 
2023-05-09 05:28:05,342 INFO t_ofi_1_30: -0.5424840394043374 , std 1.3003724307754394 
2023-05-09 05:28:05,996 INFO Grouping by horizont:
2023-05-09 05:28:05,996 INFO 1: -0.025321523755546336
2023-05-09 05:28:05,996 INFO 2: -0.15056477314220845
2023-05-09 05:28:05,996 INFO 3: -0.04025763467499059
2023-05-09 05:28:05,996 INFO 5: -0.19280811212960222
2023-05-09 05:28:05,996 INFO 10: -0.30115722373857956
2023-05-09 05:28:05,996 INFO 20: -0.2583151932811581
2023-05-09 05:28:05,996 INFO 30: -0.5424840394043374
2023-05-09 05:28:05,996 INFO Grouping by level:
2023-05-09 05:28:05,996 INFO 1: -1.5109085001264226
2023-05-09 05:28:05,996 INFO Grouping by level and horizont:
2023-05-09 05:28:05,996 INFO 1_1: -0.025321523755546336
2023-05-09 05:28:05,996 INFO 1_2: -0.15056477314220845
2023-05-09 05:28:05,996 INFO 1_3: -0.04025763467499059
2023-05-09 05:28:05,996 INFO 1_5: -0.19280811212960222
2023-05-09 05:28:05,996 INFO 1_10: -0.30115722373857956
2023-05-09 05:28:05,996 INFO 1_20: -0.2583151932811581
2023-05-09 05:28:05,997 INFO 1_30: -0.5424840394043374
2023-05-09 05:28:05,998 INFO Non empty regressions: 1.0 --- 199128 / 199128
