2023-05-09 05:27:16,991 INFO Starting...
2023-05-09 05:27:16,991 INFO Tickers: ['XOM']
2023-05-09 05:27:22,470 INFO in_r2: 0.05692533196519183 , std 0.1560376286570728 
2023-05-09 05:27:22,471 INFO os_r2: -0.6411841653962751 , std 0.16678861500736542 
2023-05-09 05:27:22,471 INFO intercept: 4.1256630346244154e-06 , std 0.00047780175271346705 
2023-05-09 05:27:22,471 INFO ofi_1_1: 1.5534846832983812e-06 , std 0.00015040343379555494 
2023-05-09 05:27:22,471 INFO ofi_1_2: -2.0348724302091945e-05 , std 0.00014335040740645706 
2023-05-09 05:27:22,471 INFO ofi_1_3: -5.703072887391448e-06 , std 0.0001319046652925495 
2023-05-09 05:27:22,471 INFO ofi_1_5: -2.0078307270306336e-05 , std 0.00010619850709764277 
2023-05-09 05:27:22,471 INFO ofi_1_10: -2.4522372228217575e-05 , std 9.6900008035842e-05 
2023-05-09 05:27:22,471 INFO ofi_1_20: -1.8704606187233872e-05 , std 0.00010171489950057565 
2023-05-09 05:27:22,471 INFO ofi_1_30: -3.7386320837342944e-05 , std 0.00010282567940555801 
2023-05-09 05:27:22,471 INFO t_intercept: 0.03284577306036079 , std 1.5919520387390493 
2023-05-09 05:27:22,471 INFO t_ofi_1_1: -0.04130917675708965 , std 0.9730629254350771 
2023-05-09 05:27:22,471 INFO t_ofi_1_2: -0.1410991262752881 , std 0.9474401075010576 
2023-05-09 05:27:22,471 INFO t_ofi_1_3: -0.0483818431689218 , std 0.9883947121314505 
2023-05-09 05:27:22,471 INFO t_ofi_1_5: -0.21480949722996764 , std 1.0397096738724345 
2023-05-09 05:27:22,471 INFO t_ofi_1_10: -0.3170652326306457 , std 1.1527966458630068 
2023-05-09 05:27:22,471 INFO t_ofi_1_20: -0.26564333251996114 , std 1.2820190875228248 
2023-05-09 05:27:22,471 INFO t_ofi_1_30: -0.5257081811995739 , std 1.3224465565385413 
2023-05-09 05:27:23,133 INFO Grouping by horizont:
2023-05-09 05:27:23,133 INFO 1: -0.04130917675708965
2023-05-09 05:27:23,133 INFO 2: -0.1410991262752881
2023-05-09 05:27:23,133 INFO 3: -0.0483818431689218
2023-05-09 05:27:23,133 INFO 5: -0.21480949722996764
2023-05-09 05:27:23,133 INFO 10: -0.3170652326306457
2023-05-09 05:27:23,133 INFO 20: -0.26564333251996114
2023-05-09 05:27:23,133 INFO 30: -0.5257081811995739
2023-05-09 05:27:23,133 INFO Grouping by level:
2023-05-09 05:27:23,133 INFO 1: -1.5540163897814478
2023-05-09 05:27:23,133 INFO Grouping by level and horizont:
2023-05-09 05:27:23,133 INFO 1_1: -0.04130917675708965
2023-05-09 05:27:23,133 INFO 1_2: -0.1410991262752881
2023-05-09 05:27:23,133 INFO 1_3: -0.0483818431689218
2023-05-09 05:27:23,133 INFO 1_5: -0.21480949722996764
2023-05-09 05:27:23,133 INFO 1_10: -0.3170652326306457
2023-05-09 05:27:23,133 INFO 1_20: -0.26564333251996114
2023-05-09 05:27:23,133 INFO 1_30: -0.5257081811995739
2023-05-09 05:27:23,135 INFO Non empty regressions: 1.0 --- 199128 / 199128
