2023-04-21 10:02:58,186 INFO Tickers: ['ABT']
2023-04-21 10:03:56,521 INFO in_r2: 0.9592098295174765 , std 0.0366932877706412 
2023-04-21 10:03:56,521 INFO os_r2: 0.9484630126706561 , std 0.04609701456397635 
2023-04-21 10:03:56,521 INFO intercept: -6.224211950075127e-08 , std 3.6079423765646137e-06 
2023-04-21 10:03:56,521 INFO ofi_1: 4.9922561735969766e-05 , std 5.3149983556033265e-05 
2023-04-21 10:03:56,521 INFO ofi_2: 9.201213237946289e-05 , std 6.116409264996637e-05 
2023-04-21 10:03:56,521 INFO ofi_3: 7.336881314520549e-05 , std 4.997987423732017e-05 
2023-04-21 10:03:56,521 INFO ofi_4: 6.0524809204849035e-05 , std 4.807306574186647e-05 
2023-04-21 10:03:56,521 INFO ofi_5: 7.046561124352899e-05 , std 6.82924518908458e-05 
2023-04-21 10:03:56,521 INFO ofi_6: 9.804747847978053e-05 , std 8.096749342815294e-05 
2023-04-21 10:03:56,521 INFO ofi_7: 0.00011060330668004175 , std 0.00010688116987951036 
2023-04-21 10:03:56,521 INFO ofi_8: 0.00010641522397403149 , std 0.00011964046247522837 
2023-04-21 10:03:56,521 INFO ofi_9: 0.00014008226141602314 , std 0.00013175932730663303 
2023-04-21 10:03:56,521 INFO t_intercept: -0.005180674225261474 , std 1.0388006519126374 
2023-04-21 10:03:56,521 INFO t_ofi_1: 2.2235431212464842 , std 2.0574415557225842 
2023-04-21 10:03:56,521 INFO t_ofi_2: 3.2759160642786607 , std 1.984314744145622 
2023-04-21 10:03:56,521 INFO t_ofi_3: 2.9985625880006257 , std 1.943235930151044 
2023-04-21 10:03:56,521 INFO t_ofi_4: 2.594313382772265 , std 1.810304108293243 
2023-04-21 10:03:56,521 INFO t_ofi_5: 2.54424458514146 , std 2.1778835416981948 
2023-04-21 10:03:56,521 INFO t_ofi_6: 2.694713475778063 , std 2.103463569869375 
2023-04-21 10:03:56,521 INFO t_ofi_7: 2.322937751487157 , std 1.997987008364272 
2023-04-21 10:03:56,521 INFO t_ofi_8: 1.9152428110510373 , std 1.8870343093087585 
2023-04-21 10:03:56,521 INFO t_ofi_9: 2.551568302303021 , std 2.0855421096626854 
2023-04-21 10:03:56,521 INFO p_intercept: 0.4922167724919753 , std 0.29416931336369057 
2023-04-21 10:03:56,521 INFO p_ofi_1: 0.1881247393062165 , std 0.2742790216187369 
2023-04-21 10:03:56,521 INFO p_ofi_2: 0.08849454445162681 , std 0.1960641446206662 
2023-04-21 10:03:56,521 INFO p_ofi_3: 0.10903740974216278 , std 0.21662574819528974 
2023-04-21 10:03:56,521 INFO p_ofi_4: 0.13951898202908222 , std 0.24021161977808236 
2023-04-21 10:03:56,522 INFO p_ofi_5: 0.17397171044401233 , std 0.26649552435439006 
2023-04-21 10:03:56,522 INFO p_ofi_6: 0.14496068076206092 , std 0.24477509212233087 
2023-04-21 10:03:56,522 INFO p_ofi_7: 0.17747468770199482 , std 0.26467089075400235 
2023-04-21 10:03:56,522 INFO p_ofi_8: 0.21688847159444502 , std 0.2836388595754903 
2023-04-21 10:03:56,522 INFO p_ofi_9: 0.14926843655078442 , std 0.24879240167838773 
