2023-04-21 09:58:36,054 INFO Tickers: ['BRK.B']
2023-04-21 09:59:07,179 INFO Negative OS: -0.5548145673020268 --- ticker BRK.B --- day 2018-05-11 --- time 48600
2023-04-21 09:59:20,517 INFO Negative OS: -1.7987073439793364 --- ticker BRK.B --- day 2018-11-29 --- time 39600
2023-04-21 09:59:42,053 INFO Negative OS: -0.6781822559682644 --- ticker BRK.B --- day 2019-11-13 --- time 48600
2023-04-21 09:59:43,975 INFO in_r2: 0.8554585998678893 , std 0.06641112872426727 
2023-04-21 09:59:43,975 INFO os_r2: 0.8245964781469881 , std 0.09919740411872757 
2023-04-21 09:59:43,975 INFO intercept: -2.6108766677455374e-08 , std 6.5128802481331284e-06 
2023-04-21 09:59:43,975 INFO ofi_1: 4.8737564128359556e-05 , std 6.541672090184035e-05 
2023-04-21 09:59:43,975 INFO ofi_2: 7.856462541164123e-05 , std 6.285675108575061e-05 
2023-04-21 09:59:43,975 INFO ofi_3: 5.400546191785145e-05 , std 5.5006885610352097e-05 
2023-04-21 09:59:43,975 INFO ofi_4: 3.911846996071573e-05 , std 5.356311633624195e-05 
2023-04-21 09:59:43,975 INFO ofi_5: 2.7226658147726357e-05 , std 5.218926780505028e-05 
2023-04-21 09:59:43,975 INFO ofi_6: 2.679344572417505e-05 , std 5.3525958973855715e-05 
2023-04-21 09:59:43,975 INFO ofi_7: 1.9028823102264046e-05 , std 5.467329148920097e-05 
2023-04-21 09:59:43,975 INFO ofi_8: 2.2681984162876403e-05 , std 5.5229567374246505e-05 
2023-04-21 09:59:43,975 INFO ofi_9: 3.0781278364318394e-05 , std 4.928099110614993e-05 
2023-04-21 09:59:43,975 INFO t_intercept: -0.001529978621850648 , std 0.9874893800477796 
2023-04-21 09:59:43,975 INFO t_ofi_1: 1.5079818770186604 , std 1.7304932551580834 
2023-04-21 09:59:43,975 INFO t_ofi_2: 2.172032883098461 , std 1.439006435503612 
2023-04-21 09:59:43,975 INFO t_ofi_3: 1.4177499791532886 , std 1.2737812179730819 
2023-04-21 09:59:43,975 INFO t_ofi_4: 1.0208006329314707 , std 1.2659708230231288 
2023-04-21 09:59:43,975 INFO t_ofi_5: 0.7048098067362853 , std 1.2317018144266472 
2023-04-21 09:59:43,975 INFO t_ofi_6: 0.686949073768228 , std 1.2179230669553782 
2023-04-21 09:59:43,975 INFO t_ofi_7: 0.4958967256499907 , std 1.2162650120642045 
2023-04-21 09:59:43,975 INFO t_ofi_8: 0.5766368288670194 , std 1.2269261631040296 
2023-04-21 09:59:43,975 INFO t_ofi_9: 0.9161870460303277 , std 1.3079949408676101 
2023-04-21 09:59:43,975 INFO p_intercept: 0.5176509444334046 , std 0.287201353561615 
2023-04-21 09:59:43,975 INFO p_ofi_1: 0.26616068440778 , std 0.3018883487445009 
2023-04-21 09:59:43,975 INFO p_ofi_2: 0.1633508702650553 , std 0.2488034568467715 
2023-04-21 09:59:43,976 INFO p_ofi_3: 0.27236267855217394 , std 0.2908439279880407 
2023-04-21 09:59:43,976 INFO p_ofi_4: 0.33714609098131654 , std 0.30417794267496656 
2023-04-21 09:59:43,976 INFO p_ofi_5: 0.3938962691756887 , std 0.30705115085553036 
2023-04-21 09:59:43,976 INFO p_ofi_6: 0.40336651114530636 , std 0.31114873176640856 
2023-04-21 09:59:43,976 INFO p_ofi_7: 0.4220757069482508 , std 0.30574194160507595 
2023-04-21 09:59:43,976 INFO p_ofi_8: 0.40412458648950444 , std 0.3069458334057976 
2023-04-21 09:59:43,976 INFO p_ofi_9: 0.3593629858503075 , std 0.3121207858614424 
