2023-04-21 10:03:13,370 INFO Tickers: ['CRM']
2023-04-21 10:03:31,181 INFO Negative OS: -2.691472677699083 --- ticker CRM --- day 2017-09-29 --- time 52200
2023-04-21 10:03:42,518 INFO Negative OS: -1.4619582901219323 --- ticker CRM --- day 2018-02-28 --- time 41400
2023-04-21 10:03:46,132 INFO Negative OS: -0.0737906299595199 --- ticker CRM --- day 2018-05-02 --- time 52200
2023-04-21 10:03:46,346 INFO Negative OS: -0.07967902377998937 --- ticker CRM --- day 2018-05-07 --- time 39600
2023-04-21 10:03:46,504 INFO Negative OS: -0.18460409486508067 --- ticker CRM --- day 2018-05-09 --- time 39600
2023-04-21 10:03:46,652 INFO Negative OS: -0.17065464987754408 --- ticker CRM --- day 2018-05-11 --- time 36000
2023-04-21 10:03:46,657 INFO Negative OS: -0.23566487390116442 --- ticker CRM --- day 2018-05-11 --- time 37800
2023-04-21 10:04:25,983 INFO in_r2: 0.8824006843758461 , std 0.06059806737421745 
2023-04-21 10:04:25,983 INFO os_r2: 0.8538256873642087 , std 0.10280764531698311 
2023-04-21 10:04:25,983 INFO intercept: 8.580359534524816e-08 , std 9.56074522516528e-06 
2023-04-21 10:04:25,983 INFO ofi_1: 8.44067664565962e-05 , std 6.483861570486073e-05 
2023-04-21 10:04:25,983 INFO ofi_2: 0.00010403057355478458 , std 6.840741374245022e-05 
2023-04-21 10:04:25,983 INFO ofi_3: 7.406484209313876e-05 , std 6.600609259806049e-05 
2023-04-21 10:04:25,983 INFO ofi_4: 5.713237732763075e-05 , std 6.568453534994137e-05 
2023-04-21 10:04:25,983 INFO ofi_5: 4.508563569201624e-05 , std 6.727118073312444e-05 
2023-04-21 10:04:25,983 INFO ofi_6: 4.026380606535858e-05 , std 6.695594193251404e-05 
2023-04-21 10:04:25,983 INFO ofi_7: 3.5677660405994936e-05 , std 7.009957314493496e-05 
2023-04-21 10:04:25,983 INFO ofi_8: 3.630109825049848e-05 , std 7.225979929566188e-05 
2023-04-21 10:04:25,983 INFO ofi_9: 4.699005768208978e-05 , std 6.48701035021418e-05 
2023-04-21 10:04:25,983 INFO t_intercept: 0.021938636901510863 , std 1.0614653015012867 
2023-04-21 10:04:25,983 INFO t_ofi_1: 2.529867694472617 , std 1.5964348662656607 
2023-04-21 10:04:25,984 INFO t_ofi_2: 2.551605739606936 , std 1.4533374742210912 
2023-04-21 10:04:25,984 INFO t_ofi_3: 1.689365830040637 , std 1.3298613001868327 
2023-04-21 10:04:25,984 INFO t_ofi_4: 1.2872166727230114 , std 1.3367249784555832 
2023-04-21 10:04:25,984 INFO t_ofi_5: 0.9748189447261517 , std 1.2837090837149874 
2023-04-21 10:04:25,984 INFO t_ofi_6: 0.869977979359425 , std 1.2752568678464287 
2023-04-21 10:04:25,984 INFO t_ofi_7: 0.7588347815163328 , std 1.2539099899458215 
2023-04-21 10:04:25,984 INFO t_ofi_8: 0.7497964778207216 , std 1.2628880549735166 
2023-04-21 10:04:25,984 INFO t_ofi_9: 1.1647285525095037 , std 1.4147748588480515 
2023-04-21 10:04:25,984 INFO p_intercept: 0.49174890241085856 , std 0.2944892444986979 
2023-04-21 10:04:25,984 INFO p_ofi_1: 0.1311901469736511 , std 0.2308136806088446 
2023-04-21 10:04:25,984 INFO p_ofi_2: 0.1156068329463107 , std 0.21344198608385886 
2023-04-21 10:04:25,984 INFO p_ofi_3: 0.22741064003215614 , std 0.27782370489507374 
2023-04-21 10:04:25,984 INFO p_ofi_4: 0.29810998377213926 , std 0.29967902521475587 
2023-04-21 10:04:25,984 INFO p_ofi_5: 0.35031144737796094 , std 0.305707177878248 
2023-04-21 10:04:25,984 INFO p_ofi_6: 0.37013476949798607 , std 0.3088830906983603 
2023-04-21 10:04:25,984 INFO p_ofi_7: 0.3858213741644312 , std 0.3078066505635864 
2023-04-21 10:04:25,984 INFO p_ofi_8: 0.387142972907739 , std 0.3081856922359028 
2023-04-21 10:04:25,984 INFO p_ofi_9: 0.3179078101225956 , std 0.30355729786341595 
