2023-04-21 09:59:47,193 INFO Tickers: ['DIS']
2023-04-21 10:00:58,896 INFO in_r2: 0.9250796163488932 , std 0.03891135037239909 
2023-04-21 10:00:58,896 INFO os_r2: 0.9107539309885595 , std 0.050506780214161454 
2023-04-21 10:00:58,896 INFO intercept: -2.0741032909032564e-07 , std 4.148866786778966e-06 
2023-04-21 10:00:58,896 INFO ofi_1: 5.4516180283436784e-05 , std 4.751451391003091e-05 
2023-04-21 10:00:58,896 INFO ofi_2: 6.348187712520343e-05 , std 5.131599660851937e-05 
2023-04-21 10:00:58,896 INFO ofi_3: 5.0106016405442635e-05 , std 4.7657242339325766e-05 
2023-04-21 10:00:58,896 INFO ofi_4: 4.8376074985097185e-05 , std 4.766776942986913e-05 
2023-04-21 10:00:58,896 INFO ofi_5: 3.457166066883399e-05 , std 4.495702701988371e-05 
2023-04-21 10:00:58,896 INFO ofi_6: 3.730102014773484e-05 , std 4.7134990222335016e-05 
2023-04-21 10:00:58,896 INFO ofi_7: 3.317066755147886e-05 , std 4.809802594910372e-05 
2023-04-21 10:00:58,896 INFO ofi_8: 4.801587496135713e-05 , std 5.6753152885126105e-05 
2023-04-21 10:00:58,896 INFO ofi_9: 7.028923023887811e-05 , std 6.009265684838329e-05 
2023-04-21 10:00:58,896 INFO t_intercept: -0.03947185590957129 , std 0.9705632072855532 
2023-04-21 10:00:58,896 INFO t_ofi_1: 2.0072150697973075 , std 1.5826994379697428 
2023-04-21 10:00:58,897 INFO t_ofi_2: 1.9036157828943068 , std 1.42941549191382 
2023-04-21 10:00:58,897 INFO t_ofi_3: 1.478756166202865 , std 1.3419165082804394 
2023-04-21 10:00:58,897 INFO t_ofi_4: 1.4269000620528878 , std 1.3268849776974685 
2023-04-21 10:00:58,897 INFO t_ofi_5: 1.0782575917725707 , std 1.308290827778814 
2023-04-21 10:00:58,897 INFO t_ofi_6: 1.1580313585053397 , std 1.3090336497015256 
2023-04-21 10:00:58,897 INFO t_ofi_7: 0.9891140001426261 , std 1.294755174138443 
2023-04-21 10:00:58,897 INFO t_ofi_8: 1.2552179210074759 , std 1.3435440165383135 
2023-04-21 10:00:58,897 INFO t_ofi_9: 1.9401257404488765 , std 1.5606102306019796 
2023-04-21 10:00:58,897 INFO p_intercept: 0.514946448004222 , std 0.28623485997925185 
2023-04-21 10:00:58,897 INFO p_ofi_1: 0.19105160592410508 , std 0.2687732456673476 
2023-04-21 10:00:58,897 INFO p_ofi_2: 0.19901855470899119 , std 0.27164753324652047 
2023-04-21 10:00:58,897 INFO p_ofi_3: 0.26311030509157596 , std 0.2938293019900773 
2023-04-21 10:00:58,897 INFO p_ofi_4: 0.2695514069418823 , std 0.2903174688300893 
2023-04-21 10:00:58,897 INFO p_ofi_5: 0.32949941562328616 , std 0.3036738226402884 
2023-04-21 10:00:58,897 INFO p_ofi_6: 0.3191331774619706 , std 0.30373818776166245 
2023-04-21 10:00:58,897 INFO p_ofi_7: 0.34809263240686067 , std 0.3085825321772646 
2023-04-21 10:00:58,897 INFO p_ofi_8: 0.30473165674674546 , std 0.3043548854218126 
2023-04-21 10:00:58,897 INFO p_ofi_9: 0.20716620443047148 , std 0.27490397102838027 
