2023-04-21 10:10:22,543 INFO Tickers: ['DUK']
2023-04-21 10:11:18,624 INFO Negative OS: -0.013776557238721843 --- ticker DUK --- day 2019-06-24 --- time 39600
2023-04-21 10:11:32,292 INFO in_r2: 0.9294107080361533 , std 0.043005496573890814 
2023-04-21 10:11:32,292 INFO os_r2: 0.9168442947549874 , std 0.05629770577523429 
2023-04-21 10:11:32,292 INFO intercept: 1.0890259355066963e-07 , std 3.822956578145111e-06 
2023-04-21 10:11:32,292 INFO ofi_1: 4.826841919400365e-05 , std 7.1493635344931e-05 
2023-04-21 10:11:32,292 INFO ofi_2: 8.636871550145166e-05 , std 7.238489281765728e-05 
2023-04-21 10:11:32,292 INFO ofi_3: 7.361584645037363e-05 , std 5.64580534185895e-05 
2023-04-21 10:11:32,292 INFO ofi_4: 7.053860550857871e-05 , std 5.908062463487275e-05 
2023-04-21 10:11:32,292 INFO ofi_5: 6.422022485124725e-05 , std 6.356480280979938e-05 
2023-04-21 10:11:32,292 INFO ofi_6: 6.24767229173745e-05 , std 6.037012158980689e-05 
2023-04-21 10:11:32,292 INFO ofi_7: 5.655608321724377e-05 , std 6.405655452640441e-05 
2023-04-21 10:11:32,292 INFO ofi_8: 5.82806112267383e-05 , std 6.811465609849337e-05 
2023-04-21 10:11:32,292 INFO ofi_9: 7.237736337394637e-05 , std 6.966438505217174e-05 
2023-04-21 10:11:32,292 INFO t_intercept: 0.03069439072039482 , std 0.9401906800005838 
2023-04-21 10:11:32,292 INFO t_ofi_1: 1.3265761685272965 , std 1.8901451729274845 
2023-04-21 10:11:32,292 INFO t_ofi_2: 2.252615282427829 , std 1.6081113001691232 
2023-04-21 10:11:32,292 INFO t_ofi_3: 1.9754654402119742 , std 1.4022676245532661 
2023-04-21 10:11:32,292 INFO t_ofi_4: 1.8197540168311344 , std 1.4445992250222335 
2023-04-21 10:11:32,292 INFO t_ofi_5: 1.5970482111546431 , std 1.4326942616751555 
2023-04-21 10:11:32,292 INFO t_ofi_6: 1.5631913176453107 , std 1.4094004807977538 
2023-04-21 10:11:32,292 INFO t_ofi_7: 1.4007671827071608 , std 1.4381618210652554 
2023-04-21 10:11:32,292 INFO t_ofi_8: 1.3641497572134698 , std 1.4561554828336583 
2023-04-21 10:11:32,292 INFO t_ofi_9: 1.8190171574089344 , std 1.672614933900894 
2023-04-21 10:11:32,292 INFO p_intercept: 0.5252393042453039 , std 0.2824570659533579 
2023-04-21 10:11:32,292 INFO p_ofi_1: 0.2639562084047741 , std 0.3024382470493904 
2023-04-21 10:11:32,292 INFO p_ofi_2: 0.16606871051033498 , std 0.2581410270240178 
2023-04-21 10:11:32,292 INFO p_ofi_3: 0.184668315853782 , std 0.25633633149940943 
2023-04-21 10:11:32,292 INFO p_ofi_4: 0.20822937293883323 , std 0.269624278706228 
2023-04-21 10:11:32,292 INFO p_ofi_5: 0.24977175188758316 , std 0.28883592104501493 
2023-04-21 10:11:32,292 INFO p_ofi_6: 0.25647665529055813 , std 0.29229413274602967 
2023-04-21 10:11:32,292 INFO p_ofi_7: 0.27669799344152646 , std 0.295552815672788 
2023-04-21 10:11:32,292 INFO p_ofi_8: 0.28258113615534636 , std 0.2994389158172125 
2023-04-21 10:11:32,292 INFO p_ofi_9: 0.22575266156583246 , std 0.2830561500636297 
