2023-04-21 10:10:16,083 INFO Tickers: ['FISV']
2023-04-21 10:10:37,417 INFO Negative OS: -0.24828945822303705 --- ticker FISV --- day 2018-02-07 --- time 36000
2023-04-21 10:11:09,835 INFO Negative OS: -0.2477702383443774 --- ticker FISV --- day 2019-06-26 --- time 43200
2023-04-21 10:11:15,564 INFO Negative OS: -0.5133751111022837 --- ticker FISV --- day 2019-09-26 --- time 48600
2023-04-21 10:11:19,927 INFO in_r2: 0.903688934343574 , std 0.07046368885808538 
2023-04-21 10:11:19,927 INFO os_r2: 0.8806671001302431 , std 0.09994808260587683 
2023-04-21 10:11:19,927 INFO intercept: -1.2576792500558394e-07 , std 8.546577475196247e-06 
2023-04-21 10:11:19,927 INFO ofi_1: 7.701495157214957e-05 , std 6.77618289728533e-05 
2023-04-21 10:11:19,927 INFO ofi_2: 9.268502505847392e-05 , std 6.625981856319446e-05 
2023-04-21 10:11:19,928 INFO ofi_3: 8.167905921441255e-05 , std 6.810020229868024e-05 
2023-04-21 10:11:19,928 INFO ofi_4: 6.748055254113104e-05 , std 6.765452767169545e-05 
2023-04-21 10:11:19,928 INFO ofi_5: 6.430526963077814e-05 , std 7.115287387451271e-05 
2023-04-21 10:11:19,928 INFO ofi_6: 5.8112781850100215e-05 , std 7.361612229713083e-05 
2023-04-21 10:11:19,928 INFO ofi_7: 5.4888331130012414e-05 , std 8.10289914096483e-05 
2023-04-21 10:11:19,928 INFO ofi_8: 5.192154294160382e-05 , std 8.538010671307013e-05 
2023-04-21 10:11:19,928 INFO ofi_9: 5.822102112571149e-05 , std 8.32644821708107e-05 
2023-04-21 10:11:19,928 INFO t_intercept: -0.03790464013021341 , std 1.0840556697321502 
2023-04-21 10:11:19,928 INFO t_ofi_1: 2.596736644332449 , std 2.0100427556504212 
2023-04-21 10:11:19,928 INFO t_ofi_2: 2.4867004170718277 , std 1.5217546201089491 
2023-04-21 10:11:19,928 INFO t_ofi_3: 2.0132796074780015 , std 1.4246445860423163 
2023-04-21 10:11:19,928 INFO t_ofi_4: 1.6535152261371062 , std 1.4504438817391199 
2023-04-21 10:11:19,928 INFO t_ofi_5: 1.5402340364926104 , std 1.452716555317436 
2023-04-21 10:11:19,928 INFO t_ofi_6: 1.3960477628452514 , std 1.5140049644583136 
2023-04-21 10:11:19,928 INFO t_ofi_7: 1.2946497535467574 , std 1.5150365551495486 
2023-04-21 10:11:19,928 INFO t_ofi_8: 1.28887352102146 , std 1.5460459552248564 
2023-04-21 10:11:19,928 INFO t_ofi_9: 1.7461957267667574 , std 2.0055766598909375 
2023-04-21 10:11:19,928 INFO p_intercept: 0.48670428185233233 , std 0.2969370192050006 
2023-04-21 10:11:19,928 INFO p_ofi_1: 0.14851893908412245 , std 0.2523938758812706 
2023-04-21 10:11:19,928 INFO p_ofi_2: 0.13235290989656548 , std 0.23200805799493002 
2023-04-21 10:11:19,928 INFO p_ofi_3: 0.18890361779675693 , std 0.26032933964086763 
2023-04-21 10:11:19,928 INFO p_ofi_4: 0.24071269799040762 , std 0.2855807696493551 
2023-04-21 10:11:19,928 INFO p_ofi_5: 0.255578596133814 , std 0.2913970000363464 
2023-04-21 10:11:19,928 INFO p_ofi_6: 0.276246825268389 , std 0.29520154804071924 
2023-04-21 10:11:19,928 INFO p_ofi_7: 0.29165931168557824 , std 0.3009263923649079 
2023-04-21 10:11:19,928 INFO p_ofi_8: 0.29448777635243 , std 0.3027555500767941 
2023-04-21 10:11:19,928 INFO p_ofi_9: 0.2467023613741459 , std 0.30124141557918743 
