2023-04-21 10:07:40,925 INFO Tickers: ['GILD']
2023-04-21 10:07:43,815 INFO Negative OS: -0.022860486143401637 --- ticker GILD --- day 2017-02-22 --- time 46800
2023-04-21 10:08:43,919 INFO Negative OS: -4.482555589168294 --- ticker GILD --- day 2019-09-11 --- time 37800
2023-04-21 10:08:43,924 INFO Negative OS: -0.17593924695843355 --- ticker GILD --- day 2019-09-11 --- time 39600
2023-04-21 10:08:50,786 INFO in_r2: 0.9621592351115762 , std 0.028640738601565956 
2023-04-21 10:08:50,786 INFO os_r2: 0.9496345780512194 , std 0.07683622421316588 
2023-04-21 10:08:50,786 INFO intercept: -2.0715592946376696e-07 , std 4.572108623391958e-06 
2023-04-21 10:08:50,786 INFO ofi_1: 3.480242683050007e-05 , std 4.8209174136830734e-05 
2023-04-21 10:08:50,786 INFO ofi_2: 7.174430229963061e-05 , std 5.421041205399682e-05 
2023-04-21 10:08:50,786 INFO ofi_3: 7.680921141293196e-05 , std 5.309330408552658e-05 
2023-04-21 10:08:50,786 INFO ofi_4: 7.108904621178375e-05 , std 5.3197417415965005e-05 
2023-04-21 10:08:50,786 INFO ofi_5: 6.183517906376428e-05 , std 5.313684287619227e-05 
2023-04-21 10:08:50,786 INFO ofi_6: 8.172136465572834e-05 , std 6.233667785054086e-05 
2023-04-21 10:08:50,786 INFO ofi_7: 8.738182811317025e-05 , std 7.032717380145574e-05 
2023-04-21 10:08:50,786 INFO ofi_8: 8.600146987848342e-05 , std 7.660040991800372e-05 
2023-04-21 10:08:50,787 INFO ofi_9: 0.0001195900759833284 , std 7.602613996677429e-05 
2023-04-21 10:08:50,787 INFO t_intercept: -0.01864687519949995 , std 1.0447091810706002 
2023-04-21 10:08:50,787 INFO t_ofi_1: 1.4119032667010536 , std 1.7995337195752341 
2023-04-21 10:08:50,787 INFO t_ofi_2: 2.3001881498389096 , std 1.6042276894321923 
2023-04-21 10:08:50,787 INFO t_ofi_3: 2.4066541199244704 , std 1.5892917604683754 
2023-04-21 10:08:50,787 INFO t_ofi_4: 2.3097549098170562 , std 1.6413038881066138 
2023-04-21 10:08:50,787 INFO t_ofi_5: 2.055944762069671 , std 1.6594200818787057 
2023-04-21 10:08:50,787 INFO t_ofi_6: 2.4156889934529397 , std 1.7774773756910616 
2023-04-21 10:08:50,787 INFO t_ofi_7: 2.277199944378182 , std 1.68354077142758 
2023-04-21 10:08:50,787 INFO t_ofi_8: 2.150519145274714 , std 1.7489217622323743 
2023-04-21 10:08:50,787 INFO t_ofi_9: 3.2761039022212484 , std 2.065269931128708 
2023-04-21 10:08:50,787 INFO p_intercept: 0.49119402209517843 , std 0.29247437696400547 
2023-04-21 10:08:50,787 INFO p_ofi_1: 0.2734345097627953 , std 0.30255883457422833 
2023-04-21 10:08:50,787 INFO p_ofi_2: 0.15725638635036013 , std 0.2487159648080778 
2023-04-21 10:08:50,787 INFO p_ofi_3: 0.13766607322287538 , std 0.23100546859781332 
2023-04-21 10:08:50,787 INFO p_ofi_4: 0.15579442109790545 , std 0.24607110670345428 
2023-04-21 10:08:50,787 INFO p_ofi_5: 0.19119696293279229 , std 0.2662184787053989 
2023-04-21 10:08:50,787 INFO p_ofi_6: 0.15338533843628901 , std 0.24917558347037788 
2023-04-21 10:08:50,787 INFO p_ofi_7: 0.16492298494832824 , std 0.2538801322349177 
2023-04-21 10:08:50,787 INFO p_ofi_8: 0.1789716613207844 , std 0.2627916980209617 
2023-04-21 10:08:50,787 INFO p_ofi_9: 0.08904985771036528 , std 0.1983153926011361 
