2023-04-21 10:00:53,659 INFO Tickers: ['HD']
2023-04-21 10:01:59,633 INFO Negative OS: -0.2919509390893218 --- ticker HD --- day 2019-10-30 --- time 36000
2023-04-21 10:02:01,840 INFO Negative OS: -5.5882561461095595 --- ticker HD --- day 2019-12-05 --- time 45000
2023-04-21 10:02:02,446 INFO in_r2: 0.8777801474364997 , std 0.051655949624542494 
2023-04-21 10:02:02,446 INFO os_r2: 0.8522336508256524 , std 0.10518081501562772 
2023-04-21 10:02:02,447 INFO intercept: -1.8412090368714108e-07 , std 6.4852614187958705e-06 
2023-04-21 10:02:02,447 INFO ofi_1: 6.674594127833402e-05 , std 4.8821311142977294e-05 
2023-04-21 10:02:02,447 INFO ofi_2: 7.982671903582096e-05 , std 4.9850986398038396e-05 
2023-04-21 10:02:02,447 INFO ofi_3: 5.21893626588468e-05 , std 4.812092314782629e-05 
2023-04-21 10:02:02,447 INFO ofi_4: 3.7550057001351215e-05 , std 4.765978482405936e-05 
2023-04-21 10:02:02,447 INFO ofi_5: 2.6164446527937393e-05 , std 4.623558362820456e-05 
2023-04-21 10:02:02,447 INFO ofi_6: 2.5400553580942036e-05 , std 4.711256370130937e-05 
2023-04-21 10:02:02,447 INFO ofi_7: 2.1326323727170473e-05 , std 4.717309450198321e-05 
2023-04-21 10:02:02,447 INFO ofi_8: 2.0759896932067954e-05 , std 4.8080389230986425e-05 
2023-04-21 10:02:02,447 INFO ofi_9: 2.978195954791534e-05 , std 4.536122476728338e-05 
2023-04-21 10:02:02,447 INFO t_intercept: -0.03879349428276419 , std 1.0142122525403663 
2023-04-21 10:02:02,447 INFO t_ofi_1: 2.3018866308855843 , std 1.5074700677891824 
2023-04-21 10:02:02,447 INFO t_ofi_2: 2.3729924808964813 , std 1.3250162352247337 
2023-04-21 10:02:02,447 INFO t_ofi_3: 1.470222925645726 , std 1.2478849631353195 
2023-04-21 10:02:02,447 INFO t_ofi_4: 1.0698292512058918 , std 1.246004253655602 
2023-04-21 10:02:02,447 INFO t_ofi_5: 0.7707492661955428 , std 1.2179992892896987 
2023-04-21 10:02:02,447 INFO t_ofi_6: 0.7416097336421344 , std 1.212303251482383 
2023-04-21 10:02:02,447 INFO t_ofi_7: 0.6202695676894844 , std 1.1866292317863025 
2023-04-21 10:02:02,447 INFO t_ofi_8: 0.6256771455951599 , std 1.210597371306269 
2023-04-21 10:02:02,447 INFO t_ofi_9: 0.9872688771990884 , std 1.3027070369314373 
2023-04-21 10:02:02,447 INFO p_intercept: 0.5098546224329202 , std 0.29217782395662917 
2023-04-21 10:02:02,447 INFO p_ofi_1: 0.15358726638066234 , std 0.2457097090220871 
2023-04-21 10:02:02,447 INFO p_ofi_2: 0.12650355440050978 , std 0.21983765104731803 
2023-04-21 10:02:02,447 INFO p_ofi_3: 0.2651387638246063 , std 0.29227935475610883 
2023-04-21 10:02:02,447 INFO p_ofi_4: 0.3358736964129725 , std 0.30517993665923915 
2023-04-21 10:02:02,447 INFO p_ofi_5: 0.38313557997696374 , std 0.3045502158702411 
2023-04-21 10:02:02,447 INFO p_ofi_6: 0.3843945156364571 , std 0.30478032239532454 
2023-04-21 10:02:02,447 INFO p_ofi_7: 0.40694369439388317 , std 0.30608814690858904 
2023-04-21 10:02:02,447 INFO p_ofi_8: 0.4077084285930351 , std 0.30695624227384655 
2023-04-21 10:02:02,447 INFO p_ofi_9: 0.3452365853887093 , std 0.30715938649507424 
