2023-04-21 10:03:06,203 INFO Tickers: ['MCD']
2023-04-21 10:03:49,088 INFO Negative OS: -1.0920085607290737 --- ticker MCD --- day 2019-01-30 --- time 41400
2023-04-21 10:03:49,112 INFO Negative OS: -0.1563651183322703 --- ticker MCD --- day 2019-01-30 --- time 50400
2023-04-21 10:04:10,445 INFO in_r2: 0.8649722983738296 , std 0.0586538523558886 
2023-04-21 10:04:10,445 INFO os_r2: 0.8383105728057235 , std 0.07961071873284448 
2023-04-21 10:04:10,445 INFO intercept: -1.5455976957040968e-07 , std 4.800022397233685e-06 
2023-04-21 10:04:10,445 INFO ofi_1: 6.53206028196178e-05 , std 4.999679171653083e-05 
2023-04-21 10:04:10,445 INFO ofi_2: 8.660799997436939e-05 , std 5.426819895497464e-05 
2023-04-21 10:04:10,445 INFO ofi_3: 5.482394725628688e-05 , std 5.1512944065723095e-05 
2023-04-21 10:04:10,445 INFO ofi_4: 3.7928456231840054e-05 , std 4.896106577648745e-05 
2023-04-21 10:04:10,445 INFO ofi_5: 2.8003558618385218e-05 , std 4.860225216903454e-05 
2023-04-21 10:04:10,445 INFO ofi_6: 2.490915686161551e-05 , std 4.7906676145426945e-05 
2023-04-21 10:04:10,445 INFO ofi_7: 2.0976832549516958e-05 , std 4.942948662874055e-05 
2023-04-21 10:04:10,445 INFO ofi_8: 2.026653897832814e-05 , std 5.061517347311379e-05 
2023-04-21 10:04:10,445 INFO ofi_9: 3.2887114290423776e-05 , std 4.8682592075348675e-05 
2023-04-21 10:04:10,445 INFO t_intercept: -0.039913156705678375 , std 0.8962325150454467 
2023-04-21 10:04:10,445 INFO t_ofi_1: 2.1684229737600047 , std 1.53995270929259 
2023-04-21 10:04:10,445 INFO t_ofi_2: 2.4633793459713456 , std 1.3697234051527802 
2023-04-21 10:04:10,445 INFO t_ofi_3: 1.5214932692441243 , std 1.2626868551130028 
2023-04-21 10:04:10,445 INFO t_ofi_4: 1.0906029751158681 , std 1.2932841840065525 
2023-04-21 10:04:10,445 INFO t_ofi_5: 0.8165081843492781 , std 1.2446271135548432 
2023-04-21 10:04:10,445 INFO t_ofi_6: 0.7263563196420106 , std 1.24965277184505 
2023-04-21 10:04:10,445 INFO t_ofi_7: 0.5959080193381948 , std 1.2476368200914532 
2023-04-21 10:04:10,445 INFO t_ofi_8: 0.5989541240964729 , std 1.234420027962689 
2023-04-21 10:04:10,445 INFO t_ofi_9: 1.022654613525216 , std 1.3611584332736242 
2023-04-21 10:04:10,445 INFO p_intercept: 0.5418077729798011 , std 0.2773732187883814 
2023-04-21 10:04:10,445 INFO p_ofi_1: 0.16976435476290555 , std 0.25791384238851706 
2023-04-21 10:04:10,445 INFO p_ofi_2: 0.11753451813205884 , std 0.21207109799450719 
2023-04-21 10:04:10,445 INFO p_ofi_3: 0.2526109127542702 , std 0.28477649447019404 
2023-04-21 10:04:10,445 INFO p_ofi_4: 0.3229615357743313 , std 0.3043499948165656 
2023-04-21 10:04:10,445 INFO p_ofi_5: 0.377893174006092 , std 0.30776938331243164 
2023-04-21 10:04:10,445 INFO p_ofi_6: 0.3851837491689315 , std 0.30805610505898295 
2023-04-21 10:04:10,445 INFO p_ofi_7: 0.404541470973379 , std 0.3082713906020444 
2023-04-21 10:04:10,445 INFO p_ofi_8: 0.4028385587966865 , std 0.3075505620467943 
2023-04-21 10:04:10,445 INFO p_ofi_9: 0.3428852743908995 , std 0.31084757397647417 
