2023-04-21 09:59:43,908 INFO Tickers: ['PG']
2023-04-21 10:00:43,469 INFO Negative OS: -0.7666563021755892 --- ticker PG --- day 2019-09-04 --- time 36000
2023-04-21 10:00:49,227 INFO in_r2: 0.9535388294290233 , std 0.027406647655993047 
2023-04-21 10:00:49,227 INFO os_r2: 0.9421170222566981 , std 0.04325245842386331 
2023-04-21 10:00:49,227 INFO intercept: 3.382768260254546e-08 , std 2.5955583414923944e-06 
2023-04-21 10:00:49,227 INFO ofi_1: 1.7983476150034207e-05 , std 3.796046357167322e-05 
2023-04-21 10:00:49,227 INFO ofi_2: 5.651046619344127e-05 , std 4.547637881670458e-05 
2023-04-21 10:00:49,227 INFO ofi_3: 5.863707585887552e-05 , std 4.4906221104701164e-05 
2023-04-21 10:00:49,227 INFO ofi_4: 5.302242629085342e-05 , std 4.748161689519112e-05 
2023-04-21 10:00:49,227 INFO ofi_5: 4.8605933131783526e-05 , std 4.52132180700929e-05 
2023-04-21 10:00:49,227 INFO ofi_6: 4.619803412519974e-05 , std 4.864815441786449e-05 
2023-04-21 10:00:49,227 INFO ofi_7: 6.571161871656578e-05 , std 6.355310323257504e-05 
2023-04-21 10:00:49,227 INFO ofi_8: 7.45265272745525e-05 , std 7.723802775001518e-05 
2023-04-21 10:00:49,227 INFO ofi_9: 9.702998393480807e-05 , std 8.298402476658794e-05 
2023-04-21 10:00:49,227 INFO t_intercept: 0.040430775502041105 , std 0.9995364817084025 
2023-04-21 10:00:49,227 INFO t_ofi_1: 0.8445808655852133 , std 1.7223090827501761 
2023-04-21 10:00:49,227 INFO t_ofi_2: 2.017773422792803 , std 1.5546101002898152 
2023-04-21 10:00:49,227 INFO t_ofi_3: 2.1001923646947223 , std 1.5653282895491534 
2023-04-21 10:00:49,227 INFO t_ofi_4: 1.9484899199117645 , std 1.6116854199879278 
2023-04-21 10:00:49,227 INFO t_ofi_5: 1.867181265010588 , std 1.56416429271267 
2023-04-21 10:00:49,227 INFO t_ofi_6: 1.6860151657538551 , std 1.553266548377382 
2023-04-21 10:00:49,227 INFO t_ofi_7: 1.887672791744911 , std 1.6492715281724541 
2023-04-21 10:00:49,227 INFO t_ofi_8: 1.7499118846934603 , std 1.568842457447659 
2023-04-21 10:00:49,227 INFO t_ofi_9: 2.3647102932560826 , std 1.8192811683361656 
2023-04-21 10:00:49,227 INFO p_intercept: 0.5016672504479441 , std 0.28875464377242005 
2023-04-21 10:00:49,227 INFO p_ofi_1: 0.3107025811286642 , std 0.30651168223924247 
2023-04-21 10:00:49,227 INFO p_ofi_2: 0.18809761371590128 , std 0.2664473759453673 
2023-04-21 10:00:49,227 INFO p_ofi_3: 0.17981420545636853 , std 0.2602468220310767 
2023-04-21 10:00:49,227 INFO p_ofi_4: 0.20409689272693535 , std 0.2773014682241114 
2023-04-21 10:00:49,227 INFO p_ofi_5: 0.2120913374912695 , std 0.27658504978658427 
2023-04-21 10:00:49,227 INFO p_ofi_6: 0.24058885446050668 , std 0.2890835605399326 
2023-04-21 10:00:49,227 INFO p_ofi_7: 0.216649236744017 , std 0.28062000489241457 
2023-04-21 10:00:49,227 INFO p_ofi_8: 0.2285414480108205 , std 0.2842434095082387 
2023-04-21 10:00:49,227 INFO p_ofi_9: 0.16114316128250875 , std 0.25611191484278717 
