2023-04-21 10:03:15,781 INFO Tickers: ['PM']
2023-04-21 10:03:27,260 INFO Negative OS: -0.3184253542530009 --- ticker PM --- day 2017-07-28 --- time 37800
2023-04-21 10:03:36,106 INFO Negative OS: -0.4785150107004066 --- ticker PM --- day 2017-11-30 --- time 41400
2023-04-21 10:03:36,291 INFO Negative OS: -2.242219956692 --- ticker PM --- day 2017-12-01 --- time 45000
2023-04-21 10:03:45,811 INFO Negative OS: -0.4264290105095845 --- ticker PM --- day 2018-05-01 --- time 45000
2023-04-21 10:03:52,964 INFO Negative OS: -1.6267108255911626 --- ticker PM --- day 2018-08-03 --- time 36000
2023-04-21 10:04:24,671 INFO in_r2: 0.9029876062404311 , std 0.05077512323912412 
2023-04-21 10:04:24,671 INFO os_r2: 0.8807772489380776 , std 0.09209429081507697 
2023-04-21 10:04:24,671 INFO intercept: -2.5246423527868346e-07 , std 5.864973640846459e-06 
2023-04-21 10:04:24,671 INFO ofi_1: 8.867857151979848e-05 , std 7.36696393276975e-05 
2023-04-21 10:04:24,671 INFO ofi_2: 0.00011379421166620862 , std 7.214896812418993e-05 
2023-04-21 10:04:24,671 INFO ofi_3: 7.084411539528134e-05 , std 6.181256759295142e-05 
2023-04-21 10:04:24,671 INFO ofi_4: 5.942580536778015e-05 , std 6.013879349722735e-05 
2023-04-21 10:04:24,671 INFO ofi_5: 4.787978530222448e-05 , std 6.28768658846046e-05 
2023-04-21 10:04:24,671 INFO ofi_6: 4.81754199639359e-05 , std 6.404860188087329e-05 
2023-04-21 10:04:24,671 INFO ofi_7: 4.154731425982554e-05 , std 6.550325659266596e-05 
2023-04-21 10:04:24,671 INFO ofi_8: 4.47412842259979e-05 , std 7.351410391292271e-05 
2023-04-21 10:04:24,671 INFO ofi_9: 5.829270665346808e-05 , std 7.822750810744889e-05 
2023-04-21 10:04:24,671 INFO t_intercept: -0.046863204531669846 , std 0.9524444137084114 
2023-04-21 10:04:24,671 INFO t_ofi_1: 2.5996293689434626 , std 1.8359652650956784 
2023-04-21 10:04:24,671 INFO t_ofi_2: 2.9112073704953954 , std 1.4987220233179501 
2023-04-21 10:04:24,671 INFO t_ofi_3: 1.7816776079614383 , std 1.3669274166426562 
2023-04-21 10:04:24,671 INFO t_ofi_4: 1.5124658606158001 , std 1.374543470482174 
2023-04-21 10:04:24,671 INFO t_ofi_5: 1.154087038231808 , std 1.383653232343447 
2023-04-21 10:04:24,671 INFO t_ofi_6: 1.1562990913316715 , std 1.4101781130950546 
2023-04-21 10:04:24,671 INFO t_ofi_7: 0.9480758116875742 , std 1.3558244302365088 
2023-04-21 10:04:24,671 INFO t_ofi_8: 0.930267362022049 , std 1.3566010510420847 
2023-04-21 10:04:24,671 INFO t_ofi_9: 1.296898140990157 , std 1.5438612235045124 
2023-04-21 10:04:24,671 INFO p_intercept: 0.5218788762564659 , std 0.28325290955272825 
2023-04-21 10:04:24,671 INFO p_ofi_1: 0.13828966821772704 , std 0.2390810767545819 
2023-04-21 10:04:24,671 INFO p_ofi_2: 0.08505961902304275 , std 0.18810993247509417 
2023-04-21 10:04:24,671 INFO p_ofi_3: 0.21651345227964644 , std 0.27611944590971543 
2023-04-21 10:04:24,671 INFO p_ofi_4: 0.2600612201684691 , std 0.2948776540078576 
2023-04-21 10:04:24,671 INFO p_ofi_5: 0.3148494704949555 , std 0.3047218248118451 
2023-04-21 10:04:24,671 INFO p_ofi_6: 0.3133540318390967 , std 0.30505122880139424 
2023-04-21 10:04:24,671 INFO p_ofi_7: 0.3481299190177698 , std 0.3084857807017939 
2023-04-21 10:04:24,671 INFO p_ofi_8: 0.34879284482525513 , std 0.30913830667528236 
2023-04-21 10:04:24,671 INFO p_ofi_9: 0.2933904362666947 , std 0.3015103103443051 
