2023-04-21 10:09:33,714 INFO Tickers: ['PNC']
2023-04-21 10:09:56,883 INFO Negative OS: -0.4097005252761998 --- ticker PNC --- day 2018-01-29 --- time 41400
2023-04-21 10:10:39,750 INFO in_r2: 0.8596118473268394 , std 0.0708996859749444 
2023-04-21 10:10:39,750 INFO os_r2: 0.8303625780824047 , std 0.09711894746032662 
2023-04-21 10:10:39,750 INFO intercept: 1.6887410402338118e-06 , std 8.796141480699157e-06 
2023-04-21 10:10:39,750 INFO ofi_1: 0.00011402406442087515 , std 8.473620547235294e-05 
2023-04-21 10:10:39,750 INFO ofi_2: 0.00011118352505184062 , std 7.543633880860509e-05 
2023-04-21 10:10:39,750 INFO ofi_3: 7.235885749006314e-05 , std 6.686706274820756e-05 
2023-04-21 10:10:39,750 INFO ofi_4: 5.050309310620183e-05 , std 6.884870529529851e-05 
2023-04-21 10:10:39,750 INFO ofi_5: 3.9043336313610565e-05 , std 7.554021810428965e-05 
2023-04-21 10:10:39,750 INFO ofi_6: 3.7465598525828334e-05 , std 8.57503370513089e-05 
2023-04-21 10:10:39,750 INFO ofi_7: 3.3354209951426876e-05 , std 9.081269827768514e-05 
2023-04-21 10:10:39,750 INFO ofi_8: 3.0360482690053963e-05 , std 9.34365893483847e-05 
2023-04-21 10:10:39,750 INFO ofi_9: 3.1163498543827084e-05 , std 8.084143780666917e-05 
2023-04-21 10:10:39,750 INFO t_intercept: 0.18715339847707133 , std 1.0358425194243566 
2023-04-21 10:10:39,750 INFO t_ofi_1: 3.0214237353830957 , std 1.7711670761444536 
2023-04-21 10:10:39,750 INFO t_ofi_2: 2.577307463195572 , std 1.4487191185223507 
2023-04-21 10:10:39,750 INFO t_ofi_3: 1.6416919703750068 , std 1.3040588294983244 
2023-04-21 10:10:39,750 INFO t_ofi_4: 1.0870592280648186 , std 1.2555233922139433 
2023-04-21 10:10:39,750 INFO t_ofi_5: 0.7800680339555979 , std 1.240947539321607 
2023-04-21 10:10:39,751 INFO t_ofi_6: 0.6765623600687533 , std 1.2459979301042308 
2023-04-21 10:10:39,751 INFO t_ofi_7: 0.5644644179557871 , std 1.2411149338724505 
2023-04-21 10:10:39,751 INFO t_ofi_8: 0.5396446480596641 , std 1.2353124362372392 
2023-04-21 10:10:39,751 INFO t_ofi_9: 0.6730225606964539 , std 1.3610407738375443 
2023-04-21 10:10:39,751 INFO p_intercept: 0.4942190360876163 , std 0.29337061646662144 
2023-04-21 10:10:39,751 INFO p_ofi_1: 0.09975145855086973 , std 0.2072606685274872 
2023-04-21 10:10:39,751 INFO p_ofi_2: 0.11175373093242245 , std 0.21075894883637386 
2023-04-21 10:10:39,751 INFO p_ofi_3: 0.23395120515169965 , std 0.27860277372619857 
2023-04-21 10:10:39,751 INFO p_ofi_4: 0.3269396376993557 , std 0.3012750698835238 
2023-04-21 10:10:39,751 INFO p_ofi_5: 0.3841011437543127 , std 0.30930718407686125 
2023-04-21 10:10:39,751 INFO p_ofi_6: 0.3964596365620552 , std 0.3082806489488167 
2023-04-21 10:10:39,751 INFO p_ofi_7: 0.40687445733737326 , std 0.3079362114803472 
2023-04-21 10:10:39,751 INFO p_ofi_8: 0.40797589660652156 , std 0.3029211696990148 
2023-04-21 10:10:39,751 INFO p_ofi_9: 0.3818746771788717 , std 0.31063800278740145 
