2023-04-21 10:06:05,441 INFO Tickers: ['QCOM']
2023-04-21 10:06:11,775 INFO Negative OS: -1.6111143038756977 --- ticker QCOM --- day 2017-04-25 --- time 50400
2023-04-21 10:06:28,981 INFO Negative OS: -0.3072496466583212 --- ticker QCOM --- day 2018-03-05 --- time 52200
2023-04-21 10:06:39,189 INFO Negative OS: -53.67640153015997 --- ticker QCOM --- day 2018-08-27 --- time 46800
2023-04-21 10:06:48,306 INFO Negative OS: -3.523332787783758 --- ticker QCOM --- day 2019-02-05 --- time 50400
2023-04-21 10:07:09,445 INFO in_r2: 0.9783065630010322 , std 0.023090250483517295 
2023-04-21 10:07:09,445 INFO os_r2: 0.9595287784728436 , std 0.6495920668463603 
2023-04-21 10:07:09,445 INFO intercept: -1.5232944284576793e-07 , std 5.051056530693313e-06 
2023-04-21 10:07:09,445 INFO ofi_1: 3.0045327530577747e-05 , std 3.698793139873171e-05 
2023-04-21 10:07:09,445 INFO ofi_2: 7.406970753240845e-05 , std 5.679185269986862e-05 
2023-04-21 10:07:09,445 INFO ofi_3: 8.427221136067687e-05 , std 6.315254051994453e-05 
2023-04-21 10:07:09,445 INFO ofi_4: 8.65946654418854e-05 , std 7.699669573611556e-05 
2023-04-21 10:07:09,445 INFO ofi_5: 9.524070775247433e-05 , std 7.213662481965712e-05 
2023-04-21 10:07:09,445 INFO ofi_6: 0.00010282191706809884 , std 8.020120227605642e-05 
2023-04-21 10:07:09,445 INFO ofi_7: 0.00010097970935516845 , std 8.350726948757013e-05 
2023-04-21 10:07:09,445 INFO ofi_8: 9.932108527518263e-05 , std 9.372743921609339e-05 
2023-04-21 10:07:09,445 INFO ofi_9: 0.0001382299689885054 , std 8.936953061100822e-05 
2023-04-21 10:07:09,445 INFO t_intercept: -0.003293352292437368 , std 1.106676613378396 
2023-04-21 10:07:09,445 INFO t_ofi_1: 2.0092333608334103 , std 2.1430249283409917 
2023-04-21 10:07:09,445 INFO t_ofi_2: 3.0261472877238913 , std 2.5114485797123995 
2023-04-21 10:07:09,445 INFO t_ofi_3: 3.289254043069355 , std 2.619721696121213 
2023-04-21 10:07:09,445 INFO t_ofi_4: 3.2112383314691644 , std 2.5365438688944693 
2023-04-21 10:07:09,445 INFO t_ofi_5: 3.491530072944946 , std 2.9820975349848795 
2023-04-21 10:07:09,445 INFO t_ofi_6: 3.50045343435649 , std 3.01110333259155 
2023-04-21 10:07:09,445 INFO t_ofi_7: 3.2636093597266336 , std 2.8801713263697923 
2023-04-21 10:07:09,445 INFO t_ofi_8: 3.066632780095539 , std 2.5761466710843814 
2023-04-21 10:07:09,445 INFO t_ofi_9: 4.522027584180512 , std 2.8633312429147977 
2023-04-21 10:07:09,445 INFO p_intercept: 0.47549505223526395 , std 0.29944058397850043 
2023-04-21 10:07:09,445 INFO p_ofi_1: 0.2205270089808936 , std 0.28762805810003444 
2023-04-21 10:07:09,445 INFO p_ofi_2: 0.12805928819876966 , std 0.23224664887572813 
2023-04-21 10:07:09,445 INFO p_ofi_3: 0.11780823052289344 , std 0.22639245276076206 
2023-04-21 10:07:09,445 INFO p_ofi_4: 0.11277014623804031 , std 0.22226718882534413 
2023-04-21 10:07:09,445 INFO p_ofi_5: 0.11051114713939719 , std 0.21886835178601863 
2023-04-21 10:07:09,445 INFO p_ofi_6: 0.1101188832224812 , std 0.2217075886126568 
2023-04-21 10:07:09,445 INFO p_ofi_7: 0.12422913866487738 , std 0.23301139522596118 
2023-04-21 10:07:09,445 INFO p_ofi_8: 0.12809820698453914 , std 0.23551218179780894 
2023-04-21 10:07:09,445 INFO p_ofi_9: 0.05375340600462939 , std 0.1573567492833242 
