2023-04-21 10:04:23,293 INFO Tickers: ['TMO']
2023-04-21 10:04:24,023 INFO Negative OS: -0.3053489785379113 --- ticker TMO --- day 2017-01-13 --- time 36000
2023-04-21 10:04:45,300 INFO Negative OS: -0.027936311954417148 --- ticker TMO --- day 2018-02-12 --- time 37800
2023-04-21 10:04:46,689 INFO Negative OS: -1.2120478719708454 --- ticker TMO --- day 2018-03-01 --- time 52200
2023-04-21 10:04:47,848 INFO Negative OS: -1.8676307465036834 --- ticker TMO --- day 2018-03-23 --- time 39600
2023-04-21 10:04:48,225 INFO Negative OS: -0.16483280454097127 --- ticker TMO --- day 2018-04-02 --- time 50400
2023-04-21 10:04:48,302 INFO Negative OS: -0.3197160471206595 --- ticker TMO --- day 2018-04-03 --- time 52200
2023-04-21 10:04:48,683 INFO Negative OS: -1.2199853128716653 --- ticker TMO --- day 2018-04-10 --- time 52200
2023-04-21 10:04:49,832 INFO Negative OS: -0.27109583200612075 --- ticker TMO --- day 2018-05-03 --- time 36000
2023-04-21 10:04:49,837 INFO Negative OS: -0.17983767834604847 --- ticker TMO --- day 2018-05-03 --- time 37800
2023-04-21 10:04:59,725 INFO Negative OS: -0.2913727859374473 --- ticker TMO --- day 2018-10-15 --- time 36000
2023-04-21 10:04:59,804 INFO Negative OS: -0.12858374132879447 --- ticker TMO --- day 2018-10-16 --- time 37800
2023-04-21 10:04:59,877 INFO Negative OS: -0.048358083288923215 --- ticker TMO --- day 2018-10-17 --- time 36000
2023-04-21 10:05:00,044 INFO Negative OS: -0.10375923624857664 --- ticker TMO --- day 2018-10-19 --- time 41400
2023-04-21 10:05:00,133 INFO Negative OS: -0.03281284001004714 --- ticker TMO --- day 2018-10-22 --- time 45000
2023-04-21 10:05:00,148 INFO Negative OS: -0.010749008865362564 --- ticker TMO --- day 2018-10-22 --- time 52200
2023-04-21 10:05:00,281 INFO Negative OS: -7.9192459096586845 --- ticker TMO --- day 2018-10-24 --- time 41400
2023-04-21 10:05:00,303 INFO Negative OS: -1.8734139091207265 --- ticker TMO --- day 2018-10-24 --- time 50400
2023-04-21 10:05:00,438 INFO Negative OS: -0.11973535783728018 --- ticker TMO --- day 2018-10-26 --- time 39600
2023-04-21 10:05:00,522 INFO Negative OS: -0.8762431763256806 --- ticker TMO --- day 2018-10-29 --- time 41400
2023-04-21 10:05:00,620 INFO Negative OS: -1.0781443401303354 --- ticker TMO --- day 2018-10-30 --- time 48600
2023-04-21 10:05:00,681 INFO Negative OS: -0.2788708088099878 --- ticker TMO --- day 2018-10-31 --- time 41400
2023-04-21 10:05:00,844 INFO Negative OS: -0.022480540391690784 --- ticker TMO --- day 2018-11-02 --- time 45000
2023-04-21 10:05:01,039 INFO Negative OS: -1.2982778342511136 --- ticker TMO --- day 2018-11-07 --- time 36000
2023-04-21 10:05:01,257 INFO Negative OS: -0.010541790699087672 --- ticker TMO --- day 2018-11-12 --- time 39600
2023-04-21 10:05:01,320 INFO Negative OS: -0.5534763990939109 --- ticker TMO --- day 2018-11-13 --- time 36000
2023-04-21 10:05:01,497 INFO Negative OS: -0.008231995093213262 --- ticker TMO --- day 2018-11-15 --- time 50400
2023-04-21 10:05:01,640 INFO Negative OS: -0.5085783560669033 --- ticker TMO --- day 2018-11-19 --- time 52200
2023-04-21 10:05:01,685 INFO Negative OS: -0.18145173232152922 --- ticker TMO --- day 2018-11-20 --- time 37800
2023-04-21 10:05:02,158 INFO Negative OS: -2.8471348829289926 --- ticker TMO --- day 2018-11-30 --- time 52200
2023-04-21 10:05:02,287 INFO Negative OS: -0.19450494488872638 --- ticker TMO --- day 2018-12-04 --- time 43200
2023-04-21 10:05:02,291 INFO Negative OS: -1.8005155504460113 --- ticker TMO --- day 2018-12-04 --- time 45000
2023-04-21 10:05:02,372 INFO Negative OS: -0.629550149942594 --- ticker TMO --- day 2018-12-06 --- time 45000
2023-04-21 10:05:02,376 INFO Negative OS: -0.30610494862439586 --- ticker TMO --- day 2018-12-06 --- time 46800
2023-04-21 10:05:02,434 INFO Negative OS: -0.4880621315626825 --- ticker TMO --- day 2018-12-07 --- time 37800
2023-04-21 10:05:02,465 INFO Negative OS: -0.2015580812973119 --- ticker TMO --- day 2018-12-07 --- time 52200
2023-04-21 10:05:02,512 INFO Negative OS: -0.20313373577416916 --- ticker TMO --- day 2018-12-10 --- time 39600
2023-04-21 10:05:02,539 INFO Negative OS: -0.015644870289329482 --- ticker TMO --- day 2018-12-10 --- time 52200
2023-04-21 10:05:02,612 INFO Negative OS: -1.2046540257020886 --- ticker TMO --- day 2018-12-11 --- time 52200
2023-04-21 10:05:02,880 INFO Negative OS: -0.014819900984233358 --- ticker TMO --- day 2018-12-17 --- time 41400
2023-04-21 10:05:03,102 INFO Negative OS: -3.808629014610469 --- ticker TMO --- day 2018-12-20 --- time 39600
2023-04-21 10:05:03,115 INFO Negative OS: -2.722199394876396 --- ticker TMO --- day 2018-12-20 --- time 45000
2023-04-21 10:05:03,266 INFO Negative OS: -0.28572696753128435 --- ticker TMO --- day 2018-12-24 --- time 41400
2023-04-21 10:05:03,359 INFO Negative OS: -0.20136613500419243 --- ticker TMO --- day 2018-12-26 --- time 52200
2023-04-21 10:05:03,494 INFO Negative OS: -0.6379957629538782 --- ticker TMO --- day 2018-12-28 --- time 45000
2023-04-21 10:05:03,507 INFO Negative OS: -3.0317258531791103 --- ticker TMO --- day 2018-12-28 --- time 50400
2023-04-21 10:05:03,570 INFO Negative OS: -0.10921107205135794 --- ticker TMO --- day 2018-12-31 --- time 45000
2023-04-21 10:05:03,574 INFO Negative OS: -0.33231693972141874 --- ticker TMO --- day 2018-12-31 --- time 46800
2023-04-21 10:05:04,415 INFO Negative OS: -0.7156475645256555 --- ticker TMO --- day 2019-01-17 --- time 52200
2023-04-21 10:05:04,604 INFO Negative OS: -0.12943892821227698 --- ticker TMO --- day 2019-01-23 --- time 41400
2023-04-21 10:05:04,609 INFO Negative OS: -0.10747363806318355 --- ticker TMO --- day 2019-01-23 --- time 43200
2023-04-21 10:05:04,896 INFO Negative OS: -0.27031777895318854 --- ticker TMO --- day 2019-01-29 --- time 41400
2023-04-21 10:05:04,986 INFO Negative OS: -3.3280104911416064 --- ticker TMO --- day 2019-01-30 --- time 50400
2023-04-21 10:05:06,584 INFO Negative OS: -2.05383591175675 --- ticker TMO --- day 2019-03-05 --- time 36000
2023-04-21 10:05:10,450 INFO Negative OS: -0.018493488175931327 --- ticker TMO --- day 2019-05-20 --- time 50400
2023-04-21 10:05:18,769 INFO Negative OS: -0.1789441560961469 --- ticker TMO --- day 2019-10-30 --- time 52200
2023-04-21 10:05:21,617 INFO Negative OS: -1.0510779887626436 --- ticker TMO --- day 2019-12-12 --- time 52200
2023-04-21 10:05:21,694 INFO in_r2: 0.7150225827220186 , std 0.1699593846688156 
2023-04-21 10:05:21,694 INFO os_r2: 0.5792864021693203 , std 0.4716600421986163 
2023-04-21 10:05:21,694 INFO intercept: -1.990960879748337e-06 , std 2.2556724193646107e-05 
2023-04-21 10:05:21,694 INFO ofi_1: 0.0001612842345788781 , std 0.00017592175618253559 
2023-04-21 10:05:21,694 INFO ofi_2: 0.00017945979074198435 , std 0.0001960558383919603 
2023-04-21 10:05:21,694 INFO ofi_3: 0.00012456707023421012 , std 0.00019264847747532806 
2023-04-21 10:05:21,694 INFO ofi_4: 6.249289515445953e-05 , std 0.00021398211447330208 
2023-04-21 10:05:21,694 INFO ofi_5: 5.56151870955647e-05 , std 0.00023679462202750911 
2023-04-21 10:05:21,694 INFO ofi_6: 3.3615476301828784e-05 , std 0.00025571520530172294 
2023-04-21 10:05:21,695 INFO ofi_7: 3.3180193934384425e-05 , std 0.00026358831717298084 
2023-04-21 10:05:21,695 INFO ofi_8: 4.1729793577728236e-05 , std 0.00026335373763489503 
2023-04-21 10:05:21,695 INFO ofi_9: 6.793962193897764e-05 , std 0.00022734345344747547 
2023-04-21 10:05:21,695 INFO t_intercept: -0.09740464752456883 , std 1.3164069974249033 
2023-04-21 10:05:21,695 INFO t_ofi_1: 3.2790222717397928 , std 1.9002323007409208 
2023-04-21 10:05:21,695 INFO t_ofi_2: 2.606393286441146 , std 1.5629500284745448 
2023-04-21 10:05:21,695 INFO t_ofi_3: 1.641848284367636 , std 1.4449793120275949 
2023-04-21 10:05:21,695 INFO t_ofi_4: 0.8803597480615385 , std 1.3892948879690947 
2023-04-21 10:05:21,695 INFO t_ofi_5: 0.6051593203588223 , std 1.300047832435745 
2023-04-21 10:05:21,695 INFO t_ofi_6: 0.45608337369812546 , std 1.3519773265935324 
2023-04-21 10:05:21,695 INFO t_ofi_7: 0.4252974164658391 , std 1.3507167310843535 
2023-04-21 10:05:21,695 INFO t_ofi_8: 0.4078324506207691 , std 1.4363144904909189 
2023-04-21 10:05:21,695 INFO t_ofi_9: 0.7829474596260984 , std 1.5144836561304014 
2023-04-21 10:05:21,695 INFO p_intercept: 0.4318406886336863 , std 0.30828764553702265 
2023-04-21 10:05:21,695 INFO p_ofi_1: 0.07577146938436181 , std 0.17913806312522068 
2023-04-21 10:05:21,695 INFO p_ofi_2: 0.11584356412507901 , std 0.21691525300233003 
2023-04-21 10:05:21,695 INFO p_ofi_3: 0.237337861675748 , std 0.2955173798500254 
2023-04-21 10:05:21,695 INFO p_ofi_4: 0.348523981723081 , std 0.30563995796589405 
2023-04-21 10:05:21,695 INFO p_ofi_5: 0.39205014968126994 , std 0.3084136070205105 
2023-04-21 10:05:21,695 INFO p_ofi_6: 0.3992772420163805 , std 0.310747542117388 
2023-04-21 10:05:21,695 INFO p_ofi_7: 0.3924575780313789 , std 0.3038037956480785 
2023-04-21 10:05:21,695 INFO p_ofi_8: 0.3830208308884961 , std 0.30467658717437174 
2023-04-21 10:05:21,695 INFO p_ofi_9: 0.3474831147605008 , std 0.30394312212283175 
