2023-05-13 15:29:37,810 INFO Starting...
2023-05-13 15:29:37,810 INFO Tickers: ['AMZN']
2023-05-13 15:29:40,234 INFO in_r2: 0.6857343524678694 , std 0.12296319747778417 
2023-05-13 15:29:40,234 INFO os_r2: 0.5711498632408702 , std 0.4923932910485198 
2023-05-13 15:29:40,234 INFO intercept: 7.750396929261041e-07 , std 1.7139010923377772e-05 
2023-05-13 15:29:40,234 INFO ofi_add_1: 3.402686401397803e-05 , std 3.524071027886265e-05 
2023-05-13 15:29:40,234 INFO ofi_add_2: 4.166608932726302e-05 , std 3.6884729211711815e-05 
2023-05-13 15:29:40,234 INFO ofi_add_3: 0.00010939058193956756 , std 6.838769563752551e-05 
2023-05-13 15:29:40,234 INFO ofi_cancel_1: 2.833429673049983e-05 , std 4.0836647778191113e-05 
2023-05-13 15:29:40,234 INFO ofi_cancel_2: 3.97675464273646e-05 , std 3.8625360453665434e-05 
2023-05-13 15:29:40,234 INFO ofi_cancel_3: 0.00010716975163312822 , std 7.016697195311542e-05 
2023-05-13 15:29:40,234 INFO ofi_trade_1: 5.678865310325118e-05 , std 5.0857151597040406e-05 
2023-05-13 15:29:40,234 INFO ofi_trade_2: 4.127235131250068e-05 , std 5.105711126908619e-05 
2023-05-13 15:29:40,234 INFO ofi_trade_3: 0.0001099570957002528 , std 7.625664902292966e-05 
2023-05-13 15:29:40,234 INFO used_intercept: 1.0 , std 0.0 
2023-05-13 15:29:40,234 INFO used_ofi_add_1: 0.8986329261198371 , std 0.3018141650306302 
2023-05-13 15:29:40,234 INFO used_ofi_add_2: 0.9335369400814427 , std 0.24908978619128394 
2023-05-13 15:29:40,235 INFO used_ofi_add_3: 0.9930191972076788 , std 0.08325906067627618 
2023-05-13 15:29:40,235 INFO used_ofi_cancel_1: 0.7114601512507271 , std 0.4530834409168135 
2023-05-13 15:29:40,235 INFO used_ofi_cancel_2: 0.8669284467713787 , std 0.33965204982443953 
2023-05-13 15:29:40,235 INFO used_ofi_cancel_3: 0.9650959860383944 , std 0.18353670960048732 
2023-05-13 15:29:40,235 INFO used_ofi_trade_1: 0.8826352530541012 , std 0.3218544129264409 
2023-05-13 15:29:40,235 INFO used_ofi_trade_2: 0.7886852821407795 , std 0.40824111487612136 
2023-05-13 15:29:40,235 INFO used_ofi_trade_3: 0.9557882489819662 , std 0.20556525020040023 
2023-05-13 15:29:40,235 INFO Grouping by ofi type:
2023-05-13 15:29:40,235 INFO add: 2.825189063408959
2023-05-13 15:29:40,235 INFO cancel: 2.5434845840605003
2023-05-13 15:29:40,236 INFO trade: 2.627108784176847
2023-05-13 15:29:40,236 INFO Grouping by level:
2023-05-13 15:29:40,236 INFO 1: 2.4927283304246655
2023-05-13 15:29:40,236 INFO 2: 2.589150668993601
2023-05-13 15:29:40,236 INFO 3: 2.9139034322280395
2023-05-13 15:29:40,236 INFO Non empty regressions: 0.9995636998254799 --- 6873 / 6876
