2023-05-13 15:31:56,084 INFO Starting...
2023-05-13 15:31:56,084 INFO Tickers: ['BKNG']
2023-05-13 15:31:56,840 INFO in_r2: 0.5119677274879899 , std 0.1565784735988882 
2023-05-13 15:31:56,841 INFO os_r2: 0.2014482695814895 , std 1.2581768110454035 
2023-05-13 15:31:56,841 INFO intercept: 8.214925382237113e-07 , std 2.5675311464188507e-05 
2023-05-13 15:31:56,841 INFO ofi_add_1: 6.415585821429111e-05 , std 0.00011891556610351425 
2023-05-13 15:31:56,841 INFO ofi_add_2: 0.00017324907689088222 , std 0.00017667502605835306 
2023-05-13 15:31:56,841 INFO ofi_add_3: 0.0002350624447857565 , std 0.000168058279892051 
2023-05-13 15:31:56,841 INFO ofi_cancel_1: 7.634541409186654e-05 , std 0.00012304225791392605 
2023-05-13 15:31:56,841 INFO ofi_cancel_2: 0.0001652885499317412 , std 0.0001755867238224885 
2023-05-13 15:31:56,841 INFO ofi_cancel_3: 0.00023380889616559465 , std 0.00017538120640892566 
2023-05-13 15:31:56,841 INFO ofi_trade_1: 0.000309621823614115 , std 0.0003416807526306745 
2023-05-13 15:31:56,841 INFO ofi_trade_2: 0.000282074174763678 , std 0.0004074070194525976 
2023-05-13 15:31:56,841 INFO ofi_trade_3: 0.00038618820518490914 , std 0.00046153888301881963 
2023-05-13 15:31:56,841 INFO used_intercept: 1.0 , std 0.0 
2023-05-13 15:31:56,841 INFO used_ofi_add_1: 0.8560885608856088 , std 0.35099990998063807 
2023-05-13 15:31:56,841 INFO used_ofi_add_2: 0.9372693726937269 , std 0.24247782518002453 
2023-05-13 15:31:56,841 INFO used_ofi_add_3: 0.9630996309963099 , std 0.1885171922427277 
2023-05-13 15:31:56,841 INFO used_ofi_cancel_1: 0.8413284132841329 , std 0.36536955850882846 
2023-05-13 15:31:56,841 INFO used_ofi_cancel_2: 0.8708487084870848 , std 0.33536731416979376 
2023-05-13 15:31:56,841 INFO used_ofi_cancel_3: 0.9298892988929889 , std 0.2553334891809032 
2023-05-13 15:31:56,841 INFO used_ofi_trade_1: 0.8339483394833949 , std 0.3721270032613641 
2023-05-13 15:31:56,841 INFO used_ofi_trade_2: 0.7564575645756457 , std 0.42921966121314675 
2023-05-13 15:31:56,841 INFO used_ofi_trade_3: 0.8007380073800738 , std 0.3994454292103774 
2023-05-13 15:31:56,842 INFO Grouping by ofi type:
2023-05-13 15:31:56,842 INFO add: 2.7564575645756455
2023-05-13 15:31:56,842 INFO cancel: 2.6420664206642064
2023-05-13 15:31:56,842 INFO trade: 2.3911439114391144
2023-05-13 15:31:56,842 INFO Grouping by level:
2023-05-13 15:31:56,842 INFO 1: 2.5313653136531364
2023-05-13 15:31:56,842 INFO 2: 2.5645756457564577
2023-05-13 15:31:56,842 INFO 3: 2.6937269372693726
2023-05-13 15:31:56,842 INFO Non empty regressions: 1.0 --- 271 / 271
