2023-05-13 15:31:42,890 INFO Starting...
2023-05-13 15:31:42,891 INFO Tickers: ['CVS']
2023-05-13 15:31:45,032 INFO in_r2: 0.8973366939830824 , std 0.08524212067660866 
2023-05-13 15:31:45,032 INFO os_r2: 0.855324304939541 , std 0.32007193945495543 
2023-05-13 15:31:45,032 INFO intercept: -2.7577204238603064e-07 , std 1.1781715451438881e-05 
2023-05-13 15:31:45,032 INFO ofi_add_1: 0.00012548286608304632 , std 0.00010108447174392188 
2023-05-13 15:31:45,032 INFO ofi_add_2: 0.00020779222048174356 , std 9.791223156656348e-05 
2023-05-13 15:31:45,032 INFO ofi_add_3: 0.00032727857548463517 , std 0.00012564516646545413 
2023-05-13 15:31:45,032 INFO ofi_cancel_1: 9.274899236730243e-05 , std 9.592733873497741e-05 
2023-05-13 15:31:45,032 INFO ofi_cancel_2: 0.0001932620923096311 , std 9.785466118802065e-05 
2023-05-13 15:31:45,033 INFO ofi_cancel_3: 0.00032639531930847153 , std 0.00013579564244071298 
2023-05-13 15:31:45,033 INFO ofi_trade_1: 0.00010944115139882563 , std 0.00017528772385842577 
2023-05-13 15:31:45,033 INFO ofi_trade_2: 0.00021396899151691204 , std 0.00013865755249724084 
2023-05-13 15:31:45,033 INFO ofi_trade_3: 0.0003047455297380876 , std 0.0001514749251684014 
2023-05-13 15:31:45,033 INFO used_intercept: 0.99984776982798 , std 0.01233722002700856 
2023-05-13 15:31:45,033 INFO used_ofi_add_1: 0.9648348302633581 , std 0.18419712422846066 
2023-05-13 15:31:45,033 INFO used_ofi_add_2: 0.991931800882935 , std 0.08946006528095314 
2023-05-13 15:31:45,033 INFO used_ofi_add_3: 0.998325468107779 , std 0.04088676846074991 
2023-05-13 15:31:45,033 INFO used_ofi_cancel_1: 0.8042319987821587 , std 0.39679073945470633 
2023-05-13 15:31:45,033 INFO used_ofi_cancel_2: 0.9760998629928452 , std 0.15273807795763977 
2023-05-13 15:31:45,033 INFO used_ofi_cancel_3: 0.9940630232912163 , std 0.07682271159197027 
2023-05-13 15:31:45,033 INFO used_ofi_trade_1: 0.53219668138225 , std 0.498962296880205 
2023-05-13 15:31:45,033 INFO used_ofi_trade_2: 0.9339321053432791 , std 0.24840074064372147 
2023-05-13 15:31:45,033 INFO used_ofi_trade_3: 0.987060435378292 , std 0.11301385883646599 
2023-05-13 15:31:45,034 INFO Grouping by ofi type:
2023-05-13 15:31:45,034 INFO add: 2.955092099254072
2023-05-13 15:31:45,034 INFO cancel: 2.7743948850662203
2023-05-13 15:31:45,034 INFO trade: 2.453189222103821
2023-05-13 15:31:45,034 INFO Grouping by level:
2023-05-13 15:31:45,034 INFO 1: 2.301263510427767
2023-05-13 15:31:45,034 INFO 2: 2.9019637692190594
2023-05-13 15:31:45,034 INFO 3: 2.9794489267772875
2023-05-13 15:31:45,034 INFO Non empty regressions: 0.99984776982798 --- 6568 / 6569
