2023-05-13 15:30:19,897 INFO Starting...
2023-05-13 15:30:19,898 INFO Tickers: ['CVX']
2023-05-13 15:30:22,176 INFO in_r2: 0.8910036447731217 , std 0.05504470294108085 
2023-05-13 15:30:22,176 INFO os_r2: 0.8639861345977011 , std 0.1157779347453295 
2023-05-13 15:30:22,176 INFO intercept: 1.2309672944429298e-07 , std 8.439887657917099e-06 
2023-05-13 15:30:22,176 INFO ofi_add_1: 7.956736776492828e-05 , std 6.492196373227294e-05 
2023-05-13 15:30:22,176 INFO ofi_add_2: 0.00011751781569757499 , std 6.0622085423350797e-05 
2023-05-13 15:30:22,176 INFO ofi_add_3: 0.00021705124330650928 , std 6.496057977826378e-05 
2023-05-13 15:30:22,176 INFO ofi_cancel_1: 7.21242448310673e-05 , std 6.97223156360384e-05 
2023-05-13 15:30:22,176 INFO ofi_cancel_2: 0.00011294382730788148 , std 6.187977095213767e-05 
2023-05-13 15:30:22,176 INFO ofi_cancel_3: 0.00021093109692595948 , std 6.661200183312601e-05 
2023-05-13 15:30:22,176 INFO ofi_trade_1: 8.55083498803579e-05 , std 0.00013621297790553 
2023-05-13 15:30:22,176 INFO ofi_trade_2: 0.00012868635871028113 , std 0.0001028293223383695 
2023-05-13 15:30:22,176 INFO ofi_trade_3: 0.0002288456595203532 , std 9.272715861123948e-05 
2023-05-13 15:30:22,176 INFO used_intercept: 1.0 , std 0.0 
2023-05-13 15:30:22,176 INFO used_ofi_add_1: 0.9178869577117832 , std 0.27453686560167156 
2023-05-13 15:30:22,177 INFO used_ofi_add_2: 0.9805665799917886 , std 0.13804261007020896 
2023-05-13 15:30:22,177 INFO used_ofi_add_3: 0.9995894347885589 , std 0.020258248879116824 
2023-05-13 15:30:22,177 INFO used_ofi_cancel_1: 0.7995073217462707 , std 0.4003690350418922 
2023-05-13 15:30:22,177 INFO used_ofi_cancel_2: 0.9666073628027918 , std 0.17965959194605718 
2023-05-13 15:30:22,177 INFO used_ofi_cancel_3: 0.9990420145066374 , std 0.030936511716045747 
2023-05-13 15:30:22,177 INFO used_ofi_trade_1: 0.4750239496373341 , std 0.49937580729174447 
2023-05-13 15:30:22,177 INFO used_ofi_trade_2: 0.8359107704940468 , std 0.37035652318555945 
2023-05-13 15:30:22,177 INFO used_ofi_trade_3: 0.9934309566169427 , std 0.0807829873926983 
2023-05-13 15:30:22,177 INFO Grouping by ofi type:
2023-05-13 15:30:22,177 INFO add: 2.8980429724921306
2023-05-13 15:30:22,177 INFO cancel: 2.7651566990556997
2023-05-13 15:30:22,177 INFO trade: 2.3043656767483234
2023-05-13 15:30:22,177 INFO Grouping by level:
2023-05-13 15:30:22,177 INFO 1: 2.192418229095388
2023-05-13 15:30:22,177 INFO 2: 2.7830847132886274
2023-05-13 15:30:22,177 INFO 3: 2.992062405912139
2023-05-13 15:30:22,177 INFO Non empty regressions: 1.0 --- 7307 / 7307
