2023-05-13 15:32:27,018 INFO Starting...
2023-05-13 15:32:27,018 INFO Tickers: ['INTU']
2023-05-13 15:32:28,852 INFO in_r2: 0.787552202576727 , std 0.09892743957292155 
2023-05-13 15:32:28,852 INFO os_r2: 0.7019343444680723 , std 0.2669085879262729 
2023-05-13 15:32:28,852 INFO intercept: 1.1723102458088654e-06 , std 1.9048187018608873e-05 
2023-05-13 15:32:28,853 INFO ofi_add_1: 7.22240482634905e-05 , std 6.012848370205673e-05 
2023-05-13 15:32:28,853 INFO ofi_add_2: 0.00011669218043795673 , std 7.620318797509216e-05 
2023-05-13 15:32:28,853 INFO ofi_add_3: 0.00019114124366549555 , std 9.523838273486627e-05 
2023-05-13 15:32:28,853 INFO ofi_cancel_1: 9.168020407786794e-05 , std 8.073721534899592e-05 
2023-05-13 15:32:28,853 INFO ofi_cancel_2: 0.00012127600548341702 , std 8.065741361330662e-05 
2023-05-13 15:32:28,853 INFO ofi_cancel_3: 0.00018255499198795906 , std 9.763890657668893e-05 
2023-05-13 15:32:28,853 INFO ofi_trade_1: 0.00021178507870408077 , std 0.00021027316341835743 
2023-05-13 15:32:28,853 INFO ofi_trade_2: 0.00015825789976624962 , std 0.00019315769938140265 
2023-05-13 15:32:28,853 INFO ofi_trade_3: 0.0002326943147246503 , std 0.00019944408480201113 
2023-05-13 15:32:28,853 INFO used_intercept: 0.9996613613274636 , std 0.018399021614908403 
2023-05-13 15:32:28,853 INFO used_ofi_add_1: 0.9346427362004741 , std 0.2471551979387953 
2023-05-13 15:32:28,853 INFO used_ofi_add_2: 0.9746020995597697 , std 0.15733037562231406 
2023-05-13 15:32:28,853 INFO used_ofi_add_3: 0.9976295292922451 , std 0.048629739628940044 
2023-05-13 15:32:28,853 INFO used_ofi_cancel_1: 0.8946833728411785 , std 0.3069609669041185 
2023-05-13 15:32:28,853 INFO used_ofi_cancel_2: 0.9695225194717236 , std 0.17189707300860266 
2023-05-13 15:32:28,853 INFO used_ofi_cancel_3: 0.9850998984083983 , std 0.12115316159375168 
2023-05-13 15:32:28,853 INFO used_ofi_trade_1: 0.887571960717914 , std 0.3158923475889717 
2023-05-13 15:32:28,853 INFO used_ofi_trade_2: 0.8611581442600745 , std 0.34578142638756526 
2023-05-13 15:32:28,853 INFO used_ofi_trade_3: 0.9282086014222825 , std 0.25814219660484194 
2023-05-13 15:32:28,854 INFO Grouping by ofi type:
2023-05-13 15:32:28,854 INFO add: 2.906874365052489
2023-05-13 15:32:28,854 INFO cancel: 2.8493057907213
2023-05-13 15:32:28,854 INFO trade: 2.676938706400271
2023-05-13 15:32:28,854 INFO Grouping by level:
2023-05-13 15:32:28,854 INFO 1: 2.7168980697595666
2023-05-13 15:32:28,854 INFO 2: 2.805282763291568
2023-05-13 15:32:28,854 INFO 3: 2.9109380291229257
2023-05-13 15:32:28,854 INFO Non empty regressions: 1.0 --- 2953 / 2953
