2023-05-13 15:29:44,697 INFO Starting...
2023-05-13 15:29:44,697 INFO Tickers: ['JPM']
2023-05-13 15:29:46,984 INFO in_r2: 0.9374893635710244 , std 0.03032369875275623 
2023-05-13 15:29:46,984 INFO os_r2: 0.9203478250509811 , std 0.05757217878682604 
2023-05-13 15:29:46,984 INFO intercept: -3.2731618709577696e-07 , std 7.947587284652846e-06 
2023-05-13 15:29:46,984 INFO ofi_add_1: 5.888901161472848e-05 , std 4.772356423982865e-05 
2023-05-13 15:29:46,984 INFO ofi_add_2: 0.00012226499021702022 , std 5.680098170154716e-05 
2023-05-13 15:29:46,984 INFO ofi_add_3: 0.00023667733712530347 , std 6.818080132153296e-05 
2023-05-13 15:29:46,984 INFO ofi_cancel_1: 5.089128615894152e-05 , std 4.8920490510008525e-05 
2023-05-13 15:29:46,984 INFO ofi_cancel_2: 0.00011591861495319469 , std 5.796433630298231e-05 
2023-05-13 15:29:46,984 INFO ofi_cancel_3: 0.0002375534962171802 , std 6.859209413353632e-05 
2023-05-13 15:29:46,984 INFO ofi_trade_1: 2.799342870132758e-05 , std 7.351622422193703e-05 
2023-05-13 15:29:46,984 INFO ofi_trade_2: 0.00012624257374646634 , std 8.466895519724801e-05 
2023-05-13 15:29:46,984 INFO ofi_trade_3: 0.00022823415967781948 , std 7.796768759149587e-05 
2023-05-13 15:29:46,984 INFO used_intercept: 0.9997278170930866 , std 0.016495721365815744 
2023-05-13 15:29:46,984 INFO used_ofi_add_1: 0.9246053347849755 , std 0.2640271002608234 
2023-05-13 15:29:46,984 INFO used_ofi_add_2: 0.9888405008165487 , std 0.10504744052772456 
2023-05-13 15:29:46,984 INFO used_ofi_add_3: 1.0 , std 0.0 
2023-05-13 15:29:46,984 INFO used_ofi_cancel_1: 0.7964071856287425 , std 0.4026695671486091 
2023-05-13 15:29:46,984 INFO used_ofi_cancel_2: 0.9682906913445836 , std 0.17522507925525949 
2023-05-13 15:29:46,984 INFO used_ofi_cancel_3: 0.9998639085465433 , std 0.011665030328851227 
2023-05-13 15:29:46,984 INFO used_ofi_trade_1: 0.2867446924333152 , std 0.45224127829582145 
2023-05-13 15:29:46,984 INFO used_ofi_trade_2: 0.8825530756668482 , std 0.3219520838538473 
2023-05-13 15:29:46,984 INFO used_ofi_trade_3: 0.9985029940119761 , std 0.03866219032977532 
2023-05-13 15:29:46,985 INFO Grouping by ofi type:
2023-05-13 15:29:46,985 INFO add: 2.9134458356015243
2023-05-13 15:29:46,985 INFO cancel: 2.764561785519869
2023-05-13 15:29:46,985 INFO trade: 2.1678007621121393
2023-05-13 15:29:46,985 INFO Grouping by level:
2023-05-13 15:29:46,985 INFO 1: 2.007757212847033
2023-05-13 15:29:46,985 INFO 2: 2.8396842678279803
2023-05-13 15:29:46,985 INFO 3: 2.9983669025585193
2023-05-13 15:29:46,985 INFO Non empty regressions: 1.0 --- 7348 / 7348
