2023-05-13 15:31:31,808 INFO Starting...
2023-05-13 15:31:31,808 INFO Tickers: ['LIN']
2023-05-13 15:31:32,453 INFO in_r2: 0.7493086590677618 , std 0.1637719726579483 
2023-05-13 15:31:32,454 INFO os_r2: 0.6157860678054287 , std 0.36496695170114346 
2023-05-13 15:31:32,454 INFO intercept: 9.893005593036376e-07 , std 1.608183930439678e-05 
2023-05-13 15:31:32,454 INFO ofi_add_1: 0.00018205541074347537 , std 0.00016683689376845672 
2023-05-13 15:31:32,454 INFO ofi_add_2: 0.00021006326573584462 , std 0.0002004952570954858 
2023-05-13 15:31:32,454 INFO ofi_add_3: 0.00020187281248500893 , std 0.00016383419558323842 
2023-05-13 15:31:32,454 INFO ofi_cancel_1: 0.00019727941015205906 , std 0.0002135756947105172 
2023-05-13 15:31:32,454 INFO ofi_cancel_2: 0.00021082444879731656 , std 0.00020057312471161813 
2023-05-13 15:31:32,454 INFO ofi_cancel_3: 0.00019223338220101922 , std 0.0001706843023092775 
2023-05-13 15:31:32,454 INFO ofi_trade_1: 0.00023062880104155942 , std 0.00028858867772372485 
2023-05-13 15:31:32,454 INFO ofi_trade_2: 0.0002524591099246619 , std 0.000364331613904571 
2023-05-13 15:31:32,454 INFO ofi_trade_3: 0.00029253340331081485 , std 0.0003442637680004233 
2023-05-13 15:31:32,454 INFO used_intercept: 0.998898678414097 , std 0.03316788622549691 
2023-05-13 15:31:32,454 INFO used_ofi_add_1: 0.9559471365638766 , std 0.20521259381237208 
2023-05-13 15:31:32,454 INFO used_ofi_add_2: 0.9823788546255506 , std 0.1315699076922298 
2023-05-13 15:31:32,454 INFO used_ofi_add_3: 0.9768722466960352 , std 0.1503092157223758 
2023-05-13 15:31:32,454 INFO used_ofi_cancel_1: 0.9306167400881057 , std 0.2541047483930452 
2023-05-13 15:31:32,454 INFO used_ofi_cancel_2: 0.9691629955947136 , std 0.1728759195625426 
2023-05-13 15:31:32,454 INFO used_ofi_cancel_3: 0.9548458149779736 , std 0.2076422033138327 
2023-05-13 15:31:32,454 INFO used_ofi_trade_1: 0.8546255506607929 , std 0.3524779692669165 
2023-05-13 15:31:32,454 INFO used_ofi_trade_2: 0.8744493392070485 , std 0.331342258650183 
2023-05-13 15:31:32,454 INFO used_ofi_trade_3: 0.9196035242290749 , std 0.2719060176872519 
2023-05-13 15:31:32,455 INFO Grouping by ofi type:
2023-05-13 15:31:32,455 INFO add: 2.9151982378854626
2023-05-13 15:31:32,455 INFO cancel: 2.854625550660793
2023-05-13 15:31:32,455 INFO trade: 2.648678414096916
2023-05-13 15:31:32,455 INFO Grouping by level:
2023-05-13 15:31:32,455 INFO 1: 2.7411894273127753
2023-05-13 15:31:32,455 INFO 2: 2.8259911894273126
2023-05-13 15:31:32,455 INFO 3: 2.851321585903084
2023-05-13 15:31:32,455 INFO Non empty regressions: 0.9955947136563876 --- 904 / 908
