2023-05-13 15:31:30,253 INFO Starting...
2023-05-13 15:31:30,253 INFO Tickers: ['NEE']
2023-05-13 15:31:31,805 INFO in_r2: 0.7956212117683059 , std 0.0862664599736602 
2023-05-13 15:31:31,805 INFO os_r2: 0.7018909316449516 , std 0.8862005772294472 
2023-05-13 15:31:31,805 INFO intercept: -4.6093547768424895e-08 , std 9.515691460418172e-06 
2023-05-13 15:31:31,805 INFO ofi_add_1: 0.0001169823400716535 , std 7.920324119023901e-05 
2023-05-13 15:31:31,805 INFO ofi_add_2: 0.0001307143283467956 , std 7.359195637439375e-05 
2023-05-13 15:31:31,805 INFO ofi_add_3: 0.0001782215670006457 , std 7.919355797563901e-05 
2023-05-13 15:31:31,805 INFO ofi_cancel_1: 0.00012792568308555774 , std 9.53019366043326e-05 
2023-05-13 15:31:31,805 INFO ofi_cancel_2: 0.00013058924814751978 , std 7.784895624257205e-05 
2023-05-13 15:31:31,806 INFO ofi_cancel_3: 0.00015899540928231365 , std 7.652572213844753e-05 
2023-05-13 15:31:31,806 INFO ofi_trade_1: 0.00017352609197998747 , std 0.00017499481031088183 
2023-05-13 15:31:31,806 INFO ofi_trade_2: 0.00017063791684564998 , std 0.00017703399549813154 
2023-05-13 15:31:31,806 INFO ofi_trade_3: 0.00023908512868149866 , std 0.0001704139406526935 
2023-05-13 15:31:31,806 INFO used_intercept: 1.0 , std 0.0 
2023-05-13 15:31:31,806 INFO used_ofi_add_1: 0.955713720838276 , std 0.20573041739065676 
2023-05-13 15:31:31,806 INFO used_ofi_add_2: 0.9845788849347569 , std 0.12322055135158141 
2023-05-13 15:31:31,806 INFO used_ofi_add_3: 0.9976275207591934 , std 0.048650288622561995 
2023-05-13 15:31:31,806 INFO used_ofi_cancel_1: 0.9213127718465797 , std 0.26924997359136715 
2023-05-13 15:31:31,806 INFO used_ofi_cancel_2: 0.9695531830763148 , std 0.17181329477924825 
2023-05-13 15:31:31,806 INFO used_ofi_cancel_3: 0.9932779754843811 , std 0.08171192631452426 
2023-05-13 15:31:31,806 INFO used_ofi_trade_1: 0.8121787267694741 , std 0.3905693825078843 
2023-05-13 15:31:31,806 INFO used_ofi_trade_2: 0.8461842625543693 , std 0.36077202823900784 
2023-05-13 15:31:31,806 INFO used_ofi_trade_3: 0.9545274812178727 , std 0.20833811177443365 
2023-05-13 15:31:31,806 INFO Grouping by ofi type:
2023-05-13 15:31:31,806 INFO add: 2.9379201265322266
2023-05-13 15:31:31,806 INFO cancel: 2.8841439304072756
2023-05-13 15:31:31,806 INFO trade: 2.612890470541716
2023-05-13 15:31:31,807 INFO Grouping by level:
2023-05-13 15:31:31,807 INFO 1: 2.6892052194543297
2023-05-13 15:31:31,807 INFO 2: 2.800316330565441
2023-05-13 15:31:31,807 INFO 3: 2.945432977461447
2023-05-13 15:31:31,807 INFO Non empty regressions: 0.9992091735863978 --- 2527 / 2529
