2023-05-13 15:31:19,298 INFO Starting...
2023-05-13 15:31:19,298 INFO Tickers: ['NKE']
2023-05-13 15:31:21,563 INFO in_r2: 0.9159586869759526 , std 0.055598150341122435 
2023-05-13 15:31:21,563 INFO os_r2: 0.8725002817877229 , std 0.3588702633861705 
2023-05-13 15:31:21,564 INFO intercept: 8.378920323077068e-07 , std 7.793019487501371e-06 
2023-05-13 15:31:21,564 INFO ofi_add_1: 0.0001211727845552667 , std 8.726685328251565e-05 
2023-05-13 15:31:21,564 INFO ofi_add_2: 0.0002111309333299961 , std 9.886520492219382e-05 
2023-05-13 15:31:21,564 INFO ofi_add_3: 0.00027887494104863786 , std 0.00011631153897781474 
2023-05-13 15:31:21,564 INFO ofi_cancel_1: 8.324196167112838e-05 , std 8.215982018311921e-05 
2023-05-13 15:31:21,564 INFO ofi_cancel_2: 0.00018484860750959134 , std 9.681160782470312e-05 
2023-05-13 15:31:21,564 INFO ofi_cancel_3: 0.00028017301901185247 , std 0.00012084448234345066 
2023-05-13 15:31:21,564 INFO ofi_trade_1: 8.983552048373891e-05 , std 0.0001536144725999146 
2023-05-13 15:31:21,564 INFO ofi_trade_2: 0.000219414828804398 , std 0.00014426021271142164 
2023-05-13 15:31:21,564 INFO ofi_trade_3: 0.00026065249661904916 , std 0.00013864671771813324 
2023-05-13 15:31:21,564 INFO used_intercept: 0.9997204751921733 , std 0.01671665856887985 
2023-05-13 15:31:21,564 INFO used_ofi_add_1: 0.9678546470999301 , std 0.17638602321896102 
2023-05-13 15:31:21,564 INFO used_ofi_add_2: 0.9916142557651991 , std 0.09118894411292051 
2023-05-13 15:31:21,564 INFO used_ofi_add_3: 0.9955276030747728 , std 0.06672626612489517 
2023-05-13 15:31:21,564 INFO used_ofi_cancel_1: 0.7713487071977638 , std 0.41996414025735845 
2023-05-13 15:31:21,564 INFO used_ofi_cancel_2: 0.960167714884696 , std 0.19556501266278978 
2023-05-13 15:31:21,564 INFO used_ofi_cancel_3: 0.9948287910552062 , std 0.07172494365869612 
2023-05-13 15:31:21,564 INFO used_ofi_trade_1: 0.41970649895178197 , std 0.49351084455097816 
2023-05-13 15:31:21,564 INFO used_ofi_trade_2: 0.9113906359189378 , std 0.2841790714993136 
2023-05-13 15:31:21,564 INFO used_ofi_trade_3: 0.9749825296995108 , std 0.15617809219046475 
2023-05-13 15:31:21,565 INFO Grouping by ofi type:
2023-05-13 15:31:21,565 INFO add: 2.954996505939902
2023-05-13 15:31:21,565 INFO cancel: 2.726345213137666
2023-05-13 15:31:21,565 INFO trade: 2.3060796645702304
2023-05-13 15:31:21,565 INFO Grouping by level:
2023-05-13 15:31:21,565 INFO 1: 2.158909853249476
2023-05-13 15:31:21,565 INFO 2: 2.863172606568833
2023-05-13 15:31:21,565 INFO 3: 2.96533892382949
2023-05-13 15:31:21,565 INFO Non empty regressions: 1.0 --- 7155 / 7155
