2023-05-13 15:31:09,716 INFO Starting...
2023-05-13 15:31:09,716 INFO Tickers: ['PYPL']
2023-05-13 15:31:11,987 INFO in_r2: 0.9210901148288775 , std 0.05758175718108193 
2023-05-13 15:31:11,987 INFO os_r2: 0.888606874163673 , std 0.1528286409702097 
2023-05-13 15:31:11,987 INFO intercept: 1.5781086896364462e-07 , std 1.0604443578168432e-05 
2023-05-13 15:31:11,987 INFO ofi_add_1: 9.038251072263174e-05 , std 8.31477270008644e-05 
2023-05-13 15:31:11,987 INFO ofi_add_2: 0.0001710516282060448 , std 0.00010565251114314806 
2023-05-13 15:31:11,987 INFO ofi_add_3: 0.0003398896058243443 , std 0.00013026107254666334 
2023-05-13 15:31:11,987 INFO ofi_cancel_1: 6.280653281230135e-05 , std 7.330775839096512e-05 
2023-05-13 15:31:11,987 INFO ofi_cancel_2: 0.0001397176729318568 , std 9.598670700971808e-05 
2023-05-13 15:31:11,987 INFO ofi_cancel_3: 0.0003415960293189235 , std 0.00014105627910971535 
2023-05-13 15:31:11,987 INFO ofi_trade_1: 7.117464915410923e-05 , std 0.000118634874737152 
2023-05-13 15:31:11,987 INFO ofi_trade_2: 0.00017173984151258533 , std 0.00013177571000430848 
2023-05-13 15:31:11,987 INFO ofi_trade_3: 0.00033041120207131657 , std 0.00014033515005264067 
2023-05-13 15:31:11,987 INFO used_intercept: 0.9998632198057721 , std 0.011694506633729474 
2023-05-13 15:31:11,987 INFO used_ofi_add_1: 0.9311995623033785 , std 0.253114475029333 
2023-05-13 15:31:11,987 INFO used_ofi_add_2: 0.981261113390781 , std 0.1356014038934178 
2023-05-13 15:31:11,987 INFO used_ofi_add_3: 0.9919299685405554 , std 0.08947014055922928 
2023-05-13 15:31:11,987 INFO used_ofi_cancel_1: 0.7051019012446997 , std 0.45599694089523174 
2023-05-13 15:31:11,987 INFO used_ofi_cancel_2: 0.9072630283135003 , std 0.29006348575599294 
2023-05-13 15:31:11,987 INFO used_ofi_cancel_3: 0.9830392559157434 , std 0.12912427054727146 
2023-05-13 15:31:11,988 INFO used_ofi_trade_1: 0.49487074271645465 , std 0.4999736900275045 
2023-05-13 15:31:11,988 INFO used_ofi_trade_2: 0.8919436465599782 , std 0.3104515709756788 
2023-05-13 15:31:11,988 INFO used_ofi_trade_3: 0.9924770893174668 , std 0.08640784974408168 
2023-05-13 15:31:11,989 INFO Grouping by ofi type:
2023-05-13 15:31:11,989 INFO add: 2.9043906442347147
2023-05-13 15:31:11,989 INFO cancel: 2.5954041854739436
2023-05-13 15:31:11,989 INFO trade: 2.3792914785939
2023-05-13 15:31:11,989 INFO Grouping by level:
2023-05-13 15:31:11,989 INFO 1: 2.131172206264533
2023-05-13 15:31:11,989 INFO 2: 2.7804677882642594
2023-05-13 15:31:11,989 INFO 3: 2.9674463137737654
2023-05-13 15:31:11,989 INFO Non empty regressions: 0.9998632198057721 --- 7310 / 7311
