2023-05-13 15:29:58,028 INFO Starting...
2023-05-13 15:29:58,028 INFO Tickers: ['XOM']
2023-05-13 15:30:00,274 INFO in_r2: 0.9315816387413162 , std 0.03234959189805066 
2023-05-13 15:30:00,274 INFO os_r2: 0.9033911854212203 , std 0.2937173447119101 
2023-05-13 15:30:00,274 INFO intercept: 3.4338415936900366e-08 , std 5.6214150640266516e-06 
2023-05-13 15:30:00,274 INFO ofi_add_1: 6.651801441836727e-05 , std 6.346201769250906e-05 
2023-05-13 15:30:00,274 INFO ofi_add_2: 0.00017828239715019293 , std 8.551951645840506e-05 
2023-05-13 15:30:00,274 INFO ofi_add_3: 0.00025775144181974693 , std 8.684903728213267e-05 
2023-05-13 15:30:00,274 INFO ofi_cancel_1: 5.004193643175637e-05 , std 6.0948627529585214e-05 
2023-05-13 15:30:00,274 INFO ofi_cancel_2: 0.00016009608625159124 , std 8.816811356223083e-05 
2023-05-13 15:30:00,274 INFO ofi_cancel_3: 0.0002602288149092123 , std 8.873187190163841e-05 
2023-05-13 15:30:00,274 INFO ofi_trade_1: 3.3956847883852895e-05 , std 0.00010715836182805734 
2023-05-13 15:30:00,274 INFO ofi_trade_2: 0.0001785117854832368 , std 0.00011858830512954568 
2023-05-13 15:30:00,274 INFO ofi_trade_3: 0.00023642466014381618 , std 0.00010252783182657248 
2023-05-13 15:30:00,274 INFO used_intercept: 0.9997276688453159 , std 0.016500211829739774 
2023-05-13 15:30:00,274 INFO used_ofi_add_1: 0.8937908496732027 , std 0.30810512282929853 
2023-05-13 15:30:00,274 INFO used_ofi_add_2: 0.9919662309368191 , std 0.08927053051158768 
2023-05-13 15:30:00,274 INFO used_ofi_add_3: 0.9960511982570807 , std 0.06271529883301608 
2023-05-13 15:30:00,274 INFO used_ofi_cancel_1: 0.6646241830065359 , std 0.47212167750425377 
2023-05-13 15:30:00,274 INFO used_ofi_cancel_2: 0.9452614379084967 , std 0.2274692328902041 
2023-05-13 15:30:00,275 INFO used_ofi_cancel_3: 0.9945533769063181 , std 0.07359998227280555 
2023-05-13 15:30:00,275 INFO used_ofi_trade_1: 0.2212690631808279 , std 0.4151012706074346 
2023-05-13 15:30:00,275 INFO used_ofi_trade_2: 0.889297385620915 , std 0.31376351851150663 
2023-05-13 15:30:00,275 INFO used_ofi_trade_3: 0.9863834422657952 , std 0.11589282587665148 
2023-05-13 15:30:00,276 INFO Grouping by ofi type:
2023-05-13 15:30:00,276 INFO add: 2.8818082788671022
2023-05-13 15:30:00,276 INFO cancel: 2.6044389978213505
2023-05-13 15:30:00,276 INFO trade: 2.096949891067538
2023-05-13 15:30:00,276 INFO Grouping by level:
2023-05-13 15:30:00,276 INFO 1: 1.7796840958605664
2023-05-13 15:30:00,276 INFO 2: 2.826525054466231
2023-05-13 15:30:00,276 INFO 3: 2.976988017429194
2023-05-13 15:30:00,276 INFO Non empty regressions: 1.0 --- 7344 / 7344
