2023-05-09 07:50:35,903 INFO Starting...
2023-05-09 07:50:35,903 INFO Tickers: ['ABT']
2023-05-09 07:50:45,302 INFO in_r2: -0.0024369582990115203 , std 0.0893112975955033 
2023-05-09 07:50:45,303 INFO os_r2: -0.17508540569204925 , std 0.052666612560022245 
2023-05-09 07:50:45,303 INFO intercept: 2.233498477296129e-06 , std 8.287902942074084e-05 
2023-05-09 07:50:45,303 INFO pca_1_1: 4.901233321647132e-07 , std 6.281183441502746e-05 
2023-05-09 07:50:45,303 INFO pca_2_1: 1.7748490404202803e-07 , std 6.074582618122277e-05 
2023-05-09 07:50:45,303 INFO pca_3_1: -6.035278230039097e-08 , std 4.41618598941979e-05 
2023-05-09 07:50:45,303 INFO t_intercept: 0.04691833071645055 , std 0.9966499490632242 
2023-05-09 07:50:45,303 INFO t_pca_1_1: 0.005870592244458078 , std 0.9671447878852772 
2023-05-09 07:50:45,303 INFO t_pca_2_1: 0.0024054275364068815 , std 0.9766772930400703 
2023-05-09 07:50:45,303 INFO t_pca_3_1: -0.0030180351357723544 , std 0.9702339471515392 
2023-05-09 07:50:46,020 INFO Grouping by horizont:
2023-05-09 07:50:46,020 INFO 1: 0.005257984645092605
2023-05-09 07:50:46,020 INFO Grouping by level:
2023-05-09 07:50:46,020 INFO 1: 0.005870592244458078
2023-05-09 07:50:46,020 INFO 2: 0.0024054275364068815
2023-05-09 07:50:46,020 INFO 3: -0.0030180351357723544
2023-05-09 07:50:46,020 INFO Grouping by level and horizont:
2023-05-09 07:50:46,020 INFO 1_1: 0.005870592244458078
2023-05-09 07:50:46,020 INFO 2_1: 0.0024054275364068815
2023-05-09 07:50:46,020 INFO 3_1: -0.0030180351357723544
2023-05-09 07:50:46,021 INFO Non empty regressions: 1.0 --- 218973 / 218973
