2023-05-09 07:51:06,296 INFO Starting...
2023-05-09 07:51:06,296 INFO Tickers: ['AMGN']
2023-05-09 07:51:15,598 INFO in_r2: 0.0003174583925041345 , std 0.0918475294963259 
2023-05-09 07:51:15,598 INFO os_r2: -0.1807316198312319 , std 0.06907764827096093 
2023-05-09 07:51:15,598 INFO intercept: 1.5283257249319192e-06 , std 9.102116413822326e-05 
2023-05-09 07:51:15,598 INFO pca_1_1: -1.8806735789273248e-07 , std 3.7993073862393524e-05 
2023-05-09 07:51:15,598 INFO pca_2_1: 5.168703916463224e-07 , std 3.714066889797831e-05 
2023-05-09 07:51:15,598 INFO pca_3_1: 1.3521167939982372e-08 , std 2.7154567747565013e-05 
2023-05-09 07:51:15,598 INFO t_intercept: 0.03307234090796079 , std 0.9847103993194584 
2023-05-09 07:51:15,598 INFO t_pca_1_1: 0.0011743438293511503 , std 0.9854385497497745 
2023-05-09 07:51:15,598 INFO t_pca_2_1: 0.013569690599606695 , std 0.9976537420912637 
2023-05-09 07:51:15,598 INFO t_pca_3_1: 0.0008369050856001825 , std 0.9977371040968479 
2023-05-09 07:51:16,325 INFO Grouping by horizont:
2023-05-09 07:51:16,325 INFO 1: 0.015580939514558027
2023-05-09 07:51:16,325 INFO Grouping by level:
2023-05-09 07:51:16,325 INFO 1: 0.0011743438293511503
2023-05-09 07:51:16,325 INFO 2: 0.013569690599606695
2023-05-09 07:51:16,325 INFO 3: 0.0008369050856001825
2023-05-09 07:51:16,325 INFO Grouping by level and horizont:
2023-05-09 07:51:16,325 INFO 1_1: 0.0011743438293511503
2023-05-09 07:51:16,325 INFO 2_1: 0.013569690599606695
2023-05-09 07:51:16,325 INFO 3_1: 0.0008369050856001825
2023-05-09 07:51:16,326 INFO Non empty regressions: 1.0 --- 218973 / 218973
