2023-05-09 07:55:42,941 INFO Starting...
2023-05-09 07:55:42,942 INFO Tickers: ['AMT']
2023-05-09 07:55:52,384 INFO in_r2: 0.004067695787477527 , std 0.09191171815822706 
2023-05-09 07:55:52,385 INFO os_r2: -0.17987216002106718 , std 0.060091870960901475 
2023-05-09 07:55:52,385 INFO intercept: 5.950347838506933e-07 , std 8.217876706461712e-05 
2023-05-09 07:55:52,385 INFO pca_1_1: -4.222025197913052e-08 , std 6.863618670795717e-05 
2023-05-09 07:55:52,385 INFO pca_2_1: 5.101022626673219e-08 , std 6.625701794057948e-05 
2023-05-09 07:55:52,385 INFO pca_3_1: 3.01630865026095e-07 , std 4.769449468583803e-05 
2023-05-09 07:55:52,385 INFO t_intercept: 0.017183101474552005 , std 0.9723381677078167 
2023-05-09 07:55:52,385 INFO t_pca_1_1: 0.0014779445944260213 , std 1.0190801936537475 
2023-05-09 07:55:52,385 INFO t_pca_2_1: -6.148589343212801e-05 , std 1.0196269482251106 
2023-05-09 07:55:52,385 INFO t_pca_3_1: 0.010104430975664089 , std 0.9933336799806031 
2023-05-09 07:55:53,099 INFO Grouping by horizont:
2023-05-09 07:55:53,099 INFO 1: 0.011520889676657983
2023-05-09 07:55:53,099 INFO Grouping by level:
2023-05-09 07:55:53,099 INFO 1: 0.0014779445944260213
2023-05-09 07:55:53,099 INFO 2: -6.148589343212801e-05
2023-05-09 07:55:53,099 INFO 3: 0.010104430975664089
2023-05-09 07:55:53,099 INFO Grouping by level and horizont:
2023-05-09 07:55:53,100 INFO 1_1: 0.0014779445944260213
2023-05-09 07:55:53,100 INFO 2_1: -6.148589343212801e-05
2023-05-09 07:55:53,100 INFO 3_1: 0.010104430975664089
2023-05-09 07:55:53,101 INFO Non empty regressions: 1.0 --- 218973 / 218973
