2023-05-09 07:56:29,650 INFO Starting...
2023-05-09 07:56:29,650 INFO Tickers: ['AXP']
2023-05-09 07:56:39,016 INFO in_r2: -0.0019905078146809957 , std 0.08968961438658248 
2023-05-09 07:56:39,016 INFO os_r2: -0.18512562519599243 , std 0.12024798219863937 
2023-05-09 07:56:39,016 INFO intercept: -7.74540460585835e-07 , std 7.79664087535807e-05 
2023-05-09 07:56:39,016 INFO pca_1_1: 2.956196244611716e-07 , std 4.428518439525379e-05 
2023-05-09 07:56:39,016 INFO pca_2_1: 2.740648509575127e-07 , std 4.312733898748119e-05 
2023-05-09 07:56:39,016 INFO pca_3_1: -6.652976991560807e-08 , std 3.11540048563041e-05 
2023-05-09 07:56:39,016 INFO t_intercept: 0.01563708402763839 , std 0.9932805274947969 
2023-05-09 07:56:39,016 INFO t_pca_1_1: 0.005609853694592545 , std 0.9736512539029458 
2023-05-09 07:56:39,016 INFO t_pca_2_1: 0.005997923202865961 , std 0.9795966039966556 
2023-05-09 07:56:39,016 INFO t_pca_3_1: -0.0005559615812892854 , std 0.9744497247366267 
2023-05-09 07:56:39,736 INFO Grouping by horizont:
2023-05-09 07:56:39,736 INFO 1: 0.01105181531616922
2023-05-09 07:56:39,736 INFO Grouping by level:
2023-05-09 07:56:39,736 INFO 1: 0.005609853694592545
2023-05-09 07:56:39,736 INFO 2: 0.005997923202865961
2023-05-09 07:56:39,736 INFO 3: -0.0005559615812892854
2023-05-09 07:56:39,736 INFO Grouping by level and horizont:
2023-05-09 07:56:39,736 INFO 1_1: 0.005609853694592545
2023-05-09 07:56:39,736 INFO 2_1: 0.005997923202865961
2023-05-09 07:56:39,736 INFO 3_1: -0.0005559615812892854
2023-05-09 07:56:39,737 INFO Non empty regressions: 1.0 --- 218973 / 218973
