2023-05-09 07:49:17,423 INFO Starting...
2023-05-09 07:49:17,423 INFO Tickers: ['CMCSA']
2023-05-09 07:49:26,840 INFO in_r2: 0.0009430233530763043 , std 0.09098581910069749 
2023-05-09 07:49:26,840 INFO os_r2: -0.18927133129716603 , std 0.15958850581929362 
2023-05-09 07:49:26,840 INFO intercept: 1.288507148653345e-06 , std 9.778048127827957e-05 
2023-05-09 07:49:26,840 INFO pca_1_1: 4.1901694940017923e-07 , std 9.227376417873056e-05 
2023-05-09 07:49:26,840 INFO pca_2_1: -2.769636037498662e-07 , std 8.959226693734428e-05 
2023-05-09 07:49:26,840 INFO pca_3_1: -1.637120518168961e-07 , std 6.616443468186048e-05 
2023-05-09 07:49:26,841 INFO t_intercept: 0.029364326067977304 , std 0.9844121449856985 
2023-05-09 07:49:26,841 INFO t_pca_1_1: 0.0023482236439352467 , std 0.9742973281820848 
2023-05-09 07:49:26,841 INFO t_pca_2_1: -0.005040455015350445 , std 0.9740724881872097 
2023-05-09 07:49:26,841 INFO t_pca_3_1: -0.0033689452757799986 , std 0.9803317685144862 
2023-05-09 07:49:27,560 INFO Grouping by horizont:
2023-05-09 07:49:27,560 INFO 1: -0.0060611766471951965
2023-05-09 07:49:27,560 INFO Grouping by level:
2023-05-09 07:49:27,560 INFO 1: 0.0023482236439352467
2023-05-09 07:49:27,560 INFO 2: -0.005040455015350445
2023-05-09 07:49:27,560 INFO 3: -0.0033689452757799986
2023-05-09 07:49:27,560 INFO Grouping by level and horizont:
2023-05-09 07:49:27,561 INFO 1_1: 0.0023482236439352467
2023-05-09 07:49:27,561 INFO 2_1: -0.005040455015350445
2023-05-09 07:49:27,561 INFO 3_1: -0.0033689452757799986
2023-05-09 07:49:27,562 INFO Non empty regressions: 1.0 --- 218973 / 218973
