2023-05-09 07:48:36,949 INFO Starting...
2023-05-09 07:48:36,949 INFO Tickers: ['CVX']
2023-05-09 07:48:46,374 INFO in_r2: -0.0004279950401558287 , std 0.09004480987097893 
2023-05-09 07:48:46,374 INFO os_r2: -0.17817765227624469 , std 0.06364694391293901 
2023-05-09 07:48:46,374 INFO intercept: -1.9659170702355514e-06 , std 8.275667608915232e-05 
2023-05-09 07:48:46,374 INFO pca_1_1: 4.2829083171732227e-07 , std 3.6965769548744284e-05 
2023-05-09 07:48:46,374 INFO pca_2_1: -4.764746060210886e-07 , std 3.616007995082493e-05 
2023-05-09 07:48:46,374 INFO pca_3_1: 3.0210583644738574e-07 , std 2.6794098280120175e-05 
2023-05-09 07:48:46,374 INFO t_intercept: -0.015962006824248323 , std 0.9981443937814238 
2023-05-09 07:48:46,374 INFO t_pca_1_1: 0.012736019919601892 , std 0.9707954062422577 
2023-05-09 07:48:46,374 INFO t_pca_2_1: -0.012928786037698434 , std 0.9789212387096518 
2023-05-09 07:48:46,374 INFO t_pca_3_1: 0.010855024473267208 , std 1.002100135532445 
2023-05-09 07:48:47,090 INFO Grouping by horizont:
2023-05-09 07:48:47,090 INFO 1: 0.010662258355170666
2023-05-09 07:48:47,090 INFO Grouping by level:
2023-05-09 07:48:47,090 INFO 1: 0.012736019919601892
2023-05-09 07:48:47,090 INFO 2: -0.012928786037698434
2023-05-09 07:48:47,090 INFO 3: 0.010855024473267208
2023-05-09 07:48:47,090 INFO Grouping by level and horizont:
2023-05-09 07:48:47,090 INFO 1_1: 0.012736019919601892
2023-05-09 07:48:47,090 INFO 2_1: -0.012928786037698434
2023-05-09 07:48:47,090 INFO 3_1: 0.010855024473267208
2023-05-09 07:48:47,091 INFO Non empty regressions: 1.0 --- 218973 / 218973
