2023-05-09 07:57:19,989 INFO Starting...
2023-05-09 07:57:19,989 INFO Tickers: ['MDLZ']
2023-05-09 07:57:29,277 INFO in_r2: -0.0005729963877259825 , std 0.08978479865825544 
2023-05-09 07:57:29,278 INFO os_r2: -0.1774297357787445 , std 0.08878558123755137 
2023-05-09 07:57:29,278 INFO intercept: -9.459738040204076e-07 , std 7.373256222471208e-05 
2023-05-09 07:57:29,278 INFO pca_1_1: -5.389576455389027e-07 , std 7.732970165826424e-05 
2023-05-09 07:57:29,278 INFO pca_2_1: -4.5502558082040316e-07 , std 7.664663837506109e-05 
2023-05-09 07:57:29,278 INFO pca_3_1: -2.363245570258769e-07 , std 5.657644575945136e-05 
2023-05-09 07:57:29,278 INFO t_intercept: -0.009707262742141277 , std 0.975852717117662 
2023-05-09 07:57:29,278 INFO t_pca_1_1: -0.006929398572719424 , std 0.9568628113193147 
2023-05-09 07:57:29,278 INFO t_pca_2_1: -0.004722997793153559 , std 0.9773140671285945 
2023-05-09 07:57:29,278 INFO t_pca_3_1: -0.0040701739499909495 , std 0.9850168293449318 
2023-05-09 07:57:30,012 INFO Grouping by horizont:
2023-05-09 07:57:30,012 INFO 1: -0.015722570315863934
2023-05-09 07:57:30,012 INFO Grouping by level:
2023-05-09 07:57:30,012 INFO 1: -0.006929398572719424
2023-05-09 07:57:30,012 INFO 2: -0.004722997793153559
2023-05-09 07:57:30,012 INFO 3: -0.0040701739499909495
2023-05-09 07:57:30,012 INFO Grouping by level and horizont:
2023-05-09 07:57:30,013 INFO 1_1: -0.006929398572719424
2023-05-09 07:57:30,013 INFO 2_1: -0.004722997793153559
2023-05-09 07:57:30,013 INFO 3_1: -0.0040701739499909495
2023-05-09 07:57:30,014 INFO Non empty regressions: 1.0 --- 218957 / 218957
