2023-05-09 07:54:52,528 INFO Starting...
2023-05-09 07:54:52,528 INFO Tickers: ['MMM']
2023-05-09 07:55:01,853 INFO in_r2: 0.0007780846651180913 , std 0.09085375234008601 
2023-05-09 07:55:01,853 INFO os_r2: -0.1822436768875716 , std 0.06334118867293756 
2023-05-09 07:55:01,853 INFO intercept: 4.974160725531111e-07 , std 8.309072202791605e-05 
2023-05-09 07:55:01,853 INFO pca_1_1: 9.532670309724342e-08 , std 4.254989209199587e-05 
2023-05-09 07:55:01,853 INFO pca_2_1: -6.385451986277445e-08 , std 4.2103116003897616e-05 
2023-05-09 07:55:01,853 INFO pca_3_1: 3.515466651049732e-08 , std 3.069951133132792e-05 
2023-05-09 07:55:01,853 INFO t_intercept: 0.02858718513403857 , std 0.9899707395106185 
2023-05-09 07:55:01,853 INFO t_pca_1_1: 0.0026828325386098134 , std 0.9881037377545546 
2023-05-09 07:55:01,853 INFO t_pca_2_1: -0.007078875064848042 , std 0.9893462279949748 
2023-05-09 07:55:01,853 INFO t_pca_3_1: 0.005944653630489643 , std 1.0006731282858559 
2023-05-09 07:55:02,592 INFO Grouping by horizont:
2023-05-09 07:55:02,592 INFO 1: 0.0015486111042514149
2023-05-09 07:55:02,592 INFO Grouping by level:
2023-05-09 07:55:02,592 INFO 1: 0.0026828325386098134
2023-05-09 07:55:02,592 INFO 2: -0.007078875064848042
2023-05-09 07:55:02,592 INFO 3: 0.005944653630489643
2023-05-09 07:55:02,592 INFO Grouping by level and horizont:
2023-05-09 07:55:02,592 INFO 1_1: 0.0026828325386098134
2023-05-09 07:55:02,592 INFO 2_1: -0.007078875064848042
2023-05-09 07:55:02,592 INFO 3_1: 0.005944653630489643
2023-05-09 07:55:02,593 INFO Non empty regressions: 1.0 --- 218973 / 218973
