2023-05-09 07:51:26,403 INFO Starting...
2023-05-09 07:51:26,403 INFO Tickers: ['NVDA']
2023-05-09 07:51:35,890 INFO in_r2: -0.007250334087019142 , std 0.08503312298666976 
2023-05-09 07:51:35,890 INFO os_r2: -0.1881860091097179 , std 0.289634142986838 
2023-05-09 07:51:35,890 INFO intercept: -1.0957893249947205e-06 , std 0.0001583506927000274 
2023-05-09 07:51:35,890 INFO pca_1_1: -5.624024899541208e-08 , std 3.1182864571232796e-05 
2023-05-09 07:51:35,890 INFO pca_2_1: 4.948867706472292e-07 , std 2.9937810270936167e-05 
2023-05-09 07:51:35,890 INFO pca_3_1: 1.5970643101298016e-07 , std 2.0988636068781192e-05 
2023-05-09 07:51:35,890 INFO t_intercept: 0.03101321090157959 , std 0.9770548131515615 
2023-05-09 07:51:35,890 INFO t_pca_1_1: 0.004150361417094536 , std 0.9734576541336076 
2023-05-09 07:51:35,890 INFO t_pca_2_1: 0.018130679056901508 , std 0.9761793178384637 
2023-05-09 07:51:35,890 INFO t_pca_3_1: 0.008705125693273853 , std 0.9791000540251124 
2023-05-09 07:51:36,623 INFO Grouping by horizont:
2023-05-09 07:51:36,623 INFO 1: 0.0309861661672699
2023-05-09 07:51:36,623 INFO Grouping by level:
2023-05-09 07:51:36,623 INFO 1: 0.004150361417094536
2023-05-09 07:51:36,623 INFO 2: 0.018130679056901508
2023-05-09 07:51:36,623 INFO 3: 0.008705125693273853
2023-05-09 07:51:36,623 INFO Grouping by level and horizont:
2023-05-09 07:51:36,623 INFO 1_1: 0.004150361417094536
2023-05-09 07:51:36,623 INFO 2_1: 0.018130679056901508
2023-05-09 07:51:36,624 INFO 3_1: 0.008705125693273853
2023-05-09 07:51:36,625 INFO Non empty regressions: 1.0 --- 218973 / 218973
