2023-05-09 07:49:37,671 INFO Starting...
2023-05-09 07:49:37,671 INFO Tickers: ['PEP']
2023-05-09 07:49:47,044 INFO in_r2: 0.0010272710582329328 , std 0.09091601790081821 
2023-05-09 07:49:47,045 INFO os_r2: -0.17727516165868978 , std 0.06653598546937428 
2023-05-09 07:49:47,045 INFO intercept: -1.1311424475730499e-07 , std 6.290226848228618e-05 
2023-05-09 07:49:47,045 INFO pca_1_1: -2.5787403510573114e-07 , std 3.560700236685384e-05 
2023-05-09 07:49:47,045 INFO pca_2_1: 5.049116561574133e-07 , std 3.465196918408817e-05 
2023-05-09 07:49:47,045 INFO pca_3_1: 3.498563386291187e-07 , std 2.5688330491025702e-05 
2023-05-09 07:49:47,045 INFO t_intercept: 0.004531581540790431 , std 0.9873018879372305 
2023-05-09 07:49:47,045 INFO t_pca_1_1: -0.005175376808488092 , std 0.9816688518127978 
2023-05-09 07:49:47,045 INFO t_pca_2_1: 0.01440367609151875 , std 0.9716486835295581 
2023-05-09 07:49:47,045 INFO t_pca_3_1: 0.01367709478173363 , std 0.9901038851060212 
2023-05-09 07:49:47,758 INFO Grouping by horizont:
2023-05-09 07:49:47,758 INFO 1: 0.022905394064764287
2023-05-09 07:49:47,758 INFO Grouping by level:
2023-05-09 07:49:47,759 INFO 1: -0.005175376808488092
2023-05-09 07:49:47,759 INFO 2: 0.01440367609151875
2023-05-09 07:49:47,759 INFO 3: 0.01367709478173363
2023-05-09 07:49:47,759 INFO Grouping by level and horizont:
2023-05-09 07:49:47,759 INFO 1_1: -0.005175376808488092
2023-05-09 07:49:47,759 INFO 2_1: 0.01440367609151875
2023-05-09 07:49:47,759 INFO 3_1: 0.01367709478173363
2023-05-09 07:49:47,760 INFO Non empty regressions: 1.0 --- 218973 / 218973
