2023-05-09 07:53:58,188 INFO Starting...
2023-05-09 07:53:58,188 INFO Tickers: ['TXN']
2023-05-09 07:54:07,515 INFO in_r2: -0.0013354494213891712 , std 0.08964104885079842 
2023-05-09 07:54:07,515 INFO os_r2: -0.20477155107629255 , std 0.7316747765867043 
2023-05-09 07:54:07,515 INFO intercept: 6.232385444465914e-07 , std 9.817376656090394e-05 
2023-05-09 07:54:07,515 INFO pca_1_1: 4.1156534339233684e-07 , std 4.321298260259891e-05 
2023-05-09 07:54:07,515 INFO pca_2_1: 1.557408828451723e-07 , std 4.1769679205761234e-05 
2023-05-09 07:54:07,515 INFO pca_3_1: 1.0983612363027026e-07 , std 3.0380574867437958e-05 
2023-05-09 07:54:07,515 INFO t_intercept: 0.031877656766936865 , std 0.9921663557976163 
2023-05-09 07:54:07,515 INFO t_pca_1_1: 0.009749249126754123 , std 0.9821134747343624 
2023-05-09 07:54:07,515 INFO t_pca_2_1: 0.003683913960866421 , std 0.980157687441269 
2023-05-09 07:54:07,515 INFO t_pca_3_1: 0.0020079729906143165 , std 0.9868506745645791 
2023-05-09 07:54:08,231 INFO Grouping by horizont:
2023-05-09 07:54:08,231 INFO 1: 0.01544113607823486
2023-05-09 07:54:08,231 INFO Grouping by level:
2023-05-09 07:54:08,231 INFO 1: 0.009749249126754123
2023-05-09 07:54:08,231 INFO 2: 0.003683913960866421
2023-05-09 07:54:08,231 INFO 3: 0.0020079729906143165
2023-05-09 07:54:08,231 INFO Grouping by level and horizont:
2023-05-09 07:54:08,231 INFO 1_1: 0.009749249126754123
2023-05-09 07:54:08,231 INFO 2_1: 0.003683913960866421
2023-05-09 07:54:08,231 INFO 3_1: 0.0020079729906143165
2023-05-09 07:54:08,232 INFO Non empty regressions: 1.0 --- 218973 / 218973
