2023-05-09 07:56:13,225 INFO Starting...
2023-05-09 07:56:13,225 INFO Tickers: ['USB']
2023-05-09 07:56:22,619 INFO in_r2: -0.00378202722494741 , std 0.08773227342337445 
2023-05-09 07:56:22,620 INFO os_r2: -0.17613161644742714 , std 0.06984039737584331 
2023-05-09 07:56:22,620 INFO intercept: -7.263846259112086e-07 , std 7.9336462632185e-05 
2023-05-09 07:56:22,620 INFO pca_1_1: -3.8427728365666866e-09 , std 7.225624427787696e-05 
2023-05-09 07:56:22,620 INFO pca_2_1: 3.3262510014724005e-07 , std 7.040494994753102e-05 
2023-05-09 07:56:22,620 INFO pca_3_1: 3.6703201524766023e-07 , std 5.1625842018353975e-05 
2023-05-09 07:56:22,620 INFO t_intercept: 0.004390319388741017 , std 0.9922145430095054 
2023-05-09 07:56:22,620 INFO t_pca_1_1: -0.001696217121636917 , std 0.9619362916531126 
2023-05-09 07:56:22,620 INFO t_pca_2_1: 0.0031624856067069573 , std 0.969059395128419 
2023-05-09 07:56:22,620 INFO t_pca_3_1: 0.007308864716588883 , std 0.9772303421115435 
2023-05-09 07:56:23,345 INFO Grouping by horizont:
2023-05-09 07:56:23,345 INFO 1: 0.008775133201658923
2023-05-09 07:56:23,345 INFO Grouping by level:
2023-05-09 07:56:23,345 INFO 1: -0.001696217121636917
2023-05-09 07:56:23,345 INFO 2: 0.0031624856067069573
2023-05-09 07:56:23,345 INFO 3: 0.007308864716588883
2023-05-09 07:56:23,345 INFO Grouping by level and horizont:
2023-05-09 07:56:23,345 INFO 1_1: -0.001696217121636917
2023-05-09 07:56:23,346 INFO 2_1: 0.0031624856067069573
2023-05-09 07:56:23,346 INFO 3_1: 0.007308864716588883
2023-05-09 07:56:23,347 INFO Non empty regressions: 1.0 --- 218973 / 218973
