2023-05-09 05:06:02,741 INFO Starting...
2023-05-09 05:06:02,742 INFO Tickers: ['ABBV']
2023-05-09 05:06:23,191 INFO in_r2: -0.2377158546773578 , std 0.16165254738543716 
2023-05-09 05:06:23,192 INFO os_r2: -0.09639597389728723 , std 0.04163034158618501 
2023-05-09 05:06:23,192 INFO intercept: 5.018753108910544e-06 , std 0.00028574674813862155 
2023-05-09 05:06:23,192 INFO ofi_1_1: -1.3904193579896376e-06 , std 4.09769168976239e-05 
2023-05-09 05:06:23,192 INFO ofi_1_2: -2.2565795147802196e-06 , std 3.799199475955508e-05 
2023-05-09 05:06:23,192 INFO ofi_1_3: -2.947646041817075e-06 , std 3.7036750147352746e-05 
2023-05-09 05:06:23,192 INFO ofi_1_5: -4.673356265667527e-06 , std 3.7723705586152654e-05 
2023-05-09 05:06:23,192 INFO ofi_1_10: -6.598122826938219e-06 , std 3.9380285611489766e-05 
2023-05-09 05:06:23,192 INFO ofi_1_20: -8.945179968980453e-06 , std 4.061533501017375e-05 
2023-05-09 05:06:23,192 INFO ofi_1_30: -1.0863168775121583e-05 , std 4.335168600726204e-05 
2023-05-09 05:06:23,192 INFO used_intercept: 0.9890901967481553 , std 0.10387867656478257 
2023-05-09 05:06:23,192 INFO used_ofi_1_1: 0.05321291696594956 , std 0.2244577965541062 
2023-05-09 05:06:23,192 INFO used_ofi_1_2: 0.06610677743900907 , std 0.24846865278267682 
2023-05-09 05:06:23,192 INFO used_ofi_1_3: 0.0847870528964724 , std 0.2785645500734133 
2023-05-09 05:06:23,192 INFO used_ofi_1_5: 0.12136402678226102 , std 0.3265498427276541 
2023-05-09 05:06:23,192 INFO used_ofi_1_10: 0.17352212851667864 , std 0.37869803198817903 
2023-05-09 05:06:23,192 INFO used_ofi_1_20: 0.21626223711241818 , std 0.411695132241748 
2023-05-09 05:06:23,192 INFO used_ofi_1_30: 0.2469874979280415 , std 0.4312594042977929 
2023-05-09 05:06:23,814 INFO Grouping by horizont:
2023-05-09 05:06:23,815 INFO 1: 0.05321291696594956
2023-05-09 05:06:23,815 INFO 2: 0.06610677743900907
2023-05-09 05:06:23,815 INFO 3: 0.0847870528964724
2023-05-09 05:06:23,815 INFO 5: 0.12136402678226102
2023-05-09 05:06:23,815 INFO 10: 0.17352212851667864
2023-05-09 05:06:23,815 INFO 20: 0.21626223711241818
2023-05-09 05:06:23,815 INFO 30: 0.2469874979280415
2023-05-09 05:06:23,815 INFO Grouping by level:
2023-05-09 05:06:23,815 INFO 1: 0.9622426376408304
2023-05-09 05:06:23,815 INFO Grouping by level and horizont:
2023-05-09 05:06:23,815 INFO 1_1: 0.05321291696594956
2023-05-09 05:06:23,815 INFO 1_2: 0.06610677743900907
2023-05-09 05:06:23,815 INFO 1_3: 0.0847870528964724
2023-05-09 05:06:23,815 INFO 1_5: 0.12136402678226102
2023-05-09 05:06:23,815 INFO 1_10: 0.17352212851667864
2023-05-09 05:06:23,815 INFO 1_20: 0.21626223711241818
2023-05-09 05:06:23,815 INFO 1_30: 0.2469874979280415
2023-05-09 05:06:23,817 INFO Non empty regressions: 0.42819470884588146 --- 85248 / 199087
