2023-05-09 05:06:44,889 INFO Starting...
2023-05-09 05:06:44,889 INFO Tickers: ['COST']
2023-05-09 05:07:05,618 INFO in_r2: -0.24237073676151027 , std 0.15664804531275286 
2023-05-09 05:07:05,619 INFO os_r2: -0.09591291180681116 , std 0.040694342541891255 
2023-05-09 05:07:05,619 INFO intercept: 2.9240894994777658e-06 , std 0.0002188188033890321 
2023-05-09 05:07:05,619 INFO ofi_1_1: -6.467525901592621e-07 , std 1.7579131905032882e-05 
2023-05-09 05:07:05,619 INFO ofi_1_2: -9.648451196685984e-07 , std 1.6042145119793728e-05 
2023-05-09 05:07:05,619 INFO ofi_1_3: -1.0786204549510056e-06 , std 1.603290781679048e-05 
2023-05-09 05:07:05,619 INFO ofi_1_5: -1.9789297187794493e-06 , std 1.6179871343915836e-05 
2023-05-09 05:07:05,619 INFO ofi_1_10: -2.608386523670456e-06 , std 1.6781467147390033e-05 
2023-05-09 05:07:05,619 INFO ofi_1_20: -3.47610577376182e-06 , std 1.7145451008245398e-05 
2023-05-09 05:07:05,619 INFO ofi_1_30: -4.052468680478567e-06 , std 1.778605037843213e-05 
2023-05-09 05:07:05,619 INFO used_intercept: 0.9850397734120766 , std 0.12139364978598075 
2023-05-09 05:07:05,619 INFO used_ofi_1_1: 0.05180587360893495 , std 0.22163489136088207 
2023-05-09 05:07:05,619 INFO used_ofi_1_2: 0.06582198384958418 , std 0.24797066417560215 
2023-05-09 05:07:05,619 INFO used_ofi_1_3: 0.08260013659555662 , std 0.2752768679528885 
2023-05-09 05:07:05,619 INFO used_ofi_1_5: 0.12036981238198545 , std 0.3253934858738126 
2023-05-09 05:07:05,619 INFO used_ofi_1_10: 0.17173878108553292 , std 0.3771532475755556 
2023-05-09 05:07:05,619 INFO used_ofi_1_20: 0.2091418585030734 , std 0.4066958833390791 
2023-05-09 05:07:05,619 INFO used_ofi_1_30: 0.24327066007793982 , std 0.4290571593892628 
2023-05-09 05:07:06,234 INFO Grouping by horizont:
2023-05-09 05:07:06,235 INFO 1: 0.05180587360893495
2023-05-09 05:07:06,235 INFO 2: 0.06582198384958418
2023-05-09 05:07:06,235 INFO 3: 0.08260013659555662
2023-05-09 05:07:06,235 INFO 5: 0.12036981238198545
2023-05-09 05:07:06,235 INFO 10: 0.17173878108553292
2023-05-09 05:07:06,235 INFO 20: 0.2091418585030734
2023-05-09 05:07:06,235 INFO 30: 0.24327066007793982
2023-05-09 05:07:06,235 INFO Grouping by level:
2023-05-09 05:07:06,235 INFO 1: 0.9447491061026074
2023-05-09 05:07:06,235 INFO Grouping by level and horizont:
2023-05-09 05:07:06,235 INFO 1_1: 0.05180587360893495
2023-05-09 05:07:06,235 INFO 1_2: 0.06582198384958418
2023-05-09 05:07:06,235 INFO 1_3: 0.08260013659555662
2023-05-09 05:07:06,235 INFO 1_5: 0.12036981238198545
2023-05-09 05:07:06,235 INFO 1_10: 0.17173878108553292
2023-05-09 05:07:06,235 INFO 1_20: 0.2091418585030734
2023-05-09 05:07:06,235 INFO 1_30: 0.24327066007793982
2023-05-09 05:07:06,237 INFO Non empty regressions: 0.4212114820617894 --- 83875 / 199128
