2023-05-09 05:12:33,627 INFO Starting...
2023-05-09 05:12:33,627 INFO Tickers: ['GE']
2023-05-09 05:12:54,202 INFO in_r2: -0.24736209954684313 , std 0.15404754659160905 
2023-05-09 05:12:54,202 INFO os_r2: -0.0941012090152133 , std 0.049196532612626034 
2023-05-09 05:12:54,202 INFO intercept: -1.2443581354238425e-06 , std 0.0003207365998942222 
2023-05-09 05:12:54,202 INFO ofi_1_1: -1.1608920605798148e-07 , std 7.734713102969507e-05 
2023-05-09 05:12:54,202 INFO ofi_1_2: -2.8340668695840704e-06 , std 7.160841389601495e-05 
2023-05-09 05:12:54,202 INFO ofi_1_3: -3.886371000599159e-06 , std 6.85410657530234e-05 
2023-05-09 05:12:54,202 INFO ofi_1_5: -6.647297942676689e-06 , std 6.932676974531124e-05 
2023-05-09 05:12:54,202 INFO ofi_1_10: -1.0383659289064121e-05 , std 7.465330839751405e-05 
2023-05-09 05:12:54,202 INFO ofi_1_20: -1.6452281126803322e-05 , std 8.32273893632846e-05 
2023-05-09 05:12:54,202 INFO ofi_1_30: -2.2152829760164276e-05 , std 9.188132017475857e-05 
2023-05-09 05:12:54,202 INFO used_intercept: 0.943256151747303 , std 0.23135251011858912 
2023-05-09 05:12:54,202 INFO used_ofi_1_1: 0.048568416911694244 , std 0.21496401045381083 
2023-05-09 05:12:54,202 INFO used_ofi_1_2: 0.05880157557356627 , std 0.23525294957477674 
2023-05-09 05:12:54,202 INFO used_ofi_1_3: 0.07488009199251552 , std 0.26319776559786356 
2023-05-09 05:12:54,202 INFO used_ofi_1_5: 0.10514078788765212 , std 0.3067347430761893 
2023-05-09 05:12:54,202 INFO used_ofi_1_10: 0.1574060531478689 , std 0.364183178606974 
2023-05-09 05:12:54,202 INFO used_ofi_1_20: 0.2011882366588157 , std 0.400888425985251 
2023-05-09 05:12:54,203 INFO used_ofi_1_30: 0.2409507910650252 , std 0.42766050478172957 
2023-05-09 05:12:54,793 INFO Grouping by horizont:
2023-05-09 05:12:54,793 INFO 1: 0.048568416911694244
2023-05-09 05:12:54,793 INFO 2: 0.05880157557356627
2023-05-09 05:12:54,793 INFO 3: 0.07488009199251552
2023-05-09 05:12:54,793 INFO 5: 0.10514078788765212
2023-05-09 05:12:54,793 INFO 10: 0.1574060531478689
2023-05-09 05:12:54,793 INFO 20: 0.2011882366588157
2023-05-09 05:12:54,793 INFO 30: 0.2409507910650252
2023-05-09 05:12:54,793 INFO Grouping by level:
2023-05-09 05:12:54,793 INFO 1: 0.8869359532371379
2023-05-09 05:12:54,793 INFO Grouping by level and horizont:
2023-05-09 05:12:54,793 INFO 1_1: 0.048568416911694244
2023-05-09 05:12:54,793 INFO 1_2: 0.05880157557356627
2023-05-09 05:12:54,793 INFO 1_3: 0.07488009199251552
2023-05-09 05:12:54,793 INFO 1_5: 0.10514078788765212
2023-05-09 05:12:54,793 INFO 1_10: 0.1574060531478689
2023-05-09 05:12:54,793 INFO 1_20: 0.2011882366588157
2023-05-09 05:12:54,793 INFO 1_30: 0.2409507910650252
2023-05-09 05:12:54,795 INFO Non empty regressions: 0.3974591102346717 --- 78807 / 198277
