2023-05-09 04:53:44,121 INFO Starting...
2023-05-09 04:53:44,121 INFO Tickers: ['GOOG']
2023-05-09 04:54:05,245 INFO in_r2: -0.2531545200246101 , std 0.14397828576077304 
2023-05-09 04:54:05,245 INFO os_r2: -0.10453725314840616 , std 0.041485700014679966 
2023-05-09 04:54:05,245 INFO intercept: -9.381644950509879e-06 , std 0.00032669352464595913 
2023-05-09 04:54:05,245 INFO ofi_1_1: -1.17642935438097e-07 , std 9.211672725054359e-06 
2023-05-09 04:54:05,245 INFO ofi_1_2: -3.1659686515894544e-07 , std 8.044745759952323e-06 
2023-05-09 04:54:05,246 INFO ofi_1_3: -3.568461668728238e-07 , std 8.033512687331287e-06 
2023-05-09 04:54:05,246 INFO ofi_1_5: -6.720504434475757e-07 , std 7.751737242806177e-06 
2023-05-09 04:54:05,246 INFO ofi_1_10: -8.064886296718378e-07 , std 7.662605465357877e-06 
2023-05-09 04:54:05,246 INFO ofi_1_20: -1.0614840546909513e-06 , std 7.401347367688144e-06 
2023-05-09 04:54:05,246 INFO ofi_1_30: -1.1339943909805576e-06 , std 7.176879496386419e-06 
2023-05-09 04:54:05,246 INFO used_intercept: 0.9858482985818168 , std 0.11811617486675513 
2023-05-09 04:54:05,246 INFO used_ofi_1_1: 0.04433329315816962 , std 0.20583452644277495 
2023-05-09 04:54:05,246 INFO used_ofi_1_2: 0.05929351974609297 , std 0.23617323781964092 
2023-05-09 04:54:05,246 INFO used_ofi_1_3: 0.0764282270700253 , std 0.2656820527942336 
2023-05-09 04:54:05,246 INFO used_ofi_1_5: 0.11771322968141096 , std 0.3222682504364684 
2023-05-09 04:54:05,246 INFO used_ofi_1_10: 0.16452733919890725 , std 0.3707534138144043 
2023-05-09 04:54:05,246 INFO used_ofi_1_20: 0.20388895584749508 , std 0.40288739063280854 
2023-05-09 04:54:05,246 INFO used_ofi_1_30: 0.23690289662930378 , std 0.4251822129369351 
2023-05-09 04:54:05,868 INFO Grouping by horizont:
2023-05-09 04:54:05,868 INFO 1: 0.04433329315816962
2023-05-09 04:54:05,868 INFO 2: 0.05929351974609297
2023-05-09 04:54:05,868 INFO 3: 0.0764282270700253
2023-05-09 04:54:05,868 INFO 5: 0.11771322968141096
2023-05-09 04:54:05,868 INFO 10: 0.16452733919890725
2023-05-09 04:54:05,868 INFO 20: 0.20388895584749508
2023-05-09 04:54:05,868 INFO 30: 0.23690289662930378
2023-05-09 04:54:05,868 INFO Grouping by level:
2023-05-09 04:54:05,868 INFO 1: 0.9030874613314049
2023-05-09 04:54:05,868 INFO Grouping by level and horizont:
2023-05-09 04:54:05,868 INFO 1_1: 0.04433329315816962
2023-05-09 04:54:05,868 INFO 1_2: 0.05929351974609297
2023-05-09 04:54:05,868 INFO 1_3: 0.0764282270700253
2023-05-09 04:54:05,868 INFO 1_5: 0.11771322968141096
2023-05-09 04:54:05,868 INFO 1_10: 0.16452733919890725
2023-05-09 04:54:05,868 INFO 1_20: 0.20388895584749508
2023-05-09 04:54:05,868 INFO 1_30: 0.23690289662930378
2023-05-09 04:54:05,870 INFO Non empty regressions: 0.4109668153147724 --- 81835 / 199128
