2023-05-09 05:21:33,704 INFO Starting...
2023-05-09 05:21:33,704 INFO Tickers: ['INTU']
2023-05-09 05:21:54,276 INFO in_r2: -0.248813576811893 , std 0.15104954588536607 
2023-05-09 05:21:54,276 INFO os_r2: -0.09740054718179635 , std 0.03705123077026245 
2023-05-09 05:21:54,276 INFO intercept: 2.0786309545758458e-06 , std 0.00027912754275099606 
2023-05-09 05:21:54,276 INFO ofi_1_1: -2.5438607989775503e-07 , std 1.934246372463073e-05 
2023-05-09 05:21:54,276 INFO ofi_1_2: -8.699963519162376e-07 , std 1.8493019340525554e-05 
2023-05-09 05:21:54,276 INFO ofi_1_3: -9.386655110513098e-07 , std 1.7800624584841257e-05 
2023-05-09 05:21:54,276 INFO ofi_1_5: -1.6446714000895124e-06 , std 1.6948316718366642e-05 
2023-05-09 05:21:54,276 INFO ofi_1_10: -2.451809320531585e-06 , std 1.8105375486681976e-05 
2023-05-09 05:21:54,276 INFO ofi_1_20: -3.352266515067386e-06 , std 1.884677430724364e-05 
2023-05-09 05:21:54,276 INFO ofi_1_30: -4.302123894569943e-06 , std 2.0252223893011548e-05 
2023-05-09 05:21:54,276 INFO used_intercept: 0.9866919770198064 , std 0.11459022429750404 
2023-05-09 05:21:54,276 INFO used_ofi_1_1: 0.04857177292997469 , std 0.2149710580622742 
2023-05-09 05:21:54,276 INFO used_ofi_1_2: 0.06300972238961874 , std 0.24298044627912327 
2023-05-09 05:21:54,276 INFO used_ofi_1_3: 0.07923546663452653 , std 0.27010591896834724 
2023-05-09 05:21:54,276 INFO used_ofi_1_5: 0.11496625286248041 , std 0.318981211931425 
2023-05-09 05:21:54,276 INFO used_ofi_1_10: 0.1663854405206701 , std 0.3724262688149329 
2023-05-09 05:21:54,276 INFO used_ofi_1_20: 0.20683178658953036 , std 0.40503382407610516 
2023-05-09 05:21:54,276 INFO used_ofi_1_30: 0.23108754168173234 , std 0.4215282787206879 
2023-05-09 05:21:54,904 INFO Grouping by horizont:
2023-05-09 05:21:54,904 INFO 1: 0.04857177292997469
2023-05-09 05:21:54,904 INFO 2: 0.06300972238961874
2023-05-09 05:21:54,904 INFO 3: 0.07923546663452653
2023-05-09 05:21:54,904 INFO 5: 0.11496625286248041
2023-05-09 05:21:54,904 INFO 10: 0.1663854405206701
2023-05-09 05:21:54,904 INFO 20: 0.20683178658953036
2023-05-09 05:21:54,904 INFO 30: 0.23108754168173234
2023-05-09 05:21:54,904 INFO Grouping by level:
2023-05-09 05:21:54,904 INFO 1: 0.9100879836085332
2023-05-09 05:21:54,904 INFO Grouping by level and horizont:
2023-05-09 05:21:54,904 INFO 1_1: 0.04857177292997469
2023-05-09 05:21:54,904 INFO 1_2: 0.06300972238961874
2023-05-09 05:21:54,905 INFO 1_3: 0.07923546663452653
2023-05-09 05:21:54,905 INFO 1_5: 0.11496625286248041
2023-05-09 05:21:54,905 INFO 1_10: 0.1663854405206701
2023-05-09 05:21:54,905 INFO 1_20: 0.20683178658953036
2023-05-09 05:21:54,905 INFO 1_30: 0.23108754168173234
2023-05-09 05:21:54,909 INFO Non empty regressions: 0.4044584387931381 --- 80539 / 199128
