2023-05-09 05:03:34,211 INFO Starting...
2023-05-09 05:03:34,212 INFO Tickers: ['MCD']
2023-05-09 05:03:54,896 INFO in_r2: -0.23986803995445624 , std 0.15946949962740828 
2023-05-09 05:03:54,896 INFO os_r2: -0.09705730939821593 , std 0.042440215536329075 
2023-05-09 05:03:54,896 INFO intercept: 1.736450653478786e-06 , std 0.00016261877581727734 
2023-05-09 05:03:54,896 INFO ofi_1_1: -9.243611100199007e-07 , std 2.375802629716679e-05 
2023-05-09 05:03:54,896 INFO ofi_1_2: -1.3566042093501246e-06 , std 2.2352857768339575e-05 
2023-05-09 05:03:54,896 INFO ofi_1_3: -1.959709200703731e-06 , std 2.2296780068563558e-05 
2023-05-09 05:03:54,896 INFO ofi_1_5: -2.622148730687219e-06 , std 2.2600806279461287e-05 
2023-05-09 05:03:54,896 INFO ofi_1_10: -4.010739772708459e-06 , std 2.3430687883953128e-05 
2023-05-09 05:03:54,896 INFO ofi_1_20: -5.212839777386442e-06 , std 2.4371997485091315e-05 
2023-05-09 05:03:54,896 INFO ofi_1_30: -6.720652174223947e-06 , std 2.621158982781944e-05 
2023-05-09 05:03:54,896 INFO used_intercept: 0.9831370342083049 , std 0.128757936362786 
2023-05-09 05:03:54,896 INFO used_ofi_1_1: 0.05216163524540741 , std 0.2223528705772257 
2023-05-09 05:03:54,896 INFO used_ofi_1_2: 0.06665795714917394 , std 0.24942869501697834 
2023-05-09 05:03:54,896 INFO used_ofi_1_3: 0.0840836917634763 , std 0.2775132871465815 
2023-05-09 05:03:54,896 INFO used_ofi_1_5: 0.1186236282509949 , std 0.3233451145008451 
2023-05-09 05:03:54,896 INFO used_ofi_1_10: 0.17441311251356675 , std 0.3794643312577569 
2023-05-09 05:03:54,896 INFO used_ofi_1_20: 0.21255577441009768 , std 0.4091158969962196 
2023-05-09 05:03:54,896 INFO used_ofi_1_30: 0.2464073240342485 , std 0.4309185012232932 
2023-05-09 05:03:55,505 INFO Grouping by horizont:
2023-05-09 05:03:55,505 INFO 1: 0.05216163524540741
2023-05-09 05:03:55,505 INFO 2: 0.06665795714917394
2023-05-09 05:03:55,505 INFO 3: 0.0840836917634763
2023-05-09 05:03:55,505 INFO 5: 0.1186236282509949
2023-05-09 05:03:55,505 INFO 10: 0.17441311251356675
2023-05-09 05:03:55,505 INFO 20: 0.21255577441009768
2023-05-09 05:03:55,505 INFO 30: 0.2464073240342485
2023-05-09 05:03:55,505 INFO Grouping by level:
2023-05-09 05:03:55,505 INFO 1: 0.9549031233669654
2023-05-09 05:03:55,505 INFO Grouping by level and horizont:
2023-05-09 05:03:55,505 INFO 1_1: 0.05216163524540741
2023-05-09 05:03:55,505 INFO 1_2: 0.06665795714917394
2023-05-09 05:03:55,505 INFO 1_3: 0.0840836917634763
2023-05-09 05:03:55,505 INFO 1_5: 0.1186236282509949
2023-05-09 05:03:55,505 INFO 1_10: 0.17441311251356675
2023-05-09 05:03:55,505 INFO 1_20: 0.21255577441009768
2023-05-09 05:03:55,505 INFO 1_30: 0.2464073240342485
2023-05-09 05:03:55,507 INFO Non empty regressions: 0.4215791695140089 --- 83901 / 199016
