2023-05-09 04:59:45,684 INFO Starting...
2023-05-09 04:59:45,684 INFO Tickers: ['PFE']
2023-05-09 05:00:06,314 INFO in_r2: -0.23918095527164446 , std 0.16028383816779515 
2023-05-09 05:00:06,315 INFO os_r2: -0.09366284111927647 , std 0.06242389822279029 
2023-05-09 05:00:06,315 INFO intercept: 1.267479853629962e-07 , std 0.0002145342060032814 
2023-05-09 05:00:06,315 INFO ofi_1_1: -2.004031852271007e-07 , std 3.154876905832162e-05 
2023-05-09 05:00:06,315 INFO ofi_1_2: -1.664864606125174e-06 , std 2.9476866247342514e-05 
2023-05-09 05:00:06,315 INFO ofi_1_3: -1.834343311345347e-06 , std 2.851034383918155e-05 
2023-05-09 05:00:06,315 INFO ofi_1_5: -3.6665441911093383e-06 , std 3.014621516795447e-05 
2023-05-09 05:00:06,315 INFO ofi_1_10: -5.682804536875074e-06 , std 3.279464132216511e-05 
2023-05-09 05:00:06,315 INFO ofi_1_20: -7.64259933827129e-06 , std 3.4625795105455205e-05 
2023-05-09 05:00:06,315 INFO ofi_1_30: -1.042184686151477e-05 , std 3.819965361203804e-05 
2023-05-09 05:00:06,315 INFO used_intercept: 0.9744686834598851 , std 0.15773226815031652 
2023-05-09 05:00:06,315 INFO used_ofi_1_1: 0.051368968703547464 , std 0.22074917385549017 
2023-05-09 05:00:06,315 INFO used_ofi_1_2: 0.06495821782973765 , std 0.24645212063628505 
2023-05-09 05:00:06,315 INFO used_ofi_1_3: 0.08158571371178337 , std 0.2737325063450125 
2023-05-09 05:00:06,315 INFO used_ofi_1_5: 0.11819030975051223 , std 0.32283333228090033 
2023-05-09 05:00:06,315 INFO used_ofi_1_10: 0.1718141095174963 , std 0.3772187976336891 
2023-05-09 05:00:06,315 INFO used_ofi_1_20: 0.21243120003214014 , std 0.40902834288719525 
2023-05-09 05:00:06,315 INFO used_ofi_1_30: 0.25082861275159696 , std 0.43349004576426703 
2023-05-09 05:00:06,913 INFO Grouping by horizont:
2023-05-09 05:00:06,913 INFO 1: 0.051368968703547464
2023-05-09 05:00:06,913 INFO 2: 0.06495821782973765
2023-05-09 05:00:06,913 INFO 3: 0.08158571371178337
2023-05-09 05:00:06,913 INFO 5: 0.11819030975051223
2023-05-09 05:00:06,913 INFO 10: 0.1718141095174963
2023-05-09 05:00:06,913 INFO 20: 0.21243120003214014
2023-05-09 05:00:06,913 INFO 30: 0.25082861275159696
2023-05-09 05:00:06,913 INFO Grouping by level:
2023-05-09 05:00:06,913 INFO 1: 0.9511771322968141
2023-05-09 05:00:06,913 INFO Grouping by level and horizont:
2023-05-09 05:00:06,913 INFO 1_1: 0.051368968703547464
2023-05-09 05:00:06,913 INFO 1_2: 0.06495821782973765
2023-05-09 05:00:06,913 INFO 1_3: 0.08158571371178337
2023-05-09 05:00:06,913 INFO 1_5: 0.11819030975051223
2023-05-09 05:00:06,913 INFO 1_10: 0.1718141095174963
2023-05-09 05:00:06,913 INFO 1_20: 0.21243120003214014
2023-05-09 05:00:06,913 INFO 1_30: 0.25082861275159696
2023-05-09 05:00:06,915 INFO Non empty regressions: 0.4201819934916235 --- 83670 / 199128
