2023-05-09 05:16:41,756 INFO Starting...
2023-05-09 05:16:41,756 INFO Tickers: ['UPS']
2023-05-09 05:17:02,272 INFO in_r2: -0.2425753740028231 , std 0.1573360692138901 
2023-05-09 05:17:02,273 INFO os_r2: -0.09175457291020972 , std 0.03560860651022998 
2023-05-09 05:17:02,273 INFO intercept: 3.1989780783467915e-06 , std 0.00021086489796800752 
2023-05-09 05:17:02,273 INFO ofi_1_1: -1.7668141974690565e-06 , std 3.1715826688048e-05 
2023-05-09 05:17:02,273 INFO ofi_1_2: -1.4204200861074444e-06 , std 2.9400275411509838e-05 
2023-05-09 05:17:02,273 INFO ofi_1_3: -2.1072015385967785e-06 , std 2.9376476152568777e-05 
2023-05-09 05:17:02,273 INFO ofi_1_5: -3.7101841146915667e-06 , std 2.89848785413697e-05 
2023-05-09 05:17:02,273 INFO ofi_1_10: -4.93393575258713e-06 , std 2.9272216446134474e-05 
2023-05-09 05:17:02,273 INFO ofi_1_20: -7.0230228436546196e-06 , std 3.267674902126144e-05 
2023-05-09 05:17:02,273 INFO ofi_1_30: -8.822562467441856e-06 , std 3.487459012755485e-05 
2023-05-09 05:17:02,273 INFO used_intercept: 0.9853260214535374 , std 0.12024413873482788 
2023-05-09 05:17:02,273 INFO used_ofi_1_1: 0.05364890924430517 , std 0.225323553542903 
2023-05-09 05:17:02,273 INFO used_ofi_1_2: 0.0649280864569523 , std 0.24639892460396579 
2023-05-09 05:17:02,273 INFO used_ofi_1_3: 0.08231388855409585 , std 0.27484234081596626 
2023-05-09 05:17:02,273 INFO used_ofi_1_5: 0.11618155156482263 , std 0.3204425044228888 
2023-05-09 05:17:02,273 INFO used_ofi_1_10: 0.16641054999799124 , std 0.3724487600292922 
2023-05-09 05:17:02,273 INFO used_ofi_1_20: 0.2079315816961954 , std 0.40582759766865756 
2023-05-09 05:17:02,273 INFO used_ofi_1_30: 0.23986581495319592 , std 0.427001411906372 
2023-05-09 05:17:02,882 INFO Grouping by horizont:
2023-05-09 05:17:02,882 INFO 1: 0.05364890924430517
2023-05-09 05:17:02,882 INFO 2: 0.0649280864569523
2023-05-09 05:17:02,883 INFO 3: 0.08231388855409585
2023-05-09 05:17:02,883 INFO 5: 0.11618155156482263
2023-05-09 05:17:02,883 INFO 10: 0.16641054999799124
2023-05-09 05:17:02,883 INFO 20: 0.2079315816961954
2023-05-09 05:17:02,883 INFO 30: 0.23986581495319592
2023-05-09 05:17:02,883 INFO Grouping by level:
2023-05-09 05:17:02,883 INFO 1: 0.9312803824675585
2023-05-09 05:17:02,883 INFO Grouping by level and horizont:
2023-05-09 05:17:02,883 INFO 1_1: 0.05364890924430517
2023-05-09 05:17:02,883 INFO 1_2: 0.0649280864569523
2023-05-09 05:17:02,883 INFO 1_3: 0.08231388855409585
2023-05-09 05:17:02,883 INFO 1_5: 0.11618155156482263
2023-05-09 05:17:02,883 INFO 1_10: 0.16641054999799124
2023-05-09 05:17:02,883 INFO 1_20: 0.2079315816961954
2023-05-09 05:17:02,883 INFO 1_30: 0.23986581495319592
2023-05-09 05:17:02,884 INFO Non empty regressions: 0.4123880117311478 --- 82118 / 199128
