2023-05-09 05:09:14,222 INFO Starting...
2023-05-09 05:09:14,222 INFO Tickers: ['UTX']
2023-05-09 05:09:34,850 INFO in_r2: -0.24030696320413286 , std 0.15981581358437127 
2023-05-09 05:09:34,850 INFO os_r2: -0.09282536362715771 , std 0.036081235897260144 
2023-05-09 05:09:34,850 INFO intercept: 3.4883987870779303e-06 , std 0.0002077456705774324 
2023-05-09 05:09:34,850 INFO ofi_1_1: -1.0458526498211096e-06 , std 2.968605172032305e-05 
2023-05-09 05:09:34,850 INFO ofi_1_2: -1.8318132817251587e-06 , std 2.8738392083808398e-05 
2023-05-09 05:09:34,850 INFO ofi_1_3: -1.8094973383319415e-06 , std 2.6967010652526805e-05 
2023-05-09 05:09:34,850 INFO ofi_1_5: -3.4710986312532776e-06 , std 2.754488577491615e-05 
2023-05-09 05:09:34,850 INFO ofi_1_10: -4.892950281019105e-06 , std 2.8858190999513633e-05 
2023-05-09 05:09:34,850 INFO ofi_1_20: -6.6049906941537515e-06 , std 3.006046261315906e-05 
2023-05-09 05:09:34,850 INFO ofi_1_30: -8.356040268191624e-06 , std 3.287499656943318e-05 
2023-05-09 05:09:34,850 INFO used_intercept: 0.9851653207986822 , std 0.12089090740958035 
2023-05-09 05:09:34,850 INFO used_ofi_1_1: 0.051127917721264717 , std 0.22025860653048793 
2023-05-09 05:09:34,850 INFO used_ofi_1_2: 0.06635430476879194 , std 0.24890040379123976 
2023-05-09 05:09:34,850 INFO used_ofi_1_3: 0.08281105620505404 , std 0.2755964172032311 
2023-05-09 05:09:34,850 INFO used_ofi_1_5: 0.11803965288658551 , std 0.3226550685066018 
2023-05-09 05:09:34,850 INFO used_ofi_1_10: 0.17174380298099715 , std 0.3771576184019376 
2023-05-09 05:09:34,850 INFO used_ofi_1_20: 0.21032702583263027 , std 0.407540878976613 
2023-05-09 05:09:34,851 INFO used_ofi_1_30: 0.24371760877425575 , std 0.4293242783114118 
2023-05-09 05:09:35,473 INFO Grouping by horizont:
2023-05-09 05:09:35,473 INFO 1: 0.051127917721264717
2023-05-09 05:09:35,473 INFO 2: 0.06635430476879194
2023-05-09 05:09:35,473 INFO 3: 0.08281105620505404
2023-05-09 05:09:35,473 INFO 5: 0.11803965288658551
2023-05-09 05:09:35,473 INFO 10: 0.17174380298099715
2023-05-09 05:09:35,474 INFO 20: 0.21032702583263027
2023-05-09 05:09:35,474 INFO 30: 0.24371760877425575
2023-05-09 05:09:35,474 INFO Grouping by level:
2023-05-09 05:09:35,474 INFO 1: 0.9441213691695794
2023-05-09 05:09:35,474 INFO Grouping by level and horizont:
2023-05-09 05:09:35,474 INFO 1_1: 0.051127917721264717
2023-05-09 05:09:35,474 INFO 1_2: 0.06635430476879194
2023-05-09 05:09:35,474 INFO 1_3: 0.08281105620505404
2023-05-09 05:09:35,474 INFO 1_5: 0.11803965288658551
2023-05-09 05:09:35,474 INFO 1_10: 0.17174380298099715
2023-05-09 05:09:35,474 INFO 1_20: 0.21032702583263027
2023-05-09 05:09:35,474 INFO 1_30: 0.24371760877425575
2023-05-09 05:09:35,477 INFO Non empty regressions: 0.41892149773010323 --- 83419 / 199128
