2023-04-20 16:28:07,503 INFO Experiment: universal_price_impact
2023-04-20 16:28:07,509 INFO Tickers: ['AAPL', 'MSFT', 'AMZN', 'FB', 'BRK.B', 'JPM', 'GOOG', 'GOOGL', 'JNJ', 'V', 'PG', 'XOM', 'BAC', 'T', 'UNH', 'DIS', 'MA', 'INTC', 'VZ', 'HD', 'MRK', 'CVX', 'WFC', 'PFE', 'KO', 'CMCSA', 'CSCO', 'PEP', 'BA', 'C', 'WMT', 'ADBE', 'MDT', 'ABT', 'MCD', 'BMY', 'AMGN', 'CRM', 'NVDA', 'PM', 'NFLX', 'ABBV', 'ACN', 'COST', 'PYPL', 'TMO', 'AVGO', 'HON', 'UNP', 'NKE', 'UTX', 'ORCL', 'IBM', 'TXN', 'NEE', 'LIN', 'SBUX', 'LLY', 'QCOM', 'MMM', 'GE', 'CVS', 'DHR', 'LMT', 'AMT', 'MO', 'LOW', 'USB', 'BKNG', 'AXP', 'FIS', 'GILD', 'UPS', 'CAT', 'MDLZ', 'CHTR', 'TFC', 'ANTM', 'GS', 'CI', 'TJX', 'ADP', 'BDX', 'CME', 'CB', 'PNC', 'COP', 'INTU', 'ISRG', 'D', 'SPGI', 'FISV', 'DUK', 'SYK', 'SO', 'TGT', 'MS', 'BSX', 'AGN', 'RTN']
2023-04-20 16:30:30,655 INFO Negative OS: -0.024449119500251415 --- ticker AAPL, MSFT, AMZN, FB, BRK.B ... --- day 2017-02-02 --- time 46800
2023-04-20 16:32:52,382 INFO Negative OS: -0.2333688989031415 --- ticker AAPL, MSFT, AMZN, FB, BRK.B ... --- day 2017-03-08 --- time 36000
2023-04-20 16:48:38,938 INFO Negative OS: -0.07173048196857024 --- ticker AAPL, MSFT, AMZN, FB, BRK.B ... --- day 2017-10-11 --- time 39600
2023-04-20 16:50:46,542 INFO Negative OS: -0.06235274625199749 --- ticker AAPL, MSFT, AMZN, FB, BRK.B ... --- day 2017-11-09 --- time 46800
2023-04-20 16:51:35,322 INFO Negative OS: -0.004435024520140551 --- ticker AAPL, MSFT, AMZN, FB, BRK.B ... --- day 2017-11-21 --- time 52200
2023-04-20 16:53:17,020 INFO Negative OS: -1.0038483032621004 --- ticker AAPL, MSFT, AMZN, FB, BRK.B ... --- day 2017-12-15 --- time 52200
2023-04-20 16:53:28,069 INFO Negative OS: -1.0320862333387404 --- ticker AAPL, MSFT, AMZN, FB, BRK.B ... --- day 2017-12-19 --- time 46800
2023-04-20 16:53:28,413 INFO Negative OS: -1.0400918371991419 --- ticker AAPL, MSFT, AMZN, FB, BRK.B ... --- day 2017-12-19 --- time 48600
2023-04-20 16:53:38,355 INFO Negative OS: -0.40885009780679793 --- ticker AAPL, MSFT, AMZN, FB, BRK.B ... --- day 2017-12-21 --- time 37800
2023-04-20 16:53:40,063 INFO Negative OS: -0.10498430750788379 --- ticker AAPL, MSFT, AMZN, FB, BRK.B ... --- day 2017-12-21 --- time 46800
2023-04-20 16:53:56,449 INFO Negative OS: -0.04032982777745553 --- ticker AAPL, MSFT, AMZN, FB, BRK.B ... --- day 2017-12-27 --- time 39600
2023-04-20 16:54:07,847 INFO Negative OS: -0.06728013667431876 --- ticker AAPL, MSFT, AMZN, FB, BRK.B ... --- day 2017-12-29 --- time 37800
2023-04-20 16:54:15,535 INFO Negative OS: -0.07172210763833986 --- ticker AAPL, MSFT, AMZN, FB, BRK.B ... --- day 2018-01-02 --- time 46800
2023-04-20 16:54:20,676 INFO Negative OS: -0.06790743297935697 --- ticker AAPL, MSFT, AMZN, FB, BRK.B ... --- day 2018-01-03 --- time 41400
2023-04-20 16:54:21,027 INFO Negative OS: -0.37766149735496013 --- ticker AAPL, MSFT, AMZN, FB, BRK.B ... --- day 2018-01-03 --- time 43200
2023-04-20 16:54:22,433 INFO Negative OS: -4.8179432622259775 --- ticker AAPL, MSFT, AMZN, FB, BRK.B ... --- day 2018-01-03 --- time 50400
2023-04-20 16:54:34,246 INFO Negative OS: -0.12213138703780557 --- ticker AAPL, MSFT, AMZN, FB, BRK.B ... --- day 2018-01-05 --- time 48600
2023-04-20 16:54:34,951 INFO Negative OS: -0.14196234336557367 --- ticker AAPL, MSFT, AMZN, FB, BRK.B ... --- day 2018-01-05 --- time 52200
2023-04-20 16:54:40,299 INFO Negative OS: -0.11633811033258334 --- ticker AAPL, MSFT, AMZN, FB, BRK.B ... --- day 2018-01-08 --- time 48600
2023-04-20 16:54:41,020 INFO Negative OS: -1.056837218823461 --- ticker AAPL, MSFT, AMZN, FB, BRK.B ... --- day 2018-01-08 --- time 52200
2023-04-20 16:54:44,971 INFO Negative OS: -1.2789627534379533 --- ticker AAPL, MSFT, AMZN, FB, BRK.B ... --- day 2018-01-09 --- time 41400
2023-04-20 16:54:45,668 INFO Negative OS: -0.3448821672807425 --- ticker AAPL, MSFT, AMZN, FB, BRK.B ... --- day 2018-01-09 --- time 45000
2023-04-20 16:54:46,364 INFO Negative OS: -0.6648322283093557 --- ticker AAPL, MSFT, AMZN, FB, BRK.B ... --- day 2018-01-09 --- time 48600
2023-04-20 16:54:46,718 INFO Negative OS: -0.17992883752979738 --- ticker AAPL, MSFT, AMZN, FB, BRK.B ... --- day 2018-01-09 --- time 50400
2023-04-20 16:54:50,327 INFO Negative OS: -0.06654824340977017 --- ticker AAPL, MSFT, AMZN, FB, BRK.B ... --- day 2018-01-10 --- time 37800
2023-04-20 16:54:56,420 INFO Negative OS: -0.14554645047761672 --- ticker AAPL, MSFT, AMZN, FB, BRK.B ... --- day 2018-01-11 --- time 37800
2023-04-20 16:55:08,649 INFO Negative OS: -0.1072446035139365 --- ticker AAPL, MSFT, AMZN, FB, BRK.B ... --- day 2018-01-16 --- time 37800
2023-04-20 16:55:17,723 INFO Negative OS: -0.2811339639947652 --- ticker AAPL, MSFT, AMZN, FB, BRK.B ... --- day 2018-01-17 --- time 52200
2023-04-20 16:55:28,212 INFO Negative OS: -0.047990259929791446 --- ticker AAPL, MSFT, AMZN, FB, BRK.B ... --- day 2018-01-19 --- time 43200
2023-04-20 16:55:29,642 INFO Negative OS: -0.03150470955403395 --- ticker AAPL, MSFT, AMZN, FB, BRK.B ... --- day 2018-01-19 --- time 50400
2023-04-20 16:55:34,457 INFO Negative OS: -1.6881287701917933 --- ticker AAPL, MSFT, AMZN, FB, BRK.B ... --- day 2018-01-22 --- time 43200
2023-04-20 16:55:34,815 INFO Negative OS: -0.02041158648539776 --- ticker AAPL, MSFT, AMZN, FB, BRK.B ... --- day 2018-01-22 --- time 45000
2023-04-20 16:55:35,884 INFO Negative OS: -0.1145178217875642 --- ticker AAPL, MSFT, AMZN, FB, BRK.B ... --- day 2018-01-22 --- time 50400
2023-04-20 16:55:39,921 INFO Negative OS: -3.2402920233009906 --- ticker AAPL, MSFT, AMZN, FB, BRK.B ... --- day 2018-01-23 --- time 39600
2023-04-20 16:55:54,499 INFO Negative OS: -0.10873803674808835 --- ticker AAPL, MSFT, AMZN, FB, BRK.B ... --- day 2018-01-25 --- time 50400
2023-04-20 16:55:54,870 INFO Negative OS: -0.35696618273914926 --- ticker AAPL, MSFT, AMZN, FB, BRK.B ... --- day 2018-01-25 --- time 52200
2023-04-20 16:55:59,263 INFO Negative OS: -2.4877710074871007 --- ticker AAPL, MSFT, AMZN, FB, BRK.B ... --- day 2018-01-26 --- time 43200
2023-04-20 16:56:00,334 INFO Negative OS: -0.08998854831137426 --- ticker AAPL, MSFT, AMZN, FB, BRK.B ... --- day 2018-01-26 --- time 48600
2023-04-20 16:56:01,060 INFO Negative OS: -0.23981028909622992 --- ticker AAPL, MSFT, AMZN, FB, BRK.B ... --- day 2018-01-26 --- time 52200
2023-04-20 16:56:05,934 INFO Negative OS: -4.599872788496268 --- ticker AAPL, MSFT, AMZN, FB, BRK.B ... --- day 2018-01-29 --- time 45000
2023-04-20 16:56:16,550 INFO Negative OS: -0.15854857333954087 --- ticker AAPL, MSFT, AMZN, FB, BRK.B ... --- day 2018-01-31 --- time 36000
2023-04-20 16:56:22,748 INFO Negative OS: -0.013130608934257326 --- ticker AAPL, MSFT, AMZN, FB, BRK.B ... --- day 2018-02-01 --- time 36000
2023-04-20 16:56:37,083 INFO Negative OS: -0.008424274438865176 --- ticker AAPL, MSFT, AMZN, FB, BRK.B ... --- day 2018-02-05 --- time 45000
2023-04-20 16:56:38,216 INFO Negative OS: -0.020686772217780813 --- ticker AAPL, MSFT, AMZN, FB, BRK.B ... --- day 2018-02-05 --- time 50400
2023-04-20 16:56:54,152 INFO Negative OS: -0.04714743656255305 --- ticker AAPL, MSFT, AMZN, FB, BRK.B ... --- day 2018-02-08 --- time 36000
2023-04-20 16:56:56,036 INFO Negative OS: -0.3952269947440161 --- ticker AAPL, MSFT, AMZN, FB, BRK.B ... --- day 2018-02-08 --- time 45000
2023-04-20 16:57:22,299 INFO Negative OS: -0.8526370074327849 --- ticker AAPL, MSFT, AMZN, FB, BRK.B ... --- day 2018-02-14 --- time 50400
2023-04-20 16:57:26,698 INFO Negative OS: -0.8463629619920019 --- ticker AAPL, MSFT, AMZN, FB, BRK.B ... --- day 2018-02-15 --- time 41400
2023-04-20 16:57:28,137 INFO Negative OS: -7.406354383220426 --- ticker AAPL, MSFT, AMZN, FB, BRK.B ... --- day 2018-02-15 --- time 48600
2023-04-20 16:57:28,875 INFO Negative OS: -0.011953457200275741 --- ticker AAPL, MSFT, AMZN, FB, BRK.B ... --- day 2018-02-15 --- time 52200
2023-04-20 16:57:59,446 INFO Negative OS: -4.91622636619894 --- ticker AAPL, MSFT, AMZN, FB, BRK.B ... --- day 2018-02-23 --- time 50400
2023-04-20 16:58:57,491 INFO Negative OS: -0.341885707038746 --- ticker AAPL, MSFT, AMZN, FB, BRK.B ... --- day 2018-03-08 --- time 45000
2023-04-20 16:58:58,222 INFO Negative OS: -4.231114110583019 --- ticker AAPL, MSFT, AMZN, FB, BRK.B ... --- day 2018-03-08 --- time 48600
2023-04-20 16:59:01,883 INFO Negative OS: -0.09774529087920625 --- ticker AAPL, MSFT, AMZN, FB, BRK.B ... --- day 2018-03-09 --- time 36000
2023-04-20 16:59:02,988 INFO Negative OS: -0.21647521514865864 --- ticker AAPL, MSFT, AMZN, FB, BRK.B ... --- day 2018-03-09 --- time 41400
2023-04-20 16:59:04,071 INFO Negative OS: -1.2793921924040377 --- ticker AAPL, MSFT, AMZN, FB, BRK.B ... --- day 2018-03-09 --- time 46800
2023-04-20 16:59:04,435 INFO Negative OS: -0.0002503885199034439 --- ticker AAPL, MSFT, AMZN, FB, BRK.B ... --- day 2018-03-09 --- time 48600
2023-04-20 16:59:11,439 INFO Negative OS: -1.0645884746589673 --- ticker AAPL, MSFT, AMZN, FB, BRK.B ... --- day 2018-03-12 --- time 52200
2023-04-20 16:59:27,362 INFO Negative OS: -0.0345601911298401 --- ticker AAPL, MSFT, AMZN, FB, BRK.B ... --- day 2018-03-15 --- time 37800
2023-04-20 16:59:40,168 INFO Negative OS: -0.00796765621907003 --- ticker AAPL, MSFT, AMZN, FB, BRK.B ... --- day 2018-03-19 --- time 39600
2023-04-20 16:59:53,750 INFO Negative OS: -0.020980841572949105 --- ticker AAPL, MSFT, AMZN, FB, BRK.B ... --- day 2018-03-21 --- time 45000
2023-04-20 17:03:38,636 INFO Negative OS: -0.05796852282091369 --- ticker AAPL, MSFT, AMZN, FB, BRK.B ... --- day 2018-05-11 --- time 37800
2023-04-20 17:03:45,889 INFO Negative OS: -0.02138920879150974 --- ticker AAPL, MSFT, AMZN, FB, BRK.B ... --- day 2018-05-14 --- time 43200
2023-04-20 17:05:08,719 INFO Negative OS: -0.05890653873682705 --- ticker AAPL, MSFT, AMZN, FB, BRK.B ... --- day 2018-06-01 --- time 52200
2023-04-20 17:05:12,081 INFO Negative OS: -0.041299421847425855 --- ticker AAPL, MSFT, AMZN, FB, BRK.B ... --- day 2018-06-04 --- time 37800
2023-04-20 17:05:12,819 INFO Negative OS: -0.03743026973922259 --- ticker AAPL, MSFT, AMZN, FB, BRK.B ... --- day 2018-06-04 --- time 41400
2023-04-20 17:06:36,457 INFO Negative OS: -1.3789453115168757 --- ticker AAPL, MSFT, AMZN, FB, BRK.B ... --- day 2018-06-21 --- time 52200
2023-04-20 17:07:27,845 INFO Negative OS: -0.015095150051781303 --- ticker AAPL, MSFT, AMZN, FB, BRK.B ... --- day 2018-07-05 --- time 36000
2023-04-20 17:07:49,693 INFO Negative OS: -0.026929009917513902 --- ticker AAPL, MSFT, AMZN, FB, BRK.B ... --- day 2018-07-10 --- time 50400
2023-04-20 17:08:14,907 INFO Negative OS: -0.1446973103998075 --- ticker AAPL, MSFT, AMZN, FB, BRK.B ... --- day 2018-07-16 --- time 50400
2023-04-20 17:08:27,262 INFO Negative OS: -0.004098814667154782 --- ticker AAPL, MSFT, AMZN, FB, BRK.B ... --- day 2018-07-18 --- time 48600
2023-04-20 17:08:39,504 INFO Negative OS: -0.5404588088760369 --- ticker AAPL, MSFT, AMZN, FB, BRK.B ... --- day 2018-07-20 --- time 46800
2023-04-20 17:12:04,428 INFO Negative OS: -0.21449653976660388 --- ticker AAPL, MSFT, AMZN, FB, BRK.B ... --- day 2018-09-05 --- time 39600
2023-04-20 17:12:05,553 INFO Negative OS: -0.00043477267063285474 --- ticker AAPL, MSFT, AMZN, FB, BRK.B ... --- day 2018-09-05 --- time 45000
2023-04-20 17:12:05,926 INFO Negative OS: -0.005485964538817001 --- ticker AAPL, MSFT, AMZN, FB, BRK.B ... --- day 2018-09-05 --- time 46800
2023-04-20 17:12:07,069 INFO Negative OS: -0.052701911944844415 --- ticker AAPL, MSFT, AMZN, FB, BRK.B ... --- day 2018-09-05 --- time 52200
2023-04-20 17:12:11,150 INFO Negative OS: -0.01589449894123751 --- ticker AAPL, MSFT, AMZN, FB, BRK.B ... --- day 2018-09-06 --- time 41400
2023-04-20 17:12:11,894 INFO Negative OS: -0.005513550820892998 --- ticker AAPL, MSFT, AMZN, FB, BRK.B ... --- day 2018-09-06 --- time 45000
2023-04-20 17:12:12,266 INFO Negative OS: -0.06093919334186815 --- ticker AAPL, MSFT, AMZN, FB, BRK.B ... --- day 2018-09-06 --- time 46800
2023-04-20 17:13:08,847 INFO Negative OS: -0.07695589876295772 --- ticker AAPL, MSFT, AMZN, FB, BRK.B ... --- day 2018-09-19 --- time 43200
2023-04-20 17:13:33,627 INFO Negative OS: -0.4451411473691682 --- ticker AAPL, MSFT, AMZN, FB, BRK.B ... --- day 2018-09-25 --- time 41400
2023-04-20 17:13:41,033 INFO Negative OS: -0.5703123692210994 --- ticker AAPL, MSFT, AMZN, FB, BRK.B ... --- day 2018-09-26 --- time 46800
2023-04-20 17:13:53,067 INFO Negative OS: -2.200948142288458 --- ticker AAPL, MSFT, AMZN, FB, BRK.B ... --- day 2018-09-28 --- time 43200
2023-04-20 17:14:06,545 INFO Negative OS: -0.042302023340474504 --- ticker AAPL, MSFT, AMZN, FB, BRK.B ... --- day 2018-10-02 --- time 46800
2023-04-20 17:14:10,656 INFO Negative OS: -0.574215178894425 --- ticker AAPL, MSFT, AMZN, FB, BRK.B ... --- day 2018-10-03 --- time 36000
2023-04-20 17:14:25,861 INFO Negative OS: -0.01359259520829914 --- ticker AAPL, MSFT, AMZN, FB, BRK.B ... --- day 2018-10-05 --- time 46800
2023-04-20 17:15:28,099 INFO Negative OS: -0.15524786676557922 --- ticker AAPL, MSFT, AMZN, FB, BRK.B ... --- day 2018-10-19 --- time 37800
2023-04-20 17:16:45,424 INFO Negative OS: -0.24943246490282145 --- ticker AAPL, MSFT, AMZN, FB, BRK.B ... --- day 2018-11-06 --- time 36000
2023-04-20 17:16:47,740 INFO Negative OS: -0.20454010782065968 --- ticker AAPL, MSFT, AMZN, FB, BRK.B ... --- day 2018-11-06 --- time 46800
2023-04-20 17:16:52,248 INFO Negative OS: -0.29459203240499954 --- ticker AAPL, MSFT, AMZN, FB, BRK.B ... --- day 2018-11-07 --- time 37800
2023-04-20 17:22:17,786 INFO Negative OS: -0.09264279930076658 --- ticker AAPL, MSFT, AMZN, FB, BRK.B ... --- day 2019-01-18 --- time 37800
2023-04-20 17:22:19,690 INFO Negative OS: -460.80507589902527 --- ticker AAPL, MSFT, AMZN, FB, BRK.B ... --- day 2019-01-18 --- time 46800
2023-04-20 17:22:39,213 INFO Negative OS: -0.40754494893492854 --- ticker AAPL, MSFT, AMZN, FB, BRK.B ... --- day 2019-01-24 --- time 48600
2023-04-20 17:23:17,664 INFO Negative OS: -0.12397470419728918 --- ticker AAPL, MSFT, AMZN, FB, BRK.B ... --- day 2019-02-01 --- time 48600
2023-04-20 17:23:24,784 INFO Negative OS: -0.18950989664822226 --- ticker AAPL, MSFT, AMZN, FB, BRK.B ... --- day 2019-02-04 --- time 52200
2023-04-20 17:24:45,032 INFO Negative OS: -0.006529274364279081 --- ticker AAPL, MSFT, AMZN, FB, BRK.B ... --- day 2019-02-22 --- time 36000
2023-04-20 17:24:45,416 INFO Negative OS: -0.006509327793247088 --- ticker AAPL, MSFT, AMZN, FB, BRK.B ... --- day 2019-02-22 --- time 37800
2023-04-20 17:25:32,680 INFO Negative OS: -0.0664584572451341 --- ticker AAPL, MSFT, AMZN, FB, BRK.B ... --- day 2019-03-05 --- time 48600
2023-04-20 17:25:37,653 INFO Negative OS: -0.7792220597342565 --- ticker AAPL, MSFT, AMZN, FB, BRK.B ... --- day 2019-03-06 --- time 41400
2023-04-20 17:26:34,600 INFO Negative OS: -0.21142582494567996 --- ticker AAPL, MSFT, AMZN, FB, BRK.B ... --- day 2019-03-19 --- time 36000
2023-04-20 17:26:41,830 INFO Negative OS: -0.07674400022379202 --- ticker AAPL, MSFT, AMZN, FB, BRK.B ... --- day 2019-03-20 --- time 39600
2023-04-20 17:27:46,510 INFO Negative OS: -0.19281246405595498 --- ticker AAPL, MSFT, AMZN, FB, BRK.B ... --- day 2019-04-03 --- time 39600
2023-04-20 17:27:58,588 INFO Negative OS: -5.351943934884631 --- ticker AAPL, MSFT, AMZN, FB, BRK.B ... --- day 2019-04-05 --- time 36000
2023-04-20 17:27:59,716 INFO Negative OS: -0.2281085440318813 --- ticker AAPL, MSFT, AMZN, FB, BRK.B ... --- day 2019-04-05 --- time 41400
2023-04-20 17:28:01,198 INFO Negative OS: -1.126634411387482 --- ticker AAPL, MSFT, AMZN, FB, BRK.B ... --- day 2019-04-05 --- time 48600
2023-04-20 17:28:01,953 INFO Negative OS: -0.19084454286467145 --- ticker AAPL, MSFT, AMZN, FB, BRK.B ... --- day 2019-04-05 --- time 52200
2023-04-20 17:30:47,802 INFO Negative OS: -0.20696535761035717 --- ticker AAPL, MSFT, AMZN, FB, BRK.B ... --- day 2019-05-14 --- time 48600
2023-04-20 17:31:43,762 INFO Negative OS: -0.10526547949998477 --- ticker AAPL, MSFT, AMZN, FB, BRK.B ... --- day 2019-05-28 --- time 39600
2023-04-20 17:33:20,861 INFO Negative OS: -0.040936884867188494 --- ticker AAPL, MSFT, AMZN, FB, BRK.B ... --- day 2019-06-18 --- time 43200
2023-04-20 17:34:07,441 INFO Negative OS: -0.06939382810352845 --- ticker AAPL, MSFT, AMZN, FB, BRK.B ... --- day 2019-06-27 --- time 52200
2023-04-20 17:34:16,845 INFO Negative OS: -0.5510842142931185 --- ticker AAPL, MSFT, AMZN, FB, BRK.B ... --- day 2019-07-01 --- time 36000
2023-04-20 17:38:56,320 INFO Negative OS: -1.9062702460520051 --- ticker AAPL, MSFT, AMZN, FB, BRK.B ... --- day 2019-08-29 --- time 50400
2023-04-20 17:38:56,706 INFO Negative OS: -0.28566130001392476 --- ticker AAPL, MSFT, AMZN, FB, BRK.B ... --- day 2019-08-29 --- time 52200
2023-04-20 17:39:12,896 INFO Negative OS: -0.15738793355708336 --- ticker AAPL, MSFT, AMZN, FB, BRK.B ... --- day 2019-09-04 --- time 36000
2023-04-20 17:39:13,669 INFO Negative OS: -0.12508958681626758 --- ticker AAPL, MSFT, AMZN, FB, BRK.B ... --- day 2019-09-04 --- time 39600
2023-04-20 17:39:15,187 INFO Negative OS: -0.70869316955086 --- ticker AAPL, MSFT, AMZN, FB, BRK.B ... --- day 2019-09-04 --- time 46800
2023-04-20 17:39:19,355 INFO Negative OS: -0.2775851427267926 --- ticker AAPL, MSFT, AMZN, FB, BRK.B ... --- day 2019-09-05 --- time 36000
2023-04-20 17:39:25,774 INFO Negative OS: -0.7523924457319129 --- ticker AAPL, MSFT, AMZN, FB, BRK.B ... --- day 2019-09-06 --- time 36000
2023-04-20 17:39:26,157 INFO Negative OS: -0.04862038354893894 --- ticker AAPL, MSFT, AMZN, FB, BRK.B ... --- day 2019-09-06 --- time 37800
2023-04-20 17:39:28,019 INFO Negative OS: -0.19606162711214736 --- ticker AAPL, MSFT, AMZN, FB, BRK.B ... --- day 2019-09-06 --- time 46800
2023-04-20 17:39:39,126 INFO Negative OS: -0.20945437784323073 --- ticker AAPL, MSFT, AMZN, FB, BRK.B ... --- day 2019-09-10 --- time 37800
2023-04-20 17:39:39,529 INFO Negative OS: -1.2029473506303652 --- ticker AAPL, MSFT, AMZN, FB, BRK.B ... --- day 2019-09-10 --- time 39600
2023-04-20 17:39:42,237 INFO Negative OS: -0.7674262047159643 --- ticker AAPL, MSFT, AMZN, FB, BRK.B ... --- day 2019-09-10 --- time 52200
2023-04-20 17:40:01,641 INFO Negative OS: -1.2843537266077982 --- ticker AAPL, MSFT, AMZN, FB, BRK.B ... --- day 2019-09-13 --- time 52200
2023-04-20 17:40:18,621 INFO Negative OS: -0.3198492185928561 --- ticker AAPL, MSFT, AMZN, FB, BRK.B ... --- day 2019-09-18 --- time 41400
2023-04-20 17:40:51,940 INFO Negative OS: -0.005628184118132928 --- ticker AAPL, MSFT, AMZN, FB, BRK.B ... --- day 2019-09-25 --- time 46800
2023-04-20 17:40:53,087 INFO Negative OS: -0.09408954979458395 --- ticker AAPL, MSFT, AMZN, FB, BRK.B ... --- day 2019-09-25 --- time 52200
2023-04-20 17:41:16,101 INFO Negative OS: -0.10717825124312719 --- ticker AAPL, MSFT, AMZN, FB, BRK.B ... --- day 2019-10-01 --- time 39600
2023-04-20 17:41:22,992 INFO Negative OS: -0.07244063477979035 --- ticker AAPL, MSFT, AMZN, FB, BRK.B ... --- day 2019-10-02 --- time 41400
2023-04-20 17:41:29,841 INFO Negative OS: -0.1747220829194185 --- ticker AAPL, MSFT, AMZN, FB, BRK.B ... --- day 2019-10-03 --- time 43200
2023-04-20 17:41:41,956 INFO Negative OS: -0.290833043609956 --- ticker AAPL, MSFT, AMZN, FB, BRK.B ... --- day 2019-10-07 --- time 39600
2023-04-20 17:41:49,624 INFO Negative OS: -0.2583619826368182 --- ticker AAPL, MSFT, AMZN, FB, BRK.B ... --- day 2019-10-08 --- time 45000
2023-04-20 17:41:56,755 INFO Negative OS: -0.0018648263492391237 --- ticker AAPL, MSFT, AMZN, FB, BRK.B ... --- day 2019-10-09 --- time 48600
2023-04-20 17:42:01,690 INFO Negative OS: -0.0014430881909177629 --- ticker AAPL, MSFT, AMZN, FB, BRK.B ... --- day 2019-10-10 --- time 41400
2023-04-20 17:42:03,555 INFO Negative OS: -0.14362391761921534 --- ticker AAPL, MSFT, AMZN, FB, BRK.B ... --- day 2019-10-10 --- time 50400
2023-04-20 17:42:13,496 INFO Negative OS: -0.5282001336031725 --- ticker AAPL, MSFT, AMZN, FB, BRK.B ... --- day 2019-10-14 --- time 36000
2023-04-20 17:42:16,074 INFO Negative OS: -0.006661839959337668 --- ticker AAPL, MSFT, AMZN, FB, BRK.B ... --- day 2019-10-14 --- time 48600
2023-04-20 17:42:16,812 INFO Negative OS: -0.06912703359932193 --- ticker AAPL, MSFT, AMZN, FB, BRK.B ... --- day 2019-10-14 --- time 52200
2023-04-20 17:42:20,982 INFO Negative OS: -0.03247582296994711 --- ticker AAPL, MSFT, AMZN, FB, BRK.B ... --- day 2019-10-15 --- time 41400
2023-04-20 17:42:21,719 INFO Negative OS: -0.008064367232184955 --- ticker AAPL, MSFT, AMZN, FB, BRK.B ... --- day 2019-10-15 --- time 45000
2023-04-20 17:42:22,086 INFO Negative OS: -0.02023453292284172 --- ticker AAPL, MSFT, AMZN, FB, BRK.B ... --- day 2019-10-15 --- time 46800
2023-04-20 17:42:22,454 INFO Negative OS: -0.07932901593676767 --- ticker AAPL, MSFT, AMZN, FB, BRK.B ... --- day 2019-10-15 --- time 48600
2023-04-20 17:42:23,201 INFO Negative OS: -0.297848478526193 --- ticker AAPL, MSFT, AMZN, FB, BRK.B ... --- day 2019-10-15 --- time 52200
2023-04-20 17:42:27,730 INFO Negative OS: -2.189950026520961 --- ticker AAPL, MSFT, AMZN, FB, BRK.B ... --- day 2019-10-16 --- time 43200
2023-04-20 17:42:48,855 INFO Negative OS: -0.01809370185842396 --- ticker AAPL, MSFT, AMZN, FB, BRK.B ... --- day 2019-10-21 --- time 52200
2023-04-20 17:43:14,066 INFO Negative OS: -0.23422896309716212 --- ticker AAPL, MSFT, AMZN, FB, BRK.B ... --- day 2019-10-25 --- time 50400
2023-04-20 17:43:20,793 INFO Negative OS: -0.4050985948128467 --- ticker AAPL, MSFT, AMZN, FB, BRK.B ... --- day 2019-10-28 --- time 52200
2023-04-20 17:43:40,139 INFO Negative OS: -0.00846245410836155 --- ticker AAPL, MSFT, AMZN, FB, BRK.B ... --- day 2019-10-31 --- time 52200
2023-04-20 17:44:09,141 INFO Negative OS: -0.7279195090143158 --- ticker AAPL, MSFT, AMZN, FB, BRK.B ... --- day 2019-11-07 --- time 36000
2023-04-20 17:44:09,523 INFO Negative OS: -0.057134800512324 --- ticker AAPL, MSFT, AMZN, FB, BRK.B ... --- day 2019-11-07 --- time 37800
2023-04-20 17:44:10,279 INFO Negative OS: -0.09308037210789921 --- ticker AAPL, MSFT, AMZN, FB, BRK.B ... --- day 2019-11-07 --- time 41400
2023-04-20 17:44:22,327 INFO Negative OS: -0.9651742079131813 --- ticker AAPL, MSFT, AMZN, FB, BRK.B ... --- day 2019-11-11 --- time 37800
2023-04-20 17:44:23,439 INFO Negative OS: -0.011678338981998104 --- ticker AAPL, MSFT, AMZN, FB, BRK.B ... --- day 2019-11-11 --- time 43200
2023-04-20 17:44:43,410 INFO Negative OS: -0.026757885812201954 --- ticker AAPL, MSFT, AMZN, FB, BRK.B ... --- day 2019-11-14 --- time 46800
2023-04-20 17:44:44,155 INFO Negative OS: -0.1370856403885672 --- ticker AAPL, MSFT, AMZN, FB, BRK.B ... --- day 2019-11-14 --- time 50400
2023-04-20 17:44:44,542 INFO Negative OS: -0.08166737429414561 --- ticker AAPL, MSFT, AMZN, FB, BRK.B ... --- day 2019-11-14 --- time 52200
2023-04-20 17:44:50,960 INFO Negative OS: -0.9787535488704808 --- ticker AAPL, MSFT, AMZN, FB, BRK.B ... --- day 2019-11-15 --- time 52200
2023-04-20 17:45:26,924 INFO Negative OS: -0.26508220450915765 --- ticker AAPL, MSFT, AMZN, FB, BRK.B ... --- day 2019-11-25 --- time 39600
2023-04-20 17:45:46,532 INFO Negative OS: -0.1605422174428508 --- ticker AAPL, MSFT, AMZN, FB, BRK.B ... --- day 2019-11-29 --- time 41400
2023-04-20 17:46:06,704 INFO Negative OS: -0.07393694967639508 --- ticker AAPL, MSFT, AMZN, FB, BRK.B ... --- day 2019-12-04 --- time 46800
2023-04-20 17:46:12,785 INFO Negative OS: -0.8668324866528541 --- ticker AAPL, MSFT, AMZN, FB, BRK.B ... --- day 2019-12-05 --- time 45000
2023-04-20 17:46:20,731 INFO Negative OS: -0.047981013383435744 --- ticker AAPL, MSFT, AMZN, FB, BRK.B ... --- day 2019-12-06 --- time 52200
2023-04-20 17:46:25,258 INFO Negative OS: -0.011181353817570683 --- ticker AAPL, MSFT, AMZN, FB, BRK.B ... --- day 2019-12-09 --- time 43200
2023-04-20 17:46:36,739 INFO Negative OS: -0.004463428013032011 --- ticker AAPL, MSFT, AMZN, FB, BRK.B ... --- day 2019-12-11 --- time 36000
2023-04-20 17:46:37,123 INFO Negative OS: -0.05089084447172132 --- ticker AAPL, MSFT, AMZN, FB, BRK.B ... --- day 2019-12-11 --- time 37800
2023-04-20 17:46:39,379 INFO Negative OS: -0.09846197460846717 --- ticker AAPL, MSFT, AMZN, FB, BRK.B ... --- day 2019-12-11 --- time 48600
2023-04-20 17:46:53,321 INFO in_r2: 0.5664872604563513 , std 0.23171540499069887 
2023-04-20 17:46:53,321 INFO os_r2: 0.4706768313384309 , std 5.378287927824011 
2023-04-20 17:46:53,321 INFO intercept: -1.0045708977225368e-08 , std 8.899744191295102e-06 
2023-04-20 17:46:53,321 INFO pca_1: -1.1688293616389204e-06 , std 2.8469776577452495e-05 
2023-04-20 17:46:53,321 INFO pca_2: 2.8344218738592107e-06 , std 8.847250716041821e-05 
2023-04-20 17:46:53,321 INFO pca_3: -3.0424145258231245e-06 , std 8.781674631147531e-05 
2023-04-20 17:46:53,321 INFO pca_4: -3.2873590134104827e-06 , std 0.00010751182387630212 
2023-04-20 17:46:53,321 INFO pca_5: -5.917436753812235e-06 , std 0.00010432020140447203 
2023-04-20 17:46:53,321 INFO t_intercept: 0.19245867529243665 , std 6.607366462455063 
2023-04-20 17:46:53,321 INFO t_pca_1: -2.6814677647111 , std 56.76348741683309 
2023-04-20 17:46:53,321 INFO t_pca_2: 3.2248993741888503 , std 80.40624753508652 
2023-04-20 17:46:53,321 INFO t_pca_3: -2.4197685495049366 , std 69.94263423574307 
2023-04-20 17:46:53,321 INFO t_pca_4: -2.334345953720857 , std 75.4929960785887 
2023-04-20 17:46:53,322 INFO t_pca_5: -3.5996659891682294 , std 66.1271717840064 
2023-04-20 17:46:53,322 INFO p_intercept: 0.12196690704804285 , std 0.23972695201651473 
2023-04-20 17:46:53,322 INFO p_pca_1: 0.00017421220559531405 , std 0.00907380215266135 
2023-04-20 17:46:53,322 INFO p_pca_2: 0.007713851731065224 , std 0.06690801951251714 
2023-04-20 17:46:53,322 INFO p_pca_3: 0.010223379050346891 , std 0.07495348202668127 
2023-04-20 17:46:53,322 INFO p_pca_4: 0.010819457674486853 , std 0.07723782224729961 
2023-04-20 17:46:53,322 INFO p_pca_5: 0.011972873907076615 , std 0.08224682732548477 
2023-04-20 17:46:53,322 INFO pca_explained_1: 0.5876080435509904 , std 0.08649681835289974 
2023-04-20 17:46:53,322 INFO pca_explained_2: 0.7081460460583018 , std 0.07448818027897033 
2023-04-20 17:46:53,322 INFO pca_explained_3: 0.7760500857610226 , std 0.062120513137789886 
2023-04-20 17:46:53,322 INFO pca_explained_4: 0.8228841112600958 , std 0.05189213486773942 
2023-04-20 17:46:53,322 INFO pca_explained_5: 0.8584842764664391 , std 0.04328180183508488 
2023-04-20 17:46:53,325 INFO AAPL, MSFT, AMZN, FB, BRK.B ... --- INS : 0.5664872604563513 --- OOS : 0.4706768313384309
2023-04-20 18:48:09,648 INFO Experiment: universal_price_impact
2023-04-20 18:48:09,655 INFO Tickers: ['AAPL', 'MSFT', 'AMZN', 'FB', 'BRK.B', 'JPM', 'GOOG', 'GOOGL', 'JNJ', 'V', 'PG', 'XOM', 'BAC', 'T', 'UNH', 'DIS', 'MA', 'INTC', 'VZ', 'HD', 'MRK', 'CVX', 'WFC', 'PFE', 'KO', 'CMCSA', 'CSCO', 'PEP', 'BA', 'C', 'WMT', 'ADBE', 'MDT', 'ABT', 'MCD', 'BMY', 'AMGN', 'CRM', 'NVDA', 'PM', 'NFLX', 'ABBV', 'ACN', 'COST', 'PYPL', 'TMO', 'AVGO', 'HON', 'UNP', 'NKE', 'UTX', 'ORCL', 'IBM', 'TXN', 'NEE', 'LIN', 'SBUX', 'LLY', 'QCOM', 'MMM', 'GE', 'CVS', 'DHR', 'LMT', 'AMT', 'MO', 'LOW', 'USB', 'BKNG', 'AXP', 'FIS', 'GILD', 'UPS', 'CAT', 'MDLZ', 'CHTR', 'TFC', 'ANTM', 'GS', 'CI', 'TJX', 'ADP', 'BDX', 'CME', 'CB', 'PNC', 'COP', 'INTU', 'ISRG', 'D', 'SPGI', 'FISV', 'DUK', 'SYK', 'SO', 'TGT', 'MS', 'BSX', 'AGN', 'RTN']
