2023-04-20 19:31:05,542 INFO Tickers: ['ABT']
2023-04-20 19:31:25,117 INFO Negative OS: -0.4256977636029198 --- ticker ABT --- day 2018-01-09 --- time 52200
2023-04-20 19:31:56,839 INFO Negative OS: -0.03289801572792017 --- ticker ABT --- day 2019-07-29 --- time 50400
2023-04-20 19:31:58,899 INFO Negative OS: -1.4829257424419042 --- ticker ABT --- day 2019-09-03 --- time 50400
2023-04-20 19:32:02,142 INFO Negative OS: -0.36764472619340194 --- ticker ABT --- day 2019-10-29 --- time 43200
2023-04-20 19:32:04,415 INFO Negative OS: -7.670002624779409 --- ticker ABT --- day 2019-12-09 --- time 48600
2023-04-20 19:32:04,775 INFO in_r2: 0.9346213736443252 , std 0.0541380312463618 
2023-04-20 19:32:04,775 INFO os_r2: 0.9235101663201855 , std 0.1286585654617347 
2023-04-20 19:32:04,775 INFO intercept: 3.873274906819784e-07 , std 1.476708985356765e-05 
2023-04-20 19:32:04,776 INFO pca_1_1: -2.54275677819397e-06 , std 0.00022782132416915144 
2023-04-20 19:32:04,776 INFO pca_2_1: -5.447774637228495e-08 , std 0.0002129449581419575 
2023-04-20 19:32:04,776 INFO pca_3_1: 1.6787831037789278e-06 , std 0.00021640004824588288 
2023-04-20 19:32:04,776 INFO t_intercept: 0.19848753246658885 , std 4.981349678134211 
2023-04-20 19:32:04,776 INFO t_pca_1_1: -0.2199171741379172 , std 43.86373181388477 
2023-04-20 19:32:04,776 INFO t_pca_2_1: -0.5846206134833404 , std 35.39554077253426 
2023-04-20 19:32:04,776 INFO t_pca_3_1: 0.2740302915000593 , std 24.049573580586312 
2023-04-20 19:32:04,776 INFO p_intercept: 0.15775788340448865 , std 0.2655095905959842 
2023-04-20 19:32:04,776 INFO p_pca_1_1: 2.3158207164380368e-07 , std 1.8756976566721496e-05 
2023-04-20 19:32:04,776 INFO p_pca_2_1: 0.00231751059319593 , std 0.04003148072225208 
2023-04-20 19:32:04,776 INFO p_pca_3_1: 9.943159713832567e-05 , std 0.00505362448371318 
