2023-04-20 19:38:01,597 INFO Tickers: ['AGN']
2023-04-20 19:38:02,827 INFO Negative OS: -0.30096342519792296 --- ticker AGN --- day 2018-01-31 --- time 37800
2023-04-20 19:38:03,100 INFO Negative OS: -0.653236685371769 --- ticker AGN --- day 2018-02-06 --- time 39600
2023-04-20 19:38:03,122 INFO Negative OS: -0.20496589856466718 --- ticker AGN --- day 2018-02-06 --- time 46800
2023-04-20 19:38:03,357 INFO Negative OS: -0.7783725768496266 --- ticker AGN --- day 2018-02-09 --- time 48600
2023-04-20 19:38:03,755 INFO Negative OS: -1.9546416172811445 --- ticker AGN --- day 2018-02-20 --- time 52200
2023-04-20 19:38:06,362 INFO Negative OS: -0.7228566546203885 --- ticker AGN --- day 2018-04-19 --- time 43200
2023-04-20 19:38:19,462 INFO Negative OS: -0.16363668567157674 --- ticker AGN --- day 2019-01-24 --- time 36000
2023-04-20 19:38:34,011 INFO Negative OS: -16.50690838738808 --- ticker AGN --- day 2019-11-06 --- time 50400
2023-04-20 19:38:35,787 INFO in_r2: 0.7693734226639799 , std 0.11279286734749126 
2023-04-20 19:38:35,787 INFO os_r2: 0.7281500096641667 , std 0.38223866164375736 
2023-04-20 19:38:35,787 INFO intercept: -2.5819672131147544e-07 , std 2.2630697582907327e-05 
2023-04-20 19:38:35,787 INFO pca_1_1: 9.0276386877117e-06 , std 0.0001874906409951595 
2023-04-20 19:38:35,787 INFO pca_2_1: -1.3450864422845502e-05 , std 0.00018235601279634891 
2023-04-20 19:38:35,787 INFO pca_3_1: -7.218458188590749e-06 , std 0.0002908145842871535 
2023-04-20 19:38:35,787 INFO t_intercept: 0.012976590527214268 , std 2.1736860393962356 
2023-04-20 19:38:35,787 INFO t_pca_1_1: 1.995969676978303 , std 19.368564171973034 
2023-04-20 19:38:35,787 INFO t_pca_2_1: -2.1191573099631333 , std 15.111977264238254 
2023-04-20 19:38:35,787 INFO t_pca_3_1: 0.09218401791712336 , std 10.666240169246926 
2023-04-20 19:38:35,787 INFO p_intercept: 0.30953230698506234 , std 0.3157807978037734 
2023-04-20 19:38:35,787 INFO p_pca_1_1: 6.7734442089521545e-06 , std 0.000288019587958041 
2023-04-20 19:38:35,787 INFO p_pca_2_1: 0.00012066228380836383 , std 0.004935078819803093 
2023-04-20 19:38:35,787 INFO p_pca_3_1: 0.00016921827366924236 , std 0.004660259596942378 
