2023-04-20 19:27:10,713 INFO Tickers: ['BRK.B']
2023-04-20 19:27:30,455 INFO Negative OS: -0.39900822015335047 --- ticker BRK.B --- day 2018-01-12 --- time 46800
2023-04-20 19:27:30,985 INFO Negative OS: -0.087370035087452 --- ticker BRK.B --- day 2018-01-24 --- time 36000
2023-04-20 19:27:34,701 INFO Negative OS: -0.37306154847199924 --- ticker BRK.B --- day 2018-04-02 --- time 48600
2023-04-20 19:27:46,368 INFO Negative OS: -1.0533097017215987 --- ticker BRK.B --- day 2018-11-06 --- time 43200
2023-04-20 19:28:00,455 INFO Negative OS: -0.15394986056607318 --- ticker BRK.B --- day 2019-07-22 --- time 52200
2023-04-20 19:28:01,257 INFO Negative OS: -0.4416059138532291 --- ticker BRK.B --- day 2019-08-05 --- time 50400
2023-04-20 19:28:08,670 INFO in_r2: 0.8339531520912611 , std 0.0906401133814096 
2023-04-20 19:28:08,670 INFO os_r2: 0.8166131431674613 , std 0.11034116390180608 
2023-04-20 19:28:08,670 INFO intercept: -5.3581500282007936e-08 , std 1.2754141597803337e-05 
2023-04-20 19:28:08,670 INFO pca_1_1: 2.0099850421947027e-05 , std 0.00010818314111648475 
2023-04-20 19:28:08,670 INFO pca_2_1: -2.0005625758792252e-05 , std 0.00010695971318475748 
2023-04-20 19:28:08,670 INFO pca_3_1: -6.8050725358918235e-06 , std 0.0001509238851014817 
2023-04-20 19:28:08,670 INFO t_intercept: 0.05197458954940611 , std 2.518638177534105 
2023-04-20 19:28:08,670 INFO t_pca_1_1: 3.1218094950213637 , std 24.63669778938041 
2023-04-20 19:28:08,670 INFO t_pca_2_1: -2.5840493621285594 , std 20.54019637428459 
2023-04-20 19:28:08,670 INFO t_pca_3_1: -0.34575788320085893 , std 9.616226508104589 
2023-04-20 19:28:08,670 INFO p_intercept: 0.26711146117584145 , std 0.303772856233543 
2023-04-20 19:28:08,670 INFO p_pca_1_1: 0.00015498054805585012 , std 0.012110137173220842 
2023-04-20 19:28:08,670 INFO p_pca_2_1: 0.00014600924511262681 , std 0.011391696534847716 
2023-04-20 19:28:08,670 INFO p_pca_3_1: 0.00017119704286913822 , std 0.010886181045062017 
