2023-04-20 19:35:42,556 INFO Tickers: ['CHTR']
2023-04-20 19:35:48,858 INFO Negative OS: -0.12927302260584783 --- ticker CHTR --- day 2017-06-01 --- time 36000
2023-04-20 19:35:51,221 INFO Negative OS: -1.4412747987011585 --- ticker CHTR --- day 2017-07-27 --- time 50400
2023-04-20 19:35:51,751 INFO Negative OS: -0.16810997600779687 --- ticker CHTR --- day 2017-08-09 --- time 41400
2023-04-20 19:35:57,600 INFO Negative OS: -0.04723752003305792 --- ticker CHTR --- day 2017-12-19 --- time 41400
2023-04-20 19:35:59,489 INFO Negative OS: -0.06693797912609933 --- ticker CHTR --- day 2018-02-05 --- time 41400
2023-04-20 19:35:59,801 INFO Negative OS: -0.4840011995555269 --- ticker CHTR --- day 2018-02-09 --- time 46800
2023-04-20 19:36:01,653 INFO Negative OS: -0.20669249544557888 --- ticker CHTR --- day 2018-03-26 --- time 52200
2023-04-20 19:36:05,088 INFO Negative OS: -0.26698366757787584 --- ticker CHTR --- day 2018-06-12 --- time 37800
2023-04-20 19:36:09,953 INFO Negative OS: -0.2784146871596196 --- ticker CHTR --- day 2018-10-02 --- time 36000
2023-04-20 19:36:12,804 INFO Negative OS: -0.009598604643527686 --- ticker CHTR --- day 2018-11-26 --- time 45000
2023-04-20 19:36:13,824 INFO Negative OS: -0.33264108143527893 --- ticker CHTR --- day 2018-12-17 --- time 43200
2023-04-20 19:36:13,829 INFO Negative OS: -0.653814744772776 --- ticker CHTR --- day 2018-12-17 --- time 45000
2023-04-20 19:36:14,329 INFO Negative OS: -0.12255628476153824 --- ticker CHTR --- day 2018-12-27 --- time 41400
2023-04-20 19:36:15,971 INFO Negative OS: -0.30152967979789413 --- ticker CHTR --- day 2019-02-01 --- time 41400
2023-04-20 19:36:22,034 INFO Negative OS: -0.14810801363786097 --- ticker CHTR --- day 2019-06-19 --- time 52200
2023-04-20 19:36:26,428 INFO Negative OS: -0.08488134751712817 --- ticker CHTR --- day 2019-09-26 --- time 41400
2023-04-20 19:36:28,372 INFO Negative OS: -0.015256062774449797 --- ticker CHTR --- day 2019-11-08 --- time 36000
2023-04-20 19:36:29,822 INFO Negative OS: -0.38839818046456265 --- ticker CHTR --- day 2019-12-12 --- time 52200
2023-04-20 19:36:29,893 INFO in_r2: 0.6961485156728606 , std 0.11174089284026933 
2023-04-20 19:36:29,893 INFO os_r2: 0.6167165610361891 , std 0.18476844878600113 
2023-04-20 19:36:29,893 INFO intercept: -6.408510086268405e-07 , std 2.741976140128768e-05 
2023-04-20 19:36:29,893 INFO pca_1_1: 2.0617574830198645e-05 , std 0.00019223380491277376 
2023-04-20 19:36:29,893 INFO pca_2_1: -1.9506706874061115e-05 , std 0.0001917088006786705 
2023-04-20 19:36:29,893 INFO pca_3_1: -1.833176484327252e-05 , std 0.0003817786898160621 
2023-04-20 19:36:29,893 INFO t_intercept: -0.02055522006121273 , std 1.9219806702194007 
2023-04-20 19:36:29,894 INFO t_pca_1_1: 1.1012723435155611 , std 12.819388567752295 
2023-04-20 19:36:29,894 INFO t_pca_2_1: -0.991007470962651 , std 10.743248290892609 
2023-04-20 19:36:29,894 INFO t_pca_3_1: -0.3423364018534269 , std 11.887777751733875 
2023-04-20 19:36:29,894 INFO p_intercept: 0.3351856181803342 , std 0.31741960319143725 
2023-04-20 19:36:29,894 INFO p_pca_1_1: 0.00011810425214204848 , std 0.0035571200482418367 
2023-04-20 19:36:29,894 INFO p_pca_2_1: 0.001128807939269526 , std 0.02471585882367266 
2023-04-20 19:36:29,894 INFO p_pca_3_1: 6.815459374846167e-09 , std 1.3905399940332566e-07 
