2023-04-20 19:36:28,002 INFO Tickers: ['CME']
2023-04-20 19:36:45,435 INFO Negative OS: -0.2720372015504944 --- ticker CME --- day 2018-02-08 --- time 41400
2023-04-20 19:36:47,110 INFO Negative OS: -0.3093734771731689 --- ticker CME --- day 2018-03-15 --- time 45000
2023-04-20 19:36:57,850 INFO Negative OS: -1.4482760860906478 --- ticker CME --- day 2018-10-30 --- time 36000
2023-04-20 19:36:58,944 INFO Negative OS: -0.7155350405621594 --- ticker CME --- day 2018-11-19 --- time 52200
2023-04-20 19:37:02,443 INFO Negative OS: -0.9752682599123035 --- ticker CME --- day 2019-02-04 --- time 36000
2023-04-20 19:37:08,457 INFO Negative OS: -7.232589525561881 --- ticker CME --- day 2019-05-14 --- time 48600
2023-04-20 19:37:13,370 INFO Negative OS: -2.370213248484437 --- ticker CME --- day 2019-08-02 --- time 39600
2023-04-20 19:37:14,983 INFO Negative OS: -4.251004962663966 --- ticker CME --- day 2019-09-05 --- time 36000
2023-04-20 19:37:15,188 INFO Negative OS: -2.0815888935641436 --- ticker CME --- day 2019-09-10 --- time 37800
2023-04-20 19:37:17,565 INFO Negative OS: -0.420059008757806 --- ticker CME --- day 2019-10-31 --- time 52200
2023-04-20 19:37:19,471 INFO in_r2: 0.7980208088660546 , std 0.09264512796296202 
2023-04-20 19:37:19,471 INFO os_r2: 0.7552606958980818 , std 0.24591829970565598 
2023-04-20 19:37:19,472 INFO intercept: -3.712757511177967e-07 , std 1.7919028760704758e-05 
2023-04-20 19:37:19,472 INFO pca_1_1: 5.456174953734227e-06 , std 0.0001444058603651111 
2023-04-20 19:37:19,472 INFO pca_2_1: -5.215363949470728e-06 , std 0.00013743632191420341 
2023-04-20 19:37:19,472 INFO pca_3_1: -1.1812609809820432e-05 , std 0.0002376474820807332 
2023-04-20 19:37:19,472 INFO t_intercept: -0.02331594729696213 , std 2.579013374659794 
2023-04-20 19:37:19,472 INFO t_pca_1_1: 0.5226712323304038 , std 17.23050947366261 
2023-04-20 19:37:19,472 INFO t_pca_2_1: -0.31512731411459954 , std 13.365714600486639 
2023-04-20 19:37:19,472 INFO t_pca_3_1: -0.5457145287136433 , std 13.419707773499393 
2023-04-20 19:37:19,472 INFO p_intercept: 0.2558659821353178 , std 0.30208570397942697 
2023-04-20 19:37:19,472 INFO p_pca_1_1: 5.256212442676938e-06 , std 0.00020494165413503324 
2023-04-20 19:37:19,472 INFO p_pca_2_1: 0.0006264259744814224 , std 0.01138396521862294 
2023-04-20 19:37:19,472 INFO p_pca_3_1: 4.627488458048584e-09 , std 1.463671312865699e-07 
