2023-04-20 19:34:57,139 INFO Tickers: ['GILD']
2023-04-20 19:35:14,158 INFO Negative OS: -0.2767236169437768 --- ticker GILD --- day 2017-11-03 --- time 48600
2023-04-20 19:35:19,566 INFO Negative OS: -0.2009605175475575 --- ticker GILD --- day 2018-02-14 --- time 45000
2023-04-20 19:35:20,838 INFO Negative OS: -0.37586713349375933 --- ticker GILD --- day 2018-03-09 --- time 41400
2023-04-20 19:35:20,853 INFO Negative OS: -1.2566945450657565 --- ticker GILD --- day 2018-03-09 --- time 46800
2023-04-20 19:35:51,054 INFO Negative OS: -1.797035035586661 --- ticker GILD --- day 2019-09-11 --- time 37800
2023-04-20 19:35:56,398 INFO in_r2: 0.9508657108661067 , std 0.049787371843563445 
2023-04-20 19:35:56,398 INFO os_r2: 0.9445241096309897 , std 0.07105425763882427 
2023-04-20 19:35:56,398 INFO intercept: -1.6461468308253522e-07 , std 1.777536724646077e-05 
2023-04-20 19:35:56,398 INFO pca_1_1: 1.7783007883890258e-06 , std 0.00021909448169960235 
2023-04-20 19:35:56,398 INFO pca_2_1: -2.60380101085354e-06 , std 0.00021308888217819912 
2023-04-20 19:35:56,398 INFO pca_3_1: -1.2427941415495931e-05 , std 0.00021263632543499394 
2023-04-20 19:35:56,398 INFO t_intercept: 0.004527350844469741 , std 5.517798749960791 
2023-04-20 19:35:56,398 INFO t_pca_1_1: -0.27432139244756987 , std 48.90269195560203 
2023-04-20 19:35:56,398 INFO t_pca_2_1: 0.30305840792323196 , std 37.95236121688191 
2023-04-20 19:35:56,398 INFO t_pca_3_1: -1.7886272352222812 , std 32.66443015637796 
2023-04-20 19:35:56,398 INFO p_intercept: 0.13635154481147563 , std 0.25349113795511463 
2023-04-20 19:35:56,398 INFO p_pca_1_1: 1.549622920791252e-08 , std 1.2824753656922973e-06 
2023-04-20 19:35:56,398 INFO p_pca_2_1: 6.240647096852782e-05 , std 0.0034006298870382107 
2023-04-20 19:35:56,398 INFO p_pca_3_1: 0.00010185385387046856 , std 0.008674348247156433 
