2023-04-20 19:27:11,186 INFO Tickers: ['GOOGL']
2023-04-20 19:27:21,259 INFO Negative OS: -1.180060806757946 --- ticker GOOGL --- day 2017-07-21 --- time 36000
2023-04-20 19:27:21,740 INFO Negative OS: -0.446562678007693 --- ticker GOOGL --- day 2017-07-31 --- time 41400
2023-04-20 19:27:21,815 INFO Negative OS: -0.4807840672279906 --- ticker GOOGL --- day 2017-08-01 --- time 41400
2023-04-20 19:27:22,814 INFO Negative OS: -0.24770582555167953 --- ticker GOOGL --- day 2017-08-18 --- time 50400
2023-04-20 19:27:24,318 INFO Negative OS: -0.10738302458514082 --- ticker GOOGL --- day 2017-09-19 --- time 46800
2023-04-20 19:27:26,356 INFO Negative OS: -0.1398173988210989 --- ticker GOOGL --- day 2017-10-27 --- time 41400
2023-04-20 19:27:27,711 INFO Negative OS: -0.1891270859554237 --- ticker GOOGL --- day 2017-11-24 --- time 36000
2023-04-20 19:27:29,208 INFO Negative OS: -0.19056339384402454 --- ticker GOOGL --- day 2017-12-21 --- time 52200
2023-04-20 19:27:29,409 INFO Negative OS: -0.10148810264642227 --- ticker GOOGL --- day 2017-12-27 --- time 46800
2023-04-20 19:27:29,414 INFO Negative OS: -1.3531897750617485 --- ticker GOOGL --- day 2017-12-27 --- time 48600
2023-04-20 19:27:29,474 INFO Negative OS: -0.19186361168086785 --- ticker GOOGL --- day 2017-12-28 --- time 43200
2023-04-20 19:27:29,720 INFO Negative OS: -1.7437612727762697 --- ticker GOOGL --- day 2018-01-03 --- time 50400
2023-04-20 19:27:29,960 INFO Negative OS: -0.3703074329771978 --- ticker GOOGL --- day 2018-01-08 --- time 52200
2023-04-20 19:27:30,934 INFO Negative OS: -0.06993872709548743 --- ticker GOOGL --- day 2018-01-26 --- time 36000
2023-04-20 19:27:32,084 INFO Negative OS: -0.060275929692346075 --- ticker GOOGL --- day 2018-02-15 --- time 48600
2023-04-20 19:27:33,196 INFO Negative OS: -0.31835834082329173 --- ticker GOOGL --- day 2018-03-08 --- time 48600
2023-04-20 19:27:37,388 INFO Negative OS: -0.21739451102628204 --- ticker GOOGL --- day 2018-05-23 --- time 46800
2023-04-20 19:27:44,258 INFO Negative OS: -0.46754073097792337 --- ticker GOOGL --- day 2018-09-26 --- time 46800
2023-04-20 19:27:45,583 INFO Negative OS: -0.05071487452679668 --- ticker GOOGL --- day 2018-10-19 --- time 39600
2023-04-20 19:27:50,891 INFO Negative OS: -0.005777016664418655 --- ticker GOOGL --- day 2019-01-30 --- time 50400
2023-04-20 19:27:54,097 INFO Negative OS: -6.0185899326011665 --- ticker GOOGL --- day 2019-03-29 --- time 36000
2023-04-20 19:27:55,855 INFO Negative OS: -0.6417296296756927 --- ticker GOOGL --- day 2019-05-01 --- time 41400
2023-04-20 19:28:04,993 INFO Negative OS: -0.1863594413936882 --- ticker GOOGL --- day 2019-10-14 --- time 52200
2023-04-20 19:28:05,549 INFO Negative OS: -0.02654947108598016 --- ticker GOOGL --- day 2019-10-23 --- time 52200
2023-04-20 19:28:06,015 INFO Negative OS: -0.09980438472484732 --- ticker GOOGL --- day 2019-10-31 --- time 48600
2023-04-20 19:28:06,338 INFO Negative OS: -0.048739129376204504 --- ticker GOOGL --- day 2019-11-06 --- time 50400
2023-04-20 19:28:06,884 INFO Negative OS: -0.08856215091261932 --- ticker GOOGL --- day 2019-11-15 --- time 46800
2023-04-20 19:28:08,141 INFO Negative OS: -0.004352063887995472 --- ticker GOOGL --- day 2019-12-10 --- time 46800
2023-04-20 19:28:08,235 INFO Negative OS: -0.07034755362760814 --- ticker GOOGL --- day 2019-12-11 --- time 52200
2023-04-20 19:28:08,421 INFO in_r2: 0.7150506424436809 , std 0.10161179396802124 
2023-04-20 19:28:08,421 INFO os_r2: 0.6604833571329959 , std 0.16932941452830944 
2023-04-20 19:28:08,421 INFO intercept: -1.5208933353544526e-07 , std 1.6761308642472922e-05 
2023-04-20 19:28:08,421 INFO pca_1_1: -4.155256097216634e-06 , std 7.525911134807858e-05 
2023-04-20 19:28:08,421 INFO pca_2_1: 4.457124124667777e-06 , std 7.458066012178846e-05 
2023-04-20 19:28:08,421 INFO pca_3_1: -5.986297936065491e-06 , std 0.0001130220240773593 
2023-04-20 19:28:08,421 INFO t_intercept: 0.020895307417172153 , std 2.0209641123007933 
2023-04-20 19:28:08,421 INFO t_pca_1_1: -0.6226469172013444 , std 15.003378157540842 
2023-04-20 19:28:08,421 INFO t_pca_2_1: 0.6214601355409333 , std 13.750858526764246 
2023-04-20 19:28:08,421 INFO t_pca_3_1: -0.47198631252686646 , std 10.027448115632781 
2023-04-20 19:28:08,421 INFO p_intercept: 0.3047849343648494 , std 0.30985794035872327 
2023-04-20 19:28:08,421 INFO p_pca_1_1: 0.0003045383885983289 , std 0.011083724427448066 
2023-04-20 19:28:08,421 INFO p_pca_2_1: 0.0006515951564775881 , std 0.018331224011747613 
2023-04-20 19:28:08,421 INFO p_pca_3_1: 0.0003350341596968252 , std 0.012371809465037038 
