2023-04-20 19:36:52,883 INFO Tickers: ['ISRG']
2023-04-20 19:37:06,528 INFO Negative OS: -0.23770998804482435 --- ticker ISRG --- day 2017-12-01 --- time 36000
2023-04-20 19:37:09,223 INFO Negative OS: -0.18050602608416133 --- ticker ISRG --- day 2018-02-06 --- time 37800
2023-04-20 19:37:11,341 INFO Negative OS: -0.11054752575341986 --- ticker ISRG --- day 2018-03-28 --- time 36000
2023-04-20 19:37:12,565 INFO Negative OS: -0.22517079920063932 --- ticker ISRG --- day 2018-04-25 --- time 52200
2023-04-20 19:37:20,235 INFO Negative OS: -0.574956821427095 --- ticker ISRG --- day 2018-10-16 --- time 37800
2023-04-20 19:37:20,256 INFO Negative OS: -0.7813857582869472 --- ticker ISRG --- day 2018-10-16 --- time 45000
2023-04-20 19:37:20,859 INFO Negative OS: -0.001023745194609349 --- ticker ISRG --- day 2018-10-26 --- time 41400
2023-04-20 19:37:21,003 INFO Negative OS: -0.5178634940936548 --- ticker ISRG --- day 2018-10-30 --- time 36000
2023-04-20 19:37:21,192 INFO Negative OS: -0.19911370672711537 --- ticker ISRG --- day 2018-11-01 --- time 48600
2023-04-20 19:37:23,166 INFO Negative OS: -0.4338130026838687 --- ticker ISRG --- day 2018-12-12 --- time 36000
2023-04-20 19:37:23,578 INFO Negative OS: -0.62423095758841 --- ticker ISRG --- day 2018-12-19 --- time 50400
2023-04-20 19:37:25,415 INFO Negative OS: -2.1965798705683266 --- ticker ISRG --- day 2019-01-30 --- time 50400
2023-04-20 19:37:27,452 INFO Negative OS: -0.14680103728341276 --- ticker ISRG --- day 2019-03-19 --- time 37800
2023-04-20 19:37:31,180 INFO Negative OS: -0.49921584384445006 --- ticker ISRG --- day 2019-06-10 --- time 36000
2023-04-20 19:37:34,151 INFO Negative OS: -0.1930823159625461 --- ticker ISRG --- day 2019-08-15 --- time 37800
2023-04-20 19:37:35,873 INFO Negative OS: -0.22679864713251607 --- ticker ISRG --- day 2019-09-24 --- time 52200
2023-04-20 19:37:37,058 INFO Negative OS: -3.1337854644546512 --- ticker ISRG --- day 2019-10-21 --- time 52200
2023-04-20 19:37:39,436 INFO in_r2: 0.6674895629560632 , std 0.11797506561575288 
2023-04-20 19:37:39,436 INFO os_r2: 0.5891234476092214 , std 0.22700161023286713 
2023-04-20 19:37:39,436 INFO intercept: -2.246077621800165e-06 , std 2.980771552751934e-05 
2023-04-20 19:37:39,436 INFO pca_1_1: 6.957628836623343e-06 , std 0.00020963553091424 
2023-04-20 19:37:39,436 INFO pca_2_1: -9.323497912709154e-06 , std 0.00020563918429032814 
2023-04-20 19:37:39,436 INFO pca_3_1: -1.1683496273613233e-05 , std 0.00047202021664678224 
2023-04-20 19:37:39,436 INFO t_intercept: -0.1233646872479631 , std 1.8360034442646636 
2023-04-20 19:37:39,436 INFO t_pca_1_1: 0.37916592944267785 , std 12.183633801027774 
2023-04-20 19:37:39,436 INFO t_pca_2_1: -0.49949714433675535 , std 10.062278933318233 
2023-04-20 19:37:39,436 INFO t_pca_3_1: -0.5458731709483627 , std 11.50092288738459 
2023-04-20 19:37:39,436 INFO p_intercept: 0.3428298529507143 , std 0.3151683264359886 
2023-04-20 19:37:39,436 INFO p_pca_1_1: 0.0011016548437110668 , std 0.024659430913842803 
2023-04-20 19:37:39,436 INFO p_pca_2_1: 0.0026620993339960446 , std 0.041896442080280136 
2023-04-20 19:37:39,436 INFO p_pca_3_1: 0.0002399419722898814 , std 0.007935968740971116 
