2023-04-20 19:28:56,929 INFO Tickers: ['MA']
2023-04-20 19:29:24,213 INFO Negative OS: -0.08615148933639571 --- ticker MA --- day 2018-07-23 --- time 50400
2023-04-20 19:29:32,354 INFO Negative OS: -0.04188971471507297 --- ticker MA --- day 2018-12-19 --- time 50400
2023-04-20 19:29:34,342 INFO Negative OS: -0.37153554655167276 --- ticker MA --- day 2019-01-30 --- time 36000
2023-04-20 19:29:40,073 INFO Negative OS: -0.005613392932369621 --- ticker MA --- day 2019-05-15 --- time 36000
2023-04-20 19:29:41,958 INFO Negative OS: -7.96360574480479 --- ticker MA --- day 2019-06-19 --- time 37800
2023-04-20 19:29:42,123 INFO Negative OS: -0.07253251231716029 --- ticker MA --- day 2019-06-21 --- time 41400
2023-04-20 19:29:46,069 INFO Negative OS: -34.38239366001167 --- ticker MA --- day 2019-09-04 --- time 46800
2023-04-20 19:29:46,356 INFO Negative OS: -0.4443480561555939 --- ticker MA --- day 2019-09-10 --- time 37800
2023-04-20 19:29:46,930 INFO Negative OS: -2.3511214270799714 --- ticker MA --- day 2019-09-19 --- time 52200
2023-04-20 19:29:48,258 INFO Negative OS: -2.6415672571668507 --- ticker MA --- day 2019-10-15 --- time 41400
2023-04-20 19:29:48,625 INFO Negative OS: -3.4641575173285393 --- ticker MA --- day 2019-10-22 --- time 36000
2023-04-20 19:29:48,938 INFO Negative OS: -1.162241284975321 --- ticker MA --- day 2019-10-28 --- time 37800
2023-04-20 19:29:49,606 INFO Negative OS: -0.3384874278297352 --- ticker MA --- day 2019-11-07 --- time 52200
2023-04-20 19:29:49,723 INFO Negative OS: -3.566500725954734 --- ticker MA --- day 2019-11-11 --- time 37800
2023-04-20 19:29:49,872 INFO Negative OS: -1.5186116345477902 --- ticker MA --- day 2019-11-13 --- time 36000
2023-04-20 19:29:49,888 INFO Negative OS: -0.17703601707219918 --- ticker MA --- day 2019-11-13 --- time 41400
2023-04-20 19:29:51,534 INFO in_r2: 0.8033154479708423 , std 0.09211812883939126 
2023-04-20 19:29:51,534 INFO os_r2: 0.761318778753467 , std 0.5256536069529045 
2023-04-20 19:29:51,534 INFO intercept: -1.441544421159585e-07 , std 1.6950478591876242e-05 
2023-04-20 19:29:51,534 INFO pca_1_1: 2.4906772117764617e-05 , std 0.00012781577658634163 
2023-04-20 19:29:51,534 INFO pca_2_1: -2.9424419331621213e-05 , std 0.00012251071728216944 
2023-04-20 19:29:51,534 INFO pca_3_1: -5.414061079368849e-06 , std 0.00017971999523757956 
2023-04-20 19:29:51,534 INFO t_intercept: 0.026430552349880683 , std 2.363586869681945 
2023-04-20 19:29:51,534 INFO t_pca_1_1: 2.211103114136374 , std 19.664752427514625 
2023-04-20 19:29:51,534 INFO t_pca_2_1: -2.7711516466171195 , std 15.482324460664396 
2023-04-20 19:29:51,534 INFO t_pca_3_1: -0.26873722510659187 , std 10.127103693044454 
2023-04-20 19:29:51,534 INFO p_intercept: 0.2785701627171962 , std 0.3028651925881678 
2023-04-20 19:29:51,534 INFO p_pca_1_1: 4.557088706163821e-08 , std 2.5207707197179373e-06 
2023-04-20 19:29:51,534 INFO p_pca_2_1: 0.0001100925836774086 , std 0.005173421177482735 
2023-04-20 19:29:51,534 INFO p_pca_3_1: 2.323059268264698e-05 , std 0.000563742625611765 
