2023-04-20 19:33:25,824 INFO Tickers: ['SBUX']
2023-04-20 19:33:46,316 INFO Negative OS: -0.8541228327549684 --- ticker SBUX --- day 2017-12-29 --- time 46800
2023-04-20 19:33:59,240 INFO Negative OS: -0.4699997083386136 --- ticker SBUX --- day 2018-08-16 --- time 36000
2023-04-20 19:34:03,442 INFO Negative OS: -2.2028358356528503 --- ticker SBUX --- day 2018-10-29 --- time 45000
2023-04-20 19:34:19,070 INFO Negative OS: -0.3166425589127613 --- ticker SBUX --- day 2019-08-05 --- time 46800
2023-04-20 19:34:21,060 INFO Negative OS: -5.232662137125302 --- ticker SBUX --- day 2019-09-09 --- time 50400
2023-04-20 19:34:26,681 INFO in_r2: 0.9523251847134812 , std 0.04948603436198094 
2023-04-20 19:34:26,681 INFO os_r2: 0.9386746308302976 , std 0.10631951547800612 
2023-04-20 19:34:26,681 INFO intercept: -2.26032264404831e-08 , std 1.3472502037710478e-05 
2023-04-20 19:34:26,681 INFO pca_1_1: -1.5813709303104525e-05 , std 0.000244303883218863 
2023-04-20 19:34:26,681 INFO pca_2_1: 1.5429136320895308e-05 , std 0.0002212347018666738 
2023-04-20 19:34:26,681 INFO pca_3_1: -1.1711176463177756e-05 , std 0.00020228727127702206 
2023-04-20 19:34:26,681 INFO t_intercept: 0.03646247791237405 , std 5.353530898611827 
2023-04-20 19:34:26,681 INFO t_pca_1_1: -2.625756634203267 , std 42.21597932778197 
2023-04-20 19:34:26,681 INFO t_pca_2_1: 1.7762633472112503 , std 28.10927227252162 
2023-04-20 19:34:26,681 INFO t_pca_3_1: -1.4915954880067996 , std 28.919232957731175 
2023-04-20 19:34:26,681 INFO p_intercept: 0.1353296140409598 , std 0.25317215437830287 
2023-04-20 19:34:26,681 INFO p_pca_1_1: 1.2561935110087278e-05 , std 0.0007872223684386457 
2023-04-20 19:34:26,681 INFO p_pca_2_1: 0.003871759478725353 , std 0.045379532315820245 
2023-04-20 19:34:26,682 INFO p_pca_3_1: 0.0006715486047095574 , std 0.019347678503466876 
