2023-04-20 19:37:22,471 INFO Tickers: ['SYK']
2023-04-20 19:37:38,078 INFO Negative OS: -0.04519732171332813 --- ticker SYK --- day 2018-01-24 --- time 37800
2023-04-20 19:37:42,375 INFO Negative OS: -0.15181752308434282 --- ticker SYK --- day 2018-05-08 --- time 50400
2023-04-20 19:37:43,700 INFO Negative OS: -2.8276291921562415 --- ticker SYK --- day 2018-06-11 --- time 37800
2023-04-20 19:37:49,054 INFO Negative OS: -0.26350632052417033 --- ticker SYK --- day 2018-10-11 --- time 41400
2023-04-20 19:37:52,642 INFO Negative OS: -1.2768994340145148 --- ticker SYK --- day 2018-12-10 --- time 50400
2023-04-20 19:37:53,506 INFO Negative OS: -0.5047311174508033 --- ticker SYK --- day 2018-12-28 --- time 41400
2023-04-20 19:38:05,016 INFO Negative OS: -0.043936923406235895 --- ticker SYK --- day 2019-10-01 --- time 36000
2023-04-20 19:38:08,172 INFO in_r2: 0.6663216183442084 , std 0.1570552653095384 
2023-04-20 19:38:08,172 INFO os_r2: 0.5987858571751425 , std 0.2637773223898477 
2023-04-20 19:38:08,172 INFO intercept: -3.1780882679086275e-06 , std 2.3160908590815712e-05 
2023-04-20 19:38:08,172 INFO pca_1_1: 5.8518210481227734e-05 , std 0.0002844118539089808 
2023-04-20 19:38:08,172 INFO pca_2_1: -5.8496181281218515e-05 , std 0.00028237774945168745 
2023-04-20 19:38:08,172 INFO pca_3_1: -5.3548634069806645e-05 , std 0.0004771757251051746 
2023-04-20 19:38:08,172 INFO t_intercept: -0.22038106385099251 , std 1.7377902028326226 
2023-04-20 19:38:08,172 INFO t_pca_1_1: 2.2924118646969927 , std 13.557475784075667 
2023-04-20 19:38:08,172 INFO t_pca_2_1: -2.391015967044973 , std 11.190609374847046 
2023-04-20 19:38:08,172 INFO t_pca_3_1: -1.102663616470323 , std 11.33415915626741 
2023-04-20 19:38:08,172 INFO p_intercept: 0.3712621423196614 , std 0.32207361470079304 
2023-04-20 19:38:08,172 INFO p_pca_1_1: 1.0942402047974431e-05 , std 0.00015292604518750714 
2023-04-20 19:38:08,172 INFO p_pca_2_1: 5.3976039344582374e-05 , std 0.0007458750385410656 
2023-04-20 19:38:08,172 INFO p_pca_3_1: 0.00018765783442815822 , std 0.0037381990995135205 
