2023-04-20 19:29:09,299 INFO Tickers: ['VZ']
2023-04-20 19:29:22,630 INFO Negative OS: -0.45863397874585066 --- ticker VZ --- day 2017-08-24 --- time 50400
2023-04-20 19:29:38,216 INFO Negative OS: -0.009367166291988083 --- ticker VZ --- day 2018-05-31 --- time 37800
2023-04-20 19:29:40,774 INFO Negative OS: -0.29928988615511276 --- ticker VZ --- day 2018-07-16 --- time 48600
2023-04-20 19:29:55,681 INFO Negative OS: -0.012341720836510639 --- ticker VZ --- day 2019-04-08 --- time 41400
2023-04-20 19:30:03,846 INFO Negative OS: -30.433361262064413 --- ticker VZ --- day 2019-08-28 --- time 52200
2023-04-20 19:30:05,649 INFO Negative OS: -2.377890456918587 --- ticker VZ --- day 2019-09-30 --- time 52200
2023-04-20 19:30:06,584 INFO Negative OS: -0.13076780174229263 --- ticker VZ --- day 2019-10-16 --- time 36000
2023-04-20 19:30:10,016 INFO in_r2: 0.927910823675459 , std 0.06486111497342167 
2023-04-20 19:30:10,016 INFO os_r2: 0.90161093359183 , std 0.378976655451178 
2023-04-20 19:30:10,016 INFO intercept: -6.612124259183083e-08 , std 1.358647515076672e-05 
2023-04-20 19:30:10,016 INFO pca_1_1: 2.0618732850068674e-06 , std 0.00025811506222450696 
2023-04-20 19:30:10,016 INFO pca_2_1: -4.578476334771576e-07 , std 0.000228842994086932 
2023-04-20 19:30:10,016 INFO pca_3_1: -6.313680524746926e-06 , std 0.00020828828688825344 
2023-04-20 19:30:10,016 INFO t_intercept: -0.03558870370016944 , std 4.493726689226192 
2023-04-20 19:30:10,016 INFO t_pca_1_1: -0.05628664129785063 , std 39.221249009663715 
2023-04-20 19:30:10,016 INFO t_pca_2_1: -0.1533717687763218 , std 26.421031848726404 
2023-04-20 19:30:10,016 INFO t_pca_3_1: -0.41999954194144784 , std 23.80532379088875 
2023-04-20 19:30:10,016 INFO p_intercept: 0.17292789203568507 , std 0.2819450226798576 
2023-04-20 19:30:10,016 INFO p_pca_1_1: 0.00044568137515293727 , std 0.01677423740310778 
2023-04-20 19:30:10,016 INFO p_pca_2_1: 0.008293664857616697 , std 0.06889013907383436 
2023-04-20 19:30:10,016 INFO p_pca_3_1: 0.0019963962098064475 , std 0.03451951607612581 
