2023-04-20 04:40:32,217 INFO Tickers: ['AMZN']
2023-04-20 04:40:42,295 INFO Negative OS: -0.24192393040418247 --- ticker AMZN --- day 2017-07-05 --- time 36000
2023-04-20 04:40:49,846 INFO Negative OS: -0.14859658074581983 --- ticker AMZN --- day 2017-11-16 --- time 36000
2023-04-20 04:40:51,392 INFO Negative OS: -0.1218279581397157 --- ticker AMZN --- day 2017-12-14 --- time 46800
2023-04-20 04:40:51,847 INFO Negative OS: -0.15018228836459024 --- ticker AMZN --- day 2017-12-22 --- time 37800
2023-04-20 04:40:51,866 INFO Negative OS: -0.5257268241203825 --- ticker AMZN --- day 2017-12-22 --- time 45000
2023-04-20 04:40:53,224 INFO Negative OS: -0.12874168705064215 --- ticker AMZN --- day 2018-01-19 --- time 41400
2023-04-20 04:40:53,716 INFO Negative OS: -0.42053918297309734 --- ticker AMZN --- day 2018-01-29 --- time 41400
2023-04-20 04:40:54,293 INFO Negative OS: -0.15191346341824352 --- ticker AMZN --- day 2018-02-07 --- time 41400
2023-04-20 04:40:54,362 INFO Negative OS: -0.11901736008834263 --- ticker AMZN --- day 2018-02-08 --- time 36000
2023-04-20 04:40:54,376 INFO Negative OS: -0.024680532766335084 --- ticker AMZN --- day 2018-02-08 --- time 41400
2023-04-20 04:40:55,529 INFO Negative OS: -0.08056708172316429 --- ticker AMZN --- day 2018-03-01 --- time 41400
2023-04-20 04:41:01,304 INFO Negative OS: -0.1849008582978109 --- ticker AMZN --- day 2018-06-11 --- time 52200
2023-04-20 04:41:01,614 INFO Negative OS: -0.12460211666907672 --- ticker AMZN --- day 2018-06-15 --- time 45000
2023-04-20 04:41:03,815 INFO Negative OS: -0.01634955042545294 --- ticker AMZN --- day 2018-07-25 --- time 41400
2023-04-20 04:41:21,569 INFO Negative OS: -0.3428181195771822 --- ticker AMZN --- day 2019-06-06 --- time 41400
2023-04-20 04:41:32,546 INFO in_r2: 0.7905619722793119 , std 0.09669535676784372 
2023-04-20 04:41:32,546 INFO os_r2: 0.727074635422259 , std 0.14335137983363974 
2023-04-20 04:41:32,546 INFO intercept: 7.24907084002206e-07 , std 1.0267058544909421e-05 
2023-04-20 04:41:32,546 INFO ofi_1: 2.0940249530545647e-05 , std 2.752350947361573e-05 
2023-04-20 04:41:32,546 INFO ofi_2: 2.6889029476246113e-05 , std 3.186023303696277e-05 
2023-04-20 04:41:32,546 INFO ofi_3: 2.6617049750229845e-05 , std 3.4810270494677953e-05 
2023-04-20 04:41:32,546 INFO ofi_4: 2.116813554351672e-05 , std 3.395858953870751e-05 
2023-04-20 04:41:32,546 INFO ofi_5: 2.0784582540088934e-05 , std 3.673482227596807e-05 
2023-04-20 04:41:32,546 INFO ofi_6: 1.975878495951105e-05 , std 3.664028334146216e-05 
2023-04-20 04:41:32,546 INFO ofi_7: 1.809209001450841e-05 , std 3.749495300407259e-05 
2023-04-20 04:41:32,546 INFO ofi_8: 1.6709432568633977e-05 , std 3.8985290282956134e-05 
2023-04-20 04:41:32,546 INFO ofi_9: 1.5825845891716585e-05 , std 3.6874496394441515e-05 
2023-04-20 04:41:32,546 INFO ofi_10: 2.7614746616290795e-05 , std 3.394947396604044e-05 
2023-04-20 04:41:32,546 INFO t_intercept: 0.022502342277984408 , std 1.2319692019999084 
2023-04-20 04:41:32,546 INFO t_ofi_1: 1.417162812507554 , std 1.5434477404984934 
2023-04-20 04:41:32,546 INFO t_ofi_2: 1.3560892239046112 , std 1.3061156399013052 
2023-04-20 04:41:32,546 INFO t_ofi_3: 1.1772017224832028 , std 1.275651526470976 
2023-04-20 04:41:32,547 INFO t_ofi_4: 0.9140427257263658 , std 1.214737384197068 
2023-04-20 04:41:32,547 INFO t_ofi_5: 0.8353750215597076 , std 1.2408452996154415 
2023-04-20 04:41:32,547 INFO t_ofi_6: 0.8110947233873264 , std 1.2377683114372715 
2023-04-20 04:41:32,547 INFO t_ofi_7: 0.7286279907413848 , std 1.2209445215320764 
2023-04-20 04:41:32,547 INFO t_ofi_8: 0.6853749339029794 , std 1.2319858774406904 
2023-04-20 04:41:32,547 INFO t_ofi_9: 0.6588206869643732 , std 1.2223368206778846 
2023-04-20 04:41:32,547 INFO t_ofi_10: 1.4671065283871194 , std 1.424721089215129 
2023-04-20 04:41:32,547 INFO p_intercept: 0.44170805519714457 , std 0.301855259603364 
2023-04-20 04:41:32,547 INFO p_ofi_1: 0.26690543098772507 , std 0.29803520866734473 
2023-04-20 04:41:32,547 INFO p_ofi_2: 0.2850668928894154 , std 0.29672777879253676 
2023-04-20 04:41:32,547 INFO p_ofi_3: 0.31506650458151775 , std 0.302138500356291 
2023-04-20 04:41:32,547 INFO p_ofi_4: 0.3644144197402642 , std 0.3076358656828098 
2023-04-20 04:41:32,547 INFO p_ofi_5: 0.37494643324138305 , std 0.30752172566337943 
2023-04-20 04:41:32,547 INFO p_ofi_6: 0.37924066505961956 , std 0.3091591792016911 
2023-04-20 04:41:32,547 INFO p_ofi_7: 0.3905007791476687 , std 0.3075127669157061 
2023-04-20 04:41:32,547 INFO p_ofi_8: 0.39601798490108814 , std 0.30511350134991383 
2023-04-20 04:41:32,547 INFO p_ofi_9: 0.40132889540805006 , std 0.3031551682371695 
2023-04-20 04:41:32,547 INFO p_ofi_10: 0.26810535096532245 , std 0.29515800309580953 
