2023-04-20 04:41:33,648 INFO Tickers: ['T']
2023-04-20 04:41:38,794 INFO Negative OS: -0.4187787851309974 --- ticker T --- day 2017-03-31 --- time 36000
2023-04-20 04:41:42,069 INFO Negative OS: -0.2428855664418097 --- ticker T --- day 2017-05-26 --- time 43200
2023-04-20 04:41:42,083 INFO Negative OS: -0.332090626848887 --- ticker T --- day 2017-05-26 --- time 48600
2023-04-20 04:41:43,328 INFO Negative OS: -0.42673767035746235 --- ticker T --- day 2017-06-19 --- time 50400
2023-04-20 04:41:43,633 INFO Negative OS: -1.5999064449303209 --- ticker T --- day 2017-06-23 --- time 39600
2023-04-20 04:41:44,052 INFO Negative OS: -0.7561910505888672 --- ticker T --- day 2017-06-30 --- time 39600
2023-04-20 04:41:47,486 INFO Negative OS: -0.3519701335574439 --- ticker T --- day 2017-08-29 --- time 52200
2023-04-20 04:41:48,887 INFO Negative OS: -0.21464288352193872 --- ticker T --- day 2017-09-22 --- time 48600
2023-04-20 04:41:49,636 INFO Negative OS: -0.36623703960750253 --- ticker T --- day 2017-10-05 --- time 48600
2023-04-20 04:41:54,310 INFO Negative OS: -0.38925935227872 --- ticker T --- day 2017-12-26 --- time 50400
2023-04-20 04:41:54,528 INFO Negative OS: -0.5658336164493294 --- ticker T --- day 2017-12-29 --- time 37800
2023-04-20 04:41:54,533 INFO Negative OS: -0.9573776083496821 --- ticker T --- day 2017-12-29 --- time 39600
2023-04-20 04:41:54,552 INFO Negative OS: -1.3984236801277583 --- ticker T --- day 2017-12-29 --- time 46800
2023-04-20 04:41:54,955 INFO Negative OS: -0.11595379881349155 --- ticker T --- day 2018-01-08 --- time 41400
2023-04-20 04:41:55,132 INFO Negative OS: -0.28908292177634 --- ticker T --- day 2018-01-10 --- time 45000
2023-04-20 04:41:58,841 INFO Negative OS: -0.39381032975062324 --- ticker T --- day 2018-03-15 --- time 52200
2023-04-20 04:42:02,522 INFO Negative OS: -0.06870768775943503 --- ticker T --- day 2018-05-17 --- time 52200
2023-04-20 04:42:02,841 INFO Negative OS: -1.7344050442134442 --- ticker T --- day 2018-05-23 --- time 46800
2023-04-20 04:42:05,098 INFO Negative OS: -2.930708105088877 --- ticker T --- day 2018-07-02 --- time 48600
2023-04-20 04:42:05,586 INFO Negative OS: -0.32171528372989844 --- ticker T --- day 2018-07-11 --- time 46800
2023-04-20 04:42:07,090 INFO Negative OS: -0.06366826732190445 --- ticker T --- day 2018-08-06 --- time 48600
2023-04-20 04:42:07,589 INFO Negative OS: -0.16983416436027543 --- ticker T --- day 2018-08-14 --- time 48600
2023-04-20 04:42:19,922 INFO Negative OS: -1.5413269073738562 --- ticker T --- day 2019-03-20 --- time 39600
2023-04-20 04:42:24,867 INFO Negative OS: -6.587798340623342 --- ticker T --- day 2019-06-13 --- time 43200
2023-04-20 04:42:24,872 INFO Negative OS: -1.6134929955140782 --- ticker T --- day 2019-06-13 --- time 45000
2023-04-20 04:42:24,881 INFO Negative OS: -0.4750335326864936 --- ticker T --- day 2019-06-13 --- time 48600
2023-04-20 04:42:25,775 INFO Negative OS: -0.9200765716729626 --- ticker T --- day 2019-06-28 --- time 39600
2023-04-20 04:42:25,780 INFO Negative OS: -0.615920309243932 --- ticker T --- day 2019-06-28 --- time 41400
2023-04-20 04:42:27,449 INFO Negative OS: -0.10755698794187252 --- ticker T --- day 2019-07-29 --- time 46800
2023-04-20 04:42:28,379 INFO Negative OS: -3.1729842293732826 --- ticker T --- day 2019-08-13 --- time 52200
2023-04-20 04:42:28,611 INFO Negative OS: -1.5505587512841177 --- ticker T --- day 2019-08-16 --- time 45000
2023-04-20 04:42:28,625 INFO Negative OS: -0.6126627979805783 --- ticker T --- day 2019-08-16 --- time 50400
2023-04-20 04:42:28,630 INFO Negative OS: -0.42571495807303905 --- ticker T --- day 2019-08-16 --- time 52200
2023-04-20 04:42:29,689 INFO Negative OS: -1.616486329000621 --- ticker T --- day 2019-09-05 --- time 43200
2023-04-20 04:42:33,797 INFO Negative OS: -0.5303171169484824 --- ticker T --- day 2019-11-13 --- time 52200
2023-04-20 04:42:35,570 INFO in_r2: 0.9921579523422129 , std 0.006786314132581766 
2023-04-20 04:42:35,570 INFO os_r2: 0.9602707068332346 , std 0.17004836297894418 
2023-04-20 04:42:35,570 INFO intercept: -1.1194584481930577e-07 , std 1.897393335352594e-06 
2023-04-20 04:42:35,570 INFO ofi_1: 3.665908703369383e-05 , std 3.1626742377522464e-05 
2023-04-20 04:42:35,570 INFO ofi_2: 9.952443838018836e-05 , std 7.267539477403786e-05 
2023-04-20 04:42:35,570 INFO ofi_3: 7.198907396313772e-05 , std 7.056136880327624e-05 
2023-04-20 04:42:35,570 INFO ofi_4: 0.00014228796133826035 , std 0.00010759656070361486 
2023-04-20 04:42:35,570 INFO ofi_5: 0.00016914827473735506 , std 0.0001353283870459841 
2023-04-20 04:42:35,570 INFO ofi_6: 0.00023681415309230675 , std 0.00016835085299476044 
2023-04-20 04:42:35,570 INFO ofi_7: 0.0001978896228906117 , std 0.00017149113394771562 
2023-04-20 04:42:35,570 INFO ofi_8: 0.00020861720276945262 , std 0.00017703041641960673 
2023-04-20 04:42:35,570 INFO ofi_9: 0.0001903819552060854 , std 0.00017652152733053618 
2023-04-20 04:42:35,570 INFO ofi_10: 0.00021827821099104725 , std 0.0002154765044844883 
2023-04-20 04:42:35,570 INFO t_intercept: -0.09682404541258786 , std 1.2273363997061366 
2023-04-20 04:42:35,570 INFO t_ofi_1: 3.5188495907495843 , std 2.706168354187862 
2023-04-20 04:42:35,570 INFO t_ofi_2: 4.882165421875521 , std 3.886093360603665 
2023-04-20 04:42:35,570 INFO t_ofi_3: 3.900694532401759 , std 3.97028804522763 
2023-04-20 04:42:35,570 INFO t_ofi_4: 5.654153343128967 , std 4.8651671756356185 
2023-04-20 04:42:35,570 INFO t_ofi_5: 5.536835014164455 , std 4.816667422062913 
2023-04-20 04:42:35,570 INFO t_ofi_6: 8.019139706043001 , std 6.869791785171377 
2023-04-20 04:42:35,570 INFO t_ofi_7: 6.287558819644334 , std 5.886768714593644 
2023-04-20 04:42:35,570 INFO t_ofi_8: 6.601868863322934 , std 5.75255844787032 
2023-04-20 04:42:35,570 INFO t_ofi_9: 6.060599735696092 , std 5.811293337976827 
2023-04-20 04:42:35,570 INFO t_ofi_10: 6.546839027656998 , std 5.456383368409617 
2023-04-20 04:42:35,570 INFO p_intercept: 0.4271798103839665 , std 0.2995373905704537 
2023-04-20 04:42:35,570 INFO p_ofi_1: 0.10580115470028643 , std 0.22077336818701168 
2023-04-20 04:42:35,570 INFO p_ofi_2: 0.060597360039954376 , std 0.17626561362147888 
2023-04-20 04:42:35,570 INFO p_ofi_3: 0.10555628800088102 , std 0.21969522218829923 
2023-04-20 04:42:35,570 INFO p_ofi_4: 0.06371927052342465 , std 0.17948628492896668 
2023-04-20 04:42:35,570 INFO p_ofi_5: 0.06302491865360343 , std 0.1793752397241058 
2023-04-20 04:42:35,570 INFO p_ofi_6: 0.03845665923824421 , std 0.14367533267955662 
2023-04-20 04:42:35,570 INFO p_ofi_7: 0.057455427531635475 , std 0.1715857416291387 
2023-04-20 04:42:35,570 INFO p_ofi_8: 0.05210110324969097 , std 0.1604835021896997 
2023-04-20 04:42:35,570 INFO p_ofi_9: 0.06236820081334916 , std 0.17694539440262805 
2023-04-20 04:42:35,570 INFO p_ofi_10: 0.05067516732413315 , std 0.16238487855311745 
