2023-04-20 04:46:39,827 INFO Tickers: ['TXN']
2023-04-20 04:47:41,611 INFO in_r2: 0.9365613452045799 , std 0.03698945447203396 
2023-04-20 04:47:41,611 INFO os_r2: 0.9234434418332331 , std 0.04798574356518561 
2023-04-20 04:47:41,611 INFO intercept: -3.298936032202655e-07 , std 5.871953274446757e-06 
2023-04-20 04:47:41,611 INFO ofi_1: 4.3381451621661906e-05 , std 4.827063494526407e-05 
2023-04-20 04:47:41,612 INFO ofi_2: 6.60239091884934e-05 , std 5.191523104417056e-05 
2023-04-20 04:47:41,612 INFO ofi_3: 5.991557892251922e-05 , std 5.133804175566338e-05 
2023-04-20 04:47:41,612 INFO ofi_4: 5.022668432573977e-05 , std 5.2613574965804655e-05 
2023-04-20 04:47:41,612 INFO ofi_5: 4.2504182044425126e-05 , std 5.158033646410234e-05 
2023-04-20 04:47:41,612 INFO ofi_6: 3.902967788819941e-05 , std 5.2533282797128515e-05 
2023-04-20 04:47:41,612 INFO ofi_7: 4.590538934877277e-05 , std 6.09358523403201e-05 
2023-04-20 04:47:41,612 INFO ofi_8: 4.9495354703563416e-05 , std 6.280261051671497e-05 
2023-04-20 04:47:41,612 INFO ofi_9: 4.4836517995684766e-05 , std 6.558932776686423e-05 
2023-04-20 04:47:41,612 INFO ofi_10: 6.251683568826933e-05 , std 6.423409336551605e-05 
2023-04-20 04:47:41,612 INFO t_intercept: -0.05412675796334476 , std 1.0391651394912593 
2023-04-20 04:47:41,612 INFO t_ofi_1: 1.7020947498120276 , std 1.8219132124723296 
2023-04-20 04:47:41,612 INFO t_ofi_2: 1.992084845048359 , std 1.5014957960306086 
2023-04-20 04:47:41,612 INFO t_ofi_3: 1.6920259168739122 , std 1.382095765381201 
2023-04-20 04:47:41,612 INFO t_ofi_4: 1.426655832761512 , std 1.392095730970229 
2023-04-20 04:47:41,612 INFO t_ofi_5: 1.2472393605517744 , std 1.3603389415916467 
2023-04-20 04:47:41,612 INFO t_ofi_6: 1.151340870738385 , std 1.3577750477549484 
2023-04-20 04:47:41,612 INFO t_ofi_7: 1.2015759610607812 , std 1.448922876235036 
2023-04-20 04:47:41,612 INFO t_ofi_8: 1.2212754494497815 , std 1.3810040075327488 
2023-04-20 04:47:41,612 INFO t_ofi_9: 1.0616024509349533 , std 1.3814640971763466 
2023-04-20 04:47:41,612 INFO t_ofi_10: 1.6227636676307067 , std 1.5359144240780156 
2023-04-20 04:47:41,612 INFO p_intercept: 0.4981606857197965 , std 0.2918584262499646 
2023-04-20 04:47:41,612 INFO p_ofi_1: 0.22886045864589366 , std 0.2874405162878492 
2023-04-20 04:47:41,612 INFO p_ofi_2: 0.19255642367660317 , std 0.26975282308520493 
2023-04-20 04:47:41,612 INFO p_ofi_3: 0.23091085775014758 , std 0.28246140691975963 
2023-04-20 04:47:41,612 INFO p_ofi_4: 0.2749074712273724 , std 0.295513163205916 
2023-04-20 04:47:41,612 INFO p_ofi_5: 0.30394006485144326 , std 0.3016761930048306 
2023-04-20 04:47:41,612 INFO p_ofi_6: 0.31814887726511243 , std 0.3051880935252025 
2023-04-20 04:47:41,612 INFO p_ofi_7: 0.32077892292003723 , std 0.3071310605818773 
2023-04-20 04:47:41,612 INFO p_ofi_8: 0.3102016369844815 , std 0.3036972409022018 
2023-04-20 04:47:41,612 INFO p_ofi_9: 0.3309416771521407 , std 0.3066198740433231 
2023-04-20 04:47:41,612 INFO p_ofi_10: 0.24364363020514193 , std 0.2906328999745065 
