2023-04-20 05:19:19,672 INFO Tickers: ['BAC']
2023-04-20 05:19:53,307 INFO Negative OS: -6.946291975313268 --- ticker BAC --- day 2017-03-15 --- time 48600
2023-04-20 05:20:03,873 INFO Negative OS: -0.014379588133679011 --- ticker BAC --- day 2017-04-04 --- time 52200
2023-04-20 05:21:00,951 INFO Negative OS: -1.9152771814852825 --- ticker BAC --- day 2017-08-07 --- time 48600
2023-04-20 05:21:03,942 INFO Negative OS: -4.679702757427841 --- ticker BAC --- day 2017-08-14 --- time 46800
2023-04-20 05:21:11,912 INFO Negative OS: -0.7043018929705622 --- ticker BAC --- day 2017-08-31 --- time 46800
2023-04-20 05:21:12,127 INFO Negative OS: -1.9934545979243419 --- ticker BAC --- day 2017-08-31 --- time 52200
2023-04-20 05:21:12,480 INFO Negative OS: -0.01634065253914807 --- ticker BAC --- day 2017-09-01 --- time 45000
2023-04-20 05:21:15,854 INFO Negative OS: -6.063496747547093 --- ticker BAC --- day 2017-09-11 --- time 50400
2023-04-20 05:21:19,205 INFO Negative OS: -0.7500912723564812 --- ticker BAC --- day 2017-09-18 --- time 48600
2023-04-20 05:21:22,924 INFO Negative OS: -8.49004892853215 --- ticker BAC --- day 2017-09-25 --- time 37800
2023-04-20 05:21:26,469 INFO Negative OS: -0.0358048204107313 --- ticker BAC --- day 2017-09-26 --- time 52200
2023-04-20 05:21:27,000 INFO Negative OS: -0.6570204148765864 --- ticker BAC --- day 2017-09-27 --- time 48600
2023-04-20 05:21:27,925 INFO Negative OS: -0.14753099464209907 --- ticker BAC --- day 2017-09-28 --- time 48600
2023-04-20 05:21:28,488 INFO Negative OS: -0.8080853677426814 --- ticker BAC --- day 2017-09-29 --- time 46800
2023-04-20 05:21:29,171 INFO Negative OS: -0.98959613485824 --- ticker BAC --- day 2017-10-02 --- time 48600
2023-04-20 05:21:45,793 INFO Negative OS: -0.05427484039148478 --- ticker BAC --- day 2017-10-31 --- time 36000
2023-04-20 05:21:50,293 INFO Negative OS: -0.19704847515744173 --- ticker BAC --- day 2017-11-08 --- time 52200
2023-04-20 05:21:51,473 INFO Negative OS: -2.4708216343105964 --- ticker BAC --- day 2017-11-10 --- time 46800
2023-04-20 05:22:08,406 INFO Negative OS: -0.036852847309247316 --- ticker BAC --- day 2017-12-18 --- time 41400
2023-04-20 05:22:10,614 INFO Negative OS: -0.007893401429733604 --- ticker BAC --- day 2017-12-21 --- time 46800
2023-04-20 05:22:10,810 INFO Negative OS: -1.9153592278863485 --- ticker BAC --- day 2017-12-21 --- time 52200
2023-04-20 05:24:02,747 INFO Negative OS: -1.2210736497751689 --- ticker BAC --- day 2018-08-03 --- time 41400
2023-04-20 05:24:03,077 INFO Negative OS: -0.3812473043299627 --- ticker BAC --- day 2018-08-03 --- time 48600
2023-04-20 05:24:16,779 INFO Negative OS: -0.06307680466854504 --- ticker BAC --- day 2018-08-30 --- time 48600
2023-04-20 05:24:26,822 INFO Negative OS: -1.1431819914941164 --- ticker BAC --- day 2018-09-20 --- time 50400
2023-04-20 05:25:32,487 INFO Negative OS: -0.9686365955042302 --- ticker BAC --- day 2019-01-30 --- time 48600
2023-04-20 05:27:49,214 INFO Negative OS: -2.31674920422976 --- ticker BAC --- day 2019-11-05 --- time 45000
2023-04-20 05:28:06,343 INFO in_r2: 0.9882272338025881 , std 0.028377370845419227 
2023-04-20 05:28:06,343 INFO os_r2: 0.944633721007846 , std 0.22050625488220663 
2023-04-20 05:28:06,343 INFO intercept: 1.3052834332603742e-07 , std 3.0451803120352677e-06 
2023-04-20 05:28:06,343 INFO ofi_add_1: 4.1169722866259816e-05 , std 3.743620412373449e-05 
2023-04-20 05:28:06,343 INFO ofi_add_2: 0.00023453056920031684 , std 0.00011416895255097363 
2023-04-20 05:28:06,343 INFO ofi_add_3: 8.632199584948549e-05 , std 8.139664751965396e-05 
2023-04-20 05:28:06,344 INFO ofi_add_4: 0.0002523655540000754 , std 0.0001558765772958668 
2023-04-20 05:28:06,344 INFO ofi_add_5: 0.0001927635422662391 , std 0.0001567656241366275 
2023-04-20 05:28:06,344 INFO ofi_add_6: 0.00016919315692865948 , std 0.00015340647254899494 
2023-04-20 05:28:06,344 INFO ofi_add_7: 0.00011051078018446212 , std 0.00012528936679661207 
2023-04-20 05:28:06,344 INFO ofi_add_8: 9.838359784323089e-05 , std 0.0001147551851088028 
2023-04-20 05:28:06,344 INFO ofi_add_9: 7.387786793537086e-05 , std 9.708632768752025e-05 
2023-04-20 05:28:06,344 INFO ofi_add_10: 6.129612042172205e-05 , std 9.185588615968797e-05 
2023-04-20 05:28:06,344 INFO ofi_cancel_1: 2.7792588930127736e-05 , std 3.3932844454326675e-05 
2023-04-20 05:28:06,344 INFO ofi_cancel_2: 9.726040820140698e-05 , std 9.914215289336663e-05 
2023-04-20 05:28:06,344 INFO ofi_cancel_3: 8.312199551780981e-05 , std 8.638983787663533e-05 
2023-04-20 05:28:06,344 INFO ofi_cancel_4: 0.0001598041374279812 , std 0.0001673985936948468 
2023-04-20 05:28:06,344 INFO ofi_cancel_5: 0.00019415282901989454 , std 0.00022139603759350977 
2023-04-20 05:28:06,344 INFO ofi_cancel_6: 0.00012942985802226172 , std 0.0001913241285193747 
2023-04-20 05:28:06,344 INFO ofi_cancel_7: 9.38919059163648e-05 , std 0.00016483798503627123 
2023-04-20 05:28:06,344 INFO ofi_cancel_8: 6.459803882839834e-05 , std 0.00013391928948227634 
2023-04-20 05:28:06,344 INFO ofi_cancel_9: 3.735113866993863e-05 , std 9.348658219299505e-05 
2023-04-20 05:28:06,344 INFO ofi_cancel_10: 3.483110461341229e-05 , std 8.941046590076985e-05 
2023-04-20 05:28:06,344 INFO ofi_trade_1: 9.027421160412304e-06 , std 3.95454721049775e-05 
2023-04-20 05:28:06,344 INFO ofi_trade_2: 0.0002549843459713732 , std 0.00016032678852203447 
2023-04-20 05:28:06,344 INFO ofi_trade_3: 0.0001857504509677539 , std 0.000142055610963641 
2023-04-20 05:28:06,344 INFO ofi_trade_4: 0.00022554510471721795 , std 0.00016947419625257175 
2023-04-20 05:28:06,344 INFO ofi_trade_5: 0.00018036010729108174 , std 0.00015813322081461895 
2023-04-20 05:28:06,344 INFO ofi_trade_6: 0.00014183106458665382 , std 0.0001441158149627508 
2023-04-20 05:28:06,344 INFO ofi_trade_7: 9.950607406666562e-05 , std 0.00012296287874048568 
2023-04-20 05:28:06,344 INFO ofi_trade_8: 8.194112687578194e-05 , std 0.00010797424016758212 
2023-04-20 05:28:06,344 INFO ofi_trade_9: 7.096447282160513e-05 , std 0.00010020080750120177 
2023-04-20 05:28:06,344 INFO ofi_trade_10: 6.29210189861156e-05 , std 9.528020112337671e-05 
2023-04-20 05:28:06,344 INFO t_intercept: 0.08343966912506667 , std 1.3251997400113444 
2023-04-20 05:28:06,344 INFO t_ofi_add_1: 1.9960946632443095 , std 1.47018923629046 
2023-04-20 05:28:06,344 INFO t_ofi_add_2: 4.6403362295356905 , std 1.9448581228256492 
2023-04-20 05:28:06,344 INFO t_ofi_add_3: 2.163837893129206 , std 1.9141529680567817 
2023-04-20 05:28:06,344 INFO t_ofi_add_4: 3.3768907026837724 , std 2.2709001669212863 
2023-04-20 05:28:06,344 INFO t_ofi_add_5: 2.357757038313877 , std 2.2398103209878126 
2023-04-20 05:28:06,344 INFO t_ofi_add_6: 2.2423876859836254 , std 2.5553220469743674 
2023-04-20 05:28:06,344 INFO t_ofi_add_7: 1.5919435471359855 , std 2.2422874446143712 
2023-04-20 05:28:06,344 INFO t_ofi_add_8: 1.5505622192683282 , std 2.337610818560326 
2023-04-20 05:28:06,344 INFO t_ofi_add_9: 1.2713238957892294 , std 2.127639814186733 
2023-04-20 05:28:06,344 INFO t_ofi_add_10: 1.2019319368884875 , std 2.189843426603719 
2023-04-20 05:28:06,344 INFO t_ofi_cancel_1: 1.276004363637068 , std 1.3818215052893912 
2023-04-20 05:28:06,344 INFO t_ofi_cancel_2: 1.915190871297705 , std 1.807438632831487 
2023-04-20 05:28:06,344 INFO t_ofi_cancel_3: 1.8118019148046902 , std 1.5917492807376261 
2023-04-20 05:28:06,344 INFO t_ofi_cancel_4: 1.6891763280320051 , std 1.7361180124771805 
2023-04-20 05:28:06,344 INFO t_ofi_cancel_5: 1.3981343566684163 , std 1.6799282450788786 
2023-04-20 05:28:06,344 INFO t_ofi_cancel_6: 0.9600529005398631 , std 1.5944646772172641 
2023-04-20 05:28:06,344 INFO t_ofi_cancel_7: 0.7410741688163952 , std 1.4740014338157437 
2023-04-20 05:28:06,344 INFO t_ofi_cancel_8: 0.581035132256035 , std 1.3435216354284019 
2023-04-20 05:28:06,345 INFO t_ofi_cancel_9: 0.43568796662058196 , std 1.2023433283982907 
2023-04-20 05:28:06,345 INFO t_ofi_cancel_10: 0.4472009492730238 , std 1.246866410666994 
2023-04-20 05:28:06,345 INFO t_ofi_trade_1: 0.13008973483354783 , std 0.5569846840470555 
2023-04-20 05:28:06,345 INFO t_ofi_trade_2: 3.426140688112736 , std 2.214138260854105 
2023-04-20 05:28:06,345 INFO t_ofi_trade_3: 2.5848648769361136 , std 2.0327789263432225 
2023-04-20 05:28:06,345 INFO t_ofi_trade_4: 2.613695363291861 , std 2.2123279766404647 
2023-04-20 05:28:06,345 INFO t_ofi_trade_5: 2.0388193540432873 , std 2.131969840195584 
2023-04-20 05:28:06,345 INFO t_ofi_trade_6: 1.9424396297623208 , std 2.5316734419364413 
2023-04-20 05:28:06,345 INFO t_ofi_trade_7: 1.4209353234672506 , std 2.1498190931403514 
2023-04-20 05:28:06,345 INFO t_ofi_trade_8: 1.3412054451020807 , std 2.2429644744724726 
2023-04-20 05:28:06,345 INFO t_ofi_trade_9: 1.2256142970786998 , std 2.160573818306353 
2023-04-20 05:28:06,345 INFO t_ofi_trade_10: 1.2181515206534494 , std 2.2571852159928762 
2023-04-20 05:28:06,345 INFO p_intercept: 0.4203332320757469 , std 0.30675069973310737 
2023-04-20 05:28:06,345 INFO p_ofi_add_1: 0.240572055528645 , std 0.29588974286099273 
2023-04-20 05:28:06,345 INFO p_ofi_add_2: 0.021534195393527515 , std 0.09953350508645828 
2023-04-20 05:28:06,345 INFO p_ofi_add_3: 0.2827138353966659 , std 0.37236463141666365 
2023-04-20 05:28:06,345 INFO p_ofi_add_4: 0.14581213430454246 , std 0.3012911276289497 
2023-04-20 05:28:06,345 INFO p_ofi_add_5: 0.29738209653614467 , std 0.3945492539614444 
2023-04-20 05:28:06,345 INFO p_ofi_add_6: 0.3644838010902041 , std 0.42149184194951617 
2023-04-20 05:28:06,345 INFO p_ofi_add_7: 0.5033632202847881 , std 0.43941000769064964 
2023-04-20 05:28:06,345 INFO p_ofi_add_8: 0.5318494910390552 , std 0.43976231865177273 
2023-04-20 05:28:06,345 INFO p_ofi_add_9: 0.6053606287622723 , std 0.43211923239080285 
2023-04-20 05:28:06,345 INFO p_ofi_add_10: 0.6573334498443724 , std 0.42819695692220383 
2023-04-20 05:28:06,345 INFO p_ofi_cancel_1: 0.46200979181988505 , std 0.41620476330276135 
2023-04-20 05:28:06,345 INFO p_ofi_cancel_2: 0.3696862741083094 , std 0.42991854734321294 
2023-04-20 05:28:06,345 INFO p_ofi_cancel_3: 0.3347744206870482 , std 0.3962768332482964 
2023-04-20 05:28:06,345 INFO p_ofi_cancel_4: 0.4244311189171886 , std 0.4434857760838063 
2023-04-20 05:28:06,345 INFO p_ofi_cancel_5: 0.5005295445162923 , std 0.4456899067543762 
2023-04-20 05:28:06,345 INFO p_ofi_cancel_6: 0.650827924245586 , std 0.42690321753296584 
2023-04-20 05:28:06,345 INFO p_ofi_cancel_7: 0.7269783006331595 , std 0.39932831582419626 
2023-04-20 05:28:06,345 INFO p_ofi_cancel_8: 0.7872196822621955 , std 0.3686383622107688 
2023-04-20 05:28:06,345 INFO p_ofi_cancel_9: 0.8468907009842194 , std 0.3283410798043336 
2023-04-20 05:28:06,345 INFO p_ofi_cancel_10: 0.8481356830216108 , std 0.32842320305420597 
2023-04-20 05:28:06,345 INFO p_ofi_trade_1: 0.9368764739938144 , std 0.21197550505027055 
2023-04-20 05:28:06,345 INFO p_ofi_trade_2: 0.1337598209233792 , std 0.28407549599040016 
2023-04-20 05:28:06,345 INFO p_ofi_trade_3: 0.2159540780241362 , std 0.3396695267723618 
2023-04-20 05:28:06,345 INFO p_ofi_trade_4: 0.2482044550080729 , std 0.370829851210515 
2023-04-20 05:28:06,345 INFO p_ofi_trade_5: 0.35397797158039623 , std 0.41220162288569595 
2023-04-20 05:28:06,345 INFO p_ofi_trade_6: 0.43994841942079366 , std 0.43574980369609967 
2023-04-20 05:28:06,345 INFO p_ofi_trade_7: 0.5458636732326623 , std 0.4367106966861621 
2023-04-20 05:28:06,345 INFO p_ofi_trade_8: 0.593159907933093 , std 0.4398154511502006 
2023-04-20 05:28:06,345 INFO p_ofi_trade_9: 0.6316464593895926 , std 0.43094155817055924 
2023-04-20 05:28:06,345 INFO p_ofi_trade_10: 0.6647186612430849 , std 0.42882679043890753 
