2023-04-20 06:30:34,994 INFO Tickers: ['DHR']
2023-04-20 06:33:01,398 INFO Negative OS: -0.09444793203199398 --- ticker DHR --- day 2018-03-28 --- time 36000
2023-04-20 06:33:26,577 INFO Negative OS: -2.5485221963306066 --- ticker DHR --- day 2018-05-29 --- time 43200
2023-04-20 06:33:59,512 INFO Negative OS: -0.3739215134420275 --- ticker DHR --- day 2018-09-20 --- time 36000
2023-04-20 06:35:52,384 INFO Negative OS: -0.943517092808523 --- ticker DHR --- day 2019-04-30 --- time 37800
2023-04-20 06:36:13,125 INFO Negative OS: -0.14553602019708634 --- ticker DHR --- day 2019-06-17 --- time 36000
2023-04-20 06:36:32,119 INFO Negative OS: -0.4800275662306035 --- ticker DHR --- day 2019-08-12 --- time 39600
2023-04-20 06:36:39,851 INFO Negative OS: -0.0004124136508918408 --- ticker DHR --- day 2019-09-09 --- time 39600
2023-04-20 06:36:42,128 INFO Negative OS: -0.024337700895341374 --- ticker DHR --- day 2019-09-19 --- time 36000
2023-04-20 06:37:08,247 INFO in_r2: 0.8870584425473553 , std 0.06909089061153412 
2023-04-20 06:37:08,247 INFO os_r2: 0.8402955435761279 , std 0.12394482125683175 
2023-04-20 06:37:08,247 INFO intercept: -5.349065159136876e-07 , std 7.682021193413969e-06 
2023-04-20 06:37:08,247 INFO ofi_add_1: 7.279258169155326e-05 , std 6.589391658683043e-05 
2023-04-20 06:37:08,247 INFO ofi_add_2: 8.897241632748686e-05 , std 6.626417551302238e-05 
2023-04-20 06:37:08,247 INFO ofi_add_3: 6.842008895106116e-05 , std 5.4517883392728475e-05 
2023-04-20 06:37:08,247 INFO ofi_add_4: 5.785808212229253e-05 , std 5.286974289914725e-05 
2023-04-20 06:37:08,248 INFO ofi_add_5: 4.717560356192389e-05 , std 4.839927832496653e-05 
2023-04-20 06:37:08,248 INFO ofi_add_6: 4.4455426677221977e-05 , std 4.8309119204890324e-05 
2023-04-20 06:37:08,248 INFO ofi_add_7: 3.88825090430295e-05 , std 4.5603467140413086e-05 
2023-04-20 06:37:08,248 INFO ofi_add_8: 3.414961670312573e-05 , std 4.558777067375714e-05 
2023-04-20 06:37:08,248 INFO ofi_add_9: 2.8123632749860386e-05 , std 4.358407696600096e-05 
2023-04-20 06:37:08,248 INFO ofi_add_10: 2.6908998895271694e-05 , std 4.504858573424031e-05 
2023-04-20 06:37:08,248 INFO ofi_cancel_1: 7.476502405576685e-05 , std 7.83706007422955e-05 
2023-04-20 06:37:08,248 INFO ofi_cancel_2: 9.64564167263373e-05 , std 7.129916443635383e-05 
2023-04-20 06:37:08,248 INFO ofi_cancel_3: 6.61691708173706e-05 , std 5.607901399832382e-05 
2023-04-20 06:37:08,248 INFO ofi_cancel_4: 5.40775096489369e-05 , std 5.472179244423672e-05 
2023-04-20 06:37:08,248 INFO ofi_cancel_5: 4.3759807076435514e-05 , std 5.09260035068907e-05 
2023-04-20 06:37:08,248 INFO ofi_cancel_6: 3.860663665058833e-05 , std 5.1632439047048144e-05 
2023-04-20 06:37:08,248 INFO ofi_cancel_7: 3.225279917658711e-05 , std 4.824789873037592e-05 
2023-04-20 06:37:08,248 INFO ofi_cancel_8: 2.946377880580917e-05 , std 4.733165144031381e-05 
2023-04-20 06:37:08,248 INFO ofi_cancel_9: 2.49751318533297e-05 , std 4.633680546970746e-05 
2023-04-20 06:37:08,248 INFO ofi_cancel_10: 2.7748173487844766e-05 , std 4.666824988004965e-05 
2023-04-20 06:37:08,248 INFO ofi_trade_1: 4.900456019421214e-05 , std 0.0001012657412036179 
2023-04-20 06:37:08,248 INFO ofi_trade_2: 6.00013216312218e-05 , std 9.37218527851591e-05 
2023-04-20 06:37:08,248 INFO ofi_trade_3: 5.5617459882788006e-05 , std 8.716821616020432e-05 
2023-04-20 06:37:08,248 INFO ofi_trade_4: 5.789652541655277e-05 , std 8.708311132844982e-05 
2023-04-20 06:37:08,248 INFO ofi_trade_5: 5.483984931215045e-05 , std 8.271238455798153e-05 
2023-04-20 06:37:08,248 INFO ofi_trade_6: 5.925814422327884e-05 , std 9.357859205762626e-05 
2023-04-20 06:37:08,248 INFO ofi_trade_7: 5.545922320644247e-05 , std 8.837540372615481e-05 
2023-04-20 06:37:08,248 INFO ofi_trade_8: 5.340823189816491e-05 , std 9.582596280098755e-05 
2023-04-20 06:37:08,248 INFO ofi_trade_9: 5.1931900389065214e-05 , std 9.69287032506077e-05 
2023-04-20 06:37:08,248 INFO ofi_trade_10: 5.405381816698932e-05 , std 0.00010153286549081228 
2023-04-20 06:37:08,248 INFO t_intercept: -0.049534193595634775 , std 0.9374470961215432 
2023-04-20 06:37:08,248 INFO t_ofi_add_1: 1.6959276819174687 , std 1.2853014841239658 
2023-04-20 06:37:08,248 INFO t_ofi_add_2: 1.8392561414003292 , std 1.1858048594399584 
2023-04-20 06:37:08,248 INFO t_ofi_add_3: 1.3999609752650017 , std 1.0003859608146026 
2023-04-20 06:37:08,248 INFO t_ofi_add_4: 1.1380786126722993 , std 0.9697874519378441 
2023-04-20 06:37:08,248 INFO t_ofi_add_5: 0.8993133537927621 , std 0.8784652469951079 
2023-04-20 06:37:08,248 INFO t_ofi_add_6: 0.8235690661276381 , std 0.8746175201347149 
2023-04-20 06:37:08,248 INFO t_ofi_add_7: 0.6935588285526079 , std 0.7942558275396907 
2023-04-20 06:37:08,248 INFO t_ofi_add_8: 0.5907703200843557 , std 0.766164355060194 
2023-04-20 06:37:08,248 INFO t_ofi_add_9: 0.4908499439315803 , std 0.7190520572743575 
2023-04-20 06:37:08,248 INFO t_ofi_add_10: 0.5153305495170758 , std 0.8177522046526857 
2023-04-20 06:37:08,248 INFO t_ofi_cancel_1: 1.4759918608740232 , std 1.3179905542822048 
2023-04-20 06:37:08,248 INFO t_ofi_cancel_2: 1.9050712128746392 , std 1.203530257332287 
2023-04-20 06:37:08,248 INFO t_ofi_cancel_3: 1.274613488044277 , std 0.9902541511417698 
2023-04-20 06:37:08,248 INFO t_ofi_cancel_4: 0.992986100955207 , std 0.94558893065052 
2023-04-20 06:37:08,248 INFO t_ofi_cancel_5: 0.7680019721370734 , std 0.8584622808352691 
2023-04-20 06:37:08,248 INFO t_ofi_cancel_6: 0.6581577334194224 , std 0.8574571880609552 
2023-04-20 06:37:08,248 INFO t_ofi_cancel_7: 0.5297339358388689 , std 0.7644035168638899 
2023-04-20 06:37:08,248 INFO t_ofi_cancel_8: 0.4749305760803619 , std 0.7364585950806792 
2023-04-20 06:37:08,248 INFO t_ofi_cancel_9: 0.3962749405346534 , std 0.7072531955833921 
2023-04-20 06:37:08,248 INFO t_ofi_cancel_10: 0.489713503827597 , std 0.7917899407333806 
2023-04-20 06:37:08,248 INFO t_ofi_trade_1: 0.470260436664233 , std 0.822384382483527 
2023-04-20 06:37:08,248 INFO t_ofi_trade_2: 0.5815291858680424 , std 0.8070336082044577 
2023-04-20 06:37:08,248 INFO t_ofi_trade_3: 0.5709386805061623 , std 0.777649492562776 
2023-04-20 06:37:08,248 INFO t_ofi_trade_4: 0.5883085289216118 , std 0.7864130473207124 
2023-04-20 06:37:08,248 INFO t_ofi_trade_5: 0.5480602183909055 , std 0.7317578956199897 
2023-04-20 06:37:08,248 INFO t_ofi_trade_6: 0.545203617673992 , std 0.7335658091623323 
2023-04-20 06:37:08,248 INFO t_ofi_trade_7: 0.47895140112165807 , std 0.6920887379685572 
2023-04-20 06:37:08,248 INFO t_ofi_trade_8: 0.4427720101009537 , std 0.6745327590512515 
2023-04-20 06:37:08,249 INFO t_ofi_trade_9: 0.4240697812260018 , std 0.6708208525993046 
2023-04-20 06:37:08,249 INFO t_ofi_trade_10: 0.4528320791215295 , std 0.7208107920875968 
2023-04-20 06:37:08,249 INFO p_intercept: 0.5206256961067377 , std 0.2768106921815574 
2023-04-20 06:37:08,249 INFO p_ofi_add_1: 0.28293845054008326 , std 0.3414499584823981 
2023-04-20 06:37:08,249 INFO p_ofi_add_2: 0.23017955768082576 , std 0.3042967500009997 
2023-04-20 06:37:08,249 INFO p_ofi_add_3: 0.31987298610494924 , std 0.32957705151438094 
2023-04-20 06:37:08,249 INFO p_ofi_add_4: 0.4051451512508089 , std 0.3469807768909678 
2023-04-20 06:37:08,249 INFO p_ofi_add_5: 0.4937422078660451 , std 0.35466660961256646 
2023-04-20 06:37:08,249 INFO p_ofi_add_6: 0.5194673782610153 , std 0.35341750331615995 
2023-04-20 06:37:08,249 INFO p_ofi_add_7: 0.5740413423164863 , std 0.3477227556839337 
2023-04-20 06:37:08,249 INFO p_ofi_add_8: 0.6273120238317381 , std 0.34156517405390774 
2023-04-20 06:37:08,249 INFO p_ofi_add_9: 0.6700246652066414 , std 0.33246338947073745 
2023-04-20 06:37:08,249 INFO p_ofi_add_10: 0.6463929452015774 , std 0.3439750990139419 
2023-04-20 06:37:08,249 INFO p_ofi_cancel_1: 0.3596887372542561 , std 0.3844258019707933 
2023-04-20 06:37:08,249 INFO p_ofi_cancel_2: 0.2223443866640316 , std 0.3047613191310259 
2023-04-20 06:37:08,249 INFO p_ofi_cancel_3: 0.3634595465739067 , std 0.3471259583951708 
2023-04-20 06:37:08,249 INFO p_ofi_cancel_4: 0.4654919750358529 , std 0.3641567152501304 
2023-04-20 06:37:08,249 INFO p_ofi_cancel_5: 0.553191201348132 , std 0.3628872215786429 
2023-04-20 06:37:08,249 INFO p_ofi_cancel_6: 0.5934152343456368 , std 0.3621146977987043 
2023-04-20 06:37:08,249 INFO p_ofi_cancel_7: 0.6538630423242432 , std 0.3477211113397703 
2023-04-20 06:37:08,249 INFO p_ofi_cancel_8: 0.6768912849033244 , std 0.3388471535911338 
2023-04-20 06:37:08,249 INFO p_ofi_cancel_9: 0.7100260484508176 , std 0.3294070623240523 
2023-04-20 06:37:08,249 INFO p_ofi_cancel_10: 0.6718824812817507 , std 0.3465575427330532 
2023-04-20 06:37:08,249 INFO p_ofi_trade_1: 0.726021445340432 , std 0.3642073426873212 
2023-04-20 06:37:08,249 INFO p_ofi_trade_2: 0.6569154286703925 , std 0.36805715804287337 
2023-04-20 06:37:08,249 INFO p_ofi_trade_3: 0.6563223801181999 , std 0.36105856192229907 
2023-04-20 06:37:08,249 INFO p_ofi_trade_4: 0.6441858702296932 , std 0.3655576826947015 
2023-04-20 06:37:08,249 INFO p_ofi_trade_5: 0.6624236262702028 , std 0.35593516728729246 
2023-04-20 06:37:08,249 INFO p_ofi_trade_6: 0.6611809779571745 , std 0.3571593367464066 
2023-04-20 06:37:08,249 INFO p_ofi_trade_7: 0.6953563668768115 , std 0.3455608574031835 
2023-04-20 06:37:08,249 INFO p_ofi_trade_8: 0.7231702505745337 , std 0.3389618951619262 
2023-04-20 06:37:08,249 INFO p_ofi_trade_9: 0.7294875702726666 , std 0.33653225891902616 
2023-04-20 06:37:08,249 INFO p_ofi_trade_10: 0.7236325978722206 , std 0.34803274552901775 
