2023-04-20 06:30:02,006 INFO Tickers: ['GE']
2023-04-20 06:30:14,234 INFO Negative OS: -0.39517860360171886 --- ticker GE --- day 2017-02-03 --- time 39600
2023-04-20 06:30:41,761 INFO Negative OS: -2.0472351807914575 --- ticker GE --- day 2017-04-17 --- time 43200
2023-04-20 06:30:44,903 INFO Negative OS: -0.008364312267657548 --- ticker GE --- day 2017-04-17 --- time 45000
2023-04-20 06:30:46,207 INFO Negative OS: -0.8251033824981242 --- ticker GE --- day 2017-04-19 --- time 50400
2023-04-20 06:30:52,759 INFO Negative OS: -0.894674511796836 --- ticker GE --- day 2017-05-04 --- time 41400
2023-04-20 06:30:54,732 INFO Negative OS: -0.31400034050053405 --- ticker GE --- day 2017-05-09 --- time 50400
2023-04-20 06:31:44,989 INFO Negative OS: -2.504950740283358 --- ticker GE --- day 2017-08-14 --- time 50400
2023-04-20 06:32:19,073 INFO Negative OS: -0.0928988210407582 --- ticker GE --- day 2017-10-17 --- time 45000
2023-04-20 06:32:25,581 INFO Negative OS: -5.850530750029372 --- ticker GE --- day 2017-10-31 --- time 37800
2023-04-20 06:32:27,922 INFO Negative OS: -0.014089701191261073 --- ticker GE --- day 2017-11-03 --- time 43200
2023-04-20 06:32:28,575 INFO Negative OS: -0.057639699229887986 --- ticker GE --- day 2017-11-06 --- time 41400
2023-04-20 06:32:29,993 INFO Negative OS: -0.17676173361132497 --- ticker GE --- day 2017-11-08 --- time 50400
2023-04-20 06:32:35,190 INFO Negative OS: -4.276147454013446 --- ticker GE --- day 2017-11-17 --- time 43200
2023-04-20 06:32:39,184 INFO Negative OS: -0.4836931276498937 --- ticker GE --- day 2017-11-28 --- time 46800
2023-04-20 06:32:39,978 INFO Negative OS: -0.4413947360410415 --- ticker GE --- day 2017-11-29 --- time 52200
2023-04-20 06:32:43,945 INFO Negative OS: -0.7401153356118846 --- ticker GE --- day 2017-12-01 --- time 37800
2023-04-20 06:32:45,534 INFO Negative OS: -1.3983766172318166 --- ticker GE --- day 2017-12-05 --- time 39600
2023-04-20 06:32:45,863 INFO Negative OS: -0.0553516898251416 --- ticker GE --- day 2017-12-05 --- time 50400
2023-04-20 06:32:46,654 INFO Negative OS: -1.7984074474658054 --- ticker GE --- day 2017-12-06 --- time 52200
2023-04-20 06:32:47,451 INFO Negative OS: -1.6789294530947365 --- ticker GE --- day 2017-12-08 --- time 41400
2023-04-20 06:33:02,961 INFO Error --- ticker GE --- day 2017-12-08 --- time 46800 --- shapes (180,31) and (30,) not aligned: 31 (dim 1) != 30 (dim 0)
2023-04-20 06:33:03,104 INFO Negative OS: -2.829256865621551 --- ticker GE --- day 2017-12-08 --- time 52200
2023-04-20 06:33:04,365 INFO Negative OS: -0.9996172657764042 --- ticker GE --- day 2017-12-12 --- time 52200
2023-04-20 06:33:04,722 INFO Negative OS: -1.2476899060754976 --- ticker GE --- day 2017-12-13 --- time 43200
2023-04-20 06:33:05,800 INFO Negative OS: -4.105095740749878 --- ticker GE --- day 2017-12-14 --- time 50400
2023-04-20 06:33:07,747 INFO Negative OS: -0.4072637886899284 --- ticker GE --- day 2017-12-18 --- time 52200
2023-04-20 06:33:08,622 INFO Negative OS: -0.22102419405557328 --- ticker GE --- day 2017-12-19 --- time 48600
2023-04-20 06:33:08,980 INFO Negative OS: -0.27103250065774875 --- ticker GE --- day 2017-12-20 --- time 39600
2023-04-20 06:33:09,590 INFO Negative OS: -0.1136506860352482 --- ticker GE --- day 2017-12-20 --- time 52200
2023-04-20 06:33:10,511 INFO Negative OS: -1.53506656696953 --- ticker GE --- day 2017-12-22 --- time 39600
2023-04-20 06:33:11,658 INFO Negative OS: -3.2387981714482077 --- ticker GE --- day 2017-12-22 --- time 50400
2023-04-20 06:33:33,922 INFO Error --- ticker GE --- day 2017-12-28 --- time 46800 --- shapes (180,31) and (30,) not aligned: 31 (dim 1) != 30 (dim 0)
2023-04-20 06:33:34,290 INFO Negative OS: -8.87695700760375 --- ticker GE --- day 2017-12-29 --- time 37800
2023-04-20 06:33:34,775 INFO Negative OS: -0.011111111111111294 --- ticker GE --- day 2017-12-29 --- time 43200
2023-04-20 06:33:39,821 INFO Negative OS: -0.5633435378973788 --- ticker GE --- day 2018-01-04 --- time 41400
2023-04-20 06:33:40,118 INFO Negative OS: -0.3693389993884513 --- ticker GE --- day 2018-01-04 --- time 43200
2023-04-20 06:33:44,356 INFO Negative OS: -1.3499425206153912 --- ticker GE --- day 2018-01-12 --- time 43200
2023-04-20 06:33:52,552 INFO Negative OS: -1.2566622306708735 --- ticker GE --- day 2018-01-30 --- time 39600
2023-04-20 06:33:55,626 INFO Negative OS: -0.9135294194255172 --- ticker GE --- day 2018-02-05 --- time 48600
2023-04-20 06:34:01,190 INFO Negative OS: -2.6052860666246227 --- ticker GE --- day 2018-02-15 --- time 46800
2023-04-20 06:34:02,908 INFO Negative OS: -0.95350008576189 --- ticker GE --- day 2018-02-21 --- time 41400
2023-04-20 06:34:07,298 INFO Negative OS: -0.5594944791330336 --- ticker GE --- day 2018-03-01 --- time 45000
2023-04-20 06:34:14,103 INFO Negative OS: -0.45486120771128347 --- ticker GE --- day 2018-03-16 --- time 52200
2023-04-20 06:34:14,423 INFO Negative OS: -2.8151252561696385 --- ticker GE --- day 2018-03-19 --- time 43200
2023-04-20 06:34:16,490 INFO Negative OS: -0.10117181674496711 --- ticker GE --- day 2018-03-22 --- time 50400
2023-04-20 06:34:40,227 INFO Negative OS: -0.3830878421752635 --- ticker GE --- day 2018-04-25 --- time 41400
2023-04-20 06:34:59,053 INFO Negative OS: -0.00048308386425199856 --- ticker GE --- day 2018-05-22 --- time 48600
2023-04-20 06:35:00,731 INFO Negative OS: -0.983348179060721 --- ticker GE --- day 2018-05-25 --- time 36000
2023-04-20 06:35:02,093 INFO Negative OS: -2.561016771938005 --- ticker GE --- day 2018-05-30 --- time 37800
2023-04-20 06:35:08,310 INFO Negative OS: -0.03197591690680923 --- ticker GE --- day 2018-06-13 --- time 46800
2023-04-20 06:35:24,598 INFO Negative OS: -0.002808988764043452 --- ticker GE --- day 2018-07-09 --- time 45000
2023-04-20 06:35:27,058 INFO Negative OS: -3.3552989964686537 --- ticker GE --- day 2018-07-13 --- time 39600
2023-04-20 06:35:27,447 INFO Negative OS: -1.4233888182904195 --- ticker GE --- day 2018-07-13 --- time 50400
2023-04-20 06:35:40,710 INFO Negative OS: -2.124197747221555 --- ticker GE --- day 2018-07-24 --- time 36000
2023-04-20 06:36:00,136 INFO Error --- ticker GE --- day 2018-07-25 --- time 46800 --- shapes (180,31) and (30,) not aligned: 31 (dim 1) != 30 (dim 0)
2023-04-20 06:36:00,757 INFO Negative OS: -0.17997316093242888 --- ticker GE --- day 2018-07-26 --- time 46800
2023-04-20 06:36:01,165 INFO Negative OS: -0.10513538195600591 --- ticker GE --- day 2018-07-27 --- time 41400
2023-04-20 06:36:01,975 INFO Negative OS: -1.1320856360377078 --- ticker GE --- day 2018-07-30 --- time 50400
2023-04-20 06:36:07,465 INFO Negative OS: -0.05027932960893833 --- ticker GE --- day 2018-08-03 --- time 46800
2023-04-20 06:36:25,699 INFO Error --- ticker GE --- day 2018-08-03 --- time 50400 --- shapes (180,31) and (30,) not aligned: 31 (dim 1) != 30 (dim 0)
2023-04-20 06:36:29,036 INFO Negative OS: -1.40461968948844 --- ticker GE --- day 2018-08-06 --- time 46800
2023-04-20 06:36:44,737 INFO Error --- ticker GE --- day 2018-08-08 --- time 50400 --- shapes (180,31) and (30,) not aligned: 31 (dim 1) != 30 (dim 0)
2023-04-20 06:37:03,318 INFO Error --- ticker GE --- day 2018-08-09 --- time 45000 --- shapes (180,31) and (30,) not aligned: 31 (dim 1) != 30 (dim 0)
2023-04-20 06:37:06,472 INFO Negative OS: -0.022346368715083553 --- ticker GE --- day 2018-08-09 --- time 48600
2023-04-20 06:37:09,362 INFO Negative OS: -0.0028089887640454503 --- ticker GE --- day 2018-08-09 --- time 50400
2023-04-20 06:37:13,392 INFO Negative OS: -1.264631106525354 --- ticker GE --- day 2018-08-13 --- time 48600
2023-04-20 06:37:14,020 INFO Negative OS: -0.1849028677084561 --- ticker GE --- day 2018-08-14 --- time 50400
2023-04-20 06:37:14,570 INFO Negative OS: -0.008917461174177355 --- ticker GE --- day 2018-08-15 --- time 48600
2023-04-20 06:37:15,492 INFO Negative OS: -0.029448960571282434 --- ticker GE --- day 2018-08-17 --- time 39600
2023-04-20 06:37:34,097 INFO Error --- ticker GE --- day 2018-08-17 --- time 45000 --- shapes (180,31) and (30,) not aligned: 31 (dim 1) != 30 (dim 0)
2023-04-20 06:37:37,611 INFO Negative OS: -0.580250620367978 --- ticker GE --- day 2018-08-20 --- time 48600
2023-04-20 06:37:40,803 INFO Negative OS: -0.0009293680297397522 --- ticker GE --- day 2018-08-20 --- time 52200
2023-04-20 06:37:52,607 INFO Negative OS: -2.2827365853540873 --- ticker GE --- day 2018-09-05 --- time 43200
2023-04-20 06:37:59,365 INFO Negative OS: -14.715128885272593 --- ticker GE --- day 2018-09-07 --- time 41400
2023-04-20 06:38:05,545 INFO Negative OS: -0.15104702430679384 --- ticker GE --- day 2018-09-13 --- time 48600
2023-04-20 06:38:13,783 INFO Negative OS: -0.6856121957786583 --- ticker GE --- day 2018-09-25 --- time 41400
2023-04-20 06:38:18,829 INFO Negative OS: -0.015518311607697344 --- ticker GE --- day 2018-09-28 --- time 43200
2023-04-20 06:38:40,566 INFO Negative OS: -0.045454314437473275 --- ticker GE --- day 2018-11-07 --- time 45000
2023-04-20 06:38:51,990 INFO Negative OS: -0.470229172920394 --- ticker GE --- day 2018-11-30 --- time 46800
2023-04-20 06:39:41,409 INFO Error --- ticker GE --- day 2019-02-19 --- time 46800 --- shapes (180,31) and (30,) not aligned: 31 (dim 1) != 30 (dim 0)
2023-04-20 06:39:58,146 INFO Error --- ticker GE --- day 2019-02-21 --- time 48600 --- shapes (180,31) and (30,) not aligned: 31 (dim 1) != 30 (dim 0)
2023-04-20 06:40:13,236 INFO Negative OS: -0.30369991560732656 --- ticker GE --- day 2019-03-27 --- time 43200
2023-04-20 06:40:17,050 INFO Negative OS: -0.007421150278292599 --- ticker GE --- day 2019-03-28 --- time 48600
2023-04-20 06:40:18,237 INFO Negative OS: -0.5449195943318501 --- ticker GE --- day 2019-04-01 --- time 50400
2023-04-20 06:40:27,513 INFO Negative OS: -0.1742988489937327 --- ticker GE --- day 2019-04-09 --- time 48600
2023-04-20 06:40:52,179 INFO Error --- ticker GE --- day 2019-04-18 --- time 52200 --- shapes (180,31) and (30,) not aligned: 31 (dim 1) != 30 (dim 0)
2023-04-20 06:41:18,937 INFO Negative OS: -2.8948089937939914 --- ticker GE --- day 2019-05-20 --- time 46800
2023-04-20 06:41:24,678 INFO Negative OS: -0.26963546706098795 --- ticker GE --- day 2019-05-28 --- time 48600
2023-04-20 06:41:43,152 INFO Negative OS: -3.3179159862583623 --- ticker GE --- day 2019-06-14 --- time 50400
2023-04-20 06:41:51,005 INFO Negative OS: -0.5782743166538074 --- ticker GE --- day 2019-06-28 --- time 41400
2023-04-20 06:41:54,102 INFO Negative OS: -1.1993479168434766 --- ticker GE --- day 2019-06-28 --- time 50400
2023-04-20 06:41:54,152 INFO Negative OS: -0.8867910657535147 --- ticker GE --- day 2019-06-28 --- time 52200
2023-04-20 06:42:13,376 INFO Error --- ticker GE --- day 2019-07-05 --- time 48600 --- shapes (180,31) and (30,) not aligned: 31 (dim 1) != 30 (dim 0)
2023-04-20 06:42:25,672 INFO Negative OS: -1.1025798594250174 --- ticker GE --- day 2019-07-16 --- time 46800
2023-04-20 06:42:41,892 INFO Error --- ticker GE --- day 2019-07-17 --- time 50400 --- shapes (180,31) and (30,) not aligned: 31 (dim 1) != 30 (dim 0)
2023-04-20 06:42:45,902 INFO Error --- ticker GE --- day 2019-07-19 --- time 46800 --- shapes (180,31) and (30,) not aligned: 31 (dim 1) != 30 (dim 0)
2023-04-20 06:42:50,313 INFO Negative OS: -4.20226029695034 --- ticker GE --- day 2019-07-24 --- time 50400
2023-04-20 06:43:01,374 INFO Negative OS: -5.288612601522999 --- ticker GE --- day 2019-07-30 --- time 48600
2023-04-20 06:43:21,167 INFO Error --- ticker GE --- day 2019-08-12 --- time 50400 --- shapes (180,31) and (30,) not aligned: 31 (dim 1) != 30 (dim 0)
2023-04-20 06:43:44,723 INFO Error --- ticker GE --- day 2019-08-30 --- time 48600 --- shapes (180,31) and (30,) not aligned: 31 (dim 1) != 30 (dim 0)
2023-04-20 06:43:52,272 INFO Negative OS: -0.09777237691730867 --- ticker GE --- day 2019-09-06 --- time 37800
2023-04-20 06:43:55,384 INFO Negative OS: -0.007421150278293265 --- ticker GE --- day 2019-09-06 --- time 39600
2023-04-20 06:44:24,353 INFO Error --- ticker GE --- day 2019-09-30 --- time 50400 --- shapes (180,31) and (30,) not aligned: 31 (dim 1) != 30 (dim 0)
2023-04-20 06:45:00,585 INFO Negative OS: -0.0013966480446923057 --- ticker GE --- day 2019-10-28 --- time 48600
2023-04-20 06:45:15,225 INFO Error --- ticker GE --- day 2019-10-28 --- time 52200 --- shapes (180,31) and (30,) not aligned: 31 (dim 1) != 30 (dim 0)
2023-04-20 06:45:23,327 INFO Negative OS: -0.0024829298572313085 --- ticker GE --- day 2019-11-08 --- time 52200
2023-04-20 06:45:41,087 INFO Error --- ticker GE --- day 2019-11-19 --- time 45000 --- shapes (180,31) and (30,) not aligned: 31 (dim 1) != 30 (dim 0)
2023-04-20 06:45:58,838 INFO Negative OS: -0.018414322250639215 --- ticker GE --- day 2019-11-29 --- time 36000
2023-04-20 06:45:59,561 INFO Negative OS: -0.8763239720156248 --- ticker GE --- day 2019-12-02 --- time 52200
2023-04-20 06:46:04,030 INFO in_r2: 0.9764985392409136 , std 0.07968118338780618 
2023-04-20 06:46:04,031 INFO os_r2: 0.877921975390425 , std 0.3611537782323686 
2023-04-20 06:46:04,031 INFO intercept: -5.063178341863532e-08 , std 4.01761258540781e-06 
2023-04-20 06:46:04,031 INFO ofi_add_1: 7.991438785548626e-05 , std 0.0001040148320459965 
2023-04-20 06:46:04,031 INFO ofi_add_2: 0.0006462443114922337 , std 0.000518670491971791 
2023-04-20 06:46:04,031 INFO ofi_add_3: 0.000312797232306953 , std 0.00039376548623429195 
2023-04-20 06:46:04,031 INFO ofi_add_4: 0.00025864044011892875 , std 0.0003564686944568142 
2023-04-20 06:46:04,031 INFO ofi_add_5: 0.00024179016706053237 , std 0.0003433539992480982 
2023-04-20 06:46:04,031 INFO ofi_add_6: 0.00020733986568885284 , std 0.0003145980165925602 
2023-04-20 06:46:04,031 INFO ofi_add_7: 0.00014365829753428826 , std 0.00025932301424229695 
2023-04-20 06:46:04,031 INFO ofi_add_8: 0.00012232038071999878 , std 0.00023376217306588616 
2023-04-20 06:46:04,031 INFO ofi_add_9: 0.00010306353895568606 , std 0.00021058306157393963 
2023-04-20 06:46:04,031 INFO ofi_add_10: 9.039506208159054e-05 , std 0.0001937509924432232 
2023-04-20 06:46:04,031 INFO ofi_cancel_1: 3.9122744264500936e-05 , std 7.123290856074758e-05 
2023-04-20 06:46:04,031 INFO ofi_cancel_2: 9.549090161487969e-05 , std 0.0002210656416218727 
2023-04-20 06:46:04,031 INFO ofi_cancel_3: 0.00018090728283706446 , std 0.0003398416200895188 
2023-04-20 06:46:04,031 INFO ofi_cancel_4: 0.00028033265108400615 , std 0.0004869534784161367 
2023-04-20 06:46:04,031 INFO ofi_cancel_5: 0.00017625259345104696 , std 0.00037207166580684734 
2023-04-20 06:46:04,031 INFO ofi_cancel_6: 0.00013914727847334692 , std 0.0003310029170083206 
2023-04-20 06:46:04,031 INFO ofi_cancel_7: 0.00011080061195888317 , std 0.00029885976888759943 
2023-04-20 06:46:04,031 INFO ofi_cancel_8: 8.033386854349212e-05 , std 0.00025048820567051045 
2023-04-20 06:46:04,031 INFO ofi_cancel_9: 5.0798018988414055e-05 , std 0.00017643861705949167 
2023-04-20 06:46:04,031 INFO ofi_cancel_10: 5.7669817990849534e-05 , std 0.00020805148150832654 
2023-04-20 06:46:04,031 INFO ofi_trade_1: 3.410579433715894e-05 , std 0.00013878316026989625 
2023-04-20 06:46:04,031 INFO ofi_trade_2: 0.0005469758013437696 , std 0.0005489929254981666 
2023-04-20 06:46:04,031 INFO ofi_trade_3: 0.0004156779334090161 , std 0.0005140365932074279 
2023-04-20 06:46:04,031 INFO ofi_trade_4: 0.00030996928668018767 , std 0.00042781325067737933 
2023-04-20 06:46:04,031 INFO ofi_trade_5: 0.00023474016987088328 , std 0.00035188324743174387 
2023-04-20 06:46:04,031 INFO ofi_trade_6: 0.00020360395099266025 , std 0.00032571835919824495 
2023-04-20 06:46:04,031 INFO ofi_trade_7: 0.0001559358380156762 , std 0.0002850565208231353 
2023-04-20 06:46:04,031 INFO ofi_trade_8: 0.0001294551297860248 , std 0.00025430272631941036 
2023-04-20 06:46:04,031 INFO ofi_trade_9: 0.00010641903720997678 , std 0.00022898122871539174 
2023-04-20 06:46:04,031 INFO ofi_trade_10: 9.919794576173605e-05 , std 0.00021421966936365001 
2023-04-20 06:46:04,031 INFO t_intercept: -0.04586954120401218 , std 1.1675334700802944 
2023-04-20 06:46:04,031 INFO t_ofi_add_1: 1.6420800819458232 , std 1.4025414197226054 
2023-04-20 06:46:04,031 INFO t_ofi_add_2: 4.1706363585316515 , std 2.4731820126745894 
2023-04-20 06:46:04,031 INFO t_ofi_add_3: 2.0371731000328643 , std 2.2873466649990535 
2023-04-20 06:46:04,031 INFO t_ofi_add_4: 1.5859072423482061 , std 2.164817930426349 
2023-04-20 06:46:04,031 INFO t_ofi_add_5: 1.456020125805838 , std 2.1831284472977956 
2023-04-20 06:46:04,031 INFO t_ofi_add_6: 1.443547471321023 , std 2.53680919487911 
2023-04-20 06:46:04,031 INFO t_ofi_add_7: 1.0396738380015176 , std 2.210756479936178 
2023-04-20 06:46:04,031 INFO t_ofi_add_8: 0.9585193213203054 , std 2.2045034979812668 
2023-04-20 06:46:04,031 INFO t_ofi_add_9: 0.8402452308264434 , std 2.0616914352708564 
2023-04-20 06:46:04,031 INFO t_ofi_add_10: 0.8417292138838625 , std 2.1446932990418883 
2023-04-20 06:46:04,031 INFO t_ofi_cancel_1: 0.8836478935963592 , std 1.2790808035586865 
2023-04-20 06:46:04,031 INFO t_ofi_cancel_2: 0.8955543796200375 , std 1.5937799186413582 
2023-04-20 06:46:04,031 INFO t_ofi_cancel_3: 1.0191250834608228 , std 1.6551607849872063 
2023-04-20 06:46:04,031 INFO t_ofi_cancel_4: 1.0557545284633945 , std 1.6416213734837681 
2023-04-20 06:46:04,031 INFO t_ofi_cancel_5: 0.7024678586184756 , std 1.40976439093844 
2023-04-20 06:46:04,032 INFO t_ofi_cancel_6: 0.554117202032151 , std 1.428892820529818 
2023-04-20 06:46:04,032 INFO t_ofi_cancel_7: 0.45128701165646956 , std 1.3395699136267631 
2023-04-20 06:46:04,032 INFO t_ofi_cancel_8: 0.36525315508810585 , std 1.2288954294474626 
2023-04-20 06:46:04,032 INFO t_ofi_cancel_9: 0.2812706270076963 , std 1.0922257429924016 
2023-04-20 06:46:04,032 INFO t_ofi_cancel_10: 0.30406322999474666 , std 1.1341409491035361 
2023-04-20 06:46:04,032 INFO t_ofi_trade_1: 0.20694438266914464 , std 0.6846755037532952 
2023-04-20 06:46:04,032 INFO t_ofi_trade_2: 2.4651779738298814 , std 3.075105393660936 
2023-04-20 06:46:04,032 INFO t_ofi_trade_3: 1.7336740175164262 , std 2.7135621301164097 
2023-04-20 06:46:04,032 INFO t_ofi_trade_4: 1.3909582529716344 , std 2.1661613954514056 
2023-04-20 06:46:04,032 INFO t_ofi_trade_5: 1.2190341545240584 , std 3.090155497395577 
2023-04-20 06:46:04,032 INFO t_ofi_trade_6: 1.3070412213499913 , std 2.5752863941440842 
2023-04-20 06:46:04,032 INFO t_ofi_trade_7: 0.9852295530516334 , std 2.296544883742071 
2023-04-20 06:46:04,032 INFO t_ofi_trade_8: 1.0259514755878565 , std 9.332119601905175 
2023-04-20 06:46:04,032 INFO t_ofi_trade_9: 0.9192071056192832 , std 9.433420716074496 
2023-04-20 06:46:04,032 INFO t_ofi_trade_10: 0.852656973839119 , std 2.29659791159784 
2023-04-20 06:46:04,032 INFO p_intercept: 0.46194366088401695 , std 0.29905212536649534 
2023-04-20 06:46:04,032 INFO p_ofi_add_1: 0.3212719464479736 , std 0.33001411024499205 
2023-04-20 06:46:04,032 INFO p_ofi_add_2: 0.07321291168690647 , std 0.20397211912034835 
2023-04-20 06:46:04,032 INFO p_ofi_add_3: 0.41941801005994805 , std 0.4511372300118105 
2023-04-20 06:46:04,032 INFO p_ofi_add_4: 0.5178504320635734 , std 0.45062927097625244 
2023-04-20 06:46:04,032 INFO p_ofi_add_5: 0.5571688190621278 , std 0.44753062065569454 
2023-04-20 06:46:04,032 INFO p_ofi_add_6: 0.6124994457132961 , std 0.44147326337742665 
2023-04-20 06:46:04,032 INFO p_ofi_add_7: 0.6973707938739385 , std 0.41387635661483146 
2023-04-20 06:46:04,032 INFO p_ofi_add_8: 0.7319956932780409 , std 0.40161269637323477 
2023-04-20 06:46:04,032 INFO p_ofi_add_9: 0.764212513179273 , std 0.3863650017994445 
2023-04-20 06:46:04,032 INFO p_ofi_add_10: 0.7801924642094358 , std 0.37864113926286685 
2023-04-20 06:46:04,032 INFO p_ofi_cancel_1: 0.5989391220031381 , std 0.4160101402949113 
2023-04-20 06:46:04,032 INFO p_ofi_cancel_2: 0.6662798119691299 , std 0.4320574768283014 
2023-04-20 06:46:04,032 INFO p_ofi_cancel_3: 0.657839551733041 , std 0.4369042547645207 
2023-04-20 06:46:04,032 INFO p_ofi_cancel_4: 0.6423272432901477 , std 0.4413483531778655 
2023-04-20 06:46:04,032 INFO p_ofi_cancel_5: 0.7469759649002005 , std 0.39653876907834384 
2023-04-20 06:46:04,032 INFO p_ofi_cancel_6: 0.8178784369929264 , std 0.35385914821541004 
2023-04-20 06:46:04,032 INFO p_ofi_cancel_7: 0.8496882151742013 , std 0.3268584990312171 
2023-04-20 06:46:04,032 INFO p_ofi_cancel_8: 0.8821961390512119 , std 0.29770635214982816 
2023-04-20 06:46:04,032 INFO p_ofi_cancel_9: 0.9067881242359707 , std 0.2687394822497105 
2023-04-20 06:46:04,032 INFO p_ofi_cancel_10: 0.9030242604255213 , std 0.27321257671080035 
2023-04-20 06:46:04,032 INFO p_ofi_trade_1: 0.899042110612667 , std 0.2651309559160517 
2023-04-20 06:46:04,032 INFO p_ofi_trade_2: 0.3480939542724689 , std 0.41633121182251015 
2023-04-20 06:46:04,032 INFO p_ofi_trade_3: 0.4831004221839921 , std 0.44308451321766007 
2023-04-20 06:46:04,032 INFO p_ofi_trade_4: 0.5649523579859617 , std 0.43919112790583614 
2023-04-20 06:46:04,032 INFO p_ofi_trade_5: 0.6311670335502326 , std 0.42808974763215535 
2023-04-20 06:46:04,032 INFO p_ofi_trade_6: 0.6616003363886201 , std 0.43019604443093834 
2023-04-20 06:46:04,032 INFO p_ofi_trade_7: 0.7267506843396848 , std 0.4021720949235054 
2023-04-20 06:46:04,032 INFO p_ofi_trade_8: 0.7526473262729564 , std 0.3916241674901533 
2023-04-20 06:46:04,032 INFO p_ofi_trade_9: 0.7846637779503473 , std 0.37485783877005374 
2023-04-20 06:46:04,032 INFO p_ofi_trade_10: 0.7911536849987507 , std 0.3735649382475879 
