2023-04-20 05:03:03,952 INFO Tickers: ['GOOGL']
2023-04-20 05:03:38,093 INFO Negative OS: -0.08498675708225711 --- ticker GOOGL --- day 2017-03-03 --- time 52200
2023-04-20 05:03:44,627 INFO Negative OS: -1.5068076899027396 --- ticker GOOGL --- day 2017-03-08 --- time 39600
2023-04-20 05:03:49,373 INFO Negative OS: -0.24186070131777182 --- ticker GOOGL --- day 2017-03-15 --- time 39600
2023-04-20 05:04:15,118 INFO Negative OS: -0.15615905135827468 --- ticker GOOGL --- day 2017-05-01 --- time 37800
2023-04-20 05:04:16,058 INFO Negative OS: -0.012240503917566592 --- ticker GOOGL --- day 2017-05-02 --- time 36000
2023-04-20 05:04:26,653 INFO Negative OS: -0.03193891541198446 --- ticker GOOGL --- day 2017-05-11 --- time 50400
2023-04-20 05:04:38,894 INFO Negative OS: -0.29047493080296816 --- ticker GOOGL --- day 2017-05-30 --- time 39600
2023-04-20 05:04:44,739 INFO Negative OS: -0.27839696931399316 --- ticker GOOGL --- day 2017-06-06 --- time 36000
2023-04-20 05:05:20,701 INFO Negative OS: -0.15953090376101442 --- ticker GOOGL --- day 2017-07-13 --- time 41400
2023-04-20 05:05:26,958 INFO Negative OS: -0.5091346023499488 --- ticker GOOGL --- day 2017-07-21 --- time 36000
2023-04-20 05:05:31,080 INFO Negative OS: -3.752660289165868 --- ticker GOOGL --- day 2017-07-26 --- time 36000
2023-04-20 05:05:35,444 INFO Negative OS: -0.2663586544836407 --- ticker GOOGL --- day 2017-07-26 --- time 52200
2023-04-20 05:05:41,559 INFO Negative OS: -0.06936693787241355 --- ticker GOOGL --- day 2017-07-31 --- time 43200
2023-04-20 05:05:48,400 INFO Negative OS: -0.3235985012567244 --- ticker GOOGL --- day 2017-08-03 --- time 45000
2023-04-20 05:05:57,432 INFO Negative OS: -0.35631336875357245 --- ticker GOOGL --- day 2017-08-11 --- time 46800
2023-04-20 05:05:57,756 INFO Negative OS: -1.0981124993798765 --- ticker GOOGL --- day 2017-08-11 --- time 48600
2023-04-20 05:06:00,632 INFO Negative OS: -0.1255172470725292 --- ticker GOOGL --- day 2017-08-16 --- time 37800
2023-04-20 05:06:07,911 INFO Negative OS: -0.2989545482609297 --- ticker GOOGL --- day 2017-08-18 --- time 50400
2023-04-20 05:06:12,383 INFO Negative OS: -0.24930405266985045 --- ticker GOOGL --- day 2017-08-25 --- time 41400
2023-04-20 05:06:30,124 INFO Negative OS: -0.1795544716202344 --- ticker GOOGL --- day 2017-09-15 --- time 48600
2023-04-20 05:06:43,329 INFO Negative OS: -0.39680281255223804 --- ticker GOOGL --- day 2017-09-29 --- time 36000
2023-04-20 05:06:49,229 INFO Negative OS: -0.10272446506082367 --- ticker GOOGL --- day 2017-10-06 --- time 41400
2023-04-20 05:06:59,764 INFO Negative OS: -0.2063999410218249 --- ticker GOOGL --- day 2017-10-20 --- time 36000
2023-04-20 05:07:03,842 INFO Negative OS: -0.38543376827965203 --- ticker GOOGL --- day 2017-10-25 --- time 41400
2023-04-20 05:07:29,922 INFO Negative OS: -1.290440125275758 --- ticker GOOGL --- day 2017-11-16 --- time 41400
2023-04-20 05:07:32,355 INFO Negative OS: -0.011653110360080543 --- ticker GOOGL --- day 2017-11-21 --- time 36000
2023-04-20 05:07:33,133 INFO Negative OS: -0.1028887206654805 --- ticker GOOGL --- day 2017-11-24 --- time 36000
2023-04-20 05:07:55,233 INFO Negative OS: -0.06292938581826801 --- ticker GOOGL --- day 2017-12-12 --- time 37800
2023-04-20 05:08:05,422 INFO Negative OS: -0.005797195298102187 --- ticker GOOGL --- day 2017-12-15 --- time 41400
2023-04-20 05:08:10,624 INFO Negative OS: -0.06291830158066469 --- ticker GOOGL --- day 2017-12-19 --- time 48600
2023-04-20 05:08:17,106 INFO Negative OS: -0.5377885755039402 --- ticker GOOGL --- day 2017-12-21 --- time 37800
2023-04-20 05:08:22,847 INFO Negative OS: -3.9028076004730803 --- ticker GOOGL --- day 2017-12-21 --- time 46800
2023-04-20 05:08:23,437 INFO Negative OS: -6.709812730754459 --- ticker GOOGL --- day 2017-12-21 --- time 52200
2023-04-20 05:08:25,252 INFO Negative OS: -0.3366482629007481 --- ticker GOOGL --- day 2017-12-26 --- time 36000
2023-04-20 05:08:29,022 INFO Negative OS: -2.8251608880392935 --- ticker GOOGL --- day 2017-12-27 --- time 48600
2023-04-20 05:08:37,912 INFO Negative OS: -0.40874096893515155 --- ticker GOOGL --- day 2017-12-28 --- time 45000
2023-04-20 05:08:39,290 INFO Negative OS: -0.366448942431733 --- ticker GOOGL --- day 2017-12-29 --- time 46800
2023-04-20 05:08:43,413 INFO Negative OS: -3.267291731146008 --- ticker GOOGL --- day 2018-01-03 --- time 39600
2023-04-20 05:08:45,387 INFO Negative OS: -0.6221590083247766 --- ticker GOOGL --- day 2018-01-03 --- time 41400
2023-04-20 05:08:54,908 INFO Negative OS: -0.027644299798984973 --- ticker GOOGL --- day 2018-01-03 --- time 43200
2023-04-20 05:08:57,300 INFO Negative OS: -9.442824682961946 --- ticker GOOGL --- day 2018-01-03 --- time 50400
2023-04-20 05:09:11,289 INFO Negative OS: -3.0545411034410126 --- ticker GOOGL --- day 2018-01-08 --- time 52200
2023-04-20 05:09:24,547 INFO Negative OS: -0.0009954002764707148 --- ticker GOOGL --- day 2018-01-09 --- time 43200
2023-04-20 05:09:41,737 INFO Negative OS: -1.050110259285442 --- ticker GOOGL --- day 2018-01-16 --- time 41400
2023-04-20 05:10:08,719 INFO Negative OS: -0.07808583026167493 --- ticker GOOGL --- day 2018-01-19 --- time 52200
2023-04-20 05:10:11,213 INFO Negative OS: -3.5338924448239952 --- ticker GOOGL --- day 2018-01-22 --- time 43200
2023-04-20 05:10:15,039 INFO Negative OS: -0.057855298669171384 --- ticker GOOGL --- day 2018-01-22 --- time 45000
2023-04-20 05:10:24,212 INFO Negative OS: -0.32150040649901146 --- ticker GOOGL --- day 2018-01-22 --- time 50400
2023-04-20 05:10:27,560 INFO Negative OS: -0.0020330316144552274 --- ticker GOOGL --- day 2018-01-22 --- time 52200
2023-04-20 05:11:09,954 INFO Negative OS: -0.49069120676804934 --- ticker GOOGL --- day 2018-01-25 --- time 41400
2023-04-20 05:11:12,888 INFO Negative OS: -0.0543247594650611 --- ticker GOOGL --- day 2018-01-25 --- time 50400
2023-04-20 05:11:15,508 INFO Negative OS: -0.002821604912141229 --- ticker GOOGL --- day 2018-01-26 --- time 36000
2023-04-20 05:11:31,046 INFO Negative OS: -0.08425815110526047 --- ticker GOOGL --- day 2018-01-29 --- time 45000
2023-04-20 05:11:36,511 INFO Negative OS: -0.037020627045424526 --- ticker GOOGL --- day 2018-01-30 --- time 46800
2023-04-20 05:11:38,035 INFO Negative OS: -0.1197849773686055 --- ticker GOOGL --- day 2018-01-30 --- time 52200
2023-04-20 05:12:18,702 INFO Negative OS: -0.033845084256128644 --- ticker GOOGL --- day 2018-02-15 --- time 48600
2023-04-20 05:12:48,366 INFO Negative OS: -2.25894485582279 --- ticker GOOGL --- day 2018-03-05 --- time 45000
2023-04-20 05:12:53,722 INFO Negative OS: -0.7269888090505234 --- ticker GOOGL --- day 2018-03-06 --- time 48600
2023-04-20 05:13:01,878 INFO Negative OS: -4.852013585621151e-05 --- ticker GOOGL --- day 2018-03-06 --- time 50400
2023-04-20 05:13:09,485 INFO Negative OS: -0.46304491893584965 --- ticker GOOGL --- day 2018-03-08 --- time 48600
2023-04-20 05:13:14,576 INFO Negative OS: -1.5045975841933412 --- ticker GOOGL --- day 2018-03-09 --- time 50400
2023-04-20 05:13:19,958 INFO Negative OS: -1.3093475995748403 --- ticker GOOGL --- day 2018-03-12 --- time 52200
2023-04-20 05:13:26,613 INFO Negative OS: -6.203889278052741 --- ticker GOOGL --- day 2018-03-14 --- time 45000
2023-04-20 05:13:36,171 INFO Negative OS: -0.5006921212245152 --- ticker GOOGL --- day 2018-03-15 --- time 37800
2023-04-20 05:13:54,257 INFO Negative OS: -0.03242625251622511 --- ticker GOOGL --- day 2018-03-20 --- time 52200
2023-04-20 05:14:08,032 INFO Negative OS: -1.7679006421000651 --- ticker GOOGL --- day 2018-03-26 --- time 50400
2023-04-20 05:14:11,308 INFO Negative OS: -0.0006967551119072546 --- ticker GOOGL --- day 2018-03-26 --- time 52200
2023-04-20 05:15:08,771 INFO Negative OS: -18.59865344076333 --- ticker GOOGL --- day 2018-04-17 --- time 52200
2023-04-20 05:15:47,210 INFO Negative OS: -0.4542157723059439 --- ticker GOOGL --- day 2018-05-01 --- time 46800
2023-04-20 05:16:26,413 INFO Negative OS: -0.33682950048357396 --- ticker GOOGL --- day 2018-05-09 --- time 41400
2023-04-20 05:16:32,175 INFO Negative OS: -0.17915019171076563 --- ticker GOOGL --- day 2018-05-10 --- time 45000
2023-04-20 05:16:45,876 INFO Negative OS: -0.09324847489843657 --- ticker GOOGL --- day 2018-05-14 --- time 45000
2023-04-20 05:17:13,005 INFO Negative OS: -0.0033267906450651363 --- ticker GOOGL --- day 2018-05-18 --- time 48600
2023-04-20 05:17:25,299 INFO Negative OS: -0.5719789177801757 --- ticker GOOGL --- day 2018-05-23 --- time 46800
2023-04-20 05:18:51,844 INFO Negative OS: -0.6924966205400085 --- ticker GOOGL --- day 2018-06-15 --- time 48600
2023-04-20 05:19:02,278 INFO Negative OS: -0.022598201928104578 --- ticker GOOGL --- day 2018-06-19 --- time 43200
2023-04-20 05:19:45,887 INFO Negative OS: -0.04038775330707156 --- ticker GOOGL --- day 2018-06-27 --- time 43200
2023-04-20 05:20:42,249 INFO Negative OS: -0.150231407764859 --- ticker GOOGL --- day 2018-07-06 --- time 43200
2023-04-20 05:20:45,305 INFO Negative OS: -0.004154649086664186 --- ticker GOOGL --- day 2018-07-06 --- time 48600
2023-04-20 05:21:00,278 INFO Negative OS: -0.012683266465835619 --- ticker GOOGL --- day 2018-07-10 --- time 43200
2023-04-20 05:22:07,568 INFO Negative OS: -0.27784615176429894 --- ticker GOOGL --- day 2018-07-18 --- time 39600
2023-04-20 05:22:10,214 INFO Negative OS: -0.07186655954358434 --- ticker GOOGL --- day 2018-07-18 --- time 43200
2023-04-20 05:22:39,233 INFO Negative OS: -1.8951839283529366 --- ticker GOOGL --- day 2018-07-20 --- time 46800
2023-04-20 05:22:43,468 INFO Negative OS: -0.0078353610340689 --- ticker GOOGL --- day 2018-07-20 --- time 48600
2023-04-20 05:25:48,039 INFO Negative OS: -0.5135078123254739 --- ticker GOOGL --- day 2018-09-05 --- time 43200
2023-04-20 05:27:33,497 INFO Negative OS: -0.007867301121861292 --- ticker GOOGL --- day 2018-09-18 --- time 37800
2023-04-20 05:28:08,016 INFO Negative OS: -4.500836947939828 --- ticker GOOGL --- day 2018-09-26 --- time 46800
2023-04-20 05:28:27,757 INFO Negative OS: -0.056268363940013666 --- ticker GOOGL --- day 2018-09-26 --- time 50400
2023-04-20 05:28:32,950 INFO Negative OS: -0.0005891980360066551 --- ticker GOOGL --- day 2018-09-28 --- time 43200
2023-04-20 05:28:53,725 INFO Negative OS: -0.49592567319527325 --- ticker GOOGL --- day 2018-10-02 --- time 46800
2023-04-20 05:28:59,322 INFO Negative OS: -0.09575411468848216 --- ticker GOOGL --- day 2018-10-03 --- time 41400
2023-04-20 05:29:00,499 INFO Negative OS: -1.6647470839392433 --- ticker GOOGL --- day 2018-10-03 --- time 46800
2023-04-20 05:29:08,871 INFO Negative OS: -0.08213304604283578 --- ticker GOOGL --- day 2018-10-05 --- time 39600
2023-04-20 05:29:42,558 INFO Negative OS: -0.12745792118193955 --- ticker GOOGL --- day 2018-10-10 --- time 37800
2023-04-20 05:38:30,319 INFO Negative OS: -0.567859627774677 --- ticker GOOGL --- day 2019-03-01 --- time 46800
2023-04-20 05:39:14,276 INFO Negative OS: -0.06037534942634504 --- ticker GOOGL --- day 2019-03-15 --- time 43200
2023-04-20 05:39:21,674 INFO Negative OS: -0.6251257744405858 --- ticker GOOGL --- day 2019-03-19 --- time 36000
2023-04-20 05:39:58,989 INFO Negative OS: -0.971175907612545 --- ticker GOOGL --- day 2019-03-29 --- time 36000
2023-04-20 05:40:40,156 INFO Negative OS: -0.21575443095247704 --- ticker GOOGL --- day 2019-04-12 --- time 43200
2023-04-20 05:41:25,809 INFO Negative OS: -0.8653466108717573 --- ticker GOOGL --- day 2019-05-01 --- time 41400
2023-04-20 05:45:15,432 INFO Negative OS: -0.06006472144961528 --- ticker GOOGL --- day 2019-08-08 --- time 41400
2023-04-20 05:46:08,853 INFO Negative OS: -0.36785546365687716 --- ticker GOOGL --- day 2019-08-29 --- time 45000
2023-04-20 05:48:04,044 INFO Negative OS: -0.20113451589871967 --- ticker GOOGL --- day 2019-10-14 --- time 48600
2023-04-20 05:49:17,117 INFO Negative OS: -8.16459212445314 --- ticker GOOGL --- day 2019-11-06 --- time 50400
2023-04-20 05:49:49,119 INFO Negative OS: -0.13285386708804792 --- ticker GOOGL --- day 2019-11-15 --- time 37800
2023-04-20 05:50:28,266 INFO Negative OS: -0.1446697067817675 --- ticker GOOGL --- day 2019-11-29 --- time 39600
2023-04-20 05:50:40,630 INFO Negative OS: -0.31213111319845144 --- ticker GOOGL --- day 2019-12-04 --- time 46800
2023-04-20 05:50:46,020 INFO Negative OS: -0.030558067379754972 --- ticker GOOGL --- day 2019-12-04 --- time 50400
2023-04-20 05:50:52,079 INFO Negative OS: -0.11619681806490911 --- ticker GOOGL --- day 2019-12-05 --- time 52200
2023-04-20 05:51:03,219 INFO Negative OS: -0.1183258181686162 --- ticker GOOGL --- day 2019-12-11 --- time 45000
2023-04-20 05:51:04,447 INFO Negative OS: -0.10353675027123388 --- ticker GOOGL --- day 2019-12-11 --- time 52200
2023-04-20 05:51:13,215 INFO in_r2: 0.7593811521567173 , std 0.10595324513598851 
2023-04-20 05:51:13,215 INFO os_r2: 0.6056749424413623 , std 0.39775639055648265 
2023-04-20 05:51:13,215 INFO intercept: 1.000038234465584e-06 , std 1.153618600531418e-05 
2023-04-20 05:51:13,215 INFO ofi_add_1: 1.5895437727518097e-05 , std 2.165278938581758e-05 
2023-04-20 05:51:13,215 INFO ofi_add_2: 2.8377390393357157e-05 , std 2.6240974354698056e-05 
2023-04-20 05:51:13,216 INFO ofi_add_3: 2.8407186365753336e-05 , std 2.6819618093189144e-05 
2023-04-20 05:51:13,216 INFO ofi_add_4: 2.4303066952066305e-05 , std 2.535787878374877e-05 
2023-04-20 05:51:13,216 INFO ofi_add_5: 2.0547110749839202e-05 , std 2.4049806234695463e-05 
2023-04-20 05:51:13,216 INFO ofi_add_6: 1.8361701051153238e-05 , std 2.2661133049640907e-05 
2023-04-20 05:51:13,216 INFO ofi_add_7: 1.666972663862657e-05 , std 2.1881226886852282e-05 
2023-04-20 05:51:13,216 INFO ofi_add_8: 1.5424678043805232e-05 , std 2.144639004750246e-05 
2023-04-20 05:51:13,216 INFO ofi_add_9: 1.5658222486783444e-05 , std 2.295250782328205e-05 
2023-04-20 05:51:13,216 INFO ofi_add_10: 2.185855973846973e-05 , std 2.6490822889801095e-05 
2023-04-20 05:51:13,216 INFO ofi_cancel_1: 1.832860845527627e-05 , std 2.5932581837796786e-05 
2023-04-20 05:51:13,216 INFO ofi_cancel_2: 2.8304492480818928e-05 , std 2.7731460960086575e-05 
2023-04-20 05:51:13,216 INFO ofi_cancel_3: 2.782303001221489e-05 , std 2.773032556466326e-05 
2023-04-20 05:51:13,216 INFO ofi_cancel_4: 2.328520718555525e-05 , std 2.5923408531402205e-05 
2023-04-20 05:51:13,216 INFO ofi_cancel_5: 2.0040936686314275e-05 , std 2.436434171214954e-05 
2023-04-20 05:51:13,216 INFO ofi_cancel_6: 1.789935086919512e-05 , std 2.282136943897038e-05 
2023-04-20 05:51:13,216 INFO ofi_cancel_7: 1.6592224243644442e-05 , std 2.2152345442867098e-05 
2023-04-20 05:51:13,216 INFO ofi_cancel_8: 1.5054831026797878e-05 , std 2.169224349564086e-05 
2023-04-20 05:51:13,216 INFO ofi_cancel_9: 1.5602948788625327e-05 , std 2.309512726210288e-05 
2023-04-20 05:51:13,216 INFO ofi_cancel_10: 2.16788563393209e-05 , std 2.6800460794902626e-05 
2023-04-20 05:51:13,216 INFO ofi_trade_1: 5.663320643082963e-05 , std 5.799352703672298e-05 
2023-04-20 05:51:13,216 INFO ofi_trade_2: 2.815992669236192e-05 , std 4.49023565169589e-05 
2023-04-20 05:51:13,216 INFO ofi_trade_3: 2.273526856942808e-05 , std 4.3162898691822556e-05 
2023-04-20 05:51:13,216 INFO ofi_trade_4: 2.112824051162669e-05 , std 4.2165865200754025e-05 
2023-04-20 05:51:13,216 INFO ofi_trade_5: 2.1471519379186264e-05 , std 4.295366992025416e-05 
2023-04-20 05:51:13,216 INFO ofi_trade_6: 2.34650060924473e-05 , std 4.533776357060125e-05 
2023-04-20 05:51:13,216 INFO ofi_trade_7: 2.5360280324372938e-05 , std 4.6554607303717814e-05 
2023-04-20 05:51:13,216 INFO ofi_trade_8: 2.793875854756206e-05 , std 4.8344120258458556e-05 
2023-04-20 05:51:13,216 INFO ofi_trade_9: 3.165763640414829e-05 , std 5.139855788977319e-05 
2023-04-20 05:51:13,216 INFO ofi_trade_10: 4.39423865482989e-05 , std 5.735142744045794e-05 
2023-04-20 05:51:13,216 INFO t_intercept: 0.06894324498939802 , std 1.060711428588305 
2023-04-20 05:51:13,216 INFO t_ofi_add_1: 0.9966228261898691 , std 1.138752537764666 
2023-04-20 05:51:13,216 INFO t_ofi_add_2: 1.239679306801606 , std 1.038233212358012 
2023-04-20 05:51:13,216 INFO t_ofi_add_3: 1.0846201481635254 , std 0.923800522259733 
2023-04-20 05:51:13,216 INFO t_ofi_add_4: 0.8837030534870428 , std 0.8526614775091677 
2023-04-20 05:51:13,216 INFO t_ofi_add_5: 0.7228097002550814 , std 0.7828373350453814 
2023-04-20 05:51:13,216 INFO t_ofi_add_6: 0.6297683549993756 , std 0.7347867803262988 
2023-04-20 05:51:13,216 INFO t_ofi_add_7: 0.5684449952176813 , std 0.7007120386949873 
2023-04-20 05:51:13,216 INFO t_ofi_add_8: 0.514547745535939 , std 0.6671994634807278 
2023-04-20 05:51:13,216 INFO t_ofi_add_9: 0.5204088949140145 , std 0.6980173733153846 
2023-04-20 05:51:13,216 INFO t_ofi_add_10: 0.8763181800450759 , std 0.9473114361440663 
2023-04-20 05:51:13,216 INFO t_ofi_cancel_1: 0.9075533836744069 , std 1.0783192246166284 
2023-04-20 05:51:13,216 INFO t_ofi_cancel_2: 1.2165262360923335 , std 1.0798544361323887 
2023-04-20 05:51:13,216 INFO t_ofi_cancel_3: 1.0495266716985763 , std 0.9501572211678181 
2023-04-20 05:51:13,216 INFO t_ofi_cancel_4: 0.8382255069421375 , std 0.8651882204996449 
2023-04-20 05:51:13,216 INFO t_ofi_cancel_5: 0.6981771482408398 , std 0.7902744581453186 
2023-04-20 05:51:13,216 INFO t_ofi_cancel_6: 0.6075243651510881 , std 0.7373776653216497 
2023-04-20 05:51:13,216 INFO t_ofi_cancel_7: 0.5571417099577844 , std 0.6980736250818174 
2023-04-20 05:51:13,216 INFO t_ofi_cancel_8: 0.4983353115198806 , std 0.6713267607038558 
2023-04-20 05:51:13,216 INFO t_ofi_cancel_9: 0.5150583183036448 , std 0.6989589704673794 
2023-04-20 05:51:13,216 INFO t_ofi_cancel_10: 0.8561610602691131 , std 0.9488688193634838 
2023-04-20 05:51:13,216 INFO t_ofi_trade_1: 1.2735428177070383 , std 1.183877539313602 
2023-04-20 05:51:13,216 INFO t_ofi_trade_2: 0.5368019243928259 , std 0.8133845279404373 
2023-04-20 05:51:13,216 INFO t_ofi_trade_3: 0.4022593109250971 , std 0.7212959165199911 
2023-04-20 05:51:13,217 INFO t_ofi_trade_4: 0.3641226120385117 , std 0.6871743439004813 
2023-04-20 05:51:13,217 INFO t_ofi_trade_5: 0.3402369661326243 , std 0.6499170773693317 
2023-04-20 05:51:13,217 INFO t_ofi_trade_6: 0.3620906648162106 , std 0.6602110365825894 
2023-04-20 05:51:13,217 INFO t_ofi_trade_7: 0.3847304674056936 , std 0.65866408195386 
2023-04-20 05:51:13,217 INFO t_ofi_trade_8: 0.4267254284924741 , std 0.7029671679059749 
2023-04-20 05:51:13,217 INFO t_ofi_trade_9: 0.4805084713587924 , std 0.7258354058334376 
2023-04-20 05:51:13,217 INFO t_ofi_trade_10: 0.7549861376192304 , std 0.8973083210352252 
2023-04-20 05:51:13,217 INFO p_intercept: 0.4858311852230331 , std 0.2938849736541643 
2023-04-20 05:51:13,217 INFO p_ofi_add_1: 0.46275488880143584 , std 0.3754705649018768 
2023-04-20 05:51:13,217 INFO p_ofi_add_2: 0.3849085333143702 , std 0.35466201757132726 
2023-04-20 05:51:13,217 INFO p_ofi_add_3: 0.42476915753257544 , std 0.349838093750506 
2023-04-20 05:51:13,217 INFO p_ofi_add_4: 0.5007308999821766 , std 0.3521221656893102 
2023-04-20 05:51:13,217 INFO p_ofi_add_5: 0.5673421966339841 , std 0.3474130444455226 
2023-04-20 05:51:13,217 INFO p_ofi_add_6: 0.60636031212101 , std 0.33764006532263696 
2023-04-20 05:51:13,217 INFO p_ofi_add_7: 0.6335375820362719 , std 0.33400641781441376 
2023-04-20 05:51:13,217 INFO p_ofi_add_8: 0.6596209079625424 , std 0.3255164415901193 
2023-04-20 05:51:13,217 INFO p_ofi_add_9: 0.6579680439511796 , std 0.3313842462430651 
2023-04-20 05:51:13,217 INFO p_ofi_add_10: 0.5196901505951368 , std 0.37036292219836486 
2023-04-20 05:51:13,217 INFO p_ofi_cancel_1: 0.5096478364572572 , std 0.3894740724773744 
2023-04-20 05:51:13,217 INFO p_ofi_cancel_2: 0.4049325650218609 , std 0.37044067665136693 
2023-04-20 05:51:13,217 INFO p_ofi_cancel_3: 0.44796587559715967 , std 0.3658695806383099 
2023-04-20 05:51:13,217 INFO p_ofi_cancel_4: 0.5250558260924773 , std 0.363067084605089 
2023-04-20 05:51:13,217 INFO p_ofi_cancel_5: 0.5855984775630306 , std 0.3542201063698591 
2023-04-20 05:51:13,217 INFO p_ofi_cancel_6: 0.6215589770803042 , std 0.34334479494260933 
2023-04-20 05:51:13,217 INFO p_ofi_cancel_7: 0.6386559536485552 , std 0.33358782154888683 
2023-04-20 05:51:13,217 INFO p_ofi_cancel_8: 0.6684705475924567 , std 0.32691936112122205 
2023-04-20 05:51:13,217 INFO p_ofi_cancel_9: 0.6628207413900142 , std 0.3332822459276229 
2023-04-20 05:51:13,217 INFO p_ofi_cancel_10: 0.5286373364966334 , std 0.373988785639786 
2023-04-20 05:51:13,217 INFO p_ofi_trade_1: 0.40995894953392503 , std 0.39017512093686435 
2023-04-20 05:51:13,217 INFO p_ofi_trade_2: 0.6716070039448299 , std 0.367183415146329 
2023-04-20 05:51:13,217 INFO p_ofi_trade_3: 0.731916403299802 , std 0.3411159820331949 
2023-04-20 05:51:13,217 INFO p_ofi_trade_4: 0.7583708559952678 , std 0.33159433744361905 
2023-04-20 05:51:13,217 INFO p_ofi_trade_5: 0.7680127450526464 , std 0.3220457019288611 
2023-04-20 05:51:13,217 INFO p_ofi_trade_6: 0.7567491515815384 , std 0.32879770526272234 
2023-04-20 05:51:13,217 INFO p_ofi_trade_7: 0.7447454933295027 , std 0.33093573117793684 
2023-04-20 05:51:13,217 INFO p_ofi_trade_8: 0.7271417685548571 , std 0.34228012780679945 
2023-04-20 05:51:13,217 INFO p_ofi_trade_9: 0.6977290645365941 , std 0.34945820416598306 
2023-04-20 05:51:13,217 INFO p_ofi_trade_10: 0.5804675025398691 , std 0.3840813121015966 
