2023-04-20 06:03:33,215 INFO Tickers: ['PM']
2023-04-20 06:05:14,008 INFO Negative OS: -0.12654824733679337 --- ticker PM --- day 2017-07-28 --- time 37800
2023-04-20 06:06:12,138 INFO Negative OS: -0.11536178556594967 --- ticker PM --- day 2017-11-30 --- time 41400
2023-04-20 06:06:12,371 INFO Negative OS: -0.11787200993102087 --- ticker PM --- day 2017-11-30 --- time 46800
2023-04-20 06:06:29,134 INFO Negative OS: -0.660592431902377 --- ticker PM --- day 2018-01-17 --- time 50400
2023-04-20 06:06:49,581 INFO Negative OS: -1.7528225774105048 --- ticker PM --- day 2018-02-08 --- time 46800
2023-04-20 06:07:00,136 INFO Negative OS: -1.5195544468275224 --- ticker PM --- day 2018-02-14 --- time 50400
2023-04-20 06:08:18,216 INFO Negative OS: -2.853332014378908 --- ticker PM --- day 2018-08-03 --- time 36000
2023-04-20 06:09:03,636 INFO Negative OS: -0.5239368807507234 --- ticker PM --- day 2018-11-06 --- time 41400
2023-04-20 06:09:07,431 INFO Negative OS: -0.8972893805891835 --- ticker PM --- day 2018-11-06 --- time 43200
2023-04-20 06:09:53,043 INFO Negative OS: -0.3543196449788706 --- ticker PM --- day 2019-02-07 --- time 43200
2023-04-20 06:11:15,719 INFO Negative OS: -0.5713142166861138 --- ticker PM --- day 2019-07-24 --- time 43200
2023-04-20 06:11:21,595 INFO Negative OS: -0.001330451888031492 --- ticker PM --- day 2019-07-24 --- time 45000
2023-04-20 06:11:55,073 INFO Negative OS: -4.142378971767304 --- ticker PM --- day 2019-09-06 --- time 41400
2023-04-20 06:12:41,086 INFO in_r2: 0.9066528917599763 , std 0.053021770973196665 
2023-04-20 06:12:41,087 INFO os_r2: 0.8656021175627857 , std 0.12920841320994203 
2023-04-20 06:12:41,087 INFO intercept: -1.8509881868846328e-07 , std 6.769851488364544e-06 
2023-04-20 06:12:41,087 INFO ofi_add_1: 7.948817831967033e-05 , std 6.323103879754514e-05 
2023-04-20 06:12:41,087 INFO ofi_add_2: 0.00010001907321578263 , std 6.47369205611708e-05 
2023-04-20 06:12:41,087 INFO ofi_add_3: 7.056575828907591e-05 , std 5.2032811051382236e-05 
2023-04-20 06:12:41,087 INFO ofi_add_4: 6.073341219501022e-05 , std 4.761378332486756e-05 
2023-04-20 06:12:41,087 INFO ofi_add_5: 4.9140856742652435e-05 , std 4.4916489909074396e-05 
2023-04-20 06:12:41,087 INFO ofi_add_6: 4.7139657539052846e-05 , std 4.4699884793007355e-05 
2023-04-20 06:12:41,087 INFO ofi_add_7: 3.8119038056288175e-05 , std 4.0689693384149085e-05 
2023-04-20 06:12:41,087 INFO ofi_add_8: 3.480477591121268e-05 , std 4.208449844391734e-05 
2023-04-20 06:12:41,087 INFO ofi_add_9: 2.8769901820466304e-05 , std 4.044635618362836e-05 
2023-04-20 06:12:41,087 INFO ofi_add_10: 2.7605322281323963e-05 , std 4.301660904416124e-05 
2023-04-20 06:12:41,087 INFO ofi_cancel_1: 7.413044803196599e-05 , std 7.06733141856449e-05 
2023-04-20 06:12:41,087 INFO ofi_cancel_2: 0.00010511441943633947 , std 6.801200079597865e-05 
2023-04-20 06:12:41,087 INFO ofi_cancel_3: 6.852237013234604e-05 , std 5.439834474559689e-05 
2023-04-20 06:12:41,087 INFO ofi_cancel_4: 5.8302944092800375e-05 , std 5.0605601093445506e-05 
2023-04-20 06:12:41,087 INFO ofi_cancel_5: 4.5988882702647515e-05 , std 4.79246825033454e-05 
2023-04-20 06:12:41,087 INFO ofi_cancel_6: 4.135656015632631e-05 , std 4.747819459078142e-05 
2023-04-20 06:12:41,087 INFO ofi_cancel_7: 3.167236892933185e-05 , std 4.266174453472775e-05 
2023-04-20 06:12:41,087 INFO ofi_cancel_8: 2.8313504371471232e-05 , std 4.361239893608329e-05 
2023-04-20 06:12:41,087 INFO ofi_cancel_9: 2.510927821484759e-05 , std 4.2583030912894046e-05 
2023-04-20 06:12:41,087 INFO ofi_cancel_10: 2.7706251234349363e-05 , std 4.689767583179101e-05 
2023-04-20 06:12:41,087 INFO ofi_trade_1: 4.2827952944854105e-05 , std 8.075621945275432e-05 
2023-04-20 06:12:41,087 INFO ofi_trade_2: 7.347718475092741e-05 , std 8.675192137326757e-05 
2023-04-20 06:12:41,087 INFO ofi_trade_3: 6.264780558717269e-05 , std 7.584315374779315e-05 
2023-04-20 06:12:41,087 INFO ofi_trade_4: 6.393851374827851e-05 , std 7.157164342691594e-05 
2023-04-20 06:12:41,087 INFO ofi_trade_5: 5.84019314760351e-05 , std 7.07311770316502e-05 
2023-04-20 06:12:41,087 INFO ofi_trade_6: 5.5665011523288735e-05 , std 7.120221877139126e-05 
2023-04-20 06:12:41,087 INFO ofi_trade_7: 4.6732616285480275e-05 , std 6.687852449943497e-05 
2023-04-20 06:12:41,087 INFO ofi_trade_8: 4.950652923366078e-05 , std 7.184853467584629e-05 
2023-04-20 06:12:41,087 INFO ofi_trade_9: 4.8705272337359046e-05 , std 7.311559819044456e-05 
2023-04-20 06:12:41,087 INFO ofi_trade_10: 5.091156366341048e-05 , std 8.103068522527676e-05 
2023-04-20 06:12:41,087 INFO t_intercept: -0.020350991453138713 , std 0.9216006578511009 
2023-04-20 06:12:41,087 INFO t_ofi_add_1: 1.914402343734898 , std 1.3286332710980338 
2023-04-20 06:12:41,087 INFO t_ofi_add_2: 2.2091638573068977 , std 1.2325718297663413 
2023-04-20 06:12:41,087 INFO t_ofi_add_3: 1.5732071691790095 , std 1.0712422733643696 
2023-04-20 06:12:41,087 INFO t_ofi_add_4: 1.3533361908660562 , std 1.035381174725272 
2023-04-20 06:12:41,087 INFO t_ofi_add_5: 1.0590093908784477 , std 0.9633058493835333 
2023-04-20 06:12:41,087 INFO t_ofi_add_6: 0.9920350772548455 , std 0.9501899787199936 
2023-04-20 06:12:41,087 INFO t_ofi_add_7: 0.7666827448321859 , std 0.8278935891768597 
2023-04-20 06:12:41,087 INFO t_ofi_add_8: 0.6432579018332067 , std 0.7916838294056787 
2023-04-20 06:12:41,087 INFO t_ofi_add_9: 0.5051044263454376 , std 0.7238018156058553 
2023-04-20 06:12:41,087 INFO t_ofi_add_10: 0.5541242670289356 , std 0.8574011927891757 
2023-04-20 06:12:41,088 INFO t_ofi_cancel_1: 1.5303386681411293 , std 1.3128711213679145 
2023-04-20 06:12:41,088 INFO t_ofi_cancel_2: 2.1904681812582436 , std 1.2331779178171656 
2023-04-20 06:12:41,088 INFO t_ofi_cancel_3: 1.4108356401230717 , std 1.0405317790585318 
2023-04-20 06:12:41,088 INFO t_ofi_cancel_4: 1.180016087574058 , std 0.9947684382583553 
2023-04-20 06:12:41,088 INFO t_ofi_cancel_5: 0.8983137012648469 , std 0.9241031379506471 
2023-04-20 06:12:41,088 INFO t_ofi_cancel_6: 0.792312663371743 , std 0.9066273789588344 
2023-04-20 06:12:41,088 INFO t_ofi_cancel_7: 0.5890854638941448 , std 0.7966502576266019 
2023-04-20 06:12:41,088 INFO t_ofi_cancel_8: 0.4858444353890145 , std 0.7428723157350947 
2023-04-20 06:12:41,088 INFO t_ofi_cancel_9: 0.40787321588665826 , std 0.6895777255152157 
2023-04-20 06:12:41,088 INFO t_ofi_cancel_10: 0.5005421571750116 , std 0.8239358719457 
2023-04-20 06:12:41,088 INFO t_ofi_trade_1: 0.47151954493748066 , std 0.8452883975356198 
2023-04-20 06:12:41,088 INFO t_ofi_trade_2: 0.8716298715674503 , std 0.9615332405871823 
2023-04-20 06:12:41,088 INFO t_ofi_trade_3: 0.7915620358501999 , std 0.9072192605496111 
2023-04-20 06:12:41,088 INFO t_ofi_trade_4: 0.8289495634312033 , std 0.8765584454630962 
2023-04-20 06:12:41,088 INFO t_ofi_trade_5: 0.7352552800387262 , std 0.8648865761564408 
2023-04-20 06:12:41,088 INFO t_ofi_trade_6: 0.6765602917317536 , std 0.8426962066630943 
2023-04-20 06:12:41,088 INFO t_ofi_trade_7: 0.5409467209299179 , std 0.7572217805603577 
2023-04-20 06:12:41,088 INFO t_ofi_trade_8: 0.5344750820364276 , std 0.7489350531965161 
2023-04-20 06:12:41,088 INFO t_ofi_trade_9: 0.5159939800401614 , std 0.7572274850263602 
2023-04-20 06:12:41,088 INFO t_ofi_trade_10: 0.5601411342066573 , std 0.8484982868890437 
2023-04-20 06:12:41,088 INFO p_intercept: 0.5295081663610995 , std 0.2796650926807917 
2023-04-20 06:12:41,088 INFO p_ofi_add_1: 0.23865027990167043 , std 0.32029793332626527 
2023-04-20 06:12:41,088 INFO p_ofi_add_2: 0.15898941219927246 , std 0.2565900955073468 
2023-04-20 06:12:41,088 INFO p_ofi_add_3: 0.28072824308501393 , std 0.32099214584657876 
2023-04-20 06:12:41,088 INFO p_ofi_add_4: 0.3419309587149815 , std 0.337827993008311 
2023-04-20 06:12:41,088 INFO p_ofi_add_5: 0.4368993837411817 , std 0.3561753794703166 
2023-04-20 06:12:41,088 INFO p_ofi_add_6: 0.4632054905564647 , std 0.35481698390716193 
2023-04-20 06:12:41,088 INFO p_ofi_add_7: 0.5504033192368196 , std 0.3519601366785421 
2023-04-20 06:12:41,088 INFO p_ofi_add_8: 0.6057752572127336 , std 0.3487300337987344 
2023-04-20 06:12:41,088 INFO p_ofi_add_9: 0.672982603132859 , std 0.3325289024821419 
2023-04-20 06:12:41,088 INFO p_ofi_add_10: 0.6519940918298508 , std 0.35266293144286015 
2023-04-20 06:12:41,088 INFO p_ofi_cancel_1: 0.3505315364551095 , std 0.38035125691068583 
2023-04-20 06:12:41,088 INFO p_ofi_cancel_2: 0.16383673732338283 , std 0.2643997794071727 
2023-04-20 06:12:41,088 INFO p_ofi_cancel_3: 0.3267732319360272 , std 0.3387594024700012 
2023-04-20 06:12:41,088 INFO p_ofi_cancel_4: 0.3978814607220237 , std 0.35747021263692447 
2023-04-20 06:12:41,088 INFO p_ofi_cancel_5: 0.5005517844974048 , std 0.3656850966753459 
2023-04-20 06:12:41,088 INFO p_ofi_cancel_6: 0.5481291850552118 , std 0.36902671777060714 
2023-04-20 06:12:41,088 INFO p_ofi_cancel_7: 0.6296308949603857 , std 0.35479834159802714 
2023-04-20 06:12:41,088 INFO p_ofi_cancel_8: 0.6773494182094588 , std 0.3434133228089744 
2023-04-20 06:12:41,088 INFO p_ofi_cancel_9: 0.7185587839355053 , std 0.32453823130535303 
2023-04-20 06:12:41,088 INFO p_ofi_cancel_10: 0.6787656249857934 , std 0.34801003873944103 
2023-04-20 06:12:41,088 INFO p_ofi_trade_1: 0.7325326730447301 , std 0.36741845965865344 
2023-04-20 06:12:41,088 INFO p_ofi_trade_2: 0.5410083242822409 , std 0.39242287568201867 
2023-04-20 06:12:41,088 INFO p_ofi_trade_3: 0.5596230122784124 , std 0.3818207410512913 
2023-04-20 06:12:41,088 INFO p_ofi_trade_4: 0.5357620858536134 , std 0.37643354720778405 
2023-04-20 06:12:41,088 INFO p_ofi_trade_5: 0.5742095980300734 , std 0.37248812830335853 
2023-04-20 06:12:41,088 INFO p_ofi_trade_6: 0.6069400998675248 , std 0.37042346983731195 
2023-04-20 06:12:41,088 INFO p_ofi_trade_7: 0.668939735536311 , std 0.3557981912777574 
2023-04-20 06:12:41,088 INFO p_ofi_trade_8: 0.6780289045733515 , std 0.35910791600900394 
2023-04-20 06:12:41,088 INFO p_ofi_trade_9: 0.6912683148214946 , std 0.355094759982747 
2023-04-20 06:12:41,088 INFO p_ofi_trade_10: 0.6842389960123457 , std 0.36783562078074616 
