2023-04-21 09:51:11,919 INFO Tickers: ['ACN']
2023-04-21 09:51:35,203 INFO Negative OS: -0.9688187496288432 --- ticker ACN --- day 2018-04-18 --- time 39600
2023-04-21 09:51:48,854 INFO Negative OS: -0.006847427473522627 --- ticker ACN --- day 2019-01-02 --- time 50400
2023-04-21 09:52:03,782 INFO Negative OS: -0.3555905718272938 --- ticker ACN --- day 2019-10-03 --- time 36000
2023-04-21 09:52:05,384 INFO Negative OS: -0.07492737447182396 --- ticker ACN --- day 2019-11-01 --- time 50400
2023-04-21 09:52:07,485 INFO in_r2: 0.8173247623122409 , std 0.08220889177758058 
2023-04-21 09:52:07,485 INFO os_r2: 0.7869893359253073 , std 0.1108100311911827 
2023-04-21 09:52:07,485 INFO intercept: -1.1613410229244134e-07 , std 1.0278860358118023e-05 
2023-04-21 09:52:07,485 INFO ofi_1: 0.00012384217403552312 , std 8.819652170300024e-05 
2023-04-21 09:52:07,486 INFO ofi_2: 0.0001333101045369663 , std 8.390026378823855e-05 
2023-04-21 09:52:07,486 INFO ofi_3: 8.366941348591718e-05 , std 7.760771321582152e-05 
2023-04-21 09:52:07,486 INFO ofi_4: 5.933652199263331e-05 , std 7.675634756615554e-05 
2023-04-21 09:52:07,486 INFO ofi_5: 0.00010020643422238926 , std 9.023499815300028e-05 
2023-04-21 09:52:07,486 INFO t_intercept: 0.03175274964358395 , std 1.2175729793388292 
2023-04-21 09:52:07,486 INFO t_ofi_1: 3.3170211769073683 , std 1.754280493568771 
2023-04-21 09:52:07,486 INFO t_ofi_2: 3.0520100618150257 , std 1.4634734335502755 
2023-04-21 09:52:07,486 INFO t_ofi_3: 1.82705731534948 , std 1.3497420551167632 
2023-04-21 09:52:07,486 INFO t_ofi_4: 1.2893992049340806 , std 1.3161654433296852 
2023-04-21 09:52:07,486 INFO t_ofi_5: 2.534305682810591 , std 1.4941894645231326 
2023-04-21 09:52:07,486 INFO p_intercept: 0.4493508090791072 , std 0.3024246260311527 
2023-04-21 09:52:07,486 INFO p_ofi_1: 0.06980181058656405 , std 0.1736208632225361 
2023-04-21 09:52:07,486 INFO p_ofi_2: 0.07003268268655273 , std 0.16894386741653714 
2023-04-21 09:52:07,486 INFO p_ofi_3: 0.20864960282293268 , std 0.2743260207328561 
2023-04-21 09:52:07,486 INFO p_ofi_4: 0.30105227798523937 , std 0.3044570679843215 
2023-04-21 09:52:07,486 INFO p_ofi_5: 0.12189461478838685 , std 0.22020072976617705 
