2023-04-21 09:50:14,181 INFO Tickers: ['AMGN']
2023-04-21 09:50:29,923 INFO Negative OS: -0.37753263937549386 --- ticker AMGN --- day 2017-10-17 --- time 46800
2023-04-21 09:50:37,330 INFO Negative OS: -0.0161751534720751 --- ticker AMGN --- day 2018-03-13 --- time 36000
2023-04-21 09:50:39,837 INFO Negative OS: -0.3729388081285301 --- ticker AMGN --- day 2018-04-27 --- time 39600
2023-04-21 09:50:51,562 INFO Negative OS: -0.07865753977180834 --- ticker AMGN --- day 2018-11-30 --- time 39600
2023-04-21 09:50:55,818 INFO Negative OS: -0.546235008385648 --- ticker AMGN --- day 2019-02-22 --- time 36000
2023-04-21 09:50:55,832 INFO Negative OS: -0.30300789305781817 --- ticker AMGN --- day 2019-02-22 --- time 41400
2023-04-21 09:51:11,915 INFO in_r2: 0.8462881604919397 , std 0.06671611421375458 
2023-04-21 09:51:11,915 INFO os_r2: 0.8162533166479486 , std 0.09686654013010837 
2023-04-21 09:51:11,915 INFO intercept: -6.817807059817418e-07 , std 1.3990859149792667e-05 
2023-04-21 09:51:11,915 INFO ofi_1: 7.741550388504925e-05 , std 5.495703619894751e-05 
2023-04-21 09:51:11,915 INFO ofi_2: 8.59316675092961e-05 , std 5.9310445627671916e-05 
2023-04-21 09:51:11,915 INFO ofi_3: 7.65193533774605e-05 , std 6.173095529281124e-05 
2023-04-21 09:51:11,915 INFO ofi_4: 5.730901156002251e-05 , std 6.099603349656872e-05 
2023-04-21 09:51:11,916 INFO ofi_5: 0.00010480568862256557 , std 6.929086351108624e-05 
2023-04-21 09:51:11,916 INFO t_intercept: -0.13477117739778804 , std 1.4149513937642912 
2023-04-21 09:51:11,916 INFO t_ofi_1: 3.0024214620221343 , std 1.7488094221561175 
2023-04-21 09:51:11,916 INFO t_ofi_2: 2.529829354274633 , std 1.4844130126925743 
2023-04-21 09:51:11,916 INFO t_ofi_3: 2.030856735556295 , std 1.3938487078755242 
2023-04-21 09:51:11,916 INFO t_ofi_4: 1.499098590616939 , std 1.359189214458556 
2023-04-21 09:51:11,916 INFO t_ofi_5: 3.1783296048579603 , std 1.6398806923001938 
2023-04-21 09:51:11,916 INFO p_intercept: 0.40426007829330346 , std 0.31024438380235636 
2023-04-21 09:51:11,916 INFO p_ofi_1: 0.09217521358604888 , std 0.19836768490982667 
2023-04-21 09:51:11,916 INFO p_ofi_2: 0.1176706708218911 , std 0.21513167246596943 
2023-04-21 09:51:11,916 INFO p_ofi_3: 0.1772226907521147 , std 0.25740742419148965 
2023-04-21 09:51:11,916 INFO p_ofi_4: 0.2602114266163124 , std 0.2902530468254646 
2023-04-21 09:51:11,916 INFO p_ofi_5: 0.07158750995540546 , std 0.16954356042661714 
