2023-04-21 09:55:56,937 INFO Tickers: ['CB']
2023-04-21 09:56:15,950 INFO Negative OS: -0.07837807697388666 --- ticker CB --- day 2018-02-07 --- time 50400
2023-04-21 09:56:16,584 INFO Negative OS: -0.5304928640537097 --- ticker CB --- day 2018-02-21 --- time 52200
2023-04-21 09:56:18,270 INFO Negative OS: -0.353464513031964 --- ticker CB --- day 2018-03-28 --- time 52200
2023-04-21 09:56:18,414 INFO Negative OS: -0.8228262364393024 --- ticker CB --- day 2018-04-02 --- time 52200
2023-04-21 09:56:21,947 INFO Negative OS: -0.9489633265228485 --- ticker CB --- day 2018-06-14 --- time 39600
2023-04-21 09:56:29,255 INFO Negative OS: -0.12433868213178179 --- ticker CB --- day 2018-11-01 --- time 36000
2023-04-21 09:56:29,279 INFO Negative OS: -0.3995868818651669 --- ticker CB --- day 2018-11-01 --- time 45000
2023-04-21 09:56:31,539 INFO Negative OS: -0.035653605076357175 --- ticker CB --- day 2018-12-17 --- time 36000
2023-04-21 09:56:31,958 INFO Negative OS: -0.4068210201524023 --- ticker CB --- day 2018-12-24 --- time 41400
2023-04-21 09:56:32,280 INFO Negative OS: -0.02549803538981621 --- ticker CB --- day 2018-12-31 --- time 41400
2023-04-21 09:56:50,296 INFO in_r2: 0.7861358168069317 , std 0.10486202509107664 
2023-04-21 09:56:50,296 INFO os_r2: 0.7408855250839192 , std 0.15669055211279193 
2023-04-21 09:56:50,296 INFO intercept: 1.6079285648730524e-07 , std 1.2968692014965478e-05 
2023-04-21 09:56:50,297 INFO ofi_1: 0.0001452483850649636 , std 0.00012009182021837495 
2023-04-21 09:56:50,297 INFO ofi_2: 0.00013805438620386774 , std 0.00011239201340258864 
2023-04-21 09:56:50,297 INFO ofi_3: 8.766749663987466e-05 , std 8.994710745539807e-05 
2023-04-21 09:56:50,297 INFO ofi_4: 7.383860404317115e-05 , std 0.00011605608665936695 
2023-04-21 09:56:50,297 INFO ofi_5: 0.00013156933130549966 , std 0.00014765581235052095 
2023-04-21 09:56:50,297 INFO t_intercept: 0.07861365785820558 , std 1.282218388893164 
2023-04-21 09:56:50,297 INFO t_ofi_1: 3.9360237090564834 , std 1.8933033676325695 
2023-04-21 09:56:50,297 INFO t_ofi_2: 3.1469129424809186 , std 1.5765827236416798 
2023-04-21 09:56:50,297 INFO t_ofi_3: 2.019791955369733 , std 1.419849415388697 
2023-04-21 09:56:50,297 INFO t_ofi_4: 1.5419632792824347 , std 1.3933228651460339 
2023-04-21 09:56:50,297 INFO t_ofi_5: 2.644904488182763 , std 1.5751819329173666 
2023-04-21 09:56:50,297 INFO p_intercept: 0.42804184704965303 , std 0.30125486401679286 
2023-04-21 09:56:50,297 INFO p_ofi_1: 0.046584389136409846 , std 0.14360416926418962 
2023-04-21 09:56:50,297 INFO p_ofi_2: 0.0733893669808666 , std 0.17855622925426448 
2023-04-21 09:56:50,297 INFO p_ofi_3: 0.18523242669214407 , std 0.2635925754483206 
2023-04-21 09:56:50,297 INFO p_ofi_4: 0.2560666532988714 , std 0.2923347632284573 
2023-04-21 09:56:50,297 INFO p_ofi_5: 0.12070702261129858 , std 0.2218567674682491 
