2023-04-21 09:51:12,524 INFO Tickers: ['COST']
2023-04-21 09:51:30,415 INFO Negative OS: -0.07630795341341834 --- ticker COST --- day 2017-12-01 --- time 41400
2023-04-21 09:51:48,422 INFO Negative OS: -0.18947085662969076 --- ticker COST --- day 2018-10-19 --- time 39600
2023-04-21 09:51:49,715 INFO Negative OS: -0.2585697690919535 --- ticker COST --- day 2018-11-09 --- time 48600
2023-04-21 09:51:54,202 INFO Negative OS: -0.37442723610972495 --- ticker COST --- day 2019-02-01 --- time 41400
2023-04-21 09:51:57,570 INFO Negative OS: -0.06833489491405942 --- ticker COST --- day 2019-04-02 --- time 39600
2023-04-21 09:52:09,541 INFO Negative OS: -0.2952403900846561 --- ticker COST --- day 2019-11-01 --- time 50400
2023-04-21 09:52:11,895 INFO in_r2: 0.8211620186253729 , std 0.07078151780308072 
2023-04-21 09:52:11,895 INFO os_r2: 0.7864709465169126 , std 0.10165032269791392 
2023-04-21 09:52:11,895 INFO intercept: 3.6331966404853876e-08 , std 1.1019647722173295e-05 
2023-04-21 09:52:11,895 INFO ofi_1: 6.886460081698415e-05 , std 4.7707071967002815e-05 
2023-04-21 09:52:11,895 INFO ofi_2: 8.593199324544372e-05 , std 5.542431001622692e-05 
2023-04-21 09:52:11,895 INFO ofi_3: 6.690339040785972e-05 , std 5.441370540188244e-05 
2023-04-21 09:52:11,895 INFO ofi_4: 5.068198357745456e-05 , std 5.286452040224476e-05 
2023-04-21 09:52:11,895 INFO ofi_5: 8.555483889545315e-05 , std 5.907167065217216e-05 
2023-04-21 09:52:11,895 INFO t_intercept: -0.02679781696579127 , std 1.3683216222775523 
2023-04-21 09:52:11,895 INFO t_ofi_1: 2.967160439676766 , std 1.8332387465491324 
2023-04-21 09:52:11,895 INFO t_ofi_2: 2.737230112497077 , std 1.5044162285752372 
2023-04-21 09:52:11,895 INFO t_ofi_3: 1.9660968200729252 , std 1.4239603523885722 
2023-04-21 09:52:11,895 INFO t_ofi_4: 1.4986245401903382 , std 1.3783233676731002 
2023-04-21 09:52:11,895 INFO t_ofi_5: 2.99359131053962 , std 1.6239795567994686 
2023-04-21 09:52:11,895 INFO p_intercept: 0.4087702364996643 , std 0.30652961810771034 
2023-04-21 09:52:11,895 INFO p_ofi_1: 0.09929511437346424 , std 0.20803640089409545 
2023-04-21 09:52:11,895 INFO p_ofi_2: 0.10021220566778712 , std 0.20349692007259212 
2023-04-21 09:52:11,896 INFO p_ofi_3: 0.1857300263973754 , std 0.25997075114496493 
2023-04-21 09:52:11,896 INFO p_ofi_4: 0.26488946797020446 , std 0.29582984682516883 
2023-04-21 09:52:11,896 INFO p_ofi_5: 0.08492374698886582 , std 0.18628740151851814 
