2023-04-21 09:56:24,344 INFO Tickers: ['D']
2023-04-21 09:56:31,095 INFO Negative OS: -0.03193486478655805 --- ticker D --- day 2017-05-03 --- time 50400
2023-04-21 09:56:48,221 INFO Negative OS: -0.2310259140763553 --- ticker D --- day 2018-03-21 --- time 50400
2023-04-21 09:56:49,793 INFO Negative OS: -2.050080202507846 --- ticker D --- day 2018-04-18 --- time 52200
2023-04-21 09:57:23,746 INFO in_r2: 0.9227479641744035 , std 0.045575697447449916 
2023-04-21 09:57:23,746 INFO os_r2: 0.9120092976020245 , std 0.06963760375610874 
2023-04-21 09:57:23,746 INFO intercept: 1.9814836134825285e-07 , std 4.512977700703342e-06 
2023-04-21 09:57:23,746 INFO ofi_1: 6.518565266019383e-05 , std 7.011260836750983e-05 
2023-04-21 09:57:23,746 INFO ofi_2: 0.00011493721741265678 , std 7.159074850575756e-05 
2023-04-21 09:57:23,746 INFO ofi_3: 0.00010028045933085286 , std 6.847053613198031e-05 
2023-04-21 09:57:23,746 INFO ofi_4: 0.00012172362564687461 , std 7.310516533256911e-05 
2023-04-21 09:57:23,746 INFO ofi_5: 0.00018154376649976608 , std 7.902142352404078e-05 
2023-04-21 09:57:23,746 INFO t_intercept: 0.02929981718813869 , std 0.9716571423396398 
2023-04-21 09:57:23,746 INFO t_ofi_1: 1.9397062475397595 , std 1.8281979501457992 
2023-04-21 09:57:23,746 INFO t_ofi_2: 2.889449165747011 , std 1.6114396441117478 
2023-04-21 09:57:23,746 INFO t_ofi_3: 2.4146527008048655 , std 1.5538696919978512 
2023-04-21 09:57:23,746 INFO t_ofi_4: 2.763439130217451 , std 1.680423669873357 
2023-04-21 09:57:23,746 INFO t_ofi_5: 4.29529224506425 , std 1.8078590801159922 
2023-04-21 09:57:23,746 INFO p_intercept: 0.5203883051993775 , std 0.2858933196123275 
2023-04-21 09:57:23,746 INFO p_ofi_1: 0.20636519684708687 , std 0.28048688919805065 
2023-04-21 09:57:23,746 INFO p_ofi_2: 0.09552746477414142 , std 0.201325034538249 
2023-04-21 09:57:23,746 INFO p_ofi_3: 0.1390095119865807 , std 0.23320626026555497 
2023-04-21 09:57:23,746 INFO p_ofi_4: 0.11651167613953183 , std 0.2215625877011403 
2023-04-21 09:57:23,746 INFO p_ofi_5: 0.027359881139455818 , std 0.10526534831045273 
