2023-04-21 09:48:11,130 INFO Tickers: ['INTC']
2023-04-21 09:48:25,625 INFO Negative OS: -2.1774566657763095 --- ticker INTC --- day 2017-09-11 --- time 43200
2023-04-21 09:48:26,892 INFO Negative OS: -2.9449079347718348 --- ticker INTC --- day 2017-10-02 --- time 48600
2023-04-21 09:48:26,902 INFO Negative OS: -0.6307404010546782 --- ticker INTC --- day 2017-10-02 --- time 52200
2023-04-21 09:48:54,596 INFO Negative OS: -0.0711769434685614 --- ticker INTC --- day 2019-01-30 --- time 41400
2023-04-21 09:48:55,536 INFO Negative OS: -1.3039500195124174 --- ticker INTC --- day 2019-02-14 --- time 50400
2023-04-21 09:48:55,541 INFO Negative OS: -0.6852744270839546 --- ticker INTC --- day 2019-02-14 --- time 52200
2023-04-21 09:48:59,609 INFO Negative OS: -1.2208752306223953 --- ticker INTC --- day 2019-04-26 --- time 48600
2023-04-21 09:49:09,505 INFO Negative OS: -2.0111292884567216 --- ticker INTC --- day 2019-10-15 --- time 45000
2023-04-21 09:49:10,649 INFO Negative OS: -0.17776706683185073 --- ticker INTC --- day 2019-11-04 --- time 37800
2023-04-21 09:49:13,036 INFO in_r2: 0.9791272029854077 , std 0.018626352247251086 
2023-04-21 09:49:13,036 INFO os_r2: 0.9642724202580905 , std 0.09508498405532133 
2023-04-21 09:49:13,036 INFO intercept: 4.630566473036053e-08 , std 3.3476600366525377e-06 
2023-04-21 09:49:13,036 INFO ofi_1: 4.835755267084381e-05 , std 5.402140381751496e-05 
2023-04-21 09:49:13,036 INFO ofi_2: 0.0001992922795979323 , std 0.00010515830923805586 
2023-04-21 09:49:13,036 INFO ofi_3: 0.00016056821418172784 , std 9.154548465931758e-05 
2023-04-21 09:49:13,036 INFO ofi_4: 0.00017513411614219305 , std 0.00015707322852201135 
2023-04-21 09:49:13,036 INFO ofi_5: 0.0003545929419742594 , std 0.0001558254875797698 
2023-04-21 09:49:13,036 INFO t_intercept: 0.028667692762986516 , std 1.032053886188067 
2023-04-21 09:49:13,037 INFO t_ofi_1: 2.5361399507678195 , std 2.3616824333363113 
2023-04-21 09:49:13,037 INFO t_ofi_2: 5.805071320197247 , std 2.778215884637041 
2023-04-21 09:49:13,037 INFO t_ofi_3: 5.035163752683164 , std 2.523169625465007 
2023-04-21 09:49:13,037 INFO t_ofi_4: 4.79046876343989 , std 3.3014062312343455 
2023-04-21 09:49:13,037 INFO t_ofi_5: 9.245204126844556 , std 3.447411080724373 
2023-04-21 09:49:13,037 INFO p_intercept: 0.5002183032441411 , std 0.29192209929112467 
2023-04-21 09:49:13,037 INFO p_ofi_1: 0.16278554583187604 , std 0.26459775303176863 
2023-04-21 09:49:13,037 INFO p_ofi_2: 0.023209782203018187 , std 0.10746273652803484 
2023-04-21 09:49:13,037 INFO p_ofi_3: 0.028676084266452368 , std 0.115884488304959 
2023-04-21 09:49:13,037 INFO p_ofi_4: 0.057618399555528686 , std 0.16529317419635073 
2023-04-21 09:49:13,037 INFO p_ofi_5: 0.0022599230286262204 , std 0.033184142395428155 
