2023-04-21 09:50:01,090 INFO Tickers: ['MDT']
2023-04-21 09:50:19,392 INFO Negative OS: -0.25156630377503175 --- ticker MDT --- day 2017-11-28 --- time 36000
2023-04-21 09:50:32,951 INFO Negative OS: -2.923013023152643 --- ticker MDT --- day 2018-07-31 --- time 37800
2023-04-21 09:51:01,412 INFO in_r2: 0.9037221037335244 , std 0.053272192847918017 
2023-04-21 09:51:01,413 INFO os_r2: 0.8866259240015828 , std 0.08521403616481747 
2023-04-21 09:51:01,413 INFO intercept: -2.2512769334342985e-07 , std 5.652244647019774e-06 
2023-04-21 09:51:01,413 INFO ofi_1: 8.720326229411777e-05 , std 8.55489917218335e-05 
2023-04-21 09:51:01,413 INFO ofi_2: 0.00011468562798675016 , std 6.717165457029956e-05 
2023-04-21 09:51:01,413 INFO ofi_3: 9.0419698623743e-05 , std 6.0651140151223844e-05 
2023-04-21 09:51:01,413 INFO ofi_4: 9.645495162968263e-05 , std 6.608209403353382e-05 
2023-04-21 09:51:01,413 INFO ofi_5: 0.00013408672377875438 , std 7.243001944947031e-05 
2023-04-21 09:51:01,413 INFO t_intercept: 0.017352354915029983 , std 1.0634587147971324 
2023-04-21 09:51:01,413 INFO t_ofi_1: 2.462701207610135 , std 2.1848205649808348 
2023-04-21 09:51:01,413 INFO t_ofi_2: 3.034212456659745 , std 1.6351606712731386 
2023-04-21 09:51:01,413 INFO t_ofi_3: 2.461959582540731 , std 1.6047684065591972 
2023-04-21 09:51:01,413 INFO t_ofi_4: 2.601027428750326 , std 1.6825308789044808 
2023-04-21 09:51:01,413 INFO t_ofi_5: 3.9403748573283024 , std 1.842596827928631 
2023-04-21 09:51:01,413 INFO p_intercept: 0.4909100440832397 , std 0.29354658706843956 
2023-04-21 09:51:01,413 INFO p_ofi_1: 0.16675964126155826 , std 0.2652081573461787 
2023-04-21 09:51:01,413 INFO p_ofi_2: 0.08541879985564228 , std 0.19027923679343442 
2023-04-21 09:51:01,413 INFO p_ofi_3: 0.14001649147677483 , std 0.2365982828391135 
2023-04-21 09:51:01,413 INFO p_ofi_4: 0.12859062162141177 , std 0.22962612761249607 
2023-04-21 09:51:01,413 INFO p_ofi_5: 0.04247208075760356 , std 0.13371156892900518 
