2023-04-21 09:50:14,712 INFO Tickers: ['NVDA']
2023-04-21 09:51:14,602 INFO Negative OS: -0.014891343736788576 --- ticker NVDA --- day 2019-11-07 --- time 52200
2023-04-21 09:51:16,718 INFO in_r2: 0.886955462623389 , std 0.05884922366465456 
2023-04-21 09:51:16,718 INFO os_r2: 0.866193080237976 , std 0.07799304690938713 
2023-04-21 09:51:16,718 INFO intercept: 3.7068773695724775e-07 , std 1.4032173914964585e-05 
2023-04-21 09:51:16,718 INFO ofi_1: 4.2657355427244536e-05 , std 4.339703050013925e-05 
2023-04-21 09:51:16,718 INFO ofi_2: 5.8960630416832585e-05 , std 5.269419982999872e-05 
2023-04-21 09:51:16,718 INFO ofi_3: 5.5202084062454396e-05 , std 5.637431020587895e-05 
2023-04-21 09:51:16,718 INFO ofi_4: 5.3886815565207306e-05 , std 5.8772367131555604e-05 
2023-04-21 09:51:16,718 INFO ofi_5: 0.0001588138901685604 , std 7.015712142626542e-05 
2023-04-21 09:51:16,718 INFO t_intercept: -0.03363663444022802 , std 1.316872055802201 
2023-04-21 09:51:16,719 INFO t_ofi_1: 1.737568321300315 , std 1.6232811463252743 
2023-04-21 09:51:16,719 INFO t_ofi_2: 1.7711803067389915 , std 1.4342940879096675 
2023-04-21 09:51:16,719 INFO t_ofi_3: 1.5645489727235393 , std 1.4514854800300658 
2023-04-21 09:51:16,719 INFO t_ofi_4: 1.4897021663536723 , std 1.4558585630907943 
2023-04-21 09:51:16,719 INFO t_ofi_5: 5.336107045628924 , std 2.027236621830367 
2023-04-21 09:51:16,719 INFO p_intercept: 0.4316124111013492 , std 0.3047237217658802 
2023-04-21 09:51:16,719 INFO p_ofi_1: 0.2241704254707439 , std 0.2818285156059721 
2023-04-21 09:51:16,719 INFO p_ofi_2: 0.2138867418816631 , std 0.2728635239187546 
2023-04-21 09:51:16,719 INFO p_ofi_3: 0.2567578738199513 , std 0.29321738593395663 
2023-04-21 09:51:16,719 INFO p_ofi_4: 0.2559999008855196 , std 0.28879884134825545 
2023-04-21 09:51:16,719 INFO p_ofi_5: 0.007081291333455073 , std 0.04981227631285659 
