2023-04-21 09:52:09,754 INFO Tickers: ['ORCL']
2023-04-21 09:52:30,347 INFO Negative OS: -1.334866297364469 --- ticker ORCL --- day 2017-12-29 --- time 46800
2023-04-21 09:52:31,012 INFO Negative OS: -0.4169311622012819 --- ticker ORCL --- day 2018-01-11 --- time 48600
2023-04-21 09:52:31,017 INFO Negative OS: -2.7904083265282216 --- ticker ORCL --- day 2018-01-11 --- time 50400
2023-04-21 09:52:31,022 INFO Negative OS: -2.2240132821932197 --- ticker ORCL --- day 2018-01-11 --- time 52200
2023-04-21 09:52:41,327 INFO Negative OS: -0.3953718159137396 --- ticker ORCL --- day 2018-07-11 --- time 48600
2023-04-21 09:52:45,847 INFO Negative OS: -2.2959066853469294 --- ticker ORCL --- day 2018-09-26 --- time 41400
2023-04-21 09:52:45,852 INFO Negative OS: -61.72345416419724 --- ticker ORCL --- day 2018-09-26 --- time 43200
2023-04-21 09:52:53,072 INFO Negative OS: -28.14212305915643 --- ticker ORCL --- day 2019-02-04 --- time 41400
2023-04-21 09:52:53,905 INFO Negative OS: -189.74903627623362 --- ticker ORCL --- day 2019-02-19 --- time 43200
2023-04-21 09:52:53,915 INFO Negative OS: -39.462491005687 --- ticker ORCL --- day 2019-02-19 --- time 46800
2023-04-21 09:52:53,919 INFO Negative OS: -66.93189310431478 --- ticker ORCL --- day 2019-02-19 --- time 48600
2023-04-21 09:52:56,310 INFO Negative OS: -0.6034426832823547 --- ticker ORCL --- day 2019-04-01 --- time 39600
2023-04-21 09:52:56,314 INFO Negative OS: -0.7435855657122599 --- ticker ORCL --- day 2019-04-01 --- time 41400
2023-04-21 09:52:56,333 INFO Negative OS: -2.446806675680652 --- ticker ORCL --- day 2019-04-01 --- time 48600
2023-04-21 09:52:56,338 INFO Negative OS: -0.8718366176199541 --- ticker ORCL --- day 2019-04-01 --- time 50400
2023-04-21 09:52:57,092 INFO Negative OS: -5.71919265311778 --- ticker ORCL --- day 2019-04-12 --- time 52200
2023-04-21 09:53:01,529 INFO Negative OS: -1.6724129849120724 --- ticker ORCL --- day 2019-07-01 --- time 39600
2023-04-21 09:53:11,226 INFO in_r2: 0.9706997136857335 , std 0.026472914045498747 
2023-04-21 09:53:11,226 INFO os_r2: 0.8945574035980316 , std 2.556342847100818 
2023-04-21 09:53:11,226 INFO intercept: 2.2940596149661761e-07 , std 3.3247847853046664e-06 
2023-04-21 09:53:11,226 INFO ofi_1: 6.114645228063809e-05 , std 6.389533497784808e-05 
2023-04-21 09:53:11,226 INFO ofi_2: 0.00018106490866075597 , std 0.00011430180635072297 
2023-04-21 09:53:11,226 INFO ofi_3: 0.00014256258733967252 , std 8.905198319555878e-05 
2023-04-21 09:53:11,226 INFO ofi_4: 9.80919018268356e-05 , std 8.434733447965286e-05 
2023-04-21 09:53:11,226 INFO ofi_5: 0.00030159007545760313 , std 0.00012978539383636973 
2023-04-21 09:53:11,226 INFO t_intercept: 0.11347432115678716 , std 1.090566022390279 
2023-04-21 09:53:11,226 INFO t_ofi_1: 3.81297888277079 , std 2.9883091266725526 
2023-04-21 09:53:11,226 INFO t_ofi_2: 6.260688672038439 , std 2.823788089661768 
2023-04-21 09:53:11,226 INFO t_ofi_3: 5.5991526400910665 , std 2.6302074580183654 
2023-04-21 09:53:11,226 INFO t_ofi_4: 4.01928045331679 , std 2.550784191675905 
2023-04-21 09:53:11,226 INFO t_ofi_5: 9.809683261083105 , std 3.5224753723692 
2023-04-21 09:53:11,226 INFO p_intercept: 0.4895432416396564 , std 0.29530598650040196 
2023-04-21 09:53:11,226 INFO p_ofi_1: 0.09968796993874696 , std 0.21797270102432661 
2023-04-21 09:53:11,226 INFO p_ofi_2: 0.015495154331436266 , std 0.08379829953378394 
2023-04-21 09:53:11,226 INFO p_ofi_3: 0.019094326394031913 , std 0.09205063590782445 
2023-04-21 09:53:11,226 INFO p_ofi_4: 0.0710386091005373 , std 0.18206659842819034 
2023-04-21 09:53:11,226 INFO p_ofi_5: 0.001733850185251512 , std 0.03049785782940113 
