2023-04-21 09:54:06,719 INFO Tickers: ['USB']
2023-04-21 09:54:06,873 INFO Negative OS: -9.894096967119012 --- ticker USB --- day 2017-01-04 --- time 50400
2023-04-21 09:55:06,170 INFO in_r2: 0.9874090421825659 , std 0.014484112924383058 
2023-04-21 09:55:06,170 INFO os_r2: 0.9813282578472 , std 0.13312815722819862 
2023-04-21 09:55:06,170 INFO intercept: 4.717321108591024e-08 , std 2.457321479044077e-06 
2023-04-21 09:55:06,170 INFO ofi_1: 2.3220095287447327e-05 , std 3.862892959678591e-05 
2023-04-21 09:55:06,170 INFO ofi_2: 0.00011834459224799205 , std 6.831269376492155e-05 
2023-04-21 09:55:06,170 INFO ofi_3: 0.00015539799493119664 , std 6.602415997331036e-05 
2023-04-21 09:55:06,170 INFO ofi_4: 0.00020411223509181006 , std 7.242991969789778e-05 
2023-04-21 09:55:06,170 INFO ofi_5: 0.0002838720246104157 , std 8.528604081561756e-05 
2023-04-21 09:55:06,170 INFO t_intercept: 0.014066828523259058 , std 1.2199960559244007 
2023-04-21 09:55:06,170 INFO t_ofi_1: 1.7094052761206007 , std 2.5471600024155223 
2023-04-21 09:55:06,170 INFO t_ofi_2: 4.693686662979578 , std 2.3048633806718586 
2023-04-21 09:55:06,170 INFO t_ofi_3: 5.412556068772648 , std 2.3439749641650636 
2023-04-21 09:55:06,170 INFO t_ofi_4: 6.347435008142887 , std 2.6353165548332504 
2023-04-21 09:55:06,170 INFO t_ofi_5: 8.682280765180128 , std 2.6933922673959363 
2023-04-21 09:55:06,170 INFO p_intercept: 0.4497092839211954 , std 0.3020108334588545 
2023-04-21 09:55:06,170 INFO p_ofi_1: 0.18954567237893402 , std 0.27281047427070626 
2023-04-21 09:55:06,170 INFO p_ofi_2: 0.03584141205908522 , std 0.13118559345368308 
2023-04-21 09:55:06,170 INFO p_ofi_3: 0.017725878632296136 , std 0.0873369787073019 
2023-04-21 09:55:06,170 INFO p_ofi_4: 0.011879539168425532 , std 0.0735909806918454 
2023-04-21 09:55:06,170 INFO p_ofi_5: 0.0020899560100129033 , std 0.030969625201786595 
