2023-04-21 09:48:11,683 INFO Tickers: ['VZ']
2023-04-21 09:48:15,639 INFO Negative OS: -0.44501566661511505 --- ticker VZ --- day 2017-03-15 --- time 43200
2023-04-21 09:48:56,509 INFO Negative OS: -5.833153176962737 --- ticker VZ --- day 2019-03-25 --- time 45000
2023-04-21 09:48:57,347 INFO Negative OS: -0.26730072754129974 --- ticker VZ --- day 2019-04-08 --- time 43200
2023-04-21 09:49:05,666 INFO Negative OS: -1.0057125768822779 --- ticker VZ --- day 2019-08-28 --- time 45000
2023-04-21 09:49:11,987 INFO in_r2: 0.9694507813609858 , std 0.02116654009349351 
2023-04-21 09:49:11,988 INFO os_r2: 0.9516112003973107 , std 0.09762385831697527 
2023-04-21 09:49:11,988 INFO intercept: 6.818691836479674e-08 , std 2.865453878914041e-06 
2023-04-21 09:49:11,988 INFO ofi_1: 5.593761634710761e-05 , std 6.514709383683102e-05 
2023-04-21 09:49:11,988 INFO ofi_2: 0.00017612501261828905 , std 9.358522304162969e-05 
2023-04-21 09:49:11,988 INFO ofi_3: 0.00013713009491681574 , std 8.335099068398032e-05 
2023-04-21 09:49:11,988 INFO ofi_4: 9.055049445966185e-05 , std 7.807387099996217e-05 
2023-04-21 09:49:11,988 INFO ofi_5: 0.00029238938296132416 , std 0.00013295084974667136 
2023-04-21 09:49:11,988 INFO t_intercept: 0.05145981051830132 , std 1.0123998478556426 
2023-04-21 09:49:11,988 INFO t_ofi_1: 3.1220042773384713 , std 3.176777236547824 
2023-04-21 09:49:11,988 INFO t_ofi_2: 5.790982710641343 , std 2.736120001636142 
2023-04-21 09:49:11,988 INFO t_ofi_3: 5.233053202089818 , std 2.50729097787764 
2023-04-21 09:49:11,988 INFO t_ofi_4: 3.7578936532150258 , std 2.283528145120084 
2023-04-21 09:49:11,988 INFO t_ofi_5: 9.69921730119084 , std 4.056387597324418 
2023-04-21 09:49:11,988 INFO p_intercept: 0.5026793445454 , std 0.28931821039455435 
2023-04-21 09:49:11,988 INFO p_ofi_1: 0.12607768521003612 , std 0.24299877706409084 
2023-04-21 09:49:11,988 INFO p_ofi_2: 0.022033978962431575 , std 0.10264499325276777 
2023-04-21 09:49:11,988 INFO p_ofi_3: 0.023696640748477767 , std 0.10315853825613136 
2023-04-21 09:49:11,988 INFO p_ofi_4: 0.06849973952571585 , std 0.1745084458337434 
2023-04-21 09:49:11,988 INFO p_ofi_5: 0.0029100176471614824 , std 0.03641233777982138 
