2023-04-21 09:47:12,156 INFO Tickers: ['XOM']
2023-04-21 09:47:13,797 INFO Negative OS: -0.1323576845412009 --- ticker XOM --- day 2017-02-01 --- time 36000
2023-04-21 09:47:25,556 INFO Negative OS: -0.5442971402727026 --- ticker XOM --- day 2017-08-30 --- time 46800
2023-04-21 09:47:27,557 INFO Negative OS: -0.31403222236310135 --- ticker XOM --- day 2017-10-05 --- time 45000
2023-04-21 09:47:32,388 INFO Negative OS: -9.399941477823958 --- ticker XOM --- day 2018-01-02 --- time 52200
2023-04-21 09:47:44,710 INFO Negative OS: -0.3045249534568084 --- ticker XOM --- day 2018-08-10 --- time 50400
2023-04-21 09:48:11,677 INFO in_r2: 0.9486079031414054 , std 0.024230396544597844 
2023-04-21 09:48:11,677 INFO os_r2: 0.932538479901142 , std 0.13022720014137587 
2023-04-21 09:48:11,677 INFO intercept: -3.909261941428568e-08 , std 3.7001299213244123e-06 
2023-04-21 09:48:11,677 INFO ofi_1: 2.770571636612693e-05 , std 5.507781469878653e-05 
2023-04-21 09:48:11,677 INFO ofi_2: 0.00012195059912901431 , std 7.798156072398966e-05 
2023-04-21 09:48:11,677 INFO ofi_3: 0.00011806499288279893 , std 6.516099517680006e-05 
2023-04-21 09:48:11,677 INFO ofi_4: 0.00010407590076827447 , std 5.805090141679871e-05 
2023-04-21 09:48:11,677 INFO ofi_5: 0.00012220925768601358 , std 6.685667441431355e-05 
2023-04-21 09:48:11,677 INFO t_intercept: -0.012310803884503558 , std 1.1106855176225907 
2023-04-21 09:48:11,677 INFO t_ofi_1: 1.0640649724891402 , std 1.9460903819840545 
2023-04-21 09:48:11,677 INFO t_ofi_2: 3.4095375003186366 , std 1.9526413780001977 
2023-04-21 09:48:11,677 INFO t_ofi_3: 3.530738513870684 , std 1.840235857898174 
2023-04-21 09:48:11,677 INFO t_ofi_4: 3.4085326222683423 , std 1.7317527566546125 
2023-04-21 09:48:11,677 INFO t_ofi_5: 4.651495839915276 , std 2.0213036237877806 
2023-04-21 09:48:11,677 INFO p_intercept: 0.47266154801809945 , std 0.29521530999429124 
2023-04-21 09:48:11,677 INFO p_ofi_1: 0.28756534478799683 , std 0.3028175187687203 
2023-04-21 09:48:11,677 INFO p_ofi_2: 0.08134126758105488 , std 0.1906245585279821 
2023-04-21 09:48:11,677 INFO p_ofi_3: 0.05942744779210456 , std 0.15871649983494998 
2023-04-21 09:48:11,677 INFO p_ofi_4: 0.06090867024513367 , std 0.16139133373508127 
2023-04-21 09:48:11,677 INFO p_ofi_5: 0.02419556758221694 , std 0.10210608880789036 
