2023-05-13 15:27:42,535 INFO Starting...
2023-05-13 15:27:42,535 INFO Tickers: ['AMGN']
2023-05-13 15:27:44,346 INFO in_r2: 0.7895755550497091 , std 0.0891585154199744 
2023-05-13 15:27:44,346 INFO os_r2: 0.7175481385695766 , std 0.45079118647105876 
2023-05-13 15:27:44,346 INFO intercept: -4.907997230810447e-07 , std 1.5488822393232586e-05 
2023-05-13 15:27:44,346 INFO ofi_add_1: 0.00011507980230500612 , std 6.472937561791284e-05 
2023-05-13 15:27:44,346 INFO ofi_add_2: 0.0002354240044792463 , std 8.109841465926374e-05 
2023-05-13 15:27:44,346 INFO ofi_cancel_1: 0.00012556476984899366 , std 8.613613814848392e-05 
2023-05-13 15:27:44,346 INFO ofi_cancel_2: 0.00023647677498769113 , std 8.601340750849829e-05 
2023-05-13 15:27:44,346 INFO ofi_trade_1: 0.0001739759533714973 , std 0.00012110632219822038 
2023-05-13 15:27:44,346 INFO ofi_trade_2: 0.0002549287638110042 , std 0.0001326538117945683 
2023-05-13 15:27:44,346 INFO used_intercept: 1.0 , std 0.0 
2023-05-13 15:27:44,346 INFO used_ofi_add_1: 0.9686959529574541 , std 0.17413817410695426 
2023-05-13 15:27:44,346 INFO used_ofi_add_2: 0.9986163957108267 , std 0.03717108995367606 
2023-05-13 15:27:44,346 INFO used_ofi_cancel_1: 0.9128329297820823 , std 0.28207972647381496 
2023-05-13 15:27:44,346 INFO used_ofi_cancel_2: 0.9916983742649602 , std 0.0907342754707123 
2023-05-13 15:27:44,346 INFO used_ofi_trade_1: 0.9474230370114147 , std 0.22318742337211162 
2023-05-13 15:27:44,346 INFO used_ofi_trade_2: 0.9885852646143203 , std 0.10622824107437066 
2023-05-13 15:27:44,347 INFO Grouping by ofi type:
2023-05-13 15:27:44,347 INFO add: 1.9673123486682809
2023-05-13 15:27:44,347 INFO cancel: 1.9045313040470426
2023-05-13 15:27:44,347 INFO trade: 1.936008301625735
2023-05-13 15:27:44,347 INFO Grouping by level:
2023-05-13 15:27:44,347 INFO 1: 2.828951919750951
2023-05-13 15:27:44,347 INFO 2: 2.978900034590107
2023-05-13 15:27:44,347 INFO Non empty regressions: 0.9993081978554134 --- 5778 / 5782
