2023-05-13 15:29:24,979 INFO Starting...
2023-05-13 15:29:24,979 INFO Tickers: ['BSX']
2023-05-13 15:29:26,732 INFO in_r2: 0.9329923992798886 , std 0.04714495331188584 
2023-05-13 15:29:26,732 INFO os_r2: 0.898151566260789 , std 0.1942795041663091 
2023-05-13 15:29:26,733 INFO intercept: -4.3550189487284743e-07 , std 9.721418961016808e-06 
2023-05-13 15:29:26,733 INFO ofi_add_1: 0.00018020253066528718 , std 0.00013161440192718273 
2023-05-13 15:29:26,733 INFO ofi_add_2: 0.000835598386695953 , std 0.00025785739833562757 
2023-05-13 15:29:26,733 INFO ofi_cancel_1: 0.00014197970571269139 , std 0.00013485263020774263 
2023-05-13 15:29:26,733 INFO ofi_cancel_2: 0.0007473830764338565 , std 0.00030438494253500105 
2023-05-13 15:29:26,733 INFO ofi_trade_1: 0.0001436877957878851 , std 0.0002716963166363583 
2023-05-13 15:29:26,733 INFO ofi_trade_2: 0.0008442782730029836 , std 0.00030262181162101485 
2023-05-13 15:29:26,733 INFO used_intercept: 0.9998111425873466 , std 0.013741242503177526 
2023-05-13 15:29:26,733 INFO used_ofi_add_1: 0.9631728045325779 , std 0.18833733868095934 
2023-05-13 15:29:26,733 INFO used_ofi_add_2: 0.9964117091595845 , std 0.05979477409657198 
2023-05-13 15:29:26,733 INFO used_ofi_cancel_1: 0.8247403210576015 , std 0.3801890633348175 
2023-05-13 15:29:26,733 INFO used_ofi_cancel_2: 0.9508970727101038 , std 0.21608292348415525 
2023-05-13 15:29:26,733 INFO used_ofi_trade_1: 0.39905571293673275 , std 0.48970424840845395 
2023-05-13 15:29:26,733 INFO used_ofi_trade_2: 0.9867799811142587 , std 0.11421580445105618 
2023-05-13 15:29:26,734 INFO Grouping by ofi type:
2023-05-13 15:29:26,734 INFO add: 1.9595845136921626
2023-05-13 15:29:26,734 INFO cancel: 1.7756373937677052
2023-05-13 15:29:26,734 INFO trade: 1.3858356940509915
2023-05-13 15:29:26,734 INFO Grouping by level:
2023-05-13 15:29:26,734 INFO 1: 2.186968838526912
2023-05-13 15:29:26,734 INFO 2: 2.934088762983947
2023-05-13 15:29:26,734 INFO Non empty regressions: 0.9994334277620397 --- 5292 / 5295
