2023-05-13 15:29:03,889 INFO Starting...
2023-05-13 15:29:03,889 INFO Tickers: ['CB']
2023-05-13 15:29:05,292 INFO in_r2: 0.7428060889683751 , std 0.10886023981863067 
2023-05-13 15:29:05,292 INFO os_r2: 0.6747065596176934 , std 0.16400831575188396 
2023-05-13 15:29:05,292 INFO intercept: 2.5133987470693434e-06 , std 1.359020700946645e-05 
2023-05-13 15:29:05,292 INFO ofi_add_1: 0.00016610116937683205 , std 0.00011441169775887768 
2023-05-13 15:29:05,292 INFO ofi_add_2: 0.00028439280844693614 , std 0.0001422296853260754 
2023-05-13 15:29:05,292 INFO ofi_cancel_1: 0.00018195539714683406 , std 0.00013412027281618641 
2023-05-13 15:29:05,292 INFO ofi_cancel_2: 0.0002760813720766272 , std 0.000142790743934435 
2023-05-13 15:29:05,292 INFO ofi_trade_1: 0.0003296341187388405 , std 0.0002883879822319907 
2023-05-13 15:29:05,292 INFO ofi_trade_2: 0.00035204374847347825 , std 0.00026313553148297905 
2023-05-13 15:29:05,292 INFO used_intercept: 1.0 , std 0.0 
2023-05-13 15:29:05,292 INFO used_ofi_add_1: 0.978017048003589 , std 0.14662776619022208 
2023-05-13 15:29:05,293 INFO used_ofi_add_2: 0.9991027366532077 , std 0.029940912899889784 
2023-05-13 15:29:05,293 INFO used_ofi_cancel_1: 0.9668012561686855 , std 0.17915520433226953 
2023-05-13 15:29:05,293 INFO used_ofi_cancel_2: 0.9973082099596231 , std 0.05181258830395735 
2023-05-13 15:29:05,293 INFO used_ofi_trade_1: 0.9394347240915208 , std 0.23853117880606076 
2023-05-13 15:29:05,293 INFO used_ofi_trade_2: 0.9847465231045311 , std 0.12255940738298393 
2023-05-13 15:29:05,293 INFO Grouping by ofi type:
2023-05-13 15:29:05,293 INFO add: 1.9771197846567967
2023-05-13 15:29:05,293 INFO cancel: 1.9641094661283085
2023-05-13 15:29:05,293 INFO trade: 1.924181247196052
2023-05-13 15:29:05,293 INFO Grouping by level:
2023-05-13 15:29:05,293 INFO 1: 2.8842530282637955
2023-05-13 15:29:05,293 INFO 2: 2.981157469717362
2023-05-13 15:29:05,293 INFO Non empty regressions: 0.9995513683266039 --- 2228 / 2229
