2023-05-13 15:28:51,808 INFO Starting...
2023-05-13 15:28:51,808 INFO Tickers: ['CHTR']
2023-05-13 15:28:53,122 INFO in_r2: 0.6317620915807353 , std 0.1447862353560639 
2023-05-13 15:28:53,122 INFO os_r2: 0.4770603349729729 , std 0.3739846144074626 
2023-05-13 15:28:53,122 INFO intercept: 6.989672443465516e-07 , std 2.795057805605699e-05 
2023-05-13 15:28:53,122 INFO ofi_add_1: 7.20616588482693e-05 , std 9.510987870847197e-05 
2023-05-13 15:28:53,122 INFO ofi_add_2: 0.00027730174694941343 , std 0.00016246529975754163 
2023-05-13 15:28:53,122 INFO ofi_cancel_1: 0.00010316295359984491 , std 0.00012441385171304355 
2023-05-13 15:28:53,122 INFO ofi_cancel_2: 0.00027590727843637355 , std 0.00017803876043072687 
2023-05-13 15:28:53,122 INFO ofi_trade_1: 0.00037776941893523315 , std 0.00037603364716446206 
2023-05-13 15:28:53,122 INFO ofi_trade_2: 0.0004167616390399977 , std 0.00041102098555496544 
2023-05-13 15:28:53,122 INFO used_intercept: 0.9994249568717654 , std 0.023973161110610503 
2023-05-13 15:28:53,122 INFO used_ofi_add_1: 0.8596894767107534 , std 0.34730891198404984 
2023-05-13 15:28:53,122 INFO used_ofi_add_2: 0.9907993099482462 , std 0.09547794171600808 
2023-05-13 15:28:53,122 INFO used_ofi_cancel_1: 0.8113858539390454 , std 0.3912018021004651 
2023-05-13 15:28:53,122 INFO used_ofi_cancel_2: 0.948821161587119 , std 0.22036234912432112 
2023-05-13 15:28:53,122 INFO used_ofi_trade_1: 0.9200690051753881 , std 0.27118633979417134 
2023-05-13 15:28:53,122 INFO used_ofi_trade_2: 0.9154686601495112 , std 0.2781830196715284 
2023-05-13 15:28:53,123 INFO Grouping by ofi type:
2023-05-13 15:28:53,123 INFO add: 1.8504887866589996
2023-05-13 15:28:53,123 INFO cancel: 1.7602070155261644
2023-05-13 15:28:53,123 INFO trade: 1.8355376653248994
2023-05-13 15:28:53,123 INFO Grouping by level:
2023-05-13 15:28:53,123 INFO 1: 2.591144335825187
2023-05-13 15:28:53,123 INFO 2: 2.8550891316848763
2023-05-13 15:28:53,123 INFO Non empty regressions: 0.9953996549741231 --- 1731 / 1739
