2023-05-13 15:28:27,766 INFO Starting...
2023-05-13 15:28:27,766 INFO Tickers: ['CVS']
2023-05-13 15:28:29,689 INFO in_r2: 0.8644659728919238 , std 0.09438446334292015 
2023-05-13 15:28:29,689 INFO os_r2: 0.8197111563493837 , std 0.2355721936766684 
2023-05-13 15:28:29,689 INFO intercept: -3.527281527290791e-07 , std 1.4052268219896077e-05 
2023-05-13 15:28:29,689 INFO ofi_add_1: 0.00018514376217026811 , std 0.00011540291379398742 
2023-05-13 15:28:29,689 INFO ofi_add_2: 0.00047110123518133174 , std 0.00016972674056115638 
2023-05-13 15:28:29,689 INFO ofi_cancel_1: 0.0001435252807346955 , std 0.0001127112939029649 
2023-05-13 15:28:29,689 INFO ofi_cancel_2: 0.00045888107849694583 , std 0.00016962493430393153 
2023-05-13 15:28:29,689 INFO ofi_trade_1: 0.00015496192831934455 , std 0.0002180285545594173 
2023-05-13 15:28:29,689 INFO ofi_trade_2: 0.000457472912004499 , std 0.00019571448882656225 
2023-05-13 15:28:29,689 INFO used_intercept: 0.99984776982798 , std 0.01233722002700856 
2023-05-13 15:28:29,690 INFO used_ofi_add_1: 0.9866037448622317 , std 0.11496432266599982 
2023-05-13 15:28:29,690 INFO used_ofi_add_2: 0.9974120870756584 , std 0.050805665343912475 
2023-05-13 15:28:29,690 INFO used_ofi_cancel_1: 0.9008981580149186 , std 0.29879870632291133 
2023-05-13 15:28:29,690 INFO used_ofi_cancel_2: 0.9922362612269752 , std 0.08776937468894856 
2023-05-13 15:28:29,690 INFO used_ofi_trade_1: 0.6093773785964378 , std 0.4878899353864265 
2023-05-13 15:28:29,690 INFO used_ofi_trade_2: 0.991931800882935 , std 0.08946006528095313 
2023-05-13 15:28:29,691 INFO Grouping by ofi type:
2023-05-13 15:28:29,691 INFO add: 1.98401583193789
2023-05-13 15:28:29,691 INFO cancel: 1.8931344192418937
2023-05-13 15:28:29,691 INFO trade: 1.6013091794793728
2023-05-13 15:28:29,691 INFO Grouping by level:
2023-05-13 15:28:29,691 INFO 1: 2.4968792814735883
2023-05-13 15:28:29,691 INFO 2: 2.981580149185569
2023-05-13 15:28:29,691 INFO Non empty regressions: 0.9996955396559598 --- 6567 / 6569
