2023-05-13 15:27:13,338 INFO Starting...
2023-05-13 15:27:13,338 INFO Tickers: ['CVX']
2023-05-13 15:27:15,334 INFO in_r2: 0.8614593277940334 , std 0.06424447938917134 
2023-05-13 15:27:15,334 INFO os_r2: 0.8290736207035673 , std 0.18050838568321556 
2023-05-13 15:27:15,334 INFO intercept: 1.9708853301578536e-07 , std 1.013611034290336e-05 
2023-05-13 15:27:15,334 INFO ofi_add_1: 0.00012034686570192802 , std 7.900303238706051e-05 
2023-05-13 15:27:15,334 INFO ofi_add_2: 0.00032531158583135 , std 7.580004854205208e-05 
2023-05-13 15:27:15,334 INFO ofi_cancel_1: 0.00010589601191891653 , std 8.37802124224121e-05 
2023-05-13 15:27:15,334 INFO ofi_cancel_2: 0.00031752615908318054 , std 7.495822157987524e-05 
2023-05-13 15:27:15,334 INFO ofi_trade_1: 0.00014705668354764477 , std 0.0001775353121725048 
2023-05-13 15:27:15,334 INFO ofi_trade_2: 0.0003490155537872649 , std 0.00011392306975789254 
2023-05-13 15:27:15,334 INFO used_intercept: 0.9997262898590393 , std 0.016541923217070556 
2023-05-13 15:27:15,334 INFO used_ofi_add_1: 0.9634596961817435 , std 0.1876302481347983 
2023-05-13 15:27:15,334 INFO used_ofi_add_2: 0.9994525797180785 , std 0.023390609503738596 
2023-05-13 15:27:15,334 INFO used_ofi_cancel_1: 0.8760093061447927 , std 0.3295709357520951 
2023-05-13 15:27:15,334 INFO used_ofi_cancel_2: 0.9989051594361571 , std 0.033070256847848256 
2023-05-13 15:27:15,334 INFO used_ofi_trade_1: 0.6062679622280005 , std 0.488576626747441 
2023-05-13 15:27:15,334 INFO used_ofi_trade_2: 0.9969891884494321 , std 0.05478819730904563 
2023-05-13 15:27:15,335 INFO Grouping by ofi type:
2023-05-13 15:27:15,335 INFO add: 1.962912275899822
2023-05-13 15:27:15,335 INFO cancel: 1.8749144655809498
2023-05-13 15:27:15,335 INFO trade: 1.6032571506774325
2023-05-13 15:27:15,335 INFO Grouping by level:
2023-05-13 15:27:15,335 INFO 1: 2.445736964554537
2023-05-13 15:27:15,335 INFO 2: 2.9953469276036677
2023-05-13 15:27:15,335 INFO Non empty regressions: 1.0 --- 7307 / 7307
