2023-05-13 15:26:37,659 INFO Starting...
2023-05-13 15:26:37,659 INFO Tickers: ['FB']
2023-05-13 15:26:39,716 INFO in_r2: 0.8511640513234344 , std 0.07741736978503472 
2023-05-13 15:26:39,717 INFO os_r2: 0.805066623684867 , std 0.21829955926323577 
2023-05-13 15:26:39,717 INFO intercept: 5.898181433180046e-07 , std 1.1969003113041936e-05 
2023-05-13 15:26:39,717 INFO ofi_add_1: 6.399757032103815e-05 , std 6.148115146392474e-05 
2023-05-13 15:26:39,717 INFO ofi_add_2: 0.00025524887669037114 , std 6.863078479512164e-05 
2023-05-13 15:26:39,717 INFO ofi_cancel_1: 5.5054775917643394e-05 , std 5.838892955273402e-05 
2023-05-13 15:26:39,717 INFO ofi_cancel_2: 0.0002474515550211078 , std 6.645294803312304e-05 
2023-05-13 15:26:39,717 INFO ofi_trade_1: 2.5755485166731212e-05 , std 8.742705323009491e-05 
2023-05-13 15:26:39,717 INFO ofi_trade_2: 0.00025073968211700756 , std 8.025002604229568e-05 
2023-05-13 15:26:39,717 INFO used_intercept: 1.0 , std 0.0 
2023-05-13 15:26:39,717 INFO used_ofi_add_1: 0.8792868807838867 , std 0.32579358812786613 
2023-05-13 15:26:39,717 INFO used_ofi_add_2: 0.9978225367446925 , std 0.046612465168443425 
2023-05-13 15:26:39,717 INFO used_ofi_cancel_1: 0.7935492651061513 , std 0.4047577410694433 
2023-05-13 15:26:39,717 INFO used_ofi_cancel_2: 0.9948285247686446 , std 0.07172678073974147 
2023-05-13 15:26:39,717 INFO used_ofi_trade_1: 0.5189167120304845 , std 0.49964202986333695 
2023-05-13 15:26:39,717 INFO used_ofi_trade_2: 0.9968698965704954 , std 0.055859698191318856 
2023-05-13 15:26:39,718 INFO Grouping by ofi type:
2023-05-13 15:26:39,718 INFO add: 1.8771094175285792
2023-05-13 15:26:39,718 INFO cancel: 1.788377789874796
2023-05-13 15:26:39,718 INFO trade: 1.51578660860098
2023-05-13 15:26:39,718 INFO Grouping by level:
2023-05-13 15:26:39,718 INFO 1: 2.1917528579205223
2023-05-13 15:26:39,718 INFO 2: 2.9895209580838324
2023-05-13 15:26:39,718 INFO Non empty regressions: 1.0 --- 7348 / 7348
