2023-05-13 15:28:44,053 INFO Starting...
2023-05-13 15:28:44,053 INFO Tickers: ['GILD']
2023-05-13 15:28:46,198 INFO in_r2: 0.888820335474918 , std 0.0685861470983659 
2023-05-13 15:28:46,199 INFO os_r2: 0.8471232671539125 , std 0.17082871390695506 
2023-05-13 15:28:46,199 INFO intercept: -3.856573097483288e-07 , std 1.1379201551139769e-05 
2023-05-13 15:28:46,199 INFO ofi_add_1: 0.000155275313132546 , std 0.00010176291683299762 
2023-05-13 15:28:46,199 INFO ofi_add_2: 0.00045009924349282055 , std 0.00013744182840969108 
2023-05-13 15:28:46,199 INFO ofi_cancel_1: 0.000123667420947389 , std 9.883500911868027e-05 
2023-05-13 15:28:46,199 INFO ofi_cancel_2: 0.00043381257602899815 , std 0.00014202950087257205 
2023-05-13 15:28:46,199 INFO ofi_trade_1: 0.00012297135228398688 , std 0.00017087268841599638 
2023-05-13 15:28:46,199 INFO ofi_trade_2: 0.00045132775553306527 , std 0.00015380699760764196 
2023-05-13 15:28:46,199 INFO used_intercept: 1.0 , std 0.0 
2023-05-13 15:28:46,199 INFO used_ofi_add_1: 0.9717110683878055 , std 0.16579706861231003 
2023-05-13 15:28:46,199 INFO used_ofi_add_2: 0.9987640758033507 , std 0.035133981955215506 
2023-05-13 15:28:46,199 INFO used_ofi_cancel_1: 0.8674814611370503 , std 0.3390536472603984 
2023-05-13 15:28:46,199 INFO used_ofi_cancel_2: 0.9925844548201044 , std 0.08579367616310984 
2023-05-13 15:28:46,199 INFO used_ofi_trade_1: 0.565778632243889 , std 0.49565428631267094 
2023-05-13 15:28:46,199 INFO used_ofi_trade_2: 0.9980774512496566 , std 0.04380470929758427 
2023-05-13 15:28:46,199 INFO Grouping by ofi type:
2023-05-13 15:28:46,200 INFO add: 1.9704751441911563
2023-05-13 15:28:46,200 INFO cancel: 1.8600659159571546
2023-05-13 15:28:46,200 INFO trade: 1.5638560834935458
2023-05-13 15:28:46,200 INFO Grouping by level:
2023-05-13 15:28:46,200 INFO 1: 2.404971161768745
2023-05-13 15:28:46,200 INFO 2: 2.9894259818731115
2023-05-13 15:28:46,200 INFO Non empty regressions: 1.0 --- 7282 / 7282
