2023-05-13 15:26:45,625 INFO Starting...
2023-05-13 15:26:45,625 INFO Tickers: ['GOOGL']
2023-05-13 15:26:47,658 INFO in_r2: 0.5968982986393827 , std 0.12649238249073227 
2023-05-13 15:26:47,659 INFO os_r2: 0.4535353991680887 , std 0.42719955305532575 
2023-05-13 15:26:47,659 INFO intercept: 8.295063850820372e-07 , std 2.060896878139162e-05 
2023-05-13 15:26:47,659 INFO ofi_add_1: 2.9118311509710318e-05 , std 3.742397023288138e-05 
2023-05-13 15:26:47,659 INFO ofi_add_2: 0.00012424919719638796 , std 7.793809901006376e-05 
2023-05-13 15:26:47,659 INFO ofi_cancel_1: 3.1923613683290416e-05 , std 4.3360492252230105e-05 
2023-05-13 15:26:47,659 INFO ofi_cancel_2: 0.00012425755826746507 , std 8.057735739261463e-05 
2023-05-13 15:26:47,659 INFO ofi_trade_1: 0.00014564164098940357 , std 0.00010856313488673253 
2023-05-13 15:26:47,659 INFO ofi_trade_2: 0.00014984610814552032 , std 0.00012193398926346554 
2023-05-13 15:26:47,659 INFO used_intercept: 1.0 , std 0.0 
2023-05-13 15:26:47,659 INFO used_ofi_add_1: 0.8850190114068441 , std 0.3189989982042208 
2023-05-13 15:26:47,659 INFO used_ofi_add_2: 0.9872243346007604 , std 0.11230515470291745 
2023-05-13 15:26:47,659 INFO used_ofi_cancel_1: 0.7972623574144486 , std 0.40203866836960417 
2023-05-13 15:26:47,659 INFO used_ofi_cancel_2: 0.9593916349809886 , std 0.19738116857870242 
2023-05-13 15:26:47,659 INFO used_ofi_trade_1: 0.9478326996197719 , std 0.22236428029534597 
2023-05-13 15:26:47,659 INFO used_ofi_trade_2: 0.9181749049429658 , std 0.2740980643418365 
2023-05-13 15:26:47,660 INFO Grouping by ofi type:
2023-05-13 15:26:47,660 INFO add: 1.8722433460076044
2023-05-13 15:26:47,660 INFO cancel: 1.7566539923954372
2023-05-13 15:26:47,660 INFO trade: 1.8660076045627378
2023-05-13 15:26:47,660 INFO Grouping by level:
2023-05-13 15:26:47,660 INFO 1: 2.6301140684410647
2023-05-13 15:26:47,660 INFO 2: 2.864790874524715
2023-05-13 15:26:47,660 INFO Non empty regressions: 0.9972623574144487 --- 6557 / 6575
