2023-05-13 15:26:43,639 INFO Starting...
2023-05-13 15:26:43,639 INFO Tickers: ['GOOG']
2023-05-13 15:26:45,621 INFO in_r2: 0.5751871295258844 , std 0.1333528254166944 
2023-05-13 15:26:45,622 INFO os_r2: 0.4261985261135003 , std 0.41021216110662384 
2023-05-13 15:26:45,622 INFO intercept: 3.336694514888789e-06 , std 2.0623107722927596e-05 
2023-05-13 15:26:45,622 INFO ofi_add_1: 3.1577415242598606e-05 , std 3.659533317059586e-05 
2023-05-13 15:26:45,622 INFO ofi_add_2: 0.00011242326844897017 , std 6.86313039843766e-05 
2023-05-13 15:26:45,622 INFO ofi_cancel_1: 3.338874726251585e-05 , std 4.27500760461755e-05 
2023-05-13 15:26:45,622 INFO ofi_cancel_2: 0.00011560082896466243 , std 7.344653796041976e-05 
2023-05-13 15:26:45,622 INFO ofi_trade_1: 0.00017741054334399398 , std 0.00012843375535321624 
2023-05-13 15:26:45,622 INFO ofi_trade_2: 0.0001342988454109717 , std 0.00011633842392983278 
2023-05-13 15:26:45,622 INFO used_intercept: 1.0 , std 0.0 
2023-05-13 15:26:45,622 INFO used_ofi_add_1: 0.9008755008161449 , std 0.298829103076332 
2023-05-13 15:26:45,622 INFO used_ofi_add_2: 0.983231933521294 , std 0.12840131784865655 
2023-05-13 15:26:45,622 INFO used_ofi_cancel_1: 0.7943315031903844 , std 0.40418927030500057 
2023-05-13 15:26:45,622 INFO used_ofi_cancel_2: 0.9479151209378246 , std 0.22219820979308985 
2023-05-13 15:26:45,622 INFO used_ofi_trade_1: 0.9563733491615967 , std 0.2042629828799809 
2023-05-13 15:26:45,622 INFO used_ofi_trade_2: 0.8812880249295147 , std 0.3234492882127733 
2023-05-13 15:26:45,623 INFO Grouping by ofi type:
2023-05-13 15:26:45,623 INFO add: 1.8841074343374389
2023-05-13 15:26:45,623 INFO cancel: 1.7422466241282089
2023-05-13 15:26:45,623 INFO trade: 1.8376613740911114
2023-05-13 15:26:45,623 INFO Grouping by level:
2023-05-13 15:26:45,623 INFO 1: 2.651580353168126
2023-05-13 15:26:45,623 INFO 2: 2.8124350793886332
2023-05-13 15:26:45,623 INFO Non empty regressions: 0.9962902507790473 --- 6714 / 6739
