2023-05-13 15:27:38,890 INFO Starting...
2023-05-13 15:27:38,890 INFO Tickers: ['MCD']
2023-05-13 15:27:40,658 INFO in_r2: 0.804673769372847 , std 0.08430385894139955 
2023-05-13 15:27:40,658 INFO os_r2: 0.7418038909255796 , std 0.48725876996268935 
2023-05-13 15:27:40,658 INFO intercept: -6.344005228910268e-08 , std 8.371164204718131e-06 
2023-05-13 15:27:40,658 INFO ofi_add_1: 0.0001204645412894784 , std 6.984965829825323e-05 
2023-05-13 15:27:40,658 INFO ofi_add_2: 0.00026631214940296764 , std 7.626125111387334e-05 
2023-05-13 15:27:40,658 INFO ofi_cancel_1: 9.617326448450492e-05 , std 7.40452506545139e-05 
2023-05-13 15:27:40,658 INFO ofi_cancel_2: 0.0002569239808976629 , std 7.873635719354437e-05 
2023-05-13 15:27:40,658 INFO ofi_trade_1: 0.0001694455290998597 , std 0.00015230838857327293 
2023-05-13 15:27:40,658 INFO ofi_trade_2: 0.0003010432426805421 , std 0.00012900905501696657 
2023-05-13 15:27:40,658 INFO used_intercept: 0.9992609016999261 , std 0.027176313837176995 
2023-05-13 15:27:40,658 INFO used_ofi_add_1: 0.967849223946785 , std 0.17640040717750932 
2023-05-13 15:27:40,658 INFO used_ofi_add_2: 0.9985218033998522 , std 0.03841889554580052 
2023-05-13 15:27:40,659 INFO used_ofi_cancel_1: 0.8457132298595713 , std 0.36122342490495163 
2023-05-13 15:27:40,659 INFO used_ofi_cancel_2: 0.995750184774575 , std 0.06505193537455076 
2023-05-13 15:27:40,659 INFO used_ofi_trade_1: 0.7843680709534369 , std 0.4112600153457921 
2023-05-13 15:27:40,659 INFO used_ofi_trade_2: 0.99150036954915 , std 0.09180079919613417 
2023-05-13 15:27:40,660 INFO Grouping by ofi type:
2023-05-13 15:27:40,660 INFO add: 1.966371027346637
2023-05-13 15:27:40,660 INFO cancel: 1.8414634146341462
2023-05-13 15:27:40,660 INFO trade: 1.7758684405025869
2023-05-13 15:27:40,660 INFO Grouping by level:
2023-05-13 15:27:40,660 INFO 1: 2.597930524759793
2023-05-13 15:27:40,660 INFO 2: 2.985772357723577
2023-05-13 15:27:40,660 INFO Non empty regressions: 0.9990761271249076 --- 5407 / 5412
