2023-05-13 15:28:33,986 INFO Starting...
2023-05-13 15:28:33,987 INFO Tickers: ['MO']
2023-05-13 15:28:35,956 INFO in_r2: 0.9047455435402912 , std 0.05398073012681189 
2023-05-13 15:28:35,956 INFO os_r2: 0.87072423746977 , std 0.12527933980260655 
2023-05-13 15:28:35,956 INFO intercept: 4.6849089334304235e-07 , std 1.0982929496086522e-05 
2023-05-13 15:28:35,956 INFO ofi_add_1: 0.000144763056675539 , std 0.00010316696731717834 
2023-05-13 15:28:35,956 INFO ofi_add_2: 0.0005057609017570908 , std 0.0001903938668900733 
2023-05-13 15:28:35,956 INFO ofi_cancel_1: 0.00010439780140478319 , std 9.634206643259732e-05 
2023-05-13 15:28:35,956 INFO ofi_cancel_2: 0.0004901500216033818 , std 0.0001943704291625438 
2023-05-13 15:28:35,956 INFO ofi_trade_1: 9.868564092578118e-05 , std 0.00017971073111721373 
2023-05-13 15:28:35,956 INFO ofi_trade_2: 0.0005029627282303509 , std 0.00020679121450496238 
2023-05-13 15:28:35,956 INFO used_intercept: 1.0 , std 0.0 
2023-05-13 15:28:35,956 INFO used_ofi_add_1: 0.9710587550901687 , std 0.16764143059787 
2023-05-13 15:28:35,956 INFO used_ofi_add_2: 0.9982547993019197 , std 0.04173912999337312 
2023-05-13 15:28:35,956 INFO used_ofi_cancel_1: 0.8440954043048284 , std 0.3627648725225428 
2023-05-13 15:28:35,956 INFO used_ofi_cancel_2: 0.9909831297265852 , std 0.09452812451269295 
2023-05-13 15:28:35,956 INFO used_ofi_trade_1: 0.43455497382198954 , std 0.49569844517464395 
2023-05-13 15:28:35,956 INFO used_ofi_trade_2: 0.9941826643397323 , std 0.07604928839958582 
2023-05-13 15:28:35,957 INFO Grouping by ofi type:
2023-05-13 15:28:35,957 INFO add: 1.9693135543920883
2023-05-13 15:28:35,957 INFO cancel: 1.8350785340314135
2023-05-13 15:28:35,957 INFO trade: 1.4287376381617218
2023-05-13 15:28:35,957 INFO Grouping by level:
2023-05-13 15:28:35,957 INFO 1: 2.2497091332169865
2023-05-13 15:28:35,957 INFO 2: 2.9834205933682374
2023-05-13 15:28:35,957 INFO Non empty regressions: 1.0 --- 6876 / 6876
