2023-05-13 15:27:57,473 INFO Starting...
2023-05-13 15:27:57,473 INFO Tickers: ['PYPL']
2023-05-13 15:27:59,475 INFO in_r2: 0.8887296787303901 , std 0.06832123552341934 
2023-05-13 15:27:59,476 INFO os_r2: 0.8479709141246403 , std 0.1828874662899035 
2023-05-13 15:27:59,476 INFO intercept: 2.572499913702248e-07 , std 1.2900197319980176e-05 
2023-05-13 15:27:59,476 INFO ofi_add_1: 0.0001385392106593634 , std 0.00010530376315766784 
2023-05-13 15:27:59,476 INFO ofi_add_2: 0.0004667517914662703 , std 0.0001720412567685875 
2023-05-13 15:27:59,476 INFO ofi_cancel_1: 0.00010322351207335737 , std 9.762654401989663e-05 
2023-05-13 15:27:59,476 INFO ofi_cancel_2: 0.0004368096519633015 , std 0.00017097840339569032 
2023-05-13 15:27:59,476 INFO ofi_trade_1: 0.00011897288845919562 , std 0.00016370608736398782 
2023-05-13 15:27:59,476 INFO ofi_trade_2: 0.00046446017095199484 , std 0.000186361954226088 
2023-05-13 15:27:59,476 INFO used_intercept: 0.9995896594173164 , std 0.02025270854206494 
2023-05-13 15:27:59,476 INFO used_ofi_add_1: 0.9662152920257147 , std 0.18067457342243148 
2023-05-13 15:27:59,476 INFO used_ofi_add_2: 0.9965804951443031 , std 0.05837646651039065 
2023-05-13 15:27:59,476 INFO used_ofi_cancel_1: 0.8026261797291753 , std 0.39801682796400073 
2023-05-13 15:27:59,476 INFO used_ofi_cancel_2: 0.9727807413486527 , std 0.16272175825567503 
2023-05-13 15:27:59,476 INFO used_ofi_trade_1: 0.5866502530433593 , std 0.49243449680898865 
2023-05-13 15:27:59,476 INFO used_ofi_trade_2: 0.9913828477636438 , std 0.09242779302618687 
2023-05-13 15:27:59,478 INFO Grouping by ofi type:
2023-05-13 15:27:59,478 INFO add: 1.962795787170018
2023-05-13 15:27:59,478 INFO cancel: 1.775406921077828
2023-05-13 15:27:59,478 INFO trade: 1.5780331008070032
2023-05-13 15:27:59,478 INFO Grouping by level:
2023-05-13 15:27:59,478 INFO 1: 2.355491724798249
2023-05-13 15:27:59,478 INFO 2: 2.9607440842565995
2023-05-13 15:27:59,479 INFO Non empty regressions: 0.9998632198057721 --- 7310 / 7311
