2023-05-13 15:28:22,196 INFO Starting...
2023-05-13 15:28:22,196 INFO Tickers: ['QCOM']
2023-05-13 15:28:24,195 INFO in_r2: 0.9095881556453256 , std 0.06606199445223256 
2023-05-13 15:28:24,195 INFO os_r2: 0.8647902134854127 , std 0.23943863620527847 
2023-05-13 15:28:24,195 INFO intercept: -1.4639642095037948e-06 , std 1.2400794556308667e-05 
2023-05-13 15:28:24,195 INFO ofi_add_1: 0.00013790027882485084 , std 9.720056347205477e-05 
2023-05-13 15:28:24,195 INFO ofi_add_2: 0.0005043400014269956 , std 0.0001464361188428372 
2023-05-13 15:28:24,195 INFO ofi_cancel_1: 9.824849281313595e-05 , std 9.098923825464441e-05 
2023-05-13 15:28:24,195 INFO ofi_cancel_2: 0.00047237099439296126 , std 0.000165942469702854 
2023-05-13 15:28:24,195 INFO ofi_trade_1: 7.845292574052565e-05 , std 0.00015277115059310854 
2023-05-13 15:28:24,195 INFO ofi_trade_2: 0.0005011372000210486 , std 0.00015757045334054888 
2023-05-13 15:28:24,195 INFO used_intercept: 0.999720005599888 , std 0.016730690459389408 
2023-05-13 15:28:24,195 INFO used_ofi_add_1: 0.9771804563908721 , std 0.14932786758873554 
2023-05-13 15:28:24,195 INFO used_ofi_add_2: 0.994960100797984 , std 0.07081312461718858 
2023-05-13 15:28:24,195 INFO used_ofi_cancel_1: 0.8377432451350973 , std 0.36868618141396836 
2023-05-13 15:28:24,195 INFO used_ofi_cancel_2: 0.9706005879882402 , std 0.1689233156942006 
2023-05-13 15:28:24,195 INFO used_ofi_trade_1: 0.5182696346073079 , std 0.4996661089680942 
2023-05-13 15:28:24,195 INFO used_ofi_trade_2: 0.991180176396472 , std 0.09349884659786224 
2023-05-13 15:28:24,196 INFO Grouping by ofi type:
2023-05-13 15:28:24,196 INFO add: 1.9721405571888562
2023-05-13 15:28:24,196 INFO cancel: 1.8083438331233377
2023-05-13 15:28:24,196 INFO trade: 1.50944981100378
2023-05-13 15:28:24,196 INFO Grouping by level:
2023-05-13 15:28:24,196 INFO 1: 2.3331933361332773
2023-05-13 15:28:24,196 INFO 2: 2.956740865182696
2023-05-13 15:28:24,196 INFO Non empty regressions: 0.999580008399832 --- 7140 / 7143
