2023-05-13 15:28:08,369 INFO Starting...
2023-05-13 15:28:08,369 INFO Tickers: ['UTX']
2023-05-13 15:28:10,203 INFO in_r2: 0.8370915304756452 , std 0.06665303909708531 
2023-05-13 15:28:10,203 INFO os_r2: 0.7900373347750166 , std 0.48373084674788613 
2023-05-13 15:28:10,203 INFO intercept: -8.612275056743808e-07 , std 1.1686715673714057e-05 
2023-05-13 15:28:10,203 INFO ofi_add_1: 0.00013660313753792778 , std 8.085445716614218e-05 
2023-05-13 15:28:10,204 INFO ofi_add_2: 0.0003318448225956149 , std 9.572810978331706e-05 
2023-05-13 15:28:10,204 INFO ofi_cancel_1: 0.00012777724231242507 , std 9.27390361395699e-05 
2023-05-13 15:28:10,204 INFO ofi_cancel_2: 0.00032133230509977554 , std 9.511711153203971e-05 
2023-05-13 15:28:10,204 INFO ofi_trade_1: 0.00019500825311151573 , std 0.000182598457392138 
2023-05-13 15:28:10,204 INFO ofi_trade_2: 0.00036716776720210355 , std 0.00015072598800927467 
2023-05-13 15:28:10,204 INFO used_intercept: 0.9998094512195121 , std 0.013802625534660407 
2023-05-13 15:28:10,204 INFO used_ofi_add_1: 0.9668445121951219 , std 0.17904245706898303 
2023-05-13 15:28:10,204 INFO used_ofi_add_2: 0.9996189024390244 , std 0.019518000041618716 
2023-05-13 15:28:10,204 INFO used_ofi_cancel_1: 0.8942454268292683 , std 0.3075232404619333 
2023-05-13 15:28:10,204 INFO used_ofi_cancel_2: 0.9982850609756098 , std 0.04137629766584811 
2023-05-13 15:28:10,204 INFO used_ofi_trade_1: 0.7673399390243902 , std 0.4225273446801228 
2023-05-13 15:28:10,204 INFO used_ofi_trade_2: 0.9963795731707317 , std 0.06006096351909622 
2023-05-13 15:28:10,204 INFO Grouping by ofi type:
2023-05-13 15:28:10,205 INFO add: 1.9664634146341462
2023-05-13 15:28:10,205 INFO cancel: 1.892530487804878
2023-05-13 15:28:10,205 INFO trade: 1.763719512195122
2023-05-13 15:28:10,205 INFO Grouping by level:
2023-05-13 15:28:10,205 INFO 1: 2.6284298780487805
2023-05-13 15:28:10,205 INFO 2: 2.9942835365853657
2023-05-13 15:28:10,205 INFO Non empty regressions: 0.9998094512195121 --- 5247 / 5248
