2023-05-13 15:27:07,345 INFO Starting...
2023-05-13 15:27:07,345 INFO Tickers: ['VZ']
2023-05-13 15:27:09,374 INFO in_r2: 0.9251179626075489 , std 0.04432723282472291 
2023-05-13 15:27:09,374 INFO os_r2: 0.8860661660175927 , std 0.12389398846069878 
2023-05-13 15:27:09,374 INFO intercept: -5.0462218027034025e-08 , std 7.12973863102298e-06 
2023-05-13 15:27:09,374 INFO ofi_add_1: 0.00012709227660831048 , std 0.00010357124111810404 
2023-05-13 15:27:09,374 INFO ofi_add_2: 0.0004990538677206543 , std 0.0001693923429773943 
2023-05-13 15:27:09,374 INFO ofi_cancel_1: 8.613677743635502e-05 , std 9.80300160726933e-05 
2023-05-13 15:27:09,374 INFO ofi_cancel_2: 0.0004300040004164233 , std 0.0001984021103538651 
2023-05-13 15:27:09,374 INFO ofi_trade_1: 5.5568913413997366e-05 , std 0.00015550904491374996 
2023-05-13 15:27:09,374 INFO ofi_trade_2: 0.000501705055427224 , std 0.00017939908242318908 
2023-05-13 15:27:09,374 INFO used_intercept: 0.9997248589902324 , std 0.01658509292082049 
2023-05-13 15:27:09,374 INFO used_ofi_add_1: 0.9485486311734764 , std 0.22091655771444707 
2023-05-13 15:27:09,374 INFO used_ofi_add_2: 0.9964231668730225 , std 0.05969957614388339 
2023-05-13 15:27:09,374 INFO used_ofi_cancel_1: 0.737790617691567 , std 0.4398359036480118 
2023-05-13 15:27:09,374 INFO used_ofi_cancel_2: 0.9555647269225478 , std 0.20606013584384644 
2023-05-13 15:27:09,374 INFO used_ofi_trade_1: 0.30237996973448894 , std 0.45928893263158266 
2023-05-13 15:27:09,374 INFO used_ofi_trade_2: 0.9841793919383685 , std 0.12478107397434848 
2023-05-13 15:27:09,375 INFO Grouping by ofi type:
2023-05-13 15:27:09,375 INFO add: 1.944971798046499
2023-05-13 15:27:09,375 INFO cancel: 1.6933553446141147
2023-05-13 15:27:09,375 INFO trade: 1.2865593616728574
2023-05-13 15:27:09,375 INFO Grouping by level:
2023-05-13 15:27:09,375 INFO 1: 1.9887192185995324
2023-05-13 15:27:09,375 INFO 2: 2.936167285733939
2023-05-13 15:27:09,375 INFO Non empty regressions: 0.9998624294951163 --- 7268 / 7269
