2023-05-13 15:27:15,337 INFO Starting...
2023-05-13 15:27:15,337 INFO Tickers: ['WFC']
2023-05-13 15:27:17,358 INFO in_r2: 0.9437304784446995 , std 0.03426337651599904 
2023-05-13 15:27:17,358 INFO os_r2: 0.9208172203187804 , std 0.07362282040933134 
2023-05-13 15:27:17,358 INFO intercept: 1.949695961817622e-07 , std 8.092453240557627e-06 
2023-05-13 15:27:17,358 INFO ofi_add_1: 0.00011027194396637845 , std 8.577578298814444e-05 
2023-05-13 15:27:17,358 INFO ofi_add_2: 0.0005387317388401861 , std 0.00015483344683004264 
2023-05-13 15:27:17,358 INFO ofi_cancel_1: 8.433301952108209e-05 , std 8.243610152988256e-05 
2023-05-13 15:27:17,358 INFO ofi_cancel_2: 0.0004915735626287479 , std 0.0001686464497041029 
2023-05-13 15:27:17,358 INFO ofi_trade_1: 5.4430179701388006e-05 , std 0.00013651592342754754 
2023-05-13 15:27:17,358 INFO ofi_trade_2: 0.0005390688519962979 , std 0.00015620427769205645 
2023-05-13 15:27:17,358 INFO used_intercept: 0.9998639085465433 , std 0.011665030328851227 
2023-05-13 15:27:17,358 INFO used_ofi_add_1: 0.9676102340773 , std 0.1770329601689266 
2023-05-13 15:27:17,358 INFO used_ofi_add_2: 0.999047359825803 , std 0.030850164519748778 
2023-05-13 15:27:17,358 INFO used_ofi_cancel_1: 0.8281164942841589 , std 0.3772791621315355 
2023-05-13 15:27:17,358 INFO used_ofi_cancel_2: 0.9855743059335874 , std 0.11923755036528928 
2023-05-13 15:27:17,358 INFO used_ofi_trade_1: 0.32212847033206315 , std 0.4672918990669411 
2023-05-13 15:27:17,358 INFO used_ofi_trade_2: 0.9968698965704954 , std 0.05585969819131886 
2023-05-13 15:27:17,359 INFO Grouping by ofi type:
2023-05-13 15:27:17,359 INFO add: 1.9666575939031028
2023-05-13 15:27:17,359 INFO cancel: 1.8136908002177463
2023-05-13 15:27:17,359 INFO trade: 1.3189983669025587
2023-05-13 15:27:17,359 INFO Grouping by level:
2023-05-13 15:27:17,359 INFO 1: 2.117855198693522
2023-05-13 15:27:17,359 INFO 2: 2.981491562329886
2023-05-13 15:27:17,359 INFO Non empty regressions: 1.0 --- 7348 / 7348
