2023-05-13 15:32:53,062 INFO Starting...
2023-05-13 15:32:53,062 INFO Tickers: ['AAPL']
2023-05-13 15:32:56,861 INFO in_r2: 0.9088848606908743 , std 0.05797349159072429 
2023-05-13 15:32:56,863 INFO os_r2: 0.8718207500156665 , std 0.14983724826819206 
2023-05-13 15:32:56,863 INFO intercept: 5.904499161018703e-07 , std 7.810612171392786e-06 
2023-05-13 15:32:56,863 INFO ofi_add_1: 3.469371570612524e-05 , std 3.370871884175673e-05 
2023-05-13 15:32:56,863 INFO ofi_add_2: 4.789755221180604e-05 , std 3.664568398210102e-05 
2023-05-13 15:32:56,863 INFO ofi_add_3: 4.967884240409383e-05 , std 3.8858101195196916e-05 
2023-05-13 15:32:56,863 INFO ofi_add_4: 0.00013969092240717978 , std 4.5713669223293e-05 
2023-05-13 15:32:56,863 INFO ofi_cancel_1: 2.5922216387643325e-05 , std 3.147481805711533e-05 
2023-05-13 15:32:56,863 INFO ofi_cancel_2: 4.462237726106189e-05 , std 3.7690620411961795e-05 
2023-05-13 15:32:56,863 INFO ofi_cancel_3: 4.814290075333414e-05 , std 3.9974477844756704e-05 
2023-05-13 15:32:56,863 INFO ofi_cancel_4: 0.00014035867329994205 , std 4.639832932569802e-05 
2023-05-13 15:32:56,863 INFO ofi_trade_1: 6.030197154481379e-06 , std 3.9088732930852954e-05 
2023-05-13 15:32:56,863 INFO ofi_trade_2: 4.352140238594623e-05 , std 4.556041433856605e-05 
2023-05-13 15:32:56,863 INFO ofi_trade_3: 5.1450754958336003e-05 , std 4.480685456603049e-05 
2023-05-13 15:32:56,863 INFO ofi_trade_4: 0.0001402402965909297 , std 5.00666576963861e-05 
2023-05-13 15:32:56,863 INFO used_intercept: 1.0 , std 0.0 
2023-05-13 15:32:56,863 INFO used_ofi_add_1: 0.9069134458356015 , std 0.2905536914207028 
2023-05-13 15:32:56,863 INFO used_ofi_add_2: 0.9357648339684268 , std 0.24517138796456128 
2023-05-13 15:32:56,863 INFO used_ofi_add_3: 0.9221556886227545 , std 0.26792643498439633 
2023-05-13 15:32:56,863 INFO used_ofi_add_4: 0.9983669025585193 , std 0.04037858880926009 
2023-05-13 15:32:56,863 INFO used_ofi_cancel_1: 0.7052259118127382 , std 0.45594114216708964 
2023-05-13 15:32:56,863 INFO used_ofi_cancel_2: 0.8535655960805661 , std 0.35354118468460494 
2023-05-13 15:32:56,863 INFO used_ofi_cancel_3: 0.8847305389221557 , std 0.3193468528429044 
2023-05-13 15:32:56,863 INFO used_ofi_cancel_4: 0.9971420794774088 , std 0.053383076090440254 
2023-05-13 15:32:56,863 INFO used_ofi_trade_1: 0.3573761567773544 , std 0.47922691842633613 
2023-05-13 15:32:56,864 INFO used_ofi_trade_2: 0.7459172563962984 , std 0.43534434991913845 
2023-05-13 15:32:56,864 INFO used_ofi_trade_3: 0.8519324986390855 , std 0.3551668852830316 
2023-05-13 15:32:56,864 INFO used_ofi_trade_4: 0.9967338051170387 , std 0.057057224379984235 
2023-05-13 15:32:56,865 INFO Grouping by ofi type:
2023-05-13 15:32:56,865 INFO add: 3.763200870985302
2023-05-13 15:32:56,865 INFO cancel: 3.440664126292869
2023-05-13 15:32:56,865 INFO trade: 2.951959716929777
2023-05-13 15:32:56,865 INFO Grouping by level:
2023-05-13 15:32:56,865 INFO 1: 1.9695155144256942
2023-05-13 15:32:56,865 INFO 2: 2.5352476864452913
2023-05-13 15:32:56,865 INFO 3: 2.6588187261839957
2023-05-13 15:32:56,865 INFO 4: 2.992242787152967
2023-05-13 15:32:56,865 INFO Non empty regressions: 1.0 --- 7348 / 7348
