2023-05-13 15:34:35,668 INFO Starting...
2023-05-13 15:34:35,668 INFO Tickers: ['ABBV']
2023-05-13 15:34:38,127 INFO in_r2: 0.8945805958784576 , std 0.09537876236171117 
2023-05-13 15:34:38,127 INFO os_r2: 0.8461069966017546 , std 0.3190878909353476 
2023-05-13 15:34:38,127 INFO intercept: 7.792219551837757e-08 , std 1.2683130013937256e-05 
2023-05-13 15:34:38,127 INFO ofi_add_1: 0.00011729075620954324 , std 0.00012119951725732905 
2023-05-13 15:34:38,127 INFO ofi_add_2: 0.00014910973697299917 , std 0.00011144914880128089 
2023-05-13 15:34:38,127 INFO ofi_add_3: 0.0001441604948444823 , std 9.917916485143694e-05 
2023-05-13 15:34:38,127 INFO ofi_add_4: 0.00023317830949544285 , std 0.00011070849994154014 
2023-05-13 15:34:38,127 INFO ofi_cancel_1: 9.894131154634651e-05 , std 0.00013109678732854612 
2023-05-13 15:34:38,128 INFO ofi_cancel_2: 0.0001417842179264814 , std 0.0001201372434043525 
2023-05-13 15:34:38,128 INFO ofi_cancel_3: 0.00013493184507872412 , std 9.543671002710467e-05 
2023-05-13 15:34:38,128 INFO ofi_cancel_4: 0.00022926008602837817 , std 0.00011746212941861608 
2023-05-13 15:34:38,128 INFO ofi_trade_1: 0.00010526660384551874 , std 0.00018134342774278007 
2023-05-13 15:34:38,128 INFO ofi_trade_2: 0.0001516384854432519 , std 0.00016668655827643234 
2023-05-13 15:34:38,128 INFO ofi_trade_3: 0.0001556834481599383 , std 0.00014300528871174256 
2023-05-13 15:34:38,128 INFO ofi_trade_4: 0.00023570179930931364 , std 0.0001527774494595742 
2023-05-13 15:34:38,128 INFO used_intercept: 1.0 , std 0.0 
2023-05-13 15:34:38,128 INFO used_ofi_add_1: 0.9373182552504039 , std 0.24238965247044397 
2023-05-13 15:34:38,128 INFO used_ofi_add_2: 0.9762520193861066 , std 0.1522629765591607 
2023-05-13 15:34:38,128 INFO used_ofi_add_3: 0.9791599353796446 , std 0.14284871832457866 
2023-05-13 15:34:38,128 INFO used_ofi_add_4: 0.9935379644588045 , std 0.08012663500896444 
2023-05-13 15:34:38,128 INFO used_ofi_cancel_1: 0.7473344103392568 , std 0.43454077997597895 
2023-05-13 15:34:38,128 INFO used_ofi_cancel_2: 0.931502423263328 , std 0.2525978200972364 
2023-05-13 15:34:38,128 INFO used_ofi_cancel_3: 0.9547657512116317 , std 0.20781749571419714 
2023-05-13 15:34:38,128 INFO used_ofi_cancel_4: 0.9840064620355412 , std 0.12545016822562743 
2023-05-13 15:34:38,128 INFO used_ofi_trade_1: 0.527140549273021 , std 0.4992628471908947 
2023-05-13 15:34:38,128 INFO used_ofi_trade_2: 0.8159935379644588 , std 0.387489463037002 
2023-05-13 15:34:38,128 INFO used_ofi_trade_3: 0.8993537964458804 , std 0.30085967703276933 
2023-05-13 15:34:38,128 INFO used_ofi_trade_4: 0.9644588045234249 , std 0.1851432388737731 
2023-05-13 15:34:38,129 INFO Grouping by ofi type:
2023-05-13 15:34:38,129 INFO add: 3.886268174474959
2023-05-13 15:34:38,129 INFO cancel: 3.6176090468497577
2023-05-13 15:34:38,129 INFO trade: 3.206946688206785
2023-05-13 15:34:38,129 INFO Grouping by level:
2023-05-13 15:34:38,129 INFO 1: 2.2117932148626815
2023-05-13 15:34:38,129 INFO 2: 2.7237479806138936
2023-05-13 15:34:38,129 INFO 3: 2.8332794830371566
2023-05-13 15:34:38,129 INFO 4: 2.9420032310177704
2023-05-13 15:34:38,129 INFO Non empty regressions: 0.9996768982229403 --- 6188 / 6190
