2023-05-13 15:34:38,131 INFO Starting...
2023-05-13 15:34:38,131 INFO Tickers: ['ACN']
2023-05-13 15:34:39,991 INFO in_r2: 0.8159171085690478 , std 0.0912663928365246 
2023-05-13 15:34:39,991 INFO os_r2: 0.7402298435638601 , std 0.44746710295829006 
2023-05-13 15:34:39,991 INFO intercept: 2.1884395205661225e-07 , std 1.1114488536029526e-05 
2023-05-13 15:34:39,991 INFO ofi_add_1: 0.00011047546938775718 , std 8.008163132420734e-05 
2023-05-13 15:34:39,991 INFO ofi_add_2: 0.00012201489052774634 , std 7.709585972449483e-05 
2023-05-13 15:34:39,991 INFO ofi_add_3: 9.407905827599001e-05 , std 7.120899221048601e-05 
2023-05-13 15:34:39,991 INFO ofi_add_4: 0.00012633007375616284 , std 7.986611357275012e-05 
2023-05-13 15:34:39,991 INFO ofi_cancel_1: 0.00011745217053756763 , std 9.43900841717464e-05 
2023-05-13 15:34:39,991 INFO ofi_cancel_2: 0.00012408932909196751 , std 7.998901421328954e-05 
2023-05-13 15:34:39,992 INFO ofi_cancel_3: 8.235394388311845e-05 , std 7.209591931170161e-05 
2023-05-13 15:34:39,992 INFO ofi_cancel_4: 0.00011155218884603066 , std 8.002590430935287e-05 
2023-05-13 15:34:39,992 INFO ofi_trade_1: 0.00013593174551995813 , std 0.00016260417544324473 
2023-05-13 15:34:39,992 INFO ofi_trade_2: 0.00013836368300643214 , std 0.00015579026928940655 
2023-05-13 15:34:39,992 INFO ofi_trade_3: 0.00011781054453767649 , std 0.00014027818344380136 
2023-05-13 15:34:39,992 INFO ofi_trade_4: 0.00017094326870903582 , std 0.00016520567722188727 
2023-05-13 15:34:39,992 INFO used_intercept: 1.0 , std 0.0 
2023-05-13 15:34:39,992 INFO used_ofi_add_1: 0.9483125570082092 , std 0.2213952375927748 
2023-05-13 15:34:39,992 INFO used_ofi_add_2: 0.9784128914563697 , std 0.14533101970452075 
2023-05-13 15:34:39,992 INFO used_ofi_add_3: 0.9568257829127395 , std 0.20324911824202993 
2023-05-13 15:34:39,992 INFO used_ofi_add_4: 0.9872301611432046 , std 0.11227987385264937 
2023-05-13 15:34:39,992 INFO used_ofi_cancel_1: 0.9014898145332928 , std 0.2980032362676992 
2023-05-13 15:34:39,992 INFO used_ofi_cancel_2: 0.9644268774703557 , std 0.1852233124720946 
2023-05-13 15:34:39,992 INFO used_ofi_cancel_3: 0.9127394344785649 , std 0.28221651125742875 
2023-05-13 15:34:39,992 INFO used_ofi_cancel_4: 0.9671632715110976 , std 0.1782090843673479 
2023-05-13 15:34:39,992 INFO used_ofi_trade_1: 0.7254484645788993 , std 0.44628801218385505 
2023-05-13 15:34:39,992 INFO used_ofi_trade_2: 0.7914259653390088 , std 0.4062891910034364 
2023-05-13 15:34:39,992 INFO used_ofi_trade_3: 0.793858315597446 , std 0.4045334230372465 
2023-05-13 15:34:39,992 INFO used_ofi_trade_4: 0.8963210702341137 , std 0.3048435816750727 
2023-05-13 15:34:39,993 INFO Grouping by ofi type:
2023-05-13 15:34:39,993 INFO add: 3.870781392520523
2023-05-13 15:34:39,993 INFO cancel: 3.745819397993311
2023-05-13 15:34:39,993 INFO trade: 3.2070538157494677
2023-05-13 15:34:39,993 INFO Grouping by level:
2023-05-13 15:34:39,993 INFO 1: 2.5752508361204014
2023-05-13 15:34:39,993 INFO 2: 2.734265734265734
2023-05-13 15:34:39,993 INFO 3: 2.6634235329887503
2023-05-13 15:34:39,993 INFO 4: 2.8507145028884158
2023-05-13 15:34:39,993 INFO Non empty regressions: 0.9987838248707814 --- 3285 / 3289
