2023-05-13 15:34:03,844 INFO Starting...
2023-05-13 15:34:03,845 INFO Tickers: ['BA']
2023-05-13 15:34:05,982 INFO in_r2: 0.820712914501234 , std 0.08814973135535235 
2023-05-13 15:34:05,982 INFO os_r2: 0.7344500449867187 , std 0.6612911460962293 
2023-05-13 15:34:05,982 INFO intercept: -2.155427917666242e-07 , std 1.5667223027217914e-05 
2023-05-13 15:34:05,982 INFO ofi_add_1: 9.483038154797973e-05 , std 7.914304022952477e-05 
2023-05-13 15:34:05,982 INFO ofi_add_2: 8.965898503350892e-05 , std 6.886885436131468e-05 
2023-05-13 15:34:05,982 INFO ofi_add_3: 8.119379229907733e-05 , std 6.343107007485325e-05 
2023-05-13 15:34:05,982 INFO ofi_add_4: 0.00014426004603814647 , std 7.495569803138477e-05 
2023-05-13 15:34:05,982 INFO ofi_cancel_1: 9.508685856179863e-05 , std 8.50057346652214e-05 
2023-05-13 15:34:05,982 INFO ofi_cancel_2: 9.01476384029838e-05 , std 7.037127351140596e-05 
2023-05-13 15:34:05,982 INFO ofi_cancel_3: 7.132326174697823e-05 , std 6.301821473516627e-05 
2023-05-13 15:34:05,982 INFO ofi_cancel_4: 0.00013034281360635664 , std 7.432488533855884e-05 
2023-05-13 15:34:05,982 INFO ofi_trade_1: 8.899314409864077e-05 , std 0.00011051459557783288 
2023-05-13 15:34:05,982 INFO ofi_trade_2: 9.757509180617512e-05 , std 0.00011967883469971183 
2023-05-13 15:34:05,982 INFO ofi_trade_3: 9.460641168093013e-05 , std 0.00011235897698834774 
2023-05-13 15:34:05,982 INFO ofi_trade_4: 0.00015459436834986822 , std 0.00012662316333284426 
2023-05-13 15:34:05,983 INFO used_intercept: 0.999798549556809 , std 0.014191894197390045 
2023-05-13 15:34:05,983 INFO used_ofi_add_1: 0.9327155519742143 , std 0.2505139738211244 
2023-05-13 15:34:05,983 INFO used_ofi_add_2: 0.952256244963739 , std 0.2132235655158655 
2023-05-13 15:34:05,983 INFO used_ofi_add_3: 0.9379532634971797 , std 0.24124041741003907 
2023-05-13 15:34:05,983 INFO used_ofi_add_4: 0.9961724415793715 , std 0.06174875073363996 
2023-05-13 15:34:05,983 INFO used_ofi_cancel_1: 0.8646253021756648 , std 0.3421233535047047 
2023-05-13 15:34:05,983 INFO used_ofi_cancel_2: 0.9363416599516519 , std 0.24414330994446068 
2023-05-13 15:34:05,983 INFO used_ofi_cancel_3: 0.8960515713134569 , std 0.305193631748996 
2023-05-13 15:34:05,983 INFO used_ofi_cancel_4: 0.9856970185334408 , std 0.11873670952037745 
2023-05-13 15:34:05,983 INFO used_ofi_trade_1: 0.7272360999194198 , std 0.4453804608347917 
2023-05-13 15:34:05,983 INFO used_ofi_trade_2: 0.7755842062852538 , std 0.4171970101116817 
2023-05-13 15:34:05,983 INFO used_ofi_trade_3: 0.7763900080580177 , std 0.4166636094569442 
2023-05-13 15:34:05,983 INFO used_ofi_trade_4: 0.9097502014504432 , std 0.2865393034320444 
2023-05-13 15:34:05,984 INFO Grouping by ofi type:
2023-05-13 15:34:05,984 INFO add: 3.8190975020145044
2023-05-13 15:34:05,984 INFO cancel: 3.6827155519742147
2023-05-13 15:34:05,984 INFO trade: 3.1889605157131347
2023-05-13 15:34:05,984 INFO Grouping by level:
2023-05-13 15:34:05,984 INFO 1: 2.524576954069299
2023-05-13 15:34:05,984 INFO 2: 2.6641821112006445
2023-05-13 15:34:05,984 INFO 3: 2.6103948428686543
2023-05-13 15:34:05,984 INFO 4: 2.8916196615632557
2023-05-13 15:34:05,984 INFO Non empty regressions: 0.9993956486704271 --- 4961 / 4964
