2023-05-13 15:35:33,997 INFO Starting...
2023-05-13 15:35:33,997 INFO Tickers: ['BKNG']
2023-05-13 15:35:34,878 INFO in_r2: 0.5450977300533973 , std 0.16771905891333902 
2023-05-13 15:35:34,878 INFO os_r2: 0.16816272328610252 , std 2.0508236362730186 
2023-05-13 15:35:34,878 INFO intercept: 1.6609540960205789e-06 , std 2.5359038870082018e-05 
2023-05-13 15:35:34,878 INFO ofi_add_1: 5.8072465630333894e-05 , std 0.00010830500775541545 
2023-05-13 15:35:34,878 INFO ofi_add_2: 0.00014609963544216133 , std 0.00015403890310581136 
2023-05-13 15:35:34,878 INFO ofi_add_3: 0.00012338096609165893 , std 0.00011621153353690304 
2023-05-13 15:35:34,878 INFO ofi_add_4: 0.00018085823207154614 , std 0.00015327188498624769 
2023-05-13 15:35:34,878 INFO ofi_cancel_1: 6.740299873298382e-05 , std 0.00011301135539830933 
2023-05-13 15:35:34,878 INFO ofi_cancel_2: 0.00013710061505044414 , std 0.00015278303621140457 
2023-05-13 15:35:34,878 INFO ofi_cancel_3: 0.00012171450662514534 , std 0.0001182738973334326 
2023-05-13 15:35:34,878 INFO ofi_cancel_4: 0.00017764482849249024 , std 0.00015913549256857306 
2023-05-13 15:35:34,878 INFO ofi_trade_1: 0.00026203728350031276 , std 0.0003025650691369302 
2023-05-13 15:35:34,878 INFO ofi_trade_2: 0.00021214745933478328 , std 0.0003649792436556537 
2023-05-13 15:35:34,878 INFO ofi_trade_3: 0.00019344670299496102 , std 0.0002995015324628826 
2023-05-13 15:35:34,878 INFO ofi_trade_4: 0.0003400781666798781 , std 0.0003957103057636237 
2023-05-13 15:35:34,879 INFO used_intercept: 1.0 , std 0.0 
2023-05-13 15:35:34,879 INFO used_ofi_add_1: 0.8450184501845018 , std 0.36188709431573324 
2023-05-13 15:35:34,879 INFO used_ofi_add_2: 0.9188191881918819 , std 0.2731125914385732 
2023-05-13 15:35:34,879 INFO used_ofi_add_3: 0.9003690036900369 , std 0.2995073636561332 
2023-05-13 15:35:34,879 INFO used_ofi_add_4: 0.9188191881918819 , std 0.2731125914385732 
2023-05-13 15:35:34,879 INFO used_ofi_cancel_1: 0.7564575645756457 , std 0.42921966121314675 
2023-05-13 15:35:34,879 INFO used_ofi_cancel_2: 0.8523985239852399 , std 0.35470449714237384 
2023-05-13 15:35:34,879 INFO used_ofi_cancel_3: 0.8819188191881919 , std 0.3227042230121837 
2023-05-13 15:35:34,879 INFO used_ofi_cancel_4: 0.9003690036900369 , std 0.2995073636561332 
2023-05-13 15:35:34,879 INFO used_ofi_trade_1: 0.8007380073800738 , std 0.39944542921037746 
2023-05-13 15:35:34,879 INFO used_ofi_trade_2: 0.7158671586715867 , std 0.4510004099854633 
2023-05-13 15:35:34,879 INFO used_ofi_trade_3: 0.6863468634686347 , std 0.46397720469372417 
2023-05-13 15:35:34,879 INFO used_ofi_trade_4: 0.7527675276752768 , std 0.4314030330826711 
2023-05-13 15:35:34,879 INFO Grouping by ofi type:
2023-05-13 15:35:34,879 INFO add: 3.5830258302583022
2023-05-13 15:35:34,879 INFO cancel: 3.391143911439115
2023-05-13 15:35:34,879 INFO trade: 2.955719557195572
2023-05-13 15:35:34,879 INFO Grouping by level:
2023-05-13 15:35:34,879 INFO 1: 2.4022140221402215
2023-05-13 15:35:34,879 INFO 2: 2.4870848708487086
2023-05-13 15:35:34,879 INFO 3: 2.4686346863468636
2023-05-13 15:35:34,880 INFO 4: 2.5719557195571956
2023-05-13 15:35:34,880 INFO Non empty regressions: 0.996309963099631 --- 270 / 271
