2023-05-13 15:36:28,380 INFO Starting...
2023-05-13 15:36:28,380 INFO Tickers: ['BSX']
2023-05-13 15:36:30,511 INFO in_r2: 0.9711382326328121 , std 0.03643016800788816 
2023-05-13 15:36:30,511 INFO os_r2: 0.9477187631956647 , std 0.15448878075052122 
2023-05-13 15:36:30,511 INFO intercept: -2.2093722472163605e-07 , std 5.532704625102085e-06 
2023-05-13 15:36:30,511 INFO ofi_add_1: 6.658233647679507e-05 , std 7.418703685394967e-05 
2023-05-13 15:36:30,511 INFO ofi_add_2: 0.00026804694139775405 , std 0.00012784188623034728 
2023-05-13 15:36:30,511 INFO ofi_add_3: 0.00030222540794261067 , std 0.00014258883627397273 
2023-05-13 15:36:30,511 INFO ofi_add_4: 0.0004694396058338596 , std 0.00021033462333273909 
2023-05-13 15:36:30,511 INFO ofi_cancel_1: 4.4736757372506493e-05 , std 7.014964830795755e-05 
2023-05-13 15:36:30,511 INFO ofi_cancel_2: 0.00017558399600473557 , std 0.00013194717087414162 
2023-05-13 15:36:30,511 INFO ofi_cancel_3: 0.00029563782452090507 , std 0.00015188364783125957 
2023-05-13 15:36:30,511 INFO ofi_cancel_4: 0.0004933651358587566 , std 0.00022636614866799248 
2023-05-13 15:36:30,511 INFO ofi_trade_1: 5.37470929150212e-05 , std 0.00013428225856598576 
2023-05-13 15:36:30,511 INFO ofi_trade_2: 0.0002889086282965526 , std 0.00018693239017799848 
2023-05-13 15:36:30,511 INFO ofi_trade_3: 0.00030231277671406606 , std 0.00019197629888322688 
2023-05-13 15:36:30,512 INFO ofi_trade_4: 0.00043389443883453034 , std 0.00022540851040331864 
2023-05-13 15:36:30,512 INFO used_intercept: 0.9994334277620397 , std 0.02379603399433428 
2023-05-13 15:36:30,512 INFO used_ofi_add_1: 0.8742209631728045 , std 0.33160016695113176 
2023-05-13 15:36:30,512 INFO used_ofi_add_2: 0.9933899905571294 , std 0.08103281568621315 
2023-05-13 15:36:30,512 INFO used_ofi_add_3: 0.9595845136921625 , std 0.1969316500066421 
2023-05-13 15:36:30,512 INFO used_ofi_add_4: 0.9641170915958451 , std 0.18599818625087156 
2023-05-13 15:36:30,512 INFO used_ofi_cancel_1: 0.6009442870632672 , std 0.4897042484084539 
2023-05-13 15:36:30,512 INFO used_ofi_cancel_2: 0.8322946175637393 , std 0.37360445278150556 
2023-05-13 15:36:30,512 INFO used_ofi_cancel_3: 0.9401322001888575 , std 0.2372417466571083 
2023-05-13 15:36:30,512 INFO used_ofi_cancel_4: 0.945042492917847 , std 0.2278973003294863 
2023-05-13 15:36:30,512 INFO used_ofi_trade_1: 0.24910292728989614 , std 0.4324935362586369 
2023-05-13 15:36:30,512 INFO used_ofi_trade_2: 0.911614730878187 , std 0.28385438753712744 
2023-05-13 15:36:30,512 INFO used_ofi_trade_3: 0.9208687440982058 , std 0.26994351305634096 
2023-05-13 15:36:30,512 INFO used_ofi_trade_4: 0.9393767705382436 , std 0.2386379129798608 
2023-05-13 15:36:30,513 INFO Grouping by ofi type:
2023-05-13 15:36:30,513 INFO add: 3.7913125590179413
2023-05-13 15:36:30,513 INFO cancel: 3.318413597733711
2023-05-13 15:36:30,513 INFO trade: 3.0209631728045325
2023-05-13 15:36:30,514 INFO Grouping by level:
2023-05-13 15:36:30,514 INFO 1: 1.7242681775259678
2023-05-13 15:36:30,514 INFO 2: 2.7372993389990556
2023-05-13 15:36:30,514 INFO 3: 2.8205854579792256
2023-05-13 15:36:30,514 INFO 4: 2.8485363550519356
2023-05-13 15:36:30,514 INFO Non empty regressions: 0.9994334277620397 --- 5292 / 5295
