2023-05-13 15:36:03,480 INFO Starting...
2023-05-13 15:36:03,480 INFO Tickers: ['CB']
2023-05-13 15:36:05,012 INFO in_r2: 0.7893110674880468 , std 0.10394798239720035 
2023-05-13 15:36:05,012 INFO os_r2: 0.7105960322071828 , std 0.22168885336110591 
2023-05-13 15:36:05,012 INFO intercept: 1.0616151931174671e-07 , std 1.1992392947803493e-05 
2023-05-13 15:36:05,012 INFO ofi_add_1: 0.00012346881589153812 , std 0.00010101557598687589 
2023-05-13 15:36:05,012 INFO ofi_add_2: 0.00013096647793227068 , std 9.428550511927609e-05 
2023-05-13 15:36:05,012 INFO ofi_add_3: 9.779811192029092e-05 , std 8.365722295218086e-05 
2023-05-13 15:36:05,012 INFO ofi_add_4: 0.00013365078297641265 , std 0.0001094706153030772 
2023-05-13 15:36:05,012 INFO ofi_cancel_1: 0.00014057154282909746 , std 0.00012077290293981789 
2023-05-13 15:36:05,012 INFO ofi_cancel_2: 0.00013201988146724808 , std 0.00010118592803524597 
2023-05-13 15:36:05,012 INFO ofi_cancel_3: 8.729285310747188e-05 , std 8.246165638157863e-05 
2023-05-13 15:36:05,012 INFO ofi_cancel_4: 0.00012173601174687729 , std 0.00011181141985558478 
2023-05-13 15:36:05,013 INFO ofi_trade_1: 0.0002020096239459862 , std 0.00022037537379573577 
2023-05-13 15:36:05,013 INFO ofi_trade_2: 0.00015193080860078853 , std 0.00018534745251363102 
2023-05-13 15:36:05,013 INFO ofi_trade_3: 0.00012886609677678163 , std 0.00018248352844688068 
2023-05-13 15:36:05,013 INFO ofi_trade_4: 0.00017255282859712288 , std 0.00021665739195093092 
2023-05-13 15:36:05,013 INFO used_intercept: 0.9995513683266039 , std 0.0211761753633126 
2023-05-13 15:36:05,013 INFO used_ofi_add_1: 0.9659039928218932 , std 0.1814758096072787 
2023-05-13 15:36:05,013 INFO used_ofi_add_2: 0.9820547330641544 , std 0.1327525304107116 
2023-05-13 15:36:05,013 INFO used_ofi_add_3: 0.961866307761328 , std 0.19151896447850353 
2023-05-13 15:36:05,013 INFO used_ofi_add_4: 0.9851951547779273 , std 0.12077111318532735 
2023-05-13 15:36:05,013 INFO used_ofi_cancel_1: 0.9421265141318977 , std 0.23350405885460934 
2023-05-13 15:36:05,013 INFO used_ofi_cancel_2: 0.9591745177209511 , std 0.19788573034893636 
2023-05-13 15:36:05,013 INFO used_ofi_cancel_3: 0.9156572454015254 , std 0.27790115930887394 
2023-05-13 15:36:05,013 INFO used_ofi_cancel_4: 0.9439210408254822 , std 0.23007413916479294 
2023-05-13 15:36:05,013 INFO used_ofi_trade_1: 0.8402871242709735 , std 0.36633955977397664 
2023-05-13 15:36:05,013 INFO used_ofi_trade_2: 0.8174069089277703 , std 0.38633256938150856 
2023-05-13 15:36:05,013 INFO used_ofi_trade_3: 0.790937640197398 , std 0.4066390162249184 
2023-05-13 15:36:05,013 INFO used_ofi_trade_4: 0.8483624943921041 , std 0.35866916859539405 
2023-05-13 15:36:05,014 INFO Grouping by ofi type:
2023-05-13 15:36:05,014 INFO add: 3.895020188425303
2023-05-13 15:36:05,014 INFO cancel: 3.7608793180798563
2023-05-13 15:36:05,014 INFO trade: 3.296994167788246
2023-05-13 15:36:05,014 INFO Grouping by level:
2023-05-13 15:36:05,014 INFO 1: 2.7483176312247646
2023-05-13 15:36:05,014 INFO 2: 2.758636159712876
2023-05-13 15:36:05,014 INFO 3: 2.668461193360251
2023-05-13 15:36:05,014 INFO 4: 2.7774786899955135
2023-05-13 15:36:05,014 INFO Non empty regressions: 0.9995513683266039 --- 2228 / 2229
