2023-05-13 15:34:39,995 INFO Starting...
2023-05-13 15:34:39,995 INFO Tickers: ['COST']
2023-05-13 15:34:42,151 INFO in_r2: 0.8205159554354827 , std 0.0736368840373444 
2023-05-13 15:34:42,151 INFO os_r2: 0.7377604325910289 , std 0.33087109419477967 
2023-05-13 15:34:42,151 INFO intercept: 3.115090366212078e-07 , std 9.971083844719694e-06 
2023-05-13 15:34:42,151 INFO ofi_add_1: 6.629974230985422e-05 , std 4.8296384110540656e-05 
2023-05-13 15:34:42,151 INFO ofi_add_2: 8.059018854836373e-05 , std 4.950115337222053e-05 
2023-05-13 15:34:42,151 INFO ofi_add_3: 6.941839214138385e-05 , std 4.8366049921214526e-05 
2023-05-13 15:34:42,151 INFO ofi_add_4: 0.00010136961358188701 , std 5.444918069394781e-05 
2023-05-13 15:34:42,151 INFO ofi_cancel_1: 6.976267824330393e-05 , std 6.192635992621199e-05 
2023-05-13 15:34:42,151 INFO ofi_cancel_2: 8.087793948019582e-05 , std 5.3254043891307976e-05 
2023-05-13 15:34:42,151 INFO ofi_cancel_3: 6.326910011930119e-05 , std 4.949245021366583e-05 
2023-05-13 15:34:42,151 INFO ofi_cancel_4: 9.505246301569997e-05 , std 5.7081523400015845e-05 
2023-05-13 15:34:42,151 INFO ofi_trade_1: 9.821992759156113e-05 , std 0.00010283755929007888 
2023-05-13 15:34:42,151 INFO ofi_trade_2: 8.694607934092283e-05 , std 9.075528090143997e-05 
2023-05-13 15:34:42,151 INFO ofi_trade_3: 8.351604982359164e-05 , std 8.912136277379895e-05 
2023-05-13 15:34:42,151 INFO ofi_trade_4: 0.0001263012860881376 , std 9.480112100842206e-05 
2023-05-13 15:34:42,151 INFO used_intercept: 1.0 , std 0.0 
2023-05-13 15:34:42,151 INFO used_ofi_add_1: 0.9349547511312217 , std 0.2466056862044689 
2023-05-13 15:34:42,152 INFO used_ofi_add_2: 0.9670060331825038 , std 0.17862072939931187 
2023-05-13 15:34:42,152 INFO used_ofi_add_3: 0.946078431372549 , std 0.22586286340212297 
2023-05-13 15:34:42,152 INFO used_ofi_add_4: 0.9896304675716441 , std 0.10130155588920257 
2023-05-13 15:34:42,152 INFO used_ofi_cancel_1: 0.8410633484162896 , std 0.36561700229484495 
2023-05-13 15:34:42,152 INFO used_ofi_cancel_2: 0.9440045248868778 , std 0.22991298762788043 
2023-05-13 15:34:42,152 INFO used_ofi_cancel_3: 0.902526395173454 , std 0.2966015866253321 
2023-05-13 15:34:42,152 INFO used_ofi_cancel_4: 0.9666289592760181 , std 0.17960349207345677 
2023-05-13 15:34:42,152 INFO used_ofi_trade_1: 0.7986425339366516 , std 0.4010145096176645 
2023-05-13 15:34:42,152 INFO used_ofi_trade_2: 0.808446455505279 , std 0.39352354959548475 
2023-05-13 15:34:42,152 INFO used_ofi_trade_3: 0.8150452488687783 , std 0.3882608545362377 
2023-05-13 15:34:42,152 INFO used_ofi_trade_4: 0.9302413273001509 , std 0.2547398678711373 
2023-05-13 15:34:42,152 INFO Grouping by ofi type:
2023-05-13 15:34:42,152 INFO add: 3.8376696832579182
2023-05-13 15:34:42,152 INFO cancel: 3.6542232277526394
2023-05-13 15:34:42,152 INFO trade: 3.35237556561086
2023-05-13 15:34:42,152 INFO Grouping by level:
2023-05-13 15:34:42,152 INFO 1: 2.5746606334841626
2023-05-13 15:34:42,153 INFO 2: 2.7194570135746607
2023-05-13 15:34:42,153 INFO 3: 2.6636500754147816
2023-05-13 15:34:42,153 INFO 4: 2.8865007541478134
2023-05-13 15:34:42,153 INFO Non empty regressions: 1.0 --- 5304 / 5304
