2023-05-13 15:34:25,372 INFO Starting...
2023-05-13 15:34:25,372 INFO Tickers: ['CRM']
2023-05-13 15:34:27,778 INFO in_r2: 0.8632262281238307 , std 0.07016499867459873 
2023-05-13 15:34:27,778 INFO os_r2: 0.8148556874037765 , std 0.14193593182859351 
2023-05-13 15:34:27,778 INFO intercept: 7.085225687546769e-07 , std 1.2169631669700824e-05 
2023-05-13 15:34:27,778 INFO ofi_add_1: 0.00010269072349767766 , std 6.889771676250428e-05 
2023-05-13 15:34:27,778 INFO ofi_add_2: 0.00012101475928399022 , std 7.053167116740835e-05 
2023-05-13 15:34:27,778 INFO ofi_add_3: 0.00010149520226979925 , std 6.755236499350426e-05 
2023-05-13 15:34:27,778 INFO ofi_add_4: 0.00017299547908606182 , std 8.415007314659642e-05 
2023-05-13 15:34:27,778 INFO ofi_cancel_1: 0.00010242870761995542 , std 7.937448622372638e-05 
2023-05-13 15:34:27,778 INFO ofi_cancel_2: 0.00012091645873479735 , std 7.175636816873565e-05 
2023-05-13 15:34:27,778 INFO ofi_cancel_3: 9.32462784030197e-05 , std 6.939238085377928e-05 
2023-05-13 15:34:27,778 INFO ofi_cancel_4: 0.00016166553422340094 , std 8.716498088951819e-05 
2023-05-13 15:34:27,778 INFO ofi_trade_1: 0.00010781356196408157 , std 0.0001305307754846526 
2023-05-13 15:34:27,778 INFO ofi_trade_2: 0.00012380781477463188 , std 0.00012405831158903257 
2023-05-13 15:34:27,778 INFO ofi_trade_3: 0.00011154238618726885 , std 0.00011002128406199748 
2023-05-13 15:34:27,778 INFO ofi_trade_4: 0.00018458980238592057 , std 0.00012466309792566295 
2023-05-13 15:34:27,778 INFO used_intercept: 0.9998469543924089 , std 0.012370213604989175 
2023-05-13 15:34:27,778 INFO used_ofi_add_1: 0.9641873278236914 , std 0.18582283144947714 
2023-05-13 15:34:27,778 INFO used_ofi_add_2: 0.9791857973676156 , std 0.1427619403103029 
2023-05-13 15:34:27,778 INFO used_ofi_add_3: 0.9618916437098255 , std 0.19145785298868156 
2023-05-13 15:34:27,778 INFO used_ofi_add_4: 0.9972451790633609 , std 0.05241404294887175 
2023-05-13 15:34:27,778 INFO used_ofi_cancel_1: 0.8979185797367616 , std 0.30275535321489944 
2023-05-13 15:34:27,778 INFO used_ofi_cancel_2: 0.9674012855831038 , std 0.1775838906975007 
2023-05-13 15:34:27,779 INFO used_ofi_cancel_3: 0.9294459749005204 , std 0.2560784150250498 
2023-05-13 15:34:27,779 INFO used_ofi_cancel_4: 0.98989898989899 , std 0.0999948983496128 
2023-05-13 15:34:27,779 INFO used_ofi_trade_1: 0.7014080195898378 , std 0.4576404807760121 
2023-05-13 15:34:27,779 INFO used_ofi_trade_2: 0.8206305479032752 , std 0.3836613764131666 
2023-05-13 15:34:27,779 INFO used_ofi_trade_3: 0.8334863789409244 , std 0.3725410515109311 
2023-05-13 15:34:27,779 INFO used_ofi_trade_4: 0.9505662687480869 , std 0.21677185579873304 
2023-05-13 15:34:27,779 INFO Grouping by ofi type:
2023-05-13 15:34:27,779 INFO add: 3.9025099479644934
2023-05-13 15:34:27,779 INFO cancel: 3.7846648301193757
2023-05-13 15:34:27,779 INFO trade: 3.306091215182124
2023-05-13 15:34:27,779 INFO Grouping by level:
2023-05-13 15:34:27,779 INFO 1: 2.563513927150291
2023-05-13 15:34:27,779 INFO 2: 2.7672176308539944
2023-05-13 15:34:27,779 INFO 3: 2.7248239975512702
2023-05-13 15:34:27,779 INFO 4: 2.9377104377104377
2023-05-13 15:34:27,779 INFO Non empty regressions: 0.9998469543924089 --- 6533 / 6534
