2023-05-13 15:35:39,478 INFO Starting...
2023-05-13 15:35:39,479 INFO Tickers: ['GILD']
2023-05-13 15:35:42,011 INFO in_r2: 0.9347129400674249 , std 0.04592753819219274 
2023-05-13 15:35:42,011 INFO os_r2: 0.9030540320790228 , std 0.1309966692709098 
2023-05-13 15:35:42,012 INFO intercept: -1.7868279293264627e-07 , std 7.492892298678189e-06 
2023-05-13 15:35:42,012 INFO ofi_add_1: 7.358906140707177e-05 , std 6.708301642063225e-05 
2023-05-13 15:35:42,012 INFO ofi_add_2: 0.00013824298869113887 , std 7.562232361119532e-05 
2023-05-13 15:35:42,012 INFO ofi_add_3: 0.0001626009132260926 , std 7.586797733799411e-05 
2023-05-13 15:35:42,012 INFO ofi_add_4: 0.00021862402294624796 , std 9.145195292448772e-05 
2023-05-13 15:35:42,012 INFO ofi_cancel_1: 5.578457199196671e-05 , std 6.544499110238117e-05 
2023-05-13 15:35:42,012 INFO ofi_cancel_2: 0.0001225650794337614 , std 7.82605732807501e-05 
2023-05-13 15:35:42,012 INFO ofi_cancel_3: 0.00015880907566034834 , std 8.153405477002659e-05 
2023-05-13 15:35:42,012 INFO ofi_cancel_4: 0.00022161122875076386 , std 9.727575696546032e-05 
2023-05-13 15:35:42,012 INFO ofi_trade_1: 6.080564794196775e-05 , std 0.00010441927825024955 
2023-05-13 15:35:42,012 INFO ofi_trade_2: 0.00014895270747676998 , std 0.0001002678807336114 
2023-05-13 15:35:42,012 INFO ofi_trade_3: 0.00015923005388829943 , std 9.494202554270543e-05 
2023-05-13 15:35:42,012 INFO ofi_trade_4: 0.0002073872959773817 , std 0.0001050482822101944 
2023-05-13 15:35:42,012 INFO used_intercept: 1.0 , std 0.0 
2023-05-13 15:35:42,012 INFO used_ofi_add_1: 0.8986542158747597 , std 0.30178604368870426 
2023-05-13 15:35:42,012 INFO used_ofi_add_2: 0.9811864872287833 , std 0.1358659799523927 
2023-05-13 15:35:42,012 INFO used_ofi_add_3: 0.9897006316945894 , std 0.10096183099528312 
2023-05-13 15:35:42,012 INFO used_ofi_add_4: 0.9972535017852239 , std 0.05233502615201785 
2023-05-13 15:35:42,012 INFO used_ofi_cancel_1: 0.7013183191430925 , std 0.4576799475369223 
2023-05-13 15:35:42,012 INFO used_ofi_cancel_2: 0.917742378467454 , std 0.2747568110754571 
2023-05-13 15:35:42,012 INFO used_ofi_cancel_3: 0.9791266135677011 , std 0.1429604426795984 
2023-05-13 15:35:42,012 INFO used_ofi_cancel_4: 0.9951936281241417 , std 0.06916119334749249 
2023-05-13 15:35:42,012 INFO used_ofi_trade_1: 0.44026366382861853 , std 0.496418744751666 
2023-05-13 15:35:42,012 INFO used_ofi_trade_2: 0.9156825048063719 , std 0.2778633750567005 
2023-05-13 15:35:42,012 INFO used_ofi_trade_3: 0.9600384509750068 , std 0.19586889396868562 
2023-05-13 15:35:42,012 INFO used_ofi_trade_4: 0.9824224114254325 , std 0.13141010978791043 
2023-05-13 15:35:42,013 INFO Grouping by ofi type:
2023-05-13 15:35:42,013 INFO add: 3.8667948365833564
2023-05-13 15:35:42,013 INFO cancel: 3.593380939302389
2023-05-13 15:35:42,013 INFO trade: 3.29840703103543
2023-05-13 15:35:42,013 INFO Grouping by level:
2023-05-13 15:35:42,013 INFO 1: 2.0402361988464706
2023-05-13 15:35:42,013 INFO 2: 2.8146113705026092
2023-05-13 15:35:42,013 INFO 3: 2.928865696237297
2023-05-13 15:35:42,013 INFO 4: 2.9748695413347983
2023-05-13 15:35:42,013 INFO Non empty regressions: 1.0 --- 7282 / 7282
