2023-05-13 15:33:09,689 INFO Starting...
2023-05-13 15:33:09,689 INFO Tickers: ['GOOG']
2023-05-13 15:33:12,256 INFO in_r2: 0.6689088993266897 , std 0.12670402565136185 
2023-05-13 15:33:12,256 INFO os_r2: 0.5124910791275817 , std 0.5422970057456841 
2023-05-13 15:33:12,256 INFO intercept: 1.4446676975285803e-06 , std 1.5843653785998088e-05 
2023-05-13 15:33:12,256 INFO ofi_add_1: 2.394966134729697e-05 , std 2.8481452408662386e-05 
2023-05-13 15:33:12,256 INFO ofi_add_2: 4.0405162615957704e-05 , std 3.474584692832317e-05 
2023-05-13 15:33:12,256 INFO ofi_add_3: 4.970306266658834e-05 , std 4.2211875749570646e-05 
2023-05-13 15:33:12,256 INFO ofi_add_4: 8.147639220741318e-05 , std 5.662859679038453e-05 
2023-05-13 15:33:12,256 INFO ofi_cancel_1: 2.5210474748399255e-05 , std 3.3289362521274866e-05 
2023-05-13 15:33:12,256 INFO ofi_cancel_2: 4.147350690912332e-05 , std 3.655155887102781e-05 
2023-05-13 15:33:12,256 INFO ofi_cancel_3: 4.897127967187777e-05 , std 4.3147539580695634e-05 
2023-05-13 15:33:12,256 INFO ofi_cancel_4: 8.114398538279911e-05 , std 5.758253456677378e-05 
2023-05-13 15:33:12,256 INFO ofi_trade_1: 0.00012571955340894356 , std 9.862624180517228e-05 
2023-05-13 15:33:12,256 INFO ofi_trade_2: 4.837035877601347e-05 , std 7.143944538174374e-05 
2023-05-13 15:33:12,256 INFO ofi_trade_3: 5.157354105126806e-05 , std 7.603097605032288e-05 
2023-05-13 15:33:12,256 INFO ofi_trade_4: 9.241846129291373e-05 , std 9.784294014051267e-05 
2023-05-13 15:33:12,256 INFO used_intercept: 0.9994064401246475 , std 0.024355852726332488 
2023-05-13 15:33:12,256 INFO used_ofi_add_1: 0.8817331948360291 , std 0.3229237804192783 
2023-05-13 15:33:12,256 INFO used_ofi_add_2: 0.9093337290399169 , std 0.2871339378587559 
2023-05-13 15:33:12,256 INFO used_ofi_add_3: 0.936043923430776 , std 0.24467467551648148 
2023-05-13 15:33:12,256 INFO used_ofi_add_4: 0.9752188752040362 , std 0.1554574560766085 
2023-05-13 15:33:12,256 INFO used_ofi_cancel_1: 0.7837958154028788 , std 0.411655116766226 
2023-05-13 15:33:12,256 INFO used_ofi_cancel_2: 0.8852945540881436 , std 0.318666136559909 
2023-05-13 15:33:12,256 INFO used_ofi_cancel_3: 0.9112627986348123 , std 0.2843640456511017 
2023-05-13 15:33:12,257 INFO used_ofi_cancel_4: 0.9542958895978632 , std 0.2088426314105578 
2023-05-13 15:33:12,257 INFO used_ofi_trade_1: 0.9327793441163378 , std 0.25040375258017306 
2023-05-13 15:33:12,257 INFO used_ofi_trade_2: 0.7001038729781867 , std 0.4582122215951139 
2023-05-13 15:33:12,257 INFO used_ofi_trade_3: 0.6650838403323935 , std 0.47196114846574905 
2023-05-13 15:33:12,257 INFO used_ofi_trade_4: 0.7832022555275263 , std 0.41206368738839594 
2023-05-13 15:33:12,257 INFO Grouping by ofi type:
2023-05-13 15:33:12,257 INFO add: 3.7023297225107585
2023-05-13 15:33:12,257 INFO cancel: 3.5346490577236978
2023-05-13 15:33:12,257 INFO trade: 3.0811693129544446
2023-05-13 15:33:12,257 INFO Grouping by level:
2023-05-13 15:33:12,257 INFO 1: 2.5983083543552454
2023-05-13 15:33:12,257 INFO 2: 2.494732156106247
2023-05-13 15:33:12,257 INFO 3: 2.512390562397982
2023-05-13 15:33:12,257 INFO 4: 2.7127170203294257
2023-05-13 15:33:12,258 INFO Non empty regressions: 0.9974773705297522 --- 6722 / 6739
