2023-05-13 15:36:08,817 INFO Starting...
2023-05-13 15:36:08,817 INFO Tickers: ['INTU']
2023-05-13 15:36:10,652 INFO in_r2: 0.8038994878702318 , std 0.09743311775464535 
2023-05-13 15:36:10,652 INFO os_r2: 0.7119653249651487 , std 0.39406718189063683 
2023-05-13 15:36:10,652 INFO intercept: 1.4102046892689004e-06 , std 1.7264814281169666e-05 
2023-05-13 15:36:10,653 INFO ofi_add_1: 6.301411727841402e-05 , std 5.513206700672779e-05 
2023-05-13 15:36:10,653 INFO ofi_add_2: 0.00010211269442112421 , std 7.242467549989732e-05 
2023-05-13 15:36:10,653 INFO ofi_add_3: 9.760881487409347e-05 , std 7.423359676292718e-05 
2023-05-13 15:36:10,653 INFO ofi_add_4: 0.00013345950117610474 , std 8.540679405642423e-05 
2023-05-13 15:36:10,653 INFO ofi_cancel_1: 8.349832016580376e-05 , std 7.641220241668571e-05 
2023-05-13 15:36:10,653 INFO ofi_cancel_2: 0.00010793448139618064 , std 7.795379766836299e-05 
2023-05-13 15:36:10,653 INFO ofi_cancel_3: 9.186841393904605e-05 , std 7.55597238187517e-05 
2023-05-13 15:36:10,653 INFO ofi_cancel_4: 0.00012458415540096847 , std 8.80757303825082e-05 
2023-05-13 15:36:10,653 INFO ofi_trade_1: 0.00017608283870511007 , std 0.00019108176061548743 
2023-05-13 15:36:10,653 INFO ofi_trade_2: 0.00013251855035247153 , std 0.00017526447457596032 
2023-05-13 15:36:10,653 INFO ofi_trade_3: 0.0001239964480837838 , std 0.00016103520611358455 
2023-05-13 15:36:10,653 INFO ofi_trade_4: 0.00017107233804131828 , std 0.00017958553114721858 
2023-05-13 15:36:10,653 INFO used_intercept: 1.0 , std 0.0 
2023-05-13 15:36:10,653 INFO used_ofi_add_1: 0.9119539451405351 , std 0.28336186596496893 
2023-05-13 15:36:10,653 INFO used_ofi_add_2: 0.9617338300033864 , std 0.1918381354955367 
2023-05-13 15:36:10,653 INFO used_ofi_add_3: 0.9515746698272943 , std 0.214663265535513 
2023-05-13 15:36:10,653 INFO used_ofi_add_4: 0.979004402302743 , std 0.1433693920423462 
2023-05-13 15:36:10,653 INFO used_ofi_cancel_1: 0.8862174060277683 , std 0.31754702845591537 
2023-05-13 15:36:10,653 INFO used_ofi_cancel_2: 0.958008804605486 , std 0.20056902777810384 
2023-05-13 15:36:10,653 INFO used_ofi_cancel_3: 0.9258381307145276 , std 0.2620341321842574 
2023-05-13 15:36:10,653 INFO used_ofi_cancel_4: 0.9603792753132407 , std 0.1950664575524333 
2023-05-13 15:36:10,653 INFO used_ofi_trade_1: 0.8479512360311547 , std 0.35906815139245035 
2023-05-13 15:36:10,653 INFO used_ofi_trade_2: 0.8144260074500508 , std 0.3887625057011293 
2023-05-13 15:36:10,653 INFO used_ofi_trade_3: 0.7941076870978666 , std 0.4043521588787964 
2023-05-13 15:36:10,654 INFO used_ofi_trade_4: 0.8658990856755842 , std 0.3407607065108469 
2023-05-13 15:36:10,654 INFO Grouping by ofi type:
2023-05-13 15:36:10,654 INFO add: 3.8042668472739587
2023-05-13 15:36:10,654 INFO cancel: 3.7304436166610224
2023-05-13 15:36:10,654 INFO trade: 3.3223840162546563
2023-05-13 15:36:10,654 INFO Grouping by level:
2023-05-13 15:36:10,654 INFO 1: 2.646122587199458
2023-05-13 15:36:10,654 INFO 2: 2.7341686420589233
2023-05-13 15:36:10,654 INFO 3: 2.6715204876396883
2023-05-13 15:36:10,654 INFO 4: 2.805282763291568
2023-05-13 15:36:10,654 INFO Non empty regressions: 1.0 --- 2953 / 2953
