2023-05-13 15:36:10,657 INFO Starting...
2023-05-13 15:36:10,657 INFO Tickers: ['ISRG']
2023-05-13 15:36:12,020 INFO in_r2: 0.6471195865005038 , std 0.1451403038148019 
2023-05-13 15:36:12,021 INFO os_r2: 0.45961905628080973 , std 0.4666657338263015 
2023-05-13 15:36:12,021 INFO intercept: 1.965992010544719e-06 , std 3.0277000790348992e-05 
2023-05-13 15:36:12,021 INFO ofi_add_1: 6.447291139294862e-05 , std 8.423688134459603e-05 
2023-05-13 15:36:12,021 INFO ofi_add_2: 0.00013293224907275224 , std 0.00011940983943887194 
2023-05-13 15:36:12,021 INFO ofi_add_3: 0.00012082323624408357 , std 0.00011945227124045162 
2023-05-13 15:36:12,021 INFO ofi_add_4: 0.0001693199998929802 , std 0.00015688506745720508 
2023-05-13 15:36:12,021 INFO ofi_cancel_1: 0.00010062763561636703 , std 0.000126236185931468 
2023-05-13 15:36:12,021 INFO ofi_cancel_2: 0.00013342778564954613 , std 0.00012683075774903884 
2023-05-13 15:36:12,021 INFO ofi_cancel_3: 0.00010901926027121835 , std 0.00011883573224247459 
2023-05-13 15:36:12,021 INFO ofi_cancel_4: 0.00015645194340214522 , std 0.00015680892590619658 
2023-05-13 15:36:12,021 INFO ofi_trade_1: 0.00029050857563434876 , std 0.0003071223374661413 
2023-05-13 15:36:12,021 INFO ofi_trade_2: 0.00019773822905231112 , std 0.00027901139239490375 
2023-05-13 15:36:12,021 INFO ofi_trade_3: 0.00021726179643087774 , std 0.0003226364968257081 
2023-05-13 15:36:12,021 INFO ofi_trade_4: 0.000340147011730124 , std 0.00040789962568784266 
2023-05-13 15:36:12,021 INFO used_intercept: 1.0 , std 0.0 
2023-05-13 15:36:12,021 INFO used_ofi_add_1: 0.8444259567387687 , std 0.3624510454179761 
2023-05-13 15:36:12,021 INFO used_ofi_add_2: 0.9217970049916805 , std 0.2684907569732117 
2023-05-13 15:36:12,021 INFO used_ofi_add_3: 0.9201331114808652 , std 0.27108701303715543 
2023-05-13 15:36:12,021 INFO used_ofi_add_4: 0.9409317803660566 , std 0.2357523384045631 
2023-05-13 15:36:12,021 INFO used_ofi_cancel_1: 0.8169717138103162 , std 0.38668971106579886 
2023-05-13 15:36:12,021 INFO used_ofi_cancel_2: 0.8860232945091514 , std 0.3177829701168723 
2023-05-13 15:36:12,022 INFO used_ofi_cancel_3: 0.8643926788685524 , std 0.342371107991022 
2023-05-13 15:36:12,022 INFO used_ofi_cancel_4: 0.8826955074875208 , std 0.32178276608430867 
2023-05-13 15:36:12,022 INFO used_ofi_trade_1: 0.8377703826955075 , std 0.3686613196061263 
2023-05-13 15:36:12,022 INFO used_ofi_trade_2: 0.7179700499168054 , std 0.4499878413238133 
2023-05-13 15:36:12,022 INFO used_ofi_trade_3: 0.7354409317803661 , std 0.4410981383347622 
2023-05-13 15:36:12,022 INFO used_ofi_trade_4: 0.8103161397670549 , std 0.39205088113671377 
2023-05-13 15:36:12,022 INFO Grouping by ofi type:
2023-05-13 15:36:12,022 INFO add: 3.627287853577371
2023-05-13 15:36:12,022 INFO cancel: 3.450083194675541
2023-05-13 15:36:12,022 INFO trade: 3.1014975041597337
2023-05-13 15:36:12,022 INFO Grouping by level:
2023-05-13 15:36:12,022 INFO 1: 2.4991680532445923
2023-05-13 15:36:12,022 INFO 2: 2.5257903494176372
2023-05-13 15:36:12,022 INFO 3: 2.5199667221297837
2023-05-13 15:36:12,022 INFO 4: 2.6339434276206326
2023-05-13 15:36:12,023 INFO Non empty regressions: 0.9916805324459235 --- 1192 / 1202
