2023-05-13 15:35:29,193 INFO Starting...
2023-05-13 15:35:29,193 INFO Tickers: ['LOW']
2023-05-13 15:35:31,581 INFO in_r2: 0.87993900715077 , std 0.06964506564298306 
2023-05-13 15:35:31,581 INFO os_r2: 0.8384559461701769 , std 0.17431486136310223 
2023-05-13 15:35:31,582 INFO intercept: 4.206194312557618e-07 , std 1.0245369214140853e-05 
2023-05-13 15:35:31,582 INFO ofi_add_1: 0.00011819434944803899 , std 7.944314509555362e-05 
2023-05-13 15:35:31,582 INFO ofi_add_2: 0.00013262870145040788 , std 7.069478627048158e-05 
2023-05-13 15:35:31,582 INFO ofi_add_3: 0.00011196708485728119 , std 6.539357380628157e-05 
2023-05-13 15:35:31,582 INFO ofi_add_4: 0.00016427393385581493 , std 8.369896271894952e-05 
2023-05-13 15:35:31,582 INFO ofi_cancel_1: 9.782325030365546e-05 , std 8.814144240593832e-05 
2023-05-13 15:35:31,582 INFO ofi_cancel_2: 0.00012789989039742151 , std 7.230808509420577e-05 
2023-05-13 15:35:31,582 INFO ofi_cancel_3: 0.00010284595052312276 , std 6.697878310504264e-05 
2023-05-13 15:35:31,582 INFO ofi_cancel_4: 0.00015664210958001392 , std 8.637954480245534e-05 
2023-05-13 15:35:31,582 INFO ofi_trade_1: 0.00012460307375781855 , std 0.00015329833450593237 
2023-05-13 15:35:31,582 INFO ofi_trade_2: 0.00013538222429395228 , std 0.00012097720698781764 
2023-05-13 15:35:31,582 INFO ofi_trade_3: 0.00011649496748024562 , std 0.0001085478869232675 
2023-05-13 15:35:31,582 INFO ofi_trade_4: 0.0001643367555500083 , std 0.00011513456784053062 
2023-05-13 15:35:31,582 INFO used_intercept: 0.9995569994093325 , std 0.021042916650125344 
2023-05-13 15:35:31,582 INFO used_ofi_add_1: 0.9719432959243945 , std 0.16513487043026176 
2023-05-13 15:35:31,582 INFO used_ofi_add_2: 0.9813939751919669 , std 0.13512897782813252 
2023-05-13 15:35:31,582 INFO used_ofi_add_3: 0.9784406379208506 , std 0.14523965018509774 
2023-05-13 15:35:31,582 INFO used_ofi_add_4: 0.9964559952746603 , std 0.059425960285437576 
2023-05-13 15:35:31,582 INFO used_ofi_cancel_1: 0.8202894270525694 , std 0.3839461979474948 
2023-05-13 15:35:31,582 INFO used_ofi_cancel_2: 0.9632309509746013 , std 0.18819427743469389 
2023-05-13 15:35:31,582 INFO used_ofi_cancel_3: 0.9486119314825753 , std 0.2207879863839361 
2023-05-13 15:35:31,582 INFO used_ofi_cancel_4: 0.9898109864146486 , std 0.10042508445358146 
2023-05-13 15:35:31,582 INFO used_ofi_trade_1: 0.6262551683402244 , std 0.4837970984487005 
2023-05-13 15:35:31,582 INFO used_ofi_trade_2: 0.8331364441819256 , std 0.372854005688316 
2023-05-13 15:35:31,582 INFO used_ofi_trade_3: 0.8645894861193149 , std 0.34216152123120736 
2023-05-13 15:35:31,582 INFO used_ofi_trade_4: 0.9530419373892498 , std 0.21154905569771523 
2023-05-13 15:35:31,583 INFO Grouping by ofi type:
2023-05-13 15:35:31,583 INFO add: 3.928233904311872
2023-05-13 15:35:31,583 INFO cancel: 3.7219432959243943
2023-05-13 15:35:31,583 INFO trade: 3.277023036030714
2023-05-13 15:35:31,583 INFO Grouping by level:
2023-05-13 15:35:31,583 INFO 1: 2.4184878913171883
2023-05-13 15:35:31,583 INFO 2: 2.777761370348494
2023-05-13 15:35:31,583 INFO 3: 2.7916420555227406
2023-05-13 15:35:31,583 INFO 4: 2.9393089190785586
2023-05-13 15:35:31,583 INFO Non empty regressions: 0.9997046662728883 --- 6770 / 6772
