2023-05-13 15:34:13,305 INFO Starting...
2023-05-13 15:34:13,305 INFO Tickers: ['MDT']
2023-05-13 15:34:15,639 INFO in_r2: 0.8989423015570057 , std 0.054006875909800946 
2023-05-13 15:34:15,640 INFO os_r2: 0.8633125447209782 , std 0.12325910334479294 
2023-05-13 15:34:15,640 INFO intercept: 3.18033580603791e-07 , std 6.542218672273634e-06 
2023-05-13 15:34:15,640 INFO ofi_add_1: 9.290371562208483e-05 , std 7.458636944000956e-05 
2023-05-13 15:34:15,640 INFO ofi_add_2: 0.00011601922162912987 , std 6.787017873592745e-05 
2023-05-13 15:34:15,640 INFO ofi_add_3: 0.00011887150739548054 , std 6.107772543159894e-05 
2023-05-13 15:34:15,640 INFO ofi_add_4: 0.00018136470234211897 , std 8.190814803784352e-05 
2023-05-13 15:34:15,640 INFO ofi_cancel_1: 6.913015949887216e-05 , std 7.700374815378984e-05 
2023-05-13 15:34:15,640 INFO ofi_cancel_2: 0.00011300988342548778 , std 7.116732594127692e-05 
2023-05-13 15:34:15,640 INFO ofi_cancel_3: 0.00011020138472161491 , std 6.420293058953614e-05 
2023-05-13 15:34:15,640 INFO ofi_cancel_4: 0.00017297571321302015 , std 8.535556010764154e-05 
2023-05-13 15:34:15,640 INFO ofi_trade_1: 8.770725805215742e-05 , std 0.00014132614022570176 
2023-05-13 15:34:15,640 INFO ofi_trade_2: 0.00012192038111050809 , std 0.0001135885653994098 
2023-05-13 15:34:15,640 INFO ofi_trade_3: 0.00012550934430035948 , std 9.493919798603481e-05 
2023-05-13 15:34:15,640 INFO ofi_trade_4: 0.0001768357155166538 , std 0.00010369755522235336 
2023-05-13 15:34:15,640 INFO used_intercept: 0.9998465551634188 , std 0.012386334859972727 
2023-05-13 15:34:15,640 INFO used_ofi_add_1: 0.9209759091606567 , std 0.2697763590575692 
2023-05-13 15:34:15,640 INFO used_ofi_add_2: 0.9640939082399878 , std 0.18605602471979737 
2023-05-13 15:34:15,640 INFO used_ofi_add_3: 0.9808193954273439 , std 0.13715942906298326 
2023-05-13 15:34:15,640 INFO used_ofi_add_4: 0.9955500997391438 , std 0.06655898623420173 
2023-05-13 15:34:15,640 INFO used_ofi_cancel_1: 0.6809881847475833 , std 0.46609363542294235 
2023-05-13 15:34:15,640 INFO used_ofi_cancel_2: 0.9341721651066441 , std 0.24798090863332387 
2023-05-13 15:34:15,640 INFO used_ofi_cancel_3: 0.9561147767377628 , std 0.20483971890593097 
2023-05-13 15:34:15,640 INFO used_ofi_cancel_4: 0.9915605339880313 , std 0.09147809259818179 
2023-05-13 15:34:15,640 INFO used_ofi_trade_1: 0.4499002608562222 , std 0.49748368429298806 
2023-05-13 15:34:15,640 INFO used_ofi_trade_2: 0.7678379622525702 , std 0.42221182595516055 
2023-05-13 15:34:15,640 INFO used_ofi_trade_3: 0.8890593831517569 , std 0.31405858749853405 
2023-05-13 15:34:15,640 INFO used_ofi_trade_4: 0.9585698941230627 , std 0.19928284473070684 
2023-05-13 15:34:15,641 INFO Grouping by ofi type:
2023-05-13 15:34:15,641 INFO add: 3.861439312567132
2023-05-13 15:34:15,641 INFO cancel: 3.5628356605800215
2023-05-13 15:34:15,642 INFO trade: 3.065367500383612
2023-05-13 15:34:15,642 INFO Grouping by level:
2023-05-13 15:34:15,642 INFO 1: 2.0518643547644624
2023-05-13 15:34:15,642 INFO 2: 2.666104035599202
2023-05-13 15:34:15,642 INFO 3: 2.8259935553168636
2023-05-13 15:34:15,642 INFO 4: 2.9456805278502376
2023-05-13 15:34:15,642 INFO Non empty regressions: 0.9998465551634188 --- 6516 / 6517
