2023-05-13 15:34:57,662 INFO Starting...
2023-05-13 15:34:57,662 INFO Tickers: ['ORCL']
2023-05-13 15:35:00,100 INFO in_r2: 0.9545301744427797 , std 0.046138797788833515 
2023-05-13 15:35:00,100 INFO os_r2: 0.8425326471361076 , std 5.123398866830867 
2023-05-13 15:35:00,100 INFO intercept: 1.4461231100754284e-07 , std 5.510360602142669e-06 
2023-05-13 15:35:00,100 INFO ofi_add_1: 7.342176398194682e-05 , std 7.12158159720545e-05 
2023-05-13 15:35:00,100 INFO ofi_add_2: 0.00024516718197109153 , std 0.00011573716383473883 
2023-05-13 15:35:00,100 INFO ofi_add_3: 0.00016859138637420422 , std 9.986952108093237e-05 
2023-05-13 15:35:00,100 INFO ofi_add_4: 0.0001536985924603461 , std 0.00012275691073603294 
2023-05-13 15:35:00,100 INFO ofi_cancel_1: 4.7665087849925676e-05 , std 6.179985332946705e-05 
2023-05-13 15:35:00,100 INFO ofi_cancel_2: 0.00017097660473902517 , std 0.0001240778461195557 
2023-05-13 15:35:00,100 INFO ofi_cancel_3: 0.0001608043726145357 , std 0.00010318182239727868 
2023-05-13 15:35:00,100 INFO ofi_cancel_4: 0.00016456723202392892 , std 0.0001300868443954254 
2023-05-13 15:35:00,100 INFO ofi_trade_1: 3.4817134940934866e-05 , std 9.70736037386781e-05 
2023-05-13 15:35:00,100 INFO ofi_trade_2: 0.0002497391547002682 , std 0.0001460055922366016 
2023-05-13 15:35:00,100 INFO ofi_trade_3: 0.0001722493012021067 , std 0.00011991659489051269 
2023-05-13 15:35:00,100 INFO ofi_trade_4: 0.0001485508926807294 , std 0.0001272570672127932 
2023-05-13 15:35:00,100 INFO used_intercept: 0.9998619928236269 , std 0.01174683490955929 
2023-05-13 15:35:00,100 INFO used_ofi_add_1: 0.9414849572177754 , std 0.23471478979906463 
2023-05-13 15:35:00,100 INFO used_ofi_add_2: 0.9940656914159536 , std 0.07680555035722146 
2023-05-13 15:35:00,100 INFO used_ofi_add_3: 0.9337565553408778 , std 0.24870715851944447 
2023-05-13 15:35:00,100 INFO used_ofi_add_4: 0.936378691691968 , std 0.244077113710414 
2023-05-13 15:35:00,100 INFO used_ofi_cancel_1: 0.6708528843499862 , std 0.4699034921228935 
2023-05-13 15:35:00,101 INFO used_ofi_cancel_2: 0.8274910295335357 , std 0.37782221424244605 
2023-05-13 15:35:00,101 INFO used_ofi_cancel_3: 0.921059895114546 , std 0.26964525719197724 
2023-05-13 15:35:00,101 INFO used_ofi_cancel_4: 0.9076731990063484 , std 0.2894867230322149 
2023-05-13 15:35:00,101 INFO used_ofi_trade_1: 0.23640629312724262 , std 0.4248745199433344 
2023-05-13 15:35:00,101 INFO used_ofi_trade_2: 0.9280982611095777 , std 0.25832514170122084 
2023-05-13 15:35:00,101 INFO used_ofi_trade_3: 0.8975986751311068 , std 0.3031753511319622 
2023-05-13 15:35:00,101 INFO used_ofi_trade_4: 0.8617168092740822 , std 0.34519697259474513 
2023-05-13 15:35:00,102 INFO Grouping by ofi type:
2023-05-13 15:35:00,102 INFO add: 3.805685895666575
2023-05-13 15:35:00,102 INFO cancel: 3.3270770080044163
2023-05-13 15:35:00,102 INFO trade: 2.9238200386420097
2023-05-13 15:35:00,102 INFO Grouping by level:
2023-05-13 15:35:00,102 INFO 1: 1.8487441346950042
2023-05-13 15:35:00,102 INFO 2: 2.749654982059067
2023-05-13 15:35:00,102 INFO 3: 2.7524151255865306
2023-05-13 15:35:00,102 INFO 4: 2.7057686999723987
2023-05-13 15:35:00,102 INFO Non empty regressions: 1.0 --- 7246 / 7246
