2023-05-13 15:36:05,016 INFO Starting...
2023-05-13 15:36:05,016 INFO Tickers: ['PNC']
2023-05-13 15:36:07,120 INFO in_r2: 0.848019125245829 , std 0.07346607967254945 
2023-05-13 15:36:07,121 INFO os_r2: 0.8037960695185319 , std 0.16781455397000597 
2023-05-13 15:36:07,121 INFO intercept: 5.8482598055459945e-08 , std 1.0881770566338972e-05 
2023-05-13 15:36:07,121 INFO ofi_add_1: 0.00011076031960194367 , std 8.024526639882592e-05 
2023-05-13 15:36:07,121 INFO ofi_add_2: 0.0001198765273668385 , std 7.045098545114765e-05 
2023-05-13 15:36:07,121 INFO ofi_add_3: 9.564460064924679e-05 , std 6.499720988316283e-05 
2023-05-13 15:36:07,121 INFO ofi_add_4: 0.00014969088324647751 , std 7.163560408668488e-05 
2023-05-13 15:36:07,121 INFO ofi_cancel_1: 0.00012286502960086969 , std 9.546707511071628e-05 
2023-05-13 15:36:07,121 INFO ofi_cancel_2: 0.00012059341024709892 , std 7.562195550628252e-05 
2023-05-13 15:36:07,121 INFO ofi_cancel_3: 8.403812318498813e-05 , std 6.576288279569317e-05 
2023-05-13 15:36:07,121 INFO ofi_cancel_4: 0.00013460215468459382 , std 7.49408905532526e-05 
2023-05-13 15:36:07,121 INFO ofi_trade_1: 0.0001596613393474901 , std 0.00017535689865354656 
2023-05-13 15:36:07,121 INFO ofi_trade_2: 0.0001293638669603345 , std 0.00013850401096854526 
2023-05-13 15:36:07,121 INFO ofi_trade_3: 0.0001100112783707248 , std 0.00012946961797645625 
2023-05-13 15:36:07,121 INFO ofi_trade_4: 0.0001780667549904305 , std 0.0001404043194310559 
2023-05-13 15:36:07,121 INFO used_intercept: 0.9997989949748743 , std 0.01417619914171293 
2023-05-13 15:36:07,121 INFO used_ofi_add_1: 0.944321608040201 , std 0.22929960451027817 
2023-05-13 15:36:07,121 INFO used_ofi_add_2: 0.974070351758794 , std 0.15892545920428658 
2023-05-13 15:36:07,121 INFO used_ofi_add_3: 0.9593969849246231 , std 0.19736871647291424 
2023-05-13 15:36:07,121 INFO used_ofi_add_4: 0.9955778894472361 , std 0.06635175574936171 
2023-05-13 15:36:07,121 INFO used_ofi_cancel_1: 0.9125628140703518 , std 0.2824746438998594 
2023-05-13 15:36:07,121 INFO used_ofi_cancel_2: 0.9628140703517588 , std 0.18921716699189126 
2023-05-13 15:36:07,122 INFO used_ofi_cancel_3: 0.9121608040201005 , std 0.28306089738694806 
2023-05-13 15:36:07,122 INFO used_ofi_cancel_4: 0.9770854271356784 , std 0.14963119733119595 
2023-05-13 15:36:07,122 INFO used_ofi_trade_1: 0.7604020100502512 , std 0.42683813461520614 
2023-05-13 15:36:07,122 INFO used_ofi_trade_2: 0.7823115577889447 , std 0.4126744289858282 
2023-05-13 15:36:07,122 INFO used_ofi_trade_3: 0.7813065326633166 , std 0.41336017548978077 
2023-05-13 15:36:07,122 INFO used_ofi_trade_4: 0.9109547738693468 , std 0.2848090129086404 
2023-05-13 15:36:07,122 INFO Grouping by ofi type:
2023-05-13 15:36:07,122 INFO add: 3.8733668341708545
2023-05-13 15:36:07,122 INFO cancel: 3.7646231155778898
2023-05-13 15:36:07,122 INFO trade: 3.234974874371859
2023-05-13 15:36:07,122 INFO Grouping by level:
2023-05-13 15:36:07,122 INFO 1: 2.617286432160804
2023-05-13 15:36:07,122 INFO 2: 2.7191959798994976
2023-05-13 15:36:07,123 INFO 3: 2.65286432160804
2023-05-13 15:36:07,123 INFO 4: 2.883618090452261
2023-05-13 15:36:07,123 INFO Non empty regressions: 1.0 --- 4975 / 4975
