2023-05-13 15:33:22,413 INFO Starting...
2023-05-13 15:33:22,413 INFO Tickers: ['XOM']
2023-05-13 15:33:24,852 INFO in_r2: 0.9426709682649891 , std 0.027658459392884433 
2023-05-13 15:33:24,852 INFO os_r2: 0.9151742674424904 , std 0.23779901344725193 
2023-05-13 15:33:24,852 INFO intercept: 7.742113124214656e-08 , std 4.818784110896809e-06 
2023-05-13 15:33:24,852 INFO ofi_add_1: 5.0923714581916636e-05 , std 5.2074794488171246e-05 
2023-05-13 15:33:24,852 INFO ofi_add_2: 0.00013232228648653047 , std 8.044368310745532e-05 
2023-05-13 15:33:24,852 INFO ofi_add_3: 0.00013963809604116803 , std 6.677895897717991e-05 
2023-05-13 15:33:24,852 INFO ofi_add_4: 0.00016944440267684007 , std 7.909686247644893e-05 
2023-05-13 15:33:24,852 INFO ofi_cancel_1: 3.6645112947303744e-05 , std 4.955250555012651e-05 
2023-05-13 15:33:24,852 INFO ofi_cancel_2: 0.00011822440115754991 , std 8.200868721595255e-05 
2023-05-13 15:33:24,852 INFO ofi_cancel_3: 0.00013764225825362004 , std 7.066234236519657e-05 
2023-05-13 15:33:24,852 INFO ofi_cancel_4: 0.00017127523514709074 , std 8.225388229279822e-05 
2023-05-13 15:33:24,852 INFO ofi_trade_1: 2.791514959878948e-05 , std 9.05085274227513e-05 
2023-05-13 15:33:24,852 INFO ofi_trade_2: 0.00013144690014484675 , std 0.00010762853162998307 
2023-05-13 15:33:24,852 INFO ofi_trade_3: 0.00013408009865740832 , std 8.813528510868748e-05 
2023-05-13 15:33:24,852 INFO ofi_trade_4: 0.00015365881140318182 , std 9.36840966867633e-05 
2023-05-13 15:33:24,852 INFO used_intercept: 0.9997276688453159 , std 0.016500211829739774 
2023-05-13 15:33:24,852 INFO used_ofi_add_1: 0.8673747276688453 , std 0.3391692932301534 
2023-05-13 15:33:24,852 INFO used_ofi_add_2: 0.9680010893246187 , std 0.17599710335960148 
2023-05-13 15:33:24,853 INFO used_ofi_add_3: 0.9833877995642701 , std 0.1278132826916396 
2023-05-13 15:33:24,853 INFO used_ofi_add_4: 0.9930555555555556 , std 0.08304347738264861 
2023-05-13 15:33:24,853 INFO used_ofi_cancel_1: 0.5964052287581699 , std 0.4906180101342438 
2023-05-13 15:33:24,853 INFO used_ofi_cancel_2: 0.8906590413943355 , std 0.3120665207561664 
2023-05-13 15:33:24,853 INFO used_ofi_cancel_3: 0.9730392156862745 , std 0.16196882546624292 
2023-05-13 15:33:24,853 INFO used_ofi_cancel_4: 0.9888344226579521 , std 0.10507572138542128 
2023-05-13 15:33:24,853 INFO used_ofi_trade_1: 0.19226579520697168 , std 0.39408077750684883 
2023-05-13 15:33:24,853 INFO used_ofi_trade_2: 0.8139978213507625 , std 0.38910842728855743 
2023-05-13 15:33:24,853 INFO used_ofi_trade_3: 0.9340958605664488 , std 0.24811445713435207 
2023-05-13 15:33:24,853 INFO used_ofi_trade_4: 0.9494825708061002 , std 0.21901008776204603 
2023-05-13 15:33:24,853 INFO Grouping by ofi type:
2023-05-13 15:33:24,853 INFO add: 3.8118191721132897
2023-05-13 15:33:24,853 INFO cancel: 3.448937908496732
2023-05-13 15:33:24,853 INFO trade: 2.889842047930283
2023-05-13 15:33:24,853 INFO Grouping by level:
2023-05-13 15:33:24,853 INFO 1: 1.6560457516339868
2023-05-13 15:33:24,853 INFO 2: 2.672657952069717
2023-05-13 15:33:24,854 INFO 3: 2.8905228758169934
2023-05-13 15:33:24,854 INFO 4: 2.931372549019608
2023-05-13 15:33:24,854 INFO Non empty regressions: 1.0 --- 7344 / 7344
