2023-05-09 09:28:12,233 INFO Starting...
2023-05-09 09:28:12,233 INFO Tickers: ['COST']
2023-05-09 09:29:31,441 INFO in_r2: 0.0926541482379159 , std 0.17664828691486198 
2023-05-09 09:29:31,441 INFO os_r2: -0.11142792901340659 , std 0.06981723578282022 
2023-05-09 09:29:31,441 INFO intercept: 9.952272146536058e-07 , std 0.0001033030042271215 
2023-05-09 09:29:31,441 INFO ofi_add_1_1: -9.615422580402887e-08 , std 5.135412051489195e-06 
2023-05-09 09:29:31,441 INFO ofi_add_2_1: -2.9901203240113955e-07 , std 6.931304908541189e-06 
2023-05-09 09:29:31,441 INFO ofi_add_3_1: -1.862495484276518e-07 , std 5.0289151715335676e-06 
2023-05-09 09:29:31,441 INFO ofi_add_4_1: -2.1208804717880397e-07 , std 6.1613396106419655e-06 
2023-05-09 09:29:31,441 INFO ofi_add_5_1: -2.0514992551601334e-07 , std 5.943728850253784e-06 
2023-05-09 09:29:31,441 INFO ofi_add_6_1: -3.0159228583816543e-07 , std 6.291014105747678e-06 
2023-05-09 09:29:31,441 INFO ofi_add_7_1: -2.0844510284752032e-07 , std 5.696796614934742e-06 
2023-05-09 09:29:31,441 INFO ofi_add_8_1: -2.447426854569502e-07 , std 6.031633475655783e-06 
2023-05-09 09:29:31,441 INFO ofi_add_9_1: -2.0689844706089e-07 , std 5.779340510221349e-06 
2023-05-09 09:29:31,441 INFO ofi_add_10_1: -2.7123362421488505e-07 , std 6.786472412365876e-06 
2023-05-09 09:29:31,441 INFO ofi_cancel_1_1: -2.421028573571993e-08 , std 4.721778427193138e-06 
2023-05-09 09:29:31,441 INFO ofi_cancel_2_1: -8.797736418797835e-08 , std 5.13544740403955e-06 
2023-05-09 09:29:31,441 INFO ofi_cancel_3_1: -7.848948951700508e-08 , std 5.263883898352771e-06 
2023-05-09 09:29:31,441 INFO ofi_cancel_4_1: -1.5805311323378991e-07 , std 5.553912274488303e-06 
2023-05-09 09:29:31,442 INFO ofi_cancel_5_1: -1.3491174658710936e-07 , std 5.250472029670817e-06 
2023-05-09 09:29:31,442 INFO ofi_cancel_6_1: -1.2113811925491313e-07 , std 5.294026819039346e-06 
2023-05-09 09:29:31,442 INFO ofi_cancel_7_1: -1.0998743440082924e-07 , std 4.994470101311326e-06 
2023-05-09 09:29:31,442 INFO ofi_cancel_8_1: -1.1547357743185617e-07 , std 5.712157699804304e-06 
2023-05-09 09:29:31,442 INFO ofi_cancel_9_1: -1.1238152632115381e-07 , std 4.726165967363347e-06 
2023-05-09 09:29:31,442 INFO ofi_cancel_10_1: -1.3003688516810374e-07 , std 5.434755040457878e-06 
2023-05-09 09:29:31,442 INFO ofi_trade_1_1: -2.3156914823739335e-08 , std 2.0295389301496497e-06 
2023-05-09 09:29:31,442 INFO ofi_trade_2_1: -6.091857680669418e-08 , std 3.149929727402222e-06 
2023-05-09 09:29:31,442 INFO ofi_trade_3_1: -5.586079888736566e-08 , std 3.2376244153870173e-06 
2023-05-09 09:29:31,442 INFO ofi_trade_4_1: -5.733320085011854e-08 , std 3.3807384075208886e-06 
2023-05-09 09:29:31,442 INFO ofi_trade_5_1: -6.421344244280627e-08 , std 3.5493268365216944e-06 
2023-05-09 09:29:31,442 INFO ofi_trade_6_1: -5.196649381918262e-08 , std 3.1833503348464967e-06 
2023-05-09 09:29:31,442 INFO ofi_trade_7_1: -6.216954199494304e-08 , std 3.4285619694731476e-06 
2023-05-09 09:29:31,442 INFO ofi_trade_8_1: -4.729007484562325e-08 , std 2.7628390535365566e-06 
2023-05-09 09:29:31,442 INFO ofi_trade_9_1: -5.021853146932198e-08 , std 3.150630872778329e-06 
2023-05-09 09:29:31,442 INFO ofi_trade_10_1: -4.9723834181196046e-08 , std 3.814129702881499e-06 
2023-05-09 09:29:31,442 INFO ofi_add_1_2: -2.1302976696847534e-07 , std 5.9105404175449115e-06 
2023-05-09 09:29:31,442 INFO ofi_add_2_2: -3.247375609624608e-07 , std 6.280988718152076e-06 
2023-05-09 09:29:31,442 INFO ofi_add_3_2: -2.479010850315411e-07 , std 5.998164833253129e-06 
2023-05-09 09:29:31,442 INFO ofi_add_4_2: -2.485093104869059e-07 , std 5.991105701077402e-06 
2023-05-09 09:29:31,442 INFO ofi_add_5_2: -1.9526421334210787e-07 , std 6.092952425497127e-06 
2023-05-09 09:29:31,442 INFO ofi_add_6_2: -2.7936018357105326e-07 , std 5.880163314022176e-06 
2023-05-09 09:29:31,442 INFO ofi_add_7_2: -2.1604619842468395e-07 , std 5.517714324697311e-06 
2023-05-09 09:29:31,442 INFO ofi_add_8_2: -1.5484640551515575e-07 , std 6.027585822631336e-06 
2023-05-09 09:29:31,442 INFO ofi_add_9_2: -2.2950497153079295e-07 , std 6.044194364637784e-06 
2023-05-09 09:29:31,442 INFO ofi_add_10_2: -2.9969362438140043e-07 , std 6.095980017390277e-06 
2023-05-09 09:29:31,442 INFO ofi_cancel_1_2: -5.6609062276872215e-08 , std 3.99702746943535e-06 
2023-05-09 09:29:31,442 INFO ofi_cancel_2_2: -1.124905758509878e-07 , std 5.68665518698915e-06 
2023-05-09 09:29:31,442 INFO ofi_cancel_3_2: -1.726645530924199e-07 , std 5.450368965701071e-06 
2023-05-09 09:29:31,442 INFO ofi_cancel_4_2: -2.073996230358965e-07 , std 5.987164566619596e-06 
2023-05-09 09:29:31,442 INFO ofi_cancel_5_2: -1.705506092875491e-07 , std 5.398245742798608e-06 
2023-05-09 09:29:31,442 INFO ofi_cancel_6_2: -2.1381624749535062e-07 , std 5.417094639651997e-06 
2023-05-09 09:29:31,442 INFO ofi_cancel_7_2: -1.9958359447827435e-07 , std 5.565109516039129e-06 
2023-05-09 09:29:31,442 INFO ofi_cancel_8_2: -1.745233874640334e-07 , std 5.04475493971125e-06 
2023-05-09 09:29:31,442 INFO ofi_cancel_9_2: -1.1150893480002682e-07 , std 5.333755212161024e-06 
2023-05-09 09:29:31,442 INFO ofi_cancel_10_2: -2.041697526757312e-07 , std 5.996220866638387e-06 
2023-05-09 09:29:31,442 INFO ofi_trade_1_2: -4.0617344483600706e-08 , std 2.9314526552623842e-06 
2023-05-09 09:29:31,442 INFO ofi_trade_2_2: -6.97274941783216e-08 , std 3.465515293540002e-06 
2023-05-09 09:29:31,442 INFO ofi_trade_3_2: -7.456857695495087e-08 , std 3.5048427417327507e-06 
2023-05-09 09:29:31,442 INFO ofi_trade_4_2: -5.157777830985157e-08 , std 2.807946299167489e-06 
2023-05-09 09:29:31,442 INFO ofi_trade_5_2: -8.645979560682624e-08 , std 3.6887973393749424e-06 
2023-05-09 09:29:31,442 INFO ofi_trade_6_2: -9.72657164859513e-08 , std 4.256065067203092e-06 
2023-05-09 09:29:31,442 INFO ofi_trade_7_2: -5.7087712027558127e-08 , std 3.1722382319873213e-06 
2023-05-09 09:29:31,442 INFO ofi_trade_8_2: -7.940851614734906e-08 , std 3.4077588521839104e-06 
2023-05-09 09:29:31,442 INFO ofi_trade_9_2: -6.059974317936178e-08 , std 3.2053427955979095e-06 
2023-05-09 09:29:31,442 INFO ofi_trade_10_2: -4.9178165070021793e-08 , std 2.654290291469622e-06 
2023-05-09 09:29:31,442 INFO ofi_add_1_3: -1.8260511502295637e-07 , std 6.801419517344201e-06 
2023-05-09 09:29:31,442 INFO ofi_add_2_3: -3.121323200426897e-07 , std 6.986810076426909e-06 
2023-05-09 09:29:31,442 INFO ofi_add_3_3: -3.020954035692266e-07 , std 6.745817850322353e-06 
2023-05-09 09:29:31,442 INFO ofi_add_4_3: -3.451768616231911e-07 , std 6.82706879198154e-06 
2023-05-09 09:29:31,442 INFO ofi_add_5_3: -2.5902058990568523e-07 , std 6.79233615815152e-06 
2023-05-09 09:29:31,442 INFO ofi_add_6_3: -2.939944364210708e-07 , std 6.262138389225671e-06 
2023-05-09 09:29:31,442 INFO ofi_add_7_3: -3.0945516362572393e-07 , std 6.422555126021167e-06 
2023-05-09 09:29:31,443 INFO ofi_add_8_3: -1.4011002731215183e-07 , std 6.070614757176195e-06 
2023-05-09 09:29:31,443 INFO ofi_add_9_3: -2.2107886684446438e-07 , std 5.89723287519822e-06 
2023-05-09 09:29:31,443 INFO ofi_add_10_3: -2.6281619870709336e-07 , std 6.962767557410679e-06 
2023-05-09 09:29:31,443 INFO ofi_cancel_1_3: -9.89572134469639e-08 , std 5.645622940246047e-06 
2023-05-09 09:29:31,443 INFO ofi_cancel_2_3: -1.6204935744921023e-07 , std 6.156655489256217e-06 
2023-05-09 09:29:31,443 INFO ofi_cancel_3_3: -2.150043583785441e-07 , std 6.44036279950576e-06 
2023-05-09 09:29:31,443 INFO ofi_cancel_4_3: -2.4396346126203465e-07 , std 6.4627764557870656e-06 
2023-05-09 09:29:31,443 INFO ofi_cancel_5_3: -2.376892830108257e-07 , std 6.459153108375715e-06 
2023-05-09 09:29:31,443 INFO ofi_cancel_6_3: -2.1519610513242328e-07 , std 6.1915305918548185e-06 
2023-05-09 09:29:31,443 INFO ofi_cancel_7_3: -1.1817748363490832e-07 , std 5.745263058450102e-06 
2023-05-09 09:29:31,443 INFO ofi_cancel_8_3: -2.2173411619874298e-07 , std 6.395158945940291e-06 
2023-05-09 09:29:31,443 INFO ofi_cancel_9_3: -1.300916025324795e-07 , std 5.71138573813185e-06 
2023-05-09 09:29:31,443 INFO ofi_cancel_10_3: -1.699493819837889e-07 , std 6.010110242055961e-06 
2023-05-09 09:29:31,443 INFO ofi_trade_1_3: -2.174617236595138e-08 , std 2.432437463536521e-06 
2023-05-09 09:29:31,443 INFO ofi_trade_2_3: -4.6688284209689444e-08 , std 3.954738277690761e-06 
2023-05-09 09:29:31,443 INFO ofi_trade_3_3: -7.965569059045606e-08 , std 3.9619090769554485e-06 
2023-05-09 09:29:31,443 INFO ofi_trade_4_3: -8.962976858699952e-08 , std 5.002442645459466e-06 
2023-05-09 09:29:31,443 INFO ofi_trade_5_3: -8.921305510823e-08 , std 4.146938674071228e-06 
2023-05-09 09:29:31,443 INFO ofi_trade_6_3: -1.2743597316926194e-07 , std 4.484508197081101e-06 
2023-05-09 09:29:31,443 INFO ofi_trade_7_3: -6.783103051076908e-08 , std 3.345108700387142e-06 
2023-05-09 09:29:31,443 INFO ofi_trade_8_3: -1.1172046577308423e-07 , std 4.193483044372667e-06 
2023-05-09 09:29:31,443 INFO ofi_trade_9_3: -1.047258126918602e-07 , std 4.351810229798122e-06 
2023-05-09 09:29:31,443 INFO ofi_trade_10_3: -1.3959985761351503e-07 , std 4.37409788232653e-06 
2023-05-09 09:29:31,443 INFO used_intercept: 0.9847880788955716 , std 0.12239492865613773 
2023-05-09 09:29:31,443 INFO used_ofi_add_1_1: 0.008608367241623397 , std 0.09238107628219508 
2023-05-09 09:29:31,443 INFO used_ofi_add_2_1: 0.016942728098898036 , std 0.1290568559335956 
2023-05-09 09:29:31,443 INFO used_ofi_add_3_1: 0.013942358190279168 , std 0.11725173277343551 
2023-05-09 09:29:31,443 INFO used_ofi_add_4_1: 0.016138976038141687 , std 0.12600995790246886 
2023-05-09 09:29:31,443 INFO used_ofi_add_5_1: 0.016586519799244654 , std 0.1277161194219192 
2023-05-09 09:29:31,443 INFO used_ofi_add_6_1: 0.018732903143309904 , std 0.13558016626016237 
2023-05-09 09:29:31,443 INFO used_ofi_add_7_1: 0.01839039516287396 , std 0.13435843303874642 
2023-05-09 09:29:31,443 INFO used_ofi_add_8_1: 0.01998419896516922 , std 0.13994581364545974 
2023-05-09 09:29:31,443 INFO used_ofi_add_9_1: 0.020591579783808964 , std 0.14201255798631326 
2023-05-09 09:29:31,443 INFO used_ofi_add_10_1: 0.028382494645458573 , std 0.16606302611707124 
2023-05-09 09:29:31,443 INFO used_ofi_cancel_1_1: 0.0018267092289917023 , std 0.04270096441983973 
2023-05-09 09:29:31,443 INFO used_ofi_cancel_2_1: 0.006704022870399547 , std 0.08160317976496202 
2023-05-09 09:29:31,443 INFO used_ofi_cancel_3_1: 0.007032830531618054 , std 0.08356655925866274 
2023-05-09 09:29:31,443 INFO used_ofi_cancel_4_1: 0.007859416457736799 , std 0.08830428093065847 
2023-05-09 09:29:31,443 INFO used_ofi_cancel_5_1: 0.009371018344727432 , std 0.09634937654136749 
2023-05-09 09:29:31,443 INFO used_ofi_cancel_6_1: 0.00963589118293123 , std 0.09768848849297414 
2023-05-09 09:29:31,443 INFO used_ofi_cancel_7_1: 0.009827695651975358 , std 0.09864639907339498 
2023-05-09 09:29:31,443 INFO used_ofi_cancel_8_1: 0.010777584451051044 , std 0.10325419180087317 
2023-05-09 09:29:31,443 INFO used_ofi_cancel_9_1: 0.010667981897311541 , std 0.10273351964938304 
2023-05-09 09:29:31,443 INFO used_ofi_cancel_10_1: 0.014243765213062799 , std 0.1184942208110503 
2023-05-09 09:29:31,443 INFO used_ofi_trade_1_1: 0.00041557634959561225 , std 0.020381453478426625 
2023-05-09 09:29:31,443 INFO used_ofi_trade_2_1: 0.0013152306448740256 , std 0.03624225176813398 
2023-05-09 09:29:31,443 INFO used_ofi_trade_3_1: 0.0013928657871061728 , std 0.03729511646322185 
2023-05-09 09:29:31,443 INFO used_ofi_trade_4_1: 0.0012238951834244404 , std 0.034962798286241784 
2023-05-09 09:29:31,443 INFO used_ofi_trade_5_1: 0.0011873609988446064 , std 0.034437641799389074 
2023-05-09 09:29:31,443 INFO used_ofi_trade_6_1: 0.0011462600411922931 , std 0.03383705260672475 
2023-05-09 09:29:31,443 INFO used_ofi_trade_7_1: 0.0010731916720326251 , std 0.03274202088551813 
2023-05-09 09:29:31,443 INFO used_ofi_trade_8_1: 0.0011142926296849383 , std 0.03336241870159249 
2023-05-09 09:29:31,443 INFO used_ofi_trade_9_1: 0.0011005923104675005 , std 0.03315691492032454 
2023-05-09 09:29:31,444 INFO used_ofi_trade_10_1: 0.0011645271334822101 , std 0.034105292991522505 
2023-05-09 09:29:31,444 INFO used_ofi_add_1_2: 0.017513574732957945 , std 0.131174881105458 
2023-05-09 09:29:31,444 INFO used_ofi_add_2_2: 0.02600320587469688 , std 0.15914471137595182 
2023-05-09 09:29:31,444 INFO used_ofi_add_3_2: 0.023085037881382636 , std 0.15017362920099445 
2023-05-09 09:29:31,444 INFO used_ofi_add_4_2: 0.02421303083028501 , std 0.15370998656006932 
2023-05-09 09:29:31,444 INFO used_ofi_add_5_2: 0.024464203349271373 , std 0.15448529413428605 
2023-05-09 09:29:31,444 INFO used_ofi_add_6_2: 0.02856973234143022 , std 0.16659382562198774 
2023-05-09 09:29:31,444 INFO used_ofi_add_7_2: 0.02931868312531682 , std 0.1686982452342468 
2023-05-09 09:29:31,444 INFO used_ofi_add_8_2: 0.030186370009087877 , std 0.17109983364913692 
2023-05-09 09:29:31,444 INFO used_ofi_add_9_2: 0.03208158083416677 , std 0.17621677844447048 
2023-05-09 09:29:31,444 INFO used_ofi_add_10_2: 0.04065798066428281 , std 0.19749660572421396 
2023-05-09 09:29:31,444 INFO used_ofi_cancel_1_2: 0.0036214510464760495 , std 0.06006942765495629 
2023-05-09 09:29:31,444 INFO used_ofi_cancel_2_2: 0.011403232361980702 , std 0.10617532036061571 
2023-05-09 09:29:31,444 INFO used_ofi_cancel_3_2: 0.011544802327227557 , std 0.10682471561606326 
2023-05-09 09:29:31,444 INFO used_ofi_cancel_4_2: 0.013759687267379996 , std 0.11649188072000508 
2023-05-09 09:29:31,444 INFO used_ofi_cancel_5_2: 0.014262032305352714 , std 0.11856908003300773 
2023-05-09 09:29:31,444 INFO used_ofi_cancel_6_2: 0.015622930680951533 , std 0.12401151042499933 
2023-05-09 09:29:31,444 INFO used_ofi_cancel_7_2: 0.016239445045736232 , std 0.12639511648138443 
2023-05-09 09:29:31,444 INFO used_ofi_cancel_8_2: 0.017805848209596617 , std 0.13224522667806737 
2023-05-09 09:29:31,444 INFO used_ofi_cancel_9_2: 0.018111822005452728 , std 0.1333558544237767 
2023-05-09 09:29:31,444 INFO used_ofi_cancel_10_2: 0.022678595077931983 , std 0.1488767154501441 
2023-05-09 09:29:31,444 INFO used_ofi_trade_1_2: 0.0006119475917122202 , std 0.024730004283404758 
2023-05-09 09:29:31,444 INFO used_ofi_trade_2_2: 0.0020093801518908726 , std 0.04478105116336663 
2023-05-09 09:29:31,444 INFO used_ofi_trade_3_2: 0.002233152032442356 , std 0.04720344335366176 
2023-05-09 09:29:31,444 INFO used_ofi_trade_4_2: 0.0020230804711083104 , std 0.04493314607854351 
2023-05-09 09:29:31,444 INFO used_ofi_trade_5_2: 0.0021920510747900426 , std 0.04676800174131404 
2023-05-09 09:29:31,444 INFO used_ofi_trade_6_2: 0.0021189827056303746 , std 0.045983612493187324 
2023-05-09 09:29:31,444 INFO used_ofi_trade_7_2: 0.002114415932557895 , std 0.045934139567668404 
2023-05-09 09:29:31,444 INFO used_ofi_trade_8_2: 0.001981979513455997 , std 0.044475288314571246 
2023-05-09 09:29:31,444 INFO used_ofi_trade_9_2: 0.0018906440520064117 , std 0.04344041340819657 
2023-05-09 09:29:31,444 INFO used_ofi_trade_10_2: 0.0019774127403835175 , std 0.04442412159219006 
2023-05-09 09:29:31,444 INFO used_ofi_add_1_3: 0.034552205066378044 , std 0.18264268447279514 
2023-05-09 09:29:31,444 INFO used_ofi_add_2_3: 0.04718389938485567 , std 0.21203202358062684 
2023-05-09 09:29:31,444 INFO used_ofi_add_3_3: 0.0379316171400127 , std 0.19103091258002247 
2023-05-09 09:29:31,444 INFO used_ofi_add_4_3: 0.043293008727103344 , std 0.20351590631313882 
2023-05-09 09:29:31,444 INFO used_ofi_add_5_3: 0.042667360816173686 , std 0.2021060541823429 
2023-05-09 09:29:31,444 INFO used_ofi_add_6_3: 0.047380270626972275 , std 0.21245088981288626 
2023-05-09 09:29:31,444 INFO used_ofi_add_7_3: 0.04809268722627904 , std 0.21396210099369078 
2023-05-09 09:29:31,444 INFO used_ofi_add_8_3: 0.04762230959981367 , std 0.21296578417246553 
2023-05-09 09:29:31,444 INFO used_ofi_add_9_3: 0.05111589100026031 , std 0.22023409519760972 
2023-05-09 09:29:31,444 INFO used_ofi_add_10_3: 0.07400912441259881 , std 0.2617857404754493 
2023-05-09 09:29:31,444 INFO used_ofi_cancel_1_3: 0.00956738958684404 , std 0.09734400157861597 
2023-05-09 09:29:31,444 INFO used_ofi_cancel_2_3: 0.022614660254917273 , std 0.14867157561710287 
2023-05-09 09:29:31,444 INFO used_ofi_cancel_3_3: 0.02158713631360944 , std 0.1453311111200458 
2023-05-09 09:29:31,444 INFO used_ofi_cancel_4_3: 0.02631374644362547 , std 0.16006665234122333 
2023-05-09 09:29:31,444 INFO used_ofi_cancel_5_3: 0.02681152470852571 , std 0.1615322470942871 
2023-05-09 09:29:31,444 INFO used_ofi_cancel_6_3: 0.028053686984240066 , std 0.16512624755268424 
2023-05-09 09:29:31,444 INFO used_ofi_cancel_7_3: 0.02778424737296379 , std 0.1643541388918507 
2023-05-09 09:29:31,444 INFO used_ofi_cancel_8_3: 0.02998086522082631 , std 0.17053449194059528 
2023-05-09 09:29:31,444 INFO used_ofi_cancel_9_3: 0.031935444095847434 , std 0.1758282443359099 
2023-05-09 09:29:31,444 INFO used_ofi_cancel_10_3: 0.039698958319062165 , std 0.19525099494610404 
2023-05-09 09:29:31,444 INFO used_ofi_trade_1_3: 0.001123426175829897 , std 0.03349871772855428 
2023-05-09 09:29:31,444 INFO used_ofi_trade_2_3: 0.0038178222885926574 , std 0.06167046717485917 
2023-05-09 09:29:31,445 INFO used_ofi_trade_3_3: 0.004429769880304878 , std 0.06640893779539334 
2023-05-09 09:29:31,445 INFO used_ofi_trade_4_3: 0.004219698318970832 , std 0.06482200602471129 
2023-05-09 09:29:31,445 INFO used_ofi_trade_5_3: 0.003927424842332159 , std 0.06254598449492975 
2023-05-09 09:29:31,445 INFO used_ofi_trade_6_3: 0.003913724523114722 , std 0.062437226743921735 
2023-05-09 09:29:31,445 INFO used_ofi_trade_7_3: 0.003178474058445562 , std 0.05628828795677972 
2023-05-09 09:29:31,445 INFO used_ofi_trade_8_3: 0.003913724523114722 , std 0.06243722674392172 
2023-05-09 09:29:31,445 INFO used_ofi_trade_9_3: 0.003552949450388861 , std 0.059500638657008074 
2023-05-09 09:29:31,445 INFO used_ofi_trade_10_3: 0.004502838249464546 , std 0.06695194319184251 
2023-05-09 09:29:32,131 INFO Grouping by horizont:
2023-05-09 09:29:32,137 INFO 1: 0.27738122964931744
2023-05-09 09:29:32,137 INFO 2: 0.44029629223694255
2023-05-09 09:29:32,137 INFO 3: 0.7747758856114678
2023-05-09 09:29:32,137 INFO Grouping by ofi type:
2023-05-09 09:29:32,137 INFO add: 0.9282422947121333
2023-05-09 09:29:32,137 INFO cancel: 0.4973444214583533
2023-05-09 09:29:32,137 INFO trade: 0.06686669132724125
2023-05-09 09:29:32,137 INFO Grouping by ofi type and horizont:
2023-05-09 09:29:32,137 INFO add_1: 0.1783005210688076
2023-05-09 09:29:32,137 INFO cancel_1: 0.08794691582980552
2023-05-09 09:29:32,137 INFO trade_1: 0.011133792750704424
2023-05-09 09:29:32,137 INFO add_2: 0.2760933996428784
2023-05-09 09:29:32,137 INFO cancel_2: 0.14504984632808612
2023-05-09 09:29:32,137 INFO trade_2: 0.019153046265977997
2023-05-09 09:29:32,137 INFO add_3: 0.47384837400044755
2023-05-09 09:29:32,138 INFO cancel_3: 0.26434765930046167
2023-05-09 09:29:32,138 INFO trade_3: 0.03657985231055884
2023-05-09 09:29:32,138 INFO Grouping by level:
2023-05-09 09:29:32,138 INFO 1: 0.07784064702040891
2023-05-09 09:29:32,138 INFO 2: 0.13799418193110563
2023-05-09 09:29:32,138 INFO 3: 0.12317957008398295
2023-05-09 09:29:32,138 INFO 4: 0.13904453973777592
2023-05-09 09:29:32,138 INFO 5: 0.14146949623926236
2023-05-09 09:29:32,138 INFO 6: 0.15517438222977264
2023-05-09 09:29:32,138 INFO 7: 0.1560192352481813
2023-05-09 09:29:32,138 INFO 8: 0.16336717312180038
2023-05-09 09:29:32,138 INFO 9: 0.17104848542971052
2023-05-09 09:29:32,138 INFO 10: 0.22731569645572744
2023-05-09 09:29:32,138 INFO Grouping by level and horizont:
2023-05-09 09:29:32,138 INFO 1_1: 0.01085065282021071
2023-05-09 09:29:32,138 INFO 2_1: 0.02496198161417161
2023-05-09 09:29:32,138 INFO 3_1: 0.022368054509003393
2023-05-09 09:29:32,138 INFO 4_1: 0.025222287679302926
2023-05-09 09:29:32,138 INFO 5_1: 0.027144899142816693
2023-05-09 09:29:32,138 INFO 6_1: 0.029515054367433426
2023-05-09 09:29:32,138 INFO 7_1: 0.029291282486881946
2023-05-09 09:29:32,138 INFO 8_1: 0.0318760760459052
2023-05-09 09:29:32,138 INFO 9_1: 0.03236015399158801
2023-05-09 09:29:32,138 INFO 10_1: 0.04379078699200358
2023-05-09 09:29:32,138 INFO 1_2: 0.021746973371146214
2023-05-09 09:29:32,138 INFO 2_2: 0.039415818388568453
2023-05-09 09:29:32,138 INFO 3_2: 0.03686299224105255
2023-05-09 09:29:32,138 INFO 4_2: 0.03999579856877331
2023-05-09 09:29:32,138 INFO 5_2: 0.04091828672941413
2023-05-09 09:29:32,138 INFO 6_2: 0.04631164572801213
2023-05-09 09:29:32,138 INFO 7_2: 0.04767254410361094
2023-05-09 09:29:32,138 INFO 8_2: 0.049974197732140485
2023-05-09 09:29:32,138 INFO 9_2: 0.05208404689162591
2023-05-09 09:29:32,138 INFO 10_2: 0.06531398848259831
2023-05-09 09:29:32,138 INFO 1_3: 0.04524302082905198
2023-05-09 09:29:32,138 INFO 2_3: 0.0736163819283656
2023-05-09 09:29:32,138 INFO 3_3: 0.063948523333927
2023-05-09 09:29:32,138 INFO 4_3: 0.07382645348969964
2023-05-09 09:29:32,138 INFO 5_3: 0.07340631036703156
2023-05-09 09:29:32,138 INFO 6_3: 0.07934768213432707
2023-05-09 09:29:32,138 INFO 7_3: 0.0790554086576884
2023-05-09 09:29:32,138 INFO 8_3: 0.08151689934375471
2023-05-09 09:29:32,139 INFO 9_3: 0.0866042845464966
2023-05-09 09:29:32,139 INFO 10_3: 0.11821092098112551
2023-05-09 09:29:32,149 INFO Non empty regressions: 0.39274248423321595 --- 86000 / 218973
