2023-05-09 09:44:14,837 INFO Starting...
2023-05-09 09:44:14,838 INFO Tickers: ['LIN']
2023-05-09 09:44:45,681 INFO in_r2: 0.09694888582878021 , std 0.1812760018752174 
2023-05-09 09:44:45,681 INFO os_r2: -0.12953922819358377 , std 0.09442845402179048 
2023-05-09 09:44:45,681 INFO intercept: 9.688462092794634e-07 , std 0.00011792539043971175 
2023-05-09 09:44:45,681 INFO ofi_add_1_1: -1.716480298168547e-07 , std 9.104636836857321e-06 
2023-05-09 09:44:45,682 INFO ofi_add_2_1: -2.924754329482198e-07 , std 9.079679199931468e-06 
2023-05-09 09:44:45,682 INFO ofi_add_3_1: -4.778977184489356e-07 , std 9.980993273614758e-06 
2023-05-09 09:44:45,682 INFO ofi_add_4_1: -2.931864324221558e-07 , std 8.293083166235302e-06 
2023-05-09 09:44:45,682 INFO ofi_add_5_1: -1.7541829603122786e-07 , std 7.486243552230448e-06 
2023-05-09 09:44:45,682 INFO ofi_add_6_1: -1.457042101871806e-07 , std 8.005834434792209e-06 
2023-05-09 09:44:45,682 INFO ofi_add_7_1: -1.9299465777834812e-07 , std 8.952677450257389e-06 
2023-05-09 09:44:45,682 INFO ofi_add_8_1: -9.970535375864919e-08 , std 9.518399729694756e-06 
2023-05-09 09:44:45,682 INFO ofi_add_9_1: -5.661536379466989e-08 , std 9.751550012942963e-06 
2023-05-09 09:44:45,682 INFO ofi_add_10_1: -6.936782344179119e-08 , std 9.73571216141734e-06 
2023-05-09 09:44:45,682 INFO ofi_cancel_1_1: -1.3696257354407247e-07 , std 6.51979960996285e-06 
2023-05-09 09:44:45,682 INFO ofi_cancel_2_1: -2.570045679674722e-07 , std 7.768874829834079e-06 
2023-05-09 09:44:45,682 INFO ofi_cancel_3_1: -1.6369666601395745e-07 , std 7.859423158667722e-06 
2023-05-09 09:44:45,682 INFO ofi_cancel_4_1: -1.231853456229586e-07 , std 7.310818702946886e-06 
2023-05-09 09:44:45,682 INFO ofi_cancel_5_1: -2.203567204806691e-07 , std 8.102654706626545e-06 
2023-05-09 09:44:45,682 INFO ofi_cancel_6_1: -6.412942643743763e-08 , std 8.749849336518522e-06 
2023-05-09 09:44:45,682 INFO ofi_cancel_7_1: -6.448900598942576e-08 , std 6.49840575153649e-06 
2023-05-09 09:44:45,682 INFO ofi_cancel_8_1: -7.051974005054992e-08 , std 7.246208244370048e-06 
2023-05-09 09:44:45,682 INFO ofi_cancel_9_1: -1.92257251804227e-07 , std 8.362682111481246e-06 
2023-05-09 09:44:45,682 INFO ofi_cancel_10_1: -1.2292591350956033e-07 , std 7.709060904667025e-06 
2023-05-09 09:44:45,682 INFO ofi_trade_1_1: -5.293896392753598e-08 , std 5.447275614133461e-06 
2023-05-09 09:44:45,682 INFO ofi_trade_2_1: -1.3804603509120787e-08 , std 3.0324715128405224e-06 
2023-05-09 09:44:45,682 INFO ofi_trade_3_1: -5.8924412537440166e-08 , std 3.580073638905965e-06 
2023-05-09 09:44:45,682 INFO ofi_trade_4_1: -4.418804400571276e-08 , std 3.6333254034833555e-06 
2023-05-09 09:44:45,682 INFO ofi_trade_5_1: -4.995994652298437e-08 , std 6.2139303291653105e-06 
2023-05-09 09:44:45,682 INFO ofi_trade_6_1: -2.802995124248571e-08 , std 2.1674680038888587e-06 
2023-05-09 09:44:45,682 INFO ofi_trade_7_1: -1.5006011230258835e-08 , std 2.8268418143234887e-06 
2023-05-09 09:44:45,682 INFO ofi_trade_8_1: -2.42110480747887e-08 , std 2.2223434098257463e-06 
2023-05-09 09:44:45,682 INFO ofi_trade_9_1: -2.5428817811922926e-08 , std 3.4325126291356618e-06 
2023-05-09 09:44:45,682 INFO ofi_trade_10_1: -2.4177737022783666e-08 , std 4.433892089922706e-06 
2023-05-09 09:44:45,682 INFO ofi_add_1_2: -1.1279640665295368e-07 , std 8.87221237410289e-06 
2023-05-09 09:44:45,682 INFO ofi_add_2_2: -3.8731135265637994e-07 , std 8.887560564275123e-06 
2023-05-09 09:44:45,682 INFO ofi_add_3_2: -2.945589931522301e-07 , std 8.60322092225936e-06 
2023-05-09 09:44:45,682 INFO ofi_add_4_2: -2.690916910393366e-07 , std 8.454282799706266e-06 
2023-05-09 09:44:45,682 INFO ofi_add_5_2: -2.4842300250287195e-07 , std 7.898240677035101e-06 
2023-05-09 09:44:45,682 INFO ofi_add_6_2: -3.3998115967351637e-07 , std 7.81950780177113e-06 
2023-05-09 09:44:45,682 INFO ofi_add_7_2: -2.547962190714999e-07 , std 8.06530757064744e-06 
2023-05-09 09:44:45,682 INFO ofi_add_8_2: -1.8471624163760265e-07 , std 8.118247434677634e-06 
2023-05-09 09:44:45,682 INFO ofi_add_9_2: -1.5988331050031331e-07 , std 7.598350799345949e-06 
2023-05-09 09:44:45,682 INFO ofi_add_10_2: -1.6504452186403254e-07 , std 8.751802582200173e-06 
2023-05-09 09:44:45,682 INFO ofi_cancel_1_2: -1.7472660641788492e-07 , std 7.922338613108105e-06 
2023-05-09 09:44:45,682 INFO ofi_cancel_2_2: -1.974509555498879e-07 , std 7.621673869096719e-06 
2023-05-09 09:44:45,682 INFO ofi_cancel_3_2: -2.094621766734796e-07 , std 8.479673612389992e-06 
2023-05-09 09:44:45,682 INFO ofi_cancel_4_2: -1.6103235518382907e-07 , std 7.934637941895474e-06 
2023-05-09 09:44:45,682 INFO ofi_cancel_5_2: -9.412163056950383e-08 , std 7.113557443597424e-06 
2023-05-09 09:44:45,682 INFO ofi_cancel_6_2: -9.510735190446689e-08 , std 8.000974654098651e-06 
2023-05-09 09:44:45,682 INFO ofi_cancel_7_2: -4.740922696347632e-08 , std 8.028143607174685e-06 
2023-05-09 09:44:45,682 INFO ofi_cancel_8_2: -3.332491676203934e-08 , std 7.756164620549526e-06 
2023-05-09 09:44:45,682 INFO ofi_cancel_9_2: -1.271874231191443e-07 , std 7.5992973158749765e-06 
2023-05-09 09:44:45,682 INFO ofi_cancel_10_2: -1.7564656298838642e-07 , std 7.842529920044942e-06 
2023-05-09 09:44:45,682 INFO ofi_trade_1_2: -7.379955679675926e-08 , std 5.911657493763121e-06 
2023-05-09 09:44:45,682 INFO ofi_trade_2_2: -6.99613039608049e-08 , std 4.279697396316318e-06 
2023-05-09 09:44:45,682 INFO ofi_trade_3_2: -3.2068406411966316e-08 , std 4.312913152587468e-06 
2023-05-09 09:44:45,682 INFO ofi_trade_4_2: -2.324661037121167e-08 , std 3.4431039991243422e-06 
2023-05-09 09:44:45,682 INFO ofi_trade_5_2: -4.418700205114282e-08 , std 3.3065188553850916e-06 
2023-05-09 09:44:45,683 INFO ofi_trade_6_2: -3.8385547995610184e-08 , std 2.7323951136040444e-06 
2023-05-09 09:44:45,683 INFO ofi_trade_7_2: -2.667120732754936e-08 , std 2.994735579612563e-06 
2023-05-09 09:44:45,683 INFO ofi_trade_8_2: -1.0251096472837696e-08 , std 1.868241778564605e-06 
2023-05-09 09:44:45,683 INFO ofi_trade_9_2: -2.9264299754271106e-08 , std 4.21701440108987e-06 
2023-05-09 09:44:45,683 INFO ofi_trade_10_2: -8.864610214952048e-08 , std 5.350437950786332e-06 
2023-05-09 09:44:45,683 INFO ofi_add_1_3: -2.026087196186939e-07 , std 1.0178462665020561e-05 
2023-05-09 09:44:45,683 INFO ofi_add_2_3: -4.2281724265643007e-07 , std 1.0667542493348656e-05 
2023-05-09 09:44:45,683 INFO ofi_add_3_3: -4.280572868095149e-07 , std 9.700712471262484e-06 
2023-05-09 09:44:45,683 INFO ofi_add_4_3: -4.89443895409351e-07 , std 1.0816077545031493e-05 
2023-05-09 09:44:45,683 INFO ofi_add_5_3: -4.20841402114423e-07 , std 9.337129564780585e-06 
2023-05-09 09:44:45,683 INFO ofi_add_6_3: -3.068616324128693e-07 , std 8.553247980400064e-06 
2023-05-09 09:44:45,683 INFO ofi_add_7_3: -1.8153071119792645e-07 , std 8.942465212577989e-06 
2023-05-09 09:44:45,683 INFO ofi_add_8_3: -2.226957685259287e-07 , std 7.755915940152526e-06 
2023-05-09 09:44:45,683 INFO ofi_add_9_3: -1.3385835078772694e-07 , std 8.17644072618373e-06 
2023-05-09 09:44:45,683 INFO ofi_add_10_3: 4.170058450143024e-08 , std 9.117280255434656e-06 
2023-05-09 09:44:45,683 INFO ofi_cancel_1_3: -1.9103376097560666e-07 , std 9.064547686333819e-06 
2023-05-09 09:44:45,683 INFO ofi_cancel_2_3: -2.0639640423264236e-07 , std 1.0446496627953813e-05 
2023-05-09 09:44:45,683 INFO ofi_cancel_3_3: -2.1270095932414416e-07 , std 7.984739395185346e-06 
2023-05-09 09:44:45,683 INFO ofi_cancel_4_3: -2.2228493587665897e-07 , std 8.677812324668128e-06 
2023-05-09 09:44:45,683 INFO ofi_cancel_5_3: -8.271212299225783e-08 , std 7.739351450616132e-06 
2023-05-09 09:44:45,683 INFO ofi_cancel_6_3: -5.2282211720570315e-08 , std 8.212816734666269e-06 
2023-05-09 09:44:45,683 INFO ofi_cancel_7_3: 4.502810564396325e-08 , std 8.633174811325678e-06 
2023-05-09 09:44:45,683 INFO ofi_cancel_8_3: -9.239110567465875e-08 , std 7.490378104332806e-06 
2023-05-09 09:44:45,683 INFO ofi_cancel_9_3: -1.8774443938881144e-07 , std 7.941242328192832e-06 
2023-05-09 09:44:45,683 INFO ofi_cancel_10_3: -1.8073095404692602e-07 , std 7.6176057359181844e-06 
2023-05-09 09:44:45,683 INFO ofi_trade_1_3: -5.100504799057879e-08 , std 5.41924316598284e-06 
2023-05-09 09:44:45,683 INFO ofi_trade_2_3: -3.4655399145697886e-08 , std 6.559473753537272e-06 
2023-05-09 09:44:45,683 INFO ofi_trade_3_3: -2.3411001366187776e-08 , std 5.679019512480964e-06 
2023-05-09 09:44:45,683 INFO ofi_trade_4_3: -3.495693277683348e-08 , std 4.832159204827191e-06 
2023-05-09 09:44:45,683 INFO ofi_trade_5_3: -2.2502213111290763e-08 , std 4.214434520399317e-06 
2023-05-09 09:44:45,683 INFO ofi_trade_6_3: -2.203078585048223e-08 , std 3.5221072838787607e-06 
2023-05-09 09:44:45,683 INFO ofi_trade_7_3: -2.509806656601031e-08 , std 2.614309327722219e-06 
2023-05-09 09:44:45,683 INFO ofi_trade_8_3: -4.215581114490246e-08 , std 3.977959284044383e-06 
2023-05-09 09:44:45,683 INFO ofi_trade_9_3: -1.1831703441251798e-08 , std 2.99017308532968e-06 
2023-05-09 09:44:45,683 INFO ofi_trade_10_3: -4.288535618322968e-08 , std 5.6790109329816684e-06 
2023-05-09 09:44:45,683 INFO used_intercept: 0.9854404829734874 , std 0.119781206749921 
2023-05-09 09:44:45,683 INFO used_ofi_add_1_1: 0.019845070251791146 , std 0.13946771468154423 
2023-05-09 09:44:45,683 INFO used_ofi_add_2_1: 0.024027446083720254 , std 0.15313434597899378 
2023-05-09 09:44:45,683 INFO used_ofi_add_3_1: 0.020693668246675314 , std 0.1423567361987899 
2023-05-09 09:44:45,683 INFO used_ofi_add_4_1: 0.017699329607584042 , std 0.1318562222233981 
2023-05-09 09:44:45,683 INFO used_ofi_add_5_1: 0.015432360678393483 , std 0.12326476756269594 
2023-05-09 09:44:45,683 INFO used_ofi_add_6_1: 0.017456873037617136 , std 0.13096614303462423 
2023-05-09 09:44:45,683 INFO used_ofi_add_7_1: 0.015153535622931542 , std 0.12216343962518446 
2023-05-09 09:44:45,683 INFO used_ofi_add_8_1: 0.015092921480439817 , std 0.12192261972917534 
2023-05-09 09:44:45,683 INFO used_ofi_add_9_1: 0.01567481724836039 , std 0.12421399821514033 
2023-05-09 09:44:45,683 INFO used_ofi_add_10_1: 0.02096037047363891 , std 0.14325164342249871 
2023-05-09 09:44:45,683 INFO used_ofi_cancel_1_1: 0.005564378280740462 , std 0.07438693416917573 
2023-05-09 09:44:45,683 INFO used_ofi_cancel_2_1: 0.010946914134005746 , std 0.10405325177498516 
2023-05-09 09:44:45,683 INFO used_ofi_cancel_3_1: 0.01012256179611827 , std 0.10010042726583158 
2023-05-09 09:44:45,683 INFO used_ofi_cancel_4_1: 0.010365018366085174 , std 0.10127973519098425 
2023-05-09 09:44:45,683 INFO used_ofi_cancel_5_1: 0.010959036962504092 , std 0.10411021309822854 
2023-05-09 09:44:45,683 INFO used_ofi_cancel_6_1: 0.010571106450557043 , std 0.10227100351012518 
2023-05-09 09:44:45,683 INFO used_ofi_cancel_7_1: 0.008837541975293675 , std 0.09359187906612729 
2023-05-09 09:44:45,683 INFO used_ofi_cancel_8_1: 0.00829201469286814 , std 0.09068217677802734 
2023-05-09 09:44:45,683 INFO used_ofi_cancel_9_1: 0.009977087854138127 , std 0.09938584190964496 
2023-05-09 09:44:45,683 INFO used_ofi_cancel_10_1: 0.012631987295275733 , std 0.11167999011572184 
2023-05-09 09:44:45,684 INFO used_ofi_trade_1_1: 0.0012486513353295592 , std 0.035314192687534836 
2023-05-09 09:44:45,684 INFO used_ofi_trade_2_1: 0.0007637381953957497 , std 0.027625258358332933 
2023-05-09 09:44:45,684 INFO used_ofi_trade_3_1: 0.000981949108365964 , std 0.03132067822245462 
2023-05-09 09:44:45,684 INFO used_ofi_trade_4_1: 0.0004970359684321546 , std 0.022288762273357375 
2023-05-09 09:44:45,684 INFO used_ofi_trade_5_1: 0.00031519354095697606 , std 0.017750892765962926 
2023-05-09 09:44:45,684 INFO used_ofi_trade_6_1: 0.00031519354095697606 , std 0.017750892765962926 
2023-05-09 09:44:45,684 INFO used_ofi_trade_7_1: 0.00040005334044539273 , std 0.019997332266334714 
2023-05-09 09:44:45,684 INFO used_ofi_trade_8_1: 0.00026670222696359517 , std 0.01632884248456478 
2023-05-09 09:44:45,684 INFO used_ofi_trade_9_1: 0.00041217616894373795 , std 0.020297937820120862 
2023-05-09 09:44:45,684 INFO used_ofi_trade_10_1: 0.0008485979948841663 , std 0.029118342609551887 
2023-05-09 09:44:45,684 INFO used_ofi_add_1_2: 0.028621998084593096 , std 0.16674165439457128 
2023-05-09 09:44:45,684 INFO used_ofi_add_2_2: 0.03608966043957376 , std 0.18651326185805137 
2023-05-09 09:44:45,684 INFO used_ofi_add_3_2: 0.03134963449672078 , std 0.1742608243801308 
2023-05-09 09:44:45,684 INFO used_ofi_add_4_2: 0.023675884057268243 , std 0.15203728677983908 
2023-05-09 09:44:45,684 INFO used_ofi_add_5_2: 0.025373080047036575 , std 0.15725548275326764 
2023-05-09 09:44:45,684 INFO used_ofi_add_6_2: 0.024682078822630897 , std 0.15515435478137357 
2023-05-09 09:44:45,684 INFO used_ofi_add_7_2: 0.02253633817842379 , std 0.1484198492113892 
2023-05-09 09:44:45,684 INFO used_ofi_add_8_2: 0.02246360120743372 , std 0.14818565324695607 
2023-05-09 09:44:45,684 INFO used_ofi_add_9_2: 0.023700129714264932 , std 0.1521132261369535 
2023-05-09 09:44:45,684 INFO used_ofi_add_10_2: 0.031192037726242287 , std 0.17383640156401925 
2023-05-09 09:44:45,684 INFO used_ofi_cancel_1_2: 0.010910545648510711 , std 0.10388217191685238 
2023-05-09 09:44:45,684 INFO used_ofi_cancel_2_2: 0.018535804773969863 , std 0.13487857025988648 
2023-05-09 09:44:45,684 INFO used_ofi_cancel_3_2: 0.01721441646765023 , std 0.13006952115437548 
2023-05-09 09:44:45,684 INFO used_ofi_cancel_4_2: 0.01614760755979585 , std 0.12604309711321232 
2023-05-09 09:44:45,684 INFO used_ofi_cancel_5_2: 0.015820291190340532 , std 0.12477984443408063 
2023-05-09 09:44:45,684 INFO used_ofi_cancel_6_2: 0.01670525767071973 , std 0.12816470667416435 
2023-05-09 09:44:45,684 INFO used_ofi_cancel_7_2: 0.015505097649383555 , std 0.12355035247325938 
2023-05-09 09:44:45,684 INFO used_ofi_cancel_8_2: 0.013710919031628459 , std 0.11628813237358568 
2023-05-09 09:44:45,684 INFO used_ofi_cancel_9_2: 0.01714167949666016 , std 0.1297992385212407 
2023-05-09 09:44:45,684 INFO used_ofi_cancel_10_2: 0.021833214125519765 , std 0.146138717958209 
2023-05-09 09:44:45,684 INFO used_ofi_trade_1_2: 0.0018911612457418565 , std 0.043446343400618426 
2023-05-09 09:44:45,684 INFO used_ofi_trade_2_2: 0.001660827504273297 , std 0.04071939533286743 
2023-05-09 09:44:45,684 INFO used_ofi_trade_3_2: 0.0011031773933494163 , std 0.03319578878394394 
2023-05-09 09:44:45,684 INFO used_ofi_trade_4_2: 0.001345633963316321 , std 0.036658194616662323 
2023-05-09 09:44:45,684 INFO used_ofi_trade_5_2: 0.000727369709900714 , std 0.02695998225529522 
2023-05-09 09:44:45,684 INFO used_ofi_trade_6_2: 0.0006425099104122974 , std 0.02533963479269817 
2023-05-09 09:44:45,684 INFO used_ofi_trade_7_2: 0.0005818957679205712 , std 0.024115496371334498 
2023-05-09 09:44:45,684 INFO used_ofi_trade_8_2: 0.0006546327389106427 , std 0.025577415719493415 
2023-05-09 09:44:45,684 INFO used_ofi_trade_9_2: 0.0004606674829371189 , std 0.02145822146421467 
2023-05-09 09:44:45,684 INFO used_ofi_trade_10_2: 0.0014183709343063924 , std 0.037634547402607445 
2023-05-09 09:44:45,684 INFO used_ofi_add_1_3: 0.053304076907223996 , std 0.22463916019317012 
2023-05-09 09:44:45,684 INFO used_ofi_add_2_3: 0.06302658536289688 , std 0.2430107711612602 
2023-05-09 09:44:45,684 INFO used_ofi_add_3_3: 0.049061086932803165 , std 0.2159955941258411 
2023-05-09 09:44:45,684 INFO used_ofi_add_4_3: 0.04358156845155112 , std 0.20416222800227735 
2023-05-09 09:44:45,684 INFO used_ofi_add_5_3: 0.04389676199250809 , std 0.20486541015769646 
2023-05-09 09:44:45,684 INFO used_ofi_add_6_3: 0.04484234261537902 , std 0.20695774188018187 
2023-05-09 09:44:45,684 INFO used_ofi_add_7_3: 0.03593206366909527 , std 0.18612079537111204 
2023-05-09 09:44:45,684 INFO used_ofi_add_8_3: 0.03691401277746124 , std 0.18855070521779194 
2023-05-09 09:44:45,684 INFO used_ofi_add_9_3: 0.04359369128004946 , std 0.20418932724466576 
2023-05-09 09:44:45,684 INFO used_ofi_add_10_3: 0.05708639939870771 , std 0.23200763436231778 
2023-05-09 09:44:45,684 INFO used_ofi_cancel_1_3: 0.020584562790190206 , std 0.14198886774999978 
2023-05-09 09:44:45,684 INFO used_ofi_cancel_2_3: 0.03418637636533356 , std 0.1817076444081022 
2023-05-09 09:44:45,684 INFO used_ofi_cancel_3_3: 0.030767738728800204 , std 0.17268782522898507 
2023-05-09 09:44:45,684 INFO used_ofi_cancel_4_3: 0.031192037726242287 , std 0.17383640156401928 
2023-05-09 09:44:45,684 INFO used_ofi_cancel_5_3: 0.028525015456606337 , std 0.1664672308588291 
2023-05-09 09:44:45,684 INFO used_ofi_cancel_6_3: 0.029628192849955753 , std 0.16955932011659394 
2023-05-09 09:44:45,685 INFO used_ofi_cancel_7_3: 0.026051958442943907 , std 0.15928984243896732 
2023-05-09 09:44:45,685 INFO used_ofi_cancel_8_3: 0.026621731382366134 , std 0.16097519933384544 
2023-05-09 09:44:45,685 INFO used_ofi_cancel_9_3: 0.030428299530846536 , std 0.17176267964405897 
2023-05-09 09:44:45,685 INFO used_ofi_cancel_10_3: 0.03884154250869813 , std 0.19321717595556337 
2023-05-09 09:44:45,685 INFO used_ofi_trade_1_3: 0.0031761810665664513 , std 0.05626804546453374 
2023-05-09 09:44:45,685 INFO used_ofi_trade_2_3: 0.003370146322539975 , std 0.05795505531275632 
2023-05-09 09:44:45,685 INFO used_ofi_trade_3_3: 0.0025700396416491896 , std 0.05063037169416734 
2023-05-09 09:44:45,685 INFO used_ofi_trade_4_3: 0.0016971959897683327 , std 0.04116206403401859 
2023-05-09 09:44:45,685 INFO used_ofi_trade_5_3: 0.0017578101322600589 , std 0.04188938094313381 
2023-05-09 09:44:45,685 INFO used_ofi_trade_6_3: 0.0006667555674089878 , std 0.025813000686133274 
2023-05-09 09:44:45,685 INFO used_ofi_trade_7_3: 0.0008607208233825116 , std 0.02932541530902346 
2023-05-09 09:44:45,685 INFO used_ofi_trade_8_3: 0.0011031773933494163 , std 0.03319578878394395 
2023-05-09 09:44:45,685 INFO used_ofi_trade_9_3: 0.0010668089078543807 , std 0.03264461405206843 
2023-05-09 09:44:45,685 INFO used_ofi_trade_10_3: 0.0021578634727054515 , std 0.046402662616908265 
2023-05-09 09:44:45,944 INFO Grouping by horizont:
2023-05-09 09:44:45,944 INFO 1: 0.28635333195941287
2023-05-09 09:44:45,944 INFO 2: 0.4436955230394356
2023-05-09 09:44:45,944 INFO 3: 0.7864927444871439
2023-05-09 09:44:45,944 INFO Grouping by ofi type:
2023-05-09 09:44:45,944 INFO add: 0.9229594248930161
2023-05-09 09:44:45,944 INFO cancel: 0.5586199372037484
2023-05-09 09:44:45,944 INFO trade: 0.03496223738922765
2023-05-09 09:44:45,944 INFO Grouping by ofi type and horizont:
2023-05-09 09:44:45,944 INFO add_1: 0.18203639273115202
2023-05-09 09:44:45,944 INFO cancel_1: 0.09826764780758646
2023-05-09 09:44:45,944 INFO trade_1: 0.0060492914206742715
2023-05-09 09:44:45,944 INFO add_2: 0.26968444277418807
2023-05-09 09:44:45,944 INFO cancel_2: 0.16352483361417885
2023-05-09 09:44:45,944 INFO trade_2: 0.010486246651068627
2023-05-09 09:44:45,944 INFO add_3: 0.471238589387676
2023-05-09 09:44:45,944 INFO cancel_3: 0.29682745578198305
2023-05-09 09:44:45,944 INFO trade_3: 0.018426699317484755
2023-05-09 09:44:45,944 INFO Grouping by level:
2023-05-09 09:44:45,944 INFO 1: 0.1451466256106875
2023-05-09 09:44:45,944 INFO 2: 0.19260749918170908
2023-05-09 09:44:45,944 INFO 3: 0.16386427281213256
2023-05-09 09:44:45,944 INFO 4: 0.14620131169004352
2023-05-09 09:44:45,944 INFO 5: 0.14280691971050685
2023-05-09 09:44:45,944 INFO 6: 0.14551031046563784
2023-05-09 09:44:45,944 INFO 7: 0.12585920546982024
2023-05-09 09:44:45,944 INFO 8: 0.12511971293142116
2023-05-09 09:44:45,944 INFO 9: 0.14245535768405485
2023-05-09 09:44:45,945 INFO 10: 0.18697038392997853
2023-05-09 09:44:45,945 INFO Grouping by level and horizont:
2023-05-09 09:44:45,945 INFO 1_1: 0.02665809986786117
2023-05-09 09:44:45,945 INFO 2_1: 0.03573809841312175
2023-05-09 09:44:45,945 INFO 3_1: 0.031798179151159546
2023-05-09 09:44:45,945 INFO 4_1: 0.028561383942101372
2023-05-09 09:44:45,945 INFO 5_1: 0.02670659118185455
2023-05-09 09:44:45,945 INFO 6_1: 0.028343173029131155
2023-05-09 09:44:45,945 INFO 7_1: 0.02439113093867061
2023-05-09 09:44:45,945 INFO 8_1: 0.02365163840027155
2023-05-09 09:44:45,945 INFO 9_1: 0.026064081271442253
2023-05-09 09:44:45,945 INFO 10_1: 0.03444095576379881
2023-05-09 09:44:45,945 INFO 1_2: 0.04142370497884566
2023-05-09 09:44:45,945 INFO 2_2: 0.056286292717816926
2023-05-09 09:44:45,945 INFO 3_2: 0.04966722835772043
2023-05-09 09:44:45,945 INFO 4_2: 0.04116912558038042
2023-05-09 09:44:45,945 INFO 5_2: 0.041920740947277824
2023-05-09 09:44:45,945 INFO 6_2: 0.04202984640376293
2023-05-09 09:44:45,945 INFO 7_2: 0.038623331595727915
2023-05-09 09:44:45,945 INFO 8_2: 0.03682915297797282
2023-05-09 09:44:45,945 INFO 9_2: 0.04130247669386221
2023-05-09 09:44:45,945 INFO 10_2: 0.054443622786068444
2023-05-09 09:44:45,945 INFO 1_3: 0.07706482076398065
2023-05-09 09:44:45,945 INFO 2_3: 0.1005831080507704
2023-05-09 09:44:45,945 INFO 3_3: 0.08239886530325256
2023-05-09 09:44:45,945 INFO 4_3: 0.07647080216756175
2023-05-09 09:44:45,945 INFO 5_3: 0.0741795875813745
2023-05-09 09:44:45,945 INFO 6_3: 0.07513729103274376
2023-05-09 09:44:45,945 INFO 7_3: 0.0628447429354217
2023-05-09 09:44:45,945 INFO 8_3: 0.0646389215531768
2023-05-09 09:44:45,945 INFO 9_3: 0.07508879971875038
2023-05-09 09:44:45,945 INFO 10_3: 0.09808580538011129
2023-05-09 09:44:45,950 INFO Non empty regressions: 0.4017747820921577 --- 33142 / 82489
