2023-05-09 09:36:16,144 INFO Starting...
2023-05-09 09:36:16,144 INFO Tickers: ['NKE']
2023-05-09 09:37:35,826 INFO in_r2: 0.0937698495762664 , std 0.1770100698411159 
2023-05-09 09:37:35,826 INFO os_r2: -0.17540270188202628 , std 1.7033550706457081 
2023-05-09 09:37:35,826 INFO intercept: -1.4297860179063454e-06 , std 0.00012106623508709302 
2023-05-09 09:37:35,826 INFO ofi_add_1_1: -1.3453270057941121e-06 , std 1.7858548965414743e-05 
2023-05-09 09:37:35,826 INFO ofi_add_2_1: -6.610502922939589e-07 , std 1.350418036243724e-05 
2023-05-09 09:37:35,826 INFO ofi_add_3_1: -4.538829484014511e-07 , std 1.3974296649696753e-05 
2023-05-09 09:37:35,826 INFO ofi_add_4_1: -5.43789040743075e-07 , std 1.4153022721598217e-05 
2023-05-09 09:37:35,826 INFO ofi_add_5_1: -4.933815796438162e-07 , std 1.361311280671648e-05 
2023-05-09 09:37:35,826 INFO ofi_add_6_1: -4.710499911591071e-07 , std 1.3634356360585721e-05 
2023-05-09 09:37:35,826 INFO ofi_add_7_1: -5.278934655158549e-07 , std 1.321902985953136e-05 
2023-05-09 09:37:35,826 INFO ofi_add_8_1: -4.2219989072608006e-07 , std 1.1813451657735257e-05 
2023-05-09 09:37:35,826 INFO ofi_add_9_1: -2.2657752900049524e-07 , std 9.0465254222834e-06 
2023-05-09 09:37:35,826 INFO ofi_add_10_1: -2.434155964670247e-07 , std 9.742126246617058e-06 
2023-05-09 09:37:35,826 INFO ofi_cancel_1_1: -1.8178023826987197e-07 , std 1.3382543001924903e-05 
2023-05-09 09:37:35,826 INFO ofi_cancel_2_1: -2.3408815206238842e-07 , std 1.2765529941171985e-05 
2023-05-09 09:37:35,826 INFO ofi_cancel_3_1: -4.6338263486407513e-07 , std 1.3655417259213562e-05 
2023-05-09 09:37:35,826 INFO ofi_cancel_4_1: -4.721233735514436e-07 , std 1.2826809921490982e-05 
2023-05-09 09:37:35,826 INFO ofi_cancel_5_1: -2.925789060629788e-07 , std 1.2427326012784361e-05 
2023-05-09 09:37:35,826 INFO ofi_cancel_6_1: -2.36145045294769e-07 , std 1.3942406652648092e-05 
2023-05-09 09:37:35,826 INFO ofi_cancel_7_1: -1.2404928118758766e-07 , std 9.3289361137345e-06 
2023-05-09 09:37:35,826 INFO ofi_cancel_8_1: -1.5085947192584494e-07 , std 7.476604502980797e-06 
2023-05-09 09:37:35,826 INFO ofi_cancel_9_1: -4.239818927276136e-08 , std 5.72046552067721e-06 
2023-05-09 09:37:35,826 INFO ofi_cancel_10_1: -6.689336514041306e-08 , std 5.757734897898464e-06 
2023-05-09 09:37:35,826 INFO ofi_trade_1_1: -1.5887359307559798e-08 , std 3.849938957506324e-06 
2023-05-09 09:37:35,826 INFO ofi_trade_2_1: -1.0524151307739076e-07 , std 6.335685103652229e-06 
2023-05-09 09:37:35,826 INFO ofi_trade_3_1: -2.166047247789713e-07 , std 9.642727653110121e-06 
2023-05-09 09:37:35,826 INFO ofi_trade_4_1: -2.797829731434582e-07 , std 1.1889090399849496e-05 
2023-05-09 09:37:35,826 INFO ofi_trade_5_1: -2.062781521791559e-07 , std 1.0869683114911514e-05 
2023-05-09 09:37:35,826 INFO ofi_trade_6_1: -1.7767555640461807e-07 , std 8.233124646721876e-06 
2023-05-09 09:37:35,826 INFO ofi_trade_7_1: -7.243730083420514e-08 , std 5.625888144891755e-06 
2023-05-09 09:37:35,826 INFO ofi_trade_8_1: 3.005578025076904e-08 , std 1.2615724040056452e-05 
2023-05-09 09:37:35,826 INFO ofi_trade_9_1: -1.0817004876766958e-08 , std 3.3734613534101874e-06 
2023-05-09 09:37:35,826 INFO ofi_trade_10_1: -2.4514926367128505e-08 , std 3.372627361038681e-06 
2023-05-09 09:37:35,826 INFO ofi_add_1_2: -1.488308431056839e-06 , std 1.6651144567965225e-05 
2023-05-09 09:37:35,826 INFO ofi_add_2_2: -6.092585814851488e-07 , std 1.5301677054493936e-05 
2023-05-09 09:37:35,826 INFO ofi_add_3_2: -5.646873226216931e-07 , std 1.6215619474471943e-05 
2023-05-09 09:37:35,827 INFO ofi_add_4_2: -6.492741508737679e-07 , std 1.5533044653267237e-05 
2023-05-09 09:37:35,827 INFO ofi_add_5_2: -6.053351897923234e-07 , std 1.391248822400494e-05 
2023-05-09 09:37:35,827 INFO ofi_add_6_2: -5.912602179954205e-07 , std 1.3362557534823346e-05 
2023-05-09 09:37:35,827 INFO ofi_add_7_2: -4.626296177914938e-07 , std 1.2553690902376875e-05 
2023-05-09 09:37:35,827 INFO ofi_add_8_2: -4.4240793849951067e-07 , std 1.270514950741199e-05 
2023-05-09 09:37:35,827 INFO ofi_add_9_2: -3.364163974989014e-07 , std 1.0146602547686888e-05 
2023-05-09 09:37:35,827 INFO ofi_add_10_2: -3.789219835635455e-07 , std 1.199097750950392e-05 
2023-05-09 09:37:35,827 INFO ofi_cancel_1_2: -7.745540136183503e-08 , std 1.3130277013383304e-05 
2023-05-09 09:37:35,827 INFO ofi_cancel_2_2: -3.697813495415656e-07 , std 1.416365327830128e-05 
2023-05-09 09:37:35,827 INFO ofi_cancel_3_2: -6.006604590029159e-07 , std 1.4412491770739507e-05 
2023-05-09 09:37:35,827 INFO ofi_cancel_4_2: -6.52759380472495e-07 , std 1.4586060462630475e-05 
2023-05-09 09:37:35,827 INFO ofi_cancel_5_2: -4.072449400247606e-07 , std 1.463290678869262e-05 
2023-05-09 09:37:35,827 INFO ofi_cancel_6_2: -3.09959146200944e-07 , std 1.1232273556664556e-05 
2023-05-09 09:37:35,827 INFO ofi_cancel_7_2: -1.4969062971709223e-07 , std 9.448913721040797e-06 
2023-05-09 09:37:35,827 INFO ofi_cancel_8_2: -1.754560298585398e-07 , std 7.514998546930595e-06 
2023-05-09 09:37:35,827 INFO ofi_cancel_9_2: -7.968724942133726e-08 , std 6.462318858825175e-06 
2023-05-09 09:37:35,827 INFO ofi_cancel_10_2: -1.3244967346865674e-07 , std 6.6463631833366435e-06 
2023-05-09 09:37:35,827 INFO ofi_trade_1_2: -2.1343181719927345e-08 , std 4.868133844874232e-06 
2023-05-09 09:37:35,827 INFO ofi_trade_2_2: -1.8492626726547951e-07 , std 9.495297375739391e-06 
2023-05-09 09:37:35,827 INFO ofi_trade_3_2: -3.2787495457514745e-07 , std 1.1196637128185463e-05 
2023-05-09 09:37:35,827 INFO ofi_trade_4_2: -4.357168520105036e-07 , std 1.24478016349328e-05 
2023-05-09 09:37:35,827 INFO ofi_trade_5_2: -3.659528925640485e-07 , std 1.1019036457536821e-05 
2023-05-09 09:37:35,827 INFO ofi_trade_6_2: -2.6066484193653954e-07 , std 1.007958556902121e-05 
2023-05-09 09:37:35,827 INFO ofi_trade_7_2: -1.1917452610725272e-07 , std 7.015920285514905e-06 
2023-05-09 09:37:35,827 INFO ofi_trade_8_2: -6.46770547989768e-08 , std 6.372336441421598e-06 
2023-05-09 09:37:35,827 INFO ofi_trade_9_2: -4.199421606437231e-08 , std 4.8710089995670265e-06 
2023-05-09 09:37:35,827 INFO ofi_trade_10_2: -3.6474084720317645e-08 , std 4.71825960284752e-06 
2023-05-09 09:37:35,827 INFO ofi_add_1_3: -1.6598215596115274e-06 , std 1.7278245574222788e-05 
2023-05-09 09:37:35,827 INFO ofi_add_2_3: -5.646801639899756e-07 , std 1.7286324050599234e-05 
2023-05-09 09:37:35,827 INFO ofi_add_3_3: -4.39868261020711e-07 , std 1.7744402639333114e-05 
2023-05-09 09:37:35,827 INFO ofi_add_4_3: -8.946402807218653e-07 , std 1.7131129616837926e-05 
2023-05-09 09:37:35,827 INFO ofi_add_5_3: -5.366843046004587e-07 , std 1.679078252168395e-05 
2023-05-09 09:37:35,827 INFO ofi_add_6_3: -6.794664614519928e-07 , std 1.5255686849841783e-05 
2023-05-09 09:37:35,827 INFO ofi_add_7_3: -7.368434486810856e-07 , std 1.3868044040490435e-05 
2023-05-09 09:37:35,827 INFO ofi_add_8_3: -7.835144906725108e-07 , std 1.4666671636819999e-05 
2023-05-09 09:37:35,827 INFO ofi_add_9_3: -6.965706831538556e-07 , std 1.4479697914175461e-05 
2023-05-09 09:37:35,827 INFO ofi_add_10_3: -7.915759871547691e-07 , std 1.564219393962148e-05 
2023-05-09 09:37:35,827 INFO ofi_cancel_1_3: -1.4754022068124284e-08 , std 1.6123209733964965e-05 
2023-05-09 09:37:35,827 INFO ofi_cancel_2_3: -6.799546021873188e-07 , std 1.6391545877415423e-05 
2023-05-09 09:37:35,827 INFO ofi_cancel_3_3: -9.584934446754166e-07 , std 1.6974290156786314e-05 
2023-05-09 09:37:35,827 INFO ofi_cancel_4_3: -6.841854777670455e-07 , std 1.5540280790945393e-05 
2023-05-09 09:37:35,827 INFO ofi_cancel_5_3: -5.44679616079035e-07 , std 1.49513482672198e-05 
2023-05-09 09:37:35,827 INFO ofi_cancel_6_3: -3.7218226219479814e-07 , std 1.1867480490744232e-05 
2023-05-09 09:37:35,827 INFO ofi_cancel_7_3: -1.6180319148206997e-07 , std 1.0742014467200265e-05 
2023-05-09 09:37:35,827 INFO ofi_cancel_8_3: -1.0798789823698006e-07 , std 9.827606786818637e-06 
2023-05-09 09:37:35,827 INFO ofi_cancel_9_3: -1.1704533265713776e-07 , std 9.073812069606918e-06 
2023-05-09 09:37:35,827 INFO ofi_cancel_10_3: -1.2623578312209938e-07 , std 9.254024787002557e-06 
2023-05-09 09:37:35,827 INFO ofi_trade_1_3: -1.9031750350041995e-08 , std 5.053848837450191e-06 
2023-05-09 09:37:35,827 INFO ofi_trade_2_3: -1.9412904074390583e-07 , std 1.2132625948199379e-05 
2023-05-09 09:37:35,827 INFO ofi_trade_3_3: -2.959653093786937e-07 , std 1.2953764774111636e-05 
2023-05-09 09:37:35,827 INFO ofi_trade_4_3: -3.008137074044849e-07 , std 1.3660522572784137e-05 
2023-05-09 09:37:35,827 INFO ofi_trade_5_3: -4.2388003279662757e-07 , std 1.2853444399054028e-05 
2023-05-09 09:37:35,827 INFO ofi_trade_6_3: -1.9198856811088983e-07 , std 1.0281032428606716e-05 
2023-05-09 09:37:35,827 INFO ofi_trade_7_3: -6.837500558547355e-08 , std 8.674304376339214e-06 
2023-05-09 09:37:35,827 INFO ofi_trade_8_3: -1.761135562166623e-08 , std 6.140228078114389e-06 
2023-05-09 09:37:35,828 INFO ofi_trade_9_3: -4.5836311405456816e-08 , std 6.864195521900927e-06 
2023-05-09 09:37:35,828 INFO ofi_trade_10_3: -6.178131981341489e-08 , std 7.29603819500171e-06 
2023-05-09 09:37:35,828 INFO used_intercept: 0.9851214533298626 , std 0.12106682253665518 
2023-05-09 09:37:35,828 INFO used_ofi_add_1_1: 0.04257145858165162 , std 0.2018889038453633 
2023-05-09 09:37:35,828 INFO used_ofi_add_2_1: 0.017741913386581907 , std 0.13201188543447492 
2023-05-09 09:37:35,828 INFO used_ofi_add_3_1: 0.01386472304804702 , std 0.11692943386011913 
2023-05-09 09:37:35,828 INFO used_ofi_add_4_1: 0.023349910719586434 , std 0.1510122259586083 
2023-05-09 09:37:35,828 INFO used_ofi_add_5_1: 0.021495800852159856 , std 0.14503010514332582 
2023-05-09 09:37:35,828 INFO used_ofi_add_6_1: 0.019367684600384523 , std 0.13781356026750255 
2023-05-09 09:37:35,828 INFO used_ofi_add_7_1: 0.013686618898220329 , std 0.11618646806472432 
2023-05-09 09:37:35,828 INFO used_ofi_add_8_1: 0.009763760828960648 , std 0.09832817400641335 
2023-05-09 09:37:35,828 INFO used_ofi_add_9_1: 0.0078091819539395264 , std 0.08802385262614781 
2023-05-09 09:37:35,828 INFO used_ofi_add_10_1: 0.008896073945189589 , std 0.09389852934711654 
2023-05-09 09:37:35,828 INFO used_ofi_cancel_1_1: 0.007512341704228375 , std 0.08634759073852197 
2023-05-09 09:37:35,828 INFO used_ofi_cancel_2_1: 0.007242902092952099 , std 0.08479647670878791 
2023-05-09 09:37:35,828 INFO used_ofi_cancel_3_1: 0.010896320550935503 , std 0.10381517591078272 
2023-05-09 09:37:35,828 INFO used_ofi_cancel_4_1: 0.014029126878656272 , std 0.117610843367773 
2023-05-09 09:37:35,828 INFO used_ofi_cancel_5_1: 0.01201517995369292 , std 0.10895327165520684 
2023-05-09 09:37:35,828 INFO used_ofi_cancel_6_1: 0.008316093764984725 , std 0.09081264421586185 
2023-05-09 09:37:35,828 INFO used_ofi_cancel_7_1: 0.00478597817995826 , std 0.06901501715437897 
2023-05-09 09:37:35,828 INFO used_ofi_cancel_8_1: 0.0032287085622428337 , std 0.056729921586962676 
2023-05-09 09:37:35,828 INFO used_ofi_cancel_9_1: 0.0025482593744434244 , std 0.05041592752894651 
2023-05-09 09:37:35,828 INFO used_ofi_cancel_10_1: 0.0029273015394592028 , std 0.05402529449393388 
2023-05-09 09:37:35,828 INFO used_ofi_trade_1_1: 0.0002785731574212346 , std 0.016688186073303444 
2023-05-09 09:37:35,828 INFO used_ofi_trade_2_1: 0.0016531718522374904 , std 0.0406255938426069 
2023-05-09 09:37:35,828 INFO used_ofi_trade_3_1: 0.002539125828298466 , std 0.05032572571087805 
2023-05-09 09:37:35,828 INFO used_ofi_trade_4_1: 0.003721920054070593 , std 0.06089390252875651 
2023-05-09 09:37:35,828 INFO used_ofi_trade_5_1: 0.0032926433852575434 , std 0.05728701322983301 
2023-05-09 09:37:35,828 INFO used_ofi_trade_6_1: 0.002233152032442356 , std 0.04720344335366176 
2023-05-09 09:37:35,828 INFO used_ofi_trade_7_1: 0.0010823252181775835 , std 0.03288090312475739 
2023-05-09 09:37:35,828 INFO used_ofi_trade_8_1: 0.0008813872029884963 , std 0.029675079773892853 
2023-05-09 09:37:35,828 INFO used_ofi_trade_9_1: 0.0004886447187552803 , std 0.022099908259857394 
2023-05-09 09:37:35,828 INFO used_ofi_trade_10_1: 0.0005206121302626351 , std 0.02281098624067926 
2023-05-09 09:37:35,828 INFO used_ofi_add_1_2: 0.056153041699204924 , std 0.23021702284395104 
2023-05-09 09:37:35,828 INFO used_ofi_add_2_2: 0.02723623460426628 , std 0.16277107276432023 
2023-05-09 09:37:35,828 INFO used_ofi_add_3_2: 0.02470624232211277 , std 0.15522836052871852 
2023-05-09 09:37:35,828 INFO used_ofi_add_4_2: 0.0355751622346134 , std 0.18522842672385445 
2023-05-09 09:37:35,828 INFO used_ofi_add_5_2: 0.03269809519895147 , std 0.1778452410645609 
2023-05-09 09:37:35,828 INFO used_ofi_add_6_2: 0.029743393021057392 , std 0.1698785554231384 
2023-05-09 09:37:35,828 INFO used_ofi_add_7_2: 0.022331520324423558 , std 0.14775934327284831 
2023-05-09 09:37:35,828 INFO used_ofi_add_8_2: 0.01533522397738534 , std 0.1228822805897936 
2023-05-09 09:37:35,828 INFO used_ofi_add_9_2: 0.01342631283308901 , std 0.11509147212889857 
2023-05-09 09:37:35,828 INFO used_ofi_add_10_2: 0.01660478689153457 , std 0.12778524149455325 
2023-05-09 09:37:35,828 INFO used_ofi_cancel_1_2: 0.011576769738734912 , std 0.10697078171702414 
2023-05-09 09:37:35,828 INFO used_ofi_cancel_2_2: 0.012238951834244404 , std 0.10995071574229724 
2023-05-09 09:37:35,828 INFO used_ofi_cancel_3_2: 0.01808442136701785 , std 0.1332568012179416 
2023-05-09 09:37:35,828 INFO used_ofi_cancel_4_2: 0.02387965639599403 , std 0.15267422312362783 
2023-05-09 09:37:35,828 INFO used_ofi_cancel_5_2: 0.02005726733432889 , std 0.1401961959591206 
2023-05-09 09:37:35,828 INFO used_ofi_cancel_6_2: 0.013476547336886283 , std 0.11530364265175211 
2023-05-09 09:37:35,828 INFO used_ofi_cancel_7_2: 0.008676868837710586 , std 0.09274470758422688 
2023-05-09 09:37:35,828 INFO used_ofi_cancel_8_2: 0.006178843967064433 , std 0.07836240076908761 
2023-05-09 09:37:35,828 INFO used_ofi_cancel_9_2: 0.004502838249464546 , std 0.06695194319184251 
2023-05-09 09:37:35,828 INFO used_ofi_cancel_10_2: 0.005722166659816507 , std 0.07542826703917964 
2023-05-09 09:37:35,828 INFO used_ofi_trade_1_2: 0.00040644280345065374 , std 0.02015632922181459 
2023-05-09 09:37:35,828 INFO used_ofi_trade_2_2: 0.0027080964319801987 , std 0.051968862270549025 
2023-05-09 09:37:35,828 INFO used_ofi_trade_3_2: 0.004690075945436196 , std 0.06832334251968528 
2023-05-09 09:37:35,829 INFO used_ofi_trade_4_2: 0.0071241659930676385 , std 0.08410358049435741 
2023-05-09 09:37:35,829 INFO used_ofi_trade_5_2: 0.006215378151644266 , std 0.07859228477450142 
2023-05-09 09:37:35,829 INFO used_ofi_trade_6_2: 0.004411502788014961 , std 0.06627247868584892 
2023-05-09 09:37:35,829 INFO used_ofi_trade_7_2: 0.001876943732788974 , std 0.043283031490561265 
2023-05-09 09:37:35,829 INFO used_ofi_trade_8_2: 0.0010183903951628739 , std 0.031895975861633605 
2023-05-09 09:37:35,829 INFO used_ofi_trade_9_2: 0.0011051590835399797 , std 0.03322555803805331 
2023-05-09 09:37:35,829 INFO used_ofi_trade_10_2: 0.0010457910335977495 , std 0.032321778334612035 
2023-05-09 09:37:35,829 INFO used_ofi_add_1_3: 0.0864946819927571 , std 0.28109313755360327 
2023-05-09 09:37:35,829 INFO used_ofi_add_2_3: 0.047978517899467055 , std 0.21372079851909023 
2023-05-09 09:37:35,829 INFO used_ofi_add_3_3: 0.049371383686573234 , std 0.21664221693715746 
2023-05-09 09:37:35,829 INFO used_ofi_add_4_3: 0.06443260127960981 , std 0.24552197696327033 
2023-05-09 09:37:35,829 INFO used_ofi_add_5_3: 0.05971055792266627 , std 0.23694979889257176 
2023-05-09 09:37:35,829 INFO used_ofi_add_6_3: 0.05195161047252401 , std 0.22192935957604873 
2023-05-09 09:37:35,829 INFO used_ofi_add_7_3: 0.03837002735497071 , std 0.19208791829719404 
2023-05-09 09:37:35,829 INFO used_ofi_add_8_3: 0.0315244345193243 , std 0.1747302050235194 
2023-05-09 09:37:35,829 INFO used_ofi_add_9_3: 0.029282148940736986 , std 0.16859627722506054 
2023-05-09 09:37:35,829 INFO used_ofi_add_10_3: 0.03652505103368908 , std 0.18759256829809515 
2023-05-09 09:37:35,829 INFO used_ofi_cancel_1_3: 0.02550542760979664 , std 0.15765437124367362 
2023-05-09 09:37:35,829 INFO used_ofi_cancel_2_3: 0.0261310755207263 , std 0.15952505261825303 
2023-05-09 09:37:35,829 INFO used_ofi_cancel_3_3: 0.03355664853657757 , std 0.1800849795945519 
2023-05-09 09:37:35,829 INFO used_ofi_cancel_4_3: 0.041863608755417336 , std 0.2002774251317174 
2023-05-09 09:37:35,829 INFO used_ofi_cancel_5_3: 0.03605467340722372 , std 0.18642621578716378 
2023-05-09 09:37:35,829 INFO used_ofi_cancel_6_3: 0.02570179885191325 , std 0.15824416699420246 
2023-05-09 09:37:35,829 INFO used_ofi_cancel_7_3: 0.01619377731501144 , std 0.12622020001284762 
2023-05-09 09:37:35,829 INFO used_ofi_cancel_8_3: 0.011371264950473347 , std 0.10602810610352088 
2023-05-09 09:37:35,829 INFO used_ofi_cancel_9_3: 0.009407552529307266 , std 0.09653522924153435 
2023-05-09 09:37:35,829 INFO used_ofi_cancel_10_3: 0.011247962077516407 , std 0.10545826390861533 
2023-05-09 09:37:35,829 INFO used_ofi_trade_1_3: 0.0006895827339443675 , std 0.026250851597565614 
2023-05-09 09:37:35,829 INFO used_ofi_trade_2_3: 0.005329424175583291 , std 0.07280811365184515 
2023-05-09 09:37:35,829 INFO used_ofi_trade_3_3: 0.009224881606408096 , std 0.09560221318440201 
2023-05-09 09:37:35,829 INFO used_ofi_trade_4_3: 0.013156873221812734 , std 0.11394634662347836 
2023-05-09 09:37:35,829 INFO used_ofi_trade_5_3: 0.011302763354386158 , std 0.10571192409061952 
2023-05-09 09:37:35,829 INFO used_ofi_trade_6_3: 0.00803295383449101 , std 0.08926603770294696 
2023-05-09 09:37:35,829 INFO used_ofi_trade_7_3: 0.0038863238846798464 , std 0.06221913187551892 
2023-05-09 09:37:35,829 INFO used_ofi_trade_8_3: 0.0024066894091965677 , std 0.048998951573316636 
2023-05-09 09:37:35,829 INFO used_ofi_trade_9_3: 0.0019226114635137665 , std 0.04380542236611961 
2023-05-09 09:37:35,829 INFO used_ofi_trade_10_3: 0.0022285852593698766 , std 0.04715526128770357 
2023-05-09 09:37:36,511 INFO Grouping by horizont:
2023-05-09 09:37:36,511 INFO 1: 0.2687408949961867
2023-05-09 09:37:36,511 INFO 2: 0.42880629118658464
2023-05-09 09:37:36,511 INFO 3: 0.7908554935996674
2023-05-09 09:37:36,511 INFO Grouping by ofi type:
2023-05-09 09:37:36,511 INFO add: 0.9479981550236788
2023-05-09 09:37:36,511 INFO cancel: 0.4349303338767793
2023-05-09 09:37:36,511 INFO trade: 0.10547419088198087
2023-05-09 09:37:36,511 INFO Grouping by ofi type and horizont:
2023-05-09 09:37:36,511 INFO add_1: 0.17854712681472149
2023-05-09 09:37:36,511 INFO cancel_1: 0.07350221260155361
2023-05-09 09:37:36,511 INFO trade_1: 0.016691555579911678
2023-05-09 09:37:36,511 INFO add_2: 0.2738100131066387
2023-05-09 09:37:36,511 INFO cancel_2: 0.12439433172126244
2023-05-09 09:37:36,511 INFO trade_2: 0.03060194635868349
2023-05-09 09:37:36,511 INFO add_3: 0.49564101510231856
2023-05-09 09:37:36,511 INFO cancel_3: 0.23703378955396331
2023-05-09 09:37:36,511 INFO trade_3: 0.058180688943385725
2023-05-09 09:37:36,511 INFO Grouping by level:
2023-05-09 09:37:36,511 INFO 1: 0.23118832002118983
2023-05-09 09:37:36,511 INFO 2: 0.14826028779803901
2023-05-09 09:37:36,511 INFO 3: 0.1669338228914067
2023-05-09 09:37:36,511 INFO 4: 0.22713302553282827
2023-05-09 09:37:36,511 INFO 5: 0.20284235956031108
2023-05-09 09:37:36,511 INFO 6: 0.16323473670269853
2023-05-09 09:37:36,511 INFO 7: 0.11089038374594128
2023-05-09 09:37:36,511 INFO 8: 0.08170870381279885
2023-05-09 09:37:36,511 INFO 9: 0.07049270914678978
2023-05-09 09:37:36,511 INFO 10: 0.08571833057043562
2023-05-09 09:37:36,511 INFO Grouping by level and horizont:
2023-05-09 09:37:36,511 INFO 1_1: 0.05036237344330123
2023-05-09 09:37:36,511 INFO 2_1: 0.026637987331771498
2023-05-09 09:37:36,511 INFO 3_1: 0.027300169427280987
2023-05-09 09:37:36,512 INFO 4_1: 0.0411009576523133
2023-05-09 09:37:36,512 INFO 5_1: 0.03680362419111032
2023-05-09 09:37:36,512 INFO 6_1: 0.029916930397811604
2023-05-09 09:37:36,512 INFO 7_1: 0.01955492229635617
2023-05-09 09:37:36,512 INFO 8_1: 0.013873856594191979
2023-05-09 09:37:36,512 INFO 9_1: 0.010846086047138232
2023-05-09 09:37:36,512 INFO 10_1: 0.012343987614911428
2023-05-09 09:37:36,512 INFO 1_2: 0.0681362542413905
2023-05-09 09:37:36,512 INFO 2_2: 0.04218328287049088
2023-05-09 09:37:36,512 INFO 3_2: 0.04748073963456682
2023-05-09 09:37:36,512 INFO 4_2: 0.06657898462367506
2023-05-09 09:37:36,512 INFO 5_2: 0.05897074068492463
2023-05-09 09:37:36,512 INFO 6_2: 0.04763144314595864
2023-05-09 09:37:36,512 INFO 7_2: 0.03288533289492312
2023-05-09 09:37:36,512 INFO 8_2: 0.02253245833961265
2023-05-09 09:37:36,512 INFO 9_2: 0.019034310166093533
2023-05-09 09:37:36,512 INFO 10_2: 0.02337274458494883
2023-05-09 09:37:36,512 INFO 1_3: 0.11268969233649812
2023-05-09 09:37:36,512 INFO 2_3: 0.07943901759577665
2023-05-09 09:37:36,512 INFO 3_3: 0.0921529138295589
2023-05-09 09:37:36,512 INFO 4_3: 0.11945308325683988
2023-05-09 09:37:36,512 INFO 5_3: 0.10706799468427614
2023-05-09 09:37:36,512 INFO 6_3: 0.08568636315892827
2023-05-09 09:37:36,512 INFO 7_3: 0.058450128554661994
2023-05-09 09:37:36,512 INFO 8_3: 0.04530238887899422
2023-05-09 09:37:36,512 INFO 9_3: 0.04061231293355802
2023-05-09 09:37:36,512 INFO 10_3: 0.05000159837057537
2023-05-09 09:37:36,524 INFO Non empty regressions: 0.3938476433167559 --- 86242 / 218973
