2023-05-09 10:11:05,765 INFO Starting...
2023-05-09 10:11:05,765 INFO Tickers: ['TFC']
2023-05-09 10:11:11,196 INFO in_r2: 0.10344751954299382 , std 0.19043619279434648 
2023-05-09 10:11:11,196 INFO os_r2: -0.08657182318123834 , std 0.016796246854628858 
2023-05-09 10:11:11,196 INFO intercept: 9.525593217668138e-06 , std 0.00010481274661332063 
2023-05-09 10:11:11,196 INFO ofi_add_1_1: 3.745772792634861e-07 , std 2.316505110399144e-05 
2023-05-09 10:11:11,196 INFO ofi_add_2_1: -6.708639883359532e-07 , std 1.0863901318172557e-05 
2023-05-09 10:11:11,196 INFO ofi_add_3_1: -3.0002986903664563e-07 , std 3.0707597911698894e-05 
2023-05-09 10:11:11,196 INFO ofi_add_4_1: 6.715725740341999e-07 , std 1.6629994755113035e-05 
2023-05-09 10:11:11,196 INFO ofi_add_5_1: -8.659725625605087e-07 , std 1.1806510468902258e-05 
2023-05-09 10:11:11,196 INFO ofi_add_6_1: -3.6070501836857515e-06 , std 2.3180638041198914e-05 
2023-05-09 10:11:11,196 INFO ofi_add_7_1: 4.1688047013248854e-08 , std 5.685977400314194e-06 
2023-05-09 10:11:11,196 INFO ofi_add_8_1: -3.756977206712546e-08 , std 1.168721601759635e-06 
2023-05-09 10:11:11,196 INFO ofi_add_9_1: -9.097007763750068e-09 , std 9.423405912338166e-07 
2023-05-09 10:11:11,196 INFO ofi_add_10_1: 5.707247158553081e-09 , std 5.877208688085642e-07 
2023-05-09 10:11:11,196 INFO ofi_cancel_1_1: -5.005615884942057e-06 , std 2.8870083458595757e-05 
2023-05-09 10:11:11,197 INFO ofi_cancel_2_1: -1.6330808100150486e-07 , std 1.1378650201347567e-05 
2023-05-09 10:11:11,197 INFO ofi_cancel_3_1: -4.913796615571711e-08 , std 2.4845806816609013e-06 
2023-05-09 10:11:11,197 INFO ofi_cancel_4_1: -8.484826855297225e-07 , std 1.2509957365121239e-05 
2023-05-09 10:11:11,197 INFO ofi_cancel_5_1: -2.5974830809743027e-07 , std 1.1677689458150358e-05 
2023-05-09 10:11:11,197 INFO ofi_cancel_6_1: 9.109521002208037e-08 , std 1.7141885252837588e-05 
2023-05-09 10:11:11,197 INFO ofi_cancel_7_1: -9.672307282453555e-08 , std 3.416790370741613e-06 
2023-05-09 10:11:11,197 INFO ofi_cancel_8_1: -1.805028415858902e-07 , std 4.948353475753953e-06 
2023-05-09 10:11:11,197 INFO ofi_cancel_9_1: 0.0 , std 0.0 
2023-05-09 10:11:11,197 INFO ofi_cancel_10_1: -1.6093793574621491e-07 , std 7.16121906541328e-06 
2023-05-09 10:11:11,197 INFO ofi_trade_1_1: 0.0 , std 0.0 
2023-05-09 10:11:11,197 INFO ofi_trade_2_1: -1.730159684492649e-07 , std 6.676264541563097e-06 
2023-05-09 10:11:11,197 INFO ofi_trade_3_1: 2.2396440397356205e-07 , std 6.862433690851233e-06 
2023-05-09 10:11:11,197 INFO ofi_trade_4_1: 3.982711496923845e-08 , std 7.352488398099739e-06 
2023-05-09 10:11:11,197 INFO ofi_trade_5_1: -5.75346846569487e-07 , std 3.207443239841101e-05 
2023-05-09 10:11:11,197 INFO ofi_trade_6_1: 2.487862701522213e-07 , std 6.075636761689259e-06 
2023-05-09 10:11:11,197 INFO ofi_trade_7_1: -4.0034274388860294e-07 , std 1.1925495675908982e-05 
2023-05-09 10:11:11,197 INFO ofi_trade_8_1: 0.0 , std 0.0 
2023-05-09 10:11:11,197 INFO ofi_trade_9_1: 0.0 , std 0.0 
2023-05-09 10:11:11,197 INFO ofi_trade_10_1: 0.0 , std 0.0 
2023-05-09 10:11:11,197 INFO ofi_add_1_2: -2.0318377022511922e-06 , std 1.7657175892858e-05 
2023-05-09 10:11:11,197 INFO ofi_add_2_2: -2.106977264642594e-06 , std 3.224986457911707e-05 
2023-05-09 10:11:11,197 INFO ofi_add_3_2: -1.2901216730867132e-06 , std 1.8896216746112706e-05 
2023-05-09 10:11:11,197 INFO ofi_add_4_2: 1.50880329218455e-06 , std 2.3285370400684067e-05 
2023-05-09 10:11:11,197 INFO ofi_add_5_2: -4.110507777506006e-07 , std 2.1105866914597737e-05 
2023-05-09 10:11:11,197 INFO ofi_add_6_2: -1.3279160140160127e-07 , std 1.4110491302570538e-05 
2023-05-09 10:11:11,197 INFO ofi_add_7_2: -4.7056964919655374e-07 , std 1.294723336223913e-05 
2023-05-09 10:11:11,197 INFO ofi_add_8_2: -1.370758675157511e-06 , std 1.7752929703323172e-05 
2023-05-09 10:11:11,197 INFO ofi_add_9_2: 5.592223186328996e-07 , std 8.449881000939122e-06 
2023-05-09 10:11:11,197 INFO ofi_add_10_2: -4.952238076860838e-07 , std 1.4550510204397637e-05 
2023-05-09 10:11:11,197 INFO ofi_cancel_1_2: -2.2046081982179733e-06 , std 2.158839481379438e-05 
2023-05-09 10:11:11,197 INFO ofi_cancel_2_2: -8.302533169967095e-07 , std 1.1598589050053978e-05 
2023-05-09 10:11:11,197 INFO ofi_cancel_3_2: 2.6353179706401485e-08 , std 1.3668290519320432e-05 
2023-05-09 10:11:11,197 INFO ofi_cancel_4_2: -3.97230375633115e-09 , std 6.897847878023048e-06 
2023-05-09 10:11:11,197 INFO ofi_cancel_5_2: -1.1935360725805632e-06 , std 1.81796779727922e-05 
2023-05-09 10:11:11,197 INFO ofi_cancel_6_2: -1.9834941805010935e-06 , std 2.4304683169071105e-05 
2023-05-09 10:11:11,197 INFO ofi_cancel_7_2: -8.446721299549343e-07 , std 2.2163660059566907e-05 
2023-05-09 10:11:11,197 INFO ofi_cancel_8_2: 5.092100879555716e-08 , std 3.3320358184860137e-06 
2023-05-09 10:11:11,197 INFO ofi_cancel_9_2: -6.732993841278649e-07 , std 1.030253769751402e-05 
2023-05-09 10:11:11,197 INFO ofi_cancel_10_2: -3.702411100328379e-07 , std 7.250982991531836e-06 
2023-05-09 10:11:11,197 INFO ofi_trade_1_2: 0.0 , std 0.0 
2023-05-09 10:11:11,197 INFO ofi_trade_2_2: 2.864192667974714e-07 , std 8.17377383043712e-06 
2023-05-09 10:11:11,197 INFO ofi_trade_3_2: 2.190747007759849e-07 , std 4.656398537419363e-06 
2023-05-09 10:11:11,197 INFO ofi_trade_4_2: -1.8281507386547692e-07 , std 1.1689073128177741e-05 
2023-05-09 10:11:11,197 INFO ofi_trade_5_2: -5.098255257724924e-07 , std 1.1867491165393525e-05 
2023-05-09 10:11:11,197 INFO ofi_trade_6_2: -4.5325501274288086e-07 , std 9.749447680995964e-06 
2023-05-09 10:11:11,197 INFO ofi_trade_7_2: -1.6309095257585024e-07 , std 4.477668642669891e-06 
2023-05-09 10:11:11,197 INFO ofi_trade_8_2: 0.0 , std 0.0 
2023-05-09 10:11:11,197 INFO ofi_trade_9_2: 0.0 , std 0.0 
2023-05-09 10:11:11,197 INFO ofi_trade_10_2: 0.0 , std 0.0 
2023-05-09 10:11:11,197 INFO ofi_add_1_3: -4.972687877061378e-06 , std 2.177075071498474e-05 
2023-05-09 10:11:11,197 INFO ofi_add_2_3: -1.2999411548196935e-06 , std 2.2274759464328317e-05 
2023-05-09 10:11:11,197 INFO ofi_add_3_3: -2.7764259789570035e-06 , std 1.931814598625455e-05 
2023-05-09 10:11:11,198 INFO ofi_add_4_3: -1.3828429554237124e-07 , std 2.3171192501054673e-05 
2023-05-09 10:11:11,198 INFO ofi_add_5_3: -3.536887872870902e-06 , std 2.9739707400078484e-05 
2023-05-09 10:11:11,198 INFO ofi_add_6_3: -9.54785326466341e-07 , std 1.8618599655725263e-05 
2023-05-09 10:11:11,198 INFO ofi_add_7_3: -3.2675975340596527e-06 , std 2.0398931665796726e-05 
2023-05-09 10:11:11,198 INFO ofi_add_8_3: -3.789913309893021e-07 , std 7.029175394090695e-06 
2023-05-09 10:11:11,198 INFO ofi_add_9_3: 2.1614096699094357e-08 , std 8.300898961306049e-06 
2023-05-09 10:11:11,198 INFO ofi_add_10_3: -1.181550444063144e-07 , std 4.95890542338471e-06 
2023-05-09 10:11:11,198 INFO ofi_cancel_1_3: 1.7080627836998542e-07 , std 1.1297890721797371e-05 
2023-05-09 10:11:11,198 INFO ofi_cancel_2_3: -1.9470989967202682e-06 , std 2.4815303771768253e-05 
2023-05-09 10:11:11,198 INFO ofi_cancel_3_3: -1.637393189574434e-06 , std 1.98018919855588e-05 
2023-05-09 10:11:11,198 INFO ofi_cancel_4_3: -1.8581550324254106e-06 , std 2.3669711180681325e-05 
2023-05-09 10:11:11,198 INFO ofi_cancel_5_3: 4.492206113260827e-08 , std 1.754878396284604e-05 
2023-05-09 10:11:11,198 INFO ofi_cancel_6_3: -3.850642430652907e-06 , std 3.128023384194827e-05 
2023-05-09 10:11:11,198 INFO ofi_cancel_7_3: -9.865261437988144e-07 , std 1.9120351569437736e-05 
2023-05-09 10:11:11,198 INFO ofi_cancel_8_3: -8.694001828867903e-07 , std 2.5229756856803194e-05 
2023-05-09 10:11:11,198 INFO ofi_cancel_9_3: -3.2146430476059786e-07 , std 6.27769996524365e-06 
2023-05-09 10:11:11,198 INFO ofi_cancel_10_3: -9.398556505152748e-08 , std 3.626673890255885e-06 
2023-05-09 10:11:11,198 INFO ofi_trade_1_3: 0.0 , std 0.0 
2023-05-09 10:11:11,198 INFO ofi_trade_2_3: 6.498512366020105e-07 , std 8.8975929222393e-06 
2023-05-09 10:11:11,198 INFO ofi_trade_3_3: -8.808887250035969e-07 , std 2.7601284545953716e-05 
2023-05-09 10:11:11,198 INFO ofi_trade_4_3: -1.8461657927303511e-07 , std 5.248785873319264e-06 
2023-05-09 10:11:11,198 INFO ofi_trade_5_3: 5.6388653968020835e-09 , std 1.0012974449437269e-05 
2023-05-09 10:11:11,198 INFO ofi_trade_6_3: 1.0476482407543388e-06 , std 1.7818946490497998e-05 
2023-05-09 10:11:11,198 INFO ofi_trade_7_3: -4.4217727199117e-08 , std 1.0520236685550464e-06 
2023-05-09 10:11:11,198 INFO ofi_trade_8_3: 2.7756214278783738e-08 , std 1.0710446605499931e-06 
2023-05-09 10:11:11,198 INFO ofi_trade_9_3: 0.0 , std 0.0 
2023-05-09 10:11:11,198 INFO ofi_trade_10_3: 3.0364855586655483e-07 , std 8.21637013955346e-06 
2023-05-09 10:11:11,198 INFO used_intercept: 0.9812080536912752 , std 0.13578957641385744 
2023-05-09 10:11:11,198 INFO used_ofi_add_1_1: 0.0476510067114094 , std 0.21302673135266056 
2023-05-09 10:11:11,198 INFO used_ofi_add_2_1: 0.01476510067114094 , std 0.12061132813012222 
2023-05-09 10:11:11,198 INFO used_ofi_add_3_1: 0.021476510067114093 , std 0.14496644295302016 
2023-05-09 10:11:11,198 INFO used_ofi_add_4_1: 0.011409395973154362 , std 0.10620368005244511 
2023-05-09 10:11:11,198 INFO used_ofi_add_5_1: 0.01476510067114094 , std 0.12061132813012222 
2023-05-09 10:11:11,198 INFO used_ofi_add_6_1: 0.042281879194630875 , std 0.20123151315438023 
2023-05-09 10:11:11,198 INFO used_ofi_add_7_1: 0.006711409395973154 , std 0.08164781919863381 
2023-05-09 10:11:11,198 INFO used_ofi_add_8_1: 0.0013422818791946308 , std 0.036612568314055995 
2023-05-09 10:11:11,198 INFO used_ofi_add_9_1: 0.0020134228187919465 , std 0.044825985179856496 
2023-05-09 10:11:11,198 INFO used_ofi_add_10_1: 0.0013422818791946308 , std 0.036612568314055995 
2023-05-09 10:11:11,198 INFO used_ofi_cancel_1_1: 0.05503355704697987 , std 0.2280457512117616 
2023-05-09 10:11:11,198 INFO used_ofi_cancel_2_1: 0.0087248322147651 , std 0.09299843825349595 
2023-05-09 10:11:11,198 INFO used_ofi_cancel_3_1: 0.004026845637583893 , std 0.06332953617227086 
2023-05-09 10:11:11,198 INFO used_ofi_cancel_4_1: 0.010067114093959731 , std 0.09982868980297661 
2023-05-09 10:11:11,198 INFO used_ofi_cancel_5_1: 0.011409395973154362 , std 0.10620368005244513 
2023-05-09 10:11:11,198 INFO used_ofi_cancel_6_1: 0.00738255033557047 , std 0.08560402026840351 
2023-05-09 10:11:11,198 INFO used_ofi_cancel_7_1: 0.0013422818791946308 , std 0.036612568314055995 
2023-05-09 10:11:11,198 INFO used_ofi_cancel_8_1: 0.004026845637583893 , std 0.06332953617227086 
2023-05-09 10:11:11,198 INFO used_ofi_cancel_9_1: 0.0 , std 0.0 
2023-05-09 10:11:11,198 INFO used_ofi_cancel_10_1: 0.004697986577181208 , std 0.06838066612209794 
2023-05-09 10:11:11,198 INFO used_ofi_trade_1_1: 0.0 , std 0.0 
2023-05-09 10:11:11,198 INFO used_ofi_trade_2_1: 0.0006711409395973154 , std 0.02589769312963052 
2023-05-09 10:11:11,198 INFO used_ofi_trade_3_1: 0.0013422818791946308 , std 0.036612568314055995 
2023-05-09 10:11:11,198 INFO used_ofi_trade_4_1: 0.005369127516778523 , std 0.07307735618156348 
2023-05-09 10:11:11,198 INFO used_ofi_trade_5_1: 0.020134228187919462 , std 0.14045939286212314 
2023-05-09 10:11:11,199 INFO used_ofi_trade_6_1: 0.0026845637583892616 , std 0.051743181925896324 
2023-05-09 10:11:11,199 INFO used_ofi_trade_7_1: 0.0013422818791946308 , std 0.036612568314055995 
2023-05-09 10:11:11,199 INFO used_ofi_trade_8_1: 0.0 , std 0.0 
2023-05-09 10:11:11,199 INFO used_ofi_trade_9_1: 0.0 , std 0.0 
2023-05-09 10:11:11,199 INFO used_ofi_trade_10_1: 0.0 , std 0.0 
2023-05-09 10:11:11,199 INFO used_ofi_add_1_2: 0.07181208053691275 , std 0.2581765009172459 
2023-05-09 10:11:11,199 INFO used_ofi_add_2_2: 0.04697986577181208 , std 0.21159574188502614 
2023-05-09 10:11:11,199 INFO used_ofi_add_3_2: 0.0174496644295302 , std 0.13093958011551354 
2023-05-09 10:11:11,199 INFO used_ofi_add_4_2: 0.03422818791946309 , std 0.18181479332335146 
2023-05-09 10:11:11,199 INFO used_ofi_add_5_2: 0.024832214765100672 , std 0.15561354656635965 
2023-05-09 10:11:11,199 INFO used_ofi_add_6_2: 0.026845637583892617 , std 0.16163214199721201 
2023-05-09 10:11:11,199 INFO used_ofi_add_7_2: 0.032885906040268455 , std 0.17833794667478678 
2023-05-09 10:11:11,199 INFO used_ofi_add_8_2: 0.016778523489932886 , std 0.12844066583224586 
2023-05-09 10:11:11,199 INFO used_ofi_add_9_2: 0.010067114093959731 , std 0.09982868980297661 
2023-05-09 10:11:11,199 INFO used_ofi_add_10_2: 0.008053691275167786 , std 0.08938025135348453 
2023-05-09 10:11:11,199 INFO used_ofi_cancel_1_2: 0.049664429530201344 , std 0.21725071684494163 
2023-05-09 10:11:11,199 INFO used_ofi_cancel_2_2: 0.012751677852348993 , std 0.11220103637800725 
2023-05-09 10:11:11,199 INFO used_ofi_cancel_3_2: 0.013422818791946308 , std 0.1150766993253842 
2023-05-09 10:11:11,199 INFO used_ofi_cancel_4_2: 0.013422818791946308 , std 0.1150766993253842 
2023-05-09 10:11:11,199 INFO used_ofi_cancel_5_2: 0.020134228187919462 , std 0.14045939286212314 
2023-05-09 10:11:11,199 INFO used_ofi_cancel_6_2: 0.016778523489932886 , std 0.1284406658322459 
2023-05-09 10:11:11,199 INFO used_ofi_cancel_7_2: 0.011409395973154362 , std 0.10620368005244513 
2023-05-09 10:11:11,199 INFO used_ofi_cancel_8_2: 0.0013422818791946308 , std 0.036612568314055995 
2023-05-09 10:11:11,199 INFO used_ofi_cancel_9_2: 0.006040268456375839 , std 0.07748408619420345 
2023-05-09 10:11:11,199 INFO used_ofi_cancel_10_2: 0.0026845637583892616 , std 0.05174318192589634 
2023-05-09 10:11:11,199 INFO used_ofi_trade_1_2: 0.0 , std 0.0 
2023-05-09 10:11:11,199 INFO used_ofi_trade_2_2: 0.003355704697986577 , std 0.05783116758259761 
2023-05-09 10:11:11,199 INFO used_ofi_trade_3_2: 0.0026845637583892616 , std 0.051743181925896324 
2023-05-09 10:11:11,199 INFO used_ofi_trade_4_2: 0.0174496644295302 , std 0.13093958011551354 
2023-05-09 10:11:11,199 INFO used_ofi_trade_5_2: 0.014093959731543624 , std 0.1178784120635719 
2023-05-09 10:11:11,199 INFO used_ofi_trade_6_2: 0.012751677852348993 , std 0.11220103637800725 
2023-05-09 10:11:11,199 INFO used_ofi_trade_7_2: 0.0013422818791946308 , std 0.03661256831405599 
2023-05-09 10:11:11,199 INFO used_ofi_trade_8_2: 0.0 , std 0.0 
2023-05-09 10:11:11,199 INFO used_ofi_trade_9_2: 0.0 , std 0.0 
2023-05-09 10:11:11,199 INFO used_ofi_trade_10_2: 0.0 , std 0.0 
2023-05-09 10:11:11,199 INFO used_ofi_add_1_3: 0.12416107382550336 , std 0.3297652218958228 
2023-05-09 10:11:11,199 INFO used_ofi_add_2_3: 0.04429530201342282 , std 0.20575040275285605 
2023-05-09 10:11:11,199 INFO used_ofi_add_3_3: 0.04161073825503356 , std 0.1996979837577351 
2023-05-09 10:11:11,199 INFO used_ofi_add_4_3: 0.06174496644295302 , std 0.24069176463251007 
2023-05-09 10:11:11,199 INFO used_ofi_add_5_3: 0.06845637583892618 , std 0.25252742513621335 
2023-05-09 10:11:11,199 INFO used_ofi_add_6_3: 0.07516778523489932 , std 0.26366188442355365 
2023-05-09 10:11:11,199 INFO used_ofi_add_7_3: 0.06375838926174497 , std 0.24432203556063614 
2023-05-09 10:11:11,199 INFO used_ofi_add_8_3: 0.015436241610738255 , std 0.12328002293832188 
2023-05-09 10:11:11,199 INFO used_ofi_add_9_3: 0.00738255033557047 , std 0.0856040202684035 
2023-05-09 10:11:11,199 INFO used_ofi_add_10_3: 0.006711409395973154 , std 0.08164781919863381 
2023-05-09 10:11:11,199 INFO used_ofi_cancel_1_3: 0.04093959731543624 , std 0.1981503133661064 
2023-05-09 10:11:11,199 INFO used_ofi_cancel_2_3: 0.03959731543624161 , std 0.19501119979756135 
2023-05-09 10:11:11,199 INFO used_ofi_cancel_3_3: 0.02348993288590604 , std 0.15145347780398333 
2023-05-09 10:11:11,199 INFO used_ofi_cancel_4_3: 0.03825503355704698 , std 0.19181132908302415 
2023-05-09 10:11:11,199 INFO used_ofi_cancel_5_3: 0.03154362416107383 , std 0.17478164645024585 
2023-05-09 10:11:11,199 INFO used_ofi_cancel_6_3: 0.03355704697986577 , std 0.1800860116107213 
2023-05-09 10:11:11,199 INFO used_ofi_cancel_7_3: 0.015436241610738255 , std 0.12328002293832188 
2023-05-09 10:11:11,199 INFO used_ofi_cancel_8_3: 0.0087248322147651 , std 0.09299843825349595 
2023-05-09 10:11:11,200 INFO used_ofi_cancel_9_3: 0.005369127516778523 , std 0.07307735618156348 
2023-05-09 10:11:11,200 INFO used_ofi_cancel_10_3: 0.0006711409395973154 , std 0.025897693129630524 
2023-05-09 10:11:11,200 INFO used_ofi_trade_1_3: 0.0 , std 0.0 
2023-05-09 10:11:11,200 INFO used_ofi_trade_2_3: 0.00738255033557047 , std 0.08560402026840351 
2023-05-09 10:11:11,200 INFO used_ofi_trade_3_3: 0.004697986577181208 , std 0.06838066612209794 
2023-05-09 10:11:11,200 INFO used_ofi_trade_4_3: 0.00738255033557047 , std 0.0856040202684035 
2023-05-09 10:11:11,200 INFO used_ofi_trade_5_3: 0.013422818791946308 , std 0.1150766993253842 
2023-05-09 10:11:11,200 INFO used_ofi_trade_6_3: 0.02080536912751678 , std 0.14273228696754128 
2023-05-09 10:11:11,200 INFO used_ofi_trade_7_3: 0.0020134228187919465 , std 0.044825985179856496 
2023-05-09 10:11:11,200 INFO used_ofi_trade_8_3: 0.0006711409395973154 , std 0.025897693129630524 
2023-05-09 10:11:11,200 INFO used_ofi_trade_9_3: 0.0 , std 0.0 
2023-05-09 10:11:11,200 INFO used_ofi_trade_10_3: 0.0026845637583892616 , std 0.051743181925896324 
2023-05-09 10:11:11,205 INFO Grouping by horizont:
2023-05-09 10:11:11,205 INFO 1: 0.3020134228187919
2023-05-09 10:11:11,205 INFO 2: 0.48926174496644287
2023-05-09 10:11:11,205 INFO 3: 0.8053691275167782
2023-05-09 10:11:11,205 INFO Grouping by ofi type:
2023-05-09 10:11:11,205 INFO add: 0.9624161073825502
2023-05-09 10:11:11,205 INFO cancel: 0.49194630872483225
2023-05-09 10:11:11,205 INFO trade: 0.14228187919463087
2023-05-09 10:11:11,206 INFO Grouping by ofi type and horizont:
2023-05-09 10:11:11,206 INFO add_1: 0.16375838926174496
2023-05-09 10:11:11,206 INFO cancel_1: 0.10671140939597316
2023-05-09 10:11:11,206 INFO trade_1: 0.03154362416107382
2023-05-09 10:11:11,206 INFO add_2: 0.2899328859060402
2023-05-09 10:11:11,206 INFO cancel_2: 0.14765100671140938
2023-05-09 10:11:11,206 INFO trade_2: 0.05167785234899328
2023-05-09 10:11:11,206 INFO add_3: 0.508724832214765
2023-05-09 10:11:11,206 INFO cancel_3: 0.23758389261744964
2023-05-09 10:11:11,206 INFO trade_3: 0.05906040268456376
2023-05-09 10:11:11,206 INFO Grouping by level:
2023-05-09 10:11:11,206 INFO 1: 0.38926174496644295
2023-05-09 10:11:11,206 INFO 2: 0.17852348993288591
2023-05-09 10:11:11,206 INFO 3: 0.13020134228187918
2023-05-09 10:11:11,206 INFO 4: 0.19932885906040268
2023-05-09 10:11:11,206 INFO 5: 0.2187919463087248
2023-05-09 10:11:11,206 INFO 6: 0.23825503355704702
2023-05-09 10:11:11,206 INFO 7: 0.13624161073825503
2023-05-09 10:11:11,206 INFO 8: 0.04832214765100672
2023-05-09 10:11:11,206 INFO 9: 0.03087248322147651
2023-05-09 10:11:11,206 INFO 10: 0.026845637583892617
2023-05-09 10:11:11,206 INFO Grouping by level and horizont:
2023-05-09 10:11:11,206 INFO 1_1: 0.10268456375838927
2023-05-09 10:11:11,206 INFO 2_1: 0.024161073825503355
2023-05-09 10:11:11,206 INFO 3_1: 0.026845637583892617
2023-05-09 10:11:11,206 INFO 4_1: 0.026845637583892617
2023-05-09 10:11:11,206 INFO 5_1: 0.046308724832214765
2023-05-09 10:11:11,206 INFO 6_1: 0.052348993288590606
2023-05-09 10:11:11,206 INFO 7_1: 0.009395973154362415
2023-05-09 10:11:11,206 INFO 8_1: 0.005369127516778524
2023-05-09 10:11:11,206 INFO 9_1: 0.0020134228187919465
2023-05-09 10:11:11,206 INFO 10_1: 0.006040268456375839
2023-05-09 10:11:11,206 INFO 1_2: 0.1214765100671141
2023-05-09 10:11:11,206 INFO 2_2: 0.06308724832214765
2023-05-09 10:11:11,206 INFO 3_2: 0.03355704697986577
2023-05-09 10:11:11,206 INFO 4_2: 0.06510067114093959
2023-05-09 10:11:11,206 INFO 5_2: 0.05906040268456375
2023-05-09 10:11:11,206 INFO 6_2: 0.056375838926174496
2023-05-09 10:11:11,206 INFO 7_2: 0.04563758389261744
2023-05-09 10:11:11,206 INFO 8_2: 0.018120805369127517
2023-05-09 10:11:11,206 INFO 9_2: 0.01610738255033557
2023-05-09 10:11:11,206 INFO 10_2: 0.010738255033557048
2023-05-09 10:11:11,206 INFO 1_3: 0.1651006711409396
2023-05-09 10:11:11,207 INFO 2_3: 0.09127516778523491
2023-05-09 10:11:11,207 INFO 3_3: 0.0697986577181208
2023-05-09 10:11:11,207 INFO 4_3: 0.10738255033557048
2023-05-09 10:11:11,207 INFO 5_3: 0.11342281879194631
2023-05-09 10:11:11,207 INFO 6_3: 0.12953020134228188
2023-05-09 10:11:11,207 INFO 7_3: 0.08120805369127518
2023-05-09 10:11:11,207 INFO 8_3: 0.02483221476510067
2023-05-09 10:11:11,207 INFO 9_3: 0.012751677852348993
2023-05-09 10:11:11,207 INFO 10_3: 0.010067114093959731
2023-05-09 10:11:11,207 INFO Non empty regressions: 0.39798657718120806 --- 593 / 1490
