2023-04-20 05:26:23,068 INFO Tickers: ['AVGO']
2023-04-20 05:26:57,351 INFO Negative OS: -0.6260912170869304 --- ticker AVGO --- day 2017-06-06 --- time 48600
2023-04-20 05:27:21,447 INFO Negative OS: -0.138289521953755 --- ticker AVGO --- day 2017-10-09 --- time 37800
2023-04-20 05:27:30,165 INFO Negative OS: -0.21859717530603184 --- ticker AVGO --- day 2017-11-27 --- time 37800
2023-04-20 05:27:39,241 INFO Negative OS: -1.3719129800609977 --- ticker AVGO --- day 2018-01-17 --- time 46800
2023-04-20 05:27:45,707 INFO Negative OS: -0.22244538752370846 --- ticker AVGO --- day 2018-02-07 --- time 43200
2023-04-20 05:27:46,656 INFO Negative OS: -0.675290419977755 --- ticker AVGO --- day 2018-02-09 --- time 36000
2023-04-20 05:27:55,244 INFO Negative OS: -1.3576138809222584 --- ticker AVGO --- day 2018-03-14 --- time 41400
2023-04-20 05:28:12,880 INFO Negative OS: -0.373406219580215 --- ticker AVGO --- day 2018-05-07 --- time 46800
2023-04-20 05:28:18,645 INFO Negative OS: -0.7354036241934074 --- ticker AVGO --- day 2018-05-23 --- time 50400
2023-04-20 05:30:55,933 INFO Negative OS: -0.40402138974052315 --- ticker AVGO --- day 2019-09-25 --- time 50400
2023-04-20 05:31:06,773 INFO Negative OS: -0.07642926139497641 --- ticker AVGO --- day 2019-11-07 --- time 52200
2023-04-20 05:31:14,789 INFO in_r2: 0.8411384990769254 , std 0.06984900156393296 
2023-04-20 05:31:14,790 INFO os_r2: 0.7820299087816369 , std 0.12885029738399287 
2023-04-20 05:31:14,790 INFO intercept: 5.427342044999038e-07 , std 1.4421099341644177e-05 
2023-04-20 05:31:14,790 INFO ofi_order_1: 5.548139328864834e-05 , std 4.9127242191168093e-05 
2023-04-20 05:31:14,790 INFO ofi_order_2: 7.441956934627671e-05 , std 5.80515209845546e-05 
2023-04-20 05:31:14,790 INFO ofi_order_3: 6.286901882300488e-05 , std 5.578651852129183e-05 
2023-04-20 05:31:14,790 INFO ofi_order_4: 4.470065129806747e-05 , std 4.9790827575712924e-05 
2023-04-20 05:31:14,790 INFO ofi_order_5: 3.458788237953193e-05 , std 4.5288237247947664e-05 
2023-04-20 05:31:14,790 INFO ofi_order_6: 2.7994833251032453e-05 , std 4.279339466906645e-05 
2023-04-20 05:31:14,790 INFO ofi_order_7: 2.6009192346102392e-05 , std 4.1815198552647406e-05 
2023-04-20 05:31:14,790 INFO ofi_order_8: 2.409888911821666e-05 , std 4.165350582600742e-05 
2023-04-20 05:31:14,790 INFO ofi_order_9: 2.121962930056393e-05 , std 4.081996346649612e-05 
2023-04-20 05:31:14,790 INFO ofi_order_10: 2.3622038345378368e-05 , std 4.142900324655064e-05 
2023-04-20 05:31:14,790 INFO ofi_trade_1: 6.984438657669449e-05 , std 8.837754474232258e-05 
2023-04-20 05:31:14,790 INFO ofi_trade_2: 6.192199040171736e-05 , std 8.234919189605599e-05 
2023-04-20 05:31:14,790 INFO ofi_trade_3: 5.311997440092255e-05 , std 7.737954092288884e-05 
2023-04-20 05:31:14,790 INFO ofi_trade_4: 3.799736472260058e-05 , std 7.053009343717609e-05 
2023-04-20 05:31:14,790 INFO ofi_trade_5: 3.3262825694974546e-05 , std 6.695871316670666e-05 
2023-04-20 05:31:14,790 INFO ofi_trade_6: 3.426046289647962e-05 , std 7.140425646506268e-05 
2023-04-20 05:31:14,790 INFO ofi_trade_7: 3.836912380920678e-05 , std 7.444981349778284e-05 
2023-04-20 05:31:14,790 INFO ofi_trade_8: 4.010307422346998e-05 , std 7.705103478416264e-05 
2023-04-20 05:31:14,790 INFO ofi_trade_9: 4.9329636351439236e-05 , std 8.764607958448338e-05 
2023-04-20 05:31:14,790 INFO ofi_trade_10: 6.110989782961143e-05 , std 9.887675911818484e-05 
2023-04-20 05:31:14,790 INFO t_intercept: 0.03500812586356175 , std 1.185605898539789 
2023-04-20 05:31:14,790 INFO t_ofi_order_1: 2.0000744323383053 , std 1.5200207085916015 
2023-04-20 05:31:14,790 INFO t_ofi_order_2: 1.8079980874601382 , std 1.168305641309316 
2023-04-20 05:31:14,790 INFO t_ofi_order_3: 1.3734948581487876 , std 1.0502871349056668 
2023-04-20 05:31:14,790 INFO t_ofi_order_4: 0.9355722355137852 , std 0.9123194279114697 
2023-04-20 05:31:14,790 INFO t_ofi_order_5: 0.6865114871851395 , std 0.8024001172366767 
2023-04-20 05:31:14,790 INFO t_ofi_order_6: 0.5442789223671257 , std 0.7323690024183787 
2023-04-20 05:31:14,790 INFO t_ofi_order_7: 0.4965203613141993 , std 0.7129014318919038 
2023-04-20 05:31:14,790 INFO t_ofi_order_8: 0.4376704436142464 , std 0.6692051864017804 
2023-04-20 05:31:14,790 INFO t_ofi_order_9: 0.3959092268306723 , std 0.6578194512151119 
2023-04-20 05:31:14,790 INFO t_ofi_order_10: 0.5669252571078917 , std 0.8846478744609264 
2023-04-20 05:31:14,790 INFO t_ofi_trade_1: 1.0304519449371379 , std 1.1413199434674506 
2023-04-20 05:31:14,790 INFO t_ofi_trade_2: 0.7835717310680125 , std 0.9104125173581032 
2023-04-20 05:31:14,790 INFO t_ofi_trade_3: 0.6530010515315544 , std 0.834303657090342 
2023-04-20 05:31:14,790 INFO t_ofi_trade_4: 0.46971657529560434 , std 0.735134450406924 
2023-04-20 05:31:14,790 INFO t_ofi_trade_5: 0.40009978699495646 , std 0.6978818915067951 
2023-04-20 05:31:14,790 INFO t_ofi_trade_6: 0.38806126347853687 , std 0.6747769446996179 
2023-04-20 05:31:14,791 INFO t_ofi_trade_7: 0.4049934584738065 , std 0.6617484822800933 
2023-04-20 05:31:14,791 INFO t_ofi_trade_8: 0.4151013358031845 , std 0.6762058174173324 
2023-04-20 05:31:14,791 INFO t_ofi_trade_9: 0.5031091969596633 , std 0.7314040644982361 
2023-04-20 05:31:14,791 INFO t_ofi_trade_10: 0.7138106867904651 , std 0.9333806815540526 
2023-04-20 05:31:14,791 INFO p_intercept: 0.45292655787907427 , std 0.30118790063149037 
2023-04-20 05:31:14,791 INFO p_ofi_order_1: 0.23383210062858692 , std 0.32780882875873185 
2023-04-20 05:31:14,791 INFO p_ofi_order_2: 0.2340169749118986 , std 0.31056243079277407 
2023-04-20 05:31:14,791 INFO p_ofi_order_3: 0.3384033692408735 , std 0.348495110068757 
2023-04-20 05:31:14,791 INFO p_ofi_order_4: 0.48532121482260115 , std 0.36968023178709775 
2023-04-20 05:31:14,791 INFO p_ofi_order_5: 0.5859665197998547 , std 0.364130618954114 
2023-04-20 05:31:14,791 INFO p_ofi_order_6: 0.6473630204938025 , std 0.35243476192151063 
2023-04-20 05:31:14,791 INFO p_ofi_order_7: 0.6662550959401465 , std 0.34383722587527354 
2023-04-20 05:31:14,791 INFO p_ofi_order_8: 0.6968680043276638 , std 0.33469057198975055 
2023-04-20 05:31:14,791 INFO p_ofi_order_9: 0.7151729974381023 , std 0.32817943178479025 
2023-04-20 05:31:14,791 INFO p_ofi_order_10: 0.6266339683697936 , std 0.3650763613090477 
2023-04-20 05:31:14,791 INFO p_ofi_trade_1: 0.49316905881148093 , std 0.40228840418050976 
2023-04-20 05:31:14,791 INFO p_ofi_trade_2: 0.56238124969507 , std 0.3826985167984756 
2023-04-20 05:31:14,791 INFO p_ofi_trade_3: 0.621274454719967 , std 0.37529992554922004 
2023-04-20 05:31:14,791 INFO p_ofi_trade_4: 0.6948858648120646 , std 0.3524667307965011 
2023-04-20 05:31:14,791 INFO p_ofi_trade_5: 0.7340269557908422 , std 0.3387410838008318 
2023-04-20 05:31:14,791 INFO p_ofi_trade_6: 0.7393927639376764 , std 0.3313644799910613 
2023-04-20 05:31:14,791 INFO p_ofi_trade_7: 0.7347114081257892 , std 0.33337581502561453 
2023-04-20 05:31:14,791 INFO p_ofi_trade_8: 0.7258724951494371 , std 0.33492723516628115 
2023-04-20 05:31:14,791 INFO p_ofi_trade_9: 0.692603127151842 , std 0.3495034586915206 
2023-04-20 05:31:14,791 INFO p_ofi_trade_10: 0.6081296573291336 , std 0.3803855850532226 
