2023-04-20 05:40:20,066 INFO Tickers: ['AXP']
2023-04-20 05:46:20,140 INFO in_r2: 0.9224785279849882 , std 0.043588415219866554 
2023-04-20 05:46:20,140 INFO os_r2: 0.9034752284805756 , std 0.058420441249767294 
2023-04-20 05:46:20,140 INFO intercept: 5.1148618986226746e-08 , std 5.19927461359821e-06 
2023-04-20 05:46:20,140 INFO ofi_order_1: 5.2687525795021325e-05 , std 5.2564475013747825e-05 
2023-04-20 05:46:20,140 INFO ofi_order_2: 7.696927936323207e-05 , std 5.571695522538862e-05 
2023-04-20 05:46:20,140 INFO ofi_order_3: 6.331425141233257e-05 , std 4.801099701303446e-05 
2023-04-20 05:46:20,140 INFO ofi_order_4: 5.034562312196524e-05 , std 4.4125277245996216e-05 
2023-04-20 05:46:20,140 INFO ofi_order_5: 4.433169951729508e-05 , std 4.236246927970691e-05 
2023-04-20 05:46:20,140 INFO ofi_order_6: 4.530649865821213e-05 , std 4.3871162339942705e-05 
2023-04-20 05:46:20,140 INFO ofi_order_7: 4.815476763285696e-05 , std 5.338996036914331e-05 
2023-04-20 05:46:20,140 INFO ofi_order_8: 4.552620727505144e-05 , std 5.249697201008248e-05 
2023-04-20 05:46:20,140 INFO ofi_order_9: 3.928654546632476e-05 , std 5.0841230594093174e-05 
2023-04-20 05:46:20,140 INFO ofi_order_10: 3.8622467791467025e-05 , std 5.453162295088117e-05 
2023-04-20 05:46:20,140 INFO ofi_trade_1: 2.9179884456681088e-05 , std 7.218656424533103e-05 
2023-04-20 05:46:20,140 INFO ofi_trade_2: 5.5073158712175576e-05 , std 7.693850936483029e-05 
2023-04-20 05:46:20,140 INFO ofi_trade_3: 5.91839640569764e-05 , std 6.84762895166212e-05 
2023-04-20 05:46:20,140 INFO ofi_trade_4: 5.715898618981646e-05 , std 6.40979549271415e-05 
2023-04-20 05:46:20,140 INFO ofi_trade_5: 5.399075007550051e-05 , std 6.1664338653532e-05 
2023-04-20 05:46:20,140 INFO ofi_trade_6: 5.201078128034951e-05 , std 6.178025428752755e-05 
2023-04-20 05:46:20,140 INFO ofi_trade_7: 5.0856471169984975e-05 , std 6.657157301142982e-05 
2023-04-20 05:46:20,140 INFO ofi_trade_8: 4.7938804415666145e-05 , std 6.849734310319869e-05 
2023-04-20 05:46:20,140 INFO ofi_trade_9: 4.323853247533244e-05 , std 6.879463065828425e-05 
2023-04-20 05:46:20,140 INFO ofi_trade_10: 4.2431979677314344e-05 , std 7.197683973193385e-05 
2023-04-20 05:46:20,140 INFO t_intercept: -0.0008686075689203581 , std 0.9391970607085341 
2023-04-20 05:46:20,140 INFO t_ofi_order_1: 1.5273325059831242 , std 1.4243514822604053 
2023-04-20 05:46:20,140 INFO t_ofi_order_2: 1.9452639065811705 , std 1.3178068020702622 
2023-04-20 05:46:20,140 INFO t_ofi_order_3: 1.5996557430618412 , std 1.135503705781995 
2023-04-20 05:46:20,140 INFO t_ofi_order_4: 1.304392666375143 , std 1.0923161569905768 
2023-04-20 05:46:20,140 INFO t_ofi_order_5: 1.1940103479447854 , std 1.085521964015372 
2023-04-20 05:46:20,141 INFO t_ofi_order_6: 1.1510094994012967 , std 1.0444175444526376 
2023-04-20 05:46:20,141 INFO t_ofi_order_7: 1.0462441144460457 , std 1.0698092606171883 
2023-04-20 05:46:20,141 INFO t_ofi_order_8: 0.9035912450200355 , std 0.9682156082960827 
2023-04-20 05:46:20,141 INFO t_ofi_order_9: 0.7430745186766852 , std 0.9291831439059864 
2023-04-20 05:46:20,141 INFO t_ofi_order_10: 0.7645372706835202 , std 1.0138026261966215 
2023-04-20 05:46:20,141 INFO t_ofi_trade_1: 0.3366522753708752 , std 0.7703454094438318 
2023-04-20 05:46:20,141 INFO t_ofi_trade_2: 0.6889990909098457 , std 0.9108556689149192 
2023-04-20 05:46:20,141 INFO t_ofi_trade_3: 0.8159552117653156 , std 0.9120545692526278 
2023-04-20 05:46:20,141 INFO t_ofi_trade_4: 0.8409323861532987 , std 0.9096842566163096 
2023-04-20 05:46:20,141 INFO t_ofi_trade_5: 0.8284061797365544 , std 0.9156086390910666 
2023-04-20 05:46:20,141 INFO t_ofi_trade_6: 0.7696176536575484 , std 0.8791617533193746 
2023-04-20 05:46:20,141 INFO t_ofi_trade_7: 0.6816525947340818 , std 0.8408712202429632 
2023-04-20 05:46:20,141 INFO t_ofi_trade_8: 0.5948136057289143 , std 0.798001107143874 
2023-04-20 05:46:20,141 INFO t_ofi_trade_9: 0.5075086780454409 , std 0.7657163537855577 
2023-04-20 05:46:20,141 INFO t_ofi_trade_10: 0.5142679846273349 , std 0.8193260730973752 
2023-04-20 05:46:20,141 INFO p_intercept: 0.5259205773754646 , std 0.28411617398062605 
2023-04-20 05:46:20,141 INFO p_ofi_order_1: 0.3347932618404342 , std 0.37588319060306197 
2023-04-20 05:46:20,141 INFO p_ofi_order_2: 0.2325956474794218 , std 0.32027695949269663 
2023-04-20 05:46:20,141 INFO p_ofi_order_3: 0.28297426518511365 , std 0.33158743914297734 
2023-04-20 05:46:20,141 INFO p_ofi_order_4: 0.3690979306263778 , std 0.3612336342034958 
2023-04-20 05:46:20,141 INFO p_ofi_order_5: 0.40284406331480377 , std 0.36556566738363694 
2023-04-20 05:46:20,141 INFO p_ofi_order_6: 0.41530520326184217 , std 0.36535102494659627 
2023-04-20 05:46:20,141 INFO p_ofi_order_7: 0.4611901424168204 , std 0.3785562974561786 
2023-04-20 05:46:20,141 INFO p_ofi_order_8: 0.5097476569851221 , std 0.3792497388123687 
2023-04-20 05:46:20,141 INFO p_ofi_order_9: 0.575843711661253 , std 0.37806901186793485 
2023-04-20 05:46:20,141 INFO p_ofi_order_10: 0.5857259741710148 , std 0.3934805993522368 
2023-04-20 05:46:20,141 INFO p_ofi_trade_1: 0.7958534622952292 , std 0.33756111369922476 
2023-04-20 05:46:20,141 INFO p_ofi_trade_2: 0.6298355139230885 , std 0.3918139253795949 
2023-04-20 05:46:20,141 INFO p_ofi_trade_3: 0.5519546758391489 , std 0.3818795299050311 
2023-04-20 05:46:20,141 INFO p_ofi_trade_4: 0.5358618354545095 , std 0.38035870468535604 
2023-04-20 05:46:20,141 INFO p_ofi_trade_5: 0.5360085089701297 , std 0.3808699195513503 
2023-04-20 05:46:20,141 INFO p_ofi_trade_6: 0.5585684455745953 , std 0.3735623038227354 
2023-04-20 05:46:20,141 INFO p_ofi_trade_7: 0.6064661987998071 , std 0.37513120966007824 
2023-04-20 05:46:20,141 INFO p_ofi_trade_8: 0.647136252376118 , std 0.36707708015862717 
2023-04-20 05:46:20,141 INFO p_ofi_trade_9: 0.6972553214356287 , std 0.358668517362388 
2023-04-20 05:46:20,141 INFO p_ofi_trade_10: 0.7030724130108865 , std 0.36462278697759964 
