2023-04-20 04:52:57,435 INFO Tickers: ['FB']
2023-04-20 04:59:56,267 INFO in_r2: 0.9506697647505595 , std 0.027944317719394405 
2023-04-20 04:59:56,267 INFO os_r2: 0.9325220553873704 , std 0.04683539825433215 
2023-04-20 04:59:56,267 INFO intercept: 2.3617475538228375e-07 , std 5.44134127708483e-06 
2023-04-20 04:59:56,267 INFO ofi_order_1: 1.793766590373756e-05 , std 2.0053859806448396e-05 
2023-04-20 04:59:56,267 INFO ofi_order_2: 2.2356885155120103e-05 , std 2.1253567224909462e-05 
2023-04-20 04:59:56,267 INFO ofi_order_3: 2.7154206959808962e-05 , std 2.4072400651556693e-05 
2023-04-20 04:59:56,267 INFO ofi_order_4: 3.0740298870441735e-05 , std 2.6378719686885157e-05 
2023-04-20 04:59:56,267 INFO ofi_order_5: 3.136634670161758e-05 , std 2.5789650456163883e-05 
2023-04-20 04:59:56,267 INFO ofi_order_6: 3.1957932203903275e-05 , std 2.6039703749299923e-05 
2023-04-20 04:59:56,267 INFO ofi_order_7: 2.9303342816837377e-05 , std 2.5100785304258044e-05 
2023-04-20 04:59:56,267 INFO ofi_order_8: 2.8339327284824192e-05 , std 2.4047622594873556e-05 
2023-04-20 04:59:56,267 INFO ofi_order_9: 2.7324653022121415e-05 , std 2.4325174276644323e-05 
2023-04-20 04:59:56,267 INFO ofi_order_10: 3.858958200481234e-05 , std 2.589701008369524e-05 
2023-04-20 04:59:56,267 INFO ofi_trade_1: 6.930483941519241e-06 , std 2.29414920633705e-05 
2023-04-20 04:59:56,267 INFO ofi_trade_2: 1.833887213677513e-05 , std 2.483078994903582e-05 
2023-04-20 04:59:56,267 INFO ofi_trade_3: 2.7338354089587754e-05 , std 2.8627245778682287e-05 
2023-04-20 04:59:56,267 INFO ofi_trade_4: 3.019940039634764e-05 , std 2.9541849509682485e-05 
2023-04-20 04:59:56,267 INFO ofi_trade_5: 3.1311879425105484e-05 , std 2.94575318126258e-05 
2023-04-20 04:59:56,267 INFO ofi_trade_6: 3.1371459993853075e-05 , std 2.8789724287755055e-05 
2023-04-20 04:59:56,267 INFO ofi_trade_7: 2.964612263616085e-05 , std 2.8190499734703772e-05 
2023-04-20 04:59:56,268 INFO ofi_trade_8: 2.915019235906533e-05 , std 2.7438525149988952e-05 
2023-04-20 04:59:56,268 INFO ofi_trade_9: 2.8472870709849088e-05 , std 2.72746690874429e-05 
2023-04-20 04:59:56,268 INFO ofi_trade_10: 4.0195311253222534e-05 , std 2.882022436455715e-05 
2023-04-20 04:59:56,268 INFO t_intercept: 0.04325651100135993 , std 1.0200390011131644 
2023-04-20 04:59:56,268 INFO t_ofi_order_1: 0.976514801802686 , std 1.0720844908625897 
2023-04-20 04:59:56,268 INFO t_ofi_order_2: 0.9832700043239885 , std 0.9371820426560664 
2023-04-20 04:59:56,268 INFO t_ofi_order_3: 1.0393532881291012 , std 0.948789298599956 
2023-04-20 04:59:56,268 INFO t_ofi_order_4: 1.1193981075954307 , std 0.991829109499482 
2023-04-20 04:59:56,268 INFO t_ofi_order_5: 1.135957529140031 , std 0.9654418476371646 
2023-04-20 04:59:56,268 INFO t_ofi_order_6: 1.1904898144635898 , std 0.9937043116963235 
2023-04-20 04:59:56,268 INFO t_ofi_order_7: 1.144735900675168 , std 1.0066259456167272 
2023-04-20 04:59:56,268 INFO t_ofi_order_8: 1.142639685870433 , std 0.9986935036646667 
2023-04-20 04:59:56,268 INFO t_ofi_order_9: 1.1285967524554008 , std 0.9984718158590481 
2023-04-20 04:59:56,268 INFO t_ofi_order_10: 2.0196170007363774 , std 1.372638564742208 
2023-04-20 04:59:56,268 INFO t_ofi_trade_1: 0.23646994212639008 , std 0.7599110093562275 
2023-04-20 04:59:56,268 INFO t_ofi_trade_2: 0.6167113483099275 , std 0.8402408479104149 
2023-04-20 04:59:56,268 INFO t_ofi_trade_3: 0.8503235932416421 , std 0.9086373641699139 
2023-04-20 04:59:56,268 INFO t_ofi_trade_4: 0.9355163952618968 , std 0.9420987611061524 
2023-04-20 04:59:56,268 INFO t_ofi_trade_5: 0.971513623964227 , std 0.9355695074041691 
2023-04-20 04:59:56,268 INFO t_ofi_trade_6: 1.0153494125204348 , std 0.9541708796792627 
2023-04-20 04:59:56,268 INFO t_ofi_trade_7: 0.9969605751251843 , std 0.9559962491246928 
2023-04-20 04:59:56,268 INFO t_ofi_trade_8: 1.0090963804980169 , std 0.9531015199995516 
2023-04-20 04:59:56,268 INFO t_ofi_trade_9: 1.0250012140838083 , std 0.9834373206933369 
2023-04-20 04:59:56,268 INFO t_ofi_trade_10: 1.8200282073947782 , std 1.3667576698338328 
2023-04-20 04:59:56,268 INFO p_intercept: 0.5017470772315444 , std 0.2889509441920196 
2023-04-20 04:59:56,268 INFO p_ofi_order_1: 0.49455342552164505 , std 0.38972009806262475 
2023-04-20 04:59:56,268 INFO p_ofi_order_2: 0.4727588425070222 , std 0.36371363967034537 
2023-04-20 04:59:56,268 INFO p_ofi_order_3: 0.454952229665302 , std 0.3619337843477186 
2023-04-20 04:59:56,268 INFO p_ofi_order_4: 0.42477000435601137 , std 0.36001489410544385 
2023-04-20 04:59:56,268 INFO p_ofi_order_5: 0.416227372877227 , std 0.3564165656919327 
2023-04-20 04:59:56,268 INFO p_ofi_order_6: 0.3980768775879443 , std 0.35314450323982916 
2023-04-20 04:59:56,268 INFO p_ofi_order_7: 0.4177613941509826 , std 0.3583374810734498 
2023-04-20 04:59:56,268 INFO p_ofi_order_8: 0.4188417844541891 , std 0.3595708059110419 
2023-04-20 04:59:56,268 INFO p_ofi_order_9: 0.4240714212664469 , std 0.36106835310244895 
2023-04-20 04:59:56,268 INFO p_ofi_order_10: 0.21705961845993688 , std 0.3035886197334658 
2023-04-20 04:59:56,268 INFO p_ofi_trade_1: 0.8073939011781452 , std 0.3238902934130365 
2023-04-20 04:59:56,268 INFO p_ofi_trade_2: 0.6456175490428189 , std 0.3740376998237789 
2023-04-20 04:59:56,268 INFO p_ofi_trade_3: 0.5368996624018173 , std 0.37331453720267876 
2023-04-20 04:59:56,268 INFO p_ofi_trade_4: 0.49976380775629475 , std 0.37180275469827023 
2023-04-20 04:59:56,268 INFO p_ofi_trade_5: 0.4847321925887795 , std 0.3703480233179024 
2023-04-20 04:59:56,268 INFO p_ofi_trade_6: 0.4671694066836113 , std 0.3683260733202945 
2023-04-20 04:59:56,268 INFO p_ofi_trade_7: 0.4736060298031074 , std 0.36879075338621 
2023-04-20 04:59:56,268 INFO p_ofi_trade_8: 0.4702059921739083 , std 0.37326306164729034 
2023-04-20 04:59:56,268 INFO p_ofi_trade_9: 0.4664427664936387 , std 0.3700340400832433 
2023-04-20 04:59:56,268 INFO p_ofi_trade_10: 0.27070731035448065 , std 0.3420552483023154 
