2023-04-20 05:26:29,671 INFO Tickers: ['HON']
2023-04-20 05:31:06,455 INFO in_r2: 0.8598523542381254 , std 0.06124848935848989 
2023-04-20 05:31:06,455 INFO os_r2: 0.8280272540844318 , std 0.08623879234337582 
2023-04-20 05:31:06,455 INFO intercept: 2.0411534724437942e-07 , std 6.906986671278123e-06 
2023-04-20 05:31:06,455 INFO ofi_order_1: 8.04287911131394e-05 , std 6.203397232314619e-05 
2023-04-20 05:31:06,456 INFO ofi_order_2: 9.470003743184825e-05 , std 6.446175803015609e-05 
2023-04-20 05:31:06,456 INFO ofi_order_3: 6.32603499069108e-05 , std 5.206774783077117e-05 
2023-04-20 05:31:06,456 INFO ofi_order_4: 4.389642831015523e-05 , std 4.7023987347411065e-05 
2023-04-20 05:31:06,456 INFO ofi_order_5: 3.339510011014696e-05 , std 4.1899856844245235e-05 
2023-04-20 05:31:06,456 INFO ofi_order_6: 2.7800046931645674e-05 , std 4.054424571008578e-05 
2023-04-20 05:31:06,456 INFO ofi_order_7: 2.361283415237414e-05 , std 4.072620592208984e-05 
2023-04-20 05:31:06,456 INFO ofi_order_8: 2.0183253821525805e-05 , std 3.909705116405159e-05 
2023-04-20 05:31:06,456 INFO ofi_order_9: 1.729619104587953e-05 , std 3.653586998406039e-05 
2023-04-20 05:31:06,456 INFO ofi_order_10: 1.7720589010761687e-05 , std 3.6441898264984244e-05 
2023-04-20 05:31:06,456 INFO ofi_trade_1: 4.771247956810466e-05 , std 8.581468007083048e-05 
2023-04-20 05:31:06,456 INFO ofi_trade_2: 6.430356525987116e-05 , std 9.713193870734184e-05 
2023-04-20 05:31:06,456 INFO ofi_trade_3: 5.2191454659678865e-05 , std 8.381524221451592e-05 
2023-04-20 05:31:06,456 INFO ofi_trade_4: 4.521669619722842e-05 , std 7.797434008360014e-05 
2023-04-20 05:31:06,456 INFO ofi_trade_5: 4.193995666594696e-05 , std 7.377397212883395e-05 
2023-04-20 05:31:06,456 INFO ofi_trade_6: 3.914049072083963e-05 , std 7.630205157345407e-05 
2023-04-20 05:31:06,456 INFO ofi_trade_7: 4.142986592388791e-05 , std 8.165208770187575e-05 
2023-04-20 05:31:06,456 INFO ofi_trade_8: 4.196807100778367e-05 , std 7.887899518174207e-05 
2023-04-20 05:31:06,456 INFO ofi_trade_9: 4.36098668839566e-05 , std 8.590567728082872e-05 
2023-04-20 05:31:06,456 INFO ofi_trade_10: 4.9280625525752414e-05 , std 8.662016230370587e-05 
2023-04-20 05:31:06,456 INFO t_intercept: 0.03462288699633556 , std 0.9523198227978589 
2023-04-20 05:31:06,456 INFO t_ofi_order_1: 2.1990093124907495 , std 1.4353129915015077 
2023-04-20 05:31:06,456 INFO t_ofi_order_2: 2.226541017759417 , std 1.2571760239956546 
2023-04-20 05:31:06,456 INFO t_ofi_order_3: 1.4359771749858985 , std 1.0323996701910894 
2023-04-20 05:31:06,456 INFO t_ofi_order_4: 0.9736063960711967 , std 0.910533294235126 
2023-04-20 05:31:06,456 INFO t_ofi_order_5: 0.7146953118526356 , std 0.8078862510664301 
2023-04-20 05:31:06,456 INFO t_ofi_order_6: 0.5786130044342854 , std 0.764466052358833 
2023-04-20 05:31:06,456 INFO t_ofi_order_7: 0.4779742125170394 , std 0.743790226309327 
2023-04-20 05:31:06,456 INFO t_ofi_order_8: 0.4017378068713424 , std 0.6977457654050978 
2023-04-20 05:31:06,456 INFO t_ofi_order_9: 0.33666587720754965 , std 0.6520298226047299 
2023-04-20 05:31:06,456 INFO t_ofi_order_10: 0.3867874816798627 , std 0.735241214742785 
2023-04-20 05:31:06,456 INFO t_ofi_trade_1: 0.5323238402267965 , std 0.8632031338893806 
2023-04-20 05:31:06,456 INFO t_ofi_trade_2: 0.6487739678119319 , std 0.8503195409735153 
2023-04-20 05:31:06,456 INFO t_ofi_trade_3: 0.5734745601184863 , std 0.7916370859891332 
2023-04-20 05:31:06,456 INFO t_ofi_trade_4: 0.5152661233396175 , std 0.747003099806139 
2023-04-20 05:31:06,456 INFO t_ofi_trade_5: 0.46587448533861325 , std 0.6918103418254615 
2023-04-20 05:31:06,456 INFO t_ofi_trade_6: 0.40928263850158847 , std 0.6595481369594359 
2023-04-20 05:31:06,456 INFO t_ofi_trade_7: 0.4147260493179413 , std 0.6640108555822575 
2023-04-20 05:31:06,456 INFO t_ofi_trade_8: 0.3998625437266846 , std 0.6333842991240127 
2023-04-20 05:31:06,456 INFO t_ofi_trade_9: 0.40406600846528223 , std 0.644788832091717 
2023-04-20 05:31:06,456 INFO t_ofi_trade_10: 0.4801090570461428 , std 0.7225102416423971 
2023-04-20 05:31:06,456 INFO p_intercept: 0.519668907935427 , std 0.2834540570066706 
2023-04-20 05:31:06,456 INFO p_ofi_order_1: 0.19492495160513948 , std 0.3032205357512619 
2023-04-20 05:31:06,456 INFO p_ofi_order_2: 0.16123075418159885 , std 0.2662445415881195 
2023-04-20 05:31:06,456 INFO p_ofi_order_3: 0.3176247552263861 , std 0.34207049151850966 
2023-04-20 05:31:06,456 INFO p_ofi_order_4: 0.4623200275068145 , std 0.3634046577414325 
2023-04-20 05:31:06,456 INFO p_ofi_order_5: 0.5631626062848208 , std 0.362476825315022 
2023-04-20 05:31:06,457 INFO p_ofi_order_6: 0.6219747307715027 , std 0.3545177140462406 
2023-04-20 05:31:06,457 INFO p_ofi_order_7: 0.6606831132569754 , std 0.34667719248979295 
2023-04-20 05:31:06,457 INFO p_ofi_order_8: 0.7005478605645143 , std 0.3361724569962796 
2023-04-20 05:31:06,457 INFO p_ofi_order_9: 0.7343099426793851 , std 0.32301557189361935 
2023-04-20 05:31:06,457 INFO p_ofi_order_10: 0.7014786972952044 , std 0.34231130508076496 
2023-04-20 05:31:06,457 INFO p_ofi_trade_1: 0.7076707811951295 , std 0.37507930834004344 
2023-04-20 05:31:06,457 INFO p_ofi_trade_2: 0.6388707523755879 , std 0.37800680860552194 
2023-04-20 05:31:06,457 INFO p_ofi_trade_3: 0.6563165756074496 , std 0.36840692119000007 
2023-04-20 05:31:06,457 INFO p_ofi_trade_4: 0.6842717612416278 , std 0.3568642261145934 
2023-04-20 05:31:06,457 INFO p_ofi_trade_5: 0.6975779015113517 , std 0.34506887980900514 
2023-04-20 05:31:06,457 INFO p_ofi_trade_6: 0.7248461614162951 , std 0.33588341746973616 
2023-04-20 05:31:06,457 INFO p_ofi_trade_7: 0.7194656429047878 , std 0.335659481720167 
2023-04-20 05:31:06,457 INFO p_ofi_trade_8: 0.7355617910107267 , std 0.32878400125212237 
2023-04-20 05:31:06,457 INFO p_ofi_trade_9: 0.7342227909318577 , std 0.32844506149789193 
2023-04-20 05:31:06,457 INFO p_ofi_trade_10: 0.705891602992848 , std 0.3484796633554748 
