2023-04-20 05:47:07,996 INFO Tickers: ['TJX']
2023-04-20 05:52:41,721 INFO in_r2: 0.9467850863396926 , std 0.052121615991503875 
2023-04-20 05:52:41,721 INFO os_r2: 0.9321071730735006 , std 0.06745246833820813 
2023-04-20 05:52:41,721 INFO intercept: -1.488392044499948e-07 , std 5.106735781291633e-06 
2023-04-20 05:52:41,721 INFO ofi_order_1: 6.622754121563306e-05 , std 6.157789834210308e-05 
2023-04-20 05:52:41,721 INFO ofi_order_2: 9.801924528962292e-05 , std 5.900219773109613e-05 
2023-04-20 05:52:41,721 INFO ofi_order_3: 8.790807475847176e-05 , std 5.4722345066591216e-05 
2023-04-20 05:52:41,721 INFO ofi_order_4: 8.796199160774037e-05 , std 5.70141369613731e-05 
2023-04-20 05:52:41,721 INFO ofi_order_5: 8.083181212942496e-05 , std 5.850182373451462e-05 
2023-04-20 05:52:41,721 INFO ofi_order_6: 7.939122463105571e-05 , std 6.074490845956711e-05 
2023-04-20 05:52:41,722 INFO ofi_order_7: 7.545126787068769e-05 , std 6.242629790139301e-05 
2023-04-20 05:52:41,722 INFO ofi_order_8: 6.364708604566922e-05 , std 6.006359004911832e-05 
2023-04-20 05:52:41,722 INFO ofi_order_9: 5.8669787897591154e-05 , std 5.967874096739483e-05 
2023-04-20 05:52:41,722 INFO ofi_order_10: 5.4950192145440306e-05 , std 6.124450699802601e-05 
2023-04-20 05:52:41,722 INFO ofi_trade_1: 3.7914368736159224e-05 , std 7.913307779427511e-05 
2023-04-20 05:52:41,722 INFO ofi_trade_2: 8.307716716161051e-05 , std 7.682664140670803e-05 
2023-04-20 05:52:41,722 INFO ofi_trade_3: 8.178891188777252e-05 , std 7.391692255461654e-05 
2023-04-20 05:52:41,722 INFO ofi_trade_4: 9.021732957557696e-05 , std 7.534867241520408e-05 
2023-04-20 05:52:41,722 INFO ofi_trade_5: 8.926481301538533e-05 , std 7.68398505412141e-05 
2023-04-20 05:52:41,722 INFO ofi_trade_6: 8.647577120574978e-05 , std 7.820817153750102e-05 
2023-04-20 05:52:41,722 INFO ofi_trade_7: 8.204366484949132e-05 , std 8.023593967999292e-05 
2023-04-20 05:52:41,722 INFO ofi_trade_8: 7.04042997984035e-05 , std 7.875125576087939e-05 
2023-04-20 05:52:41,722 INFO ofi_trade_9: 6.230186737422645e-05 , std 7.638752163556506e-05 
2023-04-20 05:52:41,722 INFO ofi_trade_10: 6.082184003085293e-05 , std 7.955560701989462e-05 
2023-04-20 05:52:41,722 INFO t_intercept: -0.012876687777254788 , std 0.9603933660693892 
2023-04-20 05:52:41,722 INFO t_ofi_order_1: 2.4668493436302072 , std 1.7240899599135522 
2023-04-20 05:52:41,722 INFO t_ofi_order_2: 3.137208167883742 , std 1.9350394839179543 
2023-04-20 05:52:41,722 INFO t_ofi_order_3: 2.878937332366727 , std 2.1834132475022408 
2023-04-20 05:52:41,722 INFO t_ofi_order_4: 2.8001696998224284 , std 2.398701245958034 
2023-04-20 05:52:41,722 INFO t_ofi_order_5: 2.505831492742871 , std 2.3532894099953126 
2023-04-20 05:52:41,722 INFO t_ofi_order_6: 2.478101369178207 , std 2.4722154048998024 
2023-04-20 05:52:41,722 INFO t_ofi_order_7: 2.136775352871859 , std 2.205873179416579 
2023-04-20 05:52:41,722 INFO t_ofi_order_8: 1.6790120273161864 , std 1.9432956960530186 
2023-04-20 05:52:41,722 INFO t_ofi_order_9: 1.4730239288721574 , std 1.8145007255175987 
2023-04-20 05:52:41,722 INFO t_ofi_order_10: 1.4262057851070333 , std 1.8644906365008589 
2023-04-20 05:52:41,722 INFO t_ofi_trade_1: 0.5552221577969699 , std 1.0022561336772684 
2023-04-20 05:52:41,722 INFO t_ofi_trade_2: 1.7154530082170185 , std 1.6887686646213556 
2023-04-20 05:52:41,722 INFO t_ofi_trade_3: 1.7729181451226006 , std 1.8008895465861754 
2023-04-20 05:52:41,722 INFO t_ofi_trade_4: 1.9406057142200297 , std 1.968116141305774 
2023-04-20 05:52:41,722 INFO t_ofi_trade_5: 1.8544691390200125 , std 1.926479101925154 
2023-04-20 05:52:41,722 INFO t_ofi_trade_6: 1.750341798218683 , std 1.9057674925048782 
2023-04-20 05:52:41,722 INFO t_ofi_trade_7: 1.5689642699674506 , std 1.8015367455909637 
2023-04-20 05:52:41,722 INFO t_ofi_trade_8: 1.2201992756420683 , std 1.5317117564834415 
2023-04-20 05:52:41,722 INFO t_ofi_trade_9: 1.0268102673992512 , std 1.4197660837673272 
2023-04-20 05:52:41,722 INFO t_ofi_trade_10: 1.014610771610921 , std 1.5032856959921352 
2023-04-20 05:52:41,722 INFO p_intercept: 0.5182654538564458 , std 0.2862824966722855 
2023-04-20 05:52:41,722 INFO p_ofi_order_1: 0.18516200497926352 , std 0.3027846245827396 
2023-04-20 05:52:41,722 INFO p_ofi_order_2: 0.10921739154304995 , std 0.23116408563734805 
2023-04-20 05:52:41,722 INFO p_ofi_order_3: 0.16775812334966092 , std 0.2858622364418836 
2023-04-20 05:52:41,722 INFO p_ofi_order_4: 0.20494415129585147 , std 0.3128673417546042 
2023-04-20 05:52:41,722 INFO p_ofi_order_5: 0.2620755252190181 , std 0.35171381464783286 
2023-04-20 05:52:41,722 INFO p_ofi_order_6: 0.29524594708165525 , std 0.3715363918065544 
2023-04-20 05:52:41,722 INFO p_ofi_order_7: 0.3354100641566773 , std 0.3892258327852923 
2023-04-20 05:52:41,722 INFO p_ofi_order_8: 0.41139508862005986 , std 0.40488798856620795 
2023-04-20 05:52:41,722 INFO p_ofi_order_9: 0.45542345132672124 , std 0.4130854290725454 
2023-04-20 05:52:41,722 INFO p_ofi_order_10: 0.4761615554250891 , std 0.4185058190279006 
2023-04-20 05:52:41,722 INFO p_ofi_trade_1: 0.6996271475570075 , std 0.3874650824918498 
2023-04-20 05:52:41,722 INFO p_ofi_trade_2: 0.3694077193107439 , std 0.3995210148821161 
2023-04-20 05:52:41,722 INFO p_ofi_trade_3: 0.3576126112991967 , std 0.38864047299569787 
2023-04-20 05:52:41,722 INFO p_ofi_trade_4: 0.34349772459682243 , std 0.3873462936088442 
2023-04-20 05:52:41,722 INFO p_ofi_trade_5: 0.3633710741714835 , std 0.39446641839756325 
2023-04-20 05:52:41,723 INFO p_ofi_trade_6: 0.39209357727195016 , std 0.40245747042369384 
2023-04-20 05:52:41,723 INFO p_ofi_trade_7: 0.433347864844985 , std 0.41220244125575844 
2023-04-20 05:52:41,723 INFO p_ofi_trade_8: 0.5012654122734148 , std 0.41432714942753796 
2023-04-20 05:52:41,723 INFO p_ofi_trade_9: 0.5575525568986188 , std 0.40880486711675446 
2023-04-20 05:52:41,723 INFO p_ofi_trade_10: 0.57955518315098 , std 0.41499123106938823 
